2018-05-02 00:01:47 #rank-applications @Zoom#7864: @Guild Officers
2018-05-02 00:02:23 #rank-applications @Zoom#7864 deleted message from 2018-05-02 00:01:47 (@Guild Officers)
2018-05-02 00:02:52 #rank-applications @Zoom#7864: @Helper
2018-05-02 00:02:58 #rank-applications @Zoom#7864 deleted message from 2018-05-02 00:02:52 (@Helper)
2018-05-02 00:04:57 #rank-applications @Zoom#7864: Here are the ROLES you can apply for
2018-05-02 00:05:02 #rank-applications @Zoom#7864: -----------------------------------------------------------------------------------------------
2018-05-02 00:05:09 #rank-applications @Zoom#7864: @Guild Officers
2018-05-02 00:05:12 #rank-applications @Zoom#7864: Rule:
2018-05-02 00:05:19 #rank-applications @Zoom#7864: Must be active on the guild
2018-05-02 00:05:31 #rank-applications @Zoom#7864 edited message from 2018-05-02 00:05:19 (Must be active on the guild) to read: *Must be active on the guild*
2018-05-02 00:05:38 #rank-applications @Zoom#7864: @Helper
2018-05-02 00:06:01 #rank-applications @Zoom#7864: Rule
2018-05-02 00:06:55 #rank-applications @Zoom#7864: *Must be active on discord, will be responsible for keeping the chat clean.*
2018-05-02 00:08:48 #rank-applications @Zoom#7864: @Admin
2018-05-02 00:08:53 #rank-applications @Zoom#7864: Rule:
2018-05-02 00:08:59 #rank-applications @Zoom#7864 edited message from 2018-05-02 00:06:01 (Rule) to read: Rule:
2018-05-02 00:10:39 #rank-applications @Zoom#7864: Must be active on discord, must be seen as responsible and trustworthy
2018-05-02 00:10:45 #rank-applications @Zoom#7864: ------------------------------------------------------------------------------------------------------
2018-05-02 00:10:55 #rank-applications @Zoom#7864 edited message from 2018-05-02 00:05:02 (-----------------------------------------------------------------------------------------------) to read: ----------------------------------------------------------------------------------------------------
2018-05-02 00:11:48 #rank-applications @Zoom#7864: Contact @Dependancy or @Zoom  to get evaluated for a role!
2018-05-02 02:19:31 #rank-applications @Dependancy#8922: hi
2018-05-02 02:19:34 #rank-applications @Dependancy#8922: can i have admin
2018-05-02 02:19:59 #rank-applications @Zoom#7864: u have it
2018-05-02 02:20:21 #rank-applications @Dependancy#8922 deleted message from 2018-05-02 02:19:31 (hi)
2018-05-02 02:20:27 #rank-applications @Zoom#7864: !clear 2
2018-05-02 02:20:28 #rank-applications @Zoom#7864 deleted message from 2018-05-02 02:20:27 (!clear 2)
2018-05-02 02:20:28 #rank-applications @Dependancy#8922 deleted message from 2018-05-02 02:19:34 (can i have admin)
2018-05-02 02:20:28 #rank-applications @Zoom#7864 deleted message from 2018-05-02 02:19:59 (u have it)
2018-05-02 02:20:27 #rank-applications @MEE6#4876: I have deleted `2 messages` for ya! <:SMILE6:403540172433522689>
2018-05-02 02:20:31 #rank-applications @MEE6#4876 deleted message from 2018-05-02 02:20:27 (I have deleted `2 messages` for ya! <:SMILE6:403540172433522689>)
2018-05-02 02:35:07 #rank-applications @Zoom#7864: --------------------------------------------------------------------------------------------------
2018-05-02 02:35:08 #rank-applications @MEE6#4876: GG @Zoom, you just advanced to level 4!
2018-05-02 02:35:14 #rank-applications @MEE6#4876 deleted message from 2018-05-02 02:35:08 (GG @Zoom, you just advanced to level 4!)
2018-05-02 02:35:19 #rank-applications @Zoom#7864 deleted message from 2018-05-02 02:35:07 (--------------------------------------------------------------------------------------------------)
2018-05-02 02:36:13 #rank-applications @Zoom#7864: We are only accepting 2 more @Admin
2018-05-02 02:36:22 #rank-applications @Zoom#7864: 3 @Helper
2018-05-02 02:36:30 #rank-applications @Zoom#7864: and 6 more @Guild Officers
2018-05-02 02:36:41 #rank-applications @Zoom#7864 deleted message from 2018-05-02 02:36:13 (We are only accepting 2 more @Admin)
2018-05-02 02:36:53 #rank-applications @Zoom#7864 deleted message from 2018-05-02 02:36:22 (3 @Helper)
2018-05-02 02:36:53 #rank-applications @Zoom#7864 deleted message from 2018-05-02 02:36:30 (and 6 more @Guild Officers)
2018-05-02 02:55:26 #rank-applications @Zoom#7864: We are accepting:
2018-05-02 02:55:34 #rank-applications @Zoom#7864: *2 Admins*
2018-05-02 02:55:40 #rank-applications @Zoom#7864: *3 Helpers*
2018-05-02 02:56:00 #rank-applications @Zoom#7864: *10 Officers*
2018-05-02 17:00:29 #rank-applications @Zoom#7864: Ask @Zoom or @Dependancy to be Evaluated!
2018-05-02 17:01:18 #rank-applications @Zoom#7864: Monthly Special Role:
2018-05-02 17:01:22 #rank-applications @Zoom#7864: @Noob
2018-05-02 17:01:32 #rank-applications @Zoom#7864 deleted message from 2018-05-02 17:01:22 (@Noob)
2018-05-02 17:01:49 #rank-applications @Zoom#7864: @Noob
2018-05-02 17:02:13 #rank-applications @Zoom#7864: *Must be seen as a noob*
2018-05-02 17:02:21 #rank-applications @Zoom#7864 deleted message from 2018-05-02 17:02:13 (*Must be seen as a noob*)
2018-05-02 17:02:22 #rank-applications @Zoom#7864 deleted message from 2018-05-02 17:01:49 (@Noob)
2018-05-02 17:02:25 #rank-applications @Zoom#7864 deleted message from 2018-05-02 17:01:18 (Monthly Special Role:)
2018-05-02 17:02:30 #rank-applications @Zoom#7864: ----------------------------------------------------------------------------------------------------------
2018-05-02 17:02:36 #rank-applications @Zoom#7864 edited message from 2018-05-02 17:02:30 (----------------------------------------------------------------------------------------------------------) to read: -----------------------------------------------------------------------------------------------------
2018-05-02 17:02:47 #rank-applications @Zoom#7864: Monthly Special Role:
2018-05-02 17:02:49 #rank-applications @Zoom#7864: @Noob
2018-05-02 17:04:46 #rank-applications @Zoom#7864: Rule:
2018-05-02 17:04:54 #rank-applications @Zoom#7864: *Must be seen as a noob*
2018-05-02 17:14:40 #rank-applications @Dependancy#8922: also go subscribe to me
2018-05-02 17:14:42 #rank-applications @Dependancy#8922: https://www.youtube.com/channel/UCpzhuC8yPt-_cJ1Cz_lCQ9g/featured?view_as=subscriber
2018-05-02 17:14:43 #rank-applications @Dependancy#8922 edited message from 2018-05-02 17:14:42 (https://www.youtube.com/channel/UCpzhuC8yPt-_cJ1Cz_lCQ9g/featured?view_as=subscriber) to read: https://www.youtube.com/channel/UCpzhuC8yPt-_cJ1Cz_lCQ9g/featured?view_as=subscriber
2018-05-02 17:14:43 #rank-applications @Dependancy#8922: https://www.youtube.com/channel/UCpzhuC8yPt-_cJ1Cz_lCQ9g/featured?view_as=subscriber
2018-05-02 17:14:44 #rank-applications @Dependancy#8922: https://www.youtube.com/channel/UCpzhuC8yPt-_cJ1Cz_lCQ9g/featured?view_as=subscriber
2018-05-02 17:14:46 #rank-applications @Dependancy#8922: https://www.youtube.com/channel/UCpzhuC8yPt-_cJ1Cz_lCQ9g/featured?view_as=subscriber
2018-05-02 17:21:07 #rank-applications @Plebian__King#2228: where is the application?
2018-05-02 17:21:10 #rank-applications @Plebian__King#2228: what do i ahev to say
2018-05-02 17:21:21 #rank-applications @Dependancy#8922 deleted message from 2018-05-02 17:14:46 (https://www.youtube.com/channel/UCpzhuC8yPt-_cJ1Cz_lCQ9g/featured?view_as=subscriber)
2018-05-02 17:21:24 #rank-applications @Dependancy#8922 deleted message from 2018-05-02 17:14:43 (https://www.youtube.com/channel/UCpzhuC8yPt-_cJ1Cz_lCQ9g/featured?view_as=subscriber)
2018-05-02 17:21:28 #rank-applications @Dependancy#8922 deleted message from 2018-05-02 17:14:42 (https://www.youtube.com/channel/UCpzhuC8yPt-_cJ1Cz_lCQ9g/featured?view_as=subscriber)
2018-05-02 17:21:37 #rank-applications @Dependancy#8922: You have to ask me
2018-05-02 17:21:41 #rank-applications @Dependancy#8922: if you can have helper
2018-05-02 17:21:48 #rank-applications @Plebian__King#2228: what about admin?
2018-05-02 17:21:49 #rank-applications @Dependancy#8922: you don't just get admin right away
2018-05-02 17:21:52 #rank-applications @Plebian__King#2228: fine 😦
2018-05-02 17:21:55 #rank-applications @Plebian__King#2228: helper
2018-05-02 17:21:58 #rank-applications @Dependancy#8922: first you have to get officer
2018-05-02 17:22:01 #rank-applications @Dependancy#8922: on the guild
2018-05-02 17:22:07 #rank-applications @Plebian__King#2228: uggh, then can i have officer?
2018-05-02 17:22:09 #rank-applications @Dependancy#8922: but you have to join the minecraft hypixel guild first
2018-05-02 17:22:15 #rank-applications @Dependancy#8922: so tonight
2018-05-02 17:22:19 #rank-applications @Plebian__King#2228: ok
2018-05-02 17:22:24 #rank-applications @Dependancy#8922: ill give you the monthly special rank
2018-05-02 17:22:24 #rank-applications @Plebian__King#2228: how mnay people on the guild?
2018-05-02 17:22:36 #rank-applications @Plebian__King#2228: btw, i got vip+ on hypixel 😃
2018-05-02 17:22:44 #rank-applications @Dependancy#8922: how
2018-05-02 17:22:45 #rank-applications @Plebian__King#2228: why do i have a warning?
2018-05-02 17:22:50 #rank-applications @Dependancy#8922: now you are noob rank
2018-05-02 17:22:51 #rank-applications @Plebian__King#2228: there we go
2018-05-02 17:22:54 #rank-applications @Plebian__King#2228: yay
2018-05-02 17:22:56 #rank-applications @Plebian__King#2228: wait,
2018-05-02 17:22:59 #rank-applications @Plebian__King#2228: i dont like noobs
2018-05-02 17:23:02 #rank-applications @Plebian__King#2228: plebs are better
2018-05-02 17:23:08 #rank-applications @Dependancy#8922: how did you get hypixel vip+ rank
2018-05-02 17:23:11 #rank-applications @Dependancy#8922: did you buy it?
2018-05-02 17:23:35 #rank-applications @Plebian__King#2228: i got someone to join!
2018-05-02 17:23:41 #rank-applications @Dependancy#8922: ok gj
2018-05-02 17:23:43 #rank-applications @Plebian__King#2228: can i gte promoted now?
2018-05-02 17:23:44 #rank-applications @Corginator#9068: gotem
2018-05-02 17:23:48 #rank-applications @Plebian__King#2228: lol
2018-05-02 17:23:50 #rank-applications @Dependancy#8922: maybe
2018-05-02 17:23:51 #rank-applications @Corginator#9068: i didnt agree to this
2018-05-02 17:23:54 #rank-applications @Plebian__King#2228: what?
2018-05-02 17:23:56 #rank-applications @Plebian__King#2228: it is fun
2018-05-02 17:24:05 #rank-applications @Plebian__King#2228: ⛅
2018-05-02 17:24:09 #rank-applications @Plebian__King#2228: yay
2018-05-02 17:24:15 #rank-applications @Plebian__King#2228: !happy corgi day
2018-05-02 17:24:16 #rank-applications @Corginator#9068: i dont even play minecraft anymore
2018-05-02 17:24:19 #rank-applications @Plebian__King#2228: lol
2018-05-02 17:24:40 #rank-applications @Plebian__King#2228: so...
2018-05-02 17:24:46 #rank-applications @Dependancy#8922: demoted
2018-05-02 17:24:49 #rank-applications @Plebian__King#2228: why
2018-05-02 17:24:50 #rank-applications @Plebian__King#2228: ?
2018-05-02 17:24:59 #rank-applications @Corginator#9068: ha
2018-05-02 17:24:59 #rank-applications @Corginator#9068: gotem
2018-05-02 17:25:01 #rank-applications @Dependancy#8922: he didn't agree
2018-05-02 17:25:07 #rank-applications @Corginator#9068: jk i did
2018-05-02 17:25:08 #rank-applications @Plebian__King#2228: hello
2018-05-02 17:25:10 #rank-applications @Corginator#9068: that was  ajoke
2018-05-02 17:25:16 #rank-applications @Corginator#9068: **j o o k e**
2018-05-02 17:25:19 #rank-applications @Plebian__King#2228: JOKE
2018-05-02 17:25:26 #rank-applications @Plebian__King#2228: ⚱
2018-05-02 17:25:31 #rank-applications @Dependancy#8922: im not an idiot Lohann you changed your discord name not your profile pic
2018-05-02 17:25:31 #rank-applications @Corginator#9068: 💯
2018-05-02 17:25:39 #rank-applications @Corginator#9068: no im davy
2018-05-02 17:25:40 #rank-applications @Corginator#9068: hi
2018-05-02 17:25:44 #rank-applications @Corginator#9068: im at his school
2018-05-02 17:25:46 #rank-applications @Plebian__King#2228: 〽
2018-05-02 17:25:47 #rank-applications @Corginator#9068: we working on project
2018-05-02 17:25:56 #rank-applications @Corginator#9068: but we hi
2018-05-02 17:25:59 #rank-applications @Plebian__King#2228: but we finished
2018-05-02 17:26:05 #rank-applications @Plebian__King#2228: so ya
2018-05-02 17:26:05 #rank-applications @Corginator#9068: so yeah
2018-05-02 17:26:21 #rank-applications @Corginator#9068: we are in sync
2018-05-02 17:26:21 #rank-applications @Plebian__King#2228: we are in sync
2018-05-02 17:26:47 #rank-applications @Plebian__King#2228: do do do doo do du do du duuuu do do dyu doo do du
2018-05-02 17:26:51 #rank-applications @Corginator#9068: do do do doo do du do du duuuu do do dyu doo do du
2018-05-02 17:27:19 #rank-applications @Corginator#9068: promote him i am a real person tho
2018-05-02 17:27:21 #rank-applications @Corginator#9068: seriously
2018-05-02 17:27:29 #rank-applications @Corginator#9068: we are working on a powerpoint in schoo;
2018-05-02 17:27:34 #rank-applications @Corginator#9068: its about birth defects
2018-05-02 17:27:39 #rank-applications @Plebian__King#2228: also, you need to add a logo to the chat
2018-05-02 17:27:46 #rank-applications @terra.pixel#7254: yeah
2018-05-02 17:27:47 #rank-applications @Plebian__King#2228: we done though
2018-05-02 17:27:49 #rank-applications @Dependancy#8922: kicked him
2018-05-02 17:27:55 #rank-applications @Plebian__King#2228: nooo
2018-05-02 17:27:56 #rank-applications @Corginator#9068: boi
2018-05-02 17:27:58 #rank-applications @Plebian__King#2228: he is nice
2018-05-02 17:28:06 #rank-applications @terra.pixel#7254: this chat is insane
2018-05-02 17:28:08 #rank-applications @Corginator#9068 deleted message from 2018-05-02 17:23:44 (gotem)
2018-05-02 17:28:08 #rank-applications @Corginator#9068 deleted message from 2018-05-02 17:23:51 (i didnt agree to this)
2018-05-02 17:28:08 #rank-applications @Corginator#9068 deleted message from 2018-05-02 17:24:16 (i dont even play minecraft anymore)
2018-05-02 17:28:08 #rank-applications @Corginator#9068 deleted message from 2018-05-02 17:24:59 (ha)
2018-05-02 17:28:08 #rank-applications @Corginator#9068 deleted message from 2018-05-02 17:24:59 (gotem)
2018-05-02 17:28:08 #rank-applications @Corginator#9068 deleted message from 2018-05-02 17:25:07 (jk i did)
2018-05-02 17:28:08 #rank-applications @Corginator#9068 deleted message from 2018-05-02 17:25:10 (that was  ajoke)
2018-05-02 17:28:08 #rank-applications @Corginator#9068 deleted message from 2018-05-02 17:25:16 (**j o o k e**)
2018-05-02 17:28:08 #rank-applications @Corginator#9068 deleted message from 2018-05-02 17:25:31 (💯)
2018-05-02 17:28:08 #rank-applications @Corginator#9068 deleted message from 2018-05-02 17:25:39 (no im davy)
2018-05-02 17:28:08 #rank-applications @Corginator#9068 deleted message from 2018-05-02 17:25:40 (hi)
2018-05-02 17:28:08 #rank-applications @Corginator#9068 deleted message from 2018-05-02 17:25:44 (im at his school)
2018-05-02 17:28:08 #rank-applications @Corginator#9068 deleted message from 2018-05-02 17:25:47 (we working on project)
2018-05-02 17:28:08 #rank-applications @Corginator#9068 deleted message from 2018-05-02 17:25:56 (but we hi)
2018-05-02 17:28:08 #rank-applications @Corginator#9068 deleted message from 2018-05-02 17:26:05 (so yeah)
2018-05-02 17:28:08 #rank-applications @Corginator#9068 deleted message from 2018-05-02 17:26:21 (we are in sync)
2018-05-02 17:28:08 #rank-applications @Corginator#9068 deleted message from 2018-05-02 17:26:51 (do do do doo do du do du duuuu do do dyu doo do du)
2018-05-02 17:28:08 #rank-applications @Corginator#9068 deleted message from 2018-05-02 17:27:19 (promote him i am a real person tho)
2018-05-02 17:28:08 #rank-applications @Corginator#9068 deleted message from 2018-05-02 17:27:21 (seriously)
2018-05-02 17:28:08 #rank-applications @Corginator#9068 deleted message from 2018-05-02 17:27:29 (we are working on a powerpoint in schoo;)
2018-05-02 17:28:08 #rank-applications @Corginator#9068 deleted message from 2018-05-02 17:27:34 (its about birth defects)
2018-05-02 17:28:08 #rank-applications @Corginator#9068 deleted message from 2018-05-02 17:27:56 (boi)
2018-05-02 17:28:15 #rank-applications @Dependancy#8922: Bai corginator
2018-05-02 17:28:22 #rank-applications @Dependancy#8922: ikr
2018-05-02 17:28:40 #rank-applications @Dependancy#8922: Here are the ROLES you can apply for\n\n----------------------------------------------------------------------------------------------------(edited)\n\n@Guild Officers\n\nRule:\n\nMust be active on the guild(edited)\n\n@Helper\n\nRule:(edited)\n\nMust be active on discord, will be responsible for keeping the chat clean.\n\n@Admin\n\nRule:\n\nMust be active on discord, must be seen as responsible and trustworthy\n\n\nMay 2, 2018\n\n\nZoom - Today at 10:00 AM\nAsk @Zoom or @Dependancy to be Evaluated!\n\n-----------------------------------------------------------------------------------------------------(edited)\n\nMonthly Special Role:\n\n@Noob\n\nRule:\n\nMust be seen as a noob
2018-05-02 17:28:43 #rank-applications @Plebian__King#2228: why did you ban him?
2018-05-02 17:28:50 #rank-applications @Dependancy#8922: spam
2018-05-02 17:28:56 #rank-applications @Plebian__King#2228: ok whatever
2018-05-02 17:29:03 #rank-applications @Plebian__King#2228: i am ready for my application test
2018-05-02 17:29:05 #rank-applications @terra.pixel#7254: im guessing everyone will leave this server if something bad happens
2018-05-02 17:29:08 #rank-applications @Plebian__King#2228: do your best
2018-05-02 17:29:21 #rank-applications @Dependancy#8922: You have to join the guild in minecraft
2018-05-02 17:29:24 #rank-applications @Dependancy#8922: /g join Dependancy
2018-05-02 17:29:27 #rank-applications @Plebian__King#2228: i will but not now
2018-05-02 17:29:34 #rank-applications @Dependancy#8922: Okay.
2018-05-02 17:29:46 #rank-applications @Dependancy#8922: You have to be seen as a trust worthy person
2018-05-02 17:29:52 #rank-applications @terra.pixel#7254: lol there are only 2 people in this server
2018-05-02 17:30:14 #rank-applications @terra.pixel#7254 deleted message from 2018-05-02 17:27:46 (yeah)
2018-05-02 17:30:14 #rank-applications @terra.pixel#7254 deleted message from 2018-05-02 17:28:06 (this chat is insane)
2018-05-02 17:30:14 #rank-applications @terra.pixel#7254 deleted message from 2018-05-02 17:29:05 (im guessing everyone will leave this server if something bad happens)
2018-05-02 17:30:14 #rank-applications @terra.pixel#7254 deleted message from 2018-05-02 17:29:52 (lol there are only 2 people in this server)
2018-05-02 17:30:22 #rank-applications @Plebian__King#2228: i ma trustwporthy
2018-05-02 17:30:28 #rank-applications @Plebian__King#2228: and i cah spelt
2018-05-02 17:30:35 #rank-applications @Plebian__King#2228: reivite corgi dude
2018-05-02 17:30:51 #rank-applications @Plebian__King#2228: i am trust person
2018-05-02 17:30:58 #rank-applications @Plebian__King#2228: i am great at trust falld
2018-05-02 17:37:10 #rank-applications @Dependancy#8922: fine you reinv him
2018-05-02 17:37:26 #rank-applications @Dependancy#8922: Here are the ROLES you can apply for\n\n----------------------------------------------------------------------------------------------------(edited)\n\n@Guild Officers\n\nRule:\n\nMust be active on the guild(edited)\n\n@Helper\n\nRule:(edited)\n\nMust be active on discord, will be responsible for keeping the chat clean.\n\n@Admin\n\nRule:\n\nMust be active on discord, must be seen as responsible and trustworthy\n\n\nMay 2, 2018\n\n\nZoom - Today at 10:00 AM\nAsk @Zoom or @Dependancy to be Evaluated!\n\n-----------------------------------------------------------------------------------------------------(edited)\n\nMonthly Special Role:\n\n@Noob\n\nRule:\n\nMust be seen as a noob
2018-05-02 17:37:57 #rank-applications @Dependancy#8922: Here are the ROLES you can apply for\n\n----------------------------------------------------------------------------------------------------(edited)\n\n@Guild Officers\n\nRule:\n\nMust be active on the guild(edited)\n\n@Helper\n\nRule:(edited)\n\nMust be active on discord, will be responsible for keeping the chat clean.\n\n@Admin\n\nRule:\n\nMust be active on discord, must be seen as responsible and trustworthy\n\n\nMay 2, 2018\n\n\nZoom - Today at 10:00 AM\nAsk @Zoom or @Dependancy to be Evaluated!\n\n-----------------------------------------------------------------------------------------------------(edited)\n\nMonthly Special Role:\n\n@Noob\n\nRule:\n\nMust be seen as a noob
2018-05-02 17:40:57 #rank-applications @Zoom#7864: !clear 50
2018-05-02 21:33:01 #rank-applications @Zoom#7864: Hey Dependancy Members, Welcome to the #rank-applications Channel!
2018-05-02 21:33:21 #rank-applications @Zoom#7864: Here you can apply for roles in this discord server!
2018-05-02 21:46:51 #rank-applications @Zoom#7864: r
2018-05-02 21:46:56 #rank-applications @Zoom#7864 deleted message from 2018-05-02 21:46:51 (r)
2018-05-02 21:47:12 #rank-applications @Zoom#7864: ===========================================================
2018-05-02 21:47:23 #rank-applications @Zoom#7864: ROLES:
2018-05-02 21:47:33 #rank-applications @Zoom#7864: 1⃣ @Admin
2018-05-02 21:47:38 #rank-applications @Zoom#7864: Rule:
2018-05-02 21:47:52 #rank-applications @Zoom#7864: *Must be seen as Trustworthy and responsible*
2018-05-02 21:48:05 #rank-applications @Zoom#7864: 2⃣ @Helper
2018-05-02 21:48:09 #rank-applications @Zoom#7864: Rule:
2018-05-02 21:48:30 #rank-applications @Zoom#7864: *Must be active on discord
2018-05-02 21:48:37 #rank-applications @Zoom#7864 edited message from 2018-05-02 21:48:30 (*Must be active on discord) to read: *Must be active on discord*
2018-05-02 21:48:44 #rank-applications @Zoom#7864 deleted message from 2018-05-02 21:48:30 (*Must be active on discord*)
2018-05-02 21:48:47 #rank-applications @Zoom#7864 deleted message from 2018-05-02 21:48:05 (2⃣ @Helper)
2018-05-02 21:48:49 #rank-applications @Zoom#7864 deleted message from 2018-05-02 21:48:09 (Rule:)
2018-05-02 21:49:01 #rank-applications @Zoom#7864: Responsible For:
2018-05-02 21:49:23 #rank-applications @Zoom#7864: *Keeping the Server Running Smoothly*
2018-05-02 21:49:34 #rank-applications @Zoom#7864: 2⃣ @Helper
2018-05-02 21:49:36 #rank-applications @Zoom#7864: Rule:
2018-05-02 21:49:53 #rank-applications @Zoom#7864: *Must be active on Discord*
2018-05-02 21:50:48 #rank-applications @Zoom#7864: Responsible For:
2018-05-02 21:51:16 #rank-applications @Zoom#7864: *Keeping the Chat Clean (Deleting Curse Words)*
2018-05-02 21:51:47 #rank-applications @Zoom#7864: :Three: @Guild Officers
2018-05-02 21:51:52 #rank-applications @Zoom#7864 deleted message from 2018-05-02 21:51:47 (:Three: @Guild Officers)
2018-05-02 21:52:02 #rank-applications @Zoom#7864: 3⃣ @Guild Officers
2018-05-02 21:52:06 #rank-applications @Zoom#7864: Rule:
2018-05-02 21:52:14 #rank-applications @Zoom#7864: Must be active on the Hypixel Guild
2018-05-02 21:52:22 #rank-applications @Zoom#7864: On the guild they can:
2018-05-02 21:52:40 #rank-applications @Zoom#7864 deleted message from 2018-05-02 21:52:14 (Must be active on the Hypixel Guild)
2018-05-02 21:52:49 #rank-applications @Zoom#7864 deleted message from 2018-05-02 21:52:22 (On the guild they can:)
2018-05-02 21:53:02 #rank-applications @Zoom#7864: *Must be active on Hypixel Guild*
2018-05-02 21:53:10 #rank-applications @Zoom#7864: Responsible For:
2018-05-02 21:55:26 #rank-applications @Zoom#7864: *Kicking Users if they have broken enough rules (5 rules)*
2018-05-02 21:55:39 #rank-applications @Zoom#7864: ======================================================
2018-05-02 21:55:45 #rank-applications @Zoom#7864: SPECIAL ROLE:
2018-05-02 21:56:01 #rank-applications @Zoom#7864: 4⃣ @Noob
2018-05-02 21:56:04 #rank-applications @Zoom#7864: Rule:
2018-05-02 21:56:14 #rank-applications @Zoom#7864: Must be Noob!
2018-05-02 21:56:22 #rank-applications @Zoom#7864: Responsible For:
2018-05-02 21:56:29 #rank-applications @Zoom#7864 edited message from 2018-05-02 21:56:14 (Must be Noob!) to read: *Must be Noob!*
2018-05-02 21:56:45 #rank-applications @Zoom#7864: *Telling Users how Noob they actually are*
2018-05-02 21:56:58 #rank-applications @Zoom#7864: =========================================================
2018-05-02 21:57:44 #rank-applications @Zoom#7864: To Apply for a Role Contact @Dependancy or @Zoom So They can Evaluate You!
