2018-05-01 23:43:35 #giveaway @Zoom#7864: Hey guys
2018-05-01 23:43:56 #giveaway @Zoom#7864: We might be doing a giveaway soon on this discord.
2018-05-01 23:44:05 #giveaway @Zoom#7864: for all of the people in our guild.
2018-05-01 23:44:12 #giveaway @Zoom#7864: ---------------------------------------------------------------------------------
2018-05-01 23:44:34 #giveaway @Zoom#7864 deleted message from 2018-05-01 23:43:35 (Hey guys)
2018-05-01 23:44:34 #giveaway @Zoom#7864 deleted message from 2018-05-01 23:43:56 (We might be doing a giveaway soon on this discord.)
2018-05-01 23:44:34 #giveaway @Zoom#7864 deleted message from 2018-05-01 23:44:05 (for all of the people in our guild.)
2018-05-01 23:44:36 #giveaway @Zoom#7864 deleted message from 2018-05-01 23:44:12 (---------------------------------------------------------------------------------)
2018-05-01 23:46:27 #giveaway @Zoom#7864: Hello Dependancy GUILD Members!
2018-05-01 23:46:54 #giveaway @Zoom#7864: There might be a giveaway for a free VIP Rank
2018-05-01 23:47:01 #giveaway @Zoom#7864: ----------------------------------------------------------------
2018-05-01 23:52:12 #giveaway @Zoom#7864: All you have to do is:
2018-05-01 23:52:12 #giveaway @MEE6#4876: GG @Zoom, you just advanced to level 3!
2018-05-01 23:52:18 #giveaway @Zoom#7864: damn you mee6
2018-05-01 23:52:22 #giveaway @MEE6#4876 edited message from 2018-05-01 23:52:12 (GG @Zoom, you just advanced to level 3!) to read: GG @Zoom, you just advanced to level 3!
2018-05-01 23:52:22 #giveaway @Zoom#7864: 
2018-05-01 23:52:27 #giveaway @Zoom#7864 deleted message from 2018-05-01 23:52:22 ()
2018-05-01 23:52:33 #giveaway @MEE6#4876 edited message from 2018-05-01 23:52:12 (GG @Zoom, you just advanced to level 3!) to read: GG @Zoom, you just advanced to level 3!
2018-05-01 23:52:38 #giveaway @MEE6#4876 deleted message from 2018-05-01 23:52:12 (GG @Zoom, you just advanced to level 3!)
2018-05-01 23:52:44 #giveaway @Zoom#7864 deleted message from 2018-05-01 23:52:18 (damn you mee6)
2018-05-01 23:53:15 #giveaway @Zoom#7864: 1. *Join the guild on Minecraft (/g join dependancy)*
2018-05-01 23:53:45 #giveaway @Zoom#7864: 2. *Join the official discord for the guild*
2018-05-01 23:54:25 #giveaway @Zoom#7864: 3. Subscribe to Dependancy
2018-05-01 23:54:47 #giveaway @Zoom#7864 edited message from 2018-05-01 23:54:25 (3. Subscribe to Dependancy) to read: 3. *Subscribe to Dependancy's Youtube channel*
2018-05-01 23:55:45 #giveaway @Zoom#7864: 4. *OPTIONAL, Add 1 person to the discord from the guild (might improve your chance in winning the rank)*
2018-05-01 23:58:02 #giveaway @Zoom#7864: 5. *Post your in game minecraft username below (if you did option number #4 say who the person you invited is)*
2018-05-01 23:58:17 #giveaway @Zoom#7864: ------------------------------------------------------------------------------------------------------------------
2018-05-01 23:58:24 #giveaway @Zoom#7864 edited message from 2018-05-01 23:58:17 (------------------------------------------------------------------------------------------------------------------) to read: -----------------------------------------------------------------------------------------------------
2018-05-01 23:59:08 #giveaway @Zoom#7864: Post Your username below! 👇
2018-05-02 02:19:15 #giveaway @Dependancy#8922: hi my name is dependancy
2018-05-02 02:19:19 #giveaway @Dependancy#8922: i rilly want a rank
2018-05-02 02:19:21 #giveaway @Dependancy#8922: pls
2018-05-02 02:19:23 #giveaway @Dependancy#8922: give
2018-05-02 02:19:51 #giveaway @Zoom#7864: i thought you were going to give out the rank.....
2018-05-02 02:20:40 #giveaway @Zoom#7864: !clear 5
2018-05-02 02:20:40 #giveaway @Zoom#7864 deleted message from 2018-05-02 02:20:40 (!clear 5)
2018-05-02 02:20:40 #giveaway @Dependancy#8922 deleted message from 2018-05-02 02:19:15 (hi my name is dependancy)
2018-05-02 02:20:40 #giveaway @Dependancy#8922 deleted message from 2018-05-02 02:19:19 (i rilly want a rank)
2018-05-02 02:20:40 #giveaway @Dependancy#8922 deleted message from 2018-05-02 02:19:21 (pls)
2018-05-02 02:20:40 #giveaway @Dependancy#8922 deleted message from 2018-05-02 02:19:23 (give)
2018-05-02 02:20:40 #giveaway @Zoom#7864 deleted message from 2018-05-02 02:19:51 (i thought you were going to give out the rank.....)
2018-05-02 02:20:40 #giveaway @MEE6#4876: I have deleted `5 messages` for ya! <:SMILE6:403540172433522689>
2018-05-02 02:20:43 #giveaway @MEE6#4876 deleted message from 2018-05-02 02:20:40 (I have deleted `5 messages` for ya! <:SMILE6:403540172433522689>)
2018-05-02 17:15:09 #giveaway @Dependancy#8922: https://www.youtube.com/channel/UCpzhuC8yPt-_cJ1Cz_lCQ9g/featured?view_as=subscriber
2018-05-02 17:16:04 #giveaway @Dependancy#8922: 
2018-05-02 17:16:21 #giveaway @Dependancy#8922: Good job zoom im promoting u
2018-05-02 21:59:04 #giveaway @you're doing it wrong#5893: youtube.com/youredoingitwrong
2018-05-02 22:09:33 #giveaway @Zoom#7864: Please no advertising in this channel @you're doing it wrong
2018-05-02 22:09:37 #giveaway @Zoom#7864: 1 warning
2018-05-02 22:09:49 #giveaway @Zoom#7864: next time advertise in the #advertising
2018-05-02 22:09:56 #giveaway @Zoom#7864: You should read the roles
2018-05-02 22:10:02 #giveaway @you're doing it wrong#5893 deleted message from 2018-05-02 21:59:04 (youtube.com/youredoingitwrong)
2018-05-02 22:10:20 #giveaway @Zoom#7864: .prune 4
2018-05-02 22:10:21 #giveaway @Zoom#7864 deleted message from 2018-05-02 22:09:33 (Please no advertising in this channel @you're doing it wrong)
2018-05-02 22:10:21 #giveaway @Zoom#7864 deleted message from 2018-05-02 22:09:37 (1 warning)
2018-05-02 22:10:21 #giveaway @Zoom#7864 deleted message from 2018-05-02 22:09:49 (next time advertise in the #advertising)
2018-05-02 22:10:21 #giveaway @Zoom#7864 deleted message from 2018-05-02 22:09:56 (You should read the roles)
2018-05-02 22:10:21 #giveaway @Zoom#7864 deleted message from 2018-05-02 22:10:20 (.prune 4)
2018-05-02 22:10:29 #giveaway @Zoom#7864: .prune 1
2018-05-02 22:10:31 #giveaway @Zoom#7864 deleted message from 2018-05-02 22:10:29 (.prune 1)
2018-05-03 02:13:58 #giveaway @Dependancy#8922: Also to enter, subscribe to me!
2018-05-03 02:14:00 #giveaway @Dependancy#8922: https://www.youtube.com/channel/UCpzhuC8yPt-_cJ1Cz_lCQ9g?view_as=subscriber
2018-05-03 02:14:03 #giveaway @Dependancy#8922 edited message from 2018-05-03 02:14:00 (https://www.youtube.com/channel/UCpzhuC8yPt-_cJ1Cz_lCQ9g?view_as=subscriber) to read: https://www.youtube.com/channel/UCpzhuC8yPt-_cJ1Cz_lCQ9g?view_as=subscriber
