2018-04-24 14:30:30 #основной @Synapse#0692: 
2018-04-24 14:31:35 #основной @niffz#7391: .multicolor 2 Админ,хули
2018-04-24 14:31:42 #основной @niffz#7391: !help
2018-04-24 14:31:44 #основной @Synapse#0692: Check your DM, @niffz! I have sent something for you :wink:
2018-04-24 14:33:05 #основной @Ghostplay R2#1298: 
2018-04-24 14:33:46 #основной @niffz#7391: .multicolor 2 Админ,хули
2018-04-24 14:33:54 #основной @niffz#7391: *help
2018-04-24 14:33:57 #основной @niffz#7391: .help
2018-04-24 14:33:59 #основной @Ghostplay R2#1298: Hey there, @niffz! I sent you the list of commands in a private message.\nCheck your direct messages
2018-04-24 14:34:38 #основной @niffz#7391: *multicolor 2 Админ,хули
2018-04-24 14:34:43 #основной @Ghostplay R2#1298: 
2018-04-24 14:34:44 #основной @Ghostplay R2#1298 edited message from 2018-04-24 14:34:43 () to read: 
2018-04-24 14:35:06 #основной @niffz#7391: *multicolor 2 Главный,ёбаный в рoт
2018-04-24 14:35:32 #основной @Ghostplay R2#1298: `Error in command 'multicolor'.If you keep seeing this message please contact the owner of the bot.`
2018-04-24 14:36:06 #основной @niffz#7391: *multicolor
2018-04-24 14:36:11 #основной @Ghostplay R2#1298: ```\n*[multicolor|multicolour] <interval> <role>\n\nChanges the role color every x seconds\n\n```
2018-04-24 14:36:46 #основной @niffz#7391: *multicolor 2 admin
2018-04-24 14:37:01 #основной @Ghostplay R2#1298: `Error in command 'multicolor'.If you keep seeing this message please contact the owner of the bot.`
2018-04-24 14:37:15 #основной @niffz#7391: *multicolour 1 admin
2018-04-24 14:37:25 #основной @Ghostplay R2#1298: `Error in command 'multicolor'.If you keep seeing this message please contact the owner of the bot.`
2018-04-24 14:45:11 #основной @niffz#7391: *multicolour 2 главный,хули
2018-04-24 14:45:27 #основной @Ghostplay R2#1298: `Error in command 'multicolor'.If you keep seeing this message please contact the owner of the bot.`
2018-04-24 14:46:59 #основной @niffz#7391: v
2018-04-24 14:47:03 #основной @niffz#7391: *multicolour 2 главный,хули
2018-04-24 14:47:18 #основной @niffz#7391: *multicolour 1 главный,хули
2018-04-24 14:47:55 #основной @niffz#7391: *multicolour 0.5 главный,хули
2018-04-24 14:50:14 #основной @niffz#7391: *multicolour 4 главный,хули
2018-04-24 14:50:28 #основной @niffz#7391: *multicolour 10главный,хули
2018-04-24 14:50:34 #основной @niffz#7391: *multicolour 10 главный,хули
2018-04-24 14:50:38 #основной @Ghostplay R2#1298: ```\n*[multicolor|multicolour] <interval> <role>\n\nChanges the role color every x seconds\n\n```
2018-04-24 14:50:51 #основной @niffz#7391: *multicolour 9 главный,хули
2018-04-24 14:52:34 #основной @niffz#7391: *multicolor 10 главный,хули
2018-04-24 15:02:01 #основной @Дамирка Пипирка#7142: 
2018-04-24 15:02:18 #основной @Дамирка Пипирка#7142: Все спижено
2018-04-24 15:02:24 #основной @niffz#7391: net
2018-04-24 19:52:02 #основной @Хороший Мальчик#7649: 
2018-04-24 19:52:58 #основной @Хороший Мальчик#7649: ХУЙНЯ А НЕ СЕРВЕР
2018-04-25 20:03:50 #основной @1nJusti#9102: 
