2018-04-21 22:30:37 #SNAKKERUM 3 Voice channel join: Bai#9111 (id 210891770395885569), moved from SNAKKERUM 2, flags: self_deaf,self_mute
2018-04-21 22:30:37 #SNAKKERUM 3 Voice channel leave: Bai#9111 (id 210891770395885569) moving to SNAKKERUM 2
2018-04-22 15:44:12 #SNAKKERUM 3 Voice channel join: Bai#9111 (id 210891770395885569), moved from SNAKKERUM 2
2018-04-22 15:44:13 #SNAKKERUM 3 Voice channel leave: Bai#9111 (id 210891770395885569) moving to SNAKKERUM 2
2018-04-22 18:34:31 #SNAKKERUM 3 Voice channel join: nicodk#8252 (id 269482031765782532), moved from SNAKKERUM 1
2018-04-22 18:34:34 #SNAKKERUM 3 Voice channel join: Bai#9111 (id 210891770395885569), moved from SNAKKERUM 1
2018-04-22 18:34:36 #SNAKKERUM 3 Voice channel leave: Bai#9111 (id 210891770395885569) moving to SNAKKERUM 1
2018-04-22 18:34:38 #SNAKKERUM 3 Voice channel leave: nicodk#8252 (id 269482031765782532) moving to SNAKKERUM 1
2018-04-22 18:34:45 #SNAKKERUM 3 Voice channel join: nicodk#8252 (id 269482031765782532), moved from SNAKKERUM 1
2018-04-22 18:34:50 #SNAKKERUM 3 Voice channel leave: nicodk#8252 (id 269482031765782532) moving to SNAKKERUM 1
2018-04-22 18:34:50 #SNAKKERUM 3 Voice channel join: nicodk#8252 (id 269482031765782532), moved from SNAKKERUM 1
2018-04-22 18:34:51 #SNAKKERUM 3 Voice channel leave: nicodk#8252 (id 269482031765782532) moving to SNAKKERUM 1
2018-04-22 18:34:54 #SNAKKERUM 3 Voice channel join: nicodk#8252 (id 269482031765782532), moved from SNAKKERUM 1
2018-04-22 18:34:56 #SNAKKERUM 3 Voice channel leave: nicodk#8252 (id 269482031765782532) moving to SNAKKERUM 1
2018-04-22 18:34:57 #SNAKKERUM 3 Voice channel join: nicodk#8252 (id 269482031765782532), moved from SNAKKERUM 1
2018-04-22 18:34:58 #SNAKKERUM 3 Voice channel leave: nicodk#8252 (id 269482031765782532) moving to SNAKKERUM 1
2018-04-22 18:35:00 #SNAKKERUM 3 Voice channel join: nicodk#8252 (id 269482031765782532), moved from SNAKKERUM 1
2018-04-22 18:35:01 #SNAKKERUM 3 Voice channel leave: nicodk#8252 (id 269482031765782532) moving to SNAKKERUM 1
2018-04-22 19:15:34 #SNAKKERUM 3 Voice channel join: Bulle#5835 (id 363353712975937537), moved from SNAKKERUM 2
2018-04-22 19:15:34 #SNAKKERUM 3 Voice channel leave: Bulle#5835 (id 363353712975937537) moving to SNAKKERUM 2
2018-04-23 17:17:35 #SNAKKERUM 3 Voice channel join: nicodk#8252 (id 269482031765782532), moved from Afk rum, flags: mute
2018-04-23 17:17:37 #SNAKKERUM 3 Server unmute: nicodk#8252 (id 269482031765782532)
2018-04-23 17:17:38 #SNAKKERUM 3 Voice channel leave: nicodk#8252 (id 269482031765782532) moving to Afk rum
