2018-04-24 00:45:16 #no-porn @Kali_Linux_#1096: succ
2018-04-24 00:46:53 #no-porn @Ruczs#4325: fag
2018-04-24 00:46:59 #no-porn @Kali_Linux_#1096: look at meh rank
2018-04-24 00:47:03 #no-porn @Kali_Linux_#1096: it changes color
2018-04-24 00:47:16 #no-porn @Kali_Linux_#1096: wana see somthing
2018-04-24 00:47:43 #no-porn @Kali_Linux_#1096: @Ruczs
2018-04-24 00:47:48 #no-porn @Kali_Linux_#1096: wana see something
2018-04-24 00:48:11 #no-porn @Kali_Linux_#1096: !ass
2018-04-24 00:48:11 #no-porn @Synapse#0692: http://media.obutts.ru/butts_preview/00837.jpg
2018-04-24 00:48:12 #no-porn @Synapse#0692 edited message from 2018-04-24 00:48:11 (http://media.obutts.ru/butts_preview/00837.jpg) to read: http://media.obutts.ru/butts_preview/00837.jpg
2018-04-24 00:48:15 #no-porn @Kali_Linux_#1096: like some ass ?
2018-04-24 00:48:22 #no-porn @Synapse#0692 deleted message from 2018-04-24 00:48:11 (http://media.obutts.ru/butts_preview/00837.jpg)
2018-04-24 00:49:22 #no-porn @Kali_Linux_#1096: this discord or aids ima fix it up
2018-04-24 00:52:18 #no-porn @Tatsumaki#8792: 👋🏻 Hey there! I'm **Tatsumaki**.\n**Normal** commands are shown with `t!help` and **moderator** ones are shown with `t@help`.\nI am a versatile bot that aims to increase user activity on your Discord servers.\nAll server and bot settings are shown with `t@help` and can be seen at: **<http://tatsumaki.xyz/settings>**\n\n**|**  Use `t!profile` to display your personal profile card.\n**|**  Use `t!dailies` to get credits every 24 hours.\n**|**  Checkout some cool minigames like `t!fishy` or `t!slots`!\n\nView all commands at: **<http://tatsumaki.xyz/commands>**\nFor help, feedback, bugs, info, changelogs and more, go to **<https://discord.gg/tatsumaki>**
2018-04-24 00:52:25 #no-porn @Tatsumaki#8792 deleted message from 2018-04-24 00:52:18 (👋🏻 Hey there! I'm **Tatsumaki**.\n**Normal** commands are shown with `t!help` and **moderator** ones are shown with `t@help`.\nI am a versatile bot that aims to increase user activity on your Discord servers.\nAll server and bot settings are shown with `t@help` and can be seen at: **<http://tatsumaki.xyz/settings>**\n\n**|**  Use `t!profile` to display your personal profile card.\n**|**  Use `t!dailies` to get credits every 24 hours.\n**|**  Checkout some cool minigames like `t!fishy` or `t!slots`!\n\nView all commands at: **<http://tatsumaki.xyz/commands>**\nFor help, feedback, bugs, info, changelogs and more, go to **<https://discord.gg/tatsumaki>**)
2018-04-24 02:47:34 #no-porn @AndyTheAwesome#9950: No u
2018-04-24 03:06:42 #no-porn @AndyTheAwesome#9950: Why is the discord so clean now
2018-04-24 03:06:53 #no-porn @AndyTheAwesome#9950: This is shit
2018-04-24 19:29:01 #no-porn @Kali_Linux_#1096: @AndyTheAwesome ima add the shiet back
2018-04-24 19:29:19 #no-porn @Kali_Linux_#1096: just the ranks and other shit was fucked to the up
2018-04-24 19:29:23 #no-porn @Kali_Linux_#1096: im adding shit back now
2018-04-24 19:49:17 #no-porn @Kali_Linux_#1096: +help
2018-04-24 19:49:17 #no-porn @Kashima#4514: 
2018-04-24 19:49:17 #no-porn @Kashima#4514 edited message from 2018-04-24 19:49:17 () to read: 
2018-04-26 01:00:30 #no-porn @Kali_Linux_#1096: lmao (attachment url(s): https://cdn.discordapp.com/attachments/404016539793096716/438866930833817603/Capture.PNG)
2018-04-26 01:00:34 #no-porn @Kali_Linux_#1096: @Andrew
2018-04-26 01:00:40 #no-porn @Kali_Linux_#1096: cant even get that anymore
2018-04-26 01:00:41 #no-porn @Kali_Linux_#1096: ...
2018-04-26 10:25:22 #no-porn @AndyTheAwesome#9950: I said something on the Discord about their outdated achievements, lol.
2018-04-26 10:25:55 #no-porn @AndyTheAwesome#9950: I think Chris said he'll take a look whenever, so I'unno.
2018-04-26 19:10:25 #no-porn @Kali_Linux_#1096: lmao
