2018-04-27 00:56:40 this bot joined the server
2018-04-27 00:56:40 Member role add: 'Synapse' role was added to @Synapse#0692
2018-04-27 00:57:21 Member join: @Ghostplay R2#1298 (id 435829986772123658)
2018-04-27 00:57:21 Role created: 'Ghostplay R2' (id 439228521479667742)
2018-04-27 00:57:21 Member role add: 'Ghostplay R2' role was added to @Ghostplay R2#1298
2018-04-27 00:57:21 Member role add: 'Ghostplay R2' role was added to @Ghostplay R2#1298
2018-04-27 01:02:26 Role permissions: 'Synapse' changed from 8 to 262216
2018-04-27 01:02:26 Role position: 'Synapse' changed from 2 to 1
2018-04-27 01:02:26 Role position: 'amybot' changed from 2 to 3
2018-04-27 01:02:26 Role position: 'Discord Services' changed from 3 to 4
2018-04-27 01:02:26 Role position: 'mystiuak ðŸ’Ž' changed from 4 to 5
2018-04-27 01:02:26 Role position: 'New  Rated Level Subscriber' changed from 5 to 6
2018-04-27 01:02:26 Role position: 'New Mod on GD Subscriber' changed from 6 to 7
2018-04-27 01:02:26 Role position: 'New Daily and Weekly Level Suscriber' changed from 7 to 8
2018-04-27 01:02:26 Role position: 'â›”' changed from 8 to 9
2018-04-27 01:02:26 Role position: 'NotSoBot' changed from 9 to 10
2018-04-27 01:02:26 Role position: 'Gay' changed from 10 to 11
2018-04-27 01:02:26 Role position: '0' changed from 11 to 12
2018-04-27 01:02:26 Role position: '0' changed from 12 to 13
2018-04-27 01:02:26 Role position: 'UltimateGDBot' changed from 13 to 14
2018-04-27 01:02:26 Role position: 'unauthorized' changed from 14 to 15
2018-04-27 01:02:26 Role position: 'Members' changed from 15 to 16
2018-04-27 01:02:26 Role position: 'Ultimate Chicken Horse Player' changed from 16 to 17
2018-04-27 01:02:26 Role position: 'Sweedish' changed from 17 to 18
2018-04-27 01:02:26 Role position: 'Overwatch Player' changed from 18 to 19
2018-04-27 01:02:26 Role position: 'Brawlhalla Player' changed from 19 to 20
2018-04-27 01:02:26 Role position: 'YouTube Sponsor' changed from 20 to 21
2018-04-27 01:02:26 Role position: 'CS:GO Player' changed from 21 to 22
2018-04-27 01:02:26 Role position: 'Fortnite Player' changed from 22 to 23
2018-04-27 01:02:26 Role position: 'Geometry Dash Player' changed from 23 to 24
2018-04-27 01:02:26 Role position: 'Rocket League Player' changed from 24 to 25
2018-04-27 01:02:26 Role position: 'OSU Player' changed from 25 to 26
2018-04-27 01:02:26 Role position: 'Terraria Player' changed from 26 to 27
2018-04-27 01:02:26 Role position: 'Minecraft Player' changed from 27 to 28
2018-04-27 01:02:26 Role position: 'Russian' changed from 28 to 29
2018-04-27 01:02:26 Role position: 'Dyno' changed from 29 to 30
2018-04-27 01:02:26 Role position: 'Bots' changed from 30 to 31
2018-04-27 01:02:26 Role position: 'MultiBot' changed from 31 to 32
2018-04-27 01:02:26 Role position: 'Italian' changed from 32 to 33
2018-04-27 01:02:26 Role position: 'German' changed from 33 to 34
2018-04-27 01:02:26 Role position: 'Turk' changed from 34 to 35
2018-04-27 01:02:26 Role position: 'African' changed from 35 to 36
2018-04-27 01:02:26 Role position: 'Australian' changed from 36 to 37
2018-04-27 01:02:26 Role position: 'Lithuanian' changed from 37 to 38
2018-04-27 01:02:26 Role position: 'Brazilian' changed from 38 to 39
2018-04-27 01:02:26 Role position: 'French' changed from 39 to 40
2018-04-27 01:02:26 Role position: 'Spanish' changed from 40 to 41
2018-04-27 01:02:26 Role position: 'English' changed from 41 to 42
2018-04-27 01:02:26 Role position: 'Tatsumaki' changed from 42 to 43
2018-04-27 01:02:26 Role position: 'YAGPDB.xyz' changed from 43 to 44
2018-04-27 01:02:26 Role position: 'YouTubers' changed from 44 to 45
2018-04-27 01:02:26 Role position: 'Famous' changed from 45 to 46
2018-04-27 01:02:26 Role position: 'Designers' changed from 46 to 47
2018-04-27 01:02:26 Role position: 'Artist' changed from 47 to 48
2018-04-27 01:02:26 Role position: 'Active Member' changed from 48 to 49
2018-04-27 01:02:26 Role position: 'Verifiers' changed from 49 to 50
2018-04-27 01:02:26 Role position: 'Creators' changed from 50 to 51
2018-04-27 01:02:26 Role position: 'Talented Creator' changed from 51 to 52
2018-04-27 01:02:26 Role position: 'Creators [CP]' changed from 52 to 53
2018-04-27 01:02:26 Role position: 'Piano God' changed from 53 to 54
2018-04-27 01:02:26 Role position: 'Top 100 Players' changed from 54 to 55
2018-04-27 01:02:26 Role position: 'Top Creators' changed from 55 to 56
2018-04-27 01:02:26 Role position: 'GD Mods' changed from 56 to 57
2018-04-27 01:02:26 Role position: 'Elder Mods' changed from 57 to 58
2018-04-27 01:02:26 Role position: 'MEE6' changed from 58 to 59
2018-04-27 01:02:26 Role position: 'Manager' changed from 59 to 60
2018-04-27 01:02:26 Role position: 'Princess' changed from 60 to 61
2018-04-27 01:02:26 Role position: 'Sexy Team' changed from 61 to 62
2018-04-27 01:02:26 Role position: 'Spanish Team' changed from 62 to 63
2018-04-27 01:02:26 Role position: 'The Machine' changed from 63 to 64
2018-04-27 01:02:26 Role position: 'Restricted' changed from 64 to 65
2018-04-27 01:02:26 Role position: 'Warning 2' changed from 65 to 66
2018-04-27 01:02:26 Role position: 'Warning 1' changed from 66 to 67
2018-04-27 01:02:26 Role position: '<ðŸŒ€ Staff Trainer ðŸŒ€>' changed from 67 to 68
2018-04-27 01:02:26 Role position: '<ðŸ’¼ Staff ðŸ’¼>' changed from 68 to 69
2018-04-27 01:02:26 Role position: '<â­ Server Moderator â­>' changed from 69 to 70
2018-04-27 01:02:26 Role position: '<ðŸ“¯ Server Administrator ðŸ“¯>' changed from 70 to 71
2018-04-27 01:02:26 Role position: '<ðŸ”± Server Captain ðŸ”±>' changed from 71 to 72
2018-04-27 01:02:26 Role position: '<ðŸ’² Server Master ðŸ’²>' changed from 72 to 73
2018-04-27 01:02:26 Role position: '<ðŸŒŸ Co-Owner ðŸŒŸ>' changed from 73 to 74
2018-04-27 01:02:26 Role position: '<ðŸ™‡ RetardedðŸ™‡>' changed from 74 to 75
2018-04-27 01:02:26 Role position: '< ðŸ» ROBLOX DRUNK PLAYER  ðŸ»>' changed from 75 to 76
2018-04-27 01:02:26 Role position: '< âœ…Owners âœ…>' changed from 76 to 77
2018-04-27 01:02:26 Role position: '~*Supreme Party*~' changed from 77 to 78
2018-04-27 01:02:26 Role permissions: 'Ghostplay R2' changed from 268520497 to 268782705
2018-04-27 01:02:26 Role position: 'Ghostplay R2' changed from 1 to 79
2018-04-27 01:04:25 Role hoist: 'Ghostplay R2' is now shown seperately
2018-04-27 01:04:26 Role mentionable: 'Ghostplay R2' is now mentionable
2018-04-27 01:04:29 Role mentionable: 'Ghostplay R2' is no longer mentionable
2018-04-27 01:04:36 Role permissions: 'Ghostplay R2' changed from 268782705 to 2080722175
2018-04-27 01:04:44 Role permissions: 'Ghostplay R2' changed from 2080722175 to 2080898303
2018-04-27 01:04:49 Role permissions: 'Ghostplay R2' changed from 2080898303 to 2146958591
2018-04-27 01:04:51 Role mentionable: 'Ghostplay R2' is now mentionable
2018-04-27 01:05:11 Member role add: 'Bots' role was added to @Ghostplay R2#1298
2018-04-27 01:05:26 Member role add: 'Members' role was added to @Pablino#5581
2018-04-27 01:05:35 Member role add: 'Bots' role was added to @Synapse#0692
2018-04-27 01:09:26 Role created: 'new role' (id 439231562060398592)
2018-04-27 01:09:30 Role renamed: 'new role' to 'GO Bot'
2018-04-27 01:09:32 Role hoist: 'GO Bot' is now shown seperately
2018-04-27 01:09:33 Role mentionable: 'GO Bot' is now mentionable
2018-04-27 01:09:43 Role permissions: 'GO Bot' changed from 37067841 to 2117442815
2018-04-27 01:09:50 Role permissions: 'GO Bot' changed from 2117442815 to 2117598463
2018-04-27 01:09:54 Role permissions: 'GO Bot' changed from 2117598463 to 2146958591
2018-04-27 01:10:28 Role position: 'Synapse' changed from 2 to 1
2018-04-27 01:10:28 Role position: 'UnbelievaBoat' changed from 3 to 2
2018-04-27 01:10:28 Role position: 'amybot' changed from 4 to 3
2018-04-27 01:10:28 Role position: 'Discord Services' changed from 5 to 4
2018-04-27 01:10:28 Role position: 'mystiuak ðŸ’Ž' changed from 6 to 5
2018-04-27 01:10:28 Role position: 'New  Rated Level Subscriber' changed from 7 to 6
2018-04-27 01:10:28 Role position: 'New Mod on GD Subscriber' changed from 8 to 7
2018-04-27 01:10:28 Role position: 'New Daily and Weekly Level Suscriber' changed from 9 to 8
2018-04-27 01:10:28 Role position: 'â›”' changed from 10 to 9
2018-04-27 01:10:28 Role position: 'NotSoBot' changed from 11 to 10
2018-04-27 01:10:28 Role position: 'Gay' changed from 12 to 11
2018-04-27 01:10:28 Role position: '0' changed from 13 to 12
2018-04-27 01:10:28 Role position: '0' changed from 14 to 13
2018-04-27 01:10:28 Role position: 'UltimateGDBot' changed from 15 to 14
2018-04-27 01:10:28 Role position: 'unauthorized' changed from 16 to 15
2018-04-27 01:10:28 Role position: 'Members' changed from 17 to 16
2018-04-27 01:10:28 Role position: 'Ultimate Chicken Horse Player' changed from 18 to 17
2018-04-27 01:10:28 Role position: 'Sweedish' changed from 19 to 18
2018-04-27 01:10:28 Role position: 'Overwatch Player' changed from 20 to 19
2018-04-27 01:10:28 Role position: 'Brawlhalla Player' changed from 21 to 20
2018-04-27 01:10:28 Role position: 'YouTube Sponsor' changed from 22 to 21
2018-04-27 01:10:28 Role position: 'CS:GO Player' changed from 23 to 22
2018-04-27 01:10:28 Role position: 'Fortnite Player' changed from 24 to 23
2018-04-27 01:10:28 Role position: 'Geometry Dash Player' changed from 25 to 24
2018-04-27 01:10:28 Role position: 'Rocket League Player' changed from 26 to 25
2018-04-27 01:10:28 Role position: 'OSU Player' changed from 27 to 26
2018-04-27 01:10:28 Role position: 'Terraria Player' changed from 28 to 27
2018-04-27 01:10:28 Role position: 'Minecraft Player' changed from 29 to 28
2018-04-27 01:10:28 Role position: 'Russian' changed from 30 to 29
2018-04-27 01:10:28 Role position: 'Dyno' changed from 31 to 30
2018-04-27 01:10:28 Role position: 'Bots' changed from 32 to 31
2018-04-27 01:10:28 Role position: 'MultiBot' changed from 33 to 32
2018-04-27 01:10:28 Role position: 'Italian' changed from 34 to 33
2018-04-27 01:10:28 Role position: 'German' changed from 35 to 34
2018-04-27 01:10:28 Role position: 'Turk' changed from 36 to 35
2018-04-27 01:10:28 Role position: 'African' changed from 37 to 36
2018-04-27 01:10:28 Role position: 'Australian' changed from 38 to 37
2018-04-27 01:10:28 Role position: 'Lithuanian' changed from 39 to 38
2018-04-27 01:10:28 Role position: 'Brazilian' changed from 40 to 39
2018-04-27 01:10:28 Role position: 'French' changed from 41 to 40
2018-04-27 01:10:28 Role position: 'Spanish' changed from 42 to 41
2018-04-27 01:10:28 Role position: 'English' changed from 43 to 42
2018-04-27 01:10:28 Role position: 'Tatsumaki' changed from 44 to 43
2018-04-27 01:10:28 Role position: 'YAGPDB.xyz' changed from 45 to 44
2018-04-27 01:10:28 Role position: 'YouTubers' changed from 46 to 45
2018-04-27 01:10:28 Role position: 'Famous' changed from 47 to 46
2018-04-27 01:10:28 Role position: 'Designers' changed from 48 to 47
2018-04-27 01:10:28 Role position: 'Artist' changed from 49 to 48
2018-04-27 01:10:28 Role position: 'Active Member' changed from 50 to 49
2018-04-27 01:10:28 Role position: 'Verifiers' changed from 51 to 50
2018-04-27 01:10:28 Role position: 'Creators' changed from 52 to 51
2018-04-27 01:10:28 Role position: 'Talented Creator' changed from 53 to 52
2018-04-27 01:10:28 Role position: 'Creators [CP]' changed from 54 to 53
2018-04-27 01:10:28 Role position: 'Piano God' changed from 55 to 54
2018-04-27 01:10:28 Role position: 'Top 100 Players' changed from 56 to 55
2018-04-27 01:10:28 Role position: 'Top Creators' changed from 57 to 56
2018-04-27 01:10:28 Role position: 'GD Mods' changed from 58 to 57
2018-04-27 01:10:28 Role position: 'Elder Mods' changed from 59 to 58
2018-04-27 01:10:28 Role position: 'MEE6' changed from 60 to 59
2018-04-27 01:10:28 Role position: 'Manager' changed from 61 to 60
2018-04-27 01:10:28 Role position: 'Princess' changed from 62 to 61
2018-04-27 01:10:28 Role position: 'Sexy Team' changed from 63 to 62
2018-04-27 01:10:28 Role position: 'Spanish Team' changed from 64 to 63
2018-04-27 01:10:28 Role position: 'The Machine' changed from 65 to 64
2018-04-27 01:10:28 Role position: 'Restricted' changed from 66 to 65
2018-04-27 01:10:28 Role position: 'Warning 2' changed from 67 to 66
2018-04-27 01:10:28 Role position: 'Warning 1' changed from 68 to 67
2018-04-27 01:10:28 Role position: '<ðŸŒ€ Staff Trainer ðŸŒ€>' changed from 69 to 68
2018-04-27 01:10:28 Role position: '<ðŸ’¼ Staff ðŸ’¼>' changed from 70 to 69
2018-04-27 01:10:28 Role position: '<â­ Server Moderator â­>' changed from 71 to 70
2018-04-27 01:10:28 Role position: '<ðŸ“¯ Server Administrator ðŸ“¯>' changed from 72 to 71
2018-04-27 01:10:28 Role position: '<ðŸ”± Server Captain ðŸ”±>' changed from 73 to 72
2018-04-27 01:10:28 Role position: '<ðŸ’² Server Master ðŸ’²>' changed from 74 to 73
2018-04-27 01:10:28 Role position: '<ðŸŒŸ Co-Owner ðŸŒŸ>' changed from 75 to 74
2018-04-27 01:10:28 Role position: '<ðŸ™‡ RetardedðŸ™‡>' changed from 76 to 75
2018-04-27 01:10:28 Role position: '< ðŸ» ROBLOX DRUNK PLAYER  ðŸ»>' changed from 77 to 76
2018-04-27 01:10:28 Role position: '< âœ…Owners âœ…>' changed from 78 to 77
2018-04-27 01:10:28 Role position: '~*Supreme Party*~' changed from 79 to 78
2018-04-27 01:10:28 Role position: 'GO Bot' changed from 1 to 79
2018-04-27 01:11:34 Member role add: 'GO Bot' role was added to @Ghostplay R2#1298
2018-04-27 01:13:04 Role deleted: 'Ghostplay R2' (id 439228521479667742)
2018-04-27 01:13:04 Member leave: @Ghostplay R2#1298 (id 435829986772123658)
2018-04-27 01:13:17 Role deleted: 'Synapse' (id 439228354281996308)
2018-04-27 01:13:17 Member leave: @Synapse#0692 (id 435538622293344266)
2018-04-27 01:13:17 this bot left the server
