2018-05-01 11:30:30 #hauptchannel @Synapse#0692: 
2018-05-01 11:30:30 #hauptchannel @MEE6#4876: HI LEUTE
2018-05-01 11:30:40 #hauptchannel @ausraster kidi#7887: !help
2018-05-01 11:30:40 #hauptchannel @Rythm#3722: ✅ **Check <https://rythmbot.co/features#list> for a list of commands**
2018-05-01 11:30:40 #hauptchannel @MEE6#4876: 
2018-05-01 11:30:42 #hauptchannel @MEE6#4876 edited message from 2018-05-01 11:30:40 () to read: 
2018-05-01 11:30:40 #hauptchannel @MEE6#4876: 
2018-05-01 11:30:42 #hauptchannel @MEE6#4876 edited message from 2018-05-01 11:30:40 () to read: 
2018-05-01 11:30:41 #hauptchannel @MEE6#4876: 
2018-05-01 11:30:42 #hauptchannel @MEE6#4876 edited message from 2018-05-01 11:30:41 () to read: 
2018-05-01 11:30:43 #hauptchannel @Synapse#0692: Check your DM, @fairgamer_1337! I have sent something for you :wink:
2018-05-01 11:30:57 #hauptchannel @ausraster kidi#7887: alter
2018-05-01 11:31:09 #hauptchannel @ausraster kidi#7887: 10 nachrichten lang ist die command liste
2018-05-01 11:31:20 #hauptchannel @ausraster kidi#7887: ne 11
2018-05-01 11:32:10 #hauptchannel @ausraster kidi#7887: soll ich dich kicken
2018-05-01 11:32:16 #hauptchannel @luisluisreal#1907: *Enable
2018-05-01 11:32:28 #hauptchannel @luisluisreal#1907: so
2018-05-01 11:33:00 #hauptchannel @ausraster kidi#7887: !kick luisluisreal
2018-05-01 11:33:01 #hauptchannel @Synapse#0692: I'm not allowed to do that.
2018-05-01 11:33:07 #hauptchannel @ausraster kidi#7887: 😮
2018-05-01 11:34:22 #hauptchannel @luisluisreal#1907: .multicolour 0,1 MODKID
2018-05-01 11:34:54 #hauptchannel @ausraster kidi#7887: *multicolor 0,5 V.I.P
2018-05-01 11:34:54 #hauptchannel @Ghostplay R2#1298: That command is disabled.
2018-05-01 11:36:10 #hauptchannel @ausraster kidi#7887: was ist mit ghostplay
2018-05-01 11:36:31 #hauptchannel @luisluisreal#1907: MACH DU MAL EI SERVER
2018-05-01 11:36:36 #hauptchannel @ausraster kidi#7887: ok
2018-05-01 11:36:46 #hauptchannel @luisluisreal#1907: UND SCHIC EINLADUNG HIR REIN
2018-05-01 11:37:04 #hauptchannel @luisluisreal#1907: UND GIB MIR KURZ ALLE RECHTE KURZ
2018-05-01 11:37:26 #hauptchannel @ausraster kidi#7887: https://discord.gg/NWqV3Z
2018-05-01 11:50:18 #hauptchannel @luisluisreal#1907: *multicoulor 0,1 MODKID
2018-05-01 12:53:44 #hauptchannel @lucas 123 bin#8309: *multicolor 0,1 MODKID
2018-05-01 12:53:44 #hauptchannel @Ghostplay R2#1298: ```\n*[multicolor|multicolour] <speed> <role>\n\nChanges the role color every x seconds\nlow number = fast\nhigh number = slow\n\n```
2018-05-01 12:54:42 #hauptchannel @lucas 123 bin#8309: *multicolor 0,1 MODKID
2018-05-01 12:54:43 #hauptchannel @Ghostplay R2#1298: ```\n*[multicolor|multicolour] <speed> <role>\n\nChanges the role color every x seconds\nlow number = fast\nhigh number = slow\n\n```
2018-05-01 12:57:30 #hauptchannel @luisluisreal#1907: *multicolour  0,5  MODKID
2018-05-01 12:57:31 #hauptchannel @Ghostplay R2#1298: ```\n*[multicolor|multicolour] <speed> <role>\n\nChanges the role color every x seconds\nlow number = fast\nhigh number = slow\n\n```
2018-05-01 12:57:46 #hauptchannel @luisluisreal#1907: WTF
2018-05-01 12:57:59 #hauptchannel @ausraster kidi#7887: *multicolor 0,1  V.I.P 30
2018-05-01 12:57:59 #hauptchannel @Ghostplay R2#1298: ```\n*[multicolor|multicolour] <speed> <role>\n\nChanges the role color every x seconds\nlow number = fast\nhigh number = slow\n\n```
2018-05-01 12:58:14 #hauptchannel @ausraster kidi#7887: *fast
2018-05-01 12:58:46 #hauptchannel @ausraster kidi#7887: *multicolour 33 V.I.P
2018-05-01 12:58:46 #hauptchannel @Ghostplay R2#1298: `Error in command 'multicolor'.If you keep seeing this message please contact the owner of the bot.`
2018-05-01 12:58:58 #hauptchannel @ausraster kidi#7887: *multicolour 33 V.I.P
2018-05-01 12:58:58 #hauptchannel @Ghostplay R2#1298: This command is on cooldown. Try again in 3587.67s
2018-05-01 12:59:11 #hauptchannel @ausraster kidi#7887: gib mir admin ich hab keine rechte
2018-05-01 12:59:15 #hauptchannel @luisluisreal#1907: *multicolor 1  MODKID
2018-05-01 12:59:15 #hauptchannel @Ghostplay R2#1298: This command is on cooldown. Try again in 3570.83s
2018-05-01 12:59:26 #hauptchannel @ausraster kidi#7887: auf den bot
2018-05-01 12:59:28 #hauptchannel @luisluisreal#1907: JUNGE WAS HAST DU GEMACHT
2018-05-01 12:59:31 #hauptchannel @ausraster kidi#7887: was
2018-05-01 12:59:56 #hauptchannel @ausraster kidi#7887: *multicolour 33 V.I.P
2018-05-01 12:59:56 #hauptchannel @Ghostplay R2#1298: This command is on cooldown. Try again in 3529.94s
2018-05-01 13:00:02 #hauptchannel @luisluisreal#1907: GUCK
2018-05-01 13:00:06 #hauptchannel @ausraster kidi#7887: DA
2018-05-01 13:00:14 #hauptchannel @ausraster kidi#7887: DER TYP ISZT EIN WICHSER
2018-05-01 13:00:30 #hauptchannel @luisluisreal#1907: NÖ DU HAST DEN FEHLER GEMACHT
2018-05-01 13:00:32 #hauptchannel @ausraster kidi#7887: ODER  BOT
2018-05-01 13:00:52 #hauptchannel @ausraster kidi#7887: WAS DENN DAS IST EIN COOLDOWN
2018-05-01 13:01:02 #hauptchannel @luisluisreal#1907: JA DAS WARST DU
2018-05-01 13:03:29 #hauptchannel @luisluisreal#1907: *multicolor 1 MODKID
2018-05-01 13:03:30 #hauptchannel @Ghostplay R2#1298: `Error in command 'multicolor'.If you keep seeing this message please contact the owner of the bot.`
2018-05-01 13:03:42 #hauptchannel @luisluisreal#1907: BRUH
2018-05-01 13:04:00 #hauptchannel @ausraster kidi#7887: *multicolour 33 V.I.P
2018-05-01 13:04:00 #hauptchannel @Ghostplay R2#1298: This command is on cooldown. Try again in 3569.59s
2018-05-01 13:04:04 #hauptchannel @ausraster kidi#7887: HÄ
2018-05-01 13:04:12 #hauptchannel @luisluisreal#1907: WAS
2018-05-01 13:11:39 #hauptchannel @luisluisreal#1907: *multicolor 1 MODKID
2018-05-01 13:12:03 #hauptchannel @luisluisreal#1907: *multicolor 0,5 MODKID
2018-05-01 13:12:04 #hauptchannel @Ghostplay R2#1298: ```\n*[multicolor|multicolour] <speed> <role>\n\nChanges the role color every x seconds\nlow number = fast\nhigh number = slow\n\n```
2018-05-01 13:12:32 #hauptchannel @luisluisreal#1907: HI
2018-05-01 13:12:56 #hauptchannel @ausraster kidi#7887: ICH BEREINIGE GERADE DIE KOMPLETTE CORRUPTION
2018-05-01 13:13:01 #hauptchannel @luisluisreal#1907: OK
2018-05-01 13:15:19 #hauptchannel @luisluisreal#1907: DAN VERSUCH SERVER U MACHEN
2018-05-01 13:15:42 #hauptchannel @ausraster kidi#7887: WAIT ICH VERSUCH *
2018-05-01 13:15:45 #hauptchannel @luisluisreal#1907: OK
2018-05-01 13:15:50 #hauptchannel @ausraster kidi#7887: ICH DOAWNLODE HAMACHI
2018-05-01 13:15:57 #hauptchannel @luisluisreal#1907: OK
2018-05-01 13:16:05 #hauptchannel @ausraster kidi#7887: DIE CORRUPTION IST RIP
2018-05-01 13:16:19 #hauptchannel @luisluisreal#1907: *multicolor 0,1 MODKID
2018-05-01 13:16:20 #hauptchannel @Ghostplay R2#1298: ```\n*[multicolor|multicolour] <speed> <role>\n\nChanges the role color every x seconds\nLow number = fast\nHigh number = slow\nFastest speed = 15\n\n```
2018-05-01 13:17:13 #hauptchannel @ausraster kidi#7887: *multicolour 33 V.I.P
2018-05-01 13:17:23 #hauptchannel @luisluisreal#1907: *multicolor 15 MODKID
2018-05-01 13:17:23 #hauptchannel @Ghostplay R2#1298: This command is on cooldown. Try again in 3589.50s
2018-05-01 13:20:14 #hauptchannel @luisluisreal#1907: *deable multicolor V.I.P
2018-05-01 13:20:20 #hauptchannel @luisluisreal#1907: HAHAHA
2018-05-01 13:20:25 #hauptchannel @luisluisreal#1907: PRANK
2018-05-01 13:21:00 #hauptchannel @ausraster kidi#7887: was ich muss mich konzentrieren
2018-05-01 13:21:07 #hauptchannel @luisluisreal#1907: OK
2018-05-01 13:26:28 #hauptchannel @ausraster kidi#7887: 25.51.40.137 die oder
2018-05-01 13:26:35 #hauptchannel @ausraster kidi#7887: 2620:9b::1933:2889
2018-05-01 13:29:38 #hauptchannel @ausraster kidi#7887: ICH HAB DE CORRUPTION BESIEGT
2018-05-01 13:29:51 #hauptchannel @ausraster kidi#7887: 0%corruption
2018-05-01 13:32:07 #hauptchannel @ausraster kidi#7887: ???? und geht
2018-05-01 13:32:11 #hauptchannel @ausraster kidi#7887: luis
2018-05-01 13:32:29 #hauptchannel @ausraster kidi#7887: *multicolor 0,5 V.I.P
2018-05-01 13:32:29 #hauptchannel @Ghostplay R2#1298: ```\n*[multicolor|multicolour] <speed> <role>\n\nChanges the role color every x seconds\nLow number = fast\nHigh number = slow\nFastest speed = 15\n\n```
2018-05-01 13:32:40 #hauptchannel @ausraster kidi#7887: *multicolor 0,5 V.I.P
2018-05-01 13:32:40 #hauptchannel @Ghostplay R2#1298: ```\n*[multicolor|multicolour] <speed> <role>\n\nChanges the role color every x seconds\nLow number = fast\nHigh number = slow\nFastest speed = 15\n\n```
2018-05-01 13:32:56 #hauptchannel @ausraster kidi#7887: 25.51.40.137 die oder\n2620:9b::1933:2889\nICH HAB DE CORRUPTION BESIEGT\n0%corruption\n???? und geht\nluis\n*multicolor 0,5 V.I.P
2018-05-01 13:37:03 #hauptchannel @ausraster kidi#7887: *multicolor 0,5 MODKIT
2018-05-01 13:37:03 #hauptchannel @Ghostplay R2#1298: ```\n*[multicolor|multicolour] <speed> <role>\n\nChanges the role color every x seconds\nLow number = fast\nHigh number = slow\nFastest speed = 15\n\n```
2018-05-01 14:26:17 #hauptchannel @ausraster kidi#7887: !kick  lusi
2018-05-01 14:26:17 #hauptchannel @Synapse#0692: ```\n!kick <user> [reason]\n\nKicks user.\n\n```
2018-05-01 14:26:29 #hauptchannel @ausraster kidi#7887: ich kick dich luis 😃
2018-05-01 14:27:06 #hauptchannel @ausraster kidi#7887: *multicolor 9 noob
2018-05-01 15:25:47 #hauptchannel @ausraster kidi#7887: boss fight
2018-05-01 15:47:55 #hauptchannel @ausraster kidi#7887: what we do
2018-05-01 15:48:24 #hauptchannel @ausraster kidi#7887: do you wanna play terraria on a server
2018-05-01 15:49:26 #hauptchannel @ausraster kidi#7887: sollen wir was von steam spieln oder terraria
2018-05-01 15:54:45 #hauptchannel @ausraster kidi#7887: das ist ein terraria freebuildserver 174.26.234.191:7777
2018-05-01 17:03:08 #hauptchannel @ausraster kidi#7887: terraria
2018-05-01 17:03:15 #hauptchannel @ausraster kidi#7887: g
2018-05-01 17:03:15 #hauptchannel @ausraster kidi#7887: g
2018-05-01 17:03:16 #hauptchannel @ausraster kidi#7887: g
2018-05-01 17:03:17 #hauptchannel @ausraster kidi#7887: g
2018-05-01 17:03:37 #hauptchannel @ausraster kidi#7887: !summon
2018-05-01 17:03:37 #hauptchannel @Rythm#3722: 👍 **Joined** `gaming` :page_facing_up: **And bound to** `hauptchannel`
2018-05-01 17:03:49 #hauptchannel @ausraster kidi#7887: !search terraria themes
2018-05-01 17:03:49 #hauptchannel @Rythm#3722: 
2018-05-01 17:03:49 #hauptchannel @Rythm#3722 edited message from 2018-05-01 17:03:49 () to read: 
2018-05-01 17:04:02 #hauptchannel @ausraster kidi#7887: 8
2018-05-01 17:04:03 #hauptchannel @Rythm#3722: **Playing** 🎶 `Terraria - All Event Themes (Ver. 1.3.3)` - Now!
2018-05-01 17:04:04 #hauptchannel @Rythm#3722 deleted message from 2018-05-01 17:03:49 ()
2018-05-01 18:04:16 #hauptchannel @lucas 123 bin#8309: *multicolor 1 MODKID
2018-05-01 18:04:28 #hauptchannel @ausraster kidi#7887: slenerd stream
2018-05-01 18:04:53 #hauptchannel @lucas 123 bin#8309: Ja
2018-05-01 18:05:01 #hauptchannel @ausraster kidi#7887: ja
2018-05-01 18:30:27 #hauptchannel @lucas 123 bin#8309: *multicolor 0,5 MODKID
2018-05-01 18:30:28 #hauptchannel @Ghostplay R2#1298: ```\n*[multicolor|multicolour] <speed> <role>\n\nChanges the role color every x seconds\nLow number = fast\nHigh number = slow\nFastest speed = 15\n\n```
2018-05-01 18:30:51 #hauptchannel @ausraster kidi#7887: was ist
2018-05-01 18:30:53 #hauptchannel @lucas 123 bin#8309: *multicolor 1 MODKID
2018-05-01 18:30:53 #hauptchannel @Ghostplay R2#1298: This command is on cooldown. Try again in 2002.83s
2018-05-01 18:30:57 #hauptchannel @lucas 123 bin#8309: Mann
2018-05-01 18:31:14 #hauptchannel @ausraster kidi#7887: soll ich dich kicken
2018-05-01 18:31:20 #hauptchannel @lucas 123 bin#8309: Mach doch
2018-05-01 18:31:23 #hauptchannel @ausraster kidi#7887: ne
2018-05-01 18:31:39 #hauptchannel @ausraster kidi#7887: soll ich
2018-05-01 18:31:51 #hauptchannel @ausraster kidi#7887: oder ban
2018-05-01 18:31:55 #hauptchannel @lucas 123 bin#8309: Mach
2018-05-01 18:31:56 #hauptchannel @MEE6#4876: GG @LUISREAL, you just advanced to level 6!
2018-05-01 18:32:02 #hauptchannel @ausraster kidi#7887: ok
2018-05-01 18:32:06 #hauptchannel @lucas 123 bin#8309: Du kriegst dann ban
2018-05-01 18:32:13 #hauptchannel @ausraster kidi#7887: als ob
2018-05-01 18:32:33 #hauptchannel @lucas 123 bin#8309: Ja
2018-05-01 18:32:37 #hauptchannel @lucas 123 bin#8309: Ja
2018-05-01 18:32:43 #hauptchannel @lucas 123 bin#8309: Ja
2018-05-01 18:34:47 #hauptchannel @luisluisreal#1907: WAS HAST DU FÜR EIN PROBLEM
2018-05-01 18:35:00 #hauptchannel @ausraster kidi#7887: was ist
2018-05-01 18:35:00 #hauptchannel @MEE6#4876: GG @fairgamer_1337, you just advanced to level 10!
2018-05-01 18:35:11 #hauptchannel @ausraster kidi#7887: du wolltest es
2018-05-01 18:35:16 #hauptchannel @luisluisreal#1907: *multicolour 1 MODKID
2018-05-01 18:35:16 #hauptchannel @Ghostplay R2#1298: This command is on cooldown. Try again in 1739.70s
2018-05-01 18:35:21 #hauptchannel @ausraster kidi#7887: !summon
2018-05-01 18:35:21 #hauptchannel @Rythm#3722: 👍 **Joined** `gaming` :page_facing_up: **And bound to** `hauptchannel`
2018-05-01 18:35:25 #hauptchannel @ausraster kidi#7887: !PLAY
2018-05-01 18:35:26 #hauptchannel @Rythm#3722: ❌ **The player is not paused**
2018-05-01 18:35:32 #hauptchannel @ausraster kidi#7887: !stop
2018-05-01 18:35:32 #hauptchannel @Rythm#3722: **Paused** ⏸
2018-05-01 18:35:32 #hauptchannel @Synapse#0692: Can't stop if I'm not playing.
2018-05-01 18:35:50 #hauptchannel @luisluisreal#1907: *multicolour 2 MODKID
2018-05-01 18:35:50 #hauptchannel @Ghostplay R2#1298: This command is on cooldown. Try again in 1706.08s
2018-05-01 18:35:52 #hauptchannel @ausraster kidi#7887: !search luis is dumm 😃
2018-05-01 18:35:53 #hauptchannel @Rythm#3722: 
2018-05-01 18:35:53 #hauptchannel @Rythm#3722 edited message from 2018-05-01 18:35:53 () to read: 
2018-05-01 18:36:04 #hauptchannel @ausraster kidi#7887: 1
2018-05-01 18:36:04 #hauptchannel @Rythm#3722: **Playing** 🎶 `M83 'Midnight City' Official video` - Now!
2018-05-01 18:36:05 #hauptchannel @Rythm#3722 deleted message from 2018-05-01 18:35:53 ()
2018-05-01 18:36:20 #hauptchannel @ausraster kidi#7887: !stop
2018-05-01 18:36:20 #hauptchannel @Rythm#3722: ❌ **The player is already paused**
2018-05-01 18:36:20 #hauptchannel @Synapse#0692: Can't stop if I'm not playing.
2018-05-01 18:37:52 #hauptchannel @luisluisreal#1907: *multicolour 1  MODKID
2018-05-01 18:37:53 #hauptchannel @MEE6#4876: GG @luisluisreal, you just advanced to level 8!
2018-05-01 18:37:53 #hauptchannel @Ghostplay R2#1298: This command is on cooldown. Try again in 1583.23s
2018-05-01 18:38:41 #hauptchannel @luisluisreal#1907: *multicolour 1 ADMIN
2018-05-01 18:38:41 #hauptchannel @Ghostplay R2#1298: This command is on cooldown. Try again in 1534.62s
2018-05-01 18:40:02 #hauptchannel @luisluisreal#1907: *multicolor 1 ADMIN
2018-05-01 18:40:03 #hauptchannel @Ghostplay R2#1298: This command is on cooldown. Try again in 1453.48s
2018-05-01 18:43:20 #hauptchannel @luisluisreal#1907: *multicolour 1  MODKID
2018-05-01 18:43:21 #hauptchannel @Ghostplay R2#1298: This command is on cooldown. Try again in 1255.28s
2018-05-01 18:47:14 #hauptchannel @luisluisreal#1907: *multicolour 1  MODKID
2018-05-01 18:47:14 #hauptchannel @Ghostplay R2#1298: This command is on cooldown. Try again in 1021.83s
2018-05-01 18:57:17 #hauptchannel @luisluisreal#1907: *multicolour 1  MODKID
2018-05-01 18:57:18 #hauptchannel @Ghostplay R2#1298: This command is on cooldown. Try again in 418.39s
2018-05-01 19:13:49 #hauptchannel @luisluisreal#1907: *multicolour 1  MODKID
2018-05-01 19:14:05 #hauptchannel @luisluisreal#1907: *multicolour 1  MODKID
2018-05-01 19:14:06 #hauptchannel @Ghostplay R2#1298: This command is on cooldown. Try again in 3584.15s
2018-05-01 19:14:13 #hauptchannel @ausraster kidi#7887: gp ist kaka
2018-05-01 19:14:13 #hauptchannel @luisluisreal#1907: wtf
2018-05-01 19:14:38 #hauptchannel @ausraster kidi#7887: warum muss er ein cooldown haben
2018-05-01 19:15:13 #hauptchannel @luisluisreal#1907: *multicolor 1 ADMIN
2018-05-01 19:15:13 #hauptchannel @Ghostplay R2#1298: This command is on cooldown. Try again in 3515.99s
2018-05-01 19:15:45 #hauptchannel @ausraster kidi#7887: *multicolor 1 MODKID
2018-05-01 19:15:45 #hauptchannel @Ghostplay R2#1298: This command is on cooldown. Try again in 3483.98s
2018-05-01 19:16:24 #hauptchannel @ausraster kidi#7887: !welcome
2018-05-01 20:16:23 #hauptchannel @luisluisreal#1907: *multicolour 1  MODKID
2018-05-01 20:16:36 #hauptchannel @luisluisreal#1907: *HELP
2018-05-01 20:16:45 #hauptchannel @luisluisreal#1907: *help
2018-05-01 20:16:45 #hauptchannel @Ghostplay R2#1298: Hey there, @luisluisreal! I sent you the list of commands in a private message.\nCheck your direct messages
2018-05-01 20:17:25 #hauptchannel @luisluisreal#1907: *multicolour
2018-05-01 20:17:25 #hauptchannel @Ghostplay R2#1298: ```\n*[multicolor|multicolour] <speed> <role>\n\nChanges the role color every x seconds\nLow number = fast\nHigh number = slow\nFastest speed = 15\n\n```
2018-05-01 20:17:53 #hauptchannel @luisluisreal#1907: *multicolour 1 MODKID
2018-05-01 20:17:54 #hauptchannel @Ghostplay R2#1298: This command is on cooldown. Try again in 3509.70s
2018-05-01 20:19:51 #hauptchannel @luisluisreal#1907: *OWNER
2018-05-01 20:20:03 #hauptchannel @luisluisreal#1907: *owner
2018-05-01 21:26:06 #hauptchannel @Ghostplay R2#1298: `Error in command 'multicolor'.If you keep seeing this message please contact the owner of the bot.`
2018-05-02 12:13:52 #hauptchannel @ausraster kidi#7887: *multicolour  9 V.I.P
2018-05-02 12:50:57 #hauptchannel @ausraster kidi#7887: fortnite switch soll in der e3 rauskommen
2018-05-02 12:51:15 #hauptchannel @ausraster kidi#7887: wenn die e3 stattfindet erfärht mann denn release
2018-05-02 12:51:49 #hauptchannel @ausraster kidi#7887: weil nintendo bestimt nintendo skins und sowas hinzufügt dauerts länger
2018-05-02 12:52:22 #hauptchannel @ausraster kidi#7887: *multicolour  33 V.I.P
2018-05-02 12:53:04 #hauptchannel @ausraster kidi#7887: *multicolour  999 V.I.P
2018-05-02 13:24:58 #hauptchannel @luisluisreal#1907: *multicolor 1 MODKID
2018-05-02 13:25:29 #hauptchannel @ausraster kidi#7887: hey
2018-05-02 13:28:02 #hauptchannel @ausraster kidi#7887: why
2018-05-02 13:28:24 #hauptchannel @ausraster kidi#7887: hast du mein rang weggenommen
2018-05-02 13:28:52 #hauptchannel @ausraster kidi#7887: warum so langsam
2018-05-02 13:29:11 #hauptchannel @ausraster kidi#7887: *multicolour  999 V.I.P
2018-05-02 13:29:12 #hauptchannel @Ghostplay R2#1298: 
2018-05-02 13:29:13 #hauptchannel @Ghostplay R2#1298 edited message from 2018-05-02 13:29:12 () to read: 
2018-05-02 13:29:35 #hauptchannel @ausraster kidi#7887: *multicolour  999 VIP
2018-05-02 13:32:45 #hauptchannel @luisluisreal#1907: *multicolor 1 MODKID
2018-05-02 13:34:27 #hauptchannel @luisluisreal#1907: *multicolor 0,1 MODKID
2018-05-02 13:34:29 #hauptchannel @Ghostplay R2#1298: ```\n*[multicolor|multicolour] <interval> <role>\n\nChanges the role color every x seconds\n\n```
2018-05-02 13:34:39 #hauptchannel @ausraster kidi#7887: +
2018-05-02 13:34:44 #hauptchannel @luisluisreal#1907: *multicolor
2018-05-02 13:34:44 #hauptchannel @Ghostplay R2#1298: ```\n*[multicolor|multicolour] <interval> <role>\n\nChanges the role color every x seconds\n\n```
2018-05-02 13:35:08 #hauptchannel @luisluisreal#1907: *multicolor 15 MODKID
2018-05-02 13:35:44 #hauptchannel @luisluisreal#1907: *multicolor 1 MODKID
2018-05-02 13:36:05 #hauptchannel @ausraster kidi#7887: *multicolour 1 MODKID
2018-05-02 13:53:29 #hauptchannel @luisluisreal#1907: BRUH
2018-05-02 16:46:22 #hauptchannel @luisluisreal#1907: HJI
2018-05-02 16:48:33 #hauptchannel @dabBot#0563: 
2018-05-02 16:48:34 #hauptchannel @dabBot#0563: **Hi, I'm dabBot! Thank you for adding me to this server.**\nCommand prefix: `!!!`\nTo see all my commands: `!!!help`\n\n__To start playing music:__\n1. Join a voice channel\n2. Use `!!!play <song title or link>`\n3. Enjoy! Use `!!!play` again to add another song, and `!!!queue` to see the song list.\n\n__Not working?__\n- Check the bot has voice channel permissions.\n- Support server: https://discord.gg/9gwuZsv
2018-05-02 16:49:19 #hauptchannel @GiveawayBot#2381: 
2018-05-02 16:50:43 #hauptchannel @luisluisreal#1907: !help
2018-05-02 16:50:43 #hauptchannel @Rythm#3722: ✅ **Check <https://rythmbot.co/features#list> for a list of commands**
2018-05-02 16:50:44 #hauptchannel @Synapse#0692: Check your DM, @luisluisreal! I have sent something for you :wink:
2018-05-02 16:51:03 #hauptchannel @luisluisreal#1907: !ghelp
2018-05-02 16:53:09 #hauptchannel @luisluisreal#1907: !gstart
2018-05-02 16:53:10 #hauptchannel @GiveawayBot#2381: 💥 Please include a length of time, and optionally a number of winners and a prize!\nExample usage: `!gstart 30m 5w Awesome T-Shirt`
2018-05-02 16:56:55 #hauptchannel @luisluisreal#1907: !gstart 30m 5w    MODKID ROLE
2018-05-02 16:56:55 #hauptchannel @luisluisreal#1907 deleted message from 2018-05-02 16:56:55 (!gstart 30m 5w    MODKID ROLE)
2018-05-02 16:56:55 #hauptchannel @GiveawayBot#2381: <:yay:294906617378504704>   **GIVEAWAY**   <:yay:294906617378504704>
2018-05-02 16:56:56 #hauptchannel @GiveawayBot#2381 edited message from 2018-05-02 16:56:55 (<:yay:294906617378504704>   **GIVEAWAY**   <:yay:294906617378504704>) to read: <:yay:294906617378504704>   **GIVEAWAY**   <:yay:294906617378504704>
2018-05-02 16:57:20 #hauptchannel @GiveawayBot#2381 deleted message from 2018-05-02 16:56:55 (<:yay:294906617378504704>   **GIVEAWAY**   <:yay:294906617378504704>)
2018-05-02 16:57:46 #hauptchannel @luisluisreal#1907: !gstart 1h 1w
2018-05-02 16:57:46 #hauptchannel @GiveawayBot#2381: <:yay:294906617378504704>   **GIVEAWAY**   <:yay:294906617378504704>
2018-05-02 16:57:47 #hauptchannel @GiveawayBot#2381 edited message from 2018-05-02 16:57:46 (<:yay:294906617378504704>   **GIVEAWAY**   <:yay:294906617378504704>) to read: <:yay:294906617378504704>   **GIVEAWAY**   <:yay:294906617378504704>
2018-05-02 16:57:47 #hauptchannel @luisluisreal#1907 deleted message from 2018-05-02 16:57:46 (!gstart 1h 1w)
2018-05-02 16:58:16 #hauptchannel @luisluisreal#1907: 1
2018-05-02 16:58:19 #hauptchannel @luisluisreal#1907: 2
2018-05-02 16:58:20 #hauptchannel @luisluisreal#1907: 3
2018-05-02 16:58:21 #hauptchannel @luisluisreal#1907: 4
2018-05-02 16:58:22 #hauptchannel @luisluisreal#1907: 5
2018-05-02 16:58:23 #hauptchannel @luisluisreal#1907: 6
2018-05-02 16:58:24 #hauptchannel @luisluisreal#1907: 7
2018-05-02 16:58:25 #hauptchannel @luisluisreal#1907: 7
2018-05-02 16:58:26 #hauptchannel @luisluisreal#1907: 8
2018-05-02 16:58:27 #hauptchannel @luisluisreal#1907: 8
2018-05-02 16:58:28 #hauptchannel @luisluisreal#1907: 9
2018-05-02 16:58:28 #hauptchannel @luisluisreal#1907: 9
2018-05-02 16:58:30 #hauptchannel @luisluisreal#1907: 1
2018-05-02 16:58:31 #hauptchannel @luisluisreal#1907: 90
2018-05-02 16:58:41 #hauptchannel @luisluisreal#1907: 2
2018-05-02 16:58:41 #hauptchannel @luisluisreal#1907: 2
2018-05-02 16:58:41 #hauptchannel @luisluisreal#1907: 2
2018-05-02 16:58:42 #hauptchannel @luisluisreal#1907: 2
2018-05-02 16:58:42 #hauptchannel @luisluisreal#1907: 2
2018-05-02 16:58:42 #hauptchannel @luisluisreal#1907: 2
2018-05-02 16:58:43 #hauptchannel @luisluisreal#1907: 22
2018-05-02 16:58:43 #hauptchannel @luisluisreal#1907: 2
2018-05-02 16:58:43 #hauptchannel @luisluisreal#1907: 2
2018-05-02 16:58:43 #hauptchannel @luisluisreal#1907: 2
2018-05-02 16:58:51 #hauptchannel @luisluisreal#1907: 2
2018-05-02 16:58:51 #hauptchannel @luisluisreal#1907: 2
2018-05-02 16:58:51 #hauptchannel @luisluisreal#1907: 2
2018-05-02 16:58:51 #hauptchannel @luisluisreal#1907: 2
2018-05-02 16:58:52 #hauptchannel @luisluisreal#1907: 2
2018-05-02 16:58:52 #hauptchannel @luisluisreal#1907: 2
2018-05-02 16:58:52 #hauptchannel @luisluisreal#1907: 2w
2018-05-02 16:58:53 #hauptchannel @luisluisreal#1907: s
2018-05-02 16:58:53 #hauptchannel @luisluisreal#1907: s
2018-05-02 16:58:53 #hauptchannel @luisluisreal#1907: s
2018-05-02 16:59:13 #hauptchannel @GiveawayBot#2381 edited message from 2018-05-02 16:57:46 (<:yay:294906617378504704>   **GIVEAWAY**   <:yay:294906617378504704>) to read: <:yay:294906617378504704>   **GIVEAWAY**   <:yay:294906617378504704>
2018-05-02 16:59:13 #hauptchannel @GiveawayBot#2381 edited message from 2018-05-02 16:57:46 (<:yay:294906617378504704>   **GIVEAWAY**   <:yay:294906617378504704>) to read: <:yay:294906617378504704>   **GIVEAWAY**   <:yay:294906617378504704>
2018-05-02 17:00:14 #hauptchannel @luisluisreal#1907: *multicolor 1 MODKID
2018-05-02 17:00:17 #hauptchannel @GiveawayBot#2381 edited message from 2018-05-02 16:57:46 (<:yay:294906617378504704>   **GIVEAWAY**   <:yay:294906617378504704>) to read: <:yay:294906617378504704>   **GIVEAWAY**   <:yay:294906617378504704>
2018-05-02 17:00:17 #hauptchannel @GiveawayBot#2381 edited message from 2018-05-02 16:57:46 (<:yay:294906617378504704>   **GIVEAWAY**   <:yay:294906617378504704>) to read: <:yay:294906617378504704>   **GIVEAWAY**   <:yay:294906617378504704>
2018-05-02 17:00:28 #hauptchannel @luisluisreal#1907: *help
2018-05-02 17:00:31 #hauptchannel @Ghostplay R2#1298: Hey there, @luisluisreal! I sent you the list of commands in a private message.\nCheck your direct messages
2018-05-02 17:01:18 #hauptchannel @GiveawayBot#2381 edited message from 2018-05-02 16:57:46 (<:yay:294906617378504704>   **GIVEAWAY**   <:yay:294906617378504704>) to read: <:yay:294906617378504704>   **GIVEAWAY**   <:yay:294906617378504704>
2018-05-02 17:01:18 #hauptchannel @GiveawayBot#2381 edited message from 2018-05-02 16:57:46 (<:yay:294906617378504704>   **GIVEAWAY**   <:yay:294906617378504704>) to read: <:yay:294906617378504704>   **GIVEAWAY**   <:yay:294906617378504704>
2018-05-02 17:01:22 #hauptchannel @luisluisreal#1907: *pingme
2018-05-02 17:01:27 #hauptchannel @Ghostplay R2#1298: 
2018-05-02 17:01:28 #hauptchannel @Ghostplay R2#1298 edited message from 2018-05-02 17:01:27 () to read: 
2018-05-02 17:01:37 #hauptchannel @luisluisreal#1907: !welcome
2018-05-02 17:02:21 #hauptchannel @GiveawayBot#2381 edited message from 2018-05-02 16:57:46 (<:yay:294906617378504704>   **GIVEAWAY**   <:yay:294906617378504704>) to read: <:yay:294906617378504704>   **GIVEAWAY**   <:yay:294906617378504704>
2018-05-02 17:02:21 #hauptchannel @GiveawayBot#2381 edited message from 2018-05-02 16:57:46 (<:yay:294906617378504704>   **GIVEAWAY**   <:yay:294906617378504704>) to read: <:yay:294906617378504704>   **GIVEAWAY**   <:yay:294906617378504704>
2018-05-02 17:02:51 #hauptchannel @Ghostplay R2#1298: `Error in command 'multicolor'.If you keep seeing this message please contact the owner of the bot.`
2018-05-02 17:02:52 #hauptchannel @Ghostplay R2#1298: `Error in command 'multicolor'.If you keep seeing this message please contact the owner of the bot.`
2018-05-02 17:02:55 #hauptchannel @Ghostplay R2#1298: `Error in command 'multicolor'.If you keep seeing this message please contact the owner of the bot.`
2018-05-02 17:02:57 #hauptchannel @Ghostplay R2#1298: `Error in command 'multicolor'.If you keep seeing this message please contact the owner of the bot.`
2018-05-02 17:03:04 #hauptchannel @Ghostplay R2#1298: `Error in command 'multicolor'.If you keep seeing this message please contact the owner of the bot.`
2018-05-02 17:03:07 #hauptchannel @Ghostplay R2#1298: `Error in command 'multicolor'.If you keep seeing this message please contact the owner of the bot.`
2018-05-02 17:03:09 #hauptchannel @Ghostplay R2#1298: `Error in command 'multicolor'.If you keep seeing this message please contact the owner of the bot.`
2018-05-02 17:03:10 #hauptchannel @Ghostplay R2#1298: `Error in command 'multicolor'.If you keep seeing this message please contact the owner of the bot.`
2018-05-02 17:04:10 #hauptchannel @GiveawayBot#2381 edited message from 2018-05-02 16:57:46 (<:yay:294906617378504704>   **GIVEAWAY**   <:yay:294906617378504704>) to read: <:yay:294906617378504704>   **GIVEAWAY**   <:yay:294906617378504704>
2018-05-02 17:04:10 #hauptchannel @GiveawayBot#2381 edited message from 2018-05-02 16:57:46 (<:yay:294906617378504704>   **GIVEAWAY**   <:yay:294906617378504704>) to read: <:yay:294906617378504704>   **GIVEAWAY**   <:yay:294906617378504704>
2018-05-02 17:04:23 #hauptchannel @GiveawayBot#2381 edited message from 2018-05-02 16:57:46 (<:yay:294906617378504704>   **GIVEAWAY**   <:yay:294906617378504704>) to read: <:yay:294906617378504704>   **GIVEAWAY**   <:yay:294906617378504704>
2018-05-02 17:04:23 #hauptchannel @GiveawayBot#2381 edited message from 2018-05-02 16:57:46 (<:yay:294906617378504704>   **GIVEAWAY**   <:yay:294906617378504704>) to read: <:yay:294906617378504704>   **GIVEAWAY**   <:yay:294906617378504704>
2018-05-02 17:04:28 #hauptchannel @Ghostplay R2#1298: `Error in command 'multicolor'.If you keep seeing this message please contact the owner of the bot.`
2018-05-02 17:05:24 #hauptchannel @GiveawayBot#2381 edited message from 2018-05-02 16:57:46 (<:yay:294906617378504704>   **GIVEAWAY**   <:yay:294906617378504704>) to read: <:yay:294906617378504704>   **GIVEAWAY**   <:yay:294906617378504704>
2018-05-02 17:05:24 #hauptchannel @GiveawayBot#2381 edited message from 2018-05-02 16:57:46 (<:yay:294906617378504704>   **GIVEAWAY**   <:yay:294906617378504704>) to read: <:yay:294906617378504704>   **GIVEAWAY**   <:yay:294906617378504704>
2018-05-02 17:06:29 #hauptchannel @GiveawayBot#2381 edited message from 2018-05-02 16:57:46 (<:yay:294906617378504704>   **GIVEAWAY**   <:yay:294906617378504704>) to read: <:yay:294906617378504704>   **GIVEAWAY**   <:yay:294906617378504704>
2018-05-02 17:06:29 #hauptchannel @GiveawayBot#2381 edited message from 2018-05-02 16:57:46 (<:yay:294906617378504704>   **GIVEAWAY**   <:yay:294906617378504704>) to read: <:yay:294906617378504704>   **GIVEAWAY**   <:yay:294906617378504704>
2018-05-02 17:07:30 #hauptchannel @GiveawayBot#2381 edited message from 2018-05-02 16:57:46 (<:yay:294906617378504704>   **GIVEAWAY**   <:yay:294906617378504704>) to read: <:yay:294906617378504704>   **GIVEAWAY**   <:yay:294906617378504704>
2018-05-02 17:07:30 #hauptchannel @GiveawayBot#2381 edited message from 2018-05-02 16:57:46 (<:yay:294906617378504704>   **GIVEAWAY**   <:yay:294906617378504704>) to read: <:yay:294906617378504704>   **GIVEAWAY**   <:yay:294906617378504704>
2018-05-02 17:07:33 #hauptchannel @Ghostplay R2#1298: `Error in command 'multicolor'.If you keep seeing this message please contact the owner of the bot.`
2018-05-02 17:09:13 #hauptchannel @GiveawayBot#2381 edited message from 2018-05-02 16:57:46 (<:yay:294906617378504704>   **GIVEAWAY**   <:yay:294906617378504704>) to read: <:yay:294906617378504704>   **GIVEAWAY**   <:yay:294906617378504704>
2018-05-02 17:09:13 #hauptchannel @GiveawayBot#2381 edited message from 2018-05-02 16:57:46 (<:yay:294906617378504704>   **GIVEAWAY**   <:yay:294906617378504704>) to read: <:yay:294906617378504704>   **GIVEAWAY**   <:yay:294906617378504704>
2018-05-02 17:10:16 #hauptchannel @GiveawayBot#2381 edited message from 2018-05-02 16:57:46 (<:yay:294906617378504704>   **GIVEAWAY**   <:yay:294906617378504704>) to read: <:yay:294906617378504704>   **GIVEAWAY**   <:yay:294906617378504704>
2018-05-02 17:10:16 #hauptchannel @GiveawayBot#2381 edited message from 2018-05-02 16:57:46 (<:yay:294906617378504704>   **GIVEAWAY**   <:yay:294906617378504704>) to read: <:yay:294906617378504704>   **GIVEAWAY**   <:yay:294906617378504704>
2018-05-02 17:11:17 #hauptchannel @GiveawayBot#2381 edited message from 2018-05-02 16:57:46 (<:yay:294906617378504704>   **GIVEAWAY**   <:yay:294906617378504704>) to read: <:yay:294906617378504704>   **GIVEAWAY**   <:yay:294906617378504704>
2018-05-02 17:11:17 #hauptchannel @GiveawayBot#2381 edited message from 2018-05-02 16:57:46 (<:yay:294906617378504704>   **GIVEAWAY**   <:yay:294906617378504704>) to read: <:yay:294906617378504704>   **GIVEAWAY**   <:yay:294906617378504704>
2018-05-02 17:12:18 #hauptchannel @GiveawayBot#2381 edited message from 2018-05-02 16:57:46 (<:yay:294906617378504704>   **GIVEAWAY**   <:yay:294906617378504704>) to read: <:yay:294906617378504704>   **GIVEAWAY**   <:yay:294906617378504704>
2018-05-02 17:12:18 #hauptchannel @GiveawayBot#2381 edited message from 2018-05-02 16:57:46 (<:yay:294906617378504704>   **GIVEAWAY**   <:yay:294906617378504704>) to read: <:yay:294906617378504704>   **GIVEAWAY**   <:yay:294906617378504704>
2018-05-02 17:13:19 #hauptchannel @GiveawayBot#2381 edited message from 2018-05-02 16:57:46 (<:yay:294906617378504704>   **GIVEAWAY**   <:yay:294906617378504704>) to read: <:yay:294906617378504704>   **GIVEAWAY**   <:yay:294906617378504704>
2018-05-02 17:13:19 #hauptchannel @GiveawayBot#2381 edited message from 2018-05-02 16:57:46 (<:yay:294906617378504704>   **GIVEAWAY**   <:yay:294906617378504704>) to read: <:yay:294906617378504704>   **GIVEAWAY**   <:yay:294906617378504704>
2018-05-02 17:14:25 #hauptchannel @luisluisreal#1907: 😋
2018-05-02 17:15:08 #hauptchannel @GiveawayBot#2381 edited message from 2018-05-02 16:57:46 (<:yay:294906617378504704>   **GIVEAWAY**   <:yay:294906617378504704>) to read: <:yay:294906617378504704>   **GIVEAWAY**   <:yay:294906617378504704>
2018-05-02 17:15:08 #hauptchannel @GiveawayBot#2381 edited message from 2018-05-02 16:57:46 (<:yay:294906617378504704>   **GIVEAWAY**   <:yay:294906617378504704>) to read: <:yay:294906617378504704>   **GIVEAWAY**   <:yay:294906617378504704>
2018-05-02 17:15:59 #hauptchannel @GiveawayBot#2381 edited message from 2018-05-02 16:57:46 (<:yay:294906617378504704>   **GIVEAWAY**   <:yay:294906617378504704>) to read: <:yay:294906617378504704>   **GIVEAWAY**   <:yay:294906617378504704>
2018-05-02 17:15:59 #hauptchannel @GiveawayBot#2381 edited message from 2018-05-02 16:57:46 (<:yay:294906617378504704>   **GIVEAWAY**   <:yay:294906617378504704>) to read: <:yay:294906617378504704>   **GIVEAWAY**   <:yay:294906617378504704>
2018-05-02 17:17:00 #hauptchannel @GiveawayBot#2381 edited message from 2018-05-02 16:57:46 (<:yay:294906617378504704>   **GIVEAWAY**   <:yay:294906617378504704>) to read: <:yay:294906617378504704>   **GIVEAWAY**   <:yay:294906617378504704>
2018-05-02 17:17:00 #hauptchannel @GiveawayBot#2381 edited message from 2018-05-02 16:57:46 (<:yay:294906617378504704>   **GIVEAWAY**   <:yay:294906617378504704>) to read: <:yay:294906617378504704>   **GIVEAWAY**   <:yay:294906617378504704>
2018-05-02 17:18:01 #hauptchannel @GiveawayBot#2381 edited message from 2018-05-02 16:57:46 (<:yay:294906617378504704>   **GIVEAWAY**   <:yay:294906617378504704>) to read: <:yay:294906617378504704>   **GIVEAWAY**   <:yay:294906617378504704>
2018-05-02 17:18:01 #hauptchannel @GiveawayBot#2381 edited message from 2018-05-02 16:57:46 (<:yay:294906617378504704>   **GIVEAWAY**   <:yay:294906617378504704>) to read: <:yay:294906617378504704>   **GIVEAWAY**   <:yay:294906617378504704>
2018-05-02 17:19:01 #hauptchannel @GiveawayBot#2381 edited message from 2018-05-02 16:57:46 (<:yay:294906617378504704>   **GIVEAWAY**   <:yay:294906617378504704>) to read: <:yay:294906617378504704>   **GIVEAWAY**   <:yay:294906617378504704>
2018-05-02 17:19:01 #hauptchannel @GiveawayBot#2381 edited message from 2018-05-02 16:57:46 (<:yay:294906617378504704>   **GIVEAWAY**   <:yay:294906617378504704>) to read: <:yay:294906617378504704>   **GIVEAWAY**   <:yay:294906617378504704>
2018-05-02 17:20:46 #hauptchannel @GiveawayBot#2381 edited message from 2018-05-02 16:57:46 (<:yay:294906617378504704>   **GIVEAWAY**   <:yay:294906617378504704>) to read: <:yay:294906617378504704>   **GIVEAWAY**   <:yay:294906617378504704>
2018-05-02 17:20:46 #hauptchannel @GiveawayBot#2381 edited message from 2018-05-02 16:57:46 (<:yay:294906617378504704>   **GIVEAWAY**   <:yay:294906617378504704>) to read: <:yay:294906617378504704>   **GIVEAWAY**   <:yay:294906617378504704>
2018-05-02 17:21:15 #hauptchannel @GiveawayBot#2381 edited message from 2018-05-02 16:57:46 (<:yay:294906617378504704>   **GIVEAWAY**   <:yay:294906617378504704>) to read: <:yay:294906617378504704>   **GIVEAWAY**   <:yay:294906617378504704>
2018-05-02 17:21:15 #hauptchannel @GiveawayBot#2381 edited message from 2018-05-02 16:57:46 (<:yay:294906617378504704>   **GIVEAWAY**   <:yay:294906617378504704>) to read: <:yay:294906617378504704>   **GIVEAWAY**   <:yay:294906617378504704>
2018-05-02 17:22:15 #hauptchannel @GiveawayBot#2381 edited message from 2018-05-02 16:57:46 (<:yay:294906617378504704>   **GIVEAWAY**   <:yay:294906617378504704>) to read: <:yay:294906617378504704>   **GIVEAWAY**   <:yay:294906617378504704>
2018-05-02 17:22:15 #hauptchannel @GiveawayBot#2381 edited message from 2018-05-02 16:57:46 (<:yay:294906617378504704>   **GIVEAWAY**   <:yay:294906617378504704>) to read: <:yay:294906617378504704>   **GIVEAWAY**   <:yay:294906617378504704>
2018-05-02 17:23:16 #hauptchannel @GiveawayBot#2381 edited message from 2018-05-02 16:57:46 (<:yay:294906617378504704>   **GIVEAWAY**   <:yay:294906617378504704>) to read: <:yay:294906617378504704>   **GIVEAWAY**   <:yay:294906617378504704>
2018-05-02 17:23:16 #hauptchannel @GiveawayBot#2381 edited message from 2018-05-02 16:57:46 (<:yay:294906617378504704>   **GIVEAWAY**   <:yay:294906617378504704>) to read: <:yay:294906617378504704>   **GIVEAWAY**   <:yay:294906617378504704>
2018-05-02 17:24:17 #hauptchannel @GiveawayBot#2381 edited message from 2018-05-02 16:57:46 (<:yay:294906617378504704>   **GIVEAWAY**   <:yay:294906617378504704>) to read: <:yay:294906617378504704>   **GIVEAWAY**   <:yay:294906617378504704>
2018-05-02 17:24:17 #hauptchannel @GiveawayBot#2381 edited message from 2018-05-02 16:57:46 (<:yay:294906617378504704>   **GIVEAWAY**   <:yay:294906617378504704>) to read: <:yay:294906617378504704>   **GIVEAWAY**   <:yay:294906617378504704>
2018-05-02 17:26:00 #hauptchannel @GiveawayBot#2381 edited message from 2018-05-02 16:57:46 (<:yay:294906617378504704>   **GIVEAWAY**   <:yay:294906617378504704>) to read: <:yay:294906617378504704>   **GIVEAWAY**   <:yay:294906617378504704>
2018-05-02 17:26:00 #hauptchannel @GiveawayBot#2381 edited message from 2018-05-02 16:57:46 (<:yay:294906617378504704>   **GIVEAWAY**   <:yay:294906617378504704>) to read: <:yay:294906617378504704>   **GIVEAWAY**   <:yay:294906617378504704>
2018-05-02 17:26:41 #hauptchannel @GiveawayBot#2381 edited message from 2018-05-02 16:57:46 (<:yay:294906617378504704>   **GIVEAWAY**   <:yay:294906617378504704>) to read: <:yay:294906617378504704>   **GIVEAWAY**   <:yay:294906617378504704>
2018-05-02 17:26:41 #hauptchannel @GiveawayBot#2381 edited message from 2018-05-02 16:57:46 (<:yay:294906617378504704>   **GIVEAWAY**   <:yay:294906617378504704>) to read: <:yay:294906617378504704>   **GIVEAWAY**   <:yay:294906617378504704>
2018-05-02 17:27:42 #hauptchannel @GiveawayBot#2381 edited message from 2018-05-02 16:57:46 (<:yay:294906617378504704>   **GIVEAWAY**   <:yay:294906617378504704>) to read: <:yay:294906617378504704>   **GIVEAWAY**   <:yay:294906617378504704>
2018-05-02 17:27:42 #hauptchannel @GiveawayBot#2381 edited message from 2018-05-02 16:57:46 (<:yay:294906617378504704>   **GIVEAWAY**   <:yay:294906617378504704>) to read: <:yay:294906617378504704>   **GIVEAWAY**   <:yay:294906617378504704>
2018-05-02 17:28:43 #hauptchannel @GiveawayBot#2381 edited message from 2018-05-02 16:57:46 (<:yay:294906617378504704>   **GIVEAWAY**   <:yay:294906617378504704>) to read: <:yay:294906617378504704>   **GIVEAWAY**   <:yay:294906617378504704>
2018-05-02 17:28:43 #hauptchannel @GiveawayBot#2381 edited message from 2018-05-02 16:57:46 (<:yay:294906617378504704>   **GIVEAWAY**   <:yay:294906617378504704>) to read: <:yay:294906617378504704>   **GIVEAWAY**   <:yay:294906617378504704>
2018-05-02 17:29:44 #hauptchannel @GiveawayBot#2381 edited message from 2018-05-02 16:57:46 (<:yay:294906617378504704>   **GIVEAWAY**   <:yay:294906617378504704>) to read: <:yay:294906617378504704>   **GIVEAWAY**   <:yay:294906617378504704>
2018-05-02 17:29:44 #hauptchannel @GiveawayBot#2381 edited message from 2018-05-02 16:57:46 (<:yay:294906617378504704>   **GIVEAWAY**   <:yay:294906617378504704>) to read: <:yay:294906617378504704>   **GIVEAWAY**   <:yay:294906617378504704>
2018-05-02 17:31:27 #hauptchannel @GiveawayBot#2381 edited message from 2018-05-02 16:57:46 (<:yay:294906617378504704>   **GIVEAWAY**   <:yay:294906617378504704>) to read: <:yay:294906617378504704>   **GIVEAWAY**   <:yay:294906617378504704>
2018-05-02 17:31:27 #hauptchannel @GiveawayBot#2381 edited message from 2018-05-02 16:57:46 (<:yay:294906617378504704>   **GIVEAWAY**   <:yay:294906617378504704>) to read: <:yay:294906617378504704>   **GIVEAWAY**   <:yay:294906617378504704>
2018-05-02 17:32:36 #hauptchannel @GiveawayBot#2381 edited message from 2018-05-02 16:57:46 (<:yay:294906617378504704>   **GIVEAWAY**   <:yay:294906617378504704>) to read: <:yay:294906617378504704>   **GIVEAWAY**   <:yay:294906617378504704>
2018-05-02 17:32:36 #hauptchannel @GiveawayBot#2381 edited message from 2018-05-02 16:57:46 (<:yay:294906617378504704>   **GIVEAWAY**   <:yay:294906617378504704>) to read: <:yay:294906617378504704>   **GIVEAWAY**   <:yay:294906617378504704>
2018-05-02 17:33:37 #hauptchannel @GiveawayBot#2381 edited message from 2018-05-02 16:57:46 (<:yay:294906617378504704>   **GIVEAWAY**   <:yay:294906617378504704>) to read: <:yay:294906617378504704>   **GIVEAWAY**   <:yay:294906617378504704>
2018-05-02 17:33:37 #hauptchannel @GiveawayBot#2381 edited message from 2018-05-02 16:57:46 (<:yay:294906617378504704>   **GIVEAWAY**   <:yay:294906617378504704>) to read: <:yay:294906617378504704>   **GIVEAWAY**   <:yay:294906617378504704>
2018-05-02 17:34:38 #hauptchannel @GiveawayBot#2381 edited message from 2018-05-02 16:57:46 (<:yay:294906617378504704>   **GIVEAWAY**   <:yay:294906617378504704>) to read: <:yay:294906617378504704>   **GIVEAWAY**   <:yay:294906617378504704>
2018-05-02 17:34:38 #hauptchannel @GiveawayBot#2381 edited message from 2018-05-02 16:57:46 (<:yay:294906617378504704>   **GIVEAWAY**   <:yay:294906617378504704>) to read: <:yay:294906617378504704>   **GIVEAWAY**   <:yay:294906617378504704>
2018-05-02 17:35:39 #hauptchannel @GiveawayBot#2381 edited message from 2018-05-02 16:57:46 (<:yay:294906617378504704>   **GIVEAWAY**   <:yay:294906617378504704>) to read: <:yay:294906617378504704>   **GIVEAWAY**   <:yay:294906617378504704>
2018-05-02 17:35:39 #hauptchannel @GiveawayBot#2381 edited message from 2018-05-02 16:57:46 (<:yay:294906617378504704>   **GIVEAWAY**   <:yay:294906617378504704>) to read: <:yay:294906617378504704>   **GIVEAWAY**   <:yay:294906617378504704>
2018-05-02 17:37:27 #hauptchannel @GiveawayBot#2381 edited message from 2018-05-02 16:57:46 (<:yay:294906617378504704>   **GIVEAWAY**   <:yay:294906617378504704>) to read: <:yay:294906617378504704>   **GIVEAWAY**   <:yay:294906617378504704>
2018-05-02 17:37:27 #hauptchannel @GiveawayBot#2381 edited message from 2018-05-02 16:57:46 (<:yay:294906617378504704>   **GIVEAWAY**   <:yay:294906617378504704>) to read: <:yay:294906617378504704>   **GIVEAWAY**   <:yay:294906617378504704>
2018-05-02 17:38:10 #hauptchannel @GiveawayBot#2381 edited message from 2018-05-02 16:57:46 (<:yay:294906617378504704>   **GIVEAWAY**   <:yay:294906617378504704>) to read: <:yay:294906617378504704>   **GIVEAWAY**   <:yay:294906617378504704>
2018-05-02 17:38:10 #hauptchannel @GiveawayBot#2381 edited message from 2018-05-02 16:57:46 (<:yay:294906617378504704>   **GIVEAWAY**   <:yay:294906617378504704>) to read: <:yay:294906617378504704>   **GIVEAWAY**   <:yay:294906617378504704>
2018-05-02 17:39:11 #hauptchannel @GiveawayBot#2381 edited message from 2018-05-02 16:57:46 (<:yay:294906617378504704>   **GIVEAWAY**   <:yay:294906617378504704>) to read: <:yay:294906617378504704>   **GIVEAWAY**   <:yay:294906617378504704>
2018-05-02 17:39:11 #hauptchannel @GiveawayBot#2381 edited message from 2018-05-02 16:57:46 (<:yay:294906617378504704>   **GIVEAWAY**   <:yay:294906617378504704>) to read: <:yay:294906617378504704>   **GIVEAWAY**   <:yay:294906617378504704>
2018-05-02 17:40:12 #hauptchannel @GiveawayBot#2381 edited message from 2018-05-02 16:57:46 (<:yay:294906617378504704>   **GIVEAWAY**   <:yay:294906617378504704>) to read: <:yay:294906617378504704>   **GIVEAWAY**   <:yay:294906617378504704>
2018-05-02 17:40:12 #hauptchannel @GiveawayBot#2381 edited message from 2018-05-02 16:57:46 (<:yay:294906617378504704>   **GIVEAWAY**   <:yay:294906617378504704>) to read: <:yay:294906617378504704>   **GIVEAWAY**   <:yay:294906617378504704>
2018-05-02 17:41:13 #hauptchannel @GiveawayBot#2381 edited message from 2018-05-02 16:57:46 (<:yay:294906617378504704>   **GIVEAWAY**   <:yay:294906617378504704>) to read: <:yay:294906617378504704>   **GIVEAWAY**   <:yay:294906617378504704>
2018-05-02 17:41:13 #hauptchannel @GiveawayBot#2381 edited message from 2018-05-02 16:57:46 (<:yay:294906617378504704>   **GIVEAWAY**   <:yay:294906617378504704>) to read: <:yay:294906617378504704>   **GIVEAWAY**   <:yay:294906617378504704>
2018-05-02 17:42:54 #hauptchannel @GiveawayBot#2381 edited message from 2018-05-02 16:57:46 (<:yay:294906617378504704>   **GIVEAWAY**   <:yay:294906617378504704>) to read: <:yay:294906617378504704>   **GIVEAWAY**   <:yay:294906617378504704>
2018-05-02 17:42:54 #hauptchannel @GiveawayBot#2381 edited message from 2018-05-02 16:57:46 (<:yay:294906617378504704>   **GIVEAWAY**   <:yay:294906617378504704>) to read: <:yay:294906617378504704>   **GIVEAWAY**   <:yay:294906617378504704>
2018-05-02 17:43:46 #hauptchannel @GiveawayBot#2381 edited message from 2018-05-02 16:57:46 (<:yay:294906617378504704>   **GIVEAWAY**   <:yay:294906617378504704>) to read: <:yay:294906617378504704>   **GIVEAWAY**   <:yay:294906617378504704>
2018-05-02 17:43:46 #hauptchannel @GiveawayBot#2381 edited message from 2018-05-02 16:57:46 (<:yay:294906617378504704>   **GIVEAWAY**   <:yay:294906617378504704>) to read: <:yay:294906617378504704>   **GIVEAWAY**   <:yay:294906617378504704>
2018-05-02 17:44:47 #hauptchannel @GiveawayBot#2381 edited message from 2018-05-02 16:57:46 (<:yay:294906617378504704>   **GIVEAWAY**   <:yay:294906617378504704>) to read: <:yay:294906617378504704>   **GIVEAWAY**   <:yay:294906617378504704>
2018-05-02 17:44:47 #hauptchannel @GiveawayBot#2381 edited message from 2018-05-02 16:57:46 (<:yay:294906617378504704>   **GIVEAWAY**   <:yay:294906617378504704>) to read: <:yay:294906617378504704>   **GIVEAWAY**   <:yay:294906617378504704>
2018-05-02 17:45:48 #hauptchannel @GiveawayBot#2381 edited message from 2018-05-02 16:57:46 (<:yay:294906617378504704>   **GIVEAWAY**   <:yay:294906617378504704>) to read: <:yay:294906617378504704>   **GIVEAWAY**   <:yay:294906617378504704>
2018-05-02 17:45:48 #hauptchannel @GiveawayBot#2381 edited message from 2018-05-02 16:57:46 (<:yay:294906617378504704>   **GIVEAWAY**   <:yay:294906617378504704>) to read: <:yay:294906617378504704>   **GIVEAWAY**   <:yay:294906617378504704>
2018-05-02 17:46:04 #hauptchannel @ausraster kidi#7887: !seach megalovonia
2018-05-02 17:46:20 #hauptchannel @ausraster kidi#7887: !summon
2018-05-02 17:46:20 #hauptchannel @Rythm#3722: 👍 **Joined** `gaming` :page_facing_up: **And bound to** `hauptchannel`
2018-05-02 17:46:28 #hauptchannel @ausraster kidi#7887: !seach megalovonia
2018-05-02 17:46:36 #hauptchannel @ausraster kidi#7887: !search megalovonia
2018-05-02 17:46:37 #hauptchannel @Rythm#3722: 
2018-05-02 17:46:39 #hauptchannel @Rythm#3722 edited message from 2018-05-02 17:46:37 () to read: 
2018-05-02 17:46:41 #hauptchannel @ausraster kidi#7887: 1
2018-05-02 17:46:42 #hauptchannel @Rythm#3722 deleted message from 2018-05-02 17:46:37 ()
2018-05-02 17:46:41 #hauptchannel @Rythm#3722: **Playing** 🎶 `Undertale -Megalovonia` - Now!
2018-05-02 17:46:48 #hauptchannel @ausraster kidi#7887: !stop
2018-05-02 17:46:48 #hauptchannel @Rythm#3722: **Paused** ⏸
2018-05-02 17:46:48 #hauptchannel @GiveawayBot#2381 edited message from 2018-05-02 16:57:46 (<:yay:294906617378504704>   **GIVEAWAY**   <:yay:294906617378504704>) to read: <:yay:294906617378504704>   **GIVEAWAY**   <:yay:294906617378504704>
2018-05-02 17:46:48 #hauptchannel @GiveawayBot#2381 edited message from 2018-05-02 16:57:46 (<:yay:294906617378504704>   **GIVEAWAY**   <:yay:294906617378504704>) to read: <:yay:294906617378504704>   **GIVEAWAY**   <:yay:294906617378504704>
2018-05-02 17:46:49 #hauptchannel @Synapse#0692: Can't stop if I'm not playing.
2018-05-02 17:47:18 #hauptchannel @ausraster kidi#7887: !stop
2018-05-02 17:47:18 #hauptchannel @Synapse#0692: Can't stop if I'm not playing.
2018-05-02 17:47:18 #hauptchannel @Rythm#3722: ❌ **The player is already paused**
2018-05-02 17:47:23 #hauptchannel @ausraster kidi#7887: !pla
2018-05-02 17:47:25 #hauptchannel @ausraster kidi#7887: y
2018-05-02 17:47:28 #hauptchannel @ausraster kidi#7887: !play
2018-05-02 17:47:28 #hauptchannel @Rythm#3722: ⏯ **Resuming** 👍
2018-05-02 17:47:28 #hauptchannel @Synapse#0692: ```\n!play <url_or_search_terms>\n\nPlays a link / searches and play\n\n```
2018-05-02 17:48:03 #hauptchannel @ausraster kidi#7887: !search mogolovonio
2018-05-02 17:48:04 #hauptchannel @Rythm#3722: 
2018-05-02 17:48:05 #hauptchannel @Rythm#3722 edited message from 2018-05-02 17:48:04 () to read: 
2018-05-02 17:48:22 #hauptchannel @ausraster kidi#7887: 4
2018-05-02 17:48:22 #hauptchannel @Rythm#3722 deleted message from 2018-05-02 17:48:04 ()
2018-05-02 17:48:22 #hauptchannel @Rythm#3722: 
2018-05-02 17:48:22 #hauptchannel @Rythm#3722 edited message from 2018-05-02 17:48:22 () to read: 
2018-05-02 17:48:34 #hauptchannel @GiveawayBot#2381 edited message from 2018-05-02 16:57:46 (<:yay:294906617378504704>   **GIVEAWAY**   <:yay:294906617378504704>) to read: <:yay:294906617378504704>   **GIVEAWAY**   <:yay:294906617378504704>
2018-05-02 17:48:34 #hauptchannel @GiveawayBot#2381 edited message from 2018-05-02 16:57:46 (<:yay:294906617378504704>   **GIVEAWAY**   <:yay:294906617378504704>) to read: <:yay:294906617378504704>   **GIVEAWAY**   <:yay:294906617378504704>
2018-05-02 17:48:36 #hauptchannel @ausraster kidi#7887: !skip
2018-05-02 17:48:36 #hauptchannel @Synapse#0692: Can't skip if I'm not playing.
2018-05-02 17:48:37 #hauptchannel @Rythm#3722: ⏩ ***Skipped*** 👍
2018-05-02 17:48:51 #hauptchannel @GiveawayBot#2381 edited message from 2018-05-02 16:57:46 (<:yay:294906617378504704>   **GIVEAWAY**   <:yay:294906617378504704>) to read: <:yay:294906617378504704>   **GIVEAWAY**   <:yay:294906617378504704>
2018-05-02 17:48:51 #hauptchannel @GiveawayBot#2381 edited message from 2018-05-02 16:57:46 (<:yay:294906617378504704>   **GIVEAWAY**   <:yay:294906617378504704>) to read: <:yay:294906617378504704>   **GIVEAWAY**   <:yay:294906617378504704>
2018-05-02 17:49:52 #hauptchannel @GiveawayBot#2381 edited message from 2018-05-02 16:57:46 (<:yay:294906617378504704>   **GIVEAWAY**   <:yay:294906617378504704>) to read: <:yay:294906617378504704>   **GIVEAWAY**   <:yay:294906617378504704>
2018-05-02 17:49:52 #hauptchannel @GiveawayBot#2381 edited message from 2018-05-02 16:57:46 (<:yay:294906617378504704>   **GIVEAWAY**   <:yay:294906617378504704>) to read: <:yay:294906617378504704>   **GIVEAWAY**   <:yay:294906617378504704>
2018-05-02 17:50:52 #hauptchannel @GiveawayBot#2381 edited message from 2018-05-02 16:57:46 (<:yay:294906617378504704>   **GIVEAWAY**   <:yay:294906617378504704>) to read: <:yay:294906617378504704>   **GIVEAWAY**   <:yay:294906617378504704>
2018-05-02 17:50:52 #hauptchannel @GiveawayBot#2381 edited message from 2018-05-02 16:57:46 (<:yay:294906617378504704>   **GIVEAWAY**   <:yay:294906617378504704>) to read: <:yay:294906617378504704>   **GIVEAWAY**   <:yay:294906617378504704>
2018-05-02 17:51:52 #hauptchannel @GiveawayBot#2381 edited message from 2018-05-02 16:57:46 (<:yay:294906617378504704>   **GIVEAWAY**   <:yay:294906617378504704>) to read: <:yay:294906617378504704>   **GIVEAWAY**   <:yay:294906617378504704>
2018-05-02 17:51:52 #hauptchannel @GiveawayBot#2381 edited message from 2018-05-02 16:57:46 (<:yay:294906617378504704>   **GIVEAWAY**   <:yay:294906617378504704>) to read: <:yay:294906617378504704>   **GIVEAWAY**   <:yay:294906617378504704>
2018-05-02 17:51:56 #hauptchannel @ausraster kidi#7887: !search HHDARMY
2018-05-02 17:51:57 #hauptchannel @Rythm#3722: 
2018-05-02 17:51:57 #hauptchannel @Rythm#3722 edited message from 2018-05-02 17:51:57 () to read: 
2018-05-02 17:52:57 #hauptchannel @Rythm#3722 edited message from 2018-05-02 17:51:57 () to read: ❌ **Timeout!**
2018-05-02 17:53:29 #hauptchannel @GiveawayBot#2381 edited message from 2018-05-02 16:57:46 (<:yay:294906617378504704>   **GIVEAWAY**   <:yay:294906617378504704>) to read: <:yay:294906617378504704>   **GIVEAWAY**   <:yay:294906617378504704>
2018-05-02 17:53:29 #hauptchannel @GiveawayBot#2381 edited message from 2018-05-02 16:57:46 (<:yay:294906617378504704>   **GIVEAWAY**   <:yay:294906617378504704>) to read: <:yay:294906617378504704>   **GIVEAWAY**   <:yay:294906617378504704>
2018-05-02 17:54:42 #hauptchannel @GiveawayBot#2381 edited message from 2018-05-02 16:57:46 (<:yay:294906617378504704>   **GIVEAWAY**   <:yay:294906617378504704>) to read: <:yay:294906617378504704>   **GIVEAWAY**   <:yay:294906617378504704>
2018-05-02 17:54:42 #hauptchannel @GiveawayBot#2381 edited message from 2018-05-02 16:57:46 (<:yay:294906617378504704>   **GIVEAWAY**   <:yay:294906617378504704>) to read: <:yay:294906617378504704>   **GIVEAWAY**   <:yay:294906617378504704>
2018-05-02 17:54:51 #hauptchannel @GiveawayBot#2381 edited message from 2018-05-02 16:57:46 (<:yay:294906617378504704>   **GIVEAWAY**   <:yay:294906617378504704>) to read: <:yay:294906617378504704>   **GIVEAWAY**   <:yay:294906617378504704>
2018-05-02 17:54:51 #hauptchannel @GiveawayBot#2381 edited message from 2018-05-02 16:57:46 (<:yay:294906617378504704>   **GIVEAWAY**   <:yay:294906617378504704>) to read: <:yay:294906617378504704>   **GIVEAWAY**   <:yay:294906617378504704>
2018-05-02 17:54:56 #hauptchannel @GiveawayBot#2381 edited message from 2018-05-02 16:57:46 (<:yay:294906617378504704>   **GIVEAWAY**   <:yay:294906617378504704>) to read: <:yay:294906617378504704>   **GIVEAWAY**   <:yay:294906617378504704>
2018-05-02 17:54:56 #hauptchannel @GiveawayBot#2381 edited message from 2018-05-02 16:57:46 (<:yay:294906617378504704>   **GIVEAWAY**   <:yay:294906617378504704>) to read: <:yay:294906617378504704>   **GIVEAWAY**   <:yay:294906617378504704>
2018-05-02 17:55:01 #hauptchannel @GiveawayBot#2381 edited message from 2018-05-02 16:57:46 (<:yay:294906617378504704>   **GIVEAWAY**   <:yay:294906617378504704>) to read: <:yay:294906617378504704>   **GIVEAWAY**   <:yay:294906617378504704>
2018-05-02 17:55:01 #hauptchannel @GiveawayBot#2381 edited message from 2018-05-02 16:57:46 (<:yay:294906617378504704>   **GIVEAWAY**   <:yay:294906617378504704>) to read: <:yay:294906617378504704>   **GIVEAWAY**   <:yay:294906617378504704>
2018-05-02 17:55:06 #hauptchannel @GiveawayBot#2381 edited message from 2018-05-02 16:57:46 (<:yay:294906617378504704>   **GIVEAWAY**   <:yay:294906617378504704>) to read: <:yay:294906617378504704>   **GIVEAWAY**   <:yay:294906617378504704>
2018-05-02 17:55:06 #hauptchannel @GiveawayBot#2381 edited message from 2018-05-02 16:57:46 (<:yay:294906617378504704>   **GIVEAWAY**   <:yay:294906617378504704>) to read: <:yay:294906617378504704>   **GIVEAWAY**   <:yay:294906617378504704>
2018-05-02 17:55:12 #hauptchannel @GiveawayBot#2381 edited message from 2018-05-02 16:57:46 (<:yay:294906617378504704>   **GIVEAWAY**   <:yay:294906617378504704>) to read: <:yay:294906617378504704>   **GIVEAWAY**   <:yay:294906617378504704>
2018-05-02 17:55:12 #hauptchannel @GiveawayBot#2381 edited message from 2018-05-02 16:57:46 (<:yay:294906617378504704>   **GIVEAWAY**   <:yay:294906617378504704>) to read: <:yay:294906617378504704>   **GIVEAWAY**   <:yay:294906617378504704>
2018-05-02 17:55:17 #hauptchannel @GiveawayBot#2381 edited message from 2018-05-02 16:57:46 (<:yay:294906617378504704>   **GIVEAWAY**   <:yay:294906617378504704>) to read: <:yay:294906617378504704>   **GIVEAWAY**   <:yay:294906617378504704>
2018-05-02 17:55:17 #hauptchannel @GiveawayBot#2381 edited message from 2018-05-02 16:57:46 (<:yay:294906617378504704>   **GIVEAWAY**   <:yay:294906617378504704>) to read: <:yay:294906617378504704>   **GIVEAWAY**   <:yay:294906617378504704>
2018-05-02 17:55:22 #hauptchannel @GiveawayBot#2381 edited message from 2018-05-02 16:57:46 (<:yay:294906617378504704>   **GIVEAWAY**   <:yay:294906617378504704>) to read: <:yay:294906617378504704>   **GIVEAWAY**   <:yay:294906617378504704>
2018-05-02 17:55:22 #hauptchannel @GiveawayBot#2381 edited message from 2018-05-02 16:57:46 (<:yay:294906617378504704>   **GIVEAWAY**   <:yay:294906617378504704>) to read: <:yay:294906617378504704>   **GIVEAWAY**   <:yay:294906617378504704>
2018-05-02 17:55:27 #hauptchannel @GiveawayBot#2381 edited message from 2018-05-02 16:57:46 (<:yay:294906617378504704>   **GIVEAWAY**   <:yay:294906617378504704>) to read: <:yay:294906617378504704>   **GIVEAWAY**   <:yay:294906617378504704>
2018-05-02 17:55:27 #hauptchannel @GiveawayBot#2381 edited message from 2018-05-02 16:57:46 (<:yay:294906617378504704>   **GIVEAWAY**   <:yay:294906617378504704>) to read: <:yay:294906617378504704>   **GIVEAWAY**   <:yay:294906617378504704>
2018-05-02 17:55:32 #hauptchannel @GiveawayBot#2381 edited message from 2018-05-02 16:57:46 (<:yay:294906617378504704>   **GIVEAWAY**   <:yay:294906617378504704>) to read: <:yay:294906617378504704>   **GIVEAWAY**   <:yay:294906617378504704>
2018-05-02 17:55:32 #hauptchannel @GiveawayBot#2381 edited message from 2018-05-02 16:57:46 (<:yay:294906617378504704>   **GIVEAWAY**   <:yay:294906617378504704>) to read: <:yay:294906617378504704>   **GIVEAWAY**   <:yay:294906617378504704>
2018-05-02 17:55:37 #hauptchannel @GiveawayBot#2381 edited message from 2018-05-02 16:57:46 (<:yay:294906617378504704>   **GIVEAWAY**   <:yay:294906617378504704>) to read: <:yay:294906617378504704>   **GIVEAWAY**   <:yay:294906617378504704>
2018-05-02 17:55:37 #hauptchannel @GiveawayBot#2381 edited message from 2018-05-02 16:57:46 (<:yay:294906617378504704>   **GIVEAWAY**   <:yay:294906617378504704>) to read: <:yay:294906617378504704>   **GIVEAWAY**   <:yay:294906617378504704>
2018-05-02 17:55:43 #hauptchannel @GiveawayBot#2381 edited message from 2018-05-02 16:57:46 (<:yay:294906617378504704>   **GIVEAWAY**   <:yay:294906617378504704>) to read: <:yay:294906617378504704>   **GIVEAWAY**   <:yay:294906617378504704>
2018-05-02 17:55:43 #hauptchannel @GiveawayBot#2381 edited message from 2018-05-02 16:57:46 (<:yay:294906617378504704>   **GIVEAWAY**   <:yay:294906617378504704>) to read: <:yay:294906617378504704>   **GIVEAWAY**   <:yay:294906617378504704>
2018-05-02 17:55:48 #hauptchannel @GiveawayBot#2381 edited message from 2018-05-02 16:57:46 (<:yay:294906617378504704>   **GIVEAWAY**   <:yay:294906617378504704>) to read: <:yay:294906617378504704>   **GIVEAWAY**   <:yay:294906617378504704>
2018-05-02 17:55:48 #hauptchannel @GiveawayBot#2381 edited message from 2018-05-02 16:57:46 (<:yay:294906617378504704>   **GIVEAWAY**   <:yay:294906617378504704>) to read: <:yay:294906617378504704>   **GIVEAWAY**   <:yay:294906617378504704>
2018-05-02 17:55:53 #hauptchannel @GiveawayBot#2381 edited message from 2018-05-02 16:57:46 (<:yay:294906617378504704>   **GIVEAWAY**   <:yay:294906617378504704>) to read: <:yay:294906617378504704>   **GIVEAWAY**   <:yay:294906617378504704>
2018-05-02 17:55:53 #hauptchannel @GiveawayBot#2381 edited message from 2018-05-02 16:57:46 (<:yay:294906617378504704>   **GIVEAWAY**   <:yay:294906617378504704>) to read: <:yay:294906617378504704>   **GIVEAWAY**   <:yay:294906617378504704>
2018-05-02 17:55:58 #hauptchannel @GiveawayBot#2381 edited message from 2018-05-02 16:57:46 (<:yay:294906617378504704>   **GIVEAWAY**   <:yay:294906617378504704>) to read: <:yay:294906617378504704>   **GIVEAWAY**   <:yay:294906617378504704>
2018-05-02 17:55:58 #hauptchannel @GiveawayBot#2381 edited message from 2018-05-02 16:57:46 (<:yay:294906617378504704>   **GIVEAWAY**   <:yay:294906617378504704>) to read: <:yay:294906617378504704>   **GIVEAWAY**   <:yay:294906617378504704>
2018-05-02 17:56:03 #hauptchannel @GiveawayBot#2381 edited message from 2018-05-02 16:57:46 (<:yay:294906617378504704>   **GIVEAWAY**   <:yay:294906617378504704>) to read: <:yay:294906617378504704>   **GIVEAWAY**   <:yay:294906617378504704>
2018-05-02 17:56:03 #hauptchannel @GiveawayBot#2381 edited message from 2018-05-02 16:57:46 (<:yay:294906617378504704>   **GIVEAWAY**   <:yay:294906617378504704>) to read: <:yay:294906617378504704>   **GIVEAWAY**   <:yay:294906617378504704>
2018-05-02 17:56:08 #hauptchannel @GiveawayBot#2381 edited message from 2018-05-02 16:57:46 (<:yay:294906617378504704>   **GIVEAWAY**   <:yay:294906617378504704>) to read: <:yay:294906617378504704>   **GIVEAWAY**   <:yay:294906617378504704>
2018-05-02 17:56:08 #hauptchannel @GiveawayBot#2381 edited message from 2018-05-02 16:57:46 (<:yay:294906617378504704>   **GIVEAWAY**   <:yay:294906617378504704>) to read: <:yay:294906617378504704>   **GIVEAWAY**   <:yay:294906617378504704>
2018-05-02 17:56:18 #hauptchannel @GiveawayBot#2381 edited message from 2018-05-02 16:57:46 (<:yay:294906617378504704>   **GIVEAWAY**   <:yay:294906617378504704>) to read: <:yay:294906617378504704>   **GIVEAWAY**   <:yay:294906617378504704>
2018-05-02 17:56:18 #hauptchannel @GiveawayBot#2381 edited message from 2018-05-02 16:57:46 (<:yay:294906617378504704>   **GIVEAWAY**   <:yay:294906617378504704>) to read: <:yay:294906617378504704>   **GIVEAWAY**   <:yay:294906617378504704>
2018-05-02 17:56:23 #hauptchannel @GiveawayBot#2381 edited message from 2018-05-02 16:57:46 (<:yay:294906617378504704>   **GIVEAWAY**   <:yay:294906617378504704>) to read: <:yay:294906617378504704>   **GIVEAWAY**   <:yay:294906617378504704>
2018-05-02 17:56:23 #hauptchannel @GiveawayBot#2381 edited message from 2018-05-02 16:57:46 (<:yay:294906617378504704>   **GIVEAWAY**   <:yay:294906617378504704>) to read: <:yay:294906617378504704>   **GIVEAWAY**   <:yay:294906617378504704>
2018-05-02 17:56:28 #hauptchannel @GiveawayBot#2381 edited message from 2018-05-02 16:57:46 (<:yay:294906617378504704>   **GIVEAWAY**   <:yay:294906617378504704>) to read: <:yay:294906617378504704>   **GIVEAWAY**   <:yay:294906617378504704>
2018-05-02 17:56:28 #hauptchannel @GiveawayBot#2381 edited message from 2018-05-02 16:57:46 (<:yay:294906617378504704>   **GIVEAWAY**   <:yay:294906617378504704>) to read: <:yay:294906617378504704>   **GIVEAWAY**   <:yay:294906617378504704>
2018-05-02 17:56:33 #hauptchannel @GiveawayBot#2381 edited message from 2018-05-02 16:57:46 (<:yay:294906617378504704>   **GIVEAWAY**   <:yay:294906617378504704>) to read: <:yay:294906617378504704>   **GIVEAWAY**   <:yay:294906617378504704>
2018-05-02 17:56:33 #hauptchannel @GiveawayBot#2381 edited message from 2018-05-02 16:57:46 (<:yay:294906617378504704>   **GIVEAWAY**   <:yay:294906617378504704>) to read: <:yay:294906617378504704>   **GIVEAWAY**   <:yay:294906617378504704>
2018-05-02 17:56:38 #hauptchannel @GiveawayBot#2381 edited message from 2018-05-02 16:57:46 (<:yay:294906617378504704>   **GIVEAWAY**   <:yay:294906617378504704>) to read: <:yay:294906617378504704>   **GIVEAWAY**   <:yay:294906617378504704>
2018-05-02 17:56:38 #hauptchannel @GiveawayBot#2381 edited message from 2018-05-02 16:57:46 (<:yay:294906617378504704>   **GIVEAWAY**   <:yay:294906617378504704>) to read: <:yay:294906617378504704>   **GIVEAWAY**   <:yay:294906617378504704>
2018-05-02 17:56:43 #hauptchannel @GiveawayBot#2381 edited message from 2018-05-02 16:57:46 (<:yay:294906617378504704>   **GIVEAWAY**   <:yay:294906617378504704>) to read: <:yay:294906617378504704>   **GIVEAWAY**   <:yay:294906617378504704>
2018-05-02 17:56:43 #hauptchannel @GiveawayBot#2381 edited message from 2018-05-02 16:57:46 (<:yay:294906617378504704>   **GIVEAWAY**   <:yay:294906617378504704>) to read: <:yay:294906617378504704>   **GIVEAWAY**   <:yay:294906617378504704>
2018-05-02 17:56:49 #hauptchannel @GiveawayBot#2381 edited message from 2018-05-02 16:57:46 (<:yay:294906617378504704>   **GIVEAWAY**   <:yay:294906617378504704>) to read: <:yay:294906617378504704>   **GIVEAWAY**   <:yay:294906617378504704>
2018-05-02 17:56:49 #hauptchannel @GiveawayBot#2381 edited message from 2018-05-02 16:57:46 (<:yay:294906617378504704>   **GIVEAWAY**   <:yay:294906617378504704>) to read: <:yay:294906617378504704>   **GIVEAWAY**   <:yay:294906617378504704>
2018-05-02 17:56:53 #hauptchannel @GiveawayBot#2381 edited message from 2018-05-02 16:57:46 (<:yay:294906617378504704>   **GIVEAWAY**   <:yay:294906617378504704>) to read: <:yay:294906617378504704>   **GIVEAWAY**   <:yay:294906617378504704>
2018-05-02 17:56:53 #hauptchannel @GiveawayBot#2381 edited message from 2018-05-02 16:57:46 (<:yay:294906617378504704>   **GIVEAWAY**   <:yay:294906617378504704>) to read: <:yay:294906617378504704>   **GIVEAWAY**   <:yay:294906617378504704>
2018-05-02 17:56:58 #hauptchannel @GiveawayBot#2381 edited message from 2018-05-02 16:57:46 (<:yay:294906617378504704>   **GIVEAWAY**   <:yay:294906617378504704>) to read: <:yay:294906617378504704>   **GIVEAWAY**   <:yay:294906617378504704>
2018-05-02 17:56:58 #hauptchannel @GiveawayBot#2381 edited message from 2018-05-02 16:57:46 (<:yay:294906617378504704>   **GIVEAWAY**   <:yay:294906617378504704>) to read: <:yay:294906617378504704>   **GIVEAWAY**   <:yay:294906617378504704>
2018-05-02 17:57:03 #hauptchannel @GiveawayBot#2381 edited message from 2018-05-02 16:57:46 (<:yay:294906617378504704>   **GIVEAWAY**   <:yay:294906617378504704>) to read: <:yay:294906617378504704>   **GIVEAWAY**   <:yay:294906617378504704>
2018-05-02 17:57:03 #hauptchannel @GiveawayBot#2381 edited message from 2018-05-02 16:57:46 (<:yay:294906617378504704>   **GIVEAWAY**   <:yay:294906617378504704>) to read: <:yay:294906617378504704>   **GIVEAWAY**   <:yay:294906617378504704>
2018-05-02 17:57:08 #hauptchannel @GiveawayBot#2381 edited message from 2018-05-02 16:57:46 (<:yay:294906617378504704>   **GIVEAWAY**   <:yay:294906617378504704>) to read: <:yay:294906617378504704>   **GIVEAWAY**   <:yay:294906617378504704>
2018-05-02 17:57:08 #hauptchannel @GiveawayBot#2381 edited message from 2018-05-02 16:57:46 (<:yay:294906617378504704>   **GIVEAWAY**   <:yay:294906617378504704>) to read: <:yay:294906617378504704>   **GIVEAWAY**   <:yay:294906617378504704>
2018-05-02 17:57:13 #hauptchannel @GiveawayBot#2381 edited message from 2018-05-02 16:57:46 (<:yay:294906617378504704>   **GIVEAWAY**   <:yay:294906617378504704>) to read: <:yay:294906617378504704>   **GIVEAWAY**   <:yay:294906617378504704>
2018-05-02 17:57:13 #hauptchannel @GiveawayBot#2381 edited message from 2018-05-02 16:57:46 (<:yay:294906617378504704>   **GIVEAWAY**   <:yay:294906617378504704>) to read: <:yay:294906617378504704>   **GIVEAWAY**   <:yay:294906617378504704>
2018-05-02 17:57:19 #hauptchannel @GiveawayBot#2381 edited message from 2018-05-02 16:57:46 (<:yay:294906617378504704>   **GIVEAWAY**   <:yay:294906617378504704>) to read: <:yay:294906617378504704>   **GIVEAWAY**   <:yay:294906617378504704>
2018-05-02 17:57:19 #hauptchannel @GiveawayBot#2381 edited message from 2018-05-02 16:57:46 (<:yay:294906617378504704>   **GIVEAWAY**   <:yay:294906617378504704>) to read: <:yay:294906617378504704>   **GIVEAWAY**   <:yay:294906617378504704>
2018-05-02 17:57:24 #hauptchannel @GiveawayBot#2381 edited message from 2018-05-02 16:57:46 (<:yay:294906617378504704>   **GIVEAWAY**   <:yay:294906617378504704>) to read: <:yay:294906617378504704>   **GIVEAWAY**   <:yay:294906617378504704>
2018-05-02 17:57:24 #hauptchannel @GiveawayBot#2381 edited message from 2018-05-02 16:57:46 (<:yay:294906617378504704>   **GIVEAWAY**   <:yay:294906617378504704>) to read: <:yay:294906617378504704>   **GIVEAWAY**   <:yay:294906617378504704>
2018-05-02 17:57:29 #hauptchannel @GiveawayBot#2381 edited message from 2018-05-02 16:57:46 (<:yay:294906617378504704>   **GIVEAWAY**   <:yay:294906617378504704>) to read: <:yay:294906617378504704>   **GIVEAWAY**   <:yay:294906617378504704>
2018-05-02 17:57:29 #hauptchannel @GiveawayBot#2381 edited message from 2018-05-02 16:57:46 (<:yay:294906617378504704>   **GIVEAWAY**   <:yay:294906617378504704>) to read: <:yay:294906617378504704>   **GIVEAWAY**   <:yay:294906617378504704>
2018-05-02 17:57:34 #hauptchannel @GiveawayBot#2381 edited message from 2018-05-02 16:57:46 (<:yay:294906617378504704>   **GIVEAWAY**   <:yay:294906617378504704>) to read: <:yay:294906617378504704>   **GIVEAWAY**   <:yay:294906617378504704>
2018-05-02 17:57:34 #hauptchannel @GiveawayBot#2381 edited message from 2018-05-02 16:57:46 (<:yay:294906617378504704>   **GIVEAWAY**   <:yay:294906617378504704>) to read: <:yay:294906617378504704>   **GIVEAWAY**   <:yay:294906617378504704>
2018-05-02 17:57:39 #hauptchannel @GiveawayBot#2381 edited message from 2018-05-02 16:57:46 (<:yay:294906617378504704>   **GIVEAWAY**   <:yay:294906617378504704>) to read: <:yay:294906617378504704>   **GIVEAWAY**   <:yay:294906617378504704>
2018-05-02 17:57:39 #hauptchannel @GiveawayBot#2381 edited message from 2018-05-02 16:57:46 (<:yay:294906617378504704>   **GIVEAWAY**   <:yay:294906617378504704>) to read: <:yay:294906617378504704>   **GIVEAWAY**   <:yay:294906617378504704>
2018-05-02 17:57:41 #hauptchannel @GiveawayBot#2381 edited message from 2018-05-02 16:57:46 (<:yay:294906617378504704>   **GIVEAWAY**   <:yay:294906617378504704>) to read: <:yay:294906617378504704> **G I V E A W A Y** <:yay:294906617378504704>
2018-05-02 17:57:41 #hauptchannel @GiveawayBot#2381 edited message from 2018-05-02 16:57:46 (<:yay:294906617378504704> **G I V E A W A Y** <:yay:294906617378504704>) to read: <:yay:294906617378504704> **G I V E A W A Y** <:yay:294906617378504704>
2018-05-02 17:57:42 #hauptchannel @GiveawayBot#2381 edited message from 2018-05-02 16:57:46 (<:yay:294906617378504704> **G I V E A W A Y** <:yay:294906617378504704>) to read: <:yay:294906617378504704> **G I V E A W A Y** <:yay:294906617378504704>
2018-05-02 17:57:42 #hauptchannel @GiveawayBot#2381 edited message from 2018-05-02 16:57:46 (<:yay:294906617378504704> **G I V E A W A Y** <:yay:294906617378504704>) to read: <:yay:294906617378504704> **G I V E A W A Y** <:yay:294906617378504704>
2018-05-02 17:57:43 #hauptchannel @GiveawayBot#2381 edited message from 2018-05-02 16:57:46 (<:yay:294906617378504704> **G I V E A W A Y** <:yay:294906617378504704>) to read: <:yay:294906617378504704> **G I V E A W A Y** <:yay:294906617378504704>
2018-05-02 17:57:43 #hauptchannel @GiveawayBot#2381 edited message from 2018-05-02 16:57:46 (<:yay:294906617378504704> **G I V E A W A Y** <:yay:294906617378504704>) to read: <:yay:294906617378504704> **G I V E A W A Y** <:yay:294906617378504704>
2018-05-02 17:57:44 #hauptchannel @GiveawayBot#2381 edited message from 2018-05-02 16:57:46 (<:yay:294906617378504704> **G I V E A W A Y** <:yay:294906617378504704>) to read: <:yay:294906617378504704> **G I V E A W A Y** <:yay:294906617378504704>
2018-05-02 17:57:44 #hauptchannel @GiveawayBot#2381 edited message from 2018-05-02 16:57:46 (<:yay:294906617378504704> **G I V E A W A Y** <:yay:294906617378504704>) to read: <:yay:294906617378504704> **G I V E A W A Y** <:yay:294906617378504704>
2018-05-02 17:57:45 #hauptchannel @GiveawayBot#2381: Congratulations @luisluisreal! You won!
2018-05-02 17:57:45 #hauptchannel @GiveawayBot#2381 edited message from 2018-05-02 16:57:46 (<:yay:294906617378504704> **G I V E A W A Y** <:yay:294906617378504704>) to read: <:yay:294906617378504704> **GIVEAWAY ENDED** <:yay:294906617378504704>
2018-05-02 17:57:45 #hauptchannel @GiveawayBot#2381 edited message from 2018-05-02 16:57:46 (<:yay:294906617378504704> **GIVEAWAY ENDED** <:yay:294906617378504704>) to read: <:yay:294906617378504704> **GIVEAWAY ENDED** <:yay:294906617378504704>
2018-05-02 17:58:02 #hauptchannel @Fairgamer_1337#7887: !ghelp
2018-05-02 17:58:20 #hauptchannel @Fairgamer_1337#7887: !gaabout
2018-05-02 17:58:48 #hauptchannel @Fairgamer_1337#7887: vexera
2018-05-02 17:59:29 #hauptchannel @Alexa Bot#1459: 
2018-05-02 17:59:39 #hauptchannel @Fairgamer_1337#7887: !ahelp
2018-05-02 17:59:54 #hauptchannel @Fairgamer_1337#7887: @Alexa Bot
2018-05-02 17:59:54 #hauptchannel @Alexa Bot#1459: Hello @fairgamer_1337! I'm **Alexa Bot** and my prefix is **-**/**mention me**!
2018-05-02 18:00:36 #hauptchannel @Fairgamer_1337#7887: @Alexa Bot Ist luisluisreal dumm
2018-05-02 18:01:01 #hauptchannel @Fairgamer_1337#7887: @Alexa Bot is luisluisreal stupid
2018-05-02 18:01:17 #hauptchannel @Fairgamer_1337#7887: /mention me
2018-05-02 18:01:22 #hauptchannel @Fairgamer_1337#7887: !mention me
2018-05-02 18:01:36 #hauptchannel @Fairgamer_1337#7887: @Alexa Bot
2018-05-02 18:01:36 #hauptchannel @Alexa Bot#1459: Hello @fairgamer_1337! I'm **Alexa Bot** and my prefix is **-**/**mention me**!
2018-05-02 18:01:56 #hauptchannel @Fairgamer_1337#7887: Hello @fairgamer_1337! I'm Alexa Bot and my prefix is -/mention me!
