2018-04-22 19:18:20 #🎶 DJ SS1 *play Voice channel join: ➸ Oliver Queen  ♋#5392 (id 372842450538070019), moved from 🎶 Música +tocar
2018-04-22 19:18:34 #🎶 DJ SS1 *play Voice channel join: Synapse#0692 (id 435538622293344266), moved from 🎶 Música +tocar
2018-04-22 19:28:45 #🎶 DJ SS1 *play Voice channel join: Dyno#3861 (id 155149108183695360)
2018-04-22 20:03:06 #🎶 DJ SS1 *play Voice channel leave: ➸ Oliver Queen  ♋#5392 (id 372842450538070019)
2018-04-22 20:29:30 #🎶 DJ SS1 *play Voice channel join: Vinicio#3333 (id 205135275188289547), moved from 🎮 Sala 1 🔫, flags: self_mute
2018-04-22 20:29:43 #🎶 DJ SS1 *play Voice channel join: SladeWilsonTBR#0162 (id 336017218296872970), moved from 🎮 Sala 1 🔫
2018-04-22 20:29:56 #🎶 DJ SS1 *play Voice channel join: Viniciogamer#9843 (id 434442998940696577), moved from 💚 💛 Sala 3 💙💜, flags: self_deaf
2018-04-22 20:30:01 #🎶 DJ SS1 *play Voice channel leave: Viniciogamer#9843 (id 434442998940696577) moving to 💛 💙 Sala 1 💜 💚
2018-04-22 20:30:04 #🎶 DJ SS1 *play Voice channel leave: SladeWilsonTBR#0162 (id 336017218296872970) moving to 🎮 Sala 1 🔫
2018-04-22 20:30:06 #🎶 DJ SS1 *play Voice channel leave: Vinicio#3333 (id 205135275188289547) moving to 🎮 Sala 1 🔫
2018-04-22 20:30:10 #🎶 DJ SS1 *play Voice channel join: Vinicio#3333 (id 205135275188289547), moved from 🎮 Sala 1 🔫, flags: self_mute
2018-04-22 20:30:47 #🎶 DJ SS1 *play Voice channel leave: Dyno#3861 (id 155149108183695360)
2018-04-22 20:30:53 #🎶 DJ SS1 *play Voice channel leave: Vinicio#3333 (id 205135275188289547) moving to 🎮 Sala 1 🔫
2018-04-22 21:44:09 #🎶 DJ SS1 *play Voice channel leave: Synapse#0692 (id 435538622293344266) moving to 🎮 Sala 1 🔫
2018-04-23 01:23:51 #🎶 DJ SS1 *play Voice channel join: SladeWilsonTBR#0162 (id 336017218296872970), moved from 🎶 Música +tocar
2018-04-23 01:23:58 #🎶 DJ SS1 *play Voice channel join: Dyno#3861 (id 155149108183695360)
2018-04-23 01:28:12 #🎶 DJ SS1 *play Voice channel leave: SladeWilsonTBR#0162 (id 336017218296872970) moving to 🎶 Música ?play
2018-04-23 01:32:04 #🎶 DJ SS1 *play Voice channel leave: Dyno#3861 (id 155149108183695360)
2018-04-23 01:47:29 #🎶 DJ SS1 *play Voice channel join: SladeWilsonTBR#0162 (id 336017218296872970), moved from 🎶 Música -play
2018-04-23 01:47:31 #🎶 DJ SS1 *play Voice channel leave: SladeWilsonTBR#0162 (id 336017218296872970) moving to 🎶 Música -play
2018-04-23 16:17:31 #🎶 DJ SS1 *play Voice channel leave: SladeWilsonTBR#0162 (id 336017218296872970) moving to 💛 💙 Sala 1 💜 💚
2018-04-23 17:41:44 #🎶 DJ SS1 *play Voice channel leave: SladeWilsonTBR#0162 (id 336017218296872970) moving to 🎃👻AUSENTE🎃👻
2018-04-23 17:47:08 #🎶 DJ SS1 *play Voice channel leave: Dyno#3861 (id 155149108183695360)
2018-04-23 17:50:37 #🎶 DJ SS1 *play Voice channel join: SladeWilsonTBR#0162 (id 336017218296872970), moved from 🎃👻AUSENTE🎃👻
2018-04-23 17:51:19 #🎶 DJ SS1 *play Voice channel join: Dyno#3861 (id 155149108183695360)
2018-04-23 18:26:06 #🎶 DJ SS1 *play Voice channel join: Vinicio#3333 (id 205135275188289547), flags: self_mute
2018-04-23 18:26:16 #🎶 DJ SS1 *play Voice channel leave: SladeWilsonTBR#0162 (id 336017218296872970) moving to 🎮 Sala 1 🔫
2018-04-23 18:26:20 #🎶 DJ SS1 *play Voice channel leave: Vinicio#3333 (id 205135275188289547) moving to 🎮 Sala 1 🔫
2018-04-23 18:26:35 #🎶 DJ SS1 *play Voice channel leave: Dyno#3861 (id 155149108183695360)
2018-04-23 21:25:21 #🎶 DJ SS1 *play Voice channel join: SladeWilsonTBR#0162 (id 336017218296872970), moved from 🎶 Música +tocar
2018-04-23 21:25:27 #🎶 DJ SS1 *play Voice channel join: Dyno#3861 (id 155149108183695360)
2018-04-23 21:44:32 #🎶 DJ SS1 *play Voice channel leave: Dyno#3861 (id 155149108183695360)
2018-04-23 21:44:47 #🎶 DJ SS1 *play Voice channel leave: SladeWilsonTBR#0162 (id 336017218296872970) moving to 🎶 Música !play
2018-04-26 02:31:01 #🎶 DJ SS1 *play Voice channel join: ihgormat#9222 (id 342134287396634625), moved from 🎶 Música +tocar, flags: self_mute
2018-04-26 02:31:05 #🎶 DJ SS1 *play Voice channel leave: ihgormat#9222 (id 342134287396634625) moving to 🎶 Música ?play
2018-04-26 17:01:44 #🎶 DJ SS1 *play Voice channel join: ➸ Oliver Queen  ♋#5392 (id 372842450538070019), moved from 🎶 Música +tocar
2018-04-26 17:01:44 #🎶 DJ SS1 *play Voice channel leave: ➸ Oliver Queen  ♋#5392 (id 372842450538070019) moving to 🎶 Música +tocar
2018-04-26 17:02:57 #🎶 DJ SS1 *play Voice channel join: ➸ Oliver Queen  ♋#5392 (id 372842450538070019), moved from 🎶 Música +tocar
2018-04-26 17:02:58 #🎶 DJ SS1 *play Voice channel leave: ➸ Oliver Queen  ♋#5392 (id 372842450538070019) moving to 🎶 Música +tocar
2018-04-27 21:04:50 #🎶 DJ SS1 *play Voice channel join: SladeWilsonTBR#0162 (id 336017218296872970), moved from 🎶 Música +tocar
2018-04-27 21:04:55 #🎶 DJ SS1 *play Voice channel leave: SladeWilsonTBR#0162 (id 336017218296872970) moving to 🎶 Música +tocar
2018-05-01 10:32:24 #🎶 DJ SS1 *play Voice channel join: COXINHA#1333 (id 369952869341724674), flags: self_mute
2018-05-01 10:32:52 #🎶 DJ SS1 *play Voice channel join: Astolfo#0628 (id 326750725084282881)
2018-05-01 10:42:11 #🎶 DJ SS1 *play Voice channel leave: COXINHA#1333 (id 369952869341724674) moving to 🎮 Sala 1 🔫
2018-05-01 10:42:42 #🎶 DJ SS1 *play Voice channel join: COXINHA#1333 (id 369952869341724674), moved from 🎮 Sala 1 🔫, flags: self_mute
2018-05-01 10:42:53 #🎶 DJ SS1 *play Voice channel leave: COXINHA#1333 (id 369952869341724674) moving to 🎮 Sala 1 🔫
2018-05-01 10:43:35 #🎶 DJ SS1 *play Voice channel join: COXINHA#1333 (id 369952869341724674), moved from 🎮 Sala 1 🔫, flags: self_mute
2018-05-01 10:43:43 #🎶 DJ SS1 *play Voice channel leave: COXINHA#1333 (id 369952869341724674) moving to 🎮 Sala 1 🔫
2018-05-01 10:45:48 #🎶 DJ SS1 *play Voice channel join: COXINHA#1333 (id 369952869341724674), moved from 😺  Sala 1  😺, flags: self_mute
2018-05-01 10:46:06 #🎶 DJ SS1 *play Voice channel leave: COXINHA#1333 (id 369952869341724674) moving to 😺  Sala 1  😺
2018-05-01 10:47:07 #🎶 DJ SS1 *play Voice channel join: COXINHA#1333 (id 369952869341724674), moved from 🎶 Música !play, flags: self_mute
2018-05-01 10:48:08 #🎶 DJ SS1 *play Voice channel leave: Astolfo#0628 (id 326750725084282881)
2018-05-01 10:48:15 #🎶 DJ SS1 *play Voice channel leave: COXINHA#1333 (id 369952869341724674) moving to 😺  Sala 1  😺
