2018-04-23 01:40:53 #🎶 Música !playlist start top100 Voice channel join: SladeWilsonTBR#0162 (id 336017218296872970), moved from 🎶 Música ?play
2018-04-23 01:40:57 #🎶 Música !playlist start top100 Voice channel leave: SladeWilsonTBR#0162 (id 336017218296872970) moving to 🎶 Música ?play
2018-04-23 01:41:01 #🎶 Música !playlist start top100 Voice channel join: Synapse#0692 (id 435538622293344266), moved from 🎶 Música ?play
2018-04-23 01:41:02 #🎶 Música !playlist start top100 Voice channel join: SladeWilsonTBR#0162 (id 336017218296872970), moved from 🎶 Música ?play
2018-04-23 01:47:12 #🎶 Música !play Voice channel leave: SladeWilsonTBR#0162 (id 336017218296872970) moving to 🎶 Música -play
2018-04-23 01:52:19 #🎶 Música !play Voice channel leave: Synapse#0692 (id 435538622293344266)
2018-04-23 14:16:11 #🎶 Música !play Voice channel join: SladeWilsonTBR#0162 (id 336017218296872970), moved from 🎶 Música +tocar
2018-04-23 14:16:14 #🎶 Música !play Voice channel join: Vinicio#3333 (id 205135275188289547), moved from 🎶 Música +tocar, flags: self_mute
2018-04-23 14:16:47 #🎶 Música !play Voice channel join: Viniciogamer#9843 (id 434442998940696577), flags: self_deaf
2018-04-23 14:16:49 #🎶 Música !play Voice channel join: Synapse#0692 (id 435538622293344266)
2018-04-23 14:16:55 #🎶 Música !play Server self-mute: Viniciogamer#9843 (id 434442998940696577)
2018-04-23 14:16:55 #🎶 Música !play Server self-unmute: Viniciogamer#9843 (id 434442998940696577)
2018-04-23 14:17:20 #🎶 Música !play Voice channel leave: SladeWilsonTBR#0162 (id 336017218296872970) moving to 🎮 Sala 1 🔫
2018-04-23 14:17:27 #🎶 Música !play Voice channel leave: Vinicio#3333 (id 205135275188289547) moving to 🎮 Sala 1 🔫
2018-04-23 14:17:31 #🎶 Música !play Voice channel leave: Viniciogamer#9843 (id 434442998940696577) moving to 🌕  🌖 Sala 4 🌗  🌘
2018-04-23 14:17:33 #🎶 Música !play Voice channel leave: Synapse#0692 (id 435538622293344266) moving to 🌕  🌖 Sala 4 🌗  🌘
2018-04-23 21:44:47 #🎶 Música !play Voice channel join: SladeWilsonTBR#0162 (id 336017218296872970), moved from 🎶 DJ SS1 *play
2018-04-23 21:45:07 #🎶 Música !play Voice channel join: Synapse#0692 (id 435538622293344266)
2018-04-23 22:08:03 #🎶 Música !play Server self-deafen: SladeWilsonTBR#0162 (id 336017218296872970)
2018-04-23 22:08:03 #🎶 Música !play Server self-mute: SladeWilsonTBR#0162 (id 336017218296872970)
2018-04-23 22:08:47 #🎶 Música !play Server self-undeafen: SladeWilsonTBR#0162 (id 336017218296872970)
2018-04-23 22:08:47 #🎶 Música !play Server self-unmute: SladeWilsonTBR#0162 (id 336017218296872970)
2018-04-23 22:21:53 #🎶 Música !play Server self-deafen: SladeWilsonTBR#0162 (id 336017218296872970)
2018-04-23 22:21:53 #🎶 Música !play Server self-mute: SladeWilsonTBR#0162 (id 336017218296872970)
2018-04-23 22:21:54 #🎶 Música !play Server self-undeafen: SladeWilsonTBR#0162 (id 336017218296872970)
2018-04-23 22:21:54 #🎶 Música !play Server self-unmute: SladeWilsonTBR#0162 (id 336017218296872970)
2018-04-23 22:22:22 #🎶 Música !play Server self-deafen: SladeWilsonTBR#0162 (id 336017218296872970)
2018-04-23 22:22:22 #🎶 Música !play Server self-mute: SladeWilsonTBR#0162 (id 336017218296872970)
2018-04-23 22:46:45 #🎶 Música !play Server self-undeafen: SladeWilsonTBR#0162 (id 336017218296872970)
2018-04-23 22:46:45 #🎶 Música !play Server self-unmute: SladeWilsonTBR#0162 (id 336017218296872970)
2018-04-23 23:02:55 #🎶 Música !play Voice channel leave: SladeWilsonTBR#0162 (id 336017218296872970) moving to 🎶 Música ?play
2018-04-23 23:07:25 #🎶 Música !play Voice channel leave: Synapse#0692 (id 435538622293344266)
2018-04-26 01:39:22 #🎶 Música !play Voice channel join: Synapse#0692 (id 435538622293344266), moved from 😺  Sala 1  😺
2018-04-26 16:41:16 #🎶 Música !play Voice channel join: ➸ Oliver Queen  ♋#5392 (id 372842450538070019)
2018-04-26 16:41:29 #🎶 Música !play Voice channel leave: ➸ Oliver Queen  ♋#5392 (id 372842450538070019) moving to 🎶 Música +tocar
2018-04-26 16:47:25 #🎶 Música !play Voice channel leave: Synapse#0692 (id 435538622293344266) moving to 😺  Sala 1  😺
2018-05-01 03:47:16 #🎶 Música !play Voice channel join: COXINHA#1333 (id 369952869341724674), flags: self_deaf,self_mute
2018-05-01 03:47:44 #🎶 Música !play Voice channel leave: COXINHA#1333 (id 369952869341724674) moving to 🎶 Música ?play
2018-05-01 10:47:06 #🎶 Música !play Voice channel join: COXINHA#1333 (id 369952869341724674), moved from 😺  Sala 1  😺, flags: self_mute
2018-05-01 10:47:07 #🎶 Música !play Voice channel leave: COXINHA#1333 (id 369952869341724674) moving to 🎶 DJ SS1 *play
