2018-04-23 01:28:12 #🎶 Música ?play Voice channel join: SladeWilsonTBR#0162 (id 336017218296872970), moved from 🎶 DJ SS1 *play
2018-04-23 01:28:15 #🎶 Música ?play Voice channel leave: SladeWilsonTBR#0162 (id 336017218296872970) moving to 🎶 Música +tocar
2018-04-23 01:28:17 #🎶 Música ?play Voice channel join: SladeWilsonTBR#0162 (id 336017218296872970), moved from 🎶 Música +tocar
2018-04-23 01:28:45 #🎶 Música ?play Voice channel join: Astolfo#0628 (id 326750725084282881)
2018-04-23 01:39:41 #🎶 Música ?play Voice channel join: Synapse#0692 (id 435538622293344266), moved from 🎮 Sala 1 🔫
2018-04-23 01:40:53 #🎶 Música ?play Voice channel leave: SladeWilsonTBR#0162 (id 336017218296872970) moving to 🎶 Música !playlist start top100
2018-04-23 01:40:57 #🎶 Música ?play Voice channel join: SladeWilsonTBR#0162 (id 336017218296872970), moved from 🎶 Música !playlist start top100
2018-04-23 01:41:01 #🎶 Música ?play Voice channel leave: Synapse#0692 (id 435538622293344266) moving to 🎶 Música !playlist start top100
2018-04-23 01:41:02 #🎶 Música ?play Voice channel leave: SladeWilsonTBR#0162 (id 336017218296872970) moving to 🎶 Música !playlist start top100
2018-04-23 01:43:48 #🎶 Música ?play Voice channel leave: Astolfo#0628 (id 326750725084282881)
2018-04-23 23:02:55 #🎶 Música ?play Voice channel join: SladeWilsonTBR#0162 (id 336017218296872970), moved from 🎶 Música !play
2018-04-24 06:58:36 #🎶 Música ?play Voice channel leave: SladeWilsonTBR#0162 (id 336017218296872970) moving to 🎃👻AUSENTE🎃👻
2018-04-26 01:41:15 #🎶 Música ?play Voice channel join: Astolfo#0628 (id 326750725084282881), moved from 😺  Sala 1  😺
2018-04-26 01:44:45 #🎶 Música ?play Voice channel leave: Astolfo#0628 (id 326750725084282881)
2018-04-26 02:31:05 #🎶 Música ?play Voice channel join: ihgormat#9222 (id 342134287396634625), moved from 🎶 DJ SS1 *play, flags: self_mute
2018-04-26 02:49:38 #🎶 Música ?play Voice channel leave: ihgormat#9222 (id 342134287396634625)
2018-04-26 16:51:26 #🎶 Música ?play Voice channel join: ➸ Oliver Queen  ♋#5392 (id 372842450538070019), moved from 🎶 Música +tocar
2018-04-26 16:51:26 #🎶 Música ?play Voice channel join: Astolfo#0628 (id 326750725084282881), moved from 🎶 Música +tocar
2018-04-26 16:54:01 #🎶 Música ?play Voice channel join: SladeWilsonTBR#0162 (id 336017218296872970), moved from 💛 💙 Sala 1 💜 💚
2018-04-26 16:55:19 #🎶 Música ?play Voice channel leave: ➸ Oliver Queen  ♋#5392 (id 372842450538070019) moving to 🎶 Música +tocar
2018-04-26 16:55:22 #🎶 Música ?play Voice channel leave: SladeWilsonTBR#0162 (id 336017218296872970) moving to 🎶 Música +tocar
2018-04-26 16:58:25 #🎶 Música ?play Voice channel leave: Astolfo#0628 (id 326750725084282881)
2018-05-01 03:47:44 #🎶 Música ?play Voice channel join: COXINHA#1333 (id 369952869341724674), moved from 🎶 Música !play, flags: self_deaf,self_mute
2018-05-01 03:47:45 #🎶 Música ?play Voice channel leave: COXINHA#1333 (id 369952869341724674) moving to 🎶 Música +tocar
2018-05-01 16:20:39 #🎶 Música ?play Voice channel join: SladeWilsonTBR#0162 (id 336017218296872970), moved from 🎮 Sala 1 🔫
2018-05-01 16:20:43 #🎶 Música ?play Voice channel leave: SladeWilsonTBR#0162 (id 336017218296872970) moving to 🎮 Sala 1 🔫
