2018-04-26 10:08:44 #general @Synapse#0692: 
2018-04-26 10:17:23 #general @-SpiritsS-#1917: .multicolor Owner 1
2018-04-26 10:17:34 #general @-SpiritsS-#1917: .multicolow OWNER 2
2018-04-26 10:17:45 #general @-SpiritsS-#1917: .multicolor Owner 2
2018-04-26 10:20:10 #general @-SpiritsS-#1917: .multicolor OWNER 2
2018-04-26 10:20:38 #general @-SpiritsS-#1917: .multicolor 2 OWNER
2018-04-26 10:20:55 #general @-SpiritsS-#1917: .multicolor 1 OWNER
2018-04-26 10:20:58 #general @-SpiritsS-#1917: s
2018-04-26 10:20:58 #general @-SpiritsS-#1917: s
2018-04-26 10:20:59 #general @-SpiritsS-#1917: s
2018-04-26 10:20:59 #general @-SpiritsS-#1917: s
2018-04-26 10:20:59 #general @-SpiritsS-#1917: s
2018-04-26 10:21:00 #general @-SpiritsS-#1917: s
2018-04-26 10:21:00 #general @-SpiritsS-#1917: s
2018-04-26 10:21:34 #general @-SpiritsS-#1917: .multicolor 2 OWNER
2018-04-26 10:22:12 #general @-SpiritsS-#1917: <:burgger:439008211836731392>
2018-04-26 10:25:22 #general @-SpiritsS-#1917: <:LOLLOCK:439009009551278090>
2018-04-26 10:26:04 #general @-Whale -#1917: <:LOLLOCK:439009009551278090>
2018-04-26 10:26:09 #general @-Whale -#1917: <:LOLLOCK:439009009551278090> <:LOLLOCK:439009009551278090> <:LOLLOCK:439009009551278090> <:LOLLOCK:439009009551278090> <:LOLLOCK:439009009551278090> <:LOLLOCK:439009009551278090> <:LOLLOCK:439009009551278090> <:LOLLOCK:439009009551278090>
2018-04-26 10:27:05 #general @-Whale -#1917 deleted message from 2018-04-26 10:26:09 (<:LOLLOCK:439009009551278090> <:LOLLOCK:439009009551278090> <:LOLLOCK:439009009551278090> <:LOLLOCK:439009009551278090> <:LOLLOCK:439009009551278090> <:LOLLOCK:439009009551278090> <:LOLLOCK:439009009551278090> <:LOLLOCK:439009009551278090>)
2018-04-26 10:27:12 #general @-Whale -#1917 deleted message from 2018-04-26 10:17:23 (.multicolor Owner 1)
2018-04-26 10:27:23 #general @-Whale -#1917 deleted message from 2018-04-26 10:20:10 (.multicolor OWNER 2)
2018-04-28 11:05:17 #general @TheFinners#0474: s
2018-05-02 14:07:51 #general @TheFinners#0474: (wl)
2018-05-02 14:08:11 #general @TheFinners#0474: <:LOLLOCK:439009009551278090>
