2018-04-26 10:08:44 this bot joined the server
2018-04-26 10:11:46 Role created: 'new role' (id 439005659305082881)
2018-04-26 10:12:12 Role permissions: 'Synapse' changed from 8 to 262216
2018-04-26 10:12:12 Role renamed: 'new role' to 'GP-bot'
2018-04-26 10:13:04 Role mentionable: 'GP-bot' is now mentionable
2018-04-26 10:13:04 Role hoist: 'GP-bot' is now shown seperately
2018-04-26 10:13:04 Role permissions: 'GP-bot' changed from 104324161 to 2146958591
2018-04-26 10:14:59 Member role add: 'GP-bot' role was added to @Synapse#0692
2018-04-26 10:16:16 Role created: 'new role' (id 439006793331507210)
2018-04-26 10:16:54 Role renamed: 'new role' to 'Owner'
2018-04-26 10:16:54 Role color: 'new role' changed from #000000 to #e91e63
2018-04-26 10:16:54 Role mentionable: 'Owner' is now mentionable
2018-04-26 10:16:54 Role hoist: 'Owner' is now shown seperately
2018-04-26 10:16:54 Role permissions: 'new role' changed from 104324161 to 2146958591
2018-04-26 10:17:01 Member role add: 'Owner' role was added to @-SpiritsS-#1917
2018-04-26 10:19:28 Role color: 'Owner' changed from #e91e63 to #992d22
2018-04-26 10:19:28 Role permissions: 'Owner' changed from 2146958591 to 33554432
2018-04-26 10:21:18 Role position: 'Synapse' changed from 3 to 2
2018-04-26 10:21:18 Role position: 'GP-bot' changed from 2 to 3
2018-04-26 10:25:58 Member username: '@-SpiritsS-#1917' (id 338940087826120704) changed username from '-SpiritsS-' to '-Whale -'
2018-04-26 10:26:46 Role color: 'Owner' changed from #992d22 to #e91e63
2018-04-26 10:28:27 Role created: 'new role' (id 439009855249055744)
2018-04-26 10:28:48 Role renamed: 'new role' to 'Noobs'
2018-04-26 10:28:48 Role color: 'new role' changed from #000000 to #3498db
2018-04-26 10:28:54 Member role add: 'Noobs' role was added to @Maximussi#5230
2018-04-26 10:28:58 Member role add: 'Noobs' role was added to @TheFinners#0474
2018-04-26 10:29:20 Role position: 'Synapse' changed from 3 to 1
2018-04-26 10:29:20 Role position: 'GP-bot' changed from 4 to 2
2018-04-26 10:29:20 Role position: 'Noobs' changed from 1 to 3
2018-04-26 10:29:20 Role position: 'Owner' changed from 2 to 4
