2018-04-18 18:00:49 #duck-hunt @DuckHunt#0550: The duck dissipated in space and time.  ·°'\`'°-.,¸¸.·°'\`
2018-04-18 18:28:55 #duck-hunt @DuckHunt#0550: :duck: < KWAAK
2018-04-18 18:31:35 #duck-hunt @DuckHunt#0550: :duck: < QWACK
2018-04-18 18:34:44 #duck-hunt @DuckHunt#0550: :duck: < QWACK
2018-04-18 18:39:55 #duck-hunt @DuckHunt#0550: The duck dissipated in space and time.  ·°'\`'°-.,¸¸.·°'\`
2018-04-18 18:42:35 #duck-hunt @DuckHunt#0550: The duck left out of boredom.  ·°'\`'°-.,¸¸.·°'\`
2018-04-18 18:45:44 #duck-hunt @DuckHunt#0550: The duck dissipated in space and time.  ·°'\`'°-.,¸¸.·°'\`
2018-04-18 19:17:27 #duck-hunt @DuckHunt#0550: :duck: < COIN
2018-04-18 19:23:22 #duck-hunt @DuckHunt#0550: :duck: < KWAAAK
2018-04-18 19:25:07 #duck-hunt @Ңξ∫∫ Ƙᶏȶ™#4105: !bang
2018-04-18 19:25:07 #duck-hunt @DuckHunt#0550: @Ңξ∫∫ Ƙᶏȶ™ > BANG
2018-04-18 19:25:09 #duck-hunt @DuckHunt#0550 edited message from 2018-04-18 19:25:07 (@Ңξ∫∫ Ƙᶏȶ™ > BANG) to read: @Ңξ∫∫ Ƙᶏȶ™ > **PIEWW**	You missed the duck! [missed: -1 xp]
2018-04-18 19:25:11 #duck-hunt @Ңξ∫∫ Ƙᶏȶ™#4105: !bang
2018-04-18 19:25:11 #duck-hunt @DuckHunt#0550: @Ңξ∫∫ Ƙᶏȶ™ > BANG
2018-04-18 19:25:12 #duck-hunt @DuckHunt#0550 edited message from 2018-04-18 19:25:11 (@Ңξ∫∫ Ƙᶏȶ™ > BANG) to read: @Ңξ∫∫ Ƙᶏȶ™ > :skull_crossbones: **SPROTCH**	You killed the duck in 464.4545 seconds, you are now at a grand total of 4 ducks (of which 1 were super-ducks) killed on #duck-hunt.     \_X<   *COUAC*   [50 exp]
2018-04-18 19:25:14 #duck-hunt @Ңξ∫∫ Ƙᶏȶ™#4105: !bang
2018-04-18 19:25:14 #duck-hunt @DuckHunt#0550: @Ңξ∫∫ Ƙᶏȶ™ > BANG
2018-04-18 19:25:15 #duck-hunt @DuckHunt#0550: 
2018-04-18 19:25:15 #duck-hunt @DuckHunt#0550 edited message from 2018-04-18 19:25:14 (@Ңξ∫∫ Ƙᶏȶ™ > BANG) to read: @Ңξ∫∫ Ƙᶏȶ™ > :skull_crossbones: **SPROTCH**	You killed the duck in 112.9098 seconds, you are now at a grand total of 5 ducks (of which 1 were super-ducks) killed on #duck-hunt.     \_X<   *COUAC*   [50 exp]
2018-04-18 19:25:15 #duck-hunt @DuckHunt#0550 edited message from 2018-04-18 19:25:15 () to read: 
2018-04-18 19:27:43 #duck-hunt @DuckHunt#0550: :duck: < QWACK
2018-04-18 19:28:26 #duck-hunt @Ңξ∫∫ Ƙᶏȶ™#4105: !bang
2018-04-18 19:28:26 #duck-hunt @DuckHunt#0550: @Ңξ∫∫ Ƙᶏȶ™ > BANG
2018-04-18 19:28:27 #duck-hunt @DuckHunt#0550 edited message from 2018-04-18 19:28:26 (@Ңξ∫∫ Ƙᶏȶ™ > BANG) to read: @Ңξ∫∫ Ƙᶏȶ™ > **BANG**	You missed the duck... and shot @Madaa ❥! [missed: -1 xp] [hunting accident: -2 xp] [**weapon confiscated**]
2018-04-18 19:28:27 #duck-hunt @DuckHunt#0550: @Ңξ∫∫ Ƙᶏȶ™ > :bulb: HINT: You can recover your weapon in the store (`dh!shop 5`) or wait until you get it back for free (check when with `!freetime`)
2018-04-18 19:28:37 #duck-hunt @Ңξ∫∫ Ƙᶏȶ™#4105: dh!shop 5
2018-04-18 19:28:37 #duck-hunt @DuckHunt#0550: 
2018-04-18 19:28:37 #duck-hunt @DuckHunt#0550 edited message from 2018-04-18 19:28:37 () to read: 
2018-04-18 19:28:37 #duck-hunt @DuckHunt#0550: @Ңξ∫∫ Ƙᶏȶ™ > :money_with_wings: You got your weapon back.
2018-04-18 19:28:37 #duck-hunt @DuckHunt#0550: @Ңξ∫∫ Ƙᶏȶ™ > :bulb: HINT: You can get your weapon back for free if you wait until the daily weapon & magazine giveback. Type `dh!freetime` to find out when the next giveback is
2018-04-18 19:28:37 #duck-hunt @DuckHunt#0550: @Ңξ∫∫ Ƙᶏȶ™ > Right now you have a total of 268 exp points.
2018-04-18 19:28:45 #duck-hunt @Ңξ∫∫ Ƙᶏȶ™#4105: !bang
2018-04-18 19:28:45 #duck-hunt @DuckHunt#0550: @Ңξ∫∫ Ƙᶏȶ™ > ** CHARGER EMPTY ** | Ammunition in the weapon: 0 / 6 | Magazines remaining: 2 / 2
2018-04-18 19:28:47 #duck-hunt @Ңξ∫∫ Ƙᶏȶ™#4105: !reload
2018-04-18 19:28:47 #duck-hunt @DuckHunt#0550: @Ңξ∫∫ Ƙᶏȶ™ > You reloaded your weapon. | Ammo in weapon: 6/6 | Magazines left: 1/2
2018-04-18 19:28:50 #duck-hunt @Ңξ∫∫ Ƙᶏȶ™#4105: !bang
2018-04-18 19:28:50 #duck-hunt @DuckHunt#0550: @Ңξ∫∫ Ƙᶏȶ™ > BANG
2018-04-18 19:28:51 #duck-hunt @DuckHunt#0550: 
2018-04-18 19:28:51 #duck-hunt @DuckHunt#0550 edited message from 2018-04-18 19:28:51 () to read: 
2018-04-18 19:28:51 #duck-hunt @DuckHunt#0550 edited message from 2018-04-18 19:28:50 (@Ңξ∫∫ Ƙᶏȶ™ > BANG) to read: @Ңξ∫∫ Ƙᶏȶ™ > :skull_crossbones: **SPROTCH**	You killed the duck in 67.8605 seconds, you are now at a grand total of 6 ducks (of which 1 were super-ducks) killed on #duck-hunt.     \_X<   *COUAC*   [50 exp]
2018-04-18 19:34:19 #duck-hunt @DuckHunt#0550: :duck: < QUAAACK
2018-04-18 19:45:19 #duck-hunt @DuckHunt#0550: The duck didn't have time for this.  ·°'\`'°-.,¸¸.·°'\`
2018-04-18 19:47:01 #duck-hunt @DuckHunt#0550: :duck: < COIN
