2018-04-18 17:59:26 Role created: 'Synapse' (id 436224251972943893)
2018-04-18 17:59:26 Member role add: 'Synapse' role was added to @Synapse#0692
2018-04-18 17:59:27 this bot joined the server
2018-04-18 18:01:14 Member join: @BonesBot#4573 (id 384151022555103232)
2018-04-18 18:13:02 Member leave: @BonesBot#4573 (id 384151022555103232)
2018-04-18 18:25:03 Member join: @Kuldeep19#0979 (id 418374650049855500)
2018-04-18 18:26:06 Member role add: 'GUESTS' role was added to @Kuldeep19#0979
2018-04-18 18:26:17 Member role add: 'VISITOR's' role was added to @Kuldeep19#0979
2018-04-18 18:26:37 Role created: 'new role' (id 436231093012660224)
2018-04-18 18:27:23 Role position: 'TitanBolt' changed from 1 to 2
2018-04-18 18:27:23 Role position: 'Pac-Man Bot' changed from 2 to 3
2018-04-18 18:27:23 Role position: 'Ace' changed from 3 to 4
2018-04-18 18:27:23 Role position: 'DuckHunt' changed from 4 to 5
2018-04-18 18:27:23 Role position: 'Due Optout' changed from 5 to 6
2018-04-18 18:27:23 Role position: 'Due Commander' changed from 6 to 7
2018-04-18 18:27:23 Role position: 'Rythm' changed from 7 to 8
2018-04-18 18:27:23 Role position: 'Hi hungry, I'm dad' changed from 8 to 9
2018-04-18 18:27:23 Role position: 'Private Meeting' changed from 9 to 10
2018-04-18 18:27:23 Role position: 'MnF Club Council' changed from 10 to 11
2018-04-18 18:27:23 Role position: 'System Bot' changed from 11 to 12
2018-04-18 18:27:24 Role position: 'hot & sweet choco club' changed from 12 to 13
2018-04-18 18:27:24 Role position: 'Courtesans Pleasure House' changed from 13 to 14
2018-04-18 18:27:24 Role position: 'MnF UN Bot' changed from 14 to 15
2018-04-18 18:27:24 Role position: 'Nicer Places' changed from 15 to 16
2018-04-18 18:27:24 Role position: 'Elegant Interior Designs' changed from 16 to 17
2018-04-18 18:27:24 Role position: 'VISITOR's' changed from 17 to 18
2018-04-18 18:27:24 Role position: 'Ambassador Freelancers' changed from 18 to 19
2018-04-18 18:27:24 Role position: 'Clubless VIP Guest' changed from 19 to 20
2018-04-18 18:27:24 Role position: '- Code Seller -' changed from 20 to 21
2018-04-18 18:27:24 Role position: 'Wacko Crew' changed from 21 to 22
2018-04-18 18:27:24 Role position: 'Vivo Family' changed from 22 to 23
2018-04-18 18:27:24 Role position: 'VivienLea & Co' changed from 23 to 24
2018-04-18 18:27:24 Role position: 'Underworld Club' changed from 24 to 25
2018-04-18 18:27:24 Role position: 'Turglory Family' changed from 25 to 26
2018-04-18 18:27:24 Role position: 'TK Auctions' changed from 26 to 27
2018-04-18 18:27:24 Role position: 'The United™' changed from 27 to 28
2018-04-18 18:27:24 Role position: 'The-Wolves Den' changed from 28 to 29
2018-04-18 18:27:24 Role position: 'The Mighty Magicians' changed from 29 to 30
2018-04-18 18:27:24 Role position: 'The Elite Club' changed from 30 to 31
2018-04-18 18:27:24 Role position: 'TEAM ALPHA' changed from 31 to 32
2018-04-18 18:27:24 Role position: 'SYNDICATE' changed from 32 to 33
2018-04-18 18:27:24 Role position: 'Sharks Harem' changed from 33 to 34
2018-04-18 18:27:24 Role position: 'Sex Club' changed from 34 to 35
2018-04-18 18:27:24 Role position: 'RP Kingdom' changed from 35 to 36
2018-04-18 18:27:24 Role position: 'Rising Legends' changed from 36 to 37
2018-04-18 18:27:24 Role position: 'RED ROSE CLUB' changed from 37 to 38
2018-04-18 18:27:24 Role position: 'RedLips' changed from 38 to 39
2018-04-18 18:27:24 Role position: 'Red Lace Love' changed from 39 to 40
2018-04-18 18:27:24 Role position: 'RedHair Gang' changed from 40 to 41
2018-04-18 18:27:24 Role position: 'Rainbow Shadows' changed from 41 to 42
2018-04-18 18:27:24 Role position: 'Puppy Pound' changed from 42 to 43
2018-04-18 18:27:24 Role position: 'Pubic Hair Club' changed from 43 to 44
2018-04-18 18:27:24 Role position: 'Prime Directive' changed from 44 to 45
2018-04-18 18:27:24 Role position: 'PrideLife' changed from 45 to 46
2018-04-18 18:27:24 Role position: 'Playgirls' changed from 46 to 47
2018-04-18 18:27:24 Role position: 'PLATINUM' changed from 47 to 48
2018-04-18 18:27:24 Role position: 'Phoenix Club' changed from 48 to 49
2018-04-18 18:27:24 Role position: 'Pharaohs Club' changed from 49 to 50
2018-04-18 18:27:24 Role position: 'Pink Club' changed from 50 to 51
2018-04-18 18:27:24 Role position: 'Persia Club' changed from 51 to 52
2018-04-18 18:27:24 Role position: 'Paradise Club' changed from 52 to 53
2018-04-18 18:27:24 Role position: 'Pandora's Box' changed from 53 to 54
2018-04-18 18:27:24 Role position: 'One Love' changed from 54 to 55
2018-04-18 18:27:24 Role position: 'Nudist Colony' changed from 55 to 56
2018-04-18 18:27:24 Role position: 'NightWolves' changed from 56 to 57
2018-04-18 18:27:24 Role position: 'Nightlife' changed from 57 to 58
2018-04-18 18:27:24 Role position: 'NewMoon Club' changed from 58 to 59
2018-04-18 18:27:24 Role position: 'Next Level Events' changed from 59 to 60
2018-04-18 18:27:24 Role position: 'MnF Island Lottery' changed from 60 to 61
2018-04-18 18:27:24 Role position: 'MnF Brotherhood Club' changed from 61 to 62
2018-04-18 18:27:24 Role position: 'Mighty Indians' changed from 62 to 63
2018-04-18 18:27:24 Role position: 'M&B House' changed from 63 to 64
2018-04-18 18:27:24 Role position: 'LIONS KINGDOM' changed from 64 to 65
2018-04-18 18:27:24 Role position: 'Legion of Sex' changed from 65 to 66
2018-04-18 18:27:24 Role position: 'Knight Kingdom' changed from 66 to 67
2018-04-18 18:27:24 Role position: 'Kingdom of Hearts' changed from 67 to 68
2018-04-18 18:27:24 Role position: 'Kat Klub' changed from 68 to 69
2018-04-18 18:27:24 Role position: 'Italian Dream Team' changed from 69 to 70
2018-04-18 18:27:24 Role position: 'Insatiable' changed from 70 to 71
2018-04-18 18:27:24 Role position: 'IMPERIALS CLUB' changed from 71 to 72
2018-04-18 18:27:24 Role permissions: 'new role' changed from 0 to 262208
2018-04-18 18:27:24 Role position: 'new role' changed from 1 to 73
2018-04-18 18:27:24 Role position: 'Infernal Desires Inc' changed from 72 to 74
2018-04-18 18:27:24 Role position: 'Hug squad' changed from 73 to 75
2018-04-18 18:27:24 Role position: 'House of Sexyness' changed from 74 to 76
2018-04-18 18:27:24 Role position: 'House of Pleasures' changed from 75 to 77
2018-04-18 18:27:24 Role position: 'Hobo's' changed from 76 to 78
2018-04-18 18:27:24 Role position: 'HIVY Corp' changed from 77 to 79
2018-04-18 18:27:24 Role position: 'HelperClub' changed from 78 to 80
2018-04-18 18:27:24 Role position: 'HaremHouse' changed from 79 to 81
2018-04-18 18:27:24 Role position: 'Final Masquerade' changed from 80 to 82
2018-04-18 18:27:24 Role position: 'Eye Candy' changed from 81 to 83
2018-04-18 18:27:24 Role position: 'Ethereal Club' changed from 82 to 84
2018-04-18 18:27:24 Role position: 'dread raiders' changed from 83 to 85
2018-04-18 18:27:24 Role position: 'Downtown Club' changed from 84 to 86
2018-04-18 18:27:24 Role position: 'Cola Club' changed from 85 to 87
2018-04-18 18:27:24 Role position: 'Clan Succubus®' changed from 86 to 88
2018-04-18 18:27:24 Role position: 'Bunny Dance Club' changed from 87 to 89
2018-04-18 18:27:24 Role position: 'Blue Club' changed from 88 to 90
2018-04-18 18:27:24 Role position: 'Bimbo Squad' changed from 89 to 91
2018-04-18 18:27:24 Role position: 'Bhinneka Club' changed from 90 to 92
2018-04-18 18:27:24 Role position: 'BBC GOLD CLUB' changed from 91 to 93
2018-04-18 18:27:24 Role position: 'Atlantis Club' changed from 92 to 94
2018-04-18 18:27:24 Role position: 'Army of Sex' changed from 93 to 95
2018-04-18 18:27:24 Role position: 'Arinna Cum Parties' changed from 94 to 96
2018-04-18 18:27:24 Role position: 'Angels Club' changed from 95 to 97
2018-04-18 18:27:24 Role position: 'Anatolia Club' changed from 96 to 98
2018-04-18 18:27:24 Role position: 'Designer' changed from 97 to 99
2018-04-18 18:27:24 Role position: 'Club Leader's' changed from 98 to 100
2018-04-18 18:27:24 Role position: 'GUESTS' changed from 99 to 101
2018-04-18 18:27:24 Role position: 'DESIGN' changed from 100 to 102
2018-04-18 18:27:24 Role position: 'AUCTIONS' changed from 101 to 103
2018-04-18 18:27:24 Role position: 'TIME' changed from 102 to 104
2018-04-18 18:27:24 Role position: 'CLANS' changed from 103 to 105
2018-04-18 18:27:24 Role position: 'Mute Observer' changed from 104 to 106
2018-04-18 18:27:24 Role position: 'Observer' changed from 105 to 107
2018-04-18 18:27:24 Role position: 'NSFWBot' changed from 106 to 108
2018-04-18 18:27:24 Role position: 'BoxBot' changed from 107 to 109
2018-04-18 18:27:24 Role position: 'Dad Bot' changed from 108 to 110
2018-04-18 18:27:24 Role position: 'Assistant' changed from 109 to 111
2018-04-18 18:27:24 Role position: 'Tatsumaki' changed from 110 to 112
2018-04-18 18:27:24 Role position: 'haru' changed from 111 to 113
2018-04-18 18:27:24 Role position: 'Yggdrasil' changed from 112 to 114
2018-04-18 18:27:24 Role position: 'Ambassador / Admin' changed from 113 to 115
2018-04-18 18:27:24 Role position: 'Ambassador' changed from 114 to 116
2018-04-18 18:27:24 Role position: 'Forum Mod/Admin' changed from 115 to 117
2018-04-18 18:27:26 Role renamed: 'new role' to 'Imperial Empire'
2018-04-18 18:27:26 Role color: 'new role' changed from #000000 to #3498db
2018-04-18 18:27:26 Role mentionable: 'Imperial Empire' is now mentionable
2018-04-18 18:27:26 Role hoist: 'Imperial Empire' is now shown seperately
2018-04-18 18:27:26 Role permissions: 'new role' changed from 262208 to 0
2018-04-18 18:27:32 Member role add: 'CLANS' role was added to @Kuldeep19#0979
2018-04-18 18:27:37 Member role add: 'AUCTIONS' role was added to @Kuldeep19#0979
2018-04-18 18:27:47 Member role add: 'Imperial Empire' role was added to @Kuldeep19#0979
2018-04-18 18:27:50 Member role remove: The 'GUESTS' role was removed from @Kuldeep19#0979
2018-04-18 18:27:53 Member role remove: The 'VISITOR's' role was removed from @Kuldeep19#0979
2018-04-18 18:40:50 Member username: '@RecaX🔞#5527' (id 239746178634219520) changed username from 'RecaX🔞' to 'RecaX🔞🇺🇸'
2018-04-18 19:49:30 Role deleted: 'Synapse' (id 436224251972943893)
2018-04-18 19:49:30 Member leave: @Synapse#0692 (id 435538622293344266)
2018-04-18 19:49:30 this bot left the server
