2018-04-26 16:06:23 #announcements @soviet#2697: RIP NotSoBot
2018-04-26 16:06:23 #announcements @soviet#2697: https://media.discordapp.net/attachments/431685430249783297/438778641736925185/image.jpg
2018-04-26 16:06:24 #announcements @soviet#2697 edited message from 2018-04-26 16:06:23 (https://media.discordapp.net/attachments/431685430249783297/438778641736925185/image.jpg) to read: https://media.discordapp.net/attachments/431685430249783297/438778641736925185/image.jpg
2018-04-26 16:06:32 #announcements @soviet#2697: Dev+Bot got banned
2018-04-26 21:20:24 #announcements @AdvLAMP#6591: @​everyone The Life Is Strange stream has made it's home on YouTube! https://youtu.be/tXXVszfagMY Check it out if you want the feels <:kappathink:438666918271123462>
2018-04-26 21:20:28 #announcements @AdvLAMP#6591 edited message from 2018-04-26 21:20:24 (@​everyone The Life Is Strange stream has made it's home on YouTube! https://youtu.be/tXXVszfagMY Check it out if you want the feels <:kappathink:438666918271123462>) to read: @​everyone The Life Is Strange stream has made it's home on YouTube! https://youtu.be/tXXVszfagMY Check it out if you want the feels <:kappathink:438666918271123462>
2018-04-27 02:13:07 #announcements @RavenclawKae#3504: YAY
2018-05-01 22:00:10 #announcements @AdvLAMP#6591: @​everyone https://youtu.be/m-OegaRsyws The finale to the horrific death run in Minit
2018-05-01 22:00:11 #announcements @AdvLAMP#6591 edited message from 2018-05-01 22:00:10 (@​everyone https://youtu.be/m-OegaRsyws The finale to the horrific death run in Minit) to read: @​everyone https://youtu.be/m-OegaRsyws The finale to the horrific death run in Minit
2018-05-01 22:00:40 #announcements @Floppitypenguin#7836: Oh god not again
2018-05-01 22:00:45 #announcements @Floppitypenguin#7836: It's the poltergeist
2018-05-01 22:00:56 #announcements @Floppitypenguin#7836: Oh god it's alive
2018-05-01 22:01:08 #announcements @ICKA - ICantKillAnyone#3838: Zain bad
2018-05-01 22:01:16 #announcements @Floppitypenguin#7836: It speaks!!
2018-05-01 22:01:22 #announcements @ICKA - ICantKillAnyone#3838: (╯°□°）╯︵ ┻━┻
2018-05-01 22:01:29 #announcements @Floppitypenguin#7836: If I wasn't an atheist I'd sick Jesus on you
2018-05-01 22:01:49 #announcements @ICKA - ICantKillAnyone#3838: But you aren't an athiest <:kappathink:438666918271123462>
2018-05-01 22:02:10 #announcements @Floppitypenguin#7836: Then let the leaves of the tree God plant the seeds of defeat in your evil soul
2018-05-01 22:02:17 #announcements @ICKA - ICantKillAnyone#3838: 🤔
2018-05-01 22:02:22 #announcements @Floppitypenguin#7836: Btw you're in the video
2018-05-01 22:02:35 #announcements @ICKA - ICantKillAnyone#3838: I'll check it out lol
2018-05-01 22:02:41 #announcements @Floppitypenguin#7836: Lmao
