2018-04-28 12:39:36 #general @Synapse#0692: 
2018-04-28 12:39:44 #general @Ghostplay R2#1298: 
2018-04-28 12:39:53 #general @Jack#5387: *help
2018-04-28 12:40:03 #general @Ghostplay R2#1298: Hey there, @Jack! I sent you the list of commands in a private message.\nCheck your direct messages
2018-04-28 12:41:04 #general @Jack#5387: *multicolor OWNER rainbow
2018-04-28 12:41:13 #general @Ghostplay R2#1298: ```\n*[multicolor|multicolour] <interval> <role>\n\nChanges the role color every x seconds\n\n```
2018-04-28 12:42:57 #general @Jack#5387: *multicolor  9999h OWNER
2018-04-28 12:43:07 #general @Ghostplay R2#1298: ```\n*[multicolor|multicolour] <interval> <role>\n\nChanges the role color every x seconds\n\n```
2018-04-28 12:43:28 #general @Jack#5387: *multicolor 10000000000000000 Owner
2018-04-28 12:44:24 #general @Jack#5387: *multicolor 0 Owner
2018-04-28 12:44:57 #general @Jack#5387: !help
2018-04-28 12:44:59 #general @Synapse#0692: Check your DM, @Jack! I have sent something for you :wink:
2018-04-28 12:45:42 #general @Jack#5387: .lockdown
2018-04-28 12:45:51 #general @Jack#5387: !lockdown
2018-04-28 12:45:52 #general @Synapse#0692: No settings available for this server!
2018-04-28 12:46:22 #general @Jack#5387: !lockdown
2018-04-28 12:46:22 #general @Synapse#0692: No settings available for this server!
2018-04-28 12:47:13 #general @Jack#5387: !lockdown
2018-04-28 12:47:13 #general @Synapse#0692: No settings available for this server!
2018-04-28 12:47:50 #general @Rythm#3722: 
2018-04-28 12:47:50 #general @Rythm#3722: **Thank you for adding me!** ✅\n`-` My prefix here is `!`\n`-` You can see a list of commands by typing `!help`\n`-` You can change my prefix with `!settings prefix`\n`-` If you need help, feel free to join our support server at **<https://rythmbot.co/support>**\n**By having Rythm in your server and using Rythm, you agree to the following Terms of Service: <https://rythmbot.co/tos>**
2018-04-28 12:48:23 #general @Mixer#0596: 
2018-04-28 12:48:54 #general @Steam#3581: 
2018-04-28 12:49:09 #general @pbot#9629: 
2018-04-28 12:49:09 #general @pbot#9629: 
2018-04-28 12:49:09 #general @pbot#9629 edited message from 2018-04-28 12:49:09 () to read: 
2018-04-28 12:49:56 #general @Poop Bot#1105: 
2018-04-28 12:50:30 #general @Chiaki Nanami#4514: 
2018-04-28 12:51:42 #general @SlotBot#1224: 
2018-04-28 12:52:01 #general @UnbelievaBoat#1046: 
2018-04-28 12:52:53 #general @Dyno#3861: 
2018-04-28 12:53:40 #general @YAGPDB.xyz#8760: 
2018-04-28 12:54:02 #general @Tatsumaki#8792: 
2018-04-28 12:54:02 #general @Tatsumaki#8792: 👋🏻 Hey there! I'm **Tatsumaki**.\n**Normal** commands are shown with `t!help` and **moderator** ones are shown with `t@help`.\nI am a versatile bot that aims to increase user activity on your Discord servers.\nAll server and bot settings are shown with `t@help` and can be seen at: **<http://tatsumaki.xyz/settings>**\n\n**|**  Use `t!profile` to display your personal profile card.\n**|**  Use `t!dailies` to get credits every 24 hours.\n**|**  Checkout some cool minigames like `t!fishy` or `t!slots`!\n\nView all commands at: **<http://tatsumaki.xyz/commands>**\nFor help, feedback, bugs, info, changelogs and more, go to **<https://discord.gg/tatsumaki>**
2018-04-28 12:54:46 #general @Jack#5387: ?countdown 1
2018-04-28 12:55:57 #general @Spoti-Search#9111: 
2018-04-28 12:56:34 #general @Jack#5387: ->prefix .
2018-04-28 12:56:35 #general @Chiaki Nanami#4514: 
2018-04-28 12:56:35 #general @Chiaki Nanami#4514 edited message from 2018-04-28 12:56:35 () to read: 
2018-04-28 12:56:43 #general @Jack#5387: 2
2018-04-28 12:56:47 #general @Jack#5387: 2.
2018-04-28 12:56:58 #general @Jack#5387: ->prefix 2
2018-04-28 12:56:58 #general @Chiaki Nanami#4514: 
2018-04-28 12:57:00 #general @Chiaki Nanami#4514 edited message from 2018-04-28 12:56:58 () to read: 
2018-04-28 12:57:01 #general @Jack#5387: 2.
2018-04-28 12:57:14 #general @Jack#5387: de!help
2018-04-28 12:57:14 #general @Discord Emoji#2530: :mailbox_with_mail: Check your DMs.
2018-04-28 12:57:39 #general @Jack#5387: de!emoji
2018-04-28 12:57:40 #general @Discord Emoji#2530: You must specify a emoji. (``de!emoji <emoji>``)
2018-04-28 12:57:52 #general @Jack#5387: de!emoji ban hammer
2018-04-28 12:57:52 #general @Discord Emoji#2530: :white_check_mark: Here is your emoji:
2018-04-28 12:57:52 #general @Discord Emoji#2530 edited message from 2018-04-28 12:57:52 (:white_check_mark: Here is your emoji:) to read: :white_check_mark: Here is your emoji:
2018-04-28 12:58:11 #general @Jack#5387: de!emoji roblox ban hammer
2018-04-28 12:58:11 #general @Discord Emoji#2530: :white_check_mark: Here is your emoji:
2018-04-28 12:58:16 #general @Discord Emoji#2530 edited message from 2018-04-28 12:58:11 (:white_check_mark: Here is your emoji:) to read: :white_check_mark: Here is your emoji:
2018-04-28 12:58:21 #general @Jack#5387: ?membercont
2018-04-28 12:58:24 #general @Jack#5387: ?membercount
2018-04-28 12:58:24 #general @Dyno#3861: 
2018-04-28 12:58:25 #general @Dyno#3861 edited message from 2018-04-28 12:58:24 () to read: 
2018-04-28 12:58:38 #general @Jack#5387: m!help
2018-04-28 12:58:38 #general @Mixer#0596: 
2018-04-28 12:58:39 #general @Mixer#0596 edited message from 2018-04-28 12:58:38 () to read: 
2018-04-28 12:58:58 #general @Jack#5387: FFFFF
2018-04-28 12:59:00 #general @Jack#5387: NAM MIXER
2018-04-28 12:59:13 #general @Jack#5387: pbot
2018-04-28 12:59:19 #general @Jack#5387: Nai prefix?
2018-04-28 12:59:47 #general @Jack#5387: ]
2018-04-28 12:59:50 #general @Jack#5387: ]help
2018-04-28 12:59:50 #general @pbot#9629: 
2018-04-28 12:59:50 #general @pbot#9629 edited message from 2018-04-28 12:59:50 () to read: 
2018-04-28 12:59:57 #general @Jack#5387: ]NSFW
2018-04-28 12:59:57 #general @pbot#9629: 
2018-04-28 12:59:57 #general @pbot#9629 edited message from 2018-04-28 12:59:57 () to read: 
2018-04-28 13:00:14 #general @Jack#5387: ]memes
2018-04-28 13:00:24 #general @Jack#5387: ]Memes
2018-04-28 13:00:36 #general @Jack#5387: ]Administration
2018-04-28 13:01:23 #general @Jack#5387: ]color @Steam Blue
2018-04-28 13:01:23 #general @pbot#9629: 
2018-04-28 13:01:23 #general @pbot#9629 edited message from 2018-04-28 13:01:23 () to read: 
2018-04-28 13:01:31 #general @Jack#5387: ]color Blue
2018-04-28 13:01:31 #general @pbot#9629: 
2018-04-28 13:01:32 #general @pbot#9629 edited message from 2018-04-28 13:01:31 () to read: 
2018-04-28 13:01:31 #general @pbot#9629: 
2018-04-28 13:01:32 #general @pbot#9629 edited message from 2018-04-28 13:01:31 () to read: 
2018-04-28 13:02:16 #general @Jack#5387: ]color rainbow
2018-04-28 13:02:16 #general @pbot#9629: 
2018-04-28 13:02:19 #general @pbot#9629 edited message from 2018-04-28 13:02:16 () to read: 
2018-04-28 13:02:25 #general @Jack#5387: ]color teal
2018-04-28 13:02:26 #general @pbot#9629: 
2018-04-28 13:02:26 #general @pbot#9629 edited message from 2018-04-28 13:02:26 () to read: 
2018-04-28 13:02:26 #general @pbot#9629: 
2018-04-28 13:02:26 #general @pbot#9629 edited message from 2018-04-28 13:02:26 () to read: 
2018-04-28 13:02:59 #general @Jack#5387: ]crypto donate
2018-04-28 13:02:59 #general @pbot#9629: 
2018-04-28 13:02:59 #general @pbot#9629 edited message from 2018-04-28 13:02:59 () to read: 
2018-04-28 13:03:14 #general @Jack#5387: ]earn
2018-04-28 13:03:14 #general @pbot#9629: 
2018-04-28 13:03:36 #general @pbot#9629 edited message from 2018-04-28 13:03:14 () to read: 
2018-04-28 13:03:20 #general @Jack#5387: ]blackjack 100
2018-04-28 13:03:20 #general @pbot#9629: 
2018-04-28 13:03:37 #general @pbot#9629 edited message from 2018-04-28 13:03:20 () to read: 
2018-04-28 13:03:25 #general @Jack#5387: ]blackjack
2018-04-28 13:03:25 #general @pbot#9629: 
2018-04-28 13:03:38 #general @pbot#9629 edited message from 2018-04-28 13:03:25 () to read: 
2018-04-28 13:03:41 #general @Jack#5387: ]dick
2018-04-28 13:03:41 #general @pbot#9629: 
2018-04-28 13:03:42 #general @pbot#9629 edited message from 2018-04-28 13:03:41 () to read: 
2018-04-28 13:03:54 #general @Jack#5387: ]dick @Discord Emoji
2018-04-28 13:03:54 #general @pbot#9629: 
2018-04-28 13:03:54 #general @pbot#9629 edited message from 2018-04-28 13:03:54 () to read: 
2018-04-28 13:04:11 #general @Jack#5387: ]illegal
2018-04-28 13:04:11 #general @pbot#9629: 
2018-04-28 13:04:12 #general @pbot#9629 edited message from 2018-04-28 13:04:11 () to read: 
2018-04-28 13:04:16 #general @Jack#5387: ]illegal 2
2018-04-28 13:04:22 #general @pbot#9629: 
2018-04-28 13:04:22 #general @pbot#9629 edited message from 2018-04-28 13:04:22 () to read: 
2018-04-28 13:04:54 #general @Jack#5387: ]illegal PLAYING OTHER GAMES THAT ISN'T ROBLOX
2018-04-28 13:04:57 #general @pbot#9629: 
2018-04-28 13:05:04 #general @pbot#9629 edited message from 2018-04-28 13:04:57 () to read: 
2018-04-28 13:05:24 #general @Jack#5387: ]illegal FUCK TRUMP
2018-04-28 13:05:27 #general @pbot#9629: 
2018-04-28 13:05:31 #general @pbot#9629 edited message from 2018-04-28 13:05:27 () to read: 
2018-04-28 13:06:24 #general @Jack#5387: ]illegal @Discord Emoji
2018-04-28 13:06:32 #general @pbot#9629: 
2018-04-28 13:06:37 #general @pbot#9629 edited message from 2018-04-28 13:06:32 () to read: 
2018-04-28 13:08:01 #general @Shadow Sniper#3078: 
2018-04-28 13:08:09 #general @Shadow Sniper#3078: omg
2018-04-28 13:08:20 #general @Jack#5387: Ce?
2018-04-28 13:08:30 #general @Jack#5387: p!help
2018-04-28 13:08:30 #general @Poop Bot#1105: __Help__\n**Commands**\nVisit : https://poop-bot.github.io/commands
2018-04-28 13:09:01 #general @Jack#5387: p!addrole NIGGA
2018-04-28 13:09:10 #general @Jack#5387: p!addrole ....
2018-04-28 13:09:31 #general @Jack#5387: -help
2018-04-28 13:09:47 #general @Jack#5387: ]softban @SlotBot
2018-04-28 13:09:47 #general @pbot#9629: 
2018-04-28 13:09:58 #general @pbot#9629 edited message from 2018-04-28 13:09:47 () to read: 
2018-04-28 13:10:13 #general @Jack#5387: ]softban @SlotBot
2018-04-28 13:10:13 #general @pbot#9629: 
2018-04-28 13:10:13 #general @pbot#9629 edited message from 2018-04-28 13:10:13 () to read: 
2018-04-28 13:10:39 #general @Jack#5387: ]softban @SlotBot
2018-04-28 13:10:39 #general @SlotBot#1224 deleted message from 2018-04-28 12:51:42 ()
2018-04-28 13:10:39 #general @pbot#9629: 
2018-04-28 13:10:39 #general @pbot#9629 edited message from 2018-04-28 13:10:39 () to read: 
2018-04-28 13:10:58 #general @Jack#5387: de!emoji BAHA
2018-04-28 13:10:58 #general @Discord Emoji#2530: :white_check_mark: Here is your emoji:
2018-04-28 13:11:11 #general @Discord Emoji#2530 edited message from 2018-04-28 13:10:58 (:white_check_mark: Here is your emoji:) to read: :white_check_mark: Here is your emoji:
2018-04-28 13:11:02 #general @Shadow Sniper#3078: na
2018-04-28 13:11:10 #general @Shadow Sniper#3078: ba
2018-04-28 13:11:12 #general @Jack#5387: de!emoji cry
2018-04-28 13:11:12 #general @Discord Emoji#2530: :white_check_mark: Here is your emoji:
2018-04-28 13:11:13 #general @Discord Emoji#2530 edited message from 2018-04-28 13:11:12 (:white_check_mark: Here is your emoji:) to read: :white_check_mark: Here is your emoji:
2018-04-28 13:11:16 #general @Jack#5387: Da?
2018-04-28 13:11:29 #general @Shadow Sniper#3078: vino pe rasp pe disc
2018-04-28 13:11:34 #general @Jack#5387: Neh
2018-04-28 13:11:43 #general @Shadow Sniper#3078: da mi friend
2018-04-28 13:11:44 #general @Jack#5387: s*help
2018-04-28 13:11:44 #general @Spoti-Search#9111: 
2018-04-28 13:11:45 #general @Spoti-Search#9111 edited message from 2018-04-28 13:11:44 () to read: 
2018-04-28 13:11:46 #general @Spoti-Search#9111 edited message from 2018-04-28 13:11:44 () to read: 
2018-04-28 13:11:46 #general @Spoti-Search#9111 edited message from 2018-04-28 13:11:44 () to read: 
2018-04-28 13:11:46 #general @Spoti-Search#9111 edited message from 2018-04-28 13:11:44 () to read: 
2018-04-28 13:11:46 #general @Spoti-Search#9111 edited message from 2018-04-28 13:11:44 () to read: 
2018-04-28 13:11:52 #general @Jack#5387: s*help
2018-04-28 13:11:53 #general @Spoti-Search#9111: 
2018-04-28 13:11:53 #general @Spoti-Search#9111 edited message from 2018-04-28 13:11:53 () to read: 
2018-04-28 13:12:00 #general @Spoti-Search#9111 edited message from 2018-04-28 13:11:53 () to read: 
2018-04-28 13:12:00 #general @Spoti-Search#9111 edited message from 2018-04-28 13:11:53 () to read: 
2018-04-28 13:12:01 #general @Spoti-Search#9111 edited message from 2018-04-28 13:11:53 () to read: 
2018-04-28 13:12:01 #general @Spoti-Search#9111 edited message from 2018-04-28 13:11:53 () to read: 
2018-04-28 13:12:16 #general @Jack#5387: s*nowplaying hrvy hasta luego
2018-04-28 13:12:16 #general @Spoti-Search#9111: :exclamation: │ I'm not playing music within your voice channel. Queue something with the `play` command.
2018-04-28 13:12:37 #general @Jack#5387: s*play hrvy hasta luego
2018-04-28 13:12:39 #general @Spoti-Search#9111: :pause_button: │ Now playing `HRVY, Malu Trevejo - Hasta Luego (Official video)`.
2018-04-28 13:13:02 #general @Jack#5387: ]softban @Steam
2018-04-28 13:13:02 #general @Steam#3581 deleted message from 2018-04-28 12:48:54 ()
2018-04-28 13:13:02 #general @pbot#9629: 
2018-04-28 13:13:02 #general @pbot#9629 edited message from 2018-04-28 13:13:02 () to read: 
2018-04-28 13:13:18 #general @Jack#5387: s*prefix *
2018-04-28 13:13:19 #general @Spoti-Search#9111: :thumbsup:  │ Set this server's prefix to `*`. You can now use `*help` to get a list of commands.
2018-04-28 13:13:29 #general @Jack#5387: *play hrvy holiday
2018-04-28 13:13:30 #general @Spoti-Search#9111: :white_check_mark: │ Added `HRVY - Holiday ft. Redfoo` to the queue. Position: `#2`
2018-04-28 13:13:37 #general @Jack#5387: *play hrvy personal
2018-04-28 13:13:38 #general @Spoti-Search#9111: :white_check_mark: │ Added `HRVY - Personal (Official Video)` to the queue. Position: `#3`
2018-04-28 13:13:55 #general @Jack#5387: *prefix /
2018-04-28 13:13:55 #general @Spoti-Search#9111: :thumbsup: │ Set this server's prefix to `/`. You can now use `/help` to get a list of commands.
2018-04-28 13:14:22 #general @Jack#5387: *rainbow 0 Color_Teal
2018-04-28 13:14:41 #general @Jack#5387: *multicolor 0 Color_Teal
2018-04-28 13:14:52 #general @Jack#5387: @Shadow Sniper Intra in general
2018-04-28 13:15:13 #general @Spoti-Search#9111: :pause_button: │ Now playing `HRVY - Holiday ft. Redfoo`.
2018-04-28 13:15:31 #general @Jack#5387: *unmulticolor Color_teal
2018-04-28 13:15:52 #general @Jack#5387: /pause
2018-04-28 13:15:52 #general @Spoti-Search#9111: :pause_button: │ Successfully paused the music.
2018-04-28 13:16:17 #general @Jack#5387: *multicolor 0 TESTER
2018-04-28 13:16:49 #general @Jack#5387: *multicolor 0 TESTER
2018-04-28 13:16:57 #general @Jack#5387: /resume
2018-04-28 13:16:57 #general @Spoti-Search#9111: :arrow_forward: │ Successfully resumed the music.
2018-04-28 13:17:08 #general @Jack#5387: f
2018-04-28 13:17:15 #general @Jack#5387: Multicolor PARTY!!!
2018-04-28 13:17:53 #general @Jack#5387: /help
2018-04-28 13:17:53 #general @Spoti-Search#9111: 
2018-04-28 13:17:53 #general @Spoti-Search#9111 edited message from 2018-04-28 13:17:53 () to read: 
2018-04-28 13:17:55 #general @Jack#5387: .help
2018-04-28 13:19:17 #general @Jack#5387: /pause
2018-04-28 13:19:17 #general @Spoti-Search#9111: :pause_button: │ Successfully paused the music.
2018-04-28 13:25:13 #general @Jack#5387: .resume
2018-04-28 13:25:16 #general @Jack#5387: /resume
2018-04-28 13:25:16 #general @Spoti-Search#9111: :arrow_forward: │ Successfully resumed the music.
2018-04-28 13:25:45 #general @Spoti-Search#9111: :pause_button: │ Now playing `HRVY - Personal (Official Video)`.
2018-04-28 13:26:41 #general @Jack#5387: Let's get this straight. The bot won't and can't play music from Spotify, as that is illegal and against Spotify's Terms of Service. Instead, this bot will only play music from YouTube. Thank you for understanding.
2018-04-28 13:26:46 #general @Jack#5387: W1F
2018-04-28 13:27:12 #general @Jack#5387: ]softban @Synapse
