2018-04-25 18:49:24 #LOL Voice channel join: Nikolas Debreczenyi#5552 (id 437278187253399553), moved from kecanie
2018-04-25 19:14:47 #LOL Voice channel leave: Nikolas Debreczenyi#5552 (id 437278187253399553) moving to hudba
2018-04-26 17:08:43 #LOL Voice channel join: MrDuck#9042 (id 306047034572668928), moved from AFK, flags: self_mute
2018-04-26 17:58:51 #LOL Voice channel leave: MrDuck#9042 (id 306047034572668928)
2018-04-27 16:33:45 #LOL Voice channel join: MrDuck#9042 (id 306047034572668928)
2018-04-27 16:33:45 #LOL Voice channel join: Welcomer#7231 (id 416303135808815133)
2018-04-27 16:33:49 #LOL Server self-mute: MrDuck#9042 (id 306047034572668928)
2018-04-27 16:33:53 #LOL Server self-mute: MrDuck#9042 (id 306047034572668928)
2018-04-27 16:43:50 #LOL Voice channel join: EffiJeffy#4851 (id 269913141398339587)
2018-04-27 16:43:55 #LOL Server self-unmute: MrDuck#9042 (id 306047034572668928)
2018-04-27 16:43:56 #LOL Server self-mute: MrDuck#9042 (id 306047034572668928)
2018-04-27 16:43:59 #LOL Server self-unmute: MrDuck#9042 (id 306047034572668928)
2018-04-27 16:43:59 #LOL Server self-mute: MrDuck#9042 (id 306047034572668928)
2018-04-27 16:47:30 #LOL Server self-unmute: MrDuck#9042 (id 306047034572668928)
2018-04-27 16:50:23 #LOL Server self-mute: MrDuck#9042 (id 306047034572668928)
2018-04-27 16:50:27 #LOL Server self-unmute: MrDuck#9042 (id 306047034572668928)
2018-04-27 16:57:22 #LOL Server self-mute: MrDuck#9042 (id 306047034572668928)
2018-04-27 16:57:53 #LOL Server self-unmute: MrDuck#9042 (id 306047034572668928)
2018-04-27 17:11:03 #LOL Voice channel leave: MrDuck#9042 (id 306047034572668928)
2018-04-27 17:11:03 #LOL Voice channel leave: EffiJeffy#4851 (id 269913141398339587)
2018-04-27 17:23:34 #LOL Voice channel join: EffiJeffy#4851 (id 269913141398339587)
2018-04-27 17:23:43 #LOL Voice channel leave: Welcomer#7231 (id 416303135808815133)
2018-04-27 17:23:47 #LOL Voice channel join: MrDuck#9042 (id 306047034572668928)
2018-04-27 17:23:47 #LOL Voice channel join: Welcomer#7231 (id 416303135808815133)
2018-04-27 17:23:48 #LOL Server self-mute: MrDuck#9042 (id 306047034572668928)
2018-04-27 17:23:57 #LOL Voice channel leave: Welcomer#7231 (id 416303135808815133)
2018-04-27 17:24:03 #LOL Server self-unmute: MrDuck#9042 (id 306047034572668928)
2018-04-27 17:24:05 #LOL Server self-mute: MrDuck#9042 (id 306047034572668928)
2018-04-27 17:24:09 #LOL Server self-unmute: MrDuck#9042 (id 306047034572668928)
2018-04-27 17:24:12 #LOL Server self-mute: MrDuck#9042 (id 306047034572668928)
2018-04-27 17:24:20 #LOL Server self-unmute: MrDuck#9042 (id 306047034572668928)
2018-04-27 17:24:49 #LOL Server self-mute: MrDuck#9042 (id 306047034572668928)
2018-04-27 17:24:58 #LOL Server self-unmute: MrDuck#9042 (id 306047034572668928)
2018-04-27 17:25:01 #LOL Server self-mute: MrDuck#9042 (id 306047034572668928)
2018-04-27 17:25:06 #LOL Server self-unmute: MrDuck#9042 (id 306047034572668928)
2018-04-27 17:25:24 #LOL Server self-mute: MrDuck#9042 (id 306047034572668928)
2018-04-27 17:25:28 #LOL Server self-unmute: MrDuck#9042 (id 306047034572668928)
2018-04-27 17:46:11 #LOL Server self-mute: MrDuck#9042 (id 306047034572668928)
2018-04-27 17:46:50 #LOL Server self-unmute: MrDuck#9042 (id 306047034572668928)
2018-04-27 17:46:53 #LOL Server self-mute: MrDuck#9042 (id 306047034572668928)
2018-04-27 17:46:53 #LOL Server self-unmute: MrDuck#9042 (id 306047034572668928)
2018-04-27 17:46:58 #LOL Server self-mute: MrDuck#9042 (id 306047034572668928)
2018-04-27 17:47:27 #LOL Server self-unmute: MrDuck#9042 (id 306047034572668928)
2018-04-27 17:57:23 #LOL Server self-mute: MrDuck#9042 (id 306047034572668928)
2018-04-27 17:57:23 #LOL Server self-unmute: MrDuck#9042 (id 306047034572668928)
2018-04-27 17:57:25 #LOL Server self-mute: MrDuck#9042 (id 306047034572668928)
2018-04-27 17:59:29 #LOL Server self-unmute: MrDuck#9042 (id 306047034572668928)
2018-04-27 18:18:53 #LOL Voice channel leave: MrDuck#9042 (id 306047034572668928) moving to kecanie
2018-04-27 18:18:56 #LOL Voice channel leave: EffiJeffy#4851 (id 269913141398339587) moving to kecanie
