2018-04-27 19:26:15 #_ @EffiJeffy#4851: p!rule34 boobs
2018-04-27 19:26:16 #_ @Pepe Bot#7622: 
2018-04-27 19:26:18 #_ @Pepe Bot#7622 edited message from 2018-04-27 19:26:16 () to read: 
2018-04-27 19:26:16 #_ @Pancake#3691: 
2018-04-27 19:26:18 #_ @Pancake#3691 edited message from 2018-04-27 19:26:16 () to read: 
2018-04-27 19:26:23 #_ @EffiJeffy#4851: p!rule34 fiora
2018-04-27 19:26:24 #_ @Pepe Bot#7622: 
2018-04-27 19:26:25 #_ @Pepe Bot#7622 edited message from 2018-04-27 19:26:24 () to read: 
2018-04-27 19:26:24 #_ @Pancake#3691: 
2018-04-27 19:26:25 #_ @Pancake#3691 edited message from 2018-04-27 19:26:24 () to read: 
2018-04-27 19:26:30 #_ @EffiJeffy#4851: p!rule34 piora
2018-04-27 19:26:31 #_ @Pepe Bot#7622: 
2018-04-27 19:26:31 #_ @Pepe Bot#7622 edited message from 2018-04-27 19:26:31 () to read: 
2018-04-27 19:26:31 #_ @Pancake#3691: none found
2018-04-27 19:26:34 #_ @EffiJeffy#4851: p!rule34 piora
2018-04-27 19:26:35 #_ @Pepe Bot#7622: 
2018-04-27 19:26:37 #_ @Pepe Bot#7622 edited message from 2018-04-27 19:26:35 () to read: 
2018-04-27 19:26:35 #_ @Pancake#3691: none found
2018-04-27 19:26:40 #_ @EffiJeffy#4851: p!rule fiora
2018-04-27 19:26:40 #_ @Pepe Bot#7622: 
2018-04-27 19:26:41 #_ @Pepe Bot#7622 edited message from 2018-04-27 19:26:40 () to read: 
2018-04-27 19:26:45 #_ @EffiJeffy#4851: p!rule34 fiora
2018-04-27 19:26:45 #_ @Pepe Bot#7622: 
2018-04-27 19:26:46 #_ @Pepe Bot#7622 edited message from 2018-04-27 19:26:45 () to read: 
2018-04-27 19:26:46 #_ @Pancake#3691: 
2018-04-27 19:26:48 #_ @Pancake#3691 edited message from 2018-04-27 19:26:46 () to read: 
2018-04-27 19:26:52 #_ @EffiJeffy#4851: p!rule34 fiora
2018-04-27 19:26:52 #_ @Pepe Bot#7622: 
2018-04-27 19:26:53 #_ @Pepe Bot#7622 edited message from 2018-04-27 19:26:52 () to read: 
2018-04-27 19:26:52 #_ @Pancake#3691: 
2018-04-27 19:26:53 #_ @Pancake#3691 edited message from 2018-04-27 19:26:52 () to read: 
2018-04-27 19:26:59 #_ @EffiJeffy#4851: p!rule34 fiora
2018-04-27 19:26:59 #_ @Pepe Bot#7622: 
2018-04-27 19:27:00 #_ @Pepe Bot#7622 edited message from 2018-04-27 19:26:59 () to read: 
2018-04-27 19:26:59 #_ @Pancake#3691: 
2018-04-27 19:27:00 #_ @Pancake#3691 edited message from 2018-04-27 19:26:59 () to read: 
2018-04-27 19:27:06 #_ @EffiJeffy#4851: p!rule34 fiora
2018-04-27 19:27:07 #_ @Pepe Bot#7622: 
2018-04-27 19:27:09 #_ @Pepe Bot#7622 edited message from 2018-04-27 19:27:07 () to read: 
2018-04-27 19:27:07 #_ @Pancake#3691: 
2018-04-27 19:27:09 #_ @Pancake#3691 edited message from 2018-04-27 19:27:07 () to read: 
2018-04-27 19:27:28 #_ @Pepe Bot#7622 deleted message from 2018-04-27 19:26:16 ()
2018-04-27 19:27:28 #_ @Pepe Bot#7622 deleted message from 2018-04-27 19:26:24 ()
2018-04-27 19:27:28 #_ @Pepe Bot#7622 deleted message from 2018-04-27 19:26:31 ()
2018-04-27 19:27:28 #_ @Pepe Bot#7622 deleted message from 2018-04-27 19:26:35 ()
2018-04-27 19:27:28 #_ @Pepe Bot#7622 deleted message from 2018-04-27 19:26:40 ()
2018-04-27 19:27:28 #_ @Pepe Bot#7622 deleted message from 2018-04-27 19:26:45 ()
2018-04-27 19:27:28 #_ @Pepe Bot#7622 deleted message from 2018-04-27 19:26:52 ()
2018-04-27 19:27:28 #_ @Pepe Bot#7622 deleted message from 2018-04-27 19:26:59 ()
2018-04-27 19:27:28 #_ @Pepe Bot#7622 deleted message from 2018-04-27 19:27:07 ()
2018-04-27 19:27:57 #_ @EffiJeffy#4851: p!rule34 miss fortune
2018-04-27 19:27:58 #_ @Pancake#3691: none found
2018-04-27 19:28:02 #_ @EffiJeffy#4851: p!rule34 ashe
2018-04-27 19:28:02 #_ @Pancake#3691: 
2018-04-27 19:28:03 #_ @Pancake#3691 edited message from 2018-04-27 19:28:02 () to read: 
2018-04-27 19:28:10 #_ @MrDuck#9042: p!rule34 ow
2018-04-27 19:28:10 #_ @EffiJeffy#4851: p!rule34 ashe
2018-04-27 19:28:10 #_ @Pancake#3691: 
2018-04-27 19:28:11 #_ @Pancake#3691: 
2018-04-27 19:28:11 #_ @Pancake#3691 edited message from 2018-04-27 19:28:10 () to read: 
2018-04-27 19:28:13 #_ @Pancake#3691 edited message from 2018-04-27 19:28:11 () to read: 
2018-04-27 19:28:21 #_ @EffiJeffy#4851: p!rule34 ashe
2018-04-27 19:28:21 #_ @Pancake#3691: 
2018-04-27 19:28:22 #_ @Pancake#3691 edited message from 2018-04-27 19:28:21 () to read: 
2018-04-27 19:28:26 #_ @MrDuck#9042: p!rule34 ashe
2018-04-27 19:28:26 #_ @Pancake#3691: 
2018-04-27 19:28:29 #_ @Pancake#3691 edited message from 2018-04-27 19:28:26 () to read: 
2018-04-27 19:28:31 #_ @MrDuck#9042: p!rule34 lol
2018-04-27 19:28:32 #_ @Pancake#3691: 
2018-04-27 19:28:32 #_ @Pancake#3691 edited message from 2018-04-27 19:28:32 () to read: 
2018-04-27 19:28:34 #_ @EffiJeffy#4851: p!rule34 lol
2018-04-27 19:28:34 #_ @Pancake#3691: 
2018-04-27 19:28:37 #_ @Pancake#3691 edited message from 2018-04-27 19:28:34 () to read: 
2018-04-27 19:28:36 #_ @MrDuck#9042: p!rule34 lol
2018-04-27 19:28:37 #_ @Pancake#3691: 
2018-04-27 19:28:37 #_ @Pancake#3691 edited message from 2018-04-27 19:28:37 () to read: 
2018-04-27 19:28:39 #_ @EffiJeffy#4851: p!rule34 lol
2018-04-27 19:28:40 #_ @Pancake#3691: 
2018-04-27 19:28:40 #_ @Pancake#3691 edited message from 2018-04-27 19:28:40 () to read: 
2018-04-27 19:28:45 #_ @EffiJeffy#4851: p!rule34 lol
2018-04-27 19:28:46 #_ @Pancake#3691: 
2018-04-27 19:28:47 #_ @Pancake#3691 edited message from 2018-04-27 19:28:46 () to read: 
2018-04-27 19:28:53 #_ @EffiJeffy#4851: p!rule34 lol
2018-04-27 19:28:54 #_ @Pancake#3691: 
2018-04-27 19:28:56 #_ @Pancake#3691 edited message from 2018-04-27 19:28:54 () to read: 
2018-04-27 19:29:01 #_ @MrDuck#9042: p!rule34 zombie
2018-04-27 19:29:01 #_ @EffiJeffy#4851: p!rule34 lol
2018-04-27 19:29:02 #_ @Pancake#3691: 
2018-04-27 19:29:02 #_ @Pancake#3691: 
2018-04-27 19:29:03 #_ @Pancake#3691 edited message from 2018-04-27 19:29:02 () to read: 
2018-04-27 19:29:03 #_ @Pancake#3691 edited message from 2018-04-27 19:29:02 () to read: 
2018-04-27 19:29:11 #_ @MrDuck#9042: p!rule34 zombie apocalypse
2018-04-27 19:29:11 #_ @Pancake#3691: 
2018-04-27 19:29:12 #_ @Pancake#3691 edited message from 2018-04-27 19:29:11 () to read: 
2018-04-27 19:29:16 #_ @EffiJeffy#4851: p!rule34 zombie
2018-04-27 19:29:17 #_ @Pancake#3691: 
2018-04-27 19:29:19 #_ @Pancake#3691 edited message from 2018-04-27 19:29:17 () to read: 
2018-04-27 19:29:19 #_ @MrDuck#9042: p!rule34 d.va
2018-04-27 19:29:19 #_ @Pancake#3691: 
2018-04-27 19:29:20 #_ @Pancake#3691 edited message from 2018-04-27 19:29:19 () to read: 
2018-04-27 19:29:30 #_ @MrDuck#9042: p!rule34 gmod
2018-04-27 19:29:31 #_ @Pancake#3691: 
2018-04-27 19:29:31 #_ @Pancake#3691 edited message from 2018-04-27 19:29:31 () to read: 
2018-04-27 19:29:38 #_ @EffiJeffy#4851: p!rule34 gardevoir
2018-04-27 19:29:38 #_ @Pancake#3691: 
2018-04-27 19:29:38 #_ @Pancake#3691 edited message from 2018-04-27 19:29:38 () to read: 
2018-04-27 19:29:42 #_ @MrDuck#9042: p!rule34 fornite
2018-04-27 19:29:42 #_ @Pancake#3691: none found
2018-04-27 19:29:54 #_ @EffiJeffy#4851: p!rule34 gardevoir
2018-04-27 19:29:55 #_ @Pancake#3691: 
2018-04-27 19:29:56 #_ @Pancake#3691 edited message from 2018-04-27 19:29:55 () to read: 
2018-04-27 19:30:25 #_ @MrDuck#9042: p!rule34 pikachu
2018-04-27 19:30:26 #_ @Pancake#3691: 
2018-04-27 19:30:27 #_ @Pancake#3691 edited message from 2018-04-27 19:30:26 () to read: 
2018-04-27 19:30:27 #_ @EffiJeffy#4851: p!rule34 mobile legends
2018-04-27 19:30:27 #_ @Pancake#3691: none found
2018-04-27 19:30:38 #_ @EffiJeffy#4851: p!rule34 pubg
2018-04-27 19:30:39 #_ @Pancake#3691: none found
2018-04-27 19:30:40 #_ @MrDuck#9042: p!rule34 odette
2018-04-27 19:30:40 #_ @Pancake#3691: 
2018-04-27 19:30:41 #_ @Pancake#3691 edited message from 2018-04-27 19:30:40 () to read: 
2018-04-27 19:30:44 #_ @EffiJeffy#4851: p!rule34 odette
2018-04-27 19:30:44 #_ @Pancake#3691: 
2018-04-27 19:30:45 #_ @Pancake#3691 edited message from 2018-04-27 19:30:44 () to read: 
2018-04-27 19:30:53 #_ @MrDuck#9042: p!rule34 Mobile Legends
2018-04-27 19:30:53 #_ @Pancake#3691: none found
2018-04-27 19:30:56 #_ @EffiJeffy#4851: p!rule34 Monster girl ques
2018-04-27 19:30:57 #_ @Pancake#3691: none found
2018-04-27 19:31:01 #_ @EffiJeffy#4851: p!rule34 monster girl quest
2018-04-27 19:31:02 #_ @Pancake#3691: none found
2018-04-27 19:31:15 #_ @MrDuck#9042: p!rule34 alice
2018-04-27 19:31:15 #_ @Pancake#3691: 
2018-04-27 19:31:16 #_ @Pancake#3691 edited message from 2018-04-27 19:31:15 () to read: 
2018-04-27 19:31:33 #_ @MrDuck#9042: p!rule34 monika
2018-04-27 19:31:33 #_ @Pancake#3691: 
2018-04-27 19:31:34 #_ @Pancake#3691 edited message from 2018-04-27 19:31:33 () to read: 
2018-04-27 19:31:35 #_ @EffiJeffy#4851: p!rule34 granberia
2018-04-27 19:31:36 #_ @Pancake#3691: 
2018-04-27 19:31:38 #_ @Pancake#3691 edited message from 2018-04-27 19:31:36 () to read: 
2018-04-27 19:31:50 #_ @EffiJeffy#4851: p!rule34 alma elma
2018-04-27 19:31:51 #_ @Pancake#3691: none found
2018-04-27 19:32:04 #_ @MrDuck#9042: p!rule34 shrek
2018-04-27 19:32:04 #_ @Pancake#3691: 
2018-04-27 19:32:05 #_ @Pancake#3691 edited message from 2018-04-27 19:32:04 () to read: 
2018-04-27 19:32:34 #_ @MrDuck#9042: p!rule34 natsuki
2018-04-27 19:32:34 #_ @Pancake#3691: 
2018-04-27 19:32:36 #_ @Pancake#3691 edited message from 2018-04-27 19:32:34 () to read: 
2018-04-27 19:32:40 #_ @EffiJeffy#4851: p!rule34 yuri
2018-04-27 19:32:42 #_ @Pancake#3691: 
2018-04-27 19:32:43 #_ @Pancake#3691 edited message from 2018-04-27 19:32:42 () to read: 
2018-04-27 19:32:53 #_ @MrDuck#9042: p!rule34 boat
2018-04-27 19:32:54 #_ @Pancake#3691: 
2018-04-27 19:32:55 #_ @Pancake#3691 edited message from 2018-04-27 19:32:54 () to read: 
2018-04-27 19:33:00 #_ @MrDuck#9042: p!rule34 cars
2018-04-27 19:33:01 #_ @Pancake#3691: 
2018-04-27 19:33:02 #_ @Pancake#3691 edited message from 2018-04-27 19:33:01 () to read: 
2018-04-27 19:33:06 #_ @EffiJeffy#4851: p!rule34 granberia
2018-04-27 19:33:06 #_ @Pancake#3691: 
2018-04-27 19:33:07 #_ @Pancake#3691 edited message from 2018-04-27 19:33:06 () to read: 
2018-04-27 19:33:10 #_ @MrDuck#9042: p!rule car
2018-04-27 19:33:17 #_ @MrDuck#9042: p!rule34 bus
2018-04-27 19:33:18 #_ @Pancake#3691: 
2018-04-27 19:33:18 #_ @Pancake#3691 edited message from 2018-04-27 19:33:18 () to read: 
2018-04-27 19:33:26 #_ @EffiJeffy#4851: p!rule34 tammao
2018-04-27 19:33:27 #_ @Pancake#3691: none found
2018-04-27 19:33:31 #_ @EffiJeffy#4851: p!rule34 tamamo
2018-04-27 19:33:31 #_ @Pancake#3691: 
2018-04-27 19:33:34 #_ @Pancake#3691 edited message from 2018-04-27 19:33:31 () to read: 
2018-04-27 19:33:38 #_ @EffiJeffy#4851: p!rule34 tamamo
2018-04-27 19:33:39 #_ @Pancake#3691: 
2018-04-27 19:33:41 #_ @Pancake#3691 edited message from 2018-04-27 19:33:39 () to read: 
2018-04-27 19:33:43 #_ @EffiJeffy#4851: p!rule34 tamamo
2018-04-27 19:33:44 #_ @Pancake#3691: 
2018-04-27 19:33:45 #_ @Pancake#3691 edited message from 2018-04-27 19:33:44 () to read: 
2018-04-27 19:33:47 #_ @MrDuck#9042: p!rule34 windows
2018-04-27 19:33:48 #_ @Pancake#3691: 
2018-04-27 19:33:49 #_ @Pancake#3691 edited message from 2018-04-27 19:33:48 () to read: 
2018-04-27 19:33:52 #_ @EffiJeffy#4851: p!rule34 tamamo
2018-04-27 19:33:52 #_ @Pancake#3691: 
2018-04-27 19:33:53 #_ @Pancake#3691 edited message from 2018-04-27 19:33:52 () to read: 
2018-04-27 19:34:02 #_ @MrDuck#9042: p!rule34 computer
2018-04-27 19:34:03 #_ @Pancake#3691: 
2018-04-27 19:34:04 #_ @Pancake#3691 edited message from 2018-04-27 19:34:03 () to read: 
2018-04-27 19:34:05 #_ @EffiJeffy#4851: p!rule34 discord
2018-04-27 19:34:06 #_ @Pancake#3691: 
2018-04-27 19:34:08 #_ @Pancake#3691 edited message from 2018-04-27 19:34:06 () to read: 
2018-04-27 19:34:11 #_ @MrDuck#9042: p!rule34 pokemon
2018-04-27 19:34:12 #_ @Pancake#3691: 
2018-04-27 19:34:12 #_ @Pancake#3691 edited message from 2018-04-27 19:34:12 () to read: 
2018-04-27 19:34:17 #_ @MrDuck#9042: p!rule34 skype
2018-04-27 19:34:18 #_ @Pancake#3691: 
2018-04-27 19:34:19 #_ @Pancake#3691 edited message from 2018-04-27 19:34:18 () to read: 
2018-04-27 19:34:19 #_ @EffiJeffy#4851: p!rule34 pokemon
2018-04-27 19:34:19 #_ @Pancake#3691: 
2018-04-27 19:34:20 #_ @Pancake#3691 edited message from 2018-04-27 19:34:19 () to read: 
2018-04-27 19:34:24 #_ @EffiJeffy#4851: p!rule34 gardevoir
2018-04-27 19:34:25 #_ @Pancake#3691: 
2018-04-27 19:34:25 #_ @Pancake#3691 edited message from 2018-04-27 19:34:25 () to read: 
2018-04-27 19:34:38 #_ @EffiJeffy#4851: p!rule34 gardevoir
2018-04-27 19:34:39 #_ @Pancake#3691: 
2018-04-27 19:34:39 #_ @Pancake#3691 edited message from 2018-04-27 19:34:39 () to read: 
2018-04-27 19:35:02 #_ @EffiJeffy#4851: p!rule34 gardevoir
2018-04-27 19:35:02 #_ @Pancake#3691: 
2018-04-27 19:35:02 #_ @Pancake#3691 edited message from 2018-04-27 19:35:02 () to read: 
2018-04-27 19:35:14 #_ @EffiJeffy#4851: p!rule34 pokemon
2018-04-27 19:35:15 #_ @MrDuck#9042: p!rule34 razer
2018-04-27 19:35:15 #_ @Pancake#3691: 
2018-04-27 19:35:18 #_ @Pancake#3691 edited message from 2018-04-27 19:35:15 () to read: 
2018-04-27 19:35:15 #_ @Pancake#3691: 
2018-04-27 19:35:18 #_ @Pancake#3691 edited message from 2018-04-27 19:35:15 () to read: 
2018-04-27 19:35:20 #_ @MrDuck#9042: p!rule34 logitech
2018-04-27 19:35:21 #_ @Pancake#3691: 
2018-04-27 19:35:21 #_ @Pancake#3691 edited message from 2018-04-27 19:35:21 () to read: 
2018-04-27 19:35:24 #_ @EffiJeffy#4851: p!rule34 samsung
2018-04-27 19:35:24 #_ @Pancake#3691: 
2018-04-27 19:35:25 #_ @Pancake#3691 edited message from 2018-04-27 19:35:24 () to read: 
2018-04-27 19:35:24 #_ @MrDuck#9042: p!rule34 razer
2018-04-27 19:35:25 #_ @Pancake#3691: 
2018-04-27 19:35:25 #_ @Pancake#3691 edited message from 2018-04-27 19:35:25 () to read: 
2018-04-27 19:35:33 #_ @MrDuck#9042: p!rule34 razer
2018-04-27 19:35:34 #_ @Pancake#3691: 
2018-04-27 19:35:34 #_ @Pancake#3691 edited message from 2018-04-27 19:35:34 () to read: 
2018-04-27 19:35:34 #_ @EffiJeffy#4851: p!rule34 gardevoir
2018-04-27 19:35:35 #_ @Pancake#3691: 
2018-04-27 19:35:37 #_ @Pancake#3691 edited message from 2018-04-27 19:35:35 () to read: 
2018-04-27 19:35:40 #_ @MrDuck#9042: p!rule34 alza
2018-04-27 19:35:41 #_ @Pancake#3691: 
2018-04-27 19:35:41 #_ @Pancake#3691 edited message from 2018-04-27 19:35:41 () to read: 
2018-04-27 19:35:43 #_ @EffiJeffy#4851: p!rule34 gardevoir
2018-04-27 19:35:44 #_ @Pancake#3691: 
2018-04-27 19:35:45 #_ @Pancake#3691 edited message from 2018-04-27 19:35:44 () to read: 
2018-04-27 19:35:56 #_ @MrDuck#9042: p!rule34 roblox
2018-04-27 19:35:56 #_ @Pancake#3691: 
2018-04-27 19:35:57 #_ @Pancake#3691 edited message from 2018-04-27 19:35:56 () to read: 
2018-04-27 19:36:01 #_ @MrDuck#9042: p!rule34 minecraft
2018-04-27 19:36:02 #_ @Pancake#3691: 
2018-04-27 19:36:03 #_ @Pancake#3691 edited message from 2018-04-27 19:36:02 () to read: 
2018-04-27 19:36:30 #_ @MrDuck#9042: p!rule34 shade
2018-04-27 19:36:31 #_ @Pancake#3691: 
2018-04-27 19:36:31 #_ @Pancake#3691 edited message from 2018-04-27 19:36:31 () to read: 
2018-04-27 19:36:37 #_ @EffiJeffy#4851:  (attachment url(s): https://cdn.discordapp.com/attachments/437691607597187082/439510197510209537/cee1e8249286280096a710103c66e8e860d2ac00.jpg)
2018-04-27 19:36:49 #_ @EffiJeffy#4851: xDD
2018-04-27 19:37:06 #_ @EffiJeffy#4851: by som ju jebal
2018-04-27 19:37:07 #_ @EffiJeffy#4851: xDD
2018-04-27 19:37:45 #_ @EffiJeffy#4851: porna
2018-04-27 19:37:45 #_ @EffiJeffy#4851: xDD
2018-04-27 19:37:54 #_ @MrDuck#9042: +roulette
2018-04-27 19:38:03 #_ @EffiJeffy#4851: +roulette
2018-04-27 19:38:03 #_ @MrDuck#9042: Roulette
2018-04-27 19:38:06 #_ @EffiJeffy#4851: !roulette
2018-04-27 19:38:08 #_ @EffiJeffy#4851: _roulette
2018-04-27 19:38:17 #_ @MrDuck#9042: +black 7
2018-04-27 19:38:17 #_ @gamblingBot#9551: rolling...
2018-04-27 19:38:18 #_ @gamblingBot#9551: 
2018-04-27 19:38:18 #_ @gamblingBot#9551 edited message from 2018-04-27 19:38:18 () to read: 
2018-04-27 19:38:23 #_ @EffiJeffy#4851: +black 8
2018-04-27 19:38:23 #_ @gamblingBot#9551: rolling...
2018-04-27 19:38:24 #_ @gamblingBot#9551: 
2018-04-27 19:38:25 #_ @gamblingBot#9551 edited message from 2018-04-27 19:38:24 () to read: 
2018-04-27 19:38:29 #_ @MrDuck#9042: +black 5
2018-04-27 19:38:29 #_ @gamblingBot#9551: rolling...
2018-04-27 19:38:29 #_ @gamblingBot#9551: 
2018-04-27 19:38:30 #_ @gamblingBot#9551 edited message from 2018-04-27 19:38:29 () to read: 
2018-04-27 19:38:35 #_ @EffiJeffy#4851: +black 6
2018-04-27 19:38:35 #_ @gamblingBot#9551: rolling...
2018-04-27 19:38:36 #_ @gamblingBot#9551: 
2018-04-27 19:38:37 #_ @gamblingBot#9551 edited message from 2018-04-27 19:38:36 () to read: 
2018-04-27 19:41:56 #_ @EffiJeffy#4851: p!rule34 gardevoir
2018-04-27 19:41:57 #_ @Pancake#3691: 
2018-04-27 19:42:02 #_ @Pancake#3691 edited message from 2018-04-27 19:41:57 () to read: 
2018-04-27 19:42:04 #_ @EffiJeffy#4851: p!rule34 gardevoir
2018-04-27 19:42:05 #_ @Pancake#3691: 
2018-04-27 19:42:05 #_ @Pancake#3691 edited message from 2018-04-27 19:42:05 () to read: 
2018-04-27 19:42:08 #_ @EffiJeffy#4851: p!rule34 gardevoir
2018-04-27 19:42:09 #_ @Pancake#3691: 
2018-04-27 19:42:09 #_ @Pancake#3691 edited message from 2018-04-27 19:42:09 () to read: 
2018-04-27 19:42:14 #_ @EffiJeffy#4851: p!rule34 gardevoir
2018-04-27 19:42:14 #_ @Pancake#3691: 
2018-04-27 19:42:16 #_ @Pancake#3691 edited message from 2018-04-27 19:42:14 () to read: 
2018-04-27 19:42:28 #_ @MrDuck#9042: +black
2018-04-27 19:42:28 #_ @gamblingBot#9551: rolling...
2018-04-27 19:42:28 #_ @gamblingBot#9551: 
2018-04-27 19:42:29 #_ @gamblingBot#9551 edited message from 2018-04-27 19:42:28 () to read: 
2018-04-27 19:42:30 #_ @EffiJeffy#4851: p!rule34 gardevoir
2018-04-27 19:42:31 #_ @Pancake#3691: 
2018-04-27 19:42:33 #_ @Pancake#3691 edited message from 2018-04-27 19:42:31 () to read: 
2018-04-27 19:42:35 #_ @MrDuck#9042: +black 1
2018-04-27 19:42:35 #_ @gamblingBot#9551: rolling...
2018-04-27 19:42:35 #_ @gamblingBot#9551: 
2018-04-27 19:42:37 #_ @gamblingBot#9551 edited message from 2018-04-27 19:42:35 () to read: 
2018-04-27 19:42:38 #_ @EffiJeffy#4851: p!rule34 gardevoir
2018-04-27 19:42:39 #_ @Pancake#3691: 
2018-04-27 19:42:40 #_ @Pancake#3691 edited message from 2018-04-27 19:42:39 () to read: 
2018-04-27 19:42:39 #_ @MrDuck#9042: d
2018-04-27 19:42:42 #_ @MrDuck#9042: +black 1
2018-04-27 19:42:42 #_ @EffiJeffy#4851: p!rule34 pikachu
2018-04-27 19:42:43 #_ @gamblingBot#9551: rolling...
2018-04-27 19:42:43 #_ @gamblingBot#9551: 
2018-04-27 19:42:45 #_ @gamblingBot#9551 edited message from 2018-04-27 19:42:43 () to read: 
2018-04-27 19:42:43 #_ @Pancake#3691: 
2018-04-27 19:42:45 #_ @Pancake#3691 edited message from 2018-04-27 19:42:43 () to read: 
2018-04-27 19:42:46 #_ @MrDuck#9042: +black 1
2018-04-27 19:42:46 #_ @gamblingBot#9551: @MrDuck, Not enough credits. You have 0 credits
2018-04-27 19:42:54 #_ @MrDuck#9042: +coinflip
2018-04-27 19:42:55 #_ @EffiJeffy#4851: p!rule34 pokemon
2018-04-27 19:42:56 #_ @Pancake#3691: 
2018-04-27 19:42:57 #_ @Pancake#3691 edited message from 2018-04-27 19:42:56 () to read: 
2018-04-27 19:43:04 #_ @MrDuck#9042: +coinflip
2018-04-27 19:43:06 #_ @EffiJeffy#4851: p!rule34 dishonored
2018-04-27 19:43:07 #_ @Pancake#3691: 
2018-04-27 19:43:08 #_ @Pancake#3691 edited message from 2018-04-27 19:43:07 () to read: 
2018-04-27 19:43:13 #_ @MrDuck#9042: +coinflip @EffiJeffy 1
2018-04-27 19:43:13 #_ @gamblingBot#9551: 
2018-04-27 19:43:14 #_ @gamblingBot#9551 edited message from 2018-04-27 19:43:13 () to read: 
2018-04-27 19:43:17 #_ @EffiJeffy#4851: +accept
2018-04-27 19:43:18 #_ @gamblingBot#9551: Rolling...
2018-04-27 19:43:18 #_ @gamblingBot#9551: 
2018-04-27 19:43:20 #_ @gamblingBot#9551 edited message from 2018-04-27 19:43:18 () to read: 
2018-04-27 19:43:36 #_ @EffiJeffy#4851: +coinflip MrDuck
2018-04-27 19:43:44 #_ @EffiJeffy#4851: +coinflip MrDuck 5
2018-04-27 19:43:59 #_ @EffiJeffy#4851: +coinflip @MrDuck 5
2018-04-27 19:43:59 #_ @gamblingBot#9551: 
2018-04-27 19:43:59 #_ @gamblingBot#9551 edited message from 2018-04-27 19:43:59 () to read: 
2018-04-27 19:44:03 #_ @MrDuck#9042: +accept
2018-04-27 19:44:03 #_ @gamblingBot#9551: @MrDuck, Not enough credits. You have 3 credits
2018-04-27 19:44:18 #_ @EffiJeffy#4851: +coinflip @MrDuck 3
2018-04-27 19:44:18 #_ @gamblingBot#9551: 
2018-04-27 19:44:18 #_ @gamblingBot#9551 edited message from 2018-04-27 19:44:18 () to read: 
2018-04-27 19:44:23 #_ @MrDuck#9042: +accept
2018-04-27 19:44:23 #_ @gamblingBot#9551: Rolling...
2018-04-27 19:44:23 #_ @gamblingBot#9551: 
2018-04-27 19:44:23 #_ @gamblingBot#9551 edited message from 2018-04-27 19:44:23 () to read: 
2018-04-27 19:44:34 #_ @EffiJeffy#4851: p!rule34 dishonored
2018-04-27 19:44:34 #_ @Pancake#3691: 
2018-04-27 19:44:38 #_ @Pancake#3691 edited message from 2018-04-27 19:44:34 () to read: 
2018-04-27 19:44:40 #_ @EffiJeffy#4851: p!rule34 dishonored
2018-04-27 19:44:40 #_ @Pancake#3691: 
2018-04-27 19:44:42 #_ @Pancake#3691 edited message from 2018-04-27 19:44:40 () to read: 
2018-04-27 19:44:46 #_ @EffiJeffy#4851: xDD
2018-04-27 19:44:55 #_ @EffiJeffy#4851: +blackjack
2018-04-27 19:44:56 #_ @gamblingBot#9551: bet cannot be 0
2018-04-27 19:45:02 #_ @EffiJeffy#4851: +black 4
2018-04-27 19:45:02 #_ @gamblingBot#9551: rolling...
2018-04-27 19:45:02 #_ @gamblingBot#9551: 
2018-04-27 19:45:02 #_ @gamblingBot#9551 edited message from 2018-04-27 19:45:02 () to read: 
2018-04-27 19:45:06 #_ @EffiJeffy#4851: +black 5
2018-04-27 19:45:06 #_ @gamblingBot#9551: rolling...
2018-04-27 19:45:07 #_ @gamblingBot#9551: 
2018-04-27 19:45:08 #_ @gamblingBot#9551 edited message from 2018-04-27 19:45:07 () to read: 
2018-04-27 19:45:13 #_ @EffiJeffy#4851: +black 31
2018-04-27 19:45:14 #_ @gamblingBot#9551: rolling...
2018-04-27 19:45:14 #_ @gamblingBot#9551: 
2018-04-27 19:45:14 #_ @gamblingBot#9551 edited message from 2018-04-27 19:45:14 () to read: 
2018-04-27 19:45:20 #_ @MrDuck#9042: XD
2018-04-27 19:45:22 #_ @EffiJeffy#4851: p!rule34 dishonored
2018-04-27 19:45:22 #_ @Pancake#3691: 
2018-04-27 19:45:24 #_ @Pancake#3691 edited message from 2018-04-27 19:45:22 () to read: 
2018-04-27 19:45:30 #_ @MrDuck#9042: p!rule34 dishonored
2018-04-27 19:45:30 #_ @Pancake#3691: 
2018-04-27 19:45:33 #_ @Pancake#3691 edited message from 2018-04-27 19:45:30 () to read: 
2018-04-27 19:45:36 #_ @MrDuck#9042: p!rule34 dishonored
2018-04-27 19:45:36 #_ @Pancake#3691: 
2018-04-27 19:45:37 #_ @Pancake#3691 edited message from 2018-04-27 19:45:36 () to read: 
2018-04-27 19:45:38 #_ @EffiJeffy#4851: p!rule34 dishonored
2018-04-27 19:45:39 #_ @Pancake#3691: 
2018-04-27 19:45:40 #_ @Pancake#3691 edited message from 2018-04-27 19:45:39 () to read: 
2018-04-27 19:45:51 #_ @EffiJeffy#4851: p!rule34 dishonored
2018-04-27 19:45:51 #_ @Pancake#3691: 
2018-04-27 19:45:51 #_ @Pancake#3691 edited message from 2018-04-27 19:45:51 () to read: 
2018-04-27 19:45:54 #_ @MrDuck#9042: p!rule34 dishonored
2018-04-27 19:45:54 #_ @Pancake#3691: 
2018-04-27 19:45:56 #_ @Pancake#3691 edited message from 2018-04-27 19:45:54 () to read: 
2018-04-27 19:45:59 #_ @EffiJeffy#4851: p!rule34 dishonored
2018-04-27 19:46:00 #_ @Pancake#3691: 
2018-04-27 19:46:02 #_ @Pancake#3691 edited message from 2018-04-27 19:46:00 () to read: 
2018-04-27 19:46:01 #_ @MrDuck#9042: p!rule34 dishonored
2018-04-27 19:46:02 #_ @Pancake#3691: 
2018-04-27 19:46:03 #_ @Pancake#3691 edited message from 2018-04-27 19:46:02 () to read: 
2018-04-27 19:46:06 #_ @EffiJeffy#4851: p!rule34 dishonored
2018-04-27 19:46:07 #_ @Pancake#3691: 
2018-04-27 19:46:07 #_ @Pancake#3691 edited message from 2018-04-27 19:46:07 () to read: 
2018-04-27 19:46:14 #_ @MrDuck#9042: p!rule34 dishonored
2018-04-27 19:46:15 #_ @Pancake#3691: 
2018-04-27 19:46:16 #_ @Pancake#3691 edited message from 2018-04-27 19:46:15 () to read: 
2018-04-27 19:46:23 #_ @EffiJeffy#4851: p!rule34 lol
2018-04-27 19:46:25 #_ @Pancake#3691: 
2018-04-27 19:46:26 #_ @Pancake#3691 edited message from 2018-04-27 19:46:25 () to read: 
2018-04-27 19:46:28 #_ @EffiJeffy#4851: p!rule34 dishonored
2018-04-27 19:46:29 #_ @Pancake#3691: 
2018-04-27 19:46:29 #_ @Pancake#3691 edited message from 2018-04-27 19:46:29 () to read: 
2018-04-27 19:46:37 #_ @EffiJeffy#4851: p!rule34 dishonored
2018-04-27 19:46:38 #_ @Pancake#3691: 
2018-04-27 19:46:41 #_ @Pancake#3691 edited message from 2018-04-27 19:46:38 () to read: 
2018-04-27 19:46:48 #_ @EffiJeffy#4851: p!rule34 dishonored
2018-04-27 19:46:48 #_ @Pancake#3691: 
2018-04-27 19:46:49 #_ @Pancake#3691 edited message from 2018-04-27 19:46:48 () to read: 
2018-04-27 19:46:58 #_ @EffiJeffy#4851: p!rule34 dishonored
2018-04-27 19:46:58 #_ @Pancake#3691: 
2018-04-27 19:47:00 #_ @Pancake#3691 edited message from 2018-04-27 19:46:58 () to read: 
2018-04-27 19:47:11 #_ @EffiJeffy#4851: p!rule34 alien isolation
2018-04-27 19:47:12 #_ @Pancake#3691: none found
2018-04-27 19:47:17 #_ @EffiJeffy#4851: p!rule34 facehugger
2018-04-27 19:47:18 #_ @Pancake#3691: 
2018-04-27 19:47:19 #_ @Pancake#3691 edited message from 2018-04-27 19:47:18 () to read: 
2018-04-27 19:47:31 #_ @EffiJeffy#4851: p!rule34 facehugger
2018-04-27 19:47:31 #_ @Pancake#3691: 
2018-04-27 19:47:32 #_ @Pancake#3691 edited message from 2018-04-27 19:47:31 () to read: 
2018-04-27 19:47:37 #_ @MrDuck#9042:  (attachment url(s): https://cdn.discordapp.com/attachments/437691607597187082/439512968099528726/thumbnail_49f01115634fb5e86adf2327ef5628b4.jpg)
2018-04-27 19:47:45 #_ @EffiJeffy#4851: xDD
2018-04-27 19:47:55 #_ @MrDuck#9042:  (attachment url(s): https://cdn.discordapp.com/attachments/437691607597187082/439513039343976448/thumbnail_b56bdf95a23659ca31eaa962d50a3296.jpg)
2018-04-27 19:48:05 #_ @MrDuck#9042:  (attachment url(s): https://cdn.discordapp.com/attachments/437691607597187082/439513087033212948/thumbnail_b95c31813fa4b3c52fe8c082bda1e1db.jpg)
2018-04-27 19:48:22 #_ @EffiJeffy#4851: xDD
2018-04-27 19:50:31 #_ @EffiJeffy#4851: p!rule34 Pubg
2018-04-27 19:50:32 #_ @Pancake#3691: none found
2018-04-27 19:50:54 #_ @MrDuck#9042:  (attachment url(s): https://cdn.discordapp.com/attachments/437691607597187082/439513795019276288/stiahnut.png)
2018-04-27 19:51:45 #_ @MrDuck#9042: +credits
2018-04-27 19:51:46 #_ @gamblingBot#9551: 
2018-04-27 19:51:46 #_ @gamblingBot#9551 edited message from 2018-04-27 19:51:46 () to read: 
2018-04-27 19:52:27 #_ @EffiJeffy#4851: telltale games
2018-04-27 19:53:00 #_ @EffiJeffy#4851: p!rule34 batman
2018-04-27 19:53:01 #_ @Pancake#3691: 
2018-04-27 19:53:04 #_ @Pancake#3691 edited message from 2018-04-27 19:53:01 () to read: 
2018-04-27 19:53:08 #_ @MrDuck#9042: p!rule ironman
2018-04-27 19:53:12 #_ @MrDuck#9042: p!rule34 ironman
2018-04-27 19:53:12 #_ @Pancake#3691: none found
2018-04-27 19:53:16 #_ @EffiJeffy#4851: p!rule34 batmann
2018-04-27 19:53:16 #_ @MrDuck#9042: p!rule34 avengersw
2018-04-27 19:53:17 #_ @Pancake#3691: none found
2018-04-27 19:53:17 #_ @Pancake#3691: none found
2018-04-27 19:53:22 #_ @MrDuck#9042: p!rule34 avengers
2018-04-27 19:53:23 #_ @EffiJeffy#4851: p!rule43 harley quinn
2018-04-27 19:53:23 #_ @Pancake#3691: 
2018-04-27 19:53:24 #_ @Pancake#3691 edited message from 2018-04-27 19:53:23 () to read: 
2018-04-27 19:53:42 #_ @EffiJeffy#4851: p!rule34 harley quinn
2018-04-27 19:53:43 #_ @Pancake#3691: none found
2018-04-27 19:53:59 #_ @MrDuck#9042: p!rule34 hulk
2018-04-27 19:53:59 #_ @Pancake#3691: 
2018-04-27 19:54:00 #_ @Pancake#3691 edited message from 2018-04-27 19:53:59 () to read: 
2018-04-27 19:54:04 #_ @MrDuck#9042: p!rule34 hulk
2018-04-27 19:54:05 #_ @Pancake#3691: 
2018-04-27 19:54:08 #_ @Pancake#3691 edited message from 2018-04-27 19:54:05 () to read: 
2018-04-27 19:54:08 #_ @MrDuck#9042: p!rule34 batman
2018-04-27 19:54:09 #_ @Pancake#3691: 
2018-04-27 19:54:12 #_ @Pancake#3691 edited message from 2018-04-27 19:54:09 () to read: 
2018-04-27 19:54:12 #_ @MrDuck#9042: p!rule34 Batman
2018-04-27 19:54:13 #_ @Pancake#3691: 
2018-04-27 19:54:14 #_ @EffiJeffy#4851: p!rule34 batman
2018-04-27 19:54:15 #_ @Pancake#3691 edited message from 2018-04-27 19:54:13 () to read: 
2018-04-27 19:54:14 #_ @Pancake#3691: 
2018-04-27 19:54:15 #_ @Pancake#3691 edited message from 2018-04-27 19:54:14 () to read: 
2018-04-27 19:54:20 #_ @EffiJeffy#4851: p!rule34 batman
2018-04-27 19:54:21 #_ @Pancake#3691: 
2018-04-27 19:54:23 #_ @Pancake#3691 edited message from 2018-04-27 19:54:21 () to read: 
2018-04-27 19:54:26 #_ @MrDuck#9042: p!rule34 keyboard
2018-04-27 19:54:26 #_ @Pancake#3691: 
2018-04-27 19:54:27 #_ @Pancake#3691 edited message from 2018-04-27 19:54:26 () to read: 
2018-04-27 19:54:34 #_ @MrDuck#9042: p!rule34 ninja
2018-04-27 19:54:35 #_ @Pancake#3691: 
2018-04-27 19:54:36 #_ @Pancake#3691 edited message from 2018-04-27 19:54:35 () to read: 
2018-04-27 19:54:37 #_ @EffiJeffy#4851: p!rule34 batman
2018-04-27 19:54:38 #_ @Pancake#3691: 
2018-04-27 19:54:38 #_ @Pancake#3691 edited message from 2018-04-27 19:54:38 () to read: 
2018-04-27 19:54:42 #_ @EffiJeffy#4851: p!rule34 mobile legends
2018-04-27 19:54:43 #_ @Pancake#3691: none found
2018-04-27 19:54:50 #_ @EffiJeffy#4851: p!rule34 batman
2018-04-27 19:54:51 #_ @Pancake#3691: 
2018-04-27 19:54:53 #_ @Pancake#3691 edited message from 2018-04-27 19:54:51 () to read: 
2018-04-27 19:54:52 #_ @MrDuck#9042: p!rule34 botka
2018-04-27 19:54:53 #_ @Pancake#3691: none found
2018-04-27 19:54:59 #_ @EffiJeffy#4851: p!rule34 sinan
2018-04-27 19:55:00 #_ @Pancake#3691: 
2018-04-27 19:55:02 #_ @Pancake#3691 edited message from 2018-04-27 19:55:00 () to read: 
2018-04-27 19:55:07 #_ @EffiJeffy#4851: p!rule34 sinan kara
2018-04-27 19:55:08 #_ @Pancake#3691: none found
2018-04-27 19:55:10 #_ @MrDuck#9042: p!rule34 rado
2018-04-27 19:55:11 #_ @Pancake#3691: none found
2018-04-27 19:55:15 #_ @MrDuck#9042: p!rule34 Radoslav
2018-04-27 19:55:15 #_ @Pancake#3691: 
2018-04-27 19:55:18 #_ @Pancake#3691 edited message from 2018-04-27 19:55:15 () to read: 
2018-04-27 19:55:32 #_ @EffiJeffy#4851: p!rule34 Gardevoir
2018-04-27 19:55:32 #_ @Pancake#3691: 
2018-04-27 19:55:33 #_ @Pancake#3691 edited message from 2018-04-27 19:55:32 () to read: 
2018-04-27 19:55:41 #_ @MrDuck#9042: p!rule34 hobbit
2018-04-27 19:55:41 #_ @Pancake#3691: 
2018-04-27 19:55:42 #_ @Pancake#3691 edited message from 2018-04-27 19:55:41 () to read: 
2018-04-27 19:55:48 #_ @MrDuck#9042: p!rule gta v
2018-04-27 19:55:52 #_ @MrDuck#9042: p!rule34 gta v
2018-04-27 19:55:52 #_ @Pancake#3691: none found
2018-04-27 19:55:58 #_ @MrDuck#9042: p!rule grand theft auto
2018-04-27 19:56:02 #_ @EffiJeffy#4851: p!rule34 borderlands
2018-04-27 19:56:03 #_ @Pancake#3691: 
2018-04-27 19:56:04 #_ @Pancake#3691 edited message from 2018-04-27 19:56:03 () to read: 
2018-04-27 19:56:07 #_ @MrDuck#9042: p!rule34 grand theft auto
2018-04-27 19:56:07 #_ @Pancake#3691: none found
2018-04-27 19:56:10 #_ @MrDuck#9042: p!rule34 gta
2018-04-27 19:56:10 #_ @Pancake#3691: 
2018-04-27 19:56:12 #_ @Pancake#3691 edited message from 2018-04-27 19:56:10 () to read: 
2018-04-27 19:56:22 #_ @EffiJeffy#4851: p!rule34 mafia 3
2018-04-27 19:56:22 #_ @Pancake#3691: none found
2018-04-27 19:56:24 #_ @MrDuck#9042: p!rule34 spider man
2018-04-27 19:56:25 #_ @Pancake#3691: 
2018-04-27 19:56:26 #_ @Pancake#3691 edited message from 2018-04-27 19:56:25 () to read: 
2018-04-27 19:56:32 #_ @MrDuck#9042: p!rule34 fifa
2018-04-27 19:56:33 #_ @Pancake#3691: 
2018-04-27 19:56:34 #_ @Pancake#3691 edited message from 2018-04-27 19:56:33 () to read: 
2018-04-27 19:56:39 #_ @MrDuck#9042: p!rule34 idablo
2018-04-27 19:56:40 #_ @Pancake#3691: none found
2018-04-27 19:56:44 #_ @MrDuck#9042: p!rule34 diablo
2018-04-27 19:56:44 #_ @Pancake#3691: 
2018-04-27 19:56:46 #_ @Pancake#3691 edited message from 2018-04-27 19:56:44 () to read: 
2018-04-27 19:56:45 #_ @EffiJeffy#4851: p!rule34 left4dead
2018-04-27 19:56:46 #_ @Pancake#3691: 
2018-04-27 19:56:47 #_ @Pancake#3691 edited message from 2018-04-27 19:56:46 () to read: 
2018-04-27 19:56:59 #_ @MrDuck#9042: p!rule fatty
2018-04-27 19:57:02 #_ @MrDuck#9042: p!rule34 fatty
2018-04-27 19:57:03 #_ @Pancake#3691: 
2018-04-27 19:57:06 #_ @Pancake#3691 edited message from 2018-04-27 19:57:03 () to read: 
2018-04-27 19:57:13 #_ @MrDuck#9042: p!Rule34 messi
2018-04-27 19:57:13 #_ @Pancake#3691: 
2018-04-27 19:57:14 #_ @Pancake#3691 edited message from 2018-04-27 19:57:13 () to read: 
2018-04-27 19:57:16 #_ @MrDuck#9042: p!rule34 ronaldo
2018-04-27 19:57:17 #_ @Pancake#3691: 
2018-04-27 19:57:18 #_ @Pancake#3691 edited message from 2018-04-27 19:57:17 () to read: 
2018-04-27 19:57:23 #_ @EffiJeffy#4851: p!rule34 messi
2018-04-27 19:57:24 #_ @Pancake#3691: 
2018-04-27 19:57:25 #_ @Pancake#3691 edited message from 2018-04-27 19:57:24 () to read: 
2018-04-27 19:57:28 #_ @EffiJeffy#4851: p!rule34 cuphead
2018-04-27 19:57:29 #_ @Pancake#3691: 
2018-04-27 19:57:34 #_ @Pancake#3691 edited message from 2018-04-27 19:57:29 () to read: 
2018-04-27 19:57:35 #_ @EffiJeffy#4851: p!rule34 sinon
2018-04-27 19:57:36 #_ @Pancake#3691: 
2018-04-27 19:57:38 #_ @Pancake#3691 edited message from 2018-04-27 19:57:36 () to read: 
2018-04-27 19:57:44 #_ @MrDuck#9042: p!rule34 minions
2018-04-27 19:57:45 #_ @Pancake#3691: none found
2018-04-27 19:58:02 #_ @MrDuck#9042: p!rule34 tom a jerry
2018-04-27 19:58:03 #_ @Pancake#3691: none found
2018-04-27 19:58:08 #_ @EffiJeffy#4851: p!rule34 tom and jerrz
2018-04-27 19:58:08 #_ @Pancake#3691: none found
2018-04-27 19:58:14 #_ @EffiJeffy#4851: p!rule34 tom and jerry
2018-04-27 19:58:15 #_ @Pancake#3691: none found
2018-04-27 19:58:24 #_ @MrDuck#9042: p!Rule34 zootropolis
2018-04-27 19:58:24 #_ @Pancake#3691: none found
2018-04-27 19:58:52 #_ @MrDuck#9042: p!rule34 mickey mouse
2018-04-27 19:58:52 #_ @Pancake#3691: 
2018-04-27 19:58:54 #_ @Pancake#3691 edited message from 2018-04-27 19:58:52 () to read: 
2018-04-27 19:59:01 #_ @EffiJeffy#4851: p!rule34 minnie
2018-04-27 19:59:02 #_ @Pancake#3691: 
2018-04-27 19:59:02 #_ @Pancake#3691 edited message from 2018-04-27 19:59:02 () to read: 
2018-04-27 19:59:09 #_ @EffiJeffy#4851: p!rule34 shantea
2018-04-27 19:59:09 #_ @Pancake#3691: none found
2018-04-27 19:59:12 #_ @EffiJeffy#4851: p!rule34 shantae
2018-04-27 19:59:13 #_ @Pancake#3691: 
2018-04-27 19:59:14 #_ @Pancake#3691 edited message from 2018-04-27 19:59:13 () to read: 
2018-04-27 19:59:28 #_ @EffiJeffy#4851: p!rule34 shantae
2018-04-27 19:59:29 #_ @Pancake#3691: 
2018-04-27 19:59:29 #_ @Pancake#3691 edited message from 2018-04-27 19:59:29 () to read: 
2018-04-27 19:59:36 #_ @EffiJeffy#4851: p!rule34 shantae
2018-04-27 19:59:37 #_ @Pancake#3691: 
2018-04-27 19:59:37 #_ @Pancake#3691 edited message from 2018-04-27 19:59:37 () to read: 
2018-04-27 19:59:46 #_ @EffiJeffy#4851: p!rule34 shantae
2018-04-27 19:59:46 #_ @Pancake#3691: 
2018-04-27 19:59:49 #_ @Pancake#3691 edited message from 2018-04-27 19:59:46 () to read: 
2018-04-27 19:59:53 #_ @MrDuck#9042: p!rule34 flash
2018-04-27 19:59:54 #_ @Pancake#3691: 
2018-04-27 19:59:56 #_ @Pancake#3691 edited message from 2018-04-27 19:59:54 () to read: 
2018-04-27 20:00:02 #_ @EffiJeffy#4851: p!rule34 ben10
2018-04-27 20:00:02 #_ @Pancake#3691: none found
2018-04-27 20:00:16 #_ @MrDuck#9042: p!rule34 bambi
2018-04-27 20:00:16 #_ @Pancake#3691: 
2018-04-27 20:00:20 #_ @Pancake#3691 edited message from 2018-04-27 20:00:16 () to read: 
2018-04-27 20:00:18 #_ @EffiJeffy#4851: dig lebo som to videl na pornhub taku reklamu xD
2018-04-27 20:00:23 #_ @EffiJeffy#4851: Xdd
2018-04-27 20:00:30 #_ @EffiJeffy#4851: P!rule34 booty
2018-04-27 20:00:31 #_ @Pancake#3691: 
2018-04-27 20:00:31 #_ @Pancake#3691 edited message from 2018-04-27 20:00:31 () to read: 
2018-04-27 20:00:36 #_ @MrDuck#9042: p!rule34 ice age
2018-04-27 20:00:36 #_ @Pancake#3691: none found
2018-04-27 20:01:05 #_ @EffiJeffy#4851: p!rule34 dota 2
2018-04-27 20:01:06 #_ @Pancake#3691: 
2018-04-27 20:01:07 #_ @Pancake#3691 edited message from 2018-04-27 20:01:06 () to read: 
2018-04-27 20:01:21 #_ @MrDuck#9042: p!rule34 joker
2018-04-27 20:01:22 #_ @Pancake#3691: 
2018-04-27 20:01:24 #_ @Pancake#3691 edited message from 2018-04-27 20:01:22 () to read: 
2018-04-27 20:01:38 #_ @MrDuck#9042: p!rule34 duck
2018-04-27 20:01:38 #_ @Pancake#3691: 
2018-04-27 20:01:39 #_ @Pancake#3691 edited message from 2018-04-27 20:01:38 () to read: 
2018-04-27 20:01:50 #_ @MrDuck#9042: p!rule34 duck
2018-04-27 20:01:50 #_ @Pancake#3691: 
2018-04-27 20:01:54 #_ @Pancake#3691 edited message from 2018-04-27 20:01:50 () to read: 
2018-04-27 20:01:55 #_ @EffiJeffy#4851: p!rule34 joker
2018-04-27 20:01:56 #_ @Pancake#3691: 
2018-04-27 20:01:57 #_ @Pancake#3691 edited message from 2018-04-27 20:01:56 () to read: 
2018-04-27 20:02:06 #_ @MrDuck#9042: p!rule34 deadpool
2018-04-27 20:02:07 #_ @Pancake#3691: 
2018-04-27 20:02:07 #_ @Pancake#3691 edited message from 2018-04-27 20:02:07 () to read: 
2018-04-27 20:02:18 #_ @EffiJeffy#4851: p!rule34 ahri
2018-04-27 20:02:18 #_ @Pancake#3691: 
2018-04-27 20:02:18 #_ @Pancake#3691 edited message from 2018-04-27 20:02:18 () to read: 
2018-04-27 20:02:52 #_ @EffiJeffy#4851: p!rule34 quinn
2018-04-27 20:02:53 #_ @Pancake#3691: 
2018-04-27 20:02:54 #_ @Pancake#3691 edited message from 2018-04-27 20:02:53 () to read: 
2018-04-27 20:02:56 #_ @MrDuck#9042: p!rule34 rango
2018-04-27 20:02:56 #_ @Pancake#3691: 
2018-04-27 20:02:58 #_ @Pancake#3691 edited message from 2018-04-27 20:02:56 () to read: 
2018-04-27 20:03:09 #_ @EffiJeffy#4851: p!rule34 posilovanie
2018-04-27 20:03:09 #_ @Pancake#3691: none found
2018-04-27 20:03:17 #_ @MrDuck#9042: p!rule34 it
2018-04-27 20:03:18 #_ @Pancake#3691: 
2018-04-27 20:03:19 #_ @Pancake#3691 edited message from 2018-04-27 20:03:18 () to read: 
2018-04-27 20:03:28 #_ @EffiJeffy#4851: p!rule34 dishonored
2018-04-27 20:03:29 #_ @Pancake#3691: 
2018-04-27 20:03:29 #_ @Pancake#3691 edited message from 2018-04-27 20:03:29 () to read: 
2018-04-27 20:03:46 #_ @EffiJeffy#4851: to ake musi byt dobre xD
2018-04-27 20:03:48 #_ @EffiJeffy#4851: dig
2018-04-27 20:03:49 #_ @EffiJeffy#4851: ze martin
2018-04-27 20:03:50 #_ @EffiJeffy#4851: xDDD
2018-04-27 20:04:09 #_ @EffiJeffy#4851: p!rule34 ahri
2018-04-27 20:04:09 #_ @MrDuck#9042: p!rule34 venom
2018-04-27 20:04:09 #_ @Pancake#3691: 
2018-04-27 20:04:10 #_ @Pancake#3691 edited message from 2018-04-27 20:04:09 () to read: 
2018-04-27 20:04:10 #_ @Pancake#3691: 
2018-04-27 20:04:10 #_ @Pancake#3691 edited message from 2018-04-27 20:04:10 () to read: 
2018-04-27 20:04:22 #_ @EffiJeffy#4851: dig ale
2018-04-27 20:04:29 #_ @EffiJeffy#4851: dufam ze ho budem mat lebo ja som tucny xD
2018-04-27 20:04:36 #_ @EffiJeffy#4851: musim schudnut
2018-04-27 20:04:37 #_ @EffiJeffy#4851: xDD
2018-04-27 20:04:49 #_ @EffiJeffy#4851: potom ma nikdo nebude chcet xD
2018-04-27 20:05:03 #_ @EffiJeffy#4851: prostitutka? xD
2018-04-27 20:05:25 #_ @MrDuck#9042: p!rule34 inside out
2018-04-27 20:05:26 #_ @Pancake#3691: 
2018-04-27 20:05:27 #_ @Pancake#3691 edited message from 2018-04-27 20:05:26 () to read: 
2018-04-27 20:05:41 #_ @EffiJeffy#4851: p!rule34 inside out
2018-04-27 20:05:42 #_ @Pancake#3691: 
2018-04-27 20:05:42 #_ @Pancake#3691 edited message from 2018-04-27 20:05:42 () to read: 
2018-04-27 20:05:50 #_ @MrDuck#9042: p!rule34 jumanjio
2018-04-27 20:05:51 #_ @Pancake#3691: none found
2018-04-27 20:05:56 #_ @EffiJeffy#4851: p!rule34 inside out
2018-04-27 20:05:56 #_ @MrDuck#9042: p!rule34 jumanji
2018-04-27 20:05:57 #_ @Pancake#3691: 
2018-04-27 20:05:57 #_ @Pancake#3691: 
2018-04-27 20:05:58 #_ @Pancake#3691 edited message from 2018-04-27 20:05:57 () to read: 
2018-04-27 20:05:58 #_ @Pancake#3691 edited message from 2018-04-27 20:05:57 () to read: 
2018-04-27 20:06:15 #_ @EffiJeffy#4851: p!rule34 my little pony
2018-04-27 20:06:15 #_ @Pancake#3691: 
2018-04-27 20:06:16 #_ @Pancake#3691 edited message from 2018-04-27 20:06:15 () to read: 
2018-04-27 20:06:21 #_ @EffiJeffy#4851: xDDD
2018-04-27 20:06:28 #_ @EffiJeffy#4851: dig aj ty by si chcel
2018-04-27 20:06:29 #_ @EffiJeffy#4851: xDD
2018-04-27 20:06:30 #_ @EffiJeffy#4851: aj ja
2018-04-27 20:06:44 #_ @MrDuck#9042: p!rule34 zootopia
2018-04-27 20:06:44 #_ @Pancake#3691: 
2018-04-27 20:06:45 #_ @EffiJeffy#4851: alebo medzi cecky
2018-04-27 20:06:45 #_ @Pancake#3691 edited message from 2018-04-27 20:06:44 () to read: 
2018-04-27 20:06:53 #_ @EffiJeffy#4851: a blowjob zaroven
2018-04-27 20:06:54 #_ @MrDuck#9042: p!rule34 zootopia
2018-04-27 20:06:54 #_ @Pancake#3691: 
2018-04-27 20:06:56 #_ @EffiJeffy#4851: najlepsie xDD
2018-04-27 20:06:59 #_ @Pancake#3691 edited message from 2018-04-27 20:06:54 () to read: 
2018-04-27 20:07:43 #_ @EffiJeffy#4851: p!rule34 titfuck
2018-04-27 20:07:44 #_ @Pancake#3691: 
2018-04-27 20:07:45 #_ @Pancake#3691 edited message from 2018-04-27 20:07:44 () to read: 
2018-04-27 20:07:51 #_ @EffiJeffy#4851: p!rule34 titfuck
2018-04-27 20:07:52 #_ @Pancake#3691: 
2018-04-27 20:07:53 #_ @Pancake#3691 edited message from 2018-04-27 20:07:52 () to read: 
2018-04-27 20:07:59 #_ @EffiJeffy#4851: p!rule34 titfuck
2018-04-27 20:08:00 #_ @Pancake#3691: 
2018-04-27 20:08:02 #_ @Pancake#3691 edited message from 2018-04-27 20:08:00 () to read: 
2018-04-27 20:08:21 #_ @EffiJeffy#4851: a este blowjob zaroven
2018-04-27 20:08:21 #_ @EffiJeffy#4851: xDD
2018-04-27 20:08:24 #_ @EffiJeffy#4851: tak som myslel
2018-04-27 20:08:48 #_ @EffiJeffy#4851: ja som nachvilu autista
2018-04-27 20:08:52 #_ @EffiJeffy#4851: lebo im zavidim xDD
2018-04-27 20:09:06 #_ @EffiJeffy#4851: ja chcem ist do mgq sveta
2018-04-27 20:09:13 #_ @EffiJeffy#4851: nech ma tam znasilnia xDD
2018-04-27 20:09:36 #_ @EffiJeffy#4851: titfuck
2018-04-27 20:09:40 #_ @MrDuck#9042: +credits
2018-04-27 20:09:40 #_ @gamblingBot#9551: 
2018-04-27 20:09:40 #_ @gamblingBot#9551 edited message from 2018-04-27 20:09:40 () to read: 
2018-04-27 20:09:46 #_ @EffiJeffy#4851: +credits
2018-04-27 20:09:46 #_ @gamblingBot#9551: 
2018-04-27 20:09:47 #_ @gamblingBot#9551 edited message from 2018-04-27 20:09:46 () to read: 
2018-04-27 20:09:49 #_ @MrDuck#9042: +shop
2018-04-27 20:09:49 #_ @gamblingBot#9551: 
2018-04-27 20:09:51 #_ @gamblingBot#9551 edited message from 2018-04-27 20:09:49 () to read: 
2018-04-27 20:10:09 #_ @EffiJeffy#4851: xDD
2018-04-27 20:10:11 #_ @MrDuck#9042: +blackjack 48
2018-04-27 20:10:11 #_ @EffiJeffy#4851: v pohode?
2018-04-27 20:10:11 #_ @gamblingBot#9551: 
2018-04-27 20:10:11 #_ @gamblingBot#9551 edited message from 2018-04-27 20:10:11 () to read: 
2018-04-27 20:10:16 #_ @EffiJeffy#4851: v pohode?
2018-04-27 20:10:19 #_ @MrDuck#9042: +blackjack 7
2018-04-27 20:10:19 #_ @gamblingBot#9551: 
2018-04-27 20:10:19 #_ @gamblingBot#9551 edited message from 2018-04-27 20:10:19 () to read: 
2018-04-27 20:10:26 #_ @MrDuck#9042: +draw
2018-04-27 20:10:27 #_ @gamblingBot#9551: Your cards are 3, 10 and 4
2018-04-27 20:10:27 #_ @gamblingBot#9551: Your cards are 3, 2 and 6
2018-04-27 20:10:32 #_ @MrDuck#9042: +ready
2018-04-27 20:10:32 #_ @gamblingBot#9551: 
2018-04-27 20:10:34 #_ @gamblingBot#9551 edited message from 2018-04-27 20:10:32 () to read: 
2018-04-27 20:10:33 #_ @gamblingBot#9551: 
2018-04-27 20:10:34 #_ @gamblingBot#9551 edited message from 2018-04-27 20:10:33 () to read: 
2018-04-27 20:10:57 #_ @EffiJeffy#4851: co ti jebe xDD
2018-04-27 20:11:05 #_ @EffiJeffy#4851: ten obrazok je aky pekny
2018-04-27 20:11:10 #_ @MrDuck#9042: +coinflip @EffiJeffy  50
2018-04-27 20:11:10 #_ @gamblingBot#9551: bet cannot be NaN
2018-04-27 20:11:11 #_ @EffiJeffy#4851: ten posledny
2018-04-27 20:11:19 #_ @MrDuck#9042: +coinflip @EffiJeffy 50
2018-04-27 20:11:20 #_ @gamblingBot#9551: 
2018-04-27 20:11:21 #_ @gamblingBot#9551 edited message from 2018-04-27 20:11:20 () to read: 
2018-04-27 20:11:22 #_ @EffiJeffy#4851: +accept
2018-04-27 20:11:22 #_ @gamblingBot#9551: Rolling...
2018-04-27 20:11:22 #_ @gamblingBot#9551: 
2018-04-27 20:11:22 #_ @gamblingBot#9551 edited message from 2018-04-27 20:11:22 () to read: 
2018-04-27 20:11:32 #_ @EffiJeffy#4851: p!rule34 titfuck
2018-04-27 20:11:32 #_ @Pancake#3691: 
2018-04-27 20:11:33 #_ @Pancake#3691 edited message from 2018-04-27 20:11:32 () to read: 
2018-04-27 20:11:39 #_ @EffiJeffy#4851: p!rule34 titfuck
2018-04-27 20:11:40 #_ @Pancake#3691: 
2018-04-27 20:11:40 #_ @Pancake#3691 edited message from 2018-04-27 20:11:40 () to read: 
2018-04-27 20:11:43 #_ @MrDuck#9042: +lower
2018-04-27 20:11:43 #_ @gamblingBot#9551: @MrDuck, Not enough credits. You have 151 credits
2018-04-27 20:11:48 #_ @MrDuck#9042: +lower 1
2018-04-27 20:11:49 #_ @gamblingBot#9551: @MrDuck, Not enough credits. You have 151 credits
2018-04-27 20:12:00 #_ @MrDuck#9042: +lower 61
2018-04-27 20:12:00 #_ @gamblingBot#9551: @MrDuck, Not enough credits. You have 151 credits
2018-04-27 20:12:01 #_ @EffiJeffy#4851: p!rule34 blowjob
2018-04-27 20:12:02 #_ @Pancake#3691: 
2018-04-27 20:12:04 #_ @Pancake#3691 edited message from 2018-04-27 20:12:02 () to read: 
2018-04-27 20:12:12 #_ @EffiJeffy#4851: xDD
2018-04-27 20:45:35 #_ @EffiJeffy#4851: p!neko
2018-04-27 20:45:35 #_ @Pancake#3691: 
2018-04-27 20:45:35 #_ @Pancake#3691 edited message from 2018-04-27 20:45:35 () to read: 
2018-04-27 20:45:38 #_ @EffiJeffy#4851: p!neko
2018-04-27 20:45:38 #_ @Pancake#3691: 
2018-04-27 20:45:38 #_ @Pancake#3691 edited message from 2018-04-27 20:45:38 () to read: 
2018-04-27 20:45:41 #_ @EffiJeffy#4851: p!neko
2018-04-27 20:45:41 #_ @Pancake#3691: 
2018-04-27 20:45:41 #_ @Pancake#3691 edited message from 2018-04-27 20:45:41 () to read: 
2018-04-27 20:45:44 #_ @EffiJeffy#4851: p!neko
2018-04-27 20:45:44 #_ @Pancake#3691: 
2018-04-27 20:45:46 #_ @Pancake#3691 edited message from 2018-04-27 20:45:44 () to read: 
2018-04-27 20:45:46 #_ @MrDuck#9042: p!neko
2018-04-27 20:45:46 #_ @Pancake#3691: 
2018-04-27 20:45:46 #_ @Pancake#3691 edited message from 2018-04-27 20:45:46 () to read: 
2018-04-27 20:45:48 #_ @EffiJeffy#4851: p!neko
2018-04-27 20:45:48 #_ @MrDuck#9042: p!neko
2018-04-27 20:45:48 #_ @Pancake#3691: 
2018-04-27 20:45:49 #_ @Pancake#3691 edited message from 2018-04-27 20:45:48 () to read: 
2018-04-27 20:45:49 #_ @Pancake#3691: 
2018-04-27 20:45:49 #_ @Pancake#3691 edited message from 2018-04-27 20:45:49 () to read: 
2018-04-27 20:45:52 #_ @EffiJeffy#4851: p!rule34 titfuck
2018-04-27 20:45:53 #_ @Pancake#3691: 
2018-04-27 20:45:53 #_ @MrDuck#9042: p!neko
2018-04-27 20:45:54 #_ @Pancake#3691: 
2018-04-27 20:45:54 #_ @Pancake#3691 edited message from 2018-04-27 20:45:54 () to read: 
2018-04-27 20:45:54 #_ @Pancake#3691 edited message from 2018-04-27 20:45:53 () to read: 
2018-04-27 20:45:54 #_ @MrDuck#9042: p!neko
2018-04-27 20:45:54 #_ @Pancake#3691: 
2018-04-27 20:45:54 #_ @Pancake#3691 edited message from 2018-04-27 20:45:54 () to read: 
2018-04-27 20:45:55 #_ @MrDuck#9042: p!neko
2018-04-27 20:45:55 #_ @Pancake#3691: 
2018-04-27 20:45:56 #_ @Pancake#3691 edited message from 2018-04-27 20:45:55 () to read: 
2018-04-27 20:45:55 #_ @MrDuck#9042: p!neko
2018-04-27 20:45:56 #_ @Pancake#3691: 
2018-04-27 20:45:56 #_ @Pancake#3691 edited message from 2018-04-27 20:45:56 () to read: 
2018-04-27 20:45:56 #_ @MrDuck#9042: p!neko
2018-04-27 20:45:56 #_ @MrDuck#9042: p!neko
2018-04-27 20:45:57 #_ @MrDuck#9042: p!neko
2018-04-27 20:45:58 #_ @Pancake#3691: 
2018-04-27 20:46:01 #_ @Pancake#3691 edited message from 2018-04-27 20:45:58 () to read: 
2018-04-27 20:45:59 #_ @Pancake#3691: 
2018-04-27 20:46:01 #_ @Pancake#3691 edited message from 2018-04-27 20:45:59 () to read: 
2018-04-27 20:45:59 #_ @Pancake#3691: 
2018-04-27 20:46:01 #_ @Pancake#3691 edited message from 2018-04-27 20:45:59 () to read: 
2018-04-27 20:46:02 #_ @EffiJeffy#4851: p!neko
2018-04-27 20:46:02 #_ @Pancake#3691: 
2018-04-27 20:46:02 #_ @Pancake#3691 edited message from 2018-04-27 20:46:02 () to read: 
2018-04-27 20:46:05 #_ @EffiJeffy#4851: p!neko
2018-04-27 20:46:05 #_ @Pancake#3691: 
2018-04-27 20:46:05 #_ @Pancake#3691 edited message from 2018-04-27 20:46:05 () to read: 
2018-04-27 20:46:09 #_ @MrDuck#9042: p!neko
2018-04-27 20:46:10 #_ @Pancake#3691: 
2018-04-27 20:46:10 #_ @Pancake#3691 edited message from 2018-04-27 20:46:10 () to read: 
2018-04-27 20:46:12 #_ @EffiJeffy#4851: p!neko
2018-04-27 20:46:13 #_ @Pancake#3691: 
2018-04-27 20:46:13 #_ @Pancake#3691 edited message from 2018-04-27 20:46:13 () to read: 
2018-04-27 20:46:15 #_ @EffiJeffy#4851: p!neko
2018-04-27 20:46:15 #_ @Pancake#3691: 
2018-04-27 20:46:16 #_ @Pancake#3691 edited message from 2018-04-27 20:46:15 () to read: 
2018-04-27 20:46:18 #_ @EffiJeffy#4851: p!neko
2018-04-27 20:46:18 #_ @Pancake#3691: 
2018-04-27 20:46:21 #_ @Pancake#3691 edited message from 2018-04-27 20:46:18 () to read: 
2018-04-27 20:46:21 #_ @EffiJeffy#4851: p!neko
2018-04-27 20:46:22 #_ @Pancake#3691: 
2018-04-27 20:46:22 #_ @Pancake#3691 edited message from 2018-04-27 20:46:22 () to read: 
2018-04-27 20:46:24 #_ @EffiJeffy#4851: p!neko
2018-04-27 20:46:24 #_ @Pancake#3691: 
2018-04-27 20:46:25 #_ @Pancake#3691 edited message from 2018-04-27 20:46:24 () to read: 
2018-04-27 20:46:26 #_ @EffiJeffy#4851: p!neko
2018-04-27 20:46:27 #_ @Pancake#3691: 
2018-04-27 20:46:29 #_ @Pancake#3691 edited message from 2018-04-27 20:46:27 () to read: 
2018-04-27 20:46:29 #_ @EffiJeffy#4851: p!boobs
2018-04-27 20:46:30 #_ @Pancake#3691: 
2018-04-27 20:46:30 #_ @Pancake#3691 edited message from 2018-04-27 20:46:30 () to read: 
2018-04-27 20:46:33 #_ @EffiJeffy#4851: p!boobs
2018-04-27 20:46:33 #_ @Pancake#3691: 
2018-04-27 20:46:33 #_ @Pancake#3691 edited message from 2018-04-27 20:46:33 () to read: 
2018-04-27 20:46:35 #_ @EffiJeffy#4851: p!boobs
2018-04-27 20:46:36 #_ @Pancake#3691: 
2018-04-27 20:46:37 #_ @Pancake#3691 edited message from 2018-04-27 20:46:36 () to read: 
2018-04-27 20:46:40 #_ @EffiJeffy#4851: p!boobs
2018-04-27 20:46:40 #_ @Pancake#3691: 
2018-04-27 20:46:41 #_ @Pancake#3691 edited message from 2018-04-27 20:46:40 () to read: 
2018-04-27 20:46:42 #_ @EffiJeffy#4851: p!boobs
2018-04-27 20:46:42 #_ @Pancake#3691: 
2018-04-27 20:46:44 #_ @Pancake#3691 edited message from 2018-04-27 20:46:42 () to read: 
2018-04-27 20:46:45 #_ @EffiJeffy#4851: p!boobs
2018-04-27 20:46:46 #_ @Pancake#3691: 
2018-04-27 20:46:46 #_ @Pancake#3691 edited message from 2018-04-27 20:46:46 () to read: 
2018-04-27 20:46:49 #_ @EffiJeffy#4851: p!boobs
2018-04-27 20:46:49 #_ @Pancake#3691: 
2018-04-27 20:46:49 #_ @Pancake#3691 edited message from 2018-04-27 20:46:49 () to read: 
2018-04-27 20:46:52 #_ @EffiJeffy#4851: p!boobs
2018-04-27 20:46:53 #_ @Pancake#3691: 
2018-04-27 20:46:53 #_ @Pancake#3691 edited message from 2018-04-27 20:46:53 () to read: 
2018-04-27 20:46:55 #_ @EffiJeffy#4851: p!boobs
2018-04-27 20:46:55 #_ @Pancake#3691: 
2018-04-27 20:46:56 #_ @Pancake#3691 edited message from 2018-04-27 20:46:55 () to read: 
2018-04-27 20:46:57 #_ @EffiJeffy#4851: p!neko
2018-04-27 20:46:57 #_ @Pancake#3691: 
2018-04-27 20:46:57 #_ @Pancake#3691 edited message from 2018-04-27 20:46:57 () to read: 
2018-04-27 20:46:59 #_ @EffiJeffy#4851: p!neko
2018-04-27 20:46:59 #_ @Pancake#3691: 
2018-04-27 20:47:01 #_ @Pancake#3691 edited message from 2018-04-27 20:46:59 () to read: 
2018-04-27 20:47:02 #_ @EffiJeffy#4851: p!neko
2018-04-27 20:47:02 #_ @Pancake#3691: 
2018-04-27 20:47:02 #_ @Pancake#3691 edited message from 2018-04-27 20:47:02 () to read: 
2018-04-27 20:47:06 #_ @EffiJeffy#4851: p!neko
2018-04-27 20:47:07 #_ @Pancake#3691: 
2018-04-27 20:47:09 #_ @Pancake#3691 edited message from 2018-04-27 20:47:07 () to read: 
2018-04-27 20:47:08 #_ @EffiJeffy#4851: p!neko
2018-04-27 20:47:09 #_ @Pancake#3691: 
2018-04-27 20:47:09 #_ @Pancake#3691 edited message from 2018-04-27 20:47:09 () to read: 
2018-04-27 20:47:12 #_ @EffiJeffy#4851: p!neko
2018-04-27 20:47:13 #_ @Pancake#3691: 
2018-04-27 20:47:13 #_ @Pancake#3691 edited message from 2018-04-27 20:47:13 () to read: 
2018-04-27 20:47:23 #_ @EffiJeffy#4851: p!rule34 titfuck
2018-04-27 20:47:24 #_ @Pancake#3691: 
2018-04-27 20:47:24 #_ @Pancake#3691 edited message from 2018-04-27 20:47:24 () to read: 
2018-04-27 20:47:29 #_ @EffiJeffy#4851: xD
2018-04-27 20:48:49 #_ @EffiJeffy#4851: https://rule34.paheal.net/post/view/2563509#search=Widowmaker
2018-04-27 20:48:51 #_ @EffiJeffy#4851 edited message from 2018-04-27 20:48:49 (https://rule34.paheal.net/post/view/2563509#search=Widowmaker) to read: https://rule34.paheal.net/post/view/2563509#search=Widowmaker
2018-04-27 20:49:29 #_ @EffiJeffy#4851: v pohode?
