2018-04-30 09:46:58 #bot-commands @RVD Zhyar#9346: .multicolor to Founder
2018-04-30 09:47:44 #bot-commands @RVD Zhyar#9346: .multiColor 2 FOUNDER
2018-04-30 09:48:09 #bot-commands @RVD Zhyar#9346: .multicolor 2 Founder
2018-04-30 09:49:33 #bot-commands @RVD Zhyar#9346: multiColor 2 FOUNDER
2018-04-30 09:49:39 #bot-commands @RVD Zhyar#9346: .multiColor 2 FOUNDER
2018-04-30 16:32:39 #bot-commands @Hama_Musta7il#2490: !!!p frmesk mey
2018-04-30 16:32:39 #bot-commands @dabBot#0563: An error occurred: Cannot queue loading a track, queue is full.\nPlease note that dabBot is primarily hosted in Canada and therefore cannot play songs that are blocked for copyright in Canada.
2018-04-30 16:32:59 #bot-commands @Hama_Musta7il#2490: !leave
2018-04-30 16:33:00 #bot-commands @Rythm#3722: ❌ **I am not connected to a voice channel**, Use the summon command to get me in one
2018-04-30 16:33:00 #bot-commands @UnbelievaBoat#1046: 
2018-04-30 16:33:02 #bot-commands @UnbelievaBoat#1046 edited message from 2018-04-30 16:33:00 () to read: 
2018-04-30 16:33:18 #bot-commands @Hama_Musta7il#2490: !!!leave
2018-04-30 16:33:18 #bot-commands @dabBot#0563: Stopped playing music & left the voice channel.
2018-04-30 16:33:26 #bot-commands @Hama_Musta7il#2490: !!!p frmesk mey
2018-04-30 16:33:27 #bot-commands @dabBot#0563: An error occurred: Cannot queue loading a track, queue is full.\nPlease note that dabBot is primarily hosted in Canada and therefore cannot play songs that are blocked for copyright in Canada.
2018-04-30 16:33:34 #bot-commands @Hama_Musta7il#2490: !!!leave
2018-04-30 16:33:36 #bot-commands @dabBot#0563: Stopped playing music & left the voice channel.
2018-05-02 09:07:48 #bot-commands @RVD Zhyar#9346: !p wait
2018-05-02 09:07:48 #bot-commands @Rythm#3722: <:youtube:335112740957978625> **Searching** 🔎 `wait`
2018-05-02 09:07:48 #bot-commands @Synapse#0692: ```\n!p\n\nPermissions manager\n\nCommands:\n  lock    Globally locks a command from being used by anyone but owner\n  role    Role based permissions\n  reset   Resets ALL permissions on this server\n  unlock  Globally unlocks a command from being used by anyone but owner\n  info    Gives current info about permissions on your server\n  channel Channel based permissions\n\nType !p command for more info on a command.\nYou can also type !p category for more info on a category.\n```
2018-05-02 09:07:49 #bot-commands @Rythm#3722: **Playing** 🎶 `Maroon 5 - Wait` - Now!
2018-05-02 15:44:52 #bot-commands @Hama_Musta7il#2490: !!!p cheap thrils
2018-05-02 15:44:54 #bot-commands @dabBot#0563: `1` Sia - Cheap Thrills (Lyric Video) ft. Sean Paul by Sia `[04:22]`\n`2` Sia - Cheap Thrills Ft. Sean Paul [Lyrics] |New 2016| by Hoshmand Sean Paul `[03:46]`\n`3` Sia - Cheap Thrills (Performance Edit) by Sia `[03:38]`\n`4` Cheap Thrills || Sia ft. Sean Paul || Tanya Chamoli Dance Choreography ft. Mokshda & Harshita by Tanya Chamoli `[02:45]`\n`5` Siia ft. paul - Cheap Thrills by Kataka Hamdi `[03:47]`\n\n**To choose**, use `!!!choose <number>`\nExample: `!!!choose 2` would pick the second option.\n**To cancel**, use `!!!cancel`.
2018-05-02 15:44:56 #bot-commands @Hama_Musta7il#2490: !!!choose 1
2018-05-02 15:44:56 #bot-commands @dabBot#0563: Now playing **Sia - Cheap Thrills (Lyric Video) ft. Sean Paul** by **Sia** `[04:22]`
2018-05-02 15:49:32 #bot-commands @Hama_Musta7il#2490: !!!p cheap thrils
2018-05-02 15:49:33 #bot-commands @dabBot#0563: `1` Sia - Cheap Thrills (Lyric Video) ft. Sean Paul by Sia `[04:22]`\n`2` Sia - Cheap Thrills Ft. Sean Paul [Lyrics] |New 2016| by Hoshmand Sean Paul `[03:46]`\n`3` Sia - Cheap Thrills (Performance Edit) by Sia `[03:38]`\n`4` Cheap Thrills || Sia ft. Sean Paul || Tanya Chamoli Dance Choreography ft. Mokshda & Harshita by Tanya Chamoli `[02:45]`\n`5` Sia - Cheap Thrills [Lyrics] by Jose Vargas `[03:30]`\n\n**To choose**, use `!!!choose <number>`\nExample: `!!!choose 2` would pick the second option.\n**To cancel**, use `!!!cancel`.
2018-05-02 15:49:36 #bot-commands @Hama_Musta7il#2490: !!!choose 1
2018-05-02 15:49:36 #bot-commands @dabBot#0563: Now playing **Sia - Cheap Thrills (Lyric Video) ft. Sean Paul** by **Sia** `[04:22]`
2018-05-02 21:54:28 #bot-commands @RVD Zhyar#9346: !p dj bl!nd power mix
2018-05-02 21:54:29 #bot-commands @Synapse#0692: ```\n!p\n\nPermissions manager\n\nCommands:\n  lock    Globally locks a command from being used by anyone but owner\n  role    Role based permissions\n  reset   Resets ALL permissions on this server\n  unlock  Globally unlocks a command from being used by anyone but owner\n  info    Gives current info about permissions on your server\n  channel Channel based permissions\n\nType !p command for more info on a command.\nYou can also type !p category for more info on a category.\n```
2018-05-02 21:54:29 #bot-commands @Rythm#3722: <:youtube:335112740957978625> **Searching** 🔎 `dj bl!nd power mix`
2018-05-02 21:54:29 #bot-commands @Rythm#3722: **Playing** 🎶 `(POWER MIX) - DJ BL3ND` - Now!
2018-05-02 21:54:59 #bot-commands @RVD Zhyar#9346: !p https://www.youtube.com/watch?v=9MMZkbL9fUc
2018-05-02 21:54:59 #bot-commands @Rythm#3722: <:youtube:335112740957978625> **Searching** 🔎 `https://www.youtube.com/watch?v=9MMZkbL9fUc`
2018-05-02 21:54:59 #bot-commands @Synapse#0692: ```\n!p\n\nPermissions manager\n\nCommands:\n  lock    Globally locks a command from being used by anyone but owner\n  role    Role based permissions\n  reset   Resets ALL permissions on this server\n  unlock  Globally unlocks a command from being used by anyone but owner\n  info    Gives current info about permissions on your server\n  channel Channel based permissions\n\nType !p command for more info on a command.\nYou can also type !p category for more info on a category.\n```
2018-05-02 21:55:01 #bot-commands @RVD Zhyar#9346 edited message from 2018-05-02 21:54:59 (!p https://www.youtube.com/watch?v=9MMZkbL9fUc) to read: !p https://www.youtube.com/watch?v=9MMZkbL9fUc
2018-05-02 21:54:59 #bot-commands @Rythm#3722: 
2018-05-02 21:55:05 #bot-commands @Rythm#3722 edited message from 2018-05-02 21:54:59 () to read: 
2018-05-02 21:55:25 #bot-commands @RVD Zhyar#9346: !p https://www.youtube.com/watch?v=31j4DIpgY9U
2018-05-02 21:55:25 #bot-commands @Rythm#3722: <:youtube:335112740957978625> **Searching** 🔎 `https://www.youtube.com/watch?v=31j4DIpgY9U`
2018-05-02 21:55:25 #bot-commands @Synapse#0692: ```\n!p\n\nPermissions manager\n\nCommands:\n  lock    Globally locks a command from being used by anyone but owner\n  role    Role based permissions\n  reset   Resets ALL permissions on this server\n  unlock  Globally unlocks a command from being used by anyone but owner\n  info    Gives current info about permissions on your server\n  channel Channel based permissions\n\nType !p command for more info on a command.\nYou can also type !p category for more info on a category.\n```
2018-05-02 21:55:26 #bot-commands @Rythm#3722: 
2018-05-02 21:55:32 #bot-commands @Rythm#3722 edited message from 2018-05-02 21:55:26 () to read: 
2018-05-02 22:11:28 #bot-commands @RVD Zhyar#9346: !p https://www.youtube.com/watch?v=31j4DIpgY9U
2018-05-02 22:11:28 #bot-commands @Rythm#3722: <:youtube:335112740957978625> **Searching** 🔎 `https://www.youtube.com/watch?v=31j4DIpgY9U`
2018-05-02 22:11:28 #bot-commands @Synapse#0692: ```\n!p\n\nPermissions manager\n\nCommands:\n  lock    Globally locks a command from being used by anyone but owner\n  role    Role based permissions\n  reset   Resets ALL permissions on this server\n  unlock  Globally unlocks a command from being used by anyone but owner\n  info    Gives current info about permissions on your server\n  channel Channel based permissions\n\nType !p command for more info on a command.\nYou can also type !p category for more info on a category.\n```
2018-05-02 22:11:28 #bot-commands @Rythm#3722: **Playing** 🎶 `GHOSTEMANE - Mercury` - Now!
2018-05-02 22:11:35 #bot-commands @RVD Zhyar#9346: !p power mix dj bl!nd
2018-05-02 22:11:35 #bot-commands @Rythm#3722: <:youtube:335112740957978625> **Searching** 🔎 `power mix dj bl!nd`
2018-05-02 22:11:37 #bot-commands @Synapse#0692: ```\n!p\n\nPermissions manager\n\nCommands:\n  lock    Globally locks a command from being used by anyone but owner\n  role    Role based permissions\n  reset   Resets ALL permissions on this server\n  unlock  Globally unlocks a command from being used by anyone but owner\n  info    Gives current info about permissions on your server\n  channel Channel based permissions\n\nType !p command for more info on a command.\nYou can also type !p category for more info on a category.\n```
2018-05-02 22:11:36 #bot-commands @Rythm#3722: 
2018-05-02 22:11:40 #bot-commands @Rythm#3722 edited message from 2018-05-02 22:11:36 () to read: 
2018-05-03 06:53:50 #bot-commands @RVD Zhyar#9346: !p lay lay lay
2018-05-03 06:53:51 #bot-commands @Rythm#3722: <:youtube:335112740957978625> **Searching** 🔎 `lay lay lay`
2018-05-03 06:53:51 #bot-commands @Synapse#0692: ```\n!p\n\nPermissions manager\n\nCommands:\n  lock    Globally locks a command from being used by anyone but owner\n  role    Role based permissions\n  reset   Resets ALL permissions on this server\n  unlock  Globally unlocks a command from being used by anyone but owner\n  info    Gives current info about permissions on your server\n  channel Channel based permissions\n\nType !p command for more info on a command.\nYou can also type !p category for more info on a category.\n```
2018-05-03 06:53:51 #bot-commands @Rythm#3722: **Playing** 🎶 `Lay lay lay la lay` - Now!
2018-05-03 06:56:40 #bot-commands @RVD Zhyar#9346: !p https://www.youtube.com/watch?v=31j4DIpgY9U
2018-05-03 06:56:41 #bot-commands @Rythm#3722: <:youtube:335112740957978625> **Searching** 🔎 `https://www.youtube.com/watch?v=31j4DIpgY9U`
2018-05-03 06:56:41 #bot-commands @Synapse#0692: ```\n!p\n\nPermissions manager\n\nCommands:\n  lock    Globally locks a command from being used by anyone but owner\n  role    Role based permissions\n  reset   Resets ALL permissions on this server\n  unlock  Globally unlocks a command from being used by anyone but owner\n  info    Gives current info about permissions on your server\n  channel Channel based permissions\n\nType !p command for more info on a command.\nYou can also type !p category for more info on a category.\n```
2018-05-03 06:56:41 #bot-commands @Rythm#3722: **Playing** 🎶 `GHOSTEMANE - Mercury` - Now!
2018-05-03 07:07:34 #bot-commands @RVD Zhyar#9346: P Cailn
2018-05-03 07:07:41 #bot-commands @RVD Zhyar#9346: !p Cailn
2018-05-03 07:07:41 #bot-commands @Rythm#3722: <:youtube:335112740957978625> **Searching** 🔎 `Cailn`
2018-05-03 07:07:42 #bot-commands @Rythm#3722: **Playing** 🎶 `Serhat Durmus - La Câlin` - Now!
2018-05-03 07:07:47 #bot-commands @Synapse#0692: ```\n!p\n\nPermissions manager\n\nCommands:\n  lock    Globally locks a command from being used by anyone but owner\n  role    Role based permissions\n  reset   Resets ALL permissions on this server\n  unlock  Globally unlocks a command from being used by anyone but owner\n  info    Gives current info about permissions on your server\n  channel Channel based permissions\n\nType !p command for more info on a command.\nYou can also type !p category for more info on a category.\n```
