2018-04-25 19:59:37 #maternelle @Raku#6354: ***Raku se poste devant la maternelle***
2018-04-25 20:01:07 #maternelle @Raku#6354: *** attendant la sortie de son enfant toujours munie de son paquet de dragibus, car oui, son fils (Judal) en rafole ***
2018-04-25 20:01:30 #maternelle @Raku#6354: ***
2018-04-25 20:02:07 #maternelle @Raku#6354: *** Judal etant sortit il se precipite vers raku pour lui raconter sa super journée***
2018-04-25 20:02:37 #maternelle @Raku#6354: Raku: Comment s'est passé ta journée 'Jud' ?
2018-04-25 20:02:55 #maternelle @Raku#6354: dis rien
2018-04-25 20:03:00 #maternelle @Raku#6354: j'raconte une histoire
2018-04-25 20:03:05 #maternelle @Raku#6354 deleted message from 2018-04-25 20:03:00 (j'raconte une histoire)
2018-04-25 20:03:07 #maternelle @Raku#6354 deleted message from 2018-04-25 20:02:55 (dis rien)
2018-04-25 20:06:07 #maternelle @piece_de_1_centime#0594: (Regle 11 ne pas crée de gosse C'EST L'HOPITAL QUI SE FOUT DE LA CHARITE)
2018-04-25 20:06:13 #maternelle @piece_de_1_centime#0594: (Désolé)
2018-04-25 20:06:44 #maternelle @Raku#6354: Merde
2018-04-25 20:07:09 #maternelle @Raku#6354: Aussi si ya un salon maternelle explique moi qu'elle rp peut t'il y avoir a part de la pédophilie
2018-04-25 20:07:10 #maternelle @Raku#6354: ?
2018-04-25 20:08:21 #maternelle @piece_de_1_centime#0594: (Des enfant)
2018-04-25 20:08:36 #maternelle @piece_de_1_centime#0594: (Qui ne sont pas les gosses de quelqu'un)
2018-04-25 20:08:59 #maternelle @Raku#6354: hmm
2018-04-25 20:09:09 #maternelle @Raku#6354: Donc tous des orphelins ?
2018-04-25 20:09:10 #maternelle @Raku#6354: 😄
2018-04-25 20:09:12 #maternelle @piece_de_1_centime#0594: (Toute facon c'est pas moi les regles)
2018-04-25 20:12:29 #maternelle @💜 Yuri 💜#6684: (On parle des gosses qui sont d'un perso en particulier du rp)
2018-04-25 20:12:41 #maternelle @💜 Yuri 💜#6684: (en gros les gosses sont des gosses de pnj)
2018-04-25 20:12:53 #maternelle @Skido#0650: (et raku utilise les paranthèses pour le hors rp)
2018-04-25 20:15:04 #maternelle @Raku#6354: (ah ok)
