2018-04-28 16:54:47 #maison-shoto @piece_de_1_centime#0594: **arrive**
2018-04-28 16:56:15 #maison-shoto @Skido#0650: **arrive avec eux**
2018-04-28 16:56:58 #maison-shoto @Ervionne#0978: *Elle rentre un peu timidement, vu qu'elle ne connait pas vraiment le lieu.*
2018-04-28 16:57:24 #maison-shoto @Skido#0650: waaaaa...trop stylé! une maison typique japonais
2018-04-28 16:57:30 #maison-shoto @Skido#0650 edited message from 2018-04-28 16:57:24 (waaaaa...trop stylé! une maison typique japonais) to read: waaaaa...trop stylé! une maison typique japonaise
2018-04-28 16:57:45 #maison-shoto @piece_de_1_centime#0594: Vener dans ma chambre on va attendre ma soeur
2018-04-28 16:58:08 #maison-shoto @Skido#0650: d'accord **va dans sa chambre tout en admirant la maison**
2018-04-28 16:58:35 #maison-shoto @Ervionne#0978: -Oui.\n\n*Dit elle un peu timidement, en suivant simplement et en regardant tout autour d'elle, assez curieuse.*
2018-04-28 17:00:22 #maison-shoto @piece_de_1_centime#0594: **prend son maillot**
2018-04-28 17:00:31 #maison-shoto @piece_de_1_centime#0594: **se pose et attend sa soeur**
2018-04-28 17:08:59 #maison-shoto @piece_de_1_centime#0594: Sds:**arrive**
2018-04-28 17:09:11 #maison-shoto @piece_de_1_centime#0594: Sds:Vous venez?
2018-04-28 17:11:46 #maison-shoto @Ervionne#0978: -Oui.\n\n*Répond elle simplement en regardant la soeur de Shoto.*
2018-04-28 17:14:21 #maison-shoto @Skido#0650: yep
2018-04-28 17:17:36 #maison-shoto @piece_de_1_centime#0594: Sds:**va dans le garage allume la voiture**
2018-04-28 17:17:58 #maison-shoto @piece_de_1_centime#0594: Sos:**rentre**
2018-04-28 17:18:43 #maison-shoto @Skido#0650: **entre lui aussi**
2018-04-28 17:19:09 #maison-shoto @piece_de_1_centime#0594: S:**rentre**
2018-04-28 17:19:17 #maison-shoto @Ervionne#0978: *Du coup elle se contente de suivre en se faisant toute petite parce qu'elle est un peu timide dans ce genre de situation. Après tout elle connait pas vraiment les autres. Elle est assise à coté de Denki, parce que je sens que ça sera drole c:.*
2018-04-28 17:19:31 #maison-shoto @Skido#0650: (ce sera très drole mdr)
2018-04-28 17:19:32 #maison-shoto @Ervionne#0978 edited message from 2018-04-28 17:19:17 (*Du coup elle se contente de suivre en se faisant toute petite parce qu'elle est un peu timide dans ce genre de situation. Après tout elle connait pas vraiment les autres. Elle est assise à coté de Denki, parce que je sens que ça sera drole c:.*) to read: *Du coup elle se contente de suivre en se faisant toute petite parce qu'elle est un peu timide dans ce genre de situation. Après tout elle connait pas vraiment les autres. Elle est assise à coté de Denki, parce que je sens que ça sera drôle. c:*
2018-04-28 17:21:51 #maison-shoto @piece_de_1_centime#0594: **la voiture part** Sds:C'est parti pour le voyage
2018-04-28 17:22:01 #maison-shoto @Skido#0650: ouais!
2018-04-28 17:22:35 #maison-shoto @Skido#0650: (g créé #autoroute )
