2018-04-23 20:27:52 #gifs @💜 Yuri 💜#6684: ^^hgif
2018-04-23 20:27:52 #gifs @Koya#1050: 
2018-04-23 20:27:52 #gifs @Koya#1050 edited message from 2018-04-23 20:27:52 () to read: 
2018-04-23 20:27:57 #gifs @💜 Yuri 💜#6684: ^^hgif
2018-04-23 20:27:58 #gifs @Koya#1050: 
2018-04-23 20:27:58 #gifs @Koya#1050 edited message from 2018-04-23 20:27:58 () to read: 
2018-04-23 20:28:11 #gifs @💜 Yuri 💜#6684: ^^hgif
2018-04-23 20:28:11 #gifs @Koya#1050: 
2018-04-23 20:28:12 #gifs @Koya#1050 edited message from 2018-04-23 20:28:11 () to read: 
2018-04-23 20:28:21 #gifs @💜 Yuri 💜#6684: ^^hgif
2018-04-23 20:28:22 #gifs @Koya#1050: 
2018-04-23 20:28:22 #gifs @Koya#1050 edited message from 2018-04-23 20:28:22 () to read: 
2018-04-23 20:30:45 #gifs @💜 Yuri 💜#6684: ^^hgif
2018-04-23 20:30:45 #gifs @Koya#1050: 
2018-04-23 20:30:45 #gifs @Koya#1050 edited message from 2018-04-23 20:30:45 () to read: 
2018-04-23 20:31:10 #gifs @💜 Yuri 💜#6684: ^^hgif
2018-04-23 20:31:10 #gifs @Koya#1050: 
2018-04-23 20:31:10 #gifs @Koya#1050 edited message from 2018-04-23 20:31:10 () to read: 
2018-04-23 20:31:23 #gifs @💜 Yuri 💜#6684: ^^hgif
2018-04-23 20:31:23 #gifs @Koya#1050: 
2018-04-23 20:31:24 #gifs @Koya#1050 edited message from 2018-04-23 20:31:23 () to read: 
2018-04-23 20:32:00 #gifs @💜 Yuri 💜#6684: ^^hgif
2018-04-23 20:32:01 #gifs @Koya#1050: 
2018-04-23 20:32:01 #gifs @Koya#1050 edited message from 2018-04-23 20:32:01 () to read: 
2018-04-23 20:32:03 #gifs @💜 Yuri 💜#6684: ^^hgif
2018-04-23 20:32:03 #gifs @Koya#1050: 
2018-04-23 20:32:04 #gifs @Koya#1050 edited message from 2018-04-23 20:32:03 () to read: 
2018-04-23 20:32:19 #gifs @💜 Yuri 💜#6684: ^^hgif
2018-04-23 20:32:19 #gifs @Koya#1050: 
2018-04-23 20:32:19 #gifs @Koya#1050 edited message from 2018-04-23 20:32:19 () to read: 
2018-04-23 20:34:20 #gifs @💜 Yuri 💜#6684: ^^hgifa
2018-04-23 20:34:24 #gifs @💜 Yuri 💜#6684: ^^hgif
2018-04-23 20:34:24 #gifs @Koya#1050: 
2018-04-23 20:34:25 #gifs @Koya#1050 edited message from 2018-04-23 20:34:24 () to read: 
2018-04-23 20:34:31 #gifs @💜 Yuri 💜#6684: ^^hgif
2018-04-23 20:34:31 #gifs @Koya#1050: 
2018-04-23 20:34:31 #gifs @Koya#1050 edited message from 2018-04-23 20:34:31 () to read: 
2018-04-23 20:34:38 #gifs @💜 Yuri 💜#6684: ^^hgif
2018-04-23 20:34:38 #gifs @Koya#1050: 
2018-04-23 20:34:38 #gifs @Koya#1050 edited message from 2018-04-23 20:34:38 () to read: 
2018-04-23 20:34:41 #gifs @💜 Yuri 💜#6684: ^^hgif
2018-04-23 20:34:41 #gifs @Koya#1050: 
2018-04-23 20:34:42 #gifs @Koya#1050 edited message from 2018-04-23 20:34:41 () to read: 
2018-04-23 20:35:14 #gifs @💜 Yuri 💜#6684: ^^hgif
2018-04-23 20:35:15 #gifs @Koya#1050: 
2018-04-23 20:35:15 #gifs @Koya#1050 edited message from 2018-04-23 20:35:15 () to read: 
2018-04-23 20:35:49 #gifs @💜 Yuri 💜#6684: ^^hgif
2018-04-23 20:35:49 #gifs @Koya#1050: 
2018-04-23 20:35:49 #gifs @Koya#1050 edited message from 2018-04-23 20:35:49 () to read: 
2018-04-23 20:35:56 #gifs @💜 Yuri 💜#6684: ^^hgif
2018-04-23 20:35:56 #gifs @Koya#1050: 
2018-04-23 20:35:56 #gifs @Koya#1050 edited message from 2018-04-23 20:35:56 () to read: 
2018-04-23 20:35:59 #gifs @💜 Yuri 💜#6684: ^^hgif
2018-04-23 20:35:59 #gifs @Koya#1050: 
2018-04-23 20:36:00 #gifs @Koya#1050 edited message from 2018-04-23 20:35:59 () to read: 
2018-04-23 20:37:13 #gifs @💜 Yuri 💜#6684: ^^hgif
2018-04-23 20:37:13 #gifs @Koya#1050: 
2018-04-23 20:37:13 #gifs @Koya#1050 edited message from 2018-04-23 20:37:13 () to read: 
2018-04-23 20:39:07 #gifs @💜 Yuri 💜#6684: ^^hgif
2018-04-23 20:39:07 #gifs @Koya#1050: 
2018-04-23 20:39:07 #gifs @Koya#1050 edited message from 2018-04-23 20:39:07 () to read: 
2018-04-23 20:39:17 #gifs @💜 Yuri 💜#6684: ^^hgif
2018-04-23 20:39:18 #gifs @Koya#1050: 
2018-04-23 20:39:18 #gifs @Koya#1050 edited message from 2018-04-23 20:39:18 () to read: 
2018-04-23 20:39:25 #gifs @💜 Yuri 💜#6684: ^^hgif
2018-04-23 20:39:25 #gifs @Koya#1050: 
2018-04-23 20:39:25 #gifs @Koya#1050 edited message from 2018-04-23 20:39:25 () to read: 
2018-04-23 20:39:33 #gifs @💜 Yuri 💜#6684: ^^hgif
2018-04-23 20:39:33 #gifs @Koya#1050: 
2018-04-23 20:39:33 #gifs @Koya#1050 edited message from 2018-04-23 20:39:33 () to read: 
2018-04-23 20:39:41 #gifs @💜 Yuri 💜#6684: ^^hgif
2018-04-23 20:39:41 #gifs @Koya#1050: 
2018-04-23 20:39:41 #gifs @Koya#1050 edited message from 2018-04-23 20:39:41 () to read: 
2018-04-23 20:46:12 #gifs @Duma's Servant#1973: ^^fuck @Nui / Louise
2018-04-23 20:46:13 #gifs @Koya#1050: 
2018-04-23 20:46:13 #gifs @Koya#1050 edited message from 2018-04-23 20:46:13 () to read: 
2018-04-23 20:53:06 #gifs @💜 Yuri 💜#6684: Owi
2018-04-23 20:53:13 #gifs @💜 Yuri 💜#6684: ^^suck @Sparky/Tora/Stain
2018-04-23 20:53:13 #gifs @Koya#1050: 
2018-04-23 20:53:13 #gifs @Koya#1050 edited message from 2018-04-23 20:53:13 () to read: 
2018-04-23 20:53:21 #gifs @Duma's Servant#1973: Han
2018-04-23 20:54:44 #gifs @💜 Yuri 💜#6684: :):):))::)):):);):);)
2018-04-23 20:58:13 #gifs @Skido#0650: ...
2018-04-23 21:01:41 #gifs @💜 Yuri 💜#6684: Kwa
2018-04-23 21:15:09 #gifs @Duma's Servant#1973: :D
2018-04-23 21:16:05 #gifs @💜 Yuri 💜#6684: Ilraj
