2018-04-24 21:19:31 #centre-ville @Ervionne#0978: *Obscurcia marche ici avec sa tenue de ville. L'Obscurité de la nuit fait ressortir la lueur rouge de ses beau yeux. à chaque pas ses hanches sembles danser. Le belle jeune fille à une expression assez neutre sur son visage, voir légèrement triste.*
2018-04-24 21:22:46 #centre-ville @Skido#0650: **passe par là**
2018-04-24 21:26:39 #centre-ville @Ervionne#0978: *Elle continuait de marché, l'air un peu triste. En réalité c'est le fait d'être seul en cette si belle soirée qui la rend triste. Elle lève la tête, regardant la lune qui se reflète sur ses beaux yeux rouge. Elle soupire légèrement en marmonnant quelques mots d'un ton légèrement mélancolique.*\n\n-Le ciel est magnifique...
2018-04-24 21:26:43 #centre-ville @Ervionne#0978 edited message from 2018-04-24 21:26:39 (*Elle continuait de marché, l'air un peu triste. En réalité c'est le fait d'être seul en cette si belle soirée qui la rend triste. Elle lève la tête, regardant la lune qui se reflète sur ses beaux yeux rouge. Elle soupire légèrement en marmonnant quelques mots d'un ton légèrement mélancolique.*\n\n-Le ciel est magnifique...) to read: *Elle continuait de marché, l'air un peu triste. En réalité c'est le fait d'être seul en cette si belle soirée qui la rend triste. Elle lève la tête, regardant la lune qui se reflète sur ses beaux yeux rouge. Elle soupire légèrement en marmonnant quelques mots d'un ton légèrement mélancolique.*\n\n-Le ciel est magnifique ce soir...
2018-04-24 21:28:07 #centre-ville @Skido#0650: **ne semblait pas avoir entendu mais portait attention à cette personne**
2018-04-24 21:31:07 #centre-ville @Ervionne#0978: *Elle reste ainsi quelques seconde avant de se retourner, et de reprendre sa marche, n'ayant pas réellement fait attention au garçon qui la regardait. Chacun de ses pas faisaient ressortir le grâce et la beauté d'Obscurcia.*
2018-04-24 21:32:00 #centre-ville @Skido#0650: **n'était pas très séduit vu qu'il est déja en couple avec ochaco (best waifu au monde)**
2018-04-24 21:32:17 #centre-ville @Skido#0650: **tombe au sol** aaah !
2018-04-24 21:35:50 #centre-ville @Ervionne#0978: *Enfin, on peut être en couple et quand même trouver une fille belle. Obscurcia entend un "aaaah" et se retourne. Elle aperçoit quelqu'un qui vient visiblement de tomber au sol. Elle se rapproche lentement de lui et demande d'une voix un peu timide et légèrement inquiète.*\n\n-Euh... Vous allez bien ?
2018-04-24 21:37:02 #centre-ville @Skido#0650: **je voulais dire qu'il n'était pas plus attiré par elle que sa copine, mais bon il se releva et répondit**\n\n-Oui merci...
2018-04-24 21:38:30 #centre-ville @L'Oncle Gary#4978: *Donc tout ce beau monde arrive ici et le jeune homme sourit , la situation est vraiment chelou mais c'est marrant. Bah globalement c'est pour rp avec Almi et rendre le rp access a tout le monde. Il demanda*\n\n-Tu sais dire autre chose que Gary ?
2018-04-24 21:38:46 #centre-ville @Skido#0650: (tu t'es trompé de salon mdr)
2018-04-24 21:38:59 #centre-ville @Ervionne#0978: -Vous êtes sur ?\n\n*Elle semblait un peu inquiète, le pauvre garçon venait de tomber il c'était peu être fait mal. du coup elle le fixe avec ses beaux yeux rouge en disant.*\n\n-Vous ne vous êtes pas fait mal au moins?
2018-04-24 21:39:48 #centre-ville @L'Oncle Gary#4978: ( Alors non , c'est ici que je voulais aller ^^)
2018-04-24 21:39:50 #centre-ville @Skido#0650: nan vous inquiétez pas, un héro ne se blesse pas comme ça **dit-il en se grattant les cheveux**
2018-04-24 21:39:59 #centre-ville @Skido#0650: (aok excuse moi je viens de comprendre)
2018-04-24 21:40:12 #centre-ville @L'Oncle Gary#4978 deleted message from 2018-04-24 21:39:48 (( Alors non , c'est ici que je voulais aller ^^))
2018-04-24 21:40:26 #centre-ville @Skido#0650 deleted message from 2018-04-24 21:39:59 ((aok excuse moi je viens de comprendre))
2018-04-24 21:40:32 #centre-ville @Skido#0650 deleted message from 2018-04-24 21:38:46 ((tu t'es trompé de salon mdr))
2018-04-24 21:40:39 #centre-ville @млинець#1545: *et donc un bonhomme au cheveux blanc et une alien blanche avec un gros sac lapin sur le dos elle même sur le dos du bonhomme arrivent. Vu qu'elle ne comprend pas ce qu'il vient de lui dire elle se contente de rester silencieuse avec sourir*
2018-04-24 21:41:10 #centre-ville @piece_de_1_centime#0594: (J'ai l'impression toute est relié avec une métaphore de kebab)
2018-04-24 21:41:28 #centre-ville @piece_de_1_centime#0594 edited message from 2018-04-24 21:41:10 ((J'ai l'impression toute est relié avec une métaphore de kebab)) to read: (J'ai l'impression touts est relié avec une métaphore de kebab)
2018-04-24 21:41:53 #centre-ville @млинець#1545: (Euh)
2018-04-24 21:42:01 #centre-ville @млинець#1545 deleted message from 2018-04-24 21:41:53 ((Euh))
2018-04-24 21:42:22 #centre-ville @Ervionne#0978: -Un héro ne tombe pas comme ça non plus !\n\n*Dit elle en pouffant un peu, elle semblait un peu plus rassuré.*\n\n-Vous m'avez fait peur, je ne sais pas trop se que j'aurais pu faire si il vous était arrivé quelque chose !
2018-04-24 21:43:12 #centre-ville @Skido#0650: oh je vois...merci je suppose ?
2018-04-24 21:44:15 #centre-ville @Skido#0650: je m'appelle izuku midoriya, ravi de faire votre connaissance ^^ **lui tend la main**
2018-04-24 21:45:11 #centre-ville @Ervionne#0978: *Elle lui sert l main, et lui adresse un jolie sourire.*\n\n-Moi je suis Obscurcia, ravi de faire ta connaissances, même si les circonstance sont un peu étrange.
2018-04-24 21:45:34 #centre-ville @Skido#0650: c'est vrai **rigole**
2018-04-24 21:45:58 #centre-ville @L'Oncle Gary#4978: *Hum , c'est donc sur ce spectacle de la demoiselle et donc d'un homme somme toute lambda qu'ils avaient déja croisé qu'ils arriverent.*\n\n-Tiens le monde est petit !
2018-04-24 21:46:21 #centre-ville @Skido#0650: (je vais dormir a demain)
2018-04-24 21:46:50 #centre-ville @Ervionne#0978: (bah dit le in rp pour pas me bloquer ;w;)
2018-04-24 21:47:01 #centre-ville @Skido#0650: (ok)
2018-04-24 21:47:49 #centre-ville @Skido#0650: **son téléphone sonne** ah excusez moi **répond**\n-Oui allo ?\nah ok j'arrive
2018-04-24 21:48:11 #centre-ville @Skido#0650: je dois y aller Obscuria, a+ ^^ **s'en va**
2018-04-24 21:49:14 #centre-ville @Ervionne#0978: -Bonne nuit Izuku !\n\n*Dit elle avec un petit signe de la main en le regardant partir, puis elle soupire. De nouveau seul.*
2018-04-24 21:50:49 #centre-ville @piece_de_1_centime#0594: B:**arrive**
2018-04-24 21:51:28 #centre-ville @piece_de_1_centime#0594: B:**vois izuku partir **
2018-04-24 21:51:36 #centre-ville @piece_de_1_centime#0594: B:MERDE
2018-04-24 21:52:02 #centre-ville @piece_de_1_centime#0594: B:{je pourrais pas lui demander les devoirs}
2018-04-24 21:52:15 #centre-ville @млинець#1545: *Rebecca quand a elle avait la tête posé conte le dos de Gary, elle c'était endormie car sa narratrice aussi*
2018-04-24 21:53:39 #centre-ville @млинець#1545: *Ouais tel une enfant qui se fait porter ouais*
2018-04-24 21:57:37 #centre-ville @Ervionne#0978: *Du coup elle reprend son visage légèrement triste et sa marche. La lueur de ses yeux reflétaient dans le noir de la nuit.*
2018-04-24 21:58:35 #centre-ville @piece_de_1_centime#0594: B:RAAAAAAHH PUTAIN **explose un muret**
2018-04-24 21:59:44 #centre-ville @Ervionne#0978: *Elle sursaute, un attenta ? Elle prend un peu peur, surtout qu'elle n'a pas vraiment moyen de se défendre. Elle se retourne vers Bakugo, et recule nerveusement en essayant d'être discrète.*
2018-04-24 22:00:15 #centre-ville @piece_de_1_centime#0594: B:ÇA ME DÉGOUTE
2018-04-24 22:00:31 #centre-ville @L'Oncle Gary#4978: *Wow , une explosion. Le mec est vraiment taré ou quoi ? Il se plaça devant la demoiselle pour la protéger si jamais. Et demanda a cet individu du coup.*\n\n-Euh... ça va mec ?
2018-04-24 22:01:10 #centre-ville @piece_de_1_centime#0594: B:**le remarque** OUI pourquoi?
2018-04-24 22:02:06 #centre-ville @млинець#1545: *juste un post pour le délire avant de dodo, l'explosion lui donna l'envie deternuer du coup elle frotte son petit nez avant de reposer sa tête contre la nuque de Gary et s'endormir*
2018-04-24 22:03:05 #centre-ville @L'Oncle Gary#4978: *C'est choupi.*
2018-04-24 22:09:01 #centre-ville @Ervionne#0978: *Elle reste un peu inquiète mais elle fixe le dos de l'individu qui vient de s'interposer.*
2018-04-24 22:09:45 #centre-ville @piece_de_1_centime#0594: B:IZUKU
2018-04-24 22:11:25 #centre-ville @L'Oncle Gary#4978: -Euh.... \n\n*Ok le mec est clairement un taré. Il se tourna vers la demoiselle en disant.*\n\n-Je dois protéger Rebecca , ça vous dirait pas de venir. Le mec a l'air clairement instable.
2018-04-24 22:12:28 #centre-ville @piece_de_1_centime#0594: B:JE L'AI RATÉ
2018-04-24 22:14:58 #centre-ville @Ervionne#0978: *Elle hoche de la tête sans rien dire. Elle semble un peu tétanisé par les hurlements de l'autres énergumène.*
2018-04-24 22:15:39 #centre-ville @piece_de_1_centime#0594: B:je l'aurais la prochaine fois...
2018-04-24 22:17:15 #centre-ville @L'Oncle Gary#4978: *Il traine pas Gary , il emporta Rebecca et direction.. bah.. le wcdanolds. Histoire de se mettre plutot bien. Zou , il s'attarde pas lui , il a pas envie de mettre quelqu'un en danger.*
2018-04-24 22:19:09 #centre-ville @piece_de_1_centime#0594: B:**provoque 10 autre explosion**
2018-04-24 22:19:32 #centre-ville @piece_de_1_centime#0594: B:OH PUTAIN
2018-04-24 22:19:41 #centre-ville @piece_de_1_centime#0594: B**s'allonge**
2018-04-24 22:20:30 #centre-ville @piece_de_1_centime#0594: B:**en manque d'eau il ne peut plus bouger aucun muscle**
2018-04-24 22:22:44 #centre-ville @Ervionne#0978: -Je crois que je vais rentrer chez moi...\n\n*Puis c'est un peu en sueur et très effrayé qu'elle part.*
2018-04-25 11:35:35 #centre-ville @Skido#0650: **arrive**
2018-04-25 11:50:59 #centre-ville @Skido#0650: **voit que katchan dort du coup il le porte jusqu'a chez lui**
2018-04-25 11:51:16 #centre-ville @Skido#0650: **du moins, à sa chambre dans le campus**
2018-04-25 12:13:50 #centre-ville @Une  rousse#6832: *passe*
2018-04-25 12:56:07 #centre-ville @L'Oncle Gary#4978: *C'est donc ici qu'arrive le duo et Gary désigne des trucs a Rebecca pour leur apprendre leurs noms. Genre un lampadaire , une école , un magasin etc.*
2018-04-25 12:58:14 #centre-ville @млинець#1545: *et l'avantage c'est Rebecca retient tout donc elle apprend, puis d'un coup elle s'éloigne de Gary pour faire du lèche vitre face à un magasin de vêtement*
2018-04-25 13:00:02 #centre-ville @L'Oncle Gary#4978: *Bop , il l'accompagna donc en regardant aussi les vetements. Plutot cool , il regarda en se disant qu'elle devait aimer les fringues. Comme toutes les filles askip.*\n\n-Tu veux des vetements ? T'as de l'argent ?
2018-04-25 13:06:56 #centre-ville @млинець#1545: *c'était le même vêtements ou elle s'était faite gronder car elle avait voulut partir sans payer du coup elle se faisait surveiller mais elle bavait d'avant un pull violet brillant, elle le pris et alla le tendre vers Gary*\n\nGary !
2018-04-25 13:09:53 #centre-ville @L'Oncle Gary#4978: -Okay okay p'tite tete je vais te le prendre. \n\n*Humpf , son ame de gentil le perdra , aussi il alla le regla pour qu'elle puisse l'avoir et zou. Il lui fit un big up.*\n\n-C'est bon il est a toi ! C'est un joli pull , tu veux autre chose ?
2018-04-25 13:13:07 #centre-ville @млинець#1545: *elle fouille et deguotte des colants noir et et un short en jean qu'elle apporte à gary*\n\nGARY !
2018-04-25 13:15:54 #centre-ville @L'Oncle Gary#4978: -Okay okay ! \n\n*Zou ça part , il fait peter la merco monnaie ! Pi ça lui fais plaisir de faire quelquechose de positif pour quelqu'un. Puis il demanda en montrant les chaussures.*\n\n-Tu veux des chaussures ?
2018-04-25 13:16:55 #centre-ville @млинець#1545: *elle penche la tête sur le côté, difficile de trouver des chaussure à son pied je vais envoyer une photo pour que tu puisse voir*
2018-04-25 13:19:40 #centre-ville @💜 Yuri 💜#6684: H - **Arrive au centre-ville en passant près de Gary et Rebecca, sans y faire attention**
2018-04-25 13:25:18 #centre-ville @L'Oncle Gary#4978: -On va essayer de te trouver des tongs ! \n\n*Bah... t'es juste une personne normale dans la rue , et eux dans un magasin. Genre ça brasse pleins de monde donc ils te calculent pas. Il demanda a une vendeuse.*\n\n-Vous avez des tongs ou des chaussures pour la demoiselle ? \n\n*Askip c'est du sur mesure.*
2018-04-25 13:28:50 #centre-ville @млинець#1545: *bah elle comprend pas trop donc attend en sautillant et en se tenant à la manche de Gary. Impatiente d'enfiler ses vêtements*
2018-04-25 13:33:30 #centre-ville @L'Oncle Gary#4978: *Mais c'est marrant , la madame leur dégote quand meme de chouette basket parce que vu que 95% des gens sur la planettes ont une alter faut s'accomoder aux morphologie de chacun tavu. Du coup zou ça part aussi pour les chaussures de Rebecca !*
2018-04-25 13:33:34 #centre-ville @Une  rousse#6832: *arrive avec son café*
2018-04-25 13:34:06 #centre-ville @💜 Yuri 💜#6684: **Prends une paire de chaussures à sa taille et va à la caisse**
2018-04-25 13:34:25 #centre-ville @L'Oncle Gary#4978 edited message from 2018-04-25 13:33:30 (*Mais c'est marrant , la madame leur dégote quand meme de chouette basket parce que vu que 95% des gens sur la planettes ont une alter faut s'accomoder aux morphologie de chacun tavu. Du coup zou ça part aussi pour les chaussures de Rebecca !*) to read: *Mais c'est marrant , la madame leur dégote quand meme de chouette basket parce que vu que 95% des gens sur la planette ont une alter faut s'accomoder aux morphologie de chacun tavu. Du coup zou ça part aussi pour les chaussures de Rebecca !*
2018-04-25 13:34:31 #centre-ville @L'Oncle Gary#4978 edited message from 2018-04-25 13:33:30 (*Mais c'est marrant , la madame leur dégote quand meme de chouette basket parce que vu que 95% des gens sur la planette ont une alter faut s'accomoder aux morphologie de chacun tavu. Du coup zou ça part aussi pour les chaussures de Rebecca !*) to read: *Mais c'est marrant , la madame leur dégote quand meme de chouette basket parce que vu que 95% des gens sur la planete ont une alter faut s'accomoder aux morphologie de chacun tavu. Du coup zou ça part aussi pour les chaussures de Rebecca !*
2018-04-25 13:35:25 #centre-ville @млинець#1545: *mouais pas sur qu'elle aime avoir des truc au pied, mais c'est bon a avoir. Patientent elle regardait les clients mais aussi une fille qui était à la caisse*
2018-04-25 13:36:46 #centre-ville @L'Oncle Gary#4978: -ça te permettra de pas te faire mal aux papattes au moins si tu marches sur des trucs coupants ou par terre. \n\n*Eh ui utile Jammy. Ils attendent donc pour passer a la caisse pendant que Gary sifflote , checkant son téléphone.*
2018-04-25 13:39:04 #centre-ville @💜 Yuri 💜#6684: H - **Après avoir acheté sa paire de chaussures, Nui s'assied non-loin de là en regardant le ciel**
2018-04-25 13:40:30 #centre-ville @млинець#1545: *pis la personne sortit donc elle continue d'attendre puis fini par grimpé sur le dos de gary*
2018-04-25 13:42:18 #centre-ville @💜 Yuri 💜#6684: H - **Mets ses chaussures et les essaye**
2018-04-25 13:46:09 #centre-ville @L'Oncle Gary#4978: *La portant sur son dos , il régla pour les chaussures et demanda a la demoiselle.*\n\n-Tu veux aller ailleurs ? Une glace ou un milshake ça te branche ?
2018-04-25 13:47:39 #centre-ville @млинець#1545: *elle avait pas la moindre idée de ce que c'était mais le nom lui plaisait alors elle tapote les épaules de gary*
2018-04-25 13:49:18 #centre-ville @L'Oncle Gary#4978: -Let's go ! \n\n*Aussi il fit le dada et se mit a trotinner vers bah... wait. Le centre commercial !*
2018-04-25 13:51:56 #centre-ville @млинець#1545: *et donc un grand sourir elle se laisse transporter*
2018-04-25 15:54:27 #centre-ville @💜 Yuri 💜#6684: H - **Après avoir essayé ses chaussures, Nui se dirigea vers le café**
2018-04-26 13:30:41 #centre-ville @Treby#4015: *Ashiro venait en costume derrière une banque en usant un gadget pour pirater les camera. Il usa de son pouvoir pour transformer en eau une partie du mur qui menait à son coffre fort et prit tout l'argent avant de reformer le mur. Il partis ensuite vite par une plaque d'égout pour quitter les lieux.*
2018-04-26 14:58:54 #centre-ville @Une  rousse#6832: *bois son café en marchant*
2018-04-26 15:02:41 #centre-ville @Skido#0650: Izuku : **passe en buvant sa boisson vu qu'il na pas su payer de quoi manger**
2018-04-26 15:03:05 #centre-ville @Une  rousse#6832: *marche*
2018-04-26 15:03:53 #centre-ville @Skido#0650: **la vois** tiens salut ocha !
2018-04-26 15:04:27 #centre-ville @Une  rousse#6832: Ô deku kun
2018-04-26 15:04:58 #centre-ville @Skido#0650: t'vas bien ?
2018-04-26 15:06:49 #centre-ville @Une  rousse#6832: Bien et toi
2018-04-26 15:08:38 #centre-ville @Skido#0650: ça va
2018-04-26 15:09:21 #centre-ville @Une  rousse#6832: Toi aussi tu a eu l'idée du cafe
2018-04-26 15:10:01 #centre-ville @Skido#0650: yep
2018-04-26 15:10:43 #centre-ville @Une  rousse#6832: Sa te dit qu'on se balade un peu
2018-04-26 15:12:01 #centre-ville @Skido#0650: pourquoi pas ?
2018-04-26 15:12:22 #centre-ville @Une  rousse#6832: Super *lui fais un grand sourir*
2018-04-26 15:14:12 #centre-ville @Skido#0650: **lui souris aussi** alors on va ou ?
2018-04-26 15:15:15 #centre-ville @Une  rousse#6832: Sa dépant tu veux romantique ou pas
2018-04-26 15:15:55 #centre-ville @Skido#0650: à toi de choisir
2018-04-26 15:16:45 #centre-ville @Raku#6354: Let's go to the swimming pool
2018-04-26 15:16:48 #centre-ville @Raku#6354: yeah yeah yeha
2018-04-26 15:16:52 #centre-ville @Skido#0650: (dégage)
2018-04-26 15:16:59 #centre-ville @Raku#6354 deleted message from 2018-04-26 15:16:45 (Let's go to the swimming pool)
2018-04-26 15:17:03 #centre-ville @Raku#6354 deleted message from 2018-04-26 15:16:48 (yeah yeah yeha)
2018-04-26 15:17:07 #centre-ville @Skido#0650 deleted message from 2018-04-26 15:16:52 ((dégage))
2018-04-26 15:17:10 #centre-ville @Une  rousse#6832: Mmm
2018-04-26 15:17:13 #centre-ville @Raku#6354: t'es archi méchant
2018-04-26 15:17:22 #centre-ville @Raku#6354 deleted message from 2018-04-26 15:17:13 (t'es archi méchant)
2018-04-26 15:17:20 #centre-ville @Une  rousse#6832: *réfléchie*
2018-04-26 15:17:22 #centre-ville @Skido#0650: (shut)
2018-04-26 15:18:04 #centre-ville @Une  rousse#6832: Va pour romantique
2018-04-26 15:18:11 #centre-ville @Skido#0650: 'k
2018-04-26 15:19:17 #centre-ville @Une  rousse#6832: *prend timidement sa main*
2018-04-26 15:19:28 #centre-ville @Skido#0650: **accepte timidement aussi**
2018-04-26 15:19:56 #centre-ville @Furo Desu#1167: WSH LES KEYSSS
2018-04-26 15:19:58 #centre-ville @Raku#6354: ***Raku s'approche de Nak***
2018-04-26 15:20:00 #centre-ville @Furo Desu#1167 deleted message from 2018-04-26 15:19:56 (WSH LES KEYSSS)
2018-04-26 15:20:08 #centre-ville @Furo Desu#1167: **Bonjour Raku**
2018-04-26 15:20:10 #centre-ville @Skido#0650: (hé wait)
2018-04-26 15:20:20 #centre-ville @Furo Desu#1167 edited message from 2018-04-26 15:20:08 (**Bonjour Raku**) to read: Bonjour Raku
2018-04-26 15:20:20 #centre-ville @Raku#6354: Comment tu vas nhak?
2018-04-26 15:20:21 #centre-ville @Skido#0650: (d'ou vous rpez comme ça ?)
2018-04-26 15:20:27 #centre-ville @Skido#0650: (n'écrivez pas ici)
2018-04-26 15:20:34 #centre-ville @Raku#6354 deleted message from 2018-04-26 15:20:20 (Comment tu vas nhak?)
2018-04-26 15:20:32 #centre-ville @Une  rousse#6832: *rougi et l'amène au lac*
2018-04-26 15:20:40 #centre-ville @Raku#6354: (On a pas le droit d'etre dans le centre ville)?
2018-04-26 15:20:47 #centre-ville @Skido#0650: (à la limite rp dans #uganda )
2018-04-26 15:20:51 #centre-ville @Raku#6354: xDDDDD
2018-04-26 15:20:55 #centre-ville @Furo Desu#1167: PTDR
2018-04-26 15:20:59 #centre-ville @Skido#0650: (bah nhak il a pas de perso et toi tu fais pas l'action de venir ici)
2018-04-26 15:21:09 #centre-ville @Raku#6354: ***Raku devient rouge et pose sa main sur la joue de nhak***
2018-04-26 15:21:16 #centre-ville @Raku#6354 deleted message from 2018-04-26 15:21:09 (***Raku devient rouge et pose sa main sur la joue de nhak***)
2018-04-26 15:21:19 #centre-ville @Furo Desu#1167 deleted message from 2018-04-26 15:20:55 (PTDR)
2018-04-26 15:21:25 #centre-ville @Raku#6354: ***Ils commencent tout deux a s'enlacer ***
2018-04-26 15:21:26 #centre-ville @Raku#6354 deleted message from 2018-04-26 15:20:51 (xDDDDD)
2018-04-26 15:21:31 #centre-ville @Raku#6354 deleted message from 2018-04-26 15:21:25 (***Ils commencent tout deux a s'enlacer ***)
2018-04-26 15:21:44 #centre-ville @Raku#6354: (je fais pas quoi?)
2018-04-26 15:21:56 #centre-ville @Skido#0650: (l'action de de venir ici)
2018-04-26 15:22:24 #centre-ville @Raku#6354: Bha
2018-04-26 15:22:49 #centre-ville @Raku#6354: (j'habite dans la ville car je suis le brat droit de tomura)
2018-04-26 15:22:55 #centre-ville @Raku#6354: (c'est aussi mon café)
2018-04-26 15:22:57 #centre-ville @Furo Desu#1167: twerlik
2018-04-26 15:23:03 #centre-ville @Skido#0650: (mais ptn arretez)
2018-04-26 15:23:07 #centre-ville @Skido#0650: (attendez
2018-04-26 15:23:21 #centre-ville @Skido#0650: ( #entrainement-rp
2018-04-26 15:23:31 #centre-ville @Raku#6354: (c'koa chef)?
2018-04-26 15:23:43 #centre-ville @Skido#0650: (pour vous entrainer à rp)
2018-04-26 15:23:50 #centre-ville @Raku#6354: (Mais je sais deja rp)
2018-04-26 15:23:55 #centre-ville @Skido#0650: (bah nan)
2018-04-26 15:23:59 #centre-ville @Raku#6354: (j'en ai fais hier fdp)
2018-04-26 15:24:06 #centre-ville @Skido#0650: (mais tu le fais MAL)
2018-04-26 15:24:23 #centre-ville @Raku#6354: (Surtout que je peut pas le faire car des que je commence yen un pour me dire de degager)
2018-04-26 15:24:37 #centre-ville @Skido#0650: (mais tu fais n'importe quoi)
2018-04-26 15:24:47 #centre-ville @Raku#6354: (Ok alors je go faire serieu)
2018-04-26 15:24:58 #centre-ville @Skido#0650: (merci...)
2018-04-28 14:58:10 #centre-ville @Une  rousse#6832: Encore lui
2018-04-28 15:07:17 #centre-ville @Ricky The Lucario#9462: *Alors oui c'est lui et oui il fait chier avec sa moto, mais quand vient même le centre ville n'est pas petit juste le moteur est tellement puissant que ça peut s'entendre d'assez loin. Dans tout les cas tu sais que c'est lui mais lui ne sais pas que tu viens de dire ça*
2018-04-28 15:08:23 #centre-ville @piece_de_1_centime#0594: S:tu le connaid?
2018-04-28 15:08:31 #centre-ville @piece_de_1_centime#0594 edited message from 2018-04-28 15:08:23 (S:tu le connaid?) to read: S:tu le connais?
2018-04-28 15:09:04 #centre-ville @Une  rousse#6832: Un peu c'est un jeune hero
2018-04-28 15:09:38 #centre-ville @piece_de_1_centime#0594: S:Ok
2018-04-28 15:09:58 #centre-ville @Skido#0650: Denki : **arrive** (la flemme de faire une loooooongue actionquand il s'agit juste d'un déplacement)
2018-04-28 15:11:08 #centre-ville @Une  rousse#6832: Il a presque le même alter que momo
2018-04-28 15:13:30 #centre-ville @piece_de_1_centime#0594: S:{de la creation}
2018-04-28 15:14:00 #centre-ville @Une  rousse#6832: Sa moto par exemple
2018-04-28 15:14:49 #centre-ville @Skido#0650: salut les gars
2018-04-28 15:15:03 #centre-ville @Une  rousse#6832: Deku kun *rougi*
2018-04-28 15:15:07 #centre-ville @Skido#0650: (c denki)
2018-04-28 15:15:13 #centre-ville @Une  rousse#6832 deleted message from 2018-04-28 15:15:03 (Deku kun *rougi*)
2018-04-28 15:15:14 #centre-ville @piece_de_1_centime#0594: (Il peut faite du marché noir)
2018-04-28 15:15:19 #centre-ville @Skido#0650: (XD)
2018-04-28 15:15:22 #centre-ville @💜 Yuri 💜#6684: (gg!!!!!!!)
2018-04-28 15:15:26 #centre-ville @piece_de_1_centime#0594 edited message from 2018-04-28 15:15:14 ((Il peut faite du marché noir)) to read: (Il peut faire du marché noir)
2018-04-28 15:15:29 #centre-ville @Une  rousse#6832: Denki hey
2018-04-28 15:16:31 #centre-ville @Skido#0650: z'allez bien ?
2018-04-28 15:16:56 #centre-ville @Une  rousse#6832: Très bien et toi
2018-04-28 15:17:03 #centre-ville @Ricky The Lucario#9462: *Bon bref dans tout les cas c'est un bref passage de Benton qui se dirige dans un endroit random*
2018-04-28 15:17:21 #centre-ville @Skido#0650: moi ça va. et toi Shoto ?
2018-04-28 15:18:41 #centre-ville @piece_de_1_centime#0594: S:Oui et toi?
2018-04-28 15:19:47 #centre-ville @Skido#0650: moi ça va pour la 2eme fois
2018-04-28 15:22:27 #centre-ville @Ervionne#0978: *Elle était toujours là, à marché dans le centre ville. Ses beau yeux rouge, ainsi que son visage souriant ressortaient dans cette foule. Elle ne savait pas vraiment ou aller, et ne c'était pas encore vraiment fait d'ami à Yuei, du coup elle se retrouvait seul, mais qu'importe, elle s'amusait bien.*
2018-04-28 15:23:22 #centre-ville @Une  rousse#6832: *remarque bloom* quelle est belle
2018-04-28 15:23:34 #centre-ville @Skido#0650: mhm
2018-04-28 15:23:44 #centre-ville @Ervionne#0978: (c'est Obscurcia le prénom, et Bloom le nom de famille ^^)
2018-04-28 15:23:55 #centre-ville @Une  rousse#6832: (Gomen)
2018-04-28 15:24:11 #centre-ville @Une  rousse#6832 edited message from 2018-04-28 15:23:22 (*remarque bloom* quelle est belle) to read: *remarque Obscurcia* quelle est belle
2018-04-28 15:28:30 #centre-ville @Ervionne#0978: *Elle s'approchait inconsciemment de Ochaco puisqu'elle ne la connaissait pas. Obscurcia avait une démarche gracieuse digne d'une princesse. Chacun de ses mouvements étaient élégant. Toujours aussi souriante, elle fini par s’arrêter avant de regarder un peu partout à la recherche de quelque chose.*
2018-04-28 15:29:39 #centre-ville @Une  rousse#6832: {J'en serais presque jalouse}
2018-04-28 15:29:55 #centre-ville @Skido#0650: **la regarde intrigué**
2018-04-28 15:32:56 #centre-ville @piece_de_1_centime#0594: S:Vous connaissiez cette personne intrigante?
2018-04-28 15:33:32 #centre-ville @Ervionne#0978: *Elle se retourne vers Ochaco et vient la voir, souriante afin de lui demander.*\n\n-Bonjours, je suis nouvelle ici, et je me suis un peu perdu. Vous savez ou est l'académie de Yuei ?\n\n*Sa voix était douce et clair, et la lueur rougeâtre de son regard était perçant.*
2018-04-28 15:33:34 #centre-ville @Une  rousse#6832: Non
2018-04-28 15:33:41 #centre-ville @Une  rousse#6832 deleted message from 2018-04-28 15:33:34 (Non)
2018-04-28 15:33:47 #centre-ville @Une  rousse#6832: Oui bien sur
2018-04-28 15:33:59 #centre-ville @Une  rousse#6832: {Quel yeux magnifique}
2018-04-28 15:34:15 #centre-ville @Skido#0650: nop
2018-04-28 15:34:26 #centre-ville @Skido#0650: (en répondant à shoto)
2018-04-28 15:35:11 #centre-ville @piece_de_1_centime#0594: S:ya des nouveaux de partout
2018-04-28 15:36:29 #centre-ville @Skido#0650: ouaip
2018-04-28 15:36:48 #centre-ville @piece_de_1_centime#0594: (Pendant ce temps la classe B vide et inutile:
2018-04-28 15:37:03 #centre-ville @piece_de_1_centime#0594 edited message from 2018-04-28 15:36:48 ((Pendant ce temps la classe B vide et inutile:) to read: (Pendant ce temps la classe B vide et inutile)
2018-04-28 15:38:53 #centre-ville @Skido#0650: (x)
2018-04-28 15:39:06 #centre-ville @Skido#0650: (c vrai que faudrait déplacer quelques élèves en classe B)
2018-04-28 15:39:12 #centre-ville @Ervionne#0978: -J'ai vraiment de la chance de tomber sur vous alors !\n\n*Dit elle d'un ton enthousiaste.*\n\n-Vous pourriez m'indiquez le chemin ? Je ne connais pas encore vraiment mes camarades, je n'ai pas vraiment les moyens de les contacter pour qu'ils m'aident.
2018-04-28 15:40:24 #centre-ville @Une  rousse#6832: Pas de soucis mais ne tent fais pas nous sommes en vacance tu trouvera personne la bas *souri*
2018-04-28 15:43:17 #centre-ville @Ervionne#0978: -Oh, vous venez aussi de l'académie ? \n\n*Demande t-elle alors surprise. Elle pause sa main droite sur sa hanche tout en continuant de fixer Ochaco avec ses yeux éclatant.*
2018-04-28 15:44:08 #centre-ville @Une  rousse#6832: Oui nous en fesons partie
2018-04-28 15:44:15 #centre-ville @Skido#0650: mhm
2018-04-28 15:45:57 #centre-ville @Ervionne#0978: -Enchanté, je m'appelle Obscurcia ! Ravis de faire votre connaissance !\n\n*Dit elle en faisant un clin d'oeil avant de tendre sa main pour se présenter.
2018-04-28 15:46:00 #centre-ville @Ervionne#0978 edited message from 2018-04-28 15:45:57 (-Enchanté, je m'appelle Obscurcia ! Ravis de faire votre connaissance !\n\n*Dit elle en faisant un clin d'oeil avant de tendre sa main pour se présenter.) to read: -Enchanté, je m'appelle Obscurcia ! Ravis de faire votre connaissance !\n\n*Dit elle en faisant un clin d'oeil avant de tendre sa main pour se présenter.*
2018-04-28 15:46:16 #centre-ville @Une  rousse#6832: Ochaco enchanté
2018-04-28 15:52:52 #centre-ville @Ervionne#0978: -Vous dites que c'est les vacances ? Quand est ce que les cours reprennent ?
2018-04-28 15:53:31 #centre-ville @Skido#0650: (quand il y aura plus de héros disponibles)
2018-04-28 15:53:52 #centre-ville @Ricky The Lucario#9462: (Bah gros malins dit le en rp ou que tu sais pas
2018-04-28 15:54:09 #centre-ville @Ervionne#0978: (oui, et en soit... tu peux faire des pnj hein)
2018-04-28 15:54:17 #centre-ville @Skido#0650: (bah je voulais juste dire la raison de pk y a pas e cours dans le rp)
2018-04-28 15:54:21 #centre-ville @Skido#0650: (ah ok)
2018-04-28 15:54:27 #centre-ville @Une  rousse#6832: On ne sais pas encore
2018-04-28 15:54:33 #centre-ville @Skido#0650: mouais
2018-04-28 15:56:06 #centre-ville @Ervionne#0978: -Ah, très bien.\n\n*Elle était assez dubitative. Yuei était pourtant réputé pour être la meilleure école. C'est assez étonnant qu'elle soit fermée pour une durée indéterminée.*
2018-04-28 16:00:34 #centre-ville @💜 Yuri 💜#0199: (les meilleures écoles sont celles qui sont fermées car on y va pas !!!!)
2018-04-28 16:12:53 #centre-ville @piece_de_1_centime#0594: Bon on fait quoi
2018-04-28 16:13:01 #centre-ville @piece_de_1_centime#0594: Les vacances vons être long
2018-04-28 16:14:01 #centre-ville @Skido#0650: c'est vrai...
2018-04-28 16:14:40 #centre-ville @Ervionne#0978: *En entendant ces paroles, elle baisse un peu les yeux, et son sourire disparaît, laissant place à un visage plus neutre. Elle ne les connait pas suffisamment pour oser leurs  demander de venir avec eux. Elle espère qu'ils vont lui proposer de venir,mais c'est pas gagné.*
2018-04-28 16:15:54 #centre-ville @piece_de_1_centime#0594: On se balade?
2018-04-28 16:16:06 #centre-ville @Skido#0650: alez !
2018-04-28 16:16:11 #centre-ville @Skido#0650 edited message from 2018-04-28 16:16:06 (alez !) to read: allez !
2018-04-28 16:16:40 #centre-ville @piece_de_1_centime#0594: Tu viens la nouvelles?
2018-04-28 16:17:35 #centre-ville @Ervionne#0978: *Elle relève la tête et regarde alors shoto souriante avant de lui répondre.*\n\n-Oui je veux bien.\n\n*Puis elle demande.*\n\n-Comment vous vous appelez tout les deux ?
2018-04-28 16:18:40 #centre-ville @Skido#0650: moi je m'appelle Denki ! ravi de faire ta connaissance **tend son bras pour la saluer**
2018-04-28 16:19:25 #centre-ville @piece_de_1_centime#0594: Je m'appelle Shoto Todokori...
2018-04-28 16:20:36 #centre-ville @Ervionne#0978: *Elle lui serre la main souriante, tout en le regardant droit dans les yeux. Puis elle demande simplement.*\n\n-Du coup, où allons nous ?
2018-04-28 16:21:28 #centre-ville @Skido#0650: chai pas...Shoto t'as une idée ?
2018-04-28 16:31:51 #centre-ville @piece_de_1_centime#0594: Hmmm
2018-04-28 16:32:20 #centre-ville @piece_de_1_centime#0594: Pourquoi pas la plage?
2018-04-28 16:32:31 #centre-ville @piece_de_1_centime#0594: (Il faut crée une plage)
2018-04-28 16:32:46 #centre-ville @piece_de_1_centime#0594: Par contre elle a 1 2 heure d'ici
2018-04-28 16:34:31 #centre-ville @piece_de_1_centime#0594: Ma grande soeur peut nous emmener
2018-04-28 16:34:55 #centre-ville @Ervionne#0978: -Je n'ai pas vraiment de maillot de bain sur moi.\n\n*Dit elle un peu confuse de déranger ses nouveaux amis. Aller à la plage sans pouvoir se mettre en maillot c'est quand même pas cool.*
2018-04-28 16:35:20 #centre-ville @Skido#0650: bah s'tu veux j te prète un peu de fric et tu vas t'en acheter un
2018-04-28 16:37:37 #centre-ville @Ervionne#0978: -J'ai de l'argent, mais il faut que j'aille dans un magasin, ça va prendre du temps.\n\n*Elle semblait un peu gênée de causer tout ces problèmes à ses camarades.*
2018-04-28 16:38:01 #centre-ville @Skido#0650: ah nan t'inquiètes ça nous pose aucun problème
2018-04-28 16:38:59 #centre-ville @piece_de_1_centime#0594: Cherche un magasin Ochaco va te suivre  . Moi et Izuku on va rester la
2018-04-28 16:39:08 #centre-ville @Skido#0650: (denki)
2018-04-28 16:39:42 #centre-ville @piece_de_1_centime#0594 edited message from 2018-04-28 16:38:59 (Cherche un magasin Ochaco va te suivre  . Moi et Izuku on va rester la) to read: Cherche un magasin Ochaco va te suivre  . Moi et Denki on va rester la
2018-04-28 16:39:58 #centre-ville @piece_de_1_centime#0594: {Pervert comme il est...}
2018-04-28 16:40:35 #centre-ville @Skido#0650: {tant pis ce sera pour une prochaine fois...je me demande bien ce que mineta peut faire en ce moment}
2018-04-28 16:42:20 #centre-ville @Ervionne#0978: *Du coup elle part dans un magasin, et comme c'est pas bien de faire perdre du temps, elle trouve rapidement son bonheurs, et achète un maillot deux pièces noir qui met bien en avant son corps. Après avoir fini ses emplettes, elle revient voir les garçons. Bien évidemment elle avait remit sa tenue de ville, elle ne va pas se promener en maillot de bain en ville.*
2018-04-28 16:43:38 #centre-ville @piece_de_1_centime#0594: **rapporte des mouchoirs**
2018-04-28 16:43:46 #centre-ville @piece_de_1_centime#0594: Tiens denki
2018-04-28 16:44:01 #centre-ville @Skido#0650: (pourquoi?)
2018-04-28 16:44:14 #centre-ville @piece_de_1_centime#0594: (Pour ton nez)
2018-04-28 16:44:21 #centre-ville @Skido#0650: (ah ok)
2018-04-28 16:44:42 #centre-ville @Skido#0650: **nose bleeding** eh! **prend des mouchoirs et se bouche le nez avec**
2018-04-28 16:46:44 #centre-ville @Ervionne#0978: *La belle Obscurcia retourne au près des garçons, toujours avec sa démarche très séduisante. Le vents léger, ainsi que le mouvement de ses pas font danser sa jupe et  ses beau cheveux.*\n\n-Me revoila !\n\n*Dit elle en tournant sur elle même une foi au près de ses camarade. Sa jupe notoire en suivant le mouvement.*
2018-04-28 16:46:50 #centre-ville @Ervionne#0978 edited message from 2018-04-28 16:46:44 (*La belle Obscurcia retourne au près des garçons, toujours avec sa démarche très séduisante. Le vents léger, ainsi que le mouvement de ses pas font danser sa jupe et  ses beau cheveux.*\n\n-Me revoila !\n\n*Dit elle en tournant sur elle même une foi au près de ses camarade. Sa jupe notoire en suivant le mouvement.*) to read: *La belle Obscurcia retourne au près des garçons, toujours avec sa démarche très séduisante. Le vents léger, ainsi que le mouvement de ses pas font danser sa jupe et  ses beau cheveux.*\n\n-Me revoilà !\n\n*Dit elle en tournant sur elle même une foi au près de ses camarade. Sa jupe notoire en suivant le mouvement.*
2018-04-28 16:47:23 #centre-ville @piece_de_1_centime#0594: Ok
2018-04-28 16:47:44 #centre-ville @Skido#0650: ok
2018-04-28 16:47:45 #centre-ville @piece_de_1_centime#0594: Suivez moi on va voir ma soeur
2018-04-28 16:47:49 #centre-ville @Skido#0650: 'k
2018-04-28 16:48:01 #centre-ville @piece_de_1_centime#0594: Denki ta ton maillot?
2018-04-28 16:48:13 #centre-ville @Skido#0650: ah euh attends je vais le chercher
2018-04-28 16:48:39 #centre-ville @piece_de_1_centime#0594: On t'attend
2018-04-28 16:48:40 #centre-ville @Skido#0650: **fonce dans sa chambre au campus à la vitesse de l'éclair (on aime les jeux de mots ici)**
2018-04-28 16:50:43 #centre-ville @Skido#0650: **est revenu, complètement essouflé qu'on l'entend siffler en respirant**
2018-04-28 16:51:16 #centre-ville @Ervionne#0978: *Du coup elle se contente de suivre. Enfin pour un pervers Denki n'est pas très réactif.*
2018-04-28 16:51:37 #centre-ville @Skido#0650: (je me **retient**)
2018-04-28 16:51:40 #centre-ville @Skido#0650: (c tout)
2018-04-28 16:51:46 #centre-ville @Skido#0650: (pas comme mineta)
2018-04-28 16:53:00 #centre-ville @Ervionne#0978: (enfin, rien ne t’empêche d'être rollplay et de dire que tu observes ou autre hein ^^ m'enfin je m'en fiche, c'est pas moi qui est supposé jouer un perso pervers)
2018-04-28 16:53:35 #centre-ville @Skido#0650: (vuala :3 mais merci de la critique j'y ferai plus attention)
2018-04-28 16:54:08 #centre-ville @piece_de_1_centime#0594: Allez go
2018-04-28 16:54:16 #centre-ville @Skido#0650: yep
2018-04-28 16:54:16 #centre-ville @piece_de_1_centime#0594: **part**
2018-04-28 16:54:46 #centre-ville @Skido#0650: **le suis tout en restant derrière obscurcia afin de meiux "observer"**
2018-04-28 16:55:08 #centre-ville @Skido#0650 edited message from 2018-04-28 16:54:46 (**le suis tout en restant derrière obscurcia afin de meiux "observer"**) to read: **le suis tout en restant derrière obscurcia afin de mieux "observer"**
2018-04-28 16:55:26 #centre-ville @piece_de_1_centime#0594: (MISKINE)
2018-04-28 16:55:30 #centre-ville @Ervionne#0978: *Elle les suit, toujours avec la même démarche.*
