2018-04-26 17:22:29 #rez-de-chaussée @Skido#0650: **arrive**
2018-04-26 17:23:03 #rez-de-chaussée @Une  rousse#6832: *arrive*
2018-04-26 17:23:21 #rez-de-chaussée @Skido#0650: **s'assieds sur le canapé**
2018-04-26 17:23:44 #rez-de-chaussée @Une  rousse#6832: *s'assoie en laissant une petite distance*
2018-04-26 17:25:17 #rez-de-chaussée @Skido#0650: ...
2018-04-26 17:25:55 #rez-de-chaussée @Une  rousse#6832: *sert ces main entre elles*
2018-04-26 17:26:27 #rez-de-chaussée @Skido#0650: **la regarde**
2018-04-26 17:28:01 #rez-de-chaussée @Une  rousse#6832: *a les joues rouge*
2018-04-26 17:28:31 #rez-de-chaussée @Skido#0650: qu'est-ce qu'il y a t'es toute rouge  **ricane** tomate-chan
2018-04-26 17:29:31 #rez-de-chaussée @Une  rousse#6832: C toi tomate chan
2018-04-26 17:29:44 #rez-de-chaussée @Skido#0650: hahaha
2018-04-26 17:30:10 #rez-de-chaussée @Une  rousse#6832: *tourne le visage vers lui*
2018-04-26 17:30:44 #rez-de-chaussée @Skido#0650: **la regardait déjà**
2018-04-26 17:31:16 #rez-de-chaussée @Une  rousse#6832: *le remarque* de depuis quand me regarde tu comme sa
2018-04-26 17:31:52 #rez-de-chaussée @Skido#0650: euh désolé...je te regardais depuis un p'tit temps déja
2018-04-26 17:32:25 #rez-de-chaussée @Une  rousse#6832: Ce n'ai pas grave
2018-04-26 17:32:34 #rez-de-chaussée @Une  rousse#6832: (Je re
2018-04-26 17:32:40 #rez-de-chaussée @Skido#0650: (ok)
2018-04-26 18:06:43 #rez-de-chaussée @Une  rousse#6832: (Re
2018-04-26 18:09:32 #rez-de-chaussée @Skido#0650: (re)
2018-04-26 18:10:20 #rez-de-chaussée @Une  rousse#6832: Sa peut arriver
2018-04-26 18:11:00 #rez-de-chaussée @Skido#0650: pourquoi toi ça t'arrive ? si oui j'ai jamais remarqué
2018-04-26 18:11:51 #rez-de-chaussée @Une  rousse#6832: Oui sa m'arrive
2018-04-26 18:12:06 #rez-de-chaussée @Skido#0650: owh
2018-04-26 18:12:29 #rez-de-chaussée @Une  rousse#6832: Hehe
2018-04-26 18:13:36 #rez-de-chaussée @Skido#0650: eheh
2018-04-26 18:14:50 #rez-de-chaussée @Une  rousse#6832: *s'avance un peu*
2018-04-26 18:17:15 #rez-de-chaussée @Skido#0650: **reste à sa place**
2018-04-26 18:17:49 #rez-de-chaussée @Une  rousse#6832: *laisse un espace*
2018-04-26 18:21:32 #rez-de-chaussée @Skido#0650: pourquoi tu laisses un espace ?
2018-04-26 18:21:58 #rez-de-chaussée @Une  rousse#6832: Je je suis timide tu me connais
2018-04-26 18:22:16 #rez-de-chaussée @Skido#0650: mais faut pas etre timide avec moi voyons
2018-04-26 18:23:02 #rez-de-chaussée @Une  rousse#6832: Sa ne va jamais te gêner
2018-04-26 18:23:26 #rez-de-chaussée @Skido#0650: nan jte jure
2018-04-26 18:24:21 #rez-de-chaussée @Une  rousse#6832: *fais disparaitre la distance*
2018-04-26 18:25:53 #rez-de-chaussée @Skido#0650: bah tu vois y a aucune gêne à avoir
2018-04-26 18:26:19 #rez-de-chaussée @Une  rousse#6832: Un un peu
2018-04-26 18:26:56 #rez-de-chaussée @Skido#0650: ah euh
2018-04-26 18:28:02 #rez-de-chaussée @Une  rousse#6832: *rougi*
2018-04-26 18:30:42 #rez-de-chaussée @Skido#0650: **rougis un peu aussi**
2018-04-26 18:31:28 #rez-de-chaussée @Une  rousse#6832: *ferme les yeux et pose sa tête sur son épaule*
2018-04-26 18:33:10 #rez-de-chaussée @Skido#0650: **ferme juste les yeux et laisse le temps passer**
2018-04-26 18:34:02 #rez-de-chaussée @Une  rousse#6832: *souri*
2018-04-26 18:35:08 #rez-de-chaussée @Skido#0650: **souris aussi**
2018-04-26 18:36:37 #rez-de-chaussée @Une  rousse#6832: *ouvre les yeux et prend son bras dans sa main*
2018-04-26 18:36:49 #rez-de-chaussée @Skido#0650: hum ?
2018-04-26 18:37:53 #rez-de-chaussée @Une  rousse#6832: *regarde ces cicatrice*
2018-04-26 18:38:10 #rez-de-chaussée @Skido#0650: ah euh...
2018-04-26 18:38:46 #rez-de-chaussée @Une  rousse#6832: Oui?
2018-04-26 18:39:13 #rez-de-chaussée @Skido#0650: pourquoi tu les regardes ? c'est pas que tu peux pas, juste je te demande pourquoi
2018-04-26 18:40:25 #rez-de-chaussée @Une  rousse#6832: C cicatrise on vu pas mal de chose plusieurs fois on pensais que tu ne pourrais plus te servir de tes bras
2018-04-26 18:41:17 #rez-de-chaussée @Skido#0650: owh, ne t'inquiètes pas. le moment ou je pourrai plus utiliser mes bras c'est quand les poules auront des dents
2018-04-26 18:44:20 #rez-de-chaussée @Une  rousse#6832: *rigole* fais attention certain oiseau on déjà des dents
2018-04-26 18:44:51 #rez-de-chaussée @Skido#0650: j'y ferai gaffe **rigole**
2018-04-26 18:45:24 #rez-de-chaussée @Une  rousse#6832: *en caresse une du bout du doigts*
2018-04-26 18:45:45 #rez-de-chaussée @Skido#0650: **frissonne légèrement**
2018-04-26 18:46:35 #rez-de-chaussée @Une  rousse#6832: *continue*
2018-04-26 18:46:50 #rez-de-chaussée @Skido#0650: (je re vite)
2018-04-26 18:47:10 #rez-de-chaussée @Une  rousse#6832: (Oki
2018-04-26 18:48:29 #rez-de-chaussée @Skido#0650: (re)
2018-04-26 18:49:11 #rez-de-chaussée @Une  rousse#6832: (Re
2018-04-26 18:50:16 #rez-de-chaussée @Skido#0650: **continue de frissoner au fur et à mesure qu'elle carresse sa cicatrice**
2018-04-26 18:52:23 #rez-de-chaussée @Une  rousse#6832: *sourir*
2018-04-26 18:54:16 #rez-de-chaussée @Skido#0650: arrete stp
2018-04-26 18:54:51 #rez-de-chaussée @Une  rousse#6832: D de désolé *se stop puis se relevé*
2018-04-26 18:55:02 #rez-de-chaussée @Skido#0650: pas grave
2018-04-26 18:56:02 #rez-de-chaussée @Une  rousse#6832: *embarrasser*
2018-04-26 18:56:26 #rez-de-chaussée @Skido#0650: ...
2018-04-26 18:57:19 #rez-de-chaussée @Une  rousse#6832: {Je n'aurais pas due faire sa} *baisse sa tête*
2018-04-26 18:57:45 #rez-de-chaussée @Skido#0650: hé t'sais faut pas être triste
2018-04-26 18:58:24 #rez-de-chaussée @Une  rousse#6832: Je je suis pas triste
2018-04-26 18:58:42 #rez-de-chaussée @Skido#0650: j'ai l'impression que si
2018-04-26 18:59:44 #rez-de-chaussée @Une  rousse#6832: Non ne tkt pas
2018-04-26 19:00:05 #rez-de-chaussée @Skido#0650: d'accord ^^
2018-04-26 19:01:09 #rez-de-chaussée @Une  rousse#6832: *souri un peu*
2018-04-26 19:01:43 #rez-de-chaussée @Skido#0650: **souris aussi et se lève**
2018-04-26 19:02:37 #rez-de-chaussée @Une  rousse#6832: *le regarde faire*
2018-04-26 19:02:51 #rez-de-chaussée @Skido#0650: bon bah je crois que je vais aller dans ma chambre
2018-04-26 19:03:23 #rez-de-chaussée @Une  rousse#6832: D'accord deku kun
2018-04-26 19:04:19 #rez-de-chaussée @Skido#0650: allez à+ **se dirige vers l'ascenceur**
2018-04-26 19:04:43 #rez-de-chaussée @Une  rousse#6832: A plus *se lève aussi*
2018-04-26 19:06:18 #rez-de-chaussée @Une  rousse#6832: *part*
