2018-04-25 05:50:33 #melihat-rank @DilthoZ#8322: /rank
2018-04-25 05:50:36 #melihat-rank @DilthoZ#8322: !rank
2018-04-25 05:50:42 #melihat-rank @DilthoZ#8322: Woi
2018-04-25 06:05:33 #melihat-rank @ĚvøŁvë Ăřţ#8122: !rank
2018-04-25 06:05:46 #melihat-rank @ĚvøŁvë Ăřţ#8122: *rank
2018-04-25 06:05:53 #melihat-rank @ĚvøŁvë Ăřţ#8122: .rank
2018-04-25 06:06:03 #melihat-rank @ĚvøŁvë Ăřţ#8122: !grank
2018-04-25 06:26:34 #melihat-rank @ĚvøŁvë Ăřţ#8122: !rank
2018-04-25 06:26:34 #melihat-rank @MEE6#4876: 
2018-04-25 06:26:34 #melihat-rank @MEE6#4876 edited message from 2018-04-25 06:26:34 () to read: 
2018-04-25 06:27:24 #melihat-rank @•Vïйďø•#7051: !rank
2018-04-25 06:27:24 #melihat-rank @MEE6#4876: 
2018-04-25 06:27:25 #melihat-rank @MEE6#4876 edited message from 2018-04-25 06:27:24 () to read: 
2018-04-26 08:11:31 #melihat-rank @Sheepy#9008: Ooo a new server! Thank you for adding me! \nBe sure to check out my website at https://sheepy.pw/ to edit my settings!<:sheepyHappy:330022775496638474>
2018-04-26 09:51:00 #melihat-rank @DilthoZ#8322: Sjsvsjd
2018-04-26 09:51:02 #melihat-rank @DilthoZ#8322: D dbjdjjsnsns
2018-04-26 09:51:03 #melihat-rank @DilthoZ#8322: Gila
2018-04-26 09:51:05 #melihat-rank @DilthoZ#8322: Bodo
2018-04-26 09:51:07 #melihat-rank @DilthoZ#8322: Amat
2018-04-26 09:51:09 #melihat-rank @DilthoZ#8322: Gg
2018-04-26 09:51:10 #melihat-rank @DilthoZ#8322: Wp
2018-04-26 09:51:13 #melihat-rank @DilthoZ#8322: Wadaw
2018-04-26 09:51:17 #melihat-rank @DilthoZ#8322: Wadadadadadadw
2018-04-26 09:51:19 #melihat-rank @DilthoZ#8322: Wdw
2018-04-26 09:51:20 #melihat-rank @DilthoZ#8322: Wdw
2018-04-26 09:51:22 #melihat-rank @DilthoZ#8322: Wdw
2018-04-26 09:51:25 #melihat-rank @DilthoZ#8322: !rank
2018-04-26 09:51:25 #melihat-rank @MEE6#4876: 
2018-04-26 09:51:25 #melihat-rank @MEE6#4876 edited message from 2018-04-26 09:51:25 () to read: 
2018-04-26 09:54:57 #melihat-rank @DilthoZ#8322: Shhsis
2018-04-26 09:54:58 #melihat-rank @DilthoZ#8322: Vsbsjs
2018-04-26 09:54:59 #melihat-rank @DilthoZ#8322: Sbebnenw n
2018-04-26 09:55:01 #melihat-rank @DilthoZ#8322: Wbbeiejhwvvw
2018-04-26 09:55:02 #melihat-rank @DilthoZ#8322: Bwbwiwbdbdje
2018-04-26 09:55:08 #melihat-rank @DilthoZ#8322: Wwhwheg
2018-04-26 09:55:09 #melihat-rank @DilthoZ#8322: Wwowoowow
2018-04-26 09:55:10 #melihat-rank @DilthoZ#8322: Wwoowowow
2018-04-26 09:55:12 #melihat-rank @DilthoZ#8322: Wowowoowe-_-+-_-+
2018-04-26 09:55:14 #melihat-rank @DilthoZ#8322: Hwjwijw
2018-04-26 09:55:17 #melihat-rank @DilthoZ#8322: !rank
2018-04-26 09:55:17 #melihat-rank @MEE6#4876: 
2018-04-26 09:55:18 #melihat-rank @MEE6#4876 edited message from 2018-04-26 09:55:17 () to read: 
