2018-04-23 00:23:15 this bot joined the server
2018-04-23 00:23:15 Role created: 'Synapse' (id 437770393411911709)
2018-04-23 00:23:15 Member role add: 'Synapse' role was added to @Synapse#0692
2018-04-23 00:24:05 Member join: @PenguBot#9722 (id 303181184718995457)
2018-04-23 00:24:05 Member role add: 'PenguBot' role was added to @PenguBot#9722
2018-04-23 00:24:05 Role created: 'PenguBot' (id 437770601818619905)
2018-04-23 00:24:05 Member role add: 'PenguBot' role was added to @PenguBot#9722
2018-04-23 00:44:07 Member join: @Emmzy ♪ ~ ᕕ(ᐛ)ᕗ#1553 (id 395035905032847390)
2018-04-23 01:06:38 Member leave: @Emmzy ♪ ~ ᕕ(ᐛ)ᕗ#1553 (id 395035905032847390)
2018-04-23 16:37:49 Member join: @Crabsquid#3792 (id 405187116247547916)
2018-04-23 16:50:00 Member username: '@Crabsquid#3792' (id 405187116247547916) changed username from 'Crabsquid' to 'The bisexual MEME'
2018-04-23 19:18:24 Member join: @FaZe GrAf WhALe ZeBrA jEsUs#7371 (id 315218542985216003)
2018-04-23 20:33:46 Member join: @Emmzy ♪ ~ ᕕ(ᐛ)ᕗ#1553 (id 395035905032847390)
2018-04-23 20:34:39 Member join: @PikaGirl#7552 (id 169678500893163520)
2018-04-23 20:34:39 Role created: 'PikaGirl' (id 438075254565502997)
2018-04-23 20:34:39 Member role add: 'PikaGirl' role was added to @PikaGirl#7552
2018-04-23 20:34:39 Member role add: 'PikaGirl' role was added to @PikaGirl#7552
2018-04-23 21:06:15 Member role add: 'moms' role was added to @Ais#7090
2018-04-23 21:35:54 Member join: @Garbage#9913 (id 404043901968842765)
2018-04-24 00:51:33 Member username: '@Garbage#9913' (id 404043901968842765) changed username from 'Garbage' to 'Princess Garbage'
2018-04-24 20:33:28 Member role add: 'moms' role was added to @Emmzy ♪ ~ ᕕ(ᐛ)ᕗ#1553
2018-04-25 04:49:30 Member join: @Nobu#3276 (id 434906319770746880)
2018-04-25 19:55:10 Member role remove: The 'moms' role was removed from @Emmzy ♪ ~ ᕕ(ᐛ)ᕗ#1553
2018-04-25 19:55:26 Member role add: 'moms' role was added to @Nobu#3276
2018-04-25 19:55:38 Role created: 'new role' (id 438790208209682433)
2018-04-25 19:55:54 Role position: 'PenguBot' changed from 2 to 3
2018-04-25 19:55:54 Role permissions: 'Synapse' changed from 8 to 262216
2018-04-25 19:55:54 Role position: 'Synapse' changed from 2 to 4
2018-04-25 19:55:54 Role permissions: 'Tatsumaki' changed from 12659727 to 12921935
2018-04-25 19:55:54 Role position: 'Tatsumaki' changed from 2 to 5
2018-04-25 19:55:54 Role permissions: 'Yui (ユイ)' changed from 271641726 to 271903870
2018-04-25 19:55:54 Role position: 'Yui (ユイ)' changed from 2 to 6
2018-04-25 19:55:54 Role position: 'moms' changed from 2 to 7
2018-04-25 19:55:54 Role renamed: 'new role' to 'daddy'
2018-04-25 19:55:54 Role color: 'new role' changed from #000000 to #1abc9c
2018-04-25 19:55:54 Role permissions: 'new role' changed from 104324161 to 104324169
2018-04-25 19:56:02 Member role add: 'daddy' role was added to @Prometheus#8543
2018-04-25 19:56:11 Role position: 'PikaGirl' changed from 2 to 1
2018-04-25 19:56:11 Role position: 'PenguBot' changed from 3 to 2
2018-04-25 19:56:11 Role position: 'Synapse' changed from 4 to 3
2018-04-25 19:56:11 Role position: 'Tatsumaki' changed from 5 to 4
2018-04-25 19:56:11 Role position: 'Yui (ユイ)' changed from 6 to 5
2018-04-25 19:56:11 Role position: 'daddy' changed from 1 to 6
2018-04-26 04:50:15 Member username: '@Princess Garbage#9913' (id 404043901968842765) changed username from 'Princess Garbage' to 'Garbage'
2018-04-26 22:53:22 Member username: '@The bisexual MEME#3792' (id 405187116247547916) changed username from 'The bisexual MEME' to 'The Bisexual Communist'
2018-05-01 01:38:40 Member leave: @Emmzy ♪ ~ ᕕ(ᐛ)ᕗ#1553 (id 395035905032847390)
