2018-04-26 11:58:00 #general @Synapse#0692: 
2018-04-26 11:59:48 #general @Ghostplay R2#1298: 
2018-04-26 12:00:24 #general @miraculsladybug#4824: look
2018-04-26 12:01:29 #general @miraculsladybug#4824: .multicolor 2 Discord Managers
2018-04-26 12:01:37 #general @miraculsladybug#4824: ?
2018-04-26 12:01:41 #general @miraculsladybug#4824: Why isnt it working
2018-04-26 12:01:52 #general @miraculsladybug#4824: nvm i forgot to give it all perms lol
2018-04-26 12:01:55 #general @IngenMerÄnFejbian#7542: :multicolor 2 Discord Managers
2018-04-26 12:01:56 #general @IngenMerÄnFejbian#7542: oh
2018-04-26 12:02:11 #general @IngenMerÄnFejbian#7542 deleted message from 2018-04-26 12:01:55 (:multicolor 2 Discord Managers)
2018-04-26 12:02:26 #general @miraculsladybug#4824: no
2018-04-26 12:02:28 #general @miraculsladybug#4824: now
2018-04-26 12:02:36 #general @miraculsladybug#4824: .multicolor 2 Discord Managers
2018-04-26 12:02:50 #general @miraculsladybug#4824: Why doesnt it work..
2018-04-26 12:02:52 #general @miraculsladybug#4824: Oh
2018-04-26 12:02:53 #general @IngenMerÄnFejbian#7542: :/
2018-04-26 12:02:56 #general @miraculsladybug#4824: Now i know
2018-04-26 12:03:56 #general @IngenMerÄnFejbian#7542: 😴
2018-04-26 12:04:46 #general @miraculsladybug#4824: there
2018-04-26 12:04:47 #general @miraculsladybug#4824: now
2018-04-26 12:04:51 #general @miraculsladybug#4824: hope this works..
2018-04-26 12:04:58 #general @miraculsladybug#4824: .multicolor 2 discord managers
2018-04-26 12:05:03 #general @miraculsladybug#4824: NOOOOOOOOOOOOOOOOOOOOOOOOO
2018-04-26 12:05:17 #general @IngenMerÄnFejbian#7542: :multicolor 2 discord managers
2018-04-26 12:05:31 #general @miraculsladybug#4824: realised now.
2018-04-26 12:05:39 #general @IngenMerÄnFejbian#7542 deleted message from 2018-04-26 12:05:17 (:multicolor 2 discord managers)
2018-04-26 12:05:41 #general @miraculsladybug#4824: Now.
2018-04-26 12:05:51 #general @miraculsladybug#4824: .multicolor 2 discord managers
2018-04-26 12:06:06 #general @miraculsladybug#4824: .multicolor 2 Discord Managers
2018-04-26 12:06:13 #general @miraculsladybug#4824: ...
2018-04-26 12:06:13 #general @IngenMerÄnFejbian#7542: do !multicolor 2 discord managers
2018-04-26 12:06:23 #general @miraculsladybug#4824: !multicolor 2 Discord Managers
2018-04-26 12:06:55 #general @miraculsladybug#4824: I understand.
2018-04-26 12:07:07 #general @miraculsladybug#4824: I need only 1 person to be the manager to it to work
2018-04-26 12:07:09 #general @miraculsladybug#4824: for*
2018-04-26 12:07:18 #general @IngenMerÄnFejbian#7542: e.e
2018-04-26 12:07:25 #general @IngenMerÄnFejbian#7542: Well i dont need it
2018-04-26 12:07:33 #general @IngenMerÄnFejbian#7542: u can have thy rainbow 😉
2018-04-26 12:26:28 #general @miraculsladybug#4824: l
2018-04-26 12:26:30 #general @miraculsladybug#4824: k
2018-04-26 12:28:02 #general @miraculsladybug#4824: .multicolor 2 Discord Managers
2018-04-26 12:28:08 #general @miraculsladybug#4824: nvm
2018-04-26 12:28:14 #general @miraculsladybug#4824: i just wont do it
2018-04-26 12:28:25 #general @IngenMerÄnFejbian#7542: k
2018-04-26 14:04:18 #general @iiPelajo [RBX]#3016: 
2018-04-26 14:04:48 #general @iiPelajo [RBX]#3016: Hello guys, I joined the disc t0d4y!
2018-04-26 14:18:32 #general @iiPelajo [RBX]#3016: A short SV about me (attachment url(s): https://cdn.discordapp.com/attachments/438310740466597899/439067765463187457/SV.png)
