2018-04-28 04:20:44 #nsfw @Mad_Turtle_BUM#7681: +rule34 shadman
2018-04-28 04:20:44 #nsfw @KawaiiBot#0769: https://img.rule34.xxx/images/2471/f58c2586100dd9ea85b1662417c9ad61.jpeg
2018-04-28 04:20:45 #nsfw @KawaiiBot#0769 edited message from 2018-04-28 04:20:44 (https://img.rule34.xxx/images/2471/f58c2586100dd9ea85b1662417c9ad61.jpeg) to read: https://img.rule34.xxx/images/2471/f58c2586100dd9ea85b1662417c9ad61.jpeg
2018-04-28 04:20:55 #nsfw @Mad_Turtle_BUM#7681: +rule34 shadman
2018-04-28 04:20:55 #nsfw @KawaiiBot#0769: https://img.rule34.xxx/images/211/9860be56c6b8ca4458fe175eab24d837.jpeg
2018-04-28 04:20:56 #nsfw @KawaiiBot#0769 edited message from 2018-04-28 04:20:55 (https://img.rule34.xxx/images/211/9860be56c6b8ca4458fe175eab24d837.jpeg) to read: https://img.rule34.xxx/images/211/9860be56c6b8ca4458fe175eab24d837.jpeg
2018-04-28 04:21:04 #nsfw @Mad_Turtle_BUM#7681: +rule34 shadman
2018-04-28 04:21:04 #nsfw @KawaiiBot#0769: https://img.rule34.xxx/images/2461/74744fa7be10c890fdc239970117b811.jpeg
2018-04-28 04:21:07 #nsfw @KawaiiBot#0769 edited message from 2018-04-28 04:21:04 (https://img.rule34.xxx/images/2461/74744fa7be10c890fdc239970117b811.jpeg) to read: https://img.rule34.xxx/images/2461/74744fa7be10c890fdc239970117b811.jpeg
2018-04-28 04:21:16 #nsfw @Mad_Turtle_BUM#7681: +rule34 shadman
2018-04-28 04:21:17 #nsfw @KawaiiBot#0769: https://img.rule34.xxx/images/2464/e9e77d15fa62e7aa7fe883911af9e898.jpeg
2018-04-28 04:21:19 #nsfw @KawaiiBot#0769 edited message from 2018-04-28 04:21:17 (https://img.rule34.xxx/images/2464/e9e77d15fa62e7aa7fe883911af9e898.jpeg) to read: https://img.rule34.xxx/images/2464/e9e77d15fa62e7aa7fe883911af9e898.jpeg
2018-04-28 15:13:56 #nsfw @Dan#3081: +rule34 qjjten
2018-04-28 15:13:56 #nsfw @KawaiiBot#0769: No results found ;-;
2018-04-28 15:14:08 #nsfw @Dan#3081: +rule34 cancer
2018-04-28 15:14:09 #nsfw @KawaiiBot#0769: https://img.rule34.xxx/images/1933/4ecda0b8b8cef7d66266c8c944ebc69f.jpeg
2018-04-28 15:14:09 #nsfw @KawaiiBot#0769 edited message from 2018-04-28 15:14:09 (https://img.rule34.xxx/images/1933/4ecda0b8b8cef7d66266c8c944ebc69f.jpeg) to read: https://img.rule34.xxx/images/1933/4ecda0b8b8cef7d66266c8c944ebc69f.jpeg
2018-04-28 15:14:33 #nsfw @Dan#3081: +rule34 avacodes
2018-04-28 15:14:34 #nsfw @KawaiiBot#0769: No results found ;-;
2018-04-28 15:14:52 #nsfw @Dan#3081: Avocados*
2018-04-28 15:15:01 #nsfw @Dan#3081: +rule34 avocados
2018-04-28 15:15:02 #nsfw @KawaiiBot#0769: No results found ;-;
2018-04-28 15:15:10 #nsfw @Dan#3081: +rule34 apple
2018-04-28 15:15:11 #nsfw @KawaiiBot#0769: https://img.rule34.xxx/images/2445/5c301c8cb1106465401fcdd1a20e02e088623df4.jpg
2018-04-28 15:15:12 #nsfw @KawaiiBot#0769 edited message from 2018-04-28 15:15:11 (https://img.rule34.xxx/images/2445/5c301c8cb1106465401fcdd1a20e02e088623df4.jpg) to read: https://img.rule34.xxx/images/2445/5c301c8cb1106465401fcdd1a20e02e088623df4.jpg
2018-04-28 15:15:38 #nsfw @Dan#3081: +rule34 furry
2018-04-28 15:15:38 #nsfw @KawaiiBot#0769: https://img.rule34.xxx/images/2475/425032b23ac892015cac8f2d97a57cb8.jpeg
2018-04-28 15:16:08 #nsfw @Dan#3081: wtf
