2018-04-24 11:47:44 #general @Synapse#0692: 
2018-04-24 11:52:34 #general @Ramon_#7013: Hallo sympanse
2018-04-24 11:52:37 #general @Ramon_#7013: Eh synapse
2018-04-24 11:52:45 #general @Wiki#3343: hay
2018-04-24 11:52:59 #general @Ramon_#7013: Kok bot asu
2018-04-24 11:53:01 #general @Ramon_#7013: gw kira orang
2018-04-24 11:53:04 #general @Wiki#3343: aeokoeako
2018-04-24 11:53:10 #general @Ramon_#7013: 😊
2018-04-24 11:54:51 #general @Wiki#3343: sek kir
2018-04-24 11:56:41 #general @Ramon_#7013: sek sak sek
2018-04-24 11:56:43 #general @Ramon_#7013: SEX
2018-04-24 12:02:35 #general @Wiki#3343: tumbuh wey wkwk (attachment url(s): https://cdn.discordapp.com/attachments/416814252297420803/438308774546112515/unknown.png)
2018-04-24 12:04:24 #general @Ramon_#7013: Muantap panen
2018-04-24 12:21:19 #general @Borang Channel#7356: anjay gurinjay
2018-04-24 12:26:49 #general @Ramon_#7013: Anjay gurame
2018-04-24 12:27:12 #general @Borang Channel#7356: wiki mana wiki
2018-04-24 12:53:05 #general @Ramon_#7013: Otw on
2018-04-24 12:59:43 #general @Borang Channel#7356: masih bingung mau maen game apaan ini
2018-04-24 12:59:53 #general @Ramon_#7013: @FavFavFavFav
2018-04-24 12:59:56 #general @Ramon_#7013: @babang tamvan
2018-04-24 12:59:57 #general @FavFavFavFav#4048: yap?
2018-04-24 13:00:00 #general @Ramon_#7013: Ros kuy
2018-04-24 13:00:05 #general @FavFavFavFav#4048: kuy
2018-04-24 13:00:13 #general @Ramon_#7013: Ros ham @@ilham_put26
2018-04-24 13:00:47 #general @Borang Channel#7356: ntar nyelesain1 game
2018-04-24 13:00:50 #general @Ramon_#7013: Ok
2018-04-24 13:02:54 #general @Borang Channel#7356: warnet wik ?
2018-04-24 13:02:57 #general @FavFavFavFav#4048: cuman 1 orang?
2018-04-24 13:03:00 #general @Ramon_#7013: Wait relog
2018-04-24 13:03:29 #general @Borang Channel#7356: ntar maen
2018-04-24 13:03:30 #general @Borang Channel#7356: sabar
2018-04-24 13:03:37 #general @Borang Channel#7356: lagi mau dapaet tactile
2018-04-24 13:03:40 #general @Ramon_#7013: Msh lama tdk ham
2018-04-24 13:03:51 #general @FavFavFavFav#4048: tunggu ilham aja
2018-04-24 13:04:08 #general @FavFavFavFav#4048: ama wiki
2018-04-24 13:04:33 #general @Borang Channel#7356: 3 menit
2018-04-24 13:07:20 #general @Borang Channel#7356: 1mnit
2018-04-24 13:07:26 #general @Wiki#3343: gw nowghast dlo
2018-04-24 13:07:30 #general @Ramon_#7013: Yah
2018-04-24 13:07:36 #general @Wiki#3343: itu mau main apa
2018-04-24 13:07:40 #general @Ramon_#7013: Ros
2018-04-24 13:07:45 #general @Wiki#3343: oala
2018-04-24 13:07:45 #general @Ramon_#7013: udah sm aswad sm ilham
2018-04-24 13:07:48 #general @Wiki#3343: wih
2018-04-24 13:07:53 #general @Ramon_#7013: Ayola wik
2018-04-24 13:07:58 #general @Wiki#3343: sabar kimaq
2018-04-24 13:09:03 #general @Borang Channel#7356: kdowkdoaw dafuq
2018-04-24 13:09:07 #general @Borang Channel#7356: dapat 3hari tactille
2018-04-24 13:09:11 #general @Borang Channel#7356: ajg wik rugi dak maen dkawodkowa
2018-04-24 13:09:19 #general @Wiki#3343: hooh njeng
2018-04-24 13:09:20 #general @Ramon_#7013: Ayo ham
2018-04-24 13:09:21 #general @Wiki#3343: yowis
2018-04-24 13:09:23 #general @Wiki#3343: aku dapetin dlo
2018-04-24 13:09:24 #general @Wiki#3343: :V
2018-04-24 13:09:25 #general @Borang Channel#7356: ayo ros
2018-04-24 13:09:29 #general @Borang Channel#7356: eleh dak boleh pb
2018-04-24 13:09:30 #general @Borang Channel#7356: ros
2018-04-24 13:09:46 #general @Ramon_#7013: Login qmax
2018-04-24 13:10:45 #general @Ramon_#7013: @FavFavFavFav
2018-04-24 13:10:55 #general @FavFavFavFav#4048: sante ajg
2018-04-24 13:12:06 #general @FavFavFavFav#4048: bagi cit
2018-04-24 13:12:26 #general @Ramon_#7013: Cepet pake
2018-04-24 13:12:32 #general @Ramon_#7013:  (attachment url(s): https://cdn.discordapp.com/attachments/416814252297420803/438326380313313280/Histidinc_Cit_R0S_5.0.rar)
2018-04-24 13:13:37 #general @Wiki#3343: disaat ngejar menit pb
2018-04-24 13:13:39 #general @Wiki#3343: ketemu si kntl
2018-04-24 13:14:03 #general @Wiki#3343:  (attachment url(s): https://cdn.discordapp.com/attachments/416814252297420803/438326758585139205/unknown.png)
2018-04-24 13:15:46 #general @Sleepybmnxx#2335: Woy
2018-04-24 13:15:52 #general @Sleepybmnxx#2335: GOBLOK
2018-04-24 13:15:56 #general @Sleepybmnxx#2335: CHEATER
2018-04-24 13:16:03 #general @Sleepybmnxx#2335: Bagi link dong
2018-04-24 13:16:05 #general @Sleepybmnxx#2335: :v
2018-04-24 13:17:27 #general @Ramon_#7013: Lo siapa woi
2018-04-24 13:17:29 #general @Ramon_#7013: Sleepy ngentot
2018-04-24 13:17:40 #general @Sleepybmnxx#2335: Nyanyang Paltot
2018-04-24 13:17:51 #general @Ramon_#7013: si pubg mobel
2018-04-24 13:17:59 #general @Sleepybmnxx#2335: Pubg Analog
2018-04-24 13:18:00 #general @Borang Channel#7356: adanya cheat kdwaodkaowdkawodkao
2018-04-24 13:18:15 #general @Wiki#3343: cit kok oaewkaokawdokawkoda
2018-04-24 13:18:29 #general @Sleepybmnxx#2335: namaku tak berwarna
2018-04-24 13:18:32 #general @Sleepybmnxx#2335: KONTOLLL
2018-04-24 13:18:36 #general @Sleepybmnxx#2335: RASIS GOBLOG
2018-04-24 13:18:49 #general @Ramon_#7013:  (attachment url(s): https://cdn.discordapp.com/attachments/416814252297420803/438327958915121152/Screenshot_194.png)
2018-04-24 13:18:59 #general @Borang Channel#7356: itu baru rasis
2018-04-24 13:19:05 #general @Sleepybmnxx#2335: AKWLWKWKKWKW
2018-04-24 13:19:08 #general @Sleepybmnxx#2335: SEDIH
2018-04-24 13:19:10 #general @Borang Channel#7356:  (attachment url(s): https://cdn.discordapp.com/attachments/416814252297420803/438328048094543874/unknown.png)
2018-04-24 13:19:15 #general @Ramon_#7013:  (attachment url(s): https://cdn.discordapp.com/attachments/416814252297420803/438328068621467658/Screenshot_195.png)
2018-04-24 13:19:23 #general @Sleepybmnxx#2335: Di bully om lutfi CABUL
2018-04-24 13:19:24 #general @Borang Channel#7356: kdwaokdaw gblk ram
2018-04-24 13:19:47 #general @Borang Channel#7356:  (attachment url(s): https://cdn.discordapp.com/attachments/416814252297420803/438328203455496192/unknown.png)
2018-04-24 13:19:59 #general @Ramon_#7013: ketawa di foto ajg awdkoakoawdkoawd
2018-04-24 13:20:44 #general @Wiki#3343:  (attachment url(s): https://cdn.discordapp.com/attachments/416814252297420803/438328443235467284/zx.PNG)
2018-04-24 13:21:10 #general @Borang Channel#7356: dkwaodka
2018-04-24 13:21:13 #general @Ramon_#7013: kalo ngechat harus foto lah skrng mah
2018-04-24 13:21:24 #general @Borang Channel#7356:  (attachment url(s): https://cdn.discordapp.com/attachments/416814252297420803/438328611850944522/unknown.png)
2018-04-24 13:21:31 #general @Borang Channel#7356: ❤
2018-04-24 13:21:32 #general @Ramon_#7013: Uhhhhhhh
2018-04-24 13:21:34 #general @Borang Channel#7356:  (attachment url(s): https://cdn.discordapp.com/attachments/416814252297420803/438328650346266640/unknown.png)
2018-04-24 13:21:46 #general @Ramon_#7013 edited message from 2018-04-24 13:21:32 (Uhhhhhhh) to read: Ilham
2018-04-24 13:21:52 #general @Borang Channel#7356 deleted message from 2018-04-24 13:21:34 ()
2018-04-24 13:21:53 #general @Ramon_#7013 deleted message from 2018-04-24 13:21:32 (Ilham)
2018-04-24 13:22:01 #general @Borang Channel#7356:  (attachment url(s): https://cdn.discordapp.com/attachments/416814252297420803/438328766419435522/unknown.png)
2018-04-24 13:22:08 #general @Ramon_#7013: Horeeeeeee
2018-04-24 13:22:33 #general @Ramon_#7013: Anjay lah lu wik
2018-04-24 13:22:45 #general @Borang Channel#7356: WoyTR ganti Indogs
2018-04-24 13:23:28 #general @Lyvia#7485: hah? wkwk
2018-04-24 13:23:50 #general @Borang Channel#7356: di rusuh oleh @babang tamvan
2018-04-24 13:24:06 #general @Ramon_#7013: Dibajak ryan
2018-04-24 13:24:24 #general @Borang Channel#7356: pake teamviewer td sama ryan
2018-04-24 13:25:38 #general @Lyvia#7485: ah boong wkwk
2018-04-24 13:31:09 #general @Sleepybmnxx#2335: Wedew
2018-04-24 13:31:35 #general @Sleepybmnxx#2335:  (attachment url(s): https://cdn.discordapp.com/attachments/416814252297420803/438331172997562368/IMG-20180424-WA0012.jpg)
2018-04-24 13:37:45 #general @Borang Channel#7356: cacat gamenya
2018-04-24 13:40:51 #general @Borang Channel#7356:  (attachment url(s): https://cdn.discordapp.com/attachments/416814252297420803/438333503726288928/unknown.png)
2018-04-24 13:56:00 #general @Wiki#3343:  (attachment url(s): https://cdn.discordapp.com/attachments/416814252297420803/438337318613549056/unknown.png)
2018-04-24 14:09:59 #general @Borang Channel#7356: not re[pmdomg
2018-04-24 14:10:06 #general @Wiki#3343: gw ngantuk weh :v
2018-04-24 14:10:16 #general @Borang Channel#7356: game cacat
2018-04-24 14:10:21 #general @Wiki#3343: gw jg not respon njer
2018-04-24 14:10:22 #general @Wiki#3343: wkwk
2018-04-24 14:10:26 #general @Wiki#3343: spectate ashu
2018-04-24 14:10:27 #general @Wiki#3343: :'v
2018-04-24 14:12:14 #general @Borang Channel#7356: !!!p jkt48
2018-04-24 14:12:15 #general @dabBot#0563: `1` [MV] Cinta yang Tulus, Crescendo (Junai no Crescendo) - JKT48 by JKT48 `[05:37]`\n`2` JKT48 Acoustic 'Bruno Mars - Just The Way You Are' Acoustic Cover by JKT48 `[03:44]`\n`3` [MV] Dirimu Melody (Kimi wa Melody) - JKT48 by JKT48 `[05:30]`\n`4` [MV] Fortune Cookie in Love (Fortune Cookie Yang Mencinta) - JKT48 by JKT48 `[06:19]`\n`5` JKT48 Team kiii - Bel terakhir berbunyi by JKT48 theater `[65:17]`\n\n**To choose**, use `!!!choose <number>`\nExample: `!!!choose 2` would pick the second option.\n**To cancel**, use `!!!cancel`.
2018-04-24 14:12:24 #general @Borang Channel#7356: !!!c 4
2018-04-24 14:12:24 #general @dabBot#0563: Now playing **[MV] Fortune Cookie in Love (Fortune Cookie Yang Mencinta) - JKT48** by **JKT48** `[06:19]`
2018-04-25 01:44:51 #general @Ramon_#7013: !!!stop
2018-04-25 01:44:51 #general @dabBot#0563: Left the voice channel.
2018-04-25 08:13:33 #general @Ramon_#7013: @babang tamvan
2018-04-25 08:13:53 #general @babang tamvan#3145: Apaaa
2018-04-25 08:14:07 #general @Sleepybmnxx#2335: hilih kangen
2018-04-25 09:07:48 #general @Borang Channel#7356: !!!P evryday susukntlmanis
2018-04-25 09:07:49 #general @dabBot#0563: `1` EVERYDAY SUSUKNTLMANIS - ERICKO LIM by Ericko Lim `[02:56]`\n`2` #SUSUKNTLMANIS SONG - FILTHY RICKZ by Ericko Lim `[03:44]`\n`3` COLI COLI COLI BROCOLI SONG - Ericko Lim by Ericko Lim `[04:28]`\n`4` ErickoLim Song - Susukntlmanis Lirik by Aljarsta Channel `[01:42]`\n`5` Nightcore - EVERYDAY SUSU KNTL MANIS by Xyntac `[02:39]`\n\n**To choose**, use `!!!choose <number>`\nExample: `!!!choose 2` would pick the second option.\n**To cancel**, use `!!!cancel`.
2018-04-25 09:07:50 #general @Borang Channel#7356: !!!c 1
2018-04-25 09:07:51 #general @dabBot#0563: Now playing **EVERYDAY SUSUKNTLMANIS - ERICKO LIM** by **Ericko Lim** `[02:56]`
2018-04-25 09:08:00 #general @Gepengnya#1902: !!!s
2018-04-25 09:08:05 #general @Borang Channel#7356: ??
2018-04-25 09:08:19 #general @Borang Channel#7356: !!!p evryday susukntlmanis
2018-04-25 09:08:19 #general @dabBot#0563: `1` EVERYDAY SUSUKNTLMANIS - ERICKO LIM by Ericko Lim `[02:56]`\n`2` #SUSUKNTLMANIS SONG - FILTHY RICKZ by Ericko Lim `[03:44]`\n`3` COLI COLI COLI BROCOLI SONG - Ericko Lim by Ericko Lim `[04:28]`\n`4` ErickoLim Song - Susukntlmanis Lirik by Aljarsta Channel `[01:42]`\n`5` Nightcore - EVERYDAY SUSU KNTL MANIS by Xyntac `[02:39]`\n\n**To choose**, use `!!!choose <number>`\nExample: `!!!choose 2` would pick the second option.\n**To cancel**, use `!!!cancel`.
2018-04-25 09:08:23 #general @Borang Channel#7356: !!!C 1
2018-04-25 09:08:23 #general @dabBot#0563: Now playing **EVERYDAY SUSUKNTLMANIS - ERICKO LIM** by **Ericko Lim** `[02:56]`
2018-04-25 09:08:30 #general @Borang Channel#7356 deleted message from 2018-04-25 09:08:05 (??)
2018-04-25 09:09:00 #general @Gepengnya#1902: !!!s
2018-04-25 09:09:37 #general @Borang Channel#7356: !!!p evryday susukntlmanis
2018-04-25 09:09:37 #general @dabBot#0563: `1` EVERYDAY SUSUKNTLMANIS - ERICKO LIM by Ericko Lim `[02:56]`\n`2` #SUSUKNTLMANIS SONG - FILTHY RICKZ by Ericko Lim `[03:44]`\n`3` COLI COLI COLI BROCOLI SONG - Ericko Lim by Ericko Lim `[04:28]`\n`4` ErickoLim Song - Susukntlmanis Lirik by Aljarsta Channel `[01:42]`\n`5` Nightcore - EVERYDAY SUSU KNTL MANIS by Xyntac `[02:39]`\n\n**To choose**, use `!!!choose <number>`\nExample: `!!!choose 2` would pick the second option.\n**To cancel**, use `!!!cancel`.
2018-04-25 09:09:39 #general @Borang Channel#7356: !!!C 1
2018-04-25 09:09:39 #general @dabBot#0563: Now playing **EVERYDAY SUSUKNTLMANIS - ERICKO LIM** by **Ericko Lim** `[02:56]`
2018-04-25 09:10:02 #general @Gepengnya#1902: !!!s
2018-04-25 09:10:06 #general @Borang Channel#7356: !!!p evryday susukntlmanis
2018-04-25 09:10:07 #general @dabBot#0563: `1` EVERYDAY SUSUKNTLMANIS - ERICKO LIM by Ericko Lim `[02:56]`\n`2` #SUSUKNTLMANIS SONG - FILTHY RICKZ by Ericko Lim `[03:44]`\n`3` COLI COLI COLI BROCOLI SONG - Ericko Lim by Ericko Lim `[04:28]`\n`4` ErickoLim Song - Susukntlmanis Lirik by Aljarsta Channel `[01:42]`\n`5` Nightcore - EVERYDAY SUSU KNTL MANIS by Xyntac `[02:39]`\n\n**To choose**, use `!!!choose <number>`\nExample: `!!!choose 2` would pick the second option.\n**To cancel**, use `!!!cancel`.
2018-04-25 09:10:09 #general @Borang Channel#7356: !!!c 1
2018-04-25 09:10:09 #general @dabBot#0563: Now playing **EVERYDAY SUSUKNTLMANIS - ERICKO LIM** by **Ericko Lim** `[02:56]`
2018-04-25 09:11:17 #general @Borang Channel#7356 deleted message from 2018-04-25 09:10:09 (!!!c 1)
2018-04-25 09:11:20 #general @Borang Channel#7356 deleted message from 2018-04-25 09:10:06 (!!!p evryday susukntlmanis)
2018-04-25 09:11:24 #general @Borang Channel#7356 deleted message from 2018-04-25 09:09:39 (!!!C 1)
2018-04-25 09:11:28 #general @Borang Channel#7356 deleted message from 2018-04-25 09:09:37 (!!!p evryday susukntlmanis)
2018-04-25 09:11:35 #general @Borang Channel#7356 deleted message from 2018-04-25 09:08:23 (!!!C 1)
2018-04-25 09:11:39 #general @Borang Channel#7356 deleted message from 2018-04-25 09:08:19 (!!!p evryday susukntlmanis)
2018-04-25 09:11:42 #general @Gepengnya#1902: !!!s
2018-04-25 09:11:43 #general @Borang Channel#7356 deleted message from 2018-04-25 09:07:50 (!!!c 1)
2018-04-25 09:11:46 #general @Gepengnya#1902: wakoakoaka kontool
2018-04-25 09:11:47 #general @Borang Channel#7356 deleted message from 2018-04-25 09:07:48 (!!!P evryday susukntlmanis)
2018-04-25 09:11:50 #general @Borang Channel#7356: !!!p evryday susukntlmanis
2018-04-25 09:11:51 #general @dabBot#0563: `1` EVERYDAY SUSUKNTLMANIS - ERICKO LIM by Ericko Lim `[02:56]`\n`2` #SUSUKNTLMANIS SONG - FILTHY RICKZ by Ericko Lim `[03:44]`\n`3` COLI COLI COLI BROCOLI SONG - Ericko Lim by Ericko Lim `[04:28]`\n`4` ErickoLim Song - Susukntlmanis Lirik by Aljarsta Channel `[01:42]`\n`5` Nightcore - EVERYDAY SUSU KNTL MANIS by Xyntac `[02:39]`\n\n**To choose**, use `!!!choose <number>`\nExample: `!!!choose 2` would pick the second option.\n**To cancel**, use `!!!cancel`.
2018-04-25 09:11:51 #general @Borang Channel#7356: :v
2018-04-25 09:11:54 #general @Borang Channel#7356: !!!c 1
2018-04-25 09:11:54 #general @dabBot#0563: Now playing **EVERYDAY SUSUKNTLMANIS - ERICKO LIM** by **Ericko Lim** `[02:56]`
2018-04-25 09:12:01 #general @Gepengnya#1902: ler
2018-04-25 09:16:07 #general @Borang Channel#7356:  (attachment url(s): https://cdn.discordapp.com/attachments/416814252297420803/438629271876009994/unknown.png)
2018-04-25 09:16:09 #general @Borang Channel#7356: beli game ini coeg
2018-04-25 09:16:26 #general @Gepengnya#1902: game apa cuki
2018-04-25 09:16:41 #general @Gepengnya#1902: ask survival ya
2018-04-25 09:16:42 #general @Gepengnya#1902: wkaoka
2018-04-25 09:16:46 #general @Borang Channel#7356: rust
2018-04-25 09:32:43 #general @Borang Channel#7356 deleted message from 2018-04-25 09:16:07 ()
2018-04-25 09:32:49 #general @Borang Channel#7356 deleted message from 2018-04-25 09:16:09 (beli game ini coeg)
2018-04-25 09:32:53 #general @Borang Channel#7356 deleted message from 2018-04-25 09:16:46 (rust)
2018-04-25 12:50:35 #general @Borang Channel#7356: !!!P kompilasi cover menunggu kamu
2018-04-25 12:50:35 #general @dabBot#0563: `1` Menunggu Kamu - Kesha dan Wafda (Cover) by soraya `[01:00]`\n`2` Payung Teduh - Akad | Resah | Berdua Saja | Ku Cari Kamu (Kompilasi Cover) by Chintya Gabriella by TOP TikTok Indonesia `[06:02]`\n`3` Menunggu Kamu - Anji cover by Chintya Gabriella by Hamtaro17 `[03:11]`\n`4` Anji - Menunggu Kamu (acoustic cover by eclat) by eclat story `[04:31]`\n`5` WAFDA DAN KESHA RATULIU COVER - Kompilasi Lagu Romantis by Insta_StoryKu `[08:30]`\n\n**To choose**, use `!!!choose <number>`\nExample: `!!!choose 2` would pick the second option.\n**To cancel**, use `!!!cancel`.
2018-04-25 12:50:45 #general @Borang Channel#7356: !!!cancel
2018-04-25 12:50:45 #general @dabBot#0563: Selection cancelled!
2018-04-25 12:50:50 #general @Borang Channel#7356: !!!p menunggu kamu cover
2018-04-25 12:50:50 #general @dabBot#0563: `1` Menunggu kamu - Anji (Chintya Gabriella Cover) by chintya gabriella `[02:54]`\n`2` Anji - Menunggu Kamu (acoustic cover by eclat) by eclat story `[04:31]`\n`3` Anji - Menunggu Kamu (COVER) by Della Firdatia by Della Firdatia `[04:34]`\n`4` Anji - Menunggu Kamu (Cover) Ost. Jelita Sejuba by Bagastar Pratama `[01:01]`\n`5` Anji - Menunggu Kamu ROCK Cover by Jeje GuitarAddict ft Murdani Kahar by Jeje GuitarAddict `[03:04]`\n\n**To choose**, use `!!!choose <number>`\nExample: `!!!choose 2` would pick the second option.\n**To cancel**, use `!!!cancel`.
2018-04-25 12:50:54 #general @Borang Channel#7356: !!!c 3
2018-04-25 12:50:54 #general @dabBot#0563: Now playing **Anji - Menunggu Kamu (COVER) by Della Firdatia** by **Della Firdatia** `[04:34]`
2018-04-25 13:10:27 #general @Borang Channel#7356: !!!P memeluk bulan cover
2018-04-25 13:10:28 #general @dabBot#0563: `1` Rossa - Memeluk Bulan | VC Trinity by Trinity Optima Production `[03:54]`\n`2` MEMELUK BULAN - ROSSA (By. Ajeng) cover by Ajeng Ijay.S.N `[01:52]`\n`3` Memeluk Bulan -Rossa ( cover by Yanee KAi) by Yanee KAI `[03:58]`\n`4` memeluk bulan - enda ungu by Uce Saman Suryaman `[01:13]`\n`5` Memeluk Bulan - Rossa ( with Lyric) by Ida Trisnani `[03:50]`\n\n**To choose**, use `!!!choose <number>`\nExample: `!!!choose 2` would pick the second option.\n**To cancel**, use `!!!cancel`.
2018-04-25 13:10:34 #general @Borang Channel#7356: !!!c 1
2018-04-25 13:10:35 #general @dabBot#0563: Now playing **Rossa - Memeluk Bulan | VC Trinity** by **Trinity Optima Production** `[03:54]`
2018-04-25 13:18:24 #general @Borang Channel#7356: kalo mau nyari gua
2018-04-25 13:18:28 #general @Borang Channel#7356: gua di pb :v
2018-04-25 13:18:34 #general @FavFavFavFav#4048: skip
2018-04-25 13:18:37 #general @FavFavFavFav#4048: main
2018-04-25 13:31:33 #general @Wiki#3343: ohiya
2018-04-25 13:31:34 #general @Wiki#3343: blm slsai
2018-04-25 13:31:35 #general @Wiki#3343: pb
2018-04-25 13:31:36 #general @Wiki#3343: wkwkw
2018-04-25 13:31:37 #general @Wiki#3343: ajg juga
2018-04-25 13:35:23 #general @Borang Channel#7356: ajg wik
2018-04-25 13:35:24 #general @Borang Channel#7356: kdowkdoa
2018-04-25 13:35:28 #general @Wiki#3343: opo
2018-04-25 13:35:32 #general @Borang Channel#7356:  (attachment url(s): https://cdn.discordapp.com/attachments/416814252297420803/438694553915097088/unknown.png)
2018-04-25 13:35:32 #general @Wiki#3343: wkwk
2018-04-25 13:35:35 #general @Wiki#3343: kimaq
2018-04-25 13:35:36 #general @Wiki#3343: waoekawokewa
2018-04-25 13:37:00 #general @Wiki#3343: weeh
2018-04-25 13:37:04 #general @Wiki#3343: mulai keren wkwk
2018-04-25 13:37:17 #general @Wiki#3343: @Gepengnya  jadiin gw admin di chnl lu ;v
2018-04-25 13:39:30 #general @Borang Channel#7356: oit
2018-04-25 13:39:34 #general @Borang Channel#7356: sabar lg maen
2018-04-25 13:39:38 #general @Wiki#3343: dih
2018-04-25 13:42:42 #general @Wiki#3343: ham
2018-04-25 13:44:52 #general @Borang Channel#7356: hmmm
2018-04-25 13:56:10 #general @Borang Channel#7356: aziqq
2018-04-25 13:59:07 #general @Nora Akaru#7147: mau PB?
2018-04-25 14:00:07 #general @Wiki#3343: mau
2018-04-25 14:00:09 #general @Wiki#3343: ayo
2018-04-25 14:03:30 #general @Nora Akaru#7147: bentar
2018-04-25 14:06:41 #general @Nora Akaru#7147: join TS wik
2018-04-25 14:06:43 #general @Nora Akaru#7147: @Wiki
2018-04-25 14:15:32 #general @Wiki#3343: lu ngapa disono
2018-04-25 14:15:34 #general @Wiki#3343: sni dibwah
2018-04-25 14:16:26 #general @Nora Akaru#7147: ASTAJIM\nGA LIAT
2018-04-25 14:16:27 #general @Nora Akaru#7147: SUER
2018-04-25 15:09:21 #general @Wiki#3343: !!!p aku pasti kembali
2018-04-25 15:09:22 #general @dabBot#0563: `1` Pasto - Aku Pasti Kembali by Le Moesiek Revole `[04:51]`\n`2` Pasto ~ Aku Pasti Kembali by rischaku `[04:36]`\n`3` Pasto Aku pasti kembali by Rachel Rama G `[05:02]`\n`4` RATU - Aku Pasti Kembali ( HQ ) by shaggy line `[04:36]`\n`5` Krisdayanti - Aku Pasti Kembali [Official Music Video] by Le Moesiek Revole `[04:35]`\n\n**To choose**, use `!!!choose <number>`\nExample: `!!!choose 2` would pick the second option.\n**To cancel**, use `!!!cancel`.
2018-04-25 15:09:25 #general @Wiki#3343: !!!c 1
2018-04-25 15:09:25 #general @dabBot#0563: Now playing **Pasto - Aku Pasti Kembali** by **Le Moesiek Revole** `[04:51]`
2018-04-25 15:11:24 #general @Wiki#3343: !!!s
2018-04-25 15:15:52 #general @Wiki#3343: !!!p menunggu kamu cover
2018-04-25 15:15:53 #general @dabBot#0563: `1` Menunggu kamu - Anji (Chintya Gabriella Cover) by chintya gabriella `[02:54]`\n`2` Anji - Menunggu Kamu (acoustic cover by eclat) by eclat story `[04:31]`\n`3` Anji - Menunggu Kamu (COVER) by Della Firdatia by Della Firdatia `[04:34]`\n`4` Anji - Menunggu Kamu (Cover) Ost. Jelita Sejuba by Bagastar Pratama `[01:01]`\n`5` Anji - Menunggu Kamu ROCK Cover by Jeje GuitarAddict ft Murdani Kahar by Jeje GuitarAddict `[03:04]`\n\n**To choose**, use `!!!choose <number>`\nExample: `!!!choose 2` would pick the second option.\n**To cancel**, use `!!!cancel`.
2018-04-25 15:15:55 #general @Wiki#3343: !!!c 1
2018-04-25 15:15:55 #general @dabBot#0563: Now playing **Menunggu kamu - Anji (Chintya Gabriella Cover)** by **chintya gabriella** `[02:54]`
2018-04-25 15:16:19 #general @Wiki#3343: !!!p anji
2018-04-25 15:16:20 #general @dabBot#0563: `1` ANJI - MENUNGGU KAMU (OST. Jelita Sejuba ) (Official Music Video) by MyMusic Records `[04:03]`\n`2` Lagu Terbaik ANJI Full Album - Lagu Indonesia Terbaru 2017 by Dikidew Music `[69:31]`\n`3` Anji - Bidadari Tak Bersayap (Official Music Video in 4K) by MyMusic Records `[05:06]`\n`4` Actress Sri Sudha Exclusive Interview | Open Talk with Anji Current Topics #1 - TeluguOne by TeluguOne `[82:30]`\n`5` ANJI - DIA (Official Music Video) by MyMusic Records `[04:09]`\n\n**To choose**, use `!!!choose <number>`\nExample: `!!!choose 2` would pick the second option.\n**To cancel**, use `!!!cancel`.
2018-04-25 15:16:25 #general @Wiki#3343: !!!!c 3
2018-04-25 15:16:25 #general @dabBot#0563: Queued **Anji - Bidadari Tak Bersayap (Official Music Video in 4K)** `[05:06]`
2018-04-25 15:18:49 #general @dabBot#0563: Now playing **Anji - Bidadari Tak Bersayap (Official Music Video in 4K)** by **MyMusic Records** `[05:06]`
2018-04-25 15:21:05 #general @Wiki#3343: !!!p manusia kuat
2018-04-25 15:21:06 #general @dabBot#0563: `1` TULUS - Manusia Kuat (Official Music Video) by musiktulus `[04:03]`\n`2` TULUS - Manusia Kuat (Official Lyric Video) by musiktulus `[03:26]`\n`3` Tulus - Manusia Kuat by Keep Luck `[03:10]`\n`4` Tulus - Manusia Kuat (Official Lyric Video) by afriyan niwde `[03:07]`\n`5` Manusia Kuat By Tulus by TRANS TV Official `[04:10]`\n\n**To choose**, use `!!!choose <number>`\nExample: `!!!choose 2` would pick the second option.\n**To cancel**, use `!!!cancel`.
2018-04-25 15:21:08 #general @Wiki#3343: !!!c 1
2018-04-25 15:21:08 #general @dabBot#0563: Queued **TULUS - Manusia Kuat (Official Music Video)** `[04:03]`
2018-04-25 15:23:57 #general @dabBot#0563: Now playing **TULUS - Manusia Kuat (Official Music Video)** by **musiktulus** `[04:03]`
2018-04-26 01:19:34 #general @Ramon_#7013: Hy
2018-04-26 01:19:35 #general @Ramon_#7013: @@ilham_put26
2018-04-26 01:44:15 #general @Borang Channel#7356: cara auto farm gmn kalo pake cheat
2018-04-26 02:48:54 #general @Borang Channel#7356: !!!p menunggu kamu cover
2018-04-26 02:48:55 #general @dabBot#0563: `1` Menunggu kamu - Anji (Chintya Gabriella Cover) by chintya gabriella `[02:54]`\n`2` Anji - Menunggu Kamu (acoustic cover by eclat) by eclat story `[04:31]`\n`3` Anji - Menunggu Kamu (COVER) by Della Firdatia by Della Firdatia `[04:34]`\n`4` Anji - Menunggu Kamu (Cover) Ost. Jelita Sejuba by Bagastar Pratama `[01:01]`\n`5` ANJI - MENUNGGU KAMU Cover by Ferachocolatos ft. Gilang & Bala by Fera Chocolatos `[04:54]`\n\n**To choose**, use `!!!choose <number>`\nExample: `!!!choose 2` would pick the second option.\n**To cancel**, use `!!!cancel`.
2018-04-26 02:48:59 #general @Borang Channel#7356: !!!c 2
2018-04-26 02:48:59 #general @dabBot#0563: Now playing **Anji - Menunggu Kamu (acoustic cover by eclat)** by **eclat story** `[04:31]`
2018-04-26 05:19:25 #general @naufalnlfrs#0176:  (attachment url(s): https://cdn.discordapp.com/attachments/416814252297420803/438932091447541760/HistidinCit_R0S7.0.rar)
2018-04-26 05:31:59 #general @Borang Channel#7356: 1help
2018-04-26 05:32:03 #general @Borang Channel#7356: !help
2018-04-26 05:32:07 #general @Synapse#0692: Check your DM, @@ilham_put26! I have sent something for you :wink:
2018-04-26 05:32:42 #general @Borang Channel#7356: bot ga jelas
2018-04-26 05:33:02 #general @Wiki#3343: !help
2018-04-26 05:33:04 #general @Synapse#0692: Check your DM, @Wiki! I have sent something for you :wink:
2018-04-26 05:33:18 #general @Borang Channel#7356: welcome
2018-04-26 08:14:24 #general @Ramon_#7013: Welcome barudax !!!
2018-04-26 09:59:25 #general @Ramon_#7013: Ganteng ea
2018-04-26 11:37:43 #general @Wiki#3343: ajg
2018-04-26 12:00:29 #general @Borang Channel#7356:  (attachment url(s): https://cdn.discordapp.com/attachments/416814252297420803/439033023212683285/unknown.png)
2018-04-26 12:00:33 #general @Borang Channel#7356: mencoba hidup baru 😄
2018-04-26 12:00:59 #general @Borang Channel#7356: @Wiki
2018-04-26 12:01:25 #general @Borang Channel#7356: di destyni
2018-04-26 12:01:30 #general @Borang Channel#7356: ad org indo jugo :v
2018-04-26 12:02:14 #general @Wiki#3343: wkwk
2018-04-26 12:02:16 #general @Wiki#3343: iyo ham
2018-04-26 12:02:18 #general @Wiki#3343: bnyk malah
2018-04-26 12:05:00 #general @Borang Channel#7356: mantap lah
2018-04-26 13:27:18 #general @Borang Channel#7356 deleted message from 2018-04-26 12:05:00 (mantap lah)
2018-04-26 13:27:50 #general @Borang Channel#7356: !!!p menunggu kamu
2018-04-26 13:27:52 #general @dabBot#0563: `1` ANJI - MENUNGGU KAMU (OST. Jelita Sejuba ) (Official Music Video) by MyMusic Records `[04:03]`\n`2` Anji - Menunggu Kamu (Lyric Video) OST Jelita Sejuba by Rudy Martias `[03:53]`\n`3` Menunggu kamu - Anji (Chintya Gabriella Cover) by chintya gabriella `[02:54]`\n`4` Anji - Menunggu Kamu (acoustic cover by eclat) by eclat story `[04:31]`\n`5` Anji - Menunggu Kamu (COVER) by Della Firdatia by Della Firdatia `[04:34]`\n\n**To choose**, use `!!!choose <number>`\nExample: `!!!choose 2` would pick the second option.\n**To cancel**, use `!!!cancel`.
2018-04-26 13:27:57 #general @Borang Channel#7356: !!!c 3
2018-04-26 13:27:57 #general @dabBot#0563: Now playing **Menunggu kamu - Anji (Chintya Gabriella Cover)** by **chintya gabriella** `[02:54]`
2018-04-26 13:31:29 #general @Borang Channel#7356: !!!p sam smith
2018-04-26 13:31:39 #general @Borang Channel#7356: !!!cancel
2018-04-26 13:31:39 #general @dabBot#0563: There's no selection active in this guild - are you sure you ran `!!!play`?\n\nTo play a song...\n* Join a voice channel\n* Use `!!!play <song name/link>`\n* Choose one of the song options with `!!!choose <song number>`
2018-04-26 13:31:43 #general @Borang Channel#7356 deleted message from 2018-04-26 13:31:39 (!!!cancel)
2018-04-26 13:31:43 #general @dabBot#0563: `1` Sam Smith - Too Good At Goodbyes (Official Video) by SAM SMITH `[04:25]`\n`2` Sam Smith - Stay With Me by SAM SMITH `[03:30]`\n`3` Sam Smith - I'm Not The Only One by SAM SMITH `[04:40]`\n`4` Sam Smith - Lay Me Down by SAM SMITH `[04:10]`\n`5` Sam Smith - Pray (Official Audio) by SAM SMITH `[03:44]`\n\n**To choose**, use `!!!choose <number>`\nExample: `!!!choose 2` would pick the second option.\n**To cancel**, use `!!!cancel`.
2018-04-26 13:31:48 #general @Borang Channel#7356 deleted message from 2018-04-26 13:31:29 (!!!p sam smith)
2018-04-26 13:31:52 #general @Borang Channel#7356 deleted message from 2018-04-26 13:27:57 (!!!c 3)
2018-04-26 13:31:57 #general @Borang Channel#7356 deleted message from 2018-04-26 13:27:50 (!!!p menunggu kamu)
2018-04-26 14:01:56 #general @Nora Akaru#7147: pada maen ap ?
2018-04-26 14:03:15 #general @Nora Akaru#7147: @@ilham_put26
2018-04-26 14:03:51 #general @Nora Akaru#7147: !!!play omoi - chiisana koi no uta
2018-04-26 14:03:52 #general @dabBot#0563: `1` Omoi - Chiisana Koi no Uta by DanielUGP `[03:51]`\n`2` Rizer | Omoi - Chiisana Koi no Uta [probably] 98.56% FC 7.03* by Circle People `[03:53]`\n`3` 【Amatsuki】Chiisana koi no uta (VOSTFR) by Satei `[04:40]`\n`4` (Romaji) Song of a Small Love "Synth Rock Cover" by Araki (Engsub) by NicoNico Utaite Fans `[03:50]`\n`5` Omoi - Chiisana Koi no Uta (Synth Rock Cover) (La Valse) by La Valse `[03:54]`\n\n**To choose**, use `!!!choose <number>`\nExample: `!!!choose 2` would pick the second option.\n**To cancel**, use `!!!cancel`.
2018-04-26 14:04:03 #general @Nora Akaru#7147: !!!c 1
2018-04-26 14:04:03 #general @dabBot#0563: Now playing **Omoi - Chiisana Koi no Uta** by **DanielUGP** `[03:51]`
2018-04-27 03:17:47 #general @Borang Channel#7356:  (attachment url(s): https://cdn.discordapp.com/attachments/416814252297420803/439263868284436490/unknown.png)
2018-04-27 03:17:51 #general @Borang Channel#7356: akhirnya nemu cave :v
2018-04-27 03:40:44 #general @Borang Channel#7356 deleted message from 2018-04-27 03:17:51 (akhirnya nemu cave :v)
2018-04-27 03:40:46 #general @Borang Channel#7356 deleted message from 2018-04-27 03:17:47 ()
2018-04-27 11:27:19 #general @Borang Channel#7356: !!!p love your self
2018-04-27 11:27:21 #general @dabBot#0563: `1` Justin Bieber - Love Yourself Lyrics by Mrs Downey `[03:52]`\n`2` Justin Bieber - Love Yourself (PURPOSE : The Movement) by Justin Bieber `[04:33]`\n`3` Love Yourself - Justin Bieber [ Lyrics ] by Xmas Music `[03:29]`\n`4` Love Yourself vs F*CK Yourself | Yo Preston ft Kelly Kiara (Justin Bieber Response) by Yo Preston `[03:46]`\n`5` Hailee Steinfeld - Love Myself by HaileeSteinfeldVEVO `[04:01]`\n\n**To choose**, use `!!!choose <number>`\nExample: `!!!choose 2` would pick the second option.\n**To cancel**, use `!!!cancel`.
2018-04-27 11:27:25 #general @Borang Channel#7356: !!!c 1
2018-04-27 11:27:26 #general @dabBot#0563: Now playing **Justin Bieber - Love Yourself Lyrics** by **Mrs Downey** `[03:52]`
2018-04-27 11:27:36 #general @Borang Channel#7356 deleted message from 2018-04-27 11:27:25 (!!!c 1)
2018-04-27 11:27:39 #general @Borang Channel#7356 deleted message from 2018-04-27 11:27:19 (!!!p love your self)
2018-04-27 11:27:39 #general @Wiki#3343: Saints daylen itu apa njing
2018-04-27 11:27:42 #general @dabBot#0563 deleted message from 2018-04-27 11:27:21 (`1` Justin Bieber - Love Yourself Lyrics by Mrs Downey `[03:52]`\n`2` Justin Bieber - Love Yourself (PURPOSE : The Movement) by Justin Bieber `[04:33]`\n`3` Love Yourself - Justin Bieber [ Lyrics ] by Xmas Music `[03:29]`\n`4` Love Yourself vs F*CK Yourself | Yo Preston ft Kelly Kiara (Justin Bieber Response) by Yo Preston `[03:46]`\n`5` Hailee Steinfeld - Love Myself by HaileeSteinfeldVEVO `[04:01]`\n\n**To choose**, use `!!!choose <number>`\nExample: `!!!choose 2` would pick the second option.\n**To cancel**, use `!!!cancel`.)
2018-04-27 11:27:45 #general @Borang Channel#7356: kdwaodkawo
2018-04-27 11:27:48 #general @Wiki#3343: weowaeokawea
2018-04-27 11:27:51 #general @Wiki#3343: dongo tingkatdewa
2018-04-27 11:27:58 #general @babang tamvan#3145: LOL
2018-04-27 11:28:03 #general @babang tamvan#3145: ITU MOBA CAKAR CAKARAN
2018-04-27 11:28:10 #general @dabBot#0563 deleted message from 2018-04-27 11:27:26 (Now playing **Justin Bieber - Love Yourself Lyrics** by **Mrs Downey** `[03:52]`)
2018-04-27 11:28:10 #general @Wiki#3343: OALA
2018-04-27 11:28:21 #general @Wiki#3343: itu lagi
2018-04-27 11:28:22 #general @Wiki#3343: rapyourbae
2018-04-27 11:28:24 #general @Wiki#3343: ancuk wkwk
2018-04-27 11:28:30 #general @babang tamvan#3145: wkwkwk GUA TUNGGU DI POLRES YA
2018-04-27 11:28:38 #general @babang tamvan#3145: GUA LAPOR KE POLRES YA
2018-04-27 11:28:42 #general @babang tamvan#3145: AKWAKWKAKWKAKW
2018-04-27 11:28:52 #general @babang tamvan#3145: DIA YANG NGAJAK GELUD DIA YANG NGELAPOR
2018-04-27 11:28:57 #general @babang tamvan#3145: GUA CURIGA DIA NANGID
2018-04-27 11:35:34 #general @Wiki#3343:  (attachment url(s): https://cdn.discordapp.com/attachments/416814252297420803/439389137720573952/unknown.png)
2018-04-27 11:42:45 #general @Wiki#3343: ham
2018-04-27 11:47:44 #general @Wiki#3343: sni msk kamving @@ilham_put26
2018-04-27 11:56:41 #general @Borang Channel#7356: skip dulu pebeh
2018-04-27 11:56:54 #general @Wiki#3343: dah 90 mnt ea
2018-04-27 11:56:54 #general @Wiki#3343: ros ?
2018-04-27 11:56:59 #general @Wiki#3343:  (attachment url(s): https://cdn.discordapp.com/attachments/416814252297420803/439394527464128532/unknown.png)
2018-04-27 11:57:13 #general @Borang Channel#7356: naufal
2018-04-27 11:57:15 #general @Wiki#3343: ok
2018-04-27 11:57:17 #general @Borang Channel#7356: @naufalnlfrs
2018-04-27 11:57:23 #general @Borang Channel#7356: kirim cheat
2018-04-27 11:57:32 #general @Borang Channel#7356: agek wik
2018-04-27 11:57:36 #general @Borang Channel#7356: baru sudah makan kenyang
2018-04-27 11:57:44 #general @Wiki#3343: awaw
2018-04-27 11:59:49 #general @Borang Channel#7356:  (attachment url(s): https://cdn.discordapp.com/attachments/416814252297420803/439395242588766238/unknown.png)
2018-04-27 11:59:52 #general @Borang Channel#7356: nemu cave lagi :v
2018-04-27 12:00:35 #general @Wiki#3343: asoy wkwk
2018-04-27 12:00:40 #general @Wiki#3343: terniat
2018-04-27 12:04:47 #general @Borang Channel#7356: keren isinyo :v
2018-04-27 12:09:10 #general @Borang Channel#7356: masih maen pb ? @Wiki
2018-04-27 12:10:00 #general @Nora Akaru#7147: @@ilham_put26 Kuy la
2018-04-27 12:10:10 #general @Nora Akaru#7147: @@ilham_put26 Join TS ham
2018-04-27 12:13:48 #general @Wiki#3343: udhn
2018-04-27 12:13:49 #general @Wiki#3343: mau maen
2018-04-27 12:13:51 #general @Wiki#3343: mc
2018-04-27 12:13:52 #general @Wiki#3343: tapi
2018-04-27 12:13:54 #general @Wiki#3343: balik dlo ;v
