2018-04-26 11:53:24 #Mencret-KOTAK-KOTAK Voice channel join: Wiki#3343 (id 252701453792182272)
2018-04-26 11:53:28 #Mencret-KOTAK-KOTAK Voice channel leave: Wiki#3343 (id 252701453792182272)
2018-04-28 12:45:10 #Mencret-KOTAK-KOTAK Voice channel join: Wiki#3343 (id 252701453792182272)
2018-04-28 12:45:52 #Mencret-KOTAK-KOTAK Voice channel join: dabBot#0563 (id 270198738570444801), flags: self_deaf
2018-04-28 12:57:13 #Mencret-KOTAK-KOTAK Voice channel join: babang tamvan#3145 (id 398821450422943755), moved from Pointblank
2018-04-28 12:58:15 #Mencret-KOTAK-KOTAK Voice channel leave: babang tamvan#3145 (id 398821450422943755)
2018-04-28 13:06:13 #Mencret-KOTAK-KOTAK Voice channel leave: dabBot#0563 (id 270198738570444801)
2018-04-28 13:06:14 #Mencret-KOTAK-KOTAK Voice channel join: dabBot#0563 (id 270198738570444801), flags: self_deaf
2018-04-28 13:06:49 #Mencret-KOTAK-KOTAK Voice channel join: Borang Channel#7356 (id 341885813749055489), flags: self_mute
2018-04-28 13:08:07 #Mencret-KOTAK-KOTAK Voice channel join: Ramon_#7013 (id 255598302614126592)
2018-04-28 13:09:24 #Mencret-KOTAK-KOTAK Server self-unmute: Borang Channel#7356 (id 341885813749055489)
2018-04-28 13:10:50 #Mencret-KOTAK-KOTAK Voice channel leave: dabBot#0563 (id 270198738570444801)
2018-04-28 13:20:39 #Mencret-KOTAK-KOTAK Voice channel join: dabBot#0563 (id 270198738570444801), flags: self_deaf
2018-04-28 13:23:41 #Mencret-KOTAK-KOTAK Voice channel leave: dabBot#0563 (id 270198738570444801)
2018-04-28 15:12:08 #Mencret-KOTAK-KOTAK Voice channel join: babang tamvan#3145 (id 398821450422943755)
2018-04-28 15:20:32 #Mencret-KOTAK-KOTAK Voice channel join: Gepengnya#1902 (id 271978902979739649)
2018-04-28 15:22:43 #Mencret-KOTAK-KOTAK Voice channel join: Sleepybmnxx#2335 (id 330954349075234819)
2018-04-28 15:22:47 #Mencret-KOTAK-KOTAK Voice channel join: ridoo#6911 (id 425304326408241153)
2018-04-28 15:24:44 #Mencret-KOTAK-KOTAK Server self-mute: Sleepybmnxx#2335 (id 330954349075234819)
2018-04-28 15:24:50 #Mencret-KOTAK-KOTAK Server self-unmute: Sleepybmnxx#2335 (id 330954349075234819)
2018-04-28 15:25:36 #Mencret-KOTAK-KOTAK Server self-mute: Sleepybmnxx#2335 (id 330954349075234819)
2018-04-28 15:26:03 #Mencret-KOTAK-KOTAK Server self-unmute: Sleepybmnxx#2335 (id 330954349075234819)
2018-04-28 15:26:05 #Mencret-KOTAK-KOTAK Server self-mute: Sleepybmnxx#2335 (id 330954349075234819)
2018-04-28 15:26:06 #Mencret-KOTAK-KOTAK Server self-unmute: Sleepybmnxx#2335 (id 330954349075234819)
2018-04-28 15:31:26 #Mencret-KOTAK-KOTAK Voice channel leave: Sleepybmnxx#2335 (id 330954349075234819)
2018-04-28 15:32:19 #Mencret-KOTAK-KOTAK Voice channel join: Sleepybmnxx#2335 (id 330954349075234819)
2018-04-28 15:32:43 #Mencret-KOTAK-KOTAK Voice channel leave: Sleepybmnxx#2335 (id 330954349075234819)
2018-04-28 15:32:47 #Mencret-KOTAK-KOTAK Voice channel join: Sleepybmnxx#2335 (id 330954349075234819)
2018-04-28 15:33:53 #Mencret-KOTAK-KOTAK Voice channel leave: Sleepybmnxx#2335 (id 330954349075234819)
2018-04-28 15:34:12 #Mencret-KOTAK-KOTAK Server self-mute: babang tamvan#3145 (id 398821450422943755)
2018-04-28 15:34:51 #Mencret-KOTAK-KOTAK Server self-unmute: babang tamvan#3145 (id 398821450422943755)
2018-04-28 15:34:58 #Mencret-KOTAK-KOTAK Voice channel join: Sleepybmnxx#2335 (id 330954349075234819)
2018-04-28 15:36:14 #Mencret-KOTAK-KOTAK Server self-mute: Borang Channel#7356 (id 341885813749055489)
2018-04-28 15:37:14 #Mencret-KOTAK-KOTAK Voice channel leave: Gepengnya#1902 (id 271978902979739649)
2018-04-28 15:37:17 #Mencret-KOTAK-KOTAK Server self-unmute: Borang Channel#7356 (id 341885813749055489)
2018-04-28 15:42:45 #Mencret-KOTAK-KOTAK Voice channel leave: Sleepybmnxx#2335 (id 330954349075234819)
2018-04-28 15:44:44 #Mencret-KOTAK-KOTAK Voice channel join: Sleepybmnxx#2335 (id 330954349075234819), flags: self_mute
2018-04-28 15:44:45 #Mencret-KOTAK-KOTAK Server self-unmute: Sleepybmnxx#2335 (id 330954349075234819)
2018-04-28 15:44:57 #Mencret-KOTAK-KOTAK Server self-mute: ridoo#6911 (id 425304326408241153)
2018-04-28 15:44:57 #Mencret-KOTAK-KOTAK Server self-unmute: ridoo#6911 (id 425304326408241153)
2018-04-28 15:44:59 #Mencret-KOTAK-KOTAK Server self-mute: ridoo#6911 (id 425304326408241153)
2018-04-28 15:46:00 #Mencret-KOTAK-KOTAK Server self-unmute: ridoo#6911 (id 425304326408241153)
2018-04-28 15:48:28 #Mencret-KOTAK-KOTAK Voice channel leave: Borang Channel#7356 (id 341885813749055489)
2018-04-28 15:49:09 #Mencret-KOTAK-KOTAK Voice channel leave: Wiki#3343 (id 252701453792182272)
2018-04-28 15:49:22 #Mencret-KOTAK-KOTAK Voice channel leave: babang tamvan#3145 (id 398821450422943755)
2018-04-28 15:49:41 #Mencret-KOTAK-KOTAK Voice channel leave: Sleepybmnxx#2335 (id 330954349075234819)
2018-04-28 17:27:18 #Mencret-KOTAK-KOTAK Voice channel leave: ridoo#6911 (id 425304326408241153)
2018-05-02 17:59:03 #Mencret-KOTAK-KOTAK Voice channel join: Reinazion#3181 (id 240106491456126976), moved from Rules Of Survival & Empire
2018-05-02 17:59:31 #Mencret-KOTAK-KOTAK Voice channel join: Wiki#3343 (id 252701453792182272)
2018-05-02 18:06:20 #Mencret-KOTAK-KOTAK Voice channel leave: Reinazion#3181 (id 240106491456126976) moving to ANAL-LOG
2018-05-02 18:06:22 #Mencret-KOTAK-KOTAK Voice channel join: Reinazion#3181 (id 240106491456126976), moved from ANAL-LOG
2018-05-02 18:08:47 #Mencret-KOTAK-KOTAK Voice channel join: ﾠﾠﾠﾠﾠ#3378 (id 338620572554756106)
2018-05-02 18:10:25 #Mencret-KOTAK-KOTAK Server self-mute: ﾠﾠﾠﾠﾠ#3378 (id 338620572554756106)
2018-05-02 18:10:33 #Mencret-KOTAK-KOTAK Server self-unmute: ﾠﾠﾠﾠﾠ#3378 (id 338620572554756106)
2018-05-02 18:16:47 #Mencret-KOTAK-KOTAK Voice channel leave: Wiki#3343 (id 252701453792182272)
2018-05-02 18:16:49 #Mencret-KOTAK-KOTAK Voice channel join: Wiki#3343 (id 252701453792182272)
2018-05-02 18:22:19 #Mencret-KOTAK-KOTAK Voice channel leave: ﾠﾠﾠﾠﾠ#3378 (id 338620572554756106)
2018-05-02 18:22:27 #Mencret-KOTAK-KOTAK Voice channel join: ﾠﾠﾠﾠﾠ#3378 (id 338620572554756106)
2018-05-02 18:25:15 #Mencret-KOTAK-KOTAK Voice channel join: dabBot#0563 (id 270198738570444801), flags: self_deaf
2018-05-02 18:26:03 #Mencret-KOTAK-KOTAK Server self-mute: Reinazion#3181 (id 240106491456126976)
2018-05-02 18:28:20 #Mencret-KOTAK-KOTAK Server self-unmute: Reinazion#3181 (id 240106491456126976)
2018-05-02 18:28:33 #Mencret-KOTAK-KOTAK Voice channel leave: ﾠﾠﾠﾠﾠ#3378 (id 338620572554756106)
2018-05-02 18:28:50 #Mencret-KOTAK-KOTAK Voice channel leave: dabBot#0563 (id 270198738570444801)
2018-05-02 18:31:10 #Mencret-KOTAK-KOTAK Voice channel join: ﾠﾠﾠﾠﾠ#3378 (id 338620572554756106)
2018-05-02 18:36:08 #Mencret-KOTAK-KOTAK Voice channel leave: Wiki#3343 (id 252701453792182272)
2018-05-02 18:36:08 #Mencret-KOTAK-KOTAK Voice channel join: Wiki#3343 (id 252701453792182272)
2018-05-02 19:22:11 #Mencret-KOTAK-KOTAK Voice channel leave: ﾠﾠﾠﾠﾠ#3378 (id 338620572554756106)
2018-05-02 19:24:43 #Mencret-KOTAK-KOTAK Voice channel join: ﾠﾠﾠﾠﾠ#3378 (id 338620572554756106)
2018-05-02 19:34:46 #Mencret-KOTAK-KOTAK Voice channel leave: ﾠﾠﾠﾠﾠ#3378 (id 338620572554756106)
2018-05-02 20:02:01 #Mencret-KOTAK-KOTAK Voice channel leave: Reinazion#3181 (id 240106491456126976) moving to Rules Of Survival & Empire
2018-05-02 20:02:03 #Mencret-KOTAK-KOTAK Voice channel join: Reinazion#3181 (id 240106491456126976), moved from Rules Of Survival & Empire
2018-05-02 20:19:40 #Mencret-KOTAK-KOTAK Voice channel leave: Wiki#3343 (id 252701453792182272)
2018-05-02 22:49:11 #Mencret-KOTAK-KOTAK Voice channel join: Wiki#3343 (id 252701453792182272)
2018-05-02 22:49:18 #Mencret-KOTAK-KOTAK Voice channel leave: Wiki#3343 (id 252701453792182272)
2018-05-02 23:28:24 #Mencret-KOTAK-KOTAK Voice channel leave: Reinazion#3181 (id 240106491456126976)
