2018-04-25 08:33:39 #Rapyourbe Voice channel join: Borang Channel#7356 (id 341885813749055489), moved from Gazelle Cross, flags: self_mute
2018-04-25 08:33:40 #Rapyourbe Voice channel leave: Borang Channel#7356 (id 341885813749055489) moving to Gazelle Cross
2018-04-25 13:08:34 #Rapyourbae Voice channel join: Borang Channel#7356 (id 341885813749055489), moved from Gazelle Cross, flags: self_mute
2018-04-25 13:10:28 #Rapyourbae Voice channel join: dabBot#0563 (id 270198738570444801), flags: self_deaf
2018-04-25 13:14:30 #Rapyourbae Voice channel leave: dabBot#0563 (id 270198738570444801)
2018-04-25 13:18:07 #Rapyourbae Voice channel join: FavFavFavFav#4048 (id 408996552166735874)
2018-04-25 13:18:16 #Rapyourbae Server self-mute: FavFavFavFav#4048 (id 408996552166735874)
2018-04-25 13:39:20 #Rapyourbae Voice channel join: Wiki#3343 (id 252701453792182272)
2018-04-25 13:39:46 #Rapyourbae Voice channel join: Sleepybmnxx#2335 (id 330954349075234819)
2018-04-25 13:39:46 #Rapyourbae Voice channel leave: Sleepybmnxx#2335 (id 330954349075234819)
2018-04-25 13:39:48 #Rapyourbae Voice channel join: Sleepybmnxx#2335 (id 330954349075234819)
2018-04-25 13:39:55 #Rapyourbae Voice channel leave: Wiki#3343 (id 252701453792182272)
2018-04-25 13:40:01 #Rapyourbae Voice channel leave: Sleepybmnxx#2335 (id 330954349075234819)
2018-04-25 13:40:52 #Rapyourbae Voice channel leave: Borang Channel#7356 (id 341885813749055489)
2018-04-25 13:42:40 #Rapyourbae Voice channel join: Wiki#3343 (id 252701453792182272)
2018-04-25 13:43:09 #Rapyourbae Voice channel join: Sleepybmnxx#2335 (id 330954349075234819)
2018-04-25 13:43:09 #Rapyourbae Voice channel leave: Sleepybmnxx#2335 (id 330954349075234819)
2018-04-25 13:43:10 #Rapyourbae Voice channel join: Sleepybmnxx#2335 (id 330954349075234819)
2018-04-25 13:43:53 #Rapyourbae Voice channel join: Borang Channel#7356 (id 341885813749055489), flags: self_mute
2018-04-25 13:44:32 #Rapyourbae Voice channel leave: Sleepybmnxx#2335 (id 330954349075234819) moving to Lord'Warpath
2018-04-25 13:44:36 #Rapyourbae Voice channel join: Sleepybmnxx#2335 (id 330954349075234819), moved from Lord'Warpath
2018-04-25 13:44:41 #Rapyourbae Voice channel leave: Sleepybmnxx#2335 (id 330954349075234819)
2018-04-25 13:46:29 #Rapyourbae Voice channel leave: Wiki#3343 (id 252701453792182272)
2018-04-25 13:46:31 #Rapyourbae Voice channel join: Wiki#3343 (id 252701453792182272)
2018-04-25 13:52:13 #Rapyourbae Voice channel leave: Wiki#3343 (id 252701453792182272)
2018-04-25 13:52:15 #Rapyourbae Voice channel join: Wiki#3343 (id 252701453792182272)
2018-04-25 13:53:10 #Rapyourbae Voice channel leave: Wiki#3343 (id 252701453792182272)
2018-04-25 13:54:32 #Rapyourbae Voice channel join: Wiki#3343 (id 252701453792182272)
2018-04-25 13:58:07 #Rapyourbae Voice channel leave: Wiki#3343 (id 252701453792182272)
2018-04-25 13:58:08 #Rapyourbae Voice channel join: Wiki#3343 (id 252701453792182272)
2018-04-25 13:58:12 #Rapyourbae Server self-unmute: Borang Channel#7356 (id 341885813749055489)
2018-04-25 14:15:44 #Rapyourbae Voice channel join: Nora Akaru#7147 (id 264757125912330244), moved from Pointblank
2018-04-25 14:47:28 #Rapyourbae Server self-mute: Borang Channel#7356 (id 341885813749055489)
2018-04-25 14:48:56 #Rapyourbae Server self-unmute: Borang Channel#7356 (id 341885813749055489)
2018-04-25 14:55:27 #Rapyourbae Voice channel leave: Wiki#3343 (id 252701453792182272)
2018-04-25 14:55:29 #Rapyourbae Voice channel join: Wiki#3343 (id 252701453792182272)
2018-04-25 14:56:18 #Rapyourbae Voice channel leave: Wiki#3343 (id 252701453792182272)
2018-04-25 14:56:21 #Rapyourbae Voice channel join: Wiki#3343 (id 252701453792182272)
2018-04-25 14:57:27 #Rapyourbae Voice channel leave: Wiki#3343 (id 252701453792182272)
2018-04-25 14:57:29 #Rapyourbae Voice channel join: Wiki#3343 (id 252701453792182272)
2018-04-25 15:04:14 #Rapyourbae Server self-unmute: FavFavFavFav#4048 (id 408996552166735874)
2018-04-25 15:04:30 #Rapyourbae Server self-mute: FavFavFavFav#4048 (id 408996552166735874)
2018-04-25 15:04:32 #Rapyourbae Server self-unmute: FavFavFavFav#4048 (id 408996552166735874)
2018-04-25 15:04:44 #Rapyourbae Voice channel leave: FavFavFavFav#4048 (id 408996552166735874)
2018-04-25 15:09:21 #Rapyourbae Voice channel join: dabBot#0563 (id 270198738570444801), flags: self_deaf
2018-04-25 15:10:38 #Rapyourbae Voice channel join: babang tamvan#3145 (id 398821450422943755)
2018-04-25 15:11:02 #Rapyourbae Voice channel leave: Borang Channel#7356 (id 341885813749055489) moving to Gazelle Cross
2018-04-25 15:11:04 #Rapyourbae Voice channel join: Borang Channel#7356 (id 341885813749055489), moved from Gazelle Cross
2018-04-25 15:11:24 #Rapyourbae Voice channel leave: dabBot#0563 (id 270198738570444801)
2018-04-25 15:11:53 #Rapyourbae Voice channel leave: babang tamvan#3145 (id 398821450422943755)
2018-04-25 15:15:53 #Rapyourbae Voice channel join: dabBot#0563 (id 270198738570444801), flags: self_deaf
2018-04-25 15:24:24 #Rapyourbae Voice channel leave: Wiki#3343 (id 252701453792182272)
2018-04-25 15:24:26 #Rapyourbae Voice channel join: Wiki#3343 (id 252701453792182272)
2018-04-25 15:28:01 #Rapyourbae Voice channel leave: dabBot#0563 (id 270198738570444801)
2018-04-25 15:31:05 #Rapyourbae Voice channel leave: Wiki#3343 (id 252701453792182272)
2018-04-25 15:31:07 #Rapyourbae Voice channel join: Wiki#3343 (id 252701453792182272)
2018-04-25 15:32:09 #Rapyourbae Voice channel join: babang tamvan#3145 (id 398821450422943755)
2018-04-25 15:32:36 #Rapyourbae Voice channel leave: babang tamvan#3145 (id 398821450422943755)
2018-04-25 15:32:40 #Rapyourbae Voice channel join: babang tamvan#3145 (id 398821450422943755)
2018-04-25 15:35:02 #Rapyourbae Voice channel leave: babang tamvan#3145 (id 398821450422943755)
2018-04-25 15:41:07 #Rapyourbae Voice channel leave: Borang Channel#7356 (id 341885813749055489)
2018-04-25 15:41:14 #Rapyourbae Voice channel leave: Wiki#3343 (id 252701453792182272)
2018-04-25 15:42:16 #Rapyourbae Voice channel leave: Nora Akaru#7147 (id 264757125912330244)
2018-04-26 09:47:11 #Rapyourbae Voice channel join: Nora Akaru#7147 (id 264757125912330244)
2018-04-26 09:47:16 #Rapyourbae Voice channel leave: Nora Akaru#7147 (id 264757125912330244) moving to Pointblank
2018-04-26 13:27:29 #Rapyourbae Voice channel join: Borang Channel#7356 (id 341885813749055489)
2018-04-26 13:27:51 #Rapyourbae Voice channel join: dabBot#0563 (id 270198738570444801), flags: self_deaf
2018-04-26 13:30:56 #Rapyourbae Voice channel leave: dabBot#0563 (id 270198738570444801)
2018-04-26 13:31:00 #Rapyourbae Server self-mute: Borang Channel#7356 (id 341885813749055489)
2018-04-26 13:31:30 #Rapyourbae Voice channel join: dabBot#0563 (id 270198738570444801), flags: self_deaf
2018-04-26 13:32:01 #Rapyourbae Voice channel leave: Borang Channel#7356 (id 341885813749055489)
2018-04-26 14:02:01 #Rapyourbae Voice channel join: Nora Akaru#7147 (id 264757125912330244)
2018-04-26 14:07:59 #Rapyourbae Voice channel leave: dabBot#0563 (id 270198738570444801)
2018-04-26 14:28:44 #Rapyourbae Voice channel join: Borang Channel#7356 (id 341885813749055489), flags: self_mute
2018-04-26 15:14:05 #Rapyourbae Voice channel leave: Borang Channel#7356 (id 341885813749055489)
2018-04-26 15:15:56 #Rapyourbae Voice channel leave: Nora Akaru#7147 (id 264757125912330244)
2018-04-27 12:09:52 #Rapyourbae Voice channel join: Nora Akaru#7147 (id 264757125912330244)
2018-04-27 12:28:56 #Rapyourbae Voice channel join: Sleepybmnxx#2335 (id 330954349075234819)
2018-04-27 12:29:48 #Rapyourbae Voice channel leave: Sleepybmnxx#2335 (id 330954349075234819)
2018-04-27 14:01:46 #Rapyourbae Voice channel leave: Nora Akaru#7147 (id 264757125912330244) moving to Ngobrol Bareng
