2018-04-28 15:26:53 this bot joined the server
2018-04-28 15:26:53 Role created: 'Synapse' (id 439809742089486347)
2018-04-28 15:26:54 Member role add: 'Synapse' role was added to @Synapse#0692
2018-04-28 15:27:44 Role permissions: 'Ghostplay R2' changed from 268520497 to 268782705
2018-04-28 15:27:44 Role position: 'IRL friends' changed from 2 to 3
2018-04-28 15:27:44 Role position: 'replacement' changed from 3 to 4
2018-04-28 15:27:44 Role position: 'Rager' changed from 4 to 5
2018-04-28 15:27:44 Role position: 'Trusted' changed from 5 to 6
2018-04-28 15:27:44 Role position: 'YT Freinds' changed from 6 to 7
2018-04-28 15:27:44 Role position: 'Bot' changed from 7 to 8
2018-04-28 15:27:44 Role position: 'MEE6' changed from 8 to 9
2018-04-28 15:27:44 Role position: 'GiveawayBot' changed from 9 to 10
2018-04-28 15:27:44 Role position: 'Moderater' changed from 10 to 11
2018-04-28 15:27:44 Role position: 'Owner' changed from 11 to 12
2018-04-28 15:27:44 Role color: 'IRL friends' changed from #45d72a to #000000
2018-04-28 15:27:49 Role color: 'IRL friends' changed from #000000 to #1f8b4c
2018-04-28 15:27:55 Member role add: 'Bot' role was added to @Synapse#0692
2018-04-28 15:28:00 Member role add: 'Bot' role was added to @Ghostplay R2#1298
2018-04-28 15:29:51 Role position: 'MEE6' changed from 9 to 8
2018-04-28 15:29:51 Role position: 'GiveawayBot' changed from 10 to 9
2018-04-28 15:29:51 Role position: 'Moderater' changed from 11 to 10
2018-04-28 15:29:51 Role position: 'Owner' changed from 12 to 11
2018-04-28 15:29:51 Role position: 'Bot' changed from 8 to 12
2018-04-28 15:30:02 Member role remove: The 'Bot' role was removed from @FredBoat♪♪#7284
2018-04-28 15:30:06 Member role add: 'Bot' role was added to @FredBoat♪♪#7284
2018-04-28 15:30:16 Member nickname: '@Ghostplay R2#1298' (id 435829986772123658) changed nickname from 'None' to 'A user'
2018-04-28 15:32:18 Channel overwrites: bot-commmads (438942449826660352): role Owner (437235196299968514) added with values 0, 0
2018-04-28 15:34:44 Channel deleted: bot-commmads
2018-04-28 15:35:01 Role deleted: 'Ghostplay R2' (id 439809695268732928)
2018-04-28 15:35:01 Member leave: @Ghostplay R2#1298 (id 435829986772123658)
2018-04-28 15:35:12 Member role remove: The 'Bot' role was removed from @FudgefriendsJordan_YT#1089
2018-04-28 15:35:21 Role position: 'Bot' changed from 11 to 10
2018-04-30 15:42:29 Member join: @Dyno#3861 (id 155149108183695360)
2018-04-30 15:42:29 Member role add: 'Dyno' role was added to @Dyno#3861
2018-04-30 15:42:29 Role created: 'Dyno' (id 440538442926129153)
2018-04-30 15:42:29 Member role add: 'Dyno' role was added to @Dyno#3861
