2018-04-25 17:52:10 this bot joined the server
2018-04-25 17:52:10 Role created: 'Synapse' (id 438759138529378304)
2018-04-25 17:52:10 Member role add: 'Synapse' role was added to @Synapse#0692
2018-04-25 17:57:06 Channel position: Max 4 osoby moved from 19 to 12
2018-04-25 17:57:06 Channel position: porozmawiaj z kichalem ;) moved from 12 to 13
2018-04-25 17:57:06 Channel position: Gramy w robloxa 2 moved from 13 to 14
2018-04-25 17:57:06 Channel position: Max 2 osoby moved from 14 to 15
2018-04-25 17:57:06 Channel position: Max 2 osoby moved from 15 to 16
2018-04-25 17:57:06 Channel position: Max 3 osoby moved from 16 to 17
2018-04-25 17:57:06 Channel position: Max 3 osoby moved from 17 to 18
2018-04-25 17:57:06 Channel position: Max 4 osoby moved from 18 to 19
2018-04-25 17:57:15 Channel position: porozmawiaj z kichalem ;) moved from 13 to 12
2018-04-25 17:57:15 Channel position: Gramy w robloxa 2 moved from 14 to 13
2018-04-25 17:57:15 Channel position: Max 2 osoby moved from 15 to 14
2018-04-25 17:57:15 Channel position: Max 2 osoby moved from 16 to 15
2018-04-25 17:57:15 Channel position: Max 3 osoby moved from 17 to 16
2018-04-25 17:57:15 Channel position: Max 3 osoby moved from 18 to 17
2018-04-25 17:57:15 Channel position: Max 4 osoby moved from 19 to 18
2018-04-25 17:57:15 Channel position: Max 4 osoby moved from 12 to 19
2018-04-25 17:57:56 Channel position: Max 4 osoby moved from 19 to 18
2018-04-25 17:57:56 Channel position: Max 4 osoby moved from 18 to 19
2018-04-25 17:58:48 Channel position: Max 5 osób moved from 21 to 16
2018-04-25 17:58:48 Channel position: Max 3 osoby moved from 16 to 17
2018-04-25 17:58:48 Channel position: Max 3 osoby moved from 17 to 18
2018-04-25 17:58:48 Channel position: Max 4 osoby moved from 18 to 19
2018-04-25 17:58:48 Channel position: Max 4 osoby moved from 19 to 20
2018-04-25 17:58:48 Channel position: Max 5 osób moved from 20 to 21
2018-04-25 17:58:53 Channel position: Max 5 osób moved from 16 to 12
2018-04-25 17:58:53 Channel position: porozmawiaj z kichalem ;) moved from 12 to 13
2018-04-25 17:58:53 Channel position: Gramy w robloxa 2 moved from 13 to 14
2018-04-25 17:58:53 Channel position: Max 2 osoby moved from 14 to 15
2018-04-25 17:58:54 Channel position: Max 2 osoby moved from 15 to 16
2018-04-26 15:57:06 Member role add: 'BOT' role was added to @FredBoat♪♪#7284
2018-04-26 15:57:16 Member role add: 'BOT' role was added to @Synapse#0692
2018-04-26 16:20:33 Channel position: porozmawiaj z kichalem ;) moved from 13 to 12
2018-04-26 16:20:33 Channel position: Gramy w robloxa 2 moved from 14 to 13
2018-04-26 16:20:33 Channel position: Max 2 osoby moved from 15 to 14
2018-04-26 16:20:33 Channel position: Max 2 osoby moved from 16 to 15
2018-04-26 16:20:33 Channel position: Max 3 osoby moved from 17 to 16
2018-04-26 16:20:33 Channel position: Max 3 osoby moved from 18 to 17
2018-04-26 16:20:33 Channel position: Max 4 osoby moved from 19 to 18
2018-04-26 16:20:33 Channel position: Max 5 osób moved from 12 to 19
2018-04-26 16:20:36 Channel position: Max 4 osoby moved from 20 to 19
2018-04-26 16:20:36 Channel position: Max 5 osób moved from 19 to 20
2018-04-27 14:28:27 Channel created: sss
2018-04-27 14:28:28 Channel created: sss
2018-04-27 14:31:53 Channel position: sss moved from 25 to 0
2018-04-27 14:31:53 Channel position: sss moved from 26 to 1
2018-04-27 14:31:54 Channel position: Potrzebuje pomocy! moved from 0 to 2
2018-04-27 14:31:54 Channel position: Chcem prywatny kanał moved from 1 to 3
2018-04-27 14:31:54 Channel position: REKRUT OFF moved from 2 to 4
2018-04-27 14:31:54 Channel position: Gramy w minecrafta moved from 3 to 5
2018-04-27 14:31:54 Channel position: Gramy w minecrafta 2 moved from 4 to 6
2018-04-27 14:31:54 Channel position: gramy w csgo moved from 5 to 7
2018-04-27 14:31:54 Channel position: gramy w csgo 2 moved from 6 to 8
2018-04-27 14:31:54 Channel position: gramy w H1Z1 moved from 7 to 9
2018-04-27 14:31:54 Channel position: gramy w H1Z1 2 moved from 8 to 10
2018-04-27 14:31:54 Channel position: Gramy w Fortnite moved from 9 to 11
2018-04-27 14:31:54 Channel position: Gramy w Fortnite 2 moved from 10 to 12
2018-04-27 14:31:54 Channel position: Gramz w robloxa 1 moved from 11 to 13
2018-04-27 14:31:54 Channel position: porozmawiaj z kichalem ;) moved from 12 to 14
2018-04-27 14:31:54 Channel position: Gramy w robloxa 2 moved from 13 to 15
2018-04-27 14:31:54 Channel position: Max 2 osoby moved from 14 to 16
2018-04-27 14:31:54 Channel position: Max 2 osoby moved from 15 to 17
2018-04-27 14:31:54 Channel position: Max 3 osoby moved from 16 to 18
2018-04-27 14:31:54 Channel position: Max 3 osoby moved from 17 to 19
2018-04-27 14:31:54 Channel position: Max 4 osoby moved from 18 to 20
2018-04-27 14:31:54 Channel position: Max 4 osoby moved from 19 to 21
2018-04-27 14:31:54 Channel position: Max 5 osób moved from 20 to 22
2018-04-27 14:31:54 Channel position: Max 5 osób moved from 21 to 23
2018-04-27 14:31:54 Channel position: Nagrywamy odcinek moved from 22 to 24
2018-04-27 14:31:54 Channel position: Prywatne gierki ;D moved from 23 to 25
2018-04-27 14:31:54 Channel position: Pogadaj z MAesTRO_HED moved from 24 to 26
2018-04-27 14:32:03 Channel created: max1
2018-04-27 14:32:51 Channel deleted: max1
2018-04-28 12:53:52 Channel position: Gramy w Fortnite moved from 11 to 8
2018-04-28 12:53:52 Channel position: gramy w csgo 2 moved from 8 to 9
2018-04-28 12:53:52 Channel position: gramy w H1Z1 moved from 9 to 10
2018-04-28 12:53:52 Channel position: gramy w H1Z1 2 moved from 10 to 11
2018-04-28 12:53:53 Channel position: gramy w csgo 2 moved from 9 to 8
2018-04-28 12:53:53 Channel position: gramy w H1Z1 moved from 10 to 9
2018-04-28 12:53:53 Channel position: Gramy w Fortnite moved from 8 to 10
2018-04-28 13:06:22 Member role add: 'YouTuber' role was added to @MAesTRO_HED#2142
2018-05-01 06:50:18 Channel position: Gramy w robloxa 2 moved from 15 to 14
2018-05-01 06:50:18 Channel position: porozmawiaj z kichalem ;) moved from 14 to 15
2018-05-01 07:09:40 this bot left the server
