2018-04-22 20:18:14 #shop @LunalaScout#1143: .h
2018-04-22 20:18:39 #shop @LunalaScout#1143: /$
2018-04-22 20:18:42 #shop @LunalaScout#1143: .$
2018-04-22 20:18:43 #shop @Nadeko#6685: 
2018-04-22 20:18:43 #shop @Nadeko#6685 edited message from 2018-04-22 20:18:43 () to read: 
2018-04-22 20:18:43 #shop @Synapse#0692: 
2018-04-22 20:18:43 #shop @Synapse#0692 edited message from 2018-04-22 20:18:43 () to read: 
2018-04-22 20:18:50 #shop @LunalaScout#1143: .
2018-04-22 20:18:56 #shop @LunalaScout#1143: .shop
2018-04-22 20:18:56 #shop @Synapse#0692: 
2018-04-22 20:18:56 #shop @Nadeko#6685: 
2018-04-22 20:18:56 #shop @Synapse#0692 edited message from 2018-04-22 20:18:56 () to read: 
2018-04-22 20:18:56 #shop @Nadeko#6685 edited message from 2018-04-22 20:18:56 () to read: 
2018-04-22 20:19:05 #shop @LunalaScout#1143: k
2018-04-22 20:19:28 #shop @LunalaScout#1143: .shop
2018-04-22 20:19:28 #shop @Nadeko#6685: 
2018-04-22 20:19:28 #shop @Nadeko#6685 edited message from 2018-04-22 20:19:28 () to read: 
2018-04-22 20:19:28 #shop @Synapse#0692: 
2018-04-22 20:19:28 #shop @Synapse#0692 edited message from 2018-04-22 20:19:28 () to read: 
2018-04-22 20:19:32 #shop @LunalaScout#1143: .
2018-04-22 20:20:35 #shop @LunalaScout#1143: .shop add Dab
2018-04-22 20:20:47 #shop @LunalaScout#1143: .shop add Yes, you.
2018-04-22 20:20:57 #shop @LunalaScout#1143: .shop
2018-04-22 20:20:57 #shop @Synapse#0692: 
2018-04-22 20:20:57 #shop @Nadeko#6685: 
2018-04-22 20:20:57 #shop @Nadeko#6685 edited message from 2018-04-22 20:20:57 () to read: 
2018-04-22 20:21:04 #shop @Synapse#0692 edited message from 2018-04-22 20:20:57 () to read: 
2018-04-22 20:23:06 #shop @LunalaScout#1143: .shopadd yes, you.
2018-04-22 20:23:11 #shop @LunalaScout#1143: .shop
2018-04-22 20:23:11 #shop @Nadeko#6685: 
2018-04-22 20:23:11 #shop @Synapse#0692: 
2018-04-22 20:23:12 #shop @Synapse#0692 edited message from 2018-04-22 20:23:11 () to read: 
2018-04-22 20:23:12 #shop @Nadeko#6685 edited message from 2018-04-22 20:23:11 () to read: 
2018-04-22 20:23:23 #shop @LunalaScout#1143: .shopadd Yes, You.
2018-04-22 20:23:43 #shop @LunalaScout#1143: .shoplistadd Yes, You.
2018-04-22 20:23:57 #shop @LunalaScout#1143: .shop
2018-04-22 20:23:57 #shop @Nadeko#6685: 
2018-04-22 20:23:57 #shop @Nadeko#6685 edited message from 2018-04-22 20:23:57 () to read: 
2018-04-22 20:23:57 #shop @Synapse#0692: 
2018-04-22 20:23:57 #shop @Synapse#0692 edited message from 2018-04-22 20:23:57 () to read: 
2018-04-22 20:24:16 #shop @LunalaScout#1143: .roll 1
2018-04-22 20:24:16 #shop @Nadeko#6685: @LunalaScout Dice rolled: **1** Total: **3** Average: **3.00** (attachment url(s): https://cdn.discordapp.com/attachments/437702359045636096/437710254604550144/dice.png)
2018-04-22 20:24:16 #shop @Synapse#0692: @LunalaScout Dice rolled: **1** Total: **2** Average: **2.00** (attachment url(s): https://cdn.discordapp.com/attachments/437702359045636096/437710254394966017/dice.png)
2018-04-22 20:24:24 #shop @LunalaScout#1143: .roll 3
2018-04-22 20:24:24 #shop @Synapse#0692: @LunalaScout Dice rolled: **3** Total: **12** Average: **4.00** (attachment url(s): https://cdn.discordapp.com/attachments/437702359045636096/437710287223783435/dice.png)
2018-04-22 20:24:34 #shop @LunalaScout#1143: .roll 1
2018-04-22 20:24:34 #shop @Nadeko#6685: @LunalaScout Dice rolled: **1** Total: **4** Average: **4.00** (attachment url(s): https://cdn.discordapp.com/attachments/437702359045636096/437710329900695552/dice.png)
2018-04-22 20:24:34 #shop @Synapse#0692: @LunalaScout Dice rolled: **1** Total: **6** Average: **6.00** (attachment url(s): https://cdn.discordapp.com/attachments/437702359045636096/437710329707757579/dice.png)
2018-04-22 20:25:22 #shop @LunalaScout#1143: .attack @cheesecake flamethrower
2018-04-22 20:25:53 #shop @LunalaScout#1143: .attack ''flamethrower'' @cheesecake
2018-04-22 20:25:53 #shop @Nadeko#6685: 
2018-04-22 20:25:53 #shop @Synapse#0692: 
2018-04-22 20:25:53 #shop @Synapse#0692 edited message from 2018-04-22 20:25:53 () to read: 
2018-04-22 20:25:53 #shop @Nadeko#6685 edited message from 2018-04-22 20:25:53 () to read: 
2018-04-22 20:25:59 #shop @LunalaScout#1143: .ml
2018-04-22 20:25:59 #shop @Synapse#0692: 
2018-04-22 20:25:59 #shop @Nadeko#6685: 
2018-04-22 20:25:59 #shop @Synapse#0692 edited message from 2018-04-22 20:25:59 () to read: 
2018-04-22 20:25:59 #shop @Nadeko#6685 edited message from 2018-04-22 20:25:59 () to read: 
2018-04-22 20:26:31 #shop @LunalaScout#1143: .attack ''ice ball'' @cheesecake
2018-04-22 20:27:00 #shop @LunalaScout#1143: .type @cheesecake fighting
2018-04-22 20:27:17 #shop @LunalaScout#1143: .settype ghost
2018-04-22 20:27:17 #shop @Synapse#0692: 
2018-04-22 20:27:17 #shop @Synapse#0692 edited message from 2018-04-22 20:27:17 () to read: 
2018-04-22 20:27:17 #shop @Nadeko#6685: 
2018-04-22 20:27:17 #shop @Nadeko#6685 edited message from 2018-04-22 20:27:17 () to read: 
2018-04-22 20:27:28 #shop @LunalaScout#1143: .ml
2018-04-22 20:27:28 #shop @Synapse#0692: 
2018-04-22 20:27:28 #shop @Nadeko#6685: 
2018-04-22 20:27:28 #shop @Nadeko#6685 edited message from 2018-04-22 20:27:28 () to read: 
2018-04-22 20:27:28 #shop @Synapse#0692 edited message from 2018-04-22 20:27:28 () to read: 
2018-04-22 20:27:50 #shop @LunalaScout#1143: .attack @Animu hex
2018-04-22 20:28:17 #shop @LunalaScout#1143: .8ball dab
2018-04-22 20:28:17 #shop @Synapse#0692: 
2018-04-22 20:28:17 #shop @Synapse#0692 edited message from 2018-04-22 20:28:17 () to read: 
2018-04-22 20:28:17 #shop @Nadeko#6685: 
2018-04-22 20:28:18 #shop @Nadeko#6685 edited message from 2018-04-22 20:28:17 () to read: 
2018-04-22 20:28:34 #shop @LunalaScout#1143: .cleverbot dab
2018-04-22 22:21:24 #shop @Rythm#3722: **Thank you for adding me!** ✅\n`-` My prefix here is `!`\n`-` You can see a list of commands by typing `!help`\n`-` You can change my prefix with `!settings prefix`\n`-` If you need help, feel free to join our support server at **<https://rythmbot.co/support>**\n**By having Rythm in your server and using Rythm, you agree to the following Terms of Service: <https://rythmbot.co/tos>**
2018-04-23 01:16:37 #shop @LunalaScout#1143: get flower
2018-04-23 01:18:58 #shop @LunalaScout#1143: .shopadd
2018-04-23 01:19:08 #shop @LunalaScout#1143: .shopadd roles
2018-04-23 01:19:14 #shop @YaboiNONO#0772: !help
2018-04-23 01:19:14 #shop @Rythm#3722: ✅ **Check <https://rythmbot.co/features#list> for a list of commands**
2018-04-23 01:19:16 #shop @Synapse#0692: Check your DM, @YaboiNONO! I have sent something for you :wink:
2018-04-23 01:20:22 #shop @YaboiNONO#0772: And u know Lunala I Have Adminstrator
