2018-04-25 03:27:24 #music-bot @Subastral#0028: !play johnny foreigner salt poppa and spinderella
2018-04-25 03:27:24 #music-bot @Rythm#3722: <:youtube:335112740957978625> **Searching** 🔎 `johnny foreigner salt poppa and spinderella`
2018-04-25 03:27:24 #music-bot @Rythm#3722: **Playing** 🎶 `Johnny Foreigner - Salt, Peppa and Spinderella [Official Music Video]` - Now!
2018-04-25 03:27:25 #music-bot @Tatsumaki#8792: 🆙  |  **Subastral leveled up!** (attachment url(s): https://cdn.discordapp.com/attachments/419904283358658561/438541515590074369/levelup.png)
2018-04-25 03:30:46 #music-bot @Subastral#0028: !repeat
2018-04-25 03:30:46 #music-bot @Rythm#3722: 🔂 **Enabled!**
2018-04-25 03:30:46 #music-bot @Synapse#0692: The queue is currently not looping.
2018-04-25 03:30:46 #music-bot @Synapse#0692: Do `!repeat toggle` to change this.
2018-04-25 03:31:08 #music-bot @Subastral#0028: play johnny foreigners salt poppa and spinderella
2018-04-25 03:31:18 #music-bot @Subastral#0028 edited message from 2018-04-25 03:31:08 (play johnny foreigners salt poppa and spinderella) to read: !play johnny foreigners salt poppa and spinderella
2018-04-25 03:31:42 #music-bot @Subastral#0028: !play johnny foreigners salt peppa and spinderella
2018-04-25 03:31:42 #music-bot @Rythm#3722: <:youtube:335112740957978625> **Searching** 🔎 `johnny foreigners salt peppa and spinderella`
2018-04-25 03:31:42 #music-bot @Synapse#0692: Queued.
2018-04-25 03:31:42 #music-bot @Rythm#3722: **Playing** 🎶 `Johnny Foreigner - Salt, Peppa and Spinderella [Official Music Video]` - Now!
2018-04-25 16:02:44 #music-bot @Subastral#0028: !repeat
2018-04-25 16:02:44 #music-bot @Rythm#3722: ❌ **You have to be in a voice channel to use this command.**
2018-04-25 16:02:44 #music-bot @Synapse#0692: Play something to see this setting.
2018-04-25 16:02:55 #music-bot @Subastral#0028: !repeat
2018-04-25 16:02:56 #music-bot @Rythm#3722: ❌ **I am not connected to a voice channel**, Use the summon command to get me in one
2018-04-25 16:02:56 #music-bot @Synapse#0692: Play something to see this setting.
2018-04-25 16:03:21 #music-bot @Subastral#0028: !play johnny foreigners salt peppa and spinderella remix
2018-04-25 16:03:21 #music-bot @Rythm#3722: <:youtube:335112740957978625> **Searching** 🔎 `johnny foreigners salt peppa and spinderella remix`
2018-04-25 16:03:22 #music-bot @Rythm#3722: **Playing** 🎶 `Johnny Foreigner - Salt, Peppa & Spinderella (Bloc Party Remix)` - Now!
2018-04-25 16:03:29 #music-bot @Subastral#0028: !repeat
2018-04-25 16:03:29 #music-bot @Rythm#3722: 🔂 **Enabled!**
2018-04-25 16:03:29 #music-bot @Synapse#0692: Play something to see this setting.
2018-04-25 16:04:27 #music-bot @Subastral#0028: b1remove
2018-04-25 16:04:33 #music-bot @Subastral#0028: !remove
2018-04-25 16:04:33 #music-bot @Rythm#3722: 
2018-04-25 16:04:33 #music-bot @Rythm#3722 edited message from 2018-04-25 16:04:33 () to read: 
2018-04-25 16:04:48 #music-bot @Subastral#0028: !remove 1
2018-04-25 16:04:49 #music-bot @Rythm#3722: ❌ **Out of range**
2018-04-25 16:04:54 #music-bot @Subastral#0028: !remove all
2018-04-25 16:04:55 #music-bot @Rythm#3722: 
2018-04-25 16:04:55 #music-bot @Rythm#3722 edited message from 2018-04-25 16:04:55 () to read: 
2018-04-25 16:05:36 #music-bot @Subastral#0028: !remove johnny foreigners salt poppa and spinderella remix
2018-04-25 16:05:37 #music-bot @Rythm#3722: 
2018-04-25 16:05:37 #music-bot @Rythm#3722 edited message from 2018-04-25 16:05:37 () to read: 
2018-04-25 16:06:04 #music-bot @Subastral#0028: !play johnny foreigners salt peppa and spinderella
2018-04-25 16:06:05 #music-bot @Rythm#3722: ❌ **You need to be in the same voice channel as Rythm to use this command**
2018-04-25 16:06:05 #music-bot @Synapse#0692: Queued.
2018-04-25 16:06:13 #music-bot @Subastral#0028: ...
2018-04-25 16:06:46 #music-bot @Subastral#0028: _play johnny foreigners salt peppa
2018-04-25 16:06:47 #music-bot @Gnar#8315: 
2018-04-25 16:06:48 #music-bot @Gnar#8315 edited message from 2018-04-25 16:06:47 () to read: 
2018-04-25 16:06:47 #music-bot @Gnar#8315: 
2018-04-25 16:06:48 #music-bot @Gnar#8315 edited message from 2018-04-25 16:06:47 () to read: 
2018-04-25 16:13:32 #music-bot @Subastral#0028: _repeat
2018-04-25 16:13:32 #music-bot @Gnar#8315: 
2018-04-25 16:13:33 #music-bot @Gnar#8315 edited message from 2018-04-25 16:13:32 () to read: 
2018-04-25 16:13:51 #music-bot @Subastral#0028: _play johnny foreigners salt peppa
2018-04-25 16:13:52 #music-bot @Gnar#8315: 
2018-04-25 16:13:52 #music-bot @Gnar#8315 edited message from 2018-04-25 16:13:52 () to read: 
2018-04-25 16:13:52 #music-bot @Gnar#8315: 
2018-04-25 16:13:53 #music-bot @Gnar#8315 edited message from 2018-04-25 16:13:52 () to read: 
2018-04-25 16:13:56 #music-bot @Subastral#0028: _repeat
2018-04-25 16:13:56 #music-bot @Gnar#8315: 
2018-04-25 16:13:56 #music-bot @Gnar#8315 edited message from 2018-04-25 16:13:56 () to read: 
2018-04-25 16:14:09 #music-bot @Subastral#0028: _repeat johnny foreigners salt peppa
2018-04-25 16:14:09 #music-bot @Gnar#8315: 
2018-04-25 16:14:09 #music-bot @Gnar#8315 edited message from 2018-04-25 16:14:09 () to read: 
2018-04-25 16:14:16 #music-bot @Subastral#0028: _repeat song
2018-04-25 16:14:16 #music-bot @Gnar#8315: 
2018-04-25 16:14:16 #music-bot @Gnar#8315 edited message from 2018-04-25 16:14:16 () to read: 
2018-04-25 20:16:10 #music-bot @Subastral#0028: _play johnny foreigners salt peppa
2018-04-25 20:16:12 #music-bot @Gnar#8315: 
2018-04-25 20:16:12 #music-bot @Gnar#8315 edited message from 2018-04-25 20:16:12 () to read: 
2018-04-25 20:16:12 #music-bot @Gnar#8315: 
2018-04-25 20:16:12 #music-bot @Gnar#8315 edited message from 2018-04-25 20:16:12 () to read: 
2018-04-25 20:16:17 #music-bot @Subastral#0028: _repeat song
2018-04-25 20:16:17 #music-bot @Gnar#8315: 
2018-04-25 20:16:23 #music-bot @Gnar#8315 edited message from 2018-04-25 20:16:17 () to read: 
