2018-04-18 16:50:44 #noice-chat @Suomi#2314: Frik
2018-04-18 16:50:45 #noice-chat @Suomi#2314: Speedo
2018-04-18 16:50:45 #noice-chat @Dyno#3861: Come here sexy speedy
2018-04-18 16:50:51 #noice-chat @Suomi#2314: Yeap I remember this.
2018-04-18 16:51:01 #noice-chat @Suomi#2314: COME SAIL AWAY
2018-04-18 16:51:06 #noice-chat @Suomi#2314: COME SAIL AWAY
2018-04-18 16:51:11 #noice-chat @Suomi#2314: COME SAIL AWAY WITH MEEEEEEEEEEEEEEEEEEEEEEEEEEEEEE
2018-04-18 16:51:17 #noice-chat @Suomi#2314: There should be a reaction to that.
2018-04-18 16:55:36 #noice-chat @Deleted User 3cd549d6#2691:  (attachment url(s): https://cdn.discordapp.com/attachments/419625300444315648/436208187377713152/unknown.png)
2018-04-18 16:55:36 #noice-chat @Deleted User 3cd549d6#2691: What one is it
2018-04-18 16:55:44 #noice-chat @Suomi#2314: Styx
2018-04-18 16:56:01 #noice-chat @Suomi#2314: So wait
2018-04-18 16:56:17 #noice-chat @Suomi#2314: When you said 'these are not even rules,' did you mean they don't apply to us? Or what?
2018-04-18 16:56:28 #noice-chat @Deleted User 3cd549d6#2691: They do
2018-04-18 16:56:31 #noice-chat @Deleted User 3cd549d6#2691: They are just shit
2018-04-18 16:56:35 #noice-chat @Suomi#2314: Also, what about my old admin status? ***EH?***
2018-04-18 16:57:20 #noice-chat @Deleted User 3cd549d6#2691: u left
2018-04-18 16:57:22 #noice-chat @Deleted User 3cd549d6#2691: u loose
2018-04-18 16:57:29 #noice-chat @Suomi#2314: Oh yea
2018-04-18 16:57:43 #noice-chat @Suomi#2314: Well I left because I was triggered. Isn't there a rule about getting triggered?
2018-04-18 16:57:52 #noice-chat @Suomi#2314: Also, why isn't @that crazy gurl ranked higher?
2018-04-18 16:58:06 #noice-chat @Deleted User 3cd549d6#2691: Because
2018-04-18 16:58:09 #noice-chat @Deleted User 3cd549d6#2691: She is
2018-04-18 16:58:15 #noice-chat @Deleted User 3cd549d6#2691: And im the highest rank
2018-04-18 17:07:16 #noice-chat @heck#8334: MY NAMES HECK UR MUMS GAY
2018-04-18 17:07:44 #noice-chat @Deleted User 3cd549d6#2691: `warn @heck #rules ur mum is not gay
2018-04-18 17:07:44 #noice-chat @Dyno#3861: <:dynoSuccess:314691591484866560> ***heck#8334 has been warned***
2018-04-18 17:07:55 #noice-chat @heck#8334: awhwhwhahn
2018-04-18 17:07:57 #noice-chat @heck#8334: z
2018-04-18 17:42:55 #noice-chat @Suomi#2314: I have a different schedule than you. @Deleted User 3cd549d6 #rules
2018-04-18 17:47:54 #noice-chat @Suomi#2314: I'm on EST
2018-04-18 18:11:27 #noice-chat @Deleted User 3cd549d6#2691: ?
2018-04-18 18:11:31 #noice-chat @Deleted User 3cd549d6#2691: Oh
2018-04-18 18:11:32 #noice-chat @Deleted User 3cd549d6#2691: stfu
2018-04-18 18:29:16 #noice-chat @abigail#4496: well
2018-04-18 18:29:28 #noice-chat @Deleted User 3cd549d6#2691: ?
2018-04-18 18:29:36 #noice-chat @Deleted User 3cd549d6#2691: oof just hacked somenes wif
2018-04-18 18:29:38 #noice-chat @Deleted User 3cd549d6#2691 edited message from 2018-04-18 18:29:36 (oof just hacked somenes wif) to read: oof just hacked somenes wifi
2018-04-18 18:29:42 #noice-chat @Deleted User 3cd549d6#2691 edited message from 2018-04-18 18:29:36 (oof just hacked somenes wifi) to read: oof just hacked someones wifi
2018-04-18 18:29:49 #noice-chat @abigail#4496: what
2018-04-18 18:30:04 #noice-chat @Deleted User 3cd549d6#2691: My friend from across the road hahah
2018-04-18 18:30:10 #noice-chat @Deleted User 3cd549d6#2691: His 19
2018-04-18 18:30:13 #noice-chat @Deleted User 3cd549d6#2691: Living alone
2018-04-18 18:30:14 #noice-chat @abigail#4496: how
2018-04-18 18:30:23 #noice-chat @abigail#4496: and why
2018-04-18 18:31:05 #noice-chat @Deleted User 3cd549d6#2691: With an app
2018-04-18 18:31:15 #noice-chat @Deleted User 3cd549d6#2691: Named skyhakk
2018-04-18 18:31:25 #noice-chat @Deleted User 3cd549d6#2691: Its paid tho
2018-04-18 18:31:46 #noice-chat @abigail#4496: oof
2018-04-18 18:32:27 #noice-chat @Deleted User 3cd549d6#2691: I can ddos him
2018-04-18 18:32:30 #noice-chat @Deleted User 3cd549d6#2691: xd
2018-04-18 18:32:30 #noice-chat @Dyno#3861: ECKS DEE
2018-04-18 18:33:01 #noice-chat @Deleted User 3cd549d6#2691: Or
2018-04-18 18:33:28 #noice-chat @Deleted User 3cd549d6#2691: I could hack into his laptop and troll him
2018-04-18 18:33:45 #noice-chat @Deleted User 3cd549d6#2691: Ima be hunted down by the fbi now lol
2018-04-18 18:35:25 #noice-chat @Deleted User 3cd549d6#2691: Im just going to log out
2018-04-18 19:16:22 #noice-chat @exo.#9999: Khm
2018-04-18 19:16:29 #noice-chat @Klaus Ze Flammenwerfer#7917: @​everyone GEY
2018-04-18 19:16:39 #noice-chat @A VERY LITTLE Polski#2954: what s dis gey shit over here
2018-04-18 19:16:46 #noice-chat @Deleted User 3cd549d6#2691: What
2018-04-18 19:16:49 #noice-chat @Mr. Robot#0007: hello
2018-04-18 19:16:50 #noice-chat @Klaus Ze Flammenwerfer#7917: NO U
2018-04-18 19:16:51 #noice-chat @exo.#9999: @​everyone PERMS XDDXDXDXD <:swastika:330373855015337990>
2018-04-18 19:16:55 #noice-chat @exo.#9999: @​everyone PERMS XDDXDXDXD <:swastika:330373855015337990>
2018-04-18 19:16:56 #noice-chat @Deleted User 3cd549d6#2691: :/
2018-04-18 19:16:57 #noice-chat @exo.#9999: @​everyone PERMS XDDXDXDXD <:swastika:330373855015337990>
2018-04-18 19:16:57 #noice-chat @Klaus Ze Flammenwerfer#7917: i am ur mother
2018-04-18 19:16:59 #noice-chat @exo.#9999: @​everyone PERMS XDDXDXDXD <:swastika:330373855015337990>
2018-04-18 19:17:02 #noice-chat @exo.#9999: @​everyone PERMS XDDXDXDXD <:swastika:330373855015337990>
2018-04-18 19:17:05 #noice-chat @Deleted User 3cd549d6#2691: `ban @exo. Huh
2018-04-18 19:17:05 #noice-chat @exo.#9999: @​everyone PERMS XDDXDXDXD <:swastika:330373855015337990>
2018-04-18 19:17:05 #noice-chat @Synapse#0692: 
2018-04-18 19:17:05 #noice-chat @Synapse#0692 edited message from 2018-04-18 19:17:05 () to read: 
2018-04-18 19:17:06 #noice-chat @exo.#9999 deleted message from 2018-04-18 19:16:22 (Khm)
2018-04-18 19:17:06 #noice-chat @exo.#9999 deleted message from 2018-04-18 19:16:51 (@​everyone PERMS XDDXDXDXD <:swastika:330373855015337990>)
2018-04-18 19:17:06 #noice-chat @exo.#9999 deleted message from 2018-04-18 19:16:55 (@​everyone PERMS XDDXDXDXD <:swastika:330373855015337990>)
2018-04-18 19:17:06 #noice-chat @exo.#9999 deleted message from 2018-04-18 19:16:57 (@​everyone PERMS XDDXDXDXD <:swastika:330373855015337990>)
2018-04-18 19:17:06 #noice-chat @exo.#9999 deleted message from 2018-04-18 19:16:59 (@​everyone PERMS XDDXDXDXD <:swastika:330373855015337990>)
2018-04-18 19:17:06 #noice-chat @exo.#9999 deleted message from 2018-04-18 19:17:02 (@​everyone PERMS XDDXDXDXD <:swastika:330373855015337990>)
2018-04-18 19:17:06 #noice-chat @exo.#9999 deleted message from 2018-04-18 19:17:05 (@​everyone PERMS XDDXDXDXD <:swastika:330373855015337990>)
2018-04-18 19:17:06 #noice-chat @Dyno#3861: <:dynoSuccess:314691591484866560> ***exo.#9999 was banned***
2018-04-18 19:17:07 #noice-chat @Mr. Robot#0007: !banrole
2018-04-18 19:17:07 #noice-chat @Synapse#0692: ```\n!banrole <role>\n\nBans all members with the specified role.\nMake sure the bot's role is higher in the role\nhierarchy than the role you want it to ban\n\n```
2018-04-18 19:17:13 #noice-chat @Klaus Ze Flammenwerfer#7917: HAHAHA
2018-04-18 19:17:15 #noice-chat @Klaus Ze Flammenwerfer#7917: LOL
2018-04-18 19:17:15 #noice-chat @Dyno#3861: LOLOLOLLOOLOLLOLOLLOLOLO
2018-04-18 19:17:21 #noice-chat @skay <3#8589: :PDSAD:ASPDad
2018-04-18 19:17:22 #noice-chat @Deleted User 3cd549d6#2691: `ban @Mr. Robot
2018-04-18 19:17:22 #noice-chat @Mr. Robot#0007 deleted message from 2018-04-18 19:16:49 (hello)
2018-04-18 19:17:22 #noice-chat @Mr. Robot#0007 deleted message from 2018-04-18 19:17:07 (!banrole)
2018-04-18 19:17:23 #noice-chat @Dyno#3861: <:dynoSuccess:314691591484866560> ***Mr. Robot#0007 was banned***
2018-04-18 19:17:27 #noice-chat @Klaus Ze Flammenwerfer#7917: OOOF
2018-04-18 19:17:28 #noice-chat @Princess Chernobyl#1518: frick off
2018-04-18 19:17:29 #noice-chat @Klaus Ze Flammenwerfer#7917: NO
2018-04-18 19:17:29 #noice-chat @Dyno#3861: Why baby ;)
2018-04-18 19:17:30 #noice-chat @Klaus Ze Flammenwerfer#7917: PLS
2018-04-18 19:17:31 #noice-chat @skay <3#8589: UUF
2018-04-18 19:17:36 #noice-chat @Klaus Ze Flammenwerfer#7917: im good boi
2018-04-18 19:17:37 #noice-chat @skay <3#8589: APDSPAkda
