2018-04-21 13:01:30 this bot joined the server
2018-04-21 13:02:51 Member join: @Fortnite Stats#2375 (id 374892524780781579)
2018-04-21 13:02:51 Role created: 'Fortnite Stats' (id 437236776718041089)
2018-04-21 13:02:51 Member role add: 'Fortnite Stats' role was added to @Fortnite Stats#2375
2018-04-21 13:05:34 Member join: @PatchBot#0303 (id 402528814548254720)
2018-04-21 13:05:34 Role created: 'PatchBot' (id 437237462444670987)
2018-04-21 13:05:34 Member role add: 'PatchBot' role was added to @PatchBot#0303
2018-04-21 22:22:03 Member join: @fleksy`#2188 (id 278144918780772352)
2018-04-22 15:57:28 Member join: @Klaustukass#0631 (id 339868354179497994)
2018-04-22 16:01:59 Member join: @egomanis#7712 (id 274610731113119745)
2018-04-24 11:50:03 Member role add: 'Moderator' role was added to @Can't Sleep#9786
2018-04-24 11:50:05 Member role remove: The 'Moderator' role was removed from @Can't Sleep#9786
2018-04-24 11:50:06 Member role add: 'Moderator' role was added to @Can't Sleep#9786
2018-04-24 11:50:07 Member role remove: The 'Moderator' role was removed from @Can't Sleep#9786
2018-04-24 12:02:57 Channel position: 💀AFK💀 moved from 3 to 1
2018-04-24 12:02:57 Channel position: 💀Private💀 moved from 1 to 2
2018-04-24 12:02:57 Channel position: 💀Music💀 moved from 2 to 3
2018-04-24 12:03:00 Channel position: 💀Private💀 moved from 2 to 1
2018-04-24 12:03:00 Channel position: 💀AFK💀 moved from 1 to 2
2018-04-24 12:03:02 Channel position: 💀AFK💀 moved from 2 to 1
2018-04-24 12:03:02 Channel position: 💀Private💀 moved from 1 to 2
2018-04-24 12:34:11 Member ban: @Klaustukass#0631 (id 339868354179497994)
2018-04-24 12:34:11 Member leave: @Klaustukass#0631 (id 339868354179497994)
2018-04-24 12:34:43 Member ban: @egomanis#7712 (id 274610731113119745)
2018-04-24 12:34:43 Member leave: @egomanis#7712 (id 274610731113119745)
2018-04-24 12:34:58 Member ban: @Aramacas#4903 (id 279919869082861568)
2018-04-24 12:34:58 Member leave: @Aramacas#4903 (id 279919869082861568)
2018-04-24 16:44:29 Channel position: 💀Private💀 moved from 2 to 1
2018-04-24 16:44:29 Channel position: 💀AFK💀 moved from 1 to 2
2018-04-24 16:44:39 Channel position: 💀AFK💀 moved from 2 to 1
2018-04-24 16:44:39 Channel position: 💀Private💀 moved from 1 to 2
2018-04-24 16:44:56 Channel position: 💀Private💀 moved from 2 to 1
2018-04-24 16:44:56 Channel position: 💀AFK💀 moved from 1 to 2
2018-04-24 17:24:15 Channel overwrites: 💀Private💀 (428227179092901918): role @everyone (408335712325468161) updated to values 16777216, 1048576 (was 0, 1048576)
2018-04-24 17:25:08 Role created: 'new role' (id 438389947007762432)
2018-04-24 17:27:29 Channel overwrites: 💀Private💀 (428227179092901918): role @everyone (408335712325468161) updated to values 0, 1048576 (was 16777216, 1048576)
2018-04-24 17:33:19 Channel overwrites: 💀AFK💀 (408336257312096266): role @everyone (408335712325468161) updated to values 2097152, 62914560 (was 0, 65011712)
2018-04-24 17:33:25 Channel overwrites: 💀AFK💀 (408336257312096266): role @everyone (408335712325468161) updated to values 35651584, 29360128 (was 2097152, 62914560)
2018-04-24 21:30:07 Member leave: @Chaddie00#1969 (id 238141491489275905)
2018-04-27 14:40:23 Member unban: @WalkiTalki🙃#6302 (id 211888323906633728)
2018-04-27 14:40:55 Member join: @WalkiTalki🙃#6302 (id 211888323906633728)
2018-04-27 15:56:05 Channel position: 💀Csgo moved from 5 to 4
2018-04-27 15:56:05 Channel position: 💀Fornite💀 moved from 4 to 5
2018-04-27 15:57:00 Member leave: @WalkiTalki🙃#6302 (id 211888323906633728)
2018-04-27 15:57:05 Member leave: @fleksy`#2188 (id 278144918780772352)
2018-04-27 15:57:41 Member join: @WalkiTalki🙃#6302 (id 211888323906633728)
2018-04-27 15:59:07 Member role remove: The 'Moderator' role was removed from @Sorry#0579
2018-04-27 15:59:32 Member role add: 'Moderator' role was added to @Sorry#0579
2018-04-27 16:00:43 Member join: @fleksy`#2188 (id 278144918780772352)
2018-04-27 16:02:42 Member ban: @PatchBot#0303 (id 402528814548254720)
2018-04-27 16:02:42 Role deleted: 'PatchBot' (id 437237462444670987)
2018-04-27 16:02:42 Member leave: @PatchBot#0303 (id 402528814548254720)
2018-04-27 16:02:46 Member ban: @Tatsumaki#8792 (id 172002275412279296)
2018-04-27 16:02:46 Role deleted: 'Tatsumaki' (id 413791205953110016)
2018-04-27 16:02:46 Member leave: @Tatsumaki#8792 (id 172002275412279296)
2018-04-27 16:02:49 Member ban: @Synapse#0692 (id 435538622293344266)
2018-04-27 16:02:49 Member leave: @Synapse#0692 (id 435538622293344266)
2018-04-27 16:02:49 this bot left the server
