2018-04-25 18:13:34 #nsfw @jag gillar bananer#9358: PSTEAM-WVDXRG-QHEZEK-ELFGFZ-ZLJ
2018-04-25 18:14:53 #nsfw @jag gillar bananer#9358: https://giphy.com/gifs/Ca2YzMnzHtDSE
2018-04-25 18:14:53 #nsfw @jag gillar bananer#9358 edited message from 2018-04-25 18:14:53 (https://giphy.com/gifs/Ca2YzMnzHtDSE) to read: https://giphy.com/gifs/Ca2YzMnzHtDSE
2018-04-25 18:14:59 #nsfw @jag gillar bananer#9358 deleted message from 2018-04-25 18:14:53 (https://giphy.com/gifs/Ca2YzMnzHtDSE)
2018-04-25 18:15:55 #nsfw @jag gillar bananer#9358: 0,3
2018-04-26 14:56:56 #nsfw @jag gillar bananer#9358: bbgif
2018-04-26 14:56:57 #nsfw @BoobBot™#5382: 
2018-04-26 14:56:57 #nsfw @BoobBot™#5382 edited message from 2018-04-26 14:56:57 () to read: 
2018-04-26 14:57:01 #nsfw @jag gillar bananer#9358: ¨bbgif
2018-04-26 14:57:03 #nsfw @jag gillar bananer#9358: bbgif
2018-04-26 14:57:04 #nsfw @BoobBot™#5382: 
2018-04-26 14:57:04 #nsfw @BoobBot™#5382 edited message from 2018-04-26 14:57:04 () to read: 
2018-04-26 14:57:15 #nsfw @jag gillar bananer#9358: bbass
2018-04-26 14:57:15 #nsfw @BoobBot™#5382: 
2018-04-26 14:57:16 #nsfw @BoobBot™#5382 edited message from 2018-04-26 14:57:15 () to read: 
2018-04-26 16:23:43 #nsfw @rahhawlla#5106: bbass
2018-04-26 16:23:44 #nsfw @BoobBot™#5382: 
2018-04-26 16:23:44 #nsfw @BoobBot™#5382 edited message from 2018-04-26 16:23:44 () to read: 
2018-04-26 16:23:52 #nsfw @rahhawlla#5106: bbass
2018-04-26 16:23:52 #nsfw @BoobBot™#5382: 
2018-04-26 16:23:52 #nsfw @BoobBot™#5382 edited message from 2018-04-26 16:23:52 () to read: 
2018-04-26 16:34:17 #nsfw @jag gillar bananer#9358: bbgif
2018-04-26 16:34:17 #nsfw @BoobBot™#5382: 
2018-04-26 16:34:21 #nsfw @BoobBot™#5382 edited message from 2018-04-26 16:34:17 () to read: 
2018-04-26 16:34:56 #nsfw @rahhawlla#5106: bbass
2018-04-26 16:34:57 #nsfw @BoobBot™#5382: 
2018-04-26 16:34:57 #nsfw @BoobBot™#5382 edited message from 2018-04-26 16:34:57 () to read: 
2018-04-26 16:34:59 #nsfw @rahhawlla#5106: bbass
2018-04-26 16:35:00 #nsfw @BoobBot™#5382: 
2018-04-26 16:35:01 #nsfw @BoobBot™#5382 edited message from 2018-04-26 16:35:00 () to read: 
2018-04-26 16:35:02 #nsfw @rahhawlla#5106: bbass
2018-04-26 16:35:03 #nsfw @BoobBot™#5382: 
2018-04-26 16:35:03 #nsfw @BoobBot™#5382 edited message from 2018-04-26 16:35:03 () to read: 
2018-04-26 16:35:05 #nsfw @rahhawlla#5106: bbass
2018-04-26 16:35:06 #nsfw @BoobBot™#5382: 
2018-04-26 16:35:06 #nsfw @BoobBot™#5382 edited message from 2018-04-26 16:35:06 () to read: 
2018-04-26 16:35:09 #nsfw @rahhawlla#5106: bbass
2018-04-26 16:35:09 #nsfw @BoobBot™#5382: 
2018-04-26 16:35:09 #nsfw @BoobBot™#5382 edited message from 2018-04-26 16:35:09 () to read: 
2018-04-26 16:35:13 #nsfw @rahhawlla#5106: bbass
2018-04-26 16:35:13 #nsfw @BoobBot™#5382: 
2018-04-26 16:35:13 #nsfw @BoobBot™#5382 edited message from 2018-04-26 16:35:13 () to read: 
2018-04-26 16:39:25 #nsfw @rahhawlla#5106: bboptin
2018-04-26 16:39:25 #nsfw @BoobBot™#5382: you opted in, good fucking job
2018-04-26 18:19:01 #nsfw @rahhawlla#5106: bbass
2018-04-26 18:19:01 #nsfw @BoobBot™#5382: 
2018-04-26 18:19:01 #nsfw @BoobBot™#5382 edited message from 2018-04-26 18:19:01 () to read: 
2018-04-26 18:19:08 #nsfw @rahhawlla#5106: bbass
2018-04-26 18:19:09 #nsfw @BoobBot™#5382: 
2018-04-26 18:19:09 #nsfw @BoobBot™#5382 edited message from 2018-04-26 18:19:09 () to read: 
2018-04-26 18:19:26 #nsfw @rahhawlla#5106: bbass
2018-04-26 18:19:26 #nsfw @BoobBot™#5382: 
2018-04-26 18:19:28 #nsfw @BoobBot™#5382 edited message from 2018-04-26 18:19:26 () to read: 
2018-04-26 18:19:30 #nsfw @rahhawlla#5106: bbass
2018-04-26 18:19:30 #nsfw @BoobBot™#5382: 
2018-04-26 18:19:31 #nsfw @BoobBot™#5382 edited message from 2018-04-26 18:19:30 () to read: 
2018-04-26 18:37:03 #nsfw @Laxen#5345: !Boobs
2018-04-26 18:37:12 #nsfw @Laxen#5345: !bbass
2018-04-26 18:37:21 #nsfw @Laxen#5345: bbass
2018-04-26 18:37:21 #nsfw @BoobBot™#5382: 
2018-04-26 18:37:21 #nsfw @BoobBot™#5382 edited message from 2018-04-26 18:37:21 () to read: 
2018-04-26 18:37:27 #nsfw @Laxen#5345: bbgif
2018-04-26 18:37:27 #nsfw @BoobBot™#5382: 
2018-04-26 18:37:29 #nsfw @BoobBot™#5382 edited message from 2018-04-26 18:37:27 () to read: 
2018-04-26 18:37:46 #nsfw @Laxen#5345: bb
2018-04-26 18:38:00 #nsfw @Laxen#5345: bbgif
2018-04-26 18:38:00 #nsfw @BoobBot™#5382: 
2018-04-26 18:38:00 #nsfw @BoobBot™#5382 edited message from 2018-04-26 18:38:00 () to read: 
2018-04-26 18:38:14 #nsfw @Laxen#5345: bbgif
2018-04-26 18:38:14 #nsfw @BoobBot™#5382: 
2018-04-26 18:38:15 #nsfw @BoobBot™#5382 edited message from 2018-04-26 18:38:14 () to read: 
2018-04-26 18:38:25 #nsfw @Laxen#5345: bbgif
2018-04-26 18:38:25 #nsfw @BoobBot™#5382: 
2018-04-26 18:38:26 #nsfw @BoobBot™#5382 edited message from 2018-04-26 18:38:25 () to read: 
2018-04-26 18:38:32 #nsfw @Laxen#5345: bbgif
2018-04-26 18:38:32 #nsfw @BoobBot™#5382: 
2018-04-26 18:38:33 #nsfw @BoobBot™#5382 edited message from 2018-04-26 18:38:32 () to read: 
2018-04-26 18:38:36 #nsfw @Laxen#5345: bbgif
2018-04-26 18:38:36 #nsfw @BoobBot™#5382: 
2018-04-26 18:38:37 #nsfw @BoobBot™#5382 edited message from 2018-04-26 18:38:36 () to read: 
2018-04-26 18:38:43 #nsfw @Laxen#5345: bbgif
2018-04-26 18:38:43 #nsfw @BoobBot™#5382: 
2018-04-26 18:38:45 #nsfw @BoobBot™#5382 edited message from 2018-04-26 18:38:43 () to read: 
2018-04-26 18:38:48 #nsfw @Laxen#5345: bbgif
2018-04-26 18:38:48 #nsfw @BoobBot™#5382: 
2018-04-26 18:38:48 #nsfw @BoobBot™#5382 edited message from 2018-04-26 18:38:48 () to read: 
2018-04-26 18:38:57 #nsfw @Laxen#5345: bbgif
2018-04-26 18:38:57 #nsfw @BoobBot™#5382: 
2018-04-26 18:38:57 #nsfw @BoobBot™#5382 edited message from 2018-04-26 18:38:57 () to read: 
2018-04-26 18:39:02 #nsfw @Laxen#5345: bbgif
2018-04-26 18:39:02 #nsfw @BoobBot™#5382: 
2018-04-26 18:39:03 #nsfw @BoobBot™#5382 edited message from 2018-04-26 18:39:02 () to read: 
2018-04-26 18:39:07 #nsfw @Laxen#5345: bbgof
2018-04-26 18:39:09 #nsfw @Laxen#5345: bbgif
2018-04-26 18:39:09 #nsfw @BoobBot™#5382: 
2018-04-26 18:39:11 #nsfw @BoobBot™#5382 edited message from 2018-04-26 18:39:09 () to read: 
2018-04-26 18:39:23 #nsfw @Laxen#5345: bbgif
2018-04-26 18:39:23 #nsfw @BoobBot™#5382: 
2018-04-26 18:39:23 #nsfw @BoobBot™#5382 edited message from 2018-04-26 18:39:23 () to read: 
2018-04-26 18:39:28 #nsfw @Laxen#5345: bbgif
2018-04-26 18:39:28 #nsfw @BoobBot™#5382: 
2018-04-26 18:39:30 #nsfw @BoobBot™#5382 edited message from 2018-04-26 18:39:28 () to read: 
2018-04-26 18:39:29 #nsfw @rahhawlla#5106: bbass
2018-04-26 18:39:30 #nsfw @BoobBot™#5382: 
2018-04-26 18:39:30 #nsfw @BoobBot™#5382 edited message from 2018-04-26 18:39:30 () to read: 
2018-04-26 18:39:41 #nsfw @Laxen#5345: bbgif
2018-04-26 18:39:41 #nsfw @BoobBot™#5382: 
2018-04-26 18:39:41 #nsfw @BoobBot™#5382 edited message from 2018-04-26 18:39:41 () to read: 
2018-04-26 18:39:44 #nsfw @Laxen#5345: bbgif
2018-04-26 18:39:44 #nsfw @BoobBot™#5382: 
2018-04-26 18:39:45 #nsfw @BoobBot™#5382 edited message from 2018-04-26 18:39:44 () to read: 
2018-04-26 18:40:27 #nsfw @Laxen#5345: bbgay
2018-04-26 18:40:27 #nsfw @BoobBot™#5382: 
2018-04-26 18:40:30 #nsfw @BoobBot™#5382 edited message from 2018-04-26 18:40:27 () to read: 
2018-04-26 18:40:44 #nsfw @Laxen#5345: bbpegd
2018-04-26 18:40:49 #nsfw @Laxen#5345: bbpeggd
2018-04-26 18:40:59 #nsfw @Laxen#5345: bbpegged
2018-04-26 18:40:59 #nsfw @BoobBot™#5382: 
2018-04-26 18:41:00 #nsfw @BoobBot™#5382 edited message from 2018-04-26 18:40:59 () to read: 
2018-04-26 18:41:11 #nsfw @Laxen#5345: bbtiny
2018-04-26 18:41:11 #nsfw @BoobBot™#5382: 
2018-04-26 18:41:11 #nsfw @BoobBot™#5382 edited message from 2018-04-26 18:41:11 () to read: 
2018-04-26 18:41:22 #nsfw @Laxen#5345: bbpawg
2018-04-26 18:41:26 #nsfw @Laxen#5345: bbpawg
2018-04-26 18:41:36 #nsfw @Laxen#5345: bbtrapsd
2018-04-26 18:41:38 #nsfw @Laxen#5345: bbtraps
2018-04-26 18:41:40 #nsfw @Laxen#5345: bbtrap
2018-04-26 18:41:45 #nsfw @Laxen#5345: bbgif
2018-04-26 18:41:51 #nsfw @Laxen#5345: bbbdsm
2018-04-26 18:41:53 #nsfw @BoobBot™#5382: 
2018-04-26 18:41:53 #nsfw @BoobBot™#5382 edited message from 2018-04-26 18:41:53 () to read: 
2018-04-26 18:41:53 #nsfw @BoobBot™#5382: 
2018-04-26 18:41:53 #nsfw @BoobBot™#5382 edited message from 2018-04-26 18:41:53 () to read: 
2018-04-26 18:41:53 #nsfw @BoobBot™#5382: 
2018-04-26 18:41:53 #nsfw @BoobBot™#5382 edited message from 2018-04-26 18:41:53 () to read: 
2018-04-26 18:41:53 #nsfw @BoobBot™#5382: 
2018-04-26 18:41:53 #nsfw @BoobBot™#5382 edited message from 2018-04-26 18:41:53 () to read: 
2018-04-26 18:41:53 #nsfw @BoobBot™#5382: 
2018-04-26 18:41:54 #nsfw @BoobBot™#5382 edited message from 2018-04-26 18:41:53 () to read: 
2018-04-26 18:42:09 #nsfw @BoobBot™#5382 deleted message from 2018-04-26 18:41:53 ()
2018-04-26 18:42:13 #nsfw @BoobBot™#5382: 
2018-04-26 18:42:19 #nsfw @BoobBot™#5382 edited message from 2018-04-26 18:42:13 () to read: 
2018-04-26 18:42:23 #nsfw @Laxen#5345: bbpawg
2018-04-26 18:42:24 #nsfw @BoobBot™#5382: 
2018-04-26 18:42:24 #nsfw @BoobBot™#5382 edited message from 2018-04-26 18:42:24 () to read: 
2018-04-26 18:42:33 #nsfw @Laxen#5345: bbpawg
2018-04-26 18:42:33 #nsfw @BoobBot™#5382: 
2018-04-26 18:42:34 #nsfw @BoobBot™#5382 edited message from 2018-04-26 18:42:33 () to read: 
2018-04-26 18:42:35 #nsfw @Laxen#5345: bbreal
2018-04-26 18:42:35 #nsfw @BoobBot™#5382: 
2018-04-26 18:42:36 #nsfw @BoobBot™#5382 edited message from 2018-04-26 18:42:35 () to read: 
2018-04-26 18:42:39 #nsfw @Laxen#5345: bbreal
2018-04-26 18:42:39 #nsfw @BoobBot™#5382: 
2018-04-26 18:42:39 #nsfw @BoobBot™#5382 edited message from 2018-04-26 18:42:39 () to read: 
2018-04-26 18:42:43 #nsfw @Laxen#5345: bblesbians
2018-04-26 18:42:44 #nsfw @BoobBot™#5382: 
2018-04-26 18:42:46 #nsfw @BoobBot™#5382 edited message from 2018-04-26 18:42:44 () to read: 
2018-04-26 18:42:52 #nsfw @Laxen#5345: bblesbians
2018-04-26 18:42:52 #nsfw @BoobBot™#5382: 
2018-04-26 18:42:54 #nsfw @BoobBot™#5382 edited message from 2018-04-26 18:42:52 () to read: 
2018-04-26 18:43:00 #nsfw @Laxen#5345: bbanal
2018-04-26 18:43:00 #nsfw @BoobBot™#5382: 
2018-04-26 18:43:02 #nsfw @BoobBot™#5382 edited message from 2018-04-26 18:43:00 () to read: 
2018-04-26 18:43:02 #nsfw @Miss H#3148: Kan du inte gå in på nån porrsida istället så slipper du spamma här?
2018-04-26 18:43:09 #nsfw @Laxen#5345: nej jag har kul
2018-04-26 18:43:19 #nsfw @rahhawlla#5106: du kanske kan stänga va notiser?
2018-04-26 18:43:21 #nsfw @Laxen#5345: stäng ba av notiser
2018-04-26 18:43:25 #nsfw @rahhawlla#5106 deleted message from 2018-04-26 18:43:19 (du kanske kan stänga va notiser?)
2018-04-26 18:43:30 #nsfw @Laxen#5345: bbfeministgetsfuck
2018-04-26 18:43:34 #nsfw @Miss H#3148: Jag har inte notiser på
2018-04-26 18:43:40 #nsfw @Laxen#5345: bbpawg
2018-04-26 18:43:40 #nsfw @BoobBot™#5382: 
2018-04-26 18:43:40 #nsfw @BoobBot™#5382 edited message from 2018-04-26 18:43:40 () to read: 
2018-04-26 18:43:55 #nsfw @Miss H#3148: Akta så inte mamma ser
2018-04-26 18:44:04 #nsfw @Laxen#5345: nä men hon är med på't
2018-04-26 18:44:09 #nsfw @Laxen#5345: bbbj
2018-04-26 18:44:09 #nsfw @BoobBot™#5382: 
2018-04-26 18:44:10 #nsfw @BoobBot™#5382 edited message from 2018-04-26 18:44:09 () to read: 
2018-04-26 18:44:12 #nsfw @Laxen#5345: bb4k
2018-04-26 18:44:12 #nsfw @BoobBot™#5382: 
2018-04-26 18:44:13 #nsfw @BoobBot™#5382 edited message from 2018-04-26 18:44:12 () to read: 
2018-04-26 18:44:15 #nsfw @Laxen#5345: bb4k
2018-04-26 18:44:15 #nsfw @BoobBot™#5382: 
2018-04-26 18:44:15 #nsfw @BoobBot™#5382 edited message from 2018-04-26 18:44:15 () to read: 
2018-04-26 18:44:17 #nsfw @Miss H#3148: Tvivlar på det
2018-04-26 18:44:20 #nsfw @Laxen#5345: bb4k
2018-04-26 18:44:20 #nsfw @BoobBot™#5382: 
2018-04-26 18:44:21 #nsfw @BoobBot™#5382 edited message from 2018-04-26 18:44:20 () to read: 
2018-04-26 18:44:23 #nsfw @Laxen#5345: bb4k
2018-04-26 18:44:23 #nsfw @BoobBot™#5382: 
2018-04-26 18:44:25 #nsfw @BoobBot™#5382 edited message from 2018-04-26 18:44:23 () to read: 
2018-04-26 18:44:25 #nsfw @Laxen#5345: bb4k
2018-04-26 18:44:25 #nsfw @BoobBot™#5382: 
2018-04-26 18:44:25 #nsfw @BoobBot™#5382 edited message from 2018-04-26 18:44:25 () to read: 
2018-04-26 18:44:30 #nsfw @Laxen#5345: bbgif
2018-04-26 18:44:30 #nsfw @BoobBot™#5382: 
2018-04-26 18:44:30 #nsfw @BoobBot™#5382 edited message from 2018-04-26 18:44:30 () to read: 
2018-04-26 18:44:41 #nsfw @Laxen#5345: bbblack
2018-04-26 18:44:42 #nsfw @BoobBot™#5382: 
2018-04-26 18:44:42 #nsfw @BoobBot™#5382 edited message from 2018-04-26 18:44:42 () to read: 
2018-04-26 18:44:53 #nsfw @Laxen#5345: bbpussy
2018-04-26 18:44:53 #nsfw @BoobBot™#5382: 
2018-04-26 18:44:56 #nsfw @BoobBot™#5382 edited message from 2018-04-26 18:44:53 () to read: 
2018-04-26 18:44:58 #nsfw @Laxen#5345: bbboobs
2018-04-26 18:44:59 #nsfw @BoobBot™#5382: 
2018-04-26 18:45:00 #nsfw @BoobBot™#5382 edited message from 2018-04-26 18:44:59 () to read: 
2018-04-26 18:45:07 #nsfw @rahhawlla#5106: bbphgif
2018-04-26 18:45:07 #nsfw @BoobBot™#5382: 
2018-04-26 18:45:07 #nsfw @BoobBot™#5382 edited message from 2018-04-26 18:45:07 () to read: 
2018-04-26 18:45:24 #nsfw @rahhawlla#5106: bbcumsluts
2018-04-26 18:45:24 #nsfw @BoobBot™#5382: 
2018-04-26 18:45:27 #nsfw @BoobBot™#5382 edited message from 2018-04-26 18:45:24 () to read: 
2018-04-26 18:49:30 #nsfw @Laxen#5345: bbboobs
2018-04-26 18:49:31 #nsfw @BoobBot™#5382: 
2018-04-26 18:49:31 #nsfw @BoobBot™#5382 edited message from 2018-04-26 18:49:31 () to read: 
2018-04-26 18:49:31 #nsfw @MEE6#4876: GG @Puh, you just killed yourself to level 1 :FeelsSuicidalMan: !
2018-04-26 18:50:18 #nsfw @Laxen#5345: bbass
2018-04-26 18:50:19 #nsfw @BoobBot™#5382: 
2018-04-26 18:50:20 #nsfw @BoobBot™#5382 edited message from 2018-04-26 18:50:19 () to read: 
2018-04-26 18:50:24 #nsfw @Laxen#5345: bbgif
2018-04-26 18:50:24 #nsfw @BoobBot™#5382: 
2018-04-26 18:50:25 #nsfw @BoobBot™#5382 edited message from 2018-04-26 18:50:24 () to read: 
2018-04-26 18:51:58 #nsfw @Laxen#5345: bbgif
2018-04-26 18:51:59 #nsfw @BoobBot™#5382: 
2018-04-26 18:51:59 #nsfw @BoobBot™#5382 edited message from 2018-04-26 18:51:59 () to read: 
2018-04-26 18:52:03 #nsfw @Laxen#5345: bbgif
2018-04-26 18:52:04 #nsfw @BoobBot™#5382: 
2018-04-26 18:52:05 #nsfw @BoobBot™#5382 edited message from 2018-04-26 18:52:04 () to read: 
2018-04-26 18:52:08 #nsfw @Laxen#5345: bbgif
2018-04-26 18:52:08 #nsfw @BoobBot™#5382: 
2018-04-26 18:52:09 #nsfw @BoobBot™#5382 edited message from 2018-04-26 18:52:08 () to read: 
2018-04-26 18:52:27 #nsfw @Laxen#5345: bbgif
2018-04-26 18:52:27 #nsfw @BoobBot™#5382: 
2018-04-26 18:52:28 #nsfw @BoobBot™#5382 edited message from 2018-04-26 18:52:27 () to read: 
2018-04-26 18:52:30 #nsfw @Laxen#5345: bbgif
2018-04-26 18:52:30 #nsfw @BoobBot™#5382: 
2018-04-26 18:52:30 #nsfw @BoobBot™#5382 edited message from 2018-04-26 18:52:30 () to read: 
2018-04-26 18:57:38 #nsfw @Laxen#5345: bbgif
2018-04-26 18:57:38 #nsfw @BoobBot™#5382: 
2018-04-26 18:57:38 #nsfw @BoobBot™#5382 edited message from 2018-04-26 18:57:38 () to read: 
2018-04-26 18:57:42 #nsfw @Laxen#5345: bbgif
2018-04-26 18:57:42 #nsfw @BoobBot™#5382: 
2018-04-26 18:57:42 #nsfw @BoobBot™#5382 edited message from 2018-04-26 18:57:42 () to read: 
2018-04-26 18:57:56 #nsfw @Laxen#5345: bbgif
2018-04-26 18:57:56 #nsfw @BoobBot™#5382: 
2018-04-26 18:57:57 #nsfw @BoobBot™#5382 edited message from 2018-04-26 18:57:56 () to read: 
2018-04-26 18:58:00 #nsfw @Laxen#5345: bbgif
2018-04-26 18:58:00 #nsfw @BoobBot™#5382: 
2018-04-26 18:58:01 #nsfw @BoobBot™#5382 edited message from 2018-04-26 18:58:00 () to read: 
2018-04-26 18:58:03 #nsfw @Laxen#5345: bbgif
2018-04-26 18:58:04 #nsfw @BoobBot™#5382: 
2018-04-26 18:58:04 #nsfw @BoobBot™#5382 edited message from 2018-04-26 18:58:04 () to read: 
2018-04-26 18:58:08 #nsfw @Laxen#5345: bbgif
2018-04-26 18:58:09 #nsfw @BoobBot™#5382: 
2018-04-26 18:58:10 #nsfw @BoobBot™#5382 edited message from 2018-04-26 18:58:09 () to read: 
2018-04-26 18:58:11 #nsfw @Laxen#5345: bbgif
2018-04-26 18:58:11 #nsfw @BoobBot™#5382: 
2018-04-26 18:58:13 #nsfw @BoobBot™#5382 edited message from 2018-04-26 18:58:11 () to read: 
2018-04-26 18:58:25 #nsfw @Laxen#5345: !ftn help
2018-04-26 18:58:25 #nsfw @Fortnite Stats#2375: 
2018-04-26 18:58:26 #nsfw @Fortnite Stats#2375 edited message from 2018-04-26 18:58:25 () to read: 
2018-04-26 18:58:40 #nsfw @Laxen#5345: !ftn hirusha14
2018-04-26 18:58:42 #nsfw @Fortnite Stats#2375: https://fortnite.y3n.co/ (attachment url(s): https://cdn.discordapp.com/attachments/369506103589077013/439138269217685524/file.jpg)
2018-04-26 19:04:28 #nsfw @Laxen#5345: !Play https://www.youtube.com/watch?v=HrXQuGi4Nh8
2018-04-26 19:04:28 #nsfw @Laxen#5345 edited message from 2018-04-26 19:04:28 (!Play https://www.youtube.com/watch?v=HrXQuGi4Nh8) to read: !Play https://www.youtube.com/watch?v=HrXQuGi4Nh8
2018-04-26 19:04:28 #nsfw @Rythm#3722: <:youtube:335112740957978625> **Searching** 🔎 `https://www.youtube.com/watch?v=HrXQuGi4Nh8`
2018-04-26 19:04:29 #nsfw @Rythm#3722: **Playing** 🎶 `Dr.Disrespect - Gillette (Music Video)` - Now!
2018-04-26 19:15:05 #nsfw @Laxen#5345: bbgif
2018-04-26 19:15:05 #nsfw @BoobBot™#5382: 
2018-04-26 19:15:06 #nsfw @BoobBot™#5382 edited message from 2018-04-26 19:15:05 () to read: 
2018-04-26 19:15:10 #nsfw @Laxen#5345: bbgif
2018-04-26 19:15:10 #nsfw @BoobBot™#5382: 
2018-04-26 19:15:10 #nsfw @BoobBot™#5382 edited message from 2018-04-26 19:15:10 () to read: 
2018-04-26 19:15:14 #nsfw @Laxen#5345: bbgif
2018-04-26 19:15:14 #nsfw @BoobBot™#5382: 
2018-04-26 19:15:14 #nsfw @BoobBot™#5382 edited message from 2018-04-26 19:15:14 () to read: 
2018-04-26 19:16:29 #nsfw @Laxen#5345: bbgif
2018-04-26 19:16:29 #nsfw @BoobBot™#5382: 
2018-04-26 19:16:30 #nsfw @BoobBot™#5382 edited message from 2018-04-26 19:16:29 () to read: 
2018-04-26 19:16:34 #nsfw @Laxen#5345: bbgif
2018-04-26 19:16:34 #nsfw @BoobBot™#5382: 
2018-04-26 19:16:35 #nsfw @BoobBot™#5382 edited message from 2018-04-26 19:16:34 () to read: 
2018-04-26 19:16:51 #nsfw @Laxen#5345: bbgif
2018-04-26 19:16:51 #nsfw @BoobBot™#5382: 
2018-04-26 19:16:53 #nsfw @BoobBot™#5382 edited message from 2018-04-26 19:16:51 () to read: 
2018-04-26 19:16:54 #nsfw @Laxen#5345: bbgif
2018-04-26 19:16:54 #nsfw @BoobBot™#5382: 
2018-04-26 19:16:55 #nsfw @BoobBot™#5382 edited message from 2018-04-26 19:16:54 () to read: 
2018-04-26 19:17:46 #nsfw @Laxen#5345: bbgif
2018-04-26 19:17:46 #nsfw @BoobBot™#5382: 
2018-04-26 19:17:46 #nsfw @BoobBot™#5382 edited message from 2018-04-26 19:17:46 () to read: 
2018-04-26 19:21:12 #nsfw @Laxen#5345: bbgif
2018-04-26 19:21:12 #nsfw @BoobBot™#5382: 
2018-04-26 19:21:12 #nsfw @BoobBot™#5382 edited message from 2018-04-26 19:21:12 () to read: 
2018-04-26 19:21:16 #nsfw @Laxen#5345: bbgif
2018-04-26 19:21:17 #nsfw @BoobBot™#5382: 
2018-04-26 19:21:18 #nsfw @BoobBot™#5382 edited message from 2018-04-26 19:21:17 () to read: 
2018-04-26 20:01:14 #nsfw @Laxen#5345: bbgif
2018-04-26 20:01:14 #nsfw @BoobBot™#5382: 
2018-04-26 20:01:14 #nsfw @BoobBot™#5382 edited message from 2018-04-26 20:01:14 () to read: 
2018-04-26 20:01:19 #nsfw @Laxen#5345: bbgif
2018-04-26 20:01:19 #nsfw @BoobBot™#5382: 
2018-04-26 20:01:19 #nsfw @BoobBot™#5382 edited message from 2018-04-26 20:01:19 () to read: 
2018-04-26 20:01:26 #nsfw @Laxen#5345: bbgif
2018-04-26 20:01:26 #nsfw @BoobBot™#5382: 
2018-04-26 20:01:27 #nsfw @BoobBot™#5382 edited message from 2018-04-26 20:01:26 () to read: 
2018-04-26 20:01:30 #nsfw @Laxen#5345: bbgif
2018-04-26 20:01:30 #nsfw @BoobBot™#5382: 
2018-04-26 20:01:30 #nsfw @BoobBot™#5382 edited message from 2018-04-26 20:01:30 () to read: 
2018-04-26 20:01:41 #nsfw @Laxen#5345: bbgif
2018-04-26 20:01:41 #nsfw @BoobBot™#5382: 
2018-04-26 20:01:41 #nsfw @BoobBot™#5382 edited message from 2018-04-26 20:01:41 () to read: 
2018-04-26 20:01:53 #nsfw @Laxen#5345: bbgif
2018-04-26 20:01:53 #nsfw @BoobBot™#5382: 
2018-04-26 20:01:53 #nsfw @BoobBot™#5382 edited message from 2018-04-26 20:01:53 () to read: 
2018-04-26 20:05:00 #nsfw @Laxen#5345: bbpawg
2018-04-26 20:05:00 #nsfw @BoobBot™#5382: 
2018-04-26 20:05:01 #nsfw @BoobBot™#5382 edited message from 2018-04-26 20:05:00 () to read: 
2018-04-26 20:05:04 #nsfw @Laxen#5345: bbpawg
2018-04-26 20:05:04 #nsfw @BoobBot™#5382: 
2018-04-26 20:05:04 #nsfw @BoobBot™#5382 edited message from 2018-04-26 20:05:04 () to read: 
2018-04-26 20:05:07 #nsfw @Laxen#5345: bbpawg
2018-04-26 20:05:07 #nsfw @BoobBot™#5382: 
2018-04-26 20:05:08 #nsfw @BoobBot™#5382 edited message from 2018-04-26 20:05:07 () to read: 
2018-04-26 20:05:10 #nsfw @Laxen#5345: bbgif
2018-04-26 20:05:10 #nsfw @BoobBot™#5382: 
2018-04-26 20:05:11 #nsfw @BoobBot™#5382 edited message from 2018-04-26 20:05:10 () to read: 
2018-04-26 20:05:18 #nsfw @Laxen#5345: bbgif
2018-04-26 20:05:18 #nsfw @BoobBot™#5382: 
2018-04-26 20:05:19 #nsfw @BoobBot™#5382 edited message from 2018-04-26 20:05:18 () to read: 
2018-04-27 17:00:25 #nsfw @Laxen#5345: bbgif
2018-04-27 17:00:25 #nsfw @BoobBot™#5382: 
2018-04-27 17:00:25 #nsfw @BoobBot™#5382 edited message from 2018-04-27 17:00:25 () to read: 
2018-04-27 17:00:29 #nsfw @Laxen#5345: bbgif
2018-04-27 17:00:29 #nsfw @BoobBot™#5382: 
2018-04-27 17:00:29 #nsfw @BoobBot™#5382 edited message from 2018-04-27 17:00:29 () to read: 
2018-04-27 17:51:03 #nsfw @Laxen#5345: bbgif
2018-04-27 17:51:03 #nsfw @BoobBot™#5382: 
2018-04-27 17:51:03 #nsfw @BoobBot™#5382 edited message from 2018-04-27 17:51:03 () to read: 
2018-04-27 17:51:07 #nsfw @Laxen#5345: bbgif
2018-04-27 17:51:07 #nsfw @BoobBot™#5382: 
2018-04-27 17:51:07 #nsfw @BoobBot™#5382 edited message from 2018-04-27 17:51:07 () to read: 
2018-04-27 17:56:00 #nsfw @Laxen#5345: bbgif
2018-04-27 17:56:00 #nsfw @BoobBot™#5382: 
2018-04-27 17:56:01 #nsfw @BoobBot™#5382 edited message from 2018-04-27 17:56:00 () to read: 
2018-04-27 17:56:03 #nsfw @Laxen#5345: bbgif
2018-04-27 17:56:03 #nsfw @BoobBot™#5382: 
2018-04-27 17:56:04 #nsfw @BoobBot™#5382 edited message from 2018-04-27 17:56:03 () to read: 
2018-04-28 20:15:05 #nsfw @Twitch.tv/mighty71#7028: bbgif
2018-04-28 20:15:05 #nsfw @BoobBot™#5382: 
2018-04-28 20:15:06 #nsfw @BoobBot™#5382 edited message from 2018-04-28 20:15:05 () to read: 
2018-04-28 20:15:12 #nsfw @Twitch.tv/mighty71#7028: bbgif
2018-04-28 20:15:12 #nsfw @BoobBot™#5382: 
2018-04-28 20:15:13 #nsfw @BoobBot™#5382 edited message from 2018-04-28 20:15:12 () to read: 
2018-04-28 20:15:21 #nsfw @Twitch.tv/mighty71#7028: bbgif
2018-04-28 20:15:21 #nsfw @BoobBot™#5382: 
2018-04-28 20:15:22 #nsfw @BoobBot™#5382 edited message from 2018-04-28 20:15:21 () to read: 
2018-04-28 20:15:27 #nsfw @Twitch.tv/mighty71#7028: bbgif
2018-04-28 20:15:27 #nsfw @BoobBot™#5382: 
2018-04-28 20:15:27 #nsfw @BoobBot™#5382 edited message from 2018-04-28 20:15:27 () to read: 
2018-04-28 20:15:31 #nsfw @Twitch.tv/mighty71#7028: bbpawg
2018-04-28 20:15:31 #nsfw @BoobBot™#5382: 
2018-04-28 20:15:31 #nsfw @BoobBot™#5382 edited message from 2018-04-28 20:15:31 () to read: 
2018-04-28 20:15:39 #nsfw @Twitch.tv/mighty71#7028: bbpawg
2018-04-28 20:15:39 #nsfw @BoobBot™#5382: 
2018-04-28 20:15:39 #nsfw @BoobBot™#5382 edited message from 2018-04-28 20:15:39 () to read: 
2018-04-28 20:15:42 #nsfw @Twitch.tv/mighty71#7028: bbgif
2018-04-28 20:15:42 #nsfw @BoobBot™#5382: 
2018-04-28 20:15:42 #nsfw @BoobBot™#5382 edited message from 2018-04-28 20:15:42 () to read: 
2018-04-28 20:16:03 #nsfw @Twitch.tv/mighty71#7028: bbgif
2018-04-28 20:16:03 #nsfw @BoobBot™#5382: 
2018-04-28 20:16:03 #nsfw @BoobBot™#5382 edited message from 2018-04-28 20:16:03 () to read: 
2018-04-28 20:16:06 #nsfw @Twitch.tv/mighty71#7028: bbgif
2018-04-28 20:16:06 #nsfw @BoobBot™#5382: 
2018-04-28 20:16:18 #nsfw @BoobBot™#5382 edited message from 2018-04-28 20:16:06 () to read: 
2018-04-28 20:16:13 #nsfw @Twitch.tv/mighty71#7028: bbgif
2018-04-28 20:16:13 #nsfw @BoobBot™#5382: 
2018-04-28 20:16:18 #nsfw @BoobBot™#5382 edited message from 2018-04-28 20:16:13 () to read: 
2018-04-28 20:16:13 #nsfw @Twitch.tv/mighty71#7028: bbgif
2018-04-28 20:16:13 #nsfw @BoobBot™#5382: 
2018-04-28 20:16:18 #nsfw @BoobBot™#5382 edited message from 2018-04-28 20:16:13 () to read: 
2018-04-28 20:16:14 #nsfw @Twitch.tv/mighty71#7028: bbgif
2018-04-28 20:16:14 #nsfw @BoobBot™#5382: 
2018-04-28 20:16:18 #nsfw @BoobBot™#5382 edited message from 2018-04-28 20:16:14 () to read: 
2018-04-28 20:16:14 #nsfw @Twitch.tv/mighty71#7028: bbgif
2018-04-28 20:16:14 #nsfw @BoobBot™#5382: 
2018-04-28 20:16:18 #nsfw @BoobBot™#5382 edited message from 2018-04-28 20:16:14 () to read: 
2018-04-28 20:16:14 #nsfw @Twitch.tv/mighty71#7028: bbgif
2018-04-28 20:16:15 #nsfw @BoobBot™#5382: 
2018-04-28 20:16:18 #nsfw @BoobBot™#5382 edited message from 2018-04-28 20:16:15 () to read: 
2018-04-28 20:16:15 #nsfw @Twitch.tv/mighty71#7028: bbgif
2018-04-28 20:16:15 #nsfw @Twitch.tv/mighty71#7028: bbgif
2018-04-28 20:16:16 #nsfw @Twitch.tv/mighty71#7028: bbgif
2018-04-28 20:16:16 #nsfw @Twitch.tv/mighty71#7028: bbgif
2018-04-28 20:16:17 #nsfw @Twitch.tv/mighty71#7028: v
2018-04-28 20:16:19 #nsfw @BoobBot™#5382: 
2018-04-28 20:16:19 #nsfw @BoobBot™#5382 edited message from 2018-04-28 20:16:19 () to read: 
2018-04-28 20:16:19 #nsfw @BoobBot™#5382: 
2018-04-28 20:16:19 #nsfw @BoobBot™#5382 edited message from 2018-04-28 20:16:19 () to read: 
2018-04-28 20:16:19 #nsfw @BoobBot™#5382: 
2018-04-28 20:16:19 #nsfw @BoobBot™#5382 edited message from 2018-04-28 20:16:19 () to read: 
2018-04-28 20:16:19 #nsfw @BoobBot™#5382: 
2018-04-28 20:16:19 #nsfw @BoobBot™#5382 edited message from 2018-04-28 20:16:19 () to read: 
2018-04-28 20:16:21 #nsfw @Twitch.tv/mighty71#7028: bbgif
2018-04-28 20:16:22 #nsfw @BoobBot™#5382: 
2018-04-28 20:16:22 #nsfw @BoobBot™#5382 edited message from 2018-04-28 20:16:22 () to read: 
2018-04-28 20:16:23 #nsfw @Twitch.tv/mighty71#7028: bbgif
2018-04-28 20:16:23 #nsfw @Twitch.tv/mighty71#7028: bbgif
2018-04-28 20:16:24 #nsfw @Twitch.tv/mighty71#7028: bbgif
2018-04-28 20:16:24 #nsfw @Twitch.tv/mighty71#7028: bbgif
2018-04-28 20:16:24 #nsfw @Twitch.tv/mighty71#7028: bbgif
2018-04-28 20:16:24 #nsfw @Twitch.tv/mighty71#7028: bbgif
2018-04-28 20:16:25 #nsfw @Twitch.tv/mighty71#7028: bbgif
2018-04-28 20:16:25 #nsfw @BoobBot™#5382: 
2018-04-28 20:16:25 #nsfw @BoobBot™#5382 edited message from 2018-04-28 20:16:25 () to read: 
2018-04-28 20:16:25 #nsfw @BoobBot™#5382: 
2018-04-28 20:16:25 #nsfw @Twitch.tv/mighty71#7028: bbgif
2018-04-28 20:16:25 #nsfw @BoobBot™#5382 edited message from 2018-04-28 20:16:25 () to read: 
2018-04-28 20:16:25 #nsfw @BoobBot™#5382: 
2018-04-28 20:16:25 #nsfw @BoobBot™#5382 edited message from 2018-04-28 20:16:25 () to read: 
2018-04-28 20:16:25 #nsfw @BoobBot™#5382: 
2018-04-28 20:16:25 #nsfw @BoobBot™#5382 edited message from 2018-04-28 20:16:25 () to read: 
2018-04-28 20:16:25 #nsfw @BoobBot™#5382: 
2018-04-28 20:16:25 #nsfw @Twitch.tv/mighty71#7028: bbgif
2018-04-28 20:16:26 #nsfw @BoobBot™#5382 edited message from 2018-04-28 20:16:25 () to read: 
2018-04-28 20:16:26 #nsfw @Twitch.tv/mighty71#7028: bbgif
2018-04-28 20:16:32 #nsfw @BoobBot™#5382: 
2018-04-28 20:16:32 #nsfw @BoobBot™#5382 edited message from 2018-04-28 20:16:32 () to read: 
2018-04-28 20:16:32 #nsfw @BoobBot™#5382: 
2018-04-28 20:16:32 #nsfw @BoobBot™#5382 edited message from 2018-04-28 20:16:32 () to read: 
2018-04-28 20:16:32 #nsfw @BoobBot™#5382: 
2018-04-28 20:16:32 #nsfw @BoobBot™#5382 edited message from 2018-04-28 20:16:32 () to read: 
2018-04-28 20:16:32 #nsfw @BoobBot™#5382: 
2018-04-28 20:16:32 #nsfw @BoobBot™#5382 edited message from 2018-04-28 20:16:32 () to read: 
2018-04-28 20:16:32 #nsfw @BoobBot™#5382: 
2018-04-28 20:16:32 #nsfw @BoobBot™#5382 edited message from 2018-04-28 20:16:32 () to read: 
2018-04-30 15:05:40 #nsfw @rahhawlla#5106: bbtrap
2018-04-30 15:05:46 #nsfw @rahhawlla#5106: bbtraps
2018-04-30 15:05:46 #nsfw @BoobBot™#5382: 
2018-04-30 15:05:46 #nsfw @BoobBot™#5382 edited message from 2018-04-30 15:05:46 () to read: 
2018-04-30 15:05:50 #nsfw @rahhawlla#5106: bbtraps
2018-04-30 15:05:50 #nsfw @BoobBot™#5382: 
2018-04-30 15:05:50 #nsfw @BoobBot™#5382 edited message from 2018-04-30 15:05:50 () to read: 
2018-04-30 15:05:54 #nsfw @rahhawlla#5106: bbtraps
2018-04-30 15:05:54 #nsfw @BoobBot™#5382: 
2018-04-30 15:05:54 #nsfw @BoobBot™#5382 edited message from 2018-04-30 15:05:54 () to read: 
2018-04-30 15:05:56 #nsfw @rahhawlla#5106: bbtraps
2018-04-30 15:05:56 #nsfw @BoobBot™#5382: 
2018-04-30 15:05:58 #nsfw @BoobBot™#5382 edited message from 2018-04-30 15:05:56 () to read: 
2018-04-30 15:06:01 #nsfw @rahhawlla#5106: bbtraps
2018-04-30 15:06:02 #nsfw @BoobBot™#5382: 
2018-04-30 15:06:02 #nsfw @BoobBot™#5382 edited message from 2018-04-30 15:06:02 () to read: 
2018-04-30 15:06:06 #nsfw @rahhawlla#5106: bbtraps
2018-04-30 15:06:06 #nsfw @BoobBot™#5382: 
2018-04-30 15:06:06 #nsfw @BoobBot™#5382 edited message from 2018-04-30 15:06:06 () to read: 
2018-04-30 15:24:41 #nsfw @Laxen#5345: bbgif
2018-04-30 15:24:41 #nsfw @BoobBot™#5382: 
2018-04-30 15:24:41 #nsfw @BoobBot™#5382 edited message from 2018-04-30 15:24:41 () to read: 
2018-04-30 15:24:49 #nsfw @Laxen#5345: bbgif
2018-04-30 15:24:49 #nsfw @BoobBot™#5382: 
2018-04-30 15:24:49 #nsfw @BoobBot™#5382 edited message from 2018-04-30 15:24:49 () to read: 
2018-04-30 15:24:53 #nsfw @Laxen#5345: bbgfi
2018-04-30 15:24:56 #nsfw @Laxen#5345: bbgif
2018-04-30 15:24:56 #nsfw @BoobBot™#5382: 
2018-04-30 15:24:56 #nsfw @BoobBot™#5382 edited message from 2018-04-30 15:24:56 () to read: 
2018-04-30 15:25:07 #nsfw @Laxen#5345: bbgif
2018-04-30 15:25:07 #nsfw @BoobBot™#5382: 
2018-04-30 15:25:08 #nsfw @BoobBot™#5382 edited message from 2018-04-30 15:25:07 () to read: 
2018-04-30 15:25:10 #nsfw @Laxen#5345: bbgif
2018-04-30 15:25:11 #nsfw @BoobBot™#5382: 
2018-04-30 15:25:11 #nsfw @BoobBot™#5382 edited message from 2018-04-30 15:25:11 () to read: 
2018-04-30 15:25:15 #nsfw @Laxen#5345: bbgif
2018-04-30 15:25:15 #nsfw @BoobBot™#5382: 
2018-04-30 15:25:15 #nsfw @BoobBot™#5382 edited message from 2018-04-30 15:25:15 () to read: 
2018-04-30 15:25:18 #nsfw @Laxen#5345: bbgif
2018-04-30 15:25:19 #nsfw @BoobBot™#5382: 
2018-04-30 15:25:19 #nsfw @BoobBot™#5382 edited message from 2018-04-30 15:25:19 () to read: 
2018-04-30 15:30:23 #nsfw @rahhawlla#5106: bbtraps
2018-04-30 15:30:23 #nsfw @BoobBot™#5382: 
2018-04-30 15:30:23 #nsfw @BoobBot™#5382 edited message from 2018-04-30 15:30:23 () to read: 
2018-04-30 15:30:26 #nsfw @rahhawlla#5106: bbtraps
2018-04-30 15:30:26 #nsfw @BoobBot™#5382: 
2018-04-30 15:30:26 #nsfw @BoobBot™#5382 edited message from 2018-04-30 15:30:26 () to read: 
2018-04-30 15:30:27 #nsfw @Twitch.tv/mighty71#7028: bbgif
2018-04-30 15:30:27 #nsfw @BoobBot™#5382: 
2018-04-30 15:30:27 #nsfw @BoobBot™#5382 edited message from 2018-04-30 15:30:27 () to read: 
2018-04-30 15:30:29 #nsfw @rahhawlla#5106: bbtraos
2018-04-30 15:30:35 #nsfw @rahhawlla#5106: bbtraps
2018-04-30 15:30:35 #nsfw @BoobBot™#5382: 
2018-04-30 15:30:35 #nsfw @BoobBot™#5382 edited message from 2018-04-30 15:30:35 () to read: 
2018-04-30 15:30:40 #nsfw @rahhawlla#5106: bbtraps
2018-04-30 15:30:40 #nsfw @BoobBot™#5382: 
2018-04-30 15:30:40 #nsfw @BoobBot™#5382 edited message from 2018-04-30 15:30:40 () to read: 
2018-04-30 15:30:43 #nsfw @Twitch.tv/mighty71#7028: bbgifbbgif
2018-04-30 15:30:44 #nsfw @Twitch.tv/mighty71#7028: bbgif
2018-04-30 15:30:44 #nsfw @Twitch.tv/mighty71#7028: bbgif
2018-04-30 15:30:44 #nsfw @Twitch.tv/mighty71#7028: bbgif
2018-04-30 15:30:44 #nsfw @BoobBot™#5382: 
2018-04-30 15:30:44 #nsfw @BoobBot™#5382 edited message from 2018-04-30 15:30:44 () to read: 
2018-04-30 15:30:44 #nsfw @BoobBot™#5382: 
2018-04-30 15:30:44 #nsfw @BoobBot™#5382 edited message from 2018-04-30 15:30:44 () to read: 
2018-04-30 15:30:44 #nsfw @Twitch.tv/mighty71#7028: bbgif
2018-04-30 15:30:44 #nsfw @BoobBot™#5382: 
2018-04-30 15:30:45 #nsfw @BoobBot™#5382 edited message from 2018-04-30 15:30:44 () to read: 
2018-04-30 15:30:45 #nsfw @BoobBot™#5382: 
2018-04-30 15:30:45 #nsfw @BoobBot™#5382 edited message from 2018-04-30 15:30:45 () to read: 
2018-04-30 15:31:47 #nsfw @Twitch.tv/mighty71#7028: bbgif
2018-04-30 15:31:47 #nsfw @BoobBot™#5382: 
2018-04-30 15:31:48 #nsfw @BoobBot™#5382 edited message from 2018-04-30 15:31:47 () to read: 
2018-04-30 15:31:48 #nsfw @Twitch.tv/mighty71#7028: bbgif
2018-04-30 15:31:48 #nsfw @BoobBot™#5382: 
2018-04-30 15:31:49 #nsfw @BoobBot™#5382 edited message from 2018-04-30 15:31:48 () to read: 
2018-04-30 15:31:48 #nsfw @Twitch.tv/mighty71#7028: bbgif
2018-04-30 15:31:48 #nsfw @Twitch.tv/mighty71#7028: bbgif
2018-04-30 15:31:49 #nsfw @BoobBot™#5382: 
2018-04-30 15:31:49 #nsfw @BoobBot™#5382 edited message from 2018-04-30 15:31:49 () to read: 
2018-04-30 15:31:49 #nsfw @Twitch.tv/mighty71#7028: bbgif
2018-04-30 15:31:49 #nsfw @Twitch.tv/mighty71#7028: bbgif
2018-04-30 15:31:49 #nsfw @BoobBot™#5382: 
2018-04-30 15:31:50 #nsfw @BoobBot™#5382 edited message from 2018-04-30 15:31:49 () to read: 
2018-04-30 15:31:50 #nsfw @Twitch.tv/mighty71#7028: bbgif
2018-04-30 15:31:50 #nsfw @BoobBot™#5382: 
2018-04-30 15:31:50 #nsfw @BoobBot™#5382 edited message from 2018-04-30 15:31:50 () to read: 
2018-04-30 15:31:50 #nsfw @Twitch.tv/mighty71#7028: bbgif
2018-04-30 15:31:51 #nsfw @Twitch.tv/mighty71#7028: bbgif
2018-04-30 15:31:51 #nsfw @Twitch.tv/mighty71#7028: bbgif
2018-04-30 15:31:53 #nsfw @BoobBot™#5382: 
2018-04-30 15:31:53 #nsfw @BoobBot™#5382 edited message from 2018-04-30 15:31:53 () to read: 
2018-04-30 15:31:53 #nsfw @BoobBot™#5382: 
2018-04-30 15:31:53 #nsfw @BoobBot™#5382 edited message from 2018-04-30 15:31:53 () to read: 
2018-04-30 15:31:53 #nsfw @BoobBot™#5382: 
2018-04-30 15:31:53 #nsfw @BoobBot™#5382 edited message from 2018-04-30 15:31:53 () to read: 
2018-04-30 15:31:53 #nsfw @BoobBot™#5382: 
2018-04-30 15:31:53 #nsfw @BoobBot™#5382 edited message from 2018-04-30 15:31:53 () to read: 
2018-04-30 15:31:53 #nsfw @BoobBot™#5382: 
2018-04-30 15:31:53 #nsfw @BoobBot™#5382 edited message from 2018-04-30 15:31:53 () to read: 
2018-04-30 15:31:57 #nsfw @Twitch.tv/mighty71#7028: bbgif
2018-04-30 15:31:58 #nsfw @Twitch.tv/mighty71#7028: bbgif
2018-04-30 15:31:58 #nsfw @Twitch.tv/mighty71#7028: bbgif
2018-04-30 15:31:58 #nsfw @Twitch.tv/mighty71#7028: bbgifbbgif
2018-04-30 15:32:00 #nsfw @BoobBot™#5382: 
2018-04-30 15:32:00 #nsfw @BoobBot™#5382 edited message from 2018-04-30 15:32:00 () to read: 
2018-04-30 15:32:00 #nsfw @BoobBot™#5382: 
2018-04-30 15:32:00 #nsfw @BoobBot™#5382 edited message from 2018-04-30 15:32:00 () to read: 
2018-04-30 15:32:00 #nsfw @BoobBot™#5382: 
2018-04-30 15:32:00 #nsfw @BoobBot™#5382 edited message from 2018-04-30 15:32:00 () to read: 
2018-04-30 18:37:11 #nsfw @rahhawlla#5106:  (attachment url(s): https://cdn.discordapp.com/attachments/369506103589077013/440582409147121665/ladda_ned.jpg)
2018-04-30 18:37:18 #nsfw @rahhawlla#5106:  (attachment url(s): https://cdn.discordapp.com/attachments/369506103589077013/440582436112433162/ladda_ned_1.jpg)
2018-05-02 13:48:18 #nsfw @lurven53#8258: bb trap
2018-05-02 13:48:26 #nsfw @lurven53#8258: bbtrap
