2018-04-22 18:24:01 #owner @jag gillar bananer#9358: /play thomas tank earrape
2018-04-22 18:24:04 #owner @jag gillar bananer#9358: /skip
2018-04-22 18:24:04 #owner @Dyno#3861: Added Thomas The Tank Engine (Earrape) to the queue.
2018-04-22 18:24:10 #owner @jag gillar bananer#9358: /skip
2018-04-22 18:24:17 #owner @jag gillar bananer#9358: /skip
2018-04-22 18:24:25 #owner @jag gillar bananer#9358: /skip
2018-04-22 18:24:33 #owner @jag gillar bananer#9358: /skip
2018-04-22 18:24:40 #owner @jag gillar bananer#9358: /skip
2018-04-22 18:25:17 #owner @jag gillar bananer#9358: /play earrape
2018-04-22 18:25:20 #owner @Dyno#3861: <:dynoError:314691684455809024> An error occurred: That song is less then 30 seconds, please try another.
2018-04-22 18:25:30 #owner @jag gillar bananer#9358: /play life is a highway
2018-04-22 18:25:35 #owner @Dyno#3861: Added Life is a Highway lyrics - Rascal Flatts to the queue.
2018-04-22 18:25:35 #owner @jag gillar bananer#9358: /skip
2018-04-22 18:25:40 #owner @jag gillar bananer#9358: /skip
2018-04-22 18:25:46 #owner @jag gillar bananer#9358: /skip
2018-04-22 18:26:10 #owner @jag gillar bananer#9358: /queue list
2018-04-22 18:26:21 #owner @Dyno#3861: 
2018-04-22 18:26:21 #owner @Dyno#3861 edited message from 2018-04-22 18:26:21 () to read: 
2018-04-22 18:26:43 #owner @jag gillar bananer#9358: /play cyka mc blyat
2018-04-22 18:26:49 #owner @Dyno#3861: Added Gopnik McBlyat - Snakes in Tracksuits to the queue.
2018-04-22 18:26:51 #owner @jag gillar bananer#9358: /skip
