2018-04-27 16:01:30 #general @Synapse#0692: 
2018-04-27 16:03:00 #general @Arthur#9909: .multicolor
2018-04-27 16:03:06 #general @Arthur#9909: .help
2018-04-27 16:04:33 #general @Arthur#9909: .modules
2018-04-27 16:04:33 #general @Synapse#0692: 
2018-04-27 16:04:34 #general @Synapse#0692 edited message from 2018-04-27 16:04:33 () to read: 
2018-04-27 16:04:53 #general @Arthur#9909: .cmds NSFW
2018-04-27 16:04:53 #general @Synapse#0692: 
2018-04-27 16:04:53 #general @Synapse#0692 edited message from 2018-04-27 16:04:53 () to read: 
2018-04-27 16:05:10 #general @Arthur#9909: .cmds Admin
2018-04-27 16:05:11 #general @Synapse#0692: 
2018-04-27 16:05:12 #general @Synapse#0692 edited message from 2018-04-27 16:05:11 () to read: 
2018-04-27 16:05:29 #general @Arthur#9909: roleclr
2018-04-27 16:05:34 #general @Arthur#9909: .roleclr
2018-04-27 16:05:43 #general @Arthur#9909: .rolecolor
2018-04-27 16:05:55 #general @Arthur#9909: .rolecolor multicolor
2018-04-27 16:06:31 #general @Arthur#9909: cmds rolecolor
2018-04-27 16:06:36 #general @Arthur#9909: .cmds rolecolor
2018-04-27 16:06:36 #general @Synapse#0692: 
2018-04-27 16:06:37 #general @Synapse#0692 edited message from 2018-04-27 16:06:36 () to read: 
2018-04-27 16:06:59 #general @Arthur#9909: .roleclr
2018-04-27 16:07:08 #general @Arthur#9909: .rolecolor rainbow
2018-04-27 16:07:30 #general @Arthur#9909: .rolecolor Synapse rainbow
2018-04-27 16:07:40 #general @Arthur#9909: Synapse.rolecolor rainbow
2018-04-27 16:08:06 #general @Arthur#9909: .h rolecolor
2018-04-27 16:08:06 #general @Synapse#0692: 
2018-04-27 16:08:08 #general @Synapse#0692 edited message from 2018-04-27 16:08:06 () to read: 
2018-04-27 16:08:23 #general @Arthur#9909: .h rolecolor Synapse rainbow
2018-04-27 16:08:24 #general @Synapse#0692: 
2018-04-27 16:08:25 #general @Synapse#0692 edited message from 2018-04-27 16:08:24 () to read: 
2018-04-27 16:11:53 #general @Arthur#9909: .h rolecolor Synapse f80c12 ee1100 ff3311 ff4422 ff6644 ff9933 feae2d ccbb33 d0c310 aacc22 69d025 22ccaa 12bdb9 11aabb 4444dd 3311bb 3b0cbd 442299
2018-04-27 16:11:53 #general @Synapse#0692: 
2018-04-27 16:11:55 #general @Synapse#0692 edited message from 2018-04-27 16:11:53 () to read: 
2018-04-27 16:12:05 #general @Arthur#9909: .h rolecolor Synapse f80c12
2018-04-27 16:12:05 #general @Synapse#0692: 
2018-04-27 16:12:07 #general @Synapse#0692 edited message from 2018-04-27 16:12:05 () to read: 
2018-04-27 16:12:34 #general @Arthur#9909: .h rolecolor Admin f80c12
2018-04-27 16:12:34 #general @Synapse#0692: 
2018-04-27 16:12:36 #general @Synapse#0692 edited message from 2018-04-27 16:12:34 () to read: 
2018-04-27 16:12:55 #general @Arthur#9909: .roleclr Admin
2018-04-27 16:12:55 #general @Synapse#0692: 
2018-04-27 16:12:57 #general @Synapse#0692 edited message from 2018-04-27 16:12:55 () to read: 
2018-04-27 16:13:02 #general @Arthur#9909: .roleclr Admin f80c12
2018-04-27 16:13:03 #general @Synapse#0692: 
2018-04-27 16:13:03 #general @Synapse#0692 edited message from 2018-04-27 16:13:03 () to read: 
2018-04-27 16:13:28 #general @Arthur#9909: .rolecolor Admin f80c12 ee1100 ff3311 ff4422 ff6644 ff9933 feae2d ccbb33 d0c310 aacc22 69d025 22ccaa 12bdb9 11aabb 4444dd 3311bb 3b0cbd 442299
2018-04-27 16:13:45 #general @Arthur#9909 edited message from 2018-04-27 16:13:28 (.rolecolor Admin f80c12 ee1100 ff3311 ff4422 ff6644 ff9933 feae2d ccbb33 d0c310 aacc22 69d025 22ccaa 12bdb9 11aabb 4444dd 3311bb 3b0cbd 442299) to read: .roleclr Admin f80c12 ee1100 ff3311 ff4422 ff6644 ff9933 feae2d ccbb33 d0c310 aacc22 69d025 22ccaa 12bdb9 11aabb 4444dd 3311bb 3b0cbd 442299
2018-04-27 16:14:54 #general @Ghostplay R2#1298: 
2018-04-27 16:15:33 #general @Arthur#9909: .multicolor 2 Admin
2018-04-27 16:15:42 #general @Arthur#9909: *help
2018-04-27 16:15:58 #general @Ghostplay R2#1298: Hey there, @Arthur! I sent you the list of commands in a private message.\nCheck your direct messages
2018-04-27 16:16:32 #general @Arthur#9909: *multicolor 2 Admin
2018-04-27 16:16:54 #general @Ghostplay R2#1298: `Error in command 'multicolor'.If you keep seeing this message please contact the owner of the bot.`
2018-04-27 16:18:13 #general @Arthur#9909: ;sm Rainbow enable
2018-04-27 16:18:19 #general @Arthur#9909: .sm
2018-04-27 16:18:27 #general @Arthur#9909: .sm Rainbow enable
2018-04-27 16:18:54 #general @Arthur#9909: .rainbow
2018-04-27 16:19:00 #general @Arthur#9909: .h rainbow
2018-04-27 16:19:00 #general @Synapse#0692: 
2018-04-27 16:19:00 #general @Synapse#0692 edited message from 2018-04-27 16:19:00 () to read: 
2018-04-27 16:19:30 #general @Arthur#9909: .rainbow Admin f80c12 ee1100 ff3311 ff4422 ff6644 ff9933 feae2d ccbb33 d0c310 aacc22 69d025 22ccaa 12bdb9 11aabb 4444dd 3311bb 3b0cbd 442299
2018-04-27 16:20:04 #general @Arthur#9909: .rrc
2018-04-27 16:20:08 #general @Arthur#9909: .h rrc
2018-04-27 16:20:09 #general @Synapse#0692: 
2018-04-27 16:20:10 #general @Synapse#0692 edited message from 2018-04-27 16:20:09 () to read: 
2018-04-27 16:20:42 #general @Arthur#9909: .rcc Admin 00FF00 00FF1A 00FF35 00FF50 00FF6B 00FF86 00FFA1 00FFBB 00FFD6 00FFF1 00F1FF 00D6FF 00BBFF 00A1FF 0086FF 006BFF 0050FF 0035FF 001AFF 0000FF 0000FF 1A00FF 3500FF 5000FF 6B00FF 8600FF A100FF BB00FF D600FF F100FF FF00F1 FF00D6 FF00BB FF00A1 FF0086 FF006B FF0050 FF0035 FF001A FF0000 FF0000 FF1A00 FF3500 FF5000 FF6B00 FF8600 FFA100 FFBB00 FFD600 FFF100 F1FF00 D6FF00 BBFF00 A1FF00 86FF00 6BFF00 50FF00 35FF00 1AFF00 00FF00
2018-04-27 16:23:27 #general @Arthur#9909: .autoboobs
2018-04-27 16:23:39 #general @Arthur#9909: .h autoboobs
2018-04-27 16:23:40 #general @Synapse#0692: 
2018-04-27 16:23:40 #general @Synapse#0692 edited message from 2018-04-27 16:23:40 () to read: 
2018-04-27 16:23:54 #general @Arthur#9909: .boobs
2018-04-27 16:24:06 #general @Arthur#9909: .boobs 1
2018-04-27 16:24:13 #general @Arthur#9909: .h boobs
2018-04-27 16:24:13 #general @Synapse#0692: 
2018-04-27 16:24:13 #general @Synapse#0692 edited message from 2018-04-27 16:24:13 () to read: 
2018-04-27 16:25:36 #general @Arthur#9909: https://nadekobot.me/commands
2018-04-27 16:27:32 #general @Arthur#9909: .NSFW .boobs
2018-04-27 16:27:39 #general @Arthur#9909: .NSFW boobs
2018-04-27 16:28:08 #general @Arthur#9909: .cmds Xp
2018-04-27 16:28:08 #general @Synapse#0692: 
2018-04-27 16:28:08 #general @Synapse#0692 edited message from 2018-04-27 16:28:08 () to read: 
2018-04-27 16:28:22 #general @Arthur#9909: .xp
2018-04-27 16:28:24 #general @Synapse#0692:  (attachment url(s): https://cdn.discordapp.com/attachments/439455573235466242/439462835387498496/153929073486200833_xp.png)
2018-04-27 16:28:54 #general @Arthur#9909: .xpadd
2018-04-27 16:28:59 #general @Arthur#9909: .xpadd Arthur
2018-04-27 16:29:03 #general @Arthur#9909: .xpadd Arthur 50
2018-04-27 16:29:09 #general @Arthur#9909: .xp
2018-04-27 16:29:11 #general @Synapse#0692:  (attachment url(s): https://cdn.discordapp.com/attachments/439455573235466242/439463030158524417/153929073486200833_xp.png)
2018-04-27 16:30:15 #general @Arthur#9909: .greet
2018-04-27 16:30:15 #general @Synapse#0692: 
2018-04-27 16:30:18 #general @Synapse#0692 edited message from 2018-04-27 16:30:15 () to read: 
2018-04-27 16:32:27 #general @Arthur#9909: .h sm
2018-04-27 16:32:27 #general @Synapse#0692: 
2018-04-27 16:32:29 #general @Synapse#0692 edited message from 2018-04-27 16:32:27 () to read: 
2018-04-27 16:32:33 #general @Arthur#9909: .h sc
2018-04-27 16:32:33 #general @Synapse#0692: 
2018-04-27 16:32:33 #general @Synapse#0692 edited message from 2018-04-27 16:32:33 () to read: 
2018-04-27 16:32:41 #general @Arthur#9909: .h nsfw
2018-04-27 16:32:41 #general @Synapse#0692: 
2018-04-27 16:32:41 #general @Synapse#0692 edited message from 2018-04-27 16:32:41 () to read: 
2018-04-27 16:33:22 #general @Arthur#9909: .autoboobs 30
2018-04-27 16:33:49 #general @Arthur#9909 deleted message from 2018-04-27 16:33:22 (.autoboobs 30)
2018-04-27 16:37:36 #general @Arthur#9909: ;sm nsfw enable
2018-04-27 16:37:53 #general @Arthur#9909: .boobs
