2018-04-27 18:11:55 #chating @｢Most｣• яα∂нιтᴶᴿ要#0459: *adminrole
2018-04-27 18:12:09 #chating @｢Most｣• яα∂нιтᴶᴿ要#0459: *multicolor 3 Admin
2018-04-27 18:12:16 #chating @FFID™Rahmat#3859: .help
2018-04-27 18:12:16 #chating @ErisBot#1777: 
2018-04-27 18:12:16 #chating @Ghostplay R2#1298: 
2018-04-27 18:12:17 #chating @ErisBot#1777 edited message from 2018-04-27 18:12:16 () to read: 
2018-04-27 18:12:17 #chating @Ghostplay R2#1298 edited message from 2018-04-27 18:12:16 () to read: 
2018-04-27 18:12:17 #chating @UB3R-B0T#3802: info: https://ub3r-b0t.com | invite: <https://ub3r-b0t.com/invite> | commands: https://ub3r-b0t.com/commands | admin: https://ub3r-b0t.com/admin | patreon: <https://www.patreon.com/ub3rb0t> | For command specific help, `.help commandname`
2018-04-27 18:13:39 #chating @｢Most｣•Thomasss#0845: ^^help
2018-04-27 18:13:41 #chating @Koya#1050: <:koyabotHey:322668873340026890> @ᵀᴬᶻ|Thomass, Check your DM's !
2018-04-27 18:14:13 #chating @FFID™Rahmat#3859: *help
2018-04-27 18:14:20 #chating @Ghostplay R2#1298: Hey there, @ᵀᴬᶻ|Rahmat! I sent you the list of commands in a private message.\nCheck your direct messages
2018-04-27 18:15:21 #chating @FFID™Rahmat#3859: *pingme
2018-04-27 18:15:44 #chating @Ghostplay R2#1298: 
2018-04-27 18:15:46 #chating @Ghostplay R2#1298 edited message from 2018-04-27 18:15:44 () to read: 
2018-04-27 18:16:36 #chating @｢Most｣•Thomasss#0845: ^^join_image
2018-04-27 18:16:36 #chating @Koya#1050: <:koyabotSad:324613361289396226> Your permissions are too low!
2018-04-27 18:16:43 #chating @Koya#1050 deleted message from 2018-04-27 18:16:36 (<:koyabotSad:324613361289396226> Your permissions are too low!)
2018-04-27 18:17:07 #chating @｢Most｣• яα∂нιтᴶᴿ要#0459: *multicolor 1 admin
2018-04-27 18:17:13 #chating @｢Most｣•Thomasss#0845: ^^join_image on
2018-04-27 18:17:13 #chating @Koya#1050: <:koyabotSad:324613361289396226> Your permissions are too low!
2018-04-27 18:17:19 #chating @Koya#1050 deleted message from 2018-04-27 18:17:13 (<:koyabotSad:324613361289396226> Your permissions are too low!)
2018-04-27 18:19:03 #chating @FFID™Rahmat#3859: *multicolor 1 leader
2018-04-27 18:19:57 #chating @｢Most｣•Thomasss#0845: ^^join_message Welcome To ᵀᴬᶻ|M̶a̶n̶i̶a̶ ͟͟• ᴅᴇᴠɪʟ Semoga Betah Di Sini :)
2018-04-27 18:19:58 #chating @Koya#1050: <:koyabotOk:318482551666769921> **｢Most｣•Thomasss**, Join message was updated.\n\n:warning: Warning, join message is not enabled. Use `join_message on` to enable it.\n\n:warning: Warning, the announce channel is not defined. Use `announce_channel channel_name` to define it.
2018-04-27 18:20:30 #chating @｢Most｣•Thomasss#0845: ^^join _message on
2018-04-27 18:20:30 #chating @Koya#1050: <:koyabotShocked:348969819229519874> You are not in voice channel!
2018-04-27 18:20:44 #chating @｢Most｣• яα∂нιтᴶᴿ要#0459: *multicolor 1 leader
2018-04-27 18:22:14 #chating @｢Most｣•Thomasss#0845: ^^join_message test
2018-04-27 18:22:14 #chating @Koya#1050: <:koyabotSad:324613361289396226> Your permissions are too low!
2018-04-27 18:22:22 #chating @Koya#1050 deleted message from 2018-04-27 18:22:14 (<:koyabotSad:324613361289396226> Your permissions are too low!)
2018-04-27 18:22:36 #chating @｢Most｣•Thomasss#0845: join_message on
2018-04-27 18:22:47 #chating @｢Most｣•Thomasss#0845: ^^join_message on
2018-04-27 18:22:47 #chating @Koya#1050: <:koyabotSad:324613361289396226> Your permissions are too low!
2018-04-27 18:22:53 #chating @Koya#1050 deleted message from 2018-04-27 18:22:47 (<:koyabotSad:324613361289396226> Your permissions are too low!)
2018-04-27 18:23:38 #chating @｢Most｣•Thomasss#0845: ^^join_message on
2018-04-27 18:23:38 #chating @Koya#1050: <:koyabotOk:318482551666769921> **｢Most｣•Thomasss**, Join message enabled.
2018-04-27 18:23:55 #chating @｢Most｣•Thomasss#0845: ^^join_message test
2018-04-27 18:23:55 #chating @Koya#1050: Welcome To ᵀᴬᶻ|M̶a̶n̶i̶a̶ ͟͟• ᴅᴇᴠɪʟ Semoga Betah Di Sini :)
2018-04-27 18:25:10 #chating @｢Most｣•Thomasss#0845: ^^leave_message Kami Akan Merindukan Mu :*
2018-04-27 18:25:10 #chating @Koya#1050: <:koyabotOk:318482551666769921> Leave message was updated.
2018-04-27 18:25:22 #chating @｢Most｣•Thomasss#0845: ^^leace_message on
2018-04-27 18:25:27 #chating @｢Most｣•Thomasss#0845 deleted message from 2018-04-27 18:25:22 (^^leace_message on)
2018-04-27 18:25:37 #chating @｢Most｣•Thomasss#0845: ^^leave_message on
2018-04-27 18:25:37 #chating @Koya#1050: <:koyabotOk:318482551666769921> Leave message enabled.
2018-04-27 18:25:48 #chating @｢Most｣•Thomasss#0845: ^^leave_message test
2018-04-27 18:25:48 #chating @Koya#1050: Kami Akan Merindukan Mu :*
2018-04-27 18:25:54 #chating @『N͞͞L͟͟』Coek被多#8475: Siap
2018-04-27 18:26:54 #chating @『N͞͞L͟͟』Coek被多#8475:  (attachment url(s): https://cdn.discordapp.com/attachments/439484923913699328/439492655236513793/updateinfo_.png)
2018-04-27 18:27:07 #chating @｢Most｣•Thomasss#0845:  (attachment url(s): https://cdn.discordapp.com/attachments/439484923913699328/439492710479691777/received_267601750475357.jpeg)
2018-04-27 18:27:24 #chating @『N͞͞L͟͟』Coek被多#8475:  (attachment url(s): https://cdn.discordapp.com/attachments/439484923913699328/439492783221374976/updateinfo_.png)
2018-04-27 18:27:30 #chating @re;DhyTR#3941:  (attachment url(s): https://cdn.discordapp.com/attachments/439484923913699328/439492808672411658/images16.jpg)
2018-04-27 18:27:46 #chating @｢Most｣•Thomasss#0845:  (attachment url(s): https://cdn.discordapp.com/attachments/439484923913699328/439492873378070538/images16.jpg)
2018-04-27 18:28:34 #chating @｢Most｣•Thomasss#0845: ^^join_image background (attachment url(s): https://cdn.discordapp.com/attachments/439484923913699328/439493075555844096/images16.jpg)
2018-04-27 18:28:34 #chating @Koya#1050: <:koyabotOk:318482551666769921> **｢Most｣•Thomasss**, Background of join image was edited, use the `welcome` command to get a preview.
2018-04-27 18:29:47 #chating @｢Most｣•Thomasss#0845: ^^leave_message on
2018-04-27 18:29:47 #chating @Koya#1050: <:koyabotOk:318482551666769921> Leave message enabled.
2018-04-27 18:32:36 #chating @『N͞͞L͟͟』Coek被多#8475: t!help
2018-04-27 18:32:36 #chating @Tatsumaki#8792: ```rb\n`Standard Commands List`\n```\nUse `t!help [command]` to get more info on a specific command, for example: `t!help rank`\n\n**1. Core - **`help` `invite` `leveledroles` `ping` `selfroles` `support` \n**2. Social - **`background` `badges` `dailies` `profile` `rank` `reputation` `setinfo` `settitle` `top` \n**3. Fun - **`8ball` `cah` `cat` `catfacts` `choose` `coin` `cookie` `dice` `dog` `dogfacts` `fishy` `fortune` `numberfacts` `psychopass` `ratewaifu` `reverse` `rps` `slots` `tags` `tatsugotchi` \n**4. Economy - **`credits` `points` \n**5. Utilities - **`color` `converter` `crypto` `google` `image` `lotto` `math` `remindme` `shorten` `stocks` `strawpoll` `todo` `urban` `vote` `weather` `wiki` `youtube` \n**6. Information - **`apikey` `avatar` `botlist` `changelog` `channel` `info` `role` `server` `shared` `usage` \n**7. Anime - **`anime` `manga` `osu` `sic` \n**8. Memes - **`beautiful` `hackerman` \n\n```pl\n# Don't include the example brackets when using commands!\n# To view mod commands, use t@help\n```
2018-04-27 18:33:04 #chating @『N͞͞L͟͟』Coek被多#8475: t!auto_role
