2018-04-21 22:54:43 #nsfw @Â°ã€ğ“©ğ“¸ğ“¶ğ“®ã€Â°#1337: bbsendnudes
2018-04-21 22:54:43 #nsfw @BoobBotâ„¢#5382: Good Job @Â°ã€ğ“©ğ“¸ğ“¶ğ“®ã€Â°
2018-04-21 23:23:54 #nsfw @Pepsiman#9963: bbsendnudes @angie is dumb  just testing
2018-04-21 23:23:54 #nsfw @BoobBotâ„¢#5382: Good Job @Pepsiman
2018-04-21 23:24:04 #nsfw @Pepsiman#9963: tanks
2018-04-21 23:24:08 #nsfw @angie loves noah â˜‚#1111: ;;
2018-04-22 00:52:11 #nsfw @Shifty (YT)#2355: lmao
2018-04-22 00:52:13 #nsfw @Shifty (YT)#2355: bbass
2018-04-22 00:52:13 #nsfw @BoobBotâ„¢#5382: 
2018-04-22 00:52:13 #nsfw @BoobBotâ„¢#5382 edited message from 2018-04-22 00:52:13 () to read: 
2018-04-22 00:52:18 #nsfw @Shifty (YT)#2355: wtfff
2018-04-22 00:52:21 #nsfw @Shifty (YT)#2355: bbass
2018-04-22 00:52:21 #nsfw @BoobBotâ„¢#5382: 
2018-04-22 00:52:21 #nsfw @BoobBotâ„¢#5382 edited message from 2018-04-22 00:52:21 () to read: 
2018-04-22 00:52:23 #nsfw @Shifty (YT)#2355: bbass
2018-04-22 00:52:23 #nsfw @BoobBotâ„¢#5382: 
2018-04-22 00:52:23 #nsfw @BoobBotâ„¢#5382 edited message from 2018-04-22 00:52:23 () to read: 
2018-04-22 00:52:34 #nsfw @noah loves angie#1324: ooo
2018-04-22 00:52:36 #nsfw @noah loves angie#1324 deleted message from 2018-04-22 00:52:34 (ooo)
2018-04-22 00:52:39 #nsfw @Shifty (YT)#2355: lmao
2018-04-22 00:52:44 #nsfw @noah loves angie#1324: u ididnt see that
2018-04-22 00:52:47 #nsfw @noah loves angie#1324 deleted message from 2018-04-22 00:52:44 (u ididnt see that)
2018-04-22 00:52:48 #nsfw @noah loves angie#1324: or that
2018-04-22 00:52:51 #nsfw @noah loves angie#1324 deleted message from 2018-04-22 00:52:48 (or that)
2018-04-22 00:52:52 #nsfw @noah loves angie#1324: or that
2018-04-22 00:52:54 #nsfw @noah loves angie#1324 deleted message from 2018-04-22 00:52:52 (or that)
2018-04-22 00:53:03 #nsfw @angie loves noah â˜‚#1111: lemme guess
2018-04-22 00:53:04 #nsfw @angie loves noah â˜‚#1111: or that
2018-04-22 00:53:07 #nsfw @noah loves angie#1324: or that
2018-04-22 00:53:07 #nsfw @noah loves angie#1324: xd
2018-04-22 03:02:28 #nsfw @Mastered UI SSJ4 Goku#9399: Bbboobs
2018-04-22 03:02:28 #nsfw @BoobBotâ„¢#5382: 
2018-04-22 03:02:28 #nsfw @BoobBotâ„¢#5382 edited message from 2018-04-22 03:02:28 () to read: 
2018-04-22 03:02:37 #nsfw @Mastered UI SSJ4 Goku#9399: Bbboobs
2018-04-22 03:02:38 #nsfw @BoobBotâ„¢#5382: 
2018-04-22 03:02:38 #nsfw @BoobBotâ„¢#5382 edited message from 2018-04-22 03:02:38 () to read: 
2018-04-22 03:02:46 #nsfw @Mastered UI SSJ4 Goku#9399: Bbboobs
2018-04-22 03:02:47 #nsfw @BoobBotâ„¢#5382: 
2018-04-22 03:02:47 #nsfw @BoobBotâ„¢#5382 edited message from 2018-04-22 03:02:47 () to read: 
2018-04-22 03:03:14 #nsfw @Mastered UI SSJ4 Goku#9399: Bbboobs
2018-04-22 03:03:14 #nsfw @BoobBotâ„¢#5382: 
2018-04-22 03:03:16 #nsfw @BoobBotâ„¢#5382 edited message from 2018-04-22 03:03:14 () to read: 
2018-04-22 03:03:33 #nsfw @Mastered UI SSJ4 Goku#9399: Bblesbians
2018-04-22 03:03:33 #nsfw @BoobBotâ„¢#5382: 
2018-04-22 03:03:33 #nsfw @BoobBotâ„¢#5382 edited message from 2018-04-22 03:03:33 () to read: 
2018-04-22 03:04:09 #nsfw @Mastered UI SSJ4 Goku#9399: Bbboobs
2018-04-22 03:04:09 #nsfw @BoobBotâ„¢#5382: 
2018-04-22 03:04:10 #nsfw @BoobBotâ„¢#5382 edited message from 2018-04-22 03:04:09 () to read: 
2018-04-22 03:04:19 #nsfw @Mastered UI SSJ4 Goku#9399: Bbboobs
2018-04-22 03:04:19 #nsfw @BoobBotâ„¢#5382: 
2018-04-22 03:04:20 #nsfw @BoobBotâ„¢#5382 edited message from 2018-04-22 03:04:19 () to read: 
2018-04-22 03:04:35 #nsfw @Mastered UI SSJ4 Goku#9399: Bbthicc
2018-04-22 03:04:42 #nsfw @Mastered UI SSJ4 Goku#9399: Bbthighs
2018-04-22 03:04:42 #nsfw @BoobBotâ„¢#5382: 
2018-04-22 03:04:43 #nsfw @BoobBotâ„¢#5382 edited message from 2018-04-22 03:04:42 () to read: 
2018-04-22 03:04:58 #nsfw @Mastered UI SSJ4 Goku#9399: Bbhips
2018-04-22 03:05:05 #nsfw @Mastered UI SSJ4 Goku#9399: Bbpussy
2018-04-22 03:05:05 #nsfw @BoobBotâ„¢#5382: 
2018-04-22 03:05:05 #nsfw @BoobBotâ„¢#5382 edited message from 2018-04-22 03:05:05 () to read: 
2018-04-22 03:05:27 #nsfw @Mastered UI SSJ4 Goku#9399: Bbboobs
2018-04-22 03:05:27 #nsfw @BoobBotâ„¢#5382: 
2018-04-22 03:05:27 #nsfw @BoobBotâ„¢#5382 edited message from 2018-04-22 03:05:27 () to read: 
2018-04-22 03:06:13 #nsfw @Mastered UI SSJ4 Goku#9399: Bbboobs
2018-04-22 03:06:13 #nsfw @BoobBotâ„¢#5382: 
2018-04-22 03:06:13 #nsfw @BoobBotâ„¢#5382 edited message from 2018-04-22 03:06:13 () to read: 
2018-04-22 03:06:23 #nsfw @Mastered UI SSJ4 Goku#9399: Bbboobs
2018-04-22 03:06:23 #nsfw @BoobBotâ„¢#5382: 
2018-04-22 03:06:24 #nsfw @BoobBotâ„¢#5382 edited message from 2018-04-22 03:06:23 () to read: 
2018-04-22 03:06:36 #nsfw @Mastered UI SSJ4 Goku#9399: Bbboobs
2018-04-22 03:06:36 #nsfw @BoobBotâ„¢#5382: 
2018-04-22 03:06:36 #nsfw @BoobBotâ„¢#5382 edited message from 2018-04-22 03:06:36 () to read: 
2018-04-22 03:07:29 #nsfw @Mastered UI SSJ4 Goku#9399: Bbboobs
2018-04-22 03:07:29 #nsfw @BoobBotâ„¢#5382: 
2018-04-22 03:07:29 #nsfw @BoobBotâ„¢#5382 edited message from 2018-04-22 03:07:29 () to read: 
2018-04-22 03:07:40 #nsfw @Mastered UI SSJ4 Goku#9399: Bbboobs
2018-04-22 03:07:40 #nsfw @BoobBotâ„¢#5382: 
2018-04-22 03:07:40 #nsfw @BoobBotâ„¢#5382 edited message from 2018-04-22 03:07:40 () to read: 
2018-04-22 03:08:06 #nsfw @Mastered UI SSJ4 Goku#9399: Bbboobs
2018-04-22 03:08:07 #nsfw @BoobBotâ„¢#5382: 
2018-04-22 03:08:07 #nsfw @BoobBotâ„¢#5382 edited message from 2018-04-22 03:08:07 () to read: 
2018-04-22 03:08:14 #nsfw @Mastered UI SSJ4 Goku#9399: Bbboobs
2018-04-22 03:08:14 #nsfw @BoobBotâ„¢#5382: 
2018-04-22 03:08:15 #nsfw @BoobBotâ„¢#5382 edited message from 2018-04-22 03:08:14 () to read: 
2018-04-22 03:08:20 #nsfw @Mastered UI SSJ4 Goku#9399: Bbboobs
2018-04-22 03:08:20 #nsfw @BoobBotâ„¢#5382: 
2018-04-22 03:08:20 #nsfw @BoobBotâ„¢#5382 edited message from 2018-04-22 03:08:20 () to read: 
2018-04-22 03:08:28 #nsfw @Mastered UI SSJ4 Goku#9399: Bbboobs
2018-04-22 03:08:28 #nsfw @BoobBotâ„¢#5382: 
2018-04-22 03:08:28 #nsfw @BoobBotâ„¢#5382 edited message from 2018-04-22 03:08:28 () to read: 
2018-04-22 12:57:13 #nsfw @Mastered UI SSJ4 Goku#9399: Bbboobs
2018-04-22 12:57:13 #nsfw @BoobBotâ„¢#5382: 
2018-04-22 12:57:13 #nsfw @BoobBotâ„¢#5382 edited message from 2018-04-22 12:57:13 () to read: 
2018-04-22 21:26:04 #nsfw @Shifty (YT)#2355: Wtfff
2018-04-22 21:26:07 #nsfw @Shifty (YT)#2355: Bbass
2018-04-22 21:26:08 #nsfw @BoobBotâ„¢#5382: 
2018-04-22 21:26:08 #nsfw @BoobBotâ„¢#5382 edited message from 2018-04-22 21:26:08 () to read: 
2018-04-22 21:26:15 #nsfw @Shifty (YT)#2355: Bbboobs
2018-04-22 21:26:15 #nsfw @BoobBotâ„¢#5382: 
2018-04-22 21:26:16 #nsfw @BoobBotâ„¢#5382 edited message from 2018-04-22 21:26:15 () to read: 
2018-04-22 21:26:19 #nsfw @Shifty (YT)#2355: Lol
2018-04-22 21:26:23 #nsfw @Shifty (YT)#2355: Bbboobs
2018-04-22 21:26:23 #nsfw @BoobBotâ„¢#5382: 
2018-04-22 21:26:23 #nsfw @BoobBotâ„¢#5382 edited message from 2018-04-22 21:26:23 () to read: 
2018-04-22 21:26:26 #nsfw @Shifty (YT)#2355: Bbboobs
2018-04-22 21:26:26 #nsfw @BoobBotâ„¢#5382: 
2018-04-22 21:26:27 #nsfw @BoobBotâ„¢#5382 edited message from 2018-04-22 21:26:26 () to read: 
2018-04-22 21:26:33 #nsfw @Shifty (YT)#2355: Bboobs
2018-04-22 21:26:37 #nsfw @Shifty (YT)#2355: Bbboobs
2018-04-22 21:26:37 #nsfw @BoobBotâ„¢#5382: 
2018-04-22 21:26:38 #nsfw @BoobBotâ„¢#5382 edited message from 2018-04-22 21:26:37 () to read: 
2018-04-22 21:26:39 #nsfw @ğ˜ˆğ˜¯ğ˜¨ğ˜ªğ˜¦  ğ˜ªğ˜´  ğ˜ªğ˜¯  ğ˜­ğ˜°ğ˜·ğ˜¦ â™¡ â˜¾#1111: shes gonna get ran over
2018-04-22 21:26:45 #nsfw @Shifty (YT)#2355: Lmao
2018-04-22 21:27:16 #nsfw @Shifty (YT)#2355: ~~w~~horse
2018-04-22 21:27:33 #nsfw @ğ˜ˆğ˜¯ğ˜¨ğ˜ªğ˜¦  ğ˜ªğ˜´  ğ˜ªğ˜¯  ğ˜­ğ˜°ğ˜·ğ˜¦ â™¡ â˜¾#1111: creative
2018-04-22 21:27:38 #nsfw @Shifty (YT)#2355: Yes
2018-04-22 21:27:41 #nsfw @Shifty (YT)#2355: Bbass
2018-04-22 21:27:42 #nsfw @BoobBotâ„¢#5382: 
2018-04-22 21:27:42 #nsfw @BoobBotâ„¢#5382 edited message from 2018-04-22 21:27:42 () to read: 
2018-04-22 21:27:44 #nsfw @Shifty (YT)#2355: Ew
2018-04-22 21:27:47 #nsfw @Shifty (YT)#2355: Bbass
2018-04-22 21:27:47 #nsfw @BoobBotâ„¢#5382: 
2018-04-22 21:27:47 #nsfw @BoobBotâ„¢#5382 edited message from 2018-04-22 21:27:47 () to read: 
2018-04-22 21:27:52 #nsfw @Shifty (YT)#2355: Bbass
2018-04-22 21:27:52 #nsfw @BoobBotâ„¢#5382: 
2018-04-22 21:27:58 #nsfw @BoobBotâ„¢#5382 edited message from 2018-04-22 21:27:52 () to read: 
2018-04-22 21:28:01 #nsfw @Shifty (YT)#2355: WAITT
2018-04-22 21:28:06 #nsfw @Shifty (YT)#2355: bbdick
2018-04-22 21:28:07 #nsfw @BoobBotâ„¢#5382: 
2018-04-22 21:28:07 #nsfw @BoobBotâ„¢#5382 edited message from 2018-04-22 21:28:07 () to read: 
2018-04-22 21:28:11 #nsfw @Shifty (YT)#2355: Lmao
2018-04-22 21:28:13 #nsfw @Shifty (YT)#2355: Bbdick
2018-04-22 21:28:13 #nsfw @BoobBotâ„¢#5382: 
2018-04-22 21:28:13 #nsfw @BoobBotâ„¢#5382 edited message from 2018-04-22 21:28:13 () to read: 
2018-04-22 21:28:20 #nsfw @ğ˜ˆğ˜¯ğ˜¨ğ˜ªğ˜¦  ğ˜ªğ˜´  ğ˜ªğ˜¯  ğ˜­ğ˜°ğ˜·ğ˜¦ â™¡ â˜¾#1111: i did not know
2018-04-22 21:28:22 #nsfw @ğ˜ˆğ˜¯ğ˜¨ğ˜ªğ˜¦  ğ˜ªğ˜´  ğ˜ªğ˜¯  ğ˜­ğ˜°ğ˜·ğ˜¦ â™¡ â˜¾#1111: that was a command
2018-04-22 21:28:24 #nsfw @ğ˜ˆğ˜¯ğ˜¨ğ˜ªğ˜¦  ğ˜ªğ˜´  ğ˜ªğ˜¯  ğ˜­ğ˜°ğ˜·ğ˜¦ â™¡ â˜¾#1111: ok.
2018-04-22 21:28:55 #nsfw @Shifty (YT)#2355: Bbdick
2018-04-22 21:28:55 #nsfw @BoobBotâ„¢#5382: 
2018-04-22 21:28:55 #nsfw @BoobBotâ„¢#5382 edited message from 2018-04-22 21:28:55 () to read: 
2018-04-22 22:02:18 #nsfw @rileH (;#4312: bbtrash
2018-04-22 22:02:29 #nsfw @rileH (;#4312 edited message from 2018-04-22 22:02:18 (bbtrash) to read: bbdick
2018-04-22 22:02:40 #nsfw @rileH (;#4312 deleted message from 2018-04-22 22:02:18 (bbdick)
2018-04-22 22:02:49 #nsfw @ğ˜ˆğ˜¯ğ˜¨ğ˜ªğ˜¦  ğ˜ªğ˜´  ğ˜ªğ˜¯  ğ˜­ğ˜°ğ˜·ğ˜¦ â™¡ â˜¾#1111: bbass
2018-04-22 22:02:49 #nsfw @BoobBotâ„¢#5382: 
2018-04-22 22:02:49 #nsfw @BoobBotâ„¢#5382 edited message from 2018-04-22 22:02:49 () to read: 
2018-04-22 22:02:55 #nsfw @rileH (;#4312: LMAOOO
2018-04-22 22:02:59 #nsfw @ğ˜ˆğ˜¯ğ˜¨ğ˜ªğ˜¦  ğ˜ªğ˜´  ğ˜ªğ˜¯  ğ˜­ğ˜°ğ˜·ğ˜¦ â™¡ â˜¾#1111: shes so tan
2018-04-22 22:02:59 #nsfw @ğ˜ˆğ˜¯ğ˜¨ğ˜ªğ˜¦  ğ˜ªğ˜´  ğ˜ªğ˜¯  ğ˜­ğ˜°ğ˜·ğ˜¦ â™¡ â˜¾#1111: lol
2018-04-22 22:48:09 #nsfw @Shifty (YT)#2355: Lmaoo
2018-04-22 22:48:15 #nsfw @Shifty (YT)#2355: Bbass
2018-04-22 22:48:15 #nsfw @BoobBotâ„¢#5382: 
2018-04-22 22:48:16 #nsfw @BoobBotâ„¢#5382 edited message from 2018-04-22 22:48:15 () to read: 
2018-04-22 22:48:20 #nsfw @Shifty (YT)#2355: Bbass
2018-04-22 22:48:20 #nsfw @BoobBotâ„¢#5382: 
2018-04-22 22:48:20 #nsfw @BoobBotâ„¢#5382 edited message from 2018-04-22 22:48:20 () to read: 
2018-04-22 22:48:28 #nsfw @Shifty (YT)#2355: BBASSES???
2018-04-22 22:49:17 #nsfw @Shifty (YT)#2355: Bbass
2018-04-22 22:49:17 #nsfw @BoobBotâ„¢#5382: 
2018-04-22 22:49:17 #nsfw @BoobBotâ„¢#5382 edited message from 2018-04-22 22:49:17 () to read: 
2018-04-22 22:49:21 #nsfw @Shifty (YT)#2355: Oo
2018-04-22 22:49:24 #nsfw @Shifty (YT)#2355: Bbass
2018-04-22 22:49:24 #nsfw @BoobBotâ„¢#5382: 
2018-04-22 22:49:24 #nsfw @BoobBotâ„¢#5382 edited message from 2018-04-22 22:49:24 () to read: 
2018-04-22 22:49:27 #nsfw @Shifty (YT)#2355: Lol
2018-04-22 22:49:29 #nsfw @Shifty (YT)#2355: Bbass
2018-04-22 22:49:29 #nsfw @BoobBotâ„¢#5382: 
2018-04-22 22:49:30 #nsfw @BoobBotâ„¢#5382 edited message from 2018-04-22 22:49:29 () to read: 
2018-04-22 22:49:37 #nsfw @Shifty (YT)#2355: Bbboob
2018-04-22 22:49:41 #nsfw @Shifty (YT)#2355: Bbboobs
2018-04-22 22:49:41 #nsfw @BoobBotâ„¢#5382: 
2018-04-22 22:49:42 #nsfw @BoobBotâ„¢#5382 edited message from 2018-04-22 22:49:41 () to read: 
2018-04-22 22:50:03 #nsfw @Shifty (YT)#2355: Bbboobs
2018-04-22 22:50:03 #nsfw @BoobBotâ„¢#5382: 
2018-04-22 22:50:03 #nsfw @BoobBotâ„¢#5382 edited message from 2018-04-22 22:50:03 () to read: 
2018-04-22 22:50:12 #nsfw @Shifty (YT)#2355: Bbboobs
2018-04-22 22:50:12 #nsfw @BoobBotâ„¢#5382: 
2018-04-22 22:50:12 #nsfw @BoobBotâ„¢#5382 edited message from 2018-04-22 22:50:12 () to read: 
2018-04-22 22:50:14 #nsfw @Shifty (YT)#2355: Bbboobs
2018-04-22 22:50:15 #nsfw @BoobBotâ„¢#5382: 
2018-04-22 22:50:16 #nsfw @BoobBotâ„¢#5382 edited message from 2018-04-22 22:50:15 () to read: 
2018-04-22 22:50:17 #nsfw @Shifty (YT)#2355: Bbboobs
2018-04-22 22:50:18 #nsfw @BoobBotâ„¢#5382: 
2018-04-22 22:50:18 #nsfw @BoobBotâ„¢#5382 edited message from 2018-04-22 22:50:18 () to read: 
2018-04-22 22:50:25 #nsfw @Shifty (YT)#2355: Bbpussy
2018-04-22 22:50:26 #nsfw @BoobBotâ„¢#5382: 
2018-04-22 22:50:26 #nsfw @BoobBotâ„¢#5382 edited message from 2018-04-22 22:50:26 () to read: 
2018-04-22 22:50:31 #nsfw @Shifty (YT)#2355: Bbpussy
2018-04-22 22:50:31 #nsfw @BoobBotâ„¢#5382: 
2018-04-22 22:50:31 #nsfw @BoobBotâ„¢#5382 edited message from 2018-04-22 22:50:31 () to read: 
2018-04-22 22:50:34 #nsfw @Shifty (YT)#2355: Wtf
2018-04-22 22:50:42 #nsfw @Shifty (YT)#2355: Bbpussy
2018-04-22 22:50:42 #nsfw @BoobBotâ„¢#5382: 
2018-04-22 22:50:42 #nsfw @BoobBotâ„¢#5382 edited message from 2018-04-22 22:50:42 () to read: 
2018-04-22 22:50:47 #nsfw @Shifty (YT)#2355: Eww
2018-04-22 22:51:39 #nsfw @Shifty (YT)#2355: Bbass
2018-04-22 22:51:39 #nsfw @BoobBotâ„¢#5382: 
2018-04-22 22:51:39 #nsfw @BoobBotâ„¢#5382 edited message from 2018-04-22 22:51:39 () to read: 
2018-04-22 22:51:47 #nsfw @Shifty (YT)#2355: Bbboobs
2018-04-22 22:51:47 #nsfw @BoobBotâ„¢#5382: 
2018-04-22 22:51:47 #nsfw @BoobBotâ„¢#5382 edited message from 2018-04-22 22:51:47 () to read: 
2018-04-22 22:51:53 #nsfw @Shifty (YT)#2355: Bbboobs
2018-04-22 22:51:53 #nsfw @BoobBotâ„¢#5382: 
2018-04-22 22:51:53 #nsfw @BoobBotâ„¢#5382 edited message from 2018-04-22 22:51:53 () to read: 
2018-04-22 22:51:55 #nsfw @Shifty (YT)#2355: Bbboobs
2018-04-22 22:51:56 #nsfw @BoobBotâ„¢#5382: 
2018-04-22 22:51:56 #nsfw @BoobBotâ„¢#5382 edited message from 2018-04-22 22:51:56 () to read: 
2018-04-22 22:51:57 #nsfw @Shifty (YT)#2355: Bbboobs
2018-04-22 22:51:58 #nsfw @BoobBotâ„¢#5382: 
2018-04-22 22:51:58 #nsfw @BoobBotâ„¢#5382 edited message from 2018-04-22 22:51:58 () to read: 
2018-04-22 22:52:02 #nsfw @Shifty (YT)#2355: Bbboobs
2018-04-22 22:52:03 #nsfw @BoobBotâ„¢#5382: 
2018-04-22 22:52:03 #nsfw @BoobBotâ„¢#5382 edited message from 2018-04-22 22:52:03 () to read: 
2018-04-22 22:52:34 #nsfw @ğ˜ˆğ˜¯ğ˜¨ğ˜ªğ˜¦  ğ˜ªğ˜´  ğ˜ªğ˜¯  ğ˜­ğ˜°ğ˜·ğ˜¦ â™¡ â˜¾#1111: i-
2018-04-22 22:53:09 #nsfw @Shifty (YT)#2355: Bbass
2018-04-22 22:53:09 #nsfw @BoobBotâ„¢#5382: 
2018-04-22 22:53:09 #nsfw @BoobBotâ„¢#5382 edited message from 2018-04-22 22:53:09 () to read: 
2018-04-22 22:53:15 #nsfw @Shifty (YT)#2355: Bbpussy
2018-04-22 22:53:15 #nsfw @BoobBotâ„¢#5382: 
2018-04-22 22:53:15 #nsfw @BoobBotâ„¢#5382 edited message from 2018-04-22 22:53:15 () to read: 
2018-04-22 22:53:21 #nsfw @Shifty (YT)#2355: Eww
2018-04-22 22:54:04 #nsfw @Shifty (YT)#2355: @Angie â™¡ explain
2018-04-22 22:54:31 #nsfw @Shifty (YT)#2355: Bbmilf
2018-04-22 22:54:33 #nsfw @Shifty (YT)#2355: No
2018-04-22 22:54:36 #nsfw @Shifty (YT)#2355: Mmebony
2018-04-22 22:54:40 #nsfw @Shifty (YT)#2355: Bbmlp
2018-04-22 22:54:42 #nsfw @Shifty (YT)#2355: No
2018-04-22 22:54:45 #nsfw @Shifty (YT)#2355: Bbdicks
2018-04-22 22:54:48 #nsfw @Shifty (YT)#2355: Bbdick
2018-04-22 22:54:48 #nsfw @BoobBotâ„¢#5382: 
2018-04-22 22:54:53 #nsfw @Shifty (YT)#2355: Bbdick
2018-04-22 22:54:53 #nsfw @BoobBotâ„¢#5382: 
2018-04-22 22:54:54 #nsfw @BoobBotâ„¢#5382 edited message from 2018-04-22 22:54:48 () to read: 
2018-04-22 22:55:00 #nsfw @BoobBotâ„¢#5382 edited message from 2018-04-22 22:54:53 () to read: 
2018-04-22 22:55:05 #nsfw @Shifty (YT)#2355: Wtf
2018-04-22 22:55:14 #nsfw @Shifty (YT)#2355: Bbass
2018-04-22 22:55:14 #nsfw @BoobBotâ„¢#5382: 
2018-04-22 22:55:14 #nsfw @BoobBotâ„¢#5382 edited message from 2018-04-22 22:55:14 () to read: 
2018-04-22 22:55:19 #nsfw @Shifty (YT)#2355: Bbpussy
2018-04-22 22:55:19 #nsfw @BoobBotâ„¢#5382: 
2018-04-22 22:55:20 #nsfw @BoobBotâ„¢#5382 edited message from 2018-04-22 22:55:19 () to read: 
2018-04-22 22:55:49 #nsfw @Shifty (YT)#2355: what the absolute fuck
2018-04-22 22:55:56 #nsfw @Shifty (YT)#2355: @Lil Luigi
2018-04-22 22:56:13 #nsfw @Shifty (YT)#2355: @Angie â™¡
2018-04-22 22:56:34 #nsfw @Shifty (YT)#2355: Is that a dick or a pussy
2018-04-22 22:57:13 #nsfw @Shifty (YT)#2355: Bbgay
2018-04-22 22:57:14 #nsfw @BoobBotâ„¢#5382: 
2018-04-22 22:57:14 #nsfw @BoobBotâ„¢#5382 edited message from 2018-04-22 22:57:14 () to read: 
2018-04-22 22:57:36 #nsfw @Shifty (YT)#2355: Bbgay
2018-04-22 22:57:36 #nsfw @BoobBotâ„¢#5382: 
2018-04-22 22:57:36 #nsfw @BoobBotâ„¢#5382 edited message from 2018-04-22 22:57:36 () to read: 
2018-04-22 22:57:42 #nsfw @Shifty (YT)#2355: Bbgay
2018-04-22 22:57:42 #nsfw @BoobBotâ„¢#5382: 
2018-04-22 22:57:42 #nsfw @BoobBotâ„¢#5382 edited message from 2018-04-22 22:57:42 () to read: 
2018-04-22 22:58:39 #nsfw @Shifty (YT)#2355: Lmao, that's a target clerk
2018-04-22 22:59:26 #nsfw @Shifty (YT)#2355: Bbnut
2018-04-22 22:59:30 #nsfw @Shifty (YT)#2355: Bbducl
2018-04-22 22:59:34 #nsfw @Shifty (YT)#2355: Bbgay
2018-04-22 22:59:34 #nsfw @BoobBotâ„¢#5382: 
2018-04-22 22:59:38 #nsfw @Shifty (YT)#2355: Bbass
2018-04-22 22:59:38 #nsfw @BoobBotâ„¢#5382: 
2018-04-22 22:59:40 #nsfw @BoobBotâ„¢#5382 edited message from 2018-04-22 22:59:38 () to read: 
2018-04-22 22:59:40 #nsfw @BoobBotâ„¢#5382 edited message from 2018-04-22 22:59:34 () to read: 
2018-04-22 22:59:45 #nsfw @Shifty (YT)#2355: Oooooooo
2018-04-23 03:04:58 #nsfw @ğ˜•ğ˜°ğ˜¢ğ˜© ğ˜ªğ˜´ ğ˜ªğ˜¯ ğ˜­ğ˜°ğ˜·ğ˜¦  â™¡#1324: bbass
2018-04-23 03:04:59 #nsfw @BoobBotâ„¢#5382: 
2018-04-23 03:04:59 #nsfw @BoobBotâ„¢#5382 edited message from 2018-04-23 03:04:59 () to read: 
2018-04-23 03:05:01 #nsfw @ğ˜•ğ˜°ğ˜¢ğ˜© ğ˜ªğ˜´ ğ˜ªğ˜¯ ğ˜­ğ˜°ğ˜·ğ˜¦  â™¡#1324: bbass
2018-04-23 03:05:01 #nsfw @BoobBotâ„¢#5382: 
2018-04-23 03:05:01 #nsfw @BoobBotâ„¢#5382 edited message from 2018-04-23 03:05:01 () to read: 
2018-04-23 03:05:02 #nsfw @ğ˜•ğ˜°ğ˜¢ğ˜© ğ˜ªğ˜´ ğ˜ªğ˜¯ ğ˜­ğ˜°ğ˜·ğ˜¦  â™¡#1324: bbass
2018-04-23 03:05:03 #nsfw @BoobBotâ„¢#5382: 
2018-04-23 03:05:03 #nsfw @BoobBotâ„¢#5382 edited message from 2018-04-23 03:05:03 () to read: 
2018-04-23 03:05:04 #nsfw @ğ˜•ğ˜°ğ˜¢ğ˜© ğ˜ªğ˜´ ğ˜ªğ˜¯ ğ˜­ğ˜°ğ˜·ğ˜¦  â™¡#1324: bbass
2018-04-23 03:05:04 #nsfw @BoobBotâ„¢#5382: 
2018-04-23 03:05:04 #nsfw @BoobBotâ„¢#5382 edited message from 2018-04-23 03:05:04 () to read: 
2018-04-23 03:05:07 #nsfw @ğ˜•ğ˜°ğ˜¢ğ˜© ğ˜ªğ˜´ ğ˜ªğ˜¯ ğ˜­ğ˜°ğ˜·ğ˜¦  â™¡#1324: bbass
2018-04-23 03:05:07 #nsfw @BoobBotâ„¢#5382: 
2018-04-23 03:05:07 #nsfw @BoobBotâ„¢#5382 edited message from 2018-04-23 03:05:07 () to read: 
2018-04-23 03:05:08 #nsfw @ğ˜•ğ˜°ğ˜¢ğ˜© ğ˜ªğ˜´ ğ˜ªğ˜¯ ğ˜­ğ˜°ğ˜·ğ˜¦  â™¡#1324: bbass
2018-04-23 03:05:08 #nsfw @BoobBotâ„¢#5382: 
2018-04-23 03:05:09 #nsfw @BoobBotâ„¢#5382 edited message from 2018-04-23 03:05:08 () to read: 
2018-04-23 03:05:22 #nsfw @ğ˜•ğ˜°ğ˜¢ğ˜© ğ˜ªğ˜´ ğ˜ªğ˜¯ ğ˜­ğ˜°ğ˜·ğ˜¦  â™¡#1324: bbass
2018-04-23 03:05:22 #nsfw @BoobBotâ„¢#5382: 
2018-04-23 03:05:22 #nsfw @BoobBotâ„¢#5382 edited message from 2018-04-23 03:05:22 () to read: 
2018-04-23 03:05:23 #nsfw @ğ˜•ğ˜°ğ˜¢ğ˜© ğ˜ªğ˜´ ğ˜ªğ˜¯ ğ˜­ğ˜°ğ˜·ğ˜¦  â™¡#1324: bbass
2018-04-23 03:05:23 #nsfw @BoobBotâ„¢#5382: 
2018-04-23 03:05:23 #nsfw @BoobBotâ„¢#5382 edited message from 2018-04-23 03:05:23 () to read: 
2018-04-23 03:05:24 #nsfw @ğ˜•ğ˜°ğ˜¢ğ˜© ğ˜ªğ˜´ ğ˜ªğ˜¯ ğ˜­ğ˜°ğ˜·ğ˜¦  â™¡#1324: bbass
2018-04-23 03:05:24 #nsfw @BoobBotâ„¢#5382: 
2018-04-23 03:05:24 #nsfw @BoobBotâ„¢#5382 edited message from 2018-04-23 03:05:24 () to read: 
2018-04-23 03:05:24 #nsfw @ğ˜•ğ˜°ğ˜¢ğ˜© ğ˜ªğ˜´ ğ˜ªğ˜¯ ğ˜­ğ˜°ğ˜·ğ˜¦  â™¡#1324: bass
2018-04-23 03:05:26 #nsfw @ğ˜•ğ˜°ğ˜¢ğ˜© ğ˜ªğ˜´ ğ˜ªğ˜¯ ğ˜­ğ˜°ğ˜·ğ˜¦  â™¡#1324: bass
2018-04-23 03:05:28 #nsfw @ğ˜•ğ˜°ğ˜¢ğ˜© ğ˜ªğ˜´ ğ˜ªğ˜¯ ğ˜­ğ˜°ğ˜·ğ˜¦  â™¡#1324: bbass
2018-04-23 03:05:28 #nsfw @BoobBotâ„¢#5382: 
2018-04-23 03:05:28 #nsfw @BoobBotâ„¢#5382 edited message from 2018-04-23 03:05:28 () to read: 
2018-04-23 03:05:37 #nsfw @ğ˜•ğ˜°ğ˜¢ğ˜© ğ˜ªğ˜´ ğ˜ªğ˜¯ ğ˜­ğ˜°ğ˜·ğ˜¦  â™¡#1324: bbass
2018-04-23 03:05:38 #nsfw @BoobBotâ„¢#5382: 
2018-04-23 03:05:40 #nsfw @BoobBotâ„¢#5382 edited message from 2018-04-23 03:05:38 () to read: 
2018-04-23 03:05:38 #nsfw @ğ˜•ğ˜°ğ˜¢ğ˜© ğ˜ªğ˜´ ğ˜ªğ˜¯ ğ˜­ğ˜°ğ˜·ğ˜¦  â™¡#1324: bbass
2018-04-23 03:05:39 #nsfw @BoobBotâ„¢#5382: 
2018-04-23 03:05:39 #nsfw @ğ˜•ğ˜°ğ˜¢ğ˜© ğ˜ªğ˜´ ğ˜ªğ˜¯ ğ˜­ğ˜°ğ˜·ğ˜¦  â™¡#1324: bbass
2018-04-23 03:05:39 #nsfw @BoobBotâ„¢#5382: 
2018-04-23 03:05:40 #nsfw @BoobBotâ„¢#5382 edited message from 2018-04-23 03:05:39 () to read: 
2018-04-23 03:05:40 #nsfw @ğ˜•ğ˜°ğ˜¢ğ˜© ğ˜ªğ˜´ ğ˜ªğ˜¯ ğ˜­ğ˜°ğ˜·ğ˜¦  â™¡#1324: bbass
2018-04-23 03:05:40 #nsfw @BoobBotâ„¢#5382: 
2018-04-23 03:05:40 #nsfw @BoobBotâ„¢#5382 edited message from 2018-04-23 03:05:40 () to read: 
2018-04-23 03:05:40 #nsfw @ğ˜•ğ˜°ğ˜¢ğ˜© ğ˜ªğ˜´ ğ˜ªğ˜¯ ğ˜­ğ˜°ğ˜·ğ˜¦  â™¡#1324: bbass
2018-04-23 03:05:41 #nsfw @BoobBotâ„¢#5382: 
2018-04-23 03:05:41 #nsfw @BoobBotâ„¢#5382 edited message from 2018-04-23 03:05:41 () to read: 
2018-04-23 03:05:41 #nsfw @ğ˜•ğ˜°ğ˜¢ğ˜© ğ˜ªğ˜´ ğ˜ªğ˜¯ ğ˜­ğ˜°ğ˜·ğ˜¦  â™¡#1324: bbass
2018-04-23 03:05:42 #nsfw @ğ˜•ğ˜°ğ˜¢ğ˜© ğ˜ªğ˜´ ğ˜ªğ˜¯ ğ˜­ğ˜°ğ˜·ğ˜¦  â™¡#1324: bbass
2018-04-23 03:05:43 #nsfw @ğ˜•ğ˜°ğ˜¢ğ˜© ğ˜ªğ˜´ ğ˜ªğ˜¯ ğ˜­ğ˜°ğ˜·ğ˜¦  â™¡#1324: bbass
2018-04-23 03:05:43 #nsfw @ğ˜•ğ˜°ğ˜¢ğ˜© ğ˜ªğ˜´ ğ˜ªğ˜¯ ğ˜­ğ˜°ğ˜·ğ˜¦  â™¡#1324: bass
2018-04-23 03:05:44 #nsfw @BoobBotâ„¢#5382: 
2018-04-23 03:05:44 #nsfw @BoobBotâ„¢#5382 edited message from 2018-04-23 03:05:44 () to read: 
2018-04-23 03:05:44 #nsfw @BoobBotâ„¢#5382: 
2018-04-23 03:05:44 #nsfw @BoobBotâ„¢#5382 edited message from 2018-04-23 03:05:44 () to read: 
2018-04-23 03:05:44 #nsfw @ğ˜•ğ˜°ğ˜¢ğ˜© ğ˜ªğ˜´ ğ˜ªğ˜¯ ğ˜­ğ˜°ğ˜·ğ˜¦  â™¡#1324: bbass
2018-04-23 03:05:44 #nsfw @BoobBotâ„¢#5382: 
2018-04-23 03:05:44 #nsfw @BoobBotâ„¢#5382 edited message from 2018-04-23 03:05:44 () to read: 
2018-04-23 03:05:44 #nsfw @BoobBotâ„¢#5382: 
2018-04-23 03:05:45 #nsfw @BoobBotâ„¢#5382 edited message from 2018-04-23 03:05:39 () to read: 
2018-04-23 03:05:45 #nsfw @BoobBotâ„¢#5382 edited message from 2018-04-23 03:05:44 () to read: 
2018-04-23 03:05:46 #nsfw @ğ˜•ğ˜°ğ˜¢ğ˜© ğ˜ªğ˜´ ğ˜ªğ˜¯ ğ˜­ğ˜°ğ˜·ğ˜¦  â™¡#1324: bbass
2018-04-23 03:05:47 #nsfw @BoobBotâ„¢#5382: 
2018-04-23 03:05:47 #nsfw @BoobBotâ„¢#5382 edited message from 2018-04-23 03:05:47 () to read: 
2018-04-23 03:05:49 #nsfw @ğ˜•ğ˜°ğ˜¢ğ˜© ğ˜ªğ˜´ ğ˜ªğ˜¯ ğ˜­ğ˜°ğ˜·ğ˜¦  â™¡#1324: bbass
2018-04-23 03:05:50 #nsfw @ğ˜•ğ˜°ğ˜¢ğ˜© ğ˜ªğ˜´ ğ˜ªğ˜¯ ğ˜­ğ˜°ğ˜·ğ˜¦  â™¡#1324: bbass
2018-04-23 03:05:50 #nsfw @BoobBotâ„¢#5382: 
2018-04-23 03:05:50 #nsfw @BoobBotâ„¢#5382 edited message from 2018-04-23 03:05:50 () to read: 
2018-04-23 03:05:50 #nsfw @BoobBotâ„¢#5382: 
2018-04-23 03:05:50 #nsfw @BoobBotâ„¢#5382 edited message from 2018-04-23 03:05:50 () to read: 
2018-04-23 03:05:50 #nsfw @ğ˜•ğ˜°ğ˜¢ğ˜© ğ˜ªğ˜´ ğ˜ªğ˜¯ ğ˜­ğ˜°ğ˜·ğ˜¦  â™¡#1324: bbass
2018-04-23 03:05:51 #nsfw @BoobBotâ„¢#5382: 
2018-04-23 03:05:51 #nsfw @BoobBotâ„¢#5382 edited message from 2018-04-23 03:05:51 () to read: 
2018-04-23 03:05:52 #nsfw @ğ˜•ğ˜°ğ˜¢ğ˜© ğ˜ªğ˜´ ğ˜ªğ˜¯ ğ˜­ğ˜°ğ˜·ğ˜¦  â™¡#1324: bbass
2018-04-23 03:05:53 #nsfw @BoobBotâ„¢#5382: 
2018-04-23 03:05:53 #nsfw @BoobBotâ„¢#5382 edited message from 2018-04-23 03:05:53 () to read: 
2018-04-23 03:05:53 #nsfw @ğ˜•ğ˜°ğ˜¢ğ˜© ğ˜ªğ˜´ ğ˜ªğ˜¯ ğ˜­ğ˜°ğ˜·ğ˜¦  â™¡#1324: bbass
2018-04-23 03:05:53 #nsfw @BoobBotâ„¢#5382: 
2018-04-23 03:05:54 #nsfw @BoobBotâ„¢#5382 edited message from 2018-04-23 03:05:53 () to read: 
2018-04-23 03:05:54 #nsfw @ğ˜•ğ˜°ğ˜¢ğ˜© ğ˜ªğ˜´ ğ˜ªğ˜¯ ğ˜­ğ˜°ğ˜·ğ˜¦  â™¡#1324: bbass
2018-04-23 03:05:54 #nsfw @ğ˜•ğ˜°ğ˜¢ğ˜© ğ˜ªğ˜´ ğ˜ªğ˜¯ ğ˜­ğ˜°ğ˜·ğ˜¦  â™¡#1324: bbass
2018-04-23 03:05:56 #nsfw @BoobBotâ„¢#5382: 
2018-04-23 03:05:56 #nsfw @BoobBotâ„¢#5382 edited message from 2018-04-23 03:05:56 () to read: 
2018-04-23 03:05:56 #nsfw @BoobBotâ„¢#5382: 
2018-04-23 03:05:57 #nsfw @BoobBotâ„¢#5382 edited message from 2018-04-23 03:05:56 () to read: 
2018-04-23 03:06:07 #nsfw @ğ˜•ğ˜°ğ˜¢ğ˜© ğ˜ªğ˜´ ğ˜ªğ˜¯ ğ˜­ğ˜°ğ˜·ğ˜¦  â™¡#1324: bbass
2018-04-23 03:06:07 #nsfw @BoobBotâ„¢#5382: 
2018-04-23 03:06:07 #nsfw @BoobBotâ„¢#5382 edited message from 2018-04-23 03:06:07 () to read: 
2018-04-23 03:06:08 #nsfw @ğ˜•ğ˜°ğ˜¢ğ˜© ğ˜ªğ˜´ ğ˜ªğ˜¯ ğ˜­ğ˜°ğ˜·ğ˜¦  â™¡#1324: bbass
2018-04-23 03:06:08 #nsfw @BoobBotâ„¢#5382: 
2018-04-23 03:06:09 #nsfw @BoobBotâ„¢#5382 edited message from 2018-04-23 03:06:08 () to read: 
2018-04-23 03:06:09 #nsfw @ğ˜•ğ˜°ğ˜¢ğ˜© ğ˜ªğ˜´ ğ˜ªğ˜¯ ğ˜­ğ˜°ğ˜·ğ˜¦  â™¡#1324: bbass
2018-04-23 03:06:09 #nsfw @BoobBotâ„¢#5382: 
2018-04-23 03:06:10 #nsfw @BoobBotâ„¢#5382 edited message from 2018-04-23 03:06:09 () to read: 
2018-04-23 03:06:11 #nsfw @ğ˜•ğ˜°ğ˜¢ğ˜© ğ˜ªğ˜´ ğ˜ªğ˜¯ ğ˜­ğ˜°ğ˜·ğ˜¦  â™¡#1324: bboobs
2018-04-23 03:06:13 #nsfw @ğ˜•ğ˜°ğ˜¢ğ˜© ğ˜ªğ˜´ ğ˜ªğ˜¯ ğ˜­ğ˜°ğ˜·ğ˜¦  â™¡#1324: bbboobs
2018-04-23 03:06:13 #nsfw @BoobBotâ„¢#5382: 
2018-04-23 03:06:14 #nsfw @BoobBotâ„¢#5382 edited message from 2018-04-23 03:06:13 () to read: 
2018-04-23 03:06:15 #nsfw @ğ˜•ğ˜°ğ˜¢ğ˜© ğ˜ªğ˜´ ğ˜ªğ˜¯ ğ˜­ğ˜°ğ˜·ğ˜¦  â™¡#1324: bbboobs
2018-04-23 03:06:15 #nsfw @BoobBotâ„¢#5382: 
2018-04-23 03:06:15 #nsfw @BoobBotâ„¢#5382 edited message from 2018-04-23 03:06:15 () to read: 
2018-04-23 03:06:16 #nsfw @ğ˜•ğ˜°ğ˜¢ğ˜© ğ˜ªğ˜´ ğ˜ªğ˜¯ ğ˜­ğ˜°ğ˜·ğ˜¦  â™¡#1324: bbbobbs
2018-04-23 03:06:19 #nsfw @ğ˜•ğ˜°ğ˜¢ğ˜© ğ˜ªğ˜´ ğ˜ªğ˜¯ ğ˜­ğ˜°ğ˜·ğ˜¦  â™¡#1324 deleted message from 2018-04-23 03:06:16 (bbbobbs)
2018-04-23 03:06:21 #nsfw @ğ˜•ğ˜°ğ˜¢ğ˜© ğ˜ªğ˜´ ğ˜ªğ˜¯ ğ˜­ğ˜°ğ˜·ğ˜¦  â™¡#1324: bbboobs
2018-04-23 03:06:21 #nsfw @BoobBotâ„¢#5382: 
2018-04-23 03:06:21 #nsfw @BoobBotâ„¢#5382 edited message from 2018-04-23 03:06:21 () to read: 
2018-04-23 03:06:22 #nsfw @ğ˜•ğ˜°ğ˜¢ğ˜© ğ˜ªğ˜´ ğ˜ªğ˜¯ ğ˜­ğ˜°ğ˜·ğ˜¦  â™¡#1324: bbboobs
2018-04-23 03:06:22 #nsfw @BoobBotâ„¢#5382: 
2018-04-23 03:06:23 #nsfw @BoobBotâ„¢#5382 edited message from 2018-04-23 03:06:22 () to read: 
2018-04-23 03:06:25 #nsfw @ğ˜•ğ˜°ğ˜¢ğ˜© ğ˜ªğ˜´ ğ˜ªğ˜¯ ğ˜­ğ˜°ğ˜·ğ˜¦  â™¡#1324: bbboobs
2018-04-23 03:06:25 #nsfw @BoobBotâ„¢#5382: 
2018-04-23 03:06:25 #nsfw @BoobBotâ„¢#5382 edited message from 2018-04-23 03:06:25 () to read: 
2018-04-23 03:06:27 #nsfw @ğ˜•ğ˜°ğ˜¢ğ˜© ğ˜ªğ˜´ ğ˜ªğ˜¯ ğ˜­ğ˜°ğ˜·ğ˜¦  â™¡#1324: bbass
2018-04-23 03:06:28 #nsfw @BoobBotâ„¢#5382: 
2018-04-23 03:06:28 #nsfw @BoobBotâ„¢#5382 edited message from 2018-04-23 03:06:28 () to read: 
2018-04-23 03:06:28 #nsfw @ğ˜•ğ˜°ğ˜¢ğ˜© ğ˜ªğ˜´ ğ˜ªğ˜¯ ğ˜­ğ˜°ğ˜·ğ˜¦  â™¡#1324: bbass
2018-04-23 03:06:28 #nsfw @BoobBotâ„¢#5382: 
2018-04-23 03:06:28 #nsfw @BoobBotâ„¢#5382 edited message from 2018-04-23 03:06:28 () to read: 
2018-04-23 03:06:29 #nsfw @ğ˜•ğ˜°ğ˜¢ğ˜© ğ˜ªğ˜´ ğ˜ªğ˜¯ ğ˜­ğ˜°ğ˜·ğ˜¦  â™¡#1324: bbass
2018-04-23 03:06:29 #nsfw @BoobBotâ„¢#5382: 
2018-04-23 03:06:29 #nsfw @BoobBotâ„¢#5382 edited message from 2018-04-23 03:06:29 () to read: 
2018-04-23 03:06:30 #nsfw @ğ˜•ğ˜°ğ˜¢ğ˜© ğ˜ªğ˜´ ğ˜ªğ˜¯ ğ˜­ğ˜°ğ˜·ğ˜¦  â™¡#1324: bbass
2018-04-23 03:06:30 #nsfw @BoobBotâ„¢#5382: 
2018-04-23 03:06:30 #nsfw @BoobBotâ„¢#5382 edited message from 2018-04-23 03:06:30 () to read: 
2018-04-23 03:06:30 #nsfw @ğ˜•ğ˜°ğ˜¢ğ˜© ğ˜ªğ˜´ ğ˜ªğ˜¯ ğ˜­ğ˜°ğ˜·ğ˜¦  â™¡#1324: bbass
2018-04-23 03:06:31 #nsfw @BoobBotâ„¢#5382: 
2018-04-23 03:06:31 #nsfw @BoobBotâ„¢#5382 edited message from 2018-04-23 03:06:31 () to read: 
2018-04-23 03:06:31 #nsfw @ğ˜•ğ˜°ğ˜¢ğ˜© ğ˜ªğ˜´ ğ˜ªğ˜¯ ğ˜­ğ˜°ğ˜·ğ˜¦  â™¡#1324: bbass
2018-04-23 03:06:32 #nsfw @ğ˜•ğ˜°ğ˜¢ğ˜© ğ˜ªğ˜´ ğ˜ªğ˜¯ ğ˜­ğ˜°ğ˜·ğ˜¦  â™¡#1324: bbass
2018-04-23 03:06:33 #nsfw @ğ˜•ğ˜°ğ˜¢ğ˜© ğ˜ªğ˜´ ğ˜ªğ˜¯ ğ˜­ğ˜°ğ˜·ğ˜¦  â™¡#1324: bbass
2018-04-23 03:06:34 #nsfw @BoobBotâ„¢#5382: 
2018-04-23 03:06:34 #nsfw @BoobBotâ„¢#5382: 
2018-04-23 03:06:34 #nsfw @BoobBotâ„¢#5382 edited message from 2018-04-23 03:06:34 () to read: 
2018-04-23 03:06:34 #nsfw @BoobBotâ„¢#5382: 
2018-04-23 03:06:34 #nsfw @BoobBotâ„¢#5382 edited message from 2018-04-23 03:06:34 () to read: 
2018-04-23 03:06:34 #nsfw @BoobBotâ„¢#5382 edited message from 2018-04-23 03:06:34 () to read: 
