2018-04-21 20:58:04 #staff-commands @angie loves noah ☂#1111: .help
2018-04-21 21:01:11 #staff-commands @angie loves noah ☂#1111: .asar
2018-04-21 21:01:21 #staff-commands @angie loves noah ☂#1111: hm
2018-04-21 21:01:33 #staff-commands @angie loves noah ☂#1111: .roles
2018-04-21 21:01:34 #staff-commands @Synapse#0692: 
2018-04-21 21:01:34 #staff-commands @Synapse#0692 edited message from 2018-04-21 21:01:34 () to read: 
2018-04-21 21:01:39 #staff-commands @angie loves noah ☂#1111: .page 2
2018-04-21 21:01:44 #staff-commands @angie loves noah ☂#1111: .roles page 2
2018-04-21 21:01:46 #staff-commands @angie loves noah ☂#1111: .roles
2018-04-21 21:01:46 #staff-commands @Synapse#0692: 
2018-04-21 21:01:46 #staff-commands @Synapse#0692 edited message from 2018-04-21 21:01:46 () to read: 
2018-04-21 21:01:52 #staff-commands @angie loves noah ☂#1111: .asar soul keeper
2018-04-21 21:01:53 #staff-commands @Synapse#0692: 
2018-04-21 21:01:53 #staff-commands @Synapse#0692 edited message from 2018-04-21 21:01:53 () to read: 
2018-04-21 21:02:00 #staff-commands @angie loves noah ☂#1111: .asar
2018-04-21 21:02:33 #staff-commands @angie loves noah ☂#1111: .lsar
2018-04-21 21:02:34 #staff-commands @Synapse#0692: 
2018-04-21 21:02:34 #staff-commands @Synapse#0692 edited message from 2018-04-21 21:02:34 () to read: 
2018-04-21 21:02:46 #staff-commands @angie loves noah ☂#1111: .togglexclsar
2018-04-21 21:02:46 #staff-commands @Synapse#0692: 
2018-04-21 21:02:47 #staff-commands @Synapse#0692 edited message from 2018-04-21 21:02:46 () to read: 
2018-04-21 21:02:54 #staff-commands @angie loves noah ☂#1111: .roles
2018-04-21 21:02:54 #staff-commands @Synapse#0692: 
2018-04-21 21:02:54 #staff-commands @Synapse#0692 edited message from 2018-04-21 21:02:54 () to read: 
2018-04-21 21:03:00 #staff-commands @angie loves noah ☂#1111: .asarall
2018-04-21 21:03:08 #staff-commands @angie loves noah ☂#1111: .asar literally nothing.
2018-04-21 21:03:08 #staff-commands @Synapse#0692: 
2018-04-21 21:03:10 #staff-commands @Synapse#0692 edited message from 2018-04-21 21:03:08 () to read: 
2018-04-21 21:03:14 #staff-commands @angie loves noah ☂#1111: .asar
2018-04-21 21:04:29 #staff-commands @angie loves noah ☂#1111: .asar lil pump,weeb,literally nothing.,new irrelevant hoe,soul keeper
2018-04-21 21:04:31 #staff-commands @angie loves noah ☂#1111: uGhH
2018-04-21 21:04:42 #staff-commands @angie loves noah ☂#1111: .asar  lil pump
2018-04-21 21:04:42 #staff-commands @Synapse#0692: 
2018-04-21 21:04:42 #staff-commands @Synapse#0692 edited message from 2018-04-21 21:04:42 () to read: 
2018-04-21 21:04:49 #staff-commands @angie loves noah ☂#1111: .asar weeb
2018-04-21 21:04:49 #staff-commands @Synapse#0692: 
2018-04-21 21:04:49 #staff-commands @Synapse#0692 edited message from 2018-04-21 21:04:49 () to read: 
2018-04-21 21:04:58 #staff-commands @angie loves noah ☂#1111: .asar new irrelevant hoe
2018-04-21 21:04:58 #staff-commands @Synapse#0692: 
2018-04-21 21:04:58 #staff-commands @Synapse#0692 edited message from 2018-04-21 21:04:58 () to read: 
2018-04-21 21:05:09 #staff-commands @angie loves noah ☂#1111: .lsar
2018-04-21 21:05:09 #staff-commands @Synapse#0692: 
2018-04-21 21:05:09 #staff-commands @Synapse#0692 edited message from 2018-04-21 21:05:09 () to read: 
2018-04-21 21:05:29 #staff-commands @angie loves noah ☂#1111: /purge 50
2018-04-21 21:05:30 #staff-commands @angie loves noah ☂#1111 deleted message from 2018-04-21 21:05:29 (/purge 50)
2018-04-21 21:05:36 #staff-commands @angie loves noah ☂#1111: /purge 23042304
2018-04-21 21:05:37 #staff-commands @angie loves noah ☂#1111 deleted message from 2018-04-21 21:05:36 (/purge 23042304)
2018-04-21 21:05:37 #staff-commands @angie loves noah ☂#1111 deleted message from 2018-04-21 20:58:04 (.help)
2018-04-21 21:05:37 #staff-commands @angie loves noah ☂#1111 deleted message from 2018-04-21 21:01:11 (.asar)
2018-04-21 21:05:37 #staff-commands @angie loves noah ☂#1111 deleted message from 2018-04-21 21:01:21 (hm)
2018-04-21 21:05:37 #staff-commands @angie loves noah ☂#1111 deleted message from 2018-04-21 21:01:33 (.roles)
2018-04-21 21:05:37 #staff-commands @Synapse#0692 deleted message from 2018-04-21 21:01:34 ()
2018-04-21 21:05:37 #staff-commands @angie loves noah ☂#1111 deleted message from 2018-04-21 21:01:39 (.page 2)
2018-04-21 21:05:37 #staff-commands @angie loves noah ☂#1111 deleted message from 2018-04-21 21:01:44 (.roles page 2)
2018-04-21 21:05:37 #staff-commands @angie loves noah ☂#1111 deleted message from 2018-04-21 21:01:46 (.roles)
2018-04-21 21:05:37 #staff-commands @Synapse#0692 deleted message from 2018-04-21 21:01:46 ()
2018-04-21 21:05:37 #staff-commands @angie loves noah ☂#1111 deleted message from 2018-04-21 21:01:52 (.asar soul keeper)
2018-04-21 21:05:37 #staff-commands @Synapse#0692 deleted message from 2018-04-21 21:01:53 ()
2018-04-21 21:05:37 #staff-commands @angie loves noah ☂#1111 deleted message from 2018-04-21 21:02:00 (.asar)
2018-04-21 21:05:37 #staff-commands @angie loves noah ☂#1111 deleted message from 2018-04-21 21:02:33 (.lsar)
2018-04-21 21:05:37 #staff-commands @Synapse#0692 deleted message from 2018-04-21 21:02:34 ()
2018-04-21 21:05:37 #staff-commands @angie loves noah ☂#1111 deleted message from 2018-04-21 21:02:46 (.togglexclsar)
2018-04-21 21:05:37 #staff-commands @Synapse#0692 deleted message from 2018-04-21 21:02:46 ()
2018-04-21 21:05:37 #staff-commands @angie loves noah ☂#1111 deleted message from 2018-04-21 21:02:54 (.roles)
2018-04-21 21:05:37 #staff-commands @Synapse#0692 deleted message from 2018-04-21 21:02:54 ()
2018-04-21 21:05:37 #staff-commands @angie loves noah ☂#1111 deleted message from 2018-04-21 21:03:00 (.asarall)
2018-04-21 21:05:37 #staff-commands @angie loves noah ☂#1111 deleted message from 2018-04-21 21:03:08 (.asar literally nothing.)
2018-04-21 21:05:37 #staff-commands @Synapse#0692 deleted message from 2018-04-21 21:03:08 ()
2018-04-21 21:05:37 #staff-commands @angie loves noah ☂#1111 deleted message from 2018-04-21 21:03:14 (.asar)
2018-04-21 21:05:37 #staff-commands @angie loves noah ☂#1111 deleted message from 2018-04-21 21:04:29 (.asar lil pump,weeb,literally nothing.,new irrelevant hoe,soul keeper)
2018-04-21 21:05:37 #staff-commands @angie loves noah ☂#1111 deleted message from 2018-04-21 21:04:31 (uGhH)
2018-04-21 21:05:37 #staff-commands @angie loves noah ☂#1111 deleted message from 2018-04-21 21:04:42 (.asar  lil pump)
2018-04-21 21:05:37 #staff-commands @Synapse#0692 deleted message from 2018-04-21 21:04:42 ()
2018-04-21 21:05:37 #staff-commands @angie loves noah ☂#1111 deleted message from 2018-04-21 21:04:49 (.asar weeb)
2018-04-21 21:05:37 #staff-commands @Synapse#0692 deleted message from 2018-04-21 21:04:49 ()
2018-04-21 21:05:37 #staff-commands @angie loves noah ☂#1111 deleted message from 2018-04-21 21:04:58 (.asar new irrelevant hoe)
2018-04-21 21:05:37 #staff-commands @Synapse#0692 deleted message from 2018-04-21 21:04:58 ()
2018-04-21 21:05:40 #staff-commands @angie loves noah ☂#1111: /purge 12
2018-04-21 21:05:41 #staff-commands @angie loves noah ☂#1111 deleted message from 2018-04-21 21:05:40 (/purge 12)
2018-04-21 21:05:42 #staff-commands @angie loves noah ☂#1111 deleted message from 2018-04-21 21:05:09 (.lsar)
2018-04-21 21:05:42 #staff-commands @Synapse#0692 deleted message from 2018-04-21 21:05:09 ()
2018-04-22 07:48:06 #staff-commands @angie loves noah ☂#1111: /info
2018-04-22 07:48:06 #staff-commands @Dyno#3861: 
2018-04-22 07:48:07 #staff-commands @Dyno#3861 edited message from 2018-04-22 07:48:06 () to read: 
2018-04-22 07:48:19 #staff-commands @angie loves noah ☂#1111: /info @angie
2018-04-22 07:48:19 #staff-commands @Dyno#3861: @angie, a little too quick there.
2018-04-22 07:48:24 #staff-commands @angie loves noah ☂#1111: um
2018-04-22 07:48:28 #staff-commands @Dyno#3861 deleted message from 2018-04-22 07:48:19 (@angie, a little too quick there.)
2018-04-22 07:48:33 #staff-commands @angie loves noah ☂#1111: /purge 2
2018-04-22 07:48:33 #staff-commands @angie loves noah ☂#1111 deleted message from 2018-04-22 07:48:33 (/purge 2)
2018-04-22 07:48:42 #staff-commands @angie loves noah ☂#1111: /purge 4
2018-04-22 07:48:42 #staff-commands @angie loves noah ☂#1111 deleted message from 2018-04-22 07:48:42 (/purge 4)
2018-04-22 07:48:42 #staff-commands @angie loves noah ☂#1111 deleted message from 2018-04-22 07:48:06 (/info)
2018-04-22 07:48:42 #staff-commands @Dyno#3861 deleted message from 2018-04-22 07:48:06 ()
2018-04-22 07:48:46 #staff-commands @angie loves noah ☂#1111 deleted message from 2018-04-22 07:48:19 (/info @angie)
2018-04-22 07:48:46 #staff-commands @angie loves noah ☂#1111 deleted message from 2018-04-22 07:48:24 (um)
2018-04-22 07:48:47 #staff-commands @angie loves noah ☂#1111: /purge 2
2018-04-22 07:48:47 #staff-commands @angie loves noah ☂#1111 deleted message from 2018-04-22 07:48:47 (/purge 2)
2018-04-22 07:48:54 #staff-commands @angie loves noah ☂#1111: /user info
2018-04-22 07:48:57 #staff-commands @angie loves noah ☂#1111: /userinfo
2018-04-22 07:48:58 #staff-commands @Dyno#3861: 
2018-04-22 07:48:58 #staff-commands @Dyno#3861 edited message from 2018-04-22 07:48:58 () to read: 
2018-04-22 07:49:26 #staff-commands @angie loves noah ☂#1111: /purge 50
2018-04-22 07:49:26 #staff-commands @angie loves noah ☂#1111 deleted message from 2018-04-22 07:48:54 (/user info)
2018-04-22 07:49:26 #staff-commands @angie loves noah ☂#1111 deleted message from 2018-04-22 07:48:57 (/userinfo)
2018-04-22 07:49:26 #staff-commands @Dyno#3861 deleted message from 2018-04-22 07:48:58 ()
2018-04-22 07:49:26 #staff-commands @angie loves noah ☂#1111 deleted message from 2018-04-22 07:49:26 (/purge 50)
