2018-04-26 02:26:58 #bot-spam @ViRa_SPARKS#0026: Mee6bot.com
2018-04-26 02:29:06 #bot-spam @ViRa_SPARKS#0026: Linkmeek6commands.com
2018-04-26 02:29:17 #bot-spam @ViRa_SPARKS#0026 deleted message from 2018-04-26 02:26:58 (Mee6bot.com)
2018-04-26 02:29:17 #bot-spam @ViRa_SPARKS#0026 deleted message from 2018-04-26 02:29:06 (Linkmeek6commands.com)
2018-04-26 02:29:21 #bot-spam @ViRa_SPARKS#0026: 260
2018-04-26 02:29:24 #bot-spam @ViRa_SPARKS#0026 deleted message from 2018-04-26 02:29:21 (260)
2018-04-26 02:29:27 #bot-spam @ViRa_SPARKS#0026: 260.com
2018-04-26 02:29:30 #bot-spam @ViRa_SPARKS#0026 deleted message from 2018-04-26 02:29:27 (260.com)
2018-04-26 20:28:06 #bot-spam @ViRa_SPARKS#0026: !help
2018-04-26 20:28:09 #bot-spam @Synapse#0692: Check your DM, @ViRa_SPARKS! I have sent something for you :wink:
2018-04-26 20:29:07 #bot-spam @ViRa_SPARKS#0026: !level
2018-04-26 20:29:12 #bot-spam @ViRa_SPARKS#0026 deleted message from 2018-04-26 20:29:07 (!level)
2018-04-26 20:29:32 #bot-spam @ViRa_SPARKS#0026: !avatar
2018-04-26 20:29:33 #bot-spam @Synapse#0692: ViRa_SPARKS's Avatar URL : https://cdn.discordapp.com/avatars/380183271964672000/a1f3986840590e407e991e47c76a1398.png?size=1024
2018-04-26 20:29:37 #bot-spam @Synapse#0692 edited message from 2018-04-26 20:29:33 (ViRa_SPARKS's Avatar URL : https://cdn.discordapp.com/avatars/380183271964672000/a1f3986840590e407e991e47c76a1398.png?size=1024) to read: ViRa_SPARKS's Avatar URL : https://cdn.discordapp.com/avatars/380183271964672000/a1f3986840590e407e991e47c76a1398.png?size=1024
2018-04-26 20:29:48 #bot-spam @Synapse#0692 deleted message from 2018-04-26 20:29:33 (ViRa_SPARKS's Avatar URL : https://cdn.discordapp.com/avatars/380183271964672000/a1f3986840590e407e991e47c76a1398.png?size=1024)
2018-04-26 20:29:48 #bot-spam @ViRa_SPARKS#0026 deleted message from 2018-04-26 20:29:32 (!avatar)
2018-04-26 20:30:17 #bot-spam @ViRa_SPARKS#0026: !auto role
2018-04-26 20:30:30 #bot-spam @ViRa_SPARKS#0026: !autoroke
2018-04-26 20:30:36 #bot-spam @ViRa_SPARKS#0026: !autorole
2018-04-26 20:30:36 #bot-spam @Synapse#0692: ```\n!autorole\n\nChange settings for autorole\n\nRequires the manage roles permission\n\nCommands:\n  role      Set role for autorole to assign.\n  agreement Set the channel and message that will be used for accepting the r...\n  toggle    Enables/Disables autorole\n\nType !autorole command for more info on a command.\nYou can also type !autorole category for more info on a category.\n```
2018-04-26 20:30:37 #bot-spam @Synapse#0692: ```Current autorole state: False```
2018-04-26 20:31:44 #bot-spam @ViRa_SPARKS#0026: !countdown
2018-04-26 20:31:44 #bot-spam @Synapse#0692: ```\n!countdown <seconds> <title>\n\n```
2018-04-26 20:31:54 #bot-spam @ViRa_SPARKS#0026: !secounds
2018-04-26 20:31:59 #bot-spam @ViRa_SPARKS#0026 deleted message from 2018-04-26 20:31:54 (!secounds)
2018-04-26 20:31:59 #bot-spam @ViRa_SPARKS#0026 deleted message from 2018-04-26 20:31:44 (!countdown)
2018-04-26 20:32:02 #bot-spam @Synapse#0692 deleted message from 2018-04-26 20:31:44 (```\n!countdown <seconds> <title>\n\n```)
2018-04-26 20:32:41 #bot-spam @ViRa_SPARKS#0026: !add kill
2018-04-26 20:32:47 #bot-spam @ViRa_SPARKS#0026: !addkill
2018-04-26 20:32:48 #bot-spam @Synapse#0692: ```\n!addkill <name> [kill_text...]\n\nVariables:\n{killer} adds the name of the killer\n{victim} adds the name of the victim\n\n```
2018-04-26 20:33:02 #bot-spam @ViRa_SPARKS#0026: !killer @Craig
2018-04-26 20:33:08 #bot-spam @ViRa_SPARKS#0026: Killer @Craig
2018-04-26 20:33:10 #bot-spam @ViRa_SPARKS#0026 deleted message from 2018-04-26 20:33:02 (!killer @Craig)
2018-04-26 20:33:12 #bot-spam @ViRa_SPARKS#0026 deleted message from 2018-04-26 20:33:08 (Killer @Craig)
2018-04-26 20:33:41 #bot-spam @ViRa_SPARKS#0026: { @Craig } @MEE6
2018-04-26 20:33:49 #bot-spam @ViRa_SPARKS#0026 deleted message from 2018-04-26 20:33:41 ({ @Craig } @MEE6)
2018-04-26 20:34:35 #bot-spam @ViRa_SPARKS#0026: !owner
2018-04-26 20:35:13 #bot-spam @ViRa_SPARKS#0026: Mee6bot.com
2018-04-26 23:50:39 #bot-spam @ViRa_SPARKS#0026: .sr @Dan @Sparks childs
2018-04-26 23:50:39 #bot-spam @Synapse#0692: 
2018-04-26 23:50:39 #bot-spam @Synapse#0692 edited message from 2018-04-26 23:50:39 () to read: 
2018-04-26 23:50:55 #bot-spam @ℳiss ℕightshade♚#7208: XD
2018-04-26 23:51:08 #bot-spam @ViRa_SPARKS#0026: .sr @Synapse @leader
2018-04-26 23:51:08 #bot-spam @Synapse#0692: 
2018-04-26 23:51:08 #bot-spam @Synapse#0692 edited message from 2018-04-26 23:51:08 () to read: 
2018-04-26 23:51:16 #bot-spam @Night hawk#6609: Make me a co leader
2018-04-26 23:51:47 #bot-spam @ViRa_SPARKS#0026: .sr @Dan @Sparks childs
2018-04-26 23:51:48 #bot-spam @Synapse#0692: 
2018-04-26 23:51:49 #bot-spam @Synapse#0692 edited message from 2018-04-26 23:51:48 () to read: 
2018-04-26 23:51:51 #bot-spam @ViRa_SPARKS#0026: OMFG
2018-04-26 23:51:57 #bot-spam @ViRa_SPARKS#0026: .prune 20
2018-04-26 23:51:57 #bot-spam @ViRa_SPARKS#0026 deleted message from 2018-04-26 23:50:39 (.sr @Dan @Sparks childs)
2018-04-26 23:51:57 #bot-spam @Synapse#0692 deleted message from 2018-04-26 23:50:39 ()
2018-04-26 23:51:57 #bot-spam @ℳiss ℕightshade♚#7208 deleted message from 2018-04-26 23:50:55 (XD)
2018-04-26 23:51:57 #bot-spam @ViRa_SPARKS#0026 deleted message from 2018-04-26 23:51:08 (.sr @Synapse @leader)
2018-04-26 23:51:57 #bot-spam @Synapse#0692 deleted message from 2018-04-26 23:51:08 ()
2018-04-26 23:51:57 #bot-spam @Night hawk#6609 deleted message from 2018-04-26 23:51:16 (Make me a co leader)
2018-04-26 23:51:57 #bot-spam @ViRa_SPARKS#0026 deleted message from 2018-04-26 23:51:47 (.sr @Dan @Sparks childs)
2018-04-26 23:51:57 #bot-spam @Synapse#0692 deleted message from 2018-04-26 23:51:48 ()
2018-04-26 23:51:57 #bot-spam @ViRa_SPARKS#0026 deleted message from 2018-04-26 23:51:51 (OMFG)
2018-04-26 23:51:57 #bot-spam @ViRa_SPARKS#0026 deleted message from 2018-04-26 23:51:57 (.prune 20)
2018-04-26 23:58:54 #bot-spam @ViRa_SPARKS#0026: .unmute @Night hawk
2018-04-26 23:58:55 #bot-spam @Synapse#0692: 
2018-04-26 23:58:55 #bot-spam @Synapse#0692 edited message from 2018-04-26 23:58:55 () to read: 
2018-04-26 23:59:01 #bot-spam @Night hawk#6609: YES
2018-04-27 00:28:25 #bot-spam @ViRa_SPARKS#0026: .prune 1
2018-04-27 00:28:26 #bot-spam @Night hawk#6609 deleted message from 2018-04-26 23:59:01 (YES)
2018-04-27 00:28:26 #bot-spam @ViRa_SPARKS#0026 deleted message from 2018-04-27 00:28:25 (.prune 1)
2018-04-27 00:28:39 #bot-spam @ViRa_SPARKS#0026: .sr @Dan @Cod-leaders
2018-04-27 00:28:39 #bot-spam @Synapse#0692: 
2018-04-27 00:28:40 #bot-spam @Synapse#0692 edited message from 2018-04-27 00:28:39 () to read: 
2018-04-27 01:17:02 #bot-spam @ViRa_SPARKS#0026: Mee6
2018-04-27 02:07:07 #bot-spam @MEE6#4876: Hey @adam, welcome to **Loundge** 🎉🤗 !hope u enjoy the stay 😉😃
2018-04-27 02:07:53 #bot-spam @ViRa_SPARKS#0026: .sr @adam @Mods
2018-04-27 02:07:54 #bot-spam @Synapse#0692: 
2018-04-27 02:07:54 #bot-spam @Synapse#0692 edited message from 2018-04-27 02:07:54 () to read: 
2018-04-27 02:10:23 #bot-spam @Synapse#0692 deleted message from 2018-04-27 02:07:54 ()
2018-04-27 02:10:23 #bot-spam @ViRa_SPARKS#0026 deleted message from 2018-04-27 02:07:53 (.sr @adam @Mods)
2018-04-27 02:10:26 #bot-spam @ViRa_SPARKS#0026 deleted message from 2018-04-27 01:17:02 (Mee6)
2018-04-27 02:10:39 #bot-spam @MEE6#4876: Hey @Nadeko, welcome to **Loundge** 🎉🤗 !hope u enjoy the stay 😉😃
2018-04-27 02:11:31 #bot-spam @ViRa_SPARKS#0026: .sr @Dan @Cod-leaders
2018-04-27 02:11:32 #bot-spam @Synapse#0692: 
2018-04-27 02:11:32 #bot-spam @Nadeko#6685: 
2018-04-27 02:11:32 #bot-spam @Synapse#0692 edited message from 2018-04-27 02:11:32 () to read: 
2018-04-27 02:11:32 #bot-spam @Nadeko#6685 edited message from 2018-04-27 02:11:32 () to read: 
2018-04-27 02:11:38 #bot-spam @Synapse#0692 deleted message from 2018-04-27 02:11:32 ()
2018-04-27 02:11:39 #bot-spam @ViRa_SPARKS#0026 deleted message from 2018-04-27 02:11:31 (.sr @Dan @Cod-leaders)
2018-04-27 02:11:42 #bot-spam @Nadeko#6685 deleted message from 2018-04-27 02:11:32 ()
2018-04-27 02:13:18 #bot-spam @ViRa_SPARKS#0026: .rr @adam @Sparks childs
2018-04-27 02:13:18 #bot-spam @Nadeko#6685: 
2018-04-27 02:13:18 #bot-spam @Synapse#0692: 
2018-04-27 02:13:19 #bot-spam @Nadeko#6685 edited message from 2018-04-27 02:13:18 () to read: 
2018-04-27 02:13:19 #bot-spam @Synapse#0692 edited message from 2018-04-27 02:13:18 () to read: 
2018-04-27 02:15:09 #bot-spam @Synapse#0692 deleted message from 2018-04-27 02:13:18 ()
2018-04-27 02:15:45 #bot-spam @ViRa_SPARKS#0026: .rr @Nadeko @Leader/Founder
2018-04-27 02:15:45 #bot-spam @Nadeko#6685: 
2018-04-27 02:15:47 #bot-spam @Nadeko#6685 edited message from 2018-04-27 02:15:45 () to read: 
2018-04-27 02:15:45 #bot-spam @Synapse#0692: 
2018-04-27 02:15:47 #bot-spam @Synapse#0692 edited message from 2018-04-27 02:15:45 () to read: 
2018-04-27 02:15:48 #bot-spam @Synapse#0692 deleted message from 2018-04-27 02:15:45 ()
2018-04-27 02:15:51 #bot-spam @Nadeko#6685 deleted message from 2018-04-27 02:15:45 ()
2018-04-27 02:16:03 #bot-spam @ViRa_SPARKS#0026: .k @Synapse
