2018-04-22 14:34:37 this bot joined the server
2018-04-22 14:34:37 Member role add: 'Synapse' role was added to @Synapse#0692
2018-04-22 14:34:41 Member join: @Ghostplay R2#1298 (id 435829986772123658)
2018-04-22 14:34:41 Member role add: 'Ghostplay R2' role was added to @Ghostplay R2#1298
2018-04-22 14:34:41 Role created: 'Ghostplay R2' (id 437622274678325248)
2018-04-22 14:34:41 Member role add: 'Ghostplay R2' role was added to @Ghostplay R2#1298
2018-04-22 14:34:51 Member ban: @PassiveBOT#2310 (id 234112036701863936)
2018-04-22 14:34:51 Role deleted: 'PassiveBOT' (id 437621795130966026)
2018-04-22 14:34:51 Member leave: @PassiveBOT#2310 (id 234112036701863936)
2018-04-22 14:34:55 Member role add: 'BOT' role was added to @Synapse#0692
2018-04-22 14:34:58 Member role add: 'BOT' role was added to @Ghostplay R2#1298
2018-04-22 14:35:10 Role permissions: 'Synapse' changed from 8 to 262216
2018-04-22 14:35:10 Role position: 'Synapse' changed from 2 to 9
2018-04-22 14:35:10 Role position: 'MEE6' changed from 9 to 10
2018-04-22 14:35:10 Role permissions: 'Ghostplay R2' changed from 268520497 to 268782705
2018-04-22 14:35:10 Role position: 'Ghostplay R2' changed from 1 to 11
2018-04-22 14:35:39 Role permissions: 'Ghostplay R2' changed from 268782705 to 2113400063
2018-04-22 14:35:57 Role permissions: 'Ghostplay R2' changed from 2113400063 to 2146954495
2018-04-22 14:36:14 Role color: 'BOT' changed from #000000 to #ffffff
2018-04-22 14:36:17 Role color: 'Ghostplay R2' changed from #000000 to #3498db
2018-04-22 14:36:17 Role color: 'Synapse' changed from #000000 to #3498db
2018-04-22 14:36:26 Role color: '{ALL PERMISSIONS}' changed from #000000 to #ff0000
2018-04-22 14:36:27 Role color: 'Moderator' changed from #000000 to #e74c3c
2018-04-22 14:36:50 Role color: 'EU' changed from #000000 to #11806a
2018-04-22 14:36:51 Role color: 'US' changed from #000000 to #11806a
2018-04-22 14:36:51 Role position: 'US' changed from 2 to 1
2018-04-22 14:36:51 Role color: 'This week's chatter is:' changed from #000000 to #f1c40f
2018-04-22 14:36:54 Role color: 'This week's player is:' changed from #000000 to #e67e22
2018-04-22 14:36:55 Role color: '{ALL PERMISSIONS}' changed from #ff0000 to #000000
2018-04-22 14:38:40 Role permissions: 'Moderator' changed from 104320064 to 1043852403
2018-04-22 14:39:05 Role permissions: 'Founder' changed from 104320065 to 2146958591
2018-04-22 14:39:06 Role mentionable: '{ALL PERMISSIONS}' is now mentionable
2018-04-22 14:39:06 Role permissions: '{ALL PERMISSIONS}' changed from 104320065 to 2146958591
2018-04-22 14:39:06 Role permissions: 'MEE6' changed from 335015167 to 2146954495
2018-04-22 14:39:06 Role permissions: 'Synapse' changed from 262216 to 2080894207
2018-04-22 14:39:06 Role permissions: 'EU' changed from 104320065 to 103926849
2018-04-22 14:39:06 Role permissions: 'US' changed from 104320065 to 103926849
2018-04-22 14:39:37 Member role add: 'US' role was added to @Ghostplay R2#1298
2018-04-22 14:39:40 Member role add: 'EU' role was added to @MEE6#4876
2018-04-22 14:39:40 Member role add: 'US' role was added to @MEE6#4876
2018-04-22 14:39:42 Member role add: 'EU' role was added to @Ghostplay R2#1298
2018-04-22 14:39:45 Member role add: 'US' role was added to @Synapse#0692
2018-04-22 14:39:45 Member role add: 'EU' role was added to @Synapse#0692
2018-04-22 14:39:48 Member role remove: The 'EU' role was removed from @Synapse#0692
2018-04-22 14:39:49 Member role add: 'EU' role was added to @Synapse#0692
2018-04-22 14:54:45 Role color: '{ALL PERMISSIONS}' changed from #000000 to #ff0000
2018-04-22 14:54:54 Role color: 'Founder' changed from #000000 to #bcff8b
2018-04-22 16:02:37 Server icon changed from  to https://cdn.discordapp.com/icons/437616883961823233/855b3bf622498f00c3ca840d2f98342c.jpg
2018-04-22 17:03:56 Member join: @NONE#3454 (id 437658687339757588)
2018-04-22 17:06:13 Member role add: '{ALL PERMISSIONS}' role was added to @NONE#3454
2018-04-22 17:06:18 Member role add: 'TEST ACCOUNT' role was added to @NONE#3454
2018-04-22 17:06:19 Member role add: 'US' role was added to @NONE#3454
2018-04-22 17:06:20 Member role add: 'EU' role was added to @NONE#3454
2018-04-22 17:06:20 Member role add: 'BOT' role was added to @NONE#3454
2018-04-22 17:06:21 Member role add: 'This week's chatter is:' role was added to @NONE#3454
2018-04-22 17:06:22 Member role add: 'This week's player is:' role was added to @NONE#3454
2018-04-22 17:06:22 Member role add: 'Founder' role was added to @NONE#3454
2018-04-22 17:06:23 Member role add: 'Moderator' role was added to @NONE#3454
2018-04-22 17:06:24 Member role remove: The 'Founder' role was removed from @NONE#3454
2018-04-26 12:45:55 Member username: '@[a3c] | NanoPlex#4244' (id 388041452489539586) changed username from '[a3c] | NanoPlex' to '[a3c] NanoPlex'
