2018-04-24 08:25:42 #oef @marteh#0104: oef
2018-04-24 08:39:24 #oef @[144hz]GoldenYTGD#7275: oef]
2018-04-24 08:50:21 #oef @KYABESON#7467: Oef
2018-04-24 08:54:20 #oef @[144hz]GoldenYTGD#7275: Oef
2018-04-24 10:58:00 #oef @xXill/RS07\lliXx#1119: woef
2018-04-24 14:05:18 #oef @danny_the_duck#6787: oef
2018-04-24 15:33:15 #oef @[144hz]GoldenYTGD#7275: 00f
2018-04-25 07:06:54 #oef @KYABESON#7467: OOOOOOOOOOOOOOOOOOOOFFFFFFFFFFFFFFFFFFFFFFFFFFF
2018-04-27 07:05:43 #oef @Okkieboyy#7263: Only oef no oof
2018-04-27 07:05:45 #oef @Okkieboyy#7263: ok
2018-04-27 07:05:53 #oef @Okkieboyy#7263 deleted message from 2018-04-27 07:05:45 (ok)
2018-04-27 07:05:56 #oef @Okkieboyy#7263 deleted message from 2018-04-27 07:05:43 (Only oef no oof)
2018-04-27 07:06:14 #oef @Okkieboyy#7263: -_**OOOOOOOFFFFFFFFFFFOOOOOOEEEEEEFFFFFFF**_-
2018-04-27 07:06:25 #oef @Okkieboyy#7263 edited message from 2018-04-27 07:06:14 (-_**OOOOOOOFFFFFFFFFFFOOOOOOEEEEEEFFFFFFF**_-) to read: ~_**OOOOOOOFFFFFFFFFFFOOOOOOEEEEEEFFFFFFF**_~
2018-04-27 07:06:33 #oef @Okkieboyy#7263 edited message from 2018-04-27 07:06:14 (~_**OOOOOOOFFFFFFFFFFFOOOOOOEEEEEEFFFFFFF**_~) to read: ~~_**OOOOOOOFFFFFFFFFFFOOOOOOEEEEEEFFFFFFF**_~~
2018-04-27 09:40:44 #oef @xXill/RS07\lliXx#1119: woef
2018-04-27 12:25:18 #oef @KYABESON#7467: OEf
2018-04-27 12:41:41 #oef @[144hz]GoldenYTGD#7275: Woof
2018-04-28 08:17:54 #oef @xXill/RS07\lliXx#1119: of
2018-05-02 09:04:59 #oef @xXill/RS07\lliXx#1119: moem
2018-05-02 09:05:01 #oef @xXill/RS07\lliXx#1119: f
2018-05-02 09:10:02 #oef @KYABESON#7467: WOOF
2018-05-02 09:15:44 #oef @xXill/RS07\lliXx#1119: XDDDDD
2018-05-02 09:15:44 #oef @MEE6#4876: GG @[xX/RS07\]Xx, You just Got to level 8! Great Work!
2018-05-02 09:15:47 #oef @xXill/RS07\lliXx#1119: gg
2018-05-02 09:15:49 #oef @KYABESON#7467: yo
2018-05-02 09:15:52 #oef @KYABESON#7467: yo
2018-05-02 09:37:39 #oef @Miki#2634: yo
2018-05-02 09:37:42 #oef @Miki#2634: iyo
2018-05-02 09:37:42 #oef @Miki#2634: yo
2018-05-02 09:37:43 #oef @Miki#2634: yo
2018-05-02 09:37:44 #oef @Miki#2634: yo
2018-05-02 09:37:45 #oef @Miki#2634: yo
2018-05-02 09:37:46 #oef @Miki#2634: yo
2018-05-02 09:37:47 #oef @Miki#2634: yoy
2018-05-02 09:37:47 #oef @Miki#2634: yo
2018-05-02 09:37:48 #oef @Miki#2634: yo
2018-05-02 09:37:50 #oef @Miki#2634: o
2018-05-02 09:37:50 #oef @Miki#2634: o
2018-05-02 09:37:50 #oef @Miki#2634: o
2018-05-02 09:37:51 #oef @Miki#2634: yo
2018-05-02 09:37:51 #oef @Miki#2634: y
2018-05-02 09:37:51 #oef @KYABESON#7467: OEF
2018-05-02 09:37:52 #oef @Miki#2634: y
2018-05-02 09:37:52 #oef @Miki#2634: yy
2018-05-02 09:37:52 #oef @Miki#2634: y
2018-05-02 09:37:52 #oef @Miki#2634: yy
2018-05-02 09:37:56 #oef @Miki#2634: OEF
2018-05-02 09:38:05 #oef @Miki#2634: Im gzus
2018-05-02 09:38:05 #oef @Dad Bot#4494: Hi gzus, I'm Dad!
2018-05-02 09:38:17 #oef @marteh#0104: No spam
2018-05-02 09:38:19 #oef @Miki#2634: fuck you bot
2018-05-02 09:38:23 #oef @marteh#0104: #swearing_and_spam
2018-05-02 09:38:27 #oef @Miki#2634: olkay Im sry
2018-05-02 09:39:16 #oef @Miki#2634: aja
2018-05-02 09:39:27 #oef @Miki#2634: #discord_server_advertisements
2018-05-02 09:39:41 #oef @Miki#2634: #KYBESON
2018-05-02 09:40:40 #oef @marteh#0104: kms
2018-05-02 13:18:00 #oef @xXill/RS07\lliXx#1119: !purge 1
2018-05-02 13:18:01 #oef @UnbelievaBoat#1046: <:check:338071972476878848> Deleted 1 message.
2018-05-02 13:18:12 #oef @xXill/RS07\lliXx#1119 deleted message from 2018-05-02 13:18:00 (!purge 1)
2018-05-02 13:18:20 #oef @UnbelievaBoat#1046 deleted message from 2018-05-02 13:18:01 (<:check:338071972476878848> Deleted 1 message.)
2018-05-02 13:18:38 #oef @xXill/RS07\lliXx#1119: !warn @Im jokeing
2018-05-02 13:18:38 #oef @MEE6#4876: xX/RS07\]Xx | Discord HYPERSQUAD, it doesn't look like you can use that. <:SMILESWEAT6:403540174069432320>
2018-05-02 13:18:38 #oef @UnbelievaBoat#1046: 
2018-05-02 13:18:44 #oef @UnbelievaBoat#1046 edited message from 2018-05-02 13:18:38 () to read: 
2018-05-02 13:18:45 #oef @xXill/RS07\lliXx#1119 deleted message from 2018-05-02 13:18:38 (!warn @Im jokeing)
2018-05-02 13:18:45 #oef @Synapse#0692: 
2018-05-02 13:18:45 #oef @Synapse#0692 edited message from 2018-05-02 13:18:45 () to read: 
2018-05-02 13:18:50 #oef @MEE6#4876 deleted message from 2018-05-02 13:18:38 (xX/RS07\]Xx | Discord HYPERSQUAD, it doesn't look like you can use that. <:SMILESWEAT6:403540174069432320>)
2018-05-02 13:18:54 #oef @UnbelievaBoat#1046 deleted message from 2018-05-02 13:18:38 ()
2018-05-02 13:19:24 #oef @xXill/RS07\lliXx#1119: !purge 6
2018-05-02 13:19:26 #oef @Synapse#0692 deleted message from 2018-05-02 13:18:45 ()
2018-05-02 13:19:26 #oef @UnbelievaBoat#1046: <:check:338071972476878848> Deleted 6 messages.
2018-05-02 13:19:51 #oef @xXill/RS07\lliXx#1119: !purge 8
2018-05-02 13:19:51 #oef @xXill/RS07\lliXx#1119 deleted message from 2018-05-02 13:19:24 (!purge 6)
2018-05-02 13:19:51 #oef @UnbelievaBoat#1046 deleted message from 2018-05-02 13:19:26 (<:check:338071972476878848> Deleted 6 messages.)
2018-05-02 13:19:51 #oef @UnbelievaBoat#1046: <:check:338071972476878848> Deleted 8 messages.
2018-05-02 13:20:06 #oef @xXill/RS07\lliXx#1119: !purge 20
2018-05-02 13:20:06 #oef @xXill/RS07\lliXx#1119 deleted message from 2018-05-02 13:19:51 (!purge 8)
2018-05-02 13:20:06 #oef @UnbelievaBoat#1046 deleted message from 2018-05-02 13:19:51 (<:check:338071972476878848> Deleted 8 messages.)
2018-05-02 13:20:06 #oef @UnbelievaBoat#1046: <:check:338071972476878848> Deleted 20 messages.
2018-05-02 13:20:13 #oef @UnbelievaBoat#1046 deleted message from 2018-05-02 13:20:06 (<:check:338071972476878848> Deleted 20 messages.)
2018-05-02 13:20:16 #oef @xXill/RS07\lliXx#1119 deleted message from 2018-05-02 13:20:06 (!purge 20)
2018-05-03 04:17:56 #oef @meh' sup#3551: O
2018-05-03 04:17:57 #oef @meh' sup#3551: E
2018-05-03 04:17:57 #oef @meh' sup#3551: F
2018-05-03 07:37:30 #oef @marteh#0104: o
2018-05-03 07:37:30 #oef @marteh#0104: o
2018-05-03 07:37:31 #oef @marteh#0104: f
