2018-04-26 01:21:01 #general @Zhax#5044: :v
2018-04-26 01:21:45 #general @Zhax#5044: a
2018-04-26 01:21:51 #general @Zhax#5044 deleted message from 2018-04-26 01:21:45 (a)
2018-04-26 03:34:44 #general @Guilleh#8503: Hola xd
2018-04-26 03:44:57 #general @Guilleh#8503: pls plan Ser activo, decir que entren al servidor, te ignoran por pendejo :v
2018-04-26 03:44:59 #general @Dank Memer#6539:  (attachment url(s): https://cdn.discordapp.com/attachments/436540220616212480/438908324675846165/plan.png)
2018-04-26 20:35:38 #general @Zhax#5044: ah https://discord.gg/PwpwHdp
2018-04-26 23:26:02 #general @AlesGFX#1470: BUENASSS
2018-04-26 23:26:10 #general @AlesGFX#1470: perdon por la inactividad por dioss
2018-04-27 00:14:36 #general @Mav#2077: siguen muertos?
2018-04-27 00:23:40 #general @Zhax#5044: obvio :v
2018-04-27 00:30:11 #general @Sqlm_#1895: HOLAAAAAAAAAAAAAAAAAAA
2018-04-27 00:30:32 #general @حزمة - Pack#8752: jelou :v
2018-04-27 00:30:43 #general @Mav#2077: rgtj fgzjnzfgj
2018-04-27 00:30:52 #general @Mav#2077: alguien skin?
2018-04-27 00:30:58 #general @Mav#2077: estoy aburrido
2018-04-27 00:31:13 #general @حزمة - Pack#8752: no tengo :v
2018-04-27 00:32:03 #general @Mav#2077: utd
2018-04-27 00:39:04 #general @Zhax#5044: ashu https://es.namemc.com/profile/MojangConfigs.1
2018-04-27 00:39:04 #general @Zhax#5044 edited message from 2018-04-27 00:39:04 (ashu https://es.namemc.com/profile/MojangConfigs.1) to read: ashu https://es.namemc.com/profile/MojangConfigs.1
2018-04-27 00:39:41 #general @حزمة - Pack#8752: <:PonteVergas:431250835956170752>
2018-04-27 00:41:03 #general @Zhax#5044: <:broda:431251662418608138>
2018-04-27 00:43:13 #general @Mav#2077: OOF
2018-04-27 00:44:00 #general @Zhax#5044: <:Khe:431255198434852865>
2018-04-27 00:44:18 #general @حزمة - Pack#8752: <:OieKhe:431255810300182538>
2018-04-27 00:44:35 #general @Zhax#5044: <:ThinkinhSuicide:431250788254220299>
2018-04-27 00:45:30 #general @حزمة - Pack#8752: ahora porque soy verde? :v
2018-04-27 00:46:46 #general @Zhax#5044:  (attachment url(s): https://cdn.discordapp.com/attachments/436540220616212480/439225865671278602/130173312-352-k931545.jpg)
2018-04-27 00:47:03 #general @حزمة - Pack#8752: <:jsjsjs:431253843825917952>
2018-04-27 00:47:10 #general @Zhax#5044: <:BanBunny:431256490339336194>
2018-04-27 00:51:53 #general @Sqlm_#1895: mainkra
2018-04-27 00:53:26 #general @Zhax#5044: khe kza
2018-04-27 02:16:10 #general @حزمة - Pack#8752: gn <:broda:431251662418608138>
2018-04-27 14:31:51 #general @AlesGFX#1470: huenas
2018-04-28 00:39:28 #general @Zhax#5044: rip
2018-04-28 02:23:26 #general @Mav#2077: estan moridos?
2018-04-28 05:15:18 #general @حزمة - Pack#8752: sip :
2018-04-28 05:15:28 #general @حزمة - Pack#8752: <:Khe:431255198434852865>
2018-04-28 19:00:17 #general @AlesGFX#1470: hoa buenas
2018-04-30 14:49:18 #general @Paulabstracto#3425: ke sed
2018-04-30 14:49:22 #general @Paulabstracto#3425: no hay ndie kreo
2018-04-30 14:50:36 #general @Paulabstracto#3425 deleted message from 2018-04-30 14:49:22 (no hay ndie kreo)
2018-04-30 14:50:40 #general @Paulabstracto#3425 deleted message from 2018-04-30 14:49:18 (ke sed)
2018-04-30 23:30:53 #general @حزمة - Pack#8752: yo estoy muerto por dentro ✌Chucha:
2018-04-30 23:31:01 #general @حزمة - Pack#8752 edited message from 2018-04-30 23:30:53 (yo estoy muerto por dentro ✌Chucha:) to read: yo estoy muerto por dentro :v <:Chucha:431253399628021760>
