2018-04-21 15:50:25 #General Voice channel join: Hatzker#7329 (id 96933118400802816), flags: self_mute
2018-04-21 15:56:09 #General Voice channel join: RedShift#9726 (id 189693249475051520)
2018-04-21 15:56:12 #General Server self-unmute: Hatzker#7329 (id 96933118400802816)
2018-04-21 16:03:38 #General Voice channel leave: RedShift#9726 (id 189693249475051520)
2018-04-21 16:03:38 #General Voice channel join: RedShift#9726 (id 189693249475051520)
2018-04-21 16:10:11 #General Server self-mute: Hatzker#7329 (id 96933118400802816)
2018-04-21 16:11:01 #General Server self-unmute: Hatzker#7329 (id 96933118400802816)
2018-04-21 16:14:58 #General Server self-mute: Hatzker#7329 (id 96933118400802816)
2018-04-21 16:15:13 #General Server self-unmute: Hatzker#7329 (id 96933118400802816)
2018-04-21 16:15:23 #General Server self-mute: Hatzker#7329 (id 96933118400802816)
2018-04-21 16:15:25 #General Server self-unmute: Hatzker#7329 (id 96933118400802816)
2018-04-21 16:15:39 #General Server self-mute: Hatzker#7329 (id 96933118400802816)
2018-04-21 16:16:39 #General Server self-unmute: Hatzker#7329 (id 96933118400802816)
2018-04-21 16:16:52 #General Server self-mute: Hatzker#7329 (id 96933118400802816)
2018-04-21 16:16:52 #General Server self-unmute: Hatzker#7329 (id 96933118400802816)
2018-04-21 17:21:39 #General Server self-mute: RedShift#9726 (id 189693249475051520)
2018-04-21 17:22:05 #General Server self-unmute: RedShift#9726 (id 189693249475051520)
2018-04-21 17:53:59 #General Server self-mute: RedShift#9726 (id 189693249475051520)
2018-04-21 17:54:10 #General Server self-unmute: RedShift#9726 (id 189693249475051520)
2018-04-21 17:54:15 #General Voice channel leave: Hatzker#7329 (id 96933118400802816)
2018-04-21 17:54:15 #General Voice channel leave: RedShift#9726 (id 189693249475051520)
2018-04-22 08:25:11 #General Voice channel join: Hatzker#7329 (id 96933118400802816), flags: self_mute
2018-04-22 08:25:14 #General Server self-unmute: Hatzker#7329 (id 96933118400802816)
2018-04-22 08:50:32 #General Voice channel leave: Hatzker#7329 (id 96933118400802816)
2018-04-22 08:54:00 #General Voice channel join: RedShift#9726 (id 189693249475051520)
2018-04-22 08:54:52 #General Voice channel leave: RedShift#9726 (id 189693249475051520)
2018-04-22 08:56:06 #General Voice channel join: RedShift#9726 (id 189693249475051520)
2018-04-22 08:56:13 #General Voice channel join: Hatzker#7329 (id 96933118400802816)
2018-04-22 09:16:43 #General Server self-mute: Hatzker#7329 (id 96933118400802816)
2018-04-22 09:16:51 #General Server self-unmute: Hatzker#7329 (id 96933118400802816)
2018-04-22 09:20:47 #General Server self-mute: Hatzker#7329 (id 96933118400802816)
2018-04-22 09:20:48 #General Server self-unmute: Hatzker#7329 (id 96933118400802816)
2018-04-22 09:20:49 #General Server self-mute: Hatzker#7329 (id 96933118400802816)
2018-04-22 09:20:53 #General Server self-unmute: Hatzker#7329 (id 96933118400802816)
2018-04-22 09:21:52 #General Server self-mute: Hatzker#7329 (id 96933118400802816)
2018-04-22 09:23:07 #General Server self-unmute: Hatzker#7329 (id 96933118400802816)
2018-04-22 09:24:14 #General Server self-mute: Hatzker#7329 (id 96933118400802816)
2018-04-22 09:24:21 #General Server self-unmute: Hatzker#7329 (id 96933118400802816)
2018-04-22 09:28:05 #General Server self-mute: Hatzker#7329 (id 96933118400802816)
2018-04-22 09:28:06 #General Server self-unmute: Hatzker#7329 (id 96933118400802816)
2018-04-22 09:31:09 #General Server self-mute: Hatzker#7329 (id 96933118400802816)
2018-04-22 09:31:34 #General Server self-unmute: Hatzker#7329 (id 96933118400802816)
2018-04-22 09:33:10 #General Server self-mute: Hatzker#7329 (id 96933118400802816)
2018-04-22 09:33:11 #General Server self-unmute: Hatzker#7329 (id 96933118400802816)
2018-04-22 09:36:32 #General Server self-mute: Hatzker#7329 (id 96933118400802816)
2018-04-22 09:36:33 #General Server self-unmute: Hatzker#7329 (id 96933118400802816)
2018-04-22 10:33:28 #General Voice channel join: Buratz#5874 (id 268810400169066507)
2018-04-22 11:27:45 #General Voice channel leave: Buratz#5874 (id 268810400169066507)
2018-04-22 11:42:58 #General Server self-mute: Hatzker#7329 (id 96933118400802816)
2018-04-22 11:43:09 #General Server self-unmute: Hatzker#7329 (id 96933118400802816)
2018-04-22 11:44:13 #General Voice channel leave: Hatzker#7329 (id 96933118400802816)
2018-04-22 11:44:13 #General Voice channel leave: RedShift#9726 (id 189693249475051520)
2018-04-22 16:43:16 #General Voice channel join: Hatzker#7329 (id 96933118400802816)
2018-04-22 16:51:47 #General Server self-mute: Hatzker#7329 (id 96933118400802816)
2018-04-22 16:59:25 #General Server self-unmute: Hatzker#7329 (id 96933118400802816)
2018-04-22 16:59:33 #General Voice channel join: RedShift#9726 (id 189693249475051520)
2018-04-22 17:01:11 #General Server self-mute: Hatzker#7329 (id 96933118400802816)
2018-04-22 17:02:37 #General Server self-unmute: Hatzker#7329 (id 96933118400802816)
2018-04-22 17:02:39 #General Server self-mute: Hatzker#7329 (id 96933118400802816)
2018-04-22 17:02:48 #General Server self-unmute: Hatzker#7329 (id 96933118400802816)
2018-04-22 17:03:48 #General Server self-mute: Hatzker#7329 (id 96933118400802816)
2018-04-22 17:04:08 #General Server self-unmute: Hatzker#7329 (id 96933118400802816)
2018-04-22 17:10:22 #General Server self-mute: Hatzker#7329 (id 96933118400802816)
2018-04-22 17:10:27 #General Server self-unmute: Hatzker#7329 (id 96933118400802816)
2018-04-22 17:10:28 #General Server self-mute: Hatzker#7329 (id 96933118400802816)
2018-04-22 17:10:30 #General Server self-unmute: Hatzker#7329 (id 96933118400802816)
2018-04-22 17:10:32 #General Server self-mute: Hatzker#7329 (id 96933118400802816)
2018-04-22 17:10:37 #General Server self-unmute: Hatzker#7329 (id 96933118400802816)
2018-04-22 17:10:39 #General Server self-mute: Hatzker#7329 (id 96933118400802816)
2018-04-22 17:10:53 #General Server self-unmute: Hatzker#7329 (id 96933118400802816)
2018-04-22 17:10:54 #General Server self-mute: Hatzker#7329 (id 96933118400802816)
2018-04-22 17:10:55 #General Server self-unmute: Hatzker#7329 (id 96933118400802816)
2018-04-22 17:11:11 #General Server self-mute: Hatzker#7329 (id 96933118400802816)
2018-04-22 17:11:13 #General Server self-unmute: Hatzker#7329 (id 96933118400802816)
2018-04-22 17:53:04 #General Server self-mute: Hatzker#7329 (id 96933118400802816)
2018-04-22 17:53:45 #General Server self-unmute: Hatzker#7329 (id 96933118400802816)
2018-04-22 17:58:58 #General Server self-mute: Hatzker#7329 (id 96933118400802816)
2018-04-22 18:00:25 #General Server self-unmute: Hatzker#7329 (id 96933118400802816)
2018-04-22 18:08:02 #General Server self-mute: Hatzker#7329 (id 96933118400802816)
2018-04-22 18:08:23 #General Server self-unmute: Hatzker#7329 (id 96933118400802816)
2018-04-22 18:11:29 #General Voice channel leave: Hatzker#7329 (id 96933118400802816)
2018-04-22 18:11:32 #General Voice channel leave: RedShift#9726 (id 189693249475051520)
2018-04-23 15:04:22 #General Voice channel join: Hatzker#7329 (id 96933118400802816)
2018-04-23 18:30:57 #General Voice channel leave: Hatzker#7329 (id 96933118400802816)
2018-04-25 16:22:12 #General Voice channel join: Hatzker#7329 (id 96933118400802816), flags: self_mute
2018-04-25 16:22:14 #General Server self-unmute: Hatzker#7329 (id 96933118400802816)
2018-04-25 16:24:16 #General Voice channel join: Buratz#5874 (id 268810400169066507)
2018-04-25 16:24:21 #General Server self-mute: Hatzker#7329 (id 96933118400802816)
2018-04-25 16:24:35 #General Server self-unmute: Hatzker#7329 (id 96933118400802816)
2018-04-25 16:34:40 #General Voice channel leave: Buratz#5874 (id 268810400169066507)
2018-04-25 16:35:18 #General Voice channel leave: Hatzker#7329 (id 96933118400802816)
2018-04-26 13:35:15 #General Voice channel join: Hatzker#7329 (id 96933118400802816)
2018-04-26 13:39:06 #General Server self-mute: Hatzker#7329 (id 96933118400802816)
2018-04-26 14:12:58 #General Voice channel join: I'm just a memer#1873 (id 366957783691689994)
2018-04-26 14:13:06 #General Server self-unmute: Hatzker#7329 (id 96933118400802816)
2018-04-26 14:34:35 #General Server self-mute: Hatzker#7329 (id 96933118400802816)
2018-04-26 14:37:22 #General Server self-unmute: Hatzker#7329 (id 96933118400802816)
2018-04-26 14:58:20 #General Server self-mute: Hatzker#7329 (id 96933118400802816)
2018-04-26 15:00:01 #General Voice channel leave: Hatzker#7329 (id 96933118400802816)
2018-04-26 15:01:37 #General Voice channel join: Hatzker#7329 (id 96933118400802816), flags: self_mute
2018-04-26 15:01:37 #General Server self-unmute: Hatzker#7329 (id 96933118400802816)
2018-04-26 15:20:28 #General Server self-mute: Hatzker#7329 (id 96933118400802816)
2018-04-26 15:21:27 #General Server self-unmute: Hatzker#7329 (id 96933118400802816)
2018-04-26 15:22:11 #General Server self-mute: Hatzker#7329 (id 96933118400802816)
2018-04-26 15:22:35 #General Server self-unmute: Hatzker#7329 (id 96933118400802816)
2018-04-26 15:29:37 #General Server self-mute: Hatzker#7329 (id 96933118400802816)
2018-04-26 15:31:02 #General Server self-unmute: Hatzker#7329 (id 96933118400802816)
2018-04-26 15:40:59 #General Server self-mute: Hatzker#7329 (id 96933118400802816)
2018-04-26 15:41:36 #General Server self-unmute: Hatzker#7329 (id 96933118400802816)
2018-04-26 15:41:41 #General Server self-mute: Hatzker#7329 (id 96933118400802816)
2018-04-26 15:41:44 #General Server self-unmute: Hatzker#7329 (id 96933118400802816)
2018-04-26 15:41:45 #General Server self-mute: Hatzker#7329 (id 96933118400802816)
2018-04-26 15:42:07 #General Server self-unmute: Hatzker#7329 (id 96933118400802816)
2018-04-26 15:53:10 #General Server self-mute: Hatzker#7329 (id 96933118400802816)
2018-04-26 15:54:53 #General Server self-unmute: Hatzker#7329 (id 96933118400802816)
2018-04-26 15:55:29 #General Server self-mute: Hatzker#7329 (id 96933118400802816)
2018-04-26 15:56:06 #General Server self-unmute: Hatzker#7329 (id 96933118400802816)
2018-04-26 15:57:12 #General Server self-mute: Hatzker#7329 (id 96933118400802816)
2018-04-26 15:57:34 #General Server self-unmute: Hatzker#7329 (id 96933118400802816)
2018-04-26 16:00:29 #General Server self-mute: Hatzker#7329 (id 96933118400802816)
2018-04-26 16:09:35 #General Server self-unmute: Hatzker#7329 (id 96933118400802816)
2018-04-26 16:39:52 #General Voice channel leave: I'm just a memer#1873 (id 366957783691689994)
2018-04-26 16:39:56 #General Voice channel leave: Hatzker#7329 (id 96933118400802816)
2018-04-26 16:40:00 #General Voice channel join: Hatzker#7329 (id 96933118400802816)
2018-04-26 17:07:11 #General Voice channel leave: Hatzker#7329 (id 96933118400802816)
2018-04-27 14:06:46 #General Voice channel join: Hatzker#7329 (id 96933118400802816)
2018-04-27 14:09:02 #General Voice channel join: RedShift#9726 (id 189693249475051520)
2018-04-27 14:12:40 #General Server self-mute: Hatzker#7329 (id 96933118400802816)
2018-04-27 14:13:12 #General Server self-unmute: Hatzker#7329 (id 96933118400802816)
2018-04-27 15:01:42 #General Server self-mute: Hatzker#7329 (id 96933118400802816)
2018-04-27 15:01:58 #General Server self-unmute: Hatzker#7329 (id 96933118400802816)
2018-04-27 15:03:56 #General Server self-mute: Hatzker#7329 (id 96933118400802816)
2018-04-27 15:05:18 #General Server self-unmute: Hatzker#7329 (id 96933118400802816)
2018-04-27 15:25:39 #General Server self-mute: Hatzker#7329 (id 96933118400802816)
2018-04-27 15:25:44 #General Server self-unmute: Hatzker#7329 (id 96933118400802816)
2018-04-27 15:30:04 #General Server self-mute: Hatzker#7329 (id 96933118400802816)
2018-04-27 15:30:16 #General Server self-unmute: Hatzker#7329 (id 96933118400802816)
2018-04-27 15:38:09 #General Server self-mute: Hatzker#7329 (id 96933118400802816)
2018-04-27 15:38:50 #General Server self-unmute: Hatzker#7329 (id 96933118400802816)
2018-04-27 15:41:10 #General Server self-mute: Hatzker#7329 (id 96933118400802816)
2018-04-27 15:41:35 #General Server self-unmute: Hatzker#7329 (id 96933118400802816)
2018-04-27 15:52:05 #General Server self-mute: Hatzker#7329 (id 96933118400802816)
2018-04-27 15:52:21 #General Server self-unmute: Hatzker#7329 (id 96933118400802816)
2018-04-27 15:54:18 #General Server self-mute: Hatzker#7329 (id 96933118400802816)
2018-04-27 16:01:43 #General Server self-unmute: Hatzker#7329 (id 96933118400802816)
2018-04-27 16:11:34 #General Server self-mute: RedShift#9726 (id 189693249475051520)
2018-04-27 16:12:03 #General Server self-mute: Hatzker#7329 (id 96933118400802816)
2018-04-27 16:12:15 #General Server self-unmute: RedShift#9726 (id 189693249475051520)
2018-04-27 16:15:54 #General Server self-unmute: Hatzker#7329 (id 96933118400802816)
2018-04-27 16:33:57 #General Server self-mute: RedShift#9726 (id 189693249475051520)
2018-04-27 16:34:15 #General Server self-unmute: RedShift#9726 (id 189693249475051520)
2018-04-27 16:37:38 #General Server self-mute: RedShift#9726 (id 189693249475051520)
2018-04-27 16:38:06 #General Server self-unmute: RedShift#9726 (id 189693249475051520)
2018-04-27 16:50:32 #General Server self-mute: Hatzker#7329 (id 96933118400802816)
2018-04-27 16:50:32 #General Server self-unmute: Hatzker#7329 (id 96933118400802816)
2018-04-27 16:50:32 #General Server self-mute: Hatzker#7329 (id 96933118400802816)
2018-04-27 16:50:44 #General Server self-unmute: Hatzker#7329 (id 96933118400802816)
2018-04-27 16:59:41 #General Server self-mute: Hatzker#7329 (id 96933118400802816)
2018-04-27 17:00:20 #General Server self-unmute: Hatzker#7329 (id 96933118400802816)
2018-04-27 17:03:21 #General Server self-mute: Hatzker#7329 (id 96933118400802816)
2018-04-27 17:03:26 #General Server self-unmute: Hatzker#7329 (id 96933118400802816)
2018-04-27 17:03:26 #General Server self-mute: Hatzker#7329 (id 96933118400802816)
2018-04-27 17:03:40 #General Server self-unmute: Hatzker#7329 (id 96933118400802816)
2018-04-27 17:04:04 #General Server self-mute: Hatzker#7329 (id 96933118400802816)
2018-04-27 17:04:05 #General Server self-unmute: Hatzker#7329 (id 96933118400802816)
2018-04-27 17:05:02 #General Server self-mute: Hatzker#7329 (id 96933118400802816)
2018-04-27 17:05:15 #General Server self-unmute: Hatzker#7329 (id 96933118400802816)
2018-04-27 17:08:54 #General Server self-mute: Hatzker#7329 (id 96933118400802816)
2018-04-27 17:09:37 #General Server self-mute: RedShift#9726 (id 189693249475051520)
2018-04-27 17:13:25 #General Server self-unmute: Hatzker#7329 (id 96933118400802816)
2018-04-27 17:16:28 #General Server self-mute: Hatzker#7329 (id 96933118400802816)
2018-04-27 17:16:31 #General Voice channel join: Virgo#1107 (id 409007090871304192)
2018-04-27 17:16:47 #General Voice channel leave: Virgo#1107 (id 409007090871304192)
2018-04-27 17:19:43 #General Server self-unmute: Hatzker#7329 (id 96933118400802816)
2018-04-27 17:23:10 #General Server self-mute: Hatzker#7329 (id 96933118400802816)
2018-04-27 17:23:13 #General Server self-mute: Hatzker#7329 (id 96933118400802816)
2018-04-27 17:23:13 #General Server self-unmute: Hatzker#7329 (id 96933118400802816)
2018-04-27 17:23:13 #General Server self-unmute: Hatzker#7329 (id 96933118400802816)
2018-04-27 17:23:13 #General Server self-unmute: Hatzker#7329 (id 96933118400802816)
2018-04-27 17:23:13 #General Server self-unmute: Hatzker#7329 (id 96933118400802816)
2018-04-27 17:23:13 #General Server self-mute: Hatzker#7329 (id 96933118400802816)
2018-04-27 17:23:13 #General Server self-unmute: Hatzker#7329 (id 96933118400802816)
2018-04-27 17:23:13 #General Server self-mute: Hatzker#7329 (id 96933118400802816)
2018-04-27 17:23:13 #General Server self-unmute: Hatzker#7329 (id 96933118400802816)
2018-04-27 17:23:14 #General Server self-mute: Hatzker#7329 (id 96933118400802816)
2018-04-27 17:23:14 #General Server self-unmute: Hatzker#7329 (id 96933118400802816)
2018-04-27 17:23:14 #General Server self-mute: Hatzker#7329 (id 96933118400802816)
2018-04-27 17:23:14 #General Server self-unmute: Hatzker#7329 (id 96933118400802816)
2018-04-27 17:23:17 #General Server self-mute: Hatzker#7329 (id 96933118400802816)
2018-04-27 17:24:12 #General Server self-unmute: RedShift#9726 (id 189693249475051520)
2018-04-27 17:24:34 #General Server self-unmute: Hatzker#7329 (id 96933118400802816)
2018-04-27 17:27:59 #General Voice channel join: okurrr#4580 (id 429993637573558294), flags: self_mute
2018-04-27 17:28:00 #General Server self-unmute: okurrr#4580 (id 429993637573558294)
2018-04-27 17:28:11 #General Server self-mute: okurrr#4580 (id 429993637573558294)
2018-04-27 17:30:19 #General Voice channel leave: okurrr#4580 (id 429993637573558294)
2018-04-27 17:31:39 #General Server self-mute: Hatzker#7329 (id 96933118400802816)
2018-04-27 17:32:29 #General Server self-unmute: Hatzker#7329 (id 96933118400802816)
2018-04-27 17:32:55 #General Voice channel join: okurrr#4580 (id 429993637573558294), flags: self_mute
2018-04-27 17:40:08 #General Server self-mute: Hatzker#7329 (id 96933118400802816)
2018-04-27 17:40:22 #General Server self-unmute: Hatzker#7329 (id 96933118400802816)
2018-04-27 17:42:00 #General Server self-mute: Hatzker#7329 (id 96933118400802816)
2018-04-27 17:42:21 #General Voice channel leave: okurrr#4580 (id 429993637573558294) moving to dauntless-beta
2018-04-27 17:42:25 #General Server self-unmute: Hatzker#7329 (id 96933118400802816)
2018-04-27 17:42:34 #General Voice channel join: I'm just a memer#1873 (id 366957783691689994)
2018-04-27 17:42:38 #General Voice channel join: okurrr#4580 (id 429993637573558294)
2018-04-27 17:42:38 #General Server self-mute: Hatzker#7329 (id 96933118400802816)
2018-04-27 17:42:43 #General Server self-unmute: Hatzker#7329 (id 96933118400802816)
2018-04-27 17:43:22 #General Server self-mute: Hatzker#7329 (id 96933118400802816)
2018-04-27 17:43:42 #General Server self-unmute: Hatzker#7329 (id 96933118400802816)
2018-04-27 17:44:04 #General Server self-mute: Hatzker#7329 (id 96933118400802816)
2018-04-27 17:44:04 #General Server self-unmute: Hatzker#7329 (id 96933118400802816)
2018-04-27 17:44:05 #General Server self-mute: Hatzker#7329 (id 96933118400802816)
2018-04-27 17:44:08 #General Server self-unmute: Hatzker#7329 (id 96933118400802816)
2018-04-27 17:44:42 #General Server self-mute: Hatzker#7329 (id 96933118400802816)
2018-04-27 17:45:42 #General Server self-unmute: Hatzker#7329 (id 96933118400802816)
2018-04-27 17:48:09 #General Server self-mute: Hatzker#7329 (id 96933118400802816)
2018-04-27 17:48:13 #General Server self-unmute: Hatzker#7329 (id 96933118400802816)
2018-04-27 17:48:24 #General Server self-mute: Hatzker#7329 (id 96933118400802816)
2018-04-27 17:48:32 #General Server self-unmute: Hatzker#7329 (id 96933118400802816)
2018-04-27 17:48:33 #General Server self-mute: Hatzker#7329 (id 96933118400802816)
2018-04-27 17:48:37 #General Server self-unmute: Hatzker#7329 (id 96933118400802816)
2018-04-27 17:48:37 #General Server self-mute: Hatzker#7329 (id 96933118400802816)
2018-04-27 17:48:45 #General Server self-unmute: Hatzker#7329 (id 96933118400802816)
2018-04-27 17:59:34 #General Server self-mute: Hatzker#7329 (id 96933118400802816)
2018-04-27 17:59:57 #General Server self-unmute: Hatzker#7329 (id 96933118400802816)
2018-04-27 18:05:18 #General Server self-mute: Hatzker#7329 (id 96933118400802816)
2018-04-27 18:05:29 #General Server self-unmute: Hatzker#7329 (id 96933118400802816)
2018-04-27 18:05:46 #General Server self-mute: Hatzker#7329 (id 96933118400802816)
2018-04-27 18:05:48 #General Server self-unmute: Hatzker#7329 (id 96933118400802816)
2018-04-27 18:05:51 #General Server self-mute: Hatzker#7329 (id 96933118400802816)
2018-04-27 18:05:54 #General Server self-unmute: Hatzker#7329 (id 96933118400802816)
2018-04-27 18:09:44 #General Server self-mute: Hatzker#7329 (id 96933118400802816)
2018-04-27 18:10:41 #General Server self-unmute: Hatzker#7329 (id 96933118400802816)
2018-04-27 18:12:04 #General Server self-mute: Hatzker#7329 (id 96933118400802816)
2018-04-27 18:12:04 #General Server self-unmute: Hatzker#7329 (id 96933118400802816)
2018-04-27 18:12:09 #General Server self-mute: Hatzker#7329 (id 96933118400802816)
2018-04-27 18:12:09 #General Server self-unmute: Hatzker#7329 (id 96933118400802816)
2018-04-27 18:12:12 #General Server self-mute: Hatzker#7329 (id 96933118400802816)
2018-04-27 18:12:20 #General Server self-unmute: Hatzker#7329 (id 96933118400802816)
2018-04-27 18:12:26 #General Server self-mute: Hatzker#7329 (id 96933118400802816)
2018-04-27 18:12:31 #General Server self-unmute: Hatzker#7329 (id 96933118400802816)
2018-04-27 18:19:56 #General Server self-mute: Hatzker#7329 (id 96933118400802816)
2018-04-27 18:19:56 #General Server self-unmute: Hatzker#7329 (id 96933118400802816)
2018-04-27 18:20:05 #General Server self-mute: Hatzker#7329 (id 96933118400802816)
2018-04-27 18:20:05 #General Server self-unmute: Hatzker#7329 (id 96933118400802816)
2018-04-27 18:20:46 #General Voice channel leave: okurrr#4580 (id 429993637573558294)
2018-04-27 18:24:12 #General Voice channel join: Buratz#5874 (id 268810400169066507)
2018-04-27 18:25:22 #General Server self-mute: Hatzker#7329 (id 96933118400802816)
2018-04-27 18:25:32 #General Server self-unmute: Hatzker#7329 (id 96933118400802816)
2018-04-27 18:32:10 #General Server mute: Buratz#5874 (id 268810400169066507)
2018-04-27 18:32:12 #General Server deafen: Buratz#5874 (id 268810400169066507)
2018-04-27 18:32:16 #General Server undeafen: Buratz#5874 (id 268810400169066507)
2018-04-27 18:32:19 #General Server unmute: Buratz#5874 (id 268810400169066507)
2018-04-27 18:32:19 #General Server mute: Buratz#5874 (id 268810400169066507)
2018-04-27 18:32:27 #General Server unmute: Buratz#5874 (id 268810400169066507)
2018-04-27 18:32:28 #General Server mute: Buratz#5874 (id 268810400169066507)
2018-04-27 18:32:31 #General Server unmute: Buratz#5874 (id 268810400169066507)
2018-04-27 18:32:53 #General Server self-mute: Hatzker#7329 (id 96933118400802816)
2018-04-27 18:33:22 #General Server self-unmute: Hatzker#7329 (id 96933118400802816)
2018-04-27 18:37:17 #General Server self-mute: Hatzker#7329 (id 96933118400802816)
2018-04-27 18:37:35 #General Server self-unmute: Hatzker#7329 (id 96933118400802816)
2018-04-27 18:38:02 #General Voice channel leave: RedShift#9726 (id 189693249475051520)
2018-04-27 18:38:10 #General Server mute: Buratz#5874 (id 268810400169066507)
2018-04-27 18:38:10 #General Server deafen: Buratz#5874 (id 268810400169066507)
2018-04-27 18:38:13 #General Server undeafen: Buratz#5874 (id 268810400169066507)
2018-04-27 18:38:18 #General Server deafen: Buratz#5874 (id 268810400169066507)
2018-04-27 18:38:28 #General Server undeafen: Buratz#5874 (id 268810400169066507)
2018-04-27 18:38:28 #General Server unmute: Buratz#5874 (id 268810400169066507)
2018-04-27 18:39:02 #General Server self-mute: Hatzker#7329 (id 96933118400802816)
2018-04-27 18:39:15 #General Server self-unmute: Hatzker#7329 (id 96933118400802816)
2018-04-27 18:39:20 #General Server self-mute: Hatzker#7329 (id 96933118400802816)
2018-04-27 18:39:24 #General Server self-unmute: Hatzker#7329 (id 96933118400802816)
2018-04-27 18:42:35 #General Server self-mute: Hatzker#7329 (id 96933118400802816)
2018-04-27 18:42:35 #General Server self-unmute: Hatzker#7329 (id 96933118400802816)
2018-04-27 18:45:42 #General Server self-mute: Hatzker#7329 (id 96933118400802816)
2018-04-27 18:45:42 #General Server self-unmute: Hatzker#7329 (id 96933118400802816)
2018-04-27 18:45:53 #General Server self-mute: Hatzker#7329 (id 96933118400802816)
2018-04-27 18:45:53 #General Server self-unmute: Hatzker#7329 (id 96933118400802816)
2018-04-27 18:47:41 #General Voice channel leave: I'm just a memer#1873 (id 366957783691689994)
2018-04-27 18:47:41 #General Voice channel leave: Hatzker#7329 (id 96933118400802816)
2018-04-27 18:48:09 #General Voice channel leave: Buratz#5874 (id 268810400169066507)
2018-04-28 08:36:04 #General Voice channel join: RedShift#9726 (id 189693249475051520)
2018-04-28 08:36:18 #General Voice channel leave: RedShift#9726 (id 189693249475051520)
