2018-04-23 01:59:41 #maze-bank @ARMYSONLANE#4299: .multicolor 4 FOUNDER
2018-04-23 02:00:09 #maze-bank @ARMYSONLANE#4299: .multicolor 2 ARMYSONLANE
2018-04-23 02:03:33 #maze-bank @ARMYSONLANE#4299: .multicolor 2 CIVILIAN
2018-04-23 05:41:25 #maze-bank @ARMYSONLANE#4299: /add-money Swarfer 55555
2018-04-23 05:42:01 #maze-bank @ARMYSONLANE#4299: *help*
2018-04-23 05:42:21 #maze-bank @ARMYSONLANE#4299: *me* drinks beer
2018-04-23 05:42:34 #maze-bank @ARMYSONLANE#4299: *help
2018-04-23 05:42:52 #maze-bank @Ghostplay R2#1298: Hey there, @ARMYSONLANE! I sent you the list of commands in a private message.\nCheck your direct messages
2018-04-23 05:44:08 #maze-bank @ARMYSONLANE#4299: *multicolor 2 CIVILIAN
2018-04-23 05:44:16 #maze-bank @Ghostplay R2#1298: 
2018-04-23 05:44:16 #maze-bank @Ghostplay R2#1298 edited message from 2018-04-23 05:44:16 () to read: 
2018-04-23 05:44:39 #maze-bank @ARMYSONLANE#4299: *multicolor 2 FOUNDER
2018-04-23 05:44:48 #maze-bank @Ghostplay R2#1298: 
2018-04-23 05:44:48 #maze-bank @Ghostplay R2#1298 edited message from 2018-04-23 05:44:48 () to read: 
2018-04-23 05:45:05 #maze-bank @ARMYSONLANE#4299: *multicolor 2 ARMYSONLANE
2018-04-23 05:45:14 #maze-bank @Ghostplay R2#1298: 
2018-04-23 05:45:14 #maze-bank @Ghostplay R2#1298 edited message from 2018-04-23 05:45:14 () to read: 
2018-04-23 05:45:43 #maze-bank @ARMYSONLANE#4299: *multicolor 2 Owner
2018-04-23 05:46:00 #maze-bank @Ghostplay R2#1298: 
2018-04-23 05:46:01 #maze-bank @Ghostplay R2#1298 edited message from 2018-04-23 05:46:00 () to read: 
2018-04-23 05:46:34 #maze-bank @ARMYSONLANE#4299: *multicolor 2 @​everyone
2018-04-23 05:47:47 #maze-bank @ARMYSONLANE#4299: *multicolor 2 founder
2018-04-23 05:47:54 #maze-bank @Bob Jenkins- thunder195#3313: Can we rp?
2018-04-23 05:48:17 #maze-bank @ARMYSONLANE#4299: Just us 2
2018-04-23 05:48:30 #maze-bank @Bob Jenkins- thunder195#3313: Oh
2018-04-23 05:49:07 #maze-bank @ARMYSONLANE#4299: *multicolor 1 founder
2018-04-23 05:49:30 #maze-bank @ARMYSONLANE#4299: What
2018-04-23 05:49:36 #maze-bank @ARMYSONLANE#4299: Thunder what
2018-04-23 05:49:53 #maze-bank @ARMYSONLANE#4299: *multicolor 10 founder
2018-04-23 05:50:19 #maze-bank @ARMYSONLANE#4299: *multicolor 100 founder
2018-04-23 05:50:39 #maze-bank @Bob Jenkins- thunder195#3313: ?
2018-04-23 05:51:25 #maze-bank @ARMYSONLANE#4299: *multicolor 100 Civilian
2018-04-23 05:52:18 #maze-bank @ARMYSONLANE#4299: *multicolor 2 Civilian
2018-04-23 05:52:57 #maze-bank @ARMYSONLANE#4299: Thunder a r e u still doing the history glitch
2018-04-23 05:53:00 #maze-bank @ARMYSONLANE#4299: Or no
2018-04-23 05:53:08 #maze-bank @ARMYSONLANE#4299: Or did they patch it
2018-04-23 05:53:11 #maze-bank @ARMYSONLANE#4299: G
2018-04-23 05:53:29 #maze-bank @Bob Jenkins- thunder195#3313: Hobos isnt online tn
2018-04-23 05:53:31 #maze-bank @Bob Jenkins- thunder195#3313: Rn*
2018-04-23 05:53:51 #maze-bank @ARMYSONLANE#4299: Ok message me on discord when he does plz
2018-04-23 05:54:09 #maze-bank @ARMYSONLANE#4299: And will he still be getting 70%
2018-04-23 05:54:45 #maze-bank @ARMYSONLANE#4299: C*multicolor 5 bots
2018-04-23 05:54:54 #maze-bank @ARMYSONLANE#4299: *multicolor 5 bots
2018-04-23 05:55:49 #maze-bank @ARMYSONLANE#4299: *multicolor 2 bots
2018-04-23 05:56:32 #maze-bank @Ghostplay R2#1298: `Error in command 'multicolor'.If you keep seeing this message please contact the owner of the bot.`
2018-04-23 05:56:57 #maze-bank @Bob Jenkins- thunder195#3313: Yes
2018-04-23 05:57:07 #maze-bank @ARMYSONLANE#4299: Is he on
2018-04-23 05:57:15 #maze-bank @Bob Jenkins- thunder195#3313: Not at the moment
2018-04-23 05:57:17 #maze-bank @ARMYSONLANE#4299: Can I get 70 %
2018-04-23 05:57:23 #maze-bank @ARMYSONLANE#4299: Or no
2018-04-23 05:57:28 #maze-bank @Bob Jenkins- thunder195#3313: Ask him
2018-04-23 05:57:33 #maze-bank @Ghostplay R2#1298: `Error in command 'multicolor'.If you keep seeing this message please contact the owner of the bot.`
2018-04-23 05:57:38 #maze-bank @ARMYSONLANE#4299: Ok
2018-04-23 05:57:44 #maze-bank @Ghostplay R2#1298 deleted message from 2018-04-23 05:57:33 (`Error in command 'multicolor'.If you keep seeing this message please contact the owner of the bot.`)
2018-04-23 06:03:08 #maze-bank @ARMYSONLANE#4299: *multicolor 5 ADMIN
2018-04-23 06:04:04 #maze-bank @ARMYSONLANE#4299: *multicolor 2 SAHP Officer
2018-04-23 06:06:20 #maze-bank @ARMYSONLANE#4299: *multicolor 2 YOUTUBER
2018-04-23 06:07:31 #maze-bank @ARMYSONLANE#4299 deleted message from 2018-04-23 06:04:04 (*multicolor 2 SAHP Officer)
2018-04-23 06:08:56 #maze-bank @ARMYSONLANE#4299: *multicolor 0 SAHP Officer
2018-04-23 06:10:24 #maze-bank @ARMYSONLANE#4299: *multicolor rainbow Civilian
2018-04-23 06:10:41 #maze-bank @Ghostplay R2#1298: ```\n*[multicolor|multicolour] <interval> <role>\n\nChanges the role color every x seconds\n\n```
2018-04-23 06:11:08 #maze-bank @ARMYSONLANE#4299: *multicolor o founder
2018-04-23 06:11:17 #maze-bank @Ghostplay R2#1298: ```\n*[multicolor|multicolour] <interval> <role>\n\nChanges the role color every x seconds\n\n```
2018-04-23 06:13:39 #maze-bank @Ghostplay R2#1298: `Error in command 'multicolor'.If you keep seeing this message please contact the owner of the bot.`
2018-04-23 06:13:47 #maze-bank @Ghostplay R2#1298: `Error in command 'multicolor'.If you keep seeing this message please contact the owner of the bot.`
2018-04-23 06:13:57 #maze-bank @Ghostplay R2#1298: `Error in command 'multicolor'.If you keep seeing this message please contact the owner of the bot.`
2018-04-23 06:14:23 #maze-bank @Ghostplay R2#1298: `Error in command 'multicolor'.If you keep seeing this message please contact the owner of the bot.`
2018-04-23 06:15:44 #maze-bank @Ghostplay R2#1298: `Error in command 'multicolor'.If you keep seeing this message please contact the owner of the bot.`
2018-04-23 06:15:53 #maze-bank @Ghostplay R2#1298: `Error in command 'multicolor'.If you keep seeing this message please contact the owner of the bot.`
2018-04-23 06:16:03 #maze-bank @Ghostplay R2#1298: `Error in command 'multicolor'.If you keep seeing this message please contact the owner of the bot.`
2018-04-23 06:16:12 #maze-bank @Ghostplay R2#1298: `Error in command 'multicolor'.If you keep seeing this message please contact the owner of the bot.`
2018-04-23 06:19:38 #maze-bank @Ghostplay R2#1298 deleted message from 2018-04-23 06:15:53 (`Error in command 'multicolor'.If you keep seeing this message please contact the owner of the bot.`)
2018-04-23 06:19:40 #maze-bank @Ghostplay R2#1298 deleted message from 2018-04-23 06:16:03 (`Error in command 'multicolor'.If you keep seeing this message please contact the owner of the bot.`)
2018-04-23 06:19:42 #maze-bank @Ghostplay R2#1298 deleted message from 2018-04-23 06:16:12 (`Error in command 'multicolor'.If you keep seeing this message please contact the owner of the bot.`)
2018-04-23 06:19:44 #maze-bank @Ghostplay R2#1298 deleted message from 2018-04-23 06:13:57 (`Error in command 'multicolor'.If you keep seeing this message please contact the owner of the bot.`)
2018-04-23 06:19:46 #maze-bank @Ghostplay R2#1298 deleted message from 2018-04-23 06:14:23 (`Error in command 'multicolor'.If you keep seeing this message please contact the owner of the bot.`)
2018-04-23 06:19:50 #maze-bank @Ghostplay R2#1298 deleted message from 2018-04-23 06:15:44 (`Error in command 'multicolor'.If you keep seeing this message please contact the owner of the bot.`)
2018-04-23 06:19:50 #maze-bank @Ghostplay R2#1298 deleted message from 2018-04-23 06:13:39 (`Error in command 'multicolor'.If you keep seeing this message please contact the owner of the bot.`)
2018-04-23 06:19:52 #maze-bank @Ghostplay R2#1298 deleted message from 2018-04-23 06:11:17 (```\n*[multicolor|multicolour] <interval> <role>\n\nChanges the role color every x seconds\n\n```)
2018-04-23 06:19:54 #maze-bank @Ghostplay R2#1298 deleted message from 2018-04-23 06:13:47 (`Error in command 'multicolor'.If you keep seeing this message please contact the owner of the bot.`)
2018-04-23 19:17:16 #maze-bank @ARMYSONLANE#4299: *multicolor 2 founder
2018-04-24 03:14:31 #maze-bank @ARMYSONLANE#4299: *multicolor 2 ADMIN
