2018-05-01 15:31:58 this bot joined the server
2018-05-01 15:31:58 Role created: 'Synapse' (id 440898182424297472)
2018-05-01 15:31:58 Member role add: 'Synapse' role was added to @Synapse#0692
2018-05-01 15:34:37 Member join: @Wings#6783 (id 401826937938640896)
2018-05-01 15:34:37 Member role add: 'Wings' role was added to @Wings#6783
2018-05-01 15:34:37 Role created: 'Wings' (id 440898824953659402)
2018-05-01 15:34:37 Member role add: 'Wings' role was added to @Wings#6783
2018-05-01 15:34:49 Member join: @Aki#9694 (id 356065937318871041)
2018-05-01 15:34:49 Member role add: 'Aki' role was added to @Aki#9694
2018-05-01 15:34:49 Role created: 'Aki' (id 440898896424730625)
2018-05-01 15:34:49 Member role add: 'Aki' role was added to @Aki#9694
2018-05-01 15:35:21 Member join: @YAGPDB.xyz#8760 (id 204255221017214977)
2018-05-01 15:35:21 Role created: 'YAGPDB.xyz' (id 440899036195717120)
2018-05-01 15:35:21 Member role add: 'YAGPDB.xyz' role was added to @YAGPDB.xyz#8760
2018-05-01 15:37:24 Member join: @Salt#3514 (id 244533925408538624)
2018-05-01 15:37:24 Member role add: 'Salt' role was added to @Salt#3514
2018-05-01 15:37:24 Role created: 'Salt' (id 440899550085906434)
2018-05-01 15:37:24 Member role add: 'Salt' role was added to @Salt#3514
2018-05-01 15:37:41 Member join: @Magic 8 Bot#3240 (id 357678717301948416)
2018-05-01 15:37:41 Member role add: 'Magic 8 Ball' role was added to @Magic 8 Bot#3240
2018-05-01 15:37:41 Role created: 'Magic 8 Ball' (id 440899622911868938)
2018-05-01 15:37:41 Member role add: 'Magic 8 Ball' role was added to @Magic 8 Bot#3240
2018-05-01 15:38:12 Member join: @MemeBot#7578 (id 283330908524642304)
2018-05-01 15:38:12 Member role add: 'MemeBot' role was added to @MemeBot#7578
2018-05-01 15:38:12 Role created: 'MemeBot' (id 440899751744110592)
2018-05-01 15:38:12 Member role add: 'MemeBot' role was added to @MemeBot#7578
2018-05-01 15:38:29 Member leave: @Aynie#2772 (id 397447415151722527)
2018-05-01 15:51:51 Member join: @PvPCraft#0625 (id 103607047383166976)
2018-05-01 15:51:51 Role created: 'PvPCraft' (id 440903188208418817)
2018-05-01 15:51:51 Member role add: 'PvPCraft' role was added to @PvPCraft#0625
2018-05-01 15:52:38 Member join: @SupremeAlerts#4391 (id 313194114898460674)
2018-05-01 15:52:38 Role created: 'SupremeAlerts' (id 440903376776069130)
2018-05-01 15:52:38 Member role add: 'SupremeAlerts' role was added to @SupremeAlerts#4391
2018-05-01 15:53:02 Role position: 'PvPCraft' changed from 2 to 1
2018-05-01 15:54:17 Member join: @EnderBot#3161 (id 280726849842053120)
2018-05-01 15:54:17 Member role add: 'EnderBot' role was added to @EnderBot#3161
2018-05-01 15:54:17 Member role add: 'EnderBot' role was added to @EnderBot#3161
2018-05-01 15:54:17 Role created: 'EnderBot' (id 440903792301572106)
2018-05-01 15:54:17 Member role add: 'EnderBot' role was added to @EnderBot#3161
2018-05-01 15:55:54 Role deleted: 'SupremeAlerts' (id 440903376776069130)
2018-05-01 15:55:54 Member leave: @SupremeAlerts#4391 (id 313194114898460674)
2018-05-01 15:56:16 Member role add: 'BOTS-MERCE DOGE' role was added to @Aki#9694
2018-05-01 15:56:35 Member role add: 'BOTS-MERCE DOGE' role was added to @YAGPDB.xyz#8760
2018-05-01 15:56:39 Member role add: 'BOTS-MERCE DOGE' role was added to @Wings#6783
2018-05-01 15:56:40 Member role add: 'BOTS-MERCE DOGE' role was added to @Uzume#0851
2018-05-01 15:56:48 Member role add: 'BOTS-MERCE DOGE' role was added to @Synapse#0692
2018-05-01 15:56:48 Member role add: 'BOTS-MERCE DOGE' role was added to @Salt#3514
2018-05-01 15:56:51 Member role add: 'BOTS-MERCE DOGE' role was added to @RPBot#4161
2018-05-01 15:56:52 Member role add: 'BOTS-MERCE DOGE' role was added to @qtChan#8226
2018-05-01 15:56:56 Member role add: 'BOTS-MERCE DOGE' role was added to @PvPCraft#0625
2018-05-01 15:56:58 Member role add: 'BOTS-MERCE DOGE' role was added to @Poni#3202
2018-05-01 15:57:00 Member role add: 'BOTS-MERCE DOGE' role was added to @PassiveBOT#2492
2018-05-01 15:57:02 Member role add: 'BOTS-MERCE DOGE' role was added to @Novus FM#0008
2018-05-01 15:57:04 Member role add: 'BOTS-MERCE DOGE' role was added to @NotSoBot#9555
2018-05-01 15:57:07 Member role add: 'BOTS-MERCE DOGE' role was added to @MemeBot#7578
2018-05-01 15:57:10 Member role add: 'BOTS-MERCE DOGE' role was added to @Magic 8 Bot#3240
2018-05-01 15:57:14 Member role add: 'BOTS-MERCE DOGE' role was added to @Koya#1050
2018-05-01 15:57:18 Member role add: 'BOTS-MERCE DOGE' role was added to @ELO#1486
2018-05-01 15:57:21 Member role add: 'BOTS-MERCE DOGE' role was added to @EnderBot#3161
2018-05-01 15:57:34 Member role add: 'BOTS-MERCE DOGE' role was added to @amybot#2576
2018-05-01 16:12:56 Member join: @PokeBot#9817 (id 424911754242555904)
2018-05-01 16:12:56 Member role add: 'PokeBot' role was added to @PokeBot#9817
2018-05-01 16:12:56 Role created: 'PokeBot' (id 440908494942765056)
2018-05-01 16:12:56 Member role add: 'PokeBot' role was added to @PokeBot#9817
2018-05-01 16:13:39 Member join: @PokeBot#7717 (id 417096530596724737)
2018-05-01 16:13:39 Member role add: 'PokeBot' role was added to @PokeBot#7717
2018-05-01 16:13:39 Role created: 'PokeBot' (id 440908666657439744)
2018-05-01 16:13:39 Member role add: 'PokeBot' role was added to @PokeBot#7717
2018-05-01 16:14:03 Member join: @BoobBot™#5382 (id 285480424904327179)
2018-05-01 16:14:14 Member join: @JukeBot#5926 (id 249303797371895820)
2018-05-01 16:14:14 Role created: 'JukeBot' (id 440908821280325632)
2018-05-01 16:14:14 Member role add: 'JukeBot' role was added to @JukeBot#5926
2018-05-01 16:14:35 Member join: @MatBot#9456 (id 265161580201771010)
2018-05-01 16:14:35 Role created: 'MatBot' (id 440908901068701696)
2018-05-01 16:14:35 Member role add: 'MatBot' role was added to @MatBot#9456
2018-05-01 16:14:35 Member role add: 'MatBot' role was added to @MatBot#9456
2018-05-01 16:17:21 Member join: @Fortnite Bot#4244 (id 372957548451725322)
2018-05-01 16:17:21 Role created: 'Fortnite Bot' (id 440909604910792715)
2018-05-01 16:17:21 Member role add: 'Fortnite Bot' role was added to @Fortnite Bot#4244
2018-05-01 16:17:46 Member join: @Minecraft#3041 (id 346346285953056770)
2018-05-01 16:18:10 Member join: @Minecraft-Factions-Bot#7509 (id 355428252388425739)
2018-05-01 16:18:10 Member role add: 'Minecraft-Factions-Bot' role was added to @Minecraft-Factions-Bot#7509
2018-05-01 16:18:10 Role created: 'Minecraft-Factions-Bot' (id 440909811698106370)
2018-05-01 16:18:10 Member role add: 'Minecraft-Factions-Bot' role was added to @Minecraft-Factions-Bot#7509
2018-05-01 16:18:11 Channel created: wall-checks
2018-05-01 16:18:11 Role created: 'Wall Checkers' (id 440909814026207252)
2018-05-01 16:18:40 Member join: @MineBot#2013 (id 381106675437797387)
2018-05-01 16:18:40 Member role add: 'MineBot' role was added to @MineBot#2013
2018-05-01 16:18:40 Role created: 'MineBot' (id 440909932666028052)
2018-05-01 16:18:40 Member role add: 'MineBot' role was added to @MineBot#2013
2018-05-01 16:23:54 Member join: @Sellad#6170 (id 428850703075901440)
2018-05-01 16:23:54 Member role add: 'Sellad' role was added to @Sellad#6170
2018-05-01 16:23:54 Role created: 'Sellad' (id 440911251594543124)
2018-05-01 16:23:54 Member role add: 'Sellad' role was added to @Sellad#6170
2018-05-01 16:24:16 Member join: @himebot#3590 (id 232916519594491906)
2018-05-01 16:24:16 Member role add: 'himebot' role was added to @himebot#3590
2018-05-01 16:24:16 Role created: 'himebot' (id 440911344028483605)
2018-05-01 16:24:16 Member role add: 'himebot' role was added to @himebot#3590
2018-05-01 16:24:35 Member join: @UnbelievaBoat#1046 (id 292953664492929025)
2018-05-01 16:24:35 Role created: 'UnbelievaBoat' (id 440911426039578625)
2018-05-01 16:24:35 Member role add: 'UnbelievaBoat' role was added to @UnbelievaBoat#1046
2018-05-01 16:25:04 Member join: @>error2507_#6116 (id 403269713368711190)
2018-05-01 16:25:55 Member join: @Hypixel Bot#2673 (id 333422871567400961)
2018-05-01 16:25:55 Role created: 'Hypixel Bot' (id 440911761172987904)
2018-05-01 16:25:55 Member role add: 'Hypixel Bot' role was added to @Hypixel Bot#2673
2018-05-01 16:25:55 Role deleted: 'Hypixel Bot' (id 440911761172987904)
2018-05-01 16:25:55 Member leave: @Hypixel Bot#2673 (id 333422871567400961)
2018-05-01 16:27:08 Member role add: 'BOTS-MERCE DOGE' role was added to @Fortnite Bot#4244
2018-05-01 16:27:15 Member role add: 'BOTS-MERCE DOGE' role was added to @himebot#3590
2018-05-01 16:27:23 Member role add: 'BOTS-MERCE DOGE' role was added to @JukeBot#5926
2018-05-01 16:27:28 Member role add: 'BOTS-MERCE DOGE' role was added to @MineBot#2013
2018-05-01 16:27:30 Member role add: 'BOTS-MERCE DOGE' role was added to @MatBot#9456
2018-05-01 16:27:31 Member role add: 'BOTS-MERCE DOGE' role was added to @Minecraft-Factions-Bot#7509
2018-05-01 16:27:35 Member role add: 'BOTS-MERCE DOGE' role was added to @PokeBot#9817
2018-05-01 16:27:37 Member role add: 'BOTS-MERCE DOGE' role was added to @PokeBot#7717
2018-05-01 16:27:42 Member role add: 'BOTS-MERCE DOGE' role was added to @Sellad#6170
2018-05-01 16:27:49 Member role add: 'BOTS-MERCE DOGE' role was added to @UnbelievaBoat#1046
2018-05-01 16:27:59 Member leave: @>error2507_#6116 (id 403269713368711190)
2018-05-01 16:53:08 Channel deleted: wall-checks
2018-05-01 16:53:24 Channel rename: alt renamed to alt-drop
2018-05-01 16:53:33 Channel created: getalt
2018-05-01 16:54:12 Channel overwrites: getalt (440918715752513536): role @everyone (415694277914656768) added with values 207872, 805621841
2018-05-01 16:54:39 Channel overwrites: bot-logs (440538394435780618): role @everyone (415694277914656768) added with values 197632, 805632081
2018-05-01 16:55:26 Channel position: fps-client moved from 7 to 6
2018-05-01 16:55:26 Channel position: hacked-client moved from 8 to 7
2018-05-01 16:55:26 Channel position: autism moved from 9 to 8
2018-05-01 16:55:26 Channel position: oof-chat moved from 10 to 9
2018-05-01 16:55:26 Channel position: alt-drop-link moved from 11 to 10
2018-05-01 16:55:26 Channel position: bot-command moved from 12 to 11
2018-05-01 16:55:26 Channel position: giveaways moved from 13 to 12
2018-05-01 16:55:26 Channel position: music-command moved from 14 to 13
2018-05-01 16:55:26 Channel position: bot-logs moved from 15 to 14
2018-05-01 16:55:26 Channel position: getalt moved from 16 to 15
2018-05-01 16:55:26 Channel position: nsfw moved from 6 to 16
2018-05-01 16:55:45 Channel overwrites: oof-chat (440508386790866954): role @everyone (415694277914656768) updated to values 461888, 805367825 (was 459840, 805369873)
2018-05-01 16:58:57 Member leave: @RPBot#4161 (id 204777316621090816)
2018-05-01 17:03:12 Channel created: wall-checks
2018-05-01 17:32:43 Member join: @DarkSmilee#2716 (id 312949915250589697)
2018-05-01 17:38:29 Member join: @-_-Strongas-_-#7867 (id 371558255048261634)
2018-05-01 17:39:42 Member role add: 'BOTS-MERCE DOGE' role was added to @BoobBot™#5382
2018-05-01 17:39:49 Member role add: 'BOTS-MERCE DOGE' role was added to @Minecraft#3041
2018-05-01 17:41:28 Member join: @itzGamer_#0868 (id 193841229023281152)
2018-05-01 17:43:16 Member join: @Trekkly#1400 (id 440930451327156244)
2018-05-01 17:43:57 Channel created: alt-report
2018-05-01 17:46:51 Member join: @FleksSayXa#3272 (id 436962718134829057)
2018-05-01 17:47:58 Channel rename: wall-checks renamed to advertising
2018-05-01 17:47:58 Channel topic: wall-checks topic was set to ""
2018-05-01 17:48:24 Channel overwrites: advertising (440921136998645770): role @everyone (415694277914656768) added with values 214016, 805615697
2018-05-01 17:49:17 Channel topic: advertising topic was set to "This channel is for helping me advertising.(the link is given)"
2018-05-01 17:50:33 Channel topic: bot-logs topic was set to "Nothing.(Just for something newest from bot)"
2018-05-01 17:50:35 Channel overwrites: bot-logs (440538394435780618): role @everyone (415694277914656768) updated to values 132096, 805697617 (was 197632, 805632081)
2018-05-01 17:50:48 Member leave: @FleksSayXa#3272 (id 436962718134829057)
2018-05-01 17:51:45 Channel topic: getalt topic was set to "Type !getalt, then go the DM's see, MEE6 Bot will send the alt to you!"
2018-05-01 17:52:57 Channel topic: alt-report topic was set to "For the alt that can't use, just report(type) at here (the format of alt =email:pw)."
2018-05-01 18:07:32 Role deleted: 'Minecraft-Factions-Bot' (id 440909811698106370)
2018-05-01 18:07:32 Member leave: @Minecraft-Factions-Bot#7509 (id 355428252388425739)
2018-05-01 18:07:46 this bot left the server
