2018-04-23 14:43:28 #witamy @Jisatsu#9938: 
2018-04-23 14:44:20 #witamy @MEE6#4876: 
2018-04-23 14:50:33 #witamy @Nalla#5631: 
2018-04-23 14:53:35 #witamy @Jeż#5290: 
2018-04-23 17:00:20 #witamy @Mazzai#8320: 
2018-04-23 17:18:21 #witamy @Sithus#6131: 
2018-04-23 17:40:51 #witamy @Akanette#8300: 
2018-04-23 18:23:55 #witamy @Seulgi#5102: 
2018-04-23 18:39:23 #witamy @Gravebot#8176: 
2018-04-23 18:56:12 #witamy @Haba#3785: 
2018-04-23 19:10:12 #witamy @Yuuha　異ッつ#5730: 
2018-04-24 16:32:47 #witamy @Amii#8528: 
2018-04-24 16:34:26 #witamy @MarudnaKoza#8899: 
2018-04-24 16:53:07 #witamy @Vasabi#2214: 
2018-04-24 16:57:29 #witamy @matriks500#2049: 
2018-04-24 17:18:08 #witamy @Mirai#9593: 
2018-04-24 17:59:51 #witamy @Ja3#5401: 
2018-04-24 19:02:29 #witamy @maqes#9000: 
2018-04-24 19:55:00 #witamy @Hinata#8320: 
2018-04-24 20:16:03 #witamy @Vinniejestsłodka#8467: 
2018-04-24 20:40:52 #witamy @Ere#8511: 
2018-04-25 13:09:30 #witamy @Sincerely#5069: 
2018-04-25 15:55:27 #witamy @Nokimo#8752: 
2018-04-26 17:57:06 #witamy @Muffinkowa#7275: 
2018-04-27 11:08:27 #witamy @fifi💕#1800: 
2018-04-27 11:08:47 #witamy @Tinuś xx#7851: 
2018-04-27 11:17:36 #witamy @S-Sin#3742: 
2018-04-27 12:01:00 #witamy @SZPANERKA#5556: 
2018-04-27 12:07:57 #witamy @Yatochi#8766: 
2018-04-30 20:35:44 #witamy @julcia xx#0989: 
2018-05-01 11:06:50 #witamy @Hossaki#4437: 
