2018-04-23 15:00:04 #breeding @Jeż#5290:  (attachment url(s): https://cdn.discordapp.com/attachments/437989274957250570/437991053228769290/Screenshot_2018-04-23-16-45-33-346_com.google.android.youtube.png,https://cdn.discordapp.com/attachments/437989274957250570/437991053707182080/Screenshot_2018-04-23-16-45-47-448_com.google.android.youtube.png)
2018-04-23 15:00:11 #breeding @Yeou#9841: za ile wystawiasz
2018-04-23 15:00:42 #breeding @Jeż#5290: 10k
2018-04-23 15:00:49 #breeding @Yeou#9841: tak tanio?
2018-04-23 15:00:51 #breeding @Yeou#9841: biore
2018-04-23 15:01:14 #breeding @Jeż#5290: Będzie branie
2018-04-23 15:01:45 #breeding @Nalla#5631: jak w biedrze
2018-04-23 15:01:50 #breeding @Nalla#5631: promocje
2018-04-24 22:25:22 #breeding @Ere#8511: <:GWseremePeepoLife:402867847950237698> https://media.discordapp.net/attachments/363767111752876036/438363535161032705/unknown.png
2018-04-24 22:25:22 #breeding @Ere#8511 edited message from 2018-04-24 22:25:22 (<:GWseremePeepoLife:402867847950237698> https://media.discordapp.net/attachments/363767111752876036/438363535161032705/unknown.png) to read: <:GWseremePeepoLife:402867847950237698> https://media.discordapp.net/attachments/363767111752876036/438363535161032705/unknown.png
2018-04-25 13:25:16 #breeding @Aya | Suga#8523: nie stać mnie :<
2018-04-25 14:37:19 #breeding @Ere#8511: ale to tanie <:GWseremePeepoLife:402867847950237698>
2018-04-25 17:07:46 #breeding @Nalla#5631:  (attachment url(s): https://cdn.discordapp.com/attachments/437989274957250570/438747962537934850/o_maj_goud.JPG)
2018-04-25 17:07:50 #breeding @Nalla#5631: coza piękność
2018-04-25 17:08:17 #breeding @Nalla#5631: koń marzeń normalnie
2018-04-25 17:08:38 #breeding @Oreo#8467: Wytrenujesz go specjalnie dla mnie :))))
2018-04-25 17:09:03 #breeding @Nalla#5631: **wywala go**
2018-04-25 17:09:35 #breeding @Oreo#8467: TY ZŁY CZŁEKU
2018-04-25 17:09:58 #breeding @Nalla#5631:  (attachment url(s): https://cdn.discordapp.com/attachments/437989274957250570/438748520087027722/amamaj.JPG)
2018-04-25 17:10:05 #breeding @Oreo#8467: XD
2018-04-25 17:10:21 #breeding @Nalla#5631: mam złe skojarzenia z tą nazwą ;-;
2018-04-25 20:20:09 #breeding @Sincerely#5069:  (attachment url(s): https://cdn.discordapp.com/attachments/437989274957250570/438796382157930532/31.png)
2018-04-25 20:20:15 #breeding @Sincerely#5069:  (attachment url(s): https://cdn.discordapp.com/attachments/437989274957250570/438796407072227329/1212.png)
2018-04-26 05:02:58 #breeding @Yeou#9841: Daj mi hajs
2018-04-26 10:15:15 #breeding @Aya | Suga#8523: @Ere zarobi coś za 10 k? (attachment url(s): https://cdn.discordapp.com/attachments/437989274957250570/439006537734815755/Alicia_2018-04-26_12-14-30.jpg)
2018-04-26 10:15:18 #breeding @Aya | Suga#8523: wbije mu 8
2018-04-26 10:15:41 #breeding @Ere#8511: ja bym mu dobiła do 90control
2018-04-26 10:15:49 #breeding @Ere#8511: i dopiero
2018-04-26 10:15:57 #breeding @Ere#8511: albo i więcej nawet
2018-04-26 10:16:11 #breeding @Aya | Suga#8523: okke
2018-04-26 10:16:17 #breeding @Aya | Suga#8523: da sie zrobić xd
2018-04-26 11:35:41 #breeding @Aya | Suga#8523: 10 k~~ (attachment url(s): https://cdn.discordapp.com/attachments/437989274957250570/439026779873869825/Alicia_2018-04-26_13-32-50.jpg)
2018-04-26 12:59:29 #breeding @Littleshrew#0996:  (attachment url(s): https://cdn.discordapp.com/attachments/437989274957250570/439047871388581889/image.jpg)
2018-04-26 12:59:42 #breeding @Littleshrew#0996:  (attachment url(s): https://cdn.discordapp.com/attachments/437989274957250570/439047926761652224/image.jpg)
2018-04-26 12:59:50 #breeding @Littleshrew#0996: 40k xd
2018-04-26 12:59:55 #breeding @Littleshrew#0996: Nadzieja matka głupich
2018-04-26 13:00:01 #breeding @Littleshrew#0996: Weźmie ktoś? XD
2018-04-26 13:00:04 #breeding @Littleshrew#0996: Potem stanieje
2018-04-26 13:01:29 #breeding @Aya | Suga#8523: nie mam chajsu
2018-04-26 13:01:34 #breeding @Littleshrew#0996: Xd
2018-04-26 13:01:50 #breeding @Littleshrew#0996: Bieda w kraju
2018-04-26 13:11:07 #breeding @Aya | Suga#8523: JAKK (attachment url(s): https://cdn.discordapp.com/attachments/437989274957250570/439050798501068829/Alicia_2018-04-26_15-10-52.jpg)
2018-04-26 13:11:08 #breeding @Aya | Suga#8523: DUSZE SIE
2018-04-26 13:11:12 #breeding @Aya | Suga#8523: TLENU KURWA
2018-04-26 13:11:18 #breeding @Aya | Suga#8523: @Ere
2018-04-26 13:11:24 #breeding @Aya | Suga#8523: @🐍
2018-04-26 13:11:27 #breeding @Aya | Suga#8523: @! Yoshiko
2018-04-26 13:11:30 #breeding @Aya | Suga#8523: POMOCY
2018-04-26 13:11:31 #breeding @Aya | Suga#8523: XD
2018-04-26 13:12:35 #breeding @Yeou#9841: kickłaś mnie
2018-04-26 13:12:51 #breeding @Aya | Suga#8523: bo chce cie ładniejszą
2018-04-26 13:13:00 #breeding @Aya | Suga#8523: słabe staty miałaś
2018-04-26 13:14:06 #breeding @Ere#8511: 👏🏻
2018-04-26 13:14:36 #breeding @Zero Two#1866: @Suga
2018-04-26 13:14:39 #breeding @Aya | Suga#8523: coo
2018-04-26 13:14:44 #breeding @Aya | Suga#8523: ja tu płacze
2018-04-26 13:14:59 #breeding @Zero Two#1866: Czm
2018-04-26 13:15:07 #breeding @Aya | Suga#8523: karus
2018-04-26 13:15:14 #breeding @Zero Two#1866: O
2018-04-26 13:15:24 #breeding @Zero Two#1866: Odpłacisz mi długi
2018-04-26 13:15:42 #breeding @Aya | Suga#8523: tak tak
2018-04-26 13:15:45 #breeding @Zero Two#1866: Ide grać z tb
2018-04-26 13:15:51 #breeding @Aya | Suga#8523: to raczej ty mi odpłacałaś ostatnio xd
2018-04-26 13:15:59 #breeding @Zero Two#1866: Cho grać
2018-04-26 13:28:51 #breeding @Yeou#9841: cg
2018-04-26 13:30:39 #breeding @Littleshrew#0996: XD
2018-04-26 14:17:11 #breeding @Littleshrew#0996: Czemu nikt nie bierze mojego konia???
2018-04-26 14:17:12 #breeding @Tatsumaki#8792: 🆙  |  **Littleshrew leveled up!** (attachment url(s): https://cdn.discordapp.com/attachments/437989274957250570/439067429025480706/levelup.png)
2018-04-26 14:17:15 #breeding @Littleshrew#0996: Xd
2018-04-26 14:17:16 #breeding @Littleshrew#0996: O
2018-04-26 14:17:18 #breeding @Aya | Suga#8523: idk xd
2018-04-26 14:17:43 #breeding @Littleshrew#0996: Tydzień temu takiego samego brali jak świeże bułeczki
2018-04-26 14:17:57 #breeding @Littleshrew#0996: A teraz nawet 2 razy nikt nie breednie :/
2018-04-26 14:18:07 #breeding @Yeou#9841: ile ty masz koni boże
2018-04-26 14:18:18 #breeding @Yeou#9841: ja na 6 slot nie potrafie zebrać
2018-04-26 14:18:19 #breeding @Littleshrew#0996: ? 😁
2018-04-26 14:18:19 #breeding @Yeou#9841: :<
2018-04-26 14:18:36 #breeding @Littleshrew#0996: Ja od początku zbieram tylko na sloty bo żal mi ładne wywalać :c
2018-04-26 14:19:35 #breeding @Littleshrew#0996: Ale ostatnio tez pecha mam bo wygrywam tylko raz dziennie karnawał i to koniem którego trenuje do breedu czyli tylko 100 klejnotów ;/
2018-04-26 14:20:34 #breeding @Sincerely#5069: Ja próbuję karego z czarnym irokezem zdobyć
2018-04-26 14:20:41 #breeding @Sincerely#5069: +9
2018-04-26 14:21:10 #breeding @Littleshrew#0996: To ja w sumie mam już wszystkie marzenia
2018-04-26 14:21:25 #breeding @Littleshrew#0996: Może jedynie ten kary Sabino mógłby mieć prosta grzywę :/
2018-04-26 14:21:53 #breeding @Littleshrew#0996: Bez obrazy dla tych co lubią falowana ale mi się kojarzy z włosami intymnymi xD
2018-04-26 14:22:36 #breeding @Sincerely#5069: Jezu XD
2018-04-26 14:22:47 #breeding @Sincerely#5069: Ja mam same irokezy
2018-04-26 14:23:00 #breeding @Littleshrew#0996: D
2018-04-26 14:23:02 #breeding @Littleshrew#0996: XD
2018-04-26 14:23:20 #breeding @Sincerely#5069: Wszystkie +9, ale teraz chcę kaczkę z irokezem
2018-04-26 14:23:30 #breeding @Yeou#9841: śin kiedy przyjdą moje pieniądze za las?
2018-04-26 14:23:37 #breeding @Sincerely#5069: Eee
2018-04-26 14:23:39 #breeding @Littleshrew#0996: Ja miałam siwka tylko z irokezem ale jakiś ułomny był bo wyglądał jakby miał zeza
2018-04-26 14:23:44 #breeding @Littleshrew#0996: XD
2018-04-26 14:24:03 #breeding @Sincerely#5069: Idk
2018-04-26 14:24:06 #breeding @Sincerely#5069: @🐍
2018-04-26 14:24:10 #breeding @Littleshrew#0996: Karusy i inne konie ciemne głównie wyglądają z irokezem ładnie
2018-04-26 14:24:28 #breeding @Littleshrew#0996: Ale za mało miejsc jest na konie 😦 czekam na więcej slotów
2018-04-26 14:27:31 #breeding @Sincerely#5069: Mam karego sabino, siwego,  osiołka, bursztynka z białą, jabłko, kaczkę i krowę
2018-04-26 14:27:38 #breeding @Sincerely#5069: Wszystkie irokezy
2018-04-26 14:27:44 #breeding @Sincerely#5069: <:GWfroggySocksPoint:400751090200608778>
2018-04-26 14:28:11 #breeding @Littleshrew#0996: Jak wyglada kaczka? XD
2018-04-26 14:28:43 #breeding @Sincerely#5069: Ta pomarańczowa
2018-04-26 14:29:23 #breeding @Littleshrew#0996: Z białymi nogami?
2018-04-26 14:31:40 #breeding @Sincerely#5069: Nienie
2018-04-26 14:31:54 #breeding @Sincerely#5069: Ta 2 **
2018-04-26 14:32:06 #breeding @Sincerely#5069: Maść
2018-04-26 14:32:11 #breeding @!~>Kachiyo<~!#6544: A mi jakieś gunfo wychodzi
2018-04-26 14:37:38 #breeding @Littleshrew#0996: Aaa ta izabelowata
2018-04-26 14:38:11 #breeding @Littleshrew#0996: Ja od wczoraj nie breeduje bo miejsca nie mam :/ chce wywalić tego siwka ale najpierw niej zarobi
2018-04-26 14:59:02 #breeding @Aya | Suga#8523: 40 k (attachment url(s): https://cdn.discordapp.com/attachments/437989274957250570/439077955944054784/Alicia_2018-04-26_16-53-35.jpg)
2018-04-26 15:17:37 #breeding @Littleshrew#0996:  (attachment url(s): https://cdn.discordapp.com/attachments/437989274957250570/439082630391267349/image.jpg)
2018-04-26 15:17:47 #breeding @Littleshrew#0996: Ma potencjal
2018-04-26 15:18:16 #breeding @Littleshrew#0996:  (attachment url(s): https://cdn.discordapp.com/attachments/437989274957250570/439082796879970344/image.jpg)
2018-04-26 15:18:34 #breeding @Littleshrew#0996: Jakby co, uwielbiam zdjęcia mikrofala 😁
2018-04-26 15:21:06 #breeding @Littleshrew#0996: I teraz znowu muszę zbierać na slot :/ bo go nie wywalę
2018-04-26 15:23:14 #breeding @Tęczowe Oreo#8467: Oddaj
2018-04-26 15:27:36 #breeding @Littleshrew#0996: :c
2018-04-26 15:27:58 #breeding @Littleshrew#0996: Kocham go
2018-04-26 15:27:59 #breeding @Littleshrew#0996: Juz
2018-04-26 15:28:09 #breeding @Littleshrew#0996: Za ten wygląd plus potencjał xD
2018-04-26 15:28:19 #breeding @Littleshrew#0996: Pierwszy raz taki mix
2018-04-26 16:34:56 #breeding @Tęczowe Oreo#8467:  (attachment url(s): https://cdn.discordapp.com/attachments/437989274957250570/439102088543207426/Alicia_2018-04-26_18-34-24.jpg)
2018-04-26 16:35:01 #breeding @Tęczowe Oreo#8467:  (attachment url(s): https://cdn.discordapp.com/attachments/437989274957250570/439102109842145291/Alicia_2018-04-26_18-34-27.jpg)
2018-04-26 16:37:02 #breeding @Aya | Suga#8523: ile serc mają?
2018-04-26 16:46:57 #breeding @Aya | Suga#8523: CEBULLLAA (attachment url(s): https://cdn.discordapp.com/attachments/437989274957250570/439105113328582656/Alicia_2018-04-26_18-46-40.jpg)
2018-04-26 16:50:03 #breeding @Vasabi#2214:  (attachment url(s): https://cdn.discordapp.com/attachments/437989274957250570/439105892701700100/20180426_184920.jpg)
2018-04-26 16:50:09 #breeding @Vasabi#2214: Sory za mikrofale nie chce mi sie logowac na kompie
2018-04-26 16:50:15 #breeding @Vasabi#2214: 18k
2018-04-26 16:50:43 #breeding @Arihyung#0898: Szkoda ze szara grzywa;(
2018-04-26 16:51:17 #breeding @Arihyung#0898: Czarnej pragne!!
2018-04-26 16:51:27 #breeding @Vasabi#2214: Ale to działa tak że szara+biała= czarna itp
2018-04-26 16:51:33 #breeding @Vasabi#2214: W większości
2018-04-26 16:51:48 #breeding @Vasabi#2214: ALE I TAK MOŻECIE SIE ZLITOWAĆ I PORATOWAĆ KAROTKAMI XD
2018-04-26 16:52:12 #breeding @Arihyung#0898: U mnie narazie i tak bida rip
2018-04-26 16:52:29 #breeding @Yeou#9841: ^
2018-04-26 17:02:28 #breeding @Aya | Suga#8523:  (attachment url(s): https://cdn.discordapp.com/attachments/437989274957250570/439109018074480660/unknown.png)
2018-04-26 17:02:34 #breeding @Aya | Suga#8523: moje nowe cebulaki
2018-04-26 17:09:52 #breeding @Tęczowe Oreo#8467: Mój ma 2 serca
2018-04-26 17:09:55 #breeding @Tęczowe Oreo#8467: chce ktoś za 10k xD
2018-04-26 17:10:01 #breeding @Yeou#9841: Cg
2018-04-26 17:28:19 #breeding @Littleshrew#0996:  (attachment url(s): https://cdn.discordapp.com/attachments/437989274957250570/439115525335810048/image.jpg)
2018-04-26 17:28:38 #breeding @Littleshrew#0996:  (attachment url(s): https://cdn.discordapp.com/attachments/437989274957250570/439115603140149258/image.jpg)
2018-04-26 17:28:42 #breeding @Littleshrew#0996: 92 kontroli aktualnie
2018-04-26 17:28:56 #breeding @Littleshrew#0996: 40k
2018-04-26 18:02:48 #breeding @Aya | Suga#8523: 10 k (attachment url(s): https://cdn.discordapp.com/attachments/437989274957250570/439124200561704971/Alicia_2018-04-26_20-00-23.jpg)
2018-04-27 11:30:56 #breeding @Vasabi#2214:  (attachment url(s): https://cdn.discordapp.com/attachments/437989274957250570/439387973394628608/received_376985589449735.jpeg)
2018-04-27 11:31:00 #breeding @Vasabi#2214: 10k!
2018-04-27 11:37:02 #breeding @Aya | Suga#8523: 20 111 karotek~~ (attachment url(s): https://cdn.discordapp.com/attachments/437989274957250570/439389510678216710/Alicia_2018-04-27_13-34-02.jpg)
2018-04-27 11:37:06 #breeding @Aya | Suga#8523: <:GWcmeisterPeepoLove:403295311189245952>
2018-04-27 11:52:27 #breeding @Littleshrew#0996:  (attachment url(s): https://cdn.discordapp.com/attachments/437989274957250570/439393390468005888/image.jpg)
2018-04-27 11:52:45 #breeding @Littleshrew#0996: 30k xD od wczoraj ani jednego breedu
2018-04-27 11:53:05 #breeding @Littleshrew#0996: Pomimo potencjału, 92 kontroli i +9 xd
2018-04-27 11:53:22 #breeding @Littleshrew#0996: A tydzień temu takiego brali za 40k 8 razy
2018-04-27 12:06:56 #breeding @Yeou#9841: todoo
2018-04-27 15:31:59 #breeding @Tęczowe Oreo#8467: Dwa Karusy wystawione za 10k
2018-04-27 15:32:27 #breeding @Vasabi#2214: Jakie grzywy?
2018-04-27 15:32:35 #breeding @Vasabi#2214: I geny
2018-04-27 15:32:51 #breeding @Tęczowe Oreo#8467: Szare długie, pierwszy 7+ drugi 1+
2018-04-27 15:33:06 #breeding @Tęczowe Oreo#8467: Askar i Zalto
2018-04-27 15:33:18 #breeding @Vasabi#2214: Oby go nie dojechali bo jak skończe wyścig to zbreeduje
2018-04-27 15:33:23 #breeding @Tęczowe Oreo#8467: Spk
2018-04-27 15:37:03 #breeding @Vasabi#2214: A nie, nie mam miejsca XD
2018-04-27 16:14:52 #breeding @Tęczowe Oreo#8467:  (attachment url(s): https://cdn.discordapp.com/attachments/437989274957250570/439459427775414282/Alicia_2018-04-27_18-14-18.jpg)
2018-04-27 16:14:56 #breeding @Tęczowe Oreo#8467:  (attachment url(s): https://cdn.discordapp.com/attachments/437989274957250570/439459446599712810/Alicia_2018-04-27_18-14-21.jpg)
2018-04-27 16:14:58 #breeding @Tęczowe Oreo#8467: Będzie ktoś chciał XD?
2018-04-27 16:15:14 #breeding @Yeou#9841: nwm czemu ale nazwa mu pasuje
2018-04-27 16:15:23 #breeding @Tęczowe Oreo#8467: Ja zawsze je tak nazywam
2018-04-27 16:58:40 #breeding @Vasabi#2214: A jaki ma rodo
2018-04-27 16:59:12 #breeding @Aya | Suga#8523: ivoryowy jeleń xd (attachment url(s): https://cdn.discordapp.com/attachments/437989274957250570/439470586188660737/unknown.png)
2018-04-27 16:59:33 #breeding @Vasabi#2214: Bedzie mial branie<:evilpatrick:439403953399136261>
2018-04-27 16:59:42 #breeding @Zero Two#1866: <:GWnanamiSataniaEvil:407589583404924928>
2018-04-27 16:59:44 #breeding @Yeou#9841: kiedy zrobisz mnei
2018-04-27 16:59:49 #breeding @Zero Two#1866: Jak zarobie to z nim zrobie
2018-04-27 16:59:52 #breeding @Aya | Suga#8523: jak kupie następne sloty
2018-04-27 16:59:58 #breeding @Yeou#9841: ok
2018-04-27 17:00:48 #breeding @Tęczowe Oreo#8467: takie Rodo (attachment url(s): https://cdn.discordapp.com/attachments/437989274957250570/439470988770541569/Alicia_2018-04-27_18-14-24.jpg)
2018-04-27 17:01:17 #breeding @Vasabi#2214: Suabe
2018-04-27 17:01:41 #breeding @Vasabi#2214: Sołi nie zarobisz ze mnie tym razem XD
2018-04-27 17:01:53 #breeding @Tęczowe Oreo#8467: Pf Xd
2018-04-27 17:16:07 #breeding @Tęczowe Oreo#8467: Wystawiony za 10 k
2018-04-27 17:16:55 #breeding @Aya | Suga#8523: zejdzie jak wytrenuje? (attachment url(s): https://cdn.discordapp.com/attachments/437989274957250570/439475041671839746/Alicia_2018-04-27_19-16-38.jpg)
2018-04-27 17:17:07 #breeding @Tęczowe Oreo#8467: Raczej xd
2018-04-27 17:17:28 #breeding @Aya | Suga#8523: szkoda że 7 bo bym zostawiła
2018-04-27 17:17:41 #breeding @Tęczowe Oreo#8467: Ja miałam Curly Combo
2018-04-27 17:18:11 #breeding @Aya | Suga#8523: nie lubie jak jest falowana z długim cienkim <:GWcmeisterPeepoLove:403295311189245952>
2018-04-27 17:18:18 #breeding @Aya | Suga#8523 edited message from 2018-04-27 17:18:11 (nie lubie jak jest falowana z długim cienkim <:GWcmeisterPeepoLove:403295311189245952>) to read: ja lubie jak jest falowana z długim cienkim <:GWcmeisterPeepoLove:403295311189245952>
2018-04-27 17:19:59 #breeding @Tęczowe Oreo#8467: Przynajmniej mi ten ciemnogniadobiały XD
2018-04-27 17:20:02 #breeding @Tęczowe Oreo#8467: zarabia
2018-04-27 17:20:05 #breeding @Pollux#9069: What? Is that a Lootbox?You all have **__20 Seconds__** to dispute it! Type `pick` for a chance to claim it! (attachment url(s): https://cdn.discordapp.com/attachments/437989274957250570/439475838669291521/chest.png)
2018-04-27 17:20:05 #breeding @Pollux#9069: Entries for this Box:
2018-04-27 17:20:30 #breeding @Tęczowe Oreo#8467: pick
2018-04-27 17:20:30 #breeding @Pollux#9069 edited message from 2018-04-27 17:20:05 (Entries for this Box:) to read: Entries for this Box:\nTęczowe Oreo
2018-04-27 17:20:37 #breeding @Tęczowe Oreo#8467 deleted message from 2018-04-27 17:20:30 (pick)
2018-04-27 17:20:37 #breeding @Pollux#9069 deleted message from 2018-04-27 17:20:05 (What? Is that a Lootbox?You all have **__20 Seconds__** to dispute it! Type `pick` for a chance to claim it!)
2018-04-27 17:20:37 #breeding @Pollux#9069 deleted message from 2018-04-27 17:20:05 (Entries for this Box:\nTęczowe Oreo)
2018-04-27 17:20:35 #breeding @Pollux#9069: Time's up! Let's see who's getting this Box.\n**This Loot Box will be raffled between:**
2018-04-27 17:20:35 #breeding @Pollux#9069: Tęczowe Oreo
2018-04-27 17:20:41 #breeding @Pollux#9069 edited message from 2018-04-27 17:20:35 (Tęczowe Oreo) to read: @Tęczowe Oreo
2018-04-27 17:20:42 #breeding @Yeou#9841: nonie
2018-04-27 17:20:45 #breeding @Tęczowe Oreo#8467: Hah
2018-04-27 17:20:46 #breeding @Pollux#9069 deleted message from 2018-04-27 17:20:35 (@Tęczowe Oreo)
2018-04-27 17:20:47 #breeding @Tęczowe Oreo#8467: 😃
2018-04-27 17:20:49 #breeding @Yeou#9841: nie zdąrzyłam
2018-04-27 17:21:43 #breeding @Tęczowe Oreo#8467: Hłue
2018-04-27 17:30:34 #breeding @Yeou#9841 edited message from 2018-04-27 17:20:49 (nie zdąrzyłam) to read: nie zdążyłam
2018-04-27 18:53:06 #breeding @Aya | Suga#8523:  (attachment url(s): https://cdn.discordapp.com/attachments/437989274957250570/439499246996160552/unknown.png)
2018-04-27 19:14:49 #breeding @Aya | Suga#8523: będzie miał 75 crtl <:FeelsTooPingedMan:439404007212187649> (attachment url(s): https://cdn.discordapp.com/attachments/437989274957250570/439504712392507394/unknown.png)
2018-04-27 19:17:10 #breeding @Tęczowe Oreo#8467: chce ktoś jeszcze?
2018-04-27 19:17:21 #breeding @Tęczowe Oreo#8467:  (attachment url(s): https://cdn.discordapp.com/attachments/437989274957250570/439505353298804736/Alicia_2018-04-27_21-16-56.jpg)
2018-04-27 19:17:27 #breeding @Tęczowe Oreo#8467:  (attachment url(s): https://cdn.discordapp.com/attachments/437989274957250570/439505377583824916/Alicia_2018-04-27_21-16-58.jpg)
2018-04-27 20:09:28 #breeding @Aya | Suga#8523:  (attachment url(s): https://cdn.discordapp.com/attachments/437989274957250570/439518468753195008/unknown.png)
2018-04-27 20:09:54 #breeding @Yeou#9841: KOVU
2018-04-27 20:10:03 #breeding @Yeou#9841: KOCHAM
2018-04-27 20:10:05 #breeding @Tęczowe Oreo#8467: Kovu jest super :<
2018-04-27 20:10:17 #breeding @Yeou#9841: MOJ MONSZ
2018-04-27 20:10:21 #breeding @Tęczowe Oreo#8467: Nie
2018-04-27 20:10:24 #breeding @Tęczowe Oreo#8467: Kiary
2018-04-27 20:10:29 #breeding @Aya | Suga#8523: xDD
2018-04-27 20:10:41 #breeding @Yeou#9841: Moj
2018-04-27 20:10:49 #breeding @Yeou#9841: <:dead_from_laughing:439403894922280960>
2018-04-27 20:47:19 #breeding @Suga#8523:  (attachment url(s): https://cdn.discordapp.com/attachments/437989274957250570/439527990943154186/unknown.png)
2018-04-28 07:09:03 #breeding @Littleshrew#0996: Rip grzywa
2018-04-28 07:09:05 #breeding @Littleshrew#0996: Xd
2018-04-28 07:09:16 #breeding @Suga#8523: No
2018-04-28 07:54:40 #breeding @Suga#8523:  (attachment url(s): https://cdn.discordapp.com/attachments/437989274957250570/439695935535054850/unknown.png)
2018-04-28 07:54:47 #breeding @Suga#8523: jak?!
2018-04-28 07:54:55 #breeding @Suga#8523: miało być tak pięknie ;-;
2018-04-28 07:54:58 #breeding @Zero Two#1866: ALE PRZERYW XDDD
2018-04-28 07:55:01 #breeding @Zero Two#1866: przeryw
2018-04-28 07:55:03 #breeding @Zero Two#1866: PRZERYW
2018-04-28 07:55:05 #breeding @Zero Two#1866: XD
2018-04-28 07:55:12 #breeding @Suga#8523: A TOBIE SIE CHUJ RODZI
2018-04-28 07:55:17 #breeding @Zero Two#1866: NO I
2018-04-28 07:55:28 #breeding @Zero Two#1866: PRZYNAJMNIEJ ŁADNE GRZYWY MAJĄ
2018-04-28 07:55:28 #breeding @Zero Two#1866: XD
2018-04-28 07:55:36 #breeding @Suga#8523:  (attachment url(s): https://cdn.discordapp.com/attachments/437989274957250570/439696170374397952/unknown.png)
2018-04-28 07:55:47 #breeding @Suga#8523: <:GWseremePeepoGGERS:402867853906280450>
2018-04-28 07:55:53 #breeding @Zero Two#1866: ma 9+ do genów <:pepehug:439404307889127424>
2018-04-28 07:56:01 #breeding @Suga#8523: ma
2018-04-28 07:56:05 #breeding @Zero Two#1866: daj
2018-04-28 07:56:14 #breeding @Suga#8523: HAHAHAHAHAHA
2018-04-28 07:56:19 #breeding @Zero Two#1866: <:GWnanamiKurisuSip:408280658549669888>
2018-04-28 07:56:26 #breeding @Suga#8523: <:GWcmeisterPeepoEZ:403295289688981534>
2018-04-28 07:56:36 #breeding @Zero Two#1866: Długa i krótki cięnki jest ułocy.
2018-04-28 07:57:25 #breeding @Yeou#9841: dej mi te konie <:pepehug:439404307889127424>
2018-04-28 07:57:41 #breeding @Suga#8523: tobie moge oddać <:GWcmeisterPeepoLove:403295311189245952>
2018-04-28 07:58:27 #breeding @Zero Two#1866: @Yeohyun  odezwij się
2018-04-28 07:58:28 #breeding @Zero Two#1866: xd
2018-04-28 07:59:14 #breeding @Yeou#9841: otakpoproszekonisia
2018-04-28 07:59:32 #breeding @Suga#8523: <:lennycube:439404129455046677>
2018-04-28 08:00:28 #breeding @Yeou#9841: <:GWcmeisterPeepoLove:403295311189245952> <:lennycube:439404129455046677>
2018-04-28 08:09:43 #breeding @Jisatsu#9938: <:GWsetmyxPeepoCry:405382963057000458>
2018-04-28 08:09:54 #breeding @Suga#8523: <:GWslippyPeepoH:407618458872971264>
2018-04-28 08:12:46 #breeding @Jisatsu#9938: Oddaj kufa <:FeelsGunMan:439403983694725150>
2018-04-28 08:15:27 #breeding @Suga#8523: xd
2018-04-28 08:41:26 #breeding @Suga#8523: rodzicie mieli długie (attachment url(s): https://cdn.discordapp.com/attachments/437989274957250570/439707704899141642/unknown.png)
2018-04-28 08:55:37 #breeding @Suga#8523:  (attachment url(s): https://cdn.discordapp.com/attachments/437989274957250570/439711274939711489/unknown.png)
2018-04-28 08:56:55 #breeding @Yeou#9841: ALE ŁADNE JELITO
2018-04-28 08:57:55 #breeding @Suga#8523: xD
2018-04-28 10:22:48 #breeding @Zero Two#1866: 10k (attachment url(s): https://cdn.discordapp.com/attachments/437989274957250570/439733215633080320/unknown.png)
2018-04-28 10:23:03 #breeding @Yeou#9841: piekna nazwa
2018-04-28 11:00:03 #breeding @Vasabi#2214:  (attachment url(s): https://cdn.discordapp.com/attachments/437989274957250570/439742589743398913/received_377448509403443.jpeg)
2018-04-28 11:00:12 #breeding @Vasabi#2214: 10k kary rodo
2018-04-28 12:41:39 #breeding @Tęczowe Oreo#8467: plosze (attachment url(s): https://cdn.discordapp.com/attachments/437989274957250570/439768158895603712/Alicia_2018-04-28_14-21-04.jpg)
2018-04-28 12:41:40 #breeding @Tatsumaki#8792: 🆙  |  **Tęczowe Oreo leveled up!** (attachment url(s): https://cdn.discordapp.com/attachments/437989274957250570/439768161278099466/levelup.png)
2018-04-28 12:41:45 #breeding @Tęczowe Oreo#8467: xD
2018-04-28 15:51:58 #breeding @Vasabi#2214: A za ile wystawisz @Tęczowe Oreo ?
2018-04-28 15:52:27 #breeding @Vasabi#2214: Bo mi się taki marzy <:angerysad:439403854472151050>
2018-04-28 18:08:41 #breeding @Suga#8523: HAHAHHAHAHAHA KOCHAM TĄ GRE (attachment url(s): https://cdn.discordapp.com/attachments/437989274957250570/439850458618658846/unknown.png)
2018-04-28 18:12:56 #breeding @Tęczowe Oreo#8467: wytrenuje
2018-04-28 18:13:09 #breeding @Tęczowe Oreo#8467: XD
2018-04-28 18:14:43 #breeding @Yeou#9841: Suga kochanie moje co lubi moje lody z akgidy daj mi troche szczescia
2018-04-28 18:14:53 #breeding @Yeou#9841 edited message from 2018-04-28 18:14:43 (Suga kochanie moje co lubi moje lody z akgidy daj mi troche szczescia) to read: Suga kochanie moje co lubi moje lody z algidy daj mi troche szczescia
2018-04-28 18:14:56 #breeding @Yeou#9841: <:GWslippyPeepoH:407618458872971264>
2018-04-28 18:15:04 #breeding @Suga#8523: <:GWcmeisterPeepoLove:403295311189245952>
2018-04-28 18:15:34 #breeding @Yeou#9841: <:GWcmeisterPeepoLove:403295311189245952> <:GWsetmyxPeepoSad:405337568901726209>
2018-04-30 09:25:40 #breeding @Suga#8523: 10 k (attachment url(s): https://cdn.discordapp.com/attachments/437989274957250570/440443613579706368/unknown.png)
2018-04-30 09:27:34 #breeding @Zero Two#1866: jakie na tapete ? (attachment url(s): https://cdn.discordapp.com/attachments/437989274957250570/440444090677723136/StarStable_2018-04-30_11-23-27.png)
2018-04-30 09:27:48 #breeding @Zero Two#1866: sry że tu to wysyłam
2018-04-30 09:28:04 #breeding @Zero Two#1866: xdd
2018-04-30 09:29:20 #breeding @Zero Two#1866:  (attachment url(s): https://cdn.discordapp.com/attachments/437989274957250570/440444537647923200/StarStable_2018-04-30_11-26-02.png)
2018-04-30 09:38:18 #breeding @Suga#8523: 1
2018-04-30 09:55:42 #breeding @Zero Two#1866: k
2018-04-30 10:11:40 #breeding @Suga#8523: moge umierać (attachment url(s): https://cdn.discordapp.com/attachments/437989274957250570/440455190680961024/unknown.png)
2018-04-30 10:14:07 #breeding @Zero Two#1866: jak
2018-04-30 10:14:15 #breeding @Zero Two#1866: cholera jak
2018-04-30 10:15:10 #breeding @Suga#8523: <:GWcmeisterPeepoLove:403295311189245952>
2018-04-30 10:15:31 #breeding @Suga#8523: moja Tensei dała mi szczęście
2018-04-30 12:29:55 #breeding @Eto#8523:  (attachment url(s): https://cdn.discordapp.com/attachments/437989274957250570/440489979190444034/unknown.png)
2018-04-30 16:52:54 #breeding @Saiko#9938: 30k (attachment url(s): https://cdn.discordapp.com/attachments/437989274957250570/440556164028301323/unknown.png)
2018-04-30 16:59:47 #breeding @Zero Two#1866: <:GWnanamiYukiSugoi:399930935178690560>
2018-04-30 17:02:13 #breeding @Eto#8523: izi pizi <:GWomoDrakeYea:407618577969971210> (attachment url(s): https://cdn.discordapp.com/attachments/437989274957250570/440558509009141771/unknown.png)
2018-04-30 17:02:26 #breeding @Yeou#9841: <:GWslippyPeepoH:407618458872971264>
2018-04-30 17:02:49 #breeding @Eto#8523: ja poszłam tylko po okulary do kibla xd
2018-04-30 17:02:59 #breeding @Yeou#9841: <:GWvertiPeepoUpset:407618665907748876>
2018-04-30 17:03:06 #breeding @Eto#8523: <:pepehug:439404307889127424>
2018-04-30 17:03:13 #breeding @Yeou#9841: Dajcie troszke pieniedzy umieram z biedy
2018-04-30 17:03:23 #breeding @Yeou#9841: mam dość speeda na expercie <:GWvertiPeepoUpset:407618665907748876>
2018-04-30 17:03:31 #breeding @Yeou#9841: alicia kupo odinstalowywuje cie
2018-04-30 17:03:37 #breeding @Eto#8523: no ok tylko to dopiero jak mi zarobi ok? <:GWslippyPeepoH:407618458872971264>
2018-04-30 17:04:04 #breeding @Yeou#9841:  (attachment url(s): https://cdn.discordapp.com/attachments/437989274957250570/440558972471345162/unknown.png)
2018-04-30 17:04:08 #breeding @Yeou#9841: <:GWvertiPeepoUpset:407618665907748876>
2018-04-30 17:04:09 #breeding @Eto#8523: niee
2018-04-30 17:04:40 #breeding @Zero Two#1866: też to zrobie
2018-04-30 17:04:41 #breeding @Zero Two#1866: Deu
2018-04-30 17:04:43 #breeding @Zero Two#1866: cho razem
2018-04-30 17:05:40 #breeding @Yeou#9841:  (attachment url(s): https://cdn.discordapp.com/attachments/437989274957250570/440559375611068428/unknown.png)
2018-04-30 17:05:43 #breeding @Yeou#9841: <:dead_from_laughing:439403894922280960>
2018-04-30 17:05:45 #breeding @Zero Two#1866: okurde
2018-04-30 17:05:48 #breeding @Zero Two#1866: Deu cho gadać
2018-04-30 17:06:11 #breeding @Yeou#9841: Teraz opłakuje że jestem biedakiem mieszkającym na farmie dziadka Tomasza <:GWvertiPeepoUpset:407618665907748876>
2018-04-30 17:06:21 #breeding @Zero Two#1866: spk
2018-04-30 17:06:22 #breeding @Zero Two#1866: ja też
2018-04-30 17:06:45 #breeding @Yeou#9841: @Eto  chcesz mi dać troche 500+ z koni? <:GWslippyPeepoH:407618458872971264>
2018-04-30 17:07:00 #breeding @Eto#8523: tak <:GWslippyPeepoH:407618458872971264>
2018-04-30 17:07:07 #breeding @Zero Two#1866: <:pepehug:439404307889127424>  a mi ?
2018-04-30 17:07:10 #breeding @Zero Two#1866: D:
2018-04-30 17:07:12 #breeding @Yeou#9841:  (attachment url(s): https://cdn.discordapp.com/attachments/437989274957250570/440559761621254144/unknown.png)
2018-04-30 17:07:15 #breeding @Eto#8523:  (attachment url(s): https://cdn.discordapp.com/attachments/437989274957250570/440559776082952223/unknown.png)
2018-04-30 17:07:18 #breeding @Eto#8523: for ju
2018-04-30 17:07:21 #breeding @Eto#8523: <:GWcmeisterPeepoLove:403295311189245952>
2018-04-30 17:07:31 #breeding @Yeou#9841: Alicia wróciła na pulpit <:GWvertiPeepoUpset:407618665907748876>
2018-04-30 17:07:37 #breeding @Zero Two#1866: dajcie mi też :c
2018-04-30 17:07:47 #breeding @Eto#8523: nie dla Tuki
2018-04-30 17:07:56 #breeding @Zero Two#1866: D:
2018-04-30 17:08:23 #breeding @Saiko#9938: @Eto HAHAHA 7 GRADE <:dead_from_laughing:439403894922280960> <:dead_from_laughing:439403894922280960> <:dead_from_laughing:439403894922280960>
2018-04-30 17:08:28 #breeding @Yeou#9841: Dziękuje dobry człowieku <:GWvertiPeepoUpset:407618665907748876>  @Eto
2018-04-30 17:08:35 #breeding @Eto#8523: jak ktoś jest chętny na breedzie jest jakiś karus z długą (attachment url(s): https://cdn.discordapp.com/attachments/437989274957250570/440560110633484289/unknown.png)
2018-04-30 17:08:43 #breeding @Zero Two#1866: A IDŹ
2018-04-30 17:08:46 #breeding @Zero Two#1866: NIE ZBREEDNIE CI
2018-04-30 17:08:46 #breeding @Zero Two#1866: XD
2018-04-30 17:08:54 #breeding @Zero Two#1866: bo mam 1 tyś
2018-04-30 17:08:57 #breeding @Eto#8523: @Saiko ale mój Subaruś nie będzie miał TYLKO 80 ctrl <:dead_from_laughing:439403894922280960>
2018-04-30 17:08:57 #breeding @Zero Two#1866: a nie sry
2018-04-30 17:08:58 #breeding @Zero Two#1866: 2
2018-04-30 17:09:03 #breeding @Yeou#9841: Ja ci zbreeduje jak będę miała pieniądze <:pepehug:439404307889127424>
2018-04-30 17:09:06 #breeding @Eto#8523: to nie mój xd
2018-04-30 17:09:15 #breeding @Yeou#9841: <:GWvertiPeepoUpset:407618665907748876>
2018-04-30 17:09:16 #breeding @Saiko#9938: Spierdalaj kupo <:angerysad:439403854472151050>
2018-04-30 17:09:32 #breeding @Eto#8523: <:FeelsGunMan:439403983694725150>
2018-04-30 17:09:41 #breeding @Saiko#9938: <:GWslippyPeepoL:407618465508098049>
2018-04-30 17:09:54 #breeding @Eto#8523: <:GWsetmyxPeepoEvil:405337570952740864>
2018-04-30 17:09:59 #breeding @Saiko#9938: <:angerysad:439403854472151050>
2018-04-30 17:11:10 #breeding @Yeou#9841: dostane 500+ <:GWvertiPeepoUpset:407618665907748876>
2018-04-30 17:13:06 #breeding @Saiko#9938: @Saiko idę po ciebie <:evilpatrick:439403953399136261>
2018-04-30 17:13:14 #breeding @Saiko#9938: Źle
2018-04-30 17:13:17 #breeding @Saiko#9938: ._.
2018-04-30 17:13:18 #breeding @Zero Two#1866: lol
2018-04-30 17:13:19 #breeding @Saiko#9938: @Eto
2018-04-30 17:13:22 #breeding @Zero Two#1866: oznaczyłaś się
2018-04-30 17:13:51 #breeding @Eto#8523: o nie xDD
2018-04-30 17:14:56 #breeding @Saiko#9938: <:dead_from_laughing:439403894922280960> <:dead_from_laughing:439403894922280960> <:dead_from_laughing:439403894922280960>
2018-04-30 18:37:59 #breeding @!~>Kachiyo<~!#6544: @Kajak
2018-04-30 18:38:35 #breeding @Arihyung#0898: you got no jams.
2018-04-30 18:38:44 #breeding @!~>Kachiyo<~!#6544: oh no
2018-04-30 18:38:47 #breeding @!~>Kachiyo<~!#6544: its a gay
2018-04-30 18:39:16 #breeding @Arihyung#0898: Who
2018-04-30 18:39:19 #breeding @!~>Kachiyo<~!#6544: you
2018-04-30 18:39:24 #breeding @Arihyung#0898: Why?!
2018-04-30 18:39:41 #breeding @Arihyung#0898: VERY NO FUN
2018-04-30 18:39:46 #breeding @!~>Kachiyo<~!#6544: i love gays
2018-04-30 18:39:52 #breeding @!~>Kachiyo<~!#6544: fun
2018-04-30 18:39:53 #breeding @Eto#8523: <:GWvertiPeepoCheer:405951688885665792>
2018-04-30 18:39:53 #breeding @!~>Kachiyo<~!#6544: very
2018-04-30 18:39:54 #breeding @Arihyung#0898: Oh noo
2018-04-30 18:40:01 #breeding @Eto#8523: <:GWseremePeepoLife:402867847950237698>
2018-04-30 18:40:02 #breeding @!~>Kachiyo<~!#6544: I LOVE FKING GAYS AND YAOI
2018-04-30 18:40:17 #breeding @Eto#8523: <:GWsetmyxPeepoSad:405337568901726209>
2018-04-30 18:40:25 #breeding @Arihyung#0898: SUGA HELP ME
2018-04-30 18:40:35 #breeding @Arihyung#0898: SHIT DOWNNN
2018-04-30 18:40:39 #breeding @Eto#8523: ? <:GWsetmyxPeepoSad:405337568901726209>
2018-04-30 18:40:41 #breeding @!~>Kachiyo<~!#6544: shit
2018-04-30 18:40:43 #breeding @!~>Kachiyo<~!#6544: haha
2018-04-30 18:40:47 #breeding @!~>Kachiyo<~!#6544: suha is shiit
2018-04-30 18:40:51 #breeding @!~>Kachiyo<~!#6544: suha
2018-04-30 18:40:53 #breeding @!~>Kachiyo<~!#6544: what
2018-04-30 18:40:54 #breeding @!~>Kachiyo<~!#6544: im
2018-04-30 18:40:55 #breeding @!~>Kachiyo<~!#6544: doing
2018-04-30 18:40:56 #breeding @!~>Kachiyo<~!#6544: XD
2018-04-30 18:40:56 #breeding @Arihyung#0898: XDDS
2018-04-30 18:41:04 #breeding @Eto#8523: <:GWseremePeepoLife:402867847950237698>
2018-04-30 18:41:12 #breeding @Arihyung#0898: *learning english*
2018-04-30 18:41:13 #breeding @!~>Kachiyo<~!#6544: suga is bjutiful
2018-04-30 18:41:20 #breeding @Eto#8523: <:GWslippyPeepoHugged:407618441017688064>
2018-04-30 18:41:20 #breeding @!~>Kachiyo<~!#6544: and sexy
2018-04-30 18:41:26 #breeding @Arihyung#0898: BEAUTIFUL*
2018-04-30 18:41:28 #breeding @Eto#8523: <:GWseremePeepoHappy:402867832175460363>
2018-04-30 18:41:31 #breeding @!~>Kachiyo<~!#6544: bjutiful
2018-04-30 18:41:37 #breeding @Eto#8523: <:GWcmeisterPeepoLove:403295311189245952>
2018-04-30 18:41:42 #breeding @!~>Kachiyo<~!#6544: gimmie you nudes
2018-04-30 18:41:53 #breeding @Eto#8523: Napewno chcesz?
2018-04-30 18:42:07 #breeding @Eto#8523: <:GWsetmyxPeepoWeird:405337568155009024>
2018-04-30 18:42:11 #breeding @Arihyung#0898: PISS IS MA SHITEU
2018-04-30 18:42:15 #breeding @!~>Kachiyo<~!#6544: i j-just k-kiding
2018-04-30 18:42:16 #breeding @Arihyung#0898: XDD
2018-04-30 18:42:21 #breeding @!~>Kachiyo<~!#6544: oh
2018-04-30 18:42:28 #breeding @!~>Kachiyo<~!#6544: I EAT YOU CHAIR
2018-04-30 18:42:29 #breeding @Eto#8523: Ja tam się nie boje wysłać mojego ryja <:GWcmeisterPeepoShrug:403295315685539852>
2018-04-30 18:42:35 #breeding @!~>Kachiyo<~!#6544: gimmie
2018-04-30 18:42:37 #breeding @!~>Kachiyo<~!#6544: : )
2018-04-30 18:42:43 #breeding @Eto#8523: Ok
2018-04-30 18:42:51 #breeding @Arihyung#0898: NICEU
2018-04-30 18:43:08 #breeding @Arihyung#0898: Czemu ba breedingu piszemy
2018-04-30 18:43:12 #breeding @Arihyung#0898: Na
2018-04-30 18:43:17 #breeding @Arihyung#0898: <:angerysad:439403854472151050>
2018-04-30 18:43:18 #breeding @Eto#8523: Idk
2018-04-30 18:43:31 #breeding @Eto#8523: Próbuje się do jakiegoś mojego zdj dokopać
2018-04-30 18:43:34 #breeding @!~>Kachiyo<~!#6544: gimmie your ryj
2018-04-30 18:43:43 #breeding @Arihyung#0898: Face
2018-04-30 18:43:46 #breeding @Arihyung#0898: Anie
2018-04-30 18:43:50 #breeding @!~>Kachiyo<~!#6544: nudes
2018-04-30 18:44:00 #breeding @Arihyung#0898: Send nudes
2018-04-30 18:44:18 #breeding @!~>Kachiyo<~!#6544: where is the ___
2018-04-30 18:44:28 #breeding @Eto#8523: Db kurwa jestem hardkorem
2018-04-30 18:44:44 #breeding @Arihyung#0898: Infires
2018-04-30 18:44:46 #breeding @Eto#8523: Nie no cykam się xddd
2018-04-30 18:44:53 #breeding @!~>Kachiyo<~!#6544: to na pw
2018-04-30 18:45:00 #breeding @Arihyung#0898: No wlsn
2018-04-30 18:45:03 #breeding @!~>Kachiyo<~!#6544: JA NIE WYŚLE NIKOMU
2018-04-30 18:45:05 #breeding @!~>Kachiyo<~!#6544: NOT NOT
2018-04-30 18:45:09 #breeding @!~>Kachiyo<~!#6544: JA NIE JESTEM ŚMIECIEM
2018-04-30 18:45:10 #breeding @!~>Kachiyo<~!#6544: JAK RAI
2018-04-30 18:47:09 #breeding @Arihyung#0898: AH EXCUJI ME , I HATE RAI OKAY
2018-04-30 18:48:05 #breeding @Arihyung#0898: <:FeelsGunMan:439403983694725150>
2018-04-30 18:48:41 #breeding @Eto#8523: Xd
2018-04-30 18:49:07 #breeding @Arihyung#0898: UKATRUPIĆ
2018-04-30 18:49:12 #breeding @Eto#8523:  (attachment url(s): https://cdn.discordapp.com/attachments/437989274957250570/440585429750906890/unknown-2.png)
2018-04-30 18:49:24 #breeding @Eto#8523: Tyle się wypowiem
2018-04-30 18:49:33 #breeding @Arihyung#0898: WYWAL W PIZDU
2018-04-30 18:49:38 #breeding @Eto#8523: Poszed
2018-04-30 18:49:40 #breeding @Eto#8523: Xd
2018-04-30 18:49:53 #breeding @Arihyung#0898: GOOD BOY RAI
2018-04-30 18:50:12 #breeding @Eto#8523: Xd
2018-04-30 19:13:17 #breeding @Eto#8523: 25 k (attachment url(s): https://cdn.discordapp.com/attachments/437989274957250570/440591491509911553/unknown.png)
2018-04-30 19:13:20 #breeding @Eto#8523: +8
2018-04-30 19:13:54 #breeding @Eto#8523: 83 ctrl
2018-04-30 19:44:02 #breeding @Vasabi#2214:  (attachment url(s): https://cdn.discordapp.com/attachments/437989274957250570/440599228302098442/received_378366819311612.jpeg,https://cdn.discordapp.com/attachments/437989274957250570/440599228302098443/received_378366842644943.jpeg)
2018-04-30 19:44:04 #breeding @Vasabi#2214: Takie szczęście jedno po drugim..
2018-04-30 19:47:14 #breeding @Zero Two#1866: daj hajs
2018-04-30 19:50:49 #breeding @Vasabi#2214: Jak wystawisz jakiegoś fajnego konia to dam <:think_fish:439403837455859712>
2018-04-30 19:50:49 #breeding @Nokimo#8752: Daje okejkę bo Itachi
2018-04-30 19:50:58 #breeding @Vasabi#2214: O i fajnie
2018-04-30 19:51:24 #breeding @Vasabi#2214: Itachi + dango = miłość
2018-04-30 19:51:32 #breeding @Zero Two#1866: spk
2018-04-30 19:51:34 #breeding @Zero Two#1866: mam karusa
2018-04-30 19:51:38 #breeding @Zero Two#1866: falowana grzywa
2018-04-30 19:51:41 #breeding @Zero Two#1866: długi cięnki
2018-04-30 19:51:42 #breeding @Zero Two#1866: ale
2018-04-30 19:51:45 #breeding @Zero Two#1866: jedno serduszko
2018-04-30 19:51:49 #breeding @Zero Two#1866: <:GWnanamiKonataCry:405043507544457226>
2018-04-30 19:52:07 #breeding @Nokimo#8752: <:GWtogaTheSaddest:384871977149661184>
2018-04-30 19:52:11 #breeding @Vasabi#2214: To jutro bedziesz mogla wystawic
2018-04-30 19:52:12 #breeding @Vasabi#2214: Wezme
2018-04-30 19:52:16 #breeding @Vasabi#2214: Za 10 kafelkow
2018-04-30 19:52:23 #breeding @Zero Two#1866: ok
2018-04-30 19:52:25 #breeding @Zero Two#1866: ile razy
2018-04-30 19:52:29 #breeding @Zero Two#1866: tylko ma jednego jelenia w rodo
2018-04-30 19:52:33 #breeding @Zero Two#1866: <:GWupuChitogeCry:390299759639789570>
2018-04-30 19:52:48 #breeding @Vasabi#2214: Nie wiem z trzy razy wezme
2018-04-30 19:52:51 #breeding @Zero Two#1866: ok
2018-04-30 19:52:53 #breeding @Zero Two#1866: ❤
2018-04-30 19:53:00 #breeding @Vasabi#2214: A ile ma statow?
2018-04-30 19:53:07 #breeding @Zero Two#1866: 9 ileś
2018-04-30 19:53:11 #breeding @Zero Two#1866: chyba 9?
2018-04-30 19:53:14 #breeding @Zero Two#1866: 91
2018-04-30 19:53:17 #breeding @Vasabi#2214: Okej
2018-04-30 19:53:17 #breeding @Zero Two#1866: czk
2018-04-30 19:53:26 #breeding @Zero Two#1866: sprawdze
2018-04-30 19:54:47 #breeding @Zero Two#1866: @Vasabi (attachment url(s): https://cdn.discordapp.com/attachments/437989274957250570/440601934789869569/unknown.png)
2018-04-30 19:55:26 #breeding @Vasabi#2214: A poka rodo
2018-04-30 19:55:27 #breeding @Eto#8523: jak mój Ayatuś <:GWsetmyxPeepoSad:405337568901726209>
2018-04-30 19:55:33 #breeding @Zero Two#1866: oh
2018-04-30 19:55:41 #breeding @Zero Two#1866: <:GWnanamiKonataCry:405043507544457226>
2018-04-30 19:55:44 #breeding @Zero Two#1866: bliźniaki
2018-04-30 19:55:49 #breeding @Vasabi#2214: Albo napisz po prostu
2018-04-30 19:56:01 #breeding @Vasabi#2214: Jakie konie inne tam wlecialy
2018-04-30 19:56:11 #breeding @Zero Two#1866: słuchaj..
2018-04-30 19:56:13 #breeding @Zero Two#1866: jak narazie
2018-04-30 19:56:18 #breeding @Zero Two#1866: to mam tylko tego do wystawy
2018-04-30 19:56:24 #breeding @Zero Two#1866: wiec go wystawiam
2018-04-30 19:56:28 #breeding @Vasabi#2214: Wiem i tak go wezme
2018-04-30 19:56:31 #breeding @Vasabi#2214: Ale pytam
2018-04-30 19:56:32 #breeding @Zero Two#1866: jutro
2018-04-30 19:56:48 #breeding @Zero Two#1866: pomóż mi w kunikach <:GWnanamiKonataCry:405043507544457226>
2018-04-30 19:56:55 #breeding @Vasabi#2214: Ja kolo 15 dopiero bede mogla
2018-04-30 19:56:58 #breeding @Zero Two#1866: ok
2018-04-30 19:57:15 #breeding @Zero Two#1866: daj mi jakiegoś konia
2018-04-30 19:57:18 #breeding @Zero Two#1866: <:GWnanamiKonataCry:405043507544457226>
2018-04-30 19:58:08 #breeding @Vasabi#2214: Bede mogla ci wystawic tego z biala za 10k jak bedzie mial 2,5 serca
2018-04-30 19:58:30 #breeding @Zero Two#1866: agh
2018-04-30 19:58:32 #breeding @Zero Two#1866: ok
2018-04-30 20:27:24 #breeding @Eto#8523: <:GWcmeisterPeepoEZ:403295289688981534> (attachment url(s): https://cdn.discordapp.com/attachments/437989274957250570/440610145349795840/unknown.png)
2018-04-30 20:27:43 #breeding @Zero Two#1866: : O
2018-04-30 20:28:06 #breeding @Yeou#9841: D-d-dasz mi jutro hajsik mamusiu? Na wycieczke nie mam <:GWslippyPeepoH:407618458872971264>
2018-04-30 20:28:28 #breeding @Eto#8523: ok
2018-04-30 20:28:36 #breeding @Zero Two#1866: <:GWnanaPepoHype:392308469488680961>
2018-04-30 20:28:39 #breeding @Eto#8523: @! Ayatuss ojciec zgadzasz sie? xDD
2018-04-30 20:28:43 #breeding @Eto#8523: <:FeelsGunMan:439403983694725150>
2018-04-30 20:29:13 #breeding @Yeou#9841: Z 60k wystarczy moze bo musze tam kupic pamiatki itp albo troche mniej <:GWseremePeepoGGERS:402867853906280450>
2018-04-30 20:29:14 #breeding @Eto#8523: teraz nie odpisze bo mi poematy na pv pisze xd
2018-04-30 20:29:29 #breeding @Yeou#9841: XD
2018-04-30 20:29:41 #breeding @Yeou#9841: Deu dziecko prezydenta
2018-04-30 20:29:43 #breeding @Zero Two#1866: masz wszystkie konie z 9+ ?
2018-04-30 20:29:46 #breeding @Zero Two#1866: Sugiś
2018-04-30 20:29:57 #breeding @Ayatus(͡° ͜ʖ ͡°)#8286: Zgadzam się @Eto
2018-04-30 20:30:08 #breeding @Eto#8523: no pacz odpisał spubaniec
2018-04-30 20:30:09 #breeding @Yeou#9841: Dziekuje tatusiu <:GWcmeisterPeepoLove:403295311189245952>
2018-04-30 20:30:16 #breeding @Eto#8523 edited message from 2018-04-30 20:30:08 (no pacz odpisał spubaniec) to read: no pacz odpisał skubaniec
2018-04-30 20:30:19 #breeding @Yeou#9841: Dziekuje mamusiu <:GWcmeisterPeepoLove:403295311189245952>
2018-04-30 20:30:30 #breeding @Eto#8523: prosze corko <:GWcmeisterPeepoLove:403295311189245952>
2018-04-30 20:30:43 #breeding @Yeou#9841: <:BulbaOWO:439403869966172160>
2018-04-30 20:30:55 #breeding @Ayatus(͡° ͜ʖ ͡°)#8286: A płosze<:BulbaOWO:439403869966172160>
2018-04-30 20:31:04 #breeding @Zero Two#1866: ej
2018-04-30 20:31:18 #breeding @Yeou#9841: <:GWcmeisterPeepoLove:403295311189245952>
2018-04-30 20:31:37 #breeding @Zero Two#1866: pamiętam jak przez sen powiedziałam: Mamo kurwa
2018-04-30 20:31:45 #breeding @Eto#8523: xD
2018-04-30 20:31:51 #breeding @Zero Two#1866: <:GWnanamiPepoKMS:402195698587533313>
2018-04-30 20:31:54 #breeding @Zero Two#1866: miałam 9 lat
2018-04-30 20:31:55 #breeding @Zero Two#1866: xDD
2018-04-30 20:32:00 #breeding @Zero Two#1866: kim bd
2018-05-01 08:21:19 #breeding @Eto#8523:  (attachment url(s): https://cdn.discordapp.com/attachments/437989274957250570/440789805568360448/unknown.png)
2018-05-01 08:21:48 #breeding @Yeou#9841: SUGA MAM DLA CIEBIE KONIA
2018-05-01 08:21:57 #breeding @Eto#8523: no ok
2018-05-01 08:22:44 #breeding @Yeou#9841: karus z irkiem <:GWcmeisterPeepoLove:403295311189245952>
2018-05-01 08:23:41 #breeding @Eto#8523: to dobrze ale dopiero wieczorem wezme
2018-05-01 08:23:48 #breeding @Eto#8523: chyba że będę na lapku
2018-05-01 08:26:27 #breeding @Yeou#9841: specjalnie dla ciebie class upuje <:GWcmeisterPeepoLove:403295311189245952>
2018-05-01 08:27:10 #breeding @Eto#8523: a za ile wystawisz~~?
2018-05-01 08:27:11 #breeding @Tatsumaki#8792: 🆙  |  **Eto leveled up!** (attachment url(s): https://cdn.discordapp.com/attachments/437989274957250570/440791281506189312/levelup.png)
2018-05-01 08:27:34 #breeding @Yeou#9841:  (attachment url(s): https://cdn.discordapp.com/attachments/437989274957250570/440791378067193866/unknown.png)
2018-05-01 08:27:57 #breeding @Eto#8523: podoba mnie sie to
2018-05-01 08:27:59 #breeding @Yeou#9841: ile chcesz
2018-05-01 08:28:08 #breeding @Yeou#9841: ma karusy i 2 siwki
2018-05-01 08:28:30 #breeding @Eto#8523: no nje fiem
2018-05-01 08:28:52 #breeding @Eto#8523: tylko wystaw jak już dopiero jak będę aby mi go nie pierdzielili xd
2018-05-01 08:28:53 #breeding @Zero Two#1866: kurw..
2018-05-01 08:28:56 #breeding @Yeou#9841: dla ciebie nawet za 10k <:GWcmeisterPeepoLove:403295311189245952>
2018-05-01 08:28:56 #breeding @Zero Two#1866: karty.
2018-05-01 08:29:19 #breeding @Eto#8523: ohh to dobrze <:GWcmeisterPeepoLove:403295311189245952>
2018-05-01 08:29:30 #breeding @Zero Two#1866: <:GWnanamiKonataCry:405043507544457226>
2018-05-01 08:29:36 #breeding @Eto#8523: tylko narazie mam tego siwusa na breedzie
2018-05-01 08:29:50 #breeding @Zero Two#1866: MOGŁAM GO ZABRAĆ
2018-05-01 08:29:51 #breeding @Zero Two#1866: :C
2018-05-01 08:44:22 #breeding @Hinata#8320: wzialby ktos? (attachment url(s): https://cdn.discordapp.com/attachments/437989274957250570/440795608702386176/unknown.png)
2018-05-01 08:44:34 #breeding @Saiko#9938: Ja
2018-05-01 08:44:40 #breeding @Saiko#9938: jakie geny
2018-05-01 08:45:36 #breeding @Hinata#8320:  (attachment url(s): https://cdn.discordapp.com/attachments/437989274957250570/440795916518293506/unknown.png)
2018-05-01 08:45:45 #breeding @Hinata#8320: rellik nuka vitani i zena mialy dlugie grzywy
2018-05-01 08:46:17 #breeding @Saiko#9938: Vitani najlepsza za dużo króla lwa xD
2018-05-01 08:46:24 #breeding @Saiko#9938: ok węzme za 10k
2018-05-01 08:46:26 #breeding @Hinata#8320: co
2018-05-01 08:46:40 #breeding @Hinata#8320: jak ja krola lwa nie ogladalam
2018-05-01 08:46:45 #breeding @Hinata#8320: to losowe xD
2018-05-01 08:47:00 #breeding @Hinata#8320: pierw zebrac musze hajs
2018-05-01 08:54:12 #breeding @Saiko#9938: Ok to napisz jak wystawisz
2018-05-01 08:56:06 #breeding @Hinata#8320: @Saiko  siedzi
2018-05-01 08:56:23 #breeding @Saiko#9938: Oke
2018-05-01 08:56:36 #breeding @Yeou#9841: 10k @Eto (attachment url(s): https://cdn.discordapp.com/attachments/437989274957250570/440798687703334914/unknown.png)
2018-05-01 08:57:01 #breeding @Saiko#9938: Mogę raz wsiąść?
2018-05-01 08:57:09 #breeding @Eto#8523: db rucham xdd
2018-05-01 08:57:18 #breeding @Eto#8523: KARY XDDD
2018-05-01 08:57:20 #breeding @Yeou#9841: BREEDNIJ MI DUZIO
2018-05-01 08:57:22 #breeding @Yeou#9841: aaaaaaaaaaaaaaaaaa
2018-05-01 08:57:33 #breeding @Zero Two#1866: poka
2018-05-01 08:57:46 #breeding @Eto#8523: WYPIERDALAJ PAZDANIE XD
2018-05-01 08:57:50 #breeding @Zero Two#1866: xdxdxdxd
2018-05-01 08:57:50 #breeding @Hinata#8320: hahaa
2018-05-01 08:57:50 #breeding @Saiko#9938: XD
2018-05-01 08:57:52 #breeding @Yeou#9841: XDD
2018-05-01 08:57:59 #breeding @Zero Two#1866: Ola cho donas gadać
2018-05-01 08:58:11 #breeding @Yeou#9841: 1 z rodziców miał takie pazdanowate
2018-05-01 08:58:15 #breeding @Yeou#9841: 1 miał irka
2018-05-01 08:58:30 #breeding @Eto#8523: bo to Ayato nie umie kurwa ruchać
2018-05-01 08:58:32 #breeding @Hinata#8320: suga odblokuj ranczo
2018-05-01 08:58:33 #breeding @Eto#8523: nie moja wina xd
2018-05-01 08:58:40 #breeding @Yeou#9841: XD
2018-05-01 08:58:40 #breeding @Eto#8523: db znowu kary
2018-05-01 08:58:57 #breeding @Hinata#8320: deu breednij mi konia
2018-05-01 08:59:01 #breeding @Eto#8523: ZNOWU W ŻYCIU MI NIE WYSZŁO
2018-05-01 08:59:05 #breeding @Zero Two#1866: xdd
2018-05-01 08:59:10 #breeding @Zero Two#1866: ola
2018-05-01 08:59:22 #breeding @Eto#8523: co
2018-05-01 08:59:35 #breeding @Zero Two#1866: cho
2018-05-01 08:59:37 #breeding @Zero Two#1866: gadu
2018-05-01 08:59:38 #breeding @Zero Two#1866: do
2018-05-01 08:59:39 #breeding @Zero Two#1866: nas
2018-05-01 08:59:40 #breeding @Zero Two#1866: xd
2018-05-01 08:59:42 #breeding @Eto#8523: nie moge
2018-05-01 08:59:44 #breeding @Zero Two#1866: yhh
2018-05-01 09:00:00 #breeding @Hinata#8320: suga breednij mi konia
2018-05-01 09:00:18 #breeding @Eto#8523: ok
2018-05-01 09:00:29 #breeding @Hinata#8320: o dzienki
2018-05-01 09:00:29 #breeding @Saiko#9938: Ja breedłam 2 razy
2018-05-01 09:00:38 #breeding @Yeou#9841: SUGA DAJ JESZCZE TROCHE
2018-05-01 09:00:43 #breeding @Zero Two#1866: czy tykko ja tu jestem biedna ?
2018-05-01 09:00:45 #breeding @Zero Two#1866: tylko*
2018-05-01 09:00:53 #breeding @Saiko#9938: @Hin. Kary sabino
2018-05-01 09:00:55 #breeding @Saiko#9938: o kurwa
2018-05-01 09:00:58 #breeding @Hinata#8320: uuu
2018-05-01 09:01:01 #breeding @Hinata#8320:  (attachment url(s): https://cdn.discordapp.com/attachments/437989274957250570/440799797654585344/unknown.png)
2018-05-01 09:01:01 #breeding @Eto#8523: ale ma już mało serc
2018-05-01 09:01:04 #breeding @Hinata#8320: widzicie
2018-05-01 09:01:07 #breeding @Hinata#8320: jakie moje konie sa super
2018-05-01 09:01:09 #breeding @Yeou#9841: 2 RAZY TYLKO
2018-05-01 09:01:11 #breeding @Yeou#9841: :<
2018-05-01 09:01:12 #breeding @Zero Two#1866:  (attachment url(s): https://cdn.discordapp.com/attachments/437989274957250570/440799845217861632/unknown.png)
2018-05-01 09:01:16 #breeding @Zero Two#1866: dajcie mi hajs.
2018-05-01 09:01:20 #breeding @Zero Two#1866: będę szczęśliwa.
2018-05-01 09:01:25 #breeding @Eto#8523: MI SIE NIE ZAGLĄDA W PORTFEL XD
2018-05-01 09:01:27 #breeding @Hinata#8320: suga to breedniesz mi?
2018-05-01 09:01:30 #breeding @Eto#8523: no
2018-05-01 09:01:35 #breeding @Hinata#8320: oks
2018-05-01 09:01:40 #breeding @Eto#8523: masz ode mnie 20 k
2018-05-01 09:02:03 #breeding @Hinata#8320: <3
2018-05-01 09:02:15 #breeding @Zero Two#1866: <:GWupuChitogeCry:390299759639789570>
2018-05-01 09:02:20 #breeding @Yeou#9841:  (attachment url(s): https://cdn.discordapp.com/attachments/437989274957250570/440800130330001408/unknown.png)
2018-05-01 09:02:22 #breeding @Yeou#9841: XD
2018-05-01 09:02:26 #breeding @Hinata#8320: @Saiko ty jestes jisatsu?
2018-05-01 09:02:32 #breeding @Zero Two#1866: ta
2018-05-01 09:02:33 #breeding @Zero Two#1866: to ona.
2018-05-01 09:02:36 #breeding @Zero Two#1866: xd
2018-05-01 09:02:54 #breeding @Hinata#8320: oks
2018-05-01 09:04:40 #breeding @Hinata#8320:  (attachment url(s): https://cdn.discordapp.com/attachments/437989274957250570/440800716345573378/unknown.png)
2018-05-01 09:04:41 #breeding @Hinata#8320: XDD
2018-05-01 09:04:48 #breeding @Yeou#9841: xD
2018-05-01 09:04:51 #breeding @Zero Two#1866: JA MIAŁAM 0
2018-05-01 09:04:52 #breeding @Zero Two#1866: XD
2018-05-01 09:05:38 #breeding @Hinata#8320: tera wam magie pokaze
2018-05-01 09:06:20 #breeding @Hinata#8320: ok jednak nie pokaze
2018-05-01 09:06:36 #breeding @Zero Two#1866: poka
2018-05-01 09:07:34 #breeding @Eto#8523: potencjał~~ (attachment url(s): https://cdn.discordapp.com/attachments/437989274957250570/440801444967219210/unknown.png)
2018-05-01 09:08:13 #breeding @Hinata#8320:  (attachment url(s): https://cdn.discordapp.com/attachments/437989274957250570/440801610097229836/unknown.png)
2018-05-01 09:08:23 #breeding @Zero Two#1866: <:GWnanamiYukiSugoi:399930935178690560>
2018-05-01 09:20:59 #breeding @Tęczowe Oreo#8467: Będziue ktoś chciał ;_; (attachment url(s): https://cdn.discordapp.com/attachments/437989274957250570/440804820148944897/Alicia_2018-05-01_11-20-09.jpg)
2018-05-01 09:21:05 #breeding @Saiko#9938: Byłby ktoś chętny? (attachment url(s): https://cdn.discordapp.com/attachments/437989274957250570/440804846765998080/JPEG_20180501_112041.jpg)
2018-05-01 09:21:11 #breeding @Tęczowe Oreo#8467: On miał miec czarną Grzywe
2018-05-01 09:21:20 #breeding @Zero Two#1866: NO CZEMU MACIE TAKIEGO FARTA
2018-05-01 09:21:22 #breeding @Zero Two#1866: DAJCIE MI HAJS
2018-05-01 09:21:25 #breeding @Zero Two#1866: t-t
2018-05-01 09:21:30 #breeding @Saiko#9938: Ja już nie mam
2018-05-01 09:22:20 #breeding @Hinata#8320: tejk him (attachment url(s): https://cdn.discordapp.com/attachments/437989274957250570/440805162911662090/unknown.png)
2018-05-01 10:00:03 #breeding @Yukinori (Yuki) Itsuki#8766: Jak nazwać? (attachment url(s): https://cdn.discordapp.com/attachments/437989274957250570/440814655619989504/unknown.png)
2018-05-01 10:00:44 #breeding @Yeou#9841: 6
2018-05-01 10:00:53 #breeding @Yukinori (Yuki) Itsuki#8766: No wiem że 6 lvl
2018-05-01 10:00:59 #breeding @Yeou#9841: wowie
2018-05-01 10:01:22 #breeding @Vasabi#2214: Nazwij go
2018-05-01 10:01:23 #breeding @Vasabi#2214: Janusz
2018-05-01 10:01:59 #breeding @Yukinori (Yuki) Itsuki#8766: Niech będzie Janusz, bo pewnie nie będzie długiej grzywy
2018-05-01 10:02:09 #breeding @Yukinori (Yuki) Itsuki#8766: A nawet jeśli
2018-05-01 10:02:14 #breeding @Yukinori (Yuki) Itsuki#8766: to szara
2018-05-01 10:02:16 #breeding @Yukinori (Yuki) Itsuki#8766: fuj
2018-05-01 10:02:35 #breeding @Yukinori (Yuki) Itsuki#8766: O kurde
2018-05-01 10:02:42 #breeding @Yukinori (Yuki) Itsuki#8766: Ładny herb ma
2018-05-01 10:03:09 #breeding @Yukinori (Yuki) Itsuki#8766:  (attachment url(s): https://cdn.discordapp.com/attachments/437989274957250570/440815431993917440/unknown.png)
2018-05-01 10:43:16 #breeding @Yeou#9841:  (attachment url(s): https://cdn.discordapp.com/attachments/437989274957250570/440825528321179648/unknown.png)
2018-05-01 10:43:16 #breeding @Yeou#9841: 10.999
2018-05-01 10:43:22 #breeding @Yeou#9841: siwki w rodo
2018-05-01 10:43:27 #breeding @Eto#8523: Biere
2018-05-01 10:43:28 #breeding @Eto#8523: Xddd
2018-05-01 10:43:38 #breeding @Eto#8523: Tylko niech mi się ao ogarnie
2018-05-01 10:43:43 #breeding @Yeou#9841: otobiero
2018-05-01 10:43:49 #breeding @Pollux#9069:  (attachment url(s): https://cdn.discordapp.com/attachments/437989274957250570/440825667974856724/LevelUP.gif)
2018-05-01 10:45:23 #breeding @!~>Kachiyo<~!#6544: ZAWAŁĄL,AŚL;SLS.SŁAQW;ĄL.QEA
2018-05-01 10:45:30 #breeding @!~>Kachiyo<~!#6544:  (attachment url(s): https://cdn.discordapp.com/attachments/437989274957250570/440826090454384640/unknown.png)
2018-05-01 10:46:00 #breeding @Yeou#9841: TO JA
2018-05-01 10:46:06 #breeding @Vasabi#2214: I jeszcze kucu<:BulbaOWO:439403869966172160>
2018-05-01 10:46:14 #breeding @Yeou#9841: ona ma same kuce
2018-05-01 10:46:15 #breeding @Eto#8523: Xd
2018-05-01 10:46:43 #breeding @Vasabi#2214: Ja probuje nie miec kucy ale mi nie wychodzi XD
2018-05-01 10:46:50 #breeding @Vasabi#2214: Potrzebuje giganta do ksiazki
2018-05-01 10:46:54 #breeding @Yeou#9841: dajcie troche hajsu kotki (attachment url(s): https://cdn.discordapp.com/attachments/437989274957250570/440826444688392193/unknown.png)
2018-05-01 10:47:31 #breeding @Eto#8523:  (attachment url(s): https://cdn.discordapp.com/attachments/437989274957250570/440826597868568586/JPEG_20180501_124727.jpg)
2018-05-01 10:47:38 #breeding @Vasabi#2214: Czemu grasz na ruskim
2018-05-01 10:47:57 #breeding @Yeou#9841: @Eto
2018-05-01 10:47:59 #breeding @Yeou#9841: KARY?
2018-05-01 10:48:16 #breeding @!~>Kachiyo<~!#6544:  (attachment url(s): https://cdn.discordapp.com/attachments/437989274957250570/440826785572323333/unknown.png)
2018-05-01 10:48:26 #breeding @!~>Kachiyo<~!#6544: Z TYM ZBREEDOWAŁAM
2018-05-01 10:49:17 #breeding @Yeou#9841: cena mojego karego spadła
2018-05-01 10:49:22 #breeding @Yeou#9841: 10k teraz
2018-05-01 10:50:08 #breeding @Zero Two#1866: T-T
2018-05-01 10:50:15 #breeding @Zero Two#1866: @Vasabi  napraw mnie od biedy
2018-05-01 10:50:49 #breeding @Vasabi#2214: Bede na alici kolo 15
2018-05-01 10:50:50 #breeding @Zero Two#1866: <:GWnanamiKonataCry:405043507544457226>
2018-05-01 10:50:50 #breeding @Eto#8523: Za ile wystawić karego +9 długa i miotełka z 88 ctrl?
2018-05-01 10:50:58 #breeding @Yeou#9841: WIDZISZ
2018-05-01 10:50:59 #breeding @Vasabi#2214: Moge wziac jakiegos twojego ale jakiego
2018-05-01 10:51:01 #breeding @Yeou#9841: DAŁAM CI KONIA MARZEN
2018-05-01 10:51:06 #breeding @Zero Two#1866: Tego karusa
2018-05-01 10:51:09 #breeding @Zero Two#1866: z falowaną
2018-05-01 10:51:09 #breeding @Zero Two#1866: xdd
2018-05-01 10:51:17 #breeding @Vasabi#2214: To pozniej go wezme
2018-05-01 10:51:22 #breeding @Zero Two#1866: ok
2018-05-01 10:51:50 #breeding @Vasabi#2214: A jest juz wystawiony?
2018-05-01 10:52:14 #breeding @Zero Two#1866: nie
2018-05-01 10:52:20 #breeding @Eto#8523: KIRWA ZA ILE KARY?
2018-05-01 10:52:24 #breeding @Zero Two#1866: mam 2k : 3
2018-05-01 10:52:27 #breeding @Zero Two#1866: 30
2018-05-01 10:52:28 #breeding @Zero Two#1866: k
2018-05-01 10:52:32 #breeding @Yeou#9841: 10.999 xD
2018-05-01 10:52:35 #breeding @Zero Two#1866: XD
2018-05-01 10:52:38 #breeding @Yeou#9841: 11.999
2018-05-01 10:52:40 #breeding @Yeou#9841: 12.999
2018-05-01 10:52:42 #breeding @Yeou#9841: 13.999
2018-05-01 10:52:43 #breeding @Eto#8523: Za mało
2018-05-01 10:52:48 #breeding @Eto#8523: 30 xd
2018-05-01 10:52:52 #breeding @Yeou#9841: 40k!!!!!!!
2018-05-01 10:52:53 #breeding @Eto#8523: Bo ładne staty
2018-05-01 10:52:58 #breeding @Eto#8523: ok xr
2018-05-01 10:53:00 #breeding @Eto#8523: Xd*
2018-05-01 10:53:18 #breeding @Zero Two#1866: Ola
2018-05-01 10:53:21 #breeding @Vasabi#2214: A grzywa dluga?
2018-05-01 10:53:24 #breeding @Zero Two#1866: ty masz same konie z 9+ do genów ?
2018-05-01 10:53:30 #breeding @Eto#8523: No
2018-05-01 10:53:40 #breeding @Vasabi#2214: Bo jak tak to 30k
2018-05-01 10:53:46 #breeding @Tęczowe Oreo#8467: KARY
2018-05-01 10:53:46 #breeding @Zero Two#1866: CO KUR
2018-05-01 10:53:49 #breeding @Saiko#9938: Ej @​here pilne
2018-05-01 10:53:53 #breeding @Zero Two#1866: nom
2018-05-01 10:53:54 #breeding @Eto#8523: No
2018-05-01 10:53:57 #breeding @Akanette#8300: co?
2018-05-01 10:54:13 #breeding @Hinata#8320: GEEhsjbefGR
2018-05-01 10:54:19 #breeding @Saiko#9938: ma ktoś kucyka? Byle jaka maść byle  kucyk
2018-05-01 10:54:24 #breeding @Hinata#8320: ja mam
2018-05-01 10:54:24 #breeding @Akanette#8300: nom mam
2018-05-01 10:54:26 #breeding @Saiko#9938: cena 10-20 k
2018-05-01 10:54:33 #breeding @Tęczowe Oreo#8467: MIAŁ MIEC CZARNą KUR (attachment url(s): https://cdn.discordapp.com/attachments/437989274957250570/440828367579643915/Alicia_2018-05-01_12-54-10.jpg)
2018-05-01 10:54:34 #breeding @Akanette#8300: mam nawet taniej
2018-05-01 10:54:34 #breeding @Vasabi#2214: Ja mam karego cuca bedzie za 20
2018-05-01 10:54:35 #breeding @Akanette#8300: XD
2018-05-01 10:54:36 #breeding @Vasabi#2214: Z dluga
2018-05-01 10:54:43 #breeding @Zero Two#1866: O KURDE
2018-05-01 10:54:44 #breeding @Hinata#8320:  (attachment url(s): https://cdn.discordapp.com/attachments/437989274957250570/440828417001390080/unknown.png)
2018-05-01 10:54:46 #breeding @Zero Two#1866: DAJCIE MI KUCYKA
2018-05-01 10:54:49 #breeding @Zero Two#1866: VASABI
2018-05-01 10:54:50 #breeding @Zero Two#1866: WGL
2018-05-01 10:54:55 #breeding @Zero Two#1866: CHO GADU JAK BĘDZIEMY GRAĆ
2018-05-01 10:54:55 #breeding @Zero Two#1866: X
2018-05-01 10:54:56 #breeding @Zero Two#1866: D
2018-05-01 10:55:01 #breeding @Zero Two#1866: O TEJ 15
2018-05-01 10:55:04 #breeding @Vasabi#2214: Okej
2018-05-01 10:55:07 #breeding @Saiko#9938: Pokazcie kucyki, stary rodów itd
2018-05-01 10:55:17 #breeding @Vasabi#2214: Chwila
2018-05-01 10:55:22 #breeding @Akanette#8300: cudne gowno (attachment url(s): https://cdn.discordapp.com/attachments/437989274957250570/440828572823846918/vsed.PNG)
2018-05-01 10:55:22 #breeding @Saiko#9938: Oke
2018-05-01 10:55:23 #breeding @Hinata#8320:  (attachment url(s): https://cdn.discordapp.com/attachments/437989274957250570/440828580386045962/unknown.png)
2018-05-01 10:55:34 #breeding @Zero Two#1866: SILNE SERCE
2018-05-01 10:55:36 #breeding @Akanette#8300: waga 402
2018-05-01 10:55:37 #breeding @Hinata#8320:  (attachment url(s): https://cdn.discordapp.com/attachments/437989274957250570/440828636149317643/unknown.png)
2018-05-01 10:55:37 #breeding @Vasabi#2214:  (attachment url(s): https://cdn.discordapp.com/attachments/437989274957250570/440828639739641856/received_378366819311612.jpeg)
2018-05-01 10:55:39 #breeding @Akanette#8300: SILNE SERCE
2018-05-01 10:55:43 #breeding @Zero Two#1866: UDO
2018-05-01 10:55:47 #breeding @Zero Two#1866: CUDO
2018-05-01 10:55:48 #breeding @Zero Two#1866: CUDO
2018-05-01 10:55:50 #breeding @Zero Two#1866: CUDO
2018-05-01 10:55:51 #breeding @Hinata#8320: nom
2018-05-01 10:55:52 #breeding @Zero Two#1866: CUDO
2018-05-01 10:55:52 #breeding @Akanette#8300: ale na kontrole :<
2018-05-01 10:55:55 #breeding @Saiko#9938: @Vasabi mogę twojego?
2018-05-01 10:55:56 #breeding @Zero Two#1866: AHAHAHAAHAHAHAHHA
2018-05-01 10:56:00 #breeding @Akanette#8300: silne serce raczej na speeda
2018-05-01 10:56:05 #breeding @Zero Two#1866: JRZU JAKIE PYTANIEXDXD
2018-05-01 10:56:07 #breeding @Hinata#8320: ale jak bedzie w dzierzawie
2018-05-01 10:56:08 #breeding @Hinata#8320: to no
2018-05-01 10:56:14 #breeding @Vasabi#2214: No raczej XD
2018-05-01 10:56:23 #breeding @Saiko#9938: A za ile wystawiasz?
2018-05-01 10:56:25 #breeding @Vasabi#2214: Bedzie kolo tej 15 napisze tu jak wystawie
2018-05-01 10:56:29 #breeding @Vasabi#2214: 20
2018-05-01 10:56:35 #breeding @Saiko#9938: Ok to będę brac
2018-05-01 10:56:52 #breeding @Zero Two#1866: @Vasabi  jak dasz mi hajs
2018-05-01 10:57:00 #breeding @Zero Two#1866: to z przyjemnością ci go wezme
2018-05-01 10:57:21 #breeding @Vasabi#2214: Jak wystawisz fajnego konia to wezme
2018-05-01 10:57:33 #breeding @Zero Two#1866: mówiłam ci
2018-05-01 10:58:27 #breeding @Hinata#8320: ):
2018-05-01 10:58:28 #breeding @Hinata#8320:  (attachment url(s): https://cdn.discordapp.com/attachments/437989274957250570/440829352913928193/unknown.png)
2018-05-01 10:58:34 #breeding @Zero Two#1866: ):
2018-05-01 10:58:37 #breeding @Vasabi#2214: A no tak
2018-05-01 10:58:43 #breeding @Pollux#9069:  (attachment url(s): https://cdn.discordapp.com/attachments/437989274957250570/440829416545976340/LevelUP.gif)
2018-05-01 10:58:45 #breeding @Vasabi#2214: Zapomnialam sry XD
2018-05-01 10:58:49 #breeding @Zero Two#1866: no ok
2018-05-01 10:58:55 #breeding @Hinata#8320:  (attachment url(s): https://cdn.discordapp.com/attachments/437989274957250570/440829467053654044/unknown.png)
2018-05-01 10:58:56 #breeding @Hinata#8320: lol
2018-05-01 10:59:05 #breeding @Zero Two#1866: skreroza boli
2018-05-01 10:59:06 #breeding @Zero Two#1866: xD
2018-05-01 10:59:17 #breeding @Vasabi#2214: Wiem XDD
2018-05-01 11:12:25 #breeding @Eto#8523:  (attachment url(s): https://cdn.discordapp.com/attachments/437989274957250570/440832867745136640/unknown.png)
2018-05-01 11:12:32 #breeding @Yeou#9841: SUGA
2018-05-01 11:12:34 #breeding @Yeou#9841: E
2018-05-01 11:12:35 #breeding @Yeou#9841: MAMUSIU
2018-05-01 11:12:37 #breeding @Yeou#9841: XDDDDDD
2018-05-01 11:12:44 #breeding @Yeou#9841: OPIEPRZYŁAŁ CAŁY HAJS I MAM
2018-05-01 11:12:44 #breeding @Yeou#9841: 7K
2018-05-01 11:12:47 #breeding @Yeou#9841: XDDDDDDDDDDDDDDDD
2018-05-01 11:14:15 #breeding @Eto#8523: XD
2018-05-01 11:14:33 #breeding @Eto#8523: @Ayatuss nasze dziecko wydało pinionżki co dostało xd
2018-05-01 11:15:40 #breeding @Yeou#9841: XDDDD
2018-05-01 11:15:45 #breeding @Yeou#9841: W NIECAŁE 7 MINUT
2018-05-01 11:18:34 #breeding @Eto#8523: xDD
2018-05-01 11:19:03 #breeding @Yeou#9841: Dasz mi ze 50k m-mamo?
2018-05-01 11:34:27 #breeding @kebab#1315:  (attachment url(s): https://cdn.discordapp.com/attachments/437989274957250570/440838410471473152/unknown.png)
2018-05-01 11:55:41 #breeding @Tęczowe Oreo#8467: Przecena jak w Biedronce (attachment url(s): https://cdn.discordapp.com/attachments/437989274957250570/440843754182803457/Alicia_2018-05-01_13-54-50.jpg)
2018-05-01 12:40:00 #breeding @!~>Kachiyo<~!#6544: Narescie <:BulbaOWO:439403869966172160>
2018-05-01 12:40:08 #breeding @!~>Kachiyo<~!#6544:  (attachment url(s): https://cdn.discordapp.com/attachments/437989274957250570/440854939531739146/unknown.png)
2018-05-01 12:40:17 #breeding @!~>Kachiyo<~!#6544: @oggo
2018-05-01 12:40:20 #breeding @!~>Kachiyo<~!#6544: patrz
2018-05-01 12:40:21 #breeding @!~>Kachiyo<~!#6544: jaka
2018-05-01 12:40:22 #breeding @!~>Kachiyo<~!#6544: jesteś
2018-05-01 12:40:23 #breeding @!~>Kachiyo<~!#6544: ładna
2018-05-01 12:40:35 #breeding @Yeou#9841: <:GWcmeisterPeepoLove:403295311189245952>
2018-05-01 12:52:27 #breeding @kebab#1315: mam takiego
2018-05-01 12:52:28 #breeding @kebab#1315: !!!
2018-05-01 13:24:35 #breeding @Hinata#8320:  (attachment url(s): https://cdn.discordapp.com/attachments/437989274957250570/440866125660553237/unknown.png)
2018-05-01 13:24:37 #breeding @Hinata#8320: 10k
2018-05-01 13:24:47 #breeding @Hinata#8320: zyczliwy!!
2018-05-01 13:34:13 #breeding @Vasabi#2214: @Touka-Chan wystawiasz tego karusa? Bo za 10 min bede na alicii
2018-05-01 13:35:15 #breeding @Zero Two#1866: czekaj
2018-05-01 13:35:21 #breeding @Zero Two#1866: tylko zbiore 5k
2018-05-01 13:35:25 #breeding @Vasabi#2214: Okej
2018-05-01 13:35:37 #breeding @Zero Two#1866: mam 2
2018-05-01 13:35:38 #breeding @Zero Two#1866: XD
2018-05-01 13:35:39 #breeding @Zero Two#1866: k
2018-05-01 13:35:59 #breeding @Vasabi#2214: To sporo jeszcze :")
2018-05-01 13:36:09 #breeding @Zero Two#1866: na botach nie : )
2018-05-01 13:36:23 #breeding @Vasabi#2214: A no chyba ze tak
2018-05-01 13:36:28 #breeding @Zero Two#1866: (:
2018-05-01 13:36:28 #breeding @Yeou#9841: Polecam experta na magi <:dead_from_laughing:439403894922280960>
2018-05-01 13:36:56 #breeding @Vasabi#2214: Cos z nim nie tak? <:think_fish:439403837455859712>
2018-05-01 13:37:10 #breeding @Yeou#9841: Polecam
2018-05-01 13:37:23 #breeding @Vasabi#2214: Pozniej sprobuje XD
2018-05-01 13:37:40 #breeding @Yeou#9841: Udalo mi sie za 3 razem przejsc 1 mape <:dead_from_laughing:439403894922280960>
2018-05-01 13:37:46 #breeding @Yeou#9841: Mialam takiego wkurwa <:dead_from_laughing:439403894922280960>
2018-05-01 13:38:07 #breeding @Vasabi#2214: Hahah
2018-05-01 13:46:33 #breeding @Zero Two#1866: @Vasabi  zara go wystawiam
2018-05-01 13:50:32 #breeding @Vasabi#2214: okej zrobie wyscig i lece go breedowac
2018-05-01 13:51:53 #breeding @Zero Two#1866: nie patrz na jelenia
2018-05-01 13:52:01 #breeding @Zero Two#1866: @Vasabi (attachment url(s): https://cdn.discordapp.com/attachments/437989274957250570/440873031141687296/unknown.png)
2018-05-01 13:52:20 #breeding @Vasabi#2214: jakiego jelenia XD
2018-05-01 13:52:26 #breeding @Zero Two#1866: NO BO TAM JELEŃ
2018-05-01 13:52:27 #breeding @Zero Two#1866: XD
2018-05-01 13:52:40 #breeding @Vasabi#2214: nie widze, mialam nie patrzec XD
2018-05-01 13:52:47 #breeding @Zero Two#1866: YHH
2018-05-01 13:52:51 #breeding @Zero Two#1866: dobra wystawiony już
2018-05-01 13:56:24 #breeding @Zero Two#1866: @Vasabi
2018-05-01 13:56:24 #breeding @Pollux#9069: Someone seems to have dropped a Lootbox here.You all have **__20 Seconds__** to dispute it! Type `pick` for a chance to claim it! (attachment url(s): https://cdn.discordapp.com/attachments/437989274957250570/440874134767927317/chest.png)
2018-05-01 13:56:25 #breeding @Pollux#9069: Entries for this Box:
2018-05-01 13:56:30 #breeding @Zero Two#1866: pick
2018-05-01 13:56:31 #breeding @Pollux#9069 edited message from 2018-05-01 13:56:25 (Entries for this Box:) to read: Entries for this Box:\nZero Two
2018-05-01 13:56:38 #breeding @Zero Two#1866: pick
2018-05-01 13:56:39 #breeding @Zero Two#1866: pick
2018-05-01 13:56:40 #breeding @Zero Two#1866: pick
2018-05-01 13:56:52 #breeding @Vasabi#2214: hm
2018-05-01 13:56:55 #breeding @Zero Two#1866 deleted message from 2018-05-01 13:56:30 (pick)
2018-05-01 13:56:55 #breeding @Pollux#9069 deleted message from 2018-05-01 13:56:24 (Someone seems to have dropped a Lootbox here.You all have **__20 Seconds__** to dispute it! Type `pick` for a chance to claim it!)
2018-05-01 13:56:55 #breeding @Pollux#9069 deleted message from 2018-05-01 13:56:25 (Entries for this Box:\nZero Two)
2018-05-01 13:56:55 #breeding @Pollux#9069: Time's up! Let's see who's getting this Box.\n**This Loot Box will be raffled between:**
2018-05-01 13:56:55 #breeding @Pollux#9069: Touka-Chan
2018-05-01 13:56:56 #breeding @Vasabi#2214: a
2018-05-01 13:56:58 #breeding @Zero Two#1866: bierzesz ?
2018-05-01 13:56:58 #breeding @Zero Two#1866: Xd
2018-05-01 13:57:01 #breeding @Pollux#9069 edited message from 2018-05-01 13:56:55 (Touka-Chan) to read: @Touka-Chan
2018-05-01 13:57:06 #breeding @Pollux#9069 deleted message from 2018-05-01 13:56:55 (@Touka-Chan)
2018-05-01 13:57:10 #breeding @Vasabi#2214: wbijam gwiazdki czekaj
2018-05-01 13:57:14 #breeding @Zero Two#1866: ok
2018-05-01 13:57:22 #breeding @Zero Two#1866: ma caałeee sercee
2018-05-01 14:04:08 #breeding @Vasabi#2214: what dal mi karego za 1 razem (attachment url(s): https://cdn.discordapp.com/attachments/437989274957250570/440876080727851018/Alicia_2018-05-01_16-03-54.jpg)
2018-05-01 14:04:19 #breeding @Eto#8523: Xdd
2018-05-01 14:04:25 #breeding @Zero Two#1866: Oh.
2018-05-01 14:04:38 #breeding @Vasabi#2214: jak go nazwac XD
2018-05-01 14:04:43 #breeding @Eto#8523: Suga
2018-05-01 14:04:43 #breeding @Zero Two#1866: Yoshiko
2018-05-01 14:04:49 #breeding @Vasabi#2214: ale spokojnie zbreeduje go jeszcze
2018-05-01 14:04:54 #breeding @Zero Two#1866: ok
2018-05-01 14:04:57 #breeding @Zero Two#1866: Dawaj Yoshiko
2018-05-01 14:05:02 #breeding @Eto#8523: Suga
2018-05-01 14:05:04 #breeding @Eto#8523: <:FeelsGunMan:439403983694725150>
2018-05-01 14:05:05 #breeding @Zero Two#1866: YOSHIKO
2018-05-01 14:05:05 #breeding @Zero Two#1866: XD
2018-05-01 14:05:13 #breeding @Vasabi#2214: jest yoshiko
2018-05-01 14:05:16 #breeding @Zero Two#1866: HAHA
2018-05-01 14:05:17 #breeding @Zero Two#1866: XD
2018-05-01 14:05:18 #breeding @Eto#8523: .mute  @Touka-Chan
2018-05-01 14:05:19 #breeding @Vasabi#2214: i ma srednia o niee
2018-05-01 14:05:19 #breeding @Synapse#0692: 
2018-05-01 14:05:20 #breeding @Synapse#0692 edited message from 2018-05-01 14:05:19 () to read: 
2018-05-01 14:05:27 #breeding @Eto#8523: <:GWomoDrakeYea:407618577969971210>
2018-05-01 14:05:29 #breeding @Vasabi#2214: XD
2018-05-01 14:05:31 #breeding @Eto#8523: XD
2018-05-01 14:05:51 #breeding @Eto#8523: @Touka-Chan piszesz coś?
2018-05-01 14:05:59 #breeding @Eto#8523: XD
2018-05-01 14:06:00 #breeding @Vasabi#2214: i tak wywalilam go
2018-05-01 14:06:31 #breeding @Eto#8523:  (attachment url(s): https://cdn.discordapp.com/attachments/437989274957250570/440876678000934913/Screenshot_2018-05-01-16-06-23-717_com.discord.png)
2018-05-01 14:06:32 #breeding @Eto#8523: XD
2018-05-01 14:06:56 #breeding @Eto#8523: .unmute @Touka-Chan
2018-05-01 14:06:56 #breeding @Synapse#0692: 
2018-05-01 14:06:56 #breeding @Synapse#0692 edited message from 2018-05-01 14:06:56 () to read: 
2018-05-01 14:07:00 #breeding @Zero Two#1866: <:GWtogaTheSaddest:384871977149661184>
2018-05-01 14:07:02 #breeding @Zero Two#1866: No za cio..
2018-05-01 14:07:16 #breeding @Eto#8523: Że mną się nie zadziera <:GWvertiPeepoSalute:405951690034905089>
2018-05-01 14:07:21 #breeding @Zero Two#1866: @Vasabi  breedujesz jeszcze?
2018-05-01 14:07:21 #breeding @Vasabi#2214: ahahh
2018-05-01 14:07:24 #breeding @Zero Two#1866: Przepraszam :C
2018-05-01 14:07:25 #breeding @Eto#8523: Bo naśle na cb @Ayatuss
2018-05-01 14:07:28 #breeding @Eto#8523: <:GWomoDrakeYea:407618577969971210>
2018-05-01 14:07:29 #breeding @Zero Two#1866: NIEE
2018-05-01 14:07:42 #breeding @Zero Two#1866: <:GWupuChitogeCry:390299759639789570>
2018-05-01 14:07:44 #breeding @Vasabi#2214: MARCHEWA 6 LVL JUHU
2018-05-01 14:07:48 #breeding @Zero Two#1866: OH
2018-05-01 14:07:51 #breeding @Eto#8523: Xd
2018-05-01 14:07:51 #breeding @Zero Two#1866: ile jeszcze robisz
2018-05-01 14:07:53 #breeding @Zero Two#1866: czy już stop
2018-05-01 14:07:54 #breeding @Vasabi#2214: starczy 4 razy XD
2018-05-01 14:07:57 #breeding @Zero Two#1866: D;
2018-05-01 14:07:58 #breeding @Zero Two#1866: ok
2018-05-01 14:08:20 #breeding @Vasabi#2214: dobrze wykorzystaj moje pieniadze XD
2018-05-01 14:08:25 #breeding @Zero Two#1866: ok
2018-05-01 14:08:56 #breeding @Eto#8523: <:GWunuDrakeNo:387668644500602890>
2018-05-01 14:11:07 #breeding @Zero Two#1866: okurwa (attachment url(s): https://cdn.discordapp.com/attachments/437989274957250570/440877838447542272/unknown.png)
2018-05-01 14:11:40 #breeding @Zero Two#1866: XD
2018-05-01 14:11:40 #breeding @Zero Two#1866: //1?ZAILE WYSTAWIĆ (attachment url(s): https://cdn.discordapp.com/attachments/437989274957250570/440877976855379978/unknown.png)
2018-05-01 14:11:55 #breeding @Zero Two#1866: @Eto  ZAI LE WYSTAWIĆ
2018-05-01 14:11:56 #breeding @Zero Two#1866: DNFUIEBUIFWE
2018-05-01 14:12:19 #breeding @Zero Two#1866: @oggo
2018-05-01 14:12:37 #breeding @Yeou#9841: Ohui
2018-05-01 14:12:39 #breeding @Yeou#9841: 35k
2018-05-01 14:12:42 #breeding @Zero Two#1866: CZEMU
2018-05-01 14:12:42 #breeding @Yeou#9841: Albo 40k
2018-05-01 14:12:44 #breeding @Zero Two#1866: OOI
2018-05-01 14:12:45 #breeding @Zero Two#1866: 40
2018-05-01 14:12:46 #breeding @Zero Two#1866: XD
2018-05-01 14:12:51 #breeding @Zero Two#1866: JAK TO JEST ŻYCZLIWE
2018-05-01 14:12:52 #breeding @Zero Two#1866: TO IDE
2018-05-01 14:12:53 #breeding @Zero Two#1866: XD
2018-05-01 14:12:57 #breeding @Yeou#9841: Ooo
2018-05-01 14:13:00 #breeding @Zero Two#1866: CZEKAJ
2018-05-01 14:13:24 #breeding @Zero Two#1866: PO POLSKU JĄ WŁĄCZAM
2018-05-01 14:13:24 #breeding @Yeou#9841: No ma dluga grzywe staty cud miud +9 i zyczliwiec
2018-05-01 14:13:24 #breeding @Zero Two#1866: XD
2018-05-01 14:13:29 #breeding @Zero Two#1866: CZEKAJ
2018-05-01 14:13:32 #breeding @Zero Two#1866: SPRAWDZE
2018-05-01 14:13:36 #breeding @Zero Two#1866: AHAHAHAHHA
2018-05-01 14:13:36 #breeding @Zero Two#1866: XD
2018-05-01 14:13:41 #breeding @Zero Two#1866: JAK SIĘ JARAM
2018-05-01 14:13:46 #breeding @Zero Two#1866: ❤
2018-05-01 14:14:46 #breeding @Yeou#9841: Cg <:GWcmeisterPeepoLove:403295311189245952>
2018-05-01 14:14:51 #breeding @Zero Two#1866: żarłok..
2018-05-01 14:14:54 #breeding @Zero Two#1866: nieee..
2018-05-01 14:18:14 #breeding @Zero Two#1866: Zium~ (attachment url(s): https://cdn.discordapp.com/attachments/437989274957250570/440879628203196426/unknown.png)
2018-05-01 14:18:26 #breeding @Zero Two#1866: moje ZeroTwo jest gotowa na ruchanie~
2018-05-01 14:20:36 #breeding @Vasabi#2214: woo karus
2018-05-01 14:20:37 #breeding @Tatsumaki#8792: 🆙  |  **Vasabi leveled up!** (attachment url(s): https://cdn.discordapp.com/attachments/437989274957250570/440880227057664011/levelup.png)
2018-05-01 14:20:46 #breeding @Zero Two#1866: Nioo
2018-05-01 14:20:50 #breeding @Zero Two#1866: dziękuje ci za hajs~
2018-05-01 14:20:53 #breeding @Zero Two#1866: odpłace ci
2018-05-01 14:21:03 #breeding @Zero Two#1866: @Saiko  i tobie też.
2018-05-01 14:21:17 #breeding @Vasabi#2214: narazie nie czuje biedy wiec nie musisz XD
2018-05-01 14:21:21 #breeding @Zero Two#1866: ok xD
2018-05-01 14:21:34 #breeding @Yeou#9841:  (attachment url(s): https://cdn.discordapp.com/attachments/437989274957250570/440880466350964757/unknown.png)
2018-05-01 14:21:39 #breeding @Yeou#9841: <:dead_from_laughing:439403894922280960>
2018-05-01 14:22:06 #breeding @Yeou#9841: jestem bogata nie to co wy biedaki mułahahahha <:dead_from_laughing:439403894922280960>
2018-05-01 14:22:12 #breeding @Zero Two#1866: wezmą mi go więcej ? (attachment url(s): https://cdn.discordapp.com/attachments/437989274957250570/440880627210780684/unknown.png)
2018-05-01 14:22:25 #breeding @Yeou#9841: tak
2018-05-01 14:22:26 #breeding @Zero Two#1866: <:GWtogaTheSaddest:384871977149661184>
2018-05-01 14:22:28 #breeding @Zero Two#1866: Ok
2018-05-01 14:22:31 #breeding @Zero Two#1866: Xd
2018-05-01 14:22:43 #breeding @Yeou#9841: potrzymaj go jeszcze dłużej
2018-05-01 14:22:59 #breeding @Zero Two#1866: potrzymam
2018-05-01 14:23:04 #breeding @Zero Two#1866: chyba kilka godziń
2018-05-01 14:23:08 #breeding @Zero Two#1866: godzin
2018-05-01 14:23:12 #breeding @Zero Two#1866: zara i tak schodze z lapka
2018-05-01 14:29:18 #breeding @Zero Two#1866 edited message from 2018-05-01 14:18:26 (moje ZeroTwo jest gotowa na ruchanie~) to read: moja ZeroTwo jest gotowa na ruchanie~
2018-05-01 15:20:20 #breeding @Vasabi#2214: 20k (attachment url(s): https://cdn.discordapp.com/attachments/437989274957250570/440895257912279040/Alicia_2018-05-01_17-19-57.jpg)
2018-05-01 15:41:14 #breeding @Hinata#8320: deu hoc gadac
2018-05-01 15:41:53 #breeding @Hinata#8320: ups nie tu
2018-05-01 17:24:27 #breeding @Vasabi#2214: karus ktory jest wyzej wisi za 12k! 2,5 serca
2018-05-01 17:25:05 #breeding @Zero Two#1866: jezu
2018-05-01 17:25:09 #breeding @Zero Two#1866: znowu jestem biedna
2018-05-01 17:25:09 #breeding @Zero Two#1866: xD
2018-05-01 17:25:27 #breeding @Vasabi#2214: <:PikachuFacePalm:439404288024772610>
2018-05-01 17:25:51 #breeding @Vasabi#2214: ale karus ci sie urodzil nie? to wleci troche kasy XD
2018-05-01 17:31:22 #breeding @Zero Two#1866: hh
2018-05-01 17:31:24 #breeding @Zero Two#1866: wydałam
2018-05-01 17:31:27 #breeding @Zero Two#1866: i mi zarobił
2018-05-01 17:31:28 #breeding @Zero Two#1866: Xd
2018-05-01 18:08:55 #breeding @Eto#8523: HAHAHHAHA (attachment url(s): https://cdn.discordapp.com/attachments/437989274957250570/440937683041386496/unknown.png)
2018-05-01 18:08:58 #breeding @Eto#8523: @Touka-Chan
2018-05-01 18:09:05 #breeding @Eto#8523: KOCHAM CIE
2018-05-01 18:09:10 #breeding @Yeou#9841: where i
2018-05-01 18:09:15 #breeding @Zero Two#1866: DZIĘKUJE~
2018-05-01 18:09:18 #breeding @Yeou#9841: <:angerysad:439403854472151050>
2018-05-01 18:09:31 #breeding @Eto#8523: Ayato ma wreszcie siostre
2018-05-01 18:09:36 #breeding @Zero Two#1866: TAK
2018-05-01 18:09:36 #breeding @Zero Two#1866: XD
2018-05-01 18:09:39 #breeding @Zero Two#1866: Z IROKEZEM XD
2018-05-01 18:09:46 #breeding @Eto#8523: xDD
2018-05-01 18:11:19 #breeding @Vasabi#2214: jak ty robisz te konie XD
2018-05-01 18:11:39 #breeding @Vasabi#2214: ze caly czas masz nowe i super ladne XD
2018-05-01 18:11:52 #breeding @Eto#8523: idk xd
2018-05-01 18:11:57 #breeding @Eto#8523: ale zbiedłam xdd
2018-05-01 18:12:04 #breeding @Eto#8523: ale sie opłacało dla takiego cuda
2018-05-01 18:12:22 #breeding @Yeou#9841: brak odpowiedzi <:evilpatrick:439403953399136261>
2018-05-01 18:12:49 #breeding @Eto#8523: zrobie cie
2018-05-01 18:12:57 #breeding @Eto#8523: ale narazie musie sloty wbijać
2018-05-01 18:14:54 #breeding @Vasabi#2214: ;-;
2018-05-01 18:15:06 #breeding @Vasabi#2214: mi najlepsze wychodzą z szampanów sabino XD
2018-05-01 18:15:29 #breeding @Yeou#9841: <:
2018-05-01 18:41:58 #breeding @Eto#8523: 30 k (attachment url(s): https://cdn.discordapp.com/attachments/437989274957250570/440946000027189248/unknown.png)
2018-05-01 19:40:53 #breeding @Eto#8523:  (attachment url(s): https://cdn.discordapp.com/attachments/437989274957250570/440960827051212830/unknown.png)
2018-05-01 19:41:28 #breeding @Yeou#9841: <:angerysad:439403854472151050>
2018-05-01 20:00:10 #breeding @!~>Kachiyo<~!#6544: Zrób mnie
2018-05-01 20:00:54 #breeding @Yeou#9841: Aha
2018-05-01 20:00:57 #breeding @Yeou#9841: <:angerysad:439403854472151050>
2018-05-01 20:03:04 #breeding @!~>Kachiyo<~!#6544: @Michalina Bąk
2018-05-01 20:03:09 #breeding @!~>Kachiyo<~!#6544: Ty masz mnie zrobić
2018-05-01 20:03:14 #breeding @!~>Kachiyo<~!#6544: Bo Cie zrobiłam
2018-05-01 20:03:15 #breeding @Yeou#9841: Zrobie
2018-05-01 20:03:23 #breeding @!~>Kachiyo<~!#6544: <:BulbaOWO:439403869966172160>
2018-05-01 20:03:40 #breeding @Yeou#9841: Bedziesz miala ten fejm pf
2018-05-01 20:43:09 #breeding @Eto#8523:  (attachment url(s): https://cdn.discordapp.com/attachments/437989274957250570/440976494907359242/unknown.png)
2018-05-02 08:03:24 #breeding @Zero Two#1866:  (attachment url(s): https://cdn.discordapp.com/attachments/437989274957250570/441147685307940874/unknown.png)
2018-05-02 09:58:38 #breeding @Eto#8523:  (attachment url(s): https://cdn.discordapp.com/attachments/437989274957250570/441176683832279042/unknown.png)
2018-05-02 09:58:38 #breeding @Pollux#9069: Someone seems to have dropped a Lootbox here.You all have **__20 Seconds__** to dispute it! Type `pick` for a chance to claim it! (attachment url(s): https://cdn.discordapp.com/attachments/437989274957250570/441176685602406400/chest.png)
2018-05-02 09:58:38 #breeding @Pollux#9069: Entries for this Box:
2018-05-02 09:59:04 #breeding @Eto#8523: pick
2018-05-02 09:59:04 #breeding @Pollux#9069 edited message from 2018-05-02 09:58:38 (Entries for this Box:) to read: Entries for this Box:\nEto
2018-05-02 09:59:09 #breeding @Eto#8523 deleted message from 2018-05-02 09:59:04 (pick)
2018-05-02 09:59:09 #breeding @Pollux#9069 deleted message from 2018-05-02 09:58:38 (Someone seems to have dropped a Lootbox here.You all have **__20 Seconds__** to dispute it! Type `pick` for a chance to claim it!)
2018-05-02 09:59:09 #breeding @Pollux#9069 deleted message from 2018-05-02 09:58:38 (Entries for this Box:\nEto)
2018-05-02 09:59:09 #breeding @Pollux#9069: Time's up! Let's see who's getting this Box.\n**This Loot Box will be raffled between:**
2018-05-02 09:59:09 #breeding @Pollux#9069: Eto konfident l Wielka
2018-05-02 09:59:15 #breeding @Pollux#9069 edited message from 2018-05-02 09:59:09 (Eto konfident l Wielka) to read: @Eto konfident l Wielka
2018-05-02 09:59:20 #breeding @Pollux#9069 deleted message from 2018-05-02 09:59:09 (@Eto konfident l Wielka)
2018-05-02 10:34:11 #breeding @Eto#8523:  (attachment url(s): https://cdn.discordapp.com/attachments/437989274957250570/441185630433837056/unknown.png)
2018-05-02 10:43:54 #breeding @Eto#8523:  (attachment url(s): https://cdn.discordapp.com/attachments/437989274957250570/441188078737162240/unknown.png)
2018-05-02 11:56:47 #breeding @Eto#8523: znowu xdd (attachment url(s): https://cdn.discordapp.com/attachments/437989274957250570/441206418171756544/unknown.png)
2018-05-02 12:00:03 #breeding @Yeou#9841: a mnei nadal nei ma
2018-05-02 12:00:54 #breeding @Eto#8523: ja narazie nie robie koni aby zostały ;_;
2018-05-02 12:01:37 #breeding @Yeou#9841: ¯\_(ツ)_/¯
2018-05-02 12:03:51 #breeding @Eto#8523: wszystkie potem idą tam *pokazuje na śmietnik* <:GWseremePeepoThink:402867838580293643>
2018-05-02 12:06:34 #breeding @Yeou#9841: palą sie w piekle
2018-05-02 12:07:00 #breeding @Eto#8523: tak bo mają zawsze brzydkie całe staty
2018-05-02 13:16:50 #breeding @Eto#8523:  (attachment url(s): https://cdn.discordapp.com/attachments/437989274957250570/441226565481922562/unknown.png)
2018-05-02 13:43:05 #breeding @Vasabi#2214: 30k (attachment url(s): https://cdn.discordapp.com/attachments/437989274957250570/441233170705416192/Alicia_2018-05-02_15-42-11.jpg)
2018-05-02 13:56:40 #breeding @Zero Two#1866: daj..hajs..
2018-05-02 13:56:44 #breeding @Zero Two#1866: bo bieda..
2018-05-02 14:15:00 #breeding @Eto#8523: skisłam xD (attachment url(s): https://cdn.discordapp.com/attachments/437989274957250570/441241200742236160/unknown.png)
2018-05-02 14:50:19 #breeding @Vasabi#2214: Dlaczego
2018-05-02 14:50:29 #breeding @Vasabi#2214: Ile ty masz tych ivory
2018-05-02 14:50:41 #breeding @Vasabi#2214: Uspokoj sie z nimi
2018-05-02 14:50:43 #breeding @Vasabi#2214: XD
2018-05-02 14:51:11 #breeding @Eto#8523: No 6 dzisiaj było xdf
2018-05-02 14:51:34 #breeding @Eto#8523: Xdd*
2018-05-02 14:51:44 #breeding @Vasabi#2214: ;-;
2018-05-02 14:51:45 #breeding @Vasabi#2214: How
2018-05-02 14:52:24 #breeding @Eto#8523: Idk
2018-05-02 14:52:37 #breeding @Eto#8523: Wiem że jeden był życzliwy
2018-05-02 14:53:59 #breeding @Vasabi#2214: <:angerysad:439403854472151050>
2018-05-02 15:28:32 #breeding @Eto#8523: ktoś będzie chciał? 96 ctrl? (attachment url(s): https://cdn.discordapp.com/attachments/437989274957250570/441259707395473408/unknown.png)
2018-05-02 15:57:14 #breeding @Vasabi#2214: OHMY (attachment url(s): https://cdn.discordapp.com/attachments/437989274957250570/441266929328717824/Alicia_2018-05-02_17-55-57.jpg)
2018-05-02 15:57:18 #breeding @Vasabi#2214: JAK TO NAZWAC
2018-05-02 15:57:47 #breeding @Vasabi#2214: zeby tylko mial dluga <:FeelsGunMan:439403983694725150>
2018-05-02 15:58:13 #breeding @Amii#8528: Nazwij Amii xd
2018-05-02 15:58:21 #breeding @Vasabi#2214:  (attachment url(s): https://cdn.discordapp.com/attachments/437989274957250570/441267208518107150/Alicia_2018-05-02_17-58-04.jpg)
2018-05-02 15:58:22 #breeding @Vasabi#2214: <:angerysad:439403854472151050>
2018-05-02 15:58:37 #breeding @Amii#8528: Łeee zgolona
2018-05-02 15:58:59 #breeding @Vasabi#2214: zgoloną bym jeszcze przeżyła ale ogon...
2018-05-02 16:47:30 #breeding @Eto#8523:  (attachment url(s): https://cdn.discordapp.com/attachments/437989274957250570/441279577935970304/unknown.png)
2018-05-02 17:15:32 #breeding @Eto#8523: życzliwy~~ (attachment url(s): https://cdn.discordapp.com/attachments/437989274957250570/441286635439783965/unknown.png)
2018-05-02 17:16:33 #breeding @Tęczowe Oreo#8467: suga ty nie masz szczęscia do Ivorów
2018-05-02 17:16:41 #breeding @Eto#8523: no nie? xdd
2018-05-02 17:16:46 #breeding @Tęczowe Oreo#8467: Noo xD
2018-05-02 17:17:40 #breeding @Eto#8523: dzisiaj urodziło mi sie 8 ivorych
2018-05-02 17:17:46 #breeding @Eto#8523: ale ja sie dalej nie poddaje i lece xdd
2018-05-02 17:19:31 #breeding @Eto#8523: ale w sumie mi to nie przeszkadza bo kocham ivory
2018-05-02 17:22:29 #breeding @Yeou#9841: Ile ty już masz pieniędzy
2018-05-02 17:22:56 #breeding @Eto#8523:  (attachment url(s): https://cdn.discordapp.com/attachments/437989274957250570/441288498738364426/unknown.png)
2018-05-02 17:23:05 #breeding @Eto#8523: ale musiałam sie wybić z 200 k
2018-05-02 17:25:20 #breeding @Eto#8523: ale no od żula do króla i na odwrót
2018-05-02 17:26:29 #breeding @Yeou#9841: daj troszku <:GWvertiPeepoUpset:407618665907748876>
2018-05-02 17:27:19 #breeding @Eto#8523: a masz coś?
2018-05-02 17:27:37 #breeding @Yeou#9841: moge ci wystawić konia karego z długą czarną
2018-05-02 17:27:46 #breeding @Yeou#9841: ma z 80+ kontroli
2018-05-02 17:27:53 #breeding @Eto#8523: ile seduszek?
2018-05-02 17:27:58 #breeding @Eto#8523: serduszek*
2018-05-02 17:28:04 #breeding @Yeou#9841: 3 - 2
2018-05-02 17:28:08 #breeding @Eto#8523: OOOO
2018-05-02 17:28:14 #breeding @Yeou#9841: ale nie wiem jeszcze
2018-05-02 17:28:15 #breeding @Eto#8523: wystaw
2018-05-02 17:28:17 #breeding @Yeou#9841: może mieć nawet 1
2018-05-02 17:28:20 #breeding @Yeou#9841: :<
2018-05-02 17:28:23 #breeding @Eto#8523: trudno
2018-05-02 17:28:34 #breeding @Eto#8523: wyszedł mi siwek z konia co miał 1 serce
2018-05-02 17:28:34 #breeding @Yeou#9841: aww ok zbieram hajs
2018-05-02 17:28:39 #breeding @Eto#8523: okkk
2018-05-02 17:28:50 #breeding @Yeou#9841: zbiore w jakieś 8 minut albo 9
2018-05-02 17:28:51 #breeding @Yeou#9841: :>
2018-05-02 17:29:38 #breeding @Eto#8523: oki
2018-05-02 17:34:16 #breeding @Yeou#9841: ok ma tyle jeszcze nie wystawilam (attachment url(s): https://cdn.discordapp.com/attachments/437989274957250570/441291350621552640/unknown.png)
2018-05-02 17:37:06 #breeding @Eto#8523:  (attachment url(s): https://cdn.discordapp.com/attachments/437989274957250570/441292062265180161/unknown.png)
2018-05-02 17:37:23 #breeding @Amii#8528: Mi też daj trochu xd
2018-05-02 17:38:28 #breeding @Yeou#9841: JEZU
2018-05-02 17:38:29 #breeding @Yeou#9841: ODDAJ
2018-05-02 17:38:33 #breeding @Yeou#9841: BŁAGAM
2018-05-02 17:38:39 #breeding @Yeou#9841: MOJ DREAM HORSE
2018-05-02 17:38:50 #breeding @Yeou#9841: <:GWvertiPeepoUpset:407618665907748876>
2018-05-02 17:39:02 #breeding @Amii#8528: Mogę Ci wystawić karego sabino długa szara  71 ctrl albo krusa biała krótka Ale słabe staty
2018-05-02 17:40:04 #breeding @Eto#8523: wystawiajta co chce
2018-05-02 17:40:07 #breeding @Amii#8528: Ok
2018-05-02 17:41:32 #breeding @Yeou#9841: jeszcze 3k <:GWvertiPeepoUpset:407618665907748876>
2018-05-02 17:41:57 #breeding @Amii#8528: Wystawiłam krowę ma 3 serca xd
2018-05-02 17:42:30 #breeding @Eto#8523: poka
2018-05-02 17:43:18 #breeding @Amii#8528: Ok
2018-05-02 17:44:32 #breeding @Amii#8528: prosz (attachment url(s): https://cdn.discordapp.com/attachments/437989274957250570/441293932282773514/unknown.png)
2018-05-02 17:44:33 #breeding @Tatsumaki#8792: 🆙  |  **Amii leveled up!** (attachment url(s): https://cdn.discordapp.com/attachments/437989274957250570/441293937521590293/levelup.png)
2018-05-02 17:45:23 #breeding @Eto#8523: to zaraz wezme
2018-05-02 17:45:25 #breeding @Yeou#9841: 10k (attachment url(s): https://cdn.discordapp.com/attachments/437989274957250570/441294154384015371/unknown.png)
2018-05-02 17:45:31 #breeding @Yeou#9841: <:GWvertiPeepoUpset:407618665907748876>
2018-05-02 17:45:33 #breeding @Amii#8528: Oke
2018-05-02 17:45:46 #breeding @Yeou#9841: @Eto konfident l Wielka  eto koń
2018-05-02 17:46:44 #breeding @Eto#8523: zaraz wezme oba
2018-05-02 17:47:09 #breeding @Yeou#9841: weź mi dużo razy jak chcesz <:GWvertiPeepoUpset:407618665907748876>
2018-05-02 17:47:19 #breeding @Zero Two#1866: też chce
2018-05-02 17:47:19 #breeding @Zero Two#1866: xD
2018-05-02 17:47:36 #breeding @Amii#8528: Mi też tak z 2 razy xd
2018-05-02 17:47:43 #breeding @Eto#8523: no ok xd
2018-05-02 17:47:44 #breeding @Pollux#9069: Someone seems to have dropped a Lootbox here.You all have **__20 Seconds__** to dispute it! Type `pick` for a chance to claim it! (attachment url(s): https://cdn.discordapp.com/attachments/437989274957250570/441294737627152386/chest.png)
2018-05-02 17:47:44 #breeding @Pollux#9069: Entries for this Box:
2018-05-02 17:47:48 #breeding @Yeou#9841: pick
2018-05-02 17:47:49 #breeding @Pollux#9069 edited message from 2018-05-02 17:47:44 (Entries for this Box:) to read: Entries for this Box:\nYeou
2018-05-02 17:47:49 #breeding @Eto#8523: pick
2018-05-02 17:47:49 #breeding @Pollux#9069 edited message from 2018-05-02 17:47:44 (Entries for this Box:\nYeou) to read: Entries for this Box:\nYeou\nEto
2018-05-02 17:48:02 #breeding @Yeou#9841: *muzyka grozy*
2018-05-02 17:48:15 #breeding @Yeou#9841 deleted message from 2018-05-02 17:47:48 (pick)
2018-05-02 17:48:15 #breeding @Eto#8523 deleted message from 2018-05-02 17:47:49 (pick)
2018-05-02 17:48:15 #breeding @Pollux#9069 deleted message from 2018-05-02 17:47:44 (Someone seems to have dropped a Lootbox here.You all have **__20 Seconds__** to dispute it! Type `pick` for a chance to claim it!)
2018-05-02 17:48:17 #breeding @Pollux#9069 deleted message from 2018-05-02 17:47:44 (Entries for this Box:\nYeou\nEto)
2018-05-02 17:48:17 #breeding @Pollux#9069: Time's up! Let's see who's getting this Box.\n**This Loot Box will be raffled between:**
2018-05-02 17:48:17 #breeding @Pollux#9069: Deu Koperek Kobla\nEto konfident l Wielka
2018-05-02 17:48:22 #breeding @Yeou#9841: >.>
2018-05-02 17:48:22 #breeding @Pollux#9069 edited message from 2018-05-02 17:48:17 (Deu Koperek Kobla\nEto konfident l Wielka) to read: Deu Koperek Kobla\n@Eto konfident l Wielka
2018-05-02 17:48:28 #breeding @Pollux#9069 deleted message from 2018-05-02 17:48:17 (Deu Koperek Kobla\n@Eto konfident l Wielka)
2018-05-02 17:48:28 #breeding @Eto#8523: już 3
2018-05-02 17:48:30 #breeding @Yeou#9841: GAAAAAAAAAAAAAAD DEMET <:FeelsTooPingedMan:439404007212187649>
2018-05-02 17:48:43 #breeding @Eto#8523: @Deu Koperek Kobla już dostałaś donejta
2018-05-02 17:48:52 #breeding @Yeou#9841: 3 razy uwu
2018-05-02 17:49:01 #breeding @Yeou#9841: AAAAAAAAAAAA
2018-05-02 17:49:09 #breeding @Yeou#9841: DOSTAŁAM WIĘKSZEGO DONEJTA NIŻ LJAY
2018-05-02 17:49:34 #breeding @Eto#8523: xD
2018-05-02 17:50:33 #breeding @Eto#8523: @Amii Jajami też dostałas donejta
2018-05-02 17:57:01 #breeding @Eto#8523:  (attachment url(s): https://cdn.discordapp.com/attachments/437989274957250570/441297075519619072/unknown.png)
2018-05-02 18:00:16 #breeding @Shizuka#9938: <:FeelsGunMan:439403983694725150>
2018-05-02 18:00:50 #breeding @Eto#8523: <:GWseremePeepoGGERS:402867853906280450>
2018-05-02 18:05:04 #breeding @Amii#8528: Dzięki za donejta<:GWcmeisterPeepoLove:403295311189245952>
2018-05-02 18:05:31 #breeding @Eto#8523: np <:GWcmeisterPeepoLove:403295311189245952>
2018-05-02 20:11:47 #breeding @Eto#8523:  (attachment url(s): https://cdn.discordapp.com/attachments/437989274957250570/441330988937773061/unknown.png)
2018-05-02 20:13:18 #breeding @Hossaki#4437: No oddaj to swoje szczęście :(
2018-05-02 20:13:43 #breeding @Eto#8523: to szczęście gildiowe
2018-05-02 20:14:01 #breeding @Hossaki#4437: Mi nie działa :'(
2018-05-02 20:14:05 #breeding @Eto#8523: i tak oto nie mam czego wywalić (attachment url(s): https://cdn.discordapp.com/attachments/437989274957250570/441331566841430016/unknown.png)
2018-05-02 20:14:14 #breeding @Hossaki#4437: No halt
2018-05-02 20:14:29 #breeding @Eto#8523: wszystkie oprócz pierwszego pod karni
2018-05-02 20:14:29 #breeding @Hossaki#4437: Ja mam tylko jedno miejsce wolne i nic dobrego nie mam tam!
2018-05-02 20:27:56 #breeding @Yeou#9841: Masz mnie
2018-05-02 20:28:02 #breeding @Yeou#9841: Tam puste okno to ja
2018-05-02 20:28:07 #breeding @Yeou#9841: <:BulbaOWO:439403869966172160>
2018-05-02 20:28:47 #breeding @Hossaki#4437: <:GWfroggyPeepoWew:400751123973013515>
2018-05-03 07:45:43 #breeding @Eto#8523:  (attachment url(s): https://cdn.discordapp.com/attachments/437989274957250570/441505622706356244/unknown.png)
2018-05-03 07:46:53 #breeding @Yeou#9841: AAAAAAAAAAAAA
2018-05-03 07:46:58 #breeding @Yeou#9841: TO JAAAAAAA
2018-05-03 07:47:02 #breeding @Yeou#9841: <:GWcmeisterPeepoLove:403295311189245952> <:GWcmeisterPeepoLove:403295311189245952> <:GWcmeisterPeepoLove:403295311189245952> <:GWcmeisterPeepoLove:403295311189245952> <:GWcmeisterPeepoLove:403295311189245952> <:GWcmeisterPeepoLove:403295311189245952>
2018-05-03 07:48:48 #breeding @Eto#8523: ale grzywa <:GWslippyPeepoH:407618458872971264>
2018-05-03 07:49:02 #breeding @Yeou#9841: I tak jestem piekna
2018-05-03 07:49:05 #breeding @Yeou#9841: <:GWcmeisterPeepoLove:403295311189245952>
2018-05-03 07:49:17 #breeding @Eto#8523: teraz musze wytrenować 5 koni 3 z 178 i 2 z 179 <:GWslippyPeepoH:407618458872971264>
2018-05-03 07:49:37 #breeding @Yeou#9841: Moge ci pomoc trenic
2018-05-03 07:49:42 #breeding @Yeou#9841: Jak chcesz
2018-05-03 07:49:56 #breeding @Eto#8523: <:GWcmeisterPeepoLove:403295311189245952>
2018-05-03 07:50:20 #breeding @Yeou#9841: Tylko narazie jem sniadanie xD
2018-05-03 07:50:28 #breeding @Eto#8523: ja właśnie ide zrobić
2018-05-03 07:50:30 #breeding @Eto#8523: xd
2018-05-03 07:50:47 #breeding @Eto#8523: huhu xd (attachment url(s): https://cdn.discordapp.com/attachments/437989274957250570/441506899549093889/unknown.png)
2018-05-03 07:51:10 #breeding @Eto#8523: nie wiedziałam że tak sie stanie ale Kajak jest moim koniem xd
2018-05-03 07:51:28 #breeding @kebab#1315: XD
2018-05-03 07:51:48 #breeding @Yeou#9841: Ah ten SCIANKE XD
2018-05-03 07:52:00 #breeding @Yeou#9841 edited message from 2018-05-03 07:51:48 (Ah ten SCIANKE XD) to read: Ah ten SCIANEK XD
2018-05-03 07:52:02 #breeding @Eto#8523: no bo Kajak to Ścianek xDDD
2018-05-03 07:52:30 #breeding @Yeou#9841: Ja musze zrobic kajaka bo mi kazala <:GWsetmyxPeepoSad:405337568901726209>
2018-05-03 07:59:11 #breeding @kebab#1315: Kazacz dziki
2018-05-03 08:04:02 #breeding @Yeou#9841: @Eto konfident l Wielka  jestem na ao jak chcesz możemy wbijać
2018-05-03 08:06:01 #breeding @Eto#8523: @Deu Koperek Kobla narazie robie żarcie i musze jeszcze zjeść xd
2018-05-03 08:06:12 #breeding @Yeou#9841: aa ok
2018-05-03 08:06:14 #breeding @Yeou#9841: smacznego
2018-05-03 08:06:21 #breeding @Eto#8523: dzkk
2018-05-03 08:06:34 #breeding @Yeou#9841: to ja ide w boty
2018-05-03 08:10:34 #breeding @Eto#8523: <:GWseremePeepoLife:402867847950237698> (attachment url(s): https://cdn.discordapp.com/attachments/437989274957250570/441511876082532356/unknown.png)
