2018-04-23 17:26:21 #Pogaduszki Voice channel join: Nalla#5631 (id 389106521365020672)
2018-04-23 17:26:22 #Pogaduszki Server self-mute: Nalla#5631 (id 389106521365020672)
2018-04-23 17:26:44 #Pogaduszki Voice channel join: Shiroy#7969 (id 384711391644483584)
2018-04-23 17:26:49 #Pogaduszki Server self-unmute: Nalla#5631 (id 389106521365020672)
2018-04-23 17:35:28 #Pogaduszki Server self-mute: Nalla#5631 (id 389106521365020672)
2018-04-23 17:35:46 #Pogaduszki Server self-unmute: Nalla#5631 (id 389106521365020672)
2018-04-23 17:36:04 #Pogaduszki Voice channel leave: Shiroy#7969 (id 384711391644483584)
2018-04-23 17:36:05 #Pogaduszki Voice channel leave: Nalla#5631 (id 389106521365020672)
2018-04-23 17:50:29 #Pogaduszki Voice channel join: Hinata#8320 (id 267046362959446016), flags: self_mute
2018-04-23 17:50:35 #Pogaduszki Voice channel join: Pollux#9069 (id 271394014358405121)
2018-04-23 17:50:45 #Pogaduszki Voice channel leave: Pollux#9069 (id 271394014358405121)
2018-04-23 17:51:05 #Pogaduszki Voice channel join: Pollux#9069 (id 271394014358405121)
2018-04-23 17:51:50 #Pogaduszki Voice channel leave: Pollux#9069 (id 271394014358405121)
2018-04-23 17:51:52 #Pogaduszki Voice channel leave: Hinata#8320 (id 267046362959446016)
2018-04-24 17:51:38 #Pogaduszki Voice channel join: Shiroy#7969 (id 384711391644483584)
2018-04-24 17:52:22 #Pogaduszki Voice channel leave: Shiroy#7969 (id 384711391644483584)
2018-04-24 17:52:45 #Pogaduszki Voice channel join: Nalla#5631 (id 389106521365020672), flags: self_deaf,self_mute
2018-04-24 17:52:47 #Pogaduszki Server self-undeafen: Nalla#5631 (id 389106521365020672)
2018-04-24 17:53:11 #Pogaduszki Voice channel leave: Nalla#5631 (id 389106521365020672)
2018-04-25 14:35:35 #Pogaduszki Voice channel join: Aya | Suga#8523 (id 302796095082332161)
2018-04-25 14:35:36 #Pogaduszki Server self-mute: Aya | Suga#8523 (id 302796095082332161)
2018-04-25 14:36:09 #Pogaduszki Voice channel join: Zero Two#1866 (id 386917047398957076)
2018-04-25 14:36:11 #Pogaduszki Server self-unmute: Aya | Suga#8523 (id 302796095082332161)
2018-04-25 14:38:11 #Pogaduszki Voice channel join: Yeou#9841 (id 349089836348604416)
2018-04-25 14:39:00 #Pogaduszki Voice channel join: !~>Kachiyo<~!#6544 (id 326215433525002241)
2018-04-25 14:41:16 #Pogaduszki Voice channel join: Vinniejestsłodka#8467 (id 401487464809627649)
2018-04-25 14:41:36 #Pogaduszki Voice channel leave: !~>Kachiyo<~!#6544 (id 326215433525002241)
2018-04-25 14:42:35 #Pogaduszki Voice channel join: Ere#8511 (id 134733533183737857)
2018-04-25 14:43:31 #Pogaduszki Voice channel join: Amii#8528 (id 391229983445614593)
2018-04-25 14:46:06 #Pogaduszki Server self-mute: Zero Two#1866 (id 386917047398957076)
2018-04-25 14:46:18 #Pogaduszki Server self-unmute: Zero Two#1866 (id 386917047398957076)
2018-04-25 14:49:12 #Pogaduszki Server self-mute: Zero Two#1866 (id 386917047398957076)
2018-04-25 14:57:19 #Pogaduszki Server self-unmute: Zero Two#1866 (id 386917047398957076)
2018-04-25 14:57:44 #Pogaduszki Server self-mute: Zero Two#1866 (id 386917047398957076)
2018-04-25 14:57:50 #Pogaduszki Server self-unmute: Zero Two#1866 (id 386917047398957076)
2018-04-25 14:59:48 #Pogaduszki Server self-mute: Zero Two#1866 (id 386917047398957076)
2018-04-25 15:02:52 #Pogaduszki Server self-deafen: Zero Two#1866 (id 386917047398957076)
2018-04-25 15:03:42 #Pogaduszki Voice channel join: !~>Kachiyo<~!#6544 (id 326215433525002241)
2018-04-25 15:06:05 #Pogaduszki Voice channel leave: Ere#8511 (id 134733533183737857)
2018-04-25 15:08:44 #Pogaduszki Voice channel leave: Zero Two#1866 (id 386917047398957076)
2018-04-25 15:08:48 #Pogaduszki Voice channel join: Ere#8511 (id 134733533183737857)
2018-04-25 15:10:05 #Pogaduszki Voice channel join: dabBot#0563 (id 270198738570444801), flags: self_deaf
2018-04-25 15:13:50 #Pogaduszki Voice channel join: Zero Two#1866 (id 386917047398957076), flags: self_mute
2018-04-25 15:13:50 #Pogaduszki Voice channel leave: dabBot#0563 (id 270198738570444801)
2018-04-25 15:13:51 #Pogaduszki Server self-unmute: Zero Two#1866 (id 386917047398957076)
2018-04-25 15:14:16 #Pogaduszki Server self-mute: Zero Two#1866 (id 386917047398957076)
2018-04-25 15:14:41 #Pogaduszki Server self-unmute: Zero Two#1866 (id 386917047398957076)
2018-04-25 15:14:46 #Pogaduszki Server self-mute: Zero Two#1866 (id 386917047398957076)
2018-04-25 15:19:27 #Pogaduszki Server self-deafen: Zero Two#1866 (id 386917047398957076)
2018-04-25 15:19:50 #Pogaduszki Server self-undeafen: Zero Two#1866 (id 386917047398957076)
2018-04-25 15:19:51 #Pogaduszki Server self-unmute: Zero Two#1866 (id 386917047398957076)
2018-04-25 15:22:03 #Pogaduszki Server self-mute: Zero Two#1866 (id 386917047398957076)
2018-04-25 15:22:12 #Pogaduszki Server self-unmute: Zero Two#1866 (id 386917047398957076)
2018-04-25 15:22:25 #Pogaduszki Server self-mute: Zero Two#1866 (id 386917047398957076)
2018-04-25 15:23:11 #Pogaduszki Server self-unmute: Zero Two#1866 (id 386917047398957076)
2018-04-25 15:23:26 #Pogaduszki Server self-mute: Zero Two#1866 (id 386917047398957076)
2018-04-25 15:23:55 #Pogaduszki Server self-unmute: Zero Two#1866 (id 386917047398957076)
2018-04-25 15:26:08 #Pogaduszki Server self-mute: Zero Two#1866 (id 386917047398957076)
2018-04-25 15:26:57 #Pogaduszki Server self-unmute: Zero Two#1866 (id 386917047398957076)
2018-04-25 15:32:02 #Pogaduszki Server self-mute: Oreo#8467 (id 401487464809627649)
2018-04-25 15:32:03 #Pogaduszki Server self-unmute: Oreo#8467 (id 401487464809627649)
2018-04-25 15:33:04 #Pogaduszki Server self-mute: Zero Two#1866 (id 386917047398957076)
2018-04-25 15:33:15 #Pogaduszki Server self-unmute: Zero Two#1866 (id 386917047398957076)
2018-04-25 15:33:20 #Pogaduszki Server self-mute: Zero Two#1866 (id 386917047398957076)
2018-04-25 15:33:22 #Pogaduszki Server self-unmute: Zero Two#1866 (id 386917047398957076)
2018-04-25 15:34:51 #Pogaduszki Server self-mute: Zero Two#1866 (id 386917047398957076)
2018-04-25 15:35:16 #Pogaduszki Server self-unmute: Zero Two#1866 (id 386917047398957076)
2018-04-25 15:36:48 #Pogaduszki Voice channel join: Hinata#8320 (id 267046362959446016)
2018-04-25 15:36:50 #Pogaduszki Server self-mute: Hinata#8320 (id 267046362959446016)
2018-04-25 15:40:01 #Pogaduszki Voice channel leave: Hinata#8320 (id 267046362959446016)
2018-04-25 15:49:25 #Pogaduszki Voice channel join: dabBot#0563 (id 270198738570444801), flags: self_deaf
2018-04-25 15:49:47 #Pogaduszki Server self-deafen: Oreo#8467 (id 401487464809627649)
2018-04-25 15:49:47 #Pogaduszki Server self-mute: Oreo#8467 (id 401487464809627649)
2018-04-25 15:50:19 #Pogaduszki Server self-undeafen: Oreo#8467 (id 401487464809627649)
2018-04-25 15:50:19 #Pogaduszki Server self-unmute: Oreo#8467 (id 401487464809627649)
2018-04-25 15:50:30 #Pogaduszki Server self-deafen: Oreo#8467 (id 401487464809627649)
2018-04-25 15:50:30 #Pogaduszki Server self-mute: Oreo#8467 (id 401487464809627649)
2018-04-25 15:50:58 #Pogaduszki Server self-undeafen: Oreo#8467 (id 401487464809627649)
2018-04-25 15:50:58 #Pogaduszki Server self-unmute: Oreo#8467 (id 401487464809627649)
2018-04-25 15:51:10 #Pogaduszki Server self-deafen: Yeou#9841 (id 349089836348604416)
2018-04-25 15:51:10 #Pogaduszki Server self-mute: Yeou#9841 (id 349089836348604416)
2018-04-25 15:51:59 #Pogaduszki Server self-undeafen: Yeou#9841 (id 349089836348604416)
2018-04-25 15:51:59 #Pogaduszki Server self-unmute: Yeou#9841 (id 349089836348604416)
2018-04-25 15:53:11 #Pogaduszki Voice channel leave: dabBot#0563 (id 270198738570444801)
2018-04-25 15:53:20 #Pogaduszki Voice channel join: FredBoat♪♪#7284 (id 184405311681986560)
2018-04-25 15:55:45 #Pogaduszki Voice channel leave: Oreo#8467 (id 401487464809627649)
2018-04-25 15:59:04 #Pogaduszki Voice channel leave: Amii#8528 (id 391229983445614593)
2018-04-25 15:59:44 #Pogaduszki Voice channel join: Nokimo#8752 (id 370301116681814019), flags: self_deaf,self_mute
2018-04-25 15:59:48 #Pogaduszki Voice channel leave: Nokimo#8752 (id 370301116681814019)
2018-04-25 16:00:06 #Pogaduszki Voice channel join: Nalla#5631 (id 389106521365020672), flags: self_mute
2018-04-25 16:02:37 #Pogaduszki Voice channel join: Vasabi#2214 (id 411223742769922058)
2018-04-25 16:02:40 #Pogaduszki Server self-mute: Zero Two#1866 (id 386917047398957076)
2018-04-25 16:02:41 #Pogaduszki Server self-unmute: Nalla#5631 (id 389106521365020672)
2018-04-25 16:02:42 #Pogaduszki Server self-mute: Nalla#5631 (id 389106521365020672)
2018-04-25 16:02:59 #Pogaduszki Server self-unmute: Zero Two#1866 (id 386917047398957076)
2018-04-25 16:03:38 #Pogaduszki Server self-unmute: Nalla#5631 (id 389106521365020672)
2018-04-25 16:05:08 #Pogaduszki Server self-mute: Nalla#5631 (id 389106521365020672)
2018-04-25 16:05:09 #Pogaduszki Server self-unmute: Nalla#5631 (id 389106521365020672)
2018-04-25 16:07:06 #Pogaduszki Voice channel leave: Nalla#5631 (id 389106521365020672)
2018-04-25 16:07:08 #Pogaduszki Voice channel join: Nalla#5631 (id 389106521365020672)
2018-04-25 16:09:28 #Pogaduszki Server self-deafen: Yeou#9841 (id 349089836348604416)
2018-04-25 16:09:28 #Pogaduszki Server self-mute: Yeou#9841 (id 349089836348604416)
2018-04-25 16:09:34 #Pogaduszki Server self-deafen: Nalla#5631 (id 389106521365020672)
2018-04-25 16:09:34 #Pogaduszki Server self-mute: Nalla#5631 (id 389106521365020672)
2018-04-25 16:09:39 #Pogaduszki Server self-undeafen: Nalla#5631 (id 389106521365020672)
2018-04-25 16:09:39 #Pogaduszki Server self-unmute: Nalla#5631 (id 389106521365020672)
2018-04-25 16:09:40 #Pogaduszki Server self-mute: Nalla#5631 (id 389106521365020672)
2018-04-25 16:10:38 #Pogaduszki Voice channel leave: Nalla#5631 (id 389106521365020672)
2018-04-25 16:12:48 #Pogaduszki Voice channel leave: !~>Kachiyo<~!#6544 (id 326215433525002241)
2018-04-25 16:13:39 #Pogaduszki Voice channel leave: Yeou#9841 (id 349089836348604416)
2018-04-25 16:14:13 #Pogaduszki Server self-mute: Zero Two#1866 (id 386917047398957076)
2018-04-25 16:14:31 #Pogaduszki Voice channel join: Nokimo#8752 (id 370301116681814019), flags: self_mute
2018-04-25 16:14:38 #Pogaduszki Server self-unmute: Zero Two#1866 (id 386917047398957076)
2018-04-25 16:14:56 #Pogaduszki Server self-mute: Zero Two#1866 (id 386917047398957076)
2018-04-25 16:15:26 #Pogaduszki Server self-unmute: Zero Two#1866 (id 386917047398957076)
2018-04-25 16:15:34 #Pogaduszki Server self-mute: Zero Two#1866 (id 386917047398957076)
2018-04-25 16:16:48 #Pogaduszki Server self-unmute: Nokimo#8752 (id 370301116681814019)
2018-04-25 16:16:49 #Pogaduszki Server self-mute: Nokimo#8752 (id 370301116681814019)
2018-04-25 16:17:07 #Pogaduszki Server self-unmute: Zero Two#1866 (id 386917047398957076)
2018-04-25 16:17:53 #Pogaduszki Server self-unmute: Nokimo#8752 (id 370301116681814019)
2018-04-25 16:18:11 #Pogaduszki Server self-mute: Zero Two#1866 (id 386917047398957076)
2018-04-25 16:18:56 #Pogaduszki Server self-unmute: Zero Two#1866 (id 386917047398957076)
2018-04-25 16:19:25 #Pogaduszki Server self-mute: Nokimo#8752 (id 370301116681814019)
2018-04-25 16:19:25 #Pogaduszki Server self-unmute: Nokimo#8752 (id 370301116681814019)
2018-04-25 16:20:47 #Pogaduszki Server self-mute: Nokimo#8752 (id 370301116681814019)
2018-04-25 16:20:48 #Pogaduszki Server self-unmute: Nokimo#8752 (id 370301116681814019)
2018-04-25 16:20:48 #Pogaduszki Server self-mute: Nokimo#8752 (id 370301116681814019)
2018-04-25 16:20:49 #Pogaduszki Server self-unmute: Nokimo#8752 (id 370301116681814019)
2018-04-25 16:20:49 #Pogaduszki Server self-mute: Nokimo#8752 (id 370301116681814019)
2018-04-25 16:20:55 #Pogaduszki Server self-unmute: Nokimo#8752 (id 370301116681814019)
2018-04-25 16:22:52 #Pogaduszki Server self-mute: Nokimo#8752 (id 370301116681814019)
2018-04-25 16:22:58 #Pogaduszki Server self-unmute: Nokimo#8752 (id 370301116681814019)
2018-04-25 16:23:34 #Pogaduszki Server self-mute: Nokimo#8752 (id 370301116681814019)
2018-04-25 16:23:35 #Pogaduszki Server self-unmute: Nokimo#8752 (id 370301116681814019)
2018-04-25 16:23:41 #Pogaduszki Server self-mute: Nokimo#8752 (id 370301116681814019)
2018-04-25 16:23:41 #Pogaduszki Server self-mute: Zero Two#1866 (id 386917047398957076)
2018-04-25 16:25:22 #Pogaduszki Server self-unmute: Zero Two#1866 (id 386917047398957076)
2018-04-25 16:25:29 #Pogaduszki Server self-mute: Zero Two#1866 (id 386917047398957076)
2018-04-25 16:25:33 #Pogaduszki Server self-unmute: Nokimo#8752 (id 370301116681814019)
2018-04-25 16:25:39 #Pogaduszki Server self-mute: Nokimo#8752 (id 370301116681814019)
2018-04-25 16:25:43 #Pogaduszki Server self-deafen: Zero Two#1866 (id 386917047398957076)
2018-04-25 16:26:13 #Pogaduszki Server self-undeafen: Zero Two#1866 (id 386917047398957076)
2018-04-25 16:26:13 #Pogaduszki Server self-unmute: Zero Two#1866 (id 386917047398957076)
2018-04-25 16:26:18 #Pogaduszki Server self-unmute: Nokimo#8752 (id 370301116681814019)
2018-04-25 16:27:43 #Pogaduszki Server self-mute: Nokimo#8752 (id 370301116681814019)
2018-04-25 16:27:43 #Pogaduszki Server self-unmute: Nokimo#8752 (id 370301116681814019)
2018-04-25 16:27:51 #Pogaduszki Server self-mute: Nokimo#8752 (id 370301116681814019)
2018-04-25 16:28:20 #Pogaduszki Server self-mute: Zero Two#1866 (id 386917047398957076)
2018-04-25 16:28:35 #Pogaduszki Server self-deafen: Nokimo#8752 (id 370301116681814019)
2018-04-25 16:28:53 #Pogaduszki Server self-deafen: Zero Two#1866 (id 386917047398957076)
2018-04-25 16:29:26 #Pogaduszki Server self-undeafen: Zero Two#1866 (id 386917047398957076)
2018-04-25 16:29:27 #Pogaduszki Server self-unmute: Zero Two#1866 (id 386917047398957076)
2018-04-25 16:29:45 #Pogaduszki Server self-undeafen: Nokimo#8752 (id 370301116681814019)
2018-04-25 16:29:48 #Pogaduszki Server self-deafen: Nokimo#8752 (id 370301116681814019)
2018-04-25 16:30:16 #Pogaduszki Server self-mute: Zero Two#1866 (id 386917047398957076)
2018-04-25 16:30:49 #Pogaduszki Server self-unmute: Zero Two#1866 (id 386917047398957076)
2018-04-25 16:31:07 #Pogaduszki Server self-mute: Zero Two#1866 (id 386917047398957076)
2018-04-25 16:31:52 #Pogaduszki Server self-unmute: Zero Two#1866 (id 386917047398957076)
2018-04-25 16:32:06 #Pogaduszki Server self-mute: Zero Two#1866 (id 386917047398957076)
2018-04-25 16:32:09 #Pogaduszki Server self-unmute: Zero Two#1866 (id 386917047398957076)
2018-04-25 16:32:21 #Pogaduszki Server self-mute: Zero Two#1866 (id 386917047398957076)
2018-04-25 16:33:43 #Pogaduszki Server self-unmute: Zero Two#1866 (id 386917047398957076)
2018-04-25 16:34:40 #Pogaduszki Voice channel join: !~>Kachiyo<~!#6544 (id 326215433525002241)
2018-04-25 16:35:04 #Pogaduszki Voice channel leave: !~>Kachiyo<~!#6544 (id 326215433525002241)
2018-04-25 16:35:58 #Pogaduszki Voice channel leave: Aya | Suga#8523 (id 302796095082332161)
2018-04-25 16:35:58 #Pogaduszki Voice channel leave: Zero Two#1866 (id 386917047398957076)
2018-04-25 16:36:09 #Pogaduszki Voice channel leave: Ere#8511 (id 134733533183737857)
2018-04-25 16:36:22 #Pogaduszki Voice channel leave: Vasabi#2214 (id 411223742769922058)
2018-04-25 16:41:43 #Pogaduszki Voice channel leave: Nokimo#8752 (id 370301116681814019)
2018-04-25 16:46:56 #Pogaduszki Voice channel leave: FredBoat♪♪#7284 (id 184405311681986560)
2018-04-25 17:31:14 #Pogaduszki Voice channel join: Zero Two#1866 (id 386917047398957076), moved from Race
2018-04-25 17:31:26 #Pogaduszki Voice channel join: Tęczowe Oreo#8467 (id 401487464809627649), moved from Race
2018-04-25 17:34:41 #Pogaduszki Server self-mute: Tęczowe Oreo#8467 (id 401487464809627649)
2018-04-25 17:34:44 #Pogaduszki Server self-deafen: Tęczowe Oreo#8467 (id 401487464809627649)
2018-04-25 17:34:49 #Pogaduszki Server self-undeafen: Tęczowe Oreo#8467 (id 401487464809627649)
2018-04-25 17:34:50 #Pogaduszki Server self-deafen: Tęczowe Oreo#8467 (id 401487464809627649)
2018-04-25 17:35:00 #Pogaduszki Server self-undeafen: Tęczowe Oreo#8467 (id 401487464809627649)
2018-04-25 17:35:02 #Pogaduszki Server self-unmute: Tęczowe Oreo#8467 (id 401487464809627649)
2018-04-25 17:35:49 #Pogaduszki Server self-mute: Zero Two#1866 (id 386917047398957076)
2018-04-25 17:36:32 #Pogaduszki Voice channel leave: Tęczowe Oreo#8467 (id 401487464809627649)
2018-04-25 17:36:33 #Pogaduszki Voice channel join: Tęczowe Oreo#8467 (id 401487464809627649)
2018-04-25 17:37:23 #Pogaduszki Server self-unmute: Zero Two#1866 (id 386917047398957076)
2018-04-25 17:39:35 #Pogaduszki Server self-mute: Tęczowe Oreo#8467 (id 401487464809627649)
2018-04-25 17:39:58 #Pogaduszki Server self-unmute: Tęczowe Oreo#8467 (id 401487464809627649)
2018-04-25 17:40:07 #Pogaduszki Server self-mute: Tęczowe Oreo#8467 (id 401487464809627649)
2018-04-25 17:40:07 #Pogaduszki Server self-unmute: Tęczowe Oreo#8467 (id 401487464809627649)
2018-04-25 17:40:12 #Pogaduszki Voice channel leave: Tęczowe Oreo#8467 (id 401487464809627649)
2018-04-25 17:40:14 #Pogaduszki Voice channel join: Tęczowe Oreo#8467 (id 401487464809627649)
2018-04-25 17:40:45 #Pogaduszki Voice channel join: Nokimo#8752 (id 370301116681814019), flags: self_mute
2018-04-25 17:41:18 #Pogaduszki Server self-mute: Zero Two#1866 (id 386917047398957076)
2018-04-25 17:41:21 #Pogaduszki Server self-unmute: Zero Two#1866 (id 386917047398957076)
2018-04-25 17:48:29 #Pogaduszki Voice channel leave: Zero Two#1866 (id 386917047398957076)
2018-04-25 17:48:51 #Pogaduszki Voice channel leave: Nokimo#8752 (id 370301116681814019)
2018-04-25 17:48:59 #Pogaduszki Voice channel leave: Tęczowe Oreo#8467 (id 401487464809627649)
2018-04-26 13:16:11 #Pogaduszki Voice channel join: Aya | Suga#8523 (id 302796095082332161)
2018-04-26 13:16:12 #Pogaduszki Voice channel leave: Aya | Suga#8523 (id 302796095082332161) moving to Race
2018-04-27 10:22:21 #Pogaduszki Voice channel join: Aya | Suga#8523 (id 302796095082332161), moved from Ważne osoby
2018-04-27 10:22:24 #Pogaduszki Server self-mute: Aya | Suga#8523 (id 302796095082332161)
2018-04-27 10:22:37 #Pogaduszki Voice channel leave: Aya | Suga#8523 (id 302796095082332161)
2018-04-27 12:09:27 #Pogaduszki Voice channel join: Zero Two#1866 (id 386917047398957076), flags: self_mute
2018-04-27 12:10:10 #Pogaduszki Voice channel leave: Zero Two#1866 (id 386917047398957076)
2018-04-27 12:16:24 #Pogaduszki Voice channel join: !~>Kachiyo<~!#6544 (id 326215433525002241)
2018-04-27 12:16:32 #Pogaduszki Voice channel join: Zero Two#1866 (id 386917047398957076)
2018-04-27 12:21:57 #Pogaduszki Voice channel join: Aya | Suga#8523 (id 302796095082332161)
2018-04-27 12:23:03 #Pogaduszki Voice channel leave: Aya | Suga#8523 (id 302796095082332161)
2018-04-27 12:25:17 #Pogaduszki Voice channel join: Tęczowe Oreo#8467 (id 401487464809627649)
2018-04-27 12:26:16 #Pogaduszki Voice channel join: FredBoat♪♪#7284 (id 184405311681986560)
2018-04-27 12:29:32 #Pogaduszki Voice channel join: Yeou#9841 (id 349089836348604416)
2018-04-27 12:31:10 #Pogaduszki Voice channel leave: Yeou#9841 (id 349089836348604416)
2018-04-27 12:54:10 #Pogaduszki Voice channel leave: Zero Two#1866 (id 386917047398957076)
2018-04-27 12:54:38 #Pogaduszki Voice channel leave: !~>Kachiyo<~!#6544 (id 326215433525002241)
2018-04-27 12:56:16 #Pogaduszki Voice channel leave: Tęczowe Oreo#8467 (id 401487464809627649)
2018-04-27 12:56:44 #Pogaduszki Voice channel leave: FredBoat♪♪#7284 (id 184405311681986560)
2018-04-28 07:38:58 #Pogaduszki Voice channel join: Yeou#9841 (id 349089836348604416)
2018-04-28 07:39:41 #Pogaduszki Server self-deafen: Yeou#9841 (id 349089836348604416)
2018-04-28 07:39:41 #Pogaduszki Server self-mute: Yeou#9841 (id 349089836348604416)
2018-04-28 07:39:41 #Pogaduszki Server self-undeafen: Yeou#9841 (id 349089836348604416)
2018-04-28 07:39:41 #Pogaduszki Server self-unmute: Yeou#9841 (id 349089836348604416)
2018-04-28 07:39:43 #Pogaduszki Server self-mute: Yeou#9841 (id 349089836348604416)
2018-04-28 07:42:52 #Pogaduszki Server self-deafen: Yeou#9841 (id 349089836348604416)
2018-04-28 07:49:06 #Pogaduszki Server self-undeafen: Yeou#9841 (id 349089836348604416)
2018-04-28 07:49:31 #Pogaduszki Voice channel join: Zero Two#1866 (id 386917047398957076)
2018-04-28 07:49:35 #Pogaduszki Server self-unmute: Yeou#9841 (id 349089836348604416)
2018-04-28 07:53:26 #Pogaduszki Server self-deafen: Yeou#9841 (id 349089836348604416)
2018-04-28 07:53:26 #Pogaduszki Server self-mute: Yeou#9841 (id 349089836348604416)
2018-04-28 07:54:18 #Pogaduszki Server self-mute: Zero Two#1866 (id 386917047398957076)
2018-04-28 07:57:10 #Pogaduszki Server self-undeafen: Yeou#9841 (id 349089836348604416)
2018-04-28 07:57:10 #Pogaduszki Server self-mute: Yeou#9841 (id 349089836348604416)
2018-04-28 07:58:10 #Pogaduszki Server self-unmute: Zero Two#1866 (id 386917047398957076)
2018-04-28 07:59:11 #Pogaduszki Server self-unmute: Yeou#9841 (id 349089836348604416)
2018-04-28 08:18:05 #Pogaduszki Server self-mute: Zero Two#1866 (id 386917047398957076)
2018-04-28 08:18:45 #Pogaduszki Server self-unmute: Zero Two#1866 (id 386917047398957076)
2018-04-28 08:18:58 #Pogaduszki Server self-mute: Zero Two#1866 (id 386917047398957076)
2018-04-28 08:19:12 #Pogaduszki Server self-unmute: Zero Two#1866 (id 386917047398957076)
2018-04-28 08:21:01 #Pogaduszki Voice channel join: Suga#8523 (id 302796095082332161)
2018-04-28 08:32:25 #Pogaduszki Server self-mute: Zero Two#1866 (id 386917047398957076)
2018-04-28 08:34:50 #Pogaduszki Server self-unmute: Zero Two#1866 (id 386917047398957076)
2018-04-28 08:35:30 #Pogaduszki Server self-mute: Zero Two#1866 (id 386917047398957076)
2018-04-28 08:36:10 #Pogaduszki Server self-unmute: Zero Two#1866 (id 386917047398957076)
2018-04-28 08:37:32 #Pogaduszki Server self-mute: Zero Two#1866 (id 386917047398957076)
2018-04-28 08:37:50 #Pogaduszki Server self-unmute: Zero Two#1866 (id 386917047398957076)
2018-04-28 08:38:51 #Pogaduszki Server self-mute: Zero Two#1866 (id 386917047398957076)
2018-04-28 08:41:10 #Pogaduszki Server self-deafen: Yeou#9841 (id 349089836348604416)
2018-04-28 08:41:10 #Pogaduszki Server self-mute: Yeou#9841 (id 349089836348604416)
2018-04-28 08:48:38 #Pogaduszki Server self-unmute: Zero Two#1866 (id 386917047398957076)
2018-04-28 08:51:05 #Pogaduszki Server self-mute: Zero Two#1866 (id 386917047398957076)
2018-04-28 08:52:18 #Pogaduszki Server self-undeafen: Yeou#9841 (id 349089836348604416)
2018-04-28 08:52:18 #Pogaduszki Server self-unmute: Yeou#9841 (id 349089836348604416)
2018-04-28 08:53:38 #Pogaduszki Server self-mute: Suga#8523 (id 302796095082332161)
2018-04-28 08:54:08 #Pogaduszki Server self-unmute: Suga#8523 (id 302796095082332161)
2018-04-28 08:55:30 #Pogaduszki Server self-unmute: Zero Two#1866 (id 386917047398957076)
2018-04-28 09:00:52 #Pogaduszki Server self-mute: Zero Two#1866 (id 386917047398957076)
2018-04-28 09:03:08 #Pogaduszki Server self-unmute: Zero Two#1866 (id 386917047398957076)
2018-04-28 09:04:27 #Pogaduszki Server self-deafen: Yeou#9841 (id 349089836348604416)
2018-04-28 09:04:27 #Pogaduszki Server self-mute: Yeou#9841 (id 349089836348604416)
2018-04-28 09:04:45 #Pogaduszki Server self-undeafen: Yeou#9841 (id 349089836348604416)
2018-04-28 09:04:45 #Pogaduszki Server self-unmute: Yeou#9841 (id 349089836348604416)
2018-04-28 09:15:30 #Pogaduszki Voice channel leave: Suga#8523 (id 302796095082332161)
2018-04-28 09:20:37 #Pogaduszki Voice channel join: Mantaro#4454 (id 213466096718708737)
2018-04-28 09:24:39 #Pogaduszki Voice channel leave: Mantaro#4454 (id 213466096718708737)
2018-04-28 09:25:15 #Pogaduszki Voice channel join: Mantaro#4454 (id 213466096718708737)
2018-04-28 09:29:40 #Pogaduszki Voice channel leave: Mantaro#4454 (id 213466096718708737)
2018-04-28 09:29:48 #Pogaduszki Voice channel join: Mantaro#4454 (id 213466096718708737)
2018-04-28 09:33:14 #Pogaduszki Voice channel leave: Mantaro#4454 (id 213466096718708737)
2018-04-28 09:35:33 #Pogaduszki Voice channel join: Mantaro#4454 (id 213466096718708737)
2018-04-28 09:44:35 #Pogaduszki Voice channel join: Jisatsu#9938 (id 387212346948321281), flags: self_mute
2018-04-28 09:45:50 #Pogaduszki Voice channel leave: Jisatsu#9938 (id 387212346948321281)
2018-04-28 09:53:26 #Pogaduszki Voice channel leave: Mantaro#4454 (id 213466096718708737)
2018-04-28 09:53:38 #Pogaduszki Voice channel join: Mantaro#4454 (id 213466096718708737)
2018-04-28 09:58:24 #Pogaduszki Voice channel join: Tęczowe Oreo#8467 (id 401487464809627649)
2018-04-28 10:02:21 #Pogaduszki Voice channel leave: Mantaro#4454 (id 213466096718708737)
2018-04-28 10:10:22 #Pogaduszki Server self-mute: Zero Two#1866 (id 386917047398957076)
2018-04-28 10:13:38 #Pogaduszki Server self-unmute: Zero Two#1866 (id 386917047398957076)
2018-04-28 10:14:46 #Pogaduszki Voice channel join: Littleshrew#0996 (id 356896880128425987)
2018-04-28 10:14:50 #Pogaduszki Server self-mute: Littleshrew#0996 (id 356896880128425987)
2018-04-28 10:15:20 #Pogaduszki Voice channel leave: Littleshrew#0996 (id 356896880128425987)
2018-04-28 10:17:29 #Pogaduszki Voice channel join: Littleshrew#0996 (id 356896880128425987), flags: self_mute
2018-04-28 10:17:38 #Pogaduszki Server self-unmute: Littleshrew#0996 (id 356896880128425987)
2018-04-28 10:18:22 #Pogaduszki Voice channel leave: Littleshrew#0996 (id 356896880128425987)
2018-04-28 10:19:28 #Pogaduszki Server self-deafen: Yeou#9841 (id 349089836348604416)
2018-04-28 10:19:28 #Pogaduszki Server self-mute: Yeou#9841 (id 349089836348604416)
2018-04-28 10:21:09 #Pogaduszki Server self-undeafen: Yeou#9841 (id 349089836348604416)
2018-04-28 10:21:09 #Pogaduszki Server self-unmute: Yeou#9841 (id 349089836348604416)
2018-04-28 10:23:04 #Pogaduszki Voice channel join: FredBoat♪♪#7284 (id 184405311681986560)
2018-04-28 10:23:09 #Pogaduszki Voice channel join: Littleshrew#0996 (id 356896880128425987), flags: self_mute
2018-04-28 10:23:09 #Pogaduszki Server self-mute: Littleshrew#0996 (id 356896880128425987)
2018-04-28 10:23:27 #Pogaduszki Server self-deafen: Littleshrew#0996 (id 356896880128425987)
2018-04-28 10:23:30 #Pogaduszki Server self-undeafen: Littleshrew#0996 (id 356896880128425987)
2018-04-28 10:23:30 #Pogaduszki Server self-unmute: Littleshrew#0996 (id 356896880128425987)
2018-04-28 10:23:35 #Pogaduszki Server self-mute: Littleshrew#0996 (id 356896880128425987)
2018-04-28 10:23:38 #Pogaduszki Server self-deafen: Littleshrew#0996 (id 356896880128425987)
2018-04-28 10:23:44 #Pogaduszki Server self-undeafen: Littleshrew#0996 (id 356896880128425987)
2018-04-28 10:23:44 #Pogaduszki Server self-deafen: Littleshrew#0996 (id 356896880128425987)
2018-04-28 10:23:52 #Pogaduszki Voice channel leave: Littleshrew#0996 (id 356896880128425987)
2018-04-28 10:26:54 #Pogaduszki Voice channel leave: FredBoat♪♪#7284 (id 184405311681986560)
2018-04-28 10:27:14 #Pogaduszki Voice channel join: FredBoat♪♪#7284 (id 184405311681986560)
2018-04-28 10:29:28 #Pogaduszki Voice channel leave: Zero Two#1866 (id 386917047398957076)
2018-04-28 10:30:57 #Pogaduszki Voice channel leave: Yeou#9841 (id 349089836348604416)
2018-04-28 10:31:14 #Pogaduszki Voice channel join: Littleshrew#0996 (id 356896880128425987), flags: self_mute
2018-04-28 10:31:46 #Pogaduszki Server self-unmute: Littleshrew#0996 (id 356896880128425987)
2018-04-28 10:31:50 #Pogaduszki Voice channel leave: Tęczowe Oreo#8467 (id 401487464809627649)
2018-04-28 10:31:54 #Pogaduszki Server self-mute: Littleshrew#0996 (id 356896880128425987)
2018-04-28 10:32:06 #Pogaduszki Voice channel leave: Littleshrew#0996 (id 356896880128425987)
2018-04-28 10:33:52 #Pogaduszki Voice channel leave: FredBoat♪♪#7284 (id 184405311681986560)
2018-04-28 13:19:22 #Pogaduszki Voice channel join: Zero Two#1866 (id 386917047398957076)
2018-04-28 13:19:24 #Pogaduszki Voice channel join: SZPANERKA#5556 (id 436949381933957120)
2018-04-28 13:19:48 #Pogaduszki Server self-mute: Zero Two#1866 (id 386917047398957076)
2018-04-28 13:19:48 #Pogaduszki Server self-unmute: Zero Two#1866 (id 386917047398957076)
2018-04-28 13:19:49 #Pogaduszki Server self-mute: Zero Two#1866 (id 386917047398957076)
2018-04-28 13:19:49 #Pogaduszki Server self-unmute: Zero Two#1866 (id 386917047398957076)
2018-04-28 13:20:15 #Pogaduszki Voice channel join: Mantaro#4454 (id 213466096718708737)
2018-04-28 13:20:35 #Pogaduszki Server self-mute: SZPANERKA#5556 (id 436949381933957120)
2018-04-28 13:21:02 #Pogaduszki Server self-unmute: SZPANERKA#5556 (id 436949381933957120)
2018-04-28 13:25:14 #Pogaduszki Voice channel join: Jisatsu#9938 (id 387212346948321281), flags: self_mute
2018-04-28 18:52:22 #Pogaduszki Voice channel join: Zero Two#1866 (id 386917047398957076)
2018-04-28 18:52:46 #Pogaduszki Voice channel join: Tęczowe Oreo#8467 (id 401487464809627649)
2018-04-28 18:53:10 #Pogaduszki Voice channel join: Mantaro#4454 (id 213466096718708737)
2018-04-28 18:53:42 #Pogaduszki Server self-mute: Tęczowe Oreo#8467 (id 401487464809627649)
2018-04-28 18:54:05 #Pogaduszki Voice channel join: Suga#8523 (id 302796095082332161)
2018-04-28 18:54:49 #Pogaduszki Server self-unmute: Tęczowe Oreo#8467 (id 401487464809627649)
2018-04-28 18:55:06 #Pogaduszki Server self-mute: Zero Two#1866 (id 386917047398957076)
2018-04-28 19:02:15 #Pogaduszki Server self-deafen: Zero Two#1866 (id 386917047398957076)
2018-04-28 19:02:19 #Pogaduszki Server self-undeafen: Zero Two#1866 (id 386917047398957076)
2018-04-28 19:03:09 #Pogaduszki Server self-deafen: Zero Two#1866 (id 386917047398957076)
2018-04-28 19:03:30 #Pogaduszki Server self-undeafen: Zero Two#1866 (id 386917047398957076)
2018-04-28 19:06:00 #Pogaduszki Server self-deafen: Zero Two#1866 (id 386917047398957076)
2018-04-28 19:06:13 #Pogaduszki Server self-undeafen: Zero Two#1866 (id 386917047398957076)
2018-04-28 19:50:01 #Pogaduszki Server self-mute: Zero Two#1866 (id 386917047398957076)
2018-04-28 19:50:06 #Pogaduszki Server self-unmute: Zero Two#1866 (id 386917047398957076)
2018-04-28 20:02:56 #Pogaduszki Server self-mute: Zero Two#1866 (id 386917047398957076)
2018-04-28 20:06:10 #Pogaduszki Voice channel leave: Zero Two#1866 (id 386917047398957076) moving to Race
2018-04-28 20:06:18 #Pogaduszki Voice channel join: Zero Two#1866 (id 386917047398957076), moved from Race, flags: self_mute
2018-04-28 20:06:19 #Pogaduszki Server self-unmute: Zero Two#1866 (id 386917047398957076)
2018-04-28 20:06:41 #Pogaduszki Server self-mute: Jisatsu#9938 (id 387212346948321281)
2018-04-28 20:06:44 #Pogaduszki Server self-unmute: Jisatsu#9938 (id 387212346948321281)
2018-04-28 20:06:45 #Pogaduszki Server self-mute: Jisatsu#9938 (id 387212346948321281)
2018-04-28 20:06:46 #Pogaduszki Server self-mute: Zero Two#1866 (id 386917047398957076)
2018-04-28 20:06:49 #Pogaduszki Server self-unmute: Jisatsu#9938 (id 387212346948321281)
2018-04-28 20:06:50 #Pogaduszki Server self-mute: Jisatsu#9938 (id 387212346948321281)
2018-04-28 20:07:07 #Pogaduszki Server self-unmute: Jisatsu#9938 (id 387212346948321281)
2018-04-28 20:07:15 #Pogaduszki Server self-mute: Jisatsu#9938 (id 387212346948321281)
2018-04-28 20:07:20 #Pogaduszki Voice channel leave: Suga#8523 (id 302796095082332161) moving to Race
2018-04-28 20:07:22 #Pogaduszki Voice channel leave: Tęczowe Oreo#8467 (id 401487464809627649) moving to Race
2018-04-28 20:07:29 #Pogaduszki Voice channel join: Tęczowe Oreo#8467 (id 401487464809627649), moved from Race
2018-04-28 20:07:33 #Pogaduszki Voice channel join: Suga#8523 (id 302796095082332161), moved from Race
2018-04-28 20:07:34 #Pogaduszki Voice channel leave: Tęczowe Oreo#8467 (id 401487464809627649) moving to Race
2018-04-28 20:07:35 #Pogaduszki Voice channel leave: Suga#8523 (id 302796095082332161) moving to Race
2018-04-28 20:08:01 #Pogaduszki Voice channel leave: Jisatsu#9938 (id 387212346948321281) moving to Race
2018-04-28 20:08:05 #Pogaduszki Voice channel leave: Zero Two#1866 (id 386917047398957076)
2018-04-28 20:15:53 #Pogaduszki Voice channel join: Zero Two#1866 (id 386917047398957076), flags: self_mute
2018-04-28 20:16:40 #Pogaduszki Voice channel leave: FredBoat♪♪#7284 (id 184405311681986560)
2018-04-28 20:16:45 #Pogaduszki Voice channel join: Mantaro#4454 (id 213466096718708737)
2018-04-28 20:27:10 #Pogaduszki Server self-deafen: Zero Two#1866 (id 386917047398957076)
2018-04-28 20:27:31 #Pogaduszki Server self-undeafen: Zero Two#1866 (id 386917047398957076)
2018-04-28 20:28:47 #Pogaduszki Voice channel leave: Mantaro#4454 (id 213466096718708737)
2018-04-28 20:28:53 #Pogaduszki Server self-unmute: Zero Two#1866 (id 386917047398957076)
2018-04-28 20:28:55 #Pogaduszki Voice channel leave: Zero Two#1866 (id 386917047398957076)
2018-04-30 10:41:42 #Pogaduszki Voice channel join: Suga#8523 (id 302796095082332161)
2018-04-30 10:41:44 #Pogaduszki Voice channel join: Jisatsu#9938 (id 387212346948321281), flags: self_mute
2018-04-30 10:41:44 #Pogaduszki Server self-unmute: Jisatsu#9938 (id 387212346948321281)
2018-04-30 10:41:57 #Pogaduszki Voice channel join: Hertzsprung#0885 (id 420712670547935232)
2018-04-30 10:50:12 #Pogaduszki Voice channel join: Amii#8528 (id 391229983445614593)
2018-04-30 10:50:26 #Pogaduszki Voice channel leave: Amii#8528 (id 391229983445614593)
2018-04-30 10:53:45 #Pogaduszki Server self-deafen: Hertzsprung#0885 (id 420712670547935232)
2018-04-30 10:53:45 #Pogaduszki Server self-mute: Hertzsprung#0885 (id 420712670547935232)
2018-04-30 10:54:52 #Pogaduszki Server self-undeafen: Hertzsprung#0885 (id 420712670547935232)
2018-04-30 10:54:52 #Pogaduszki Server self-unmute: Hertzsprung#0885 (id 420712670547935232)
2018-04-30 10:57:12 #Pogaduszki Server self-mute: Jisatsu#9938 (id 387212346948321281)
2018-04-30 10:58:28 #Pogaduszki Server self-unmute: Jisatsu#9938 (id 387212346948321281)
2018-04-30 11:12:03 #Pogaduszki Voice channel leave: Hertzsprung#0885 (id 420712670547935232)
2018-04-30 11:14:29 #Pogaduszki Voice channel leave: Suga#8523 (id 302796095082332161) moving to Race
2018-04-30 11:14:33 #Pogaduszki Voice channel leave: Jisatsu#9938 (id 387212346948321281) moving to Race
2018-04-30 12:40:18 #Pogaduszki Voice channel join: Zero Two#1866 (id 386917047398957076)
2018-04-30 12:40:24 #Pogaduszki Server self-mute: Zero Two#1866 (id 386917047398957076)
2018-04-30 12:43:31 #Pogaduszki Voice channel join: Hinata#8320 (id 267046362959446016)
2018-04-30 12:43:33 #Pogaduszki Server self-unmute: Zero Two#1866 (id 386917047398957076)
2018-04-30 12:45:54 #Pogaduszki Voice channel join: Yatochi (Yukinori (Yuki) Itsuki)#8766 (id 402772922693058560), flags: self_mute
2018-04-30 12:46:50 #Pogaduszki Server self-unmute: Yatochi (Yukinori (Yuki) Itsuki)#8766 (id 402772922693058560)
2018-04-30 12:51:22 #Pogaduszki Server self-mute: Zero Two#1866 (id 386917047398957076)
2018-04-30 12:51:25 #Pogaduszki Voice channel join: !~>Kachiyo<~!#6544 (id 326215433525002241)
2018-04-30 12:51:32 #Pogaduszki Server self-unmute: Zero Two#1866 (id 386917047398957076)
2018-04-30 12:54:43 #Pogaduszki Server self-deafen: !~>Kachiyo<~!#6544 (id 326215433525002241)
2018-04-30 12:54:43 #Pogaduszki Server self-mute: !~>Kachiyo<~!#6544 (id 326215433525002241)
2018-04-30 13:06:35 #Pogaduszki Server self-undeafen: !~>Kachiyo<~!#6544 (id 326215433525002241)
2018-04-30 13:06:35 #Pogaduszki Server self-unmute: !~>Kachiyo<~!#6544 (id 326215433525002241)
2018-04-30 13:21:21 #Pogaduszki Voice channel leave: Zero Two#1866 (id 386917047398957076)
2018-04-30 13:21:22 #Pogaduszki Voice channel leave: Hinata#8320 (id 267046362959446016)
2018-04-30 13:21:22 #Pogaduszki Voice channel leave: Yatochi (Yukinori (Yuki) Itsuki)#8766 (id 402772922693058560)
2018-04-30 13:21:43 #Pogaduszki Voice channel leave: !~>Kachiyo<~!#6544 (id 326215433525002241)
2018-04-30 17:08:20 #Pogaduszki Voice channel join: Zero Two#1866 (id 386917047398957076)
2018-04-30 17:08:33 #Pogaduszki Server self-mute: Zero Two#1866 (id 386917047398957076)
2018-04-30 17:08:52 #Pogaduszki Voice channel join: Hinata#8320 (id 267046362959446016)
2018-04-30 17:09:03 #Pogaduszki Server self-unmute: Zero Two#1866 (id 386917047398957076)
2018-04-30 17:09:19 #Pogaduszki Voice channel join: Yeou#9841 (id 349089836348604416), flags: self_mute
2018-04-30 17:09:38 #Pogaduszki Voice channel join: Eto#8523 (id 302796095082332161)
2018-04-30 17:10:21 #Pogaduszki Voice channel join: Mantaro#4454 (id 213466096718708737)
2018-04-30 17:10:45 #Pogaduszki Server self-unmute: Yeou#9841 (id 349089836348604416)
2018-04-30 17:14:08 #Pogaduszki Voice channel leave: Mantaro#4454 (id 213466096718708737)
2018-04-30 17:14:36 #Pogaduszki Voice channel join: Mantaro#4454 (id 213466096718708737)
2018-04-30 17:16:45 #Pogaduszki Server self-mute: Zero Two#1866 (id 386917047398957076)
2018-04-30 17:17:00 #Pogaduszki Voice channel join: Tęczowe Oreo#8467 (id 401487464809627649)
2018-04-30 17:18:14 #Pogaduszki Voice channel leave: Mantaro#4454 (id 213466096718708737)
2018-04-30 17:18:35 #Pogaduszki Voice channel join: Mantaro#4454 (id 213466096718708737)
2018-04-30 17:18:43 #Pogaduszki Server self-unmute: Zero Two#1866 (id 386917047398957076)
2018-04-30 17:19:18 #Pogaduszki Server self-deafen: Eto#8523 (id 302796095082332161)
2018-04-30 17:19:18 #Pogaduszki Server self-mute: Eto#8523 (id 302796095082332161)
2018-04-30 17:21:02 #Pogaduszki Server self-undeafen: Eto#8523 (id 302796095082332161)
2018-04-30 17:21:02 #Pogaduszki Server self-unmute: Eto#8523 (id 302796095082332161)
2018-04-30 17:21:06 #Pogaduszki Voice channel leave: Eto#8523 (id 302796095082332161)
2018-04-30 17:22:34 #Pogaduszki Voice channel leave: Mantaro#4454 (id 213466096718708737)
2018-04-30 17:22:45 #Pogaduszki Server self-deafen: Yeou#9841 (id 349089836348604416)
2018-04-30 17:22:45 #Pogaduszki Server self-mute: Yeou#9841 (id 349089836348604416)
2018-04-30 17:22:50 #Pogaduszki Voice channel join: Mantaro#4454 (id 213466096718708737)
2018-04-30 17:24:07 #Pogaduszki Voice channel join: Amii#8528 (id 391229983445614593)
2018-04-30 17:24:22 #Pogaduszki Server self-mute: Amii#8528 (id 391229983445614593)
2018-04-30 17:25:38 #Pogaduszki Server self-unmute: Amii#8528 (id 391229983445614593)
2018-04-30 17:26:39 #Pogaduszki Server self-undeafen: Yeou#9841 (id 349089836348604416)
2018-04-30 17:26:39 #Pogaduszki Server self-unmute: Yeou#9841 (id 349089836348604416)
2018-04-30 17:26:56 #Pogaduszki Voice channel leave: Amii#8528 (id 391229983445614593)
2018-04-30 17:27:07 #Pogaduszki Voice channel join: Amii#8528 (id 391229983445614593)
2018-04-30 17:31:06 #Pogaduszki Voice channel leave: Mantaro#4454 (id 213466096718708737)
2018-04-30 17:31:20 #Pogaduszki Voice channel join: Mantaro#4454 (id 213466096718708737)
2018-04-30 17:36:47 #Pogaduszki Voice channel leave: Amii#8528 (id 391229983445614593)
2018-04-30 17:41:51 #Pogaduszki Voice channel leave: Yeou#9841 (id 349089836348604416)
2018-04-30 17:42:16 #Pogaduszki Voice channel leave: Hinata#8320 (id 267046362959446016)
2018-04-30 17:49:02 #Pogaduszki Server self-mute: Zero Two#1866 (id 386917047398957076)
2018-04-30 17:50:07 #Pogaduszki Server self-unmute: Zero Two#1866 (id 386917047398957076)
2018-04-30 17:50:13 #Pogaduszki Server self-mute: Zero Two#1866 (id 386917047398957076)
2018-04-30 17:50:34 #Pogaduszki Server self-unmute: Zero Two#1866 (id 386917047398957076)
2018-04-30 17:50:44 #Pogaduszki Server self-mute: Zero Two#1866 (id 386917047398957076)
2018-04-30 17:50:48 #Pogaduszki Voice channel leave: Mantaro#4454 (id 213466096718708737)
2018-04-30 17:51:10 #Pogaduszki Server self-unmute: Zero Two#1866 (id 386917047398957076)
2018-04-30 17:52:03 #Pogaduszki Server self-mute: Zero Two#1866 (id 386917047398957076)
2018-04-30 17:52:05 #Pogaduszki Server self-unmute: Zero Two#1866 (id 386917047398957076)
2018-04-30 17:52:06 #Pogaduszki Server self-mute: Zero Two#1866 (id 386917047398957076)
2018-04-30 17:53:18 #Pogaduszki Server self-mute: Tęczowe Oreo#8467 (id 401487464809627649)
2018-05-01 06:46:27 #Pogaduszki Voice channel join: Zero Two#1866 (id 386917047398957076)
2018-05-01 06:46:30 #Pogaduszki Server self-mute: Zero Two#1866 (id 386917047398957076)
2018-05-01 06:47:01 #Pogaduszki Voice channel join: Yeou#9841 (id 349089836348604416), flags: self_mute
2018-05-01 06:47:05 #Pogaduszki Server self-unmute: Zero Two#1866 (id 386917047398957076)
2018-05-01 06:47:07 #Pogaduszki Server self-unmute: Yeou#9841 (id 349089836348604416)
2018-05-01 06:56:23 #Pogaduszki Voice channel join: Hinata#8320 (id 267046362959446016)
2018-05-01 06:58:18 #Pogaduszki Server self-mute: Hinata#8320 (id 267046362959446016)
2018-05-01 07:02:44 #Pogaduszki Voice channel join: Jijae#4586 (id 259008014466547722), flags: self_mute
2018-05-01 07:05:41 #Pogaduszki Voice channel join: !~>Kachiyo<~!#6544 (id 326215433525002241)
2018-05-01 07:08:35 #Pogaduszki Server self-unmute: Hinata#8320 (id 267046362959446016)
2018-05-01 07:15:42 #Pogaduszki Voice channel leave: Zero Two#1866 (id 386917047398957076)
2018-05-01 07:15:43 #Pogaduszki Voice channel leave: !~>Kachiyo<~!#6544 (id 326215433525002241)
2018-05-01 07:15:44 #Pogaduszki Voice channel leave: Yeou#9841 (id 349089836348604416)
2018-05-01 07:15:49 #Pogaduszki Voice channel leave: Hinata#8320 (id 267046362959446016)
2018-05-01 07:16:04 #Pogaduszki Voice channel leave: Jijae#4586 (id 259008014466547722)
2018-05-01 07:23:13 #Pogaduszki Voice channel join: Zero Two#1866 (id 386917047398957076)
2018-05-01 07:23:13 #Pogaduszki Server self-mute: Zero Two#1866 (id 386917047398957076)
2018-05-01 07:23:14 #Pogaduszki Voice channel join: !~>Kachiyo<~!#6544 (id 326215433525002241)
2018-05-01 07:23:16 #Pogaduszki Server self-unmute: Zero Two#1866 (id 386917047398957076)
2018-05-01 07:23:20 #Pogaduszki Voice channel join: Yeou#9841 (id 349089836348604416)
2018-05-01 07:23:27 #Pogaduszki Voice channel join: Jijae#4586 (id 259008014466547722)
2018-05-01 07:25:06 #Pogaduszki Voice channel leave: Jijae#4586 (id 259008014466547722)
2018-05-01 07:29:08 #Pogaduszki Voice channel join: Mantaro#4454 (id 213466096718708737)
2018-05-01 07:30:23 #Pogaduszki Voice channel join: Hinata#8320 (id 267046362959446016), flags: self_mute
2018-05-01 07:32:59 #Pogaduszki Voice channel leave: Hinata#8320 (id 267046362959446016)
2018-05-01 07:33:06 #Pogaduszki Voice channel join: Hinata#8320 (id 267046362959446016)
2018-05-01 07:33:10 #Pogaduszki Server self-mute: Hinata#8320 (id 267046362959446016)
2018-05-01 07:38:58 #Pogaduszki Voice channel leave: Hinata#8320 (id 267046362959446016)
2018-05-01 07:41:18 #Pogaduszki Voice channel leave: Mantaro#4454 (id 213466096718708737)
2018-05-01 07:41:34 #Pogaduszki Voice channel join: Hinata#8320 (id 267046362959446016), flags: self_mute
2018-05-01 07:41:43 #Pogaduszki Voice channel join: Mantaro#4454 (id 213466096718708737)
2018-05-01 07:42:37 #Pogaduszki Voice channel leave: Mantaro#4454 (id 213466096718708737)
2018-05-01 07:42:49 #Pogaduszki Voice channel join: Jijae#4586 (id 259008014466547722)
2018-05-01 07:42:49 #Pogaduszki Voice channel join: dabBot#0563 (id 270198738570444801), flags: self_deaf
2018-05-01 08:26:26 #Pogaduszki Server self-mute: Zero Two#1866 (id 386917047398957076)
2018-05-01 08:26:30 #Pogaduszki Server self-unmute: Zero Two#1866 (id 386917047398957076)
2018-05-01 08:30:13 #Pogaduszki Server self-mute: Zero Two#1866 (id 386917047398957076)
2018-05-01 08:30:45 #Pogaduszki Server self-unmute: Zero Two#1866 (id 386917047398957076)
2018-05-01 08:33:22 #Pogaduszki Server self-mute: Zero Two#1866 (id 386917047398957076)
2018-05-01 08:37:48 #Pogaduszki Server self-unmute: Zero Two#1866 (id 386917047398957076)
2018-05-01 08:39:35 #Pogaduszki Voice channel leave: Jijae#4586 (id 259008014466547722)
2018-05-01 08:41:41 #Pogaduszki Server self-mute: Zero Two#1866 (id 386917047398957076)
2018-05-01 08:43:35 #Pogaduszki Server self-unmute: Zero Two#1866 (id 386917047398957076)
2018-05-01 08:43:44 #Pogaduszki Server self-mute: Zero Two#1866 (id 386917047398957076)
2018-05-01 08:56:23 #Pogaduszki Server self-unmute: Zero Two#1866 (id 386917047398957076)
2018-05-01 08:56:30 #Pogaduszki Server self-mute: Zero Two#1866 (id 386917047398957076)
2018-05-01 08:59:49 #Pogaduszki Server self-unmute: Zero Two#1866 (id 386917047398957076)
2018-05-01 08:59:58 #Pogaduszki Server self-mute: Zero Two#1866 (id 386917047398957076)
2018-05-01 09:00:19 #Pogaduszki Server self-mute: Zero Two#1866 (id 386917047398957076)
2018-05-01 09:02:50 #Pogaduszki Server self-unmute: Zero Two#1866 (id 386917047398957076)
2018-05-01 09:03:00 #Pogaduszki Server self-mute: Zero Two#1866 (id 386917047398957076)
2018-05-01 09:04:21 #Pogaduszki Server self-unmute: Zero Two#1866 (id 386917047398957076)
2018-05-01 09:11:24 #Pogaduszki Server self-mute: Zero Two#1866 (id 386917047398957076)
2018-05-01 09:13:42 #Pogaduszki Server self-unmute: Zero Two#1866 (id 386917047398957076)
2018-05-01 09:21:39 #Pogaduszki Voice channel leave: Hinata#8320 (id 267046362959446016)
2018-05-01 09:22:59 #Pogaduszki Server self-mute: Zero Two#1866 (id 386917047398957076)
2018-05-01 09:25:33 #Pogaduszki Server self-mute: Yeou#9841 (id 349089836348604416)
2018-05-01 09:29:12 #Pogaduszki Server self-unmute: Yeou#9841 (id 349089836348604416)
2018-05-01 09:29:20 #Pogaduszki Server self-unmute: Zero Two#1866 (id 386917047398957076)
2018-05-01 09:29:34 #Pogaduszki Server self-mute: Zero Two#1866 (id 386917047398957076)
2018-05-01 09:29:44 #Pogaduszki Server self-deafen: Yeou#9841 (id 349089836348604416)
2018-05-01 09:29:44 #Pogaduszki Server self-mute: Yeou#9841 (id 349089836348604416)
2018-05-01 09:38:07 #Pogaduszki Server self-undeafen: Yeou#9841 (id 349089836348604416)
2018-05-01 09:38:07 #Pogaduszki Server self-unmute: Yeou#9841 (id 349089836348604416)
2018-05-01 09:39:50 #Pogaduszki Server self-unmute: Zero Two#1866 (id 386917047398957076)
2018-05-01 09:40:14 #Pogaduszki Server self-mute: Zero Two#1866 (id 386917047398957076)
2018-05-01 09:43:04 #Pogaduszki Server self-unmute: Zero Two#1866 (id 386917047398957076)
2018-05-01 09:43:13 #Pogaduszki Server self-mute: Zero Two#1866 (id 386917047398957076)
2018-05-01 09:43:17 #Pogaduszki Server self-unmute: Zero Two#1866 (id 386917047398957076)
2018-05-01 09:43:35 #Pogaduszki Server self-mute: Zero Two#1866 (id 386917047398957076)
2018-05-01 09:44:49 #Pogaduszki Voice channel join: Hinata#8320 (id 267046362959446016), flags: self_mute
2018-05-01 09:44:55 #Pogaduszki Server self-unmute: Zero Two#1866 (id 386917047398957076)
2018-05-01 09:45:26 #Pogaduszki Server self-unmute: Hinata#8320 (id 267046362959446016)
2018-05-01 09:50:43 #Pogaduszki Server self-deafen: Yeou#9841 (id 349089836348604416)
2018-05-01 09:50:43 #Pogaduszki Server self-mute: Yeou#9841 (id 349089836348604416)
2018-05-01 09:51:36 #Pogaduszki Server self-undeafen: Yeou#9841 (id 349089836348604416)
2018-05-01 09:51:36 #Pogaduszki Server self-unmute: Yeou#9841 (id 349089836348604416)
2018-05-01 09:54:05 #Pogaduszki Voice channel leave: Zero Two#1866 (id 386917047398957076)
2018-05-01 09:54:11 #Pogaduszki Voice channel leave: Hinata#8320 (id 267046362959446016)
2018-05-01 09:54:14 #Pogaduszki Voice channel leave: !~>Kachiyo<~!#6544 (id 326215433525002241)
2018-05-01 09:54:35 #Pogaduszki Voice channel leave: Yeou#9841 (id 349089836348604416)
2018-05-01 10:10:08 #Pogaduszki Voice channel leave: dabBot#0563 (id 270198738570444801)
2018-05-01 12:01:56 #Pogaduszki Voice channel join: Mantaro#4454 (id 213466096718708737), moved from Muzyka
2018-05-01 12:01:57 #Pogaduszki Voice channel join: Yeou#9841 (id 349089836348604416), moved from Muzyka, flags: self_mute
2018-05-01 12:01:58 #Pogaduszki Voice channel join: Hinata#8320 (id 267046362959446016)
2018-05-01 12:02:04 #Pogaduszki Server self-unmute: Yeou#9841 (id 349089836348604416)
2018-05-01 12:03:17 #Pogaduszki Voice channel leave: Mantaro#4454 (id 213466096718708737)
2018-05-01 12:03:27 #Pogaduszki Voice channel join: Mantaro#4454 (id 213466096718708737)
2018-05-01 12:06:48 #Pogaduszki Voice channel leave: Hinata#8320 (id 267046362959446016)
2018-05-01 12:06:49 #Pogaduszki Voice channel leave: Mantaro#4454 (id 213466096718708737)
2018-05-01 12:06:50 #Pogaduszki Server self-mute: Yeou#9841 (id 349089836348604416)
2018-05-01 12:06:53 #Pogaduszki Voice channel leave: Yeou#9841 (id 349089836348604416) moving to Muzyka
2018-05-01 14:36:40 #Pogaduszki Voice channel join: Yeou#9841 (id 349089836348604416), moved from Muzyka, flags: self_mute
2018-05-01 14:36:41 #Pogaduszki Voice channel join: Zero Two#1866 (id 386917047398957076), moved from Muzyka, flags: self_mute
2018-05-01 14:36:43 #Pogaduszki Server self-unmute: Yeou#9841 (id 349089836348604416)
2018-05-01 14:36:43 #Pogaduszki Server self-unmute: Zero Two#1866 (id 386917047398957076)
2018-05-01 14:55:36 #Pogaduszki Voice channel join: Mantaro#4454 (id 213466096718708737)
2018-05-01 14:59:33 #Pogaduszki Voice channel leave: Mantaro#4454 (id 213466096718708737)
2018-05-01 15:01:39 #Pogaduszki Voice channel join: Mantaro#4454 (id 213466096718708737)
2018-05-01 15:02:06 #Pogaduszki Voice channel leave: Zero Two#1866 (id 386917047398957076)
2018-05-01 15:02:12 #Pogaduszki Server self-mute: Yeou#9841 (id 349089836348604416)
2018-05-01 15:04:46 #Pogaduszki Voice channel leave: Mantaro#4454 (id 213466096718708737) moving to Muzyka
2018-05-01 15:04:49 #Pogaduszki Voice channel leave: Yeou#9841 (id 349089836348604416) moving to Muzyka
2018-05-01 15:22:40 #Pogaduszki Voice channel join: Amii#8528 (id 391229983445614593), flags: self_mute
2018-05-01 15:24:45 #Pogaduszki Voice channel leave: Amii#8528 (id 391229983445614593)
2018-05-01 15:43:42 #Pogaduszki Voice channel join: Amii#8528 (id 391229983445614593), flags: self_mute
2018-05-01 15:43:51 #Pogaduszki Server self-unmute: Amii#8528 (id 391229983445614593)
2018-05-01 15:43:54 #Pogaduszki Server self-mute: Amii#8528 (id 391229983445614593)
2018-05-01 15:48:25 #Pogaduszki Voice channel leave: Amii#8528 (id 391229983445614593) moving to Muzyka
2018-05-01 15:57:02 #Pogaduszki Voice channel join: Zero Two#1866 (id 386917047398957076), flags: self_mute
2018-05-01 15:57:02 #Pogaduszki Server self-mute: Zero Two#1866 (id 386917047398957076)
2018-05-01 16:01:44 #Pogaduszki Voice channel join: Hinata#8320 (id 267046362959446016), flags: self_mute
2018-05-01 16:01:45 #Pogaduszki Server self-unmute: Hinata#8320 (id 267046362959446016)
2018-05-01 16:01:46 #Pogaduszki Server self-unmute: Zero Two#1866 (id 386917047398957076)
2018-05-01 16:01:52 #Pogaduszki Voice channel join: Amii#8528 (id 391229983445614593), flags: self_mute
2018-05-01 16:01:57 #Pogaduszki Server self-unmute: Amii#8528 (id 391229983445614593)
2018-05-01 16:03:56 #Pogaduszki Server self-mute: Zero Two#1866 (id 386917047398957076)
2018-05-01 16:04:38 #Pogaduszki Server self-unmute: Zero Two#1866 (id 386917047398957076)
2018-05-01 16:07:12 #Pogaduszki Server self-mute: Zero Two#1866 (id 386917047398957076)
2018-05-01 16:07:54 #Pogaduszki Server self-unmute: Zero Two#1866 (id 386917047398957076)
2018-05-01 16:17:56 #Pogaduszki Server self-mute: Zero Two#1866 (id 386917047398957076)
2018-05-01 16:18:45 #Pogaduszki Server self-unmute: Zero Two#1866 (id 386917047398957076)
2018-05-01 16:19:01 #Pogaduszki Voice channel join: !~>Kachiyo<~!#6544 (id 326215433525002241)
2018-05-01 16:28:25 #Pogaduszki Voice channel join: Yeou#9841 (id 349089836348604416), flags: self_mute
2018-05-01 16:30:24 #Pogaduszki Server self-deafen: Yeou#9841 (id 349089836348604416)
2018-05-01 16:30:48 #Pogaduszki Server self-undeafen: Yeou#9841 (id 349089836348604416)
2018-05-01 16:30:48 #Pogaduszki Server self-unmute: Yeou#9841 (id 349089836348604416)
2018-05-01 16:30:56 #Pogaduszki Voice channel leave: !~>Kachiyo<~!#6544 (id 326215433525002241)
2018-05-01 16:31:16 #Pogaduszki Server self-deafen: Yeou#9841 (id 349089836348604416)
2018-05-01 16:31:16 #Pogaduszki Server self-mute: Yeou#9841 (id 349089836348604416)
2018-05-01 16:31:39 #Pogaduszki Voice channel leave: Yeou#9841 (id 349089836348604416)
2018-05-01 16:37:31 #Pogaduszki Voice channel leave: Hinata#8320 (id 267046362959446016)
2018-05-01 16:37:52 #Pogaduszki Voice channel leave: Zero Two#1866 (id 386917047398957076)
2018-05-01 16:38:26 #Pogaduszki Voice channel leave: Amii#8528 (id 391229983445614593)
2018-05-02 07:17:36 #Pogaduszki Voice channel join: !~>Kachiyo<~!#6544 (id 326215433525002241)
2018-05-02 07:17:41 #Pogaduszki Voice channel join: Yeou#9841 (id 349089836348604416), flags: self_mute
2018-05-02 07:20:08 #Pogaduszki Voice channel leave: !~>Kachiyo<~!#6544 (id 326215433525002241)
2018-05-02 07:20:49 #Pogaduszki Voice channel join: Mantaro#4454 (id 213466096718708737)
2018-05-02 07:21:54 #Pogaduszki Voice channel leave: Mantaro#4454 (id 213466096718708737)
2018-05-02 07:22:16 #Pogaduszki Server self-mute: Yeou#9841 (id 349089836348604416)
2018-05-02 07:22:16 #Pogaduszki Server self-mute: Yeou#9841 (id 349089836348604416)
2018-05-02 07:22:17 #Pogaduszki Server self-unmute: Yeou#9841 (id 349089836348604416)
2018-05-02 07:22:17 #Pogaduszki Server self-mute: Yeou#9841 (id 349089836348604416)
2018-05-02 07:22:17 #Pogaduszki Server self-unmute: Yeou#9841 (id 349089836348604416)
2018-05-02 07:22:17 #Pogaduszki Server self-mute: Yeou#9841 (id 349089836348604416)
2018-05-02 07:22:17 #Pogaduszki Server self-unmute: Yeou#9841 (id 349089836348604416)
2018-05-02 07:22:17 #Pogaduszki Server self-mute: Yeou#9841 (id 349089836348604416)
2018-05-02 07:22:17 #Pogaduszki Server self-unmute: Yeou#9841 (id 349089836348604416)
2018-05-02 07:22:18 #Pogaduszki Server self-mute: Yeou#9841 (id 349089836348604416)
2018-05-02 07:22:18 #Pogaduszki Server self-unmute: Yeou#9841 (id 349089836348604416)
2018-05-02 07:22:18 #Pogaduszki Server self-mute: Yeou#9841 (id 349089836348604416)
2018-05-02 07:22:18 #Pogaduszki Server self-unmute: Yeou#9841 (id 349089836348604416)
2018-05-02 07:22:20 #Pogaduszki Server self-unmute: Yeou#9841 (id 349089836348604416)
2018-05-02 07:22:20 #Pogaduszki Server self-mute: Yeou#9841 (id 349089836348604416)
2018-05-02 07:22:20 #Pogaduszki Server self-unmute: Yeou#9841 (id 349089836348604416)
2018-05-02 07:22:21 #Pogaduszki Server self-mute: Yeou#9841 (id 349089836348604416)
2018-05-02 07:22:21 #Pogaduszki Server self-unmute: Yeou#9841 (id 349089836348604416)
2018-05-02 07:22:23 #Pogaduszki Server self-unmute: Yeou#9841 (id 349089836348604416)
2018-05-02 07:22:24 #Pogaduszki Server self-mute: Yeou#9841 (id 349089836348604416)
2018-05-02 07:22:24 #Pogaduszki Server self-unmute: Yeou#9841 (id 349089836348604416)
2018-05-02 07:22:24 #Pogaduszki Server self-mute: Yeou#9841 (id 349089836348604416)
2018-05-02 07:22:25 #Pogaduszki Server self-unmute: Yeou#9841 (id 349089836348604416)
2018-05-02 07:22:33 #Pogaduszki Server self-mute: Yeou#9841 (id 349089836348604416)
2018-05-02 07:22:33 #Pogaduszki Server self-mute: Yeou#9841 (id 349089836348604416)
2018-05-02 07:22:33 #Pogaduszki Server self-unmute: Yeou#9841 (id 349089836348604416)
2018-05-02 07:22:33 #Pogaduszki Server self-unmute: Yeou#9841 (id 349089836348604416)
2018-05-02 07:22:33 #Pogaduszki Server self-mute: Yeou#9841 (id 349089836348604416)
2018-05-02 07:22:33 #Pogaduszki Server self-mute: Yeou#9841 (id 349089836348604416)
2018-05-02 07:24:58 #Pogaduszki Voice channel join: !~>Kachiyo<~!#6544 (id 326215433525002241)
2018-05-02 07:25:03 #Pogaduszki Server self-mute: Yeou#9841 (id 349089836348604416)
2018-05-02 07:25:03 #Pogaduszki Server self-unmute: Yeou#9841 (id 349089836348604416)
2018-05-02 07:25:03 #Pogaduszki Server self-mute: Yeou#9841 (id 349089836348604416)
2018-05-02 07:25:04 #Pogaduszki Server self-unmute: Yeou#9841 (id 349089836348604416)
2018-05-02 07:25:04 #Pogaduszki Server self-mute: Yeou#9841 (id 349089836348604416)
2018-05-02 07:25:04 #Pogaduszki Server self-unmute: Yeou#9841 (id 349089836348604416)
2018-05-02 07:25:05 #Pogaduszki Server self-mute: Yeou#9841 (id 349089836348604416)
2018-05-02 07:25:06 #Pogaduszki Server self-mute: Yeou#9841 (id 349089836348604416)
2018-05-02 07:25:06 #Pogaduszki Server self-mute: Yeou#9841 (id 349089836348604416)
2018-05-02 07:25:06 #Pogaduszki Server self-unmute: Yeou#9841 (id 349089836348604416)
2018-05-02 07:25:06 #Pogaduszki Server self-mute: Yeou#9841 (id 349089836348604416)
2018-05-02 07:25:06 #Pogaduszki Server self-unmute: Yeou#9841 (id 349089836348604416)
2018-05-02 07:25:06 #Pogaduszki Server self-mute: Yeou#9841 (id 349089836348604416)
2018-05-02 07:25:06 #Pogaduszki Server self-unmute: Yeou#9841 (id 349089836348604416)
2018-05-02 07:25:06 #Pogaduszki Server self-mute: Yeou#9841 (id 349089836348604416)
2018-05-02 07:25:07 #Pogaduszki Server self-unmute: Yeou#9841 (id 349089836348604416)
2018-05-02 07:25:07 #Pogaduszki Server self-mute: Yeou#9841 (id 349089836348604416)
2018-05-02 07:25:07 #Pogaduszki Server self-unmute: Yeou#9841 (id 349089836348604416)
2018-05-02 07:30:03 #Pogaduszki Voice channel join: Zero Two#1866 (id 386917047398957076)
2018-05-02 07:32:49 #Pogaduszki Server self-mute: Yeou#9841 (id 349089836348604416)
2018-05-02 07:33:07 #Pogaduszki Server self-unmute: Yeou#9841 (id 349089836348604416)
2018-05-02 07:38:09 #Pogaduszki Voice channel leave: !~>Kachiyo<~!#6544 (id 326215433525002241)
2018-05-02 07:38:09 #Pogaduszki Voice channel leave: Yeou#9841 (id 349089836348604416)
2018-05-02 07:38:12 #Pogaduszki Voice channel leave: Zero Two#1866 (id 386917047398957076)
2018-05-02 14:20:29 #Pogaduszki Voice channel join: Zero Two#1866 (id 386917047398957076)
2018-05-02 14:20:30 #Pogaduszki Voice channel join: Hossaki#4437 (id 272452150645358592)
2018-05-02 14:20:34 #Pogaduszki Voice channel join: !~>Kachiyo<~!#6544 (id 326215433525002241)
2018-05-02 14:45:01 #Pogaduszki Server self-mute: Zero Two#1866 (id 386917047398957076)
2018-05-02 14:47:02 #Pogaduszki Server self-unmute: Zero Two#1866 (id 386917047398957076)
2018-05-02 14:47:23 #Pogaduszki Voice channel leave: Hossaki#4437 (id 272452150645358592)
2018-05-02 14:47:25 #Pogaduszki Voice channel leave: Zero Two#1866 (id 386917047398957076)
2018-05-02 14:49:45 #Pogaduszki Voice channel leave: !~>Kachiyo<~!#6544 (id 326215433525002241)
2018-05-02 16:04:16 #Pogaduszki Voice channel join: Amii#8528 (id 391229983445614593), flags: self_mute
2018-05-02 16:11:12 #Pogaduszki Voice channel leave: Amii#8528 (id 391229983445614593)
2018-05-02 16:59:06 #Pogaduszki Voice channel join: Amii#8528 (id 391229983445614593), flags: self_mute
2018-05-02 16:59:06 #Pogaduszki Server self-unmute: Amii#8528 (id 391229983445614593)
2018-05-02 16:59:10 #Pogaduszki Server self-mute: Amii#8528 (id 391229983445614593)
2018-05-02 16:59:14 #Pogaduszki Server self-unmute: Amii#8528 (id 391229983445614593)
2018-05-02 17:00:14 #Pogaduszki Voice channel join: Tęczowe Oreo#8467 (id 401487464809627649)
2018-05-02 17:24:37 #Pogaduszki Voice channel leave: Tęczowe Oreo#8467 (id 401487464809627649)
2018-05-02 17:25:38 #Pogaduszki Voice channel leave: Amii#8528 (id 391229983445614593)
