2018-04-24 19:52:05 #info @Aya | Suga#8523: @Rekrutant \nJutro odbędzie się rekrutacja do Gildii DeadCorporation wszystkich chętnych zapraszam do mnie na prv albo do @Oficer @Super Oficer. \nRekrutacja będzie wyglądała następująco: \nwybieramy sobie speed/magia\npo czym odbędzie się pare wyścigów na których sprawdzimy wasze umiejętności (perfect start, jump dash itp) \n\nDziękuje za uwagę i życzę miłej nocy ❤
2018-04-25 13:04:31 #info @Aya | Suga#8523: @Rekrutant \nDzisiaj w godzinach 17-19 odbędzie sie rekrutacja do naszej gildii.\nRekrutować będę wspólnie z @Jenga.
2018-04-27 17:11:37 #info @Yeou#9841: Kto chce nsfw?\n@​here
2018-04-27 17:11:52 #info @Tęczowe Oreo#8467: co to
2018-04-27 17:11:55 #info @Zero Two#1866: Ja
2018-04-27 17:11:55 #info @Zero Two#1866: XD
2018-04-27 17:11:56 #info @Nalla#5631: ja
2018-04-27 17:12:05 #info @Yeou#9841: ONIE JAK WY TU PISZECIE
2018-04-27 17:12:09 #info @Zero Two#1866: XDD
2018-04-27 17:12:11 #info @Yeou#9841: moment można tu pisać czy nie bo mam mindfucka
2018-04-27 17:12:13 #info @Tęczowe Oreo#8467: Normalnie XD
2018-04-27 17:12:15 #info @Nalla#5631: jam helper
2018-04-27 17:12:20 #info @Yeou#9841: anotak
2018-04-27 17:12:21 #info @Nalla#5631: a oni nie wiem
2018-04-27 17:12:22 #info @Nalla#5631: XD
2018-04-27 17:12:25 #info @Zero Two#1866: XD
2018-04-27 17:12:27 #info @Yeou#9841: ALE CO WY TU PISZECIE XD
2018-04-27 17:12:33 #info @Yeou#9841: dobła dam wam
2018-04-27 17:12:37 #info @Zero Two#1866: jij
2018-04-27 17:12:43 #info @Yuuha　異ッつ#5730: jak moznaXDXDS
2018-04-27 17:12:46 #info @Nalla#5631: danke
2018-04-27 17:12:49 #info @Yeou#9841: masz baw sie yoshiko
2018-04-27 17:12:50 #info @Tęczowe Oreo#8467: ALE CO TO\nXD
2018-04-27 17:12:51 #info @Nokimo#8752: <:GWnanamiAwokenSock:399931029525364736>
2018-04-27 17:12:57 #info @Nokimo#8752: <:hyperpinged:439404043232608266>
2018-04-27 17:12:57 #info @Yeou#9841: obrazki +18
2018-04-27 17:12:59 #info @Aya | Suga#8523: @Yeohyun tu można pisać
2018-04-27 17:13:02 #info @Yeou#9841: atook
2018-04-27 17:14:04 #info @Tęczowe Oreo#8467: u to ja chcem
2018-04-27 17:14:05 #info @Tęczowe Oreo#8467: YDx
2018-04-27 17:25:05 #info @Ere#8511: kanał jest chyba źle ustawiony <:GWnanamiLaceShrug:403295147892277249>
2018-04-27 17:27:54 #info @Aya | Suga#8523: db ustawie go jak powinien xd
