2018-04-23 16:36:24 #salon-nswf-test @*😈*Poupsit*😈*#9402: ^^ass
2018-04-23 16:36:25 #salon-nswf-test @Koya#1050:  (attachment url(s): https://cdn.discordapp.com/attachments/438015217914347530/438015298264760331/02342.jpg)
2018-04-23 16:37:05 #salon-nswf-test @*😈*Poupsit*😈*#9402: ^^ass
2018-04-23 16:37:05 #salon-nswf-test @Koya#1050:  (attachment url(s): https://cdn.discordapp.com/attachments/438015217914347530/438015467639275520/03472.jpg)
2018-04-23 16:37:08 #salon-nswf-test @*😈*Poupsit*😈*#9402: ^^ass
2018-04-23 16:37:09 #salon-nswf-test @Koya#1050:  (attachment url(s): https://cdn.discordapp.com/attachments/438015217914347530/438015483346944000/03158.jpg)
2018-04-23 16:37:13 #salon-nswf-test @*😈*Poupsit*😈*#9402: ^^ass
2018-04-23 16:37:14 #salon-nswf-test @Koya#1050:  (attachment url(s): https://cdn.discordapp.com/attachments/438015217914347530/438015504528048128/06218.jpg)
2018-04-23 16:37:20 #salon-nswf-test @*😈*Poupsit*😈*#9402: ^^ass
2018-04-23 16:37:20 #salon-nswf-test @Koya#1050:  (attachment url(s): https://cdn.discordapp.com/attachments/438015217914347530/438015531589697537/00035.jpg)
2018-04-23 16:37:28 #salon-nswf-test @*😈*Poupsit*😈*#9402: ^^ass
2018-04-23 16:37:28 #salon-nswf-test @Koya#1050:  (attachment url(s): https://cdn.discordapp.com/attachments/438015217914347530/438015565140066324/06184.jpg)
2018-04-23 16:37:32 #salon-nswf-test @*😈*Poupsit*😈*#9402: ^^ass
2018-04-23 16:37:33 #salon-nswf-test @Koya#1050:  (attachment url(s): https://cdn.discordapp.com/attachments/438015217914347530/438015584731398145/03834.jpg)
2018-04-23 16:37:41 #salon-nswf-test @*😈*Poupsit*😈*#9402: ^^ass
2018-04-23 16:37:42 #salon-nswf-test @Koya#1050:  (attachment url(s): https://cdn.discordapp.com/attachments/438015217914347530/438015621620301835/00760.jpg)
2018-04-23 16:37:47 #salon-nswf-test @*😈*Poupsit*😈*#9402: ^^ass
2018-04-23 16:37:47 #salon-nswf-test @Koya#1050:  (attachment url(s): https://cdn.discordapp.com/attachments/438015217914347530/438015643770421250/00662.jpg)
2018-04-23 16:37:51 #salon-nswf-test @miss_louloute#6879: Tu mat les cul xD
2018-04-23 16:38:00 #salon-nswf-test @*😈*Poupsit*😈*#9402: Muss
2018-04-23 16:38:10 #salon-nswf-test @*😈*Poupsit*😈*#9402: ^^dick
2018-04-23 16:38:11 #salon-nswf-test @Koya#1050:  (attachment url(s): https://cdn.discordapp.com/attachments/438015217914347530/438015744647757824/mlOHvjI.jpg)
2018-04-23 16:38:26 #salon-nswf-test @*😈*Poupsit*😈*#9402: Ok ...
2018-04-23 16:38:32 #salon-nswf-test @*😈*Poupsit*😈*#9402: ^^ass
2018-04-23 16:38:32 #salon-nswf-test @Koya#1050:  (attachment url(s): https://cdn.discordapp.com/attachments/438015217914347530/438015833952878612/05712.jpg)
2018-04-23 16:38:36 #salon-nswf-test @*😈*Poupsit*😈*#9402: C mieux
2018-04-23 16:38:44 #salon-nswf-test @miss_louloute#6879: XD
2018-04-23 16:38:59 #salon-nswf-test @*😈*Poupsit*😈*#9402: Tu veut voir des votes ?
2018-04-23 16:39:07 #salon-nswf-test @miss_louloute#6879: ??
