2018-04-18 12:39:20 this bot joined the server
2018-04-18 12:39:20 Role created: 'Synapse' (id 436143696833150978)
2018-04-18 12:39:20 Member role add: 'Synapse' role was added to @Synapse#0692
2018-04-18 12:41:39 Member role add: 'Bot' role was added to @Synapse#0692
2018-04-18 12:44:05 Member join: @NotSoBot#0997 (id 170903342199865344)
2018-04-18 12:44:05 Member role add: 'NotSoBot' role was added to @NotSoBot#0997
2018-04-18 12:44:05 Role created: 'NotSoBot' (id 436144890087473154)
2018-04-18 12:44:05 Member role add: 'NotSoBot' role was added to @NotSoBot#0997
2018-04-18 12:44:38 Member join: @FredBoatâ™ªâ™ª#7284 (id 184405311681986560)
2018-04-18 12:44:59 Member role add: 'Bot' role was added to @FredBoatâ™ªâ™ª#7284
2018-04-18 12:45:09 Member role add: 'Bot' role was added to @NotSoBot#0997
2018-04-18 19:18:57 Member join: @A VERY LITTLE Polski#2954 (id 278056548369170438)
2018-04-18 19:18:58 Member join: @skay <3#8589 (id 300754440045068289)
2018-04-18 19:18:58 Member join: @exo.#9999 (id 391606357788327954)
2018-04-18 19:19:07 Member join: @Klaus Ze Flammenwerfer#7917 (id 291226226608308224)
2018-04-18 19:19:07 Member join: @Mr. Robot#0007 (id 426234414255570959)
2018-04-18 19:22:26 Role created: 'new role' (id 436245141288910889)
2018-04-18 19:22:26 Role renamed: 'new role' to 'fuck'
2018-04-18 19:22:26 Role color: 'new role' changed from #000000 to #ff0000
2018-04-18 19:22:26 Role permissions: 'new role' changed from 641195073 to 0
2018-04-18 19:22:38 Member role add: 'fuck' role was added to @Klaus Ze Flammenwerfer#7917
2018-04-18 19:22:57 Member role add: 'fuck' role was added to @exo.#9999
2018-04-18 19:23:07 Member role add: 'fuck' role was added to @A VERY LITTLE Polski#2954
2018-04-18 19:23:15 Member role add: 'fuck' role was added to @Mr. Robot#0007
2018-04-18 19:23:30 Member role add: 'fuck' role was added to @skay <3#8589
2018-04-18 19:24:42 Member ban: @Azry_Deesigns#4954 (id 368685367571906562)
2018-04-18 19:24:42 Member leave: @Azry_Deesigns#4954 (id 368685367571906562)
2018-04-18 19:25:25 Role created: 'new role' (id 436245890961899534)
2018-04-18 19:25:25 Role renamed: 'new role' to 'gey'
2018-04-18 19:25:25 Role color: 'new role' changed from #000000 to #ff0001
2018-04-18 19:25:25 Role permissions: 'new role' changed from 641195073 to 0
2018-04-18 19:26:08 Member role add: 'gey' role was added to @DaffyZidan#7355
2018-04-18 19:26:18 Member role add: 'gey' role was added to @DankestFke#9251
2018-04-18 19:26:22 Member leave: @skay <3#8589 (id 300754440045068289)
2018-04-18 19:26:30 Member role add: 'gey' role was added to @UnBreakableFX#2690
2018-04-18 19:26:31 Member role add: 'gey' role was added to @ZibranArtz#4978
2018-04-18 19:26:52 Member role add: 'gey' role was added to @DanishDesigns#3821
2018-04-18 19:27:44 Member join: @skay <3#8589 (id 300754440045068289)
2018-04-18 19:29:18 Member leave: @skay <3#8589 (id 300754440045068289)
2018-04-18 19:30:17 Member join: @skay <3#8589 (id 300754440045068289)
2018-04-18 19:30:39 Member leave: @skay <3#8589 (id 300754440045068289)
2018-04-18 19:33:54 Member join: @skay <3#8589 (id 300754440045068289)
2018-04-18 19:35:15 Member role add: 'fuck' role was added to @skay <3#8589
2018-04-18 19:35:46 Member ban: @DankestFke#9251 (id 327736741387567104)
2018-04-18 19:35:46 Member leave: @DankestFke#9251 (id 327736741387567104)
2018-04-18 19:36:29 Member ban: @DanishDesigns#3821 (id 414075435370938379)
2018-04-18 19:36:29 Member leave: @DanishDesigns#3821 (id 414075435370938379)
2018-04-18 19:39:15 Member leave: @Klaus Ze Flammenwerfer#7917 (id 291226226608308224)
2018-04-18 19:40:46 Member leave: @skay <3#8589 (id 300754440045068289)
2018-04-18 19:42:02 Member role remove: The 'fuck' role was removed from @A VERY LITTLE Polski#2954
2018-04-18 19:42:02 Member role remove: The 'fuck' role was removed from @exo.#9999
2018-04-18 19:42:02 Member role remove: The 'fuck' role was removed from @Mr. Robot#0007
2018-04-18 19:42:02 Role deleted: 'fuck' (id 436245141288910889)
2018-04-18 19:42:25 Member leave: @exo.#9999 (id 391606357788327954)
2018-04-18 19:45:01 Member leave: @A VERY LITTLE Polski#2954 (id 278056548369170438)
2018-04-18 22:33:49 Member leave: @Mr. Robot#0007 (id 426234414255570959)
2018-04-21 03:36:16 Member username: '@UnBreakableFX#2690' (id 404178328849743872) changed username from 'UnBreakableFX' to 'UnBreakable2D'
2018-04-21 08:31:10 Channel created: bot-commands
2018-04-21 08:32:00 Channel deleted: âœ”Gamingâœ”
2018-04-21 08:32:38 Channel created: ðŸ”´ROBLOX
2018-04-21 08:33:02 Channel created: ðŸ”´FORTNITE
2018-04-21 08:33:24 Channel created: ðŸ”´minecraft
2018-04-21 08:33:41 Channel deleted: AFK
2018-04-21 08:33:49 Channel deleted: Music
2018-04-21 08:33:55 Channel deleted: VoiceChat
2018-04-21 08:34:49 Channel created: â–ªSpeakâ–ª
2018-04-21 08:35:06 Channel rename: ZibranArtz - Office renamed to ðŸ”´ZibranArtz - OfficeðŸ”´
2018-04-21 08:36:53 Channel created: â®â¸â­-music-âœ”
2018-04-21 08:37:17 Channel deleted: â®â¸â­-music-âœ”
2018-04-21 08:37:25 Channel created: â®â¸â­-music-âœ”
2018-04-21 08:38:02 Channel created: â¸-afk
2018-04-21 08:38:11 Channel deleted: â¸-afk
2018-04-21 08:38:36 Channel created: â¸AFK
2018-04-21 08:38:55 Channel deleted: ðŸ”´minecraft
2018-04-21 08:39:09 Channel created: ðŸ”´Minecraft
2018-04-21 08:39:44 Channel deleted: general
2018-04-28 11:01:33 Server icon changed from https://cdn.discordapp.com/icons/426746764956008448/5094feb6aaf0b1cd30d3aa8681fc4e5c.jpg to https://cdn.discordapp.com/icons/426746764956008448/e039ba95c2b686b200cbacb54265aa5f.jpg
