2018-04-21 12:10:07 #commande-bot @DisWear#8028: !help
2018-04-21 12:10:09 #commande-bot @Synapse#0692: Check your DM, @{Dis'Run}DisWear! I have sent something for you :wink:
2018-04-21 12:17:03 #commande-bot @DisWear#8028: .multicolore 2 OWNER
2018-04-21 12:18:38 #commande-bot @DisWear#8028: .multicolor 'interval' 'Fondateur'
2018-04-21 12:29:57 #commande-bot @DisWear#8028: *[multicolor | multicolour] <interval> <Fondateur>
2018-04-21 12:30:06 #commande-bot @DisWear#8028: *[multicolor | 2 ] <interval> <Fondateur>
2018-04-21 12:30:18 #commande-bot @DisWear#8028: *multicolor
2018-04-21 12:30:22 #commande-bot @Ghostplay R2#1298: ```\n*[multicolor|multicolour] <interval> <role>\n\nChanges the role color every x seconds\n\n```
2018-04-21 12:31:04 #commande-bot @DisWear#8028: *multicolor 2 <interval> <Fondateur>
2018-04-21 12:31:08 #commande-bot @Ghostplay R2#1298: 
2018-04-21 12:31:08 #commande-bot @Ghostplay R2#1298 edited message from 2018-04-21 12:31:08 () to read: 
2018-04-21 12:31:47 #commande-bot @DisWear#8028: *multicolor 2 <interval> <Fondateur>
2018-04-21 12:31:51 #commande-bot @Ghostplay R2#1298: 
2018-04-21 12:31:51 #commande-bot @Ghostplay R2#1298 edited message from 2018-04-21 12:31:51 () to read: 
2018-04-21 12:32:30 #commande-bot @DisWear#8028: *multicolor 2 <interval> <Fondateur>
2018-04-21 12:32:34 #commande-bot @Ghostplay R2#1298: 
2018-04-21 12:32:34 #commande-bot @Ghostplay R2#1298 edited message from 2018-04-21 12:32:34 () to read: 
2018-04-21 12:33:09 #commande-bot @DisWear#8028: *multicolor 2 <interval> <Fondateur>
2018-04-21 12:33:13 #commande-bot @Ghostplay R2#1298: 
2018-04-21 12:33:13 #commande-bot @Ghostplay R2#1298 edited message from 2018-04-21 12:33:13 () to read: 
2018-04-21 12:34:12 #commande-bot @DisWear#8028: *multicolor 2 Fondateur
2018-04-21 12:35:55 #commande-bot @Ghostplay R2#1298: `Error in command 'multicolor'.If you keep seeing this message please contact the owner of the bot.`
2018-04-21 12:36:27 #commande-bot @DisWear#8028: *multicolor 2 Fondateur
2018-04-21 12:36:35 #commande-bot @Ghostplay R2#1298: `Error in command 'multicolor'.If you keep seeing this message please contact the owner of the bot.`
2018-04-21 12:37:03 #commande-bot @DisWear#8028: *multicolor 2 Fondateur
2018-04-21 17:14:12 #commande-bot @DisWear#8028: *multicolor 2 Fondateur
2018-04-22 12:32:33 #commande-bot @DisWear#8028: *multicolor 5 Fondateur
2018-04-22 12:33:05 #commande-bot @DisWear#8028: *multicolor owner
2018-04-22 12:33:27 #commande-bot @Ghostplay R2#1298: ```\n*[multicolor|multicolour] <interval> <role>\n\nChanges the role color every x seconds\n\n```
2018-04-22 12:35:23 #commande-bot @DisWear#8028: *multicolor 1 Fondateur
2018-04-22 12:35:44 #commande-bot @DisWear#8028: *multicolor 10 Fondateur
2018-04-22 12:36:07 #commande-bot @DisWear#8028: *multicolor 60 Fondateur
2018-04-22 12:37:18 #commande-bot @Ghostplay R2#1298: `Error in command 'multicolor'.If you keep seeing this message please contact the owner of the bot.`
2018-04-22 12:37:25 #commande-bot @Ghostplay R2#1298: `Error in command 'multicolor'.If you keep seeing this message please contact the owner of the bot.`
2018-04-22 12:37:46 #commande-bot @Ghostplay R2#1298: `Error in command 'multicolor'.If you keep seeing this message please contact the owner of the bot.`
2018-04-22 12:37:53 #commande-bot @Ghostplay R2#1298: `Error in command 'multicolor'.If you keep seeing this message please contact the owner of the bot.`
2018-04-22 12:38:00 #commande-bot @Ghostplay R2#1298: `Error in command 'multicolor'.If you keep seeing this message please contact the owner of the bot.`
2018-04-22 12:38:33 #commande-bot @DisWear#8028: *multicolor 60 Fondateur
2018-04-22 12:38:50 #commande-bot @DisWear#8028: *multicolor 60 Fondateur
2018-04-22 12:38:57 #commande-bot @DisWear#8028: *multicolor 3 Fondateur
2018-04-22 12:40:28 #commande-bot @Ghostplay R2#1298: `Error in command 'multicolor'.If you keep seeing this message please contact the owner of the bot.`
2018-04-22 12:40:46 #commande-bot @Ghostplay R2#1298: `Error in command 'multicolor'.If you keep seeing this message please contact the owner of the bot.`
2018-04-22 12:40:53 #commande-bot @Ghostplay R2#1298: `Error in command 'multicolor'.If you keep seeing this message please contact the owner of the bot.`
2018-04-22 12:41:04 #commande-bot @Ghostplay R2#1298: `Error in command 'multicolor'.If you keep seeing this message please contact the owner of the bot.`
2018-04-22 16:10:52 #commande-bot @DisWear#8028: *multicolor 60 Fondateur
2018-04-22 16:11:11 #commande-bot @DisWear#8028: *multicolor 3 Fondateur
2018-04-22 16:11:19 #commande-bot @Ghostplay R2#1298: `Error in command 'multicolor'.If you keep seeing this message please contact the owner of the bot.`
2018-04-22 16:11:29 #commande-bot @Ghostplay R2#1298: `Error in command 'multicolor'.If you keep seeing this message please contact the owner of the bot.`
