2018-04-21 09:38:31 this bot joined the server
2018-04-21 09:38:31 Role created: 'Synapse' (id 437185357121847306)
2018-04-21 09:38:31 Member role add: 'Synapse' role was added to @Synapse#0692
2018-04-21 17:51:42 Member join: @☣It's  "OM" Bitchs☣#4945 (id 416807791643066398)
2018-04-22 04:21:00 Role created: 'new role' (id 437467836953395211)
2018-04-22 04:21:19 Role color: 'new role' changed from #000000 to #da004e
2018-04-22 04:21:22 Role hoist: 'new role' is now shown seperately
2018-04-22 04:21:23 Role mentionable: 'new role' is now mentionable
2018-04-22 04:21:23 Role hoist: 'new role' is no longer shown seperately
2018-04-22 04:21:24 Role hoist: 'new role' is now shown seperately
2018-04-22 04:21:26 Role permissions: 'new role' changed from 104324161 to 104324169
2018-04-22 04:21:26 Role permissions: 'new role' changed from 104324169 to 104324201
2018-04-22 04:21:27 Role permissions: 'new role' changed from 104324201 to 372759657
2018-04-22 04:21:28 Role permissions: 'new role' changed from 372759657 to 372759673
2018-04-22 04:21:29 Role permissions: 'new role' changed from 372759673 to 372759675
2018-04-22 04:21:30 Role permissions: 'new role' changed from 372759675 to 372759679
2018-04-22 04:21:32 Role permissions: 'new role' changed from 372759679 to 506977407
2018-04-22 04:21:34 Role permissions: 'new role' changed from 506977407 to 506985599
2018-04-22 04:21:38 Role permissions: 'new role' changed from 506985599 to 511179903
2018-04-22 04:21:38 Role permissions: 'new role' changed from 511179903 to 519568511
2018-04-22 04:21:39 Role permissions: 'new role' changed from 519568511 to 536345727
2018-04-22 04:21:42 Role renamed: 'new role' to 'OWNER'
2018-04-22 04:22:20 Role permissions: 'Ghostplay R2' changed from 268520497 to 268782705
2018-04-22 04:22:20 Role position: 'Ghostplay R2' changed from 3 to 2
2018-04-22 04:22:20 Role position: 'Passive' changed from 3 to 4
2018-04-22 04:22:20 Role permissions: 'Nadeko' changed from 66186303 to 66448511
2018-04-22 04:22:20 Role position: 'Nadeko' changed from 3 to 5
2018-04-22 04:22:20 Role position: 'Dank Memer' changed from 3 to 6
2018-04-22 04:22:20 Role position: 'OWNER' changed from 1 to 7
2018-04-22 04:22:30 Member role add: 'OWNER' role was added to @☣It's  "OM" Bitchs☣#4945
2018-04-22 04:22:38 Role created: 'new role' (id 437468248439521302)
2018-04-22 04:22:47 Role color: 'new role' changed from #000000 to #277ecd
2018-04-22 04:22:57 Role renamed: 'new role' to 'BOTS'
2018-04-22 04:22:59 Role mentionable: 'BOTS' is now mentionable
2018-04-22 04:23:00 Role hoist: 'BOTS' is now shown seperately
2018-04-22 04:23:11 Member role add: 'BOTS' role was added to @Dank Memer#6539
2018-04-22 04:23:16 Member role add: 'BOTS' role was added to @ELO#1486
2018-04-22 04:23:20 Member role add: 'BOTS' role was added to @Ghostplay R2#1298
2018-04-22 04:23:25 Member role add: 'BOTS' role was added to @Nadeko#6685
2018-04-22 04:23:29 Member role add: 'BOTS' role was added to @PassiveBOT#2492
2018-04-22 04:23:34 Member role add: 'BOTS' role was added to @Synapse#0692
2018-04-22 05:25:21 Role permissions: 'Synapse' changed from 8 to 262216
2018-04-22 05:25:21 Role position: 'Synapse' changed from 3 to 2
2018-04-22 05:25:21 Role position: 'Ghostplay R2' changed from 3 to 8
2018-04-22 05:25:23 Role hoist: 'Ghostplay R2' is now shown seperately
2018-04-22 05:25:24 Role mentionable: 'Ghostplay R2' is now mentionable
2018-04-22 05:25:24 Role hoist: 'Ghostplay R2' is no longer shown seperately
2018-04-22 05:25:25 Role hoist: 'Ghostplay R2' is now shown seperately
2018-04-22 05:25:27 Role hoist: 'Ghostplay R2' is no longer shown seperately
2018-04-22 05:25:28 Role mentionable: 'Ghostplay R2' is no longer mentionable
2018-04-22 05:25:29 Role permissions: 'Ghostplay R2' changed from 268782705 to 268782713
2018-04-22 05:25:31 Role permissions: 'Ghostplay R2' changed from 268782713 to 268782715
2018-04-22 05:25:31 Role permissions: 'Ghostplay R2' changed from 268782715 to 268782717
2018-04-22 05:25:32 Role permissions: 'Ghostplay R2' changed from 268782717 to 335891581
2018-04-22 05:25:33 Role permissions: 'Ghostplay R2' changed from 335891581 to 268782719
2018-04-22 05:25:34 Role permissions: 'Ghostplay R2' changed from 268782719 to 403000447
2018-04-22 05:25:36 Role permissions: 'Ghostplay R2' changed from 403000447 to 470109311
2018-04-22 05:25:39 Role permissions: 'Ghostplay R2' changed from 470109311 to 470113407
2018-04-22 05:25:40 Role permissions: 'Ghostplay R2' changed from 470113407 to 470117503
2018-04-22 05:25:42 Role permissions: 'Ghostplay R2' changed from 470117503 to 470121599
2018-04-22 05:25:45 Role permissions: 'Ghostplay R2' changed from 470121599 to 470154367
2018-04-22 05:25:46 Role permissions: 'Ghostplay R2' changed from 470154367 to 470285439
2018-04-22 05:25:48 Role permissions: 'Ghostplay R2' changed from 470285439 to 471334015
2018-04-22 05:25:48 Role permissions: 'Ghostplay R2' changed from 471334015 to 472382591
2018-04-22 05:25:49 Role permissions: 'Ghostplay R2' changed from 472382591 to 475528319
2018-04-22 05:25:49 Role permissions: 'Ghostplay R2' changed from 475528319 to 483916927
2018-04-22 05:25:50 Role permissions: 'Ghostplay R2' changed from 483916927 to 486014079
2018-04-22 05:25:52 Role permissions: 'Ghostplay R2' changed from 486014079 to 502791295
2018-04-22 05:25:52 Role permissions: 'Ghostplay R2' changed from 502791295 to 519568511
2018-04-22 05:25:54 Role permissions: 'Ghostplay R2' changed from 519568511 to 536345727
