2018-04-23 02:02:47 #AFK Voice channel join: FlamingCage#6551 (id 297517281573863428), moved from Fortnite, flags: self_mute
2018-04-23 02:10:28 #AFK Voice channel leave: FlamingCage#6551 (id 297517281573863428) moving to Fortnite
2018-04-24 03:23:55 #AFK Voice channel join: FlamingCage#6551 (id 297517281573863428), moved from Fortnite, flags: self_deaf,self_mute
2018-04-24 03:34:43 #AFK Voice channel leave: FlamingCage#6551 (id 297517281573863428) moving to Fortnite
2018-04-25 02:01:59 #AFK Voice channel join: FlamingCage#6551 (id 297517281573863428), moved from Fortnite, flags: self_mute
2018-04-25 03:20:35 #AFK Server self-unmute: FlamingCage#6551 (id 297517281573863428)
2018-04-25 03:20:37 #AFK Voice channel leave: FlamingCage#6551 (id 297517281573863428) moving to Fortnite
2018-04-25 04:12:42 #AFK Voice channel join: Rythm#3722 (id 235088799074484224), moved from Fortnite
2018-04-25 04:12:50 #AFK Voice channel leave: Rythm#3722 (id 235088799074484224)
2018-04-26 01:42:59 #AFK Voice channel join: FlamingCage#6551 (id 297517281573863428), moved from Fortnite, flags: self_mute
2018-04-26 02:30:27 #AFK Server self-unmute: FlamingCage#6551 (id 297517281573863428)
2018-04-26 02:32:04 #AFK Server self-mute: FlamingCage#6551 (id 297517281573863428)
2018-04-26 02:32:06 #AFK Voice channel leave: FlamingCage#6551 (id 297517281573863428) moving to Fortnite
2018-04-28 00:12:14 #AFK Voice channel join: FlamingCage#6551 (id 297517281573863428), moved from Fortnite, flags: self_deaf,self_mute
2018-04-28 00:36:22 #AFK Server self-undeafen: FlamingCage#6551 (id 297517281573863428)
2018-04-28 00:36:23 #AFK Server self-unmute: FlamingCage#6551 (id 297517281573863428)
2018-04-28 00:36:28 #AFK Voice channel leave: FlamingCage#6551 (id 297517281573863428)
2018-04-28 02:26:25 #AFK Voice channel join: Synapse#0692 (id 435538622293344266), moved from Fortnite
2018-04-28 05:19:25 #AFK Voice channel leave: Synapse#0692 (id 435538622293344266)
2018-05-01 01:40:12 #AFK Voice channel join: FlamingCage#6551 (id 297517281573863428), moved from Fortnite, flags: self_mute
2018-05-01 01:45:34 #AFK Voice channel join: omgwtkidk#5048 (id 384905543267123209)
2018-05-01 01:45:39 #AFK Server self-mute: omgwtkidk#5048 (id 384905543267123209)
2018-05-01 01:45:40 #AFK Server self-unmute: omgwtkidk#5048 (id 384905543267123209)
2018-05-01 01:45:41 #AFK Server self-mute: omgwtkidk#5048 (id 384905543267123209)
2018-05-01 01:45:48 #AFK Voice channel leave: omgwtkidk#5048 (id 384905543267123209)
2018-05-01 01:46:01 #AFK Voice channel leave: FlamingCage#6551 (id 297517281573863428)
2018-05-03 02:50:27 #AFK Voice channel join: FlamingCage#6551 (id 297517281573863428), moved from Fortnite, flags: self_mute
2018-05-03 02:55:12 #AFK Voice channel leave: FlamingCage#6551 (id 297517281573863428) moving to Fortnite
