2018-05-01 06:42:49 #tidur Voice channel join: Cloud9|Muhammadzidan#0769 (id 346164079062286338), moved from General
2018-05-01 06:42:52 #tidur Voice channel join: 「G²」☻ VANIA ☻#7138 (id 417317826244771860), moved from General
2018-05-01 06:43:14 #tidur BARENG Voice channel leave: Cloud9|Muhammadzidan#0769 (id 346164079062286338) moving to General
2018-05-01 06:43:15 #tidur BARENG Voice channel leave: 「G²」☻ VANIA ☻#7138 (id 417317826244771860) moving to General
2018-05-01 06:43:21 #tidur BARENG Voice channel join: 「G²」☻ VANIA ☻#7138 (id 417317826244771860), moved from General
2018-05-01 06:43:23 #tidur BARENG Voice channel join: Cloud9|Muhammadzidan#0769 (id 346164079062286338), moved from General
2018-05-01 06:45:17 #tidur BARENG Voice channel leave: Cloud9|Muhammadzidan#0769 (id 346164079062286338)
2018-05-01 07:42:10 #tidur BARENG Voice channel join: Cloud9|Muhammadzidan#0769 (id 346164079062286338)
2018-05-01 07:42:38 #tidur BARENG Voice channel leave: Cloud9|Muhammadzidan#0769 (id 346164079062286338) moving to General
2018-05-01 07:42:40 #tidur BARENG Voice channel join: Cloud9|Muhammadzidan#0769 (id 346164079062286338), moved from General
2018-05-01 07:42:51 #tidur BARENG Voice channel leave: 「G²」☻ VANIA ☻#7138 (id 417317826244771860) moving to General
2018-05-01 07:42:56 #tidur BARENG Voice channel leave: Cloud9|Muhammadzidan#0769 (id 346164079062286338) moving to General
2018-05-01 07:43:10 #tidur BARENG Voice channel join: 「G²」☻ VANIA ☻#7138 (id 417317826244771860), moved from General
2018-05-01 07:43:10 #tidur BARENG Voice channel join: Cloud9|Muhammadzidan#0769 (id 346164079062286338), moved from General
2018-05-01 07:45:52 #tidur BARENG Voice channel leave: Cloud9|Muhammadzidan#0769 (id 346164079062286338)
2018-05-01 08:07:17 #tidur BARENG Voice channel join: Cloud9|Muhammadzidan#0769 (id 346164079062286338)
2018-05-01 08:09:40 #tidur BARENG Voice channel leave: 「G²」☻ VANIA ☻#7138 (id 417317826244771860) moving to General
2018-05-01 08:09:47 #tidur BARENG Voice channel leave: Cloud9|Muhammadzidan#0769 (id 346164079062286338) moving to General
2018-05-01 08:11:03 #tidur BARENG Voice channel join: 「G²」☻ VANIA ☻#7138 (id 417317826244771860), moved from General
2018-05-01 08:11:06 #tidur BARENG Voice channel join: Cloud9|Muhammadzidan#0769 (id 346164079062286338), moved from General
2018-05-01 08:24:02 #tidur BARENG Voice channel leave: Cloud9|Muhammadzidan#0769 (id 346164079062286338)
2018-05-01 08:24:30 #tidur BARENG Voice channel join: Cloud9|Muhammadzidan#0769 (id 346164079062286338)
2018-05-01 09:18:39 #tidur BARENG Voice channel leave: 「G²」☻ VANIA ☻#7138 (id 417317826244771860) moving to General
2018-05-01 09:18:39 #tidur BARENG Voice channel leave: Cloud9|Muhammadzidan#0769 (id 346164079062286338) moving to General
2018-05-01 09:19:11 #tidur BARENG Voice channel join: 「G²」☻ VANIA ☻#7138 (id 417317826244771860), moved from General
2018-05-01 09:19:11 #tidur BARENG Voice channel join: Cloud9|Muhammadzidan#0769 (id 346164079062286338), moved from General
2018-05-01 09:21:28 #tidur BARENG Voice channel leave: Cloud9|Muhammadzidan#0769 (id 346164079062286338)
2018-05-01 09:25:09 #tidur BARENG Voice channel leave: 「G²」☻ VANIA ☻#7138 (id 417317826244771860)
2018-05-01 09:26:39 #tidur BARENG Voice channel join: Cloud9|Muhammadzidan#0769 (id 346164079062286338)
2018-05-01 09:27:12 #tidur BARENG Voice channel leave: Cloud9|Muhammadzidan#0769 (id 346164079062286338)
