2018-04-25 03:24:32 #game @Solo Player#3847: klo main bilang
2018-04-25 06:42:21 #game @veryandio anfradya#9741: oke
2018-04-25 07:57:17 #game @veryandio anfradya#9741: pu
2018-04-25 07:57:31 #game @veryandio anfradya#9741: nukar the forest kh ?
2018-04-25 07:57:39 #game @veryandio anfradya#9741: mun diskon
2018-04-25 08:49:24 #game @Solo Player#3847: kna ja
2018-04-25 08:49:29 #game @Solo Player#3847: aku mau bheli rust
2018-04-25 08:51:51 #game @Solo Player#3847: 🎆
2018-04-25 08:52:13 #game @Solo Player#3847: 🇮🇩
2018-04-25 08:52:37 #game @Solo Player#3847: wqe
2018-04-25 10:17:19 #game @Solo Player#3847: 
2018-04-25 10:17:44 #game @veryandio anfradya#9741: apa tu
2018-04-25 10:17:54 #game @Solo Player#3847: .spotify drake
2018-04-25 10:22:04 #game @Solo Player#3847: spotify
2018-04-25 10:22:06 #game @Solo Player#3847: lagu
2018-04-25 10:27:50 #game @veryandio anfradya#9741: .spotify mikewilliams
2018-04-25 10:28:09 #game @veryandio anfradya#9741: .spotify drake
2018-04-25 10:28:46 #game @Solo Player#3847: kd bisa
2018-04-25 10:28:55 #game @Solo Player#3847: buka di aplikasi spotify ja
2018-04-25 10:29:02 #game @veryandio anfradya#9741: o
2018-04-25 10:29:04 #game @Solo Player#3847: main the forest kh
2018-04-25 10:29:16 #game @veryandio anfradya#9741: yok
2018-04-25 10:29:23 #game @Solo Player#3847: bisa multi lah
2018-04-25 10:29:27 #game @veryandio anfradya#9741: ada kwn ku meajak kemarin
2018-04-25 10:29:30 #game @Solo Player#3847: kd tau dmana download nya
2018-04-25 10:29:35 #game @veryandio anfradya#9741: tapi git nya versi steam
2018-04-25 10:29:47 #game @veryandio anfradya#9741: nya gin kemarin meajak main pubg
2018-04-25 10:30:08 #game @Solo Player#3847: aku malas beli the forest
2018-04-25 10:30:12 #game @veryandio anfradya#9741: knp?
2018-04-25 10:30:15 #game @Solo Player#3847: mau beli rust dlu
2018-04-25 10:30:18 #game @Solo Player#3847: rame cuy
2018-04-25 10:30:19 #game @veryandio anfradya#9741: tunggu discount
2018-04-25 10:30:22 #game @veryandio anfradya#9741: o
2018-04-25 10:30:27 #game @Solo Player#3847: lama discount nya
2018-04-25 10:30:34 #game @veryandio anfradya#9741: tunggu ai
2018-04-25 10:52:46 #game @Solo Player#3847: 444444444444///
2018-04-25 10:53:49 #game @Solo Player#3847: qweqew
2018-04-25 10:53:55 #game @Solo Player#3847: gk ada kh suaara nya
2018-04-25 11:18:51 #game @Solo Player#3847: live stream cube.tv ja
2018-04-25 11:18:57 #game @Solo Player#3847: gk ada krjaan ni
2018-04-25 13:16:48 #game @veryandio anfradya#9741: ya
2018-04-26 06:58:25 #game @Solo Player#3847: dota
2018-04-26 07:07:03 #game @ENVIZY#7657: Pu km sudah lah biologi
2018-04-26 08:53:11 #game @Solo Player#3847: sdh
2018-04-26 08:53:14 #game @Solo Player#3847: main fornite
2018-04-26 08:53:18 #game @Solo Player#3847: latih skill cuy
2018-04-26 08:53:23 #game @Solo Player#3847: klo mau ikut bilang
2018-04-26 09:08:15 #game @ENVIZY#7657: pinjam pun km kena lah
2018-04-26 09:08:24 #game @ENVIZY#7657: yg 50 soal tu lah
2018-04-26 09:52:21 #game @Solo Player#3847: blum kmi yg itu
2018-04-26 10:01:14 #game @ENVIZY#7657: iyalah
2018-04-26 10:01:28 #game @ENVIZY#7657: km tau kd 50  soal yg kumaksud
2018-04-26 10:08:31 #game @Solo Player#3847: kd tau
2018-04-26 10:08:35 #game @Solo Player#3847: kmi kdd yg itu
2018-04-26 10:08:38 #game @Solo Player#3847: 10 soal ja
2018-04-26 10:13:05 #game @Solo Player#3847: dgn 30 soal
2018-04-26 10:30:45 #game @Solo Player#3847: mantap cuy mabar sma Gm roe
2018-04-26 10:30:47 #game @Solo Player#3847: ahahahha
2018-04-26 10:33:35 #game @Solo Player#3847: GM-Rochlime
2018-04-26 11:07:48 #game @ENVIZY#7657: yg halaman 118 tu sudah lah ketoh
2018-04-26 11:08:20 #game @ENVIZY#7657: woy
2018-04-26 11:08:22 #game @ENVIZY#7657: aokwoaw
2018-04-26 11:08:24 #game @ENVIZY#7657: @[001011]://DrO.com
2018-04-26 11:17:14 #game @Solo Player#3847: #0000FF sdh tu
2018-04-26 11:17:31 #game @ENVIZY#7657: yg halaman 135 pang
2018-04-26 11:17:36 #game @ENVIZY#7657: 30 soal
2018-04-26 11:36:46 #game @Solo Player#3847: sdh jua
2018-04-26 11:36:53 #game @ENVIZY#7657: kena ku kerumah km lah
2018-04-26 12:32:58 #game @Solo Player#3847: waaah
2018-04-26 12:33:06 #game @Solo Player#3847: gk menang2 cuy
2018-04-26 12:49:26 #game @ENVIZY#7657: yo pu
2018-04-26 13:10:02 #game @Solo Player#3847: yok
2018-04-26 13:15:29 #game @Solo Player#3847: https://dota2mods.com/download
2018-04-26 13:15:30 #game @Solo Player#3847 edited message from 2018-04-26 13:15:29 (https://dota2mods.com/download) to read: https://dota2mods.com/download
2018-04-26 14:27:24 #game @veryandio anfradya#9741: Halo
2018-04-27 03:12:14 #game @Solo Player#3847: oou
2018-04-27 03:12:31 #game @ENVIZY#7657: sajfiajfg
2018-04-27 03:13:40 #game @ENVIZY#7657: dota kah
2018-04-27 03:14:55 #game @Solo Player#3847: kna cuy
2018-04-27 03:14:59 #game @Solo Player#3847: mau main sma gm lgi
2018-04-27 04:58:46 #game @Solo Player#3847: yok dota
2018-04-27 04:58:51 #game @Solo Player#3847: @ENVIZY
2018-04-27 04:58:53 #game @Solo Player#3847: oy
2018-04-27 07:24:54 #game @Solo Player#3847: main dota kd
2018-04-27 07:29:13 #game @ENVIZY#7657: kena lu, lagi rami
2018-04-27 11:07:56 #game @Solo Player#3847: main dota kd
2018-04-27 11:08:02 #game @Solo Player#3847: haahah rame cuy
2018-04-27 11:08:07 #game @Solo Player#3847: dpt team roe
2018-04-27 11:20:17 #game @ENVIZY#7657: tunggu
2018-04-27 11:20:20 #game @ENVIZY#7657: aku mandi lu
2018-04-27 11:43:34 #game @Solo Player#3847: okok
2018-04-27 11:43:53 #game @Solo Player#3847: ni lgi main roe jua
2018-04-27 11:48:00 #game @ENVIZY#7657: yo
2018-04-27 12:00:50 #game @Solo Player#3847: bntar
2018-04-27 12:00:55 #game @Solo Player#3847: lgi main ni
2018-04-27 12:01:01 #game @Solo Player#3847: woey sdh dtg ni
2018-04-27 12:01:09 #game @Solo Player#3847: @Richelle
2018-04-27 12:01:28 #game @ENVIZY#7657: sudah bulik grng eriel
2018-04-27 13:01:01 #game @Solo Player#3847: sudah kya  nya
2018-04-27 15:34:46 #game @Solo Player#3847: dota
2018-04-27 15:34:57 #game @ENVIZY#7657: yo
2018-04-27 15:36:18 #game @ENVIZY#7657: mana km tod
2018-04-28 07:33:45 #game @Solo Player#3847: ouy
2018-04-28 07:34:14 #game @veryandio anfradya#9741: ouy
2018-04-28 07:34:20 #game @veryandio anfradya#9741: lihat chat
2018-04-28 07:34:25 #game @veryandio anfradya#9741: @[001011]://DrO.com
2018-04-28 07:37:54 #game @Solo Player#3847: apa
2018-04-28 07:38:00 #game @Solo Player#3847: silicir acault
2018-04-28 07:38:01 #game @Solo Player#3847: hahahahah
2018-04-28 07:38:05 #game @Solo Player#3847: lucu heh
2018-04-28 12:26:00 #game @Richelle#0126: hola
2018-04-28 12:26:04 #game @Richelle#0126: everebode
2018-04-28 12:26:09 #game @Richelle#0126: @ENVIZY
2018-04-28 12:26:11 #game @Richelle#0126: @ENVIZY
2018-04-28 12:26:13 #game @Richelle#0126: @ENVIZY
2018-04-28 12:26:18 #game @ENVIZY#7657: apa tot
2018-04-28 12:26:27 #game @Richelle#0126: lari esok jim sore
2018-04-28 12:26:48 #game @Richelle#0126: apa foto kam tu
2018-04-28 12:26:50 #game @Richelle#0126: korea
2018-04-28 12:26:55 #game @Richelle#0126: plastik pinanya
2018-04-28 12:26:56 #game @ENVIZY#7657: cina kentot
2018-04-28 12:27:03 #game @Richelle#0126: plastik pinanya
2018-04-28 12:27:08 #game @ENVIZY#7657: cina kentot
2018-04-28 12:27:15 #game @Richelle#0126: iya cina plastik
2018-04-28 12:27:21 #game @ENVIZY#7657: ngentot
2018-04-28 12:27:33 #game @Richelle#0126: lari esok
2018-04-28 12:27:39 #game @ENVIZY#7657: jamberapa
2018-04-28 12:27:43 #game @Richelle#0126: sore
2018-04-28 12:27:47 #game @Richelle#0126: jm 4
2018-04-28 12:27:47 #game @ENVIZY#7657: yo
2018-04-28 12:27:51 #game @Richelle#0126: jam 4
2018-04-28 12:28:03 #game @Richelle#0126: oke kutunggu
2018-04-28 12:28:09 #game @ENVIZY#7657: sip sip
2018-04-28 12:28:14 #game @Richelle#0126: jangan lupa bawa cewe
2018-04-28 12:28:20 #game @ENVIZY#7657: siapa bungul
2018-04-28 12:29:05 #game @Richelle#0126: cewe km
2018-04-28 12:29:09 #game @ENVIZY#7657: siapa tot
2018-04-28 12:29:14 #game @ENVIZY#7657: bening nah
2018-04-28 12:29:21 #game @Richelle#0126: tu yg di foto
2018-04-28 12:29:26 #game @Richelle#0126: cewe kam kalo
2018-04-28 12:29:32 #game @Richelle#0126: bawai inya lah
2018-04-28 12:29:33 #game @ENVIZY#7657: maunya
2018-04-28 12:29:43 #game @Richelle#0126: kwkwkw
2018-04-28 12:30:45 #game @ENVIZY#7657: mantap (attachment url(s): https://cdn.discordapp.com/attachments/323259726588542979/439765413912510464/Screenshot_2.png)
2018-04-28 12:31:18 #game @Richelle#0126: sma negeri 1 merong city kah tu
2018-04-28 12:31:25 #game @ENVIZY#7657: palangka bungul
2018-04-28 12:31:31 #game @ENVIZY#7657: seangkatan ja jar evan
2018-04-28 12:31:33 #game @ENVIZY#7657: mantap
2018-04-28 12:32:29 #game @Richelle#0126: bungas ampun ku masih
2018-04-28 12:32:31 #game @Richelle#0126: hadang
2018-04-28 12:32:55 #game @ENVIZY#7657: mana
2018-04-28 12:34:24 #game @Richelle#0126:  (attachment url(s): https://cdn.discordapp.com/attachments/323259726588542979/439766332070690818/24126813_136024940336111_5146816184477286400_n.jpg)
2018-04-28 12:34:38 #game @ENVIZY#7657: bungul bungas punku tadi
2018-04-28 12:34:43 #game @ENVIZY#7657: jelas ja km
2018-04-28 12:34:47 #game @ENVIZY#7657: siapa tu yel
2018-04-28 12:37:17 #game @Richelle#0126: belai ku mamadah nya
2018-04-28 12:37:24 #game @ENVIZY#7657: ngentot
2018-04-28 12:38:04 #game @Richelle#0126:  (attachment url(s): https://cdn.discordapp.com/attachments/323259726588542979/439767255824334848/21042509_146280215960498_8840208254802853888_n.jpg)
2018-04-28 12:38:05 #game @Richelle#0126: hannn
2018-04-28 12:38:20 #game @Richelle#0126: jelas dah
2018-04-28 12:38:28 #game @ENVIZY#7657: alah ngentot
2018-04-28 12:38:42 #game @ENVIZY#7657: lain urang tewe
2018-04-28 12:38:56 #game @Richelle#0126: ada lah aku bepadah urang tewe
2018-04-28 12:40:44 #game @ENVIZY#7657: masih yg ini jua mantap (attachment url(s): https://cdn.discordapp.com/attachments/323259726588542979/439767926720036894/Screenshot_5.png)
2018-04-28 12:41:49 #game @Richelle#0126: tahu aku ngntu ngarannya
2018-04-28 12:41:55 #game @ENVIZY#7657: siapeee
2018-04-28 12:42:04 #game @Richelle#0126: doraemon
2018-04-28 12:42:09 #game @ENVIZY#7657: ngentot
2018-04-28 12:42:20 #game @Richelle#0126: wkwkkw
2018-04-28 12:42:23 #game @ENVIZY#7657: ngaran animasi tu ngentot
2018-04-28 12:43:47 #game @Richelle#0126: siapa kih
2018-04-28 12:44:01 #game @ENVIZY#7657: belaiku
2018-04-28 12:44:04 #game @ENVIZY#7657: bepadah
2018-04-28 12:44:27 #game @Richelle#0126: takutan ikam lah
2018-04-28 12:44:34 #game @Richelle#0126: takut di rabut kena
2018-04-28 12:44:37 #game @ENVIZY#7657: padahi yg pun km
2018-04-28 12:45:00 #game @Richelle#0126: Siti Artmev
2018-04-28 12:45:03 #game @Richelle#0126: tu
2018-04-28 12:45:07 #game @ENVIZY#7657: karamput
2018-04-28 12:45:11 #game @Richelle#0126: bungul
2018-04-28 12:45:20 #game @ENVIZY#7657: kdd bungul
2018-04-28 12:45:27 #game @Richelle#0126: wey di carinya
2018-04-28 12:45:31 #game @ENVIZY#7657: mula babi
2018-04-28 12:45:35 #game @Richelle#0126: wkkwkwkwkw
2018-04-28 12:45:48 #game @Solo Player#3847: efek jomlo ni
2018-04-28 12:47:38 #game @Richelle#0126: jimi tu jomlo
2018-04-28 12:48:01 #game @ENVIZY#7657: bagus ja
2018-04-28 12:49:06 #game @Richelle#0126: jim
2018-04-28 12:49:07 #game @Richelle#0126: https://www.instagram.com/ayukharismafeb/?hl=en
2018-04-28 12:49:07 #game @Richelle#0126 edited message from 2018-04-28 12:49:07 (https://www.instagram.com/ayukharismafeb/?hl=en) to read: https://www.instagram.com/ayukharismafeb/?hl=en
2018-04-28 12:49:10 #game @Richelle#0126: pakai kam
2018-04-28 12:49:20 #game @ENVIZY#7657: siapa tu
2018-04-28 12:49:28 #game @Richelle#0126: buka ja
2018-04-28 12:49:28 #game @ENVIZY#7657: bungul private
2018-04-28 12:49:33 #game @Richelle#0126: follow kih
2018-04-28 12:49:39 #game @ENVIZY#7657: alah ngentot
2018-04-28 12:49:49 #game @Richelle#0126: evan ja memfollow
2018-04-28 12:50:09 #game @ENVIZY#7657: tau ja km evan
2018-04-28 12:50:13 #game @ENVIZY#7657: bening dikit follo
2018-04-28 12:50:16 #game @ENVIZY#7657: follow
2018-04-28 12:50:24 #game @Richelle#0126: makanya follow
2018-04-28 12:51:28 #game @Richelle#0126: dah kam follow lah
2018-04-28 12:51:34 #game @ENVIZY#7657: balum di accnya
2018-04-28 12:51:37 #game @Richelle#0126: kena ku nyuruhnya acc
2018-04-28 12:51:41 #game @Richelle#0126: hadang
2018-04-28 12:51:42 #game @ENVIZY#7657: alah ngentot
2018-04-28 12:51:49 #game @Richelle#0126: da percayaan
2018-04-28 12:51:55 #game @ENVIZY#7657: tes
2018-04-28 12:52:00 #game @Richelle#0126: tggu
2018-04-28 12:52:48 #game @Richelle#0126: sudah lah
2018-04-28 12:54:19 #game @ENVIZY#7657: mana ada bungul
2018-04-28 12:54:20 #game @ENVIZY#7657: inya lagi off
2018-04-28 12:55:11 #game @Richelle#0126: ni ku chat inya
2018-04-28 12:55:19 #game @ENVIZY#7657: ngentot ae ah
2018-04-28 12:55:28 #game @Richelle#0126: nah
2018-04-28 13:11:57 #game @veryandio anfradya#9741: @[001011]://DrO.com
2018-04-28 13:11:59 #game @veryandio anfradya#9741: @[001011]://DrO.com
2018-04-28 13:12:25 #game @veryandio anfradya#9741 deleted message from 2018-04-28 13:11:57 (@[001011]://DrO.com)
2018-04-28 13:12:27 #game @veryandio anfradya#9741 deleted message from 2018-04-28 13:11:59 (@[001011]://DrO.com)
2018-04-28 13:12:22 #game @veryandio anfradya#9741: @​everyone
2018-04-28 13:16:29 #game @veryandio anfradya#9741: Halo
2018-04-28 13:16:34 #game @veryandio anfradya#9741: @​everyone
2018-04-30 10:13:05 #game @Solo Player#3847: -play dear god
2018-04-30 10:13:05 #game @Marv#7254: 
2018-04-30 10:13:06 #game @Marv#7254 edited message from 2018-04-30 10:13:05 () to read: 
2018-04-30 10:17:50 #game @Marv#7254 deleted message from 2018-04-30 10:13:05 ()
2018-04-30 10:27:34 #game @ENVIZY#7657: bungul , barat banar fortniteku maka setting low sudah
2018-04-30 10:31:05 #game @Richelle#0126: ganti resolusi
2018-04-30 10:31:09 #game @Richelle#0126: 800x600
2018-04-30 10:31:19 #game @Richelle#0126: yok main
2018-04-30 10:31:22 #game @Richelle#0126: @​everyone
2018-04-30 10:31:23 #game @veryandio anfradya#9741: jelas no lag
2018-04-30 10:31:27 #game @Richelle#0126: beh
2018-04-30 10:31:29 #game @ENVIZY#7657: kena hndk mandi
2018-04-30 10:31:38 #game @Richelle#0126: yan kam sudah download lah
2018-04-30 10:31:44 #game @Richelle#0126: @veryandio anfradya
2018-04-30 10:31:45 #game @Richelle#0126: main
2018-04-30 10:31:46 #game @Richelle#0126: main
2018-04-30 10:33:13 #game @Solo Player#3847: yok 1x main
2018-04-30 10:33:18 #game @Solo Player#3847: hbis tu instal ulang pc
2018-04-30 10:35:19 #game @Richelle#0126: esok ja instal ulang
2018-04-30 10:35:27 #game @Richelle#0126: malam ni khusus main ja
2018-04-30 10:35:43 #game @Richelle#0126: subuh kam instal ulang
2018-04-30 10:35:47 #game @Solo Player#3847: bntar ja aku ni instal ulang
2018-04-30 10:35:51 #game @Richelle#0126: lawas oy
2018-04-30 10:35:58 #game @Richelle#0126: kdd sgla stumat
2018-04-30 10:36:01 #game @Richelle#0126: main ja dlu
2018-04-30 10:36:06 #game @Richelle#0126: sayang ny malam libur ni
2018-04-30 10:36:15 #game @Solo Player#3847: 10 min ja
2018-04-30 10:36:18 #game @Richelle#0126: puasa bisa kd libur kita
2018-04-30 10:36:26 #game @Richelle#0126: ad surat edarannya
2018-04-30 10:36:41 #game @Richelle#0126: 1 jam ada meinstal ulang
2018-04-30 10:36:48 #game @Richelle#0126: dngn sgla driver2 ny
2018-04-30 10:41:20 #game @Solo Player#3847: bntar ja
2018-04-30 10:41:24 #game @Solo Player#3847: semua nya sudah siap
2018-04-30 10:48:56 #game @Solo Player#3847: main kd
2018-04-30 10:49:31 #game @Solo Player#3847: aku instal ulang ja dlu
2018-04-30 10:49:34 #game @Solo Player#3847: kdd yg main
2018-04-30 10:49:44 #game @Richelle#0126: ngentod
2018-04-30 10:49:54 #game @Richelle#0126: orang perlu mandi
2018-04-30 10:49:55 #game @Richelle#0126: wkwk
2018-04-30 11:11:50 #game @veryandio anfradya#9741: sudah download aku yel @Richelle
2018-04-30 11:21:56 #game @veryandio anfradya#9741: woy
2018-04-30 11:21:59 #game @veryandio anfradya#9741: @​everyone
2018-04-30 11:22:27 #game @veryandio anfradya#9741: main kd
2018-04-30 11:25:14 #game @Richelle#0126: tggu
2018-04-30 11:25:17 #game @Richelle#0126: aku lagi makan
2018-04-30 11:28:20 #game @veryandio anfradya#9741: ya
2018-04-30 12:43:53 #game @Solo Player#3847: Bsk ja main
2018-04-30 12:44:09 #game @Solo Player#3847: Klo kd jam 8an kna
2018-04-30 12:44:14 #game @Solo Player#3847: Jalan dlu cuy
2018-04-30 12:44:20 #game @Richelle#0126: jam 8 kena
2018-04-30 13:09:30 #game @Solo Player#3847: Yok
2018-04-30 13:10:07 #game @veryandio anfradya#9741: voice chat
2018-04-30 13:13:11 #game @Solo Player#3847: Hidupin kom dlu
2018-04-30 13:21:30 #game @Richelle#0126: skkakkk
2018-04-30 13:22:24 #game @Solo Player#3847: Brrrrr
2018-04-30 13:22:28 #game @Solo Player#3847: Ppa
2018-04-30 13:50:58 #game @veryandio anfradya#9741: skkkkkkkkkk pop pop
2018-04-30 13:58:20 #game @Solo Player#3847: yok main
2018-04-30 14:01:23 #game @veryandio anfradya#9741: voice chat
2018-04-30 14:05:17 #game @Solo Player#3847: -play the kill
2018-04-30 14:05:18 #game @Marv#7254: 
2018-04-30 14:05:19 #game @Marv#7254 edited message from 2018-04-30 14:05:18 () to read: 
2018-04-30 14:05:21 #game @veryandio anfradya#9741: suara km kdd
2018-04-30 14:09:19 #game @Marv#7254 deleted message from 2018-04-30 14:05:18 ()
2018-04-30 14:15:55 #game @Solo Player#3847: 👌
2018-04-30 14:30:44 #game @Richelle#0126: @ENVIZY
2018-04-30 14:30:48 #game @Richelle#0126: @ENVIZY
2018-04-30 14:30:53 #game @Richelle#0126: @ENVIZY
2018-04-30 14:32:09 #game @Richelle#0126: @ENVIZY
2018-04-30 14:32:13 #game @Richelle#0126: jim
2018-04-30 14:32:16 #game @Richelle#0126: woy
2018-04-30 14:32:18 #game @Richelle#0126: plastik
2018-04-30 14:34:04 #game @Solo Player#3847: 
2018-04-30 14:37:30 #game @Solo Player#3847: 
2018-04-30 14:37:40 #game @veryandio anfradya#9741: qqqq
2018-04-30 14:41:36 #game @veryandio anfradya#9741: aaa (attachment url(s): https://cdn.discordapp.com/attachments/323259726588542979/440523122194645002/a.png)
2018-04-30 14:45:21 #game @veryandio anfradya#9741: Mr.Chrome23
2018-04-30 14:47:11 #game @Solo Player#3847: 
2018-05-01 01:49:18 #game @Solo Player#3847: @Richelle
2018-05-01 01:49:22 #game @Solo Player#3847: Kd buka bubur
2018-05-01 01:49:25 #game @Solo Player#3847: Org puasa
2018-05-01 04:29:47 #game @veryandio anfradya#9741: hanyapercobaan
2018-05-01 04:50:08 #game @Solo Player#3847: iya
2018-05-01 04:50:38 #game @Solo Player#3847: yok fornite
2018-05-01 04:59:03 #game @Solo Player#3847: -play galantis hunter
2018-05-01 04:59:03 #game @Marv#7254: 
2018-05-01 04:59:04 #game @Marv#7254 edited message from 2018-05-01 04:59:03 () to read: 
2018-05-01 05:02:15 #game @Marv#7254 deleted message from 2018-05-01 04:59:03 ()
2018-05-01 05:09:50 #game @Richelle#0126: @https://dro.com/
2018-05-01 05:09:51 #game @Richelle#0126: @https://dro.com/
2018-05-01 05:09:53 #game @Richelle#0126: @https://dro.com/
2018-05-01 05:09:54 #game @Richelle#0126: @https://dro.com/
2018-05-01 05:09:55 #game @Richelle#0126: @https://dro.com/
2018-05-01 05:09:56 #game @Richelle#0126: @https://dro.com/
2018-05-01 05:09:59 #game @Richelle#0126: pu
2018-05-01 05:10:00 #game @Richelle#0126: penting
2018-05-01 05:10:02 #game @Richelle#0126: woy
2018-05-01 05:16:59 #game @Solo Player#3847: apa
2018-05-01 05:17:13 #game @Richelle#0126: ada rexi lah wadahkam
2018-05-01 05:17:48 #game @Solo Player#3847: kdd
2018-05-01 05:17:56 #game @Richelle#0126: kemana inya?
2018-05-01 05:18:42 #game @Solo Player#3847: benangen
2018-05-01 05:18:55 #game @Richelle#0126: kapan ny bulik
2018-05-01 05:22:39 #game @Solo Player#3847: kd tau
2018-05-01 06:22:07 #game @Fahrul#8369: @https://dro.com/ oit..  Km dmana
2018-05-01 11:52:40 #game @veryandio anfradya#9741: @​everyone
2018-05-01 15:09:11 #game @Richelle#0126: @​everyone
2018-05-01 15:09:19 #game @Solo Player#3847: oi
2018-05-01 15:09:33 #game @Richelle#0126: tod
2018-05-01 22:43:22 #game @Fahrul#8369: Tod
2018-05-01 23:04:06 #game @Solo Player#3847: http://igg-games.com/the-forest-free-download.html
2018-05-01 23:04:07 #game @Solo Player#3847 edited message from 2018-05-01 23:04:06 (http://igg-games.com/the-forest-free-download.html) to read: http://igg-games.com/the-forest-free-download.html
2018-05-02 05:20:44 #game @Solo Player#3847: 
2018-05-02 08:12:01 #game @veryandio anfradya#9741: main the forest kh ?
2018-05-02 08:24:25 #game @veryandio anfradya#9741: @https://dro.com/
2018-05-02 08:52:24 #game @Solo Player#3847: yok
2018-05-02 08:52:26 #game @Solo Player#3847: @veryandio anfradya
2018-05-02 08:52:31 #game @Solo Player#3847: sdh download kh
2018-05-02 08:52:33 #game @Solo Player#3847: aku sdh
2018-05-02 08:57:25 #game @veryandio anfradya#9741: Kena
2018-05-02 08:57:45 #game @veryandio anfradya#9741: Aku download
2018-05-02 08:58:03 #game @veryandio anfradya#9741: Ku kd on pc
2018-05-02 10:30:46 #game @Fahrul#8369: @https://dro.com/
2018-05-02 10:30:50 #game @Fahrul#8369: @https://dro.com/
2018-05-02 10:30:51 #game @Fahrul#8369: @https://dro.com/
2018-05-02 10:30:59 #game @Fahrul#8369: Oit...  Pu
2018-05-02 10:31:02 #game @Fahrul#8369: Napu...
2018-05-02 10:33:34 #game @Solo Player#3847: ou
2018-05-02 12:10:13 #game @Solo Player#3847: 125
2018-05-02 12:21:21 #game @Solo Player#3847: klo main jam 7.50
2018-05-03 03:25:59 #game @veryandio anfradya#9741: @https://dro.com/  mau fc 5 kh ?
2018-05-03 03:26:07 #game @veryandio anfradya#9741: ku download yg hnyr update
2018-05-03 05:32:20 #game @veryandio anfradya#9741: @https://dro.com/
2018-05-03 05:32:41 #game @veryandio anfradya#9741: tapi paling sore kena selesai
2018-05-03 06:14:28 #game @Solo Player#3847: sdh download akuuuuuuuuuuuuu
2018-05-03 06:14:34 #game @Solo Player#3847: update yg mana
2018-05-03 06:14:41 #game @Solo Player#3847: aku download fit girrl
2018-05-03 06:26:18 #game @veryandio anfradya#9741: yg versi 14.00
2018-05-03 06:26:21 #game @veryandio anfradya#9741: @https://dro.com/
2018-05-03 06:58:52 #game @Solo Player#3847: sdh aku yg itu
2018-05-03 07:07:06 #game @veryandio anfradya#9741: 0
2018-05-03 07:19:38 #game @veryandio anfradya#9741: minecraft @https://dro.com/
2018-05-03 07:19:40 #game @veryandio anfradya#9741: @https://dro.com/
2018-05-03 07:19:42 #game @veryandio anfradya#9741: @https://dro.com/
2018-05-03 07:19:43 #game @veryandio anfradya#9741: @https://dro.com/
2018-05-03 07:19:50 #game @veryandio anfradya#9741: @https://dro.com/
2018-05-03 07:27:19 #game @Solo Player#3847: lagi malas main minecraft
2018-05-03 07:27:25 #game @veryandio anfradya#9741: o
2018-05-03 07:30:18 #game @Solo Player#3847: the forest ja
2018-05-03 07:30:30 #game @veryandio anfradya#9741: masih download  fc 5
2018-05-03 07:32:09 #game @Solo Player#3847: blum km download kh the forest
2018-05-03 07:32:17 #game @veryandio anfradya#9741: belum
2018-05-03 07:55:22 #game @Solo Player#3847: terkejut
2018-05-03 07:55:28 #game @Solo Player#3847: tai tai kanibal nya
