2018-04-25 01:21:12 this bot joined the server
2018-04-25 01:21:12 Role created: 'Synapse' (id 438509753019400193)
2018-04-25 01:21:12 Member role add: 'Synapse' role was added to @Synapse#0692
2018-04-25 01:21:33 Member role add: 'BOT' role was added to @Synapse#0692
2018-04-25 01:21:34 Member role remove: The 'BOT' role was removed from @Synapse#0692
2018-04-25 01:21:35 Member role add: 'BOT' role was added to @Synapse#0692
2018-04-25 01:32:26 Channel created: zxc
2018-04-25 01:35:10 Role created: 'new role' (id 438513268559052813)
2018-04-25 01:35:24 Role permissions: 'Synapse' changed from 8 to 262216
2018-04-25 01:35:24 Role permissions: 'Ghostplay R2' changed from 268520497 to 268782705
2018-04-25 01:35:24 Role permissions: 'Rythm' changed from 8 to 262216
2018-04-25 01:35:24 Role position: 'Rythm' changed from 3 to 4
2018-04-25 01:35:24 Role position: 'VIP' changed from 3 to 5
2018-04-25 01:35:24 Role position: 'new role' changed from 4 to 6
2018-04-25 01:35:24 Role position: 'new role' changed from 5 to 7
2018-04-25 01:35:24 Role position: 'new role' changed from 6 to 8
2018-04-25 01:35:24 Role position: 'new role' changed from 7 to 9
2018-04-25 01:35:24 Role position: 'new role' changed from 8 to 10
2018-04-25 01:35:24 Role position: 'new role' changed from 9 to 11
2018-04-25 01:35:24 Role position: 'new role' changed from 10 to 12
2018-04-25 01:35:24 Role position: 'new role' changed from 11 to 13
2018-04-25 01:35:24 Role position: 'new role' changed from 12 to 14
2018-04-25 01:35:24 Role position: 'new role' changed from 13 to 15
2018-04-25 01:35:24 Role position: 'new role' changed from 14 to 16
2018-04-25 01:35:24 Role position: 'new role' changed from 15 to 17
2018-04-25 01:35:24 Role position: 'new role' changed from 16 to 18
2018-04-25 01:35:24 Role position: 'new role' changed from 17 to 19
2018-04-25 01:35:24 Role position: 'new role' changed from 18 to 20
2018-04-25 01:35:24 Role position: 'new role' changed from 19 to 21
2018-04-25 01:35:24 Role position: 'new role' changed from 20 to 22
2018-04-25 01:35:24 Role position: 'new role' changed from 21 to 23
2018-04-25 01:35:24 Role position: 'Member' changed from 22 to 24
2018-04-25 01:35:24 Role position: 'Admin Assistant' changed from 23 to 25
2018-04-25 01:35:24 Role position: 'BOT' changed from 24 to 26
2018-04-25 01:35:24 Role position: 'Admin' changed from 25 to 27
2018-04-25 01:35:24 Role position: 'Marv' changed from 26 to 28
2018-04-25 01:35:25 Role renamed: 'new role' to 'Gp-bot'
2018-04-25 01:35:46 Role permissions: 'Gp-bot' changed from 104324161 to 2146958591
2018-04-25 01:35:51 Role position: 'Member' changed from 24 to 23
2018-04-25 01:35:51 Role position: 'Admin Assistant' changed from 25 to 24
2018-04-25 01:35:51 Role position: 'BOT' changed from 26 to 25
2018-04-25 01:35:51 Role position: 'Admin' changed from 27 to 26
2018-04-25 01:35:51 Role position: 'Marv' changed from 28 to 27
2018-04-25 01:35:51 Role position: 'Gp-bot' changed from 23 to 28
2018-04-25 01:35:58 Member role add: 'Gp-bot' role was added to @Ghostplay R2#1298
2018-04-25 01:41:09 Role deleted: 'Ghostplay R2' (id 438508176833380354)
2018-04-25 01:41:09 Member leave: @Ghostplay R2#1298 (id 435829986772123658)
2018-04-25 01:44:03 Member role remove: The 'Gp-bot' role was removed from @KnoxHery0910#8623
2018-04-25 02:03:29 Role permissions: 'BOT' changed from 104324160 to 2146958591
2018-04-25 02:03:44 Member role add: 'Admin' role was added to @Synapse#0692
2018-04-25 02:03:53 Member role remove: The 'Admin' role was removed from @Synapse#0692
2018-04-25 02:05:15 Role permissions: 'Synapse' changed from 262216 to 2113404159
2018-04-30 13:30:45 Member nickname: '@Solo Player#3847' (id 317930113788280832) changed nickname from '[001011]://DrO.com' to 'https://DrO.com'
2018-04-30 13:31:53 Member nickname: '@Solo Player#3847' (id 317930113788280832) changed nickname from 'https://DrO.com' to 'https://dro.com/'
2018-04-30 13:32:36 Channel topic: game topic was set to "Semua topiiiiik"
