2018-04-24 09:20:59 this bot joined the server
2018-04-24 09:20:59 Role created: 'Synapse' (id 438268105886662656)
2018-04-24 09:20:59 Member role add: 'Synapse' role was added to @Synapse#0692
2018-04-24 09:21:23 Member role add: 'Bot' role was added to @Synapse#0692
2018-04-24 09:21:41 Role hoist: 'Bot' is no longer shown seperately
2018-04-24 09:22:16 Member join: @Ghostplay R2#1298 (id 435829986772123658)
2018-04-24 09:22:16 Member role add: 'Ghostplay R2' role was added to @Ghostplay R2#1298
2018-04-24 09:22:16 Role created: 'Ghostplay R2' (id 438268427610882068)
2018-04-24 09:22:16 Member role add: 'Ghostplay R2' role was added to @Ghostplay R2#1298
2018-04-24 09:22:53 Role permissions: 'Synapse' changed from 8 to 262216
2018-04-24 09:22:53 Role permissions: 'Ghostplay R2' changed from 268520497 to 268520505
2018-04-24 09:24:00 Role position: 'Bot' changed from 11 to 1
2018-04-24 09:24:00 Role position: 'Ghostplay R2' changed from 1 to 11
2018-04-24 09:25:49 Role renamed: 'Ghostplay R2' to 'GP-Bot'
2018-04-24 09:25:49 Role created: 'new role' (id 438269325774946314)
2018-04-24 09:25:52 Role renamed: 'new role' to 'GP-Bot'
2018-04-24 09:26:23 Role permissions: 'GP-Bot' changed from 268520505 to 2146958463
2018-04-24 09:26:36 Role permissions: 'GP-Bot' changed from 104324161 to 2146958591
2018-04-24 09:27:23 Role position: 'Bot' changed from 2 to 1
2018-04-24 09:27:23 Role position: 'Synapse' changed from 3 to 2
2018-04-24 09:27:23 Role position: 'Membre' changed from 4 to 3
2018-04-24 09:27:23 Role position: 'PC' changed from 5 to 4
2018-04-24 09:27:23 Role position: 'PS4' changed from 6 to 5
2018-04-24 09:27:23 Role position: 'Xbox' changed from 7 to 6
2018-04-24 09:27:23 Role position: 'VIP' changed from 8 to 7
2018-04-24 09:27:23 Role position: 'Modérateur' changed from 9 to 8
2018-04-24 09:27:23 Role position: 'Administrateur' changed from 10 to 9
2018-04-24 09:27:23 Role position: 'Fondateur' changed from 11 to 10
2018-04-24 09:27:23 Role position: 'GP-Bot' changed from 1 to 11
2018-04-24 09:27:51 Role deleted: 'GP-Bot' (id 438269325774946314)
2018-04-24 09:29:33 Member role add: 'Bot' role was added to @Ghostplay R2#1298
