2018-05-02 17:17:22 #felps @❴✪❵ ๖̶̶̶ۣۣۜۜ͜ζ͜͡☦кคหεк¡☦ ❴✪❵#8503: !!!play https://www.youtube.com/watch?v=SHVkm-TqrT0
2018-05-02 17:17:22 #felps @dabBot#0563: Now playing **MCs Jhowzinho & Kadinho - Agora Vai Sentar (KondZilla)** by **Canal KondZilla** `[05:08]`
2018-05-02 17:17:27 #felps @❴✪❵ ๖̶̶̶ۣۣۜۜ͜ζ͜͡☦кคหεк¡☦ ❴✪❵#8503: !!!repeat
2018-05-02 17:17:27 #felps @dabBot#0563: **Enabled** song repeating!
2018-05-02 17:22:33 #felps @dabBot#0563: Now playing **MCs Jhowzinho & Kadinho - Agora Vai Sentar (KondZilla)** by **Canal KondZilla** `[05:08]`
2018-05-02 17:27:42 #felps @dabBot#0563: Now playing **MCs Jhowzinho & Kadinho - Agora Vai Sentar (KondZilla)** by **Canal KondZilla** `[05:08]`
2018-05-02 17:32:51 #felps @dabBot#0563: Now playing **MCs Jhowzinho & Kadinho - Agora Vai Sentar (KondZilla)** by **Canal KondZilla** `[05:08]`
2018-05-02 17:38:00 #felps @dabBot#0563: Now playing **MCs Jhowzinho & Kadinho - Agora Vai Sentar (KondZilla)** by **Canal KondZilla** `[05:08]`
2018-05-02 17:43:10 #felps @dabBot#0563: Now playing **MCs Jhowzinho & Kadinho - Agora Vai Sentar (KondZilla)** by **Canal KondZilla** `[05:08]`
2018-05-02 17:45:20 #felps @❴✪❵ ๖̶̶̶ۣۣۜۜ͜ζ͜͡☦кคหεк¡☦ ❴✪❵#8503: !!!play https://www.youtube.com/watch?v=uMeR2W19wT0
2018-05-02 17:45:20 #felps @dabBot#0563: You must be in a voice channel!
2018-05-02 17:45:28 #felps @❴✪❵ ๖̶̶̶ۣۣۜۜ͜ζ͜͡☦кคหεк¡☦ ❴✪❵#8503: !!!play https://www.youtube.com/watch?v=uMeR2W19wT0
2018-05-02 17:45:28 #felps @dabBot#0563: Now playing **ノンテロップスペシャル版　TVアニメ「東京喰種トーキョーグール」オープニング映像 TK from 凛として時雨/unravel** by **TokyoGhoulAnimation** `[01:30]`
2018-05-02 17:45:30 #felps @❴✪❵ ๖̶̶̶ۣۣۜۜ͜ζ͜͡☦кคหεк¡☦ ❴✪❵#8503: !!!repeat
2018-05-02 17:45:30 #felps @dabBot#0563: **Enabled** song repeating!
2018-05-02 17:46:17 #felps @❴✪❵ ๖̶̶̶ۣۣۜۜ͜ζ͜͡☦кคหεк¡☦ ❴✪❵#8503: ```dff\n-top```
2018-05-02 17:47:01 #felps @dabBot#0563: Now playing **ノンテロップスペシャル版　TVアニメ「東京喰種トーキョーグール」オープニング映像 TK from 凛として時雨/unravel** by **TokyoGhoulAnimation** `[01:30]`
2018-05-02 17:47:24 #felps @❴✪❵ ๖̶̶̶ۣۣۜۜ͜ζ͜͡☦кคหεк¡☦ ❴✪❵#8503: ```dff\n-topson\n```
2018-05-02 17:47:58 #felps @❴✪❵ ๖̶̶̶ۣۣۜۜ͜ζ͜͡☦кคหεк¡☦ ❴✪❵#8503: ```diff\n-topzera\n```
2018-05-02 17:48:00 #felps @❴✪❵ ๖̶̶̶ۣۣۜۜ͜ζ͜͡☦кคหεк¡☦ ❴✪❵#8503: AE
2018-05-02 17:48:01 #felps @❴✪❵ ๖̶̶̶ۣۣۜۜ͜ζ͜͡☦кคหεк¡☦ ❴✪❵#8503: MER
2018-05-02 17:48:13 #felps @❴✪❵ ๖̶̶̶ۣۣۜۜ͜ζ͜͡☦кคหεк¡☦ ❴✪❵#8503: ```diff\ntop```
2018-05-02 17:48:21 #felps @❴✪❵ ๖̶̶̶ۣۣۜۜ͜ζ͜͡☦кคหεк¡☦ ❴✪❵#8503: ```diff\ntop\n```
2018-05-02 17:48:32 #felps @dabBot#0563: Now playing **ノンテロップスペシャル版　TVアニメ「東京喰種トーキョーグール」オープニング映像 TK from 凛として時雨/unravel** by **TokyoGhoulAnimation** `[01:30]`
2018-05-02 17:50:03 #felps @dabBot#0563: Now playing **ノンテロップスペシャル版　TVアニメ「東京喰種トーキョーグール」オープニング映像 TK from 凛として時雨/unravel** by **TokyoGhoulAnimation** `[01:30]`
2018-05-02 17:51:34 #felps @dabBot#0563: Now playing **ノンテロップスペシャル版　TVアニメ「東京喰種トーキョーグール」オープニング映像 TK from 凛として時雨/unravel** by **TokyoGhoulAnimation** `[01:30]`
2018-05-02 17:53:05 #felps @dabBot#0563: Now playing **ノンテロップスペシャル版　TVアニメ「東京喰種トーキョーグール」オープニング映像 TK from 凛として時雨/unravel** by **TokyoGhoulAnimation** `[01:30]`
2018-05-02 17:54:36 #felps @dabBot#0563: Now playing **ノンテロップスペシャル版　TVアニメ「東京喰種トーキョーグール」オープニング映像 TK from 凛として時雨/unravel** by **TokyoGhoulAnimation** `[01:30]`
2018-05-02 17:56:07 #felps @dabBot#0563: Now playing **ノンテロップスペシャル版　TVアニメ「東京喰種トーキョーグール」オープニング映像 TK from 凛として時雨/unravel** by **TokyoGhoulAnimation** `[01:30]`
2018-05-02 17:57:37 #felps @dabBot#0563: Now playing **ノンテロップスペシャル版　TVアニメ「東京喰種トーキョーグール」オープニング映像 TK from 凛として時雨/unravel** by **TokyoGhoulAnimation** `[01:30]`
2018-05-02 17:59:09 #felps @dabBot#0563: Now playing **ノンテロップスペシャル版　TVアニメ「東京喰種トーキョーグール」オープニング映像 TK from 凛として時雨/unravel** by **TokyoGhoulAnimation** `[01:30]`
2018-05-02 18:00:39 #felps @dabBot#0563: Now playing **ノンテロップスペシャル版　TVアニメ「東京喰種トーキョーグール」オープニング映像 TK from 凛として時雨/unravel** by **TokyoGhoulAnimation** `[01:30]`
2018-05-02 18:02:10 #felps @dabBot#0563: Now playing **ノンテロップスペシャル版　TVアニメ「東京喰種トーキョーグール」オープニング映像 TK from 凛として時雨/unravel** by **TokyoGhoulAnimation** `[01:30]`
2018-05-02 18:03:41 #felps @dabBot#0563: Now playing **ノンテロップスペシャル版　TVアニメ「東京喰種トーキョーグール」オープニング映像 TK from 凛として時雨/unravel** by **TokyoGhoulAnimation** `[01:30]`
2018-05-02 18:05:12 #felps @dabBot#0563: Now playing **ノンテロップスペシャル版　TVアニメ「東京喰種トーキョーグール」オープニング映像 TK from 凛として時雨/unravel** by **TokyoGhoulAnimation** `[01:30]`
2018-05-02 18:06:43 #felps @dabBot#0563: Now playing **ノンテロップスペシャル版　TVアニメ「東京喰種トーキョーグール」オープニング映像 TK from 凛として時雨/unravel** by **TokyoGhoulAnimation** `[01:30]`
2018-05-02 18:06:58 #felps @❴✪❵ ๖̶̶̶ۣۣۜۜ͜ζ͜͡☦кคหεк¡☦ ❴✪❵#8503: zzzzzzzzzzzzz
2018-05-02 18:08:14 #felps @dabBot#0563: Now playing **ノンテロップスペシャル版　TVアニメ「東京喰種トーキョーグール」オープニング映像 TK from 凛として時雨/unravel** by **TokyoGhoulAnimation** `[01:30]`
2018-05-02 18:09:45 #felps @dabBot#0563: Now playing **ノンテロップスペシャル版　TVアニメ「東京喰種トーキョーグール」オープニング映像 TK from 凛として時雨/unravel** by **TokyoGhoulAnimation** `[01:30]`
2018-05-02 18:11:16 #felps @dabBot#0563: Now playing **ノンテロップスペシャル版　TVアニメ「東京喰種トーキョーグール」オープニング映像 TK from 凛として時雨/unravel** by **TokyoGhoulAnimation** `[01:30]`
2018-05-02 18:12:47 #felps @dabBot#0563: Now playing **ノンテロップスペシャル版　TVアニメ「東京喰種トーキョーグール」オープニング映像 TK from 凛として時雨/unravel** by **TokyoGhoulAnimation** `[01:30]`
2018-05-02 18:14:18 #felps @dabBot#0563: Now playing **ノンテロップスペシャル版　TVアニメ「東京喰種トーキョーグール」オープニング映像 TK from 凛として時雨/unravel** by **TokyoGhoulAnimation** `[01:30]`
2018-05-02 18:15:49 #felps @dabBot#0563: Now playing **ノンテロップスペシャル版　TVアニメ「東京喰種トーキョーグール」オープニング映像 TK from 凛として時雨/unravel** by **TokyoGhoulAnimation** `[01:30]`
2018-05-02 18:17:20 #felps @dabBot#0563: Now playing **ノンテロップスペシャル版　TVアニメ「東京喰種トーキョーグール」オープニング映像 TK from 凛として時雨/unravel** by **TokyoGhoulAnimation** `[01:30]`
2018-05-02 18:18:51 #felps @dabBot#0563: Now playing **ノンテロップスペシャル版　TVアニメ「東京喰種トーキョーグール」オープニング映像 TK from 凛として時雨/unravel** by **TokyoGhoulAnimation** `[01:30]`
2018-05-02 18:20:22 #felps @dabBot#0563: Now playing **ノンテロップスペシャル版　TVアニメ「東京喰種トーキョーグール」オープニング映像 TK from 凛として時雨/unravel** by **TokyoGhoulAnimation** `[01:30]`
2018-05-02 18:21:53 #felps @dabBot#0563: Now playing **ノンテロップスペシャル版　TVアニメ「東京喰種トーキョーグール」オープニング映像 TK from 凛として時雨/unravel** by **TokyoGhoulAnimation** `[01:30]`
2018-05-02 18:23:24 #felps @dabBot#0563: Now playing **ノンテロップスペシャル版　TVアニメ「東京喰種トーキョーグール」オープニング映像 TK from 凛として時雨/unravel** by **TokyoGhoulAnimation** `[01:30]`
2018-05-02 18:24:55 #felps @dabBot#0563: Now playing **ノンテロップスペシャル版　TVアニメ「東京喰種トーキョーグール」オープニング映像 TK from 凛として時雨/unravel** by **TokyoGhoulAnimation** `[01:30]`
2018-05-02 18:26:26 #felps @dabBot#0563: Now playing **ノンテロップスペシャル版　TVアニメ「東京喰種トーキョーグール」オープニング映像 TK from 凛として時雨/unravel** by **TokyoGhoulAnimation** `[01:30]`
2018-05-02 18:27:57 #felps @dabBot#0563: Now playing **ノンテロップスペシャル版　TVアニメ「東京喰種トーキョーグール」オープニング映像 TK from 凛として時雨/unravel** by **TokyoGhoulAnimation** `[01:30]`
2018-05-02 18:29:29 #felps @dabBot#0563: Now playing **ノンテロップスペシャル版　TVアニメ「東京喰種トーキョーグール」オープニング映像 TK from 凛として時雨/unravel** by **TokyoGhoulAnimation** `[01:30]`
2018-05-02 18:31:00 #felps @dabBot#0563: Now playing **ノンテロップスペシャル版　TVアニメ「東京喰種トーキョーグール」オープニング映像 TK from 凛として時雨/unravel** by **TokyoGhoulAnimation** `[01:30]`
2018-05-02 18:32:31 #felps @dabBot#0563: Now playing **ノンテロップスペシャル版　TVアニメ「東京喰種トーキョーグール」オープニング映像 TK from 凛として時雨/unravel** by **TokyoGhoulAnimation** `[01:30]`
2018-05-02 18:34:02 #felps @dabBot#0563: Now playing **ノンテロップスペシャル版　TVアニメ「東京喰種トーキョーグール」オープニング映像 TK from 凛として時雨/unravel** by **TokyoGhoulAnimation** `[01:30]`
2018-05-02 18:35:33 #felps @dabBot#0563: Now playing **ノンテロップスペシャル版　TVアニメ「東京喰種トーキョーグール」オープニング映像 TK from 凛として時雨/unravel** by **TokyoGhoulAnimation** `[01:30]`
2018-05-02 18:37:04 #felps @dabBot#0563: Now playing **ノンテロップスペシャル版　TVアニメ「東京喰種トーキョーグール」オープニング映像 TK from 凛として時雨/unravel** by **TokyoGhoulAnimation** `[01:30]`
2018-05-02 18:38:35 #felps @dabBot#0563: Now playing **ノンテロップスペシャル版　TVアニメ「東京喰種トーキョーグール」オープニング映像 TK from 凛として時雨/unravel** by **TokyoGhoulAnimation** `[01:30]`
2018-05-02 18:40:07 #felps @dabBot#0563: Now playing **ノンテロップスペシャル版　TVアニメ「東京喰種トーキョーグール」オープニング映像 TK from 凛として時雨/unravel** by **TokyoGhoulAnimation** `[01:30]`
2018-05-02 18:41:38 #felps @dabBot#0563: Now playing **ノンテロップスペシャル版　TVアニメ「東京喰種トーキョーグール」オープニング映像 TK from 凛として時雨/unravel** by **TokyoGhoulAnimation** `[01:30]`
2018-05-02 18:43:09 #felps @dabBot#0563: Now playing **ノンテロップスペシャル版　TVアニメ「東京喰種トーキョーグール」オープニング映像 TK from 凛として時雨/unravel** by **TokyoGhoulAnimation** `[01:30]`
2018-05-02 18:44:40 #felps @dabBot#0563: Now playing **ノンテロップスペシャル版　TVアニメ「東京喰種トーキョーグール」オープニング映像 TK from 凛として時雨/unravel** by **TokyoGhoulAnimation** `[01:30]`
2018-05-02 18:46:11 #felps @dabBot#0563: Now playing **ノンテロップスペシャル版　TVアニメ「東京喰種トーキョーグール」オープニング映像 TK from 凛として時雨/unravel** by **TokyoGhoulAnimation** `[01:30]`
2018-05-02 18:47:42 #felps @dabBot#0563: Now playing **ノンテロップスペシャル版　TVアニメ「東京喰種トーキョーグール」オープニング映像 TK from 凛として時雨/unravel** by **TokyoGhoulAnimation** `[01:30]`
2018-05-02 18:49:13 #felps @dabBot#0563: Now playing **ノンテロップスペシャル版　TVアニメ「東京喰種トーキョーグール」オープニング映像 TK from 凛として時雨/unravel** by **TokyoGhoulAnimation** `[01:30]`
2018-05-02 18:50:44 #felps @dabBot#0563: Now playing **ノンテロップスペシャル版　TVアニメ「東京喰種トーキョーグール」オープニング映像 TK from 凛として時雨/unravel** by **TokyoGhoulAnimation** `[01:30]`
2018-05-02 18:52:15 #felps @dabBot#0563: Now playing **ノンテロップスペシャル版　TVアニメ「東京喰種トーキョーグール」オープニング映像 TK from 凛として時雨/unravel** by **TokyoGhoulAnimation** `[01:30]`
2018-05-02 18:53:46 #felps @dabBot#0563: Now playing **ノンテロップスペシャル版　TVアニメ「東京喰種トーキョーグール」オープニング映像 TK from 凛として時雨/unravel** by **TokyoGhoulAnimation** `[01:30]`
2018-05-02 18:55:17 #felps @dabBot#0563: Now playing **ノンテロップスペシャル版　TVアニメ「東京喰種トーキョーグール」オープニング映像 TK from 凛として時雨/unravel** by **TokyoGhoulAnimation** `[01:30]`
2018-05-02 18:56:48 #felps @dabBot#0563: Now playing **ノンテロップスペシャル版　TVアニメ「東京喰種トーキョーグール」オープニング映像 TK from 凛として時雨/unravel** by **TokyoGhoulAnimation** `[01:30]`
2018-05-02 18:58:19 #felps @dabBot#0563: Now playing **ノンテロップスペシャル版　TVアニメ「東京喰種トーキョーグール」オープニング映像 TK from 凛として時雨/unravel** by **TokyoGhoulAnimation** `[01:30]`
2018-05-02 18:59:50 #felps @dabBot#0563: Now playing **ノンテロップスペシャル版　TVアニメ「東京喰種トーキョーグール」オープニング映像 TK from 凛として時雨/unravel** by **TokyoGhoulAnimation** `[01:30]`
2018-05-02 19:01:21 #felps @dabBot#0563: Now playing **ノンテロップスペシャル版　TVアニメ「東京喰種トーキョーグール」オープニング映像 TK from 凛として時雨/unravel** by **TokyoGhoulAnimation** `[01:30]`
2018-05-02 19:02:52 #felps @dabBot#0563: Now playing **ノンテロップスペシャル版　TVアニメ「東京喰種トーキョーグール」オープニング映像 TK from 凛として時雨/unravel** by **TokyoGhoulAnimation** `[01:30]`
2018-05-02 19:04:23 #felps @dabBot#0563: Now playing **ノンテロップスペシャル版　TVアニメ「東京喰種トーキョーグール」オープニング映像 TK from 凛として時雨/unravel** by **TokyoGhoulAnimation** `[01:30]`
2018-05-02 19:05:54 #felps @dabBot#0563: Now playing **ノンテロップスペシャル版　TVアニメ「東京喰種トーキョーグール」オープニング映像 TK from 凛として時雨/unravel** by **TokyoGhoulAnimation** `[01:30]`
2018-05-02 19:07:25 #felps @dabBot#0563: Now playing **ノンテロップスペシャル版　TVアニメ「東京喰種トーキョーグール」オープニング映像 TK from 凛として時雨/unravel** by **TokyoGhoulAnimation** `[01:30]`
2018-05-02 19:08:56 #felps @dabBot#0563: Now playing **ノンテロップスペシャル版　TVアニメ「東京喰種トーキョーグール」オープニング映像 TK from 凛として時雨/unravel** by **TokyoGhoulAnimation** `[01:30]`
2018-05-02 19:10:27 #felps @dabBot#0563: Now playing **ノンテロップスペシャル版　TVアニメ「東京喰種トーキョーグール」オープニング映像 TK from 凛として時雨/unravel** by **TokyoGhoulAnimation** `[01:30]`
2018-05-02 19:12:05 #felps @dabBot#0563: Now playing **ノンテロップスペシャル版　TVアニメ「東京喰種トーキョーグール」オープニング映像 TK from 凛として時雨/unravel** by **TokyoGhoulAnimation** `[01:30]`
2018-05-02 19:13:37 #felps @dabBot#0563: Now playing **ノンテロップスペシャル版　TVアニメ「東京喰種トーキョーグール」オープニング映像 TK from 凛として時雨/unravel** by **TokyoGhoulAnimation** `[01:30]`
2018-05-02 19:15:08 #felps @dabBot#0563: Now playing **ノンテロップスペシャル版　TVアニメ「東京喰種トーキョーグール」オープニング映像 TK from 凛として時雨/unravel** by **TokyoGhoulAnimation** `[01:30]`
2018-05-02 19:16:39 #felps @dabBot#0563: Now playing **ノンテロップスペシャル版　TVアニメ「東京喰種トーキョーグール」オープニング映像 TK from 凛として時雨/unravel** by **TokyoGhoulAnimation** `[01:30]`
2018-05-02 19:18:10 #felps @dabBot#0563: Now playing **ノンテロップスペシャル版　TVアニメ「東京喰種トーキョーグール」オープニング映像 TK from 凛として時雨/unravel** by **TokyoGhoulAnimation** `[01:30]`
2018-05-02 19:19:41 #felps @dabBot#0563: Now playing **ノンテロップスペシャル版　TVアニメ「東京喰種トーキョーグール」オープニング映像 TK from 凛として時雨/unravel** by **TokyoGhoulAnimation** `[01:30]`
2018-05-02 19:21:12 #felps @dabBot#0563: Now playing **ノンテロップスペシャル版　TVアニメ「東京喰種トーキョーグール」オープニング映像 TK from 凛として時雨/unravel** by **TokyoGhoulAnimation** `[01:30]`
2018-05-02 19:22:43 #felps @dabBot#0563: Now playing **ノンテロップスペシャル版　TVアニメ「東京喰種トーキョーグール」オープニング映像 TK from 凛として時雨/unravel** by **TokyoGhoulAnimation** `[01:30]`
2018-05-02 19:24:14 #felps @dabBot#0563: Now playing **ノンテロップスペシャル版　TVアニメ「東京喰種トーキョーグール」オープニング映像 TK from 凛として時雨/unravel** by **TokyoGhoulAnimation** `[01:30]`
2018-05-02 19:25:45 #felps @dabBot#0563: Now playing **ノンテロップスペシャル版　TVアニメ「東京喰種トーキョーグール」オープニング映像 TK from 凛として時雨/unravel** by **TokyoGhoulAnimation** `[01:30]`
2018-05-02 19:27:16 #felps @dabBot#0563: Now playing **ノンテロップスペシャル版　TVアニメ「東京喰種トーキョーグール」オープニング映像 TK from 凛として時雨/unravel** by **TokyoGhoulAnimation** `[01:30]`
2018-05-02 19:28:47 #felps @dabBot#0563: Now playing **ノンテロップスペシャル版　TVアニメ「東京喰種トーキョーグール」オープニング映像 TK from 凛として時雨/unravel** by **TokyoGhoulAnimation** `[01:30]`
2018-05-02 19:30:18 #felps @dabBot#0563: Now playing **ノンテロップスペシャル版　TVアニメ「東京喰種トーキョーグール」オープニング映像 TK from 凛として時雨/unravel** by **TokyoGhoulAnimation** `[01:30]`
2018-05-02 19:31:49 #felps @dabBot#0563: Now playing **ノンテロップスペシャル版　TVアニメ「東京喰種トーキョーグール」オープニング映像 TK from 凛として時雨/unravel** by **TokyoGhoulAnimation** `[01:30]`
2018-05-02 19:33:20 #felps @dabBot#0563: Now playing **ノンテロップスペシャル版　TVアニメ「東京喰種トーキョーグール」オープニング映像 TK from 凛として時雨/unravel** by **TokyoGhoulAnimation** `[01:30]`
2018-05-02 19:34:51 #felps @dabBot#0563: Now playing **ノンテロップスペシャル版　TVアニメ「東京喰種トーキョーグール」オープニング映像 TK from 凛として時雨/unravel** by **TokyoGhoulAnimation** `[01:30]`
2018-05-02 19:36:23 #felps @dabBot#0563: Now playing **ノンテロップスペシャル版　TVアニメ「東京喰種トーキョーグール」オープニング映像 TK from 凛として時雨/unravel** by **TokyoGhoulAnimation** `[01:30]`
2018-05-02 19:37:53 #felps @dabBot#0563: Now playing **ノンテロップスペシャル版　TVアニメ「東京喰種トーキョーグール」オープニング映像 TK from 凛として時雨/unravel** by **TokyoGhoulAnimation** `[01:30]`
2018-05-02 19:39:24 #felps @dabBot#0563: Now playing **ノンテロップスペシャル版　TVアニメ「東京喰種トーキョーグール」オープニング映像 TK from 凛として時雨/unravel** by **TokyoGhoulAnimation** `[01:30]`
2018-05-02 19:40:56 #felps @dabBot#0563: Now playing **ノンテロップスペシャル版　TVアニメ「東京喰種トーキョーグール」オープニング映像 TK from 凛として時雨/unravel** by **TokyoGhoulAnimation** `[01:30]`
2018-05-02 19:42:28 #felps @dabBot#0563: Now playing **ノンテロップスペシャル版　TVアニメ「東京喰種トーキョーグール」オープニング映像 TK from 凛として時雨/unravel** by **TokyoGhoulAnimation** `[01:30]`
2018-05-02 19:43:59 #felps @dabBot#0563: Now playing **ノンテロップスペシャル版　TVアニメ「東京喰種トーキョーグール」オープニング映像 TK from 凛として時雨/unravel** by **TokyoGhoulAnimation** `[01:30]`
2018-05-02 19:45:30 #felps @dabBot#0563: Now playing **ノンテロップスペシャル版　TVアニメ「東京喰種トーキョーグール」オープニング映像 TK from 凛として時雨/unravel** by **TokyoGhoulAnimation** `[01:30]`
2018-05-02 19:47:02 #felps @dabBot#0563: Now playing **ノンテロップスペシャル版　TVアニメ「東京喰種トーキョーグール」オープニング映像 TK from 凛として時雨/unravel** by **TokyoGhoulAnimation** `[01:30]`
2018-05-02 19:48:33 #felps @dabBot#0563: Now playing **ノンテロップスペシャル版　TVアニメ「東京喰種トーキョーグール」オープニング映像 TK from 凛として時雨/unravel** by **TokyoGhoulAnimation** `[01:30]`
2018-05-02 19:50:04 #felps @dabBot#0563: Now playing **ノンテロップスペシャル版　TVアニメ「東京喰種トーキョーグール」オープニング映像 TK from 凛として時雨/unravel** by **TokyoGhoulAnimation** `[01:30]`
2018-05-02 19:51:35 #felps @dabBot#0563: Now playing **ノンテロップスペシャル版　TVアニメ「東京喰種トーキョーグール」オープニング映像 TK from 凛として時雨/unravel** by **TokyoGhoulAnimation** `[01:30]`
2018-05-02 19:53:06 #felps @dabBot#0563: Now playing **ノンテロップスペシャル版　TVアニメ「東京喰種トーキョーグール」オープニング映像 TK from 凛として時雨/unravel** by **TokyoGhoulAnimation** `[01:30]`
2018-05-02 19:54:37 #felps @dabBot#0563: Now playing **ノンテロップスペシャル版　TVアニメ「東京喰種トーキョーグール」オープニング映像 TK from 凛として時雨/unravel** by **TokyoGhoulAnimation** `[01:30]`
2018-05-02 19:56:08 #felps @dabBot#0563: Now playing **ノンテロップスペシャル版　TVアニメ「東京喰種トーキョーグール」オープニング映像 TK from 凛として時雨/unravel** by **TokyoGhoulAnimation** `[01:30]`
2018-05-02 19:57:39 #felps @dabBot#0563: Now playing **ノンテロップスペシャル版　TVアニメ「東京喰種トーキョーグール」オープニング映像 TK from 凛として時雨/unravel** by **TokyoGhoulAnimation** `[01:30]`
2018-05-02 19:59:10 #felps @dabBot#0563: Now playing **ノンテロップスペシャル版　TVアニメ「東京喰種トーキョーグール」オープニング映像 TK from 凛として時雨/unravel** by **TokyoGhoulAnimation** `[01:30]`
2018-05-02 20:00:42 #felps @dabBot#0563: Now playing **ノンテロップスペシャル版　TVアニメ「東京喰種トーキョーグール」オープニング映像 TK from 凛として時雨/unravel** by **TokyoGhoulAnimation** `[01:30]`
2018-05-02 20:02:13 #felps @dabBot#0563: Now playing **ノンテロップスペシャル版　TVアニメ「東京喰種トーキョーグール」オープニング映像 TK from 凛として時雨/unravel** by **TokyoGhoulAnimation** `[01:30]`
2018-05-02 20:03:44 #felps @dabBot#0563: Now playing **ノンテロップスペシャル版　TVアニメ「東京喰種トーキョーグール」オープニング映像 TK from 凛として時雨/unravel** by **TokyoGhoulAnimation** `[01:30]`
2018-05-02 20:05:15 #felps @dabBot#0563: Now playing **ノンテロップスペシャル版　TVアニメ「東京喰種トーキョーグール」オープニング映像 TK from 凛として時雨/unravel** by **TokyoGhoulAnimation** `[01:30]`
2018-05-02 20:06:46 #felps @dabBot#0563: Now playing **ノンテロップスペシャル版　TVアニメ「東京喰種トーキョーグール」オープニング映像 TK from 凛として時雨/unravel** by **TokyoGhoulAnimation** `[01:30]`
2018-05-02 20:08:17 #felps @dabBot#0563: Now playing **ノンテロップスペシャル版　TVアニメ「東京喰種トーキョーグール」オープニング映像 TK from 凛として時雨/unravel** by **TokyoGhoulAnimation** `[01:30]`
2018-05-02 20:09:48 #felps @dabBot#0563: Now playing **ノンテロップスペシャル版　TVアニメ「東京喰種トーキョーグール」オープニング映像 TK from 凛として時雨/unravel** by **TokyoGhoulAnimation** `[01:30]`
2018-05-02 20:11:19 #felps @dabBot#0563: Now playing **ノンテロップスペシャル版　TVアニメ「東京喰種トーキョーグール」オープニング映像 TK from 凛として時雨/unravel** by **TokyoGhoulAnimation** `[01:30]`
2018-05-02 20:12:50 #felps @dabBot#0563: Now playing **ノンテロップスペシャル版　TVアニメ「東京喰種トーキョーグール」オープニング映像 TK from 凛として時雨/unravel** by **TokyoGhoulAnimation** `[01:30]`
2018-05-02 20:14:21 #felps @dabBot#0563: Now playing **ノンテロップスペシャル版　TVアニメ「東京喰種トーキョーグール」オープニング映像 TK from 凛として時雨/unravel** by **TokyoGhoulAnimation** `[01:30]`
2018-05-02 20:15:52 #felps @dabBot#0563: Now playing **ノンテロップスペシャル版　TVアニメ「東京喰種トーキョーグール」オープニング映像 TK from 凛として時雨/unravel** by **TokyoGhoulAnimation** `[01:30]`
2018-05-02 20:17:23 #felps @dabBot#0563: Now playing **ノンテロップスペシャル版　TVアニメ「東京喰種トーキョーグール」オープニング映像 TK from 凛として時雨/unravel** by **TokyoGhoulAnimation** `[01:30]`
2018-05-02 20:18:43 #felps @Syphix#9280: !!!stop
2018-05-02 20:18:43 #felps @dabBot#0563: Stopped playing music & left the voice channel.
2018-05-02 22:54:18 #felps @❴✪❵ ๖̶̶̶ۣۣۜۜ͜ζ͜͡☦кคหεк¡☦ ❴✪❵#8503: kkkk
2018-05-02 23:01:10 #felps @❴✪❵ ๖̶̶̶ۣۣۜۜ͜ζ͜͡☦кคหεк¡☦ ❴✪❵#8503: !!!play https://www.youtube.com/watch?v=uMeR2W19wT0\
2018-05-02 23:01:11 #felps @❴✪❵ ๖̶̶̶ۣۣۜۜ͜ζ͜͡☦кคหεк¡☦ ❴✪❵#8503 edited message from 2018-05-02 23:01:10 (!!!play https://www.youtube.com/watch?v=uMeR2W19wT0\) to read: !!!play https://www.youtube.com/watch?v=uMeR2W19wT0\
2018-05-02 23:01:11 #felps @dabBot#0563: `1` ノンテロップスペシャル版　TVアニメ「東京喰種トーキョーグール」オープニング映像 TK from 凛として時雨/unravel by TokyoGhoulAnimation `[01:30]`\n`2` 【MAD】Tokyo Ghoul Opening - Blue Bird ♥ by Kiiro `[01:31]`\n`3` MAUVAISE FOI #2 - TOKYO GHOUL by Random Watcher `[09:19]`\n`4` [ Aki-chan ] Unravel full DJ-JO remix [cover en español] by Masty Song `[03:55]`\n`5` Tokyo Ghoul Unravel, Karaoke Español (Versión Ilonka) by Maxell Ríos. `[04:10]`\n\n**To choose**, use `!!!choose <number>`\nExample: `!!!choose 2` would pick the second option.\n**To cancel**, use `!!!cancel`.
2018-05-02 23:01:21 #felps @❴✪❵ ๖̶̶̶ۣۣۜۜ͜ζ͜͡☦кคหεк¡☦ ❴✪❵#8503: !!!chose 1
2018-05-02 23:01:21 #felps @dabBot#0563: Now playing **ノンテロップスペシャル版　TVアニメ「東京喰種トーキョーグール」オープニング映像 TK from 凛として時雨/unravel** by **TokyoGhoulAnimation** `[01:30]`
2018-05-02 23:01:24 #felps @❴✪❵ ๖̶̶̶ۣۣۜۜ͜ζ͜͡☦кคหεк¡☦ ❴✪❵#8503: !!!repeat
2018-05-02 23:01:24 #felps @dabBot#0563: **Enabled** song repeating!
2018-05-02 23:02:52 #felps @dabBot#0563: Now playing **ノンテロップスペシャル版　TVアニメ「東京喰種トーキョーグール」オープニング映像 TK from 凛として時雨/unravel** by **TokyoGhoulAnimation** `[01:30]`
2018-05-02 23:04:23 #felps @dabBot#0563: Now playing **ノンテロップスペシャル版　TVアニメ「東京喰種トーキョーグール」オープニング映像 TK from 凛として時雨/unravel** by **TokyoGhoulAnimation** `[01:30]`
2018-05-02 23:05:54 #felps @dabBot#0563: Now playing **ノンテロップスペシャル版　TVアニメ「東京喰種トーキョーグール」オープニング映像 TK from 凛として時雨/unravel** by **TokyoGhoulAnimation** `[01:30]`
2018-05-02 23:07:25 #felps @dabBot#0563: Now playing **ノンテロップスペシャル版　TVアニメ「東京喰種トーキョーグール」オープニング映像 TK from 凛として時雨/unravel** by **TokyoGhoulAnimation** `[01:30]`
2018-05-02 23:08:55 #felps @dabBot#0563: Now playing **ノンテロップスペシャル版　TVアニメ「東京喰種トーキョーグール」オープニング映像 TK from 凛として時雨/unravel** by **TokyoGhoulAnimation** `[01:30]`
2018-05-02 23:10:26 #felps @dabBot#0563: Now playing **ノンテロップスペシャル版　TVアニメ「東京喰種トーキョーグール」オープニング映像 TK from 凛として時雨/unravel** by **TokyoGhoulAnimation** `[01:30]`
2018-05-02 23:11:57 #felps @dabBot#0563: Now playing **ノンテロップスペシャル版　TVアニメ「東京喰種トーキョーグール」オープニング映像 TK from 凛として時雨/unravel** by **TokyoGhoulAnimation** `[01:30]`
2018-05-02 23:13:29 #felps @dabBot#0563: Now playing **ノンテロップスペシャル版　TVアニメ「東京喰種トーキョーグール」オープニング映像 TK from 凛として時雨/unravel** by **TokyoGhoulAnimation** `[01:30]`
2018-05-02 23:15:00 #felps @dabBot#0563: Now playing **ノンテロップスペシャル版　TVアニメ「東京喰種トーキョーグール」オープニング映像 TK from 凛として時雨/unravel** by **TokyoGhoulAnimation** `[01:30]`
2018-05-02 23:16:31 #felps @dabBot#0563: Now playing **ノンテロップスペシャル版　TVアニメ「東京喰種トーキョーグール」オープニング映像 TK from 凛として時雨/unravel** by **TokyoGhoulAnimation** `[01:30]`
2018-05-02 23:18:02 #felps @dabBot#0563: Now playing **ノンテロップスペシャル版　TVアニメ「東京喰種トーキョーグール」オープニング映像 TK from 凛として時雨/unravel** by **TokyoGhoulAnimation** `[01:30]`
2018-05-02 23:19:33 #felps @dabBot#0563: Now playing **ノンテロップスペシャル版　TVアニメ「東京喰種トーキョーグール」オープニング映像 TK from 凛として時雨/unravel** by **TokyoGhoulAnimation** `[01:30]`
2018-05-02 23:21:05 #felps @dabBot#0563: Now playing **ノンテロップスペシャル版　TVアニメ「東京喰種トーキョーグール」オープニング映像 TK from 凛として時雨/unravel** by **TokyoGhoulAnimation** `[01:30]`
2018-05-02 23:22:36 #felps @dabBot#0563: Now playing **ノンテロップスペシャル版　TVアニメ「東京喰種トーキョーグール」オープニング映像 TK from 凛として時雨/unravel** by **TokyoGhoulAnimation** `[01:30]`
2018-05-02 23:24:06 #felps @dabBot#0563: Now playing **ノンテロップスペシャル版　TVアニメ「東京喰種トーキョーグール」オープニング映像 TK from 凛として時雨/unravel** by **TokyoGhoulAnimation** `[01:30]`
2018-05-02 23:25:37 #felps @dabBot#0563: Now playing **ノンテロップスペシャル版　TVアニメ「東京喰種トーキョーグール」オープニング映像 TK from 凛として時雨/unravel** by **TokyoGhoulAnimation** `[01:30]`
2018-05-02 23:27:08 #felps @dabBot#0563: Now playing **ノンテロップスペシャル版　TVアニメ「東京喰種トーキョーグール」オープニング映像 TK from 凛として時雨/unravel** by **TokyoGhoulAnimation** `[01:30]`
2018-05-02 23:28:39 #felps @dabBot#0563: Now playing **ノンテロップスペシャル版　TVアニメ「東京喰種トーキョーグール」オープニング映像 TK from 凛として時雨/unravel** by **TokyoGhoulAnimation** `[01:30]`
2018-05-02 23:30:10 #felps @dabBot#0563: Now playing **ノンテロップスペシャル版　TVアニメ「東京喰種トーキョーグール」オープニング映像 TK from 凛として時雨/unravel** by **TokyoGhoulAnimation** `[01:30]`
2018-05-02 23:31:41 #felps @dabBot#0563: Now playing **ノンテロップスペシャル版　TVアニメ「東京喰種トーキョーグール」オープニング映像 TK from 凛として時雨/unravel** by **TokyoGhoulAnimation** `[01:30]`
2018-05-02 23:33:12 #felps @dabBot#0563: Now playing **ノンテロップスペシャル版　TVアニメ「東京喰種トーキョーグール」オープニング映像 TK from 凛として時雨/unravel** by **TokyoGhoulAnimation** `[01:30]`
2018-05-02 23:34:43 #felps @dabBot#0563: Now playing **ノンテロップスペシャル版　TVアニメ「東京喰種トーキョーグール」オープニング映像 TK from 凛として時雨/unravel** by **TokyoGhoulAnimation** `[01:30]`
2018-05-02 23:35:59 #felps @Syphix#9280: @❴✪❵ ๖̶̶̶ۣۣۜۜ͜ζ͜͡☦кคหεк¡☦ ❴✪❵
2018-05-02 23:36:03 #felps @Syphix#9280: vai editar um monte de mer
2018-05-02 23:36:03 #felps @Syphix#9280:  (attachment url(s): https://cdn.discordapp.com/attachments/427517420060540969/441382395225047040/unknown.png)
2018-05-02 23:36:05 #felps @Syphix#9280:  (attachment url(s): https://cdn.discordapp.com/attachments/427517420060540969/441382401978007564/unknown.png)
2018-05-02 23:36:08 #felps @Syphix#9280: BEM VINDO A (attachment url(s): https://cdn.discordapp.com/attachments/427517420060540969/441382417442275328/unknown.png)
2018-05-02 23:36:14 #felps @dabBot#0563: Now playing **ノンテロップスペシャル版　TVアニメ「東京喰種トーキョーグール」オープニング映像 TK from 凛として時雨/unravel** by **TokyoGhoulAnimation** `[01:30]`
2018-05-02 23:37:22 #felps @❴✪❵ ๖̶̶̶ۣۣۜۜ͜ζ͜͡☦кคหεк¡☦ ❴✪❵#8503: ```yaml\n13 ```diff\n-``` So O ADM @🌠  |Syphix| 🌠 Pode Quebrar A Regra N-8 :lel: e.e e.e \n```
2018-05-02 23:37:23 #felps @❴✪❵ ๖̶̶̶ۣۣۜۜ͜ζ͜͡☦кคหεк¡☦ ❴✪❵#8503: ```yaml\n13 ```diff\n-``` So O ADM @🌠  |Syphix| 🌠 Pode Quebrar A Regra N-8 :lel: e.e e.e \n```
2018-05-02 23:37:23 #felps @❴✪❵ ๖̶̶̶ۣۣۜۜ͜ζ͜͡☦кคหεк¡☦ ❴✪❵#8503: ```yaml\n13 ```diff\n-``` So O ADM @🌠  |Syphix| 🌠 Pode Quebrar A Regra N-8 :lel: e.e e.e \n```
2018-05-02 23:37:24 #felps @❴✪❵ ๖̶̶̶ۣۣۜۜ͜ζ͜͡☦кคหεк¡☦ ❴✪❵#8503: ```yaml\n13 ```diff\n-``` So O ADM @🌠  |Syphix| 🌠 Pode Quebrar A Regra N-8 :lel: e.e e.e \n``````yaml\n13 ```diff\n-``` So O ADM @🌠  |Syphix| 🌠 Pode Quebrar A Regra N-8 :lel: e.e e.e \n```
2018-05-02 23:37:44 #felps @dabBot#0563: Now playing **ノンテロップスペシャル版　TVアニメ「東京喰種トーキョーグール」オープニング映像 TK from 凛として時雨/unravel** by **TokyoGhoulAnimation** `[01:30]`
2018-05-02 23:39:15 #felps @dabBot#0563: Now playing **ノンテロップスペシャル版　TVアニメ「東京喰種トーキョーグール」オープニング映像 TK from 凛として時雨/unravel** by **TokyoGhoulAnimation** `[01:30]`
2018-05-02 23:40:46 #felps @dabBot#0563: Now playing **ノンテロップスペシャル版　TVアニメ「東京喰種トーキョーグール」オープニング映像 TK from 凛として時雨/unravel** by **TokyoGhoulAnimation** `[01:30]`
2018-05-02 23:42:17 #felps @dabBot#0563: Now playing **ノンテロップスペシャル版　TVアニメ「東京喰種トーキョーグール」オープニング映像 TK from 凛として時雨/unravel** by **TokyoGhoulAnimation** `[01:30]`
2018-05-02 23:43:48 #felps @dabBot#0563: Now playing **ノンテロップスペシャル版　TVアニメ「東京喰種トーキョーグール」オープニング映像 TK from 凛として時雨/unravel** by **TokyoGhoulAnimation** `[01:30]`
2018-05-02 23:44:20 #felps @Syphix#9280: .acr "flw" https://www.tenor.co/wGNN.gif
2018-05-02 23:44:20 #felps @Nadeko#6685: 
2018-05-02 23:44:20 #felps @Synapse#0692: 
2018-05-02 23:44:28 #felps @Nadeko#6685 edited message from 2018-05-02 23:44:20 () to read: 
2018-05-02 23:44:28 #felps @Synapse#0692 edited message from 2018-05-02 23:44:20 () to read: 
2018-05-02 23:44:28 #felps @Syphix#9280 edited message from 2018-05-02 23:44:20 (.acr "flw" https://www.tenor.co/wGNN.gif) to read: .acr "flw" https://www.tenor.co/wGNN.gif
2018-05-02 23:44:26 #felps @Syphix#9280: NMRL
2018-05-02 23:44:28 #felps @Syphix#9280: DA BAN
