2018-04-24 22:11:30 #.:.:. AFK .:.:. Voice channel leave: 24/7 🔊#6493 (id 369208607126061057)
2018-04-24 22:23:51 #.:.:. AFK .:.:. Voice channel join: 24/7 🔊#6493 (id 369208607126061057)
2018-04-24 22:58:24 #.:.:. AFK .:.:. Voice channel leave: 24/7 🔊#6493 (id 369208607126061057)
2018-04-24 22:59:37 #.:.:. AFK .:.:. Voice channel join: 24/7 🔊#6493 (id 369208607126061057)
2018-04-25 00:43:23 #.:.:. AFK .:.:. Voice channel leave: 24/7 🔊#6493 (id 369208607126061057)
2018-04-25 00:44:04 #.:.:. AFK .:.:. Voice channel join: 24/7 🔊#6493 (id 369208607126061057)
2018-04-25 01:38:49 #.:.:. AFK .:.:. Voice channel leave: 24/7 🔊#6493 (id 369208607126061057)
2018-04-25 08:58:05 #.:.:. AFK .:.:. Voice channel join: 24/7 🔊#6493 (id 369208607126061057)
2018-04-25 10:06:35 #.:.:. AFK .:.:. Voice channel leave: 24/7 🔊#6493 (id 369208607126061057)
2018-04-25 13:59:12 #.:.:. AFK .:.:. Voice channel join: AndeL#3272 (id 222768799831556097), moved from Pegasus4Gaming mm #1
2018-04-25 14:44:25 #.:.:. AFK .:.:. Voice channel leave: AndeL#3272 (id 222768799831556097)
2018-04-25 19:19:32 #.:.:. AFK .:.:. Voice channel join: WajchA#5464 (id 334843713928953856), moved from Pegasus4Gaming mm #1
2018-04-25 19:21:38 #.:.:. AFK .:.:. Voice channel leave: WajchA#5464 (id 334843713928953856) moving to Pegasus4Gaming mm #1
2018-04-25 20:44:01 #.:.:. AFK .:.:. Voice channel join: 24/7 🔊#6493 (id 369208607126061057)
2018-04-25 20:48:23 #.:.:. AFK .:.:. Voice channel join: WajchA#5464 (id 334843713928953856), moved from Pegasus4Gaming mm #1
2018-04-25 20:50:38 #.:.:. AFK .:.:. Voice channel leave: WajchA#5464 (id 334843713928953856) moving to Pegasus4Gaming mm #1
2018-04-25 20:51:03 #.:.:. AFK .:.:. Voice channel leave: 24/7 🔊#6493 (id 369208607126061057)
2018-04-25 20:51:03 #.:.:. AFK .:.:. Voice channel join: 24/7 🔊#6493 (id 369208607126061057)
2018-04-25 21:14:07 #.:.:. AFK .:.:. Voice channel leave: 24/7 🔊#6493 (id 369208607126061057)
2018-04-26 02:02:34 #.:.:. AFK .:.:. Voice channel join: 24/7 🔊#6493 (id 369208607126061057)
2018-04-26 02:09:07 #.:.:. AFK .:.:. Voice channel leave: 24/7 🔊#6493 (id 369208607126061057)
2018-04-26 02:11:26 #.:.:. AFK .:.:. Voice channel join: 24/7 🔊#6493 (id 369208607126061057)
2018-04-26 03:11:51 #.:.:. AFK .:.:. Voice channel leave: 24/7 🔊#6493 (id 369208607126061057)
2018-04-26 03:13:10 #.:.:. AFK .:.:. Voice channel join: 24/7 🔊#6493 (id 369208607126061057)
2018-04-26 04:30:12 #.:.:. AFK .:.:. Voice channel leave: 24/7 🔊#6493 (id 369208607126061057)
2018-04-26 04:31:14 #.:.:. AFK .:.:. Voice channel join: 24/7 🔊#6493 (id 369208607126061057)
2018-04-26 06:46:27 #.:.:. AFK .:.:. Voice channel leave: 24/7 🔊#6493 (id 369208607126061057)
2018-04-26 06:47:05 #.:.:. AFK .:.:. Voice channel join: 24/7 🔊#6493 (id 369208607126061057)
2018-04-26 07:06:45 #.:.:. AFK .:.:. Voice channel leave: 24/7 🔊#6493 (id 369208607126061057)
2018-04-26 07:21:55 #.:.:. AFK .:.:. Voice channel join: 24/7 🔊#6493 (id 369208607126061057)
2018-04-26 09:58:32 #.:.:. AFK .:.:. Voice channel leave: 24/7 🔊#6493 (id 369208607126061057)
2018-04-26 12:25:36 #.:.:. AFK .:.:. Voice channel join: 24/7 🔊#6493 (id 369208607126061057)
2018-04-26 15:03:38 #.:.:. AFK .:.:. Voice channel leave: 24/7 🔊#6493 (id 369208607126061057)
2018-04-26 15:09:58 #.:.:. AFK .:.:. Voice channel join: 24/7 🔊#6493 (id 369208607126061057)
2018-04-26 15:35:14 #.:.:. AFK .:.:. Voice channel leave: 24/7 🔊#6493 (id 369208607126061057)
2018-04-26 15:37:37 #.:.:. AFK .:.:. Voice channel join: 24/7 🔊#6493 (id 369208607126061057)
2018-04-26 15:52:25 #.:.:. AFK .:.:. Voice channel join: SharkiMONSTER#4455 (id 378941802432167946), moved from Pegasus4Gaming mm #1
2018-04-26 15:56:58 #.:.:. AFK .:.:. Voice channel leave: SharkiMONSTER#4455 (id 378941802432167946) moving to Pegasus4Gaming mm #1
2018-04-26 15:56:58 #.:.:. AFK .:.:. Voice channel join: 24/7 🔊#6493 (id 369208607126061057)
2018-04-26 15:58:46 #.:.:. AFK .:.:. Voice channel join: AndeL#3272 (id 222768799831556097), moved from Pegasus4Gaming mm #1
2018-04-26 16:37:07 #.:.:. AFK .:.:. Voice channel leave: AndeL#3272 (id 222768799831556097) moving to Pegasus4Gaming mm #1
2018-04-26 16:37:07 #.:.:. AFK .:.:. Voice channel join: 24/7 🔊#6493 (id 369208607126061057)
2018-04-26 16:56:25 #.:.:. AFK .:.:. Voice channel leave: 24/7 🔊#6493 (id 369208607126061057)
2018-04-26 17:00:05 #.:.:. AFK .:.:. Voice channel join: 24/7 🔊#6493 (id 369208607126061057)
2018-04-26 17:11:43 #.:.:. AFK .:.:. Voice channel leave: 24/7 🔊#6493 (id 369208607126061057)
2018-04-26 17:12:44 #.:.:. AFK .:.:. Voice channel join: 24/7 🔊#6493 (id 369208607126061057)
2018-04-26 18:31:08 #.:.:. AFK .:.:. Voice channel join: SharkiMONSTER#4455 (id 378941802432167946), moved from Pegasus4Gaming mm #1
2018-04-26 18:31:09 #.:.:. AFK .:.:. Voice channel join: AndeL#3272 (id 222768799831556097), moved from Pegasus4Gaming mm #1
2018-04-26 18:33:39 #.:.:. AFK .:.:. Voice channel leave: SharkiMONSTER#4455 (id 378941802432167946) moving to Pegasus4Gaming mm #1
2018-04-26 18:34:20 #.:.:. AFK .:.:. Voice channel leave: 24/7 🔊#6493 (id 369208607126061057)
2018-04-26 18:36:13 #.:.:. AFK .:.:. Voice channel join: 24/7 🔊#6493 (id 369208607126061057)
2018-04-26 18:44:49 #.:.:. AFK .:.:. Voice channel leave: AndeL#3272 (id 222768799831556097) moving to Pegasus4Gaming mm #1
2018-04-26 18:44:52 #.:.:. AFK .:.:. Voice channel leave: 24/7 🔊#6493 (id 369208607126061057)
2018-04-26 18:44:52 #.:.:. AFK .:.:. Voice channel join: 24/7 🔊#6493 (id 369208607126061057)
2018-04-26 18:55:20 #.:.:. AFK .:.:. Voice channel join: AndeL#3272 (id 222768799831556097), moved from Pegasus4Gaming mm #1
2018-04-26 18:57:30 #.:.:. AFK .:.:. Voice channel leave: AndeL#3272 (id 222768799831556097) moving to Pegasus4Gaming mm #1
2018-04-26 18:57:30 #.:.:. AFK .:.:. Voice channel join: 24/7 🔊#6493 (id 369208607126061057)
2018-04-26 19:32:34 #.:.:. AFK .:.:. Voice channel join: AndeL#3272 (id 222768799831556097), moved from Pegasus4Gaming mm #1
2018-04-26 19:33:29 #.:.:. AFK .:.:. Voice channel leave: AndeL#3272 (id 222768799831556097) moving to Pegasus4Gaming mm #1
2018-04-26 19:33:29 #.:.:. AFK .:.:. Voice channel leave: 24/7 🔊#6493 (id 369208607126061057)
2018-04-26 19:33:29 #.:.:. AFK .:.:. Voice channel join: 24/7 🔊#6493 (id 369208607126061057)
2018-04-26 20:00:03 #.:.:. AFK .:.:. Voice channel join: SharkiMONSTER#4455 (id 378941802432167946), moved from Pegasus4Gaming mm #1, flags: self_deaf,self_mute
2018-04-26 22:02:09 #.:.:. AFK .:.:. Voice channel leave: SharkiMONSTER#4455 (id 378941802432167946)
2018-04-26 22:02:09 #.:.:. AFK .:.:. Voice channel leave: 24/7 🔊#6493 (id 369208607126061057)
2018-04-26 22:02:09 #.:.:. AFK .:.:. Voice channel join: 24/7 🔊#6493 (id 369208607126061057)
2018-04-27 16:44:25 #.:.:. AFK .:.:. Voice channel leave: 24/7 🔊#6493 (id 369208607126061057)
2018-04-27 17:13:09 #.:.:. AFK .:.:. Voice channel join: AndeL#3272 (id 222768799831556097)
2018-04-27 17:13:13 #.:.:. AFK .:.:. Voice channel leave: AndeL#3272 (id 222768799831556097) moving to Pegasus4Gaming Druż. vs Druż.
2018-04-27 17:13:13 #.:.:. AFK .:.:. Voice channel join: 24/7 🔊#6493 (id 369208607126061057)
2018-04-27 17:13:14 #.:.:. AFK .:.:. Voice channel join: AndeL#3272 (id 222768799831556097), moved from Pegasus4Gaming Druż. vs Druż.
2018-04-27 17:27:50 #.:.:. AFK .:.:. Server self-deafen: AndeL#3272 (id 222768799831556097)
2018-04-27 17:27:50 #.:.:. AFK .:.:. Server self-mute: AndeL#3272 (id 222768799831556097)
2018-04-27 17:31:35 #.:.:. AFK .:.:. Voice channel leave: AndeL#3272 (id 222768799831556097) moving to Pegasus4Gaming mm #1
2018-04-27 17:31:38 #.:.:. AFK .:.:. Voice channel join: 24/7 🔊#6493 (id 369208607126061057)
2018-04-27 18:34:06 #.:.:. AFK .:.:. Voice channel join: SharkiMONSTER#4455 (id 378941802432167946), moved from tyralnia
2018-04-27 18:47:05 #.:.:. AFK .:.:. Voice channel leave: SharkiMONSTER#4455 (id 378941802432167946) moving to Pegasus4Gaming mm #1
2018-04-27 18:47:07 #.:.:. AFK .:.:. Voice channel join: 24/7 🔊#6493 (id 369208607126061057)
2018-04-27 19:09:51 #.:.:. AFK .:.:. Voice channel join: Boss Maniek#4115 (id 238302857860874241), moved from Pegasus4Gaming mm #1, flags: self_deaf,self_mute
2018-04-27 19:57:47 #.:.:. AFK .:.:. Voice channel join: BADI#3743 (id 396053114014400523)
2018-04-27 20:11:17 #.:.:. AFK .:.:. Voice channel leave: BADI#3743 (id 396053114014400523) moving to Pegasus4Gaming mm #1
2018-04-27 20:18:44 #.:.:. AFK .:.:. Voice channel leave: Boss Maniek#4115 (id 238302857860874241)
2018-04-27 20:18:44 #.:.:. AFK .:.:. Voice channel leave: 24/7 🔊#6493 (id 369208607126061057)
2018-04-27 20:18:44 #.:.:. AFK .:.:. Voice channel join: 24/7 🔊#6493 (id 369208607126061057)
2018-04-27 20:22:14 #.:.:. AFK .:.:. Voice channel join: Boss Maniek#4115 (id 238302857860874241), flags: self_deaf,self_mute
2018-04-27 21:40:17 #.:.:. AFK .:.:. Voice channel leave: Boss Maniek#4115 (id 238302857860874241)
2018-04-27 21:40:17 #.:.:. AFK .:.:. Voice channel join: 24/7 🔊#6493 (id 369208607126061057)
2018-04-27 22:41:17 #.:.:. AFK .:.:. Voice channel join: AndeL#3272 (id 222768799831556097), moved from Pegasus4Gaming mm #1
2018-04-27 23:00:46 #.:.:. AFK .:.:. Voice channel leave: AndeL#3272 (id 222768799831556097)
2018-04-27 23:00:46 #.:.:. AFK .:.:. Voice channel join: 24/7 🔊#6493 (id 369208607126061057)
2018-04-28 10:54:28 #.:.:. AFK .:.:. Voice channel join: AndeL#3272 (id 222768799831556097), moved from Pegasus4Gaming mm #1
2018-04-28 11:03:42 #.:.:. AFK .:.:. Voice channel join: SharkiMONSTER#4455 (id 378941802432167946), moved from Pegasus4Gaming mm #1
2018-04-28 11:10:37 #.:.:. AFK .:.:. Voice channel leave: SharkiMONSTER#4455 (id 378941802432167946)
2018-04-28 11:51:20 #.:.:. AFK .:.:. Server self-deafen: AndeL#3272 (id 222768799831556097)
2018-04-28 11:51:20 #.:.:. AFK .:.:. Server self-mute: AndeL#3272 (id 222768799831556097)
2018-04-28 12:25:41 #.:.:. AFK .:.:. Server self-deafen: AndeL#3272 (id 222768799831556097)
2018-04-28 12:25:41 #.:.:. AFK .:.:. Server self-mute: AndeL#3272 (id 222768799831556097)
2018-04-28 12:56:00 #.:.:. AFK .:.:. Server self-undeafen: AndeL#3272 (id 222768799831556097)
2018-04-28 12:56:00 #.:.:. AFK .:.:. Server self-unmute: AndeL#3272 (id 222768799831556097)
2018-04-28 13:02:20 #.:.:. AFK .:.:. Server self-deafen: AndeL#3272 (id 222768799831556097)
2018-04-28 13:02:20 #.:.:. AFK .:.:. Server self-mute: AndeL#3272 (id 222768799831556097)
2018-04-28 13:02:56 #.:.:. AFK .:.:. Voice channel leave: AndeL#3272 (id 222768799831556097) moving to Pegasus4Gaming mm #1
2018-04-28 13:02:56 #.:.:. AFK .:.:. Voice channel leave: 24/7 🔊#6493 (id 369208607126061057)
2018-04-28 13:02:56 #.:.:. AFK .:.:. Voice channel join: 24/7 🔊#6493 (id 369208607126061057)
2018-04-28 16:33:30 #.:.:. AFK .:.:. Voice channel join: AndeL#3272 (id 222768799831556097), moved from Pegasus4Gaming mm #1
2018-04-28 16:38:49 #.:.:. AFK .:.:. Server self-deafen: AndeL#3272 (id 222768799831556097)
2018-04-28 16:38:49 #.:.:. AFK .:.:. Server self-mute: AndeL#3272 (id 222768799831556097)
2018-04-28 17:48:43 #.:.:. AFK .:.:. Voice channel leave: AndeL#3272 (id 222768799831556097) moving to Pegasus4Gaming mm #1
2018-04-28 17:48:43 #.:.:. AFK .:.:. Voice channel join: 24/7 🔊#6493 (id 369208607126061057)
2018-04-28 18:25:39 #.:.:. AFK .:.:. Voice channel join: AndeL#3272 (id 222768799831556097), moved from Pegasus4Gaming mm #1
