2018-04-24 22:04:41 #komendy @WajchA#5464: help
2018-04-24 22:04:42 #komendy @MEE6#4876: GG @WajchA, BRAWO NASTĘPNY POZIOOOM 9!
2018-04-24 22:05:42 #komendy @WajchA#5464: ghostplay
2018-04-24 22:05:49 #komendy @WajchA#5464: *help*
2018-04-24 22:08:01 #komendy @WajchA#5464: .multicolor 2 OWNER
2018-04-24 22:08:08 #komendy @WajchA#5464 deleted message from 2018-04-24 22:08:01 (.multicolor 2 OWNER)
2018-04-24 22:10:38 #komendy @WajchA#5464: .multicolor 2 Admin
2018-04-24 22:18:41 #komendy @WajchA#5464: *help
2018-04-24 22:18:48 #komendy @WajchA#5464: *invitebot
2018-04-24 22:18:54 #komendy @Ghostplay R2#1298: Hey there, @WajchA! I sent you the list of commands in a private message.\nCheck your direct messages
2018-04-24 22:18:54 #komendy @WajchA#5464: .help
2018-04-24 22:19:42 #komendy @WajchA#5464: *multicolor
2018-04-24 22:19:49 #komendy @Ghostplay R2#1298: ```\n*[multicolor|multicolour] <interval> <role>\n\nChanges the role color every x seconds\n\n```
2018-04-24 22:19:59 #komendy @WajchA#5464: *multicolor 2 Admin
2018-04-24 22:20:24 #komendy @Ghostplay R2#1298: `Error in command 'multicolor'.If you keep seeing this message please contact the owner of the bot.`
2018-04-24 22:20:57 #komendy @WajchA#5464: *multicolor 1 Admin
2018-04-24 22:21:10 #komendy @WajchA#5464: *pingme
2018-04-24 22:21:16 #komendy @Ghostplay R2#1298: `Error in command 'multicolor'.If you keep seeing this message please contact the owner of the bot.`
2018-04-24 22:21:23 #komendy @Ghostplay R2#1298: 
2018-04-24 22:21:23 #komendy @Ghostplay R2#1298 edited message from 2018-04-24 22:21:23 () to read: 
2018-04-24 22:21:37 #komendy @WajchA#5464: *multicolour 2 Admin
2018-04-24 22:21:47 #komendy @WajchA#5464: multicolour
2018-04-24 22:21:57 #komendy @WajchA#5464: multicolour 2 Admin
2018-04-24 22:22:02 #komendy @Ghostplay R2#1298: `Error in command 'multicolor'.If you keep seeing this message please contact the owner of the bot.`
2018-04-24 22:22:04 #komendy @WajchA#5464: .Multicolour 2 Admin
2018-04-24 22:22:34 #komendy @WajchA#5464: .multicolor 2 Admin
2018-04-24 22:22:53 #komendy @WajchA#5464: .multicolor 2 DJ-2
2018-04-24 22:23:08 #komendy @WajchA#5464: *help
2018-04-24 22:23:14 #komendy @Ghostplay R2#1298: Hey there, @WajchA! I sent you the list of commands in a private message.\nCheck your direct messages
2018-04-24 22:23:27 #komendy @WajchA#5464: *set
2018-04-24 22:23:40 #komendy @Ghostplay R2#1298: ```\n*set\n\nChanges Ghostplay R2's settings\n\nCommands:\n\nType *set command for more info on a command.\nYou can also type *set category for more info on a category.\n```
2018-04-24 22:24:01 #komendy @WajchA#5464: *ser multicolor
2018-04-24 22:26:57 #komendy @WajchA#5464: .multicolor 2 DJ
2018-04-24 22:27:55 #komendy @WajchA#5464: *multicoloro
2018-04-24 22:28:03 #komendy @WajchA#5464: *multicolor
2018-04-24 22:28:10 #komendy @Ghostplay R2#1298: ```\n*[multicolor|multicolour] <interval> <role>\n\nChanges the role color every x seconds\n\n```
2018-04-24 22:28:46 #komendy @WajchA#5464: *multicolor x DJ
2018-04-24 22:28:59 #komendy @Ghostplay R2#1298: ```\n*[multicolor|multicolour] <interval> <role>\n\nChanges the role color every x seconds\n\n```
2018-04-24 22:29:15 #komendy @WajchA#5464: *milticolor 2 DJ
2018-04-24 22:30:25 #komendy @WajchA#5464: .multicolor 2 DJ
2018-04-24 22:30:44 #komendy @WajchA#5464: .multicolor 2 DJ
2018-04-28 20:02:30 #komendy @RedSiger#4337: !play something to do
2018-04-28 20:02:30 #komendy @Rythm#3722: <:youtube:335112740957978625> **Searching** 🔎 `something to do`
2018-04-28 20:02:31 #komendy @Rythm#3722: 
2018-04-28 20:02:36 #komendy @Rythm#3722 edited message from 2018-04-28 20:02:31 () to read: 
2018-04-28 20:02:55 #komendy @RedSiger#4337: !change
2018-04-28 20:03:16 #komendy @RedSiger#4337: kurwa
2018-04-28 20:03:24 #komendy @AndeL#3272: **xd**
2018-04-28 20:05:52 #komendy @RedSiger#4337: !stop
2018-04-28 20:05:52 #komendy @Rythm#3722: **Paused** ⏸
2018-04-28 20:05:52 #komendy @Synapse#0692: You need to be in the voice channel to stop the music.
2018-04-28 20:05:57 #komendy @RedSiger#4337: co to za gowno bylo
2018-04-28 20:05:58 #komendy @RedSiger#4337 deleted message from 2018-04-28 20:05:57 (co to za gowno bylo)
2018-04-28 20:06:15 #komendy @RedSiger#4337: !search depeche mode some thing to do
2018-04-28 20:06:16 #komendy @Rythm#3722: 
2018-04-28 20:06:16 #komendy @Rythm#3722 edited message from 2018-04-28 20:06:16 () to read: 
2018-04-28 20:06:19 #komendy @RedSiger#4337: !
2018-04-28 20:06:20 #komendy @RedSiger#4337 deleted message from 2018-04-28 20:06:19 (!)
2018-04-28 20:06:22 #komendy @RedSiger#4337: !1
2018-04-28 20:06:24 #komendy @RedSiger#4337: 1
2018-04-28 20:06:39 #komendy @Rythm#3722 deleted message from 2018-04-28 20:06:16 ()
2018-04-28 20:06:24 #komendy @Rythm#3722: 
2018-04-28 20:06:39 #komendy @Rythm#3722 edited message from 2018-04-28 20:06:24 () to read: 
2018-04-28 20:06:39 #komendy @RedSiger#4337 deleted message from 2018-04-28 20:06:24 (1)
2018-04-28 20:06:34 #komendy @RedSiger#4337: !end
2018-04-28 20:06:39 #komendy @RedSiger#4337: !stop
2018-04-28 20:06:40 #komendy @Rythm#3722: ❌ **The player is already paused**
2018-04-28 20:06:40 #komendy @Synapse#0692: You need to be in the voice channel to stop the music.
2018-04-28 20:06:47 #komendy @RedSiger#4337: jak to sie wywalal
2018-04-28 20:06:50 #komendy @RedSiger#4337: kuhwa
2018-04-28 20:06:50 #komendy @RedSiger#4337 deleted message from 2018-04-28 20:06:50 (kuhwa)
2018-04-28 20:06:55 #komendy @RedSiger#4337: pomocy
2018-04-28 20:07:28 #komendy @RedSiger#4337: !skip
2018-04-28 20:07:28 #komendy @Rythm#3722: ❌ **You need to be in the same voice channel as Rythm to use this command**
2018-04-28 20:07:28 #komendy @Synapse#0692: You need to be in the voice channel to skip the music.
2018-04-28 20:07:37 #komendy @RedSiger#4337: !skip
2018-04-28 20:07:37 #komendy @Synapse#0692: You need to be in the voice channel to skip the music.
2018-04-28 20:07:38 #komendy @Rythm#3722: ⏩ ***Skipped*** 👍
2018-04-28 20:07:57 #komendy @RedSiger#4337: !skip
2018-04-28 20:07:57 #komendy @Synapse#0692: Can't skip if I'm not playing.
2018-04-28 20:07:57 #komendy @Rythm#3722: ⏩ ***Skipped*** 👍
2018-04-28 20:08:13 #komendy @RedSiger#4337: !search depeche mode something to do
2018-04-28 20:08:13 #komendy @Rythm#3722: 
2018-04-28 20:08:13 #komendy @Rythm#3722 edited message from 2018-04-28 20:08:13 () to read: 
2018-04-28 20:08:15 #komendy @RedSiger#4337: 1
2018-04-28 20:08:16 #komendy @Rythm#3722: **Playing** 🎶 `Depeche Mode-Something To Do (Remastered)` - Now!
2018-04-28 20:08:16 #komendy @RedSiger#4337 deleted message from 2018-04-28 20:08:15 (1)
2018-04-28 20:08:16 #komendy @Rythm#3722 deleted message from 2018-04-28 20:08:13 ()
