2018-04-24 22:03:50 this bot joined the server
2018-04-24 22:03:50 Role created: 'Synapse' (id 438460085858205716)
2018-04-24 22:03:50 Member role add: 'Synapse' role was added to @Synapse#0692
2018-04-24 22:03:51 Member role add: 'Zarejestrowany' role was added to @Synapse#0692
2018-04-24 22:04:00 Member role add: 'BOT' role was added to @Synapse#0692
2018-04-24 22:05:23 Role created: 'new role' (id 438460473696845834)
2018-04-24 22:05:24 Role created: 'new role' (id 438460479950684161)
2018-04-24 22:05:24 Role created: 'new role' (id 438460480420446209)
2018-04-24 22:05:25 Role created: 'new role' (id 438460481498251264)
2018-04-24 22:05:25 Role created: 'new role' (id 438460482022539294)
2018-04-24 22:05:34 Role permissions: 'new role' changed from 70507585 to 70769729
2018-04-24 22:05:34 Role permissions: 'new role' changed from 70507585 to 70769729
2018-04-24 22:05:34 Role permissions: 'new role' changed from 70507585 to 70769729
2018-04-24 22:05:34 Role permissions: 'new role' changed from 70507585 to 70769729
2018-04-24 22:05:34 Role position: 'przepustka na Andel i WajchA' changed from 7 to 6
2018-04-24 22:05:34 Role position: 'Przepustka do makegame' changed from 8 to 7
2018-04-24 22:05:34 Role position: 'Przepustka na kanał dodge' changed from 9 to 8
2018-04-24 22:05:34 Role position: 'przepustka na kanał andela' changed from 10 to 9
2018-04-24 22:05:34 Role position: 'Mężczyzna' changed from 11 to 10
2018-04-24 22:05:34 Role position: 'Kobieta' changed from 12 to 11
2018-04-24 22:05:34 Role position: 'Zarejestrowany' changed from 13 to 12
2018-04-24 22:05:34 Role position: 'YouTuber' changed from 14 to 13
2018-04-24 22:05:34 Role position: 'YouTuberka' changed from 15 to 14
2018-04-24 22:05:34 Role position: 'Streamer' changed from 16 to 15
2018-04-24 22:05:34 Role position: 'Streamerka' changed from 17 to 16
2018-04-24 22:05:34 Role position: 'Raper/Raperka' changed from 18 to 17
2018-04-24 22:05:34 Role position: 'POKEMON' changed from 19 to 18
2018-04-24 22:05:34 Role position: 'Pegasus4Gaming rezerwa' changed from 20 to 19
2018-04-24 22:05:34 Role position: 'Pegasus4Gaming Academy' changed from 21 to 20
2018-04-24 22:05:34 Role position: 'Pegasus4Gaming' changed from 22 to 21
2018-04-24 22:05:34 Role position: 'Rythm' changed from 23 to 22
2018-04-24 22:05:34 Role position: 'Guilded' changed from 24 to 23
2018-04-24 22:05:34 Role position: 'Ghostplay R2' changed from 25 to 24
2018-04-24 22:05:34 Role position: 'MEE6' changed from 26 to 25
2018-04-24 22:05:34 Role permissions: 'Synapse' changed from 8 to 262216
2018-04-24 22:05:34 Role position: 'Synapse' changed from 6 to 26
2018-04-24 22:09:33 Role position: 'new role' changed from 2 to 1
2018-04-24 22:09:33 Role position: 'new role' changed from 3 to 2
2018-04-24 22:09:33 Role position: 'new role' changed from 4 to 3
2018-04-24 22:09:33 Role position: 'new role' changed from 5 to 4
2018-04-24 22:09:33 Role position: 'przepustka na Andel i WajchA' changed from 6 to 5
2018-04-24 22:09:33 Role position: 'Przepustka do makegame' changed from 7 to 6
2018-04-24 22:09:33 Role position: 'Przepustka na kanał dodge' changed from 8 to 7
2018-04-24 22:09:33 Role position: 'przepustka na kanał andela' changed from 9 to 8
2018-04-24 22:09:33 Role position: 'Mężczyzna' changed from 10 to 9
2018-04-24 22:09:33 Role position: 'Kobieta' changed from 11 to 10
2018-04-24 22:09:33 Role position: 'Zarejestrowany' changed from 12 to 11
2018-04-24 22:09:33 Role position: 'YouTuber' changed from 13 to 12
2018-04-24 22:09:33 Role position: 'YouTuberka' changed from 14 to 13
2018-04-24 22:09:33 Role position: 'Streamer' changed from 15 to 14
2018-04-24 22:09:33 Role position: 'Streamerka' changed from 16 to 15
2018-04-24 22:09:33 Role position: 'Raper/Raperka' changed from 17 to 16
2018-04-24 22:09:33 Role position: 'POKEMON' changed from 18 to 17
2018-04-24 22:09:33 Role position: 'Pegasus4Gaming rezerwa' changed from 19 to 18
2018-04-24 22:09:33 Role position: 'Pegasus4Gaming Academy' changed from 20 to 19
2018-04-24 22:09:33 Role position: 'Pegasus4Gaming' changed from 21 to 20
2018-04-24 22:09:33 Role position: 'Rythm' changed from 22 to 21
2018-04-24 22:09:33 Role position: 'Guilded' changed from 23 to 22
2018-04-24 22:09:33 Role position: 'Ghostplay R2' changed from 24 to 23
2018-04-24 22:09:33 Role position: 'MEE6' changed from 25 to 24
2018-04-24 22:09:33 Role position: 'Synapse' changed from 26 to 25
2018-04-24 22:09:33 Role position: 'DJ' changed from 27 to 26
2018-04-24 22:09:33 Role position: 'Użytkownik tygodnia' changed from 28 to 27
2018-04-24 22:09:33 Role position: 'Very Important Person (V.I.P)' changed from 29 to 28
2018-04-24 22:09:33 Role position: 'BOT' changed from 30 to 29
2018-04-24 22:09:33 Role position: 'zablokowany' changed from 31 to 30
2018-04-24 22:09:33 Role position: 'Moderator' changed from 32 to 31
2018-04-24 22:09:33 Role position: 'Admin' changed from 33 to 32
2018-04-24 22:09:33 Role position: 'Właściciel' changed from 34 to 33
2018-04-24 22:09:33 Role permissions: 'new role' changed from 70507585 to 70769729
2018-04-24 22:09:33 Role position: 'new role' changed from 1 to 34
2018-04-24 22:09:33 Role renamed: 'new role' to 'GP-bot'
2018-04-24 22:09:33 Role permissions: 'new role' changed from 70769729 to 2146958591
2018-04-24 22:09:37 Member role add: 'GP-bot' role was added to @Ghostplay R2#1298
2018-04-24 22:10:49 Member role add: 'Właściciel' role was added to @AndeL#3272
2018-04-24 22:11:35 Role mentionable: 'Ghostplay R2' is now mentionable
2018-04-24 22:11:35 Role hoist: 'Ghostplay R2' is now shown seperately
2018-04-24 22:11:35 Role permissions: 'Ghostplay R2' changed from 268520505 to 2113404159
2018-04-24 22:11:42 Member role remove: The 'BOT' role was removed from @Ghostplay R2#1298
2018-04-24 22:11:46 Member role remove: The 'Zarejestrowany' role was removed from @Ghostplay R2#1298
2018-04-24 22:12:49 Role renamed: 'Ghostplay R2' to 'GP-bot'
2018-04-24 22:12:49 Role created: 'new role' (id 438462346046996480)
2018-04-24 22:15:17 Role created: 'new role' (id 438462966321643533)
2018-04-24 22:15:45 Role position: 'new role' changed from 3 to 2
2018-04-24 22:15:45 Role position: 'new role' changed from 4 to 3
2018-04-24 22:15:45 Role position: 'new role' changed from 5 to 4
2018-04-24 22:15:46 Role position: 'new role' changed from 6 to 5
2018-04-24 22:15:46 Role position: 'przepustka na Andel i WajchA' changed from 7 to 6
2018-04-24 22:15:46 Role position: 'Przepustka do makegame' changed from 8 to 7
2018-04-24 22:15:46 Role position: 'Przepustka na kanał dodge' changed from 9 to 8
2018-04-24 22:15:46 Role position: 'przepustka na kanał andela' changed from 10 to 9
2018-04-24 22:15:46 Role position: 'Mężczyzna' changed from 11 to 10
2018-04-24 22:15:46 Role position: 'Kobieta' changed from 12 to 11
2018-04-24 22:15:46 Role position: 'Zarejestrowany' changed from 13 to 12
2018-04-24 22:15:46 Role position: 'YouTuber' changed from 14 to 13
2018-04-24 22:15:46 Role position: 'YouTuberka' changed from 15 to 14
2018-04-24 22:15:46 Role position: 'Streamer' changed from 16 to 15
2018-04-24 22:15:46 Role position: 'Streamerka' changed from 17 to 16
2018-04-24 22:15:46 Role position: 'Raper/Raperka' changed from 18 to 17
2018-04-24 22:15:46 Role position: 'POKEMON' changed from 19 to 18
2018-04-24 22:15:46 Role position: 'Pegasus4Gaming rezerwa' changed from 20 to 19
2018-04-24 22:15:46 Role position: 'Pegasus4Gaming Academy' changed from 21 to 20
2018-04-24 22:15:46 Role position: 'Pegasus4Gaming' changed from 22 to 21
2018-04-24 22:15:46 Role position: 'Rythm' changed from 23 to 22
2018-04-24 22:15:46 Role position: 'Guilded' changed from 24 to 23
2018-04-24 22:15:46 Role position: 'GP-bot' changed from 25 to 24
2018-04-24 22:15:46 Role position: 'MEE6' changed from 26 to 25
2018-04-24 22:15:46 Role position: 'Synapse' changed from 27 to 26
2018-04-24 22:15:46 Role position: 'DJ' changed from 28 to 27
2018-04-24 22:15:46 Role position: 'Użytkownik tygodnia' changed from 29 to 28
2018-04-24 22:15:46 Role position: 'Very Important Person (V.I.P)' changed from 30 to 29
2018-04-24 22:15:46 Role position: 'BOT' changed from 31 to 30
2018-04-24 22:15:46 Role position: 'zablokowany' changed from 32 to 31
2018-04-24 22:15:46 Role position: 'Moderator' changed from 33 to 32
2018-04-24 22:15:46 Role position: 'Admin' changed from 34 to 33
2018-04-24 22:15:46 Role position: 'Właściciel' changed from 35 to 34
2018-04-24 22:15:46 Role permissions: 'new role' changed from 70507585 to 70769729
2018-04-24 22:15:46 Role position: 'new role' changed from 1 to 35
2018-04-24 22:15:46 Role renamed: 'new role' to 'Owner'
2018-04-24 22:15:46 Role color: 'new role' changed from #000000 to #992d22
2018-04-24 22:15:46 Role mentionable: 'Owner' is now mentionable
2018-04-24 22:15:46 Role hoist: 'Owner' is now shown seperately
2018-04-24 22:15:46 Role permissions: 'new role' changed from 70769729 to 2146958591
2018-04-24 22:16:46 Role permissions: 'GP-bot' changed from 2113404159 to 2146958591
2018-04-24 22:18:35 Role deleted: 'new role' (id 438462346046996480)
2018-04-24 22:18:38 Role deleted: 'new role' (id 438460480420446209)
2018-04-24 22:18:40 Role deleted: 'new role' (id 438460479950684161)
2018-04-24 22:18:42 Role deleted: 'new role' (id 438460473696845834)
2018-04-24 22:18:44 Role deleted: 'new role' (id 438460481498251264)
2018-04-24 22:18:52 Role deleted: 'Owner' (id 438462966321643533)
2018-04-24 22:18:55 Member role remove: The 'GP-bot' role was removed from @Ghostplay R2#1298
2018-04-24 22:18:55 Role deleted: 'GP-bot' (id 438460482022539294)
2018-04-24 22:19:29 Member role add: 'BOT' role was added to @Ghostplay R2#1298
2018-04-24 22:19:35 Member role add: 'Zarejestrowany' role was added to @Ghostplay R2#1298
2018-04-24 22:25:45 Role position: 'przepustka na Andel i WajchA' changed from 2 to 1
2018-04-24 22:25:45 Role position: 'MEE6' changed from 20 to 19
2018-04-24 22:25:45 Role position: 'Synapse' changed from 21 to 20
2018-04-24 22:25:45 Role position: 'DJ' changed from 22 to 21
2018-04-24 22:25:45 Role position: 'Użytkownik tygodnia' changed from 23 to 22
2018-04-24 22:25:45 Role position: 'Very Important Person (V.I.P)' changed from 24 to 23
2018-04-24 22:25:45 Role position: 'BOT' changed from 25 to 24
2018-04-24 22:25:45 Role position: 'zablokowany' changed from 26 to 25
2018-04-24 22:25:45 Role position: 'Moderator' changed from 27 to 26
2018-04-24 22:25:45 Role position: 'GP-bot' changed from 19 to 27
2018-04-24 22:27:27 Member role remove: The 'BOT' role was removed from @Ghostplay R2#1298
2018-04-24 22:27:29 Member role remove: The 'Zarejestrowany' role was removed from @Ghostplay R2#1298
2018-04-24 22:27:34 Member role add: 'Zarejestrowany' role was added to @Ghostplay R2#1298
2018-04-24 22:27:40 Member role remove: The 'Zarejestrowany' role was removed from @Ghostplay R2#1298
2018-04-24 22:30:36 Member role add: 'BOT' role was added to @Rythm#3722
2018-04-24 22:30:36 Member role remove: The 'DJ' role was removed from @Rythm#3722
2018-04-24 22:30:50 Member role add: 'DJ' role was added to @Rythm#3722
2018-04-24 22:31:04 Member role remove: The 'BOT' role was removed from @Rythm#3722
2018-04-25 13:10:23 Member role add: 'BOT' role was added to @Ghostplay R2#1298
2018-04-25 13:10:37 Role position: 'GP-bot' changed from 27 to 20
2018-04-25 13:10:37 Role position: 'Synapse' changed from 20 to 21
2018-04-25 13:10:37 Role position: 'DJ' changed from 21 to 22
2018-04-25 13:10:37 Role position: 'Użytkownik tygodnia' changed from 22 to 23
2018-04-25 13:10:37 Role position: 'Very Important Person (V.I.P)' changed from 23 to 24
2018-04-25 13:10:37 Role position: 'BOT' changed from 24 to 25
2018-04-25 13:10:37 Role position: 'zablokowany' changed from 25 to 26
2018-04-25 13:10:37 Role position: 'Moderator' changed from 26 to 27
2018-04-25 13:10:55 Member role remove: The 'Właściciel' role was removed from @AndeL#3272
2018-04-25 13:11:19 Channel deleted: Pegasus4Gaming Biesiaduje
2018-04-26 15:47:30 Member role add: 'Pegasus4Gaming Academy' role was added to @$Supreme$#6139
2018-04-26 15:47:31 Member role add: 'Pegasus4Gaming rezerwa' role was added to @$Supreme$#6139
2018-04-26 15:47:31 Member role remove: The 'Pegasus4Gaming Academy' role was removed from @$Supreme$#6139
2018-04-26 15:47:32 Member role remove: The 'Pegasus4Gaming' role was removed from @$Supreme$#6139
2018-04-27 17:12:43 Member leave: @MardziN#8278 (id 328593738077306881)
2018-04-27 19:57:37 Member join: @BADI#3743 (id 396053114014400523)
2018-04-27 19:57:38 Member role add: 'Zarejestrowany' role was added to @BADI#3743
2018-04-27 20:29:05 Member role add: 'Pegasus4Gaming rezerwa' role was added to @polski_sniper#4213
2018-04-27 20:29:05 Member role remove: The 'Pegasus4Gaming' role was removed from @polski_sniper#4213
2018-04-27 20:29:05 Member role remove: The 'Pegasus4Gaming' role was removed from @polski_sniper#4213
2018-04-28 20:08:36 Member role add: 'Pegasus4Gaming' role was added to @Rythm#3722
2018-04-28 20:08:37 Member role add: 'Pegasus4Gaming Academy' role was added to @Rythm#3722
2018-04-28 20:26:17 Member role remove: The 'Admin' role was removed from @RedSiger#4337
2018-04-28 20:26:18 Member role remove: The 'Moderator' role was removed from @RedSiger#4337
2018-04-28 20:26:18 Member role remove: The 'Moderator' role was removed from @RedSiger#4337
2018-04-28 20:26:18 Member role remove: The 'Admin' role was removed from @RedSiger#4337
2018-04-28 20:26:18 Member role remove: The 'Moderator' role was removed from @RedSiger#4337
2018-04-28 20:26:18 Member role remove: The 'Pegasus4Gaming Academy' role was removed from @RedSiger#4337
2018-04-28 20:26:18 Member role remove: The 'Pegasus4Gaming' role was removed from @RedSiger#4337
2018-04-28 20:26:18 Member role remove: The 'Pegasus4Gaming Academy' role was removed from @RedSiger#4337
2018-04-28 20:26:18 Member role remove: The 'Właściciel' role was removed from @SharkiMONSTER#4455
2018-04-28 20:26:21 Member role add: 'Admin' role was added to @RedSiger#4337
2018-04-28 20:26:43 Member role remove: The 'Właściciel' role was removed from @AndeL#3272
2018-04-28 20:27:03 Member role add: 'Właściciel' role was added to @RedSiger#4337
2018-04-28 20:27:04 Member role remove: The 'Właściciel' role was removed from @RedSiger#4337
2018-04-28 20:27:04 Member role remove: The 'Admin' role was removed from @RedSiger#4337
2018-04-28 20:27:05 Member role add: 'Właściciel' role was added to @RedSiger#4337
2018-04-28 20:32:46 Member role add: 'Admin' role was added to @RedSiger#4337
2018-04-28 20:32:46 Member role remove: The 'Właściciel' role was removed from @RedSiger#4337
2018-04-28 20:32:46 Member role remove: The 'Admin' role was removed from @RedSiger#4337
