2018-04-20 18:56:06 #general @Synapse#0692: 
2018-04-20 18:56:50 #general @alouledz#8870: !help
2018-04-20 18:56:50 #general @Rythm#3722: ✅ **Check <https://rythmbot.co/features#list> for a list of commands**
2018-04-20 18:56:50 #general @FayssalBot#8233: 
2018-04-20 18:56:51 #general @FayssalBot#8233 edited message from 2018-04-20 18:56:50 () to read: 
2018-04-20 18:56:50 #general @UnbelievaBoat#1046: __**Command List**__\n<https://unbelievable.pizza/commands>\n\n__**Support Server**__\nhttps://discord.gg/YMJ2dGp\nAsk questions in the #support channel\n\n__**Upvote**__\nYou can show your support for UnbelievaBoat by upvoting it here:\n<https://discordbots.org/bot/unbelievable>\n\n__**Help Command**__\n`help [command or module]` - provides help for a command or lists all commands in a module\n`help modules` - lists all modules
2018-04-20 18:56:50 #general @MEE6#4876: 
2018-04-20 18:56:51 #general @MEE6#4876 edited message from 2018-04-20 18:56:50 () to read: 
2018-04-20 18:56:51 #general @Synapse#0692: Check your DM, @dictateur! I have sent something for you :wink:
2018-04-20 18:56:58 #general @Laiwn. ☕#0855: @dictateur
2018-04-20 18:56:58 #general @MEE6#4876: GG @Laiwn. ☕, you just advanced to **level 2** !
2018-04-20 18:57:03 #general @alouledz#8870: Oui
2018-04-20 18:57:12 #general @Laiwn. ☕#0855: Vien on se branle en cam
2018-04-20 18:57:33 #general @Laiwn. ☕#0855: si tu veux
2018-04-20 18:57:59 #general @alouledz#8870: Aller
2018-04-20 18:58:09 #general @Laiwn. ☕#0855: vasy drop une photo
2018-04-20 18:58:11 #general @Laiwn. ☕#0855: de ta bite
2018-04-20 18:58:13 #general @Laiwn. ☕#0855: pour voir
2018-04-20 19:00:09 #general @alouledz#8870: La tien d abord
2018-04-20 19:02:42 #general @Laiwn. ☕#0855: ok
