2018-04-30 10:47:34 #meeting @thegamerdrake10#7753: #meeting
2018-04-30 10:47:40 #meeting @AncilotPlayzYT#0787: K
2018-04-30 10:48:24 #meeting @thegamerdrake10#7753: Tell @​everyone
2018-04-30 10:48:35 #meeting @thegamerdrake10#7753: ``immediately``
2018-04-30 10:48:48 #meeting @curiosity#3279: ...?
2018-04-30 10:48:52 #meeting @Johan™#2147: sup y'all
2018-04-30 10:48:53 #meeting @thegamerdrake10#7753: Okay
2018-04-30 10:49:00 #meeting @thegamerdrake10#7753: We good
2018-04-30 10:49:03 #meeting @Johan™#2147: @​everyone
2018-04-30 10:49:13 #meeting @thegamerdrake10#7753: Alright
2018-04-30 10:49:25 #meeting @curiosity#3279: What's this about?
2018-04-30 10:49:25 #meeting @thegamerdrake10#7753: Starman is waiting in the sky
2018-04-30 10:49:26 #meeting @AncilotPlayzYT#0787: K
2018-04-30 10:49:34 #meeting @thegamerdrake10#7753: So we need to hurry
2018-04-30 10:49:34 #meeting @Johan™#2147: lol he's not
2018-04-30 10:49:41 #meeting @thegamerdrake10#7753: So
2018-04-30 10:49:45 #meeting @Johan™#2147: are gucci here?
2018-04-30 10:49:50 #meeting @thegamerdrake10#7753: Our meeting for today is
2018-04-30 10:49:52 #meeting @Johan™#2147 deleted message from 2018-04-30 10:49:45 (are gucci here?)
2018-04-30 10:49:58 #meeting @curiosity#3279: He's on inter planetary space
2018-04-30 10:50:05 #meeting @Johan™#2147: ~~ur mom gay~~
2018-04-30 10:50:06 #meeting @curiosity#3279 edited message from 2018-04-30 10:49:58 (He's on inter planetary space) to read: He's in inter planetary space
2018-04-30 10:50:07 #meeting @thegamerdrake10#7753: Bots|commands
2018-04-30 10:50:08 #meeting @Johan™#2147 deleted message from 2018-04-30 10:50:05 (~~ur mom gay~~)
2018-04-30 10:50:18 #meeting @curiosity#3279: Meh
2018-04-30 10:50:28 #meeting @thegamerdrake10#7753: Everyone is gotta be demoted
2018-04-30 10:50:44 #meeting @curiosity#3279: Lol I cant
2018-04-30 10:50:48 #meeting @thegamerdrake10#7753: Exept for @AncilotPlayzYT
2018-04-30 10:50:56 #meeting @AncilotPlayzYT#0787: Obviously
2018-04-30 10:51:00 #meeting @AncilotPlayzYT#0787: XD
2018-04-30 10:51:12 #meeting @thegamerdrake10#7753: Everyone is using commands
2018-04-30 10:51:40 #meeting @thegamerdrake10#7753: Everyone is banning members in the servet
2018-04-30 10:51:40 #meeting @curiosity#3279: So?
2018-04-30 10:51:47 #meeting @Johan™#2147: ur mom gay
2018-04-30 10:51:54 #meeting @curiosity#3279 deleted message from 2018-04-30 10:51:40 (So?)
2018-04-30 10:51:54 #meeting @Johan™#2147 deleted message from 2018-04-30 10:51:47 (ur mom gay)
2018-04-30 10:51:58 #meeting @AncilotPlayzYT#0787: Noone is Getting Banned
2018-04-30 10:52:01 #meeting @thegamerdrake10#7753: So we need to demote and maybe even make a new rule
2018-04-30 10:52:06 #meeting @AncilotPlayzYT#0787: Except for One
2018-04-30 10:52:10 #meeting @thegamerdrake10#7753: Who
2018-04-30 10:52:16 #meeting @AncilotPlayzYT#0787: Jhonrey
2018-04-30 10:52:25 #meeting @thegamerdrake10#7753: Hes got ban
2018-04-30 10:52:32 #meeting @thegamerdrake10#7753: Ge threat me irl
2018-04-30 10:52:55 #meeting @thegamerdrake10#7753: So @​everyone  listen up
2018-04-30 10:53:03 #meeting @Johan™#2147: k
2018-04-30 10:53:09 #meeting @thegamerdrake10#7753: We got voting to do
2018-04-30 10:53:16 #meeting @thegamerdrake10#7753: You choose
2018-04-30 10:53:21 #meeting @AncilotPlayzYT#0787: .
2018-04-30 10:53:22 #meeting @curiosity#3279: Dude just give mods the ability  no one els
2018-04-30 10:53:23 #meeting @thegamerdrake10#7753: Make a new rule
2018-04-30 10:53:24 #meeting @Johan™#2147: ....
2018-04-30 10:53:27 #meeting @Johan™#2147: um
2018-04-30 10:53:29 #meeting @curiosity#3279: It's that simple
2018-04-30 10:53:34 #meeting @thegamerdrake10#7753: Or just let it happen
2018-04-30 10:53:39 #meeting @Johan™#2147: till' you think of it
2018-04-30 10:53:39 #meeting @thegamerdrake10#7753: Or demote
2018-04-30 10:53:44 #meeting @Johan™#2147: demote?
2018-04-30 10:53:48 #meeting @Johan™#2147: whaz dat
2018-04-30 10:53:49 #meeting @thegamerdrake10#7753: 1
2018-04-30 10:54:02 #meeting @thegamerdrake10#7753: No questions asked
2018-04-30 10:54:16 #meeting @thegamerdrake10#7753: What
2018-04-30 10:54:33 #meeting @AncilotPlayzYT#0787: Just Let it Happen, We Can Just Ban Someone If They Do Something Against the Rules or When they Did Something Bad
2018-04-30 10:54:46 #meeting @thegamerdrake10#7753: Okay
2018-04-30 10:54:50 #meeting @Johan™#2147: Rule 11 if you're not in meeting..umh.....
2018-04-30 10:54:55 #meeting @thegamerdrake10#7753: 1 for lial
2018-04-30 10:55:05 #meeting @Johan™#2147: lial?
2018-04-30 10:55:12 #meeting @thegamerdrake10#7753: Let i all
2018-04-30 10:55:17 #meeting @thegamerdrake10#7753 deleted message from 2018-04-30 10:54:55 (1 for lial)
2018-04-30 10:55:17 #meeting @Johan™#2147: k
2018-04-30 10:55:30 #meeting @thegamerdrake10#7753: Oh
2018-04-30 10:55:36 #meeting @curiosity#3279: Bye
2018-04-30 10:55:40 #meeting @Johan™#2147: wot no
2018-04-30 10:55:42 #meeting @thegamerdrake10#7753: Y
2018-04-30 10:55:55 #meeting @thegamerdrake10#7753: Alright
2018-04-30 10:55:57 #meeting @curiosity#3279: School
2018-04-30 10:56:05 #meeting @thegamerdrake10#7753: I got a decision
2018-04-30 10:56:07 #meeting @thegamerdrake10#7753: ...
2018-04-30 10:56:09 #meeting @thegamerdrake10#7753: ...
2018-04-30 10:56:10 #meeting @thegamerdrake10#7753: ...
2018-04-30 10:56:12 #meeting @curiosity#3279: Oh rip
2018-04-30 10:56:12 #meeting @thegamerdrake10#7753: ...
2018-04-30 10:56:20 #meeting @thegamerdrake10#7753: Let it all out
2018-04-30 10:56:24 #meeting @thegamerdrake10#7753: Dissmissed
2018-04-30 12:52:20 #meeting @The Nieznany#2832: Who pinged me?
2018-04-30 13:26:37 #meeting @The Nieznany#2832 deleted message from 2018-04-30 12:52:20 (Who pinged me?)
2018-04-30 16:37:33 #meeting @The Nieznany#2832: @Slovak Gopnik
2018-04-30 20:31:04 #meeting @Petlemon#2617: MEET
2018-04-30 20:31:05 #meeting @Petlemon#2617: GREET
