2018-04-30 08:42:16 #Music Voice channel join: AncilotPlayzYT#0787 (id 419552017510563843), flags: self_mute
2018-04-30 08:42:36 #Music Voice channel join: Rythm#3722 (id 235088799074484224)
2018-04-30 08:42:45 #Music Voice channel join: Synapse#0692 (id 435538622293344266)
2018-04-30 08:42:57 #Music Voice channel leave: Synapse#0692 (id 435538622293344266) moving to General
2018-04-30 08:46:12 #Music Voice channel leave: AncilotPlayzYT#0787 (id 419552017510563843)
2018-04-30 08:46:33 #Music Voice channel leave: Rythm#3722 (id 235088799074484224)
2018-04-30 08:56:00 #Music Voice channel join: thegamerdrake10#7753 (id 395062779289272340), flags: self_mute
2018-04-30 08:56:35 #Music Voice channel join: Synapse#0692 (id 435538622293344266)
2018-04-30 08:56:39 #Music Voice channel join: Rythm#3722 (id 235088799074484224)
2018-04-30 08:59:39 #Music Voice channel leave: thegamerdrake10#7753 (id 395062779289272340)
2018-04-30 09:05:43 #Music Voice channel leave: Synapse#0692 (id 435538622293344266)
2018-04-30 09:06:33 #Music Voice channel leave: Rythm#3722 (id 235088799074484224)
2018-04-30 10:32:05 #Music Voice channel join: thegamerdrake10#7753 (id 395062779289272340), flags: self_mute
2018-04-30 10:32:24 #Music Voice channel join: Synapse#0692 (id 435538622293344266)
2018-04-30 10:32:24 #Music Voice channel join: Rythm#3722 (id 235088799074484224)
2018-04-30 10:40:17 #Music Voice channel leave: Synapse#0692 (id 435538622293344266)
2018-04-30 10:40:23 #Music Voice channel join: AncilotPlayzYT#0787 (id 419552017510563843), flags: self_mute
2018-04-30 10:41:56 #Music Voice channel leave: AncilotPlayzYT#0787 (id 419552017510563843)
2018-04-30 10:45:52 #Music Voice channel join: Synapse#0692 (id 435538622293344266)
2018-04-30 10:46:09 #Music Voice channel join: AncilotPlayzYT#0787 (id 419552017510563843), flags: self_mute
2018-04-30 10:46:25 #Music Voice channel leave: Synapse#0692 (id 435538622293344266) moving to General
2018-04-30 10:46:50 #Music Voice channel join: Synapse#0692 (id 435538622293344266)
2018-04-30 10:48:36 #Music Voice channel leave: Synapse#0692 (id 435538622293344266) moving to afk
2018-04-30 10:56:33 #Music Voice channel leave: Rythm#3722 (id 235088799074484224)
2018-04-30 10:56:36 #Music Voice channel join: Synapse#0692 (id 435538622293344266)
2018-04-30 10:56:36 #Music Voice channel join: Rythm#3722 (id 235088799074484224)
2018-04-30 11:02:19 #Music Voice channel leave: Synapse#0692 (id 435538622293344266)
2018-04-30 11:02:20 #Music Voice channel join: Synapse#0692 (id 435538622293344266)
2018-04-30 11:02:22 #Music Voice channel leave: AncilotPlayzYT#0787 (id 419552017510563843)
2018-04-30 11:02:34 #Music Voice channel join: AncilotPlayzYT#0787 (id 419552017510563843), flags: self_mute
2018-04-30 11:05:02 #Music Voice channel leave: AncilotPlayzYT#0787 (id 419552017510563843)
2018-04-30 11:05:07 #Music Voice channel leave: thegamerdrake10#7753 (id 395062779289272340)
2018-04-30 11:05:11 #Music Voice channel join: thegamerdrake10#7753 (id 395062779289272340), flags: self_mute
2018-04-30 11:05:19 #Music Voice channel leave: thegamerdrake10#7753 (id 395062779289272340)
2018-04-30 11:06:33 #Music Voice channel leave: Rythm#3722 (id 235088799074484224)
2018-04-30 11:08:19 #Music Voice channel join: thegamerdrake10#7753 (id 395062779289272340), flags: self_mute
2018-04-30 11:08:38 #Music Voice channel join: Rythm#3722 (id 235088799074484224)
2018-04-30 11:12:46 #Music Voice channel leave: thegamerdrake10#7753 (id 395062779289272340)
2018-04-30 11:16:33 #Music Voice channel leave: Rythm#3722 (id 235088799074484224)
2018-04-30 13:04:53 #Music Voice channel join: The Nieznany#2832 (id 400327945555673119), flags: self_mute
2018-04-30 13:04:55 #Music Server self-unmute: The Nieznany#2832 (id 400327945555673119)
2018-04-30 13:04:56 #Music Server self-mute: The Nieznany#2832 (id 400327945555673119)
2018-04-30 13:05:00 #Music Voice channel leave: The Nieznany#2832 (id 400327945555673119)
2018-04-30 14:41:53 #Music Voice channel join: AncilotPlayzYT#0787 (id 419552017510563843), flags: self_mute
2018-04-30 14:42:00 #Music Voice channel join: thegamerdrake10#7753 (id 395062779289272340), flags: self_mute
2018-04-30 14:42:02 #Music Server self-unmute: thegamerdrake10#7753 (id 395062779289272340)
2018-04-30 14:42:03 #Music Voice channel leave: Synapse#0692 (id 435538622293344266) moving to General
2018-04-30 14:42:07 #Music Server self-mute: thegamerdrake10#7753 (id 395062779289272340)
2018-04-30 14:42:16 #Music Voice channel join: Rythm#3722 (id 235088799074484224)
2018-04-30 14:42:23 #Music Voice channel join: Synapse#0692 (id 435538622293344266), moved from General
2018-04-30 14:42:50 #Music Voice channel leave: thegamerdrake10#7753 (id 395062779289272340)
2018-04-30 14:42:52 #Music Voice channel join: thegamerdrake10#7753 (id 395062779289272340), flags: self_mute
2018-04-30 14:42:54 #Music Server self-unmute: thegamerdrake10#7753 (id 395062779289272340)
2018-04-30 14:42:57 #Music Server self-mute: thegamerdrake10#7753 (id 395062779289272340)
2018-04-30 14:42:59 #Music Server self-unmute: thegamerdrake10#7753 (id 395062779289272340)
2018-04-30 14:42:59 #Music Server self-mute: thegamerdrake10#7753 (id 395062779289272340)
2018-04-30 14:43:01 #Music Server self-unmute: thegamerdrake10#7753 (id 395062779289272340)
2018-04-30 14:43:03 #Music Server self-mute: thegamerdrake10#7753 (id 395062779289272340)
2018-04-30 14:43:17 #Music Voice channel leave: Synapse#0692 (id 435538622293344266) moving to General
2018-04-30 14:45:06 #Music Voice channel leave: AncilotPlayzYT#0787 (id 419552017510563843)
2018-04-30 14:45:11 #Music Voice channel join: AncilotPlayzYT#0787 (id 419552017510563843), flags: self_mute
2018-04-30 14:45:36 #Music Voice channel leave: AncilotPlayzYT#0787 (id 419552017510563843)
2018-04-30 14:46:05 #Music Voice channel join: AncilotPlayzYT#0787 (id 419552017510563843), flags: self_mute
2018-04-30 14:46:49 #Music Voice channel join: Synapse#0692 (id 435538622293344266)
2018-04-30 14:48:17 #Music Voice channel leave: Synapse#0692 (id 435538622293344266) moving to General
2018-04-30 14:54:41 #Music Voice channel join: Synapse#0692 (id 435538622293344266)
2018-04-30 15:08:41 #Music Voice channel leave: thegamerdrake10#7753 (id 395062779289272340)
2018-04-30 15:13:33 #Music Voice channel leave: Synapse#0692 (id 435538622293344266) moving to General
2018-04-30 15:15:47 #Music Voice channel join: thegamerdrake10#7753 (id 395062779289272340), flags: self_mute
2018-04-30 15:28:01 #Music Voice channel join: Synapse#0692 (id 435538622293344266)
2018-04-30 15:53:53 #Music Voice channel leave: thegamerdrake10#7753 (id 395062779289272340)
2018-04-30 15:56:20 #Music Voice channel leave: AncilotPlayzYT#0787 (id 419552017510563843)
2018-04-30 15:56:33 #Music Voice channel leave: Rythm#3722 (id 235088799074484224)
2018-05-01 00:42:54 #Music Voice channel join: AncilotPlayzYT#0787 (id 419552017510563843), flags: self_mute
2018-05-01 00:43:22 #Music Voice channel join: Rythm#3722 (id 235088799074484224)
2018-05-01 00:43:22 #Music Voice channel join: Synapse#0692 (id 435538622293344266)
2018-05-01 00:43:29 #Music Voice channel leave: Synapse#0692 (id 435538622293344266) moving to General
2018-05-01 00:52:59 #Music Voice channel join: Synapse#0692 (id 435538622293344266)
2018-05-01 00:53:51 #Music Voice channel leave: Synapse#0692 (id 435538622293344266) moving to General
2018-05-01 00:57:17 #Music Voice channel join: ImCancer#1285 (id 357751371568513035)
2018-05-01 00:58:25 #Music Voice channel join: Synapse#0692 (id 435538622293344266), moved from General
2018-05-01 00:58:25 #Music Voice channel join: Synapse#0692 (id 435538622293344266)
2018-05-01 00:58:32 #Music Voice channel leave: Synapse#0692 (id 435538622293344266) moving to General
2018-05-01 00:58:36 #Music Server self-mute: ImCancer#1285 (id 357751371568513035)
2018-05-01 00:59:07 #Music Voice channel leave: ImCancer#1285 (id 357751371568513035)
2018-05-01 01:00:24 #Music Voice channel leave: AncilotPlayzYT#0787 (id 419552017510563843)
2018-05-01 01:00:26 #Music Voice channel join: AncilotPlayzYT#0787 (id 419552017510563843), flags: self_mute
2018-05-01 01:00:29 #Music Voice channel leave: AncilotPlayzYT#0787 (id 419552017510563843)
2018-05-01 01:00:33 #Music Voice channel join: AncilotPlayzYT#0787 (id 419552017510563843), flags: self_mute
2018-05-01 01:06:39 #Music Voice channel join: Synapse#0692 (id 435538622293344266)
2018-05-01 01:07:11 #Music Voice channel leave: Synapse#0692 (id 435538622293344266) moving to General
2018-05-01 01:08:20 #Music Voice channel join: Synapse#0692 (id 435538622293344266)
2018-05-01 01:08:32 #Music Voice channel join: KevIsKing#2538 (id 427948934988562433), flags: self_mute
2018-05-01 01:08:53 #Music Voice channel leave: Synapse#0692 (id 435538622293344266) moving to General
2018-05-01 01:09:06 #Music Voice channel join: ImCancer#1285 (id 357751371568513035), flags: self_mute
2018-05-01 01:12:09 #Music Server self-unmute: ImCancer#1285 (id 357751371568513035)
2018-05-01 01:12:47 #Music Server self-mute: ImCancer#1285 (id 357751371568513035)
2018-05-01 01:14:03 #Music Voice channel join: Synapse#0692 (id 435538622293344266)
2018-05-01 01:14:05 #Music Server self-unmute: ImCancer#1285 (id 357751371568513035)
2018-05-01 01:14:33 #Music Voice channel leave: Synapse#0692 (id 435538622293344266) moving to General
2018-05-01 01:14:43 #Music Voice channel join: Synapse#0692 (id 435538622293344266)
2018-05-01 01:14:48 #Music Voice channel leave: Synapse#0692 (id 435538622293344266) moving to General
2018-05-01 01:15:05 #Music Server self-mute: ImCancer#1285 (id 357751371568513035)
2018-05-01 01:16:09 #Music Voice channel join: Synapse#0692 (id 435538622293344266)
2018-05-01 01:16:18 #Music Voice channel leave: Synapse#0692 (id 435538622293344266) moving to General
2018-05-01 01:17:33 #Music Server self-unmute: ImCancer#1285 (id 357751371568513035)
2018-05-01 01:18:05 #Music Server self-mute: ImCancer#1285 (id 357751371568513035)
2018-05-01 01:18:21 #Music Server self-unmute: ImCancer#1285 (id 357751371568513035)
2018-05-01 01:19:52 #Music Server self-mute: ImCancer#1285 (id 357751371568513035)
2018-05-01 01:20:31 #Music Server self-unmute: ImCancer#1285 (id 357751371568513035)
2018-05-01 01:21:23 #Music Server self-mute: ImCancer#1285 (id 357751371568513035)
2018-05-01 01:22:31 #Music Voice channel join: Synapse#0692 (id 435538622293344266)
2018-05-01 01:22:33 #Music Server self-unmute: ImCancer#1285 (id 357751371568513035)
2018-05-01 01:22:35 #Music Server self-mute: ImCancer#1285 (id 357751371568513035)
2018-05-01 01:22:48 #Music Voice channel leave: Synapse#0692 (id 435538622293344266) moving to General
2018-05-01 01:23:21 #Music Voice channel join: Synapse#0692 (id 435538622293344266), moved from General
2018-05-01 01:23:21 #Music Voice channel join: Synapse#0692 (id 435538622293344266)
2018-05-01 01:23:27 #Music Voice channel leave: Synapse#0692 (id 435538622293344266) moving to General
2018-05-01 01:24:15 #Music Voice channel leave: AncilotPlayzYT#0787 (id 419552017510563843)
2018-05-01 01:24:21 #Music Voice channel join: AncilotPlayzYT#0787 (id 419552017510563843), flags: self_mute
2018-05-01 01:25:51 #Music Server self-unmute: ImCancer#1285 (id 357751371568513035)
2018-05-01 01:31:20 #Music Voice channel join: Synapse#0692 (id 435538622293344266)
2018-05-01 01:31:37 #Music Voice channel leave: Synapse#0692 (id 435538622293344266) moving to General
2018-05-01 01:32:43 #Music Voice channel join: Synapse#0692 (id 435538622293344266)
2018-05-01 01:33:25 #Music Voice channel leave: Synapse#0692 (id 435538622293344266) moving to afk
2018-05-01 01:34:42 #Music Server deafen: AncilotPlayzYT#0787 (id 419552017510563843)
2018-05-01 01:34:54 #Music Server undeafen: AncilotPlayzYT#0787 (id 419552017510563843)
2018-05-01 01:35:19 #Music Server deafen: AncilotPlayzYT#0787 (id 419552017510563843)
2018-05-01 01:35:34 #Music Server undeafen: AncilotPlayzYT#0787 (id 419552017510563843)
2018-05-01 01:36:27 #Music Voice channel join: Synapse#0692 (id 435538622293344266)
2018-05-01 01:37:15 #Music Voice channel leave: Synapse#0692 (id 435538622293344266) moving to General
2018-05-01 01:39:33 #Music Voice channel leave: AncilotPlayzYT#0787 (id 419552017510563843)
2018-05-01 01:39:42 #Music Voice channel join: AncilotPlayzYT#0787 (id 419552017510563843), flags: self_mute
