2018-04-30 10:41:55 Member nickname: '@AncilotPlayzYT#0787' (id 419552017510563843) changed nickname from 'DJ Ancilot' to 'None'
2018-04-30 10:56:45 Channel created: votings
2018-04-30 12:23:59 Member join: @Magic 8 Bot#3240 (id 357678717301948416)
2018-04-30 12:23:59 Member role add: 'Magic 8 Ball' role was added to @Magic 8 Bot#3240
2018-04-30 12:23:59 Role created: 'Magic 8 Ball' (id 440488488794718218)
2018-04-30 12:23:59 Member role add: 'Magic 8 Ball' role was added to @Magic 8 Bot#3240
2018-04-30 13:52:25 Member leave: @Imcancer#1285 (id 357751371568513035)
2018-04-30 14:25:19 Member role add: 'Bots' role was added to @Magic 8 Bot#3240
2018-04-30 14:27:38 Role created: 'new role' (id 440519606017327104)
2018-04-30 14:27:49 Role color: 'new role' changed from #000000 to #277ecd
2018-04-30 14:27:53 Role renamed: 'new role' to 'Awesome bots'
2018-04-30 14:28:08 Member role add: 'Awesome bots' role was added to @Dyno#3861
2018-04-30 14:28:20 Member role add: 'Awesome bots' role was added to @Magic 8 Bot#3240
2018-04-30 14:28:27 Member role add: 'Awesome bots' role was added to @Rythm#3722
2018-04-30 14:28:37 Member role add: 'Awesome bots' role was added to @Synapse#0692
2018-04-30 14:28:51 Member role add: 'Awesome bots' role was added to @Ghostplay R2#1298
2018-04-30 14:28:59 Member role add: 'Bots' role was added to @jordan#1091
2018-04-30 14:29:01 Member role add: 'Awesome bots' role was added to @jordan#1091
2018-04-30 14:29:14 Member role add: 'Awesome bots' role was added to @MedalBot#1237
2018-04-30 14:29:21 Member role add: 'Engineer' role was added to @Randomnickname#0136
2018-04-30 14:29:23 Member role add: 'Member' role was added to @Randomnickname#0136
2018-04-30 23:01:59 Member join: @ImCancer#1285 (id 357751371568513035)
2018-05-01 00:50:08 Member role add: 'Manager' role was added to @ImCancer#1285
2018-05-01 00:58:51 Member role remove: The 'Epic' role was removed from @Dyno#3861
2018-05-01 01:04:55 Channel created: streams
2018-05-01 01:05:12 Channel deleted: streams
2018-05-01 01:05:23 Channel created: streams
2018-05-01 01:06:05 Channel created: announcements
2018-05-01 01:24:08 Member role remove: The 'Awesome bots' role was removed from @Dyno#3861
2018-05-01 01:24:08 Member role remove: The 'Awesome bots' role was removed from @Rythm#3722
2018-05-01 01:24:08 Member role remove: The 'Awesome bots' role was removed from @MedalBot#1237
2018-05-01 01:24:08 Member role remove: The 'Awesome bots' role was removed from @jordan#1091
2018-05-01 01:24:08 Member role remove: The 'Awesome bots' role was removed from @Magic 8 Bot#3240
2018-05-01 01:24:08 Member role remove: The 'Awesome bots' role was removed from @Synapse#0692
2018-05-01 01:24:08 Member role remove: The 'Awesome bots' role was removed from @Ghostplay R2#1298
2018-05-01 01:24:08 Role deleted: 'Awesome bots' (id 440519606017327104)
2018-05-01 01:27:54 Channel created: nintendo
2018-05-01 01:36:31 Member join: @Sir Meow#1814 (id 424739537172955138)
2018-05-01 01:41:04 this bot left the server
