2018-04-24 19:30:00 this bot joined the server
2018-04-24 19:30:00 Member role add: 'Synapse' role was added to @Synapse#0692
2018-04-24 19:31:43 Member role add: 'Bot' role was added to @Synapse#0692
2018-04-25 12:24:26 Role created: 'new role' (id 438676663807508490)
2018-04-25 12:24:41 Role color: 'new role' changed from #000000 to #e4b400
2018-04-25 12:24:47 Role hoist: 'new role' is now shown seperately
2018-04-25 12:24:47 Role mentionable: 'new role' is now mentionable
2018-04-25 12:24:53 Role mentionable: 'new role' is no longer mentionable
2018-04-25 12:25:01 Role permissions: 'new role' changed from 104324161 to 104324160
2018-04-25 12:25:12 Role permissions: 'new role' changed from 104324160 to 104322112
2018-04-25 12:25:21 Role permissions: 'new role' changed from 104322112 to 104318016
2018-04-25 12:25:25 Role permissions: 'new role' changed from 104318016 to 104301632
2018-04-25 12:25:25 Role permissions: 'new role' changed from 104301632 to 104268864
2018-04-25 12:25:28 Role permissions: 'new role' changed from 104268864 to 104137792
2018-04-25 12:25:39 Role permissions: 'new role' changed from 104137792 to 103089216
2018-04-25 12:25:39 Role permissions: 'new role' changed from 103089216 to 100992064
2018-04-25 12:25:54 Role permissions: 'new role' changed from 100992064 to 67437632
2018-04-25 12:25:54 Role renamed: 'new role' to 'stummgeschaltet'
2018-04-25 12:26:04 Role permissions: 'Synapse' changed from 8 to 262216
2018-04-25 12:26:04 Role position: 'Bot' changed from 2 to 3
2018-04-25 12:26:04 Role permissions: 'Tatsumaki' changed from 68608 to 330816
2018-04-25 12:26:04 Role position: 'Tatsumaki' changed from 2 to 4
2018-04-25 12:26:04 Role permissions: 'Rythm' changed from 8 to 262216
2018-04-25 12:26:04 Role position: 'Rythm' changed from 2 to 5
2018-04-25 12:26:04 Role position: 'new role' changed from 2 to 6
2018-04-25 12:26:04 Role position: 'Visitor' changed from 3 to 7
2018-04-25 12:26:04 Role position: 'OuterGalactic' changed from 4 to 8
2018-04-25 12:26:04 Role position: 'UnitedWarlords' changed from 5 to 9
2018-04-25 12:26:04 Role position: 'Captain' changed from 6 to 10
2018-04-25 12:26:04 Role position: 'General' changed from 7 to 11
2018-04-25 12:26:04 Role position: 'Lord High Admiral' changed from 8 to 12
2018-04-25 12:26:04 Role position: 'Oberster Anführer' changed from 9 to 13
2018-04-25 12:26:04 Role position: 'Imperialer Kriegsherr' changed from 10 to 14
2018-04-25 12:26:59 Channel overwrites: Musik (438416347102314497): role stummgeschaltet (438676663807508490) added with values 0, 871367697
2018-04-25 12:27:27 Channel overwrites: 2v2 Sprachkanal 2 (437541702790807562): role stummgeschaltet (438676663807508490) added with values 0, 871367697
2018-04-25 12:27:51 Channel overwrites: AFK (437491338984816652): role stummgeschaltet (438676663807508490) added with values 0, 871367697
2018-04-25 12:28:36 Channel overwrites: 2v2 Sprachkanal 1 (437365585060429834): role stummgeschaltet (438676663807508490) added with values 0, 871367697
2018-04-25 12:51:48 Role position: 'Oberster Anführer' changed from 13 to 12
2018-04-25 12:51:48 Role position: 'Imperialer Kriegsherr' changed from 14 to 13
2018-04-25 12:51:48 Role position: 'Lord High Admiral' changed from 12 to 14
2018-04-25 12:51:52 Role position: 'Lord High Admiral' changed from 14 to 10
2018-04-25 12:51:52 Role position: 'Captain' changed from 10 to 11
2018-04-25 12:51:52 Role position: 'General' changed from 11 to 12
2018-04-25 12:51:52 Role position: 'Oberster Anführer' changed from 12 to 13
2018-04-25 12:51:52 Role position: 'Imperialer Kriegsherr' changed from 13 to 14
2018-04-25 12:51:57 Role position: 'Captain' changed from 11 to 10
2018-04-25 12:51:57 Role position: 'General' changed from 12 to 11
2018-04-25 12:51:57 Role position: 'Oberster Anführer' changed from 13 to 12
2018-04-25 12:51:57 Role position: 'Lord High Admiral' changed from 10 to 13
2018-04-25 17:38:34 Role created: 'new role' (id 438755715822125056)
2018-04-25 17:38:50 Role color: 'new role' changed from #000000 to #5b2076
2018-04-25 17:38:56 Role hoist: 'new role' is now shown seperately
2018-04-25 17:38:57 Role mentionable: 'new role' is now mentionable
2018-04-25 17:39:10 Role permissions: 'new role' changed from 104324161 to 104324289
2018-04-25 17:39:22 Role permissions: 'new role' changed from 104324289 to 238542017
2018-04-25 17:39:23 Role permissions: 'new role' changed from 238542017 to 1312283841
2018-04-25 17:39:24 Role permissions: 'new role' changed from 1312283841 to 1849154753
2018-04-25 17:39:28 Role permissions: 'new role' changed from 1849154753 to 1853349057
2018-04-25 17:39:29 Role permissions: 'new role' changed from 1853349057 to 1861737665
2018-04-25 17:39:30 Role permissions: 'new role' changed from 1861737665 to 1878514881
2018-04-25 17:39:40 Role renamed: 'new role' to 'Captain Anwärter'
2018-04-25 17:39:53 Role position: 'Captain Anwärter' changed from 1 to 10
2018-04-25 17:39:58 Role color: 'Captain Anwärter' changed from #5b2076 to #195080
2018-04-25 17:40:15 Member role add: 'Captain Anwärter' role was added to @Abbalu#4117
2018-04-25 17:44:06 Channel rename: kantina renamed to cantina
2018-04-27 14:41:26 Member role add: 'stummgeschaltet' role was added to @Synapse#0692
2018-04-27 14:42:11 Member role remove: The 'stummgeschaltet' role was removed from @Synapse#0692
