2018-04-25 20:11:00 this bot joined the server
2018-04-25 20:11:01 Role created: 'Synapse' (id 438794079237570560)
2018-04-25 20:11:01 Member role add: 'Synapse' role was added to @Synapse#0692
2018-04-25 20:11:44 Member join: @Ghostplay R2#1298 (id 435829986772123658)
2018-04-25 20:11:44 Member role add: 'Ghostplay R2' role was added to @Ghostplay R2#1298
2018-04-25 20:11:44 Role created: 'Ghostplay R2' (id 438794258774884352)
2018-04-25 20:11:44 Member role add: 'Ghostplay R2' role was added to @Ghostplay R2#1298
2018-04-25 20:11:55 Role created: 'new role' (id 438794305986101248)
2018-04-25 20:12:02 Role color: 'new role' changed from #000000 to #277ecd
2018-04-25 20:12:07 Role renamed: 'new role' to 'BOTS'
2018-04-25 20:12:12 Role permissions: 'Synapse' changed from 8 to 262216
2018-04-25 20:12:12 Role position: 'Synapse' changed from 3 to 2
2018-04-25 20:12:12 Role position: 'BOTS' changed from 1 to 3
2018-04-25 20:12:13 Role created: 'new role' (id 438794382234222612)
2018-04-25 20:12:30 Role color: 'new role' changed from #000000 to #277ecd
2018-04-25 20:12:35 Role renamed: 'new role' to 'MulticolorBOT'
2018-04-25 20:12:40 Role position: 'MulticolorBOT' changed from 1 to 3
2018-04-25 20:12:44 Role hoist: 'BOTS' is now shown seperately
2018-04-25 20:12:46 Role hoist: 'OWNER' is now shown seperately
2018-04-25 20:12:47 Role mentionable: 'OWNER' is now mentionable
2018-04-25 20:12:58 Role position: 'BOTS' changed from 4 to 3
2018-04-25 20:12:58 Role position: 'OWNER' changed from 5 to 4
2018-04-25 20:12:58 Role position: 'MulticolorBOT' changed from 3 to 5
2018-04-25 20:13:02 Member role add: 'MulticolorBOT' role was added to @Ghostplay R2#1298
2018-04-25 20:13:06 Member role add: 'BOTS' role was added to @Ghostplay R2#1298
2018-04-25 20:13:09 Member role add: 'BOTS' role was added to @Synapse#0692
2018-04-25 20:14:51 Role color: 'OWNER' changed from #831f18 to #8a42a6
2018-04-25 20:15:05 Role color: 'OWNER' changed from #8a42a6 to #66ab9d
2018-04-25 20:15:19 Role color: 'OWNER' changed from #66ab9d to #2e6f3d
2018-04-25 20:15:32 Role color: 'OWNER' changed from #2e6f3d to #862f91
2018-04-25 20:15:49 Role color: 'OWNER' changed from #862f91 to #40b35e
2018-04-25 20:15:58 Role color: 'OWNER' changed from #40b35e to #66f208
2018-04-25 20:16:16 Role color: 'OWNER' changed from #66f208 to #9f66ba
2018-04-25 20:16:34 Role color: 'OWNER' changed from #9f66ba to #2da393
2018-04-25 20:16:53 Role color: 'OWNER' changed from #2da393 to #5551c1
2018-04-25 20:17:02 Role color: 'BOTS' changed from #277ecd to #a30f62
2018-04-25 20:17:20 Role color: 'OWNER' changed from #5551c1 to #1d1b72
2018-04-25 20:17:29 Role color: 'OWNER' changed from #1d1b72 to #413736
2018-04-25 20:17:38 Role color: 'BOTS' changed from #a30f62 to #81685f
2018-04-25 20:17:47 Role color: 'OWNER' changed from #413736 to #f5b019
2018-04-25 20:17:51 Role created: 'new role' (id 438795800353701978)
2018-04-25 20:18:02 Role created: 'new role' (id 438795846872727554)
2018-04-25 20:18:03 Role created: 'new role' (id 438795850358063117)
2018-04-25 20:18:04 Role hoist: 'new role' is now shown seperately
2018-04-25 20:18:04 Role position: 'new role' changed from 2 to 1
2018-04-25 20:18:05 Role color: 'OWNER' changed from #f5b019 to #da17a8
2018-04-25 20:18:05 Role position: 'OWNER' changed from 7 to 4
2018-04-25 20:18:10 Role renamed: 'new role' to 'ADMIN'
2018-04-25 20:18:13 Role color: 'BOTS' changed from #81685f to #5d6e61
2018-04-25 20:18:13 Role position: 'BOTS' changed from 6 to 3
2018-04-25 20:18:21 Member role remove: The 'OWNER' role was removed from @DuuhImJUANMA1717#1388
2018-04-25 20:18:22 Member role add: 'ADMIN' role was added to @DuuhImJUANMA1717#1388
2018-04-25 20:18:22 Member role add: 'OWNER' role was added to @DuuhImJUANMA1717#1388
2018-04-25 20:18:22 Role color: 'OWNER' changed from #da17a8 to #17ddf8
2018-04-25 20:18:31 Role color: 'OWNER' changed from #17ddf8 to #467a82
2018-04-25 20:18:40 Role color: 'BOTS' changed from #5d6e61 to #5866c9
2018-04-25 20:18:48 Member role remove: The 'OWNER' role was removed from @DuuhImJUANMA1717#1388
2018-04-25 20:18:49 Role color: 'OWNER' changed from #467a82 to #73d28b
2018-04-25 20:18:58 Role color: 'OWNER' changed from #73d28b to #6da2af
2018-04-25 20:19:07 Role color: 'ADMIN' changed from #000000 to #e9adc1
2018-04-25 20:19:16 Role color: 'BOTS' changed from #5866c9 to #c15433
2018-04-25 20:19:26 Role color: 'OWNER' changed from #6da2af to #3006c2
2018-04-25 20:19:35 Role color: 'OWNER' changed from #3006c2 to #886d62
2018-04-25 20:19:45 Role color: 'ADMIN' changed from #e9adc1 to #2b43b0
2018-04-25 20:19:54 Role color: 'BOTS' changed from #c15433 to #3d71b8
2018-04-25 20:20:03 Role color: 'OWNER' changed from #886d62 to #2e23cd
2018-04-25 20:20:12 Role color: 'OWNER' changed from #2e23cd to #c171eb
2018-04-25 20:20:20 Role color: 'ADMIN' changed from #2b43b0 to #843b03
2018-04-25 20:20:29 Role color: 'BOTS' changed from #3d71b8 to #f11977
2018-04-25 20:20:47 Role color: 'OWNER' changed from #c171eb to #41a8f6
2018-04-25 20:21:06 Role color: 'OWNER' changed from #41a8f6 to #c4387e
2018-04-25 20:21:15 Role color: 'ADMIN' changed from #843b03 to #4e19f9
2018-04-25 20:21:24 Role color: 'BOTS' changed from #f11977 to #9f4369
2018-04-25 20:21:42 Role color: 'OWNER' changed from #c4387e to #c4880c
2018-04-25 20:21:50 Role color: 'OWNER' changed from #c4880c to #14a81b
2018-04-25 20:22:07 Role color: 'ADMIN' changed from #4e19f9 to #d9e586
2018-04-25 20:22:25 Role color: 'BOTS' changed from #9f4369 to #4d2651
2018-04-25 20:22:35 Role color: 'OWNER' changed from #14a81b to #0f2fd7
2018-04-25 20:22:53 Role color: 'OWNER' changed from #0f2fd7 to #f892df
2018-04-25 20:23:02 Role color: 'ADMIN' changed from #d9e586 to #292baa
2018-04-25 20:23:11 Role color: 'BOTS' changed from #4d2651 to #9f216d
2018-04-25 20:23:20 Role color: 'OWNER' changed from #f892df to #7e4c4d
2018-04-25 20:23:29 Role color: 'OWNER' changed from #7e4c4d to #df6f5c
2018-04-25 20:23:38 Role color: 'ADMIN' changed from #292baa to #e8f9de
2018-04-25 20:23:55 Role color: 'BOTS' changed from #9f216d to #6cb569
2018-04-25 20:24:13 Role color: 'OWNER' changed from #df6f5c to #be4dd0
2018-04-25 20:24:21 Role color: 'OWNER' changed from #be4dd0 to #e5c18b
2018-04-25 20:24:30 Role color: 'ADMIN' changed from #e8f9de to #87287a
2018-04-25 20:24:39 Role color: 'BOTS' changed from #6cb569 to #187d28
2018-04-25 20:24:48 Role color: 'OWNER' changed from #e5c18b to #912388
2018-04-25 20:24:57 Role color: 'OWNER' changed from #912388 to #ba07a8
2018-04-25 20:25:15 Role color: 'ADMIN' changed from #87287a to #ee2788
2018-04-25 20:25:25 Role color: 'BOTS' changed from #187d28 to #729466
2018-04-25 20:25:53 Role color: 'OWNER' changed from #ba07a8 to #a2d829
2018-04-25 20:26:01 Role color: 'OWNER' changed from #a2d829 to #4e15c2
2018-04-25 20:26:10 Role color: 'ADMIN' changed from #ee2788 to #b49c57
2018-04-25 20:26:19 Role color: 'BOTS' changed from #729466 to #c9f8a9
2018-04-25 20:26:27 Role color: 'OWNER' changed from #4e15c2 to #ee99be
2018-04-25 20:26:36 Role color: 'OWNER' changed from #ee99be to #52a202
2018-04-25 20:26:45 Role color: 'ADMIN' changed from #b49c57 to #0a0810
2018-04-25 20:26:54 Role color: 'BOTS' changed from #c9f8a9 to #0334e1
2018-04-25 20:27:04 Role color: 'OWNER' changed from #52a202 to #77db5c
2018-04-25 20:27:12 Role color: 'OWNER' changed from #77db5c to #f1fcbe
2018-04-25 20:27:22 Role color: 'ADMIN' changed from #0a0810 to #bc9016
2018-04-25 20:27:31 Role color: 'BOTS' changed from #0334e1 to #2fa186
2018-04-25 20:27:40 Role color: 'OWNER' changed from #f1fcbe to #da920c
2018-04-25 20:27:49 Role color: 'OWNER' changed from #da920c to #90409a
2018-04-25 20:28:08 Role color: 'ADMIN' changed from #bc9016 to #b06965
2018-04-25 20:28:27 Role color: 'BOTS' changed from #2fa186 to #3ecf2e
2018-04-25 20:28:35 Role color: 'OWNER' changed from #90409a to #4ca813
2018-04-25 20:28:45 Role color: 'OWNER' changed from #4ca813 to #337de0
2018-04-25 20:28:54 Role color: 'ADMIN' changed from #b06965 to #2412cf
2018-04-25 20:29:03 Role color: 'BOTS' changed from #3ecf2e to #34cec3
2018-04-25 20:29:49 Role color: 'OWNER' changed from #337de0 to #8d38bd
2018-04-25 20:30:06 Role color: 'OWNER' changed from #8d38bd to #40ee8b
2018-04-25 20:30:15 Role color: 'ADMIN' changed from #2412cf to #1e625e
2018-04-25 20:30:32 Role color: 'BOTS' changed from #34cec3 to #f23036
2018-04-25 20:30:41 Role color: 'OWNER' changed from #40ee8b to #21bd9b
2018-04-25 20:31:19 Role color: 'OWNER' changed from #21bd9b to #5f6069
2018-04-25 20:31:38 Role color: 'ADMIN' changed from #1e625e to #f938b9
2018-04-25 20:31:55 Role color: 'BOTS' changed from #f23036 to #f20a20
2018-04-25 20:32:04 Role color: 'OWNER' changed from #5f6069 to #b23dc6
2018-04-25 20:32:13 Role color: 'OWNER' changed from #b23dc6 to #20effe
2018-04-25 20:32:30 Role color: 'ADMIN' changed from #f938b9 to #4fbd2f
2018-04-25 20:32:47 Role color: 'BOTS' changed from #f20a20 to #a4eae5
2018-04-25 20:32:56 Role color: 'OWNER' changed from #20effe to #61eb4b
2018-04-25 20:33:05 Role color: 'OWNER' changed from #61eb4b to #683c32
2018-04-25 20:33:14 Role color: 'ADMIN' changed from #4fbd2f to #64c43b
2018-04-25 20:33:23 Role color: 'BOTS' changed from #a4eae5 to #7cc851
2018-04-25 20:33:32 Role color: 'OWNER' changed from #683c32 to #1d040b
2018-04-25 20:33:52 Role color: 'OWNER' changed from #1d040b to #ffeb41
2018-04-25 20:34:01 Role color: 'ADMIN' changed from #64c43b to #01e3b0
2018-04-25 20:34:10 Role color: 'BOTS' changed from #7cc851 to #f77027
2018-04-25 20:34:27 Role color: 'OWNER' changed from #ffeb41 to #e0b5e7
2018-04-25 20:34:35 Role color: 'OWNER' changed from #e0b5e7 to #5d733f
2018-04-25 20:34:53 Role color: 'ADMIN' changed from #01e3b0 to #42f588
2018-04-25 20:35:30 Role color: 'BOTS' changed from #f77027 to #1f5a87
2018-04-25 20:35:56 Role color: 'OWNER' changed from #5d733f to #cd6970
2018-04-25 20:36:14 Role color: 'OWNER' changed from #cd6970 to #ddc5b3
2018-04-25 20:36:22 Role color: 'ADMIN' changed from #42f588 to #b300f5
2018-04-25 20:36:32 Role color: 'BOTS' changed from #1f5a87 to #65ace1
2018-04-25 20:36:50 Role color: 'OWNER' changed from #ddc5b3 to #064e3b
2018-04-25 20:36:59 Role color: 'OWNER' changed from #064e3b to #ebe7a4
2018-04-25 20:37:08 Role color: 'ADMIN' changed from #b300f5 to #083330
2018-04-25 20:37:17 Role color: 'BOTS' changed from #65ace1 to #f48201
2018-04-25 20:37:26 Role color: 'OWNER' changed from #ebe7a4 to #ffe8ed
2018-04-25 20:37:35 Role color: 'OWNER' changed from #ffe8ed to #160a14
2018-04-25 20:37:44 Role color: 'ADMIN' changed from #083330 to #cabea1
2018-04-25 20:37:53 Role color: 'BOTS' changed from #f48201 to #6e2553
2018-04-25 20:38:20 Role color: 'OWNER' changed from #160a14 to #0bc786
2018-04-25 20:38:29 Role color: 'OWNER' changed from #0bc786 to #ac4164
2018-04-25 20:38:46 Role color: 'ADMIN' changed from #cabea1 to #7d7d65
2018-04-25 20:38:55 Role color: 'BOTS' changed from #6e2553 to #174712
2018-04-25 20:39:05 Role color: 'OWNER' changed from #ac4164 to #57c43b
2018-04-25 20:39:14 Role color: 'OWNER' changed from #57c43b to #e6df39
2018-04-25 20:39:23 Role color: 'ADMIN' changed from #7d7d65 to #f81c09
2018-04-25 20:39:32 Role color: 'BOTS' changed from #174712 to #1a38f4
2018-04-25 20:39:41 Role color: 'OWNER' changed from #e6df39 to #95411a
2018-04-25 20:39:51 Role color: 'OWNER' changed from #95411a to #23c464
2018-04-25 20:40:08 Role color: 'ADMIN' changed from #f81c09 to #8f3e6f
2018-04-25 20:40:17 Role color: 'BOTS' changed from #1a38f4 to #b43065
2018-04-25 20:40:26 Role color: 'OWNER' changed from #23c464 to #aa431c
2018-04-25 20:40:44 Role color: 'OWNER' changed from #aa431c to #2eaaa8
2018-04-25 20:40:53 Role color: 'ADMIN' changed from #8f3e6f to #853283
2018-04-25 20:41:02 Role color: 'BOTS' changed from #b43065 to #8c9373
2018-04-25 20:41:11 Role color: 'OWNER' changed from #2eaaa8 to #d1f54e
2018-04-25 20:41:20 Role color: 'OWNER' changed from #d1f54e to #f54062
2018-04-25 20:41:29 Role color: 'ADMIN' changed from #853283 to #a9bd76
2018-04-25 20:41:38 Role color: 'BOTS' changed from #8c9373 to #b83b31
2018-04-25 20:41:48 Role color: 'OWNER' changed from #f54062 to #f7e121
2018-04-25 20:41:57 Role color: 'OWNER' changed from #f7e121 to #e10027
2018-04-25 20:42:00 this bot left the server
