2018-04-27 00:35:34 #computer-to-phone @Ｉ ＬＩＫＥ ＩＴ ＬＯＵＤ！#1393: H (attachment url(s): https://cdn.discordapp.com/attachments/417561871592194048/439223047799439371/unknown.png)
2018-04-27 00:35:38 #computer-to-phone @Ｉ ＬＩＫＥ ＩＴ ＬＯＵＤ！#1393 deleted message from 2018-04-27 00:35:34 (H)
2018-04-27 00:42:15 #computer-to-phone @Ｉ ＬＩＫＥ ＩＴ ＬＯＵＤ！#1393: Me\n  ○     <( http://Bye http://Thot. )\nく|)へ\n    〉                \n ￣￣┗┓           \n 　        ┗┓　     ヾ○ｼ     <<< Endeavour\n  　　       ┗┓   ヘ/ 　 　 \n 　                ┗┓ノ \n　 　 　   　    ┗┓
2018-04-27 00:42:33 #computer-to-phone @Ｉ ＬＩＫＥ ＩＴ ＬＯＵＤ！#1393: Me\n  ○     <( http://Bye http://Thot. )\nく|)へ\n    〉                \n ￣￣┗┓           \n 　        ┗┓　     ヾ🔥ｼ     <<< Endeavour\n  　　       ┗┓   ヘ/ 　 　 \n 　                ┗┓ノ \n　 　 　   　    ┗┓
2018-04-27 01:01:29 #computer-to-phone @Ｉ ＬＩＫＥ ＩＴ ＬＯＵＤ！#1393: <https://archiveofourown.org/works/12722298/chapters/29147985>
2018-04-27 01:12:48 #computer-to-phone @Ｉ ＬＩＫＥ ＩＴ ＬＯＵＤ！#1393: <https://archiveofourown.org/works/14446512>
2018-04-27 06:31:01 #computer-to-phone @Ｉ ＬＩＫＥ ＩＴ ＬＯＵＤ！#1393: <http://ww1.readheroacademia.com/manga/boku-no-hero-academia-chapter-181/>
2018-04-27 22:26:34 #computer-to-phone @Ｉ ＬＩＫＥ ＩＴ ＬＯＵＤ！#1393: <https://archiveofourown.org/works/13115907/chapters/30005961>
2018-04-28 07:26:25 #computer-to-phone @Ｉ ＬＩＫＥ ＩＴ ＬＯＵＤ！#1393: <https://archiveofourown.org/works/14021331/chapters/32291133>\n<https://archiveofourown.org/works/13851438/chapters/31859979>\n<https://archiveofourown.org/works/11380149/chapters/25480293>\n<>
2018-04-28 07:26:37 #computer-to-phone @Ｉ ＬＩＫＥ ＩＴ ＬＯＵＤ！#1393 edited message from 2018-04-28 07:26:25 (<https://archiveofourown.org/works/14021331/chapters/32291133>\n<https://archiveofourown.org/works/13851438/chapters/31859979>\n<https://archiveofourown.org/works/11380149/chapters/25480293>\n<>) to read: <https://archiveofourown.org/works/14021331/chapters/32291133>\n<https://archiveofourown.org/works/13851438/chapters/31859979>\n<https://archiveofourown.org/works/11380149/chapters/25480293>\n<https://archiveofourown.org/tags/%E5%83%95%E3%81%AE%E3%83%92%E3%83%BC%E3%83%AD%E3%83%BC%E3%82%A2%E3%82%AB%E3%83%87%E3%83%9F%E3%82%A2%20%7C%20Boku%20no%20Hero%20Academia%20%7C%20My%20Hero%20Academia/works?commit=Sort+and+Filter&page=2&utf8=%E2%9C%93&work_search%5Bcharacter_ids%5D%5B%5D=11910097&work_search%5Bcharacter_ids%5D%5B%5D=9866728&work_search%5Bcharacter_ids%5D%5B%5D=8689774&work_search%5Bcharacter_ids%5D%5B%5D=8863906&work_search%5Bcomplete%5D=0&work_search%5Blanguage_id%5D=&work_search%5Bother_tag_names%5D=&work_search%5Bquery%5D=&work_search%5Bsort_column%5D=revised_at>
2018-04-28 07:26:44 #computer-to-phone @Ｉ ＬＩＫＥ ＩＴ ＬＯＵＤ！#1393 edited message from 2018-04-28 07:26:25 (<https://archiveofourown.org/works/14021331/chapters/32291133>\n<https://archiveofourown.org/works/13851438/chapters/31859979>\n<https://archiveofourown.org/works/11380149/chapters/25480293>\n<https://archiveofourown.org/tags/%E5%83%95%E3%81%AE%E3%83%92%E3%83%BC%E3%83%AD%E3%83%BC%E3%82%A2%E3%82%AB%E3%83%87%E3%83%9F%E3%82%A2%20%7C%20Boku%20no%20Hero%20Academia%20%7C%20My%20Hero%20Academia/works?commit=Sort+and+Filter&page=2&utf8=%E2%9C%93&work_search%5Bcharacter_ids%5D%5B%5D=11910097&work_search%5Bcharacter_ids%5D%5B%5D=9866728&work_search%5Bcharacter_ids%5D%5B%5D=8689774&work_search%5Bcharacter_ids%5D%5B%5D=8863906&work_search%5Bcomplete%5D=0&work_search%5Blanguage_id%5D=&work_search%5Bother_tag_names%5D=&work_search%5Bquery%5D=&work_search%5Bsort_column%5D=revised_at>) to read: <https://archiveofourown.org/works/14021331/chapters/32291133>\n<https://archiveofourown.org/works/13851438/chapters/31859979>\n<https://archiveofourown.org/works/11380149/chapters/25480293>\n\n<https://archiveofourown.org/tags/%E5%83%95%E3%81%AE%E3%83%92%E3%83%BC%E3%83%AD%E3%83%BC%E3%82%A2%E3%82%AB%E3%83%87%E3%83%9F%E3%82%A2%20%7C%20Boku%20no%20Hero%20Academia%20%7C%20My%20Hero%20Academia/works?commit=Sort+and+Filter&page=2&utf8=%E2%9C%93&work_search%5Bcharacter_ids%5D%5B%5D=11910097&work_search%5Bcharacter_ids%5D%5B%5D=9866728&work_search%5Bcharacter_ids%5D%5B%5D=8689774&work_search%5Bcharacter_ids%5D%5B%5D=8863906&work_search%5Bcomplete%5D=0&work_search%5Blanguage_id%5D=&work_search%5Bother_tag_names%5D=&work_search%5Bquery%5D=&work_search%5Bsort_column%5D=revised_at>
2018-04-28 07:33:38 #computer-to-phone @Ｉ ＬＩＫＥ ＩＴ ＬＯＵＤ！#1393: <https://archiveofourown.org/works/13874067>
2018-04-28 07:34:22 #computer-to-phone @Ｉ ＬＩＫＥ ＩＴ ＬＯＵＤ！#1393: <https://archiveofourown.org/works/12510208>
2018-04-30 18:56:05 #computer-to-phone @Ｉ ＬＩＫＥ ＩＴ ＬＯＵＤ！#1393:  (attachment url(s): https://cdn.discordapp.com/attachments/417561871592194048/440587162149322797/20180430_145536.jpg)
2018-05-01 01:12:50 #computer-to-phone @Ｉ ＬＩＫＥ ＩＴ ＬＯＵＤ！#1393:  (attachment url(s): https://cdn.discordapp.com/attachments/417561871592194048/440681975091822612/unknown.png)
2018-05-01 01:13:47 #computer-to-phone @Ｉ ＬＩＫＥ ＩＴ ＬＯＵＤ！#1393:  (attachment url(s): https://cdn.discordapp.com/attachments/417561871592194048/440682216109113354/unknown.png)
2018-05-01 01:27:55 #computer-to-phone @Ｉ ＬＩＫＥ ＩＴ ＬＯＵＤ！#1393 deleted message from 2018-05-01 01:13:47 ()
2018-05-01 01:28:05 #computer-to-phone @Ｉ ＬＩＫＥ ＩＴ ＬＯＵＤ！#1393:  (attachment url(s): https://cdn.discordapp.com/attachments/417561871592194048/440685814553378827/mic_icon_1.png)
2018-05-01 01:28:19 #computer-to-phone @Ｉ ＬＩＫＥ ＩＴ ＬＯＵＤ！#1393 deleted message from 2018-05-01 01:28:05 ()
2018-05-01 07:35:22 #computer-to-phone @Ｉ ＬＩＫＥ ＩＴ ＬＯＵＤ！#1393: <https://archiveofourown.org/works/13218624/chapters/30236589> allerasermic / no man is an island\n<https://archiveofourown.org/works/14372709/chapters/33182616> erasermic / what fate takes\n<https://archiveofourown.org/works/14390859/chapters/33231690> erasermic / odd angles
2018-05-02 03:17:09 #computer-to-phone @Ｉ ＬＩＫＥ ＩＴ ＬＯＵＤ！#1393: ＹＥＡＨ！\nＹＥＡＡＨＨＨ！！
2018-05-02 03:17:34 #computer-to-phone @Ｉ ＬＩＫＥ ＩＴ ＬＯＵＤ！#1393 edited message from 2018-05-02 03:17:09 (ＹＥＡＨ！\nＹＥＡＡＨＨＨ！！) to read: ＹＥＡＨ！\nＹＥＡＡＨＨＨ！！
2018-05-02 03:17:33 #computer-to-phone @Ｉ ＬＩＫＥ ＩＴ ＬＯＵＤ！#1393: 
2018-05-02 03:17:38 #computer-to-phone @Ｉ ＬＩＫＥ ＩＴ ＬＯＵＤ！#1393 edited message from 2018-05-02 03:17:09 (ＹＥＡＨ！\nＹＥＡＡＨＨＨ！！) to read: ＹＥＡＨ！\nＹＥＡＡＨＨＨ！！
2018-05-02 03:21:44 #computer-to-phone @Ｉ ＬＩＫＥ ＩＴ ＬＯＵＤ！#1393 deleted message from 2018-05-02 03:17:33 ()
2018-05-02 03:22:12 #computer-to-phone @Ｉ ＬＩＫＥ ＩＴ ＬＯＵＤ！#1393: ʙɢᴍ! ʟɪᴠᴇ ᴄᴏᴍᴍᴇɴᴛᴀʀʏ! ᴡᴇ'ᴠᴇ ᴀᴛ ʟᴇᴀsᴛ ɢᴏᴛᴛᴀ ʜᴀᴠᴇ ᴛʜᴀᴛ ᴍᴜᴄʜ! ᴀɴ ᴇᴠᴇɴᴛ ᴡɪᴛʜᴏᴜᴛ ᴛʜᴏsᴇ ʜᴀs ɢᴏᴛ ɴᴏ sᴏᴜʟ!
2018-05-02 04:41:28 #computer-to-phone @Ｉ ＬＩＫＥ ＩＴ ＬＯＵＤ！#1393: <https://captainapplecream.tumblr.com/post/173461366367/songs-for-bnha-fics-that-ive-read>
2018-05-02 04:41:47 #computer-to-phone @Ｉ ＬＩＫＥ ＩＴ ＬＯＵＤ！#1393: <https://archiveofourown.org/works/14010210/chapters/32473110>
2018-05-02 09:49:03 #computer-to-phone @Ｉ ＬＩＫＥ ＩＴ ＬＯＵＤ！#1393:  (attachment url(s): https://cdn.discordapp.com/attachments/417561871592194048/441174274800222208/mic_icon_2b.png)
2018-05-02 09:49:05 #computer-to-phone @Ｉ ＬＩＫＥ ＩＴ ＬＯＵＤ！#1393:  (attachment url(s): https://cdn.discordapp.com/attachments/417561871592194048/441174280684699648/mic_icon_2c.png)
2018-05-02 09:49:06 #computer-to-phone @Ｉ ＬＩＫＥ ＩＴ ＬＯＵＤ！#1393:  (attachment url(s): https://cdn.discordapp.com/attachments/417561871592194048/441174284409372672/mic_icon_2d.png)
2018-05-02 10:06:22 #computer-to-phone @Ｉ ＬＩＫＥ ＩＴ ＬＯＵＤ！#1393: +shorten http://peach.cool/p/q-377B-Z6iiLijlj
2018-05-02 10:06:22 #computer-to-phone @Tatsumaki#8792: <:info:390511462361202688>  |  https://goo.gl/x8Zkp1
2018-05-02 10:06:24 #computer-to-phone @Ｉ ＬＩＫＥ ＩＴ ＬＯＵＤ！#1393 edited message from 2018-05-02 10:06:22 (+shorten http://peach.cool/p/q-377B-Z6iiLijlj) to read: +shorten http://peach.cool/p/q-377B-Z6iiLijlj
2018-05-02 10:06:24 #computer-to-phone @Tatsumaki#8792 edited message from 2018-05-02 10:06:22 (<:info:390511462361202688>  |  https://goo.gl/x8Zkp1) to read: <:info:390511462361202688>  |  https://goo.gl/x8Zkp1
2018-05-02 10:06:37 #computer-to-phone @Ｉ ＬＩＫＥ ＩＴ ＬＯＵＤ！#1393: <https://goo.gl/x8Zkp1>
2018-05-02 10:06:43 #computer-to-phone @Tatsumaki#8792 deleted message from 2018-05-02 10:06:22 (<:info:390511462361202688>  |  https://goo.gl/x8Zkp1)
2018-05-02 10:06:45 #computer-to-phone @Ｉ ＬＩＫＥ ＩＴ ＬＯＵＤ！#1393 deleted message from 2018-05-02 10:06:22 (+shorten http://peach.cool/p/q-377B-Z6iiLijlj)
2018-05-02 10:12:07 #computer-to-phone @Ｉ ＬＩＫＥ ＩＴ ＬＯＵＤ！#1393: +shorten <http://peach.cool/p/kNX5OlnaIfTeaums>
2018-05-02 10:12:21 #computer-to-phone @Ｉ ＬＩＫＥ ＩＴ ＬＯＵＤ！#1393 deleted message from 2018-05-02 10:12:07 (+shorten <http://peach.cool/p/kNX5OlnaIfTeaums>)
2018-05-02 10:12:22 #computer-to-phone @Ｉ ＬＩＫＥ ＩＴ ＬＯＵＤ！#1393: +shorten http://peach.cool/p/kNX5OlnaIfTeaums
2018-05-02 10:12:23 #computer-to-phone @Tatsumaki#8792: <:info:390511462361202688>  |  https://goo.gl/sc9XFU
2018-05-02 10:12:23 #computer-to-phone @Ｉ ＬＩＫＥ ＩＴ ＬＯＵＤ！#1393 edited message from 2018-05-02 10:12:22 (+shorten http://peach.cool/p/kNX5OlnaIfTeaums) to read: +shorten http://peach.cool/p/kNX5OlnaIfTeaums
2018-05-02 10:12:23 #computer-to-phone @Tatsumaki#8792 edited message from 2018-05-02 10:12:23 (<:info:390511462361202688>  |  https://goo.gl/sc9XFU) to read: <:info:390511462361202688>  |  https://goo.gl/sc9XFU
2018-05-02 10:12:28 #computer-to-phone @Ｉ ＬＩＫＥ ＩＴ ＬＯＵＤ！#1393: <https://goo.gl/sc9XFU>
2018-05-02 10:12:31 #computer-to-phone @Tatsumaki#8792 deleted message from 2018-05-02 10:12:23 (<:info:390511462361202688>  |  https://goo.gl/sc9XFU)
2018-05-02 10:12:32 #computer-to-phone @Ｉ ＬＩＫＥ ＩＴ ＬＯＵＤ！#1393 deleted message from 2018-05-02 10:12:22 (+shorten http://peach.cool/p/kNX5OlnaIfTeaums)
2018-05-02 10:12:36 #computer-to-phone @Ｉ ＬＩＫＥ ＩＴ ＬＯＵＤ！#1393 deleted message from 2018-05-02 10:06:37 (<https://goo.gl/x8Zkp1>)
