2018-04-26 18:22:05 this bot joined the server
2018-04-26 18:22:05 Role created: 'Synapse' (id 439129050510917644)
2018-04-26 18:22:05 Member role add: 'Synapse' role was added to @Synapse#0692
2018-04-26 18:25:58 Member nickname: '@Rythm#3722' (id 235088799074484224) changed nickname from 'None' to 'music boy'
2018-04-26 18:26:20 Member nickname: '@Synapse#0692' (id 435538622293344266) changed nickname from 'None' to 'what homeworld thinks of fusion'
2018-04-26 18:27:06 Role permissions: 'Rythm' changed from 8 to 262216
2018-04-26 18:27:06 Role position: 'hey bitch' changed from 2 to 3
2018-04-26 18:27:06 Role position: 'sou desu ne' changed from 3 to 4
2018-04-26 18:27:06 Role position: 'dicebot' changed from 4 to 5
2018-04-26 18:27:06 Role position: 'neesama' changed from 5 to 6
2018-04-26 18:27:06 Role position: 'scream' changed from 6 to 7
2018-04-26 18:27:06 Role position: 'ggggh' changed from 7 to 8
2018-04-26 18:27:06 Role position: 'airhorn' changed from 8 to 9
2018-04-26 18:27:06 Role position: 'neesan' changed from 9 to 10
2018-04-26 18:27:06 Role position: 'father' changed from 10 to 11
2018-04-26 18:27:06 Role position: 'ham' changed from 11 to 12
2018-04-26 18:27:06 Role position: 'ggez' changed from 12 to 13
2018-04-26 18:27:06 Role position: 'yike' changed from 13 to 14
2018-04-26 18:27:06 Role position: 'remu' changed from 14 to 15
2018-04-26 18:27:06 Role position: 'ghost' changed from 15 to 16
2018-04-26 18:27:06 Role position: 'fuck' changed from 16 to 17
2018-04-26 18:27:06 Role position: '--' changed from 17 to 18
2018-04-26 18:27:06 Role position: 'Sidehoe' changed from 18 to 19
2018-04-26 18:27:06 Role position: 'new role' changed from 19 to 20
2018-04-26 18:27:06 Role position: 'Little Pink Bitches' changed from 20 to 21
2018-04-26 18:27:06 Role position: '--' changed from 21 to 22
2018-04-26 18:27:06 Role position: 'Max' changed from 22 to 23
2018-04-26 18:27:06 Role position: 'Maxine 2' changed from 23 to 24
2018-04-26 18:27:06 Role position: 'Roland' changed from 24 to 25
2018-04-26 18:27:06 Role position: 'Maxwell' changed from 25 to 26
2018-04-26 18:27:06 Role position: 'Maxine' changed from 26 to 27
2018-04-26 18:27:06 Role position: 'Epsilon' changed from 27 to 28
2018-04-26 18:27:06 Role position: '--' changed from 28 to 29
2018-04-26 18:27:06 Role position: 'Oliver' changed from 29 to 30
2018-04-26 18:27:06 Role position: 'Michael' changed from 30 to 31
2018-04-26 18:27:06 Role position: 'Felix' changed from 31 to 32
2018-04-26 18:27:06 Role position: 'Aliens' changed from 32 to 33
2018-04-26 18:27:06 Role position: 'Kazimir Elias | Kameris Nephanthe' changed from 33 to 34
2018-04-26 18:27:06 Role position: 'Costume β' changed from 34 to 35
2018-04-26 18:27:06 Role position: 'Deku' changed from 35 to 36
2018-04-26 18:27:06 Role position: '--' changed from 36 to 37
2018-04-26 18:27:06 Role position: 'The Best' changed from 37 to 38
2018-04-26 18:27:06 Role position: 'Hacked: I'm Gay' changed from 38 to 39
2018-04-26 18:27:06 Role position: 'Ranked No.1 Hero !' changed from 39 to 40
2018-04-26 18:27:06 Role position: '--' changed from 40 to 41
2018-04-26 18:27:06 Role position: 'Probably Gay' changed from 41 to 42
2018-04-26 18:27:08 Role renamed: 'Synapse' to 'fusion'
2018-04-26 18:27:08 Role color: 'Synapse' changed from #000000 to #cfcf61
2018-04-26 18:27:08 Role renamed: 'Rythm' to 'the rhythm'
2018-04-26 18:27:08 Role color: 'Rythm' changed from #000000 to #af461b
2018-04-26 18:27:08 Role permissions: 'Rythm' changed from 262216 to 8
2018-05-01 06:40:32 Member join: @Zephyr#1395 (id 334404016341516288)
2018-05-01 06:40:32 Role created: 'Zephyr' (id 440764440640749579)
2018-05-01 06:40:32 Member role add: 'Zephyr' role was added to @Zephyr#1395
2018-05-01 06:40:32 Member role add: 'Zephyr' role was added to @Zephyr#1395
2018-05-01 07:36:01 Member nickname: '@Zephyr#1395' (id 334404016341516288) changed nickname from 'None' to 'not nsb'
