2018-04-20 01:18:02 this bot joined the server
2018-04-20 01:18:02 Role created: 'Synapse' (id 436697015540514818)
2018-04-20 01:18:02 Member role add: 'Synapse' role was added to @Synapse#0692
2018-04-20 01:18:02 Member role add: 'Furioso' role was added to @Synapse#0692
2018-04-20 01:23:53 Member join: @Ghostplay#4203 (id 422185708770557973)
2018-04-20 01:23:53 Member role add: 'Ghostplay' role was added to @Ghostplay#4203
2018-04-20 01:23:53 Role created: 'Ghostplay' (id 436698490559660032)
2018-04-20 01:23:53 Member role add: 'Ghostplay' role was added to @Ghostplay#4203
2018-04-20 01:23:56 Member role add: 'Furioso' role was added to @Ghostplay#4203
2018-04-20 01:25:38 Role permissions: 'Synapse' changed from 8 to 262216
2018-04-20 01:25:38 Role permissions: 'Nadeko' changed from 66186303 to 66448511
2018-04-20 01:25:38 Role position: 'Nadeko' changed from 3 to 4
2018-04-20 01:25:38 Role position: 'nadeko-mute' changed from 3 to 5
2018-04-20 01:25:38 Role position: 'Muted' changed from 3 to 6
2018-04-20 01:25:38 Role position: 'Rythm' changed from 4 to 7
2018-04-20 01:25:38 Role position: 'osu!bot' changed from 5 to 8
2018-04-20 01:25:38 Role position: 'Hypixel Bot' changed from 6 to 9
2018-04-20 01:25:38 Role position: 'Yggdrasil' changed from 7 to 10
2018-04-20 01:25:38 Role position: 'Fortnite Bot' changed from 8 to 11
2018-04-20 01:25:38 Role position: 'Dank Memer' changed from 9 to 12
2018-04-20 01:25:38 Role position: 'Gearz' changed from 11 to 13
2018-04-20 01:25:38 Role position: 'Dyno' changed from 12 to 14
2018-04-20 01:25:38 Role position: 'Mee6' changed from 13 to 15
2018-04-20 01:25:38 Role position: 'Autista Extremo' changed from 14 to 16
2018-04-20 01:25:38 Role position: 'Furioso' changed from 15 to 17
2018-04-20 01:25:38 Role position: 'miembros' changed from 16 to 18
2018-04-20 01:25:38 Role position: 'DJ' changed from 17 to 19
2018-04-20 01:25:38 Role position: 'Viral' changed from 18 to 20
2018-04-20 01:25:38 Role position: 'ViralMudo' changed from 19 to 21
2018-04-20 01:25:38 Role position: 'Bots' changed from 20 to 22
2018-04-20 01:25:38 Role position: 'Chica Super Poderosa' changed from 21 to 23
2018-04-20 01:25:38 Role position: 'StraXx' changed from 22 to 24
2018-04-20 01:25:38 Role position: 'mod' changed from 23 to 25
2018-04-20 01:25:38 Role position: 'admins' changed from 24 to 26
2018-04-20 01:25:38 Role position: 'creador' changed from 25 to 27
2018-04-20 01:25:39 Role renamed: 'Ghostplay' to 'GP-bot'
2018-04-20 01:25:39 Role mentionable: 'GP-bot' is now mentionable
2018-04-20 01:25:39 Role hoist: 'GP-bot' is now shown seperately
2018-04-20 01:25:39 Role permissions: 'Ghostplay' changed from 2080898295 to 2146958591
2018-04-20 01:28:27 Role created: 'new role' (id 436699641166168074)
2018-04-20 01:28:56 Role renamed: 'new role' to 'GP-bot'
2018-04-20 01:28:56 Role mentionable: 'GP-bot' is now mentionable
2018-04-20 01:28:56 Role hoist: 'GP-bot' is now shown seperately
2018-04-20 01:28:56 Role permissions: 'new role' changed from 37211200 to 2142764287
2018-04-20 01:29:02 Role position: 'GP-bot' changed from 2 to 1
2018-04-20 01:29:02 Role position: 'Synapse' changed from 3 to 2
2018-04-20 01:29:02 Role position: 'Rias' changed from 4 to 3
2018-04-20 01:29:02 Role position: 'Nadeko' changed from 5 to 4
2018-04-20 01:29:02 Role position: 'nadeko-mute' changed from 6 to 5
2018-04-20 01:29:02 Role position: 'Muted' changed from 7 to 6
2018-04-20 01:29:02 Role position: 'Rythm' changed from 8 to 7
2018-04-20 01:29:02 Role position: 'osu!bot' changed from 9 to 8
2018-04-20 01:29:02 Role position: 'Hypixel Bot' changed from 10 to 9
2018-04-20 01:29:02 Role position: 'Yggdrasil' changed from 11 to 10
2018-04-20 01:29:02 Role position: 'Fortnite Bot' changed from 12 to 11
2018-04-20 01:29:02 Role position: 'Dank Memer' changed from 13 to 12
2018-04-20 01:29:02 Role position: 'Gearz' changed from 14 to 13
2018-04-20 01:29:02 Role position: 'Dyno' changed from 15 to 14
2018-04-20 01:29:02 Role position: 'Mee6' changed from 16 to 15
2018-04-20 01:29:02 Role position: 'Autista Extremo' changed from 17 to 16
2018-04-20 01:29:02 Role position: 'Furioso' changed from 18 to 17
2018-04-20 01:29:02 Role position: 'miembros' changed from 19 to 18
2018-04-20 01:29:02 Role position: 'DJ' changed from 20 to 19
2018-04-20 01:29:02 Role position: 'Viral' changed from 21 to 20
2018-04-20 01:29:02 Role position: 'ViralMudo' changed from 22 to 21
2018-04-20 01:29:02 Role position: 'Bots' changed from 23 to 22
2018-04-20 01:29:02 Role position: 'Chica Super Poderosa' changed from 24 to 23
2018-04-20 01:29:02 Role position: 'StraXx' changed from 25 to 24
2018-04-20 01:29:02 Role position: 'mod' changed from 26 to 25
2018-04-20 01:29:02 Role position: 'admins' changed from 27 to 26
2018-04-20 01:29:02 Role position: 'GP-bot' changed from 1 to 27
2018-04-20 01:29:05 Role permissions: 'GP-bot' changed from 2142764287 to 2146958591
2018-04-20 01:29:12 Member role add: 'GP-bot' role was added to @Ghostplay#4203
2018-04-20 01:32:16 Member role add: 'GP-bot' role was added to @Joander123#3888
2018-04-20 01:32:17 Member role remove: The 'GP-bot' role was removed from @Joander123#3888
2018-04-20 01:32:18 Member role add: 'GP-bot' role was added to @Joander123#3888
2018-04-20 01:32:20 Member role remove: The 'GP-bot' role was removed from @Joander123#3888
2018-04-20 01:32:21 Member role remove: The 'StraXx' role was removed from @Joander123#3888
2018-04-20 01:32:22 Member role add: 'StraXx' role was added to @Joander123#3888
2018-04-20 01:32:27 Member role add: 'Viral' role was added to @Joander123#3888
2018-04-20 01:32:28 Member role remove: The 'Viral' role was removed from @Joander123#3888
2018-04-20 01:32:29 Member role add: 'Furioso' role was added to @Joander123#3888
2018-04-20 01:32:30 Member role add: 'Autista Extremo' role was added to @Joander123#3888
2018-04-20 01:34:09 Member role remove: The 'GP-bot' role was removed from @Ghostplay#4203
2018-04-20 01:34:10 Member role add: 'Bots' role was added to @Ghostplay#4203
2018-04-20 01:34:16 Member role remove: The 'Furioso' role was removed from @Ghostplay#4203
2018-04-20 01:34:33 Role position: 'GP-bot' changed from 27 to 10
2018-04-20 01:34:33 Role position: 'Yggdrasil' changed from 10 to 11
2018-04-20 01:34:33 Role position: 'Fortnite Bot' changed from 11 to 12
2018-04-20 01:34:33 Role position: 'Dank Memer' changed from 12 to 13
2018-04-20 01:34:33 Role position: 'Gearz' changed from 13 to 14
2018-04-20 01:34:33 Role position: 'Dyno' changed from 14 to 15
2018-04-20 01:34:33 Role position: 'Mee6' changed from 15 to 16
2018-04-20 01:34:33 Role position: 'Autista Extremo' changed from 16 to 17
2018-04-20 01:34:33 Role position: 'Furioso' changed from 17 to 18
2018-04-20 01:34:33 Role position: 'miembros' changed from 18 to 19
2018-04-20 01:34:33 Role position: 'DJ' changed from 19 to 20
2018-04-20 01:34:33 Role position: 'Viral' changed from 20 to 21
2018-04-20 01:34:33 Role position: 'ViralMudo' changed from 21 to 22
2018-04-20 01:34:33 Role position: 'Bots' changed from 22 to 23
2018-04-20 01:34:33 Role position: 'Chica Super Poderosa' changed from 23 to 24
2018-04-20 01:34:33 Role position: 'StraXx' changed from 24 to 25
2018-04-20 01:34:33 Role position: 'mod' changed from 25 to 26
2018-04-20 01:34:33 Role position: 'admins' changed from 26 to 27
2018-04-20 01:34:39 Role deleted: 'GP-bot' (id 436698490559660032)
2018-04-20 01:34:39 Member leave: @Ghostplay#4203 (id 422185708770557973)
2018-04-20 01:34:53 Role deleted: 'Fortnite Bot' (id 424772766991122453)
2018-04-20 01:34:53 Member leave: @Fortnite Bot#4244 (id 372957548451725322)
2018-04-20 01:35:08 Member role add: 'miembros' role was added to @Knight_Fieraa#8934
2018-04-20 01:35:17 Member role remove: The 'Furioso' role was removed from @Synapse#0692
2018-04-20 01:35:20 Member role add: 'Bots' role was added to @Synapse#0692
2018-04-20 01:35:21 Member role remove: The 'Bots' role was removed from @Synapse#0692
2018-04-20 01:35:22 Member role add: 'Bots' role was added to @Synapse#0692
2018-04-20 01:35:28 this bot left the server
