2018-05-01 09:40:39 #server @Synapse#0692: 
2018-05-01 09:40:53 #server @Inkling_Alpha#9131: !help
2018-05-01 09:40:55 #server @Synapse#0692: Check your DM, @Inkling_Alpha! I have sent something for you :wink:
2018-05-01 09:43:13 #server @Inkling_Alpha#9131: !multicolor
2018-05-01 09:44:07 #server @Inkling_Alpha#9131: .multicolor 1 rainbow
2018-05-01 09:44:16 #server @Inkling_Alpha#9131: .multichannel
2018-05-01 09:50:49 #server @Rainbow Colors#1912: 
2018-05-01 09:51:17 #server @Inkling_Alpha#9131: !rainbow rainbow
2018-05-01 09:51:32 #server @Inkling_Alpha#9131: c!rainbow rainbow
2018-05-01 09:51:32 #server @Rainbow Colors#1912: 
2018-05-01 09:51:32 #server @Rainbow Colors#1912 edited message from 2018-05-01 09:51:32 () to read: 
2018-05-01 09:52:07 #server @Inkling_Alpha#9131: c!rainbow rainbow
2018-05-01 09:52:08 #server @Rainbow Colors#1912: 
2018-05-01 09:52:08 #server @Rainbow Colors#1912 edited message from 2018-05-01 09:52:08 () to read: 
2018-05-01 09:52:37 #server @Inkling_Alpha#9131: c!help rainbow
2018-05-01 09:52:37 #server @Rainbow Colors#1912: 
2018-05-01 09:52:38 #server @Rainbow Colors#1912 edited message from 2018-05-01 09:52:37 () to read: 
2018-05-01 09:53:08 #server @Inkling_Alpha#9131: c!rainbow rainbow
2018-05-01 09:53:09 #server @Rainbow Colors#1912: 
2018-05-01 09:53:09 #server @Rainbow Colors#1912 edited message from 2018-05-01 09:53:09 () to read: 
2018-05-01 09:53:56 #server @Inkling_Alpha#9131: c1stats
2018-05-01 09:53:57 #server @Inkling_Alpha#9131: c!stats
2018-05-01 09:53:58 #server @Rainbow Colors#1912: 
2018-05-01 09:53:58 #server @Rainbow Colors#1912 edited message from 2018-05-01 09:53:58 () to read: 
2018-05-01 09:54:11 #server @Inkling_Alpha#9131: c!help
2018-05-01 09:54:20 #server @Inkling_Alpha#9131: c!rainbow
2018-05-01 09:54:27 #server @Inkling_Alpha#9131: c!ping
2018-05-01 09:56:40 #server @Ghostplay R2#1298: 
2018-05-01 09:57:01 #server @Inkling_Alpha#9131: c!ping
2018-05-01 09:57:21 #server @Inkling_Alpha#9131: c!rainbow rainbow
2018-05-01 10:11:52 #server @Inkling_Alpha#9131: c!rainbow rainbow
2018-05-01 10:11:52 #server @Rainbow Colors#1912: 
2018-05-01 10:11:52 #server @Rainbow Colors#1912 edited message from 2018-05-01 10:11:52 () to read: 
2018-05-01 10:12:03 #server @Inkling_Alpha#9131: c!ping
2018-05-01 10:12:03 #server @Rainbow Colors#1912: 
2018-05-01 10:12:04 #server @Rainbow Colors#1912 edited message from 2018-05-01 10:12:03 () to read: 
2018-05-01 10:12:40 #server @Inkling_Alpha#9131: c!rainbow owner
2018-05-01 10:12:40 #server @Rainbow Colors#1912: 
2018-05-01 10:12:40 #server @Rainbow Colors#1912 edited message from 2018-05-01 10:12:40 () to read: 
2018-05-01 10:12:58 #server @Inkling_Alpha#9131: c!help
2018-05-01 10:12:58 #server @Rainbow Colors#1912: 
2018-05-01 10:12:59 #server @Rainbow Colors#1912 edited message from 2018-05-01 10:12:58 () to read: 
2018-05-01 10:13:08 #server @Inkling_Alpha#9131: c!evel
2018-05-01 10:13:13 #server @Inkling_Alpha#9131: c!ping
2018-05-01 10:13:13 #server @Rainbow Colors#1912: 
2018-05-01 10:13:14 #server @Rainbow Colors#1912 edited message from 2018-05-01 10:13:13 () to read: 
2018-05-01 10:21:41 #server @Inkling_Alpha#9131: c!rainbow rainbow
2018-05-01 10:21:41 #server @Rainbow Colors#1912: 
2018-05-01 10:21:42 #server @Rainbow Colors#1912 edited message from 2018-05-01 10:21:41 () to read: 
2018-05-01 11:21:53 #server @Inkling_Alpha#9131: *help
2018-05-01 11:21:53 #server @Ghostplay R2#1298: Hey there, @Inkling_Alpha! I sent you the list of commands in a private message.\nCheck your direct messages
2018-05-01 11:22:19 #server @Inkling_Alpha#9131: *multicolor
2018-05-01 11:22:19 #server @Ghostplay R2#1298: That command is disabled.
2018-05-01 11:22:30 #server @Inkling_Alpha#9131: *multicolor
2018-05-01 11:22:30 #server @Ghostplay R2#1298: That command is disabled.
2018-05-01 11:23:49 #server @Inkling_Alpha#9131: *multicolor 0 owner
2018-05-01 11:23:50 #server @Ghostplay R2#1298: That command is disabled.
