2018-04-21 02:03:46 #music @Kenny#9485: !p skateboard p elijah who
2018-04-21 02:03:46 #music @Rythm#3722: <:youtube:335112740957978625> **Searching** 🔎 `skateboard p elijah who`
2018-04-21 02:03:47 #music @Rythm#3722: **Playing** 🎶 `elijah who - skateboard p` - Now!
2018-04-21 02:08:23 #music @Kenny#9485: !dc
2018-04-21 02:08:23 #music @Rythm#3722: 📭 **Successfully disconnected**
2018-04-21 02:33:44 #music @christine#4949: @Comm
2018-04-21 02:33:46 #music @christine#4949: @Comm
2018-04-21 02:33:49 #music @christine#4949: @Comm
2018-04-21 02:33:51 #music @christine#4949: @Comm
2018-04-21 02:33:54 #music @christine#4949: @Comm
2018-04-21 02:33:55 #music @christine#4949: let
2018-04-21 02:33:56 #music @christine#4949: me join
2018-04-21 02:34:02 #music @christine#4949: u in minecraft!11!!1
2018-04-21 02:34:06 #music @christine#4949: @Comm
2018-04-21 02:34:08 #music @christine#4949: @Comm
2018-04-21 02:52:33 #music @Comm#9858: No
2018-04-21 02:52:40 #music @Comm#9858: im playing wheat farmer for a video
2018-04-21 02:52:50 #music @Comm#9858: im addicted
2018-04-21 02:52:56 #music @Comm#9858: my friend is playing solitaire in the background
2018-04-21 02:52:58 #music @Comm#9858: its nice
2018-04-21 02:53:04 #music @Comm#9858: @yung t
2018-04-21 02:53:21 #music @christine#4949: HAHAHHAHA
2018-04-23 20:55:37 #music @Kenny#9485: !p skateboard p elijah who
2018-04-23 20:55:37 #music @Rythm#3722: <:youtube:335112740957978625> **Searching** 🔎 `skateboard p elijah who`
2018-04-23 20:55:38 #music @Rythm#3722: **Playing** 🎶 `elijah who - skateboard p` - Now!
2018-04-23 20:59:06 #music @Kenny#9485: !p don't forget to feed your neopets
2018-04-23 20:59:06 #music @Rythm#3722: <:youtube:335112740957978625> **Searching** 🔎 `don't forget to feed your neopets`
2018-04-23 20:59:07 #music @Rythm#3722: 
2018-04-23 20:59:07 #music @Rythm#3722 edited message from 2018-04-23 20:59:07 () to read: 
2018-04-23 21:01:05 #music @Kenny#9485: !p rusty tyler the creator
2018-04-23 21:01:06 #music @Rythm#3722: <:youtube:335112740957978625> **Searching** 🔎 `rusty tyler the creator`
2018-04-23 21:01:06 #music @Rythm#3722: 
2018-04-23 21:01:06 #music @Rythm#3722 edited message from 2018-04-23 21:01:06 () to read: 
2018-04-23 21:08:10 #music @Kenny#9485: !dc
2018-04-23 21:08:10 #music @Rythm#3722: 📭 **Successfully disconnected**
2018-04-24 00:48:51 #music @Kenny#9485: !p 3005
2018-04-24 00:48:52 #music @Rythm#3722: <:youtube:335112740957978625> **Searching** 🔎 `3005`
2018-04-24 00:48:52 #music @Rythm#3722: **Playing** 🎶 `Childish Gambino - 3005` - Now!
2018-04-24 00:48:56 #music @Kenny#9485: !p smuckers
2018-04-24 00:48:56 #music @Rythm#3722: <:youtube:335112740957978625> **Searching** 🔎 `smuckers`
2018-04-24 00:48:57 #music @Rythm#3722: 
2018-04-24 00:48:57 #music @Rythm#3722 edited message from 2018-04-24 00:48:57 () to read: 
2018-04-24 00:49:55 #music @Kenny#9485: !p freaks and geeks
2018-04-24 00:49:56 #music @Rythm#3722: <:youtube:335112740957978625> **Searching** 🔎 `freaks and geeks`
2018-04-24 00:49:56 #music @Rythm#3722: 
2018-04-24 00:49:56 #music @Rythm#3722 edited message from 2018-04-24 00:49:56 () to read: 
2018-04-24 00:54:53 #music @Kenny#9485: !p colossus tyler the creator
2018-04-24 00:54:53 #music @Rythm#3722: <:youtube:335112740957978625> **Searching** 🔎 `colossus tyler the creator`
2018-04-24 00:54:54 #music @Rythm#3722: 
2018-04-24 00:54:54 #music @Rythm#3722 edited message from 2018-04-24 00:54:54 () to read: 
2018-04-24 00:57:12 #music @christine#4949: @fookey bookie NICK LIKES 3005 TOO ITS NOT A SHIT SONG FUCK U
2018-04-24 00:57:27 #music @Kenny#9485: What
2018-04-24 00:57:31 #music @Kenny#9485: I like gambino
2018-04-24 00:57:38 #music @Kenny#9485: Before he was popping
2018-04-24 00:57:40 #music @christine#4949: He thinks it’s shit
2018-04-24 00:57:41 #music @Karolis#0039: 3005 is decent
2018-04-24 00:57:54 #music @christine#4949: U thought
2018-04-24 00:57:55 #music @Kenny#9485: !p don't forget to feed your neo prts
2018-04-24 00:57:55 #music @Rythm#3722: <:youtube:335112740957978625> **Searching** 🔎 `don't forget to feed your neo prts`
2018-04-24 00:57:55 #music @Rythm#3722: 
2018-04-24 00:57:55 #music @Rythm#3722 edited message from 2018-04-24 00:57:55 () to read: 
2018-04-24 00:58:00 #music @Karolis#0039: its
2018-04-24 00:58:00 #music @Karolis#0039: a
2018-04-24 00:58:02 #music @Karolis#0039: solid
2018-04-24 00:58:02 #music @Karolis#0039: 3/10
2018-04-24 00:58:06 #music @christine#4949: Byr
2018-04-24 00:58:08 #music @Kenny#9485: Freaks and geeks
2018-04-24 00:58:09 #music @christine#4949: Bye
2018-04-24 00:58:11 #music @Kenny#9485: Is nice
2018-04-24 00:59:29 #music @christine#4949: The best lyric
2018-04-24 00:59:29 #music @christine#4949: Is
2018-04-24 00:59:32 #music @Karolis#0039: !p top 10 harem anime
2018-04-24 00:59:32 #music @Rythm#3722: ❌ **You have to be in a voice channel to use this command.**
2018-04-24 00:59:32 #music @Synapse#0692: ```\n!p\n\nPermissions manager\n\nCommands:\n  role    Role based permissions\n  channel Channel based permissions\n  reset   Resets ALL permissions on this server\n  unlock  Globally unlocks a command from being used by anyone but owner\n  lock    Globally locks a command from being used by anyone but owner\n  info    Gives current info about permissions on your server\n\nType !p command for more info on a command.\nYou can also type !p category for more info on a category.\n```
2018-04-24 00:59:38 #music @christine#4949: Richer than white people with black kids
2018-04-24 00:59:41 #music @christine#4949: That’s the bests line
2018-04-24 00:59:43 #music @christine#4949: EVER
2018-04-24 00:59:51 #music @Synapse#0692 deleted message from 2018-04-24 00:59:32 (```\n!p\n\nPermissions manager\n\nCommands:\n  role    Role based permissions\n  channel Channel based permissions\n  reset   Resets ALL permissions on this server\n  unlock  Globally unlocks a command from being used by anyone but owner\n  lock    Globally locks a command from being used by anyone but owner\n  info    Gives current info about permissions on your server\n\nType !p command for more info on a command.\nYou can also type !p category for more info on a category.\n```)
2018-04-24 00:59:57 #music @Karolis#0039: FIND SOME TIME
2018-04-24 01:00:01 #music @Karolis#0039: FIND SOME TIME TO DO SOMETHING
2018-04-24 01:00:02 #music @Karolis#0039: FIND SOME TIME
2018-04-24 01:00:05 #music @christine#4949: go away
2018-04-24 01:00:06 #music @Karolis#0039: FIND SOMETIME TO DO SOMETHING
2018-04-24 01:00:08 #music @Karolis#0039: FIND SOME TIME
2018-04-24 01:00:11 #music @Karolis#0039: stop being so mean to me
2018-04-24 01:01:33 #music @Kenny#9485: !p skateboard p elijah who
2018-04-24 01:01:33 #music @Rythm#3722: <:youtube:335112740957978625> **Searching** 🔎 `skateboard p elijah who`
2018-04-24 01:01:33 #music @Rythm#3722: 
2018-04-24 01:01:33 #music @Rythm#3722 edited message from 2018-04-24 01:01:33 () to read: 
2018-04-24 01:13:15 #music @Kenny#9485: !dc
2018-04-24 01:13:15 #music @Rythm#3722: 📭 **Successfully disconnected**
2018-04-25 02:28:23 #music @Comm#9858: !p aint got rhythym phineas and ferb
2018-04-25 02:28:23 #music @Rythm#3722: <:youtube:335112740957978625> **Searching** 🔎 `aint got rhythym phineas and ferb`
2018-04-25 02:28:23 #music @Synapse#0692: ```\n!p\n\nPermissions manager\n\nCommands:\n  channel Channel based permissions\n  info    Gives current info about permissions on your server\n  unlock  Globally unlocks a command from being used by anyone but owner\n  lock    Globally locks a command from being used by anyone but owner\n  reset   Resets ALL permissions on this server\n  role    Role based permissions\n\nType !p command for more info on a command.\nYou can also type !p category for more info on a category.\n```
2018-04-25 02:28:24 #music @Rythm#3722: **Playing** 🎶 `Phineas and Ferb - Ain't Got Rhythm` - Now!
2018-04-25 02:28:51 #music @christine#4949: BEST SONG
2018-04-25 02:29:07 #music @Comm#9858: !p a platypus is controlling me
2018-04-25 02:29:07 #music @Rythm#3722: <:youtube:335112740957978625> **Searching** 🔎 `a platypus is controlling me`
2018-04-25 02:29:07 #music @Synapse#0692: ```\n!p\n\nPermissions manager\n\nCommands:\n  channel Channel based permissions\n  info    Gives current info about permissions on your server\n  unlock  Globally unlocks a command from being used by anyone but owner\n  lock    Globally locks a command from being used by anyone but owner\n  reset   Resets ALL permissions on this server\n  role    Role based permissions\n\nType !p command for more info on a command.\nYou can also type !p category for more info on a category.\n```
2018-04-25 02:29:07 #music @Rythm#3722: 
2018-04-25 02:29:08 #music @Rythm#3722 edited message from 2018-04-25 02:29:07 () to read: 
2018-04-25 02:29:24 #music @Comm#9858: legit watched that episode today because i was bored af
2018-04-25 02:29:30 #music @christine#4949: honestly
2018-04-25 02:29:35 #music @christine#4949: the music for this show
2018-04-25 02:29:39 #music @christine#4949: was greAT
2018-04-25 02:29:49 #music @christine#4949: !p busted phineas and ferb
2018-04-25 02:29:49 #music @Rythm#3722: ❌ **You need to be in the same voice channel as Rythm to use this command**
2018-04-25 02:29:49 #music @Synapse#0692: ```\n!p\n\nPermissions manager\n\nCommands:\n  channel Channel based permissions\n  info    Gives current info about permissions on your server\n  unlock  Globally unlocks a command from being used by anyone but owner\n  lock    Globally locks a command from being used by anyone but owner\n  reset   Resets ALL permissions on this server\n  role    Role based permissions\n\nType !p command for more info on a command.\nYou can also type !p category for more info on a category.\n```
2018-04-25 02:31:10 #music @christine#4949: !p busted phineas and ferb
2018-04-25 02:31:11 #music @Rythm#3722: <:youtube:335112740957978625> **Searching** 🔎 `busted phineas and ferb`
2018-04-25 02:31:11 #music @Synapse#0692: ```\n!p\n\nPermissions manager\n\nCommands:\n  channel Channel based permissions\n  info    Gives current info about permissions on your server\n  unlock  Globally unlocks a command from being used by anyone but owner\n  lock    Globally locks a command from being used by anyone but owner\n  reset   Resets ALL permissions on this server\n  role    Role based permissions\n\nType !p command for more info on a command.\nYou can also type !p category for more info on a category.\n```
2018-04-25 02:31:11 #music @Rythm#3722: 
2018-04-25 02:31:11 #music @Rythm#3722 edited message from 2018-04-25 02:31:11 () to read: 
2018-04-25 02:31:16 #music @christine#4949: !p
2018-04-25 02:31:16 #music @Rythm#3722: ⏯ **Resuming** 👍
2018-04-25 02:31:16 #music @Synapse#0692: ```\n!p\n\nPermissions manager\n\nCommands:\n  channel Channel based permissions\n  info    Gives current info about permissions on your server\n  unlock  Globally unlocks a command from being used by anyone but owner\n  lock    Globally locks a command from being used by anyone but owner\n  reset   Resets ALL permissions on this server\n  role    Role based permissions\n\nType !p command for more info on a command.\nYou can also type !p category for more info on a category.\n```
2018-04-25 02:34:00 #music @Comm#9858: im the cool dad
2018-04-25 02:34:57 #music @christine#4949: im not a normal mom im a cool mom
2018-04-25 02:35:01 #music @christine#4949: - kylie jenner
2018-04-25 02:36:31 #music @Comm#9858: !p mr krabs plays a sad song on his tiny violin
2018-04-25 02:36:31 #music @Rythm#3722: <:youtube:335112740957978625> **Searching** 🔎 `mr krabs plays a sad song on his tiny violin`
2018-04-25 02:36:32 #music @Synapse#0692: ```\n!p\n\nPermissions manager\n\nCommands:\n  channel Channel based permissions\n  info    Gives current info about permissions on your server\n  unlock  Globally unlocks a command from being used by anyone but owner\n  lock    Globally locks a command from being used by anyone but owner\n  reset   Resets ALL permissions on this server\n  role    Role based permissions\n\nType !p command for more info on a command.\nYou can also type !p category for more info on a category.\n```
2018-04-25 02:36:32 #music @Rythm#3722: **Playing** 🎶 `Worlds Smallest Violin` - Now!
2018-04-25 02:37:19 #music @Comm#9858: !p HELP
2018-04-25 02:37:20 #music @Rythm#3722: <:youtube:335112740957978625> **Searching** 🔎 `HELP`
2018-04-25 02:37:20 #music @Synapse#0692: ```\n!p\n\nPermissions manager\n\nCommands:\n  channel Channel based permissions\n  info    Gives current info about permissions on your server\n  unlock  Globally unlocks a command from being used by anyone but owner\n  lock    Globally locks a command from being used by anyone but owner\n  reset   Resets ALL permissions on this server\n  role    Role based permissions\n\nType !p command for more info on a command.\nYou can also type !p category for more info on a category.\n```
2018-04-25 02:37:20 #music @Rythm#3722: **Playing** 🎶 `Papa Roach - HELP (Official Video)` - Now!
2018-04-25 02:37:25 #music @Comm#9858: !p skip
2018-04-25 02:37:25 #music @Rythm#3722: <:youtube:335112740957978625> **Searching** 🔎 `skip`
2018-04-25 02:37:25 #music @Synapse#0692: ```\n!p\n\nPermissions manager\n\nCommands:\n  channel Channel based permissions\n  info    Gives current info about permissions on your server\n  unlock  Globally unlocks a command from being used by anyone but owner\n  lock    Globally locks a command from being used by anyone but owner\n  reset   Resets ALL permissions on this server\n  role    Role based permissions\n\nType !p command for more info on a command.\nYou can also type !p category for more info on a category.\n```
2018-04-25 02:37:26 #music @Rythm#3722: 
2018-04-25 02:37:26 #music @Rythm#3722 edited message from 2018-04-25 02:37:26 () to read: 
2018-04-25 02:37:30 #music @Comm#9858: oops
2018-04-25 02:37:32 #music @Comm#9858: !skip
2018-04-25 02:37:32 #music @Synapse#0692: Can't skip if I'm not playing.
2018-04-25 02:37:32 #music @Rythm#3722: ⏩ ***Skipped*** 👍
2018-04-25 02:37:34 #music @Comm#9858: !skip
2018-04-25 02:37:34 #music @Synapse#0692: Can't skip if I'm not playing.
2018-04-25 02:37:34 #music @Rythm#3722: ⏩ ***Skipped*** 👍
2018-04-25 02:37:52 #music @Comm#9858: !p The friends intro: But i made it terrible
2018-04-25 02:37:52 #music @Rythm#3722: <:youtube:335112740957978625> **Searching** 🔎 `The friends intro: But i made it terrible`
2018-04-25 02:37:52 #music @Synapse#0692: ```\n!p\n\nPermissions manager\n\nCommands:\n  channel Channel based permissions\n  info    Gives current info about permissions on your server\n  unlock  Globally unlocks a command from being used by anyone but owner\n  lock    Globally locks a command from being used by anyone but owner\n  reset   Resets ALL permissions on this server\n  role    Role based permissions\n\nType !p command for more info on a command.\nYou can also type !p category for more info on a category.\n```
2018-04-25 02:37:53 #music @Rythm#3722: **Playing** 🎶 `I'VE GOT NO FRIENDS` - Now!
2018-04-25 02:38:04 #music @Comm#9858: good enough
2018-04-25 02:38:27 #music @Comm#9858: !skip
2018-04-25 02:38:27 #music @Rythm#3722: ⏩ ***Skipped*** 👍
2018-04-25 02:38:28 #music @Synapse#0692: Can't skip if I'm not playing.
2018-04-26 22:13:06 #music @Kenny#9485: !p skateboardp elijah who
2018-04-26 22:13:07 #music @Rythm#3722: <:youtube:335112740957978625> **Searching** 🔎 `skateboardp elijah who`
2018-04-26 22:13:07 #music @Rythm#3722: **Playing** 🎶 `elijah who - skateboard p` - Now!
2018-04-26 22:15:53 #music @christine#4949: BLING BLOAW
2018-04-26 22:16:22 #music @Kenny#9485: !p sweatpants
2018-04-26 22:16:22 #music @Rythm#3722: <:youtube:335112740957978625> **Searching** 🔎 `sweatpants`
2018-04-26 22:16:23 #music @Rythm#3722: 
2018-04-26 22:16:23 #music @Rythm#3722 edited message from 2018-04-26 22:16:23 () to read: 
2018-04-26 22:16:48 #music @christine#4949: !p gummy brockhampton
2018-04-26 22:16:49 #music @Rythm#3722: <:youtube:335112740957978625> **Searching** 🔎 `gummy brockhampton`
2018-04-26 22:16:49 #music @Rythm#3722: 
2018-04-26 22:16:50 #music @Rythm#3722 edited message from 2018-04-26 22:16:49 () to read: 
2018-04-26 22:16:50 #music @Synapse#0692: ```\n!p\n\nPermissions manager\n\nCommands:\n  channel Channel based permissions\n  info    Gives current info about permissions on your server\n  unlock  Globally unlocks a command from being used by anyone but owner\n  lock    Globally locks a command from being used by anyone but owner\n  reset   Resets ALL permissions on this server\n  role    Role based permissions\n\nType !p command for more info on a command.\nYou can also type !p category for more info on a category.\n```
2018-04-26 22:18:06 #music @Kenny#9485: !p nishimiya elijah who
2018-04-26 22:18:06 #music @Rythm#3722: <:youtube:335112740957978625> **Searching** 🔎 `nishimiya elijah who`
2018-04-26 22:18:06 #music @Rythm#3722: 
2018-04-26 22:18:07 #music @Rythm#3722 edited message from 2018-04-26 22:18:06 () to read: 
2018-04-26 22:18:54 #music @Ark#1363: koe no katachii
2018-04-26 22:19:36 #music @Kenny#9485: !s
2018-04-26 22:19:36 #music @Rythm#3722: ⏩ ***Skipped*** 👍
2018-04-26 22:19:37 #music @Tatsumaki#8792: 🆙  |  **Kenny leveled up!** (attachment url(s): https://cdn.discordapp.com/attachments/403355741853057035/439188831015796746/levelup.png)
2018-04-26 22:25:59 #music @Kenny#9485: !p howl and sophie
2018-04-26 22:25:59 #music @Rythm#3722: <:youtube:335112740957978625> **Searching** 🔎 `howl and sophie`
2018-04-26 22:26:00 #music @Rythm#3722: 
2018-04-26 22:26:00 #music @Rythm#3722 edited message from 2018-04-26 22:26:00 () to read: 
2018-04-26 22:26:32 #music @Kenny#9485: !s
2018-04-26 22:26:32 #music @Rythm#3722: ⏩ ***Skipped*** 👍
2018-04-26 22:26:55 #music @christine#4949: i need to watch that
2018-04-26 22:27:01 #music @Kenny#9485: Watch it then
2018-04-26 22:27:04 #music @Kenny#9485: Pretty good
2018-04-26 22:27:11 #music @Kenny#9485: !p soy latte elijah who
2018-04-26 22:27:12 #music @Rythm#3722: <:youtube:335112740957978625> **Searching** 🔎 `soy latte elijah who`
2018-04-26 22:27:12 #music @Rythm#3722: **Playing** 🎶 `elijah who - soy latte` - Now!
2018-04-26 22:29:24 #music @christine#4949: !p call it fate, call it karma
2018-04-26 22:29:24 #music @Rythm#3722: <:youtube:335112740957978625> **Searching** 🔎 `call it fate, call it karma`
2018-04-26 22:29:24 #music @Synapse#0692: ```\n!p\n\nPermissions manager\n\nCommands:\n  channel Channel based permissions\n  info    Gives current info about permissions on your server\n  unlock  Globally unlocks a command from being used by anyone but owner\n  lock    Globally locks a command from being used by anyone but owner\n  reset   Resets ALL permissions on this server\n  role    Role based permissions\n\nType !p command for more info on a command.\nYou can also type !p category for more info on a category.\n```
2018-04-26 22:29:25 #music @Rythm#3722: 
2018-04-26 22:29:25 #music @Rythm#3722 edited message from 2018-04-26 22:29:25 () to read: 
2018-04-26 22:30:00 #music @Kenny#9485: !p milk tea elijah who
2018-04-26 22:30:00 #music @Rythm#3722: <:youtube:335112740957978625> **Searching** 🔎 `milk tea elijah who`
2018-04-26 22:30:01 #music @Rythm#3722: 
2018-04-26 22:30:01 #music @Rythm#3722 edited message from 2018-04-26 22:30:01 () to read: 
2018-04-26 22:30:09 #music @christine#4949: MILK TEA IS RLLY GREAT
2018-04-26 22:30:15 #music @christine#4949: KAROLIS THINKS ITs WEIRD
2018-04-26 22:30:21 #music @christine#4949: @fookey bookie  YOURE WEIRD
2018-04-26 22:32:08 #music @Kenny#9485: What
2018-04-26 22:32:10 #music @Kenny#9485: The drink?
2018-04-26 22:32:25 #music @christine#4949: yes
2018-04-26 22:32:33 #music @christine#4949: this song is good yes or no
2018-04-26 22:32:34 #music @Kenny#9485: It's pretty good
2018-04-26 22:32:41 #music @Kenny#9485: It's not bad
2018-04-26 22:32:52 #music @christine#4949: im gonna get high to that song
2018-04-26 22:32:54 #music @christine#4949: bet
2018-04-26 22:32:56 #music @Kenny#9485: Woah
2018-04-26 22:33:01 #music @Kenny#9485: Smoking at a young age?
2018-04-26 22:33:06 #music @christine#4949: noimpure
2018-04-26 22:33:07 #music @Kenny#9485: Remain abstinent
2018-04-26 22:33:10 #music @Kenny#9485: !!
2018-04-26 22:35:06 #music @christine#4949: this dude the type to be on lofi hip hop music to study to
2018-04-26 22:35:14 #music @Kenny#9485: Actually
2018-04-26 22:35:17 #music @Kenny#9485: I do
2018-04-26 22:35:25 #music @christine#4949: same lmao
2018-04-26 22:36:18 #music @Kenny#9485: !p howl and sophie elijah who
2018-04-26 22:36:18 #music @Rythm#3722: <:youtube:335112740957978625> **Searching** 🔎 `howl and sophie elijah who`
2018-04-26 22:36:19 #music @Rythm#3722: **Playing** 🎶 `elijah who - howl and sophie` - Now!
2018-04-26 22:38:16 #music @Kenny#9485: !p affogato elijah who
2018-04-26 22:38:16 #music @Rythm#3722: <:youtube:335112740957978625> **Searching** 🔎 `affogato elijah who`
2018-04-26 22:38:17 #music @Rythm#3722: 
2018-04-26 22:38:18 #music @Rythm#3722 edited message from 2018-04-26 22:38:17 () to read: 
2018-04-26 22:40:57 #music @Kenny#9485: Gonna skidaddale
2018-04-26 22:40:59 #music @Kenny#9485: Later
2018-04-26 22:43:56 #music @Karolis#0039: @yung t haha milk tea
2018-04-26 22:43:59 #music @Karolis#0039: R u actually stupid
2018-04-26 23:23:54 #music @Karolis#0039: @​everyone I'm buying ear buds  anyone have any suggestions
2018-04-26 23:24:08 #music @Ark#1363: *throws samsung headphones*
2018-04-26 23:26:02 #music @Ark#1363: https://www.razer.com/licensed-and-team-peripherals/overwatch-razer-manowar-tournament-edition
2018-04-26 23:26:04 #music @Ark#1363 edited message from 2018-04-26 23:26:02 (https://www.razer.com/licensed-and-team-peripherals/overwatch-razer-manowar-tournament-edition) to read: https://www.razer.com/licensed-and-team-peripherals/overwatch-razer-manowar-tournament-edition
2018-04-26 23:26:47 #music @Karolis#0039: Nono I ear buds
2018-04-26 23:26:56 #music @Karolis#0039: My akgs aren't working anymore and I really liked sm
2018-04-26 23:26:56 #music @Karolis#0039: Em
2018-04-26 23:27:04 #music @Karolis#0039: But all online r fame
2018-04-26 23:27:07 #music @Karolis#0039: Fake
2018-04-26 23:27:29 #music @Ark#1363: o
2018-04-26 23:27:41 #music @Ark#1363: https://www.razer.com/gaming-audio/razer-hammerhead-bt
2018-04-26 23:27:42 #music @Ark#1363 edited message from 2018-04-26 23:27:41 (https://www.razer.com/gaming-audio/razer-hammerhead-bt) to read: https://www.razer.com/gaming-audio/razer-hammerhead-bt
2018-04-26 23:27:48 #music @Ark#1363: jk jk
2018-04-26 23:27:53 #music @Ark#1363: samsung headphones
2018-04-26 23:27:54 #music @Ark#1363: ftw
2018-04-26 23:29:07 #music @Ark#1363: https://www.amazon.com/Samsung-Headphones-Universal-SmartPhones-Packaging/dp/B00Y4S5608/ref=pd_sbs_107_6?_encoding=UTF8&pd_rd_i=B00Y4S55IQ&pd_rd_r=XHYZTP9Z2JX8QRDK98HW&pd_rd_w=CVNs4&pd_rd_wg=KNDc6&refRID=XHYZTP9Z2JX8QRDK98HW&th=1
2018-04-26 23:29:12 #music @Ark#1363: cheap!1
2018-04-26 23:33:29 #music @christine#4949: @fookey bookie apple air pods
2018-04-27 18:31:18 #music @Comm#9858: ^
2018-05-01 22:39:12 #music @Dot#9485: !p Japan
2018-05-01 22:39:12 #music @Rythm#3722: <:youtube:335112740957978625> **Searching** 🔎 `Japan`
2018-05-01 22:39:12 #music @Synapse#0692: ```\n!p\n\nPermissions manager\n\nCommands:\n  lock    Globally locks a command from being used by anyone but owner\n  role    Role based permissions\n  reset   Resets ALL permissions on this server\n  unlock  Globally unlocks a command from being used by anyone but owner\n  info    Gives current info about permissions on your server\n  channel Channel based permissions\n\nType !p command for more info on a command.\nYou can also type !p category for more info on a category.\n```
2018-05-01 22:39:13 #music @Rythm#3722: **Playing** 🎶 `Famous Dex - Japan (Prod. JGramm) [Official Lyric Video]` - Now!
2018-05-01 22:39:32 #music @Dot#9485: !dc
2018-05-01 22:39:32 #music @Rythm#3722: 📭 **Successfully disconnected**
2018-05-01 22:47:09 #music @Dot#9485: !p lift yourself
2018-05-01 22:47:09 #music @Synapse#0692: ```\n!p\n\nPermissions manager\n\nCommands:\n  lock    Globally locks a command from being used by anyone but owner\n  role    Role based permissions\n  reset   Resets ALL permissions on this server\n  unlock  Globally unlocks a command from being used by anyone but owner\n  info    Gives current info about permissions on your server\n  channel Channel based permissions\n\nType !p command for more info on a command.\nYou can also type !p category for more info on a category.\n```
2018-05-01 22:47:10 #music @Rythm#3722: <:youtube:335112740957978625> **Searching** 🔎 `lift yourself`
2018-05-01 22:47:10 #music @Rythm#3722: **Playing** 🎶 `Lift Yourself` - Now!
2018-05-01 22:47:18 #music @Dot#9485: !p japan
2018-05-01 22:47:18 #music @Synapse#0692: ```\n!p\n\nPermissions manager\n\nCommands:\n  lock    Globally locks a command from being used by anyone but owner\n  role    Role based permissions\n  reset   Resets ALL permissions on this server\n  unlock  Globally unlocks a command from being used by anyone but owner\n  info    Gives current info about permissions on your server\n  channel Channel based permissions\n\nType !p command for more info on a command.\nYou can also type !p category for more info on a category.\n```
2018-05-01 22:47:18 #music @Rythm#3722: <:youtube:335112740957978625> **Searching** 🔎 `japan`
2018-05-01 22:47:19 #music @Rythm#3722: 
2018-05-01 22:47:19 #music @Rythm#3722 edited message from 2018-05-01 22:47:19 () to read: 
2018-05-01 22:47:48 #music @Dot#9485: !p ah yea Oliver francis
2018-05-01 22:47:48 #music @Synapse#0692: ```\n!p\n\nPermissions manager\n\nCommands:\n  lock    Globally locks a command from being used by anyone but owner\n  role    Role based permissions\n  reset   Resets ALL permissions on this server\n  unlock  Globally unlocks a command from being used by anyone but owner\n  info    Gives current info about permissions on your server\n  channel Channel based permissions\n\nType !p command for more info on a command.\nYou can also type !p category for more info on a category.\n```
2018-05-01 22:47:48 #music @Rythm#3722: <:youtube:335112740957978625> **Searching** 🔎 `ah yea Oliver francis`
2018-05-01 22:47:49 #music @Rythm#3722: 
2018-05-01 22:47:49 #music @Rythm#3722 edited message from 2018-05-01 22:47:49 () to read: 
2018-05-01 22:48:06 #music @Dot#9485: !p Power Kanye West topic
2018-05-01 22:48:06 #music @Synapse#0692: ```\n!p\n\nPermissions manager\n\nCommands:\n  lock    Globally locks a command from being used by anyone but owner\n  role    Role based permissions\n  reset   Resets ALL permissions on this server\n  unlock  Globally unlocks a command from being used by anyone but owner\n  info    Gives current info about permissions on your server\n  channel Channel based permissions\n\nType !p command for more info on a command.\nYou can also type !p category for more info on a category.\n```
2018-05-01 22:48:06 #music @Rythm#3722: <:youtube:335112740957978625> **Searching** 🔎 `Power Kanye West topic`
2018-05-01 22:48:07 #music @Rythm#3722: 
2018-05-01 22:48:08 #music @Rythm#3722 edited message from 2018-05-01 22:48:07 () to read: 
2018-05-01 22:48:21 #music @Dot#9485: !p smuckers
2018-05-01 22:48:22 #music @Rythm#3722: <:youtube:335112740957978625> **Searching** 🔎 `smuckers`
2018-05-01 22:48:22 #music @Synapse#0692: ```\n!p\n\nPermissions manager\n\nCommands:\n  lock    Globally locks a command from being used by anyone but owner\n  role    Role based permissions\n  reset   Resets ALL permissions on this server\n  unlock  Globally unlocks a command from being used by anyone but owner\n  info    Gives current info about permissions on your server\n  channel Channel based permissions\n\nType !p command for more info on a command.\nYou can also type !p category for more info on a category.\n```
2018-05-01 22:48:22 #music @Rythm#3722: 
2018-05-01 22:48:23 #music @Rythm#3722 edited message from 2018-05-01 22:48:22 () to read: 
2018-05-01 22:48:44 #music @Dot#9485: !p all of the lights
2018-05-01 22:48:44 #music @Rythm#3722: <:youtube:335112740957978625> **Searching** 🔎 `all of the lights`
2018-05-01 22:48:44 #music @Synapse#0692: ```\n!p\n\nPermissions manager\n\nCommands:\n  lock    Globally locks a command from being used by anyone but owner\n  role    Role based permissions\n  reset   Resets ALL permissions on this server\n  unlock  Globally unlocks a command from being used by anyone but owner\n  info    Gives current info about permissions on your server\n  channel Channel based permissions\n\nType !p command for more info on a command.\nYou can also type !p category for more info on a category.\n```
2018-05-01 22:48:44 #music @Rythm#3722: 
2018-05-01 22:48:45 #music @Rythm#3722 edited message from 2018-05-01 22:48:44 () to read: 
2018-05-01 22:54:40 #music @Dot#9485: !p https://youtu.be/vonTikOkO60
2018-05-01 22:54:40 #music @Rythm#3722: <:youtube:335112740957978625> **Searching** 🔎 `https://youtu.be/vonTikOkO60`
2018-05-01 22:54:40 #music @Synapse#0692: ```\n!p\n\nPermissions manager\n\nCommands:\n  lock    Globally locks a command from being used by anyone but owner\n  role    Role based permissions\n  reset   Resets ALL permissions on this server\n  unlock  Globally unlocks a command from being used by anyone but owner\n  info    Gives current info about permissions on your server\n  channel Channel based permissions\n\nType !p command for more info on a command.\nYou can also type !p category for more info on a category.\n```
2018-05-01 22:54:40 #music @Rythm#3722: 
2018-05-01 22:54:40 #music @Rythm#3722 edited message from 2018-05-01 22:54:40 () to read: 
2018-05-01 22:54:40 #music @Dot#9485 edited message from 2018-05-01 22:54:40 (!p https://youtu.be/vonTikOkO60) to read: !p https://youtu.be/vonTikOkO60
2018-05-01 22:58:50 #music @Dot#9485: !p favorite song chance
2018-05-01 22:58:50 #music @Rythm#3722: <:youtube:335112740957978625> **Searching** 🔎 `favorite song chance`
2018-05-01 22:58:51 #music @Rythm#3722: 
2018-05-01 22:58:51 #music @Rythm#3722 edited message from 2018-05-01 22:58:51 () to read: 
2018-05-01 22:58:51 #music @Synapse#0692: ```\n!p\n\nPermissions manager\n\nCommands:\n  lock    Globally locks a command from being used by anyone but owner\n  role    Role based permissions\n  reset   Resets ALL permissions on this server\n  unlock  Globally unlocks a command from being used by anyone but owner\n  info    Gives current info about permissions on your server\n  channel Channel based permissions\n\nType !p command for more info on a command.\nYou can also type !p category for more info on a category.\n```
2018-05-01 22:59:07 #music @Dot#9485: !p chainsmokers chance the rapper
2018-05-01 22:59:07 #music @Synapse#0692: ```\n!p\n\nPermissions manager\n\nCommands:\n  lock    Globally locks a command from being used by anyone but owner\n  role    Role based permissions\n  reset   Resets ALL permissions on this server\n  unlock  Globally unlocks a command from being used by anyone but owner\n  info    Gives current info about permissions on your server\n  channel Channel based permissions\n\nType !p command for more info on a command.\nYou can also type !p category for more info on a category.\n```
2018-05-01 22:59:07 #music @Rythm#3722: <:youtube:335112740957978625> **Searching** 🔎 `chainsmokers chance the rapper`
2018-05-01 22:59:07 #music @Rythm#3722: 
2018-05-01 22:59:08 #music @Rythm#3722 edited message from 2018-05-01 22:59:07 () to read: 
2018-05-01 23:15:27 #music @i miss Avicii ;-;#1363: @my nigga baljeet  we gonna do some matches boii
2018-05-01 23:16:02 #music @Dot#9485: !p 3005
2018-05-01 23:16:02 #music @Rythm#3722: <:youtube:335112740957978625> **Searching** 🔎 `3005`
2018-05-01 23:16:02 #music @Synapse#0692: ```\n!p\n\nPermissions manager\n\nCommands:\n  lock    Globally locks a command from being used by anyone but owner\n  role    Role based permissions\n  reset   Resets ALL permissions on this server\n  unlock  Globally unlocks a command from being used by anyone but owner\n  info    Gives current info about permissions on your server\n  channel Channel based permissions\n\nType !p command for more info on a command.\nYou can also type !p category for more info on a category.\n```
2018-05-01 23:16:03 #music @Rythm#3722: 
2018-05-01 23:16:03 #music @Rythm#3722 edited message from 2018-05-01 23:16:03 () to read: 
2018-05-01 23:16:14 #music @Dot#9485: !p freaks n geeks
2018-05-01 23:16:14 #music @Synapse#0692: ```\n!p\n\nPermissions manager\n\nCommands:\n  lock    Globally locks a command from being used by anyone but owner\n  role    Role based permissions\n  reset   Resets ALL permissions on this server\n  unlock  Globally unlocks a command from being used by anyone but owner\n  info    Gives current info about permissions on your server\n  channel Channel based permissions\n\nType !p command for more info on a command.\nYou can also type !p category for more info on a category.\n```
2018-05-01 23:16:14 #music @Rythm#3722: <:youtube:335112740957978625> **Searching** 🔎 `freaks n geeks`
2018-05-01 23:16:15 #music @Rythm#3722: 
2018-05-01 23:16:15 #music @Rythm#3722 edited message from 2018-05-01 23:16:15 () to read: 
2018-05-01 23:19:36 #music @Dot#9485: !p lift yourself
2018-05-01 23:19:36 #music @Synapse#0692: ```\n!p\n\nPermissions manager\n\nCommands:\n  lock    Globally locks a command from being used by anyone but owner\n  role    Role based permissions\n  reset   Resets ALL permissions on this server\n  unlock  Globally unlocks a command from being used by anyone but owner\n  info    Gives current info about permissions on your server\n  channel Channel based permissions\n\nType !p command for more info on a command.\nYou can also type !p category for more info on a category.\n```
2018-05-01 23:19:36 #music @Rythm#3722: <:youtube:335112740957978625> **Searching** 🔎 `lift yourself`
2018-05-01 23:19:37 #music @Rythm#3722: 
2018-05-01 23:19:38 #music @Rythm#3722 edited message from 2018-05-01 23:19:37 () to read: 
2018-05-01 23:20:00 #music @Dot#9485: !p good morning kanye
2018-05-01 23:20:00 #music @Rythm#3722: <:youtube:335112740957978625> **Searching** 🔎 `good morning kanye`
2018-05-01 23:20:00 #music @Synapse#0692: ```\n!p\n\nPermissions manager\n\nCommands:\n  lock    Globally locks a command from being used by anyone but owner\n  role    Role based permissions\n  reset   Resets ALL permissions on this server\n  unlock  Globally unlocks a command from being used by anyone but owner\n  info    Gives current info about permissions on your server\n  channel Channel based permissions\n\nType !p command for more info on a command.\nYou can also type !p category for more info on a category.\n```
2018-05-01 23:20:02 #music @Rythm#3722: 
2018-05-01 23:20:02 #music @Rythm#3722 edited message from 2018-05-01 23:20:02 () to read: 
2018-05-01 23:36:48 #music @Dot#9485: !p Rusty tyler
2018-05-01 23:36:48 #music @Rythm#3722: <:youtube:335112740957978625> **Searching** 🔎 `Rusty tyler`
2018-05-01 23:36:49 #music @Rythm#3722: **Playing** 🎶 `Rusty (Feat. Domo Genesis, Earl Sweatshirt) - Tyler, The Creator` - Now!
2018-05-01 23:36:49 #music @Synapse#0692: ```\n!p\n\nPermissions manager\n\nCommands:\n  lock    Globally locks a command from being used by anyone but owner\n  role    Role based permissions\n  reset   Resets ALL permissions on this server\n  unlock  Globally unlocks a command from being used by anyone but owner\n  info    Gives current info about permissions on your server\n  channel Channel based permissions\n\nType !p command for more info on a command.\nYou can also type !p category for more info on a category.\n```
2018-05-01 23:36:53 #music @Dot#9485: !p 48
2018-05-01 23:36:53 #music @Rythm#3722: <:youtube:335112740957978625> **Searching** 🔎 `48`
2018-05-01 23:36:54 #music @Synapse#0692: ```\n!p\n\nPermissions manager\n\nCommands:\n  lock    Globally locks a command from being used by anyone but owner\n  role    Role based permissions\n  reset   Resets ALL permissions on this server\n  unlock  Globally unlocks a command from being used by anyone but owner\n  info    Gives current info about permissions on your server\n  channel Channel based permissions\n\nType !p command for more info on a command.\nYou can also type !p category for more info on a category.\n```
2018-05-01 23:36:54 #music @Rythm#3722: 
2018-05-01 23:36:54 #music @Rythm#3722 edited message from 2018-05-01 23:36:54 () to read: 
2018-05-01 23:37:06 #music @Dot#9485: !p nightmares tyler
2018-05-01 23:37:06 #music @Synapse#0692: ```\n!p\n\nPermissions manager\n\nCommands:\n  lock    Globally locks a command from being used by anyone but owner\n  role    Role based permissions\n  reset   Resets ALL permissions on this server\n  unlock  Globally unlocks a command from being used by anyone but owner\n  info    Gives current info about permissions on your server\n  channel Channel based permissions\n\nType !p command for more info on a command.\nYou can also type !p category for more info on a category.\n```
2018-05-01 23:37:06 #music @Rythm#3722: <:youtube:335112740957978625> **Searching** 🔎 `nightmares tyler`
2018-05-01 23:37:06 #music @Rythm#3722: 
2018-05-01 23:37:07 #music @Rythm#3722 edited message from 2018-05-01 23:37:06 () to read: 
2018-05-01 23:37:12 #music @Dot#9485: !p radicals tyler
2018-05-01 23:37:12 #music @Synapse#0692: ```\n!p\n\nPermissions manager\n\nCommands:\n  lock    Globally locks a command from being used by anyone but owner\n  role    Role based permissions\n  reset   Resets ALL permissions on this server\n  unlock  Globally unlocks a command from being used by anyone but owner\n  info    Gives current info about permissions on your server\n  channel Channel based permissions\n\nType !p command for more info on a command.\nYou can also type !p category for more info on a category.\n```
2018-05-01 23:37:12 #music @Rythm#3722: <:youtube:335112740957978625> **Searching** 🔎 `radicals tyler`
2018-05-01 23:37:13 #music @Rythm#3722: 
2018-05-01 23:37:13 #music @Rythm#3722 edited message from 2018-05-01 23:37:13 () to read: 
2018-05-01 23:41:07 #music @Dot#9485: !p who dat boy
2018-05-01 23:41:07 #music @Rythm#3722: <:youtube:335112740957978625> **Searching** 🔎 `who dat boy`
2018-05-01 23:41:07 #music @Synapse#0692: ```\n!p\n\nPermissions manager\n\nCommands:\n  lock    Globally locks a command from being used by anyone but owner\n  role    Role based permissions\n  reset   Resets ALL permissions on this server\n  unlock  Globally unlocks a command from being used by anyone but owner\n  info    Gives current info about permissions on your server\n  channel Channel based permissions\n\nType !p command for more info on a command.\nYou can also type !p category for more info on a category.\n```
2018-05-01 23:41:08 #music @Rythm#3722: 
2018-05-01 23:41:14 #music @Rythm#3722 edited message from 2018-05-01 23:41:08 () to read: 
2018-05-02 00:01:41 #music @Dot#9485: !p okra
2018-05-02 00:01:41 #music @Rythm#3722: <:youtube:335112740957978625> **Searching** 🔎 `okra`
2018-05-02 00:01:41 #music @Rythm#3722: 
2018-05-02 00:01:42 #music @Rythm#3722 edited message from 2018-05-02 00:01:41 () to read: 
2018-05-02 00:01:42 #music @Synapse#0692: ```\n!p\n\nPermissions manager\n\nCommands:\n  lock    Globally locks a command from being used by anyone but owner\n  role    Role based permissions\n  reset   Resets ALL permissions on this server\n  unlock  Globally unlocks a command from being used by anyone but owner\n  info    Gives current info about permissions on your server\n  channel Channel based permissions\n\nType !p command for more info on a command.\nYou can also type !p category for more info on a category.\n```
2018-05-02 00:01:42 #music @Dot#9485: !s
2018-05-02 00:01:43 #music @Rythm#3722: ⏩ ***Skipped*** 👍
2018-05-02 00:06:07 #music @Dot#9485: !dc
2018-05-02 00:06:07 #music @Rythm#3722: 📭 **Successfully disconnected**
2018-05-03 00:10:05 #music @Dot#9485: !p 6 foot 7 foot
2018-05-03 00:10:05 #music @Rythm#3722: <:youtube:335112740957978625> **Searching** 🔎 `6 foot 7 foot`
2018-05-03 00:10:06 #music @Rythm#3722: **Playing** 🎶 `Lil Wayne - 6 Foot 7 Foot (Explicit) ft. Cory Gunz` - Now!
2018-05-03 00:10:10 #music @Synapse#0692: ```\n!p\n\nPermissions manager\n\nCommands:\n  lock    Globally locks a command from being used by anyone but owner\n  role    Role based permissions\n  reset   Resets ALL permissions on this server\n  unlock  Globally unlocks a command from being used by anyone but owner\n  info    Gives current info about permissions on your server\n  channel Channel based permissions\n\nType !p command for more info on a command.\nYou can also type !p category for more info on a category.\n```
2018-05-03 00:11:15 #music @Dot#9485: !p sleeping powder
2018-05-03 00:11:15 #music @Rythm#3722: <:youtube:335112740957978625> **Searching** 🔎 `sleeping powder`
2018-05-03 00:11:16 #music @Rythm#3722: 
2018-05-03 00:11:16 #music @Rythm#3722 edited message from 2018-05-03 00:11:16 () to read: 
2018-05-03 00:11:16 #music @Synapse#0692: ```\n!p\n\nPermissions manager\n\nCommands:\n  lock    Globally locks a command from being used by anyone but owner\n  role    Role based permissions\n  reset   Resets ALL permissions on this server\n  unlock  Globally unlocks a command from being used by anyone but owner\n  info    Gives current info about permissions on your server\n  channel Channel based permissions\n\nType !p command for more info on a command.\nYou can also type !p category for more info on a category.\n```
2018-05-03 00:11:51 #music @Dot#9485: !p strobelight
2018-05-03 00:11:51 #music @Rythm#3722: <:youtube:335112740957978625> **Searching** 🔎 `strobelight`
2018-05-03 00:11:51 #music @Synapse#0692: ```\n!p\n\nPermissions manager\n\nCommands:\n  lock    Globally locks a command from being used by anyone but owner\n  role    Role based permissions\n  reset   Resets ALL permissions on this server\n  unlock  Globally unlocks a command from being used by anyone but owner\n  info    Gives current info about permissions on your server\n  channel Channel based permissions\n\nType !p command for more info on a command.\nYou can also type !p category for more info on a category.\n```
2018-05-03 00:11:52 #music @Rythm#3722: 
2018-05-03 00:11:52 #music @Rythm#3722 edited message from 2018-05-03 00:11:52 () to read: 
2018-05-03 00:12:56 #music @Dot#9485: !p power Kanye West topic
2018-05-03 00:12:56 #music @Rythm#3722: <:youtube:335112740957978625> **Searching** 🔎 `power Kanye West topic`
2018-05-03 00:12:56 #music @Synapse#0692: ```\n!p\n\nPermissions manager\n\nCommands:\n  lock    Globally locks a command from being used by anyone but owner\n  role    Role based permissions\n  reset   Resets ALL permissions on this server\n  unlock  Globally unlocks a command from being used by anyone but owner\n  info    Gives current info about permissions on your server\n  channel Channel based permissions\n\nType !p command for more info on a command.\nYou can also type !p category for more info on a category.\n```
2018-05-03 00:12:57 #music @Rythm#3722: 
2018-05-03 00:12:58 #music @Rythm#3722 edited message from 2018-05-03 00:12:57 () to read: 
2018-05-03 00:17:19 #music @Dot#9485: !s
2018-05-03 00:17:19 #music @Rythm#3722: ⏩ ***Skipped*** 👍
2018-05-03 00:21:20 #music @Dot#9485: !dc
2018-05-03 00:21:21 #music @Rythm#3722: 📭 **Successfully disconnected**
