2018-04-24 00:47:30 #Music Voice channel join: Kenny#9485 (id 378374945186512907), flags: self_mute
2018-04-24 00:48:52 #Music Voice channel join: Rythm#3722 (id 235088799074484224)
2018-04-24 00:55:08 #Music Voice channel join: Mantaro#4454 (id 213466096718708737), moved from Chill Room 1
2018-04-24 00:55:09 #Music Voice channel leave: Rythm#3722 (id 235088799074484224) moving to Chill Room 1
2018-04-24 00:55:16 #Music Voice channel join: Karolis#0039 (id 144107688442331136)
2018-04-24 00:55:20 #Music Server self-unmute: Kenny#9485 (id 378374945186512907)
2018-04-24 00:56:01 #Music Voice channel leave: Karolis#0039 (id 144107688442331136)
2018-04-24 00:56:02 #Music Voice channel join: Karolis#0039 (id 144107688442331136)
2018-04-24 00:56:20 #Music Voice channel leave: Kenny#9485 (id 378374945186512907) moving to Chill Room 1
2018-04-24 00:56:37 #Music Voice channel leave: Karolis#0039 (id 144107688442331136)
2018-04-24 00:58:38 #Music Voice channel leave: Mantaro#4454 (id 213466096718708737)
2018-05-01 22:38:43 #Music Voice channel join: Dot#9485 (id 378374945186512907), flags: self_mute
2018-05-01 22:39:13 #Music Voice channel join: Rythm#3722 (id 235088799074484224)
2018-05-01 22:39:24 #Music Server deafen: Rythm#3722 (id 235088799074484224)
2018-05-01 22:39:25 #Music Server undeafen: Rythm#3722 (id 235088799074484224)
2018-05-01 22:39:26 #Music Voice channel leave: Dot#9485 (id 378374945186512907) moving to Music 2
2018-05-01 22:39:27 #Music Voice channel join: Dot#9485 (id 378374945186512907), moved from Music 2, flags: self_mute
2018-05-01 22:39:32 #Music Voice channel leave: Rythm#3722 (id 235088799074484224)
2018-05-01 22:41:06 #Music Voice channel leave: Dot#9485 (id 378374945186512907) moving to afk
2018-05-01 22:41:06 #Music Server self-unmute: Dot#9485 (id 378374945186512907)
2018-05-01 22:46:17 #Music Voice channel join: Dot#9485 (id 378374945186512907), moved from afk, flags: self_mute
2018-05-01 22:47:10 #Music Voice channel join: Rythm#3722 (id 235088799074484224)
2018-05-02 00:05:57 #Music Voice channel leave: Dot#9485 (id 378374945186512907)
2018-05-02 00:06:03 #Music Voice channel join: Dot#9485 (id 378374945186512907), flags: self_mute
2018-05-02 00:06:08 #Music Voice channel leave: Rythm#3722 (id 235088799074484224)
2018-05-02 00:08:46 #Music Voice channel leave: Dot#9485 (id 378374945186512907)
2018-05-03 00:09:02 #Music Voice channel join: Dot#9485 (id 378374945186512907), moved from afk, flags: self_mute
2018-05-03 00:09:23 #Music Server self-deafen: Dot#9485 (id 378374945186512907)
2018-05-03 00:09:57 #Music Server self-unmute: Dot#9485 (id 378374945186512907)
2018-05-03 00:09:57 #Music Server self-undeafen: Dot#9485 (id 378374945186512907)
2018-05-03 00:10:01 #Music Server self-mute: Dot#9485 (id 378374945186512907)
2018-05-03 00:10:10 #Music Voice channel join: Rythm#3722 (id 235088799074484224)
2018-05-03 00:21:22 #Music Voice channel leave: Rythm#3722 (id 235088799074484224)
2018-05-03 00:21:25 #Music Voice channel leave: Dot#9485 (id 378374945186512907)
