2018-04-23 20:54:32 #Music 2 Voice channel join: Kenny#9485 (id 378374945186512907), flags: self_mute
2018-04-23 20:55:39 #Music 2 Voice channel join: Rythm#3722 (id 235088799074484224)
2018-04-23 21:08:10 #Music 2 Voice channel leave: Rythm#3722 (id 235088799074484224)
2018-04-23 21:08:13 #Music 2 Voice channel leave: Kenny#9485 (id 378374945186512907)
2018-04-23 23:15:55 #Music 2 Voice channel join: Kenny#9485 (id 378374945186512907), flags: self_mute
2018-04-23 23:16:12 #Music 2 Voice channel leave: Kenny#9485 (id 378374945186512907)
2018-04-26 22:12:49 #Music 2 Voice channel join: Kenny#9485 (id 378374945186512907), flags: self_deaf,self_mute
2018-04-26 22:12:51 #Music 2 Server self-undeafen: Kenny#9485 (id 378374945186512907)
2018-04-26 22:13:08 #Music 2 Voice channel join: Rythm#3722 (id 235088799074484224), flags: deaf
2018-04-26 22:15:12 #Music 2 Voice channel join: christine#4949 (id 141538931211632641), moved from Fortnite
2018-04-26 22:15:12 #Music 2 Server self-mute: christine#4949 (id 141538931211632641)
2018-04-26 22:18:14 #Music 2 Server self-unmute: Kenny#9485 (id 378374945186512907)
2018-04-26 22:18:19 #Music 2 Server self-mute: Kenny#9485 (id 378374945186512907)
2018-04-26 22:18:19 #Music 2 Server self-unmute: christine#4949 (id 141538931211632641)
2018-04-26 22:18:22 #Music 2 Server self-unmute: christine#4949 (id 141538931211632641)
2018-04-26 22:18:22 #Music 2 Server self-unmute: Kenny#9485 (id 378374945186512907)
2018-04-26 22:18:27 #Music 2 Server self-mute: christine#4949 (id 141538931211632641)
2018-04-26 22:18:31 #Music 2 Server self-mute: Kenny#9485 (id 378374945186512907)
2018-04-26 22:21:32 #Music 2 Server self-unmute: Kenny#9485 (id 378374945186512907)
2018-04-26 22:21:36 #Music 2 Server self-mute: Kenny#9485 (id 378374945186512907)
2018-04-26 22:21:40 #Music 2 Server self-unmute: christine#4949 (id 141538931211632641)
2018-04-26 22:21:43 #Music 2 Server self-unmute: Kenny#9485 (id 378374945186512907)
2018-04-26 22:21:50 #Music 2 Server self-mute: Kenny#9485 (id 378374945186512907)
2018-04-26 22:21:58 #Music 2 Server self-unmute: Kenny#9485 (id 378374945186512907)
2018-04-26 22:22:05 #Music 2 Server self-mute: Kenny#9485 (id 378374945186512907)
2018-04-26 22:22:05 #Music 2 Server self-unmute: Kenny#9485 (id 378374945186512907)
2018-04-26 22:22:08 #Music 2 Server self-mute: Kenny#9485 (id 378374945186512907)
2018-04-26 22:23:25 #Music 2 Server self-mute: christine#4949 (id 141538931211632641)
2018-04-26 22:41:02 #Music 2 Voice channel leave: Kenny#9485 (id 378374945186512907)
2018-04-26 22:41:12 #Music 2 Voice channel leave: christine#4949 (id 141538931211632641)
2018-04-26 22:47:03 #Music 2 Voice channel leave: Rythm#3722 (id 235088799074484224)
2018-05-01 22:39:26 #Music 2 Voice channel join: Dot#9485 (id 378374945186512907), moved from Music, flags: self_mute
2018-05-01 22:39:27 #Music 2 Voice channel leave: Dot#9485 (id 378374945186512907) moving to Music
