2018-04-21 01:46:50 #Fortnite Server self-mute: Kenny#9485 (id 378374945186512907)
2018-04-21 01:46:51 #Fortnite Server self-unmute: Kenny#9485 (id 378374945186512907)
2018-04-21 01:46:52 #Fortnite Server self-mute: Kenny#9485 (id 378374945186512907)
2018-04-21 01:48:40 #Fortnite Server self-mute: Karolis#0039 (id 144107688442331136)
2018-04-21 01:49:38 #Fortnite Server self-deafen: Kenny#9485 (id 378374945186512907)
2018-04-21 01:52:24 #Fortnite Voice channel leave: Ark#1363 (id 121051714986967040)
2018-04-21 01:53:35 #Fortnite Server self-unmute: christine#4949 (id 141538931211632641)
2018-04-21 01:53:39 #Fortnite Server self-unmute: Karolis#0039 (id 144107688442331136)
2018-04-21 01:53:43 #Fortnite Voice channel leave: christine#4949 (id 141538931211632641)
2018-04-21 01:53:45 #Fortnite Server self-mute: Karolis#0039 (id 144107688442331136)
2018-04-21 01:57:28 #Fortnite Voice channel leave: Karolis#0039 (id 144107688442331136)
2018-04-21 02:03:27 #Fortnite Server self-unmute: Kenny#9485 (id 378374945186512907)
2018-04-21 02:03:28 #Fortnite Server self-mute: Kenny#9485 (id 378374945186512907)
2018-04-21 02:03:28 #Fortnite Server self-undeafen: Kenny#9485 (id 378374945186512907)
2018-04-21 02:08:23 #Fortnite Voice channel leave: Rythm#3722 (id 235088799074484224)
2018-04-21 02:08:25 #Fortnite Voice channel leave: Kenny#9485 (id 378374945186512907)
2018-04-22 03:14:36 #Fortnite Voice channel join: Ark#1363 (id 121051714986967040)
2018-04-22 03:21:08 #Fortnite Voice channel join: christine#4949 (id 141538931211632641)
2018-04-22 03:21:09 #Fortnite Voice channel join: Karolis#0039 (id 144107688442331136)
2018-04-22 03:24:34 #Fortnite Voice channel leave: Karolis#0039 (id 144107688442331136)
2018-04-22 03:25:06 #Fortnite Voice channel join: Karolis#0039 (id 144107688442331136)
2018-04-22 03:25:13 #Fortnite Voice channel join: WHY AM I HERE?#7612 (id 335177482603069440)
2018-04-22 03:25:44 #Fortnite Server self-deafen: Ark#1363 (id 121051714986967040)
2018-04-22 03:26:27 #Fortnite Server deafen: Ark#1363 (id 121051714986967040)
2018-04-22 03:26:27 #Fortnite Server undeafen: Ark#1363 (id 121051714986967040)
2018-04-22 03:27:32 #Fortnite Server self-undeafen: Ark#1363 (id 121051714986967040)
2018-04-22 03:47:51 #Fortnite Server self-mute: christine#4949 (id 141538931211632641)
2018-04-22 03:49:43 #Fortnite Server self-unmute: christine#4949 (id 141538931211632641)
2018-04-22 04:24:51 #Fortnite Voice channel join: Rythm#3722 (id 235088799074484224)
2018-04-22 04:25:20 #Fortnite Voice channel join: Mantaro#4454 (id 213466096718708737)
2018-04-22 04:25:29 #Fortnite Voice channel leave: Mantaro#4454 (id 213466096718708737)
2018-04-22 04:25:40 #Fortnite Voice channel join: Synapse#0692 (id 435538622293344266)
2018-04-22 04:25:59 #Fortnite Voice channel join: Mantaro#4454 (id 213466096718708737)
2018-04-22 04:26:54 #Fortnite Voice channel leave: Synapse#0692 (id 435538622293344266) moving to One on One
2018-04-22 04:27:02 #Fortnite Voice channel leave: Rythm#3722 (id 235088799074484224)
2018-04-22 04:28:57 #Fortnite Voice channel leave: Mantaro#4454 (id 213466096718708737)
2018-04-22 04:29:17 #Fortnite Voice channel join: Rythm#3722 (id 235088799074484224)
2018-04-22 04:29:31 #Fortnite Voice channel join: Mantaro#4454 (id 213466096718708737)
2018-04-22 04:30:09 #Fortnite Voice channel leave: Mantaro#4454 (id 213466096718708737)
2018-04-22 04:30:39 #Fortnite Server self-mute: Karolis#0039 (id 144107688442331136)
2018-04-22 04:30:48 #Fortnite Voice channel join: Mantaro#4454 (id 213466096718708737)
2018-04-22 04:30:52 #Fortnite Voice channel leave: Rythm#3722 (id 235088799074484224) moving to One on One
2018-04-22 04:31:59 #Fortnite Server self-unmute: Karolis#0039 (id 144107688442331136)
2018-04-22 04:32:57 #Fortnite Voice channel leave: Mantaro#4454 (id 213466096718708737) moving to One on One
2018-04-22 04:33:10 #Fortnite Voice channel join: Mantaro#4454 (id 213466096718708737), moved from One on One
2018-04-22 04:33:12 #Fortnite Voice channel leave: Mantaro#4454 (id 213466096718708737) moving to gamer grills
2018-04-22 04:53:25 #Fortnite Voice channel leave: christine#4949 (id 141538931211632641)
2018-04-22 04:53:34 #Fortnite Voice channel leave: Karolis#0039 (id 144107688442331136)
2018-04-22 04:53:42 #Fortnite Voice channel leave: WHY AM I HERE?#7612 (id 335177482603069440)
2018-04-22 04:53:44 #Fortnite Voice channel leave: Ark#1363 (id 121051714986967040)
2018-04-25 00:21:16 #Fortnite Voice channel join: christine#4949 (id 141538931211632641)
2018-04-25 00:21:28 #Fortnite Voice channel leave: christine#4949 (id 141538931211632641)
2018-04-26 21:02:01 #Fortnite Voice channel join: christine#4949 (id 141538931211632641)
2018-04-26 21:02:12 #Fortnite Voice channel join: Ark#1363 (id 121051714986967040)
2018-04-26 21:27:54 #Fortnite Voice channel join: Comm#9858 (id 209896226802499585)
2018-04-26 21:32:39 #Fortnite Voice channel leave: Comm#9858 (id 209896226802499585)
2018-04-26 21:33:27 #Fortnite Voice channel join: Karolis#0039 (id 144107688442331136)
2018-04-26 21:43:47 #Fortnite Voice channel join: Comm#9858 (id 209896226802499585)
2018-04-26 21:44:23 #Fortnite Voice channel leave: Comm#9858 (id 209896226802499585)
2018-04-26 21:45:22 #Fortnite Server self-mute: christine#4949 (id 141538931211632641)
2018-04-26 21:45:37 #Fortnite Server self-unmute: christine#4949 (id 141538931211632641)
2018-04-26 22:07:23 #Fortnite Server self-mute: Karolis#0039 (id 144107688442331136)
2018-04-26 22:08:18 #Fortnite Server self-deafen: Karolis#0039 (id 144107688442331136)
2018-04-26 22:12:15 #Fortnite Server self-undeafen: Karolis#0039 (id 144107688442331136)
2018-04-26 22:12:19 #Fortnite Server self-unmute: Karolis#0039 (id 144107688442331136)
2018-04-26 22:14:11 #Fortnite Voice channel leave: Ark#1363 (id 121051714986967040)
2018-04-26 22:15:04 #Fortnite Voice channel leave: Karolis#0039 (id 144107688442331136)
2018-04-26 22:15:12 #Fortnite Voice channel leave: christine#4949 (id 141538931211632641) moving to Music 2
2018-04-26 23:10:38 #Fortnite Voice channel join: christine#4949 (id 141538931211632641), flags: self_mute
2018-04-26 23:10:39 #Fortnite Voice channel leave: christine#4949 (id 141538931211632641)
2018-04-28 03:25:08 #Fortnite Voice channel join: JPSHORTIE3003#5349 (id 420338447707013120)
2018-04-28 03:30:42 #Fortnite Voice channel leave: JPSHORTIE3003#5349 (id 420338447707013120)
2018-04-28 03:31:38 #Fortnite Voice channel join: JPSHORTIE3003#5349 (id 420338447707013120)
2018-04-28 03:33:37 #Fortnite Voice channel leave: JPSHORTIE3003#5349 (id 420338447707013120)
2018-05-02 00:37:14 #Fortnite Voice channel join: Karolis#0039 (id 144107688442331136)
2018-05-02 00:37:25 #Fortnite Voice channel join: i miss Avicii ;-;#1363 (id 121051714986967040)
2018-05-02 00:37:33 #Fortnite Voice channel join: christine#4949 (id 141538931211632641), flags: self_mute
2018-05-02 00:38:15 #Fortnite Server self-unmute: christine#4949 (id 141538931211632641)
2018-05-02 00:38:23 #Fortnite Server self-mute: christine#4949 (id 141538931211632641)
2018-05-02 00:39:04 #Fortnite Server self-unmute: christine#4949 (id 141538931211632641)
2018-05-02 00:40:04 #Fortnite Server self-mute: christine#4949 (id 141538931211632641)
2018-05-02 00:40:23 #Fortnite Server self-unmute: christine#4949 (id 141538931211632641)
2018-05-02 00:40:24 #Fortnite Server self-mute: Karolis#0039 (id 144107688442331136)
2018-05-02 00:40:37 #Fortnite Server self-mute: christine#4949 (id 141538931211632641)
2018-05-02 00:40:43 #Fortnite Server self-deafen: christine#4949 (id 141538931211632641)
2018-05-02 00:40:43 #Fortnite Server self-undeafen: christine#4949 (id 141538931211632641)
2018-05-02 00:40:54 #Fortnite Voice channel leave: christine#4949 (id 141538931211632641)
2018-05-02 00:40:57 #Fortnite Server self-unmute: Karolis#0039 (id 144107688442331136)
2018-05-02 00:49:52 #Fortnite Voice channel join: mlgbonked#9647 (id 326179255815897102)
2018-05-02 01:17:20 #Fortnite Voice channel leave: Karolis#0039 (id 144107688442331136)
2018-05-02 01:17:34 #Fortnite Voice channel leave: mlgbonked#9647 (id 326179255815897102)
2018-05-02 01:18:04 #Fortnite Voice channel join: Dot#9485 (id 378374945186512907), flags: self_mute
2018-05-02 01:18:17 #Fortnite Server self-unmute: Dot#9485 (id 378374945186512907)
2018-05-02 01:18:18 #Fortnite Server self-mute: Dot#9485 (id 378374945186512907)
2018-05-02 01:18:23 #Fortnite Server self-unmute: Dot#9485 (id 378374945186512907)
2018-05-02 01:18:41 #Fortnite Voice channel leave: Dot#9485 (id 378374945186512907)
2018-05-02 01:19:13 #Fortnite Voice channel leave: i miss Avicii ;-;#1363 (id 121051714986967040)
2018-05-02 03:22:15 #Fortnite Voice channel leave: ShyTai#6794 (id 251953966684962817) moving to gamer grills
