2018-04-26 14:53:25 #⚽off-topic⚽ @Synapse#0692: 
2018-04-26 14:53:36 #⚽off-topic⚽ @Ghostplay R2#1298: 
2018-04-26 14:56:41 #⚽off-topic⚽ @Also#1046: .multicolor 2 OWNER
2018-04-26 14:56:55 #⚽off-topic⚽ @Also#1046: *help
2018-04-26 14:57:00 #⚽off-topic⚽ @Ghostplay R2#1298: Hey there, @Also! I sent you the list of commands in a private message.\nCheck your direct messages
2018-04-26 14:57:32 #⚽off-topic⚽ @Also#1046: .multicolor
2018-04-26 14:57:53 #⚽off-topic⚽ @Also#1046: *multicolor
2018-04-26 14:57:56 #⚽off-topic⚽ @Ghostplay R2#1298: ```\n*[multicolor|multicolour] <interval> <role>\n\nChanges the role color every x seconds\n\n```
2018-04-26 14:58:29 #⚽off-topic⚽ @Also#1046: *multicolor 1 OWNER
2018-04-26 14:58:31 #⚽off-topic⚽ @Ghostplay R2#1298: 
2018-04-26 14:58:32 #⚽off-topic⚽ @Ghostplay R2#1298 edited message from 2018-04-26 14:58:31 () to read: 
2018-04-26 14:59:12 #⚽off-topic⚽ @Also#1046: *multicolor 1 👑OWNER👑
2018-04-26 14:59:36 #⚽off-topic⚽ @Also#1046: *multicolor 0.1 👑OWNER👑
2018-04-26 15:00:52 #⚽off-topic⚽ @Also#1046 deleted message from 2018-04-26 14:59:36 (*multicolor 0.1 👑OWNER👑)
2018-04-26 15:00:56 #⚽off-topic⚽ @Also#1046: !HELP
2018-04-26 15:00:56 #⚽off-topic⚽ @Rythm#3722: ✅ **Check <https://rythmbot.co/features#list> for a list of commands**
2018-04-26 15:01:04 #⚽off-topic⚽ @Also#1046: !help
2018-04-26 15:01:04 #⚽off-topic⚽ @Rythm#3722: ✅ **Check <https://rythmbot.co/features#list> for a list of commands**
2018-04-26 15:01:06 #⚽off-topic⚽ @Synapse#0692: Check your DM, @Also! I have sent something for you :wink:
2018-04-26 15:07:54 #⚽off-topic⚽ @Also#1046: !penis @GD | Z1GG3R  @Also
2018-04-26 15:07:56 #⚽off-topic⚽ @Synapse#0692: **Also's size:**\n8==========================D\n**GD | Z1GG3R's size:**\n8=======D
2018-04-26 15:10:52 #⚽off-topic⚽ @Also#1046 deleted message from 2018-04-26 14:57:32 (.multicolor)
2018-04-26 15:10:56 #⚽off-topic⚽ @Also#1046 deleted message from 2018-04-26 14:57:53 (*multicolor)
2018-04-26 15:11:04 #⚽off-topic⚽ @Also#1046 deleted message from 2018-04-26 14:58:29 (*multicolor 1 OWNER)
2018-04-26 15:11:12 #⚽off-topic⚽ @Ghostplay R2#1298 deleted message from 2018-04-26 14:57:00 (Hey there, @Also! I sent you the list of commands in a private message.\nCheck your direct messages)
2018-04-26 15:11:16 #⚽off-topic⚽ @Ghostplay R2#1298 deleted message from 2018-04-26 14:57:56 (```\n*[multicolor|multicolour] <interval> <role>\n\nChanges the role color every x seconds\n\n```)
2018-04-26 15:13:56 #⚽off-topic⚽ @Also#1046: !penis @GD | Z1GG3R  @Also
2018-04-26 15:13:58 #⚽off-topic⚽ @Synapse#0692: **Also's size:**\n8==========================D\n**GD | Z1GG3R's size:**\n8=======D
2018-04-26 15:14:13 #⚽off-topic⚽ @GD | Z1GG3R#2495: !penis @Also
2018-04-26 15:14:16 #⚽off-topic⚽ @Synapse#0692: **Also's size:**\n8==========================D
2018-04-26 15:14:34 #⚽off-topic⚽ @Also#1046: !penis @!AlinCuR
2018-04-26 15:14:34 #⚽off-topic⚽ @Synapse#0692: **!AlinCuR's size:**\n8============D
2018-04-26 15:14:45 #⚽off-topic⚽ @Also#1046: !penis @GD | Z1GG3R
2018-04-26 15:14:45 #⚽off-topic⚽ @Synapse#0692: **GD | Z1GG3R's size:**\n8=======D
2018-04-26 15:14:59 #⚽off-topic⚽ @Also#1046: !penis @GD | Z1GG3R  @Also
2018-04-26 15:15:00 #⚽off-topic⚽ @Synapse#0692: **Also's size:**\n8==========================D\n**GD | Z1GG3R's size:**\n8=======D
2018-04-26 15:17:10 #⚽off-topic⚽ @GD | Z1GG3R#2495: !penis @Also
2018-04-26 15:17:11 #⚽off-topic⚽ @Synapse#0692: **Also's size:**\n8==========================D
2018-04-26 15:17:22 #⚽off-topic⚽ @GD | Z1GG3R#2495: !penis @GD | Z1GG3R
2018-04-26 15:17:22 #⚽off-topic⚽ @Synapse#0692: **GD | Z1GG3R's size:**\n8=======D
2018-04-27 13:14:28 #⚽off-topic⚽ @Also#1046: !penis @Ghostplay R2
2018-04-27 13:14:30 #⚽off-topic⚽ @Synapse#0692: **Ghostplay R2's size:**\n8=====D
2018-04-27 13:15:04 #⚽off-topic⚽ @Also#1046: Also's size:\n8=================================================D
2018-04-27 13:15:18 #⚽off-topic⚽ @Also#1046: !penis @Also
2018-04-27 13:15:18 #⚽off-topic⚽ @Synapse#0692: **Also's size:**\n8==========================D
