2018-04-26 15:09:01 #nsfw @Also#1046:  (attachment url(s): https://cdn.discordapp.com/attachments/432528126292000769/439080469200371712/unknown.png)
2018-04-26 15:10:01 #nsfw @Also#1046: .autoboobs
2018-04-26 15:10:16 #nsfw @Also#1046: .autoboobs
2018-04-26 15:10:28 #nsfw @Also#1046: bbgif
2018-04-26 15:10:28 #nsfw @BoobBot™#5382: 
2018-04-26 15:10:28 #nsfw @BoobBot™#5382 edited message from 2018-04-26 15:10:28 () to read: 
2018-04-26 15:11:08 #nsfw @GD | Z1GG3R#2495: Bbgif
2018-04-26 15:11:09 #nsfw @BoobBot™#5382: 
2018-04-26 15:11:09 #nsfw @BoobBot™#5382 edited message from 2018-04-26 15:11:09 () to read: 
2018-04-26 15:11:11 #nsfw @GD | Z1GG3R#2495: Bbgif
2018-04-26 15:11:11 #nsfw @BoobBot™#5382: 
2018-04-26 15:11:12 #nsfw @BoobBot™#5382 edited message from 2018-04-26 15:11:11 () to read: 
2018-04-26 15:11:13 #nsfw @GD | Z1GG3R#2495: Bbgif
2018-04-26 15:11:13 #nsfw @BoobBot™#5382: 
2018-04-26 15:11:13 #nsfw @BoobBot™#5382 edited message from 2018-04-26 15:11:13 () to read: 
2018-04-26 15:11:15 #nsfw @GD | Z1GG3R#2495: Bbgif
2018-04-26 15:11:15 #nsfw @BoobBot™#5382: 
2018-04-26 15:11:16 #nsfw @BoobBot™#5382 edited message from 2018-04-26 15:11:15 () to read: 
2018-04-26 15:11:17 #nsfw @GD | Z1GG3R#2495: Bbgif
2018-04-26 15:11:17 #nsfw @BoobBot™#5382: 
2018-04-26 15:11:19 #nsfw @BoobBot™#5382 edited message from 2018-04-26 15:11:17 () to read: 
2018-04-26 15:11:20 #nsfw @GD | Z1GG3R#2495: Bbgif
2018-04-26 15:11:20 #nsfw @BoobBot™#5382: 
2018-04-26 15:11:20 #nsfw @BoobBot™#5382 edited message from 2018-04-26 15:11:20 () to read: 
2018-04-26 15:11:22 #nsfw @GD | Z1GG3R#2495: Bbgif
2018-04-26 15:11:22 #nsfw @BoobBot™#5382: 
2018-04-26 15:11:23 #nsfw @BoobBot™#5382 edited message from 2018-04-26 15:11:22 () to read: 
2018-04-26 15:11:24 #nsfw @GD | Z1GG3R#2495: Bbgif
2018-04-26 15:11:24 #nsfw @BoobBot™#5382: 
2018-04-26 15:11:26 #nsfw @BoobBot™#5382 edited message from 2018-04-26 15:11:24 () to read: 
2018-04-26 15:11:27 #nsfw @GD | Z1GG3R#2495: Bbgif
2018-04-26 15:11:27 #nsfw @BoobBot™#5382: 
2018-04-26 15:11:27 #nsfw @BoobBot™#5382 edited message from 2018-04-26 15:11:27 () to read: 
2018-04-26 15:11:30 #nsfw @GD | Z1GG3R#2495: Bbgif
2018-04-26 15:11:30 #nsfw @BoobBot™#5382: 
2018-04-26 15:11:30 #nsfw @BoobBot™#5382 edited message from 2018-04-26 15:11:30 () to read: 
2018-04-26 15:11:33 #nsfw @GD | Z1GG3R#2495: Bbgif
2018-04-26 15:11:33 #nsfw @BoobBot™#5382: 
2018-04-26 15:11:34 #nsfw @BoobBot™#5382 edited message from 2018-04-26 15:11:33 () to read: 
2018-04-26 15:11:36 #nsfw @GD | Z1GG3R#2495: Bbgif
2018-04-26 15:11:36 #nsfw @BoobBot™#5382: 
2018-04-26 15:11:37 #nsfw @BoobBot™#5382 edited message from 2018-04-26 15:11:36 () to read: 
2018-04-26 15:11:38 #nsfw @GD | Z1GG3R#2495: Bbgif
2018-04-26 15:11:39 #nsfw @BoobBot™#5382: 
2018-04-26 15:11:39 #nsfw @BoobBot™#5382 edited message from 2018-04-26 15:11:39 () to read: 
2018-04-26 15:11:42 #nsfw @GD | Z1GG3R#2495: Bbgif
2018-04-26 15:11:42 #nsfw @BoobBot™#5382: 
2018-04-26 15:11:42 #nsfw @BoobBot™#5382 edited message from 2018-04-26 15:11:42 () to read: 
2018-04-26 15:11:44 #nsfw @GD | Z1GG3R#2495: Bbgif
2018-04-26 15:11:44 #nsfw @BoobBot™#5382: 
2018-04-26 15:11:44 #nsfw @BoobBot™#5382 edited message from 2018-04-26 15:11:44 () to read: 
2018-04-26 15:11:45 #nsfw @GD | Z1GG3R#2495: Bbgif
2018-04-26 15:11:45 #nsfw @BoobBot™#5382: 
2018-04-26 15:11:46 #nsfw @BoobBot™#5382 edited message from 2018-04-26 15:11:45 () to read: 
2018-04-26 15:11:50 #nsfw @GD | Z1GG3R#2495: Bbgif
2018-04-26 15:11:50 #nsfw @BoobBot™#5382: 
2018-04-26 15:11:52 #nsfw @BoobBot™#5382 edited message from 2018-04-26 15:11:50 () to read: 
2018-04-26 15:11:52 #nsfw @GD | Z1GG3R#2495: Bbgif
2018-04-26 15:11:52 #nsfw @BoobBot™#5382: 
2018-04-26 15:11:52 #nsfw @BoobBot™#5382 edited message from 2018-04-26 15:11:52 () to read: 
2018-04-26 15:11:55 #nsfw @GD | Z1GG3R#2495: Bbgif
2018-04-26 15:11:55 #nsfw @BoobBot™#5382: 
2018-04-26 15:11:55 #nsfw @BoobBot™#5382 edited message from 2018-04-26 15:11:55 () to read: 
2018-04-26 15:11:56 #nsfw @GD | Z1GG3R#2495: Bbgif
2018-04-26 15:11:57 #nsfw @BoobBot™#5382: 
2018-04-26 15:11:57 #nsfw @BoobBot™#5382 edited message from 2018-04-26 15:11:57 () to read: 
2018-04-26 15:11:58 #nsfw @GD | Z1GG3R#2495: Bbgif
2018-04-26 15:11:58 #nsfw @BoobBot™#5382: 
2018-04-26 15:11:59 #nsfw @BoobBot™#5382 edited message from 2018-04-26 15:11:58 () to read: 
2018-04-26 15:11:59 #nsfw @GD | Z1GG3R#2495: Bbgif
2018-04-26 15:11:59 #nsfw @BoobBot™#5382: 
2018-04-26 15:11:59 #nsfw @BoobBot™#5382 edited message from 2018-04-26 15:11:59 () to read: 
2018-04-26 15:11:59 #nsfw @GD | Z1GG3R#2495: Bbgif
2018-04-26 15:11:59 #nsfw @BoobBot™#5382: 
2018-04-26 15:11:59 #nsfw @BoobBot™#5382 edited message from 2018-04-26 15:11:59 () to read: 
2018-04-26 15:12:04 #nsfw @GD | Z1GG3R#2495: Bbgif
2018-04-26 15:12:04 #nsfw @BoobBot™#5382: 
2018-04-26 15:12:06 #nsfw @BoobBot™#5382 edited message from 2018-04-26 15:12:04 () to read: 
2018-04-26 15:12:07 #nsfw @GD | Z1GG3R#2495: Bbgif
2018-04-26 15:12:07 #nsfw @BoobBot™#5382: 
2018-04-26 15:12:07 #nsfw @BoobBot™#5382 edited message from 2018-04-26 15:12:07 () to read: 
2018-04-26 15:12:09 #nsfw @GD | Z1GG3R#2495: Bbgif
2018-04-26 15:12:09 #nsfw @BoobBot™#5382: 
2018-04-26 15:12:10 #nsfw @BoobBot™#5382 edited message from 2018-04-26 15:12:09 () to read: 
2018-04-26 15:12:12 #nsfw @GD | Z1GG3R#2495: v
2018-04-26 15:12:14 #nsfw @GD | Z1GG3R#2495: Bbgif
2018-04-26 15:12:14 #nsfw @BoobBot™#5382: 
2018-04-26 15:12:14 #nsfw @BoobBot™#5382 edited message from 2018-04-26 15:12:14 () to read: 
2018-04-26 15:12:19 #nsfw @GD | Z1GG3R#2495: Bbgif
2018-04-26 15:12:19 #nsfw @BoobBot™#5382: 
2018-04-26 15:12:20 #nsfw @BoobBot™#5382 edited message from 2018-04-26 15:12:19 () to read: 
2018-04-26 15:12:24 #nsfw @GD | Z1GG3R#2495: Bbgif
2018-04-26 15:12:24 #nsfw @BoobBot™#5382: 
2018-04-26 15:12:24 #nsfw @BoobBot™#5382 edited message from 2018-04-26 15:12:24 () to read: 
2018-04-26 15:12:26 #nsfw @GD | Z1GG3R#2495: Bbgif
2018-04-26 15:12:26 #nsfw @BoobBot™#5382: 
2018-04-26 15:12:28 #nsfw @BoobBot™#5382 edited message from 2018-04-26 15:12:26 () to read: 
2018-04-26 15:12:29 #nsfw @GD | Z1GG3R#2495: Bbgif
2018-04-26 15:12:29 #nsfw @BoobBot™#5382: 
2018-04-26 15:12:29 #nsfw @BoobBot™#5382 edited message from 2018-04-26 15:12:29 () to read: 
2018-04-26 15:12:30 #nsfw @GD | Z1GG3R#2495: Bbgif
2018-04-26 15:12:30 #nsfw @BoobBot™#5382: 
2018-04-26 15:12:31 #nsfw @BoobBot™#5382 edited message from 2018-04-26 15:12:30 () to read: 
2018-04-26 15:12:31 #nsfw @GD | Z1GG3R#2495: Bbgif
2018-04-26 15:12:31 #nsfw @BoobBot™#5382: 
2018-04-26 15:12:32 #nsfw @BoobBot™#5382 edited message from 2018-04-26 15:12:31 () to read: 
2018-04-26 15:12:32 #nsfw @GD | Z1GG3R#2495: Bbgif
2018-04-26 15:12:33 #nsfw @BoobBot™#5382: 
2018-04-26 15:12:33 #nsfw @BoobBot™#5382 edited message from 2018-04-26 15:12:33 () to read: 
2018-04-26 15:12:34 #nsfw @GD | Z1GG3R#2495: Bbgif
2018-04-26 15:12:34 #nsfw @BoobBot™#5382: 
2018-04-26 15:12:34 #nsfw @BoobBot™#5382 edited message from 2018-04-26 15:12:34 () to read: 
2018-04-26 15:12:35 #nsfw @GD | Z1GG3R#2495: Bbgif
2018-04-26 15:12:35 #nsfw @BoobBot™#5382: 
2018-04-26 15:12:35 #nsfw @BoobBot™#5382 edited message from 2018-04-26 15:12:35 () to read: 
2018-04-26 15:12:38 #nsfw @GD | Z1GG3R#2495: Bbgif
2018-04-26 15:12:38 #nsfw @BoobBot™#5382: 
2018-04-26 15:12:39 #nsfw @BoobBot™#5382 edited message from 2018-04-26 15:12:38 () to read: 
2018-04-26 15:12:40 #nsfw @GD | Z1GG3R#2495: Bbgif
2018-04-26 15:12:40 #nsfw @BoobBot™#5382: 
2018-04-26 15:12:40 #nsfw @BoobBot™#5382 edited message from 2018-04-26 15:12:40 () to read: 
2018-04-26 15:12:42 #nsfw @GD | Z1GG3R#2495: Bbgif
2018-04-26 15:12:42 #nsfw @BoobBot™#5382: 
2018-04-26 15:12:43 #nsfw @BoobBot™#5382 edited message from 2018-04-26 15:12:42 () to read: 
2018-04-26 15:12:44 #nsfw @GD | Z1GG3R#2495: Bbgif
2018-04-26 15:12:44 #nsfw @BoobBot™#5382: 
2018-04-26 15:12:44 #nsfw @BoobBot™#5382 edited message from 2018-04-26 15:12:44 () to read: 
2018-04-26 15:12:48 #nsfw @GD | Z1GG3R#2495: Bbgif
2018-04-26 15:12:48 #nsfw @BoobBot™#5382: 
2018-04-26 15:12:48 #nsfw @BoobBot™#5382 edited message from 2018-04-26 15:12:48 () to read: 
2018-04-26 15:12:48 #nsfw @Also#1046: bbgif
2018-04-26 15:12:48 #nsfw @BoobBot™#5382: 
2018-04-26 15:12:50 #nsfw @BoobBot™#5382 edited message from 2018-04-26 15:12:48 () to read: 
2018-04-26 15:12:49 #nsfw @Also#1046: bbgif
2018-04-26 15:12:49 #nsfw @BoobBot™#5382: 
2018-04-26 15:12:50 #nsfw @BoobBot™#5382 edited message from 2018-04-26 15:12:49 () to read: 
2018-04-26 15:12:49 #nsfw @Also#1046: bbgif
2018-04-26 15:12:49 #nsfw @BoobBot™#5382: 
2018-04-26 15:12:50 #nsfw @BoobBot™#5382 edited message from 2018-04-26 15:12:49 () to read: 
2018-04-26 15:12:50 #nsfw @Also#1046: bbgif
2018-04-26 15:12:50 #nsfw @BoobBot™#5382: 
2018-04-26 15:12:50 #nsfw @BoobBot™#5382 edited message from 2018-04-26 15:12:50 () to read: 
2018-04-26 15:12:50 #nsfw @Also#1046: bbgif
2018-04-26 15:12:50 #nsfw @BoobBot™#5382: 
2018-04-26 15:12:50 #nsfw @BoobBot™#5382 edited message from 2018-04-26 15:12:50 () to read: 
2018-04-26 15:12:51 #nsfw @Also#1046: bbgifbbgif
2018-04-26 15:12:51 #nsfw @Also#1046: bbgif
2018-04-26 15:12:52 #nsfw @BoobBot™#5382: 
2018-04-26 15:12:52 #nsfw @BoobBot™#5382 edited message from 2018-04-26 15:12:52 () to read: 
2018-04-26 15:12:52 #nsfw @Also#1046: bbgifbbgif
2018-04-26 15:12:53 #nsfw @Also#1046: bbgif
2018-04-26 15:12:53 #nsfw @BoobBot™#5382: 
2018-04-26 15:12:54 #nsfw @BoobBot™#5382 edited message from 2018-04-26 15:12:53 () to read: 
2018-04-26 15:12:54 #nsfw @Also#1046: bbgif
2018-04-26 15:12:56 #nsfw @BoobBot™#5382: 
2018-04-26 15:12:57 #nsfw @BoobBot™#5382 edited message from 2018-04-26 15:12:56 () to read: 
2018-04-26 15:12:58 #nsfw @Also#1046: bbgif
2018-04-26 15:12:59 #nsfw @BoobBot™#5382: 
2018-04-26 15:12:59 #nsfw @BoobBot™#5382 edited message from 2018-04-26 15:12:59 () to read: 
2018-04-26 15:12:59 #nsfw @Also#1046: bbgif
2018-04-26 15:12:59 #nsfw @BoobBot™#5382: 
2018-04-26 15:12:59 #nsfw @BoobBot™#5382 edited message from 2018-04-26 15:12:59 () to read: 
2018-04-26 15:12:59 #nsfw @Also#1046: bbgif
2018-04-26 15:12:59 #nsfw @BoobBot™#5382: 
2018-04-26 15:13:01 #nsfw @BoobBot™#5382 edited message from 2018-04-26 15:12:59 () to read: 
2018-04-26 15:13:02 #nsfw @GD | Z1GG3R#2495: Bbgif
2018-04-26 15:13:02 #nsfw @BoobBot™#5382: 
2018-04-26 15:13:02 #nsfw @BoobBot™#5382 edited message from 2018-04-26 15:13:02 () to read: 
2018-04-26 15:13:02 #nsfw @GD | Z1GG3R#2495: Bbgif
2018-04-26 15:13:03 #nsfw @BoobBot™#5382: 
2018-04-26 15:13:03 #nsfw @BoobBot™#5382 edited message from 2018-04-26 15:13:03 () to read: 
2018-04-26 15:13:13 #nsfw @BoobBot™#5382 edited message from 2018-04-26 15:12:59 () to read: 
2018-04-26 15:13:11 #nsfw @Also#1046: 
2018-04-26 15:13:18 #nsfw @GD | Z1GG3R#2495: Bbgif
2018-04-26 15:13:19 #nsfw @BoobBot™#5382: 
2018-04-26 15:13:20 #nsfw @BoobBot™#5382 edited message from 2018-04-26 15:13:19 () to read: 
2018-04-26 15:13:19 #nsfw @Also#1046: bbgif
2018-04-26 15:13:19 #nsfw @BoobBot™#5382: 
2018-04-26 15:13:20 #nsfw @BoobBot™#5382 edited message from 2018-04-26 15:13:19 () to read: 
2018-04-26 15:13:22 #nsfw @GD | Z1GG3R#2495: Bbgif
2018-04-26 15:13:23 #nsfw @BoobBot™#5382: 
2018-04-26 15:13:24 #nsfw @BoobBot™#5382 edited message from 2018-04-26 15:13:23 () to read: 
2018-04-26 15:13:23 #nsfw @Also#1046: bbgif
2018-04-26 15:13:23 #nsfw @BoobBot™#5382: 
2018-04-26 15:13:24 #nsfw @BoobBot™#5382 edited message from 2018-04-26 15:13:23 () to read: 
2018-04-26 15:13:26 #nsfw @Also#1046: bbgif
2018-04-26 15:13:26 #nsfw @BoobBot™#5382: 
2018-04-26 15:13:28 #nsfw @BoobBot™#5382 edited message from 2018-04-26 15:13:26 () to read: 
2018-04-26 15:13:27 #nsfw @Also#1046: bbgif
2018-04-26 15:13:27 #nsfw @BoobBot™#5382: 
2018-04-26 15:13:28 #nsfw @BoobBot™#5382 edited message from 2018-04-26 15:13:27 () to read: 
2018-04-26 15:13:28 #nsfw @GD | Z1GG3R#2495: BbgifBbgif
2018-04-26 15:13:29 #nsfw @Also#1046: bbgif
2018-04-26 15:13:29 #nsfw @BoobBot™#5382: 
2018-04-26 15:13:29 #nsfw @BoobBot™#5382 edited message from 2018-04-26 15:13:29 () to read: 
2018-04-26 15:13:30 #nsfw @Also#1046: bbgif
2018-04-26 15:13:30 #nsfw @GD | Z1GG3R#2495: Bbgif
2018-04-26 15:13:30 #nsfw @BoobBot™#5382: 
2018-04-26 15:13:32 #nsfw @BoobBot™#5382 edited message from 2018-04-26 15:13:30 () to read: 
2018-04-26 15:13:30 #nsfw @BoobBot™#5382: 
2018-04-26 15:13:32 #nsfw @BoobBot™#5382 edited message from 2018-04-26 15:13:30 () to read: 
2018-04-26 15:13:31 #nsfw @Also#1046: bbgif
2018-04-26 15:13:31 #nsfw @Also#1046: bbgif
2018-04-26 15:13:32 #nsfw @BoobBot™#5382: 
2018-04-26 15:13:32 #nsfw @BoobBot™#5382 edited message from 2018-04-26 15:13:32 () to read: 
2018-04-26 15:13:32 #nsfw @BoobBot™#5382: 
2018-04-26 15:13:32 #nsfw @BoobBot™#5382 edited message from 2018-04-26 15:13:32 () to read: 
2018-04-26 15:13:33 #nsfw @Also#1046: bbgifbbgifbbgif
2018-04-26 15:13:33 #nsfw @Also#1046: bbgif
2018-04-26 15:13:34 #nsfw @BoobBot™#5382: 
2018-04-26 15:13:35 #nsfw @BoobBot™#5382 edited message from 2018-04-26 15:13:34 () to read: 
2018-04-26 15:13:34 #nsfw @Also#1046: bbgif
2018-04-26 15:13:34 #nsfw @BoobBot™#5382: 
2018-04-26 15:13:35 #nsfw @BoobBot™#5382 edited message from 2018-04-26 15:13:34 () to read: 
2018-04-26 15:13:35 #nsfw @Also#1046: bbgif
2018-04-26 15:13:35 #nsfw @BoobBot™#5382: 
2018-04-26 15:13:35 #nsfw @BoobBot™#5382 edited message from 2018-04-26 15:13:35 () to read: 
2018-04-26 15:13:36 #nsfw @Also#1046: bbgifbbgifbbgif
2018-04-26 15:13:37 #nsfw @GD | Z1GG3R#2495: Bbgif
2018-04-26 15:13:37 #nsfw @Also#1046: bbgif
2018-04-26 15:13:37 #nsfw @Also#1046: bbgif
2018-04-26 15:13:38 #nsfw @BoobBot™#5382: 
2018-04-26 15:13:39 #nsfw @BoobBot™#5382 edited message from 2018-04-26 15:13:38 () to read: 
2018-04-26 15:13:38 #nsfw @BoobBot™#5382: 
2018-04-26 15:13:39 #nsfw @BoobBot™#5382 edited message from 2018-04-26 15:13:38 () to read: 
2018-04-26 15:13:38 #nsfw @BoobBot™#5382: 
2018-04-26 15:13:39 #nsfw @BoobBot™#5382 edited message from 2018-04-26 15:13:38 () to read: 
2018-04-26 15:13:38 #nsfw @Also#1046: bbgif
2018-04-26 15:13:38 #nsfw @BoobBot™#5382: 
2018-04-26 15:13:39 #nsfw @BoobBot™#5382 edited message from 2018-04-26 15:13:38 () to read: 
2018-04-26 15:13:39 #nsfw @Also#1046: bbgif
2018-04-26 15:13:39 #nsfw @BoobBot™#5382: 
2018-04-26 15:13:39 #nsfw @BoobBot™#5382 edited message from 2018-04-26 15:13:39 () to read: 
2018-04-26 15:13:40 #nsfw @Also#1046: bbgif
2018-04-26 15:13:41 #nsfw @GD | Z1GG3R#2495: BbgifBbgif
2018-04-26 15:13:43 #nsfw @GD | Z1GG3R#2495: Bbgif
2018-04-26 15:13:43 #nsfw @Also#1046: bbgif
2018-04-26 15:13:43 #nsfw @Also#1046: bbgif
2018-04-26 15:13:44 #nsfw @GD | Z1GG3R#2495: Bbgif
2018-04-26 15:13:44 #nsfw @Also#1046: v
2018-04-26 15:13:44 #nsfw @BoobBot™#5382: 
2018-04-26 15:13:44 #nsfw @Also#1046: bbgif
2018-04-26 15:13:44 #nsfw @BoobBot™#5382 edited message from 2018-04-26 15:13:44 () to read: 
2018-04-26 15:13:44 #nsfw @BoobBot™#5382: 
2018-04-26 15:13:44 #nsfw @BoobBot™#5382 edited message from 2018-04-26 15:13:44 () to read: 
2018-04-26 15:13:44 #nsfw @BoobBot™#5382: 
2018-04-26 15:13:44 #nsfw @BoobBot™#5382: 
2018-04-26 15:13:44 #nsfw @BoobBot™#5382 edited message from 2018-04-26 15:13:44 () to read: 
2018-04-26 15:13:44 #nsfw @BoobBot™#5382 edited message from 2018-04-26 15:13:44 () to read: 
2018-04-26 15:13:44 #nsfw @BoobBot™#5382: 
2018-04-26 15:13:44 #nsfw @BoobBot™#5382 edited message from 2018-04-26 15:13:44 () to read: 
2018-04-26 15:13:45 #nsfw @Also#1046: bbgif
2018-04-26 15:13:45 #nsfw @Also#1046: bbgif
2018-04-26 15:13:46 #nsfw @Also#1046: bbgif
2018-04-26 15:13:46 #nsfw @Also#1046: bbgif
2018-04-26 15:13:47 #nsfw @GD | Z1GG3R#2495: Bbgif
2018-04-26 15:13:50 #nsfw @BoobBot™#5382: 
2018-04-26 15:13:50 #nsfw @BoobBot™#5382 edited message from 2018-04-26 15:13:50 () to read: 
2018-04-26 15:13:50 #nsfw @BoobBot™#5382: 
2018-04-26 15:13:51 #nsfw @BoobBot™#5382 edited message from 2018-04-26 15:13:50 () to read: 
2018-04-26 15:13:50 #nsfw @BoobBot™#5382: 
2018-04-26 15:13:51 #nsfw @BoobBot™#5382 edited message from 2018-04-26 15:13:50 () to read: 
2018-04-26 15:13:51 #nsfw @BoobBot™#5382: 
2018-04-26 15:13:51 #nsfw @BoobBot™#5382 edited message from 2018-04-26 15:13:51 () to read: 
2018-04-26 15:13:51 #nsfw @BoobBot™#5382: 
2018-04-26 15:13:51 #nsfw @BoobBot™#5382 edited message from 2018-04-26 15:13:51 () to read: 
2018-04-26 15:13:56 #nsfw @BoobBot™#5382: 
2018-04-26 15:13:58 #nsfw @BoobBot™#5382 edited message from 2018-04-26 15:13:56 () to read: 
2018-04-28 18:33:32 #nsfw @GD | Z1GG3R#2495: bbgif
2018-04-28 18:33:32 #nsfw @BoobBot™#5382: 
2018-04-28 18:33:33 #nsfw @BoobBot™#5382 edited message from 2018-04-28 18:33:32 () to read: 
2018-04-28 18:33:35 #nsfw @GD | Z1GG3R#2495: bbgif
2018-04-28 18:33:35 #nsfw @BoobBot™#5382: 
2018-04-28 18:33:35 #nsfw @BoobBot™#5382 edited message from 2018-04-28 18:33:35 () to read: 
2018-04-28 18:33:44 #nsfw @GD | Z1GG3R#2495: v
2018-04-28 18:33:45 #nsfw @GD | Z1GG3R#2495: bbgif
2018-04-28 18:33:45 #nsfw @BoobBot™#5382: 
2018-04-28 18:33:45 #nsfw @BoobBot™#5382 edited message from 2018-04-28 18:33:45 () to read: 
2018-04-28 18:33:46 #nsfw @GD | Z1GG3R#2495: bbgif
2018-04-28 18:33:46 #nsfw @BoobBot™#5382: 
2018-04-28 18:33:46 #nsfw @BoobBot™#5382 edited message from 2018-04-28 18:33:46 () to read: 
2018-04-28 18:33:52 #nsfw @GD | Z1GG3R#2495: bbgif
2018-04-28 18:33:52 #nsfw @BoobBot™#5382: 
2018-04-28 18:33:53 #nsfw @BoobBot™#5382 edited message from 2018-04-28 18:33:52 () to read: 
2018-04-28 18:33:54 #nsfw @GD | Z1GG3R#2495: bbgif
2018-04-28 18:33:54 #nsfw @BoobBot™#5382: 
2018-04-28 18:33:54 #nsfw @BoobBot™#5382 edited message from 2018-04-28 18:33:54 () to read: 
2018-04-28 18:33:56 #nsfw @GD | Z1GG3R#2495: bbgif
2018-04-28 18:33:56 #nsfw @BoobBot™#5382: 
2018-04-28 18:33:56 #nsfw @BoobBot™#5382 edited message from 2018-04-28 18:33:56 () to read: 
2018-04-28 18:33:57 #nsfw @GD | Z1GG3R#2495: bbgif
2018-04-28 18:33:57 #nsfw @BoobBot™#5382: 
2018-04-28 18:33:57 #nsfw @BoobBot™#5382 edited message from 2018-04-28 18:33:57 () to read: 
2018-04-28 18:33:59 #nsfw @GD | Z1GG3R#2495: bbgif
2018-04-28 18:33:59 #nsfw @BoobBot™#5382: 
2018-04-28 18:34:00 #nsfw @BoobBot™#5382 edited message from 2018-04-28 18:33:59 () to read: 
2018-04-28 18:34:01 #nsfw @GD | Z1GG3R#2495: bbgif
2018-04-28 18:34:01 #nsfw @BoobBot™#5382: 
2018-04-28 18:34:01 #nsfw @BoobBot™#5382 edited message from 2018-04-28 18:34:01 () to read: 
2018-04-28 18:34:03 #nsfw @GD | Z1GG3R#2495: bbgif
2018-04-28 18:34:03 #nsfw @BoobBot™#5382: 
2018-04-28 18:34:03 #nsfw @BoobBot™#5382 edited message from 2018-04-28 18:34:03 () to read: 
2018-04-28 18:34:04 #nsfw @GD | Z1GG3R#2495: bbgif
2018-04-28 18:34:04 #nsfw @BoobBot™#5382: 
2018-04-28 18:34:05 #nsfw @BoobBot™#5382 edited message from 2018-04-28 18:34:04 () to read: 
2018-04-28 18:34:06 #nsfw @GD | Z1GG3R#2495: bbgif
2018-04-28 18:34:06 #nsfw @BoobBot™#5382: 
2018-04-28 18:34:06 #nsfw @BoobBot™#5382 edited message from 2018-04-28 18:34:06 () to read: 
2018-04-28 18:34:08 #nsfw @GD | Z1GG3R#2495: bbgif
2018-04-28 18:34:08 #nsfw @BoobBot™#5382: 
2018-04-28 18:34:08 #nsfw @BoobBot™#5382 edited message from 2018-04-28 18:34:08 () to read: 
2018-04-28 18:34:10 #nsfw @GD | Z1GG3R#2495: bbgif
2018-04-28 18:34:10 #nsfw @BoobBot™#5382: 
2018-04-28 18:34:10 #nsfw @BoobBot™#5382 edited message from 2018-04-28 18:34:10 () to read: 
2018-04-28 18:34:12 #nsfw @GD | Z1GG3R#2495: bbgif
2018-04-28 18:34:12 #nsfw @BoobBot™#5382: 
2018-04-28 18:34:12 #nsfw @BoobBot™#5382 edited message from 2018-04-28 18:34:12 () to read: 
2018-04-28 18:34:14 #nsfw @GD | Z1GG3R#2495: bbgif
2018-04-28 18:34:14 #nsfw @BoobBot™#5382: 
2018-04-28 18:34:14 #nsfw @BoobBot™#5382 edited message from 2018-04-28 18:34:14 () to read: 
2018-04-28 18:34:23 #nsfw @GD | Z1GG3R#2495: bbgif
2018-04-28 18:34:23 #nsfw @BoobBot™#5382: 
2018-04-28 18:34:23 #nsfw @BoobBot™#5382 edited message from 2018-04-28 18:34:23 () to read: 
2018-04-28 18:34:26 #nsfw @GD | Z1GG3R#2495: bbgif
2018-04-28 18:34:26 #nsfw @BoobBot™#5382: 
2018-04-28 18:34:26 #nsfw @BoobBot™#5382 edited message from 2018-04-28 18:34:26 () to read: 
2018-04-28 18:34:26 #nsfw @GD | Z1GG3R#2495: bbgif
2018-04-28 18:34:26 #nsfw @BoobBot™#5382: 
2018-04-28 18:34:26 #nsfw @BoobBot™#5382 edited message from 2018-04-28 18:34:26 () to read: 
2018-04-28 18:34:28 #nsfw @GD | Z1GG3R#2495: bbgif
2018-04-28 18:34:28 #nsfw @BoobBot™#5382: 
2018-04-28 18:34:44 #nsfw @BoobBot™#5382 edited message from 2018-04-28 18:34:28 () to read: 
2018-04-28 18:34:29 #nsfw @GD | Z1GG3R#2495: bbgif
2018-04-28 18:34:29 #nsfw @BoobBot™#5382: 
2018-04-28 18:34:45 #nsfw @BoobBot™#5382 edited message from 2018-04-28 18:34:29 () to read: 
2018-04-28 18:34:33 #nsfw @GD | Z1GG3R#2495: bbgif
2018-04-28 18:34:33 #nsfw @BoobBot™#5382: 
2018-04-28 18:34:45 #nsfw @BoobBot™#5382 edited message from 2018-04-28 18:34:33 () to read: 
2018-04-28 18:34:34 #nsfw @GD | Z1GG3R#2495: bbgif
2018-04-28 18:34:34 #nsfw @BoobBot™#5382: 
2018-04-28 18:34:45 #nsfw @BoobBot™#5382 edited message from 2018-04-28 18:34:34 () to read: 
2018-04-28 18:34:36 #nsfw @GD | Z1GG3R#2495: bbgif
2018-04-28 18:34:36 #nsfw @BoobBot™#5382: 
2018-04-28 18:34:45 #nsfw @BoobBot™#5382 edited message from 2018-04-28 18:34:36 () to read: 
2018-04-28 18:34:38 #nsfw @GD | Z1GG3R#2495: bbgif
2018-04-28 18:34:38 #nsfw @BoobBot™#5382: 
2018-04-28 18:34:46 #nsfw @BoobBot™#5382 edited message from 2018-04-28 18:34:38 () to read: 
2018-04-28 18:34:40 #nsfw @GD | Z1GG3R#2495: bbgif
2018-04-28 18:34:40 #nsfw @BoobBot™#5382: 
2018-04-28 18:34:46 #nsfw @BoobBot™#5382 edited message from 2018-04-28 18:34:40 () to read: 
2018-04-28 18:34:44 #nsfw @GD | Z1GG3R#2495: bbgif
2018-04-28 18:34:44 #nsfw @BoobBot™#5382: 
2018-04-28 18:34:47 #nsfw @BoobBot™#5382 edited message from 2018-04-28 18:34:44 () to read: 
2018-04-28 18:34:47 #nsfw @GD | Z1GG3R#2495: bbgif
2018-04-28 18:34:48 #nsfw @BoobBot™#5382: 
2018-04-28 18:34:48 #nsfw @BoobBot™#5382 edited message from 2018-04-28 18:34:48 () to read: 
2018-04-28 18:34:48 #nsfw @GD | Z1GG3R#2495: bbgif
2018-04-28 18:34:48 #nsfw @BoobBot™#5382: 
2018-04-28 18:34:48 #nsfw @BoobBot™#5382 edited message from 2018-04-28 18:34:48 () to read: 
2018-04-28 18:34:50 #nsfw @GD | Z1GG3R#2495: bbgif
2018-04-28 18:34:50 #nsfw @BoobBot™#5382: 
2018-04-28 18:34:50 #nsfw @BoobBot™#5382 edited message from 2018-04-28 18:34:50 () to read: 
2018-04-28 18:34:52 #nsfw @GD | Z1GG3R#2495: bbgif
2018-04-28 18:34:52 #nsfw @BoobBot™#5382: 
2018-04-28 18:34:52 #nsfw @BoobBot™#5382 edited message from 2018-04-28 18:34:52 () to read: 
2018-04-28 18:34:53 #nsfw @GD | Z1GG3R#2495: bbgif
2018-04-28 18:34:53 #nsfw @BoobBot™#5382: 
2018-04-28 18:34:53 #nsfw @BoobBot™#5382 edited message from 2018-04-28 18:34:53 () to read: 
2018-04-28 18:34:55 #nsfw @GD | Z1GG3R#2495: bbgif
2018-04-28 18:34:55 #nsfw @BoobBot™#5382: 
2018-04-28 18:34:55 #nsfw @BoobBot™#5382 edited message from 2018-04-28 18:34:55 () to read: 
2018-04-28 18:34:56 #nsfw @GD | Z1GG3R#2495: bbgif
2018-04-28 18:34:56 #nsfw @BoobBot™#5382: 
2018-04-28 18:34:56 #nsfw @BoobBot™#5382 edited message from 2018-04-28 18:34:56 () to read: 
2018-04-28 18:34:57 #nsfw @GD | Z1GG3R#2495: bbgif
2018-04-28 18:34:58 #nsfw @BoobBot™#5382: 
2018-04-28 18:35:00 #nsfw @BoobBot™#5382 edited message from 2018-04-28 18:34:58 () to read: 
2018-04-28 18:35:00 #nsfw @GD | Z1GG3R#2495: bbgif
2018-04-28 18:35:00 #nsfw @BoobBot™#5382: 
2018-04-28 18:35:01 #nsfw @BoobBot™#5382 edited message from 2018-04-28 18:35:00 () to read: 
2018-04-28 18:35:02 #nsfw @GD | Z1GG3R#2495: bbgif
2018-04-28 18:35:02 #nsfw @BoobBot™#5382: 
2018-04-28 18:35:02 #nsfw @BoobBot™#5382 edited message from 2018-04-28 18:35:02 () to read: 
2018-04-28 18:35:04 #nsfw @GD | Z1GG3R#2495: bbgif
2018-04-28 18:35:04 #nsfw @BoobBot™#5382: 
2018-04-28 18:35:05 #nsfw @BoobBot™#5382 edited message from 2018-04-28 18:35:04 () to read: 
2018-04-28 18:35:06 #nsfw @GD | Z1GG3R#2495: bbgif
2018-04-28 18:35:06 #nsfw @BoobBot™#5382: 
2018-04-28 18:35:06 #nsfw @BoobBot™#5382 edited message from 2018-04-28 18:35:06 () to read: 
2018-04-28 18:35:07 #nsfw @GD | Z1GG3R#2495: bbgif
2018-04-28 18:35:07 #nsfw @BoobBot™#5382: 
2018-04-28 18:35:08 #nsfw @BoobBot™#5382 edited message from 2018-04-28 18:35:07 () to read: 
2018-04-28 18:35:33 #nsfw @GD | Z1GG3R#2495: bbgif
2018-04-28 18:35:33 #nsfw @BoobBot™#5382: 
2018-04-28 18:35:33 #nsfw @BoobBot™#5382 edited message from 2018-04-28 18:35:33 () to read: 
2018-04-28 18:35:34 #nsfw @GD | Z1GG3R#2495: bbgif
2018-04-28 18:35:34 #nsfw @BoobBot™#5382: 
2018-04-28 18:35:34 #nsfw @BoobBot™#5382 edited message from 2018-04-28 18:35:34 () to read: 
2018-04-28 18:35:36 #nsfw @GD | Z1GG3R#2495: bbgif
2018-04-28 18:35:36 #nsfw @BoobBot™#5382: 
2018-04-28 18:35:36 #nsfw @BoobBot™#5382 edited message from 2018-04-28 18:35:36 () to read: 
