2018-04-23 17:21:37 #erotischer-chat @Verize#3792: .multicolor 3 Vize Owner
2018-04-23 17:21:47 #erotischer-chat @Verize#3792: mhhh
2018-04-23 17:21:49 #erotischer-chat @Verize#3792: :c
2018-04-23 17:24:15 #erotischer-chat @Verize#3792: *multicolor 3 Vize Owner
2018-04-23 17:24:26 #erotischer-chat @Verize#3792: *multicolor 3 "Vize Owner"
2018-04-23 17:24:33 #erotischer-chat @Verize#3792: *multicolor 2 "Vize Owner"
2018-04-23 17:24:39 #erotischer-chat @Verize#3792: .multicolor 3 "Vize Owner"
2018-04-23 17:25:44 #erotischer-chat @Verize#3792: *help
2018-04-23 17:25:45 #erotischer-chat @Ghostplay R2#1298: Hey there, @Verize! I sent you the list of commands in a private message.\nCheck your direct messages
2018-04-23 17:34:30 #erotischer-chat @Rythm#3722: **Thank you for adding me!** ✅\n`-` My prefix here is `!`\n`-` You can see a list of commands by typing `!help`\n`-` You can change my prefix with `!settings prefix`\n`-` If you need help, feel free to join our support server at **<https://rythmbot.co/support>**\n**By having Rythm in your server and using Rythm, you agree to the following Terms of Service: <https://rythmbot.co/tos>**
2018-04-23 17:35:12 #erotischer-chat @Fxme#2348: !help
2018-04-23 17:35:12 #erotischer-chat @Rythm#3722: ✅ **Check <https://rythmbot.co/features#list> for a list of commands**
2018-04-23 17:35:14 #erotischer-chat @Synapse#0692: Check your DM, @Fxme! I have sent something for you :wink:
2018-04-23 17:35:59 #erotischer-chat @Fxme#2348: !settings
2018-04-23 17:35:59 #erotischer-chat @Rythm#3722: 
2018-04-23 17:35:59 #erotischer-chat @Rythm#3722 edited message from 2018-04-23 17:35:59 () to read: 
2018-04-23 17:36:06 #erotischer-chat @Verize#3792: !play https://www.youtube.com/watch?v=EO6fZe3jNks
2018-04-23 17:36:07 #erotischer-chat @Rythm#3722: <:youtube:335112740957978625> **Searching** 🔎 `https://www.youtube.com/watch?v=EO6fZe3jNks`
2018-04-23 17:36:07 #erotischer-chat @Rythm#3722: **Playing** 🎶 `Drake - God's Plan - FORTNITE PARODY (Official Music Video)` - Now!
2018-04-23 17:36:32 #erotischer-chat @Fxme#2348: !stop
2018-04-23 17:36:32 #erotischer-chat @Rythm#3722: **Paused** ⏸
2018-04-23 17:36:32 #erotischer-chat @Synapse#0692: Stopping...
