2018-04-25 16:55:24 #✨Publis-Room-1✨ Voice channel join: Tortrus#5862 (id 218408448625213450), flags: self_deaf,self_mute
2018-04-25 16:55:24 #✨Publis-Room-1✨ Server self-undeafen: Tortrus#5862 (id 218408448625213450)
2018-04-25 16:55:24 #✨Publis-Room-1✨ Server self-unmute: Tortrus#5862 (id 218408448625213450)
2018-04-25 16:55:29 #✨Publis-Room-1✨ Voice channel join: ㊝Ą̸H̸M̸Ę̸D̸㊝ZĘR㊝✅#8020 (id 333740799827247104), moved from ✨Publis-Room-3✨
2018-04-25 16:55:29 #✨Publis-Room-1✨ Voice channel join: s̷n̷f̷o̷r̷ i̷s̷ h̷e̷r̷e̷ ✅#7017 (id 421910650462404608), moved from ✨Publis-Room-3✨
2018-04-25 17:11:16 #✨Publis-Room-1✨ Voice channel leave: Tortrus#5862 (id 218408448625213450)
2018-04-25 17:11:18 #✨Publis-Room-1✨ Voice channel join: Tortrus#5862 (id 218408448625213450)
2018-04-25 17:24:18 #✨Publis-Room-1✨ Server self-mute: Tortrus#5862 (id 218408448625213450)
2018-04-25 17:24:18 #✨Publis-Room-1✨ Server self-unmute: Tortrus#5862 (id 218408448625213450)
2018-04-25 17:29:29 #✨Publis-Room-1✨ Server self-mute: Tortrus#5862 (id 218408448625213450)
2018-04-25 17:29:29 #✨Publis-Room-1✨ Server self-unmute: Tortrus#5862 (id 218408448625213450)
2018-04-25 17:32:49 #✨Publis-Room-1✨ Server self-mute: Tortrus#5862 (id 218408448625213450)
2018-04-25 17:32:50 #✨Publis-Room-1✨ Server self-unmute: Tortrus#5862 (id 218408448625213450)
2018-04-25 17:40:00 #✨Publis-Room-1✨ Voice channel leave: Tortrus#5862 (id 218408448625213450)
2018-04-25 17:47:37 #✨Publis-Room-1✨ Voice channel leave: ㊝Ą̸H̸M̸Ę̸D̸㊝ZĘR㊝✅#8020 (id 333740799827247104)
2018-04-25 17:47:38 #✨Publis-Room-1✨ Voice channel join: ㊝Ą̸H̸M̸Ę̸D̸㊝ZĘR㊝✅#8020 (id 333740799827247104)
2018-04-25 17:48:34 #✨Publis-Room-1✨ Voice channel join: dabBot#0563 (id 270198738570444801), flags: self_deaf
2018-04-25 17:50:04 #✨Publis-Room-1✨ Voice channel leave: dabBot#0563 (id 270198738570444801)
2018-04-25 18:17:42 #✨Publis-Room-1✨ Voice channel leave: ㊝Ą̸H̸M̸Ę̸D̸㊝ZĘR㊝✅#8020 (id 333740799827247104)
2018-04-25 18:18:02 #✨Publis-Room-1✨ Voice channel leave: s̷n̷f̷o̷r̷ i̷s̷ h̷e̷r̷e̷ ✅#7017 (id 421910650462404608)
2018-04-27 17:24:03 #✨Publis-Room-1✨ Voice channel join: ㊝Ą̸H̸M̸Ę̸D̸㊝ZĘR㊝✅#8020 (id 333740799827247104), moved from 🔥-Owner-Room-🔥3
2018-04-27 17:24:12 #✨Publis-Room-1✨ Voice channel join: Kingd3sgamer gamer#3587 (id 280691057044488192)
2018-04-27 17:31:14 #✨Publis-Room-1✨ Server self-deafen: Kingd3sgamer gamer#3587 (id 280691057044488192)
2018-04-27 17:31:14 #✨Publis-Room-1✨ Server self-mute: Kingd3sgamer gamer#3587 (id 280691057044488192)
2018-04-27 17:32:07 #✨Publis-Room-1✨ Voice channel leave: ㊝Ą̸H̸M̸Ę̸D̸㊝ZĘR㊝✅#8020 (id 333740799827247104)
2018-04-27 17:32:16 #✨Publis-Room-1✨ Server self-undeafen: Kingd3sgamer gamer#3587 (id 280691057044488192)
2018-04-27 17:32:16 #✨Publis-Room-1✨ Server self-unmute: Kingd3sgamer gamer#3587 (id 280691057044488192)
2018-04-27 17:32:41 #✨Publis-Room-1✨ Voice channel leave: Kingd3sgamer gamer#3587 (id 280691057044488192)
2018-04-27 17:34:01 #✨Publis-Room-1✨ Voice channel join: ㊝Ą̸H̸M̸Ę̸D̸㊝ZĘR㊝✅#8020 (id 333740799827247104)
2018-04-27 17:42:30 #✨Publis-Room-1✨ Voice channel leave: ㊝Ą̸H̸M̸Ę̸D̸㊝ZĘR㊝✅#8020 (id 333740799827247104)
2018-05-02 20:05:44 #✨Publis-Room-1✨ Voice channel join: ㊖><ALKING><㊖#8020 (id 333740799827247104)
2018-05-02 20:05:48 #✨Publis-Room-1✨ Voice channel join: 👑ὄzεჯ բὄʀ ʛᾄмεṩ👑#7621 (id 318907690644537355)
2018-05-02 20:05:55 #✨Publis-Room-1✨ Voice channel join: Mohmad Hjajj#3587 (id 280691057044488192)
2018-05-02 20:06:13 #✨Publis-Room-1✨ Voice channel leave: ㊖><ALKING><㊖#8020 (id 333740799827247104) moving to ✨Publis-Room-2✨
2018-05-02 20:06:15 #✨Publis-Room-1✨ Voice channel join: ㊖><ALKING><㊖#8020 (id 333740799827247104), moved from ✨Publis-Room-2✨
2018-05-02 20:06:18 #✨Publis-Room-1✨ Voice channel leave: ㊖><ALKING><㊖#8020 (id 333740799827247104) moving to 💲Rust-Grop-Friends💲
2018-05-02 20:06:19 #✨Publis-Room-1✨ Voice channel join: ㊖><ALKING><㊖#8020 (id 333740799827247104), moved from 💲Rust-Grop-Friends💲
2018-05-02 20:06:20 #✨Publis-Room-1✨ Voice channel leave: ㊖><ALKING><㊖#8020 (id 333740799827247104) moving to 🉑ARMA-ROOM🉑
2018-05-02 20:06:29 #✨Publis-Room-1✨ Voice channel leave: ㊖><ALKING><㊖#8020 (id 333740799827247104)
2018-05-02 20:06:43 #✨Publis-Room-1✨ Voice channel join: ㊖><ALKING><㊖#8020 (id 333740799827247104)
2018-05-02 20:06:43 #✨Publis-Room-1✨ Server self-unmute: ㊖><ALKING><㊖#8020 (id 333740799827247104)
2018-05-02 20:06:59 #✨Publis-Room-1✨ Server self-deafen: 👑ὄzεჯ բὄʀ ʛᾄмεṩ👑#7621 (id 318907690644537355)
2018-05-02 20:06:59 #✨Publis-Room-1✨ Server self-mute: 👑ὄzεჯ բὄʀ ʛᾄмεṩ👑#7621 (id 318907690644537355)
2018-05-02 20:06:59 #✨Publis-Room-1✨ Server self-undeafen: 👑ὄzεჯ բὄʀ ʛᾄмεṩ👑#7621 (id 318907690644537355)
2018-05-02 20:06:59 #✨Publis-Room-1✨ Server self-unmute: 👑ὄzεჯ բὄʀ ʛᾄмεṩ👑#7621 (id 318907690644537355)
2018-05-02 20:07:00 #✨Publis-Room-1✨ Server self-mute: 👑ὄzεჯ բὄʀ ʛᾄмεṩ👑#7621 (id 318907690644537355)
2018-05-02 20:07:17 #✨Publis-Room-1✨ Server self-unmute: 👑ὄzεჯ բὄʀ ʛᾄмεṩ👑#7621 (id 318907690644537355)
2018-05-02 20:07:20 #✨Publis-Room-1✨ Server self-mute: 👑ὄzεჯ բὄʀ ʛᾄмεṩ👑#7621 (id 318907690644537355)
2018-05-02 20:10:12 #✨Publis-Room-1✨ Voice channel leave: ㊖><ALKING><㊖#8020 (id 333740799827247104) moving to ✨Publis-Room-2✨
2018-05-02 20:10:13 #✨Publis-Room-1✨ Voice channel join: ㊖><ALKING><㊖#8020 (id 333740799827247104), moved from ✨Publis-Room-2✨
2018-05-02 20:12:43 #✨Publis-Room-1✨ Voice channel leave: ㊖><ALKING><㊖#8020 (id 333740799827247104)
2018-05-02 20:18:15 #✨Publis-Room-1✨ Voice channel leave: 👑ὄzεჯ բὄʀ ʛᾄмεṩ👑#7621 (id 318907690644537355)
2018-05-02 20:18:36 #✨Publis-Room-1✨ Voice channel leave: Mohmad Hjajj#3587 (id 280691057044488192)
