2018-04-25 05:18:55 #ticket-test @villabouwer780 (Brandon)#1376: -help
2018-04-25 05:18:55 #ticket-test @Tickety#3703: 
2018-04-25 05:18:55 #ticket-test @Tickety#3703 edited message from 2018-04-25 05:18:55 () to read: 
2018-04-25 05:19:10 #ticket-test @villabouwer780 (Brandon)#1376: -nullsetrole
2018-04-25 05:19:32 #ticket-test @villabouwer780 (Brandon)#1376: -nullsetrole OpperZwaan
2018-04-25 05:19:45 #ticket-test @villabouwer780 (Brandon)#1376: -help
2018-04-25 05:19:45 #ticket-test @Tickety#3703: 
2018-04-25 05:19:46 #ticket-test @Tickety#3703 edited message from 2018-04-25 05:19:45 () to read: 
2018-04-25 05:21:16 #ticket-test @villabouwer780 (Brandon)#1376: -help
2018-04-25 05:21:17 #ticket-test @Tickety#3703: 
2018-04-25 05:21:17 #ticket-test @Tickety#3703 edited message from 2018-04-25 05:21:17 () to read: 
2018-04-25 05:22:06 #ticket-test @villabouwer780 (Brandon)#1376: -setlog #logs enable
2018-04-25 05:22:06 #ticket-test @Tickety#3703: 
2018-04-25 05:22:06 #ticket-test @Tickety#3703 edited message from 2018-04-25 05:22:06 () to read: 
2018-04-25 05:22:30 #ticket-test @villabouwer780 (Brandon)#1376: -setmoderation true
2018-04-25 05:22:30 #ticket-test @Tickety#3703: 
2018-04-25 05:22:30 #ticket-test @Tickety#3703 edited message from 2018-04-25 05:22:30 () to read: 
2018-04-25 11:46:39 #ticket-test @Lars✓verified#8115: -new eendje
2018-04-25 11:46:40 #ticket-test @Tickety#3703: 
2018-04-25 11:46:41 #ticket-test @Tickety#3703 edited message from 2018-04-25 11:46:40 () to read: 
