2018-04-24 18:17:00 this bot joined the server
2018-04-24 18:17:00 Member role add: 'Synapse' role was added to @Synapse#0692
2018-04-24 18:18:37 Channel created: tesy-cmd
2018-04-24 18:18:37 Channel overwrites: tesy-cmd (438403408844554261): role muted (435028206358102026) added with values 0, 2048
2018-04-24 18:20:16 Channel overwrites: tesy-cmd (438403408844554261): member Welcomer (330416853971107840) added with values 1, 0
2018-04-24 18:20:26 Channel overwrites: tesy-cmd (438403408844554261): member MEE6 (159985870458322944) added with values 2048, 0
2018-04-24 18:20:31 Channel overwrites: tesy-cmd (438403408844554261): member MEE6 (159985870458322944) updated to values 2049, 0 (was 2048, 0)
2018-04-24 18:20:45 Channel overwrites: tesy-cmd (438403408844554261): member Ghostplay R2 (435829986772123658) added with values 1, 0
2018-04-25 05:20:07 Role created: 'new role' (id 438569878442737676)
2018-04-25 05:20:18 Role color: 'new role' changed from #000000 to #195080
2018-04-25 05:20:19 Role color: 'new role' changed from #195080 to #1a7939
2018-04-25 05:20:23 Role hoist: 'new role' is now shown seperately
2018-04-25 05:20:24 Role hoist: 'new role' is no longer shown seperately
2018-04-25 05:20:24 Role hoist: 'new role' is now shown seperately
2018-04-25 05:20:26 Role mentionable: 'new role' is now mentionable
2018-04-25 05:20:28 Role renamed: 'new role' to 'Support Team'
2018-04-25 05:21:10 Member role add: 'Support Team' role was added to @villabouwer780 (Brandon)#1376
2018-04-25 05:24:18 Member unban: @Welcomer#7231 (id 416303135808815133)
2018-04-25 05:25:41 Channel rename: mems renamed to memes
2018-04-25 05:26:26 Member role add: 'eend' role was added to @dondersteen#9967
2018-04-25 05:26:26 Member role add: 'partner' role was added to @dondersteen#9967
2018-04-25 05:26:35 Member role add: 'eend' role was added to @DutchStan#9565
2018-04-25 05:26:38 Member role remove: The 'partner' role was removed from @dondersteen#9967
2018-04-25 05:26:43 Member role add: 'eend' role was added to @DYLAN#0852
2018-04-25 05:26:49 Member role add: 'eend' role was added to @GamingXL#7079
2018-04-25 05:26:55 Member role add: 'eend' role was added to @Jorn\\AfGewast#7621
2018-04-25 05:26:59 Member role add: 'eend' role was added to @Jurre ツ#4462
2018-04-25 05:27:04 Member role add: 'eend' role was added to @just a  WolfDemon#8850
2018-04-25 05:27:10 Member role add: 'eend' role was added to @Lolboy123boy#0400
2018-04-25 05:27:15 Member role add: 'eend' role was added to @Minikazar#1491
2018-04-25 05:27:24 Member role add: 'eend' role was added to @Mitchell#4146
2018-04-25 05:27:36 Member role add: 'eend' role was added to @WolkenVacht#2582
2018-04-25 05:27:50 Role hoist: 'moderator' is now shown seperately
2018-04-25 05:27:51 Role mentionable: 'moderator' is now mentionable
2018-04-25 05:27:51 Role permissions: 'moderator' changed from 104324289 to 104324297
2018-04-25 05:27:53 Role permissions: 'moderator' changed from 104324297 to 372759753
2018-04-25 05:27:54 Role permissions: 'moderator' changed from 372759753 to 372759785
2018-04-25 05:27:55 Role permissions: 'moderator' changed from 372759785 to 372759789
2018-04-25 05:27:56 Role permissions: 'moderator' changed from 372759789 to 372759791
2018-04-25 05:27:56 Role permissions: 'moderator' changed from 372759791 to 372759807
2018-04-25 05:27:58 Role permissions: 'moderator' changed from 372759807 to 909630719
2018-04-25 05:27:58 Role permissions: 'moderator' changed from 909630719 to 1983372543
2018-04-25 05:27:58 Role permissions: 'moderator' changed from 1983372543 to 2117590271
2018-04-25 05:28:01 Role permissions: 'moderator' changed from 2117590271 to 2117598463
2018-04-25 05:28:04 Role permissions: 'moderator' changed from 2117598463 to 2134375679
2018-04-25 05:28:04 Role permissions: 'moderator' changed from 2134375679 to 2125987071
2018-04-25 05:28:04 Role permissions: 'moderator' changed from 2125987071 to 2130181375
2018-04-25 05:28:07 Role permissions: 'moderator' changed from 2130181375 to 2146958591
2018-04-25 05:28:20 Member role add: 'moderator' role was added to @villabouwer780 (Brandon)#1376
2018-04-25 06:51:25 Member username: '@WolkenVacht#2582' (id 385416902811582467) changed username from 'WolkenVacht' to 'Aeghteros'
2018-04-25 10:28:12 Member username: '@Aeghteros#2582' (id 385416902811582467) changed username from 'Aeghteros' to 'WolkenVacht'
2018-04-25 10:34:56 Member leave: @WolkenVacht#2582 (id 385416902811582467)
2018-04-25 11:46:40 Channel created: ticket-0000
2018-04-25 11:46:40 Channel overwrites: ticket-0000 (438667156251738115): role @everyone (434258580083048449) added with values 0, 1024
2018-04-25 11:46:40 Channel overwrites: ticket-0000 (438667156251738115): role Support Team (438569878442737676) added with values 3072, 0
2018-04-25 11:46:40 Channel overwrites: ticket-0000 (438667156251738115): member Lars✓verified (264019795282886656) added with values 3072, 0
2018-04-25 11:46:40 Channel overwrites: ticket-0000 (438667156251738115): member Tickety (352854019934257156) added with values 19456, 0
2018-04-25 11:46:40 Channel overwrites: ticket-0000 (438667156251738115): role muted (435028206358102026) added with values 0, 2048
2018-04-25 12:49:44 Channel deleted: ticket-0000
2018-04-25 13:23:59 Member username: '@Lars✓verified#8115' (id 264019795282886656) changed username from 'Lars✓verified' to 'Mr.Jumbo'
2018-04-25 13:24:10 Member username: '@Mr.Jumbo#8115' (id 264019795282886656) changed username from 'Mr.Jumbo' to 'Lars'
2018-04-25 13:37:19 Channel overwrites: reclamen (438067801299877889): role @everyone (434258580083048449) updated to values 1, 805309456 (was 0, 805309457)
2018-04-25 13:58:29 Member join: @DionGames#4389 (id 431122178755526687)
2018-04-25 13:58:29 Member role add: 'eend' role was added to @DionGames#4389
2018-04-25 13:58:29 Member role add: 'eend' role was added to @DionGames#4389
2018-04-25 14:12:23 Member leave: @Minikazar#1491 (id 265091029265285121)
2018-04-25 15:26:36 Member join: @Breondtieee#0966 (id 281348487340359681)
2018-04-25 15:26:36 Member role add: 'eend' role was added to @Breondtieee#0966
2018-04-25 15:26:47 Member join: @iBeerZ#5663 (id 346933091555737602)
2018-04-25 15:26:47 Member role add: 'eend' role was added to @iBeerZ#5663
2018-04-25 15:29:35 Member role add: 'MOD《Bot》' role was added to @Ghostplay R2#1298
2018-04-25 15:32:01 Member join: @VigoHuisjes#6482 (id 346706087879114758)
2018-04-25 15:32:01 Member role add: 'eend' role was added to @VigoHuisjes#6482
2018-04-25 15:44:52 Member join: @✔  DupStepGamer 🔥#9802 (id 257488012101943306)
2018-04-25 15:44:52 Member role add: 'eend' role was added to @✔  DupStepGamer 🔥#9802
2018-04-25 15:45:33 Member join: @Its_Megan#2128 (id 259746413439614976)
2018-04-25 15:45:34 Member role add: 'eend' role was added to @Its_Megan#2128
2018-04-25 15:46:03 Member role add: 'MOD《Bot》' role was added to @Dyno#3861
2018-04-25 15:46:17 Member role add: 'muted' role was added to @Lars#8115
2018-04-25 15:46:21 Member role add: 'eend' role was added to @Lars#8115
2018-04-25 15:46:33 Member role add: 'Admin' role was added to @Lars#8115
2018-04-25 15:46:34 Member role add: 'Moderator' role was added to @Lars#8115
2018-04-25 15:46:35 Member role add: 'Bouwer' role was added to @Lars#8115
2018-04-25 15:46:36 Member role add: 'partner' role was added to @Lars#8115
2018-04-25 15:46:37 Member role add: 'MOD《Bot》' role was added to @Lars#8115
2018-04-25 15:46:38 Member role add: 'moderator' role was added to @Lars#8115
2018-04-25 15:48:53 Member join: @luuk#5390 (id 290511242605363201)
2018-04-25 15:48:53 Member role add: 'eend' role was added to @luuk#5390
2018-04-25 15:50:13 Member join: @Noor de Narwhale#2012 (id 408630988445581314)
2018-04-25 15:50:13 Member role add: 'eend' role was added to @Noor de Narwhale#2012
2018-04-25 15:51:56 Member join: @JustMeBoys_ (Thijs)#4484 (id 273105576366702593)
2018-04-25 15:51:56 Member role add: 'eend' role was added to @JustMeBoys_ (Thijs)#4484
2018-04-25 15:58:40 Member nickname: '@Its_Megan#2128' (id 259746413439614976) changed nickname from 'None' to 'Mega_megan'
2018-04-25 15:59:11 Member nickname: '@Its_Megan#2128' (id 259746413439614976) changed nickname from 'Mega_megan' to 'niger'
2018-04-25 15:59:33 Member nickname: '@Its_Megan#2128' (id 259746413439614976) changed nickname from 'niger' to 'PRO BUILDER OKE'
2018-04-25 16:00:08 Member nickname: '@Its_Megan#2128' (id 259746413439614976) changed nickname from 'PRO BUILDER OKE' to 'Meid'
2018-04-25 17:07:39 Role created: 'new role' (id 438747936369672212)
2018-04-25 17:07:52 Role color: 'new role' changed from #000000 to #ae6800
2018-04-25 17:07:54 Role hoist: 'new role' is now shown seperately
2018-04-25 17:07:55 Role renamed: 'new role' to 'Hele Serieuze gast'
2018-04-25 17:07:56 Channel overwrites: regels (434683041974059009): role @everyone (434258580083048449) added with values 0, 3072
2018-04-25 17:08:00 Channel overwrites: regels (434683041974059009): role @everyone (434258580083048449) updated to values 1024, 2048 (was 0, 3072)
2018-04-25 17:08:09 Member role add: 'Hele Serieuze gast' role was added to @✔  DupStepGamer 🔥#9802
2018-04-25 17:08:24 Member role remove: The 'eend' role was removed from @✔  DupStepGamer 🔥#9802
2018-04-25 17:08:56 Channel overwrites: logs (438345473233780766): role eend (438060629694349323) added with values 1024, 2048
2018-04-25 17:09:04 Channel overwrites: logs (438345473233780766): role Hele Serieuze gast (438747936369672212) added with values 1024, 2048
2018-04-25 17:09:15 Channel overwrites: logs (438345473233780766): role Bouwer (434429556628389899) added with values 1024, 2048
2018-04-25 17:11:07 Channel overwrites: logs (438345473233780766): role eend (438060629694349323) updated to values 0, 3072 (was 1024, 2048)
2018-04-25 17:11:16 Channel overwrites: logs (438345473233780766): role Hele Serieuze gast (438747936369672212) updated to values 0, 3072 (was 1024, 2048)
2018-04-25 17:11:21 Channel overwrites: logs (438345473233780766): role Bouwer (434429556628389899) updated to values 0, 3072 (was 1024, 2048)
2018-04-25 17:34:38 Member join: @//Snellecas\\   │ ✓ᵛᵉʳᶦᶠᶦᵉᵈ#1827 (id 265938301247160326)
2018-04-25 17:34:38 Member role add: 'eend' role was added to @//Snellecas\\   │ ✓ᵛᵉʳᶦᶠᶦᵉᵈ#1827
2018-04-25 18:01:52 Member join: @GS Games#5629 (id 323596134104694785)
2018-04-25 18:01:52 Member role add: 'eend' role was added to @GS Games#5629
2018-04-25 18:28:08 Member join: @Eendjes Helper#3896 (id 438766163829194752)
2018-04-25 18:28:08 Role created: 'Eendjes Helper' (id 438768189883547658)
2018-04-25 18:28:08 Member role add: 'Eendjes Helper' role was added to @Eendjes Helper#3896
2018-04-25 18:40:04 Member join: @gys05#5301 (id 211079479194288128)
2018-04-25 18:40:04 Member role add: 'eend' role was added to @gys05#5301
2018-04-25 18:40:57 Member join: @jbnlgamer#4894 (id 260393083504558080)
2018-04-25 18:40:57 Member role add: 'eend' role was added to @jbnlgamer#4894
2018-04-25 18:44:04 Role permissions: 'Synapse' changed from 8 to 262216
2018-04-25 18:44:04 Role position: 'Synapse' changed from 3 to 4
2018-04-25 18:44:04 Role permissions: 'Ghostplay R2' changed from 268520497 to 268782705
2018-04-25 18:44:04 Role position: 'Ghostplay R2' changed from 3 to 5
2018-04-25 18:44:04 Role position: 'moderator' changed from 3 to 6
2018-04-25 18:44:04 Role position: 'Welcomer' changed from 3 to 7
2018-04-25 18:44:04 Role position: 'Tickety' changed from 4 to 8
2018-04-25 18:44:04 Role position: 'eend' changed from 5 to 9
2018-04-25 18:44:04 Role position: 'Dyno' changed from 6 to 10
2018-04-25 18:44:04 Role position: 'muted' changed from 7 to 11
2018-04-25 18:44:04 Role position: 'Boldy' changed from 8 to 12
2018-04-25 18:44:04 Role position: 'MEE6' changed from 9 to 13
2018-04-25 18:44:04 Role position: 'MOD《Bot》' changed from 10 to 14
2018-04-25 18:44:04 Role position: 'partner' changed from 11 to 15
2018-04-25 18:44:04 Role position: 'Bouwer' changed from 12 to 16
2018-04-25 18:44:04 Role position: 'Moderator' changed from 13 to 17
2018-04-25 18:44:04 Role position: 'Admin' changed from 14 to 18
2018-04-25 18:44:04 Role position: 'OpperZwaan' changed from 15 to 19
2018-04-25 18:44:25 Member role remove: The 'Hele Serieuze gast' role was removed from @✔  DupStepGamer 🔥#9802
2018-04-25 18:44:25 Role deleted: 'Hele Serieuze gast' (id 438747936369672212)
2018-04-25 18:44:46 Member role remove: The 'moderator' role was removed from @villabouwer780 (Brandon)#1376
2018-04-25 18:44:46 Member role remove: The 'moderator' role was removed from @Lars#8115
2018-04-25 18:44:47 Role deleted: 'moderator' (id 438343332268212225)
2018-04-25 19:32:32 Member role add: 'eend' role was added to @✔  DupStepGamer 🔥#9802
2018-04-26 07:57:22 Member username: '@Mitchell#4146' (id 353435514159759370) changed username from 'Mitchell' to 'Mitchell//ZIXED'
2018-04-26 10:45:31 Channel created: 🔰staff-call
2018-04-26 10:45:32 Channel overwrites: 🔰staff-call (439014157774356491): role muted (435028206358102026) added with values 0, 2048
2018-04-26 11:00:19 Member join: @jensjeflensje™ | Duveluuuuuuuper#5156 (id 283554212019699722)
2018-04-26 11:00:19 Member role add: 'eend' role was added to @jensjeflensje™ | Duveluuuuuuuper#5156
2018-04-26 11:26:48 Member join: @_IComeForYou#0580 (id 393471333062672385)
2018-04-26 11:26:48 Member role add: 'eend' role was added to @_IComeForYou#0580
2018-04-26 11:26:48 Member role add: 'eend' role was added to @_IComeForYou#0580
2018-04-26 11:27:09 Member leave: @_IComeForYou#0580 (id 393471333062672385)
2018-04-26 11:56:21 Member join: @DeLaatsteDuif | Joran#7071 (id 326071090893815809)
2018-04-26 11:56:21 Member role add: 'eend' role was added to @DeLaatsteDuif | Joran#7071
2018-04-26 11:56:21 Member role add: 'eend' role was added to @DeLaatsteDuif | Joran#7071
2018-04-26 13:03:19 Member leave: @VigoHuisjes#6482 (id 346706087879114758)
2018-04-26 13:25:52 Member username: '@Lolboy123boy#0400' (id 181336837980160000) changed username from 'Lolboy123boy' to 'WaaromZoKoala'
2018-04-26 13:35:12 Member username: '@GamingXL#7079' (id 386428653531299840) changed username from 'GamingXL' to 'RoyGaming_'
2018-04-26 13:36:51 Channel deleted: ticket-test
2018-04-26 13:37:09 Channel created: tickety-cmd
2018-04-26 13:37:10 Channel overwrites: tickety-cmd (439057350763216908): role muted (435028206358102026) added with values 0, 2048
2018-04-26 13:38:04 Channel created: ticket-0001
2018-04-26 13:38:04 Channel overwrites: ticket-0001 (439057579499454474): role Support Team (438569878442737676) added with values 3072, 0
2018-04-26 13:38:04 Channel overwrites: ticket-0001 (439057579499454474): member Tickety (352854019934257156) added with values 19456, 0
2018-04-26 13:38:04 Channel overwrites: ticket-0001 (439057579499454474): role muted (435028206358102026) added with values 0, 2048
2018-04-26 13:38:04 Channel overwrites: ticket-0001 (439057579499454474): role @everyone (434258580083048449) added with values 0, 1024
2018-04-26 13:38:04 Channel overwrites: ticket-0001 (439057579499454474): member Lars (264019795282886656) added with values 3072, 0
2018-04-26 13:38:04 Channel overwrites: ticket-0001 (439057579499454474): role Support Team (438569878442737676) added with values 3072, 0
2018-04-26 13:38:04 Channel overwrites: ticket-0001 (439057579499454474): member Tickety (352854019934257156) added with values 19456, 0
2018-04-26 13:38:04 Channel overwrites: ticket-0001 (439057579499454474): role muted (435028206358102026) added with values 0, 2048
2018-04-26 13:38:04 Channel overwrites: ticket-0001 (439057579499454474): member Lars (264019795282886656) added with values 3072, 0
2018-04-26 13:38:04 Channel overwrites: ticket-0001 (439057579499454474): member Tickety (352854019934257156) added with values 19456, 0
2018-04-26 13:38:04 Channel overwrites: ticket-0001 (439057579499454474): role muted (435028206358102026) added with values 0, 2048
2018-04-26 13:38:04 Channel overwrites: ticket-0001 (439057579499454474): member Lars (264019795282886656) added with values 3072, 0
2018-04-26 13:38:04 Channel overwrites: ticket-0001 (439057579499454474): member Tickety (352854019934257156) added with values 19456, 0
2018-04-26 13:38:04 Channel overwrites: ticket-0001 (439057579499454474): role muted (435028206358102026) added with values 0, 2048
2018-04-26 13:38:05 Channel overwrites: ticket-0001 (439057579499454474): role muted (435028206358102026) added with values 0, 2048
2018-04-26 13:38:16 Channel deleted: ticket-0001
2018-04-26 13:39:30 Channel created: ticket-0002
2018-04-26 13:39:30 Channel overwrites: ticket-0002 (439057939769065484): role @everyone (434258580083048449) added with values 0, 1024
2018-04-26 13:39:30 Channel overwrites: ticket-0002 (439057939769065484): role Support Team (438569878442737676) added with values 3072, 0
2018-04-26 13:39:30 Channel overwrites: ticket-0002 (439057939769065484): member DeLaatsteDuif | Joran (326071090893815809) added with values 3072, 0
2018-04-26 13:39:30 Channel overwrites: ticket-0002 (439057939769065484): member Tickety (352854019934257156) added with values 19456, 0
2018-04-26 13:39:30 Channel overwrites: ticket-0002 (439057939769065484): role muted (435028206358102026) added with values 0, 2048
2018-04-26 13:53:37 Role created: 'new role' (id 439061494223732737)
2018-04-26 13:54:13 Role renamed: 'new role' to '🔰mc-dev'
2018-04-26 13:54:18 Role color: '🔰mc-dev' changed from #000000 to #818689
2018-04-26 13:54:20 Role color: '🔰mc-dev' changed from #818689 to #25c059
2018-04-26 13:54:21 Role color: '🔰mc-dev' changed from #25c059 to #d6680e
2018-04-26 13:54:21 Role color: '🔰mc-dev' changed from #d6680e to #25c059
2018-04-26 13:54:37 Role position: 'Support Team' changed from 3 to 2
2018-04-26 13:54:37 Role position: 'Synapse' changed from 4 to 3
2018-04-26 13:54:37 Role position: 'Ghostplay R2' changed from 5 to 4
2018-04-26 13:54:37 Role position: 'Welcomer' changed from 6 to 5
2018-04-26 13:54:37 Role position: 'Tickety' changed from 7 to 6
2018-04-26 13:54:37 Role position: 'eend' changed from 8 to 7
2018-04-26 13:54:37 Role position: 'Dyno' changed from 9 to 8
2018-04-26 13:54:37 Role position: 'muted' changed from 10 to 9
2018-04-26 13:54:37 Role position: 'Boldy' changed from 11 to 10
2018-04-26 13:54:37 Role position: 'MEE6' changed from 12 to 11
2018-04-26 13:54:37 Role position: 'MOD《Bot》' changed from 13 to 12
2018-04-26 13:54:37 Role position: 'partner' changed from 14 to 13
2018-04-26 13:54:37 Role position: '🔰mc-dev' changed from 1 to 14
2018-04-26 13:54:58 Role position: 'partner' changed from 13 to 12
2018-04-26 13:54:58 Role position: 'MOD《Bot》' changed from 12 to 13
2018-04-26 13:55:09 Member role add: '🔰mc-dev' role was added to @GS Games#5629
2018-04-26 13:55:27 Channel deleted: 🔰staff-call
2018-04-26 13:55:36 Channel created: 🔰staff-call
2018-04-26 13:55:36 Channel overwrites: 🔰staff-call (439061992322498561): role muted (435028206358102026) added with values 0, 2048
2018-04-26 13:55:46 Channel deleted: 🔰staff-call
2018-04-26 13:56:14 Channel created: 🔰staff-call
2018-04-26 13:56:14 Channel overwrites: 🔰staff-call (439062144776929280): role muted (435028206358102026) added with values 0, 2048
2018-04-26 14:02:29 Member ban: @Synapse#0692 (id 435538622293344266)
2018-04-26 14:02:29 Role deleted: 'Synapse' (id 438402997974728732)
2018-04-26 14:02:29 this bot left the server
