2018-04-18 20:43:51 #community-chat @SGG PRO BEAST#1383: .multicolor 5 @Moderator
2018-04-18 20:44:33 #community-chat @SGG PRO BEAST#1383: .multicolor 5 @Apo
2018-04-18 20:44:53 #community-chat @Apo#9123: @SGG PRO BEAST#138
2018-04-18 20:44:55 #community-chat @Apo#9123: @SGG PRO BEAST
2018-04-18 20:44:57 #community-chat @Apo#9123: ?
2018-04-18 20:45:14 #community-chat @SGG PRO BEAST#1383: i looking at a bot but its not doing shit
2018-04-18 20:46:56 #community-chat @SGG PRO BEAST#1383: .multicolor 5 @Admin
2018-04-18 20:50:42 #community-chat @SGG PRO BEAST#1383: .multicolor 5 Admin
2018-04-18 20:51:04 #community-chat @SGG PRO BEAST#1383: .multicolor 5 aPO
2018-04-18 20:51:14 #community-chat @SGG PRO BEAST#1383 deleted message from 2018-04-18 20:51:04 (.multicolor 5 aPO)
2018-04-18 20:51:14 #community-chat @SGG PRO BEAST#1383 deleted message from 2018-04-18 20:50:42 (.multicolor 5 Admin)
2018-04-18 20:51:15 #community-chat @SGG PRO BEAST#1383 deleted message from 2018-04-18 20:46:56 (.multicolor 5 @Admin)
2018-04-18 20:51:15 #community-chat @SGG PRO BEAST#1383 deleted message from 2018-04-18 20:45:14 (i looking at a bot but its not doing shit)
2018-04-18 20:51:26 #community-chat @SGG PRO BEAST#1383: .multicolor 5 APO
2018-04-18 20:51:38 #community-chat @SGG PRO BEAST#1383: .multicolor 5 Apo
2018-04-18 20:58:55 #community-chat @SGG PRO BEAST#1383: .multicolor 5 APO
2018-04-18 20:59:02 #community-chat @SGG PRO BEAST#1383: .multicolor 5 @Admin
2018-04-18 20:59:08 #community-chat @SGG PRO BEAST#1383 deleted message from 2018-04-18 20:59:02 (.multicolor 5 @Admin)
2018-04-18 20:59:08 #community-chat @SGG PRO BEAST#1383 deleted message from 2018-04-18 20:58:55 (.multicolor 5 APO)
2018-04-18 20:59:08 #community-chat @SGG PRO BEAST#1383 deleted message from 2018-04-18 20:51:38 (.multicolor 5 Apo)
2018-04-18 20:59:08 #community-chat @SGG PRO BEAST#1383 deleted message from 2018-04-18 20:51:26 (.multicolor 5 APO)
2018-04-18 20:59:10 #community-chat @Apo#9123 deleted message from 2018-04-18 20:44:57 (?)
2018-04-18 20:59:11 #community-chat @Apo#9123 deleted message from 2018-04-18 20:44:55 (@SGG PRO BEAST)
2018-04-18 20:59:11 #community-chat @Apo#9123 deleted message from 2018-04-18 20:44:53 (@SGG PRO BEAST#138)
2018-04-18 20:59:12 #community-chat @SGG PRO BEAST#1383 deleted message from 2018-04-18 20:44:33 (.multicolor 5 @Apo)
2018-04-18 20:59:12 #community-chat @SGG PRO BEAST#1383 deleted message from 2018-04-18 20:43:51 (.multicolor 5 @Moderator)
2018-04-18 21:03:08 #community-chat @SGG PRO BEAST#1383: ,multicolor 0.01 @Admin
2018-04-18 21:03:19 #community-chat @SGG PRO BEAST#1383: .multicolor 0.01 @Admin
2018-04-18 21:03:26 #community-chat @SGG PRO BEAST#1383 deleted message from 2018-04-18 21:03:08 (,multicolor 0.01 @Admin)
