2018-05-03 06:28:59 this bot joined the server
2018-05-03 06:30:19 Member join: @Ghostplay R2#1298 (id 435829986772123658)
2018-05-03 06:30:19 Member role add: 'Ghostplay R2' role was added to @Ghostplay R2#1298
2018-05-03 06:30:19 Role created: 'Ghostplay R2' (id 441486640389685259)
2018-05-03 06:30:19 Member role add: 'Ghostplay R2' role was added to @Ghostplay R2#1298
2018-05-03 06:30:19 Role deleted: 'Ghostplay R2' (id 441486640389685259)
2018-05-03 06:30:19 Member leave: @Ghostplay R2#1298 (id 435829986772123658)
2018-05-03 06:31:03 Role renamed: 'new roleh' to 'GP-Bot'
2018-05-03 06:31:03 Role color: 'new roleh' changed from #e91e63 to #000000
2018-05-03 06:31:03 Role permissions: 'new roleh' changed from 104324169 to 2146958591
2018-05-03 06:31:03 Role position: 'new roleh' changed from 1 to 2
2018-05-03 06:31:03 Role renamed: 'new roleh' to 'GP-Bot'
2018-05-03 06:31:03 Role color: 'new roleh' changed from #e91e63 to #000000
2018-05-03 06:31:03 Role permissions: 'new roleh' changed from 104324169 to 2146958591
2018-05-03 06:31:29 Role renamed: 'GP-Bot' to 'GP-bot'
2018-05-03 06:33:17 Member join: @Ghostplay R2#1298 (id 435829986772123658)
2018-05-03 06:33:17 Member role add: 'Ghostplay R2' role was added to @Ghostplay R2#1298
2018-05-03 06:33:17 Role created: 'Ghostplay R2' (id 441487389366681606)
2018-05-03 06:33:17 Member role add: 'Ghostplay R2' role was added to @Ghostplay R2#1298
2018-05-03 06:33:17 Role deleted: 'Ghostplay R2' (id 441487389366681606)
2018-05-03 06:33:17 Member leave: @Ghostplay R2#1298 (id 435829986772123658)
2018-05-03 07:36:54 this bot left the server
