2018-04-20 06:32:54 this bot joined the server
2018-04-20 06:33:05 Member role add: 'WFB - MEMBERS' role was added to @NACH0Z#6969
2018-04-20 06:33:16 Role created: 'new role' (id 436776350423056414)
2018-04-20 06:33:25 Role permissions: 'Rythm' changed from 8 to 262216
2018-04-20 06:33:25 Role position: 'dabBot' changed from 2 to 3
2018-04-20 06:33:25 Role position: 'KekBot' changed from 3 to 4
2018-04-20 06:33:25 Role position: 'Google' changed from 4 to 5
2018-04-20 06:33:25 Role position: 'WFB - MEMBERS' changed from 5 to 6
2018-04-20 06:33:25 Role position: 'MIGUEL' changed from 6 to 7
2018-04-20 06:33:25 Role position: 'Living Meme' changed from 7 to 8
2018-04-20 06:33:25 Role position: 'MENSTRUAL CUP' changed from 8 to 9
2018-04-20 06:33:25 Role position: 'WFB - MOD' changed from 9 to 10
2018-04-20 06:33:25 Role position: 'DJ FUCK YOUR BITCH CAL' changed from 10 to 11
2018-04-20 06:33:25 Role position: 'ErisBot' changed from 11 to 12
2018-04-20 06:33:25 Role position: 'Admin' changed from 12 to 13
2018-04-20 06:33:25 Role renamed: 'new role' to 'k'
2018-04-20 06:33:25 Role permissions: 'new role' changed from 104324161 to 372759617
2018-04-20 06:33:29 Role position: 'Rythm' changed from 2 to 1
2018-04-20 06:33:29 Role position: 'dabBot' changed from 3 to 2
2018-04-20 06:33:29 Role position: 'KekBot' changed from 4 to 3
2018-04-20 06:33:29 Role position: 'Google' changed from 5 to 4
2018-04-20 06:33:29 Role position: 'WFB - MEMBERS' changed from 6 to 5
2018-04-20 06:33:29 Role position: 'MIGUEL' changed from 7 to 6
2018-04-20 06:33:29 Role position: 'Living Meme' changed from 8 to 7
2018-04-20 06:33:29 Role position: 'MENSTRUAL CUP' changed from 9 to 8
2018-04-20 06:33:29 Role position: 'WFB - MOD' changed from 10 to 9
2018-04-20 06:33:29 Role position: 'DJ FUCK YOUR BITCH CAL' changed from 11 to 10
2018-04-20 06:33:29 Role position: 'ErisBot' changed from 12 to 11
2018-04-20 06:33:29 Role position: 'Admin' changed from 13 to 12
2018-04-20 06:33:29 Role position: 'k' changed from 1 to 13
2018-04-20 06:35:14 this bot left the server
