2018-04-19 13:13:24 #LOL ODASI 1 Server self-undeafen: ! Harle_YY#2979 (id 358736422473170955)
2018-04-19 13:13:24 #LOL ODASI 1 Server self-unmute: ! Harle_YY#2979 (id 358736422473170955)
2018-04-19 13:41:17 #LOL ODASI 1 Voice channel join: !                       Mustang#7390 (id 397332707409133573), flags: self_mute
2018-04-19 13:41:18 #LOL ODASI 1 Server self-unmute: !                       Mustang#7390 (id 397332707409133573)
2018-04-19 13:54:25 #LOL ODASI 1 Server self-mute: !                       Mustang#7390 (id 397332707409133573)
2018-04-19 13:54:25 #LOL ODASI 1 Server self-deafen: !                       Mustang#7390 (id 397332707409133573)
2018-04-19 13:54:33 #LOL ODASI 1 Voice channel leave: !                       Mustang#7390 (id 397332707409133573)
2018-04-19 14:18:48 #LOL ODASI 1 Voice channel join: !                       Mustang#7390 (id 397332707409133573)
2018-04-19 14:18:52 #LOL ODASI 1 Voice channel leave: !                       Mustang#7390 (id 397332707409133573)
2018-04-19 14:18:54 #LOL ODASI 1 Voice channel join: !                       Mustang#7390 (id 397332707409133573)
2018-04-19 14:19:17 #LOL ODASI 1 Voice channel leave: !                       Mustang#7390 (id 397332707409133573)
2018-04-19 14:26:43 #LOL ODASI 1 Voice channel join: !                       Mustang#7390 (id 397332707409133573), flags: self_mute
2018-04-19 14:26:45 #LOL ODASI 1 Server self-unmute: !                       Mustang#7390 (id 397332707409133573)
2018-04-19 14:26:45 #LOL ODASI 1 Server self-mute: !                       Mustang#7390 (id 397332707409133573)
2018-04-19 14:26:46 #LOL ODASI 1 Server self-unmute: !                       Mustang#7390 (id 397332707409133573)
2018-04-19 14:28:07 #LOL ODASI 1 Voice channel leave: ! Harle_YY#2979 (id 358736422473170955) moving to 👑Kurucu AFK Odası
2018-04-19 14:28:11 #LOL ODASI 1 Voice channel leave: !                       Mustang#7390 (id 397332707409133573) moving to 👑Kurucu AFK Odası
2018-04-27 18:00:14 #LOL ODASI 1 Voice channel join: sd#1322 (id 431490236959424513), flags: self_mute
2018-04-27 18:00:52 #LOL ODASI 1 Voice channel join: MasterBey1#2832 (id 438355509704261642)
2018-04-27 18:01:22 #LOL ODASI 1 Voice channel join: ! Harle_YY#2979 (id 358736422473170955)
2018-04-27 18:01:26 #LOL ODASI 1 Server self-deafen: ! Harle_YY#2979 (id 358736422473170955)
2018-04-27 18:01:26 #LOL ODASI 1 Server self-mute: ! Harle_YY#2979 (id 358736422473170955)
2018-04-27 18:01:28 #LOL ODASI 1 Voice channel leave: ! Harle_YY#2979 (id 358736422473170955)
2018-04-27 18:01:39 #LOL ODASI 1 Voice channel leave: MasterBey1#2832 (id 438355509704261642)
2018-04-27 18:02:08 #LOL ODASI 1 Voice channel join: MasterBey1#2832 (id 438355509704261642)
2018-04-27 18:12:12 #LOL ODASI 1 Voice channel leave: MasterBey1#2832 (id 438355509704261642)
2018-04-27 18:15:51 #LOL ODASI 1 Voice channel join: ! Harle_YY#2979 (id 358736422473170955), flags: self_deaf,self_mute
2018-04-27 18:15:55 #LOL ODASI 1 Server self-undeafen: ! Harle_YY#2979 (id 358736422473170955)
2018-04-27 18:15:55 #LOL ODASI 1 Server self-unmute: ! Harle_YY#2979 (id 358736422473170955)
2018-04-27 18:16:26 #LOL ODASI 1 Server self-deafen: ! Harle_YY#2979 (id 358736422473170955)
2018-04-27 18:16:26 #LOL ODASI 1 Server self-mute: ! Harle_YY#2979 (id 358736422473170955)
2018-04-27 18:16:26 #LOL ODASI 1 Voice channel leave: ! Harle_YY#2979 (id 358736422473170955)
2018-04-27 18:27:15 #LOL ODASI 1 Voice channel join: MasterBey1#2832 (id 438355509704261642)
2018-04-27 18:29:19 #LOL ODASI 1 Voice channel leave: MasterBey1#2832 (id 438355509704261642)
2018-04-27 19:05:45 #LOL ODASI 1 Voice channel leave: sd#1322 (id 431490236959424513)
