2018-04-27 17:12:20 #hakkımızda @! Harle_YY#2979: @​everyone Merhaba Millet Biz Kendi Halimizde Oyun Oynayan Birkaç Oyuncuyuz Sadece Birgün Bu Discordu Kurmaya Karar Verdik Ve Elimizden Gelenin En İyisini Yapmaya Çalışacağız ❤
2018-04-27 17:12:32 #hakkımızda @! Harle_YY#2979 edited message from 2018-04-27 17:12:20 (@​everyone Merhaba Millet Biz Kendi Halimizde Oyun Oynayan Birkaç Oyuncuyuz Sadece Birgün Bu Discordu Kurmaya Karar Verdik Ve Elimizden Gelenin En İyisini Yapmaya Çalışacağız ❤) to read: @​everyone Merhaba Millet Biz Kendi Halimizde Oyun Oynayan Birkaç Oyuncuyuz Sadece Birgün Bu Discordu Kurmaya Karar Verdik Ve Elimizden Gelenin En İyisini Yapmaya Çalışacağız  :3
2018-04-27 17:12:32 #hakkımızda @! Harle_YY#2979 edited message from 2018-04-27 17:12:20 (@​everyone Merhaba Millet Biz Kendi Halimizde Oyun Oynayan Birkaç Oyuncuyuz Sadece Birgün Bu Discordu Kurmaya Karar Verdik Ve Elimizden Gelenin En İyisini Yapmaya Çalışacağız  :3) to read: @​everyone Merhaba Millet Biz Kendi Halimizde Oyun Oynayan Birkaç Oyuncuyuz Sadece Birgün Bu Discordu Kurmaya Karar Verdik Ve Elimizden Gelenin En İyisini Yapmaya Çalışacağız  :3
2018-04-27 17:12:37 #hakkımızda @! Harle_YY#2979: 
2018-04-27 17:12:39 #hakkımızda @! Harle_YY#2979 deleted message from 2018-04-27 17:12:37 ()
2018-04-27 17:14:07 #hakkımızda @! Harle_YY#2979: ! HarleY Steam:http://steamcommunity.com/id/harleyyofficial/\n! Q U A R E S M A Steam:https://steamcommunity.com/id/mustafayagizbalci
2018-04-27 17:14:11 #hakkımızda @! Harle_YY#2979 edited message from 2018-04-27 17:14:07 (! HarleY Steam:http://steamcommunity.com/id/harleyyofficial/\n! Q U A R E S M A Steam:https://steamcommunity.com/id/mustafayagizbalci) to read: ! HarleY Steam:http://steamcommunity.com/id/harleyyofficial/\n! Q U A R E S M A Steam:https://steamcommunity.com/id/mustafayagizbalci
2018-04-27 17:15:02 #hakkımızda @! Harle_YY#2979 edited message from 2018-04-27 17:14:07 (! HarleY Steam:http://steamcommunity.com/id/harleyyofficial/\n! Q U A R E S M A Steam:https://steamcommunity.com/id/mustafayagizbalci) to read: ! HarleY Steam:http://steamcommunity.com/id/harleyyofficial/\n! Q U A R E S M A Steam:https://steamcommunity.com/id/mustafayagizbalci\n! Sarp Steam:https://steamcommunity.com/profiles/76561198365929220
2018-04-27 17:15:02 #hakkımızda @! Harle_YY#2979 edited message from 2018-04-27 17:14:07 (! HarleY Steam:http://steamcommunity.com/id/harleyyofficial/\n! Q U A R E S M A Steam:https://steamcommunity.com/id/mustafayagizbalci\n! Sarp Steam:https://steamcommunity.com/profiles/76561198365929220) to read: ! HarleY Steam:http://steamcommunity.com/id/harleyyofficial/\n! Q U A R E S M A Steam:https://steamcommunity.com/id/mustafayagizbalci\n! Sarp Steam:https://steamcommunity.com/profiles/76561198365929220
2018-04-27 17:18:57 #hakkımızda @!                       Mustang#7390: @​everyone Bu Discord Adresinde Yapılan Her Şey Sizin İçindir İyiki Varsınız Here Come Dat Boi Ailesi ❤
2018-04-27 17:19:04 #hakkımızda @!                       Mustang#7390 edited message from 2018-04-27 17:18:57 (@​everyone Bu Discord Adresinde Yapılan Her Şey Sizin İçindir İyiki Varsınız Here Come Dat Boi Ailesi ❤) to read: @​everyone Bu Discord Adresinde Yapılan Her Şey Sizin İçindir İyiki Varsınız Here Come Dat Boi Ailesi ❤
2018-04-27 17:19:03 #hakkımızda @!                       Mustang#7390: 
2018-04-27 17:19:10 #hakkımızda @!                       Mustang#7390 deleted message from 2018-04-27 17:19:03 ()
2018-04-27 17:52:23 #hakkımızda @XXCringeBoyOfTheTürkeyXX#9986: LAHMACUN FOR THİS LİNE
2018-04-27 17:58:10 #hakkımızda @! Harle_YY#2979: CANAN KARATAY LIFE
2018-04-27 17:58:27 #hakkımızda @! Harle_YY#2979: kank steama desctripction yazsana
2018-04-27 17:58:31 #hakkımızda @! Harle_YY#2979: nasıl yazılıyorsa
2018-04-27 17:58:34 #hakkımızda @! Harle_YY#2979: desc iştge
2018-04-27 18:04:30 #hakkımızda @XXCringeBoyOfTheTürkeyXX#9986 deleted message from 2018-04-27 17:52:23 (LAHMACUN FOR THİS LİNE)
2018-04-27 18:04:31 #hakkımızda @! Harle_YY#2979 deleted message from 2018-04-27 17:58:10 (CANAN KARATAY LIFE)
2018-04-27 18:04:34 #hakkımızda @! Harle_YY#2979 deleted message from 2018-04-27 17:58:31 (nasıl yazılıyorsa)
2018-04-27 18:04:38 #hakkımızda @! Harle_YY#2979 deleted message from 2018-04-27 17:58:34 (desc iştge)
2018-04-27 18:04:39 #hakkımızda @! Harle_YY#2979 deleted message from 2018-04-27 17:58:27 (kank steama desctripction yazsana)
2018-04-30 17:30:27 #hakkımızda @!        мυѕтαƒα ♥✌伊瑞姆✌#7390: Yönetim Ekibimiz : \nKurucu - HarleY - Ayberk Çetin \nKurucu Yardımcısı - Mustang - Mustafa Yağız Balcı\nSunucu Yardımcısı : Sarp - A.Sarp Pişkin \nModeratör : DrakulaPAPA - Yusuf A.Demir\nRehber : SD - Kadir \nRehber : Türkoğlu - Fuat \nÖzel : İrem ♥️ ♍\nGizli Ajan : İngiliz Beyfendisi \nSekreterler: Mustang  Sekreteri \nOkuduğunuz İçin Teşekkürler Yönetim Kadromuzda Geliştirme Yapacağız. Here Come Dat Boi Ailesi ♥️ @​everyone
2018-04-30 17:30:47 #hakkımızda @!        мυѕтαƒα ♥✌伊瑞姆✌#7390 edited message from 2018-04-30 17:30:27 (Yönetim Ekibimiz : \nKurucu - HarleY - Ayberk Çetin \nKurucu Yardımcısı - Mustang - Mustafa Yağız Balcı\nSunucu Yardımcısı : Sarp - A.Sarp Pişkin \nModeratör : DrakulaPAPA - Yusuf A.Demir\nRehber : SD - Kadir \nRehber : Türkoğlu - Fuat \nÖzel : İrem ♥️ ♍\nGizli Ajan : İngiliz Beyfendisi \nSekreterler: Mustang  Sekreteri \nOkuduğunuz İçin Teşekkürler Yönetim Kadromuzda Geliştirme Yapacağız. Here Come Dat Boi Ailesi ♥️ @​everyone) to read: Yönetim Ekibimiz : \nKurucu - HarleY - Ayberk Çetin \nKurucu Yardımcısı - Mustang - Mustafa Yağız Balcı\nSunucu Yardımcısı : Sarp - A.Sarp Pişkin \nModeratör : DrakulaPAPA - Yusuf A.Demir\nRehber : SD - Kadir \nRehber : Türkoğlu - Fuat \nÖzel : İrem ♥️ ♍\nGizli Ajan : İngiliz Beyfendisi \nSekreterler: Mustang  Sekreteri \nOkuduğunuz İçin Teşekkürler Yönetim Kadromuzda Geliştirme Yapacağız. Here Come Dat Boi Ailesi ♥️ @​everyone
2018-04-30 17:30:47 #hakkımızda @!        мυѕтαƒα ♥✌伊瑞姆✌#7390: 
2018-04-30 17:30:57 #hakkımızda @!        мυѕтαƒα ♥✌伊瑞姆✌#7390 deleted message from 2018-04-30 17:30:47 ()
2018-05-01 10:29:35 #hakkımızda @sd#1322: mustang
2018-05-01 10:29:38 #hakkımızda @!        мυѕтαƒα ♥✌伊瑞姆✌#7390: Yazma Buraya !
2018-05-01 10:29:41 #hakkımızda @sd#1322: selam
2018-05-01 10:29:42 #hakkımızda @sd#1322 deleted message from 2018-05-01 10:29:35 (mustang)
2018-05-01 10:29:45 #hakkımızda @sd#1322 deleted message from 2018-05-01 10:29:41 (selam)
2018-05-02 14:16:01 #hakkımızda @! Harle_YY#2979: 
