2018-04-21 20:59:06 this bot joined the server
2018-04-21 20:59:06 Role created: 'Synapse' (id 437356632385650688)
2018-04-21 20:59:06 Member role add: 'Synapse' role was added to @Synapse#0692
2018-04-21 20:59:11 Member join: @Ghostplay R2#1298 (id 435829986772123658)
2018-04-21 20:59:11 Member role add: 'Ghostplay R2' role was added to @Ghostplay R2#1298
2018-04-21 20:59:11 Role created: 'Ghostplay R2' (id 437356652149211147)
2018-04-21 20:59:11 Member role add: 'Ghostplay R2' role was added to @Ghostplay R2#1298
2018-04-21 20:59:26 Role created: 'new role' (id 437356712832270337)
2018-04-21 20:59:33 Role permissions: 'Ghostplay R2' changed from 268520497 to 268782705
2018-04-21 20:59:33 Role permissions: 'Synapse' changed from 8 to 262216
2018-04-21 20:59:33 Role position: 'Mee6' changed from 4 to 5
2018-04-21 20:59:33 Role position: 'NSFWBot' changed from 4 to 6
2018-04-21 20:59:33 Role position: 'Mjusik bott' changed from 4 to 7
2018-04-21 20:59:33 Role position: 'Alla andra' changed from 4 to 8
2018-04-21 20:59:33 Role position: 'Admin' changed from 5 to 9
2018-04-21 20:59:33 Role position: 'Moderator' changed from 6 to 10
2018-04-21 20:59:33 Role renamed: 'new role' to 'GP'
2018-04-21 20:59:50 Role mentionable: 'GP' is now mentionable
2018-04-21 20:59:50 Role hoist: 'GP' is now shown seperately
2018-04-21 20:59:50 Role permissions: 'GP' changed from 104324161 to 2146958591
2018-04-21 20:59:56 Role position: 'Ghostplay R2' changed from 2 to 1
2018-04-21 20:59:56 Role position: 'Synapse' changed from 3 to 2
2018-04-21 20:59:56 Role position: 'nsfw' changed from 4 to 3
2018-04-21 20:59:56 Role position: 'Mee6' changed from 5 to 4
2018-04-21 20:59:56 Role position: 'NSFWBot' changed from 6 to 5
2018-04-21 20:59:56 Role position: 'Mjusik bott' changed from 7 to 6
2018-04-21 20:59:56 Role position: 'Alla andra' changed from 8 to 7
2018-04-21 20:59:56 Role position: 'Admin' changed from 9 to 8
2018-04-21 20:59:56 Role position: 'Moderator' changed from 10 to 9
2018-04-21 20:59:56 Role position: 'GP' changed from 1 to 10
2018-04-21 21:00:07 Member role add: 'GP' role was added to @Ghostplay R2#1298
2018-04-21 21:00:13 Member role add: 'GP' role was added to @Synapse#0692
2018-04-21 21:00:30 Member role remove: The 'Admin' role was removed from @Caspergust#3265
2018-04-21 21:00:31 Member role add: 'Admin' role was added to @Caspergust#3265
