2018-04-22 13:23:30 #bot-commands @ğ•²ğ–†ğ–‘ğ–Šğ–“ğ–†#5125: ~commands
2018-04-22 13:23:33 #bot-commands @ğ•²ğ–†ğ–‘ğ–Šğ–“ğ–†#5125: ~help
2018-04-22 13:23:34 #bot-commands @Steven Quartz Universe#1286: <:NewRoseGem:422744912182902785> <:NewRoseGem:422744912182902785> <:NewRoseGem:422744912182902785> <:NewRoseGem:422744912182902785> <:NewRoseGem:422744912182902785> <:NewRoseGem:422744912182902785> <:NewRoseGem:422744912182902785> <:NewRoseGem:422744912182902785> <:NewRoseGem:422744912182902785> <:NewRoseGem:422744912182902785> <:NewRoseGem:422744912182902785> <:NewRoseGem:422744912182902785> <:NewRoseGem:422744912182902785> <:NewRoseGem:422744912182902785> <:NewRoseGem:422744912182902785>\n<:NewRoseGem:422744912182902785> <:NewRoseGem:422744912182902785> <:NewRoseGem:422744912182902785> The prefix for the bot is `~` <:NewRoseGem:422744912182902785> <:NewRoseGem:422744912182902785> <:NewRoseGem:422744912182902785>\n<:NewRoseGem:422744912182902785> `info` = Information about the bot. :exclamation: \n<:NewRoseGem:422744912182902785> `help` = Shows this message. :question: \n<:NewRoseGem:422744912182902785> `ping` = pong\n<:NewRoseGem:422744912182902785> `uptime` = Gets the bots uptime.\n<:NewRoseGem:422744912182902785> `stevenquote` = Random quote from the show.\n<:NewRoseGem:422744912182902785> `stevenepisode` = Random episode.\n<:NewRoseGem:422744912182902785> `stevengem` = Shows what gem Steven is. <:NewRoseGem:422744912182902785>\n<:NewRoseGem:422744912182902785> `invitesteven` = Generates a link to invite Steven to a server.\n<:NewRoseGem:422744912182902785> `github` = Gives the bots Github link. <:github:401011847538671627>\n<:NewRoseGem:422744912182902785> `cookiecat` = I Love Cookie Cat! <:cookiecat:423144575650103317>\n<:NewRoseGem:422744912182902785> `logo` = Steven Universe Logo!.
2018-04-22 13:23:34 #bot-commands @Steven Quartz Universe#1286: <:NewRoseGem:422744912182902785> `roll` = I will roll a dice numberd 1-6. :game_die:\n<:NewRoseGem:422744912182902785> `servercount` = How many servers am I in?\n<:NewRoseGem:422744912182902785> `coin` = I will flip a coin! :coin:\n<:NewRoseGem:422744912182902785> `today` = Todays Date!\n<:NewRoseGem:422744912182902785> `patreon` = It's My Patreon! <:patreon_logo:388799943437058059>\n<:NewRoseGem:422744912182902785> `echo` = I repeat what ever you say. Echoooo!!!\n<:NewRoseGem:422744912182902785> `nsfw` = You know what this is! Right?\n<:NewRoseGem:422744912182902785> `srcarchivedl` = Sends an archive of the src code.\n<:NewRoseGem:422744912182902785> `randomgem` = Gets a random Gem! <:NewRoseGem:422744912182902785> \n<:NewRoseGem:422744912182902785> `randomcat` = Gets a random image of a cat! :cat: \n<:NewRoseGem:422744912182902785> `randomdog` = Gets a random image of a dog! :dog: \n<:NewRoseGem:422744912182902785> `catfact` = Gets a random cat fact. :cat: \n<:NewRoseGem:422744912182902785> `pandafact` = Gets a random panda fact. :panda: \n<:NewRoseGem:422744912182902785> `penguinfact` = Gets a random penguin fact. :penguin: \n<:NewRoseGem:422744912182902785> `myavatar` = Gets a image of your avatar. \n<:NewRoseGem:422744912182902785> <:NewRoseGem:422744912182902785> <:NewRoseGem:422744912182902785> <:NewRoseGem:422744912182902785> <:NewRoseGem:422744912182902785> <:NewRoseGem:422744912182902785> <:NewRoseGem:422744912182902785> <:NewRoseGem:422744912182902785> <:NewRoseGem:422744912182902785> <:NewRoseGem:422744912182902785> <:NewRoseGem:422744912182902785> <:NewRoseGem:422744912182902785> <:NewRoseGem:422744912182902785> <:NewRoseGem:422744912182902785> <:NewRoseGem:422744912182902785>
2018-04-22 13:24:40 #bot-commands @ğ•²ğ–†ğ–‘ğ–Šğ–“ğ–†#5125: ~randomgem
2018-04-22 13:24:41 #bot-commands @Steven Quartz Universe#1286:  (attachment url(s): https://cdn.discordapp.com/attachments/429425634515615745/437604659255836672/3b971df8-c1b8-4b3d-8b2c-749c9e197d772FNewRoseGem.png)
2018-04-22 13:24:48 #bot-commands @ğ•²ğ–†ğ–‘ğ–Šğ–“ğ–†#5125: ~randomgem
2018-04-22 13:24:48 #bot-commands @Steven Quartz Universe#1286:  (attachment url(s): https://cdn.discordapp.com/attachments/429425634515615745/437604690566447104/3b971df8-c1b8-4b3d-8b2c-749c9e197d772FNewRoseGem.png)
2018-04-22 13:24:51 #bot-commands @ğ•²ğ–†ğ–‘ğ–Šğ–“ğ–†#5125: ???
2018-04-22 13:25:04 #bot-commands @ğ•²ğ–†ğ–‘ğ–Šğ–“ğ–†#5125: ~Stevengem
2018-04-22 13:25:10 #bot-commands @ğ•²ğ–†ğ–‘ğ–Šğ–“ğ–†#5125: ~stevengem
2018-04-22 13:25:10 #bot-commands @Steven Quartz Universe#1286: My Gem is: <:NewRoseGem:422744912182902785>, a Rose Quartz.
2018-04-22 13:25:25 #bot-commands @ğ•²ğ–†ğ–‘ğ–Šğ–“ğ–†#5125: ~Pearl Gem
2018-04-22 13:25:29 #bot-commands @ğ•²ğ–†ğ–‘ğ–Šğ–“ğ–†#5125: ~pearlgem
2018-04-22 13:25:43 #bot-commands @ğ•²ğ–†ğ–‘ğ–Šğ–“ğ–†#5125: ~ping
2018-04-22 13:25:44 #bot-commands @Steven Quartz Universe#1286: :ping_pong: pong!
2018-04-22 13:25:44 #bot-commands @Steven Quartz Universe#1286: The Ping is: 386
2018-04-22 13:26:04 #bot-commands @ğ•²ğ–†ğ–‘ğ–Šğ–“ğ–†#5125: ~myavatar
2018-04-22 13:26:04 #bot-commands @Steven Quartz Universe#1286: Here ya go! @ğ•²ğ–†ğ–‘ğ–Šğ–“ğ–† Its your avatar! (attachment url(s): https://cdn.discordapp.com/attachments/429425634515615745/437605010713608195/bb813e53c49d1447bc59de976c132717.pngsize2048.png)
2018-04-22 13:26:38 #bot-commands @ğ•²ğ–†ğ–‘ğ–Šğ–“ğ–†#5125: ~info
2018-04-22 13:26:38 #bot-commands @Steven Quartz Universe#1286: <:NewRoseGem:422744912182902785> Bot Version: 1.0.0 (_*0e4fdef81448dcfa0e16ecc4433ff3997aa53572*_)<:NewRoseGem:422744912182902785> \n<:NewRoseGem:422744912182902785> Bot made by: jtrent238 <:NewRoseGem:422744912182902785>
2018-04-22 13:26:38 #bot-commands @Steven Quartz Universe#1286: <:NewRoseGem:422744912182902785> Bot Version: 1.0.0 (_*0e4fdef81448dcfa0e16ecc4433ff3997aa53572*_)<:NewRoseGem:422744912182902785> \n<:NewRoseGem:422744912182902785> Bot made by: jtrent238 <:NewRoseGem:422744912182902785>
2018-04-22 13:30:22 #bot-commands @ğ•²ğ–†ğ–‘ğ–Šğ–“ğ–†#5125: .commands
2018-04-22 13:30:29 #bot-commands @ğ•²ğ–†ğ–‘ğ–Šğ–“ğ–†#5125: .help
2018-04-22 13:35:10 #bot-commands @ğ•²ğ–†ğ–‘ğ–Šğ–“ğ–†#5125: .chatmute @Taka
2018-04-22 13:35:22 #bot-commands @ğ•²ğ–†ğ–‘ğ–Šğ–“ğ–†#5125: .chatunmute @Taka
2018-04-22 13:35:25 #bot-commands @Synapse#0692: 
2018-04-22 13:35:28 #bot-commands @Synapse#0692 edited message from 2018-04-22 13:35:25 () to read: 
2018-04-22 13:35:25 #bot-commands @Synapse#0692: 
2018-04-22 13:35:28 #bot-commands @Synapse#0692 edited message from 2018-04-22 13:35:25 () to read: 
2018-04-22 13:35:54 #bot-commands @ğ•²ğ–†ğ–‘ğ–Šğ–“ğ–†#5125: .chatunmute @Taka
2018-04-22 13:35:54 #bot-commands @Synapse#0692: 
2018-04-22 13:35:54 #bot-commands @Synapse#0692 edited message from 2018-04-22 13:35:54 () to read: 
2018-04-22 13:36:00 #bot-commands @ğ•²ğ–†ğ–‘ğ–Šğ–“ğ–†#5125: crap
2018-04-22 13:36:02 #bot-commands @ğ•²ğ–†ğ–‘ğ–Šğ–“ğ–†#5125: okay
2018-04-22 13:36:02 #bot-commands @Taka#6138: uhh
2018-04-22 13:36:03 #bot-commands @ğ•²ğ–†ğ–‘ğ–Šğ–“ğ–†#5125: well
2018-04-22 13:36:06 #bot-commands @ğ•²ğ–†ğ–‘ğ–Šğ–“ğ–†#5125: that works ig
2018-04-22 13:36:07 #bot-commands @ğ•²ğ–†ğ–‘ğ–Šğ–“ğ–†#5125: sorry
2018-04-22 13:36:15 #bot-commands @Taka#6138: np
