2018-04-25 21:09:05 this bot joined the server
2018-04-25 21:09:06 Role created: 'Synapse' (id 438808696244666379)
2018-04-25 21:09:06 Member role add: 'Synapse' role was added to @Synapse#0692
2018-04-25 21:09:28 Member join: @Ghostplay R2#1298 (id 435829986772123658)
2018-04-25 21:09:28 Member role add: 'Ghostplay R2' role was added to @Ghostplay R2#1298
2018-04-25 21:09:28 Role created: 'Ghostplay R2' (id 438808788502577163)
2018-04-25 21:09:28 Member role add: 'Ghostplay R2' role was added to @Ghostplay R2#1298
2018-04-25 21:10:14 Role created: 'new role' (id 438808982220439562)
2018-04-25 21:10:51 Role permissions: 'Synapse' changed from 8 to 262216
2018-04-25 21:10:51 Role position: 'Synapse' changed from 3 to 2
2018-04-25 21:10:51 Role position: '\DED_.SEC\' changed from 4 to 3
2018-04-25 21:10:51 Role position: '<GM>' changed from 5 to 4
2018-04-25 21:10:51 Role position: 'new role' changed from 1 to 5
2018-04-25 21:10:51 Role renamed: 'new role' to 'GP-Bot'
2018-04-25 21:11:20 Role mentionable: 'GP-Bot' is now mentionable
2018-04-25 21:11:20 Role hoist: 'GP-Bot' is now shown seperately
2018-04-25 21:11:20 Role permissions: 'GP-Bot' changed from 104324161 to 2146958591
2018-04-25 21:11:26 Member role add: 'GP-Bot' role was added to @Ghostplay R2#1298
2018-04-25 21:15:26 Role renamed: '<GM>' to 'OWNER'
2018-04-25 21:15:35 Role color: 'OWNER' changed from #606afd to #e74c3c
2018-04-25 21:16:42 Member role remove: The 'GP-Bot' role was removed from @Ghostplay R2#1298
2018-04-25 21:16:47 Member role add: 'GP-Bot' role was added to @Ghostplay R2#1298
2018-04-25 21:17:25 Role mentionable: 'Ghostplay R2' is now mentionable
2018-04-25 21:17:25 Role hoist: 'Ghostplay R2' is now shown seperately
2018-04-25 21:17:25 Role permissions: 'Ghostplay R2' changed from 268520497 to 2146958591
2018-04-25 21:17:25 Role position: 'Ghostplay R2' changed from 2 to 1
2018-04-25 21:18:19 Role position: 'GP-Bot' changed from 5 to 4
2018-04-25 21:18:19 Role position: 'OWNER' changed from 4 to 5
2018-04-30 15:39:13 Member join: @✪Dr4gon#4119 (id 256096481021263872)
2018-05-02 05:22:55 Server icon changed from https://cdn.discordapp.com/icons/438654038549069824/aea728001863ceca990514c94315ed4d.jpg to https://cdn.discordapp.com/icons/438654038549069824/24a38d0ed8990442ed5615e1134f4e72.jpg
2018-05-02 05:23:13 Server icon changed from https://cdn.discordapp.com/icons/438654038549069824/24a38d0ed8990442ed5615e1134f4e72.jpg to https://cdn.discordapp.com/icons/438654038549069824/aea728001863ceca990514c94315ed4d.jpg
