2018-04-27 22:16:15 this bot joined the server
2018-04-27 22:16:15 Role created: 'Synapse' (id 439550372999069707)
2018-04-27 22:16:15 Member role add: 'Synapse' role was added to @Synapse#0692
2018-04-27 22:17:02 Role permissions: 'Synapse' changed from 8 to 66186303
2018-04-27 22:20:40 Member join: @Ghostplay R2#1298 (id 435829986772123658)
2018-04-27 22:20:40 Role created: 'Ghostplay R2' (id 439551484431171584)
2018-04-27 22:20:43 Member role add: 'Ghostplay R2' role was added to @Ghostplay R2#1298
2018-04-27 22:23:40 Role permissions: 'Rythm' changed from 8 to 262216
2018-04-27 22:23:40 Role position: 'NekoBot' changed from 3 to 4
2018-04-27 22:23:41 Role permissions: 'Tatsumaki' changed from 12659727 to 12921935
2018-04-27 22:23:41 Role position: 'Tatsumaki' changed from 3 to 5
2018-04-27 22:23:41 Role position: 'BEST GUY' changed from 3 to 6
2018-04-27 22:23:41 Role renamed: 'new role' to 'GP-bot'
2018-04-27 22:23:41 Role mentionable: 'GP-bot' is now mentionable
2018-04-27 22:23:41 Role hoist: 'GP-bot' is now shown seperately
2018-04-27 22:23:41 Role permissions: 'new role' changed from 104324161 to 2146958591
2018-04-27 22:23:41 Role position: 'new role' changed from 4 to 7
2018-04-27 22:23:41 Role renamed: 'new role' to 'GP-bot'
2018-04-27 22:23:41 Role mentionable: 'GP-bot' is now mentionable
2018-04-27 22:23:41 Role hoist: 'GP-bot' is now shown seperately
2018-04-27 22:23:41 Role permissions: 'new role' changed from 104324161 to 2146958591
2018-04-27 22:23:45 Role renamed: 'GP-bot' to 'new role'
2018-04-27 22:23:45 Role mentionable: 'new role' is no longer mentionable
2018-04-27 22:23:45 Role hoist: 'new role' is no longer shown seperately
2018-04-27 22:23:45 Role permissions: 'GP-bot' changed from 2146958591 to 133684289
2018-04-27 22:24:41 Role permissions: 'new role' changed from 133684289 to 133692481
2018-04-27 22:24:45 Role permissions: 'new role' changed from 133692481 to 670563393
2018-04-27 22:24:47 Role permissions: 'new role' changed from 670563393 to 1744305217
2018-04-27 22:24:49 Role permissions: 'new role' changed from 1744305217 to 1878522945
2018-04-27 22:24:58 Role permissions: 'new role' changed from 1878522945 to 1878522949
2018-04-27 22:26:12 Member ban: @Ghostplay R2#1298 (id 435829986772123658)
2018-04-27 22:26:12 Member leave: @Ghostplay R2#1298 (id 435829986772123658)
2018-04-27 22:26:12 Role deleted: 'Ghostplay R2' (id 439551484431171584)
2018-04-27 23:43:31 Member join: @Dyno#3861 (id 155149108183695360)
2018-04-27 23:43:31 Member role add: 'Dyno' role was added to @Dyno#3861
2018-04-27 23:43:31 Role created: 'Dyno' (id 439572333137494026)
2018-04-27 23:43:31 Member role add: 'Dyno' role was added to @Dyno#3861
2018-04-27 23:53:24 Channel overwrites: AUTISM (439548428981370880): role @everyone (438452200298119168) updated to values 1049600, 12582912 (was 1049600, 0)
2018-04-28 00:19:16 Member ban: @Synapse#0692 (id 435538622293344266)
2018-04-28 00:19:16 this bot left the server
