2018-04-22 18:08:02 #Outros Voice channel join: Ｈｅａｒ　ｍｅ　ュドと#2097 (id 234437652294795266), moved from LOBBY
2018-04-22 18:08:05 #Outros Voice channel leave: Ｈｅａｒ　ｍｅ　ュドと#2097 (id 234437652294795266) moving to LOBBY
2018-04-27 13:00:39 #Outros Voice channel join: 水上#2148 (id 231823914651615232), moved from LOBBY
2018-04-27 13:00:39 #Outros Voice channel leave: 水上#2148 (id 231823914651615232) moving to LOBBY
2018-05-01 01:51:50 #Outros Voice channel join: 水上#2148 (id 231823914651615232), moved from Cantinho do Pensamento
2018-05-01 02:01:51 #Outros Voice channel leave: 水上#2148 (id 231823914651615232) moving to Cantinho do Pensamento
2018-05-01 12:58:43 #Outros Voice channel join: Pancake#3691 (id 239631525350604801), moved from LOBBY
2018-05-01 12:59:09 #Outros Voice channel leave: Pancake#3691 (id 239631525350604801) moving to LOBBY
2018-05-01 20:36:04 #Outros Voice channel join: Tyreum{BR}#3805 (id 143084377021218826)
2018-05-01 20:36:07 #Outros Voice channel join: 水上#2148 (id 231823914651615232), moved from LOBBY
2018-05-01 20:41:55 #Outros Voice channel leave: Tyreum{BR}#3805 (id 143084377021218826)
2018-05-01 20:46:53 #Outros Voice channel leave: 水上#2148 (id 231823914651615232) moving to LOBBY
2018-05-02 15:44:38 #Outros Voice channel join: GeKKo#9119 (id 243857511646625809), moved from Pubg/Fortnite
2018-05-02 15:44:41 #Outros Voice channel leave: GeKKo#9119 (id 243857511646625809) moving to Pubg/Fortnite
2018-05-02 15:44:46 #Outros Voice channel join: GeKKo#9119 (id 243857511646625809), moved from Pubg/Fortnite
2018-05-02 15:44:48 #Outros Voice channel leave: GeKKo#9119 (id 243857511646625809) moving to Pubg/Fortnite
2018-05-02 15:44:48 #Outros Voice channel join: GeKKo#9119 (id 243857511646625809), moved from Pubg/Fortnite
2018-05-02 15:44:58 #Outros Voice channel leave: GeKKo#9119 (id 243857511646625809) moving to LOBBY
2018-05-02 15:44:58 #Outros Voice channel leave: GeKKo#9119 (id 243857511646625809) moving to LOBBY
2018-05-02 15:44:58 #Outros Voice channel join: GeKKo#9119 (id 243857511646625809), moved from Cantinho do Pensamento
2018-05-02 15:44:58 #Outros Voice channel join: GeKKo#9119 (id 243857511646625809), moved from Pubg/Fortnite
2018-05-02 15:44:58 #Outros Voice channel join: GeKKo#9119 (id 243857511646625809), moved from LOBBY
2018-05-02 15:44:58 #Outros Voice channel leave: GeKKo#9119 (id 243857511646625809) moving to LOBBY
2018-05-02 15:44:59 #Outros Voice channel join: GeKKo#9119 (id 243857511646625809), moved from LOBBY
2018-05-02 15:44:59 #Outros Voice channel leave: GeKKo#9119 (id 243857511646625809) moving to LOBBY
2018-05-02 15:45:01 #Outros Voice channel leave: GeKKo#9119 (id 243857511646625809) moving to LOBBY
2018-05-02 15:45:01 #Outros Voice channel join: GeKKo#9119 (id 243857511646625809), moved from LOBBY
2018-05-02 15:45:02 #Outros Voice channel leave: GeKKo#9119 (id 243857511646625809) moving to LOBBY
2018-05-02 15:45:02 #Outros Voice channel join: GeKKo#9119 (id 243857511646625809), moved from LOBBY
2018-05-02 15:45:03 #Outros Voice channel leave: GeKKo#9119 (id 243857511646625809) moving to LOBBY
2018-05-02 15:45:05 #Outros Voice channel leave: GeKKo#9119 (id 243857511646625809) moving to LOBBY
2018-05-02 15:45:05 #Outros Voice channel join: GeKKo#9119 (id 243857511646625809), moved from LOBBY
2018-05-02 15:45:05 #Outros Voice channel leave: GeKKo#9119 (id 243857511646625809) moving to LOBBY
2018-05-02 15:45:08 #Outros Voice channel join: GeKKo#9119 (id 243857511646625809), moved from Pubg/Fortnite
2018-05-02 15:45:09 #Outros Voice channel leave: GeKKo#9119 (id 243857511646625809) moving to Pubg/Fortnite
2018-05-02 15:45:11 #Outros Voice channel join: GeKKo#9119 (id 243857511646625809), moved from LOBBY
2018-05-02 15:45:12 #Outros Voice channel leave: GeKKo#9119 (id 243857511646625809) moving to Pubg/Fortnite
2018-05-02 15:45:15 #Outros Voice channel leave: GeKKo#9119 (id 243857511646625809) moving to Pubg/Fortnite
2018-05-02 20:22:17 #Outros Voice channel join: DeathsVisage#0383 (id 262696708377411585), moved from Pubg/Fortnite
2018-05-02 20:22:21 #Outros Voice channel join: Althoka#1609 (id 234087759583641612)
2018-05-02 20:22:25 #Outros Voice channel leave: Althoka#1609 (id 234087759583641612) moving to LOBBY
2018-05-02 20:22:28 #Outros Voice channel leave: DeathsVisage#0383 (id 262696708377411585) moving to LOBBY
2018-05-02 20:24:35 #Outros Voice channel join: Althoka#1609 (id 234087759583641612)
2018-05-02 20:24:35 #Outros Voice channel leave: Althoka#1609 (id 234087759583641612) moving to Cantinho do Pensamento
2018-05-02 20:30:41 #Outros Voice channel join: Ｈｅａｒ　ｍｅ　ュドと#2097 (id 234437652294795266), moved from Pubg/Fortnite
2018-05-02 20:30:45 #Outros Voice channel leave: Ｈｅａｒ　ｍｅ　ュドと#2097 (id 234437652294795266) moving to Pubg/Fortnite
2018-05-02 21:53:00 #Outros Voice channel join: 水上#2148 (id 231823914651615232), moved from LOBBY
2018-05-02 21:53:01 #Outros Voice channel join: (gui)#2056 (id 99873980000792576), moved from Pubg/Fortnite
2018-05-02 21:56:13 #Outros Voice channel leave: 水上#2148 (id 231823914651615232) moving to LOBBY
2018-05-02 21:56:14 #Outros Voice channel join: 水上#2148 (id 231823914651615232), moved from LOBBY
2018-05-02 21:56:19 #Outros Voice channel join: 水上#2148 (id 231823914651615232)
2018-05-02 22:20:00 #Outros Voice channel join: Tevê#9665 (id 201710697321594890), moved from LOBBY
2018-05-02 22:21:02 #Outros Voice channel join: DeathsVisage#0383 (id 262696708377411585), moved from LOBBY
2018-05-02 22:37:21 #Outros Server self-mute: (gui)#2056 (id 99873980000792576)
2018-05-02 22:40:31 #Outros Voice channel leave: 水上#2148 (id 231823914651615232)
2018-05-02 22:41:03 #Outros Voice channel join: Ｈｅａｒ　ｍｅ　ュドと#2097 (id 234437652294795266), moved from LOBBY
2018-05-02 22:41:08 #Outros Server mute: Ｈｅａｒ　ｍｅ　ュドと#2097 (id 234437652294795266)
2018-05-02 22:41:10 #Outros Voice channel leave: Ｈｅａｒ　ｍｅ　ュドと#2097 (id 234437652294795266) moving to Cantinho do Pensamento
2018-05-02 22:41:11 #Outros Voice channel join: Ｈｅａｒ　ｍｅ　ュドと#2097 (id 234437652294795266), moved from Cantinho do Pensamento, flags: mute
2018-05-02 22:41:15 #Outros Server unmute: Ｈｅａｒ　ｍｅ　ュドと#2097 (id 234437652294795266)
2018-05-02 22:42:56 #Outros Server self-mute: Tevê#9665 (id 201710697321594890)
2018-05-02 22:43:40 #Outros Voice channel leave: Tevê#9665 (id 201710697321594890)
2018-05-02 22:48:04 #Outros Voice channel join: 水上#2148 (id 231823914651615232)
2018-05-02 22:52:15 #Outros Voice channel leave: (gui)#2056 (id 99873980000792576) moving to Cantinho do Pensamento
2018-05-02 22:56:25 #Outros Voice channel leave: Ｈｅａｒ　ｍｅ　ュドと#2097 (id 234437652294795266)
2018-05-02 23:09:29 #Outros Voice channel join: (gui)#2056 (id 99873980000792576), moved from Cantinho do Pensamento
2018-05-02 23:12:09 #Outros Voice channel leave: DeathsVisage#0383 (id 262696708377411585)
2018-05-02 23:27:01 #Outros Voice channel join: Pancake#3691 (id 239631525350604801)
2018-05-02 23:30:07 #criticancia total Voice channel leave: Pancake#3691 (id 239631525350604801)
2018-05-02 23:30:18 #criticancia total Voice channel join: Pancake#3691 (id 239631525350604801)
2018-05-02 23:31:10 #criticancia total Voice channel join: Ｈｅａｒ　ｍｅ　ュドと#2097 (id 234437652294795266)
2018-05-02 23:31:20 #criticancia total Voice channel leave: Pancake#3691 (id 239631525350604801) moving to Pubg/Fortnite
2018-05-02 23:44:45 #criticancia total Voice channel leave: 水上#2148 (id 231823914651615232)
2018-05-02 23:44:49 #criticancia total Voice channel join: 水上#2148 (id 231823914651615232)
2018-05-03 00:34:19 #criticancia total Voice channel leave: (gui)#2056 (id 99873980000792576)
2018-05-03 00:51:51 #criticancia total Voice channel leave: Ｈｅａｒ　ｍｅ　ュドと#2097 (id 234437652294795266)
2018-05-03 00:53:01 #criticancia total Voice channel leave: 水上#2148 (id 231823914651615232)
