2018-04-24 06:48:18 #general @Synapse#0692: 
2018-04-24 08:39:21 #general @CreeperTube#2064: .multicolor 2 XXXTENTACION
2018-04-24 08:40:14 #general @CreeperTube#2064: !multicolor 2 XXXTENTACION
2018-04-24 08:41:13 #general @CreeperTube#2064: .multicolor 2 XXXTENTACION
2018-04-24 08:41:22 #general @CreeperTube#2064: .multicolour 2 XXXTENTACION
2018-04-24 08:41:24 #general @CreeperTube#2064: .multicolor 2 XXXTENTACION
2018-04-24 08:41:31 #general @CreeperTube#2064: .multicolor 2 ADMIN
2018-04-24 08:41:31 #general @Pokécord#4503: ```Congratulations CreeperTube! Your Frogadier is now level 35!```
2018-04-24 08:41:34 #general @CreeperTube#2064: ?
2018-04-24 08:41:43 #general @CreeperTube#2064: !purge 10
2018-04-24 08:41:44 #general @Synapse#0692 deleted message from 2018-04-24 06:48:18 ()
2018-04-24 08:41:44 #general @CreeperTube#2064 deleted message from 2018-04-24 08:39:21 (.multicolor 2 XXXTENTACION)
2018-04-24 08:41:44 #general @CreeperTube#2064 deleted message from 2018-04-24 08:40:14 (!multicolor 2 XXXTENTACION)
2018-04-24 08:41:44 #general @CreeperTube#2064 deleted message from 2018-04-24 08:41:13 (.multicolor 2 XXXTENTACION)
2018-04-24 08:41:44 #general @CreeperTube#2064 deleted message from 2018-04-24 08:41:22 (.multicolour 2 XXXTENTACION)
2018-04-24 08:41:44 #general @CreeperTube#2064 deleted message from 2018-04-24 08:41:24 (.multicolor 2 XXXTENTACION)
2018-04-24 08:41:44 #general @CreeperTube#2064 deleted message from 2018-04-24 08:41:31 (.multicolor 2 ADMIN)
2018-04-24 08:41:44 #general @Pokécord#4503 deleted message from 2018-04-24 08:41:31 (```Congratulations CreeperTube! Your Frogadier is now level 35!```)
2018-04-24 08:41:44 #general @CreeperTube#2064 deleted message from 2018-04-24 08:41:34 (?)
2018-04-24 08:41:44 #general @UnbelievaBoat#1046: <:check:338071972476878848> Deleted 10 messages.
2018-04-24 08:42:53 #general @CreeperTube#2064: *multicolor 2 XXXTENTACION
2018-04-24 08:43:12 #general @CreeperTube#2064: .multicolor 2 ADMIN
2018-04-24 08:43:23 #general @CreeperTube#2064: *multicolor 2 ADMIN
2018-04-24 08:43:27 #general @Ghostplay R2#1298: 
2018-04-24 08:43:27 #general @Ghostplay R2#1298 edited message from 2018-04-24 08:43:27 () to read: 
2018-04-24 09:02:20 #general @CreeperTube#2064: !purge 1
2018-04-24 09:02:21 #general @Ghostplay R2#1298 deleted message from 2018-04-24 08:43:27 ()
2018-04-24 09:02:21 #general @UnbelievaBoat#1046: <:check:338071972476878848> Deleted 1 message.
2018-04-24 09:02:27 #general @CreeperTube#2064 edited message from 2018-04-24 09:02:20 (!purge 1) to read: !purge 10
2018-04-24 09:02:28 #general @CreeperTube#2064 deleted message from 2018-04-24 08:41:43 (!purge 10)
2018-04-24 09:02:28 #general @UnbelievaBoat#1046 deleted message from 2018-04-24 08:41:44 (<:check:338071972476878848> Deleted 10 messages.)
2018-04-24 09:02:28 #general @CreeperTube#2064 deleted message from 2018-04-24 08:42:53 (*multicolor 2 XXXTENTACION)
2018-04-24 09:02:28 #general @CreeperTube#2064 deleted message from 2018-04-24 08:43:12 (.multicolor 2 ADMIN)
2018-04-24 09:02:28 #general @CreeperTube#2064 deleted message from 2018-04-24 08:43:23 (*multicolor 2 ADMIN)
2018-04-24 09:02:28 #general @UnbelievaBoat#1046: <:check:338071972476878848> Deleted 10 messages.
2018-04-24 09:02:34 #general @UnbelievaBoat#1046 deleted message from 2018-04-24 09:02:28 (<:check:338071972476878848> Deleted 10 messages.)
2018-04-24 09:41:32 #general @CreeperTube#2064: !slut
2018-04-24 09:41:33 #general @UnbelievaBoat#1046: 
2018-04-24 09:41:33 #general @UnbelievaBoat#1046 edited message from 2018-04-24 09:41:33 () to read: 
2018-04-24 09:41:45 #general @CreeperTube#2064: !work
2018-04-24 09:41:45 #general @UnbelievaBoat#1046: 
2018-04-24 09:41:45 #general @UnbelievaBoat#1046 edited message from 2018-04-24 09:41:45 () to read: 
2018-04-24 09:41:51 #general @CreeperTube#2064: !crim
2018-04-24 09:41:55 #general @CreeperTube#2064: !crime
2018-04-24 09:41:55 #general @UnbelievaBoat#1046: 
2018-04-24 09:41:55 #general @UnbelievaBoat#1046 edited message from 2018-04-24 09:41:55 () to read: 
2018-04-24 09:42:07 #general @CreeperTube#2064: !rob daone18
2018-04-24 09:42:07 #general @UnbelievaBoat#1046: 
2018-04-24 09:42:08 #general @UnbelievaBoat#1046 edited message from 2018-04-24 09:42:07 () to read: 
2018-04-24 09:56:29 #general @retardo mario#2562:  (attachment url(s): https://cdn.discordapp.com/attachments/427622678933929988/438277041713053708/0900119615a1b75333da9d8130ff1243_2.jpg)
2018-04-24 09:56:45 #general @retardo mario#2562:  (attachment url(s): https://cdn.discordapp.com/attachments/427622678933929988/438277106904989697/derp__sasuke__by_chilce-d31vxox.png)
2018-04-24 10:19:31 #general @CreeperTube#2064: Stop or ill warn u and delete it
2018-04-24 10:19:43 #general @CreeperTube#2064: in #memes
2018-04-24 11:07:53 #general @CreeperTube#2064: !purge 2
2018-04-24 11:07:53 #general @CreeperTube#2064 deleted message from 2018-04-24 10:19:43 (in #memes)
2018-04-24 11:07:53 #general @CreeperTube#2064 deleted message from 2018-04-24 10:19:31 (Stop or ill warn u and delete it)
2018-04-24 11:07:53 #general @UnbelievaBoat#1046: <:check:338071972476878848> Deleted 2 messages.
2018-04-24 11:07:59 #general @CreeperTube#2064: !purge 4
2018-04-24 11:08:00 #general @retardo mario#2562 deleted message from 2018-04-24 09:56:29 ()
2018-04-24 11:08:00 #general @retardo mario#2562 deleted message from 2018-04-24 09:56:45 ()
2018-04-24 11:08:00 #general @CreeperTube#2064 deleted message from 2018-04-24 11:07:53 (!purge 2)
2018-04-24 11:08:00 #general @UnbelievaBoat#1046 deleted message from 2018-04-24 11:07:53 (<:check:338071972476878848> Deleted 2 messages.)
2018-04-24 11:08:00 #general @UnbelievaBoat#1046: <:check:338071972476878848> Deleted 4 messages.
2018-04-24 11:08:20 #general @CreeperTube#2064: !warn @retardo mario
2018-04-24 11:08:20 #general @Pokécord#4503: 
2018-04-24 11:08:21 #general @Pokécord#4503 edited message from 2018-04-24 11:08:20 () to read: 
2018-04-24 11:08:21 #general @UnbelievaBoat#1046: 
2018-04-24 11:08:21 #general @UnbelievaBoat#1046 edited message from 2018-04-24 11:08:21 () to read: 
2018-04-24 11:08:21 #general @Synapse#0692: 
2018-04-24 11:08:21 #general @MEE6#4876: Alright, @retardo mario has been warned because '**Unspecified.**'.
2018-04-24 11:08:21 #general @Synapse#0692 edited message from 2018-04-24 11:08:21 () to read: 
2018-04-24 11:08:21 #general @Pokécord#4503: ```Congratulations CreeperTube! Your Greninja is now level 36!```
2018-04-24 11:08:32 #general @CreeperTube#2064: !purge 5
2018-04-24 11:08:33 #general @Pokécord#4503 deleted message from 2018-04-24 11:08:20 ()
2018-04-24 11:08:33 #general @UnbelievaBoat#1046 deleted message from 2018-04-24 11:08:21 ()
2018-04-24 11:08:33 #general @Synapse#0692 deleted message from 2018-04-24 11:08:21 ()
2018-04-24 11:08:33 #general @MEE6#4876 deleted message from 2018-04-24 11:08:21 (Alright, @retardo mario has been warned because '**Unspecified.**'.)
2018-04-24 11:08:33 #general @Pokécord#4503 deleted message from 2018-04-24 11:08:21 (```Congratulations CreeperTube! Your Greninja is now level 36!```)
2018-04-24 11:08:33 #general @UnbelievaBoat#1046: <:check:338071972476878848> Deleted 5 messages.
2018-04-24 11:08:48 #general @CreeperTube#2064: !warn @retardo mario Memes not in Memes chat
2018-04-24 11:08:48 #general @MEE6#4876: Alright, @retardo mario has been warned because '**Memes not in Memes chat**'.
2018-04-24 11:08:48 #general @Synapse#0692: 
2018-04-24 11:08:48 #general @UnbelievaBoat#1046: <:check:338071972476878848> @retardo mario has been warned.
2018-04-24 11:08:48 #general @Synapse#0692 edited message from 2018-04-24 11:08:48 () to read: 
2018-04-24 11:08:48 #general @UnbelievaBoat#1046 edited message from 2018-04-24 11:08:48 (<:check:338071972476878848> @retardo mario has been warned.) to read: <:check:338071972476878848> `Case #3` @retardo mario has been warned.
2018-04-24 11:08:54 #general @CreeperTube#2064 deleted message from 2018-04-24 11:08:20 (!warn @retardo mario)
2018-04-24 11:10:00 #general @retardo mario#2562: Wot M8
2018-04-24 11:13:02 #general @CreeperTube#2064: did u memes in general?
2018-04-24 11:13:02 #general @MEE6#4876: GG @Random Bitch, you just advanced to level 5!
2018-04-24 11:13:54 #general @CreeperTube#2064: did u?
2018-04-25 00:36:47 #general @Blue#0162: 
2018-04-25 00:36:52 #general @Blue#0162: !rob
2018-04-25 00:36:52 #general @UnbelievaBoat#1046: 
2018-04-25 00:36:52 #general @UnbelievaBoat#1046 edited message from 2018-04-25 00:36:52 () to read: 
2018-04-25 00:36:53 #general @Blue#0162: !slut
2018-04-25 00:36:53 #general @UnbelievaBoat#1046: 
2018-04-25 00:36:53 #general @UnbelievaBoat#1046 edited message from 2018-04-25 00:36:53 () to read: 
2018-04-25 00:37:31 #general @CreeperTube#2064: !clear-money Red
2018-04-25 00:38:02 #general @CreeperTube#2064: @UnbelievaBoat help
2018-04-25 00:38:03 #general @UnbelievaBoat#1046: __**Command List**__\n<https://unbelievable.pizza/commands>\n\n__**Support Server**__\nhttps://discord.gg/YMJ2dGp\nAsk questions in the #support channel\n\n__**Upvote**__\nYou can show your support for UnbelievaBoat by upvoting it here:\n<https://discordbots.org/bot/unbelievable>\n\n__**Help Command**__\n`help [command or module]` - provides help for a command or lists all commands in a module\n`help modules` - lists all modules
2018-04-25 00:38:12 #general @UnbelievaBoat#1046 deleted message from 2018-04-25 00:38:03 (__**Command List**__\n<https://unbelievable.pizza/commands>\n\n__**Support Server**__\nhttps://discord.gg/YMJ2dGp\nAsk questions in the #support channel\n\n__**Upvote**__\nYou can show your support for UnbelievaBoat by upvoting it here:\n<https://discordbots.org/bot/unbelievable>\n\n__**Help Command**__\n`help [command or module]` - provides help for a command or lists all commands in a module\n`help modules` - lists all modules)
2018-04-25 00:38:17 #general @CreeperTube#2064: !bal Blue
2018-04-25 00:38:17 #general @UnbelievaBoat#1046: 
2018-04-25 00:38:17 #general @UnbelievaBoat#1046 edited message from 2018-04-25 00:38:17 () to read: 
2018-04-25 00:39:30 #general @Blue#0162: !rob @Random Bitch
2018-04-25 00:39:31 #general @UnbelievaBoat#1046: 
2018-04-25 00:39:31 #general @UnbelievaBoat#1046 edited message from 2018-04-25 00:39:31 () to read: 
2018-04-25 00:39:44 #general @Blue#0162: !work
2018-04-25 00:39:44 #general @UnbelievaBoat#1046: 
2018-04-25 00:39:45 #general @UnbelievaBoat#1046 edited message from 2018-04-25 00:39:44 () to read: 
2018-04-25 00:41:52 #general @CreeperTube#2064: !reset-money Blue
2018-04-25 00:41:52 #general @UnbelievaBoat#1046: 
2018-04-25 00:41:52 #general @UnbelievaBoat#1046 edited message from 2018-04-25 00:41:52 () to read: 
2018-04-25 00:42:29 #general @CreeperTube#2064: !reset-money CreeperTube
2018-04-25 00:42:30 #general @UnbelievaBoat#1046: Are you sure you want to reset all your money? (yes/no)
2018-04-25 00:42:33 #general @CreeperTube#2064: y
2018-04-25 00:42:33 #general @UnbelievaBoat#1046: 
2018-04-25 00:42:33 #general @UnbelievaBoat#1046 edited message from 2018-04-25 00:42:33 () to read: 
2018-04-25 00:42:46 #general @CreeperTube#2064: !reset-money daone18
2018-04-25 00:42:47 #general @UnbelievaBoat#1046: Are you sure you want to reset daone18#5782's money? (yes/no)
2018-04-25 00:42:49 #general @CreeperTube#2064: y
2018-04-25 00:42:50 #general @UnbelievaBoat#1046: 
2018-04-25 00:42:50 #general @UnbelievaBoat#1046 edited message from 2018-04-25 00:42:50 () to read: 
2018-04-25 00:42:55 #general @CreeperTube#2064: !reset-money Blue
2018-04-25 00:42:56 #general @UnbelievaBoat#1046: 
2018-04-25 00:42:56 #general @UnbelievaBoat#1046 edited message from 2018-04-25 00:42:56 () to read: 
2018-04-25 00:43:08 #general @CreeperTube#2064: !reset-money @Blue
2018-04-25 00:43:08 #general @UnbelievaBoat#1046: Are you sure you want to reset Blue#0162's money? (yes/no)
2018-04-25 00:43:08 #general @Pokécord#4503: 
2018-04-25 00:43:08 #general @Pokécord#4503 edited message from 2018-04-25 00:43:08 () to read: 
2018-04-25 00:43:08 #general @Pokécord#4503: ```Congratulations CreeperTube! Your Greninja is now level 38!```
2018-04-25 00:43:10 #general @CreeperTube#2064: y
2018-04-25 00:43:10 #general @UnbelievaBoat#1046: 
2018-04-25 00:43:11 #general @UnbelievaBoat#1046 edited message from 2018-04-25 00:43:10 () to read: 
2018-04-25 00:43:42 #general @CreeperTube#2064: !bl DoraTheBaller
2018-04-25 00:43:53 #general @CreeperTube#2064 edited message from 2018-04-25 00:43:42 (!bl DoraTheBaller) to read: !bal DoraTheBaller
2018-04-25 00:43:53 #general @UnbelievaBoat#1046: 
2018-04-25 00:43:54 #general @UnbelievaBoat#1046 edited message from 2018-04-25 00:43:53 () to read: 
2018-04-25 00:44:11 #general @CreeperTube#2064: !bal extreme_gamer1029384756
2018-04-25 00:44:11 #general @UnbelievaBoat#1046: 
2018-04-25 00:44:11 #general @UnbelievaBoat#1046 edited message from 2018-04-25 00:44:11 () to read: 
2018-04-25 00:44:23 #general @CreeperTube#2064: !bal Kermit The Frog
2018-04-25 00:44:24 #general @UnbelievaBoat#1046: 
2018-04-25 00:44:24 #general @UnbelievaBoat#1046 edited message from 2018-04-25 00:44:24 () to read: 
2018-04-25 00:44:42 #general @CreeperTube#2064: !bal retardo mario
2018-04-25 00:44:42 #general @UnbelievaBoat#1046: 
2018-04-25 00:44:43 #general @UnbelievaBoat#1046 edited message from 2018-04-25 00:44:42 () to read: 
2018-04-25 00:44:48 #general @CreeperTube#2064: !bal ZUCC
2018-04-25 00:44:49 #general @UnbelievaBoat#1046: 
2018-04-25 00:44:49 #general @UnbelievaBoat#1046 edited message from 2018-04-25 00:44:49 () to read: 
2018-04-25 00:44:53 #general @CreeperTube#2064: !purge 100
2018-04-25 00:44:54 #general @UnbelievaBoat#1046: <:check:338071972476878848> Deleted 99 messages.
2018-04-25 00:44:54 #general @Blue#0162 deleted message from 2018-04-25 00:36:47 ()
2018-04-25 00:44:54 #general @Blue#0162 deleted message from 2018-04-25 00:36:52 (!rob)
2018-04-25 00:44:54 #general @UnbelievaBoat#1046 deleted message from 2018-04-25 00:36:52 ()
2018-04-25 00:44:54 #general @Blue#0162 deleted message from 2018-04-25 00:36:53 (!slut)
2018-04-25 00:44:54 #general @UnbelievaBoat#1046 deleted message from 2018-04-25 00:36:53 ()
2018-04-25 00:44:54 #general @CreeperTube#2064 deleted message from 2018-04-25 00:37:31 (!clear-money Red)
2018-04-25 00:44:54 #general @CreeperTube#2064 deleted message from 2018-04-25 00:38:02 (@UnbelievaBoat help)
2018-04-25 00:44:54 #general @CreeperTube#2064 deleted message from 2018-04-25 00:38:17 (!bal Blue)
2018-04-25 00:44:54 #general @UnbelievaBoat#1046 deleted message from 2018-04-25 00:38:17 ()
2018-04-25 00:44:54 #general @Blue#0162 deleted message from 2018-04-25 00:39:30 (!rob @Random Bitch)
2018-04-25 00:44:54 #general @UnbelievaBoat#1046 deleted message from 2018-04-25 00:39:31 ()
2018-04-25 00:44:54 #general @Blue#0162 deleted message from 2018-04-25 00:39:44 (!work)
2018-04-25 00:44:54 #general @UnbelievaBoat#1046 deleted message from 2018-04-25 00:39:44 ()
2018-04-25 00:44:54 #general @CreeperTube#2064 deleted message from 2018-04-25 00:41:52 (!reset-money Blue)
2018-04-25 00:44:54 #general @UnbelievaBoat#1046 deleted message from 2018-04-25 00:41:52 ()
2018-04-25 00:44:54 #general @CreeperTube#2064 deleted message from 2018-04-25 00:42:29 (!reset-money CreeperTube)
2018-04-25 00:44:54 #general @UnbelievaBoat#1046 deleted message from 2018-04-25 00:42:30 (Are you sure you want to reset all your money? (yes/no))
2018-04-25 00:44:54 #general @CreeperTube#2064 deleted message from 2018-04-25 00:42:33 (y)
2018-04-25 00:44:54 #general @UnbelievaBoat#1046 deleted message from 2018-04-25 00:42:33 ()
2018-04-25 00:44:54 #general @CreeperTube#2064 deleted message from 2018-04-25 00:42:46 (!reset-money daone18)
2018-04-25 00:44:54 #general @UnbelievaBoat#1046 deleted message from 2018-04-25 00:42:47 (Are you sure you want to reset daone18#5782's money? (yes/no))
2018-04-25 00:44:54 #general @CreeperTube#2064 deleted message from 2018-04-25 00:42:49 (y)
2018-04-25 00:44:54 #general @UnbelievaBoat#1046 deleted message from 2018-04-25 00:42:50 ()
2018-04-25 00:44:54 #general @CreeperTube#2064 deleted message from 2018-04-25 00:42:55 (!reset-money Blue)
2018-04-25 00:44:54 #general @UnbelievaBoat#1046 deleted message from 2018-04-25 00:42:56 ()
2018-04-25 00:44:54 #general @CreeperTube#2064 deleted message from 2018-04-25 00:43:08 (!reset-money @Blue)
2018-04-25 00:44:54 #general @UnbelievaBoat#1046 deleted message from 2018-04-25 00:43:08 (Are you sure you want to reset Blue#0162's money? (yes/no))
2018-04-25 00:44:54 #general @Pokécord#4503 deleted message from 2018-04-25 00:43:08 ()
2018-04-25 00:44:54 #general @Pokécord#4503 deleted message from 2018-04-25 00:43:08 (```Congratulations CreeperTube! Your Greninja is now level 38!```)
2018-04-25 00:44:54 #general @CreeperTube#2064 deleted message from 2018-04-25 00:43:10 (y)
2018-04-25 00:44:54 #general @UnbelievaBoat#1046 deleted message from 2018-04-25 00:43:10 ()
2018-04-25 00:44:54 #general @CreeperTube#2064 deleted message from 2018-04-25 00:43:42 (!bal DoraTheBaller)
2018-04-25 00:44:54 #general @UnbelievaBoat#1046 deleted message from 2018-04-25 00:43:53 ()
2018-04-25 00:44:54 #general @CreeperTube#2064 deleted message from 2018-04-25 00:44:11 (!bal extreme_gamer1029384756)
2018-04-25 00:44:54 #general @UnbelievaBoat#1046 deleted message from 2018-04-25 00:44:11 ()
2018-04-25 00:44:54 #general @CreeperTube#2064 deleted message from 2018-04-25 00:44:23 (!bal Kermit The Frog)
2018-04-25 00:44:54 #general @UnbelievaBoat#1046 deleted message from 2018-04-25 00:44:24 ()
2018-04-25 00:44:54 #general @CreeperTube#2064 deleted message from 2018-04-25 00:44:42 (!bal retardo mario)
2018-04-25 00:44:54 #general @UnbelievaBoat#1046 deleted message from 2018-04-25 00:44:42 ()
2018-04-25 00:44:54 #general @CreeperTube#2064 deleted message from 2018-04-25 00:44:48 (!bal ZUCC)
2018-04-25 00:44:54 #general @UnbelievaBoat#1046 deleted message from 2018-04-25 00:44:49 ()
2018-04-25 05:27:48 #general @CreeperTube#2064: !purge 100
2018-04-25 05:27:49 #general @UnbelievaBoat#1046: <:check:338071972476878848> Deleted 54 messages.
2018-04-25 05:36:02 #general @CreeperTube#2064: !bank
2018-04-25 05:36:02 #general @Synapse#0692: ```\n!bank\n\nBank operations\n\nCommands:\n  balance  Shows balance of user.\n  transfer Transfer credits to other users\n  reset    Deletes all server's bank accounts\n  set      Sets credits of user's bank account. See help for more operations\n  register Registers an account at the Twentysix bank\n\nType !bank command for more info on a command.\nYou can also type !bank category for more info on a category.\n```
2018-04-25 05:36:02 #general @UnbelievaBoat#1046: 
2018-04-25 05:36:02 #general @UnbelievaBoat#1046 edited message from 2018-04-25 05:36:02 () to read: 
2018-04-25 05:36:43 #general @CreeperTube#2064: !slut
2018-04-25 05:36:44 #general @UnbelievaBoat#1046: 
2018-04-25 05:36:44 #general @UnbelievaBoat#1046 edited message from 2018-04-25 05:36:44 () to read: 
2018-04-25 05:39:48 #general @CreeperTube#2064: !add-reply crime You kidnap a bride and take her hostage for {amount}
2018-04-25 05:42:27 #general @CreeperTube#2064 edited message from 2018-04-25 05:39:48 (!add-reply crime You kidnap a bride and take her hostage for {amount}) to read: !add-reply crime You kidnap a bride and take her hostage for 100
2018-04-25 05:43:04 #general @CreeperTube#2064: set-fine-type percentage
2018-04-25 05:43:09 #general @CreeperTube#2064 edited message from 2018-04-25 05:43:04 (set-fine-type percentage) to read: !set-fine-type percentage
2018-04-25 05:43:20 #general @CreeperTube#2064: !purge 6
2018-04-25 05:43:20 #general @Pokécord#4503: ```Congratulations CreeperTube! Your Greninja is now level 41!```
2018-04-25 06:12:33 #general @CreeperTube#2064: lol
2018-04-25 06:12:36 #general @CreeperTube#2064: !work
2018-04-25 06:12:36 #general @UnbelievaBoat#1046: 
2018-04-25 06:12:36 #general @UnbelievaBoat#1046 edited message from 2018-04-25 06:12:36 () to read: 
2018-04-25 06:13:58 #general @CreeperTube#2064: !crime
2018-04-25 06:13:58 #general @UnbelievaBoat#1046: 
2018-04-25 06:13:59 #general @UnbelievaBoat#1046 edited message from 2018-04-25 06:13:58 () to read: 
2018-04-25 06:14:21 #general @CreeperTube#2064: !rob daone18
2018-04-25 06:14:21 #general @UnbelievaBoat#1046: 
2018-04-25 06:14:21 #general @UnbelievaBoat#1046 edited message from 2018-04-25 06:14:21 () to read: 
2018-04-25 06:15:04 #general @CreeperTube#2064: !add-money cash daone18 10000000000000000000000000000000000000000000000
2018-04-25 06:15:04 #general @UnbelievaBoat#1046: 
2018-04-25 06:15:04 #general @UnbelievaBoat#1046 edited message from 2018-04-25 06:15:04 () to read: 
2018-04-25 06:15:24 #general @CreeperTube#2064: !add-money cash daone18 10000000000000000000000000000000000000000000000\n0000000000000000000000000000000000000000000000\n0000000000000000000000000000000000000000000000\n0000000000000000000000000000000000000000000000\n0000000000000000000000000000000000000000000000\n0000000000000000000000000000000000000000000000\n0000000000000000000000000000000000000000000000\n0000000000000000000000000000000000000000000000\n0000000000000000000000000000000000000000000000\n0000000000000000000000000000000000000000000000\n0000000000000000000000000000000000000000000000\n0000000000000000000000000000000000000000000000\n0000000000000000000000000000000000000000000000\n0000000000000000000000000000000000000000000000\n0000000000000000000000000000000000000000000000\n0000000000000000000000000000000000000000000000\n0000000000000000000000000000000000000000000000\n0000000000000000000000000000000000000000000000\n0000000000000000000000000000000000000000000000
2018-04-25 06:15:24 #general @UnbelievaBoat#1046: 
2018-04-25 06:15:24 #general @UnbelievaBoat#1046 edited message from 2018-04-25 06:15:24 () to read: 
2018-04-25 06:17:05 #general @CreeperTube#2064 edited message from 2018-04-25 06:15:24 (!add-money cash daone18 10000000000000000000000000000000000000000000000\n0000000000000000000000000000000000000000000000\n0000000000000000000000000000000000000000000000\n0000000000000000000000000000000000000000000000\n0000000000000000000000000000000000000000000000\n0000000000000000000000000000000000000000000000\n0000000000000000000000000000000000000000000000\n0000000000000000000000000000000000000000000000\n0000000000000000000000000000000000000000000000\n0000000000000000000000000000000000000000000000\n0000000000000000000000000000000000000000000000\n0000000000000000000000000000000000000000000000\n0000000000000000000000000000000000000000000000\n0000000000000000000000000000000000000000000000\n0000000000000000000000000000000000000000000000\n0000000000000000000000000000000000000000000000\n0000000000000000000000000000000000000000000000\n0000000000000000000000000000000000000000000000\n0000000000000000000000000000000000000000000000) to read: !add-money cash daone18 1000000000000000000000000000000000000000000000000000000000000000000000000000000000000000000000000000000000000000000000000000000000000000000000000000000000000000000000000000000000000000000000000000000000000000000000000000000000000000000000000000000000000000000000000000000000000000000000000000000000000000000000000000000000000000000000000000000000000000000000000000000000000\n00000000000000000000000000000000000000000000000000000000000000000000000000000000000000000000000000000000000000000000000000000000000000000000000000000000000000000000000000000000000000000000000000000000000000000000000000000000000000000000000000000000
2018-04-25 06:17:05 #general @UnbelievaBoat#1046: 
2018-04-25 06:17:05 #general @UnbelievaBoat#1046 edited message from 2018-04-25 06:17:05 () to read: 
2018-04-25 06:17:36 #general @CreeperTube#2064: !add-money cash daone18 100000000000000000000000000000000000000000000000000000000000000000000000000000000000000000000000000000000000000000000000000000000000000000000000000000000000000000000000000000000000000000000000000000000000000000000000000000000000000000000000000000000000000000000000000000000000000000000000000000000000000000000000000000000000000000000000000000000000000000000000000000000000000000
2018-04-25 06:17:36 #general @UnbelievaBoat#1046: 
2018-04-25 06:17:37 #general @UnbelievaBoat#1046 edited message from 2018-04-25 06:17:36 () to read: 
2018-04-25 06:17:49 #general @CreeperTube#2064: !purge 10
2018-04-25 06:17:49 #general @UnbelievaBoat#1046 deleted message from 2018-04-25 06:13:58 ()
2018-04-25 06:17:49 #general @CreeperTube#2064 deleted message from 2018-04-25 06:14:21 (!rob daone18)
2018-04-25 06:17:49 #general @UnbelievaBoat#1046 deleted message from 2018-04-25 06:14:21 ()
2018-04-25 06:17:49 #general @CreeperTube#2064 deleted message from 2018-04-25 06:15:04 (!add-money cash daone18 10000000000000000000000000000000000000000000000)
2018-04-25 06:17:49 #general @UnbelievaBoat#1046 deleted message from 2018-04-25 06:15:04 ()
2018-04-25 06:17:49 #general @CreeperTube#2064 deleted message from 2018-04-25 06:15:24 (!add-money cash daone18 1000000000000000000000000000000000000000000000000000000000000000000000000000000000000000000000000000000000000000000000000000000000000000000000000000000000000000000000000000000000000000000000000000000000000000000000000000000000000000000000000000000000000000000000000000000000000000000000000000000000000000000000000000000000000000000000000000000000000000000000000000000000000\n00000000000000000000000000000000000000000000000000000000000000000000000000000000000000000000000000000000000000000000000000000000000000000000000000000000000000000000000000000000000000000000000000000000000000000000000000000000000000000000000000000000)
2018-04-25 06:17:49 #general @UnbelievaBoat#1046 deleted message from 2018-04-25 06:15:24 ()
2018-04-25 06:17:49 #general @UnbelievaBoat#1046 deleted message from 2018-04-25 06:17:05 ()
2018-04-25 06:17:49 #general @CreeperTube#2064 deleted message from 2018-04-25 06:17:36 (!add-money cash daone18 100000000000000000000000000000000000000000000000000000000000000000000000000000000000000000000000000000000000000000000000000000000000000000000000000000000000000000000000000000000000000000000000000000000000000000000000000000000000000000000000000000000000000000000000000000000000000000000000000000000000000000000000000000000000000000000000000000000000000000000000000000000000000000)
2018-04-25 06:17:49 #general @UnbelievaBoat#1046 deleted message from 2018-04-25 06:17:36 ()
2018-04-25 06:17:49 #general @UnbelievaBoat#1046: <:check:338071972476878848> Deleted 10 messages.
2018-04-25 06:18:12 #general @CreeperTube#2064: !bank
2018-04-25 06:18:12 #general @Pokécord#4503: 
2018-04-25 06:18:12 #general @Pokécord#4503 edited message from 2018-04-25 06:18:12 () to read: 
2018-04-25 06:18:12 #general @UnbelievaBoat#1046: 
2018-04-25 06:18:12 #general @Synapse#0692: ```\n!bank\n\nBank operations\n\nCommands:\n  balance  Shows balance of user.\n  transfer Transfer credits to other users\n  reset    Deletes all server's bank accounts\n  set      Sets credits of user's bank account. See help for more operations\n  register Registers an account at the Twentysix bank\n\nType !bank command for more info on a command.\nYou can also type !bank category for more info on a category.\n```
2018-04-25 06:18:12 #general @UnbelievaBoat#1046 edited message from 2018-04-25 06:18:12 () to read: 
2018-04-25 06:18:21 #general @CreeperTube#2064: !bal
2018-04-25 06:18:21 #general @UnbelievaBoat#1046: 
2018-04-25 06:18:21 #general @UnbelievaBoat#1046 edited message from 2018-04-25 06:18:21 () to read: 
2018-04-25 06:19:46 #general @CreeperTube#2064: !dep 1000000000
2018-04-25 06:19:46 #general @UnbelievaBoat#1046: 
2018-04-25 06:19:46 #general @UnbelievaBoat#1046 edited message from 2018-04-25 06:19:46 () to read: 
2018-04-25 06:20:01 #general @CreeperTube#2064 edited message from 2018-04-25 06:19:46 (!dep 1000000000) to read: !dep 10000000
2018-04-25 06:20:01 #general @UnbelievaBoat#1046: 
2018-04-25 06:20:01 #general @UnbelievaBoat#1046 edited message from 2018-04-25 06:20:01 () to read: 
2018-04-25 06:26:04 #general @CreeperTube#2064: !reset-money CreeperTube
2018-04-25 06:26:05 #general @UnbelievaBoat#1046: Are you sure you want to reset all your money? (yes/no)
2018-04-25 06:26:12 #general @CreeperTube#2064: yes
2018-04-25 06:26:12 #general @Pokécord#4503: 
2018-04-25 06:26:12 #general @Pokécord#4503 edited message from 2018-04-25 06:26:12 () to read: 
2018-04-25 06:26:12 #general @UnbelievaBoat#1046: 
2018-04-25 06:26:12 #general @UnbelievaBoat#1046 edited message from 2018-04-25 06:26:12 () to read: 
2018-04-25 06:26:28 #general @CreeperTube#2064: !bal
2018-04-25 06:26:28 #general @UnbelievaBoat#1046: 
2018-04-25 06:26:28 #general @UnbelievaBoat#1046 edited message from 2018-04-25 06:26:28 () to read: 
2018-04-25 06:26:43 #general @CreeperTube#2064: !add-money bank 10000000
2018-04-25 06:26:43 #general @UnbelievaBoat#1046: 
2018-04-25 06:26:44 #general @UnbelievaBoat#1046 edited message from 2018-04-25 06:26:43 () to read: 
2018-04-25 06:26:57 #general @CreeperTube#2064: !add-money bank CreeperTube 10000000
2018-04-25 06:26:57 #general @UnbelievaBoat#1046: 
2018-04-25 06:26:57 #general @UnbelievaBoat#1046 edited message from 2018-04-25 06:26:57 () to read: 
2018-04-25 06:28:02 #general @CreeperTube#2064: !set-fine-amount slut max 30%
2018-04-25 06:28:02 #general @UnbelievaBoat#1046: <:check:338071972476878848> The maximum fine **percentage** for the `slut` command has been set to: 30%
2018-04-25 06:28:06 #general @CreeperTube#2064: !slut
2018-04-25 06:28:06 #general @UnbelievaBoat#1046: 
2018-04-25 06:28:06 #general @Pokécord#4503: ```Congratulations CreeperTube! Your Greninja is now level 42!```
2018-04-25 06:28:06 #general @UnbelievaBoat#1046 edited message from 2018-04-25 06:28:06 () to read: 
2018-04-25 06:29:35 #general @CreeperTube#2064: !set-cooldown work 10m\n!set-cooldown slut 10m\n!set-cooldown crime 10m\n!set-cooldown rob 30m
2018-04-25 06:29:35 #general @UnbelievaBoat#1046: 
2018-04-25 06:29:35 #general @UnbelievaBoat#1046 edited message from 2018-04-25 06:29:35 () to read: 
2018-04-25 06:29:49 #general @CreeperTube#2064: !set-cooldown work 10m
2018-04-25 06:29:49 #general @UnbelievaBoat#1046: <:check:338071972476878848> Changed the cooldown for the `work` command to: 10 minutes
2018-04-25 06:30:05 #general @CreeperTube#2064: !set-cooldown slut 10m
2018-04-25 06:30:05 #general @UnbelievaBoat#1046: <:check:338071972476878848> Changed the cooldown for the `slut` command to: 10 minutes
2018-04-25 06:30:15 #general @CreeperTube#2064: !set-cooldown rob 30m
2018-04-25 06:30:15 #general @UnbelievaBoat#1046: <:check:338071972476878848> Changed the cooldown for the `rob` command to: 30 minutes
2018-04-25 06:30:25 #general @CreeperTube#2064: !set-cooldown work 10m
2018-04-25 06:30:25 #general @UnbelievaBoat#1046: <:check:338071972476878848> Changed the cooldown for the `work` command to: 10 minutes
2018-04-25 06:30:37 #general @CreeperTube#2064: !set-cooldown crime 10m
2018-04-25 06:30:37 #general @UnbelievaBoat#1046: <:check:338071972476878848> Changed the cooldown for the `crime` command to: 10 minutes
2018-04-25 06:30:47 #general @CreeperTube#2064: !slut
2018-04-25 06:30:47 #general @UnbelievaBoat#1046: 
2018-04-25 06:30:47 #general @UnbelievaBoat#1046 edited message from 2018-04-25 06:30:47 () to read: 
2018-04-25 06:31:13 #general @CreeperTube#2064: !reset-money CreeperTube
2018-04-25 06:31:14 #general @UnbelievaBoat#1046: Are you sure you want to reset all your money? (yes/no)
2018-04-25 06:31:19 #general @CreeperTube#2064: yes
2018-04-25 06:31:20 #general @UnbelievaBoat#1046: 
2018-04-25 06:31:20 #general @UnbelievaBoat#1046 edited message from 2018-04-25 06:31:20 () to read: 
2018-04-25 06:31:26 #general @CreeperTube#2064: !reset-money CreeperTube
2018-04-25 06:31:26 #general @Pokécord#4503: 
2018-04-25 06:31:26 #general @Pokécord#4503 edited message from 2018-04-25 06:31:26 () to read: 
2018-04-25 06:31:27 #general @UnbelievaBoat#1046: Are you sure you want to reset all your money? (yes/no)
2018-04-25 06:31:31 #general @CreeperTube#2064: yes
2018-04-25 06:31:31 #general @UnbelievaBoat#1046: 
2018-04-25 06:31:32 #general @UnbelievaBoat#1046 edited message from 2018-04-25 06:31:31 () to read: 
2018-04-25 06:31:44 #general @CreeperTube#2064: !add-money bank CreeperTube 10000000
2018-04-25 06:31:44 #general @UnbelievaBoat#1046: 
2018-04-25 06:31:45 #general @UnbelievaBoat#1046 edited message from 2018-04-25 06:31:44 () to read: 
2018-04-25 06:31:55 #general @CreeperTube#2064: p!catch hoppit
2018-04-25 06:31:55 #general @Pokécord#4503: This is the wrong pokémon!
2018-04-25 09:27:45 #general @CreeperTube#2064: !shop
2018-04-25 09:27:45 #general @Synapse#0692: ```\n!shop\n\nShop Commands. Use !help Shop for other command groups\n\nCommands:\n  trash       Throws away an item in your inventory.\n  buy         Purchase a shop item with credits.\n  clear       Wipes the entire shop list\n  addrole     Add a role token to shop list. Requires buyrole from refactored...\n  give        Adds an item to a users inventory. Item must be in the shop.\n  remove      Removes an item from the shop.\n  version     Shows the version of the shop cog you are running.\n  add         Adds items to the shop. Use 0 in quantity for infinite.\n  list        Shows a list of all the shop items. Roles are blue.\n  blocktrades Toggles blocking trade requests.\n  redeem      Sends a request to redeem an item\n  trade       Request a trade with another user\n  gift        Send a number of items from your inventory to another user\n\nType !shop command for more info on a command.\nYou can also type !shop category for more info on a category.\n```
2018-04-25 09:27:45 #general @UnbelievaBoat#1046: 
2018-04-25 09:27:45 #general @UnbelievaBoat#1046 edited message from 2018-04-25 09:27:45 () to read: 
2018-04-26 02:29:33 #general @CreeperTube#2064: !set-payout slut max 240
2018-04-26 02:29:33 #general @UnbelievaBoat#1046: <:check:338071972476878848> The maximum amount for the `slut` command has been set to: £240
2018-04-26 02:29:43 #general @CreeperTube#2064: !set-payout work max 240
2018-04-26 02:29:43 #general @UnbelievaBoat#1046: <:check:338071972476878848> The maximum amount for the `work` command has been set to: £240
2018-04-26 02:29:53 #general @CreeperTube#2064: !set-payout crime max 250
2018-04-26 02:29:54 #general @UnbelievaBoat#1046: <:check:338071972476878848> The maximum amount for the `crime` command has been set to: £250
2018-04-26 02:31:27 #general @CreeperTube#2064: !set-fail-rate crime 60%
2018-04-26 02:31:27 #general @UnbelievaBoat#1046: <:check:338071972476878848> The fail rate for the `crime` command has been set to: 60%
2018-04-26 02:31:37 #general @CreeperTube#2064: !set-fail-rate work 60%
2018-04-26 02:31:37 #general @UnbelievaBoat#1046: 
2018-04-26 02:31:38 #general @UnbelievaBoat#1046 edited message from 2018-04-26 02:31:37 () to read: 
2018-04-26 02:32:43 #general @CreeperTube#2064: !set-fail-rate slut 60%
2018-04-26 02:32:43 #general @UnbelievaBoat#1046: <:check:338071972476878848> The fail rate for the `slut` command has been set to: 60%
2018-04-26 02:32:50 #general @CreeperTube#2064: !set-fail-rate work 60%
2018-04-26 02:32:50 #general @Pokécord#4503: 
2018-04-26 02:32:51 #general @Pokécord#4503 edited message from 2018-04-26 02:32:50 () to read: 
2018-04-26 02:32:50 #general @UnbelievaBoat#1046: 
2018-04-26 02:32:51 #general @UnbelievaBoat#1046 edited message from 2018-04-26 02:32:50 () to read: 
2018-04-26 02:36:05 #general @CreeperTube#2064: !set-fail-rate work 60%
2018-04-26 02:36:05 #general @UnbelievaBoat#1046: 
2018-04-26 02:36:05 #general @UnbelievaBoat#1046 edited message from 2018-04-26 02:36:05 () to read: 
2018-04-26 02:36:13 #general @CreeperTube#2064: p!level-up 1000'
2018-04-26 02:36:18 #general @CreeperTube#2064 edited message from 2018-04-26 02:36:13 (p!level-up 1000') to read: p!level-up 100
2018-04-26 02:36:24 #general @CreeperTube#2064 deleted message from 2018-04-26 02:36:13 (p!level-up 100)
2018-04-26 02:37:01 #general @CreeperTube#2064: !work
2018-04-26 02:37:02 #general @UnbelievaBoat#1046: 
2018-04-26 02:37:02 #general @UnbelievaBoat#1046 edited message from 2018-04-26 02:37:02 () to read: 
2018-04-26 02:37:04 #general @CreeperTube#2064: !slut
2018-04-26 02:37:05 #general @UnbelievaBoat#1046: 
2018-04-26 02:37:06 #general @UnbelievaBoat#1046 edited message from 2018-04-26 02:37:05 () to read: 
2018-04-26 02:38:23 #general @CreeperTube#2064: !rob Blue
2018-04-26 02:38:23 #general @UnbelievaBoat#1046: 
2018-04-26 02:38:23 #general @UnbelievaBoat#1046 edited message from 2018-04-26 02:38:23 () to read: 
2018-04-26 02:38:30 #general @CreeperTube#2064: !leaderboard
2018-04-26 02:38:31 #general @UnbelievaBoat#1046: 
2018-04-26 02:38:31 #general @UnbelievaBoat#1046 edited message from 2018-04-26 02:38:31 () to read: 
2018-04-26 02:38:32 #general @Synapse#0692: There are no accounts in the bank.
2018-04-26 02:38:59 #general @CreeperTube#2064: !add-money bank CreeperTube 2548742
2018-04-26 02:39:00 #general @UnbelievaBoat#1046: 
2018-04-26 02:39:00 #general @UnbelievaBoat#1046 edited message from 2018-04-26 02:39:00 () to read: 
2018-04-26 02:40:25 #general @CreeperTube#2064: !bal
2018-04-26 02:40:25 #general @UnbelievaBoat#1046: 
2018-04-26 02:40:27 #general @UnbelievaBoat#1046 edited message from 2018-04-26 02:40:25 () to read: 
2018-04-26 02:40:36 #general @CreeperTube#2064: !with all
2018-04-26 02:40:37 #general @UnbelievaBoat#1046: 
2018-04-26 02:40:37 #general @UnbelievaBoat#1046 edited message from 2018-04-26 02:40:37 () to read: 
2018-04-26 02:40:41 #general @CreeperTube#2064: !dep all
2018-04-26 02:40:42 #general @UnbelievaBoat#1046: 
2018-04-26 02:40:42 #general @UnbelievaBoat#1046 edited message from 2018-04-26 02:40:42 () to read: 
2018-04-26 02:40:45 #general @CreeperTube#2064: !bal
2018-04-26 02:40:45 #general @UnbelievaBoat#1046: 
2018-04-26 02:40:45 #general @UnbelievaBoat#1046 edited message from 2018-04-26 02:40:45 () to read: 
2018-04-26 02:41:07 #general @CreeperTube#2064: !pay daone18 176
2018-04-26 02:41:07 #general @UnbelievaBoat#1046: 
2018-04-26 02:41:07 #general @UnbelievaBoat#1046 edited message from 2018-04-26 02:41:07 () to read: 
2018-04-26 02:41:17 #general @CreeperTube#2064: !with all
2018-04-26 02:41:17 #general @UnbelievaBoat#1046: 
2018-04-26 02:41:18 #general @UnbelievaBoat#1046 edited message from 2018-04-26 02:41:17 () to read: 
2018-04-26 02:41:22 #general @CreeperTube#2064: !pay daone18 176
2018-04-26 02:41:23 #general @UnbelievaBoat#1046: 
2018-04-26 02:41:23 #general @UnbelievaBoat#1046 edited message from 2018-04-26 02:41:23 () to read: 
2018-04-26 02:41:44 #general @CreeperTube#2064: !dep all
2018-04-26 02:41:44 #general @UnbelievaBoat#1046: 
2018-04-26 02:41:45 #general @UnbelievaBoat#1046 edited message from 2018-04-26 02:41:44 () to read: 
2018-04-26 02:43:02 #general @CreeperTube#2064: !purge 15
2018-04-26 02:43:02 #general @UnbelievaBoat#1046 deleted message from 2018-04-26 02:40:25 ()
2018-04-26 02:43:02 #general @CreeperTube#2064 deleted message from 2018-04-26 02:40:36 (!with all)
2018-04-26 02:43:02 #general @UnbelievaBoat#1046 deleted message from 2018-04-26 02:40:37 ()
2018-04-26 02:43:02 #general @CreeperTube#2064 deleted message from 2018-04-26 02:40:41 (!dep all)
2018-04-26 02:43:02 #general @UnbelievaBoat#1046 deleted message from 2018-04-26 02:40:42 ()
2018-04-26 02:43:02 #general @CreeperTube#2064 deleted message from 2018-04-26 02:40:45 (!bal)
2018-04-26 02:43:02 #general @UnbelievaBoat#1046 deleted message from 2018-04-26 02:40:45 ()
2018-04-26 02:43:02 #general @CreeperTube#2064 deleted message from 2018-04-26 02:41:07 (!pay daone18 176)
2018-04-26 02:43:02 #general @UnbelievaBoat#1046 deleted message from 2018-04-26 02:41:07 ()
2018-04-26 02:43:02 #general @CreeperTube#2064 deleted message from 2018-04-26 02:41:17 (!with all)
2018-04-26 02:43:02 #general @UnbelievaBoat#1046 deleted message from 2018-04-26 02:41:17 ()
2018-04-26 02:43:02 #general @CreeperTube#2064 deleted message from 2018-04-26 02:41:22 (!pay daone18 176)
2018-04-26 02:43:02 #general @UnbelievaBoat#1046 deleted message from 2018-04-26 02:41:23 ()
2018-04-26 02:43:02 #general @CreeperTube#2064 deleted message from 2018-04-26 02:41:44 (!dep all)
2018-04-26 02:43:02 #general @UnbelievaBoat#1046 deleted message from 2018-04-26 02:41:44 ()
2018-04-26 02:43:02 #general @UnbelievaBoat#1046: <:check:338071972476878848> Deleted 15 messages.
2018-04-26 02:48:01 #general @CreeperTube#2064: !purge 5
2018-04-26 02:48:02 #general @CreeperTube#2064 deleted message from 2018-04-26 02:38:59 (!add-money bank CreeperTube 2548742)
2018-04-26 02:48:02 #general @UnbelievaBoat#1046 deleted message from 2018-04-26 02:39:00 ()
2018-04-26 02:48:02 #general @CreeperTube#2064 deleted message from 2018-04-26 02:40:25 (!bal)
2018-04-26 02:48:02 #general @CreeperTube#2064 deleted message from 2018-04-26 02:43:02 (!purge 15)
2018-04-26 02:48:02 #general @UnbelievaBoat#1046 deleted message from 2018-04-26 02:43:02 (<:check:338071972476878848> Deleted 15 messages.)
2018-04-26 02:48:02 #general @UnbelievaBoat#1046: <:check:338071972476878848> Deleted 5 messages.
2018-04-26 23:58:07 #general @DoraTheBaller#7045: https://www.youtube.com/watch?v=uKOk9Vf8duY
2018-04-27 06:51:38 #general @CreeperTube#2064: !add-money bank CreeperTube 1
2018-04-27 06:51:38 #general @UnbelievaBoat#1046: 
2018-04-27 06:51:39 #general @UnbelievaBoat#1046 edited message from 2018-04-27 06:51:38 () to read: 
2018-04-27 06:51:41 #general @CreeperTube#2064: !bal
2018-04-27 06:51:42 #general @UnbelievaBoat#1046: 
2018-04-27 06:51:42 #general @UnbelievaBoat#1046 edited message from 2018-04-27 06:51:42 () to read: 
2018-04-27 10:14:28 #general @CreeperTube#2064: !slut
2018-04-27 10:14:29 #general @UnbelievaBoat#1046: 
2018-04-27 10:14:29 #general @UnbelievaBoat#1046 edited message from 2018-04-27 10:14:29 () to read: 
2018-04-27 10:14:33 #general @CreeperTube#2064: 😦
2018-04-27 10:14:38 #general @CreeperTube#2064: !work
2018-04-27 10:14:39 #general @UnbelievaBoat#1046: 
2018-04-27 10:14:40 #general @UnbelievaBoat#1046 edited message from 2018-04-27 10:14:39 () to read: 
2018-04-27 10:15:20 #general @CreeperTube#2064: !add-money bank CreeperTube 2,156,154
2018-04-27 10:15:20 #general @UnbelievaBoat#1046: 
2018-04-27 10:15:20 #general @UnbelievaBoat#1046 edited message from 2018-04-27 10:15:20 () to read: 
2018-04-27 10:15:24 #general @CreeperTube#2064: !bal
2018-04-27 10:15:25 #general @UnbelievaBoat#1046: 
2018-04-27 10:15:27 #general @UnbelievaBoat#1046 edited message from 2018-04-27 10:15:25 () to read: 
2018-04-27 10:16:00 #general @CreeperTube#2064: !with all
2018-04-27 10:16:00 #general @UnbelievaBoat#1046: 
2018-04-27 10:16:02 #general @UnbelievaBoat#1046 edited message from 2018-04-27 10:16:00 () to read: 
2018-04-27 10:16:04 #general @CreeperTube#2064: !dep all
2018-04-27 10:16:04 #general @UnbelievaBoat#1046: 
2018-04-27 10:16:06 #general @UnbelievaBoat#1046 edited message from 2018-04-27 10:16:04 () to read: 
2018-04-30 23:21:25 #general @DragonR0d#7287: hello everyone
