2018-05-01 15:16:14 this bot joined the server
2018-05-01 15:16:15 Role created: 'Synapse' (id 440894226105106432)
2018-05-01 15:16:15 Member role add: 'Synapse' role was added to @Synapse#0692
2018-05-01 15:16:29 Member role add: 'Bots' role was added to @Synapse#0692
2018-05-01 15:17:04 Channel created: synaps
2018-05-01 15:17:22 Channel overwrites: synaps (440894425410043905): role @everyone (439914481422958603) added with values 0, 805829713
2018-05-01 15:17:26 Channel overwrites: synaps (440894425410043905): role Synapse (440894226105106432) added with values 0, 0
2018-05-01 15:17:42 Channel overwrites: synaps (440894425410043905): role Synapse (440894226105106432) updated to values 805829713, 0 (was 0, 0)
2018-05-01 15:18:17 Role position: 'Bots' changed from 16 to 13
2018-05-01 15:18:27 Role created: 'new role' (id 440894778281033760)
2018-05-01 15:18:50 Role permissions: 'Synapse' changed from 8 to 262216
2018-05-01 15:18:50 Role position: 'MEE6' changed from 4 to 3
2018-05-01 15:18:50 Role position: 'Pokecord' changed from 5 to 4
2018-05-01 15:18:50 Role position: 'Bronze◽◽◽' changed from 6 to 5
2018-05-01 15:18:50 Role position: 'Bronze◽◽' changed from 7 to 6
2018-05-01 15:18:50 Role position: 'Bronze ◽' changed from 8 to 7
2018-05-01 15:18:50 Role position: 'Membres' changed from 9 to 8
2018-05-01 15:18:50 Role position: '💲 Le blindé 💲' changed from 10 to 9
2018-05-01 15:18:50 Role position: 'Commandement de la vérité' changed from 11 to 10
2018-05-01 15:18:50 Role position: 'Dva' changed from 12 to 11
2018-05-01 15:18:50 Role position: 'Girl of cats' changed from 13 to 12
2018-05-01 15:18:50 Role position: 'Fake-admin' changed from 14 to 13
2018-05-01 15:18:51 Role renamed: 'new role' to 'Rainbow'
2018-05-01 15:18:51 Role mentionable: 'Rainbow' is now mentionable
2018-05-01 15:18:51 Role permissions: 'new role' changed from 104324161 to 2146958591
2018-05-01 15:18:53 Role position: 'Synapse' changed from 2 to 1
2018-05-01 15:18:53 Role position: 'MEE6' changed from 3 to 2
2018-05-01 15:18:53 Role position: 'Pokecord' changed from 4 to 3
2018-05-01 15:18:53 Role position: 'Bronze◽◽◽' changed from 5 to 4
2018-05-01 15:18:53 Role position: 'Bronze◽◽' changed from 6 to 5
2018-05-01 15:18:53 Role position: 'Bronze ◽' changed from 7 to 6
2018-05-01 15:18:53 Role position: 'Membres' changed from 8 to 7
2018-05-01 15:18:53 Role position: '💲 Le blindé 💲' changed from 9 to 8
2018-05-01 15:18:53 Role position: 'Commandement de la vérité' changed from 10 to 9
2018-05-01 15:18:53 Role position: 'Dva' changed from 11 to 10
2018-05-01 15:18:53 Role position: 'Girl of cats' changed from 12 to 11
2018-05-01 15:18:53 Role position: 'Fake-admin' changed from 13 to 12
2018-05-01 15:18:53 Role position: 'Bots' changed from 14 to 13
2018-05-01 15:18:53 Role position: '🛂 Modérateurs 🛂' changed from 15 to 14
2018-05-01 15:18:53 Role position: '🅰dmin' changed from 16 to 15
2018-05-01 15:18:53 Role position: 'Rainbow' changed from 1 to 16
2018-05-01 15:19:17 Member role add: 'Rainbow' role was added to @Synapse#0692
2018-05-01 15:19:43 Channel overwrites: synaps (440894425410043905): role Bots (439926652156510219) added with values 0, 0
2018-05-01 15:19:53 Channel overwrites: synaps (440894425410043905): role Bots (439926652156510219) updated to values 0, 805829713 (was 0, 0)
2018-05-01 20:22:45 this bot left the server
