2018-04-25 17:01:46 #paraíso @Tostulho#9849: .multicolor 0.2 owner
2018-04-25 17:02:04 #paraíso @Tostulho#9849: .multicolor 0.2 Seres Celestiais
2018-04-25 17:02:14 #paraíso @Tostulho#9849: .Multicolor 1 SERES CELESTIAIS
2018-04-25 17:03:11 #paraíso @LittleBullets#7739: .play My Life Is Going On - - Cecilia Krull
2018-04-25 17:03:11 #paraíso @himebot#3590: :mag: Searching for `My Life Is Going On - - Cecilia Krull`
2018-04-25 17:03:12 #paraíso @himebot#3590: 🎶 **Now playing** La Casa de Papel | My Life Is Going On - - Cecilia Krull (Vídeo Oficial) (`00:03:33`)
2018-04-25 17:03:12 #paraíso @himebot#3590 edited message from 2018-04-25 17:03:11 (:mag: Searching for `My Life Is Going On - - Cecilia Krull`) to read: :mag: Searching for `My Life Is Going On - - Cecilia Krull`
2018-04-25 17:03:12 #paraíso @himebot#3590 edited message from 2018-04-25 17:03:11 (:mag: Searching for `My Life Is Going On - - Cecilia Krull`) to read: :mag: Searching for `My Life Is Going On - - Cecilia Krull`
2018-04-25 17:03:13 #paraíso @Synapse#0692: 
2018-04-25 17:03:13 #paraíso @Synapse#0692 edited message from 2018-04-25 17:03:13 () to read: 
2018-04-25 17:03:16 #paraíso @Synapse#0692: 
2018-04-25 17:03:16 #paraíso @Synapse#0692 edited message from 2018-04-25 17:03:16 () to read: 
2018-04-25 17:03:23 #paraíso @Synapse#0692 deleted message from 2018-04-25 17:03:13 ()
2018-04-25 17:03:25 #paraíso @LittleBullets#7739 deleted message from 2018-04-25 17:03:11 (.play My Life Is Going On - - Cecilia Krull)
2018-04-25 17:03:36 #paraíso @LittleBullets#7739: .stop
2018-04-25 17:03:36 #paraíso @Synapse#0692: 
2018-04-25 17:03:36 #paraíso @himebot#3590: ✅ The player has now been stopped and the queue is cleared
2018-04-25 17:03:37 #paraíso @Synapse#0692 edited message from 2018-04-25 17:03:36 () to read: 
2018-04-25 17:03:44 #paraíso @Tostulho#9849: .help
2018-04-25 17:03:44 #paraíso @himebot#3590: ✅ Find the commands list on https://himebot.xyz/features_and_commands.html#commands
2018-04-25 17:03:52 #paraíso @LittleBullets#7739: !help
2018-04-25 17:03:53 #paraíso @MEE6#4876: 
2018-04-25 17:03:54 #paraíso @MEE6#4876 edited message from 2018-04-25 17:03:53 () to read: 
2018-04-25 17:03:53 #paraíso @MEE6#4876: 
2018-04-25 17:03:54 #paraíso @MEE6#4876 edited message from 2018-04-25 17:03:53 () to read: 
2018-04-25 17:03:54 #paraíso @Synapse#0692: Check your DM, @Amenadiel! I have sent something for you :wink:
2018-04-25 17:06:06 #paraíso @Tostulho#9849: .multicolor 1 SERES CELESTIAIS
2018-04-25 17:06:25 #paraíso @Tostulho#9849: .multicolor 2 SERES CELESTIAIS
2018-04-25 17:06:51 #paraíso @Tostulho#9849: .multicolor 2 SERES CELESTIAIS
2018-04-25 17:08:46 #paraíso @Tostulho#9849: .multicolor 1 Seres Celestiais
2018-04-25 17:08:54 #paraíso @Tostulho#9849: !help
2018-04-25 17:08:54 #paraíso @MEE6#4876: 
2018-04-25 17:08:56 #paraíso @MEE6#4876 edited message from 2018-04-25 17:08:54 () to read: 
2018-04-25 17:08:54 #paraíso @MEE6#4876: 
2018-04-25 17:08:56 #paraíso @MEE6#4876 edited message from 2018-04-25 17:08:54 () to read: 
2018-04-25 17:08:55 #paraíso @Synapse#0692: Check your DM, @Lúcifer! I have sent something for you :wink:
2018-04-25 17:09:58 #paraíso @Tostulho#9849: *multicolor 1 Seres Celestiais
2018-04-25 17:10:42 #paraíso @Tostulho#9849: .multicolor 1 Seres Celestiais
2018-04-25 17:10:57 #paraíso @Tostulho#9849: .multicolor 0.2 Seres Celestiais
2018-04-25 17:11:25 #paraíso @Tostulho#9849: .multicolor 0,2 Seres Celestiais
2018-04-25 17:11:50 #paraíso @Tostulho#9849: .multicolor Seres Celestiais
2018-04-25 17:12:07 #paraíso @Tostulho#9849: .mutlicolor 1 Seres Celestiais
2018-04-25 17:12:22 #paraíso @Tostulho#9849: .multicolor help
