2018-04-25 01:41:52 #comandos @Khaozz#8095: .multicolor 1 The God of the Multiverse
2018-04-25 01:41:57 #comandos @Khaozz#8095 deleted message from 2018-04-25 01:41:52 (.multicolor 1 The God of the Multiverse)
2018-04-25 01:43:03 #comandos @Khaozz#8095: .multicolor 1 @The God of the Multiverse
2018-04-25 01:44:04 #comandos @Khaozz#8095: .multicolor 2 The God of the Multiverse
2018-04-25 01:44:09 #comandos @Khaozz#8095 deleted message from 2018-04-25 01:44:04 (.multicolor 2 The God of the Multiverse)
2018-04-25 01:44:24 #comandos @Khaozz#8095: .multicolor 0.01 The God of the Multiverse
2018-04-25 01:44:27 #comandos @Khaozz#8095 deleted message from 2018-04-25 01:44:24 (.multicolor 0.01 The God of the Multiverse)
2018-04-25 01:44:59 #comandos @Khaozz#8095: .multicolor 0.01 Rainbow
2018-04-25 01:45:04 #comandos @Khaozz#8095: .help
2018-04-25 01:45:48 #comandos @Khaozz#8095: .multicolor 1 The God of the Multiverse
2018-04-25 01:46:37 #comandos @Khaozz#8095: .multicolor 1 Rainbow
2018-04-25 01:46:43 #comandos @Khaozz#8095: .multicolor 1 Rainbow
2018-04-25 01:46:44 #comandos @Khaozz#8095: .multicolor 1 Rainbow
2018-04-25 01:46:44 #comandos @Khaozz#8095: .multicolor 1 Rainbow
2018-04-25 01:46:44 #comandos @Khaozz#8095: .multicolor 1 Rainbow
2018-04-25 01:47:02 #comandos @Khaozz#8095: .multicolor 1 Rainbow
2018-04-25 01:47:03 #comandos @Khaozz#8095: .multicolor 1 Rainbow
2018-04-25 01:47:04 #comandos @Khaozz#8095: .multicolor 1 Rainbow
2018-04-25 01:47:04 #comandos @Khaozz#8095: .multicolor 1 Rainbow
2018-04-25 01:47:05 #comandos @Khaozz#8095: .multicolor 1 Rainbow
2018-04-25 01:47:05 #comandos @Khaozz#8095: .multicolor 1 Rainbow
2018-04-25 01:47:07 #comandos @Khaozz#8095: .multicolor 1 Rainbow
2018-04-25 01:47:10 #comandos @Khaozz#8095 deleted message from 2018-04-25 01:47:07 (.multicolor 1 Rainbow)
2018-04-25 01:47:13 #comandos @Khaozz#8095: !clear 100
2018-04-25 01:47:13 #comandos @Khaozz#8095 deleted message from 2018-04-25 01:47:13 (!clear 100)
2018-04-25 01:47:14 #comandos @MEE6#4876: I have deleted `15 messages` for ya! <:SMILE6:403540172433522689>
2018-04-25 01:47:14 #comandos @Khaozz#8095 deleted message from 2018-04-25 01:43:03 (.multicolor 1 @The God of the Multiverse)
2018-04-25 01:47:14 #comandos @Khaozz#8095 deleted message from 2018-04-25 01:44:59 (.multicolor 0.01 Rainbow)
2018-04-25 01:47:14 #comandos @Khaozz#8095 deleted message from 2018-04-25 01:45:04 (.help)
2018-04-25 01:47:14 #comandos @Khaozz#8095 deleted message from 2018-04-25 01:45:48 (.multicolor 1 The God of the Multiverse)
2018-04-25 01:47:14 #comandos @Khaozz#8095 deleted message from 2018-04-25 01:46:37 (.multicolor 1 Rainbow)
2018-04-25 01:47:14 #comandos @Khaozz#8095 deleted message from 2018-04-25 01:46:43 (.multicolor 1 Rainbow)
2018-04-25 01:47:14 #comandos @Khaozz#8095 deleted message from 2018-04-25 01:46:44 (.multicolor 1 Rainbow)
2018-04-25 01:47:14 #comandos @Khaozz#8095 deleted message from 2018-04-25 01:46:44 (.multicolor 1 Rainbow)
2018-04-25 01:47:14 #comandos @Khaozz#8095 deleted message from 2018-04-25 01:46:44 (.multicolor 1 Rainbow)
2018-04-25 01:47:14 #comandos @Khaozz#8095 deleted message from 2018-04-25 01:47:02 (.multicolor 1 Rainbow)
2018-04-25 01:47:14 #comandos @Khaozz#8095 deleted message from 2018-04-25 01:47:03 (.multicolor 1 Rainbow)
2018-04-25 01:47:14 #comandos @Khaozz#8095 deleted message from 2018-04-25 01:47:04 (.multicolor 1 Rainbow)
2018-04-25 01:47:14 #comandos @Khaozz#8095 deleted message from 2018-04-25 01:47:04 (.multicolor 1 Rainbow)
2018-04-25 01:47:14 #comandos @Khaozz#8095 deleted message from 2018-04-25 01:47:05 (.multicolor 1 Rainbow)
2018-04-25 01:47:14 #comandos @Khaozz#8095 deleted message from 2018-04-25 01:47:05 (.multicolor 1 Rainbow)
2018-04-25 01:47:17 #comandos @MEE6#4876 deleted message from 2018-04-25 01:47:14 (I have deleted `15 messages` for ya! <:SMILE6:403540172433522689>)
2018-04-25 17:58:13 #comandos @TimeWolfJonatas3#3552: ?
