2018-05-01 12:23:19 #PUBG #1# Voice channel leave: {Kirai_Demo_Suki}#4658 (id 421203186146344961)
2018-05-01 12:28:18 #PUBG #1# Voice channel join: {Kirai_Demo_Suki}#4658 (id 421203186146344961)
2018-05-01 12:29:33 #PUBG #1# Voice channel leave: {Kirai_Demo_Suki}#4658 (id 421203186146344961) moving to ห้องรวม
2018-05-01 12:29:34 #PUBG #1# Voice channel join: {Kirai_Demo_Suki}#4658 (id 421203186146344961), moved from ห้องรวม
2018-05-01 12:29:40 #PUBG #1# Voice channel leave: H3Y-Nick#0703 (id 369840215923228675) moving to ♦MGE 1-1 ♦
2018-05-01 12:29:47 #PUBG #1# Voice channel leave: ♦Tun♦#1662 (id 388005941875965963) moving to ห้องพักเหล่าแอดมิน
2018-05-01 12:29:47 #PUBG #1# Voice channel leave: {Kirai_Demo_Suki}#4658 (id 421203186146344961) moving to ห้องพักเหล่าแอดมิน
2018-05-01 12:29:57 #PUBG #1# Voice channel join: H3Y-Nick#0703 (id 369840215923228675), moved from ♦MGE 1-1 ♦
2018-05-01 12:30:19 #PUBG #1# Voice channel leave: H3Y-Nick#0703 (id 369840215923228675) moving to ♦MGE 1-1 ♦
2018-05-01 12:31:27 #PUBG #1# Voice channel join: ♦Tun♦#1662 (id 388005941875965963), moved from ห้องพักเหล่าแอดมิน
2018-05-01 12:31:31 #PUBG #1# Voice channel leave: ♦Tun♦#1662 (id 388005941875965963)
2018-05-01 12:31:41 #PUBG #1# Voice channel join: ♦Tun♦#1662 (id 388005941875965963)
2018-05-01 12:32:12 #PUBG #1# Voice channel leave: F3Z#1307 (id 331789887722356746) moving to ♦MGE 1-1 ♦
2018-05-01 12:32:35 #PUBG #1# Voice channel join: F3Z#1307 (id 331789887722356746), moved from ♦MGE 1-1 ♦
2018-05-01 12:37:10 #PUBG #1# Voice channel leave: F3Z#1307 (id 331789887722356746) moving to ♦MGE 1-1 ♦
2018-05-01 12:41:36 #PUBG #1# Server self-mute: NeverKla#9570 (id 288674679458234368)
2018-05-01 12:42:11 #PUBG #1# Server self-unmute: NeverKla#9570 (id 288674679458234368)
2018-05-01 12:46:55 #PUBG #1# Server self-mute: NeverKla#9570 (id 288674679458234368)
2018-05-01 12:49:06 #PUBG #1# Server self-unmute: NeverKla#9570 (id 288674679458234368)
2018-05-01 12:52:45 #PUBG #1# Server self-mute: NeverKla#9570 (id 288674679458234368)
2018-05-01 12:53:42 #PUBG #1# Server self-unmute: NeverKla#9570 (id 288674679458234368)
2018-05-01 12:53:48 #PUBG #1# Server self-mute: NeverKla#9570 (id 288674679458234368)
2018-05-01 12:53:50 #PUBG #1# Server self-unmute: NeverKla#9570 (id 288674679458234368)
2018-05-01 12:54:05 #PUBG #1# Voice channel join: H3Y-Nick#0703 (id 369840215923228675), moved from ♦MGE 1-1 ♦
2018-05-01 12:54:09 #PUBG #1# Voice channel leave: H3Y-Nick#0703 (id 369840215923228675) moving to ♦MGE 1-1 ♦
2018-05-01 12:54:12 #PUBG #1# Voice channel leave: NeverKla#9570 (id 288674679458234368) moving to Team Fortress 2 ♣1♣
2018-05-01 12:54:12 #PUBG #1# Voice channel leave: ♦Tun♦#1662 (id 388005941875965963) moving to Team Fortress 2 ♣1♣
2018-05-01 12:54:19 #PUBG #1# Voice channel leave: shadow1four#0992 (id 440829590219390977) moving to Team Fortress 2 ♣1♣
2018-05-01 15:13:11 #PUBG #1# Voice channel join: ♦Tun♦#1662 (id 388005941875965963), moved from Team Fortress 2 ♣1♣
2018-05-01 15:13:18 #PUBG #1# Voice channel join: shadow1four#0992 (id 440829590219390977), moved from Team Fortress 2 ♣1♣
2018-05-01 15:13:20 #PUBG #1# Voice channel join: NeverKla#9570 (id 288674679458234368), moved from Team Fortress 2 ♣1♣
2018-05-01 15:13:21 #PUBG #1# Voice channel join: F3Z#1307 (id 331789887722356746), moved from Team Fortress 2 ♣1♣
2018-05-01 15:19:07 #PUBG #1# Voice channel leave: ♦Tun♦#1662 (id 388005941875965963) moving to Dead by daylight ♠1♠
2018-05-01 15:22:25 #PUBG #1# Voice channel join: ♦Tun♦#1662 (id 388005941875965963), moved from Dead by daylight ♠1♠
2018-05-01 15:23:22 #PUBG #1# Voice channel leave: ♦Tun♦#1662 (id 388005941875965963) moving to Dead by daylight ♠1♠
2018-05-01 15:48:00 #PUBG #1# Voice channel leave: NeverKla#9570 (id 288674679458234368)
2018-05-01 15:48:08 #PUBG #1# Voice channel leave: F3Z#1307 (id 331789887722356746)
2018-05-01 15:52:38 #PUBG #1# Voice channel leave: shadow1four#0992 (id 440829590219390977)
2018-05-01 17:40:09 #PUBG #1# Voice channel join: Synapse#0692 (id 435538622293344266), moved from Dead by daylight ♠1♠
2018-05-02 02:18:25 #PUBG #1# Voice channel leave: Synapse#0692 (id 435538622293344266) moving to ห้องรวม
2018-05-02 02:40:19 #PUBG #1# Voice channel join: ♦Tun♦#1662 (id 388005941875965963), moved from ห้องรวม
2018-05-02 02:40:19 #PUBG #1# Voice channel join: shadow1four#0992 (id 440829590219390977), moved from ห้องรวม
2018-05-02 02:42:14 #PUBG #1# Voice channel join: NeverKla#9570 (id 288674679458234368), flags: self_mute
2018-05-02 02:42:16 #PUBG #1# Server self-unmute: NeverKla#9570 (id 288674679458234368)
2018-05-02 02:42:36 #PUBG #1# Server self-mute: NeverKla#9570 (id 288674679458234368)
2018-05-02 02:42:58 #PUBG #1# Server self-unmute: NeverKla#9570 (id 288674679458234368)
2018-05-02 02:43:45 #PUBG #1# Voice channel leave: ♦Tun♦#1662 (id 388005941875965963) moving to ห้องพักเหล่าแอดมิน
2018-05-02 02:43:45 #PUBG #1# Voice channel join: ♦Tun♦#1662 (id 388005941875965963), moved from ห้องพักเหล่าแอดมิน
2018-05-02 02:44:13 #PUBG #1# Voice channel join: Rythm#3722 (id 235088799074484224)
2018-05-02 02:44:13 #PUBG #1# Voice channel join: Synapse#0692 (id 435538622293344266), moved from ห้องรวม, flags: mute
2018-05-02 02:44:23 #PUBG #1# Voice channel leave: Synapse#0692 (id 435538622293344266) moving to ห้องพักของ-king
2018-05-02 02:44:54 #PUBG #1# Voice channel leave: Rythm#3722 (id 235088799074484224) moving to ห้องรวม
2018-05-02 02:45:34 #PUBG #1# Voice channel leave: ♦Tun♦#1662 (id 388005941875965963) moving to ห้องพักของ-king
2018-05-02 02:45:43 #PUBG #1# Voice channel join: ♦Tun♦#1662 (id 388005941875965963), moved from ห้องพักของ-king
2018-05-02 02:55:04 #PUBG #1# Server self-mute: NeverKla#9570 (id 288674679458234368)
2018-05-02 02:55:48 #PUBG #1# Server self-unmute: NeverKla#9570 (id 288674679458234368)
2018-05-02 03:25:36 #PUBG #1# Server self-mute: NeverKla#9570 (id 288674679458234368)
2018-05-02 03:27:07 #PUBG #1# Server self-unmute: NeverKla#9570 (id 288674679458234368)
2018-05-02 03:43:33 #PUBG #1# Server self-mute: NeverKla#9570 (id 288674679458234368)
2018-05-02 03:43:33 #PUBG #1# Server self-unmute: NeverKla#9570 (id 288674679458234368)
2018-05-02 03:43:33 #PUBG #1# Server self-unmute: NeverKla#9570 (id 288674679458234368)
2018-05-02 03:43:33 #PUBG #1# Server self-unmute: NeverKla#9570 (id 288674679458234368)
2018-05-02 03:43:47 #PUBG #1# Server self-unmute: NeverKla#9570 (id 288674679458234368)
2018-05-02 03:44:00 #PUBG #1# Server self-unmute: NeverKla#9570 (id 288674679458234368)
2018-05-02 03:44:21 #PUBG #1# Server self-mute: NeverKla#9570 (id 288674679458234368)
2018-05-02 03:44:23 #PUBG #1# Server self-mute: NeverKla#9570 (id 288674679458234368)
2018-05-02 03:44:24 #PUBG #1# Server self-unmute: NeverKla#9570 (id 288674679458234368)
2018-05-02 03:44:27 #PUBG #1# Server self-unmute: NeverKla#9570 (id 288674679458234368)
2018-05-02 03:44:41 #PUBG #1# Server self-mute: NeverKla#9570 (id 288674679458234368)
2018-05-02 03:44:43 #PUBG #1# Server self-unmute: NeverKla#9570 (id 288674679458234368)
2018-05-02 03:46:26 #PUBG #1# Server self-mute: NeverKla#9570 (id 288674679458234368)
2018-05-02 03:46:27 #PUBG #1# Server self-unmute: NeverKla#9570 (id 288674679458234368)
2018-05-02 03:53:42 #PUBG #1# Server self-unmute: NeverKla#9570 (id 288674679458234368)
2018-05-02 03:53:44 #PUBG #1# Server self-mute: NeverKla#9570 (id 288674679458234368)
2018-05-02 03:53:56 #PUBG #1# Server self-unmute: NeverKla#9570 (id 288674679458234368)
2018-05-02 03:54:07 #PUBG #1# Server self-mute: NeverKla#9570 (id 288674679458234368)
2018-05-02 03:54:07 #PUBG #1# Server self-unmute: NeverKla#9570 (id 288674679458234368)
2018-05-02 03:54:14 #PUBG #1# Voice channel leave: ♦Tun♦#1662 (id 388005941875965963) moving to ห้องพักเหล่าแอดมิน
2018-05-02 04:01:42 #PUBG #1# Voice channel join: ♦Tun♦#1662 (id 388005941875965963), moved from ห้องฟังเพลง
