2018-04-22 18:50:35 this bot joined the server
2018-04-22 18:50:35 Role created: 'Synapse' (id 437686677096628234)
2018-04-22 18:50:35 Member role add: 'Synapse' role was added to @Synapse#0692
2018-04-22 18:50:36 Member role add: 'Members' role was added to @Synapse#0692
2018-04-22 18:52:04 Role created: 'new role' (id 437687049533915176)
2018-04-22 18:52:51 Role permissions: 'Synapse' changed from 8 to 262216
2018-04-22 18:52:52 Role renamed: 'new role' to 'GP-bot'
2018-04-22 18:52:52 Role permissions: 'new role' changed from 37215297 to 2146958591
2018-04-22 18:54:03 Role position: 'Synapse' changed from 2 to 1
2018-04-22 18:54:03 Role position: 'Discord Pizza' changed from 3 to 2
2018-04-22 18:54:03 Role position: 'SmoreBot' changed from 4 to 3
2018-04-22 18:54:03 Role position: 'Discord S'mores' changed from 5 to 4
2018-04-22 18:54:03 Role position: 'Cka' changed from 6 to 5
2018-04-22 18:54:03 Role position: 'Aethex' changed from 7 to 6
2018-04-22 18:54:03 Role position: 'new role' changed from 8 to 7
2018-04-22 18:54:03 Role position: 'RoleName' changed from 9 to 8
2018-04-22 18:54:03 Role position: 'Muted' changed from 10 to 9
2018-04-22 18:54:03 Role position: 'Rythm' changed from 11 to 10
2018-04-22 18:54:03 Role position: 'new role' changed from 12 to 11
2018-04-22 18:54:03 Role position: 'new role' changed from 13 to 12
2018-04-22 18:54:03 Role position: 'Supersaf's Friend' changed from 14 to 13
2018-04-22 18:54:03 Role position: 'Disinger' changed from 15 to 14
2018-04-22 18:54:03 Role position: 'Magnivi' changed from 16 to 15
2018-04-22 18:54:03 Role position: 'Inviter' changed from 17 to 16
2018-04-22 18:54:03 Role position: 'Minecraft' changed from 18 to 17
2018-04-22 18:54:03 Role position: 'Mee6' changed from 19 to 18
2018-04-22 18:54:03 Role position: 'owner2' changed from 20 to 19
2018-04-22 18:54:03 Role position: '住拽住' changed from 21 to 20
2018-04-22 18:54:03 Role position: 'online' changed from 22 to 21
2018-04-22 18:54:03 Role position: '砖  拽' changed from 23 to 22
2018-04-22 18:54:03 Role position: 'Members' changed from 24 to 23
2018-04-22 18:54:03 Role position: 'VIP' changed from 25 to 24
2018-04-22 18:54:03 Role position: 'SEXY BOTS' changed from 26 to 25
2018-04-22 18:54:03 Role position: 'bot' changed from 27 to 26
2018-04-22 18:54:03 Role position: '专' changed from 28 to 27
2018-04-22 18:54:03 Role position: 'TeeruRole' changed from 29 to 28
2018-04-22 18:54:03 Role position: '(RRS)' changed from 30 to 29
2018-04-22 18:54:03 Role position: 'Co Owner' changed from 31 to 30
2018-04-22 18:54:03 Role position: 'Co-Owner' changed from 32 to 31
2018-04-22 18:54:03 Role position: '转' changed from 33 to 32
2018-04-22 18:54:03 Role position: '驻驻 砖' changed from 34 to 33
2018-04-22 18:54:03 Role position: 'TheWinterIsComing' changed from 35 to 34
2018-04-22 18:54:03 Role position: 'Cati-GANG' changed from 36 to 35
2018-04-22 18:54:03 Role position: 'OWNER Amiti' changed from 37 to 36
2018-04-22 18:54:03 Role position: 'GP-bot' changed from 1 to 37
2018-04-22 18:54:46 Role deleted: 'Synapse' (id 437686677096628234)
2018-04-22 18:54:46 Member leave: @Synapse#0692 (id 435538622293344266)
2018-04-22 18:54:46 this bot left the server
