2018-04-22 18:50:39 this bot joined the server
2018-04-22 18:50:39 Role created: 'Synapse' (id 437686692086808585)
2018-04-22 18:50:39 Member role add: 'Synapse' role was added to @Synapse#0692
2018-04-22 18:51:35 Member join: @Ghostplay R2#1298 (id 435829986772123658)
2018-04-22 18:51:35 Member role add: 'Ghostplay R2' role was added to @Ghostplay R2#1298
2018-04-22 18:51:35 Role created: 'Ghostplay R2' (id 437686925017481245)
2018-04-22 18:51:35 Member role add: 'Ghostplay R2' role was added to @Ghostplay R2#1298
2018-04-22 18:53:38 Role created: 'new role' (id 437687442288410637)
2018-04-22 18:53:50 Role permissions: 'Synapse' changed from 8 to 262216
2018-04-22 18:53:50 Role position: 'Synapse' changed from 3 to 2
2018-04-22 18:53:50 Role position: 'THE PREZ' changed from 4 to 3
2018-04-22 18:53:50 Role position: 'DJ' changed from 5 to 4
2018-04-22 18:53:50 Role position: 'Rythm' changed from 6 to 5
2018-04-22 18:53:50 Role position: 'new role' changed from 1 to 6
2018-04-22 18:53:51 Role renamed: 'new role' to 'GP-bot'
2018-04-22 18:54:02 Role permissions: 'GP-bot' changed from 104324161 to 372759801
2018-04-22 18:54:07 Role permissions: 'GP-bot' changed from 372759801 to 2117590271
2018-04-22 18:54:15 Role permissions: 'GP-bot' changed from 2117590271 to 2146958591
2018-04-22 18:54:58 Member role add: 'GP-bot' role was added to @Ghostplay R2#1298
2018-04-22 18:57:17 Role position: 'DJ' changed from 4 to 3
2018-04-22 18:57:17 Role position: 'Rythm' changed from 5 to 4
2018-04-22 18:57:17 Role position: 'THE PREZ' changed from 3 to 5
2018-04-22 18:57:46 Role permissions: 'THE PREZ' changed from 104324161 to 2117598463
2018-04-22 18:57:51 Role permissions: 'THE PREZ' changed from 2117598463 to 2130181375
2018-04-22 18:57:54 Role permissions: 'THE PREZ' changed from 2130181375 to 2146958591
