2018-04-22 16:10:52 #jos-ranga @Edward1337#5074: ba @Dumitris
2018-04-22 16:10:52 #jos-ranga @understandable have a nice day#3956: 
2018-04-22 16:10:52 #jos-ranga @understandable have a nice day#3956 edited message from 2018-04-22 16:10:52 () to read: 
2018-04-22 16:10:55 #jos-ranga @understandable have a nice day#3956 deleted message from 2018-04-22 16:10:52 ()
2018-04-22 16:10:58 #jos-ranga @Edward1337#5074: pune si tu rolu de bot
2018-04-22 16:11:05 #jos-ranga @Edward1337#5074: deasupr a la beleaua
2018-04-22 16:11:10 #jos-ranga @Edward1337#5074: in roles
2018-04-22 16:11:15 #jos-ranga @Edward1337#5074: ca sa fac o skema
2018-04-22 16:12:10 #jos-ranga @Edward1337#5074: .multicolor 1 Beleuaa
2018-04-22 16:12:15 #jos-ranga @Edward1337#5074: !multicolor
2018-04-22 16:12:18 #jos-ranga @Edward1337#5074: !.multicolor
2018-04-22 16:12:22 #jos-ranga @Edward1337#5074: !elp
2018-04-22 16:12:24 #jos-ranga @Edward1337#5074: !help
2018-04-22 16:12:24 #jos-ranga @Rythm#3722: ✅ **Check <https://rythmbot.co/features#list> for a list of commands**
2018-04-22 16:12:25 #jos-ranga @Synapse#0692: Check your DM, @Superd//Edward1337! I have sent something for you :wink:
2018-04-22 16:12:27 #jos-ranga @Edward1337#5074: .help
2018-04-22 16:12:40 #jos-ranga @Edward1337#5074: .multicolor
2018-04-22 16:12:51 #jos-ranga @Edward1337#5074: .multicolor 2 Beleaua
2018-04-22 16:13:02 #jos-ranga @Edward1337#5074: !multicolor 2 BELEAUA
2018-04-22 16:13:47 #jos-ranga @Edward1337#5074: *multicolor
2018-04-22 16:13:51 #jos-ranga @Edward1337#5074: *multicolor 2 BELEAUA
2018-04-22 16:13:53 #jos-ranga @Edward1337#5074: *help
2018-04-22 16:14:11 #jos-ranga @Ghostplay R2#1298: ```\n*[multicolor|multicolour] <interval> <role>\n\nChanges the role color every x seconds\n\n```
2018-04-22 16:14:28 #jos-ranga @Edward1337#5074: *multicolour 2 BELEAUA
2018-04-22 16:14:35 #jos-ranga @Ghostplay R2#1298: 
2018-04-22 16:14:35 #jos-ranga @Ghostplay R2#1298 edited message from 2018-04-22 16:14:35 () to read: 
2018-04-22 16:14:43 #jos-ranga @Ghostplay R2#1298: Hey there, @Superd//Edward1337! I sent you the list of commands in a private message.\nCheck your direct messages
2018-04-22 16:14:48 #jos-ranga @Edward1337#5074: *multicolour 2 Edward
2018-04-22 16:14:50 #jos-ranga @Ghostplay R2#1298: 
2018-04-22 16:14:51 #jos-ranga @Ghostplay R2#1298 edited message from 2018-04-22 16:14:50 () to read: 
2018-04-22 16:15:17 #jos-ranga @Edward1337#5074: *multicolour 1 Edward
2018-04-22 16:16:12 #jos-ranga @Edward1337#5074: @Dumitris
2018-04-22 16:16:12 #jos-ranga @understandable have a nice day#3956: 
2018-04-22 16:16:14 #jos-ranga @understandable have a nice day#3956 edited message from 2018-04-22 16:16:12 () to read: 
2018-04-22 16:16:13 #jos-ranga @Edward1337#5074: ba
2018-04-22 16:16:16 #jos-ranga @understandable have a nice day#3956 deleted message from 2018-04-22 16:16:12 ()
