2018-04-27 16:03:56 #welcome @Synapse#0692: 
2018-04-27 19:34:54 #welcome @Rules Bot#9297: 
2018-04-27 21:43:27 #welcome @Automator#2731: 
2018-04-28 12:54:29 #welcome @Edogawa#0755: 
2018-04-28 13:09:02 #welcome @twitch.tv/Ribs2015#0179: 
2018-04-28 13:09:15 #welcome @Dandaddy Official (HAIL DANDADO)#7061: 
2018-04-28 13:11:38 #welcome @Dandado Wizard Bot#9736: 
2018-04-28 15:59:04 #welcome @Partner Bot#1001: 
2018-04-28 16:22:22 #welcome @MEE6#4876: 
2018-04-28 16:43:09 #welcome @Now Live#0483: 
2018-04-28 16:45:40 #welcome @M8 Bot#1001: 
2018-04-28 17:00:44 #welcome @fluidfalcon29#9835: 
2018-04-28 18:20:55 #welcome @Superior Shuriken#4887: 
2018-04-28 18:20:55 #welcome @Dandado Wizard Bot#9736: Hello @Superior Shuriken, thanks for joining. Your ynicorn rape will soon begin.
2018-04-28 18:21:54 #welcome @Dandado Wizard Bot#9736: <@217033689362595840> has left the server. What a cunt.
2018-04-28 18:24:12 #welcome @Ｉｔｓ ｃａｍ#5824: 
2018-04-28 18:24:12 #welcome @Dandado Wizard Bot#9736: Hello @Ｉｔｓ ｃａｍ, thanks for joining. Your ynicorn rape will soon begin.
2018-04-30 19:20:58 #welcome @MeSoar#3072: 
2018-04-30 21:43:30 #welcome @skitelpapi#4226: 
2018-05-01 02:48:47 #welcome @Dbp#7860: 
2018-05-01 09:00:26 #welcome @ZofD#2237: 
2018-05-01 11:46:48 #welcome @Badwolf#2429: 
2018-05-01 12:07:39 #welcome @Ugly Tracer#1909: 
2018-05-01 12:08:26 #welcome @Ugly Tracer#1909: 
2018-05-01 13:34:31 #welcome @Sena_Marie.Draws!#6887: 
2018-05-01 19:39:57 #welcome @Ugly Tracer#1909: 
2018-05-01 19:59:18 #welcome @NathanM08#6861: 
2018-05-01 20:10:10 #welcome @nafon#9270: 
2018-05-01 20:36:52 #welcome @Fortnite Stats#2375: 
2018-05-01 22:19:00 #welcome @lilcrunchyboi#0137: 
2018-05-02 08:57:29 #welcome @Rextentation#8154: 
2018-05-02 10:24:24 #welcome @VA_Teeq#4592: 
2018-05-02 14:56:30 #welcome @Rende#4908: 
2018-05-02 14:56:33 #welcome @meow#7768: 
2018-05-02 14:56:57 #welcome @KingJordanthe204#7053: 
2018-05-02 15:59:48 #welcome @GONKBOI#2023: 
2018-05-02 16:31:51 #welcome @Ugly Tracer#1909: 
2018-05-02 20:21:11 #welcome @RedOne#8465: 
2018-05-03 01:58:54 #welcome @Framed#0549: 
2018-05-03 03:32:31 #welcome @ﾠﾠﾠﾠﾠﾠﾠﾠﾠﾠﾠﾠﾠﾠﾠﾠﾠﾠﾠﾠ#9674: 
2018-05-03 04:17:48 #welcome @asherisnotocool#6703: 
