2018-04-27 20:34:09 #rules @NathanM09#5312: .
2018-04-27 20:34:13 #rules @NathanM09#5312 deleted message from 2018-04-27 20:34:09 (.)
2018-04-27 20:41:28 #rules @Rules Bot#9297: 
2018-04-27 20:41:28 #rules @Rules Bot#9297 edited message from 2018-04-27 20:41:28 () to read: 
2018-04-30 19:29:00 #rules @Dandaddy Official (HAIL DANDADO)#7061: 8# Don't eat my ass I wanna be healthy begone thot
2018-04-30 19:29:19 #rules @NathanM09#5312: @Faggot put times like I did
2018-04-30 19:29:24 #rules @Dandaddy Official (HAIL DANDADO)#7061: kek
2018-04-30 19:29:40 #rules @NathanM09#5312 deleted message from 2018-04-30 19:29:19 (@Faggot put times like I did)
2018-04-30 19:29:43 #rules @Dandaddy Official (HAIL DANDADO)#7061 deleted message from 2018-04-30 19:29:24 (kek)
2018-04-30 19:29:59 #rules @Dandaddy Official (HAIL DANDADO)#7061: And the Lord said: Thou shall be thicceth, and honor shall fall upon thee hands. \n\nLunch 11:3\n\nNot being thicc - 69 decade mute
2018-04-30 19:30:11 #rules @Dandaddy Official (HAIL DANDADO)#7061 deleted message from 2018-04-30 19:29:59 (And the Lord said: Thou shall be thicceth, and honor shall fall upon thee hands. \n\nLunch 11:3\n\nNot being thicc - 69 decade mute)
2018-04-30 19:30:17 #rules @NathanM09#5312: No like I did
2018-04-30 19:30:23 #rules @Dandaddy Official (HAIL DANDADO)#7061: Oh kek
2018-04-30 19:30:27 #rules @NathanM09#5312 deleted message from 2018-04-30 19:30:17 (No like I did)
2018-04-30 19:30:33 #rules @Dandaddy Official (HAIL DANDADO)#7061 deleted message from 2018-04-30 19:30:23 (Oh kek)
2018-04-30 19:31:25 #rules @Dandaddy Official (HAIL DANDADO)#7061: 9# Do not exploit the server, concequences
2018-04-30 19:32:24 #rules @NathanM09#5312: 4# Hail Nathan and Dandado - If not 1h mute
2018-04-30 19:32:45 #rules @Dandaddy Official (HAIL DANDADO)#7061 edited message from 2018-04-30 19:31:25 (9# Do not exploit the server, concequences) to read: 9# Do not exploit the server, concequences such as unicorn rape and mute for one hour will be made for the hax0rz
2018-04-30 19:32:46 #rules @NathanM09#5312: 5# Please do not abuse the bots - 30m mute
2018-04-30 19:32:59 #rules @NathanM09#5312: 6# Don’t beg for admin 24h mute
2018-04-30 19:33:05 #rules @Dandaddy Official (HAIL DANDADO)#7061: thsat is above
2018-04-30 19:33:12 #rules @Dandaddy Official (HAIL DANDADO)#7061 deleted message from 2018-04-30 19:33:05 (thsat is above)
2018-04-30 19:33:19 #rules @NathanM09#5312: 7# Don't do @​everyone if not needed - 10h mute
2018-04-30 19:33:33 #rules @Dandaddy Official (HAIL DANDADO)#7061: ugh
2018-04-30 19:33:41 #rules @Dandaddy Official (HAIL DANDADO)#7061 deleted message from 2018-04-30 19:29:00 (8# Don't eat my ass I wanna be healthy begone thot)
2018-04-30 19:33:45 #rules @NathanM09#5312: 8# Don't eat my ass I wanna be healthy begone thot - 1h mute
2018-04-30 19:33:53 #rules @Dandaddy Official (HAIL DANDADO)#7061: dud
2018-04-30 19:33:58 #rules @Dandaddy Official (HAIL DANDADO)#7061: it messed up
2018-04-30 19:33:59 #rules @NathanM09#5312: 9# Do not exploit the server - concequences such as unicorn rape and mute for one hour will be made for the hax0rz
2018-04-30 19:34:03 #rules @Dandaddy Official (HAIL DANDADO)#7061: lemme ficks
2018-04-30 19:34:04 #rules @Dandaddy Official (HAIL DANDADO)#7061 deleted message from 2018-04-30 19:33:33 (ugh)
2018-04-30 19:34:06 #rules @Dandaddy Official (HAIL DANDADO)#7061 deleted message from 2018-04-30 19:33:53 (dud)
2018-04-30 19:34:08 #rules @Dandaddy Official (HAIL DANDADO)#7061 deleted message from 2018-04-30 19:33:58 (it messed up)
2018-04-30 19:34:10 #rules @Dandaddy Official (HAIL DANDADO)#7061 deleted message from 2018-04-30 19:31:25 (9# Do not exploit the server, concequences such as unicorn rape and mute for one hour will be made for the hax0rz)
2018-04-30 19:34:13 #rules @Dandaddy Official (HAIL DANDADO)#7061: ...clearmessages
2018-04-30 19:34:13 #rules @Dandado Wizard Bot#9736: Clearing...
2018-04-30 19:34:18 #rules @Dandaddy Official (HAIL DANDADO)#7061: fag
2018-04-30 19:34:20 #rules @Dandaddy Official (HAIL DANDADO)#7061: slow
2018-04-30 19:34:24 #rules @Dandado Wizard Bot#9736 deleted message from 2018-04-30 19:34:13 (Clearing...)
2018-04-30 19:34:28 #rules @Dandaddy Official (HAIL DANDADO)#7061 deleted message from 2018-04-30 19:34:20 (slow)
2018-04-30 19:34:31 #rules @Dandaddy Official (HAIL DANDADO)#7061: ...clearmessages
2018-04-30 19:34:32 #rules @Dandado Wizard Bot#9736: Clearing...
2018-04-30 19:34:35 #rules @NathanM09#5312: What are you clearing
2018-04-30 19:34:37 #rules @Dandado Wizard Bot#9736 deleted message from 2018-04-30 19:34:32 (Clearing...)
2018-04-30 19:34:46 #rules @Dandaddy Official (HAIL DANDADO)#7061: tyhe rules that got messed up
2018-04-30 19:34:53 #rules @NathanM09#5312: No none did
2018-04-30 19:35:05 #rules @NathanM09#5312 edited message from 2018-04-30 19:32:59 (6# Don’t beg for admin 24h mute) to read: 6# Don’t beg for admin - 24h mute
2018-04-30 19:35:13 #rules @Dandaddy Official (HAIL DANDADO)#7061: ok
2018-04-30 19:35:36 #rules @NathanM09#5312 edited message from 2018-04-30 19:33:59 (9# Do not exploit the server - concequences such as unicorn rape and mute for one hour will be made for the hax0rz) to read: 9# Do not exploit the server - unicorn rape and mute for one hour for the hax0rs
2018-04-30 19:35:45 #rules @Dandaddy Official (HAIL DANDADO)#7061 deleted message from 2018-04-30 19:34:13 (...clearmessages)
2018-04-30 19:35:46 #rules @Dandaddy Official (HAIL DANDADO)#7061 deleted message from 2018-04-30 19:34:03 (lemme ficks)
2018-04-30 19:35:46 #rules @Dandaddy Official (HAIL DANDADO)#7061 deleted message from 2018-04-30 19:34:31 (...clearmessages)
2018-04-30 19:35:48 #rules @NathanM09#5312 deleted message from 2018-04-30 19:34:35 (What are you clearing)
2018-04-30 19:35:50 #rules @Dandaddy Official (HAIL DANDADO)#7061 deleted message from 2018-04-30 19:34:18 (fag)
2018-04-30 19:35:52 #rules @Dandaddy Official (HAIL DANDADO)#7061 deleted message from 2018-04-30 19:34:46 (tyhe rules that got messed up)
2018-04-30 19:35:55 #rules @NathanM09#5312 deleted message from 2018-04-30 19:34:53 (No none did)
2018-04-30 19:35:57 #rules @Dandaddy Official (HAIL DANDADO)#7061 deleted message from 2018-04-30 19:35:13 (ok)
2018-04-30 19:36:21 #rules @Dandaddy Official (HAIL DANDADO)#7061: 10# I will send a row of pedo unicorns on you if you spam, beware. Spam will also result in a kick, or a ban (In most cases because we are shit admins)
2018-04-30 19:36:52 #rules @NathanM09#5312: No I gave that rule a mute
2018-04-30 19:36:54 #rules @Dandaddy Official (HAIL DANDADO)#7061 deleted message from 2018-04-30 19:36:21 (10# I will send a row of pedo unicorns on you if you spam, beware. Spam will also result in a kick, or a ban (In most cases because we are shit admins))
2018-04-30 19:37:02 #rules @NathanM09#5312: Read 4#
2018-04-30 19:37:09 #rules @NathanM09#5312: I mean 3#
2018-04-30 19:37:38 #rules @Dandaddy Official (HAIL DANDADO)#7061: kek
2018-04-30 19:37:49 #rules @NathanM09#5312 deleted message from 2018-04-30 19:36:52 (No I gave that rule a mute)
2018-04-30 19:37:51 #rules @NathanM09#5312 deleted message from 2018-04-30 19:37:02 (Read 4#)
2018-04-30 19:37:53 #rules @NathanM09#5312 deleted message from 2018-04-30 19:37:09 (I mean 3#)
2018-04-30 19:38:04 #rules @Dandaddy Official (HAIL DANDADO)#7061 deleted message from 2018-04-30 19:37:38 (kek)
2018-04-30 19:39:22 #rules @Dandaddy Official (HAIL DANDADO)#7061: 10# I will SEND RAPEY UNICORNS on you if you be a faggot in the new #magic-school-of-magic-and-shit . I will make sure they fuck your ass till you lose will to live and the ability to talk (1h mute)
2018-04-30 19:40:20 #rules @NathanM09#5312: 11# Being a dickhead to me or @Faggot will result in a 72h mute
2018-04-30 19:40:45 #rules @NathanM09#5312 edited message from 2018-04-30 19:40:20 (11# Being a dickhead to me or @Faggot will result in a 72h mute) to read: 11# Being rude to me or @Faggot will result in a 72h mute
2018-04-30 19:40:59 #rules @Dandaddy Official (HAIL DANDADO)#7061: hehe yep
2018-04-30 19:41:04 #rules @Dandaddy Official (HAIL DANDADO)#7061 deleted message from 2018-04-30 19:40:59 (hehe yep)
2018-04-30 19:41:12 #rules @NathanM09#5312: That's 3 or 4 days
2018-04-30 19:41:46 #rules @NathanM09#5312 deleted message from 2018-04-30 19:41:12 (That's 3 or 4 days)
2018-04-30 19:41:43 #rules @Dandaddy Official (HAIL DANDADO)#7061: its 3
2018-04-30 19:41:47 #rules @NathanM09#5312: Ok
2018-04-30 19:41:49 #rules @Dandaddy Official (HAIL DANDADO)#7061 deleted message from 2018-04-30 19:41:43 (its 3)
2018-04-30 19:41:51 #rules @NathanM09#5312 deleted message from 2018-04-30 19:41:47 (Ok)
