2018-04-30 21:41:21 #memes @..why did i get kicked?#8700:  (attachment url(s): https://cdn.discordapp.com/attachments/398547571003621387/440628754595708928/Presentation_3.pptx)
2018-04-30 21:41:59 #memes @..why did i get kicked?#8700 deleted message from 2018-04-30 21:41:21 ()
2018-04-30 21:42:12 #memes @..why did i get kicked?#8700:  (attachment url(s): https://cdn.discordapp.com/attachments/398547571003621387/440628969155461120/Screen_Shot_2018-02-17_at_22.06.46.png)
2018-05-01 19:40:22 #memes @Ugly Tracer#1909: Hi
2018-05-01 19:40:22 #memes @Dyno#3861: Hello
2018-05-01 19:40:25 #memes @Ugly Tracer#1909: @​everyone
2018-05-01 19:40:33 #memes @..why did i get kicked?#8700: lol nice
2018-05-01 19:40:36 #memes @Ugly Tracer#1909: Hey
2018-05-01 19:40:39 #memes @Ugly Tracer#1909: https://discord.gg/zBpEana
2018-05-01 19:40:40 #memes @Ugly Tracer#1909 deleted message from 2018-05-01 19:40:39 (https://discord.gg/zBpEana)
2018-05-01 19:40:40 #memes @MEE6#4876: Alright, @Ugly Tracer has been warned because '**Posted an invite**'.
2018-05-01 19:40:42 #memes @Ugly Tracer#1909: Wow
2018-05-01 19:40:43 #memes @Unknown#2548: HAHA
2018-05-01 19:40:46 #memes @Unknown#2548: you tried sending invite
2018-05-01 19:40:48 #memes @..why did i get kicked?#8700: hahahahahaha
2018-05-01 19:40:49 #memes @Unknown#2548: lollololol
2018-05-01 19:40:56 #memes @Unknown#2548: STUPID OVERWATCH FAN
2018-05-01 19:40:56 #memes @Unknown#2548 deleted message from 2018-05-01 19:40:56 (STUPID OVERWATCH FAN)
2018-05-01 19:40:58 #memes @Ugly Tracer#1909: @Lord Dandado
2018-05-01 19:41:01 #memes @Ugly Tracer#1909: Hey bro
2018-05-01 19:41:02 #memes @..why did i get kicked?#8700: lol
2018-05-01 19:41:14 #memes @..why did i get kicked?#8700: ban the ugly one
2018-05-01 19:41:16 #memes @Unknown#2548: Stupid OverWatch Fan!
2018-05-01 19:41:17 #memes @Ugly Tracer#1909: Lol
2018-05-01 19:41:22 #memes @Unknown#2548: hahahahhaha
2018-05-01 19:41:27 #memes @Ugly Tracer#1909: He won’t ban me
2018-05-01 19:41:32 #memes @Ugly Tracer#1909: Daddado
2018-05-01 19:41:39 #memes @Unknown#2548: then @NathanM09 (BurgerLord)  will
2018-05-01 19:41:49 #memes @Ugly Tracer#1909: Go against his masters wishes
2018-05-01 19:41:51 #memes @Ugly Tracer#1909: Nah
2018-05-01 19:42:18 #memes @Ugly Tracer#1909: Hi Nathan
2018-05-01 19:42:29 #memes @Unknown#2548: Stupid Tracer
2018-05-01 19:42:33 #memes @NathanM09#5312: -mod mute @Ugly Tracer @​everyone to everyone 10h
2018-05-01 19:42:34 #memes @Safety Jim#9254: Muted Ugly Tracer#1909 (297119703288250368)
2018-05-01 19:42:42 #memes @Unknown#2548: Y DID U PING
2018-05-01 19:42:43 #memes @Unknown#2548 deleted message from 2018-05-01 19:42:42 (Y DID U PING)
2018-05-01 19:42:44 #memes @Unknown#2548: lol
2018-05-01 19:42:47 #memes @Unknown#2548: y did u ping
2018-05-01 19:42:47 #memes @NathanM09#5312: There we go son
2018-05-01 19:42:55 #memes @NathanM09#5312: Now have fun in Jail chat
2018-05-01 19:43:08 #memes @Unknown#2548: can i see  Tracer in jail chat?
2018-05-01 19:43:11 #memes @Unknown#2548: Can I?
2018-05-01 19:43:15 #memes @Unknown#2548: CAN I CAN I CAN I!?!?!
2018-05-01 19:43:16 #memes @Unknown#2548 deleted message from 2018-05-01 19:43:15 (CAN I CAN I CAN I!?!?!)
2018-05-01 19:43:52 #memes @NathanM09#5312: Yh hold up
2018-05-01 19:45:58 #memes @NathanM09#5312: @Unknown there u go
2018-05-01 19:46:16 #memes @1 loafy boi#5930: can I see tracer in jail chat?
2018-05-01 19:46:23 #memes @NathanM09#5312: Yh
2018-05-01 19:46:40 #memes @NathanM09#5312: @1 loafy boi there u go
2018-05-01 19:46:46 #memes @1 loafy boi#5930: thanks
2018-05-02 02:19:48 #memes @Dbp#7860: Wew
2018-05-02 02:20:02 #memes @Dbp#7860: I got in trouble for doing @ everyone
2018-05-02 03:52:40 #memes @Lord Dandado#7061: Um
2018-05-02 03:52:50 #memes @Lord Dandado#7061: What happened
2018-05-03 03:32:42 #memes @ﾠﾠﾠﾠﾠﾠﾠﾠﾠﾠﾠﾠﾠﾠﾠﾠﾠﾠﾠﾠ#9674: ﾠﾠﾠﾠﾠﾠﾠﾠﾠﾠﾠﾠﾠﾠﾠﾠﾠﾠﾠﾠ
2018-05-03 03:32:43 #memes @ﾠﾠﾠﾠﾠﾠﾠﾠﾠﾠﾠﾠﾠﾠﾠﾠﾠﾠﾠﾠ#9674 deleted message from 2018-05-03 03:32:42 (ﾠﾠﾠﾠﾠﾠﾠﾠﾠﾠﾠﾠﾠﾠﾠﾠﾠﾠﾠﾠ)
2018-05-03 03:32:44 #memes @ﾠﾠﾠﾠﾠﾠﾠﾠﾠﾠﾠﾠﾠﾠﾠﾠﾠﾠﾠﾠ#9674: ﾠﾠﾠﾠﾠﾠﾠﾠﾠﾠﾠﾠﾠﾠﾠﾠﾠﾠﾠﾠ\nﾠﾠﾠﾠﾠﾠﾠﾠﾠﾠﾠﾠﾠﾠﾠﾠﾠﾠﾠﾠ\nﾠﾠﾠﾠﾠﾠﾠﾠﾠﾠﾠﾠﾠﾠﾠﾠﾠﾠﾠﾠ\nﾠﾠﾠﾠﾠﾠﾠﾠﾠﾠﾠﾠﾠﾠﾠﾠﾠﾠﾠﾠ\nﾠﾠﾠﾠﾠﾠﾠﾠﾠﾠﾠﾠﾠﾠﾠﾠﾠﾠﾠﾠ\nﾠﾠﾠﾠﾠﾠﾠﾠﾠﾠﾠﾠﾠﾠﾠﾠﾠﾠﾠﾠ\nﾠﾠﾠﾠﾠﾠﾠﾠﾠﾠﾠﾠﾠﾠﾠﾠﾠﾠﾠﾠ\nﾠﾠﾠﾠﾠﾠﾠﾠﾠﾠﾠﾠﾠﾠﾠﾠﾠﾠﾠﾠ\nﾠﾠﾠﾠﾠﾠﾠﾠﾠﾠﾠﾠﾠﾠﾠﾠﾠﾠﾠﾠ\nﾠﾠﾠﾠﾠﾠﾠﾠﾠﾠﾠﾠﾠﾠﾠﾠﾠﾠﾠﾠ\nﾠﾠﾠﾠﾠﾠﾠﾠﾠﾠﾠﾠﾠﾠﾠﾠﾠﾠﾠﾠ\nﾠﾠﾠﾠﾠﾠﾠﾠﾠﾠﾠﾠﾠﾠﾠﾠﾠﾠﾠﾠ
2018-05-03 03:32:44 #memes @ﾠﾠﾠﾠﾠﾠﾠﾠﾠﾠﾠﾠﾠﾠﾠﾠﾠﾠﾠﾠ#9674 deleted message from 2018-05-03 03:32:44 (ﾠﾠﾠﾠﾠﾠﾠﾠﾠﾠﾠﾠﾠﾠﾠﾠﾠﾠﾠﾠ\nﾠﾠﾠﾠﾠﾠﾠﾠﾠﾠﾠﾠﾠﾠﾠﾠﾠﾠﾠﾠ\nﾠﾠﾠﾠﾠﾠﾠﾠﾠﾠﾠﾠﾠﾠﾠﾠﾠﾠﾠﾠ\nﾠﾠﾠﾠﾠﾠﾠﾠﾠﾠﾠﾠﾠﾠﾠﾠﾠﾠﾠﾠ\nﾠﾠﾠﾠﾠﾠﾠﾠﾠﾠﾠﾠﾠﾠﾠﾠﾠﾠﾠﾠ\nﾠﾠﾠﾠﾠﾠﾠﾠﾠﾠﾠﾠﾠﾠﾠﾠﾠﾠﾠﾠ\nﾠﾠﾠﾠﾠﾠﾠﾠﾠﾠﾠﾠﾠﾠﾠﾠﾠﾠﾠﾠ\nﾠﾠﾠﾠﾠﾠﾠﾠﾠﾠﾠﾠﾠﾠﾠﾠﾠﾠﾠﾠ\nﾠﾠﾠﾠﾠﾠﾠﾠﾠﾠﾠﾠﾠﾠﾠﾠﾠﾠﾠﾠ\nﾠﾠﾠﾠﾠﾠﾠﾠﾠﾠﾠﾠﾠﾠﾠﾠﾠﾠﾠﾠ\nﾠﾠﾠﾠﾠﾠﾠﾠﾠﾠﾠﾠﾠﾠﾠﾠﾠﾠﾠﾠ\nﾠﾠﾠﾠﾠﾠﾠﾠﾠﾠﾠﾠﾠﾠﾠﾠﾠﾠﾠﾠ)
2018-05-03 03:32:44 #memes @MEE6#4876: Alright, @ﾠﾠﾠﾠﾠﾠﾠﾠﾠﾠﾠﾠﾠﾠﾠﾠﾠﾠﾠﾠ has been warned because '**Duplicated text**'.
2018-05-03 03:32:48 #memes @ﾠﾠﾠﾠﾠﾠﾠﾠﾠﾠﾠﾠﾠﾠﾠﾠﾠﾠﾠﾠ#9674: ?
2018-05-03 03:33:02 #memes @ﾠﾠﾠﾠﾠﾠﾠﾠﾠﾠﾠﾠﾠﾠﾠﾠﾠﾠﾠﾠ#9674: stupid bot
2018-05-03 03:33:06 #memes @ﾠﾠﾠﾠﾠﾠﾠﾠﾠﾠﾠﾠﾠﾠﾠﾠﾠﾠﾠﾠ#9674: ﾠﾠﾠﾠﾠﾠﾠﾠﾠﾠﾠﾠﾠﾠﾠﾠﾠﾠﾠﾠ
2018-05-03 03:33:07 #memes @ﾠﾠﾠﾠﾠﾠﾠﾠﾠﾠﾠﾠﾠﾠﾠﾠﾠﾠﾠﾠ#9674 deleted message from 2018-05-03 03:33:06 (ﾠﾠﾠﾠﾠﾠﾠﾠﾠﾠﾠﾠﾠﾠﾠﾠﾠﾠﾠﾠ)
2018-05-03 03:33:13 #memes @ﾠﾠﾠﾠﾠﾠﾠﾠﾠﾠﾠﾠﾠﾠﾠﾠﾠﾠﾠﾠ#9674: ﾠﾠﾠﾠﾠﾠﾠﾠﾠﾠﾠﾠﾠﾠﾠﾠﾠﾠﾠﾠ
2018-05-03 03:33:13 #memes @ﾠﾠﾠﾠﾠﾠﾠﾠﾠﾠﾠﾠﾠﾠﾠﾠﾠﾠﾠﾠ#9674 deleted message from 2018-05-03 03:33:13 (ﾠﾠﾠﾠﾠﾠﾠﾠﾠﾠﾠﾠﾠﾠﾠﾠﾠﾠﾠﾠ)
2018-05-03 03:33:15 #memes @ﾠﾠﾠﾠﾠﾠﾠﾠﾠﾠﾠﾠﾠﾠﾠﾠﾠﾠﾠﾠ#9674: ﾠﾠﾠﾠﾠﾠﾠﾠﾠﾠﾠﾠﾠﾠﾠﾠﾠﾠﾠﾠ
2018-05-03 03:33:16 #memes @ﾠﾠﾠﾠﾠﾠﾠﾠﾠﾠﾠﾠﾠﾠﾠﾠﾠﾠﾠﾠ#9674 deleted message from 2018-05-03 03:33:15 (ﾠﾠﾠﾠﾠﾠﾠﾠﾠﾠﾠﾠﾠﾠﾠﾠﾠﾠﾠﾠ)
2018-05-03 03:33:37 #memes @ﾠﾠﾠﾠﾠﾠﾠﾠﾠﾠﾠﾠﾠﾠﾠﾠﾠﾠﾠﾠ#9674: bot
2018-05-03 03:33:38 #memes @ﾠﾠﾠﾠﾠﾠﾠﾠﾠﾠﾠﾠﾠﾠﾠﾠﾠﾠﾠﾠ#9674: bot
2018-05-03 03:33:40 #memes @ﾠﾠﾠﾠﾠﾠﾠﾠﾠﾠﾠﾠﾠﾠﾠﾠﾠﾠﾠﾠ#9674: botbotbotbotbotbotbotbotbotbotbotbot
2018-05-03 03:33:41 #memes @ﾠﾠﾠﾠﾠﾠﾠﾠﾠﾠﾠﾠﾠﾠﾠﾠﾠﾠﾠﾠ#9674 deleted message from 2018-05-03 03:33:40 (botbotbotbotbotbotbotbotbotbotbotbot)
2018-05-03 03:34:06 #memes @RedOne#1337: well this was fun
2018-05-03 03:34:08 #memes @RedOne#1337: bye
