2018-04-28 12:54:30 #announcements @Dyno#3861: has joined the Discord.
2018-04-28 13:09:03 #announcements @Dyno#3861: has joined the Discord.
2018-04-28 13:09:15 #announcements @Dyno#3861: has joined the Discord.
2018-04-28 17:00:45 #announcements @Dyno#3861: has joined the Discord.
2018-04-28 18:20:55 #announcements @Dyno#3861: has joined the Discord.
2018-04-28 18:21:54 #announcements @Dyno#3861: has left the Discord.
2018-04-28 18:24:12 #announcements @Dyno#3861: has joined the Discord.
2018-04-28 18:31:43 #announcements @NathanM09#5312: !addmixer NathanM09
2018-04-28 18:31:43 #announcements @M8 Bot#1001: @NathanM09 (BurgerLord), you have added the streamer NathanM09 to this chat channel!
2018-04-28 18:31:44 #announcements @NathanM09#5312 deleted message from 2018-04-28 18:31:43 (!addmixer NathanM09)
2018-04-30 13:16:33 #announcements @Dyno#3861: has left the Discord.
2018-04-30 15:14:30 #announcements @Mixer#9575: Your day just got better, NathanM09 started streaming Roblox on Mixer! https://mixer.com/NathanM09
2018-04-30 15:14:35 #announcements @M8 Bot#1001: @​here, NathanM09 is now live on Mixer!
2018-04-30 15:14:41 #announcements @M8 Bot#1001 edited message from 2018-04-30 15:14:35 (@​here, NathanM09 is now live on Mixer!) to read: @​here, NathanM09 is now live on Mixer!
2018-04-30 16:23:53 #announcements @Mixer#9575: NathanM09's offline, but don't worry, you can find other great folks at https://mixer.com !
2018-04-30 19:20:59 #announcements @Dyno#3861: has joined the Discord.
2018-04-30 19:21:15 #announcements @Dyno#3861: has left the Discord.
2018-04-30 21:43:30 #announcements @Dyno#3861: has joined the Discord.
2018-04-30 21:45:12 #announcements @Dyno#3861: has left the Discord.
2018-05-01 02:48:47 #announcements @Dyno#3861: has joined the Discord.
2018-05-01 09:00:26 #announcements @Dyno#3861: has joined the Discord.
2018-05-01 09:00:34 #announcements @Dyno#3861: has left the Discord.
2018-05-01 11:46:48 #announcements @Dyno#3861: has joined the Discord.
2018-05-01 12:07:39 #announcements @Dyno#3861: has joined the Discord.
2018-05-01 12:08:11 #announcements @Dyno#3861: has left the Discord.
2018-05-01 12:08:26 #announcements @Dyno#3861: has joined the Discord.
2018-05-01 12:08:58 #announcements @Dyno#3861: has left the Discord.
2018-05-01 13:34:32 #announcements @Dyno#3861: has joined the Discord.
2018-05-01 19:39:57 #announcements @Dyno#3861: has joined the Discord.
2018-05-01 19:59:18 #announcements @Dyno#3861: has joined the Discord.
2018-05-01 20:10:11 #announcements @Dyno#3861: has joined the Discord.
2018-05-01 22:19:00 #announcements @Dyno#3861: has joined the Discord.
2018-05-01 22:39:28 #announcements @Dyno#3861: has left the Discord.
2018-05-02 08:57:29 #announcements @Dyno#3861: has joined the Discord.
2018-05-02 10:24:24 #announcements @Dyno#3861: has joined the Discord.
2018-05-02 10:38:07 #announcements @Dyno#3861: has left the Discord.
2018-05-02 14:56:30 #announcements @Dyno#3861: has joined the Discord.
2018-05-02 14:56:33 #announcements @Dyno#3861: has joined the Discord.
2018-05-02 14:56:57 #announcements @Dyno#3861: has joined the Discord.
2018-05-02 15:02:43 #announcements @Dyno#3861: has left the Discord.
2018-05-02 15:12:57 #announcements @Dyno#3861: has left the Discord.
2018-05-02 15:59:48 #announcements @Dyno#3861: has joined the Discord.
2018-05-02 16:06:55 #announcements @Dyno#3861: has left the Discord.
2018-05-02 16:11:07 #announcements @Dyno#3861: has been banned off the Discord.
2018-05-02 16:11:14 #announcements @Dyno#3861 deleted message from 2018-05-02 16:11:07 (has been banned off the Discord.)
2018-05-02 16:31:51 #announcements @Dyno#3861: has joined the Discord.
2018-05-02 16:33:14 #announcements @Dyno#3861: has left the Discord.
2018-05-02 20:21:11 #announcements @Dyno#3861: has joined the Discord.
2018-05-02 21:42:10 #announcements @Dyno#3861: has left the Discord.
2018-05-03 01:58:54 #announcements @Dyno#3861: has joined the Discord.
2018-05-03 01:59:01 #announcements @Dyno#3861: has left the Discord.
2018-05-03 03:32:31 #announcements @Dyno#3861: has joined the Discord.
2018-05-03 03:34:14 #announcements @Dyno#3861: has left the Discord.
2018-05-03 03:34:26 #announcements @Dyno#3861: has left the Discord.
2018-05-03 04:17:48 #announcements @Dyno#3861: has joined the Discord.
2018-05-03 04:18:13 #announcements @Dyno#3861: has left the Discord.
