2018-04-22 22:32:21 this bot joined the server
2018-04-22 22:32:21 Role created: 'Synapse' (id 437742486673424386)
2018-04-22 22:32:21 Member role add: 'Synapse' role was added to @Synapse#0692
2018-04-22 22:33:35 Member username: '@LemLem#0349' (id 410911197819305994) changed username from 'LemLem' to 'not Lem'
2018-04-22 22:35:55 Member nickname: '@NessaTheNerd#2947' (id 206128499885473802) changed nickname from 'None' to 'Nessa'
2018-04-22 22:52:22 Member join: @Pancake#3691 (id 239631525350604801)
2018-04-22 22:52:22 Member role add: 'Pancake' role was added to @Pancake#3691
2018-04-22 22:52:22 Role created: 'Pancake' (id 437747514465058817)
2018-04-22 22:52:22 Member role add: 'Pancake' role was added to @Pancake#3691
2018-04-22 22:55:17 Role deleted: 'Pancake' (id 437747514465058817)
2018-04-22 22:55:17 Member leave: @Pancake#3691 (id 239631525350604801)
2018-04-22 22:57:25 Member join: @Discord Emoji#2530 (id 336058853403787275)
2018-04-22 22:57:25 Member role add: 'Discord Emoji' role was added to @Discord Emoji#2530
2018-04-22 22:57:25 Role created: 'Discord Emoji' (id 437748794499530752)
2018-04-22 22:57:25 Member role add: 'Discord Emoji' role was added to @Discord Emoji#2530
2018-04-22 23:07:53 Role created: 'new role' (id 437751427641638913)
2018-04-22 23:08:05 Role color: 'Discord Emoji' changed from #000000 to #992d22
2018-04-22 23:08:05 Role position: 'Discord Emoji' changed from 2 to 1
2018-04-22 23:10:28 Member join: @MishiBot#1811 (id 294368867755753472)
2018-04-22 23:10:28 Member role add: 'MishiBot' role was added to @MishiBot#1811
2018-04-22 23:10:28 Role created: 'MishiBot' (id 437752078450819073)
2018-04-22 23:10:28 Member role add: 'MishiBot' role was added to @MishiBot#1811
2018-04-22 23:38:12 Member username: '@Turkey4343#1994' (id 340524900609687554) changed username from 'Turkey4343' to 'Mama Turkey'
2018-04-23 02:27:40 Member username: '@not Lem#0349' (id 410911197819305994) changed username from 'not Lem' to 'i'm Lem'
2018-04-23 03:57:08 Member username: '@Mama Turkey#1994' (id 340524900609687554) changed username from 'Mama Turkey' to '★Turkey★'
2018-04-23 04:08:38 Member join: @Tony#9692 (id 262208513093140480)
2018-04-23 04:09:06 Member role add: 'Friends from KV' role was added to @Tony#9692
2018-04-23 06:17:39 Member username: '@i'm Lem#0349' (id 410911197819305994) changed username from 'i'm Lem' to 'i might be lem'
2018-04-23 06:19:22 Member nickname: '@i might be lem#0349' (id 410911197819305994) changed nickname from 'I ship Late™' to 'Late is best ship'
2018-04-23 06:44:34 Member username: '@i might be lem#0349' (id 410911197819305994) changed username from 'i might be lem' to 'no dms would be nice (i'm okay)'
2018-04-23 09:51:42 Channel created: Accessory
2018-04-23 09:52:37 Channel created: kv-roundtable
2018-04-23 09:53:25 Role created: 'new role' (id 437913880123932673)
2018-04-23 09:55:04 Role position: 'Discord Emoji' changed from 3 to 4
2018-04-23 09:55:04 Role permissions: 'Synapse' changed from 8 to 262216
2018-04-23 09:55:04 Role position: 'Friends' changed from 6 to 7
2018-04-23 09:55:04 Role position: 'Friends from KV' changed from 6 to 8
2018-04-23 09:55:04 Role position: 'Admin' changed from 7 to 9
2018-04-23 09:55:04 Role position: 'Turkey' changed from 8 to 10
2018-04-23 09:55:05 Role renamed: 'new role' to 'KV Roundtable'
2018-04-23 09:55:05 Role color: 'new role' changed from #000000 to #e91e63
2018-04-23 09:55:05 Role mentionable: 'KV Roundtable' is now mentionable
2018-04-23 09:55:05 Role permissions: 'new role' changed from 104324161 to 104324177
2018-04-23 09:55:12 Member role add: 'KV Roundtable' role was added to @Vivid#0001
2018-04-23 10:06:10 Role permissions: 'KV Roundtable' changed from 104324177 to 104324161
2018-04-23 20:00:46 Member join: @Rynn#7231 (id 169618190387773440)
2018-04-23 20:01:11 Role deleted: 'Discord Emoji' (id 437748794499530752)
2018-04-23 20:01:11 Member leave: @Discord Emoji#2530 (id 336058853403787275)
2018-04-23 20:02:53 Member role add: 'Friends from KV' role was added to @Rynn#7231
2018-04-23 21:19:26 Member username: '@no dms would be nice (i'm okay)#0349' (id 410911197819305994) changed username from 'no dms would be nice (i'm okay)' to 'lemey'
2018-04-23 23:42:14 Member username: '@lemey#0349' (id 410911197819305994) changed username from 'lemey' to 'lem'
2018-04-24 08:40:24 Member username: '@lem#0349' (id 410911197819305994) changed username from 'lem' to 'LEMLEMELEEMNLKJDFHS'
2018-04-24 18:41:00 Member username: '@LEMLEMELEEMNLKJDFHS#0349' (id 410911197819305994) changed username from 'LEMLEMELEEMNLKJDFHS' to 'LemLem'
2018-04-24 22:25:34 Member username: '@LemLem#0349' (id 410911197819305994) changed username from 'LemLem' to 'birthday Lem'
2018-04-25 15:16:24 Member username: '@birthday Lem#0349' (id 410911197819305994) changed username from 'birthday Lem' to 'spammy Lem'
2018-04-25 15:17:30 Member username: '@spammy Lem#0349' (id 410911197819305994) changed username from 'spammy Lem' to 'i spam Nate's dms'
2018-04-25 18:10:33 Member username: '@i spam Nate's dms#0349' (id 410911197819305994) changed username from 'i spam Nate's dms' to 'LemLem'
2018-04-26 11:19:22 Member join: @Tijger#4590 (id 112687949086277632)
2018-04-26 20:59:51 Member username: '@LemLem#0349' (id 410911197819305994) changed username from 'LemLem' to 'Lem is LATE'
2018-04-27 01:26:21 Member role add: 'Friends from KV' role was added to @Tijger#4590
2018-04-28 01:22:57 Role renamed: 'new role' to 'Turkeys Special Someone'
2018-04-28 01:23:05 Member join: @Jack 決心#9337 (id 426253765297831947)
2018-04-28 01:23:09 Role color: 'Turkeys Special Someone' changed from #000000 to #9b59b6
2018-04-28 01:23:09 Role hoist: 'Turkeys Special Someone' is now shown seperately
2018-04-28 01:23:09 Role mentionable: 'Turkeys Special Someone' is now mentionable
2018-04-28 01:23:26 Role permissions: 'Turkeys Special Someone' changed from 104324161 to 2117590271
2018-04-28 01:24:40 Member role add: 'Friends' role was added to @Jack 決心#9337
2018-04-28 01:24:40 Member role add: 'Turkeys Special Someone' role was added to @Jack 決心#9337
2018-04-28 01:25:10 Member nickname: '@★Turkey★#1994' (id 340524900609687554) changed nickname from '★Turkey★' to '★ Turkey (Jase) ★'
2018-04-28 01:26:03 Member role remove: The 'Friends' role was removed from @Jack 決心#9337
2018-04-30 12:12:19 Member username: '@Reckachu#3373' (id 339839539981975554) changed username from 'Reckachu' to 'Reckbreon'
2018-05-01 05:53:35 Member username: '@Lem is LATE#0349' (id 410911197819305994) changed username from 'Lem is LATE' to 'Mely'
2018-05-01 14:24:47 Member username: '@LORELEI#8615' (id 261994194673991680) changed username from 'LORELEI' to 'GUTTERSNIPE'
2018-05-01 23:39:22 Channel created: games
2018-05-01 23:44:47 Member join: @ShugarCubez#8844 (id 271770481168744450)
2018-05-01 23:45:23 Member role add: 'Friends from KV' role was added to @ShugarCubez#8844
2018-05-01 23:45:41 Member nickname: '@ShugarCubez#8844' (id 271770481168744450) changed nickname from 'None' to 'Shuga'
2018-05-02 01:14:39 Channel created: jase-and-jacks-bedroom
2018-05-02 01:14:57 Channel topic: jase-and-jacks-bedroom topic was set to ""
2018-05-02 01:16:03 Member join: @C~Cassidy#1650 (id 423694441249898499)
2018-05-02 01:16:39 Member role add: 'Friends from KV' role was added to @C~Cassidy#1650
2018-05-02 01:19:36 Role created: 'new role' (id 441046065622417428)
2018-05-02 01:20:37 Role renamed: 'new role' to 'NSFW'
2018-05-02 01:20:37 Role color: 'new role' changed from #000000 to #ece0e0
2018-05-02 01:20:37 Role mentionable: 'NSFW' is now mentionable
2018-05-02 01:21:17 Channel overwrites: jase-and-jacks-bedroom (441044822506078218): role NSFW (441046065622417428) added with values 0, 0
2018-05-02 01:21:58 Channel overwrites: jase-and-jacks-bedroom (441044822506078218): role NSFW (441046065622417428) updated to values 101440, 805306385 (was 0, 0)
2018-05-02 01:22:05 Channel overwrites: jase-and-jacks-bedroom (441044822506078218): role Turkey (436847345070637056) added with values 0, 0
2018-05-02 01:22:30 Channel overwrites: jase-and-jacks-bedroom (441044822506078218): role Turkey (436847345070637056) updated to values 805829713, 0 (was 0, 0)
2018-05-02 01:23:13 Member role add: 'Admin' role was added to @PermSenpie#2043
2018-05-02 01:23:39 Member role remove: The 'Admin' role was removed from @PermSenpie#2043
2018-05-02 01:23:42 Member role add: 'Admin' role was added to @C~Cassidy#1650
2018-05-02 01:26:08 Channel overwrites: jase-and-jacks-bedroom (441044822506078218): role NSFW (441046065622417428) updated to values 379968, 805437457 (was 101440, 805306385)
2018-05-02 01:26:20 Channel overwrites: jase-and-jacks-bedroom (441044822506078218): role Admin (436847585966293003) added with values 0, 0
2018-05-02 01:27:02 Channel overwrites: jase-and-jacks-bedroom (441044822506078218): role Admin (436847585966293003) updated to values 126017, 16 (was 0, 0)
2018-05-02 01:27:15 Channel overwrites: jase-and-jacks-bedroom (441044822506078218): role Turkeys Special Someone (437751427641638913) added with values 0, 0
2018-05-02 01:27:28 Channel overwrites: jase-and-jacks-bedroom (441044822506078218): role Turkeys Special Someone (437751427641638913) updated to values 805829713, 0 (was 0, 0)
2018-05-02 01:27:31 Channel overwrites: jase-and-jacks-bedroom (441044822506078218): role Friends from KV (436847854422851585) added with values 0, 0
2018-05-02 01:28:01 Channel overwrites: jase-and-jacks-bedroom (441044822506078218): role Friends (436848144513499164) added with values 0, 0
2018-05-02 01:28:23 Channel overwrites: jase-and-jacks-bedroom (441044822506078218): role Friends (436848144513499164) updated to values 0, 805829713 (was 0, 0)
2018-05-02 01:28:23 Channel overwrites: jase-and-jacks-bedroom (441044822506078218): role Friends from KV (436847854422851585) updated to values 0, 805829713 (was 0, 0)
2018-05-02 01:29:48 Member role add: 'NSFW' role was added to @C~Cassidy#1650
2018-05-02 01:29:48 Member role add: 'NSFW' role was added to @C~Cassidy#1650
2018-05-02 01:30:00 Member role add: 'NSFW' role was added to @Jack 決心#9337
2018-05-02 01:30:11 Member role add: 'NSFW' role was added to @★Turkey★#1994
2018-05-02 01:30:17 Member role add: 'NSFW' role was added to @PermSenpie#2043
2018-05-02 02:57:31 Member username: '@GUTTERSNIPE#8615' (id 261994194673991680) changed username from 'GUTTERSNIPE' to 'Guttersnipe'
2018-05-02 03:57:33 Member role add: 'NSFW' role was added to @Emrakull#9001
2018-05-02 04:07:39 Member username: '@Guttersnipe#8615' (id 261994194673991680) changed username from 'Guttersnipe' to 'GUTTER'
2018-05-02 04:36:33 Member username: '@GUTTER#8615' (id 261994194673991680) changed username from 'GUTTER' to 'LORELEI'
2018-05-02 05:14:09 Member join: @Ashley#6424 (id 227174884336205825)
2018-05-02 05:14:29 Member role add: 'Friends from KV' role was added to @Ashley#6424
2018-05-02 05:14:33 Member role add: 'Admin' role was added to @Ashley#6424
2018-05-02 11:43:16 Member username: '@Reckbreon#3373' (id 339839539981975554) changed username from 'Reckbreon' to 'Reckario'
2018-05-02 16:46:09 Member username: '@Mely#0349' (id 410911197819305994) changed username from 'Mely' to 'Lem'
