2018-04-25 02:44:08 this bot joined the server
2018-04-25 02:44:09 Role created: 'Synapse' (id 438530626530967553)
2018-04-25 02:44:09 Member role add: 'Synapse' role was added to @Synapse#0692
2018-04-25 02:44:17 Member role add: 'Discord Bots' role was added to @Synapse#0692
2018-04-25 02:45:22 Role position: 'Ghostplay R2' changed from 9 to 1
2018-04-25 02:45:22 Role permissions: 'Synapse' changed from 8 to 262216
2018-04-25 02:45:22 Role position: 'Synapse' changed from 1 to 2
2018-04-25 02:45:22 Role position: 'Twitch' changed from 2 to 3
2018-04-25 02:45:22 Role position: 'YouTube' changed from 3 to 4
2018-04-25 02:45:22 Role position: 'Mixer' changed from 4 to 5
2018-04-25 02:45:22 Role position: 'Discord Bots' changed from 5 to 6
2018-04-25 02:45:22 Role position: 'Server Mods' changed from 6 to 7
2018-04-25 02:45:22 Role position: 'Server Admins' changed from 7 to 8
2018-04-25 02:45:22 Role position: 'INVADER OWNER' changed from 8 to 9
2018-04-25 02:45:24 Role created: 'new role' (id 438530942550802433)
2018-04-25 02:45:24 Role created: 'new role' (id 438530942941003807)
2018-04-25 02:45:31 Role deleted: 'new role' (id 438530942550802433)
2018-04-25 02:46:11 Role position: 'new role' changed from 1 to 10
2018-04-25 02:46:11 Role renamed: 'new role' to 'GP-bot'
2018-04-25 02:46:11 Role permissions: 'new role' changed from 104324161 to 2146958591
2018-04-25 02:46:17 Member role add: 'GP-bot' role was added to @Ghostplay R2#1298
2018-04-25 02:47:43 Member role remove: The 'GP-bot' role was removed from @Ghostplay R2#1298
2018-04-25 02:47:43 Role deleted: 'GP-bot' (id 438530942941003807)
2018-04-25 02:47:49 Role position: 'Synapse' changed from 3 to 1
2018-04-25 02:47:49 Role position: 'Twitch' changed from 4 to 2
2018-04-25 02:47:49 Role position: 'YouTube' changed from 5 to 3
2018-04-25 02:47:49 Role position: 'Mixer' changed from 6 to 4
2018-04-25 02:47:49 Role position: 'Discord Bots' changed from 7 to 5
2018-04-25 02:47:49 Role position: 'Server Mods' changed from 8 to 6
2018-04-25 02:47:49 Role position: 'Server Admins' changed from 9 to 7
2018-04-25 02:47:49 Role position: 'INVADER OWNER' changed from 10 to 8
2018-04-25 02:47:49 Role position: 'Ghostplay R2' changed from 2 to 9
2018-04-25 02:48:51 Member role remove: The 'Discord Bots' role was removed from @Ghostplay R2#1298
2018-04-25 02:48:51 Member role add: 'Discord Bots' role was added to @Ghostplay R2#1298
2018-04-25 02:48:53 Member role remove: The 'Discord Bots' role was removed from @Ghostplay R2#1298
2018-04-25 02:48:53 Member role add: 'Discord Bots' role was added to @Ghostplay R2#1298
2018-04-25 02:48:57 Member role remove: The 'Discord Bots' role was removed from @Ghostplay R2#1298
2018-04-25 02:50:46 Member role add: 'Discord Bots' role was added to @Ghostplay R2#1298
2018-04-25 02:51:39 Role renamed: 'INVADER OWNER' to 'INVADERER'
2018-04-25 02:52:32 Role deleted: 'Synapse' (id 438530626530967553)
2018-04-25 02:52:32 Member leave: @Synapse#0692 (id 435538622293344266)
2018-04-25 02:52:32 this bot left the server
