2018-04-23 20:25:48 #nsfw @Lara Croft#4615: .autoboobs 20
2018-04-23 20:25:48 #nsfw @Synapse#0692: 
2018-04-23 20:25:55 #nsfw @Synapse#0692 edited message from 2018-04-23 20:25:48 () to read: 
2018-04-23 20:26:13 #nsfw @Synapse#0692: http://media.oboobs.ru/boobs_preview/02267.jpg
2018-04-23 20:26:13 #nsfw @Synapse#0692 edited message from 2018-04-23 20:26:13 (http://media.oboobs.ru/boobs_preview/02267.jpg) to read: http://media.oboobs.ru/boobs_preview/02267.jpg
2018-04-23 20:26:28 #nsfw @Synapse#0692: http://media.oboobs.ru/boobs_preview/04522.jpg
2018-04-23 20:26:28 #nsfw @Synapse#0692 edited message from 2018-04-23 20:26:28 (http://media.oboobs.ru/boobs_preview/04522.jpg) to read: http://media.oboobs.ru/boobs_preview/04522.jpg
2018-04-23 20:26:48 #nsfw @Synapse#0692: http://media.oboobs.ru/boobs_preview/10999.jpg
2018-04-23 20:26:48 #nsfw @Synapse#0692 edited message from 2018-04-23 20:26:48 (http://media.oboobs.ru/boobs_preview/10999.jpg) to read: http://media.oboobs.ru/boobs_preview/10999.jpg
2018-04-23 20:27:08 #nsfw @Synapse#0692: http://media.oboobs.ru/boobs_preview/12017.jpg
2018-04-23 20:27:08 #nsfw @Synapse#0692 edited message from 2018-04-23 20:27:08 (http://media.oboobs.ru/boobs_preview/12017.jpg) to read: http://media.oboobs.ru/boobs_preview/12017.jpg
2018-04-23 20:27:28 #nsfw @Synapse#0692: http://media.oboobs.ru/boobs_preview/09652.jpg
2018-04-23 20:27:28 #nsfw @Synapse#0692 edited message from 2018-04-23 20:27:28 (http://media.oboobs.ru/boobs_preview/09652.jpg) to read: http://media.oboobs.ru/boobs_preview/09652.jpg
2018-04-23 20:27:33 #nsfw @Lara Croft#4615: @🍟 | Un Képi CA S'APPELLE L'AUTO BOOBS
2018-04-23 20:27:48 #nsfw @Synapse#0692: http://media.oboobs.ru/boobs_preview/04794.jpg
2018-04-23 20:27:48 #nsfw @Synapse#0692 edited message from 2018-04-23 20:27:48 (http://media.oboobs.ru/boobs_preview/04794.jpg) to read: http://media.oboobs.ru/boobs_preview/04794.jpg
2018-04-23 20:28:08 #nsfw @Synapse#0692: http://media.oboobs.ru/boobs_preview/03280.jpg
2018-04-23 20:28:08 #nsfw @Synapse#0692 edited message from 2018-04-23 20:28:08 (http://media.oboobs.ru/boobs_preview/03280.jpg) to read: http://media.oboobs.ru/boobs_preview/03280.jpg
2018-04-23 20:28:28 #nsfw @Synapse#0692: http://media.oboobs.ru/boobs_preview/10122.jpg
2018-04-23 20:28:34 #nsfw @Synapse#0692 edited message from 2018-04-23 20:28:28 (http://media.oboobs.ru/boobs_preview/10122.jpg) to read: http://media.oboobs.ru/boobs_preview/10122.jpg
2018-04-23 20:28:48 #nsfw @Synapse#0692: http://media.oboobs.ru/boobs_preview/05759.jpg
2018-04-23 20:28:48 #nsfw @Synapse#0692 edited message from 2018-04-23 20:28:48 (http://media.oboobs.ru/boobs_preview/05759.jpg) to read: http://media.oboobs.ru/boobs_preview/05759.jpg
2018-04-23 20:29:01 #nsfw @Ezey_y#6174: <:GWchadThinkeyes:366999794117246976>
2018-04-23 20:29:08 #nsfw @Synapse#0692: http://media.oboobs.ru/boobs_preview/02339.jpg
2018-04-23 20:29:28 #nsfw @Synapse#0692: http://media.oboobs.ru/boobs_preview/04610.jpg
2018-04-23 20:29:28 #nsfw @Synapse#0692 edited message from 2018-04-23 20:29:28 (http://media.oboobs.ru/boobs_preview/04610.jpg) to read: http://media.oboobs.ru/boobs_preview/04610.jpg
2018-04-23 20:29:48 #nsfw @Synapse#0692: http://media.oboobs.ru/boobs_preview/06689.jpg
2018-04-23 20:29:48 #nsfw @Synapse#0692 edited message from 2018-04-23 20:29:48 (http://media.oboobs.ru/boobs_preview/06689.jpg) to read: http://media.oboobs.ru/boobs_preview/06689.jpg
2018-04-23 20:30:08 #nsfw @Synapse#0692: http://media.oboobs.ru/boobs_preview/04879.jpg
2018-04-23 20:30:08 #nsfw @Synapse#0692 edited message from 2018-04-23 20:30:08 (http://media.oboobs.ru/boobs_preview/04879.jpg) to read: http://media.oboobs.ru/boobs_preview/04879.jpg
2018-04-23 20:30:28 #nsfw @Synapse#0692: http://media.oboobs.ru/boobs_preview/07261.jpg
2018-04-23 20:30:28 #nsfw @Synapse#0692 edited message from 2018-04-23 20:30:28 (http://media.oboobs.ru/boobs_preview/07261.jpg) to read: http://media.oboobs.ru/boobs_preview/07261.jpg
2018-04-23 20:30:48 #nsfw @Synapse#0692: http://media.oboobs.ru/boobs_preview/09772.jpg
2018-04-23 20:30:48 #nsfw @Synapse#0692 edited message from 2018-04-23 20:30:48 (http://media.oboobs.ru/boobs_preview/09772.jpg) to read: http://media.oboobs.ru/boobs_preview/09772.jpg
2018-04-23 20:31:08 #nsfw @Synapse#0692: http://media.oboobs.ru/boobs_preview/05248.jpg
2018-04-23 20:31:14 #nsfw @Synapse#0692 edited message from 2018-04-23 20:31:08 (http://media.oboobs.ru/boobs_preview/05248.jpg) to read: http://media.oboobs.ru/boobs_preview/05248.jpg
2018-04-23 20:31:28 #nsfw @Synapse#0692: http://media.oboobs.ru/boobs_preview/11854.jpg
2018-04-23 20:31:48 #nsfw @Synapse#0692: http://media.oboobs.ru/boobs_preview/06931.jpg
2018-04-23 20:31:48 #nsfw @Synapse#0692 edited message from 2018-04-23 20:31:48 (http://media.oboobs.ru/boobs_preview/06931.jpg) to read: http://media.oboobs.ru/boobs_preview/06931.jpg
2018-04-23 20:32:08 #nsfw @Synapse#0692: http://media.oboobs.ru/boobs_preview/02920.jpg
2018-04-23 20:32:08 #nsfw @Synapse#0692 edited message from 2018-04-23 20:32:08 (http://media.oboobs.ru/boobs_preview/02920.jpg) to read: http://media.oboobs.ru/boobs_preview/02920.jpg
2018-04-23 20:32:28 #nsfw @Synapse#0692: http://media.oboobs.ru/boobs_preview/07999.jpg
2018-04-23 20:32:28 #nsfw @Synapse#0692 edited message from 2018-04-23 20:32:28 (http://media.oboobs.ru/boobs_preview/07999.jpg) to read: http://media.oboobs.ru/boobs_preview/07999.jpg
2018-04-23 20:32:48 #nsfw @Synapse#0692: http://media.oboobs.ru/boobs_preview/08847.jpg
2018-04-23 20:32:48 #nsfw @Synapse#0692 edited message from 2018-04-23 20:32:48 (http://media.oboobs.ru/boobs_preview/08847.jpg) to read: http://media.oboobs.ru/boobs_preview/08847.jpg
2018-04-23 20:33:08 #nsfw @Synapse#0692: http://media.oboobs.ru/boobs_preview/07821.jpg
2018-04-23 20:33:08 #nsfw @Synapse#0692 edited message from 2018-04-23 20:33:08 (http://media.oboobs.ru/boobs_preview/07821.jpg) to read: http://media.oboobs.ru/boobs_preview/07821.jpg
2018-04-23 20:33:17 #nsfw @Ezey_y#6174: <:GWchadThink:366999782348292108>
2018-04-23 20:33:28 #nsfw @Synapse#0692: http://media.oboobs.ru/boobs_preview/10797.jpg
2018-04-23 20:33:48 #nsfw @Synapse#0692: http://media.oboobs.ru/boobs_preview/08252.jpg
2018-04-23 20:33:48 #nsfw @Synapse#0692 edited message from 2018-04-23 20:33:48 (http://media.oboobs.ru/boobs_preview/08252.jpg) to read: http://media.oboobs.ru/boobs_preview/08252.jpg
2018-04-23 20:34:08 #nsfw @Synapse#0692: http://media.oboobs.ru/boobs_preview/04177.jpg
2018-04-23 20:34:08 #nsfw @Synapse#0692 edited message from 2018-04-23 20:34:08 (http://media.oboobs.ru/boobs_preview/04177.jpg) to read: http://media.oboobs.ru/boobs_preview/04177.jpg
2018-04-23 20:34:28 #nsfw @Synapse#0692: http://media.oboobs.ru/boobs_preview/04290.jpg
2018-04-23 20:34:28 #nsfw @Synapse#0692 edited message from 2018-04-23 20:34:28 (http://media.oboobs.ru/boobs_preview/04290.jpg) to read: http://media.oboobs.ru/boobs_preview/04290.jpg
2018-04-23 20:34:43 #nsfw @Lara Croft#4615: .boobs
2018-04-23 20:34:44 #nsfw @Synapse#0692: http://media.oboobs.ru/boobs_preview/04380.jpg
2018-04-23 20:34:44 #nsfw @Synapse#0692 edited message from 2018-04-23 20:34:44 (http://media.oboobs.ru/boobs_preview/04380.jpg) to read: http://media.oboobs.ru/boobs_preview/04380.jpg
2018-04-23 20:34:48 #nsfw @Synapse#0692: http://media.oboobs.ru/boobs_preview/05824.jpg
2018-04-23 20:34:48 #nsfw @Synapse#0692 edited message from 2018-04-23 20:34:48 (http://media.oboobs.ru/boobs_preview/05824.jpg) to read: http://media.oboobs.ru/boobs_preview/05824.jpg
2018-04-23 20:34:55 #nsfw @Lara Croft#4615: e!clear 150
2018-04-23 20:34:55 #nsfw @Endless#1720: <:success:420529118417780747> Successfully cleared **34** messages!
2018-04-23 20:34:55 #nsfw @Lara Croft#4615 deleted message from 2018-04-23 20:25:48 (.autoboobs 20)
2018-04-23 20:34:55 #nsfw @Synapse#0692 deleted message from 2018-04-23 20:25:48 ()
2018-04-23 20:34:55 #nsfw @Synapse#0692 deleted message from 2018-04-23 20:26:13 (http://media.oboobs.ru/boobs_preview/02267.jpg)
2018-04-23 20:34:55 #nsfw @Synapse#0692 deleted message from 2018-04-23 20:26:28 (http://media.oboobs.ru/boobs_preview/04522.jpg)
2018-04-23 20:34:55 #nsfw @Synapse#0692 deleted message from 2018-04-23 20:26:48 (http://media.oboobs.ru/boobs_preview/10999.jpg)
2018-04-23 20:34:55 #nsfw @Synapse#0692 deleted message from 2018-04-23 20:27:08 (http://media.oboobs.ru/boobs_preview/12017.jpg)
2018-04-23 20:34:55 #nsfw @Synapse#0692 deleted message from 2018-04-23 20:27:28 (http://media.oboobs.ru/boobs_preview/09652.jpg)
2018-04-23 20:34:55 #nsfw @Lara Croft#4615 deleted message from 2018-04-23 20:27:33 (@🍟 | Un Képi CA S'APPELLE L'AUTO BOOBS)
2018-04-23 20:34:55 #nsfw @Synapse#0692 deleted message from 2018-04-23 20:27:48 (http://media.oboobs.ru/boobs_preview/04794.jpg)
2018-04-23 20:34:55 #nsfw @Synapse#0692 deleted message from 2018-04-23 20:28:08 (http://media.oboobs.ru/boobs_preview/03280.jpg)
2018-04-23 20:34:55 #nsfw @Synapse#0692 deleted message from 2018-04-23 20:28:28 (http://media.oboobs.ru/boobs_preview/10122.jpg)
2018-04-23 20:34:55 #nsfw @Synapse#0692 deleted message from 2018-04-23 20:28:48 (http://media.oboobs.ru/boobs_preview/05759.jpg)
2018-04-23 20:34:55 #nsfw @Ezey_y#6174 deleted message from 2018-04-23 20:29:01 (<:GWchadThinkeyes:366999794117246976>)
2018-04-23 20:34:55 #nsfw @Synapse#0692 deleted message from 2018-04-23 20:29:08 (http://media.oboobs.ru/boobs_preview/02339.jpg)
2018-04-23 20:34:55 #nsfw @Synapse#0692 deleted message from 2018-04-23 20:29:28 (http://media.oboobs.ru/boobs_preview/04610.jpg)
2018-04-23 20:34:55 #nsfw @Synapse#0692 deleted message from 2018-04-23 20:29:48 (http://media.oboobs.ru/boobs_preview/06689.jpg)
2018-04-23 20:34:55 #nsfw @Synapse#0692 deleted message from 2018-04-23 20:30:08 (http://media.oboobs.ru/boobs_preview/04879.jpg)
2018-04-23 20:34:55 #nsfw @Synapse#0692 deleted message from 2018-04-23 20:30:28 (http://media.oboobs.ru/boobs_preview/07261.jpg)
2018-04-23 20:34:55 #nsfw @Synapse#0692 deleted message from 2018-04-23 20:30:48 (http://media.oboobs.ru/boobs_preview/09772.jpg)
2018-04-23 20:34:55 #nsfw @Synapse#0692 deleted message from 2018-04-23 20:31:08 (http://media.oboobs.ru/boobs_preview/05248.jpg)
2018-04-23 20:34:55 #nsfw @Synapse#0692 deleted message from 2018-04-23 20:31:28 (http://media.oboobs.ru/boobs_preview/11854.jpg)
2018-04-23 20:34:55 #nsfw @Synapse#0692 deleted message from 2018-04-23 20:31:48 (http://media.oboobs.ru/boobs_preview/06931.jpg)
2018-04-23 20:34:55 #nsfw @Synapse#0692 deleted message from 2018-04-23 20:32:08 (http://media.oboobs.ru/boobs_preview/02920.jpg)
2018-04-23 20:34:55 #nsfw @Synapse#0692 deleted message from 2018-04-23 20:32:28 (http://media.oboobs.ru/boobs_preview/07999.jpg)
2018-04-23 20:34:55 #nsfw @Synapse#0692 deleted message from 2018-04-23 20:32:48 (http://media.oboobs.ru/boobs_preview/08847.jpg)
2018-04-23 20:34:55 #nsfw @Synapse#0692 deleted message from 2018-04-23 20:33:08 (http://media.oboobs.ru/boobs_preview/07821.jpg)
2018-04-23 20:34:55 #nsfw @Ezey_y#6174 deleted message from 2018-04-23 20:33:17 (<:GWchadThink:366999782348292108>)
2018-04-23 20:34:55 #nsfw @Synapse#0692 deleted message from 2018-04-23 20:33:28 (http://media.oboobs.ru/boobs_preview/10797.jpg)
2018-04-23 20:34:55 #nsfw @Synapse#0692 deleted message from 2018-04-23 20:33:48 (http://media.oboobs.ru/boobs_preview/08252.jpg)
2018-04-23 20:34:55 #nsfw @Synapse#0692 deleted message from 2018-04-23 20:34:08 (http://media.oboobs.ru/boobs_preview/04177.jpg)
2018-04-23 20:34:55 #nsfw @Synapse#0692 deleted message from 2018-04-23 20:34:28 (http://media.oboobs.ru/boobs_preview/04290.jpg)
2018-04-23 20:34:55 #nsfw @Lara Croft#4615 deleted message from 2018-04-23 20:34:43 (.boobs)
2018-04-23 20:34:55 #nsfw @Synapse#0692 deleted message from 2018-04-23 20:34:44 (http://media.oboobs.ru/boobs_preview/04380.jpg)
2018-04-23 20:34:55 #nsfw @Synapse#0692 deleted message from 2018-04-23 20:34:48 (http://media.oboobs.ru/boobs_preview/05824.jpg)
2018-04-23 20:35:08 #nsfw @Synapse#0692: http://media.oboobs.ru/boobs_preview/05968.jpg
2018-04-23 20:35:08 #nsfw @Synapse#0692 edited message from 2018-04-23 20:35:08 (http://media.oboobs.ru/boobs_preview/05968.jpg) to read: http://media.oboobs.ru/boobs_preview/05968.jpg
2018-04-23 20:35:28 #nsfw @Synapse#0692: http://media.oboobs.ru/boobs_preview/10945.jpg
2018-04-23 20:35:28 #nsfw @Synapse#0692 edited message from 2018-04-23 20:35:28 (http://media.oboobs.ru/boobs_preview/10945.jpg) to read: http://media.oboobs.ru/boobs_preview/10945.jpg
2018-04-23 20:35:48 #nsfw @Synapse#0692: http://media.oboobs.ru/boobs_preview/06296.jpg
2018-04-23 20:35:48 #nsfw @Synapse#0692 edited message from 2018-04-23 20:35:48 (http://media.oboobs.ru/boobs_preview/06296.jpg) to read: http://media.oboobs.ru/boobs_preview/06296.jpg
2018-04-23 20:36:08 #nsfw @Synapse#0692: http://media.oboobs.ru/boobs_preview/02411.jpg
2018-04-23 20:36:08 #nsfw @Synapse#0692 edited message from 2018-04-23 20:36:08 (http://media.oboobs.ru/boobs_preview/02411.jpg) to read: http://media.oboobs.ru/boobs_preview/02411.jpg
2018-04-23 20:36:28 #nsfw @Synapse#0692: http://media.oboobs.ru/boobs_preview/05620.jpg
2018-04-23 20:36:28 #nsfw @Synapse#0692 edited message from 2018-04-23 20:36:28 (http://media.oboobs.ru/boobs_preview/05620.jpg) to read: http://media.oboobs.ru/boobs_preview/05620.jpg
2018-04-23 20:36:48 #nsfw @Synapse#0692: http://media.oboobs.ru/boobs_preview/10123.jpg
2018-04-23 20:37:08 #nsfw @Synapse#0692: http://media.oboobs.ru/boobs_preview/10643.jpg
2018-04-23 20:37:28 #nsfw @Synapse#0692: http://media.oboobs.ru/boobs_preview/05588.jpg
2018-04-23 20:37:28 #nsfw @Synapse#0692 edited message from 2018-04-23 20:37:28 (http://media.oboobs.ru/boobs_preview/05588.jpg) to read: http://media.oboobs.ru/boobs_preview/05588.jpg
2018-04-23 20:37:48 #nsfw @Synapse#0692: http://media.oboobs.ru/boobs_preview/12084.jpg
2018-04-23 20:37:48 #nsfw @Synapse#0692 edited message from 2018-04-23 20:37:48 (http://media.oboobs.ru/boobs_preview/12084.jpg) to read: http://media.oboobs.ru/boobs_preview/12084.jpg
2018-04-23 20:37:53 #nsfw @Lara Croft#4615: e!clear 250
2018-04-23 20:37:54 #nsfw @Lara Croft#4615 deleted message from 2018-04-23 20:34:55 (e!clear 150)
2018-04-23 20:37:54 #nsfw @Endless#1720 deleted message from 2018-04-23 20:34:55 (<:success:420529118417780747> Successfully cleared **34** messages!)
2018-04-23 20:37:54 #nsfw @Synapse#0692 deleted message from 2018-04-23 20:35:08 (http://media.oboobs.ru/boobs_preview/05968.jpg)
2018-04-23 20:37:54 #nsfw @Synapse#0692 deleted message from 2018-04-23 20:35:28 (http://media.oboobs.ru/boobs_preview/10945.jpg)
2018-04-23 20:37:54 #nsfw @Synapse#0692 deleted message from 2018-04-23 20:35:48 (http://media.oboobs.ru/boobs_preview/06296.jpg)
2018-04-23 20:37:54 #nsfw @Synapse#0692 deleted message from 2018-04-23 20:36:08 (http://media.oboobs.ru/boobs_preview/02411.jpg)
2018-04-23 20:37:54 #nsfw @Synapse#0692 deleted message from 2018-04-23 20:36:28 (http://media.oboobs.ru/boobs_preview/05620.jpg)
2018-04-23 20:37:54 #nsfw @Synapse#0692 deleted message from 2018-04-23 20:36:48 (http://media.oboobs.ru/boobs_preview/10123.jpg)
2018-04-23 20:37:54 #nsfw @Synapse#0692 deleted message from 2018-04-23 20:37:08 (http://media.oboobs.ru/boobs_preview/10643.jpg)
2018-04-23 20:37:54 #nsfw @Synapse#0692 deleted message from 2018-04-23 20:37:28 (http://media.oboobs.ru/boobs_preview/05588.jpg)
2018-04-23 20:37:54 #nsfw @Synapse#0692 deleted message from 2018-04-23 20:37:48 (http://media.oboobs.ru/boobs_preview/12084.jpg)
2018-04-23 20:37:54 #nsfw @Endless#1720: <:success:420529118417780747> Successfully cleared **11** messages!
2018-04-23 20:38:08 #nsfw @Synapse#0692: http://media.oboobs.ru/boobs_preview/06716.jpg
2018-04-23 20:38:08 #nsfw @Synapse#0692 edited message from 2018-04-23 20:38:08 (http://media.oboobs.ru/boobs_preview/06716.jpg) to read: http://media.oboobs.ru/boobs_preview/06716.jpg
2018-04-23 20:38:28 #nsfw @Synapse#0692: http://media.oboobs.ru/boobs_preview/05096.jpg
2018-04-23 20:38:28 #nsfw @Synapse#0692 edited message from 2018-04-23 20:38:28 (http://media.oboobs.ru/boobs_preview/05096.jpg) to read: http://media.oboobs.ru/boobs_preview/05096.jpg
2018-04-23 20:38:48 #nsfw @Synapse#0692: http://media.oboobs.ru/boobs_preview/05009.jpg
2018-04-23 20:39:08 #nsfw @Synapse#0692: http://media.oboobs.ru/boobs_preview/09164.jpg
2018-04-23 20:39:28 #nsfw @Synapse#0692: http://media.oboobs.ru/boobs_preview/09741.jpg
2018-04-23 20:39:28 #nsfw @Synapse#0692 edited message from 2018-04-23 20:39:28 (http://media.oboobs.ru/boobs_preview/09741.jpg) to read: http://media.oboobs.ru/boobs_preview/09741.jpg
2018-04-23 20:39:48 #nsfw @Synapse#0692: http://media.oboobs.ru/boobs_preview/10266.jpg
2018-04-23 20:39:48 #nsfw @Synapse#0692 edited message from 2018-04-23 20:39:48 (http://media.oboobs.ru/boobs_preview/10266.jpg) to read: http://media.oboobs.ru/boobs_preview/10266.jpg
2018-04-23 20:40:08 #nsfw @Synapse#0692: http://media.oboobs.ru/boobs_preview/08228.jpg
2018-04-23 20:40:28 #nsfw @Synapse#0692: http://media.oboobs.ru/boobs_preview/11989.jpg
2018-04-23 20:40:48 #nsfw @Synapse#0692: http://media.oboobs.ru/boobs_preview/10126.jpg
2018-04-23 20:41:08 #nsfw @Synapse#0692: http://media.oboobs.ru/boobs_preview/09526.jpg
2018-04-23 20:41:08 #nsfw @Synapse#0692 edited message from 2018-04-23 20:41:08 (http://media.oboobs.ru/boobs_preview/09526.jpg) to read: http://media.oboobs.ru/boobs_preview/09526.jpg
2018-04-23 20:41:28 #nsfw @Synapse#0692: http://media.oboobs.ru/boobs_preview/05878.jpg
2018-04-23 20:41:28 #nsfw @Synapse#0692 edited message from 2018-04-23 20:41:28 (http://media.oboobs.ru/boobs_preview/05878.jpg) to read: http://media.oboobs.ru/boobs_preview/05878.jpg
2018-04-23 20:41:48 #nsfw @Synapse#0692: http://media.oboobs.ru/boobs_preview/09895.jpg
2018-04-23 20:41:48 #nsfw @Synapse#0692 edited message from 2018-04-23 20:41:48 (http://media.oboobs.ru/boobs_preview/09895.jpg) to read: http://media.oboobs.ru/boobs_preview/09895.jpg
2018-04-23 20:42:08 #nsfw @Synapse#0692: http://media.oboobs.ru/boobs_preview/11845.jpg
2018-04-23 20:42:08 #nsfw @Synapse#0692 edited message from 2018-04-23 20:42:08 (http://media.oboobs.ru/boobs_preview/11845.jpg) to read: http://media.oboobs.ru/boobs_preview/11845.jpg
2018-04-23 20:42:28 #nsfw @Synapse#0692: http://media.oboobs.ru/boobs_preview/12574.jpg
2018-04-23 20:42:28 #nsfw @Synapse#0692 edited message from 2018-04-23 20:42:28 (http://media.oboobs.ru/boobs_preview/12574.jpg) to read: http://media.oboobs.ru/boobs_preview/12574.jpg
2018-04-23 20:42:48 #nsfw @Synapse#0692: http://media.oboobs.ru/boobs_preview/08886.jpg
2018-04-23 20:43:08 #nsfw @Synapse#0692: http://media.oboobs.ru/boobs_preview/09713.jpg
2018-04-23 20:43:08 #nsfw @Synapse#0692 edited message from 2018-04-23 20:43:08 (http://media.oboobs.ru/boobs_preview/09713.jpg) to read: http://media.oboobs.ru/boobs_preview/09713.jpg
2018-04-23 20:43:28 #nsfw @Synapse#0692: http://media.oboobs.ru/boobs_preview/05508.jpg
2018-04-23 20:43:28 #nsfw @Synapse#0692 edited message from 2018-04-23 20:43:28 (http://media.oboobs.ru/boobs_preview/05508.jpg) to read: http://media.oboobs.ru/boobs_preview/05508.jpg
2018-04-23 20:43:48 #nsfw @Synapse#0692: http://media.oboobs.ru/boobs_preview/10239.jpg
2018-04-23 20:43:48 #nsfw @Synapse#0692 edited message from 2018-04-23 20:43:48 (http://media.oboobs.ru/boobs_preview/10239.jpg) to read: http://media.oboobs.ru/boobs_preview/10239.jpg
2018-04-23 20:44:08 #nsfw @Synapse#0692: http://media.oboobs.ru/boobs_preview/10587.jpg
2018-04-23 20:44:08 #nsfw @Synapse#0692 edited message from 2018-04-23 20:44:08 (http://media.oboobs.ru/boobs_preview/10587.jpg) to read: http://media.oboobs.ru/boobs_preview/10587.jpg
2018-04-23 20:44:28 #nsfw @Synapse#0692: http://media.oboobs.ru/boobs_preview/03147.jpg
2018-04-23 20:44:28 #nsfw @Synapse#0692 edited message from 2018-04-23 20:44:28 (http://media.oboobs.ru/boobs_preview/03147.jpg) to read: http://media.oboobs.ru/boobs_preview/03147.jpg
2018-04-23 20:44:48 #nsfw @Synapse#0692: http://media.oboobs.ru/boobs_preview/06060.jpg
2018-04-23 20:45:08 #nsfw @Synapse#0692: http://media.oboobs.ru/boobs_preview/07879.jpg
2018-04-23 20:45:08 #nsfw @Synapse#0692 edited message from 2018-04-23 20:45:08 (http://media.oboobs.ru/boobs_preview/07879.jpg) to read: http://media.oboobs.ru/boobs_preview/07879.jpg
2018-04-23 20:45:28 #nsfw @Synapse#0692: http://media.oboobs.ru/boobs_preview/10190.jpg
2018-04-23 20:45:28 #nsfw @Synapse#0692 edited message from 2018-04-23 20:45:28 (http://media.oboobs.ru/boobs_preview/10190.jpg) to read: http://media.oboobs.ru/boobs_preview/10190.jpg
2018-04-23 20:45:48 #nsfw @Synapse#0692: http://media.oboobs.ru/boobs_preview/03813.jpg
2018-04-23 20:45:48 #nsfw @Synapse#0692 edited message from 2018-04-23 20:45:48 (http://media.oboobs.ru/boobs_preview/03813.jpg) to read: http://media.oboobs.ru/boobs_preview/03813.jpg
2018-04-23 20:46:08 #nsfw @Synapse#0692: http://media.oboobs.ru/boobs_preview/09461.jpg
2018-04-23 20:46:08 #nsfw @Synapse#0692 edited message from 2018-04-23 20:46:08 (http://media.oboobs.ru/boobs_preview/09461.jpg) to read: http://media.oboobs.ru/boobs_preview/09461.jpg
2018-04-23 20:46:28 #nsfw @Synapse#0692: http://media.oboobs.ru/boobs_preview/03858.jpg
2018-04-23 20:46:28 #nsfw @Synapse#0692 edited message from 2018-04-23 20:46:28 (http://media.oboobs.ru/boobs_preview/03858.jpg) to read: http://media.oboobs.ru/boobs_preview/03858.jpg
2018-04-23 20:46:48 #nsfw @Synapse#0692: http://media.oboobs.ru/boobs_preview/09766.jpg
2018-04-23 20:46:48 #nsfw @Synapse#0692 edited message from 2018-04-23 20:46:48 (http://media.oboobs.ru/boobs_preview/09766.jpg) to read: http://media.oboobs.ru/boobs_preview/09766.jpg
2018-04-23 20:47:08 #nsfw @Synapse#0692: http://media.oboobs.ru/boobs_preview/01967.jpg
2018-04-23 20:47:08 #nsfw @Synapse#0692 edited message from 2018-04-23 20:47:08 (http://media.oboobs.ru/boobs_preview/01967.jpg) to read: http://media.oboobs.ru/boobs_preview/01967.jpg
2018-04-23 20:47:28 #nsfw @Synapse#0692: http://media.oboobs.ru/boobs_preview/09933.jpg
2018-04-23 20:47:28 #nsfw @Synapse#0692 edited message from 2018-04-23 20:47:28 (http://media.oboobs.ru/boobs_preview/09933.jpg) to read: http://media.oboobs.ru/boobs_preview/09933.jpg
2018-04-23 20:47:48 #nsfw @Synapse#0692: http://media.oboobs.ru/boobs_preview/10746.jpg
2018-04-23 20:48:08 #nsfw @Synapse#0692: http://media.oboobs.ru/boobs_preview/06496.jpg
2018-04-23 20:48:28 #nsfw @Synapse#0692: http://media.oboobs.ru/boobs_preview/07414.jpg
2018-04-23 20:48:28 #nsfw @Synapse#0692 edited message from 2018-04-23 20:48:28 (http://media.oboobs.ru/boobs_preview/07414.jpg) to read: http://media.oboobs.ru/boobs_preview/07414.jpg
2018-04-23 20:48:48 #nsfw @Synapse#0692: http://media.oboobs.ru/boobs_preview/07347.jpg
2018-04-23 20:48:48 #nsfw @Synapse#0692 edited message from 2018-04-23 20:48:48 (http://media.oboobs.ru/boobs_preview/07347.jpg) to read: http://media.oboobs.ru/boobs_preview/07347.jpg
2018-04-23 20:49:08 #nsfw @Synapse#0692: http://media.oboobs.ru/boobs_preview/11999.jpg
2018-04-23 20:49:08 #nsfw @Synapse#0692 edited message from 2018-04-23 20:49:08 (http://media.oboobs.ru/boobs_preview/11999.jpg) to read: http://media.oboobs.ru/boobs_preview/11999.jpg
2018-04-23 20:49:28 #nsfw @Synapse#0692: http://media.oboobs.ru/boobs_preview/06948.jpg
2018-04-23 20:49:28 #nsfw @Synapse#0692 edited message from 2018-04-23 20:49:28 (http://media.oboobs.ru/boobs_preview/06948.jpg) to read: http://media.oboobs.ru/boobs_preview/06948.jpg
2018-04-23 20:49:48 #nsfw @Synapse#0692: http://media.oboobs.ru/boobs_preview/04749.jpg
2018-04-23 20:49:48 #nsfw @Synapse#0692 edited message from 2018-04-23 20:49:48 (http://media.oboobs.ru/boobs_preview/04749.jpg) to read: http://media.oboobs.ru/boobs_preview/04749.jpg
2018-04-23 20:50:08 #nsfw @Synapse#0692: http://media.oboobs.ru/boobs_preview/12614.jpg
2018-04-23 20:50:08 #nsfw @Synapse#0692 edited message from 2018-04-23 20:50:08 (http://media.oboobs.ru/boobs_preview/12614.jpg) to read: http://media.oboobs.ru/boobs_preview/12614.jpg
2018-04-23 20:50:28 #nsfw @Synapse#0692: http://media.oboobs.ru/boobs_preview/12073.jpg
2018-04-23 20:50:28 #nsfw @Synapse#0692 edited message from 2018-04-23 20:50:28 (http://media.oboobs.ru/boobs_preview/12073.jpg) to read: http://media.oboobs.ru/boobs_preview/12073.jpg
2018-04-23 20:50:48 #nsfw @Synapse#0692: http://media.oboobs.ru/boobs_preview/08782.jpg
2018-04-23 20:50:48 #nsfw @Synapse#0692 edited message from 2018-04-23 20:50:48 (http://media.oboobs.ru/boobs_preview/08782.jpg) to read: http://media.oboobs.ru/boobs_preview/08782.jpg
2018-04-23 20:51:08 #nsfw @Synapse#0692: http://media.oboobs.ru/boobs_preview/12104.jpg
2018-04-23 20:51:08 #nsfw @Synapse#0692 edited message from 2018-04-23 20:51:08 (http://media.oboobs.ru/boobs_preview/12104.jpg) to read: http://media.oboobs.ru/boobs_preview/12104.jpg
2018-04-23 20:51:28 #nsfw @Synapse#0692: http://media.oboobs.ru/boobs_preview/05921.jpg
2018-04-23 20:51:28 #nsfw @Synapse#0692 edited message from 2018-04-23 20:51:28 (http://media.oboobs.ru/boobs_preview/05921.jpg) to read: http://media.oboobs.ru/boobs_preview/05921.jpg
2018-04-23 20:51:48 #nsfw @Synapse#0692: http://media.oboobs.ru/boobs_preview/02401.jpg
2018-04-23 20:51:49 #nsfw @Synapse#0692 edited message from 2018-04-23 20:51:48 (http://media.oboobs.ru/boobs_preview/02401.jpg) to read: http://media.oboobs.ru/boobs_preview/02401.jpg
2018-04-23 20:52:08 #nsfw @Synapse#0692: http://media.oboobs.ru/boobs_preview/04883.jpg
2018-04-23 20:52:28 #nsfw @Synapse#0692: http://media.oboobs.ru/boobs_preview/11693.jpg
2018-04-23 20:52:28 #nsfw @Synapse#0692 edited message from 2018-04-23 20:52:28 (http://media.oboobs.ru/boobs_preview/11693.jpg) to read: http://media.oboobs.ru/boobs_preview/11693.jpg
2018-04-23 20:52:48 #nsfw @Synapse#0692: http://media.oboobs.ru/boobs_preview/02252.jpg
2018-04-23 20:52:48 #nsfw @Synapse#0692 edited message from 2018-04-23 20:52:48 (http://media.oboobs.ru/boobs_preview/02252.jpg) to read: http://media.oboobs.ru/boobs_preview/02252.jpg
2018-04-23 20:53:08 #nsfw @Synapse#0692: http://media.oboobs.ru/boobs_preview/07790.jpg
2018-04-23 20:53:08 #nsfw @Synapse#0692 edited message from 2018-04-23 20:53:08 (http://media.oboobs.ru/boobs_preview/07790.jpg) to read: http://media.oboobs.ru/boobs_preview/07790.jpg
2018-04-23 20:53:28 #nsfw @Synapse#0692: http://media.oboobs.ru/boobs_preview/11952.jpg
2018-04-23 20:53:28 #nsfw @Synapse#0692 edited message from 2018-04-23 20:53:28 (http://media.oboobs.ru/boobs_preview/11952.jpg) to read: http://media.oboobs.ru/boobs_preview/11952.jpg
2018-04-23 20:53:48 #nsfw @Synapse#0692: http://media.oboobs.ru/boobs_preview/03791.jpg
2018-04-23 20:53:48 #nsfw @Synapse#0692 edited message from 2018-04-23 20:53:48 (http://media.oboobs.ru/boobs_preview/03791.jpg) to read: http://media.oboobs.ru/boobs_preview/03791.jpg
2018-04-23 20:54:08 #nsfw @Synapse#0692: http://media.oboobs.ru/boobs_preview/08021.jpg
2018-04-23 20:54:08 #nsfw @Synapse#0692 edited message from 2018-04-23 20:54:08 (http://media.oboobs.ru/boobs_preview/08021.jpg) to read: http://media.oboobs.ru/boobs_preview/08021.jpg
2018-04-23 20:54:28 #nsfw @Synapse#0692: http://media.oboobs.ru/boobs_preview/03423.jpg
2018-04-23 20:54:28 #nsfw @Synapse#0692 edited message from 2018-04-23 20:54:28 (http://media.oboobs.ru/boobs_preview/03423.jpg) to read: http://media.oboobs.ru/boobs_preview/03423.jpg
2018-04-23 20:54:48 #nsfw @Synapse#0692: http://media.oboobs.ru/boobs_preview/05722.jpg
2018-04-23 20:54:48 #nsfw @Synapse#0692 edited message from 2018-04-23 20:54:48 (http://media.oboobs.ru/boobs_preview/05722.jpg) to read: http://media.oboobs.ru/boobs_preview/05722.jpg
2018-04-23 20:55:08 #nsfw @Synapse#0692: http://media.oboobs.ru/boobs_preview/11822.jpg
2018-04-23 20:55:28 #nsfw @Synapse#0692: http://media.oboobs.ru/boobs_preview/05868.png
2018-04-23 20:55:29 #nsfw @Synapse#0692 edited message from 2018-04-23 20:55:28 (http://media.oboobs.ru/boobs_preview/05868.png) to read: http://media.oboobs.ru/boobs_preview/05868.png
2018-04-23 20:55:48 #nsfw @Synapse#0692: http://media.oboobs.ru/boobs_preview/04552.jpg
2018-04-23 20:55:48 #nsfw @Synapse#0692 edited message from 2018-04-23 20:55:48 (http://media.oboobs.ru/boobs_preview/04552.jpg) to read: http://media.oboobs.ru/boobs_preview/04552.jpg
2018-04-23 20:56:08 #nsfw @Synapse#0692: http://media.oboobs.ru/boobs_preview/10930.jpg
2018-04-23 20:56:08 #nsfw @Synapse#0692 edited message from 2018-04-23 20:56:08 (http://media.oboobs.ru/boobs_preview/10930.jpg) to read: http://media.oboobs.ru/boobs_preview/10930.jpg
2018-04-23 20:56:28 #nsfw @Synapse#0692: http://media.oboobs.ru/boobs_preview/08719.jpg
2018-04-23 20:56:28 #nsfw @Synapse#0692 edited message from 2018-04-23 20:56:28 (http://media.oboobs.ru/boobs_preview/08719.jpg) to read: http://media.oboobs.ru/boobs_preview/08719.jpg
2018-04-23 20:56:48 #nsfw @Synapse#0692: http://media.oboobs.ru/boobs_preview/02281.jpg
2018-04-23 20:57:08 #nsfw @Synapse#0692: http://media.oboobs.ru/boobs_preview/02083.jpg
2018-04-23 20:57:28 #nsfw @Synapse#0692: http://media.oboobs.ru/boobs_preview/10862.jpg
2018-04-23 20:57:28 #nsfw @Synapse#0692 edited message from 2018-04-23 20:57:28 (http://media.oboobs.ru/boobs_preview/10862.jpg) to read: http://media.oboobs.ru/boobs_preview/10862.jpg
2018-04-23 20:57:48 #nsfw @Synapse#0692: http://media.oboobs.ru/boobs_preview/11514.jpg
2018-04-23 20:57:48 #nsfw @Synapse#0692 edited message from 2018-04-23 20:57:48 (http://media.oboobs.ru/boobs_preview/11514.jpg) to read: http://media.oboobs.ru/boobs_preview/11514.jpg
2018-04-23 20:58:08 #nsfw @Synapse#0692: http://media.oboobs.ru/boobs_preview/04865.jpg
2018-04-23 20:58:14 #nsfw @Synapse#0692 edited message from 2018-04-23 20:58:08 (http://media.oboobs.ru/boobs_preview/04865.jpg) to read: http://media.oboobs.ru/boobs_preview/04865.jpg
2018-04-23 20:58:28 #nsfw @Synapse#0692: http://media.oboobs.ru/boobs_preview/03630.jpg
2018-04-23 20:58:28 #nsfw @Synapse#0692 edited message from 2018-04-23 20:58:28 (http://media.oboobs.ru/boobs_preview/03630.jpg) to read: http://media.oboobs.ru/boobs_preview/03630.jpg
2018-04-23 20:58:48 #nsfw @Synapse#0692: http://media.oboobs.ru/boobs_preview/09566.jpg
2018-04-23 20:58:48 #nsfw @Synapse#0692 edited message from 2018-04-23 20:58:48 (http://media.oboobs.ru/boobs_preview/09566.jpg) to read: http://media.oboobs.ru/boobs_preview/09566.jpg
2018-04-23 20:59:08 #nsfw @Synapse#0692: http://media.oboobs.ru/boobs_preview/04759.jpg
2018-04-23 20:59:08 #nsfw @Synapse#0692 edited message from 2018-04-23 20:59:08 (http://media.oboobs.ru/boobs_preview/04759.jpg) to read: http://media.oboobs.ru/boobs_preview/04759.jpg
2018-04-23 20:59:28 #nsfw @Synapse#0692: http://media.oboobs.ru/boobs_preview/05894.jpg
2018-04-23 20:59:28 #nsfw @Synapse#0692 edited message from 2018-04-23 20:59:28 (http://media.oboobs.ru/boobs_preview/05894.jpg) to read: http://media.oboobs.ru/boobs_preview/05894.jpg
2018-04-23 20:59:48 #nsfw @Synapse#0692: http://media.oboobs.ru/boobs_preview/11131.jpg
2018-04-23 20:59:48 #nsfw @Synapse#0692 edited message from 2018-04-23 20:59:48 (http://media.oboobs.ru/boobs_preview/11131.jpg) to read: http://media.oboobs.ru/boobs_preview/11131.jpg
2018-04-23 21:00:08 #nsfw @Synapse#0692: http://media.oboobs.ru/boobs_preview/08005.jpg
2018-04-23 21:00:28 #nsfw @Synapse#0692: http://media.oboobs.ru/boobs_preview/09329.jpg
2018-04-23 21:00:28 #nsfw @Synapse#0692 edited message from 2018-04-23 21:00:28 (http://media.oboobs.ru/boobs_preview/09329.jpg) to read: http://media.oboobs.ru/boobs_preview/09329.jpg
2018-04-23 21:00:48 #nsfw @Synapse#0692: http://media.oboobs.ru/boobs_preview/12523.jpg
2018-04-23 21:00:48 #nsfw @Synapse#0692 edited message from 2018-04-23 21:00:48 (http://media.oboobs.ru/boobs_preview/12523.jpg) to read: http://media.oboobs.ru/boobs_preview/12523.jpg
2018-04-23 21:01:08 #nsfw @Synapse#0692: http://media.oboobs.ru/boobs_preview/10677.jpg
2018-04-23 21:01:08 #nsfw @Synapse#0692 edited message from 2018-04-23 21:01:08 (http://media.oboobs.ru/boobs_preview/10677.jpg) to read: http://media.oboobs.ru/boobs_preview/10677.jpg
2018-04-23 21:01:28 #nsfw @Synapse#0692: http://media.oboobs.ru/boobs_preview/12159.jpg
2018-04-23 21:01:28 #nsfw @Synapse#0692 edited message from 2018-04-23 21:01:28 (http://media.oboobs.ru/boobs_preview/12159.jpg) to read: http://media.oboobs.ru/boobs_preview/12159.jpg
2018-04-23 21:01:48 #nsfw @Synapse#0692: http://media.oboobs.ru/boobs_preview/06734.jpg
2018-04-23 21:01:48 #nsfw @Synapse#0692 edited message from 2018-04-23 21:01:48 (http://media.oboobs.ru/boobs_preview/06734.jpg) to read: http://media.oboobs.ru/boobs_preview/06734.jpg
2018-04-23 21:02:00 #nsfw @Lara Croft#4615: .autoboobs
2018-04-23 21:02:00 #nsfw @Synapse#0692: 
2018-04-23 21:02:00 #nsfw @Synapse#0692 edited message from 2018-04-23 21:02:00 () to read: 
2018-04-23 21:02:08 #nsfw @Lara Croft#4615: e!clear 6790
2018-04-23 21:02:08 #nsfw @Endless#1720: <:error:420529091280633856> The number of messages must be between `2` and `1000`
2018-04-23 21:02:18 #nsfw @Lara Croft#4615: e!clear 500
2018-04-23 21:02:19 #nsfw @Endless#1720: <:success:420529118417780747> Successfully cleared **78** messages!
2018-04-23 21:02:20 #nsfw @Lara Croft#4615 deleted message from 2018-04-23 20:37:53 (e!clear 250)
2018-04-23 21:02:20 #nsfw @Endless#1720 deleted message from 2018-04-23 20:37:54 (<:success:420529118417780747> Successfully cleared **11** messages!)
2018-04-23 21:02:20 #nsfw @Synapse#0692 deleted message from 2018-04-23 20:38:08 (http://media.oboobs.ru/boobs_preview/06716.jpg)
2018-04-23 21:02:20 #nsfw @Synapse#0692 deleted message from 2018-04-23 20:38:28 (http://media.oboobs.ru/boobs_preview/05096.jpg)
2018-04-23 21:02:20 #nsfw @Synapse#0692 deleted message from 2018-04-23 20:38:48 (http://media.oboobs.ru/boobs_preview/05009.jpg)
2018-04-23 21:02:20 #nsfw @Synapse#0692 deleted message from 2018-04-23 20:39:08 (http://media.oboobs.ru/boobs_preview/09164.jpg)
2018-04-23 21:02:20 #nsfw @Synapse#0692 deleted message from 2018-04-23 20:39:28 (http://media.oboobs.ru/boobs_preview/09741.jpg)
2018-04-23 21:02:20 #nsfw @Synapse#0692 deleted message from 2018-04-23 20:39:48 (http://media.oboobs.ru/boobs_preview/10266.jpg)
2018-04-23 21:02:20 #nsfw @Synapse#0692 deleted message from 2018-04-23 20:40:08 (http://media.oboobs.ru/boobs_preview/08228.jpg)
2018-04-23 21:02:20 #nsfw @Synapse#0692 deleted message from 2018-04-23 20:40:28 (http://media.oboobs.ru/boobs_preview/11989.jpg)
2018-04-23 21:02:20 #nsfw @Synapse#0692 deleted message from 2018-04-23 20:40:48 (http://media.oboobs.ru/boobs_preview/10126.jpg)
2018-04-23 21:02:20 #nsfw @Synapse#0692 deleted message from 2018-04-23 20:41:08 (http://media.oboobs.ru/boobs_preview/09526.jpg)
2018-04-23 21:02:20 #nsfw @Synapse#0692 deleted message from 2018-04-23 20:41:28 (http://media.oboobs.ru/boobs_preview/05878.jpg)
2018-04-23 21:02:20 #nsfw @Synapse#0692 deleted message from 2018-04-23 20:41:48 (http://media.oboobs.ru/boobs_preview/09895.jpg)
2018-04-23 21:02:20 #nsfw @Synapse#0692 deleted message from 2018-04-23 20:42:08 (http://media.oboobs.ru/boobs_preview/11845.jpg)
2018-04-23 21:02:20 #nsfw @Synapse#0692 deleted message from 2018-04-23 20:42:28 (http://media.oboobs.ru/boobs_preview/12574.jpg)
2018-04-23 21:02:20 #nsfw @Synapse#0692 deleted message from 2018-04-23 20:42:48 (http://media.oboobs.ru/boobs_preview/08886.jpg)
2018-04-23 21:02:20 #nsfw @Synapse#0692 deleted message from 2018-04-23 20:43:08 (http://media.oboobs.ru/boobs_preview/09713.jpg)
2018-04-23 21:02:20 #nsfw @Synapse#0692 deleted message from 2018-04-23 20:43:28 (http://media.oboobs.ru/boobs_preview/05508.jpg)
2018-04-23 21:02:20 #nsfw @Synapse#0692 deleted message from 2018-04-23 20:43:48 (http://media.oboobs.ru/boobs_preview/10239.jpg)
2018-04-23 21:02:20 #nsfw @Synapse#0692 deleted message from 2018-04-23 20:44:08 (http://media.oboobs.ru/boobs_preview/10587.jpg)
2018-04-23 21:02:20 #nsfw @Synapse#0692 deleted message from 2018-04-23 20:44:28 (http://media.oboobs.ru/boobs_preview/03147.jpg)
2018-04-23 21:02:20 #nsfw @Synapse#0692 deleted message from 2018-04-23 20:44:48 (http://media.oboobs.ru/boobs_preview/06060.jpg)
2018-04-23 21:02:20 #nsfw @Synapse#0692 deleted message from 2018-04-23 20:45:08 (http://media.oboobs.ru/boobs_preview/07879.jpg)
2018-04-23 21:02:20 #nsfw @Synapse#0692 deleted message from 2018-04-23 20:45:28 (http://media.oboobs.ru/boobs_preview/10190.jpg)
2018-04-23 21:02:20 #nsfw @Synapse#0692 deleted message from 2018-04-23 20:45:48 (http://media.oboobs.ru/boobs_preview/03813.jpg)
2018-04-23 21:02:20 #nsfw @Synapse#0692 deleted message from 2018-04-23 20:46:08 (http://media.oboobs.ru/boobs_preview/09461.jpg)
2018-04-23 21:02:20 #nsfw @Synapse#0692 deleted message from 2018-04-23 20:46:28 (http://media.oboobs.ru/boobs_preview/03858.jpg)
2018-04-23 21:02:20 #nsfw @Synapse#0692 deleted message from 2018-04-23 20:46:48 (http://media.oboobs.ru/boobs_preview/09766.jpg)
2018-04-23 21:02:20 #nsfw @Synapse#0692 deleted message from 2018-04-23 20:47:08 (http://media.oboobs.ru/boobs_preview/01967.jpg)
2018-04-23 21:02:20 #nsfw @Synapse#0692 deleted message from 2018-04-23 20:47:28 (http://media.oboobs.ru/boobs_preview/09933.jpg)
2018-04-23 21:02:20 #nsfw @Synapse#0692 deleted message from 2018-04-23 20:47:48 (http://media.oboobs.ru/boobs_preview/10746.jpg)
2018-04-23 21:02:20 #nsfw @Synapse#0692 deleted message from 2018-04-23 20:48:08 (http://media.oboobs.ru/boobs_preview/06496.jpg)
2018-04-23 21:02:20 #nsfw @Synapse#0692 deleted message from 2018-04-23 20:48:28 (http://media.oboobs.ru/boobs_preview/07414.jpg)
2018-04-23 21:02:20 #nsfw @Synapse#0692 deleted message from 2018-04-23 20:48:48 (http://media.oboobs.ru/boobs_preview/07347.jpg)
2018-04-23 21:02:20 #nsfw @Synapse#0692 deleted message from 2018-04-23 20:49:08 (http://media.oboobs.ru/boobs_preview/11999.jpg)
2018-04-23 21:02:20 #nsfw @Synapse#0692 deleted message from 2018-04-23 20:49:28 (http://media.oboobs.ru/boobs_preview/06948.jpg)
2018-04-23 21:02:20 #nsfw @Synapse#0692 deleted message from 2018-04-23 20:49:48 (http://media.oboobs.ru/boobs_preview/04749.jpg)
2018-04-23 21:02:20 #nsfw @Synapse#0692 deleted message from 2018-04-23 20:50:08 (http://media.oboobs.ru/boobs_preview/12614.jpg)
2018-04-23 21:02:20 #nsfw @Synapse#0692 deleted message from 2018-04-23 20:50:28 (http://media.oboobs.ru/boobs_preview/12073.jpg)
2018-04-23 21:02:20 #nsfw @Synapse#0692 deleted message from 2018-04-23 20:50:48 (http://media.oboobs.ru/boobs_preview/08782.jpg)
2018-04-23 21:02:20 #nsfw @Synapse#0692 deleted message from 2018-04-23 20:51:08 (http://media.oboobs.ru/boobs_preview/12104.jpg)
2018-04-23 21:02:20 #nsfw @Synapse#0692 deleted message from 2018-04-23 20:51:28 (http://media.oboobs.ru/boobs_preview/05921.jpg)
2018-04-23 21:02:20 #nsfw @Synapse#0692 deleted message from 2018-04-23 20:51:48 (http://media.oboobs.ru/boobs_preview/02401.jpg)
2018-04-23 21:02:20 #nsfw @Synapse#0692 deleted message from 2018-04-23 20:52:08 (http://media.oboobs.ru/boobs_preview/04883.jpg)
2018-04-23 21:02:20 #nsfw @Synapse#0692 deleted message from 2018-04-23 20:52:28 (http://media.oboobs.ru/boobs_preview/11693.jpg)
2018-04-23 21:02:20 #nsfw @Synapse#0692 deleted message from 2018-04-23 20:52:48 (http://media.oboobs.ru/boobs_preview/02252.jpg)
2018-04-23 21:02:20 #nsfw @Synapse#0692 deleted message from 2018-04-23 20:53:08 (http://media.oboobs.ru/boobs_preview/07790.jpg)
2018-04-23 21:02:20 #nsfw @Synapse#0692 deleted message from 2018-04-23 20:53:28 (http://media.oboobs.ru/boobs_preview/11952.jpg)
2018-04-23 21:02:20 #nsfw @Synapse#0692 deleted message from 2018-04-23 20:53:48 (http://media.oboobs.ru/boobs_preview/03791.jpg)
2018-04-23 21:02:20 #nsfw @Synapse#0692 deleted message from 2018-04-23 20:54:08 (http://media.oboobs.ru/boobs_preview/08021.jpg)
2018-04-23 21:02:20 #nsfw @Synapse#0692 deleted message from 2018-04-23 20:54:28 (http://media.oboobs.ru/boobs_preview/03423.jpg)
2018-04-23 21:02:20 #nsfw @Synapse#0692 deleted message from 2018-04-23 20:54:48 (http://media.oboobs.ru/boobs_preview/05722.jpg)
2018-04-23 21:02:20 #nsfw @Synapse#0692 deleted message from 2018-04-23 20:55:08 (http://media.oboobs.ru/boobs_preview/11822.jpg)
2018-04-23 21:02:20 #nsfw @Synapse#0692 deleted message from 2018-04-23 20:55:28 (http://media.oboobs.ru/boobs_preview/05868.png)
2018-04-23 21:02:20 #nsfw @Synapse#0692 deleted message from 2018-04-23 20:55:48 (http://media.oboobs.ru/boobs_preview/04552.jpg)
2018-04-23 21:02:20 #nsfw @Synapse#0692 deleted message from 2018-04-23 20:56:08 (http://media.oboobs.ru/boobs_preview/10930.jpg)
2018-04-23 21:02:20 #nsfw @Synapse#0692 deleted message from 2018-04-23 20:56:28 (http://media.oboobs.ru/boobs_preview/08719.jpg)
2018-04-23 21:02:20 #nsfw @Synapse#0692 deleted message from 2018-04-23 20:56:48 (http://media.oboobs.ru/boobs_preview/02281.jpg)
2018-04-23 21:02:20 #nsfw @Synapse#0692 deleted message from 2018-04-23 20:57:08 (http://media.oboobs.ru/boobs_preview/02083.jpg)
2018-04-23 21:02:20 #nsfw @Synapse#0692 deleted message from 2018-04-23 20:57:28 (http://media.oboobs.ru/boobs_preview/10862.jpg)
2018-04-23 21:02:20 #nsfw @Synapse#0692 deleted message from 2018-04-23 20:57:48 (http://media.oboobs.ru/boobs_preview/11514.jpg)
2018-04-23 21:02:20 #nsfw @Synapse#0692 deleted message from 2018-04-23 20:58:08 (http://media.oboobs.ru/boobs_preview/04865.jpg)
2018-04-23 21:02:20 #nsfw @Synapse#0692 deleted message from 2018-04-23 20:58:28 (http://media.oboobs.ru/boobs_preview/03630.jpg)
2018-04-23 21:02:20 #nsfw @Synapse#0692 deleted message from 2018-04-23 20:58:48 (http://media.oboobs.ru/boobs_preview/09566.jpg)
2018-04-23 21:02:20 #nsfw @Synapse#0692 deleted message from 2018-04-23 20:59:08 (http://media.oboobs.ru/boobs_preview/04759.jpg)
2018-04-23 21:02:20 #nsfw @Synapse#0692 deleted message from 2018-04-23 20:59:28 (http://media.oboobs.ru/boobs_preview/05894.jpg)
2018-04-23 21:02:20 #nsfw @Synapse#0692 deleted message from 2018-04-23 20:59:48 (http://media.oboobs.ru/boobs_preview/11131.jpg)
2018-04-23 21:02:20 #nsfw @Synapse#0692 deleted message from 2018-04-23 21:00:08 (http://media.oboobs.ru/boobs_preview/08005.jpg)
2018-04-23 21:02:20 #nsfw @Synapse#0692 deleted message from 2018-04-23 21:00:28 (http://media.oboobs.ru/boobs_preview/09329.jpg)
2018-04-23 21:02:20 #nsfw @Synapse#0692 deleted message from 2018-04-23 21:00:48 (http://media.oboobs.ru/boobs_preview/12523.jpg)
2018-04-23 21:02:20 #nsfw @Synapse#0692 deleted message from 2018-04-23 21:01:08 (http://media.oboobs.ru/boobs_preview/10677.jpg)
2018-04-23 21:02:20 #nsfw @Synapse#0692 deleted message from 2018-04-23 21:01:28 (http://media.oboobs.ru/boobs_preview/12159.jpg)
2018-04-23 21:02:20 #nsfw @Synapse#0692 deleted message from 2018-04-23 21:01:48 (http://media.oboobs.ru/boobs_preview/06734.jpg)
2018-04-23 21:02:20 #nsfw @Lara Croft#4615 deleted message from 2018-04-23 21:02:00 (.autoboobs)
2018-04-23 21:02:20 #nsfw @Synapse#0692 deleted message from 2018-04-23 21:02:00 ()
2018-04-23 21:02:20 #nsfw @Lara Croft#4615 deleted message from 2018-04-23 21:02:08 (e!clear 6790)
2018-04-23 21:02:20 #nsfw @Endless#1720 deleted message from 2018-04-23 21:02:08 (<:error:420529091280633856> The number of messages must be between `2` and `1000`)
2018-04-25 13:37:31 #nsfw @『Nekkets 💀』#8132: ^^boobs
2018-04-25 13:37:31 #nsfw @Koya#1050:  (attachment url(s): https://cdn.discordapp.com/attachments/421775737679380491/438695054517862400/17370.jpg)
