2018-04-27 10:31:38 #spam @Lara Croft#4615: 📌 📌
2018-04-27 10:31:38 #spam @Lara Croft#4615: 📌 📌
2018-04-27 10:31:38 #spam @Lara Croft#4615: 📌
2018-04-27 10:31:39 #spam @Lara Croft#4615: 📌 📌 📌
2018-04-27 10:31:39 #spam @Lara Croft#4615: 📌
2018-04-27 10:31:40 #spam @Lara Croft#4615: 📌 📌
2018-04-27 10:31:40 #spam @Lara Croft#4615: 📌 📌
2018-04-27 10:31:40 #spam @Lara Croft#4615: 📌 📌
2018-04-27 10:31:41 #spam @Lara Croft#4615: 📌 📌
2018-04-27 10:31:41 #spam @Lara Croft#4615: 📌 📌
2018-04-27 10:31:43 #spam @Lara Croft#4615: 📌 📌
2018-04-27 10:31:45 #spam @Lara Croft#4615: 📌
2018-04-27 10:31:45 #spam @Lara Croft#4615: 📌 📌
2018-04-27 10:31:46 #spam @Lara Croft#4615: 📌
2018-04-27 10:31:46 #spam @Lara Croft#4615: 📌
2018-04-27 10:31:47 #spam @Lara Croft#4615: 📌
2018-04-27 10:31:48 #spam @Lara Croft#4615: 📌
2018-04-27 10:31:52 #spam @Lara Croft#4615: 📌 📌
2018-04-27 10:31:55 #spam @Lara Croft#4615: 📌
2018-04-27 10:31:55 #spam @Lara Croft#4615: 📌
2018-04-27 10:37:37 #spam @Ezey_y#6174: <:vomjk:212682958161575936>
2018-04-27 10:37:37 #spam @Ezey_y#6174: 😂
2018-04-27 10:37:37 #spam @Ezey_y#6174: <:GWnanamiTPSip:408280625984962570> <:GWnanamiTPSip:408280625984962570>
2018-04-27 10:37:38 #spam @Ezey_y#6174: <:GWnanamiTPSip:408280625984962570> <:GWnanamiTPSip:408280625984962570>
2018-04-27 10:37:38 #spam @Ezey_y#6174: <:GWnanamiTPSip:408280625984962570> 😄
2018-04-27 10:37:39 #spam @Ezey_y#6174: <:GWnekomakiNotLikeBOYE:402866513591140355> <:GWnanamiTPSip:408280625984962570>
2018-04-27 10:37:39 #spam @Ezey_y#6174: <:GWnanamiTPSip:408280625984962570> <:hwow:288137643068358656>
2018-04-27 10:37:40 #spam @Ezey_y#6174: <:GWnanamiTPSip:408280625984962570> <:hwow:288137643068358656> <:cscared:405206557211623425> <:cscared:405206557211623425>
2018-04-27 10:37:41 #spam @Ezey_y#6174: <:cscared:405206557211623425>
2018-04-27 10:37:41 #spam @Ezey_y#6174: <:cscared:405206557211623425> <:cscared:405206557211623425>
2018-04-27 10:37:53 #spam @Ezey_y#6174: <:cscared:405206557211623425>
2018-04-27 10:37:56 #spam @Ezey_y#6174: <:cscared:405206557211623425> <:cscared:405206557211623425>
2018-04-27 10:37:58 #spam @Ezey_y#6174: <:GWmythicalGrandCat:371317556734197761>
2018-04-27 10:38:09 #spam @Ezey_y#6174: <:cscared:405206557211623425> <:flexr:280405581355810817>
2018-04-27 10:38:13 #spam @Ezey_y#6174: <:flexr:280405581355810817> <:GWqlabsThinkBan:398950634533027841>
2018-04-27 10:38:33 #spam @Lara Croft#4615: /warn @⚜| Lara Croft test
2018-04-27 10:38:35 #spam @Lara Croft#4615 deleted message from 2018-04-27 10:38:33 (/warn @⚜| Lara Croft test)
2018-04-27 10:38:33 #spam @Dyno#3861: <:dynoSuccess:314691591484866560> ***Lara Croft#4615 has been warned***
2018-04-27 10:38:46 #spam @Lara Croft#4615: /clearwarn @⚜| Lara Croft
2018-04-27 10:38:46 #spam @Dyno#3861: <:dynoSuccess:314691591484866560> Cleared 1 warnings for Lara Croft#4615.
2018-04-27 10:42:57 #spam @Ezey_y#6174: 🔞🔞🔞🔞🔞🔞🔞🔞🔞🔞🔞🔞🔞🔞🔞🔞🔞🔞🔞🔞🔞🔞🔞🔞🔞🔞🔞🔞🔞🔞🔞🔞🔞🔞🔞🔞🔞🔞🔞🔞🔞🔞🔞🔞🔞🔞🔞🔞🔞🔞🔞🔞🔞🔞🔞🔞🔞🔞🔞🔞🔞🔞🔞🔞🔞🔞🔞🔞🔞🔞🔞🔞🔞🔞🔞🔞🔞🔞🔞🔞🔞🔞🔞🔞🔞🔞🔞🔞🔞🔞🔞🔞🔞🔞🔞🔞🔞🔞🔞🔞🔞🔞🔞🔞🔞🔞🔞🔞🔞🔞🔞🔞🔞🔞🔞🔞🔞🔞🔞🔞🔞🔞🔞🔞🔞🔞🔞🔞🔞🔞🔞🔞🔞🔞🔞🔞🔞🔞🔞🔞🔞🔞🔞🔞🔞🔞🔞🔞🔞🔞🔞🔞🔞🔞🔞🔞🔞🔞🔞🔞🔞🔞🔞🔞🔞🔞🔞🔞🔞🔞🔞🔞🔞🔞🔞🔞🔞🔞🔞🔞🔞🔞🔞🔞🔞🔞🔞🔞🔞🔞🔞🔞🔞🔞🔞🔞🔞🔞🔞🔞🔞🔞🔞🔞🔞🔞🔞🔞🔞🔞🔞🔞🔞🔞🔞🔞🔞🔞🔞🔞🔞🔞🔞🔞🔞🔞🔞🔞🔞🔞🔞🔞🔞🔞🔞🔞🔞🔞🔞🔞🔞🔞🔞🔞🔞🔞🔞🔞🔞🔞🔞🔞🔞🔞🔞🔞🔞🔞🔞🔞🔞🔞🔞🔞🔞🔞🔞🔞🔞🔞🔞🔞🔞🔞🔞🔞🔞🔞🔞🔞🔞🔞🔞🔞🔞🔞🔞🔞🔞🔞🔞🔞🔞🔞🔞🔞🔞🔞🔞🔞🔞🔞🔞🔞🔞🔞🔞🔞🔞🔞🔞🔞🔞🔞🔞🔞🔞🔞🔞🔞🔞🔞🔞🔞🔞
2018-04-27 10:43:06 #spam @Ezey_y#6174: 🔞🔞🔞🔞🔞🔞🔞🔞🔞🔞🔞🔞🔞🔞🔞🔞🔞🔞🔞🔞🔞🔞🔞🔞🔞🔞🔞🔞🔞🔞🔞🔞🔞🔞🔞🔞🔞🔞🔞🔞🔞🔞🔞🔞🔞🔞🔞🔞🔞🔞🔞🔞🔞🔞🔞🔞🔞🔞🔞🔞🔞🔞🔞🔞🔞🔞🔞🔞🔞🔞🔞🔞🔞🔞🔞🔞🔞🔞🔞🔞🔞🔞🔞🔞🔞🔞🔞🔞🔞🔞🔞🔞🔞🔞🔞🔞🔞🔞🔞🔞🔞🔞🔞🔞🔞🔞🔞🔞🔞🔞🔞🔞🔞🔞🔞🔞🔞🔞🔞🔞🔞🔞🔞🔞🔞🔞🔞🔞🔞🔞🔞🔞🔞🔞🔞🔞🔞🔞🔞🔞🔞🔞🔞🔞🔞🔞🔞🔞🔞🔞🔞🔞🔞🔞🔞🔞🔞🔞🔞🔞🔞🔞🔞🔞🔞🔞🔞🔞🔞🔞🔞🔞🔞🔞🔞🔞🔞🔞🔞🔞🔞🔞🔞🔞🔞🔞🔞🔞🔞🔞🔞🔞🔞🔞🔞🔞🔞🔞🔞🔞🔞🔞🔞🔞🔞🔞🔞🔞🔞🔞🔞🔞🔞🔞🔞🔞🔞🔞🔞🔞🔞🔞🔞🔞🔞🔞🔞🔞🔞🔞🔞🔞🔞🔞🔞🔞🔞🔞🔞🔞🔞🔞🔞🔞🔞🔞🔞🔞🔞🔞🔞🔞🔞🔞🔞🔞🔞🔞🔞🔞🔞🔞🔞🔞🔞🔞🔞🔞🔞🔞🔞🔞🔞🔞🔞🔞🔞🔞🔞🔞🔞🔞🔞🔞🔞🔞🔞🔞🔞🔞🔞🔞🔞🔞🔞🔞🔞🔞🔞🔞🔞🔞🔞🔞🔞🔞🔞🔞🔞🔞🔞🔞🔞🔞🔞🔞🔞🔞🔞🔞🔞🔞🔞🔞🔞🔞🔞🔞🔞🔞🔞🔞🔞🔞🔞🔞🔞🔞🔞🔞🔞🔞🔞🔞🔞🔞🔞🔞🔞🔞🔞🔞🔞🔞🔞🔞🔞🔞🔞🔞🔞🔞🔞🔞🔞🔞🔞🔞🔞🔞🔞🔞🔞🔞🔞🔞🔞🔞🔞🔞🔞🔞🔞🔞🔞🔞🔞🔞🔞🔞🔞🔞🔞🔞🔞🔞🔞🔞🔞🔞🔞🔞🔞🔞🔞🔞🔞🔞🔞🔞🔞🔞🔞🔞🔞🔞🔞🔞🔞🔞🔞🔞🔞🔞🔞🔞🔞🔞🔞🔞🔞🔞🔞🔞🔞🔞🔞🔞🔞🔞🔞🔞🔞🔞🔞🔞🔞🔞🔞🔞🔞🔞🔞🔞🔞
2018-04-27 10:43:16 #spam @Ezey_y#6174: 🔞🔞🔞🔞🔞🔞🔞🔞🔞🔞🔞🔞🔞🔞🔞🔞🔞🔞🔞🔞🔞🔞🔞🔞🔞🔞🔞🔞🔞🔞🔞🔞🔞🔞🔞🔞🔞🔞🔞🔞🔞🔞🔞🔞🔞🔞🔞🔞🔞🔞🔞🔞🔞🔞🔞🔞🔞🔞🔞🔞🔞🔞🔞🔞🔞🔞🔞🔞🔞🔞🔞🔞🔞🔞🔞🔞🔞🔞🔞🔞🔞🔞🔞🔞🔞🔞🔞🔞🔞🔞🔞🔞🔞🔞🔞🔞🔞🔞🔞🔞🔞🔞🔞🔞🔞🔞🔞🔞🔞🔞🔞🔞🔞🔞🔞🔞🔞🔞🔞🔞🔞🔞🔞🔞🔞🔞🔞🔞🔞🔞🔞🔞🔞🔞🔞🔞🔞🔞🔞🔞🔞🔞🔞🔞🔞🔞🔞🔞🔞🔞🔞🔞🔞🔞🔞🔞🔞🔞🔞🔞🔞🔞🔞🔞🔞🔞🔞🔞🔞🔞🔞🔞🔞🔞🔞🔞🔞🔞🔞🔞🔞🔞🔞🔞🔞🔞🔞🔞🔞🔞🔞🔞🔞🔞🔞
2018-04-27 10:43:30 #spam @Ezey_y#6174: 🔞🔞🔞🔞🔞🔞🔞🔞🔞🔞🔞🔞🔞🔞🔞🔞🔞🔞🔞🔞🔞🔞🔞🔞🔞🔞🔞🔞🔞🔞🔞🔞🔞🔞🔞🔞🔞🔞🔞🔞🔞🔞🔞🔞🔞🔞🔞🔞🔞🔞🔞🔞🔞🔞🔞🔞🔞🔞🔞🔞🔞🔞🔞🔞🔞🔞🔞🔞🔞🔞🔞🔞🔞🔞🔞🔞🔞🔞🔞🔞🔞🔞🔞🔞🔞🔞🔞🔞🔞🔞🔞🔞🔞🔞🔞🔞🔞🔞🔞🔞🔞🔞🔞🔞🔞🔞🔞🔞🔞🔞🔞🔞🔞🔞🔞🔞🔞🔞🔞🔞🔞🔞🔞🔞🔞🔞🔞🔞🔞🔞🔞🔞🔞🔞🔞🔞🔞🔞🔞🔞🔞🔞🔞🔞🔞🔞🔞🔞🔞🔞🔞🔞🔞🔞🔞🔞🔞🔞🔞🔞🔞🔞🔞🔞🔞🔞🔞🔞🔞🔞🔞🔞🔞🔞🔞🔞🔞🔞🔞🔞🔞🔞🔞🔞🔞🔞🔞🔞🔞🔞🔞🔞🔞🔞🔞🔞🔞🔞🔞🔞🔞🔞🔞🔞🔞🔞🔞🔞🔞🔞🔞🔞🔞🔞🔞🔞🔞🔞🔞🔞🔞🔞🔞🔞🔞🔞🔞🔞🔞🔞🔞🔞🔞🔞🔞🔞🔞🔞🔞🔞🔞🔞🔞🔞🔞🔞🔞🔞🔞🔞🔞🔞🔞🔞🔞🔞🔞🔞🔞🔞🔞🔞🔞🔞🔞🔞🔞🔞🔞🔞🔞🔞🔞🔞🔞🔞🔞🔞🔞🔞🔞🔞🔞🔞🔞🔞🔞🔞🔞🔞🔞🔞🔞🔞🔞🔞🔞🔞🔞🔞🔞🔞🔞🔞🔞🔞🔞🔞🔞🔞🔞🔞🔞🔞🔞🔞🔞🔞🔞🔞🔞🔞🔞🔞🔞🔞🔞🔞🔞🔞🔞🔞🔞🔞🔞🔞🔞🔞🔞🔞🔞🔞🔞🔞🔞🔞🔞🔞🔞🔞🔞🔞🔞🔞🔞🔞🔞🔞🔞🔞🔞🔞🔞🔞🔞🔞🔞🔞🔞🔞🔞🔞🔞🔞🔞🔞🔞🔞🔞🔞🔞🔞🔞🔞🔞🔞🔞🔞🔞🔞🔞🔞🔞🔞🔞🔞🔞🔞🔞🔞🔞🔞🔞🔞🔞🔞🔞🔞🔞🔞🔞🔞🔞🔞🔞🔞🔞🔞🔞🔞🔞🔞🔞🔞🔞🔞🔞🔞🔞🔞🔞🔞🔞🔞🔞🔞🔞🔞🔞🔞🔞🔞🔞🔞🔞🔞🔞🔞🔞🔞🔞🔞🔞🔞🔞
2018-04-27 10:44:03 #spam @Ezey_y#6174: Je lag ptdr
2018-04-27 11:04:24 #spam @Lara Croft#4615: 😱 😱
2018-04-27 11:04:24 #spam @Lara Croft#4615: 😱 😱
2018-04-27 11:04:25 #spam @Lara Croft#4615: 😱
2018-04-27 11:04:25 #spam @Lara Croft#4615: 😱 😱
2018-04-27 11:04:25 #spam @Lara Croft#4615: 😱
2018-04-27 11:04:26 #spam @Lara Croft#4615: 😱 😱
2018-04-27 11:04:26 #spam @Lara Croft#4615: 😱 😱
2018-04-27 11:04:27 #spam @Lara Croft#4615: 😱 😱
2018-04-27 11:04:27 #spam @Lara Croft#4615: 😱 😱
2018-04-27 11:04:28 #spam @Lara Croft#4615: 😱 😱 😱 😱 😱
2018-04-27 11:04:36 #spam @Lara Croft#4615: 😱 😱 😱 😱
2018-04-27 11:04:39 #spam @Lara Croft#4615: 😱 😱 😱 😱
2018-04-27 11:04:41 #spam @Lara Croft#4615: 😱 😱 😱
2018-04-27 11:05:05 #spam @Ezεч_ч#6174 deleted message from 2018-04-27 10:42:57 (🔞🔞🔞🔞🔞🔞🔞🔞🔞🔞🔞🔞🔞🔞🔞🔞🔞🔞🔞🔞🔞🔞🔞🔞🔞🔞🔞🔞🔞🔞🔞🔞🔞🔞🔞🔞🔞🔞🔞🔞🔞🔞🔞🔞🔞🔞🔞🔞🔞🔞🔞🔞🔞🔞🔞🔞🔞🔞🔞🔞🔞🔞🔞🔞🔞🔞🔞🔞🔞🔞🔞🔞🔞🔞🔞🔞🔞🔞🔞🔞🔞🔞🔞🔞🔞🔞🔞🔞🔞🔞🔞🔞🔞🔞🔞🔞🔞🔞🔞🔞🔞🔞🔞🔞🔞🔞🔞🔞🔞🔞🔞🔞🔞🔞🔞🔞🔞🔞🔞🔞🔞🔞🔞🔞🔞🔞🔞🔞🔞🔞🔞🔞🔞🔞🔞🔞🔞🔞🔞🔞🔞🔞🔞🔞🔞🔞🔞🔞🔞🔞🔞🔞🔞🔞🔞🔞🔞🔞🔞🔞🔞🔞🔞🔞🔞🔞🔞🔞🔞🔞🔞🔞🔞🔞🔞🔞🔞🔞🔞🔞🔞🔞🔞🔞🔞🔞🔞🔞🔞🔞🔞🔞🔞🔞🔞🔞🔞🔞🔞🔞🔞🔞🔞🔞🔞🔞🔞🔞🔞🔞🔞🔞🔞🔞🔞🔞🔞🔞🔞🔞🔞🔞🔞🔞🔞🔞🔞🔞🔞🔞🔞🔞🔞🔞🔞🔞🔞🔞🔞🔞🔞🔞🔞🔞🔞🔞🔞🔞🔞🔞🔞🔞🔞🔞🔞🔞🔞🔞🔞🔞🔞🔞🔞🔞🔞🔞🔞🔞🔞🔞🔞🔞🔞🔞🔞🔞🔞🔞🔞🔞🔞🔞🔞🔞🔞🔞🔞🔞🔞🔞🔞🔞🔞🔞🔞🔞🔞🔞🔞🔞🔞🔞🔞🔞🔞🔞🔞🔞🔞🔞🔞🔞🔞🔞🔞🔞🔞🔞🔞🔞🔞🔞🔞🔞🔞)
2018-04-27 11:05:17 #spam @Ezεч_ч#6174 deleted message from 2018-04-27 10:43:30 (🔞🔞🔞🔞🔞🔞🔞🔞🔞🔞🔞🔞🔞🔞🔞🔞🔞🔞🔞🔞🔞🔞🔞🔞🔞🔞🔞🔞🔞🔞🔞🔞🔞🔞🔞🔞🔞🔞🔞🔞🔞🔞🔞🔞🔞🔞🔞🔞🔞🔞🔞🔞🔞🔞🔞🔞🔞🔞🔞🔞🔞🔞🔞🔞🔞🔞🔞🔞🔞🔞🔞🔞🔞🔞🔞🔞🔞🔞🔞🔞🔞🔞🔞🔞🔞🔞🔞🔞🔞🔞🔞🔞🔞🔞🔞🔞🔞🔞🔞🔞🔞🔞🔞🔞🔞🔞🔞🔞🔞🔞🔞🔞🔞🔞🔞🔞🔞🔞🔞🔞🔞🔞🔞🔞🔞🔞🔞🔞🔞🔞🔞🔞🔞🔞🔞🔞🔞🔞🔞🔞🔞🔞🔞🔞🔞🔞🔞🔞🔞🔞🔞🔞🔞🔞🔞🔞🔞🔞🔞🔞🔞🔞🔞🔞🔞🔞🔞🔞🔞🔞🔞🔞🔞🔞🔞🔞🔞🔞🔞🔞🔞🔞🔞🔞🔞🔞🔞🔞🔞🔞🔞🔞🔞🔞🔞🔞🔞🔞🔞🔞🔞🔞🔞🔞🔞🔞🔞🔞🔞🔞🔞🔞🔞🔞🔞🔞🔞🔞🔞🔞🔞🔞🔞🔞🔞🔞🔞🔞🔞🔞🔞🔞🔞🔞🔞🔞🔞🔞🔞🔞🔞🔞🔞🔞🔞🔞🔞🔞🔞🔞🔞🔞🔞🔞🔞🔞🔞🔞🔞🔞🔞🔞🔞🔞🔞🔞🔞🔞🔞🔞🔞🔞🔞🔞🔞🔞🔞🔞🔞🔞🔞🔞🔞🔞🔞🔞🔞🔞🔞🔞🔞🔞🔞🔞🔞🔞🔞🔞🔞🔞🔞🔞🔞🔞🔞🔞🔞🔞🔞🔞🔞🔞🔞🔞🔞🔞🔞🔞🔞🔞🔞🔞🔞🔞🔞🔞🔞🔞🔞🔞🔞🔞🔞🔞🔞🔞🔞🔞🔞🔞🔞🔞🔞🔞🔞🔞🔞🔞🔞🔞🔞🔞🔞🔞🔞🔞🔞🔞🔞🔞🔞🔞🔞🔞🔞🔞🔞🔞🔞🔞🔞🔞🔞🔞🔞🔞🔞🔞🔞🔞🔞🔞🔞🔞🔞🔞🔞🔞🔞🔞🔞🔞🔞🔞🔞🔞🔞🔞🔞🔞🔞🔞🔞🔞🔞🔞🔞🔞🔞🔞🔞🔞🔞🔞🔞🔞🔞🔞🔞🔞🔞🔞🔞🔞🔞🔞🔞🔞🔞🔞🔞🔞🔞🔞🔞🔞🔞🔞🔞🔞🔞🔞🔞🔞🔞🔞🔞🔞🔞🔞🔞🔞🔞🔞🔞)
2018-04-27 11:05:18 #spam @Ezεч_ч#6174 deleted message from 2018-04-27 10:43:16 (🔞🔞🔞🔞🔞🔞🔞🔞🔞🔞🔞🔞🔞🔞🔞🔞🔞🔞🔞🔞🔞🔞🔞🔞🔞🔞🔞🔞🔞🔞🔞🔞🔞🔞🔞🔞🔞🔞🔞🔞🔞🔞🔞🔞🔞🔞🔞🔞🔞🔞🔞🔞🔞🔞🔞🔞🔞🔞🔞🔞🔞🔞🔞🔞🔞🔞🔞🔞🔞🔞🔞🔞🔞🔞🔞🔞🔞🔞🔞🔞🔞🔞🔞🔞🔞🔞🔞🔞🔞🔞🔞🔞🔞🔞🔞🔞🔞🔞🔞🔞🔞🔞🔞🔞🔞🔞🔞🔞🔞🔞🔞🔞🔞🔞🔞🔞🔞🔞🔞🔞🔞🔞🔞🔞🔞🔞🔞🔞🔞🔞🔞🔞🔞🔞🔞🔞🔞🔞🔞🔞🔞🔞🔞🔞🔞🔞🔞🔞🔞🔞🔞🔞🔞🔞🔞🔞🔞🔞🔞🔞🔞🔞🔞🔞🔞🔞🔞🔞🔞🔞🔞🔞🔞🔞🔞🔞🔞🔞🔞🔞🔞🔞🔞🔞🔞🔞🔞🔞🔞🔞🔞🔞🔞🔞🔞)
2018-04-27 11:05:20 #spam @Ezεч_ч#6174 deleted message from 2018-04-27 10:43:06 (🔞🔞🔞🔞🔞🔞🔞🔞🔞🔞🔞🔞🔞🔞🔞🔞🔞🔞🔞🔞🔞🔞🔞🔞🔞🔞🔞🔞🔞🔞🔞🔞🔞🔞🔞🔞🔞🔞🔞🔞🔞🔞🔞🔞🔞🔞🔞🔞🔞🔞🔞🔞🔞🔞🔞🔞🔞🔞🔞🔞🔞🔞🔞🔞🔞🔞🔞🔞🔞🔞🔞🔞🔞🔞🔞🔞🔞🔞🔞🔞🔞🔞🔞🔞🔞🔞🔞🔞🔞🔞🔞🔞🔞🔞🔞🔞🔞🔞🔞🔞🔞🔞🔞🔞🔞🔞🔞🔞🔞🔞🔞🔞🔞🔞🔞🔞🔞🔞🔞🔞🔞🔞🔞🔞🔞🔞🔞🔞🔞🔞🔞🔞🔞🔞🔞🔞🔞🔞🔞🔞🔞🔞🔞🔞🔞🔞🔞🔞🔞🔞🔞🔞🔞🔞🔞🔞🔞🔞🔞🔞🔞🔞🔞🔞🔞🔞🔞🔞🔞🔞🔞🔞🔞🔞🔞🔞🔞🔞🔞🔞🔞🔞🔞🔞🔞🔞🔞🔞🔞🔞🔞🔞🔞🔞🔞🔞🔞🔞🔞🔞🔞🔞🔞🔞🔞🔞🔞🔞🔞🔞🔞🔞🔞🔞🔞🔞🔞🔞🔞🔞🔞🔞🔞🔞🔞🔞🔞🔞🔞🔞🔞🔞🔞🔞🔞🔞🔞🔞🔞🔞🔞🔞🔞🔞🔞🔞🔞🔞🔞🔞🔞🔞🔞🔞🔞🔞🔞🔞🔞🔞🔞🔞🔞🔞🔞🔞🔞🔞🔞🔞🔞🔞🔞🔞🔞🔞🔞🔞🔞🔞🔞🔞🔞🔞🔞🔞🔞🔞🔞🔞🔞🔞🔞🔞🔞🔞🔞🔞🔞🔞🔞🔞🔞🔞🔞🔞🔞🔞🔞🔞🔞🔞🔞🔞🔞🔞🔞🔞🔞🔞🔞🔞🔞🔞🔞🔞🔞🔞🔞🔞🔞🔞🔞🔞🔞🔞🔞🔞🔞🔞🔞🔞🔞🔞🔞🔞🔞🔞🔞🔞🔞🔞🔞🔞🔞🔞🔞🔞🔞🔞🔞🔞🔞🔞🔞🔞🔞🔞🔞🔞🔞🔞🔞🔞🔞🔞🔞🔞🔞🔞🔞🔞🔞🔞🔞🔞🔞🔞🔞🔞🔞🔞🔞🔞🔞🔞🔞🔞🔞🔞🔞🔞🔞🔞🔞🔞🔞🔞🔞🔞🔞🔞🔞🔞🔞🔞🔞🔞🔞🔞🔞🔞🔞🔞🔞🔞🔞🔞🔞🔞🔞🔞🔞🔞🔞🔞🔞🔞🔞🔞🔞🔞🔞🔞🔞🔞🔞🔞🔞🔞🔞🔞🔞🔞🔞)
