2018-04-21 18:12:17 this bot joined the server
2018-04-21 18:12:17 Role created: 'Synapse' (id 437314648308711454)
2018-04-21 18:12:17 Member role add: 'Synapse' role was added to @Synapse#0692
2018-04-21 18:14:06 Member role add: 'GP-bot' role was added to @Synapse#0692
2018-04-21 18:40:54 Member join: @Automator#2731 (id 430007770830340096)
2018-04-21 18:40:54 Role created: 'Automator' (id 437321851262468101)
2018-04-21 18:40:54 Member role add: 'Automator' role was added to @Automator#2731
2018-04-21 18:40:54 Member role add: 'Automator' role was added to @Automator#2731
2018-04-21 18:41:31 Member role add: 'GP-bot' role was added to @Automator#2731
2018-04-21 18:44:30 Role deleted: 'Automator' (id 437321851262468101)
2018-04-21 18:44:30 Member leave: @Automator#2731 (id 430007770830340096)
2018-04-21 18:49:39 Channel created: welcome
2018-04-21 18:50:36 Channel overwrites: welcome (437324052089274368): role @everyone (437204540903784448) added with values 1088, 805828625
2018-04-21 18:52:35 Role hoist: 'Speedz-Bot' is no longer shown seperately
2018-04-21 18:52:37 Role hoist: 'GP-bot' is no longer shown seperately
2018-04-21 18:53:15 Role renamed: 'GP-bot' to 'Helpers'
2018-04-21 18:53:15 Role hoist: 'Helpers' is now shown seperately
2018-04-21 18:53:30 Role hoist: 'Speedz-Bot' is now shown seperately
2018-04-21 18:53:37 Role position: 'Speedz-Bot' changed from 3 to 2
2018-04-21 18:53:37 Role position: 'GPlay' changed from 4 to 3
2018-04-21 18:53:37 Role position: 'Helpers' changed from 5 to 4
2018-04-21 18:53:37 Role position: 'Owner' changed from 2 to 5
2018-04-21 18:59:22 Member username: '@speedy#3869' (id 242203848003813377) changed username from 'speedy' to 'Speedz'
2018-04-21 19:08:45 Server icon changed from https://cdn.discordapp.com/icons/437204540903784448/efab53a80fd550e770448fc65046ee94.jpg to https://cdn.discordapp.com/icons/437204540903784448/3dbfa64a9a7fbb3bb2a844bbc2a76e86.jpg
2018-04-21 19:10:34 Channel created: AFK Channel
2018-04-21 19:11:14 Channel created: AFK Channel
2018-04-21 19:15:57 Channel created: Staff
2018-04-21 19:16:09 Role created: 'new role' (id 437330721368178688)
2018-04-21 19:17:28 Role renamed: 'new role' to 'Mods'
2018-04-21 19:17:28 Role color: 'new role' changed from #000000 to #9b59b6
2018-04-21 19:17:28 Role mentionable: 'Mods' is now mentionable
2018-04-21 19:17:28 Role hoist: 'Mods' is now shown seperately
2018-04-21 19:17:28 Role permissions: 'new role' changed from 104324161 to 1878522951
2018-04-21 19:17:31 Role created: 'new role' (id 437331065091129345)
2018-04-21 19:18:18 Role renamed: 'new role' to 'Co-Owner'
2018-04-21 19:18:18 Role color: 'new role' changed from #000000 to #ad1457
2018-04-21 19:18:18 Role mentionable: 'Co-Owner' is now mentionable
2018-04-21 19:18:18 Role hoist: 'Co-Owner' is now shown seperately
2018-04-21 19:18:18 Role permissions: 'new role' changed from 104324161 to 2146958559
2018-04-21 19:19:05 Role color: 'Helpers' changed from #000000 to #11806a
2018-04-21 19:19:05 Role color: 'Owner' changed from #000000 to #992d22
2018-04-21 19:22:10 Channel created: general
2018-04-21 19:22:26 Channel overwrites: Staff (437330671120285697): role Mods (437330721368178688) added with values 0, 0
2018-04-21 19:22:28 Channel overwrites: Staff (437330671120285697): role Co-Owner (437331065091129345) added with values 0, 0
2018-04-21 19:24:01 Channel created: naughty-list
2018-04-21 19:24:40 Channel created: Staff Meting / Staff Talk
2018-04-21 19:25:49 Channel created: art
2018-04-21 19:26:15 Channel created: memes
2018-04-21 19:27:21 Channel created: Disscution
2018-04-21 19:27:29 Channel position: welcome moved from 1 to 0
2018-04-21 19:27:30 Channel position: art moved from 4 to 1
2018-04-21 19:27:30 Channel position: memes moved from 5 to 2
2018-04-21 19:27:30 Channel position: general moved from 2 to 3
2018-04-21 19:27:30 Channel position: naughty-list moved from 3 to 4
2018-04-21 19:27:30 Channel position: general moved from 0 to 5
2018-04-21 19:27:33 Channel position: Disscution moved from 3 to 0
2018-04-21 19:27:33 Channel position: Text Channels moved from 0 to 1
2018-04-21 19:27:33 Channel position: Voice Channels moved from 0 to 2
2018-04-21 19:27:33 Channel position: AFK Channel moved from 1 to 3
2018-04-21 19:27:33 Channel position: Staff moved from 2 to 4
2018-04-21 19:27:33 Channel position: general moved from 5 to 1
2018-04-21 19:27:33 Channel position: art moved from 1 to 2
2018-04-21 19:27:33 Channel position: memes moved from 2 to 3
2018-04-21 19:27:33 Channel position: general moved from 3 to 4
2018-04-21 19:27:33 Channel position: naughty-list moved from 4 to 5
2018-04-21 19:27:52 Channel created: Community Talk
2018-04-21 19:27:58 Channel position: Community Talk moved from 5 to 1
2018-04-21 19:27:58 Channel position: Text Channels moved from 1 to 2
2018-04-21 19:27:58 Channel position: Voice Channels moved from 2 to 3
2018-04-21 19:27:58 Channel position: AFK Channel moved from 3 to 4
2018-04-21 19:27:58 Channel position: Staff moved from 4 to 5
2018-04-21 19:28:07 Channel deleted: Text Channels
2018-04-21 19:29:00 Channel created: tips-and-tricks-for-the-community
2018-04-21 19:29:04 Channel position: tips-and-tricks-for-the-community moved from 6 to 4
2018-04-21 19:29:04 Channel position: general moved from 4 to 5
2018-04-21 19:29:04 Channel position: naughty-list moved from 5 to 6
2018-04-21 19:29:07 Channel position: tips-and-tricks-for-the-community moved from 4 to 2
2018-04-21 19:29:07 Channel position: art moved from 2 to 3
2018-04-21 19:29:07 Channel position: memes moved from 3 to 4
2018-04-21 19:30:29 Channel created: Just For Me
2018-04-21 19:30:47 Channel created: general
2018-04-21 19:32:22 Role color: 'Speedz-Bot' changed from #000000 to #3498db
2018-04-21 19:32:22 Role hoist: 'Speedz-Bot' is no longer shown seperately
2018-04-21 19:32:22 Role permissions: 'Speedz-Bot' changed from 2146876543 to 2146958591
2018-04-21 19:35:10 Member join: @♡ ℓιү ♡#5170 (id 306088350450974720)
2018-04-21 19:36:13 Member role add: 'Co-Owner' role was added to @♡ ℓιү ♡#5170
2018-04-21 19:39:18 Member join: @❤Qyn❤#4335 (id 330824419566026752)
2018-04-21 19:40:33 Member join: @Aiyau#8908 (id 274769347354820609)
2018-04-21 19:43:51 Member join: @Sad Person#5364 (id 410203794106744835)
2018-04-21 19:47:22 Role created: 'new role' (id 437338576988930075)
2018-04-21 19:48:23 Role renamed: 'new role' to 'Fans'
2018-04-21 19:48:23 Role color: 'new role' changed from #000000 to #1abc9c
2018-04-21 19:48:23 Role mentionable: 'Fans' is now mentionable
2018-04-21 19:48:23 Role hoist: 'Fans' is now shown seperately
2018-04-21 19:48:23 Role permissions: 'new role' changed from 104324161 to 37145665
2018-04-21 19:48:29 Member role add: 'Fans' role was added to @Aiyau#8908
2018-04-21 19:48:32 Member role add: 'Fans' role was added to @Sad Person#5364
2018-04-21 19:48:37 Member role add: 'Fans' role was added to @❤Qyn❤#4335
2018-04-21 19:49:01 Member join: @MoonPie#8321 (id 161560231187447809)
2018-04-21 19:49:39 Member role add: 'Fans' role was added to @MoonPie#8321
2018-04-21 19:50:19 Role created: 'new role' (id 437339320366530561)
2018-04-21 19:51:03 Role permissions: 'Mods' changed from 1878522951 to 2146958423
2018-04-21 19:51:12 Role renamed: 'new role' to 'Trusted Fans'
2018-04-21 19:51:12 Role color: 'new role' changed from #000000 to #a84300
2018-04-21 19:51:12 Role mentionable: 'Trusted Fans' is now mentionable
2018-04-21 19:51:12 Role hoist: 'Trusted Fans' is now shown seperately
2018-04-21 19:51:12 Role color: 'Fans' changed from #1abc9c to #c27c0e
2018-04-21 19:51:22 Member role add: 'Trusted Fans' role was added to @Sad Person#5364
2018-04-21 19:51:37 Member role add: 'Trusted Fans' role was added to @Aiyau#8908
2018-04-21 19:51:41 Member role add: 'Trusted Fans' role was added to @❤Qyn❤#4335
2018-04-21 19:51:44 Role position: 'Synapse' changed from 5 to 1
2018-04-21 19:51:44 Role position: 'Speedz-Bot' changed from 6 to 2
2018-04-21 19:51:44 Role position: 'GPlay' changed from 7 to 3
2018-04-21 19:51:44 Role position: 'Trusted Fans' changed from 1 to 4
2018-04-21 19:51:44 Role position: 'Helpers' changed from 8 to 5
2018-04-21 19:51:44 Role position: 'Fans' changed from 2 to 6
2018-04-21 19:51:44 Role position: 'Mods' changed from 4 to 7
2018-04-21 19:51:44 Role position: 'Co-Owner' changed from 3 to 8
2018-04-21 19:52:12 Member role remove: The 'Fans' role was removed from @Aiyau#8908
2018-04-21 19:52:13 Member role remove: The 'Fans' role was removed from @MoonPie#8321
2018-04-21 19:52:15 Member role remove: The 'Fans' role was removed from @Sad Person#5364
2018-04-21 19:52:19 Member role add: 'Fans' role was added to @MoonPie#8321
2018-04-21 19:52:27 Member role remove: The 'Fans' role was removed from @❤Qyn❤#4335
2018-04-21 19:52:54 Role position: 'Fans' changed from 6 to 4
2018-04-21 19:52:54 Role position: 'Trusted Fans' changed from 4 to 5
2018-04-21 19:52:54 Role position: 'Helpers' changed from 5 to 6
2018-04-21 19:52:59 Member role add: 'Mods' role was added to @MoonPie#8321
2018-04-21 19:54:57 Member join: @Brandon#6238 (id 380918801216176128)
2018-04-21 19:55:32 Channel overwrites: general (437332236874809354): role Mods (437330721368178688) updated to values 0, 0 (was 1024, 0)
2018-04-21 19:55:32 Channel overwrites: general (437332236874809354): role Owner (437206833091051530) updated to values 1049600, 0 (was 1024, 0)
2018-04-21 19:55:32 Channel overwrites: general (437332236874809354): role Co-Owner (437331065091129345) updated to values 0, 0 (was 1024, 0)
2018-04-21 19:55:32 Channel overwrites: general (437332236874809354): role @everyone (437204540903784448) updated to values 0, 1049600 (was 0, 1024)
2018-04-21 19:55:38 Member role add: 'Fans' role was added to @Brandon#6238
2018-04-21 19:55:46 Channel overwrites: naughty-list (437332700961964034): role Mods (437330721368178688) updated to values 0, 0 (was 1024, 0)
2018-04-21 19:55:46 Channel overwrites: naughty-list (437332700961964034): role Owner (437206833091051530) updated to values 1049600, 0 (was 1024, 0)
2018-04-21 19:55:46 Channel overwrites: naughty-list (437332700961964034): role Co-Owner (437331065091129345) updated to values 0, 0 (was 1024, 0)
2018-04-21 19:55:46 Channel overwrites: naughty-list (437332700961964034): role @everyone (437204540903784448) updated to values 0, 1049600 (was 0, 1024)
2018-04-21 19:55:53 Channel overwrites: Staff Meting / Staff Talk (437332865030684682): role Mods (437330721368178688) updated to values 0, 0 (was 1048576, 0)
2018-04-21 19:55:53 Channel overwrites: Staff Meting / Staff Talk (437332865030684682): role Owner (437206833091051530) updated to values 1049600, 0 (was 1048576, 0)
2018-04-21 19:55:53 Channel overwrites: Staff Meting / Staff Talk (437332865030684682): role Co-Owner (437331065091129345) updated to values 0, 0 (was 1048576, 0)
2018-04-21 19:55:53 Channel overwrites: Staff Meting / Staff Talk (437332865030684682): role @everyone (437204540903784448) updated to values 0, 1049600 (was 0, 1048576)
2018-04-21 19:56:25 Channel deleted: AFK Channel
2018-04-21 19:56:35 Member role add: 'Owner' role was added to @MoonPie#8321
2018-04-21 19:56:57 Channel overwrites: Staff (437330671120285697): role Co-Owner (437331065091129345) updated to values 1024, 0 (was 0, 0)
2018-04-21 19:56:57 Channel overwrites: general (437332236874809354): role Co-Owner (437331065091129345) updated to values 1024, 0 (was 0, 0)
2018-04-21 19:56:57 Channel overwrites: naughty-list (437332700961964034): role Co-Owner (437331065091129345) updated to values 1024, 0 (was 0, 0)
2018-04-21 19:56:57 Channel overwrites: Staff Meting / Staff Talk (437332865030684682): role Co-Owner (437331065091129345) updated to values 1024, 0 (was 0, 0)
2018-04-21 19:56:57 Channel overwrites: Staff (437330671120285697): role Mods (437330721368178688) updated to values 1024, 0 (was 0, 0)
2018-04-21 19:56:57 Channel overwrites: general (437332236874809354): role Mods (437330721368178688) updated to values 1024, 0 (was 0, 0)
2018-04-21 19:56:57 Channel overwrites: naughty-list (437332700961964034): role Mods (437330721368178688) updated to values 1024, 0 (was 0, 0)
2018-04-21 19:56:57 Channel overwrites: Staff Meting / Staff Talk (437332865030684682): role Mods (437330721368178688) updated to values 1024, 0 (was 0, 0)
2018-04-21 19:57:06 Role created: 'new role' (id 437341028253433886)
2018-04-21 19:57:07 Role created: 'new role' (id 437341032040890378)
2018-04-21 19:57:12 Role deleted: 'new role' (id 437341028253433886)
2018-04-21 19:57:48 Role position: 'new role' changed from 1 to 9
2018-04-21 19:57:48 Role hoist: 'Helpers' is no longer shown seperately
2018-04-21 19:57:48 Role position: 'Helpers' changed from 7 to 6
2018-04-21 19:57:48 Role hoist: 'Mods' is no longer shown seperately
2018-04-21 19:57:48 Role position: 'Mods' changed from 8 to 7
2018-04-21 19:57:48 Role hoist: 'Co-Owner' is no longer shown seperately
2018-04-21 19:57:48 Role position: 'Co-Owner' changed from 9 to 8
2018-04-21 19:57:48 Role renamed: 'new role' to 'Staff'
2018-04-21 19:57:48 Role mentionable: 'Staff' is now mentionable
2018-04-21 19:57:48 Role hoist: 'Staff' is now shown seperately
2018-04-21 19:59:04 Channel created: AFK Channel
2018-04-21 19:59:12 Channel position: Staff Meting / Staff Talk moved from 2 to 1
2018-04-21 19:59:12 Channel position: AFK Channel moved from 1 to 2
2018-04-21 19:59:37 Role renamed: 'Co-Owner' to 'Moderator Level 5'
2018-04-21 19:59:45 Member role remove: The 'Owner' role was removed from @MoonPie#8321
2018-04-21 19:59:45 Member role remove: The 'Owner' role was removed from @Speedz#3869
2018-04-21 19:59:45 Channel overwrites: Staff (437330671120285697): role Owner (437206833091051530) removed (was 1049600, 0)
2018-04-21 19:59:45 Channel overwrites: general (437332236874809354): role Owner (437206833091051530) removed (was 1049600, 0)
2018-04-21 19:59:45 Channel overwrites: naughty-list (437332700961964034): role Owner (437206833091051530) removed (was 1049600, 0)
2018-04-21 19:59:45 Channel overwrites: Staff Meting / Staff Talk (437332865030684682): role Owner (437206833091051530) removed (was 1049600, 0)
2018-04-21 19:59:46 Role deleted: 'Owner' (id 437206833091051530)
2018-04-21 20:00:23 Member role add: 'Moderator Level 5' role was added to @MoonPie#8321
2018-04-21 20:01:16 Role hoist: 'Helpers' is now shown seperately
2018-04-21 20:02:17 Role renamed: 'Helpers' to 'Moderator Level 1'
2018-04-21 20:02:17 Role renamed: 'Mods' to 'Moderator Level 2'
2018-04-21 20:07:28 Channel position: Voice Channels moved from 3 to 2
2018-04-21 20:07:28 Channel position: Just For Me moved from 6 to 3
2018-04-21 20:07:28 Channel position: AFK Channel moved from 7 to 4
2018-04-21 20:07:28 Channel position: general moved from 7 to 5
2018-04-21 20:07:28 Channel position: general moved from 5 to 6
2018-04-21 20:07:28 Channel position: naughty-list moved from 6 to 7
2018-04-21 20:07:28 Channel position: AFK Channel moved from 2 to 1
2018-04-21 20:07:28 Channel position: Staff Meting / Staff Talk moved from 1 to 2
2018-04-21 20:09:42 Role hoist: 'Moderator Level 1' is no longer shown seperately
2018-04-21 20:09:54 Member role remove: The 'Trusted Fans' role was removed from @Aiyau#8908
2018-04-21 20:09:54 Member role remove: The 'Trusted Fans' role was removed from @❤Qyn❤#4335
2018-04-21 20:09:54 Member role remove: The 'Trusted Fans' role was removed from @Sad Person#5364
2018-04-21 20:09:54 Role deleted: 'Trusted Fans' (id 437339320366530561)
2018-04-21 20:10:03 Role created: 'new role' (id 437344284765847553)
2018-04-21 20:10:20 Role position: 'Synapse' changed from 3 to 2
2018-04-21 20:10:20 Role position: 'Speedz-Bot' changed from 4 to 3
2018-04-21 20:10:20 Role position: 'GPlay' changed from 5 to 4
2018-04-21 20:10:20 Role position: 'Fans' changed from 6 to 5
2018-04-21 20:10:20 Role renamed: 'new role' to 'Temp'
2018-04-21 20:10:20 Role permissions: 'new role' changed from 104324161 to 372759803
2018-04-21 20:10:36 Role position: 'Synapse' changed from 2 to 1
2018-04-21 20:10:36 Role position: 'Speedz-Bot' changed from 3 to 2
2018-04-21 20:10:36 Role position: 'GPlay' changed from 4 to 3
2018-04-21 20:10:36 Role position: 'Fans' changed from 5 to 4
2018-04-21 20:10:36 Role position: 'Moderator Level 1' changed from 7 to 5
2018-04-21 20:10:37 Role position: 'Moderator Level 2' changed from 7 to 6
2018-04-21 20:10:37 Role position: 'Moderator Level 5' changed from 8 to 7
2018-04-21 20:10:37 Role position: 'Staff' changed from 9 to 8
2018-04-21 20:10:37 Role position: 'Temp' changed from 1 to 9
2018-04-21 20:10:37 Role mentionable: 'Temp' is now mentionable
2018-04-21 20:10:37 Role permissions: 'Temp' changed from 372759803 to 2146958591
2018-04-21 20:10:52 Member role add: 'Temp' role was added to @MoonPie#8321
2018-04-21 20:11:31 Role renamed: 'Moderator Level 5' to 'Moderator Level 3'
2018-04-21 20:11:50 Role permissions: 'Moderator Level 3' changed from 2146958559 to 2146958591
2018-04-21 20:14:08 Member join: @Auttaja#5453 (id 242730576195354624)
2018-04-21 20:14:08 Member role add: 'Auttaja' role was added to @Auttaja#5453
2018-04-21 20:14:08 Role created: 'Auttaja' (id 437345313435418624)
2018-04-21 20:14:08 Member role add: 'Auttaja' role was added to @Auttaja#5453
2018-04-21 20:14:08 Channel created: auttaja-logging
2018-04-21 20:15:49 Channel created: music
2018-04-21 20:15:59 Channel created: Music Bot
2018-04-21 20:16:49 Channel created: music-commands
2018-04-21 20:17:34 Channel position: Music Bot moved from 6 to 2
2018-04-21 20:17:34 Channel position: Voice Channels moved from 2 to 3
2018-04-21 20:17:34 Channel position: Just For Me moved from 3 to 4
2018-04-21 20:17:34 Channel position: AFK Channel moved from 4 to 5
2018-04-21 20:17:34 Channel position: Staff moved from 5 to 6
2018-04-21 20:17:34 Channel position: music-commands moved from 9 to 5
2018-04-21 20:17:34 Channel position: general moved from 5 to 6
2018-04-21 20:17:34 Channel position: general moved from 6 to 7
2018-04-21 20:17:34 Channel position: naughty-list moved from 7 to 8
2018-04-21 20:17:34 Channel position: auttaja-logging moved from 8 to 9
2018-04-21 20:17:34 Channel position: music moved from 3 to 0
2018-04-21 20:17:34 Channel position: General moved from 0 to 1
2018-04-21 20:17:34 Channel position: AFK Channel moved from 1 to 2
2018-04-21 20:17:34 Channel position: Staff Meting / Staff Talk moved from 2 to 3
2018-04-21 20:17:40 Channel deleted: Voice Channels
2018-04-21 20:17:44 Channel deleted: Just For Me
2018-04-21 20:17:51 Channel deleted: AFK Channel
2018-04-21 20:17:54 Channel deleted: General
2018-04-21 20:17:57 Channel deleted: general
2018-04-21 20:18:07 Channel created: Welcome Mat
2018-04-21 20:18:13 Channel position: Welcome Mat moved from 7 to 0
2018-04-21 20:18:13 Channel position: Disscution moved from 0 to 1
2018-04-21 20:18:13 Channel position: Community Talk moved from 1 to 2
2018-04-21 20:18:13 Channel position: Music Bot moved from 2 to 3
2018-04-21 20:18:13 Channel position: Staff moved from 6 to 4
2018-04-21 20:18:13 Channel position: general moved from 7 to 6
2018-04-21 20:18:13 Channel position: naughty-list moved from 8 to 7
2018-04-21 20:18:13 Channel position: auttaja-logging moved from 9 to 8
2018-04-21 20:18:13 Channel position: AFK Channel moved from 2 to 0
2018-04-21 20:18:13 Channel position: music moved from 0 to 1
2018-04-21 20:18:13 Channel position: Staff Meting / Staff Talk moved from 3 to 2
2018-04-21 20:18:21 Channel overwrites: welcome (437324052089274368): role @everyone (437204540903784448) removed (was 1088, 805828625)
2018-04-21 20:18:35 Channel overwrites: music (437345737471426580): role @everyone (437204540903784448) added with values 1048576, 2097152
2018-04-21 20:18:39 Channel overwrites: music (437345737471426580): role Staff (437341032040890378) added with values 0, 0
2018-04-21 20:18:52 Channel overwrites: music (437345737471426580): role Staff (437341032040890378) removed (was 0, 0)
2018-04-21 20:18:54 Channel overwrites: music (437345737471426580): role Staff (437341032040890378) added with values 1048576, 2097152
2018-04-21 20:19:50 Member join: @FredBoat♪♪#7284 (id 184405311681986560)
2018-04-21 20:21:05 Channel overwrites: music (437345737471426580): member FredBoat♪♪ (184405311681986560) added with values 0, 0
2018-04-21 20:21:08 Channel overwrites: music (437345737471426580): member FredBoat♪♪ (184405311681986560) updated to values 3145728, 0 (was 0, 0)
2018-04-21 20:29:00 Member role remove: The 'Temp' role was removed from @MoonPie#8321
2018-04-21 20:29:00 Role deleted: 'Temp' (id 437344284765847553)
2018-04-21 20:29:18 Role position: 'Synapse' changed from 1 to 2
2018-04-21 20:29:18 Role position: 'Speedz-Bot' changed from 2 to 3
2018-04-21 20:29:18 Role position: 'GPlay' changed from 3 to 4
2018-04-21 20:29:18 Role position: 'Fans' changed from 4 to 5
2018-04-21 20:29:18 Role position: 'Moderator Level 1' changed from 5 to 6
2018-04-21 20:29:18 Role position: 'Moderator Level 2' changed from 6 to 7
2018-04-21 20:29:18 Role position: 'Moderator Level 3' changed from 7 to 8
2018-04-21 20:29:18 Role position: 'Staff' changed from 8 to 9
2018-04-21 20:29:18 Role permissions: 'Moderator Level 3' changed from 2146958591 to 2146958583
2018-04-21 20:29:21 Role permissions: 'Moderator Level 3' changed from 2146958583 to 2146958551
2018-04-21 20:29:30 Role created: 'new role' (id 437349177916391455)
2018-04-21 20:30:27 Role position: 'Staff' changed from 10 to 6
2018-04-21 20:30:27 Role position: 'new role' changed from 1 to 10
2018-04-21 20:30:28 Role renamed: 'new role' to 'Moderator Level 4'
2018-04-21 20:30:28 Role color: 'new role' changed from #000000 to #e74c3c
2018-04-21 20:30:28 Role mentionable: 'Moderator Level 4' is now mentionable
2018-04-21 20:30:28 Role permissions: 'new role' changed from 104324161 to 2146958591
2018-04-21 20:30:31 Member join: @CaydenTheLoser#0552 (id 295238975398871040)
2018-04-21 20:31:06 Role hoist: 'Moderator Level 3' is now shown seperately
2018-04-21 20:31:50 Member role remove: The 'Moderator Level 2' role was removed from @MoonPie#8321
2018-04-21 20:31:52 Member role add: 'Staff' role was added to @MoonPie#8321
2018-04-21 20:31:56 Member role add: 'Staff' role was added to @♡ ℓιү ♡#5170
2018-04-21 20:32:25 Channel created: Special Mentions
2018-04-21 20:32:37 Channel created: mention
2018-04-21 20:32:50 Channel topic: mention topic was set to "Special mentions"
2018-04-21 20:32:55 Channel overwrites: mention (437349967024357389): role Moderator Level 3 (437331065091129345) added with values 0, 0
2018-04-21 20:33:33 Channel overwrites: mention (437349967024357389): role @everyone (437204540903784448) added with values 1088, 0
2018-04-21 20:33:33 Channel overwrites: mention (437349967024357389): role Moderator Level 3 (437331065091129345) updated to values 523329, 0 (was 0, 0)
2018-04-21 20:33:38 Channel position: Special Mentions moved from 5 to 3
2018-04-21 20:33:38 Channel position: Music Bot moved from 3 to 4
2018-04-21 20:33:38 Channel position: Staff moved from 4 to 5
2018-04-21 20:33:38 Channel position: mention moved from 9 to 5
2018-04-21 20:33:38 Channel position: music-commands moved from 5 to 6
2018-04-21 20:33:38 Channel position: general moved from 6 to 7
2018-04-21 20:33:38 Channel position: naughty-list moved from 7 to 8
2018-04-21 20:33:38 Channel position: auttaja-logging moved from 8 to 9
2018-04-21 20:33:41 Channel position: Special Mentions moved from 3 to 1
2018-04-21 20:33:41 Channel position: Disscution moved from 1 to 2
2018-04-21 20:33:41 Channel position: Community Talk moved from 2 to 3
2018-04-21 20:33:41 Channel position: mention moved from 5 to 1
2018-04-21 20:33:41 Channel position: general moved from 1 to 2
2018-04-21 20:33:41 Channel position: tips-and-tricks-for-the-community moved from 2 to 3
2018-04-21 20:33:42 Channel position: art moved from 3 to 4
2018-04-21 20:33:42 Channel position: memes moved from 4 to 5
2018-04-21 20:35:55 Channel overwrites: mention (437349967024357389): role Fans (437338576988930075) added with values 0, 0
2018-04-21 20:36:06 Channel overwrites: mention (437349967024357389): role Fans (437338576988930075) updated to values 3136, 0 (was 0, 0)
2018-04-21 20:37:18 Member role add: 'Moderator Level 3' role was added to @Speedz#3869
2018-04-21 20:42:03 Role deleted: 'Speedz-Bot' (id 437206722084339722)
2018-04-21 20:42:03 Member leave: @Speedz-Bot#9403 (id 437205746795413504)
2018-04-21 20:44:32 Channel created: Afk
2018-04-21 20:44:37 Channel position: music moved from 1 to 0
2018-04-21 20:44:37 Channel position: Staff Meting / Staff Talk moved from 2 to 1
2018-04-21 20:44:37 Channel position: AFK Channel moved from 0 to 2
2018-04-21 20:46:52 Member leave: @MoonPie#8321 (id 161560231187447809)
2018-04-21 21:17:09 Member join: @MCRyanGameCool77#3245 (id 340623446046408705)
2018-04-21 21:18:38 Member role add: 'Moderator Level 4' role was added to @Speedz#3869
2018-04-21 21:18:44 Member role add: 'Staff' role was added to @Speedz#3869
2018-04-21 21:19:28 Channel overwrites: welcome (437324052089274368): role Moderator Level 4 (437349177916391455) added with values 805829713, 0
2018-04-21 21:19:46 Channel overwrites: welcome (437324052089274368): role Moderator Level 3 (437331065091129345) added with values 64, 10240
2018-04-21 21:20:24 Channel overwrites: welcome (437324052089274368): role Staff (437341032040890378) added with values 64, 12288
2018-04-21 21:20:51 Channel overwrites: welcome (437324052089274368): role @everyone (437204540903784448) added with values 66624, 805763089
2018-04-21 21:21:10 Channel overwrites: welcome (437324052089274368): role Fans (437338576988930075) added with values 1088, 805828625
2018-04-21 21:27:10 Channel created: Gaming
2018-04-21 21:27:54 Channel created: Fortnite Lobby 1
2018-04-21 21:28:25 Channel created: Fortnite Lobby 2
2018-04-21 21:28:52 Channel created: Fortnite Lobby 3
2018-04-21 21:29:34 Channel created: Roblox Chat 1
2018-04-21 21:29:52 Channel created: Roblox Chat 2
2018-04-21 21:30:05 Channel created: Roblox Chat 3
2018-04-21 21:30:35 Channel created: General Game Lobby 1
2018-04-21 21:30:49 Channel created: general-game-lobby-2
2018-04-21 21:31:01 Channel deleted: general-game-lobby-2
2018-04-21 21:31:34 Channel created: General Game Lobby 3
2018-04-21 21:31:50 Channel created: General Game Lobby 2
2018-04-21 21:32:37 Channel created: Arma 3 Lobby 1
2018-04-21 21:33:00 Channel created: Arma 3 Lobby 2
2018-04-21 21:33:27 Channel created: Arma 3 Lobby 3
2018-04-21 21:34:07 Channel created: general-game-disscution
2018-04-21 21:37:22 Member role add: 'Fans' role was added to @Sad Person#5364
2018-04-21 21:37:39 Member role add: 'Fans' role was added to @❤Qyn❤#4335
2018-04-21 21:42:55 Role hoist: 'Auttaja' is now shown seperately
2018-04-21 21:42:55 Role permissions: 'Auttaja' changed from 487058679 to 486796535
2018-04-21 21:42:55 Role position: 'Auttaja' changed from 2 to 1
2018-04-21 21:43:03 Role hoist: 'Synapse' is now shown seperately
2018-04-21 21:43:03 Role position: 'Synapse' changed from 3 to 2
2018-04-21 21:43:14 Role hoist: 'GPlay' is now shown seperately
2018-04-21 21:43:33 Role hoist: 'GPlay' is no longer shown seperately
2018-04-21 21:43:36 Role hoist: 'Synapse' is no longer shown seperately
2018-04-21 21:43:39 Role hoist: 'Auttaja' is no longer shown seperately
2018-04-21 21:44:41 Member role add: 'Staff' role was added to @Auttaja#5453
2018-04-21 21:44:47 Member role add: 'Staff' role was added to @FredBoat♪♪#7284
2018-04-21 21:44:54 Member role add: 'Staff' role was added to @Synapse#0692
2018-04-21 21:45:13 Role color: 'Staff' changed from #000000 to #195080
2018-04-21 21:45:13 Role position: 'Staff' changed from 5 to 6
2018-04-21 21:45:41 Role hoist: 'Staff' is no longer shown seperately
2018-04-21 21:45:51 Member role remove: The 'Staff' role was removed from @FredBoat♪♪#7284
2018-04-21 21:45:51 Member role remove: The 'Staff' role was removed from @Speedz#3869
2018-04-21 21:45:51 Member role remove: The 'Staff' role was removed from @Auttaja#5453
2018-04-21 21:45:51 Member role remove: The 'Staff' role was removed from @♡ ℓιү ♡#5170
2018-04-21 21:45:51 Member role remove: The 'Staff' role was removed from @Synapse#0692
2018-04-21 21:45:51 Channel overwrites: welcome (437324052089274368): role Staff (437341032040890378) removed (was 64, 12288)
2018-04-21 21:45:51 Channel overwrites: music (437345737471426580): role Staff (437341032040890378) removed (was 1048576, 2097152)
2018-04-21 21:45:51 Role deleted: 'Staff' (id 437341032040890378)
2018-04-21 21:45:55 Role created: 'new role' (id 437368410662240286)
2018-04-21 21:46:04 Role color: 'new role' changed from #000000 to #ae6800
2018-04-21 21:46:07 Role hoist: 'new role' is now shown seperately
2018-04-21 21:46:11 Role permissions: 'new role' changed from 104324161 to 372759617
2018-04-21 21:46:12 Role permissions: 'new role' changed from 372759617 to 372759649
2018-04-21 21:46:12 Role permissions: 'new role' changed from 372759649 to 372759617
2018-04-21 21:46:13 Role permissions: 'new role' changed from 372759617 to 372759633
2018-04-21 21:46:14 Role permissions: 'new role' changed from 372759633 to 372759635
2018-04-21 21:46:15 Role permissions: 'new role' changed from 372759635 to 372759639
2018-04-21 21:46:16 Role permissions: 'new role' changed from 372759639 to 506977367
2018-04-21 21:46:16 Role permissions: 'new role' changed from 506977367 to 1580719191
2018-04-21 21:46:17 Role permissions: 'new role' changed from 1580719191 to 2117590103
2018-04-21 21:46:19 Role permissions: 'new role' changed from 2117590103 to 2117598295
2018-04-21 21:46:21 Role permissions: 'new role' changed from 2117598295 to 2121792599
2018-04-21 21:46:21 Role permissions: 'new role' changed from 2121792599 to 2130181207
2018-04-21 21:46:22 Role permissions: 'new role' changed from 2130181207 to 2146958423
2018-04-21 21:46:25 Role permissions: 'new role' changed from 2146958423 to 2146958551
2018-04-21 21:46:26 Role permissions: 'new role' changed from 2146958551 to 2146958583
2018-04-21 21:46:26 Role permissions: 'new role' changed from 2146958583 to 2146958551
2018-04-21 21:46:29 Role renamed: 'new role' to 'Bots'
2018-04-21 21:46:41 Member role add: 'Bots' role was added to @Auttaja#5453
2018-04-21 21:46:47 Member role add: 'Bots' role was added to @FredBoat♪♪#7284
2018-04-21 21:46:53 Member role add: 'Bots' role was added to @Ghostplay R2#1298
2018-04-21 21:46:58 Member role add: 'Bots' role was added to @Synapse#0692
2018-04-21 21:47:14 Role position: 'GPlay' changed from 5 to 3
2018-04-21 21:47:14 Role position: 'Bots' changed from 1 to 4
2018-04-21 21:47:14 Role position: 'Moderator Level 1' changed from 7 to 6
2018-04-21 21:47:43 Role position: 'Bots' changed from 4 to 2
2018-04-21 21:47:43 Role position: 'GPlay' changed from 3 to 4
2018-04-21 21:50:00 Role permissions: 'Fans' changed from 37145665 to 37211201
2018-04-21 21:50:00 Role position: 'Fans' changed from 6 to 5
2018-04-21 21:50:09 Role permissions: 'Fans' changed from 37211201 to 41405505
2018-04-21 21:50:09 Role permissions: 'Fans' changed from 41405505 to 49794113
2018-04-21 21:50:12 Role permissions: 'Fans' changed from 49794113 to 41405505
2018-04-21 21:50:14 Role permissions: 'Fans' changed from 41405505 to 37211201
2018-04-21 21:50:15 Role permissions: 'Fans' changed from 37211201 to 45599809
2018-04-21 21:50:16 Role permissions: 'Fans' changed from 45599809 to 37211201
2018-04-21 21:50:16 Role permissions: 'Fans' changed from 37211201 to 41405505
2018-04-21 21:50:18 Role permissions: 'Fans' changed from 41405505 to 37211201
2018-04-21 21:50:25 Role permissions: 'Fans' changed from 37211201 to 37215297
2018-04-21 23:14:33 Member username: '@Sad Person#5364' (id 410203794106744835) changed username from 'Sad Person' to '🌈❤Qam❤🌈'
2018-04-22 00:55:15 Member username: '@🌈❤Qam❤🌈#5364' (id 410203794106744835) changed username from '🌈❤Qam❤🌈' to '😭Qam😭'
2018-04-22 03:27:06 Member username: '@😭Qam😭#5364' (id 410203794106744835) changed username from '😭Qam😭' to 'I cry tears of lemonade'
2018-04-22 07:34:52 Channel position: General Game Lobby 2 moved from 11 to 10
2018-04-22 07:34:52 Channel position: General Game Lobby 3 moved from 10 to 11
2018-04-22 07:34:58 Channel position: Gaming moved from 7 to 5
2018-04-22 07:34:58 Channel position: Staff moved from 5 to 6
2018-04-22 07:34:58 Channel position: Afk moved from 6 to 7
2018-04-22 07:34:58 Channel position: general-game-disscution moved from 10 to 7
2018-04-22 07:34:58 Channel position: general moved from 7 to 8
2018-04-22 07:34:58 Channel position: naughty-list moved from 8 to 9
2018-04-22 07:34:58 Channel position: auttaja-logging moved from 9 to 10
2018-04-22 07:34:58 Channel position: Fortnite Lobby 1 moved from 3 to 1
2018-04-22 07:34:58 Channel position: Fortnite Lobby 2 moved from 4 to 2
2018-04-22 07:34:58 Channel position: Fortnite Lobby 3 moved from 5 to 3
2018-04-22 07:34:58 Channel position: Roblox Chat 1 moved from 6 to 4
2018-04-22 07:34:58 Channel position: Roblox Chat 2 moved from 7 to 5
2018-04-22 07:34:58 Channel position: Roblox Chat 3 moved from 8 to 6
2018-04-22 07:34:58 Channel position: General Game Lobby 1 moved from 9 to 7
2018-04-22 07:34:58 Channel position: General Game Lobby 2 moved from 10 to 8
2018-04-22 07:34:58 Channel position: General Game Lobby 3 moved from 11 to 9
2018-04-22 07:34:58 Channel position: Arma 3 Lobby 1 moved from 12 to 10
2018-04-22 07:34:58 Channel position: Arma 3 Lobby 2 moved from 13 to 11
2018-04-22 07:34:58 Channel position: Arma 3 Lobby 3 moved from 14 to 12
2018-04-22 07:34:58 Channel position: Staff Meting / Staff Talk moved from 1 to 13
2018-04-22 07:34:58 Channel position: AFK Channel moved from 2 to 14
2018-04-22 07:35:18 Channel position: Arma 3 Lobby 1 moved from 10 to 7
2018-04-22 07:35:18 Channel position: General Game Lobby 1 moved from 7 to 8
2018-04-22 07:35:18 Channel position: General Game Lobby 2 moved from 8 to 9
2018-04-22 07:35:18 Channel position: General Game Lobby 3 moved from 9 to 10
2018-04-22 07:35:21 Channel position: Arma 3 Lobby 2 moved from 11 to 8
2018-04-22 07:35:21 Channel position: General Game Lobby 1 moved from 8 to 9
2018-04-22 07:35:21 Channel position: General Game Lobby 2 moved from 9 to 10
2018-04-22 07:35:21 Channel position: General Game Lobby 3 moved from 10 to 11
2018-04-22 07:35:23 Channel position: Arma 3 Lobby 3 moved from 12 to 9
2018-04-22 07:35:23 Channel position: General Game Lobby 1 moved from 9 to 10
2018-04-22 07:35:23 Channel position: General Game Lobby 2 moved from 10 to 11
2018-04-22 07:35:23 Channel position: General Game Lobby 3 moved from 11 to 12
2018-04-22 12:24:38 Member role add: 'Fans' role was added to @MCRyanGameCool77#3245
2018-04-22 12:24:42 Member role add: 'Fans' role was added to @Aiyau#8908
2018-04-22 12:24:44 Role permissions: 'Moderator Level 1' changed from 2146958591 to 2146958551
2018-04-22 12:24:47 Member role add: 'Fans' role was added to @CaydenTheLoser#0552
2018-04-22 17:16:08 Member username: '@I cry tears of lemonade#5364' (id 410203794106744835) changed username from 'I cry tears of lemonade' to 'Qam'
2018-04-22 22:17:15 Member username: '@Qam#5364' (id 410203794106744835) changed username from 'Qam' to 'tild'
2018-04-22 22:40:38 Member username: '@tild#5364' (id 410203794106744835) changed username from 'tild' to 'Qam'
2018-04-23 01:43:41 Member username: '@CaydenTheLoser#0552' (id 295238975398871040) changed username from 'CaydenTheLoser' to 'Redstoners'
2018-04-24 15:58:46 Member join: @Lukas#5441 (id 411834611019022336)
2018-04-26 19:47:27 Member username: '@Qam#5364' (id 410203794106744835) changed username from 'Qam' to 'Apologies'
2018-04-26 20:25:12 Member username: '@Apologies#5364' (id 410203794106744835) changed username from 'Apologies' to 'Qam'
2018-04-26 22:15:21 Member username: '@Lukas#5441' (id 411834611019022336) changed username from 'Lukas' to 'Lucas12'
2018-04-27 00:13:23 Member username: '@Qam#5364' (id 410203794106744835) changed username from 'Qam' to 'Apologies'
2018-04-27 01:28:38 Member username: '@Apologies#5364' (id 410203794106744835) changed username from 'Apologies' to 'Qam'
2018-04-27 15:06:16 Member username: '@Qam#5364' (id 410203794106744835) changed username from 'Qam' to 'On alt brb(Qam)'
2018-04-27 15:09:43 Member username: '@On alt brb(Qam)#5364' (id 410203794106744835) changed username from 'On alt brb(Qam)' to 'Qam'
2018-04-27 18:52:27 Member username: '@Qam#5364' (id 410203794106744835) changed username from 'Qam' to 'Cardi Beh'
2018-04-27 19:56:15 Member username: '@Cardi Beh#5364' (id 410203794106744835) changed username from 'Cardi Beh' to 'Qam'
2018-04-27 22:07:47 Member username: '@Qam#5364' (id 410203794106744835) changed username from 'Qam' to '❤Qam❤'
2018-04-28 12:52:38 Server icon changed from https://cdn.discordapp.com/icons/437204540903784448/3dbfa64a9a7fbb3bb2a844bbc2a76e86.jpg to https://cdn.discordapp.com/icons/437204540903784448/621e6b8c19074c79832e83b7aeac9efe.jpg
2018-04-30 19:27:34 Server icon changed from https://cdn.discordapp.com/icons/437204540903784448/621e6b8c19074c79832e83b7aeac9efe.jpg to https://cdn.discordapp.com/icons/437204540903784448/bddc4d5e8e83ac2c837ab6928726cf4e.jpg
2018-04-30 20:43:54 Member username: '@Tild ;(#5364' (id 410203794106744835) changed username from 'Tild ;(' to 'whoever i am'
2018-04-30 21:41:34 Member username: '@❤Qyn❤#4335' (id 330824419566026752) changed username from '❤Qyn❤' to 'Qyn'
2018-05-01 09:31:28 Member username: '@Lucas12#5441' (id 411834611019022336) changed username from 'Lucas12' to 'Lucas1'
2018-05-01 19:59:42 Member username: '@whoever i am#5364' (id 410203794106744835) changed username from 'whoever i am' to 'Paulinaxo'
2018-05-01 20:29:43 Member username: '@Paulinaxo#5364' (id 410203794106744835) changed username from 'Paulinaxo' to 'Qam'
2018-05-02 16:21:37 Member role add: 'Moderator Level 1' role was added to @Lucas1#5441
2018-05-02 16:21:44 Member role remove: The 'Moderator Level 1' role was removed from @Lucas1#5441
2018-05-02 16:21:44 Member role add: 'Fans' role was added to @Lucas1#5441
