2018-04-25 16:14:01 this bot joined the server
2018-04-25 16:14:01 Role created: 'Synapse' (id 438734436373233675)
2018-04-25 16:14:01 Member role add: 'Synapse' role was added to @Synapse#0692
2018-04-25 16:14:19 Member join: @Ghostplay R2#1298 (id 435829986772123658)
2018-04-25 16:14:19 Role created: 'Ghostplay R2' (id 438734511900196864)
2018-04-25 16:14:19 Member role add: 'Ghostplay R2' role was added to @Ghostplay R2#1298
2018-04-25 16:15:23 Role created: 'new role' (id 438734781199679490)
2018-04-25 16:15:38 Role permissions: 'Synapse' changed from 8 to 262216
2018-04-25 16:15:38 Role position: 'Synapse' changed from 3 to 2
2018-04-25 16:15:38 Role position: 'Rythm' changed from 4 to 3
2018-04-25 16:15:38 Role position: 'Muted' changed from 5 to 4
2018-04-25 16:15:38 Role position: 'Mitglied' changed from 6 to 5
2018-04-25 16:15:38 Role position: 'Admin' changed from 7 to 6
2018-04-25 16:15:38 Role position: 'Rocketride King' changed from 8 to 7
2018-04-25 16:15:38 Role position: 'new role' changed from 1 to 8
2018-04-25 16:15:38 Role renamed: 'new role' to 'GP-bot'
2018-04-25 16:15:58 Role permissions: 'GP-bot' changed from 104324161 to 2146958591
2018-04-25 16:16:30 Role created: 'new role' (id 438735064898207745)
2018-04-25 16:16:39 Role deleted: 'new role' (id 438735064898207745)
2018-04-25 16:17:03 Role position: 'Boss' changed from 9 to 8
2018-04-25 16:17:03 Role position: 'GP-bot' changed from 8 to 9
2018-04-25 16:18:31 Member role add: 'GP-bot' role was added to @Ghostplay R2#1298
2018-04-25 16:20:24 Role deleted: 'Synapse' (id 438734436373233675)
2018-04-25 16:20:24 Member leave: @Synapse#0692 (id 435538622293344266)
2018-04-25 16:20:24 this bot left the server
