2018-04-21 12:21:34 #csgo @Astragar10#0333: .multicolor 2 OWNER
2018-04-21 12:21:50 #csgo @Astragar10#0333: .multicolor 1 OWNER
2018-04-21 12:22:48 #csgo @Astragar10#0333: .multicolor 2 OWNER
2018-04-21 12:23:13 #csgo @Astragar10#0333: .multicolor 1 OWNER
2018-04-21 12:24:43 #csgo @Astragar10#0333: *help
2018-04-21 12:24:47 #csgo @Ghostplay R2#1298: Hey there, @Astragar10 [Owner]! I sent you the list of commands in a private message.\nCheck your direct messages
2018-04-21 12:25:24 #csgo @Astragar10#0333: *multicolor
2018-04-21 12:25:32 #csgo @Ghostplay R2#1298: ```\n*[multicolor|multicolour] <interval> <role>\n\nChanges the role color every x seconds\n\n```
2018-04-21 12:25:53 #csgo @Astragar10#0333: *multicolor 2 OWNER
2018-04-21 12:26:00 #csgo @Astragar10#0333 edited message from 2018-04-21 12:25:53 (*multicolor 2 OWNER) to read: *multicolor 1 OWNER
2018-04-21 12:26:01 #csgo @Ghostplay R2#1298: 
2018-04-21 12:26:01 #csgo @Ghostplay R2#1298 edited message from 2018-04-21 12:26:01 () to read: 
2018-04-21 12:26:15 #csgo @Astragar10#0333: *multicolor 1 OWNER
2018-04-21 12:26:27 #csgo @Ghostplay R2#1298: 
2018-04-21 12:26:27 #csgo @Ghostplay R2#1298 edited message from 2018-04-21 12:26:27 () to read: 
2018-04-21 12:27:09 #csgo @Astragar10#0333: *multicolor 1 Owner
2018-04-21 12:27:34 #csgo @Astragar10#0333: *multicolor 10 Owner
2018-04-21 12:28:35 #csgo @Astragar10#0333: *multicolor 2 Helper
2018-04-21 12:38:09 #csgo @klastrYT#1332: t
2018-04-21 12:38:10 #csgo @klastrYT#1332: t
2018-04-21 12:38:10 #csgo @klastrYT#1332: t
2018-04-21 12:38:10 #csgo @klastrYT#1332: t
2018-04-21 12:38:10 #csgo @klastrYT#1332: t
2018-04-21 14:21:01 #csgo @klastrYT#1332: !play hello hello
2018-04-21 14:21:01 #csgo @Rythm#3722: <:youtube:335112740957978625> **Searching** 🔎 `hello hello`
2018-04-21 14:21:01 #csgo @klastrYT#1332: !play
2018-04-21 14:21:01 #csgo @Rythm#3722: 
2018-04-21 14:21:01 #csgo @Rythm#3722 edited message from 2018-04-21 14:21:01 () to read: 
2018-04-21 14:21:01 #csgo @Synapse#0692: ```\n!play <url_or_search_terms>\n\nPlays a link / searches and play\n\n```
2018-04-21 14:21:02 #csgo @Rythm#3722: **Playing** 🎶 `👋 Hello Hello 👋 | + More Kids Songs | Super Simple Songs` - Now!
