2018-04-21 12:39:12 #music @klastrYT#1332: !play
2018-04-21 12:39:12 #music @Rythm#3722: 
2018-04-21 12:39:12 #music @Rythm#3722 edited message from 2018-04-21 12:39:12 () to read: 
2018-04-21 12:39:12 #music @Synapse#0692: ```\n!play <url_or_search_terms>\n\nPlays a link / searches and play\n\n```
2018-04-21 12:39:18 #music @klastrYT#1332: !play havana
2018-04-21 12:39:18 #music @Synapse#0692: You must join a voice channel before I can play anything.
2018-04-21 12:39:18 #music @Rythm#3722: ❌ **You have to be in a voice channel to use this command.**
2018-04-21 12:39:30 #music @klastrYT#1332: !play havana
2018-04-21 12:39:30 #music @Rythm#3722: <:youtube:335112740957978625> **Searching** 🔎 `havana`
2018-04-21 12:39:31 #music @Rythm#3722: **Playing** 🎶 `Camila Cabello - Havana (Audio) ft. Young Thug` - Now!
2018-04-21 14:21:01 #music @klastrYT#1332: !play
2018-04-21 14:21:01 #music @Rythm#3722: 
2018-04-21 14:21:01 #music @Synapse#0692: ```\n!play <url_or_search_terms>\n\nPlays a link / searches and play\n\n```
2018-04-21 14:21:01 #music @Rythm#3722 edited message from 2018-04-21 14:21:01 () to read: 
2018-04-21 14:21:08 #music @klastrYT#1332: !play hello hello
2018-04-21 14:21:08 #music @Rythm#3722: <:youtube:335112740957978625> **Searching** 🔎 `hello hello`
2018-04-21 14:21:08 #music @Synapse#0692: I'm already downloading a file!
2018-04-21 14:21:09 #music @Rythm#3722: 
2018-04-21 14:21:09 #music @Rythm#3722 edited message from 2018-04-21 14:21:09 () to read: 
2018-04-21 14:21:14 #music @klastrYT#1332: !stop
2018-04-21 14:21:15 #music @Rythm#3722: **Paused** ⏸
2018-04-21 14:21:15 #music @Synapse#0692: Can't stop if I'm not playing.
2018-04-21 14:21:34 #music @klastrYT#1332: !stop
2018-04-21 14:21:34 #music @Rythm#3722: ❌ **The player is already paused**
2018-04-21 14:21:34 #music @Synapse#0692: You can't stop music when there are other people in the channel! Vote to skip instead.
