2018-04-21 12:17:12 this bot joined the server
2018-04-21 12:17:12 Role created: 'Synapse' (id 437225289928540160)
2018-04-21 12:17:12 Member role add: 'Synapse' role was added to @Synapse#0692
2018-04-21 12:17:24 Member role add: 'Bots' role was added to @Synapse#0692
2018-04-21 12:18:13 Role created: 'new role' (id 437225544170340362)
2018-04-21 12:18:42 Role permissions: 'Synapse' changed from 8 to 262216
2018-04-21 12:18:42 Role renamed: 'new role' to 'GP-bot'
2018-04-21 12:18:42 Role permissions: 'new role' changed from 104324161 to 2146958591
2018-04-21 12:19:15 Role position: 'Synapse' changed from 2 to 1
2018-04-21 12:19:15 Role position: 'Bots' changed from 3 to 2
2018-04-21 12:19:15 Role position: 'Legenda' changed from 4 to 3
2018-04-21 12:19:15 Role position: 'Admin' changed from 5 to 4
2018-04-21 12:19:15 Role position: 'God' changed from 6 to 5
2018-04-21 12:19:15 Role position: 'Helper' changed from 7 to 6
2018-04-21 12:19:15 Role position: 'Youtuber <3' changed from 8 to 7
2018-04-21 12:19:15 Role position: 'Rythm' changed from 9 to 8
2018-04-21 12:19:15 Role position: 'Owner' changed from 10 to 9
2018-04-21 12:19:15 Role position: 'GP-bot' changed from 1 to 10
2018-04-21 12:20:33 Member role remove: The 'Bots' role was removed from @Synapse#0692
2018-04-21 12:20:34 Member role add: 'GP-bot' role was added to @Synapse#0692
2018-04-21 12:22:23 Member join: @Ghostplay R2#1298 (id 435829986772123658)
2018-04-21 12:22:23 Role created: 'Ghostplay R2' (id 437226594914926592)
2018-04-21 12:22:23 Member role add: 'Ghostplay R2' role was added to @Ghostplay R2#1298
2018-04-21 12:22:27 Member role add: 'GP-bot' role was added to @Ghostplay R2#1298
2018-04-21 12:22:57 Member role remove: The 'GP-bot' role was removed from @Synapse#0692
2018-04-21 12:24:30 Role permissions: 'Ghostplay R2' changed from 268520497 to 268782705
2018-04-21 12:24:30 Role position: 'Ghostplay R2' changed from 1 to 11
2018-04-21 12:27:14 Role color: 'Owner' changed from #2ecc71 to #c08e7b
2018-04-21 12:27:14 Role position: 'Owner' changed from 10 to 9
2018-04-21 12:27:22 Role color: 'Owner' changed from #c08e7b to #91038d
2018-04-21 12:27:30 Role color: 'Owner' changed from #91038d to #8cf2c3
2018-04-21 12:27:38 Role color: 'Owner' changed from #8cf2c3 to #4c3230
2018-04-21 12:27:49 Role color: 'Owner' changed from #4c3230 to #850ace
2018-04-21 12:28:03 Role color: 'Owner' changed from #850ace to #8bcf21
2018-04-21 12:28:36 Role color: 'Owner' changed from #8bcf21 to #ba4d7f
2018-04-21 12:28:40 Role color: 'Owner' changed from #ba4d7f to #3c1a1a
2018-04-21 12:28:48 Role color: 'Helper' changed from #206694 to #0ddb82
2018-04-21 12:28:48 Role position: 'Helper' changed from 7 to 6
2018-04-21 12:29:04 Role color: 'Owner' changed from #3c1a1a to #0db613
2018-04-21 12:29:08 Role color: 'Owner' changed from #0db613 to #102435
2018-04-21 12:29:12 Role color: 'Helper' changed from #0ddb82 to #c0b12f
2018-04-21 12:29:16 Role color: 'Owner' changed from #102435 to #7b9571
2018-04-21 12:29:20 Role color: 'Helper' changed from #c0b12f to #f5cd4d
2018-04-21 12:29:25 Role color: 'Owner' changed from #7b9571 to #528e79
2018-04-21 12:29:29 Role color: 'Owner' changed from #528e79 to #226f7f
2018-04-21 12:29:32 Role color: 'Helper' changed from #f5cd4d to #fd8cbd
2018-04-21 12:29:36 Role color: 'Owner' changed from #226f7f to #1f0c49
2018-04-21 12:29:40 Role color: 'Owner' changed from #1f0c49 to #102b9b
2018-04-21 12:29:53 Role color: 'Helper' changed from #fd8cbd to #7bed59
2018-04-21 12:29:57 Role color: 'Owner' changed from #102b9b to #2d115f
2018-04-21 12:30:01 Role color: 'Owner' changed from #2d115f to #891c23
2018-04-21 12:30:05 Role color: 'Helper' changed from #7bed59 to #303dcd
2018-04-21 12:30:09 Role color: 'Owner' changed from #891c23 to #d545ee
2018-04-21 12:30:25 Role color: 'Helper' changed from #303dcd to #495f4d
2018-04-21 12:30:29 Role color: 'Owner' changed from #d545ee to #5a9d7f
2018-04-21 12:30:33 Role color: 'Owner' changed from #5a9d7f to #9a3d72
2018-04-21 12:30:37 Role color: 'Helper' changed from #495f4d to #19d380
2018-04-21 12:30:41 Role color: 'Owner' changed from #9a3d72 to #912df9
2018-04-21 12:30:45 Role color: 'Owner' changed from #912df9 to #edc3ea
2018-04-21 12:30:49 Role color: 'Helper' changed from #19d380 to #65531d
2018-04-21 12:30:52 Role color: 'Owner' changed from #edc3ea to #69341e
2018-04-21 12:31:02 Role color: 'Helper' changed from #65531d to #550a0d
2018-04-21 12:31:06 Role color: 'Owner' changed from #69341e to #591f66
2018-04-21 12:31:10 Role color: 'Owner' changed from #591f66 to #989674
2018-04-21 12:31:14 Role color: 'Helper' changed from #550a0d to #c6eaa0
2018-04-21 12:31:19 Role color: 'Owner' changed from #989674 to #2d9065
2018-04-21 12:31:23 Role color: 'Owner' changed from #2d9065 to #3d779d
2018-04-21 12:31:27 Role color: 'Helper' changed from #c6eaa0 to #780473
2018-04-21 12:31:35 Role color: 'Owner' changed from #3d779d to #39bf14
2018-04-21 12:31:39 Role color: 'Helper' changed from #780473 to #d9625e
2018-04-21 12:31:43 Role color: 'Owner' changed from #39bf14 to #811e0a
2018-04-21 12:31:48 Role color: 'Owner' changed from #811e0a to #f115dd
2018-04-21 12:32:00 Role color: 'Helper' changed from #d9625e to #24d2dd
2018-04-21 12:32:05 Role color: 'Owner' changed from #f115dd to #88cff9
2018-04-21 12:32:09 Role color: 'Owner' changed from #88cff9 to #ca4cdd
2018-04-21 12:32:13 Role color: 'Helper' changed from #24d2dd to #0a3da7
2018-04-21 12:32:22 Role color: 'Owner' changed from #ca4cdd to #baa560
2018-04-21 12:32:35 Role color: 'Helper' changed from #0a3da7 to #71c170
2018-04-21 12:32:55 Role color: 'Owner' changed from #baa560 to #513180
2018-04-21 12:33:16 Role color: 'Owner' changed from #513180 to #a64e2a
2018-04-21 12:33:20 Role color: 'Helper' changed from #71c170 to #290e2f
2018-04-21 12:33:24 Role color: 'Owner' changed from #a64e2a to #654b6a
2018-04-21 12:33:28 Role color: 'Owner' changed from #654b6a to #7ee53e
2018-04-21 12:33:32 Role color: 'Helper' changed from #290e2f to #06d4f5
2018-04-21 12:33:36 Role color: 'Owner' changed from #7ee53e to #6f50a8
2018-04-21 12:33:40 Role color: 'Owner' changed from #6f50a8 to #8802eb
2018-04-21 12:33:44 Role color: 'Helper' changed from #06d4f5 to #ccb238
2018-04-21 12:33:48 Role color: 'Owner' changed from #8802eb to #5f4930
2018-04-21 12:33:52 Role color: 'Helper' changed from #ccb238 to #218fab
2018-04-21 12:33:56 Role color: 'Owner' changed from #5f4930 to #404320
2018-04-21 12:34:00 Role color: 'Owner' changed from #404320 to #00b8df
2018-04-21 12:34:04 Role color: 'Helper' changed from #218fab to #5c0f59
2018-04-21 12:34:09 Role color: 'Owner' changed from #00b8df to #61267a
2018-04-21 12:34:13 Role color: 'Owner' changed from #61267a to #6bb47a
2018-04-21 12:34:17 Role color: 'Helper' changed from #5c0f59 to #3886dd
2018-04-21 12:34:21 Role color: 'Owner' changed from #6bb47a to #ca0024
2018-04-21 12:34:25 Role color: 'Helper' changed from #3886dd to #33de64
2018-04-21 12:34:29 Role color: 'Owner' changed from #ca0024 to #be5b97
2018-04-21 12:34:33 Role color: 'Owner' changed from #be5b97 to #afcac3
2018-04-21 12:34:37 Role color: 'Helper' changed from #33de64 to #9d02c9
2018-04-21 12:34:42 Role color: 'Owner' changed from #afcac3 to #b1fb49
2018-04-21 12:34:46 Role color: 'Owner' changed from #b1fb49 to #7156a2
2018-04-21 12:34:51 Role color: 'Helper' changed from #9d02c9 to #204afe
2018-04-21 12:34:59 Role color: 'Owner' changed from #7156a2 to #045b9f
2018-04-21 12:35:33 Role color: 'Owner' changed from #045b9f to #d94fac
2018-04-21 12:35:37 Role color: 'Owner' changed from #d94fac to #b6d259
2018-04-21 12:35:46 Role color: 'Helper' changed from #204afe to #e9aa3c
2018-04-21 12:36:06 Role color: 'Owner' changed from #b6d259 to #447842
2018-04-21 12:36:10 Role color: 'Owner' changed from #447842 to #448dd5
2018-04-21 12:36:14 Role color: 'Helper' changed from #e9aa3c to #af2186
2018-04-21 12:36:18 Role color: 'Owner' changed from #448dd5 to #7cc247
2018-04-21 12:36:30 Role color: 'Helper' changed from #af2186 to #dc29c2
2018-04-21 12:36:42 Role color: 'Owner' changed from #7cc247 to #00456b
2018-04-21 12:36:46 Role color: 'Owner' changed from #00456b to #d0c7a5
2018-04-21 12:36:51 Role color: 'Helper' changed from #dc29c2 to #3f0f68
2018-04-21 12:37:38 Member join: @ZAKCESNOVAR#3235 (id 348013891625943041)
2018-04-21 12:37:39 Role color: 'Helper' changed from #3f0f68 to #c73822
2018-04-21 12:37:43 Role color: 'Owner' changed from #d0c7a5 to #d28957
2018-04-21 12:37:51 Member nickname: '@klastrYT#1332' (id 331011483435794432) changed nickname from 'LoLek' to 'None'
2018-04-21 12:37:51 Role color: 'Owner' changed from #d28957 to #eca700
2018-04-21 12:37:56 Role color: 'Helper' changed from #c73822 to #32bcba
2018-04-21 12:38:06 Role color: 'Owner' changed from #eca700 to #be2180
2018-04-21 12:38:08 Member role add: 'Admin' role was added to @ZAKCESNOVAR#3235
2018-04-21 12:38:10 Role color: 'Helper' changed from #32bcba to #65f95a
2018-04-21 12:38:14 Role color: 'Owner' changed from #be2180 to #74825c
2018-04-21 12:38:17 Member role add: 'Owner' role was added to @ZAKCESNOVAR#3235
2018-04-21 12:38:39 Role color: 'Helper' changed from #65f95a to #191bcb
2018-04-21 12:38:43 Role color: 'Owner' changed from #74825c to #e1487d
2018-04-21 12:38:47 Role color: 'Owner' changed from #e1487d to #71f2ff
2018-04-21 12:38:51 Role color: 'Helper' changed from #191bcb to #339a8b
2018-04-21 12:38:55 Role color: 'Owner' changed from #71f2ff to #90a5b3
2018-04-21 12:38:59 Role color: 'Owner' changed from #90a5b3 to #ed75f3
2018-04-21 12:39:03 Role color: 'Helper' changed from #339a8b to #d6eef7
2018-04-21 12:39:07 Role color: 'Owner' changed from #ed75f3 to #b1c9c1
2018-04-21 12:39:12 Role color: 'Helper' changed from #d6eef7 to #ea641c
2018-04-21 12:39:16 Role color: 'Owner' changed from #b1c9c1 to #208b94
2018-04-21 12:39:20 Role color: 'Owner' changed from #208b94 to #1f2759
2018-04-21 12:39:24 Role color: 'Helper' changed from #ea641c to #ac3c03
2018-04-21 12:39:28 Role color: 'Owner' changed from #1f2759 to #836e5c
2018-04-21 12:39:36 Role color: 'Owner' changed from #836e5c to #0fd6d7
2018-04-21 12:39:37 Role color: 'Helper' changed from #ac3c03 to #6b7cae
2018-04-21 12:39:45 Role color: 'Owner' changed from #0fd6d7 to #50dd91
2018-04-21 12:39:49 Role color: 'Helper' changed from #6b7cae to #163e1d
2018-04-21 12:39:53 Role color: 'Owner' changed from #50dd91 to #83317a
2018-04-21 12:39:57 Role color: 'Owner' changed from #83317a to #36cb07
2018-04-21 12:40:01 Role color: 'Helper' changed from #163e1d to #1128de
2018-04-21 12:40:05 Role color: 'Owner' changed from #36cb07 to #a03a87
2018-04-21 12:40:09 Role color: 'Owner' changed from #a03a87 to #b496ea
2018-04-21 12:40:13 Role color: 'Helper' changed from #1128de to #09b4d9
2018-04-21 12:40:18 Role color: 'Owner' changed from #b496ea to #d0eb3c
2018-04-21 12:40:30 Role color: 'Helper' changed from #09b4d9 to #d62792
2018-04-21 12:40:39 Role color: 'Owner' changed from #d0eb3c to #8fad4d
2018-04-21 12:40:44 Role color: 'Owner' changed from #8fad4d to #bc2467
2018-04-21 12:40:48 Role color: 'Helper' changed from #d62792 to #c6dbf9
2018-04-21 12:40:56 Role color: 'Owner' changed from #bc2467 to #a5ce86
2018-04-21 12:41:01 Role color: 'Owner' changed from #a5ce86 to #bdbdb5
2018-04-21 12:41:05 Role color: 'Helper' changed from #c6dbf9 to #e90395
2018-04-21 12:41:22 Role color: 'Owner' changed from #bdbdb5 to #e699a7
2018-04-21 12:41:25 Role color: 'Helper' changed from #e90395 to #b3ad28
2018-04-21 12:41:29 Role color: 'Owner' changed from #e699a7 to #425a17
2018-04-21 12:41:39 Role color: 'Owner' changed from #425a17 to #803ca5
2018-04-21 12:41:51 Role color: 'Helper' changed from #b3ad28 to #82f268
2018-04-21 12:41:55 Role color: 'Owner' changed from #803ca5 to #5b8ff8
2018-04-21 12:41:59 Role color: 'Owner' changed from #5b8ff8 to #0d41b1
2018-04-21 12:42:04 Role color: 'Helper' changed from #82f268 to #c65e18
2018-04-21 12:42:08 Role color: 'Owner' changed from #0d41b1 to #324e97
2018-04-21 12:42:12 Role color: 'Owner' changed from #324e97 to #38de30
2018-04-21 12:42:16 Role color: 'Helper' changed from #c65e18 to #848fe7
2018-04-21 12:42:20 Role color: 'Owner' changed from #38de30 to #94a1b7
2018-04-21 12:42:24 Role color: 'Helper' changed from #848fe7 to #c0aa6e
2018-04-21 12:42:33 Role color: 'Owner' changed from #94a1b7 to #645cb9
2018-04-21 12:42:37 Role color: 'Owner' changed from #645cb9 to #5d5401
2018-04-21 12:42:41 Role color: 'Helper' changed from #c0aa6e to #f0cf3f
2018-04-21 12:42:45 Role color: 'Owner' changed from #5d5401 to #68be66
2018-04-21 12:42:50 Role color: 'Owner' changed from #68be66 to #7d6a38
2018-04-21 12:42:58 Role color: 'Helper' changed from #f0cf3f to #c0f7cd
2018-04-21 12:43:02 Role color: 'Owner' changed from #7d6a38 to #ec0eca
2018-04-21 12:43:07 Role color: 'Owner' changed from #ec0eca to #f96c87
2018-04-21 12:43:12 Role color: 'Helper' changed from #c0f7cd to #84d862
2018-04-21 12:43:15 Role color: 'Owner' changed from #f96c87 to #c83f8e
2018-04-21 12:43:24 Role color: 'Helper' changed from #84d862 to #91f97c
2018-04-21 12:43:28 Role color: 'Owner' changed from #c83f8e to #5dc798
2018-04-21 12:43:32 Role color: 'Owner' changed from #5dc798 to #a50ff2
2018-04-21 12:43:45 Role color: 'Helper' changed from #91f97c to #7f5f6f
2018-04-21 12:43:49 Role color: 'Owner' changed from #a50ff2 to #e61f39
2018-04-21 12:43:53 Role color: 'Owner' changed from #e61f39 to #f237c9
2018-04-21 12:44:02 Role color: 'Helper' changed from #7f5f6f to #0c2d48
2018-04-21 12:44:06 Role color: 'Owner' changed from #f237c9 to #916c48
2018-04-21 12:44:11 Role color: 'Owner' changed from #916c48 to #5658cf
2018-04-21 12:44:15 Role color: 'Helper' changed from #0c2d48 to #b0bc73
2018-04-21 12:44:19 Role color: 'Owner' changed from #5658cf to #e91109
2018-04-21 12:44:24 Role color: 'Helper' changed from #b0bc73 to #9f13b9
2018-04-21 12:44:28 Role color: 'Owner' changed from #e91109 to #afd753
2018-04-21 12:44:36 Role color: 'Owner' changed from #afd753 to #b9e7df
2018-04-21 12:44:41 Role color: 'Helper' changed from #9f13b9 to #f60427
2018-04-21 12:44:45 Role color: 'Owner' changed from #b9e7df to #f8c68f
2018-04-21 12:44:49 Role color: 'Owner' changed from #f8c68f to #3f0b9b
2018-04-21 12:44:53 Role color: 'Helper' changed from #f60427 to #c5a688
2018-04-21 12:44:58 Role color: 'Owner' changed from #3f0b9b to #38c4b4
2018-04-21 12:45:02 Role color: 'Owner' changed from #38c4b4 to #270fe6
2018-04-21 12:45:06 Role color: 'Helper' changed from #c5a688 to #a34f8d
2018-04-21 12:45:23 Role color: 'Owner' changed from #270fe6 to #70b6a6
2018-04-21 12:45:27 Role color: 'Helper' changed from #a34f8d to #5433bd
2018-04-21 12:45:31 Role color: 'Owner' changed from #70b6a6 to #eeafd9
2018-04-21 12:45:35 Role color: 'Owner' changed from #eeafd9 to #247fba
2018-04-21 12:45:40 Role color: 'Helper' changed from #5433bd to #5145a6
2018-04-21 12:45:44 Role color: 'Owner' changed from #247fba to #6a39fd
2018-04-21 12:45:48 Role color: 'Owner' changed from #6a39fd to #403798
2018-04-21 12:45:52 Role color: 'Helper' changed from #5145a6 to #22a9a3
2018-04-21 12:45:56 Role color: 'Owner' changed from #403798 to #b4d567
2018-04-21 12:46:00 Role color: 'Helper' changed from #22a9a3 to #913943
2018-04-21 12:46:04 Role color: 'Owner' changed from #b4d567 to #64ae5a
2018-04-21 12:46:17 Role color: 'Owner' changed from #64ae5a to #abae03
2018-04-21 12:46:30 Role color: 'Helper' changed from #913943 to #f1e917
2018-04-21 12:46:34 Role color: 'Owner' changed from #abae03 to #81503b
2018-04-21 12:46:38 Role color: 'Owner' changed from #81503b to #5653f2
2018-04-21 12:46:43 Role color: 'Helper' changed from #f1e917 to #39c5d8
2018-04-21 12:46:47 Role color: 'Owner' changed from #5653f2 to #a7fd57
2018-04-21 12:46:51 Role color: 'Owner' changed from #a7fd57 to #cd7fd3
2018-04-21 12:47:00 Role color: 'Helper' changed from #39c5d8 to #3ebeda
2018-04-21 12:47:04 Role color: 'Owner' changed from #cd7fd3 to #56ad2f
2018-04-21 12:47:08 Role color: 'Owner' changed from #56ad2f to #46cfab
2018-04-21 12:47:12 Role color: 'Helper' changed from #3ebeda to #aa7d7e
2018-04-21 12:47:16 Role color: 'Owner' changed from #46cfab to #addbbf
2018-04-21 12:47:20 Role color: 'Helper' changed from #aa7d7e to #8b25e9
2018-04-21 12:47:24 Role color: 'Owner' changed from #addbbf to #5663e5
2018-04-21 12:47:41 Role color: 'Owner' changed from #5663e5 to #6ffbfc
2018-04-21 12:47:45 Role color: 'Helper' changed from #8b25e9 to #de19c3
2018-04-21 12:47:49 Role color: 'Owner' changed from #6ffbfc to #f1fd73
2018-04-21 12:47:54 Role color: 'Owner' changed from #f1fd73 to #ce3e75
2018-04-21 12:48:10 Role color: 'Helper' changed from #de19c3 to #44995a
2018-04-21 12:48:15 Role color: 'Owner' changed from #ce3e75 to #c73941
2018-04-21 12:48:20 Role color: 'Owner' changed from #c73941 to #f96b81
2018-04-21 12:48:24 Role color: 'Helper' changed from #44995a to #90ba0f
2018-04-21 12:48:33 Role color: 'Owner' changed from #f96b81 to #4f24ef
2018-04-21 12:48:37 Role color: 'Helper' changed from #90ba0f to #03c9ae
2018-04-21 12:48:42 Role color: 'Owner' changed from #4f24ef to #9bbc09
2018-04-21 12:48:46 Role color: 'Owner' changed from #9bbc09 to #a1cf8b
2018-04-21 12:48:51 Role color: 'Helper' changed from #03c9ae to #7ea80f
2018-04-21 12:48:55 Role color: 'Owner' changed from #a1cf8b to #584c0d
2018-04-21 12:49:08 Role color: 'Owner' changed from #584c0d to #07cfab
2018-04-21 12:49:13 Role color: 'Helper' changed from #7ea80f to #607d3a
2018-04-21 12:49:21 Role color: 'Owner' changed from #07cfab to #7061ee
2018-04-21 12:49:30 Role color: 'Helper' changed from #607d3a to #6e8fb9
2018-04-21 12:49:35 Role color: 'Owner' changed from #7061ee to #a7b845
2018-04-21 12:49:39 Role color: 'Owner' changed from #a7b845 to #1fef28
2018-04-21 12:49:48 Role color: 'Helper' changed from #6e8fb9 to #5386d5
2018-04-21 12:49:52 Role color: 'Owner' changed from #1fef28 to #eb81f1
2018-04-21 12:49:58 Role color: 'Owner' changed from #eb81f1 to #3fa0e3
2018-04-21 12:50:07 Role color: 'Helper' changed from #5386d5 to #48a6a2
2018-04-21 12:50:11 Role color: 'Owner' changed from #3fa0e3 to #409886
2018-04-21 12:50:15 Role color: 'Owner' changed from #409886 to #01d717
2018-04-21 12:50:19 Role color: 'Helper' changed from #48a6a2 to #6d6f52
2018-04-21 12:50:23 Role color: 'Owner' changed from #01d717 to #8afea4
2018-04-21 12:50:27 Role color: 'Helper' changed from #6d6f52 to #3c2a5a
2018-04-21 12:50:40 Role color: 'Owner' changed from #8afea4 to #440653
2018-04-21 12:50:44 Role color: 'Owner' changed from #440653 to #843ea9
2018-04-21 12:50:49 Role color: 'Helper' changed from #3c2a5a to #24193b
2018-04-21 12:50:53 Role color: 'Owner' changed from #843ea9 to #6624f7
2018-04-21 12:50:57 Role color: 'Owner' changed from #6624f7 to #87c4f9
2018-04-21 12:51:02 Role color: 'Helper' changed from #24193b to #a3d199
2018-04-21 12:51:06 Role color: 'Owner' changed from #87c4f9 to #d5cc8a
2018-04-21 12:51:10 Role color: 'Helper' changed from #a3d199 to #50108f
2018-04-21 12:51:15 Role color: 'Owner' changed from #d5cc8a to #08ccb7
2018-04-21 12:51:19 Role color: 'Owner' changed from #08ccb7 to #1d8d60
2018-04-21 12:51:28 Role color: 'Helper' changed from #50108f to #e17924
2018-04-21 12:51:32 Role color: 'Owner' changed from #1d8d60 to #9fb2c4
2018-04-21 12:51:37 Role color: 'Owner' changed from #9fb2c4 to #c63990
2018-04-21 12:51:46 Role color: 'Helper' changed from #e17924 to #7f94d1
2018-04-21 12:51:50 Role color: 'Owner' changed from #c63990 to #97e772
2018-04-21 12:51:55 Role color: 'Owner' changed from #97e772 to #6cc23b
2018-04-21 12:52:00 Role color: 'Helper' changed from #7f94d1 to #747154
2018-04-21 12:52:10 Role color: 'Owner' changed from #6cc23b to #6a4e5c
2018-04-21 12:52:15 Role color: 'Helper' changed from #747154 to #4cc7ba
2018-04-21 12:52:19 Role color: 'Owner' changed from #6a4e5c to #c15ad3
2018-04-21 12:52:24 Role color: 'Owner' changed from #c15ad3 to #2e85cc
2018-04-21 12:52:34 Role color: 'Helper' changed from #4cc7ba to #146aa9
2018-04-21 12:52:39 Role color: 'Owner' changed from #2e85cc to #2bdc55
2018-04-21 12:52:43 Role color: 'Owner' changed from #2bdc55 to #e4b7b1
2018-04-21 12:52:48 Role color: 'Helper' changed from #146aa9 to #4c6335
2018-04-21 12:52:52 Role color: 'Owner' changed from #e4b7b1 to #8b4b9e
2018-04-21 12:52:57 Role color: 'Helper' changed from #4c6335 to #df9c0c
2018-04-21 12:53:01 Role color: 'Owner' changed from #8b4b9e to #3244f6
2018-04-21 12:53:05 Role color: 'Owner' changed from #3244f6 to #2c717e
2018-04-21 12:53:14 Role color: 'Helper' changed from #df9c0c to #6aa544
2018-04-21 12:53:18 Role color: 'Owner' changed from #2c717e to #f79541
2018-04-21 12:53:27 Role color: 'Owner' changed from #f79541 to #78b1d4
2018-04-21 12:53:36 Role color: 'Helper' changed from #6aa544 to #b921f3
2018-04-21 12:53:41 Role color: 'Owner' changed from #78b1d4 to #189d1b
2018-04-21 12:53:49 Role color: 'Owner' changed from #189d1b to #25718d
2018-04-21 12:53:54 Role color: 'Helper' changed from #b921f3 to #7bfecc
2018-04-21 12:53:58 Role color: 'Owner' changed from #25718d to #9e514f
2018-04-21 12:54:11 Role color: 'Helper' changed from #7bfecc to #2c2f3a
2018-04-21 12:54:15 Role color: 'Owner' changed from #9e514f to #34ce0f
2018-04-21 12:54:19 Role color: 'Owner' changed from #34ce0f to #0bf462
2018-04-21 12:54:28 Role color: 'Helper' changed from #2c2f3a to #21b2fd
2018-04-21 12:54:32 Role color: 'Owner' changed from #0bf462 to #e885bc
2018-04-21 12:54:36 Role color: 'Owner' changed from #e885bc to #45b36a
2018-04-21 12:54:45 Role color: 'Helper' changed from #21b2fd to #0df7ce
2018-04-21 12:54:50 Role color: 'Owner' changed from #45b36a to #540bf3
2018-04-21 12:54:59 Role color: 'Owner' changed from #540bf3 to #21ce85
2018-04-21 12:55:03 Role color: 'Helper' changed from #0df7ce to #496538
2018-04-21 12:55:08 Role color: 'Owner' changed from #21ce85 to #cc16a9
2018-04-21 12:55:17 Role color: 'Helper' changed from #496538 to #d05134
2018-04-21 12:55:26 Role color: 'Owner' changed from #cc16a9 to #bd57d1
2018-04-21 12:55:30 Role color: 'Owner' changed from #bd57d1 to #b8fce9
2018-04-21 12:55:39 Role color: 'Helper' changed from #d05134 to #21a081
2018-04-21 12:55:43 Role color: 'Owner' changed from #b8fce9 to #de974e
2018-04-21 12:55:52 Role color: 'Owner' changed from #de974e to #ee7ee5
2018-04-21 12:56:01 Role color: 'Helper' changed from #21a081 to #505054
2018-04-21 12:56:06 Role color: 'Owner' changed from #ee7ee5 to #b82318
2018-04-21 12:56:14 Role color: 'Owner' changed from #b82318 to #184f41
2018-04-21 12:56:19 Role color: 'Helper' changed from #505054 to #b57d83
2018-04-21 12:56:23 Role color: 'Owner' changed from #184f41 to #3700c5
2018-04-21 12:56:32 Role color: 'Helper' changed from #b57d83 to #4341ae
2018-04-21 12:56:37 Role color: 'Owner' changed from #3700c5 to #41297b
2018-04-21 12:56:42 Role color: 'Owner' changed from #41297b to #b6dbeb
2018-04-21 12:56:51 Role color: 'Helper' changed from #4341ae to #8870c4
2018-04-21 12:56:56 Role color: 'Owner' changed from #b6dbeb to #8be263
2018-04-21 12:57:01 Role color: 'Owner' changed from #8be263 to #8da772
2018-04-21 12:57:11 Role color: 'Helper' changed from #8870c4 to #57fe81
2018-04-21 12:57:16 Role color: 'Owner' changed from #8da772 to #a6a1f3
2018-04-21 12:57:21 Role color: 'Owner' changed from #a6a1f3 to #50fc14
2018-04-21 12:57:30 Role color: 'Helper' changed from #57fe81 to #068ea5
2018-04-21 12:57:35 Role color: 'Owner' changed from #50fc14 to #252369
2018-04-21 12:57:40 Role color: 'Owner' changed from #252369 to #b8bf85
2018-04-21 12:57:45 Role color: 'Helper' changed from #068ea5 to #34d99a
2018-04-21 12:57:54 Role color: 'Owner' changed from #b8bf85 to #ae4c36
2018-04-21 12:57:59 Role color: 'Helper' changed from #34d99a to #43e3ed
2018-04-21 12:58:08 Role color: 'Owner' changed from #ae4c36 to #246bc0
2018-04-21 12:58:13 Role color: 'Owner' changed from #246bc0 to #1acab8
2018-04-21 12:58:18 Role color: 'Helper' changed from #43e3ed to #e75327
2018-04-21 12:58:23 Role color: 'Owner' changed from #1acab8 to #10dc1b
2018-04-21 12:58:28 Role color: 'Owner' changed from #10dc1b to #4e1b35
2018-04-21 12:58:33 Role color: 'Helper' changed from #e75327 to #45d3d2
2018-04-21 12:58:38 Role color: 'Owner' changed from #4e1b35 to #3715ef
2018-04-21 12:58:42 Role color: 'Helper' changed from #45d3d2 to #9a7811
2018-04-21 12:58:50 Role color: 'Owner' changed from #3715ef to #a5c478
2018-04-21 12:58:55 Role color: 'Owner' changed from #a5c478 to #69eb37
2018-04-21 12:58:59 Role color: 'Helper' changed from #9a7811 to #326f8e
2018-04-21 12:59:08 Role color: 'Owner' changed from #69eb37 to #f2baf0
2018-04-21 12:59:12 Role color: 'Owner' changed from #f2baf0 to #66f04f
2018-04-21 12:59:16 Role color: 'Helper' changed from #326f8e to #6e29a5
2018-04-21 12:59:21 Role color: 'Owner' changed from #66f04f to #0a7db0
2018-04-21 12:59:25 Role color: 'Helper' changed from #6e29a5 to #b70452
2018-04-21 12:59:29 Role color: 'Owner' changed from #0a7db0 to #d3da30
2018-04-21 12:59:34 Role color: 'Owner' changed from #d3da30 to #cf3dab
2018-04-21 12:59:43 Role color: 'Helper' changed from #b70452 to #6424f7
2018-04-21 13:00:00 Role color: 'Owner' changed from #cf3dab to #d493a1
2018-04-21 13:00:04 Role color: 'Owner' changed from #d493a1 to #2eb48f
2018-04-21 13:00:18 Role color: 'Helper' changed from #6424f7 to #4044d0
2018-04-21 13:00:23 Role color: 'Owner' changed from #2eb48f to #2b4903
2018-04-21 13:00:27 Role color: 'Owner' changed from #2b4903 to #5a1b2f
2018-04-21 13:00:31 Role color: 'Helper' changed from #4044d0 to #28cf3c
2018-04-21 13:00:36 Role color: 'Owner' changed from #5a1b2f to #452fc0
2018-04-21 13:00:40 Role color: 'Helper' changed from #28cf3c to #f5fb5e
2018-04-21 13:00:49 Role color: 'Owner' changed from #452fc0 to #4cf058
2018-04-21 13:00:53 Role color: 'Owner' changed from #4cf058 to #9dd439
2018-04-21 13:00:58 Role color: 'Helper' changed from #f5fb5e to #52fa2a
2018-04-21 13:01:02 Role color: 'Owner' changed from #9dd439 to #0e1ad7
2018-04-21 13:01:06 Role color: 'Owner' changed from #0e1ad7 to #2ba5a8
2018-04-21 13:01:15 Role color: 'Helper' changed from #52fa2a to #b106b6
2018-04-21 13:01:20 Role color: 'Owner' changed from #2ba5a8 to #43a469
2018-04-21 13:01:24 Role color: 'Owner' changed from #43a469 to #709275
2018-04-21 13:01:29 Role color: 'Helper' changed from #b106b6 to #e8581f
2018-04-21 13:01:38 Role color: 'Owner' changed from #709275 to #5a0608
2018-04-21 13:01:42 Role color: 'Helper' changed from #e8581f to #044918
2018-04-21 13:01:46 Role color: 'Owner' changed from #5a0608 to #06541c
2018-04-21 13:01:55 Role color: 'Owner' changed from #06541c to #8ee62c
2018-04-21 13:02:00 Role color: 'Helper' changed from #044918 to #f29b68
2018-04-21 13:02:04 Role color: 'Owner' changed from #8ee62c to #f119cc
2018-04-21 13:02:14 Role color: 'Owner' changed from #f119cc to #2cb8dc
2018-04-21 13:02:18 Role color: 'Helper' changed from #f29b68 to #c6f3e4
2018-04-21 13:02:35 Role color: 'Owner' changed from #2cb8dc to #09d6e7
2018-04-21 13:02:44 Role color: 'Owner' changed from #09d6e7 to #e7df5a
2018-04-21 13:02:48 Role color: 'Helper' changed from #c6f3e4 to #4a05fd
2018-04-21 13:02:52 Role color: 'Owner' changed from #e7df5a to #938f56
2018-04-21 13:02:57 Role color: 'Owner' changed from #938f56 to #afd25a
2018-04-21 13:03:01 Role color: 'Helper' changed from #4a05fd to #27072a
2018-04-21 13:03:10 Role color: 'Owner' changed from #afd25a to #e38c0d
2018-04-21 13:03:19 Role color: 'Owner' changed from #e38c0d to #878f86
2018-04-21 13:03:23 Role color: 'Helper' changed from #27072a to #e72f49
2018-04-21 13:03:32 Role color: 'Owner' changed from #878f86 to #8d6a7d
2018-04-21 13:03:36 Role color: 'Helper' changed from #e72f49 to #a5f556
2018-04-21 13:03:45 Role color: 'Owner' changed from #8d6a7d to #15fe4d
2018-04-21 13:03:50 Role color: 'Owner' changed from #15fe4d to #33191c
2018-04-21 13:04:02 Role color: 'Helper' changed from #a5f556 to #6d5d66
2018-04-21 13:04:06 Role color: 'Owner' changed from #33191c to #fb76a1
2018-04-21 13:04:11 Role color: 'Owner' changed from #fb76a1 to #65d9f8
2018-04-21 13:04:23 Role color: 'Helper' changed from #6d5d66 to #7af5fd
2018-04-21 13:04:28 Role color: 'Owner' changed from #65d9f8 to #661ff9
2018-04-21 13:04:37 Role color: 'Owner' changed from #661ff9 to #2dec39
2018-04-21 13:04:41 Role color: 'Helper' changed from #7af5fd to #926e15
2018-04-21 13:05:02 Role color: 'Owner' changed from #2dec39 to #f0e03e
2018-04-21 13:05:11 Role color: 'Helper' changed from #926e15 to #38626c
2018-04-21 13:05:20 Role color: 'Owner' changed from #f0e03e to #fdfa5e
2018-04-21 13:05:24 Role color: 'Owner' changed from #fdfa5e to #e32581
2018-04-21 13:05:33 Role color: 'Helper' changed from #38626c to #72ca6a
2018-04-21 13:05:38 Role color: 'Owner' changed from #e32581 to #1d447a
2018-04-21 13:05:42 Role color: 'Owner' changed from #1d447a to #3c7b14
2018-04-21 13:05:54 Role color: 'Helper' changed from #72ca6a to #424a12
2018-04-21 13:05:59 Role color: 'Owner' changed from #3c7b14 to #8d5bb5
2018-04-21 13:06:08 Role color: 'Owner' changed from #8d5bb5 to #050f48
2018-04-21 13:06:12 Role color: 'Helper' changed from #424a12 to #6624e9
2018-04-21 13:06:16 Role color: 'Owner' changed from #050f48 to #c66f26
2018-04-21 13:06:25 Role color: 'Helper' changed from #6624e9 to #a2a9aa
2018-04-21 13:06:35 Role color: 'Owner' changed from #c66f26 to #44ac38
2018-04-21 13:06:39 Role color: 'Owner' changed from #44ac38 to #49b8d6
2018-04-21 13:06:43 Role color: 'Helper' changed from #a2a9aa to #36449c
2018-04-21 13:06:48 Role color: 'Owner' changed from #49b8d6 to #ee94eb
2018-04-21 13:06:56 Role color: 'Owner' changed from #ee94eb to #e364cd
2018-04-21 13:07:00 Role color: 'Helper' changed from #36449c to #74019f
2018-04-21 13:07:05 Role color: 'Owner' changed from #e364cd to #6e4a47
2018-04-21 13:07:10 Role color: 'Helper' changed from #74019f to #819a74
2018-04-21 13:07:14 Role color: 'Owner' changed from #6e4a47 to #4cc005
2018-04-21 13:07:19 Role color: 'Owner' changed from #4cc005 to #efb9ba
2018-04-21 13:07:23 Role color: 'Helper' changed from #819a74 to #2abfeb
2018-04-21 13:07:28 Role color: 'Owner' changed from #efb9ba to #8860bd
2018-04-21 13:07:32 Role color: 'Owner' changed from #8860bd to #c6e59e
2018-04-21 13:07:36 Role color: 'Helper' changed from #2abfeb to #ee10f9
2018-04-21 13:07:40 Role color: 'Owner' changed from #c6e59e to #fbadf6
2018-04-21 13:07:49 Role color: 'Helper' changed from #ee10f9 to #5657b0
2018-04-21 13:07:54 Role color: 'Owner' changed from #fbadf6 to #5ea07d
2018-04-21 13:08:02 Role color: 'Owner' changed from #5ea07d to #ce5079
2018-04-21 13:08:07 Role color: 'Helper' changed from #5657b0 to #e60312
2018-04-21 13:08:11 Role color: 'Owner' changed from #ce5079 to #30c193
2018-04-21 13:08:24 Role color: 'Owner' changed from #30c193 to #98401d
2018-04-21 13:08:28 Role color: 'Helper' changed from #e60312 to #1c7019
2018-04-21 13:08:32 Role color: 'Owner' changed from #98401d to #8056dc
2018-04-21 13:08:49 Role color: 'Owner' changed from #8056dc to #3689ce
2018-04-21 13:08:58 Role color: 'Helper' changed from #1c7019 to #952b46
2018-04-21 13:09:02 Role color: 'Owner' changed from #3689ce to #790eaa
2018-04-21 13:09:11 Role color: 'Owner' changed from #790eaa to #53dfaa
2018-04-21 13:09:15 Role color: 'Helper' changed from #952b46 to #cde7d3
2018-04-21 13:09:19 Role color: 'Owner' changed from #53dfaa to #56433e
2018-04-21 13:09:24 Role color: 'Owner' changed from #56433e to #062734
2018-04-21 13:09:29 Role color: 'Helper' changed from #cde7d3 to #e93fb2
2018-04-21 13:09:33 Role color: 'Owner' changed from #062734 to #1836de
2018-04-21 13:09:37 Role color: 'Owner' changed from #1836de to #226590
2018-04-21 13:09:46 Role color: 'Helper' changed from #e93fb2 to #c79439
2018-04-21 13:09:50 Role color: 'Owner' changed from #226590 to #85102d
2018-04-21 13:09:54 Role color: 'Owner' changed from #85102d to #e13ddd
2018-04-21 13:09:58 Role color: 'Helper' changed from #c79439 to #f1b9d0
2018-04-21 13:10:07 Role color: 'Owner' changed from #e13ddd to #b50f51
2018-04-21 13:10:11 Role color: 'Helper' changed from #f1b9d0 to #0cd38b
2018-04-21 13:10:16 Role color: 'Owner' changed from #b50f51 to #9a8f13
2018-04-21 13:10:20 Role color: 'Owner' changed from #9a8f13 to #31792d
2018-04-21 13:10:24 Role color: 'Helper' changed from #0cd38b to #a647a4
2018-04-21 13:10:33 Role color: 'Owner' changed from #31792d to #6c8e4c
2018-04-21 13:10:37 Role color: 'Owner' changed from #6c8e4c to #28ef03
2018-04-21 13:10:42 Role color: 'Helper' changed from #a647a4 to #d85b74
2018-04-21 13:10:46 Role color: 'Owner' changed from #28ef03 to #c7ee13
2018-04-21 13:10:54 Role color: 'Helper' changed from #d85b74 to #9aab55
2018-04-21 13:10:59 Role color: 'Owner' changed from #c7ee13 to #d244f0
2018-04-21 13:11:08 Role color: 'Owner' changed from #d244f0 to #8c5cae
2018-04-21 13:11:13 Role color: 'Helper' changed from #9aab55 to #bd4151
2018-04-21 13:11:18 Role color: 'Owner' changed from #8c5cae to #f6ecd9
2018-04-21 13:11:22 Role color: 'Owner' changed from #f6ecd9 to #23e2d9
2018-04-21 13:11:28 Role color: 'Helper' changed from #bd4151 to #8858cd
2018-04-21 13:11:37 Role color: 'Owner' changed from #23e2d9 to #3a323a
2018-04-21 13:11:42 Role color: 'Owner' changed from #3a323a to #18d455
2018-04-21 13:11:47 Role color: 'Helper' changed from #8858cd to #020e72
2018-04-21 13:11:56 Role color: 'Owner' changed from #18d455 to #15db51
2018-04-21 13:12:01 Role color: 'Helper' changed from #020e72 to #06a443
2018-04-21 13:12:06 Role color: 'Owner' changed from #15db51 to #84f3aa
2018-04-21 13:12:31 Role color: 'Owner' changed from #84f3aa to #95f2ee
2018-04-21 13:12:35 Role color: 'Helper' changed from #06a443 to #bb02b4
2018-04-21 13:12:45 Role color: 'Owner' changed from #95f2ee to #dbb9fa
2018-04-21 13:12:50 Role color: 'Owner' changed from #dbb9fa to #ee415f
2018-04-21 13:12:55 Role color: 'Helper' changed from #bb02b4 to #181399
2018-04-21 13:13:00 Role color: 'Owner' changed from #ee415f to #7f3ad3
2018-04-21 13:13:05 Role color: 'Owner' changed from #7f3ad3 to #0fa1f2
2018-04-21 13:13:20 Role color: 'Helper' changed from #181399 to #c1702d
2018-04-21 13:13:30 Role color: 'Owner' changed from #0fa1f2 to #e8005e
2018-04-21 13:13:34 Role color: 'Owner' changed from #e8005e to #a9933c
2018-04-21 13:13:44 Role color: 'Helper' changed from #c1702d to #9f8483
2018-04-21 13:13:49 Role color: 'Owner' changed from #a9933c to #0f7067
2018-04-21 13:13:54 Role color: 'Owner' changed from #0f7067 to #9745b5
2018-04-21 13:13:59 Role color: 'Helper' changed from #9f8483 to #a0e34d
2018-04-21 13:14:04 Role color: 'Owner' changed from #9745b5 to #623f6a
2018-04-21 13:14:09 Role color: 'Helper' changed from #a0e34d to #7ec28c
2018-04-21 13:14:13 Role color: 'Owner' changed from #623f6a to #515693
2018-04-21 13:14:18 Role color: 'Owner' changed from #515693 to #3f965c
2018-04-21 13:14:33 Role color: 'Helper' changed from #7ec28c to #b837ed
2018-04-21 13:14:38 Role color: 'Owner' changed from #3f965c to #113cb5
2018-04-21 13:14:43 Role color: 'Owner' changed from #113cb5 to #471e3b
2018-04-21 13:14:47 Role color: 'Helper' changed from #b837ed to #d08e5c
2018-04-21 13:14:52 Role color: 'Owner' changed from #471e3b to #2de39e
2018-04-21 13:14:57 Role color: 'Helper' changed from #d08e5c to #5206e7
2018-04-21 13:15:02 Role color: 'Owner' changed from #2de39e to #1062db
2018-04-21 13:15:06 Role color: 'Owner' changed from #1062db to #b6accc
2018-04-21 13:15:11 Role color: 'Helper' changed from #5206e7 to #0a2cb7
2018-04-21 13:15:16 Role color: 'Owner' changed from #b6accc to #c1c59f
2018-04-21 13:15:21 Role color: 'Owner' changed from #c1c59f to #e9aec9
2018-04-21 13:15:25 Role color: 'Helper' changed from #0a2cb7 to #f12117
2018-04-21 13:15:30 Role color: 'Owner' changed from #e9aec9 to #aa6708
2018-04-21 13:15:35 Role color: 'Helper' changed from #f12117 to #523cdf
2018-04-21 13:15:40 Role color: 'Owner' changed from #aa6708 to #c49ba1
2018-04-21 13:15:45 Role color: 'Owner' changed from #c49ba1 to #f13440
2018-04-21 13:15:50 Role color: 'Helper' changed from #523cdf to #5aaacd
2018-04-21 13:15:59 Role color: 'Owner' changed from #f13440 to #ac11ff
2018-04-21 13:16:04 Role color: 'Owner' changed from #ac11ff to #ba5080
2018-04-21 13:16:14 Role color: 'Helper' changed from #5aaacd to #fafc38
2018-04-21 13:16:22 Role color: 'Owner' changed from #ba5080 to #5a49b7
2018-04-21 13:16:27 Role color: 'Owner' changed from #5a49b7 to #f98c95
2018-04-21 13:16:32 Role color: 'Helper' changed from #fafc38 to #615b8f
2018-04-21 13:16:36 Role color: 'Owner' changed from #f98c95 to #2c92e2
2018-04-21 13:17:05 Role color: 'Owner' changed from #2c92e2 to #ab44ca
2018-04-21 13:17:09 Role color: 'Owner' changed from #ab44ca to #133878
2018-04-21 13:17:14 Role color: 'Helper' changed from #615b8f to #a5a3c2
2018-04-21 13:17:26 Role color: 'Owner' changed from #133878 to #a9c1a1
2018-04-21 13:17:31 Role color: 'Owner' changed from #a9c1a1 to #cc1b91
2018-04-21 13:17:35 Role color: 'Helper' changed from #a5a3c2 to #e2c71d
2018-04-21 13:17:40 Role color: 'Owner' changed from #cc1b91 to #a210e1
2018-04-21 13:17:48 Role color: 'Helper' changed from #e2c71d to #5b506f
2018-04-21 13:17:53 Role color: 'Owner' changed from #a210e1 to #2fd796
2018-04-21 13:17:57 Role color: 'Owner' changed from #2fd796 to #07228a
2018-04-21 13:18:01 Role color: 'Helper' changed from #5b506f to #0573c4
2018-04-21 13:18:14 Role color: 'Owner' changed from #07228a to #13a522
2018-04-21 13:18:18 Role color: 'Owner' changed from #13a522 to #499276
2018-04-21 13:18:22 Role color: 'Helper' changed from #0573c4 to #7753bc
2018-04-21 13:18:27 Role color: 'Owner' changed from #499276 to #0f801b
2018-04-21 13:18:31 Role color: 'Helper' changed from #7753bc to #ffa692
2018-04-21 13:18:52 Role color: 'Owner' changed from #0f801b to #48748f
2018-04-21 13:19:02 Role color: 'Owner' changed from #48748f to #4649ae
2018-04-21 13:19:06 Role color: 'Helper' changed from #ffa692 to #261ef2
2018-04-21 13:19:10 Role color: 'Owner' changed from #4649ae to #413bed
2018-04-21 13:19:15 Role color: 'Owner' changed from #413bed to #fcd36f
2018-04-21 13:19:19 Role color: 'Helper' changed from #261ef2 to #596eeb
2018-04-21 13:19:28 Role color: 'Owner' changed from #fcd36f to #38b112
2018-04-21 13:19:33 Role color: 'Owner' changed from #38b112 to #bc71fc
2018-04-21 13:19:37 Role color: 'Helper' changed from #596eeb to #de9836
2018-04-21 13:19:41 Role color: 'Owner' changed from #bc71fc to #c09d41
2018-04-21 13:19:58 Role color: 'Helper' changed from #de9836 to #a290d0
2018-04-21 13:20:02 Role color: 'Owner' changed from #c09d41 to #f04a5f
2018-04-21 13:20:06 Role color: 'Owner' changed from #f04a5f to #870c49
2018-04-21 13:20:15 Role color: 'Helper' changed from #a290d0 to #04f036
2018-04-21 13:20:19 Role color: 'Owner' changed from #870c49 to #974ee4
2018-04-21 13:20:28 Role color: 'Owner' changed from #974ee4 to #319148
2018-04-21 13:20:33 Role color: 'Helper' changed from #04f036 to #97cc0a
2018-04-21 13:20:37 Role color: 'Owner' changed from #319148 to #31c54d
2018-04-21 13:20:42 Role color: 'Helper' changed from #97cc0a to #6cbdd0
2018-04-21 13:20:46 Role color: 'Owner' changed from #31c54d to #4b5bee
2018-04-21 13:20:51 Role color: 'Owner' changed from #4b5bee to #b32156
2018-04-21 13:20:55 Role color: 'Helper' changed from #6cbdd0 to #636434
2018-04-21 13:20:59 Role color: 'Owner' changed from #b32156 to #171f0c
2018-04-21 13:21:07 Role color: 'Owner' changed from #171f0c to #272116
2018-04-21 13:21:12 Role color: 'Helper' changed from #636434 to #f6457b
2018-04-21 13:21:16 Role color: 'Owner' changed from #272116 to #989003
2018-04-21 13:21:17 Member leave: @ZAKCESNOVAR#3235 (id 348013891625943041)
2018-04-21 13:21:20 Role color: 'Helper' changed from #f6457b to #e4e1ec
2018-04-21 13:21:29 Role color: 'Owner' changed from #989003 to #c1d48d
2018-04-21 13:21:33 Role color: 'Owner' changed from #c1d48d to #b13df3
2018-04-21 13:21:37 Role color: 'Helper' changed from #e4e1ec to #73d700
2018-04-21 13:21:46 Role color: 'Owner' changed from #b13df3 to #f67b1f
2018-04-21 13:21:50 Role color: 'Owner' changed from #f67b1f to #6e25d4
2018-04-21 13:21:54 Role color: 'Helper' changed from #73d700 to #1b908a
2018-04-21 13:22:03 Role color: 'Owner' changed from #6e25d4 to #df0ccf
2018-04-21 13:22:08 Role color: 'Helper' changed from #1b908a to #14ebc2
2018-04-21 13:22:12 Role color: 'Owner' changed from #df0ccf to #6ebac9
2018-04-21 13:22:21 Role color: 'Owner' changed from #6ebac9 to #5717e2
2018-04-21 13:22:25 Role color: 'Helper' changed from #14ebc2 to #e25a6a
2018-04-21 13:22:34 Role color: 'Owner' changed from #5717e2 to #cc8356
2018-04-21 13:22:38 Role color: 'Owner' changed from #cc8356 to #7c222a
2018-04-21 13:22:51 Role color: 'Helper' changed from #e25a6a to #296740
2018-04-21 13:22:55 Role color: 'Owner' changed from #7c222a to #baafb3
2018-04-21 13:22:59 Role color: 'Owner' changed from #baafb3 to #2de31a
2018-04-21 13:23:04 Role color: 'Helper' changed from #296740 to #7fc62a
2018-04-21 13:23:12 Role color: 'Owner' changed from #2de31a to #0f6794
2018-04-21 13:23:17 Role color: 'Helper' changed from #7fc62a to #49a30b
2018-04-21 13:23:25 Role color: 'Owner' changed from #0f6794 to #591660
2018-04-21 13:23:30 Role color: 'Owner' changed from #591660 to #5d6f8d
2018-04-21 13:23:34 Role color: 'Helper' changed from #49a30b to #bd9aa2
2018-04-21 13:23:42 Role color: 'Owner' changed from #5d6f8d to #3650d4
2018-04-21 13:23:47 Role color: 'Owner' changed from #3650d4 to #033b3b
2018-04-21 13:23:56 Role color: 'Helper' changed from #bd9aa2 to #73cb44
2018-04-21 13:24:05 Role color: 'Owner' changed from #033b3b to #9299a8
2018-04-21 13:24:18 Role color: 'Owner' changed from #9299a8 to #5db113
2018-04-21 13:24:22 Role color: 'Helper' changed from #73cb44 to #9a5abc
2018-04-21 13:24:35 Role color: 'Owner' changed from #5db113 to #0ab92c
2018-04-21 13:24:40 Role color: 'Helper' changed from #9a5abc to #2dcd85
2018-04-21 13:24:48 Role color: 'Owner' changed from #0ab92c to #462aff
2018-04-21 13:24:57 Role color: 'Owner' changed from #462aff to #a0eb84
2018-04-21 13:25:08 Role color: 'Helper' changed from #2dcd85 to #1a61f1
2018-04-21 13:25:12 Role color: 'Owner' changed from #a0eb84 to #f3be2c
2018-04-21 13:25:16 Role color: 'Owner' changed from #f3be2c to #34df34
2018-04-21 13:25:21 Role color: 'Helper' changed from #1a61f1 to #8b227f
2018-04-21 13:25:25 Role color: 'Owner' changed from #34df34 to #ca8406
2018-04-21 13:25:29 Role color: 'Owner' changed from #ca8406 to #c76c10
2018-04-21 13:25:34 Role color: 'Helper' changed from #8b227f to #4bbb1a
2018-04-21 13:25:42 Role color: 'Owner' changed from #c76c10 to #f233a3
2018-04-21 13:25:47 Role color: 'Helper' changed from #4bbb1a to #90886a
2018-04-21 13:25:56 Role color: 'Owner' changed from #f233a3 to #9bc995
2018-04-21 13:26:01 Role color: 'Owner' changed from #9bc995 to #f49671
2018-04-21 13:26:05 Role color: 'Helper' changed from #90886a to #31dee7
2018-04-21 13:26:23 Role color: 'Owner' changed from #f49671 to #ffaeb9
2018-04-21 13:26:27 Role color: 'Owner' changed from #ffaeb9 to #650365
2018-04-21 13:26:32 Role color: 'Helper' changed from #31dee7 to #f35e89
2018-04-21 13:26:41 Role color: 'Owner' changed from #650365 to #2a8274
2018-04-21 13:26:45 Role color: 'Helper' changed from #f35e89 to #1f0e49
2018-04-21 13:26:58 Role color: 'Owner' changed from #2a8274 to #8d9fa5
2018-04-21 13:27:02 Role color: 'Owner' changed from #8d9fa5 to #692494
2018-04-21 13:27:07 Role color: 'Helper' changed from #1f0e49 to #39d188
2018-04-21 13:27:12 Role color: 'Owner' changed from #692494 to #551ca9
2018-04-21 13:27:16 Role color: 'Owner' changed from #551ca9 to #9f403b
2018-04-21 13:27:21 Role color: 'Helper' changed from #39d188 to #b81579
2018-04-21 13:27:25 Role color: 'Owner' changed from #9f403b to #3de0ce
2018-04-21 13:27:30 Role color: 'Helper' changed from #b81579 to #9e8425
2018-04-21 13:27:34 Role color: 'Owner' changed from #3de0ce to #77b3e4
2018-04-21 13:27:43 Role color: 'Owner' changed from #77b3e4 to #bb3ab1
2018-04-21 13:27:47 Role color: 'Helper' changed from #9e8425 to #6b8bd4
2018-04-21 13:27:56 Role color: 'Owner' changed from #bb3ab1 to #9469c7
2018-04-21 13:28:00 Role color: 'Owner' changed from #9469c7 to #3eb26b
2018-04-21 13:28:09 Role color: 'Helper' changed from #6b8bd4 to #63864a
2018-04-21 13:28:13 Role color: 'Owner' changed from #3eb26b to #c65895
2018-04-21 13:28:18 Role color: 'Owner' changed from #c65895 to #28cba8
2018-04-21 13:28:26 Role color: 'Helper' changed from #63864a to #c38193
2018-04-21 13:28:31 Role color: 'Owner' changed from #28cba8 to #3570a3
2018-04-21 13:28:35 Role color: 'Owner' changed from #3570a3 to #4a7be5
2018-04-21 13:28:44 Role color: 'Helper' changed from #c38193 to #a6b980
2018-04-21 13:28:49 Role color: 'Owner' changed from #4a7be5 to #c38e95
2018-04-21 13:28:58 Role color: 'Owner' changed from #c38e95 to #0593eb
2018-04-21 13:29:07 Role color: 'Helper' changed from #a6b980 to #094223
2018-04-21 13:29:16 Role color: 'Owner' changed from #0593eb to #9e0cfe
2018-04-21 13:29:20 Role color: 'Owner' changed from #9e0cfe to #06518c
2018-04-21 13:29:29 Role color: 'Helper' changed from #094223 to #7af149
2018-04-21 13:29:33 Role color: 'Owner' changed from #06518c to #83b143
2018-04-21 13:29:38 Role color: 'Owner' changed from #83b143 to #6940cb
2018-04-21 13:29:42 Role color: 'Helper' changed from #7af149 to #fffc72
2018-04-21 13:29:47 Role color: 'Owner' changed from #6940cb to #d9c0fe
2018-04-21 13:29:55 Role color: 'Helper' changed from #fffc72 to #faf4d5
2018-04-21 13:30:00 Role color: 'Owner' changed from #d9c0fe to #de81c9
2018-04-21 13:30:05 Role color: 'Owner' changed from #de81c9 to #406107
2018-04-21 13:30:09 Role color: 'Helper' changed from #faf4d5 to #86bd3c
2018-04-21 13:30:14 Role color: 'Owner' changed from #406107 to #c9102e
2018-04-21 13:30:18 Role color: 'Owner' changed from #c9102e to #ce561b
2018-04-21 13:30:27 Role color: 'Helper' changed from #86bd3c to #d199fc
2018-04-21 13:30:36 Role color: 'Owner' changed from #ce561b to #d2d5d1
2018-04-21 13:30:41 Role color: 'Owner' changed from #d2d5d1 to #794ec2
2018-04-21 13:30:54 Role color: 'Helper' changed from #d199fc to #5ebbff
2018-04-21 13:31:03 Role color: 'Owner' changed from #794ec2 to #b29b4a
2018-04-21 13:31:08 Role color: 'Owner' changed from #b29b4a to #166f74
2018-04-21 13:31:16 Role color: 'Helper' changed from #5ebbff to #553480
2018-04-21 13:31:21 Role color: 'Owner' changed from #166f74 to #b65a4c
2018-04-21 13:31:25 Role color: 'Owner' changed from #b65a4c to #78aaf3
2018-04-21 13:31:30 Role color: 'Helper' changed from #553480 to #d488ce
2018-04-21 13:31:34 Role color: 'Owner' changed from #78aaf3 to #b3e543
2018-04-21 13:31:39 Role color: 'Helper' changed from #d488ce to #6d5bce
2018-04-21 13:31:48 Role color: 'Owner' changed from #b3e543 to #376be8
2018-04-21 13:31:57 Role color: 'Owner' changed from #376be8 to #a92e3b
2018-04-21 13:32:06 Role color: 'Helper' changed from #6d5bce to #0b543a
2018-04-21 13:32:10 Role color: 'Owner' changed from #a92e3b to #e96009
2018-04-21 13:32:23 Role color: 'Owner' changed from #e96009 to #20cd5e
2018-04-21 13:32:28 Role color: 'Helper' changed from #0b543a to #1fc6c2
2018-04-21 13:32:36 Role color: 'Owner' changed from #20cd5e to #510440
2018-04-21 13:32:41 Role color: 'Owner' changed from #510440 to #623b67
2018-04-21 13:32:50 Role color: 'Helper' changed from #1fc6c2 to #6d52e6
2018-04-21 13:32:54 Role color: 'Owner' changed from #623b67 to #e5a1b6
2018-04-21 13:33:02 Role color: 'Owner' changed from #e5a1b6 to #966af3
2018-04-21 13:33:07 Role color: 'Helper' changed from #6d52e6 to #f55265
2018-04-21 13:33:11 Role color: 'Owner' changed from #966af3 to #f69c81
2018-04-21 13:33:20 Role color: 'Helper' changed from #f55265 to #351f95
2018-04-21 13:33:25 Role color: 'Owner' changed from #f69c81 to #54df2b
2018-04-21 13:33:29 Role color: 'Owner' changed from #54df2b to #16310a
2018-04-21 13:33:38 Role color: 'Helper' changed from #351f95 to #8f5abf
2018-04-21 13:33:43 Role color: 'Owner' changed from #16310a to #8e297f
2018-04-21 13:33:47 Role color: 'Owner' changed from #8e297f to #ee5305
2018-04-21 13:33:52 Role color: 'Helper' changed from #8f5abf to #dfd1d8
2018-04-21 13:33:57 Role color: 'Owner' changed from #ee5305 to #44480e
2018-04-21 13:34:01 Role color: 'Helper' changed from #dfd1d8 to #03b013
2018-04-21 13:34:06 Role color: 'Owner' changed from #44480e to #3d2ab2
2018-04-21 13:34:15 Role color: 'Owner' changed from #3d2ab2 to #2a93f6
2018-04-21 13:34:20 Role color: 'Helper' changed from #03b013 to #ec2293
2018-04-21 13:34:24 Role color: 'Owner' changed from #2a93f6 to #a6e020
2018-04-21 13:34:33 Role color: 'Owner' changed from #a6e020 to #73d4de
2018-04-21 13:34:38 Role color: 'Helper' changed from #ec2293 to #bcdaca
2018-04-21 13:34:42 Role color: 'Owner' changed from #73d4de to #07513d
2018-04-21 13:34:51 Role color: 'Owner' changed from #07513d to #e7c2d9
2018-04-21 13:34:56 Role color: 'Helper' changed from #bcdaca to #2865a6
2018-04-21 13:35:01 Role color: 'Owner' changed from #e7c2d9 to #7d00bf
2018-04-21 13:35:05 Role color: 'Owner' changed from #7d00bf to #ea68ad
2018-04-21 13:35:10 Role color: 'Helper' changed from #2865a6 to #44994f
2018-04-21 13:35:15 Role color: 'Owner' changed from #ea68ad to #561439
2018-04-21 13:35:19 Role color: 'Owner' changed from #561439 to #a483c6
2018-04-21 13:35:24 Role color: 'Helper' changed from #44994f to #c83c56
2018-04-21 13:35:33 Role color: 'Owner' changed from #a483c6 to #c21ef8
2018-04-21 13:35:37 Role color: 'Helper' changed from #c83c56 to #59ed76
2018-04-21 13:35:41 Role color: 'Owner' changed from #c21ef8 to #ecdf20
2018-04-21 13:35:46 Role color: 'Owner' changed from #ecdf20 to #2726ef
2018-04-21 13:35:50 Role color: 'Helper' changed from #59ed76 to #2a9f70
2018-04-21 13:35:55 Role color: 'Owner' changed from #2726ef to #eb0429
2018-04-21 13:35:59 Role color: 'Owner' changed from #eb0429 to #5952c9
2018-04-21 13:36:12 Role color: 'Helper' changed from #2a9f70 to #ec48b4
2018-04-21 13:36:16 Role color: 'Owner' changed from #5952c9 to #1714a1
2018-04-21 13:36:26 Role color: 'Owner' changed from #1714a1 to #4fc5f0
2018-04-21 13:36:30 Role color: 'Helper' changed from #ec48b4 to #d4b226
2018-04-21 13:36:38 Role color: 'Owner' changed from #4fc5f0 to #d75c0c
2018-04-21 13:36:43 Role color: 'Helper' changed from #d4b226 to #1462be
2018-04-21 13:36:51 Role color: 'Owner' changed from #d75c0c to #e62948
2018-04-21 13:36:56 Role color: 'Owner' changed from #e62948 to #82c015
2018-04-21 13:37:00 Role color: 'Helper' changed from #1462be to #8bc132
2018-04-21 13:37:05 Role color: 'Owner' changed from #82c015 to #b783d6
2018-04-21 13:37:24 Role color: 'Owner' changed from #b783d6 to #dc6d3e
2018-04-21 13:37:28 Role color: 'Helper' changed from #8bc132 to #727f5b
2018-04-21 13:37:33 Role color: 'Owner' changed from #dc6d3e to #bdc4b7
2018-04-21 13:37:41 Role color: 'Helper' changed from #727f5b to #de7f22
2018-04-21 13:37:46 Role color: 'Owner' changed from #bdc4b7 to #0c5efa
2018-04-21 13:37:50 Role color: 'Owner' changed from #0c5efa to #35b68e
2018-04-21 13:37:54 Role color: 'Helper' changed from #de7f22 to #d22168
2018-04-21 13:38:02 Role color: 'Owner' changed from #35b68e to #c710b3
2018-04-21 13:38:12 Role color: 'Owner' changed from #c710b3 to #39ba03
2018-04-21 13:38:16 Role color: 'Helper' changed from #d22168 to #80466a
2018-04-21 13:38:25 Role color: 'Owner' changed from #39ba03 to #af6e58
2018-04-21 13:38:38 Role color: 'Helper' changed from #80466a to #350d22
2018-04-21 13:38:48 Role color: 'Owner' changed from #af6e58 to #1cd76e
2018-04-21 13:38:52 Role color: 'Owner' changed from #1cd76e to #404ef7
2018-04-21 13:39:00 Role color: 'Helper' changed from #350d22 to #57c05d
2018-04-21 13:39:05 Role color: 'Owner' changed from #404ef7 to #fb6c29
2018-04-21 13:39:22 Role color: 'Owner' changed from #fb6c29 to #159f70
2018-04-21 13:39:31 Role color: 'Helper' changed from #57c05d to #6d1f25
2018-04-21 13:39:35 Role color: 'Owner' changed from #159f70 to #47b643
2018-04-21 13:39:40 Role color: 'Owner' changed from #47b643 to #f2d844
2018-04-21 13:39:44 Role color: 'Helper' changed from #6d1f25 to #f40ec4
2018-04-21 13:39:53 Role color: 'Owner' changed from #f2d844 to #e5bcd1
2018-04-21 13:39:57 Role color: 'Helper' changed from #f40ec4 to #a1f2ca
2018-04-21 13:40:10 Role color: 'Owner' changed from #e5bcd1 to #08a0b7
2018-04-21 13:40:14 Role color: 'Owner' changed from #08a0b7 to #84c06b
2018-04-21 13:40:23 Role color: 'Helper' changed from #a1f2ca to #4a2558
2018-04-21 13:40:28 Role color: 'Owner' changed from #84c06b to #4a18ec
2018-04-21 13:40:36 Role color: 'Owner' changed from #4a18ec to #282895
2018-04-21 13:40:40 Role color: 'Helper' changed from #4a2558 to #d38872
2018-04-21 13:40:45 Role color: 'Owner' changed from #282895 to #c78f85
2018-04-21 13:40:53 Role color: 'Helper' changed from #d38872 to #b87371
2018-04-21 13:40:58 Role color: 'Owner' changed from #c78f85 to #5dc41e
2018-04-21 13:41:02 Role color: 'Owner' changed from #5dc41e to #dea1ec
2018-04-21 13:41:11 Role color: 'Helper' changed from #b87371 to #0c5434
2018-04-21 13:41:15 Role color: 'Owner' changed from #dea1ec to #35709d
2018-04-21 13:41:24 Role color: 'Owner' changed from #35709d to #0e4263
2018-04-21 13:41:28 Role color: 'Helper' changed from #0c5434 to #431365
2018-04-21 13:41:37 Role color: 'Owner' changed from #0e4263 to #69f130
2018-04-21 13:41:42 Role color: 'Helper' changed from #431365 to #5283d2
2018-04-21 13:41:50 Role color: 'Owner' changed from #69f130 to #4a4ccb
2018-04-21 13:41:55 Role color: 'Owner' changed from #4a4ccb to #40a3b6
2018-04-21 13:42:04 Role color: 'Helper' changed from #5283d2 to #325869
2018-04-21 13:42:16 Role color: 'Owner' changed from #40a3b6 to #52febc
2018-04-21 13:42:20 Role color: 'Owner' changed from #52febc to #26b375
2018-04-21 13:42:25 Role color: 'Helper' changed from #325869 to #31d76b
2018-04-21 13:42:29 Role color: 'Owner' changed from #26b375 to #9b3322
2018-04-21 13:42:33 Role color: 'Helper' changed from #31d76b to #fd88f8
2018-04-21 13:42:38 Role color: 'Owner' changed from #9b3322 to #73e3df
2018-04-21 13:42:42 Role color: 'Owner' changed from #73e3df to #329b7e
2018-04-21 13:42:55 Role color: 'Helper' changed from #fd88f8 to #a52f59
2018-04-21 13:43:04 Role color: 'Owner' changed from #329b7e to #13685e
2018-04-21 13:43:13 Role color: 'Owner' changed from #13685e to #a55c2d
2018-04-21 13:43:18 Role color: 'Helper' changed from #a52f59 to #94fe5c
2018-04-21 13:43:23 Role color: 'Owner' changed from #a55c2d to #abece4
2018-04-21 13:43:27 Role color: 'Helper' changed from #94fe5c to #70f7f3
2018-04-21 13:43:31 Role color: 'Owner' changed from #abece4 to #9093ed
2018-04-21 13:43:36 Role color: 'Owner' changed from #9093ed to #a6c4e9
2018-04-21 13:43:41 Role color: 'Helper' changed from #70f7f3 to #5f798d
2018-04-21 13:43:45 Role color: 'Owner' changed from #a6c4e9 to #ea3da3
2018-04-21 13:43:54 Role color: 'Owner' changed from #ea3da3 to #209886
2018-04-21 13:43:59 Role color: 'Helper' changed from #5f798d to #95651c
2018-04-21 13:44:04 Role color: 'Owner' changed from #209886 to #065078
2018-04-21 13:44:08 Role color: 'Helper' changed from #95651c to #bad972
2018-04-21 13:44:13 Role color: 'Owner' changed from #065078 to #20b96a
2018-04-21 13:44:22 Role color: 'Owner' changed from #20b96a to #7d462b
2018-04-21 13:44:31 Role color: 'Helper' changed from #bad972 to #f8000a
2018-04-21 13:44:35 Role color: 'Owner' changed from #7d462b to #8b2888
2018-04-21 13:44:40 Role color: 'Owner' changed from #8b2888 to #50dcbb
2018-04-21 13:44:44 Role color: 'Helper' changed from #f8000a to #14f1ae
2018-04-21 13:44:57 Role color: 'Owner' changed from #50dcbb to #a94ba9
2018-04-21 13:45:02 Role color: 'Owner' changed from #a94ba9 to #8d9589
2018-04-21 13:45:06 Role color: 'Helper' changed from #14f1ae to #fe7c02
2018-04-21 13:45:10 Role color: 'Owner' changed from #8d9589 to #2a5f7e
2018-04-21 13:45:19 Role color: 'Helper' changed from #fe7c02 to #8eaeab
2018-04-21 13:45:24 Role color: 'Owner' changed from #2a5f7e to #ef916c
2018-04-21 13:45:33 Role color: 'Owner' changed from #ef916c to #73e640
2018-04-21 13:45:38 Role color: 'Helper' changed from #8eaeab to #c57423
2018-04-21 13:45:42 Role color: 'Owner' changed from #73e640 to #a6a980
2018-04-21 13:45:51 Role color: 'Owner' changed from #a6a980 to #815d33
2018-04-21 13:45:55 Role color: 'Helper' changed from #c57423 to #199f6c
2018-04-21 13:46:04 Role color: 'Owner' changed from #815d33 to #7595f5
2018-04-21 13:46:13 Role color: 'Owner' changed from #7595f5 to #5b20e7
2018-04-21 13:46:17 Role color: 'Helper' changed from #199f6c to #4e8df3
2018-04-21 13:46:21 Role color: 'Owner' changed from #5b20e7 to #fbd1ba
2018-04-21 13:46:30 Role color: 'Owner' changed from #fbd1ba to #4b9392
2018-04-21 13:46:35 Role color: 'Helper' changed from #4e8df3 to #658413
2018-04-21 13:46:39 Role color: 'Owner' changed from #4b9392 to #73f9c9
2018-04-21 13:46:44 Role color: 'Owner' changed from #73f9c9 to #52e69a
2018-04-21 13:46:48 Role color: 'Helper' changed from #658413 to #45277d
2018-04-21 13:46:53 Role color: 'Owner' changed from #52e69a to #6faa18
2018-04-21 13:46:58 Role color: 'Owner' changed from #6faa18 to #011789
2018-04-21 13:47:06 Role color: 'Helper' changed from #45277d to #ae5f9a
2018-04-21 13:47:16 Role color: 'Owner' changed from #011789 to #51fa7c
2018-04-21 13:47:21 Role color: 'Owner' changed from #51fa7c to #4ddd12
2018-04-21 13:47:25 Role color: 'Helper' changed from #ae5f9a to #722582
2018-04-21 13:47:34 Role color: 'Owner' changed from #4ddd12 to #5069a5
2018-04-21 13:47:38 Role color: 'Helper' changed from #722582 to #4b1b87
2018-04-21 13:47:43 Role color: 'Owner' changed from #5069a5 to #d7e63e
2018-04-21 13:47:49 Role color: 'Owner' changed from #d7e63e to #3a1e35
2018-04-21 13:47:56 Role color: 'Helper' changed from #4b1b87 to #6e7fdd
2018-04-21 13:48:00 Role color: 'Owner' changed from #3a1e35 to #2ba642
2018-04-21 13:48:05 Role color: 'Owner' changed from #2ba642 to #faf3be
2018-04-21 13:48:09 Role color: 'Helper' changed from #6e7fdd to #c71c22
2018-04-21 13:48:18 Role color: 'Owner' changed from #faf3be to #ff89dc
2018-04-21 13:48:23 Role color: 'Helper' changed from #c71c22 to #d9fb4e
2018-04-21 13:48:31 Role color: 'Owner' changed from #ff89dc to #f73263
2018-04-21 13:48:36 Role color: 'Owner' changed from #f73263 to #d3b261
2018-04-21 13:48:45 Role color: 'Helper' changed from #d9fb4e to #15e226
2018-04-21 13:49:02 Role color: 'Owner' changed from #d3b261 to #faac04
2018-04-21 13:49:07 Role color: 'Owner' changed from #faac04 to #d2cbc3
2018-04-21 13:49:16 Role color: 'Helper' changed from #15e226 to #ff4d9d
2018-04-21 13:49:20 Role color: 'Owner' changed from #d2cbc3 to #7b61a7
2018-04-21 13:49:29 Role color: 'Owner' changed from #7b61a7 to #fc5769
2018-04-21 13:49:33 Role color: 'Helper' changed from #ff4d9d to #37f4a1
2018-04-21 13:49:38 Role color: 'Owner' changed from #fc5769 to #b3b82f
2018-04-21 13:49:42 Role color: 'Helper' changed from #37f4a1 to #475191
2018-04-21 13:49:47 Role color: 'Owner' changed from #b3b82f to #1106fb
2018-04-21 13:49:56 Role color: 'Owner' changed from #1106fb to #689cf9
2018-04-21 13:50:05 Role color: 'Helper' changed from #475191 to #2cab9c
2018-04-21 13:50:32 Role color: 'Owner' changed from #689cf9 to #ff3acc
2018-04-21 13:50:36 Role color: 'Helper' changed from #2cab9c to #68c893
2018-04-21 13:50:41 Role color: 'Owner' changed from #ff3acc to #8a0241
2018-04-21 13:50:46 Role color: 'Owner' changed from #8a0241 to #c3bbac
2018-04-21 13:50:50 Role color: 'Helper' changed from #68c893 to #f939d8
2018-04-21 13:50:54 Role color: 'Owner' changed from #c3bbac to #2cbe72
2018-04-21 13:50:59 Role color: 'Helper' changed from #f939d8 to #b95c35
2018-04-21 13:51:07 Role color: 'Owner' changed from #2cbe72 to #2720b2
2018-04-21 13:51:12 Role color: 'Owner' changed from #2720b2 to #e6a4a0
2018-04-21 13:51:21 Role color: 'Helper' changed from #b95c35 to #a8bb6d
2018-04-21 13:51:25 Role color: 'Owner' changed from #e6a4a0 to #2b0271
2018-04-21 13:51:29 Role color: 'Owner' changed from #2b0271 to #ece01f
2018-04-21 13:51:38 Role color: 'Helper' changed from #a8bb6d to #9f0afd
2018-04-21 13:51:42 Role color: 'Owner' changed from #ece01f to #6c0659
2018-04-21 13:51:51 Role color: 'Owner' changed from #6c0659 to #5b8fbd
2018-04-21 13:52:00 Role color: 'Helper' changed from #9f0afd to #92e248
2018-04-21 13:52:09 Role color: 'Owner' changed from #5b8fbd to #f9ca18
2018-04-21 13:52:14 Role color: 'Owner' changed from #f9ca18 to #9b0290
2018-04-21 13:52:19 Role color: 'Helper' changed from #92e248 to #10003b
2018-04-21 13:52:27 Role color: 'Owner' changed from #9b0290 to #6c36dc
2018-04-21 13:52:32 Role color: 'Helper' changed from #10003b to #aef1d7
2018-04-21 13:52:36 Role color: 'Owner' changed from #6c36dc to #fc5ff7
2018-04-21 13:52:40 Role color: 'Owner' changed from #fc5ff7 to #ad351a
2018-04-21 13:52:45 Role color: 'Helper' changed from #aef1d7 to #d6e008
2018-04-21 13:52:57 Role color: 'Owner' changed from #ad351a to #4d4257
2018-04-21 13:53:02 Role color: 'Owner' changed from #4d4257 to #67d7c8
2018-04-21 13:53:06 Role color: 'Helper' changed from #d6e008 to #0aaa49
2018-04-21 13:53:10 Member join: @ZAKCESNOVAR#3235 (id 348013891625943041)
2018-04-21 13:53:15 Role color: 'Owner' changed from #67d7c8 to #58ff15
2018-04-21 13:53:19 Role color: 'Helper' changed from #0aaa49 to #7a5d8b
2018-04-21 13:53:24 Role color: 'Owner' changed from #58ff15 to #06f49e
2018-04-21 13:53:28 Role color: 'Owner' changed from #06f49e to #4aca2f
2018-04-21 13:53:32 Role color: 'Helper' changed from #7a5d8b to #fcb679
2018-04-21 13:53:37 Role color: 'Owner' changed from #4aca2f to #69a47c
2018-04-21 13:53:41 Role color: 'Owner' changed from #69a47c to #bceb30
2018-04-21 13:53:54 Role color: 'Helper' changed from #fcb679 to #3d676b
2018-04-21 13:53:59 Role color: 'Owner' changed from #bceb30 to #dfeb9b
2018-04-21 13:54:03 Role color: 'Owner' changed from #dfeb9b to #53b572
2018-04-21 13:54:08 Role color: 'Helper' changed from #3d676b to #91f153
2018-04-21 13:54:25 Role color: 'Owner' changed from #53b572 to #43c291
2018-04-21 13:54:35 Role color: 'Helper' changed from #91f153 to #f0ce6d
2018-04-21 13:54:39 Role color: 'Owner' changed from #43c291 to #78dd67
2018-04-21 13:54:47 Role color: 'Owner' changed from #78dd67 to #10e7aa
2018-04-21 13:54:52 Role color: 'Helper' changed from #f0ce6d to #b085b1
2018-04-21 13:55:01 Role color: 'Owner' changed from #10e7aa to #193e6d
2018-04-21 13:55:05 Role color: 'Owner' changed from #193e6d to #83f2ec
2018-04-21 13:55:18 Role color: 'Helper' changed from #b085b1 to #2c198c
2018-04-21 13:55:22 Role color: 'Owner' changed from #83f2ec to #88acc0
2018-04-21 13:55:26 Role color: 'Owner' changed from #88acc0 to #e8e131
2018-04-21 13:55:40 Role color: 'Helper' changed from #2c198c to #971e10
2018-04-21 13:55:44 Role color: 'Owner' changed from #e8e131 to #3aea1a
2018-04-21 13:55:48 Role color: 'Owner' changed from #3aea1a to #e93129
2018-04-21 13:55:57 Role color: 'Helper' changed from #971e10 to #7167f4
2018-04-21 13:56:02 Role color: 'Owner' changed from #e93129 to #0cf40f
2018-04-21 13:56:15 Role color: 'Owner' changed from #0cf40f to #279618
2018-04-21 13:56:19 Role color: 'Helper' changed from #7167f4 to #73c9cf
2018-04-21 13:56:24 Role color: 'Owner' changed from #279618 to #c5df62
2018-04-21 13:56:28 Role color: 'Helper' changed from #73c9cf to #560dfc
2018-04-21 13:56:45 Role color: 'Owner' changed from #c5df62 to #40e6ab
2018-04-21 13:56:49 Role color: 'Owner' changed from #40e6ab to #36995a
2018-04-21 13:56:58 Role color: 'Helper' changed from #560dfc to #cd82d2
2018-04-21 13:57:02 Role color: 'Owner' changed from #36995a to #4026f4
2018-04-21 13:57:07 Role color: 'Owner' changed from #4026f4 to #06dfca
2018-04-21 13:57:12 Role color: 'Helper' changed from #cd82d2 to #1ce56a
2018-04-21 13:57:21 Role color: 'Owner' changed from #06dfca to #894c0d
2018-04-21 13:57:25 Role color: 'Helper' changed from #1ce56a to #95bc45
2018-04-21 13:57:33 Role color: 'Owner' changed from #894c0d to #fd5400
2018-04-21 13:57:43 Role color: 'Owner' changed from #fd5400 to #d9e3c7
2018-04-21 13:57:47 Role color: 'Helper' changed from #95bc45 to #b511b7
2018-04-21 13:57:56 Role color: 'Owner' changed from #d9e3c7 to #5aed43
2018-04-21 13:58:01 Role color: 'Owner' changed from #5aed43 to #ef5554
2018-04-21 13:58:15 Role color: 'Helper' changed from #b511b7 to #8e22a1
2018-04-21 13:58:19 Role color: 'Owner' changed from #ef5554 to #cc486d
2018-04-21 13:58:28 Role color: 'Owner' changed from #cc486d to #bb5c16
2018-04-21 13:58:32 Role color: 'Helper' changed from #8e22a1 to #0fad76
2018-04-21 13:58:50 Role color: 'Owner' changed from #bb5c16 to #1814df
2018-04-21 13:58:54 Role color: 'Helper' changed from #0fad76 to #c92280
2018-04-21 13:58:59 Role color: 'Owner' changed from #1814df to #4ab69f
2018-04-21 13:59:08 Role color: 'Owner' changed from #4ab69f to #7e0e8a
2018-04-21 13:59:21 Role color: 'Helper' changed from #c92280 to #abbc42
2018-04-21 13:59:25 Role color: 'Owner' changed from #7e0e8a to #7d6d2e
2018-04-21 13:59:29 Role color: 'Owner' changed from #7d6d2e to #214f05
2018-04-21 13:59:38 Role color: 'Helper' changed from #abbc42 to #706963
2018-04-21 13:59:47 Role color: 'Owner' changed from #214f05 to #b4576c
2018-04-21 13:59:57 Role color: 'Owner' changed from #b4576c to #27dce5
2018-04-21 14:00:01 Role color: 'Helper' changed from #706963 to #e1f77a
2018-04-21 14:00:06 Role color: 'Owner' changed from #27dce5 to #4c216c
2018-04-21 14:00:10 Role color: 'Helper' changed from #e1f77a to #4f6d7a
2018-04-21 14:00:15 Role color: 'Owner' changed from #4c216c to #e80b96
2018-04-21 14:00:28 Role color: 'Owner' changed from #e80b96 to #4bf793
2018-04-21 14:00:32 Role color: 'Helper' changed from #4f6d7a to #412117
2018-04-21 14:00:45 Role color: 'Owner' changed from #4bf793 to #a6ad17
2018-04-21 14:00:49 Role color: 'Owner' changed from #a6ad17 to #ca3b8e
2018-04-21 14:00:58 Role color: 'Helper' changed from #412117 to #40f89d
2018-04-21 14:01:02 Role color: 'Owner' changed from #ca3b8e to #8acb90
2018-04-21 14:01:11 Role color: 'Owner' changed from #8acb90 to #cfdd8a
2018-04-21 14:01:20 Role color: 'Helper' changed from #40f89d to #82c012
2018-04-21 14:01:24 Role color: 'Owner' changed from #cfdd8a to #2dd136
2018-04-21 14:01:34 Role color: 'Owner' changed from #2dd136 to #a19bae
2018-04-21 14:01:43 Role color: 'Helper' changed from #82c012 to #af8f0a
2018-04-21 14:01:47 Role color: 'Owner' changed from #a19bae to #773267
2018-04-21 14:01:52 Role color: 'Owner' changed from #773267 to #bce87d
2018-04-21 14:01:56 Role color: 'Helper' changed from #af8f0a to #fef5d4
2018-04-21 14:02:05 Role color: 'Owner' changed from #bce87d to #1aa4b8
2018-04-21 14:02:09 Role color: 'Helper' changed from #fef5d4 to #a11321
2018-04-21 14:02:13 Role color: 'Owner' changed from #1aa4b8 to #df091b
2018-04-21 14:02:18 Role color: 'Owner' changed from #df091b to #fe1dc8
2018-04-21 14:02:23 Role color: 'Helper' changed from #a11321 to #96c807
2018-04-21 14:02:31 Role color: 'Owner' changed from #fe1dc8 to #5bdd28
2018-04-21 14:02:41 Role color: 'Owner' changed from #5bdd28 to #f0d5a0
2018-04-21 14:02:50 Role color: 'Helper' changed from #96c807 to #bc3160
2018-04-21 14:02:54 Role color: 'Owner' changed from #f0d5a0 to #961712
2018-04-21 14:03:04 Role color: 'Owner' changed from #961712 to #088e36
2018-04-21 14:03:08 Role color: 'Helper' changed from #bc3160 to #881201
2018-04-21 14:03:12 Role color: 'Owner' changed from #088e36 to #8ed3e6
2018-04-21 14:03:18 Role color: 'Helper' changed from #881201 to #8f771a
2018-04-21 14:03:27 Role color: 'Owner' changed from #8ed3e6 to #9fdd98
2018-04-21 14:03:31 Role color: 'Owner' changed from #9fdd98 to #547ad9
2018-04-21 14:03:40 Role color: 'Helper' changed from #8f771a to #45c465
2018-04-21 14:03:45 Role color: 'Owner' changed from #547ad9 to #0b4acd
2018-04-21 14:03:49 Role color: 'Owner' changed from #0b4acd to #0907be
2018-04-21 14:03:54 Role color: 'Helper' changed from #45c465 to #35856a
2018-04-21 14:03:58 Role color: 'Owner' changed from #0907be to #5442c4
2018-04-21 14:04:08 Role color: 'Helper' changed from #35856a to #e3351d
2018-04-21 14:04:22 Role color: 'Owner' changed from #5442c4 to #bc8b30
2018-04-21 14:04:26 Role color: 'Owner' changed from #bc8b30 to #6c8098
2018-04-21 14:04:35 Role color: 'Helper' changed from #e3351d to #0f3a86
2018-04-21 14:04:39 Role color: 'Owner' changed from #6c8098 to #3289dc
2018-04-21 14:04:48 Role color: 'Owner' changed from #3289dc to #7fbde3
2018-04-21 14:04:52 Role color: 'Helper' changed from #0f3a86 to #6634f5
2018-04-21 14:05:05 Role color: 'Owner' changed from #7fbde3 to #6a2f6a
2018-04-21 14:05:10 Role color: 'Helper' changed from #6634f5 to #b803e8
2018-04-21 14:05:19 Role color: 'Owner' changed from #6a2f6a to #b803d4
2018-04-21 14:05:23 Role color: 'Owner' changed from #b803d4 to #ff122c
2018-04-21 14:05:36 Role color: 'Helper' changed from #b803e8 to #e5a244
2018-04-21 14:05:45 Role color: 'Owner' changed from #ff122c to #6647c1
2018-04-21 14:05:49 Role color: 'Owner' changed from #6647c1 to #4bc2e6
2018-04-21 14:05:54 Role color: 'Helper' changed from #e5a244 to #82e0e9
2018-04-21 14:05:58 Role color: 'Owner' changed from #4bc2e6 to #ff2c2f
2018-04-21 14:06:11 Role color: 'Helper' changed from #82e0e9 to #811f2b
2018-04-21 14:06:15 Role color: 'Owner' changed from #ff2c2f to #d0d867
2018-04-21 14:06:20 Role color: 'Owner' changed from #d0d867 to #1f3326
2018-04-21 14:06:24 Role color: 'Helper' changed from #811f2b to #d81b1a
2018-04-21 14:06:29 Role color: 'Owner' changed from #1f3326 to #c89f52
2018-04-21 14:06:33 Role color: 'Owner' changed from #c89f52 to #3afdca
2018-04-21 14:06:38 Role color: 'Helper' changed from #d81b1a to #c4cc8a
2018-04-21 14:06:46 Role color: 'Owner' changed from #3afdca to #bec162
2018-04-21 14:06:51 Role color: 'Helper' changed from #c4cc8a to #f837a1
2018-04-21 14:06:55 Role color: 'Owner' changed from #bec162 to #ac9bd9
2018-04-21 14:07:00 Role color: 'Owner' changed from #ac9bd9 to #1bcce8
2018-04-21 14:07:05 Role color: 'Helper' changed from #f837a1 to #5b756c
2018-04-21 14:07:09 Role color: 'Owner' changed from #1bcce8 to #4fcf99
2018-04-21 14:07:18 Role color: 'Owner' changed from #4fcf99 to #05716f
2018-04-21 14:07:23 Role color: 'Helper' changed from #5b756c to #d3375f
2018-04-21 14:07:27 Role color: 'Owner' changed from #05716f to #afb660
2018-04-21 14:07:36 Role color: 'Helper' changed from #d3375f to #057d44
2018-04-21 14:07:40 Role color: 'Owner' changed from #afb660 to #6f066a
2018-04-21 14:07:49 Role color: 'Owner' changed from #6f066a to #6f6e9d
2018-04-21 14:07:54 Role color: 'Helper' changed from #057d44 to #262a3b
2018-04-21 14:08:02 Role color: 'Owner' changed from #6f6e9d to #90453b
2018-04-21 14:08:07 Role color: 'Owner' changed from #90453b to #d69aa0
2018-04-21 14:08:15 Role color: 'Helper' changed from #262a3b to #288f04
2018-04-21 14:08:20 Role color: 'Owner' changed from #d69aa0 to #779e8d
2018-04-21 14:08:24 Role color: 'Owner' changed from #779e8d to #1e3113
2018-04-21 14:08:29 Role color: 'Helper' changed from #288f04 to #6d0abb
2018-04-21 14:08:38 Role color: 'Owner' changed from #1e3113 to #1da81c
2018-04-21 14:08:47 Role color: 'Helper' changed from #6d0abb to #3db93a
2018-04-21 14:08:52 Role color: 'Owner' changed from #1da81c to #16caad
2018-04-21 14:08:56 Role color: 'Owner' changed from #16caad to #d7ff5f
2018-04-21 14:09:01 Role color: 'Helper' changed from #3db93a to #e27ca4
2018-04-21 14:09:10 Role color: 'Owner' changed from #d7ff5f to #17f3a1
2018-04-21 14:09:18 Role color: 'Owner' changed from #17f3a1 to #3b44ea
2018-04-21 14:09:23 Role color: 'Helper' changed from #e27ca4 to #575695
2018-04-21 14:09:32 Role color: 'Owner' changed from #3b44ea to #006e4d
2018-04-21 14:09:41 Role color: 'Helper' changed from #575695 to #90bd85
2018-04-21 14:09:46 Role color: 'Owner' changed from #006e4d to #bfe601
2018-04-21 14:09:50 Role color: 'Owner' changed from #bfe601 to #23532c
2018-04-21 14:09:55 Role color: 'Helper' changed from #90bd85 to #21df62
2018-04-21 14:10:00 Role color: 'Owner' changed from #23532c to #c161c3
2018-04-21 14:10:09 Role color: 'Owner' changed from #c161c3 to #c925fe
2018-04-21 14:10:14 Role color: 'Helper' changed from #21df62 to #0bd8d0
2018-04-21 14:10:28 Role color: 'Owner' changed from #c925fe to #8f83fd
2018-04-21 14:10:33 Role color: 'Helper' changed from #0bd8d0 to #7870dc
2018-04-21 14:10:42 Role color: 'Owner' changed from #8f83fd to #8ab2d0
2018-04-21 14:10:50 Role color: 'Owner' changed from #8ab2d0 to #d03171
2018-04-21 14:10:55 Role color: 'Helper' changed from #7870dc to #5f106c
2018-04-21 14:11:04 Role color: 'Owner' changed from #d03171 to #3d6dc2
2018-04-21 14:11:09 Role color: 'Owner' changed from #3d6dc2 to #67763f
2018-04-21 14:11:13 Role color: 'Helper' changed from #5f106c to #477e50
2018-04-21 14:11:17 Role color: 'Owner' changed from #67763f to #1ab361
2018-04-21 14:11:22 Role color: 'Owner' changed from #1ab361 to #858dff
2018-04-21 14:11:26 Role color: 'Helper' changed from #477e50 to #0b65c5
2018-04-21 14:11:30 Role color: 'Owner' changed from #858dff to #4ce955
2018-04-21 14:11:39 Role color: 'Helper' changed from #0b65c5 to #d22374
2018-04-21 14:11:43 Role color: 'Owner' changed from #4ce955 to #98508a
2018-04-21 14:11:48 Role color: 'Owner' changed from #98508a to #90a984
2018-04-21 14:11:53 Role color: 'Helper' changed from #d22374 to #17c2af
2018-04-21 14:12:01 Role color: 'Owner' changed from #90a984 to #f68187
2018-04-21 14:12:06 Role color: 'Owner' changed from #f68187 to #837a4d
2018-04-21 14:12:20 Role color: 'Helper' changed from #17c2af to #7f509e
2018-04-21 14:12:24 Role color: 'Owner' changed from #837a4d to #2543e1
2018-04-21 14:12:33 Role color: 'Owner' changed from #2543e1 to #0fe826
2018-04-21 14:12:37 Role color: 'Helper' changed from #7f509e to #94f6aa
2018-04-21 14:12:42 Role color: 'Owner' changed from #0fe826 to #d87e21
2018-04-21 14:12:46 Role color: 'Helper' changed from #94f6aa to #af5d80
2018-04-21 14:12:51 Role color: 'Owner' changed from #d87e21 to #997669
2018-04-21 14:12:55 Role color: 'Owner' changed from #997669 to #bd1393
2018-04-21 14:13:09 Role color: 'Helper' changed from #af5d80 to #360767
2018-04-21 14:13:14 Role color: 'Owner' changed from #bd1393 to #305a34
2018-04-21 14:13:22 Role color: 'Owner' changed from #305a34 to #b86098
2018-04-21 14:13:27 Role color: 'Helper' changed from #360767 to #1f551e
2018-04-21 14:13:31 Role color: 'Owner' changed from #b86098 to #402eb2
2018-04-21 14:13:36 Role color: 'Helper' changed from #1f551e to #928f89
2018-04-21 14:13:41 Role color: 'Owner' changed from #402eb2 to #9c94f3
2018-04-21 14:13:50 Role color: 'Owner' changed from #9c94f3 to #9bae62
2018-04-21 14:13:54 Role color: 'Helper' changed from #928f89 to #9654be
2018-04-21 14:13:58 Role color: 'Owner' changed from #9bae62 to #229091
2018-04-21 14:14:03 Role color: 'Owner' changed from #229091 to #9cc0db
2018-04-21 14:14:07 Role color: 'Helper' changed from #9654be to #4976f2
2018-04-21 14:14:12 Role color: 'Owner' changed from #9cc0db to #d938f9
2018-04-21 14:14:16 Role color: 'Owner' changed from #d938f9 to #a7c42a
2018-04-21 14:14:21 Role color: 'Helper' changed from #4976f2 to #03b7f6
2018-04-21 14:14:25 Role color: 'Owner' changed from #a7c42a to #5d5c32
2018-04-21 14:14:34 Role color: 'Helper' changed from #03b7f6 to #852982
2018-04-21 14:14:43 Role color: 'Owner' changed from #5d5c32 to #410013
2018-04-21 14:14:48 Role color: 'Owner' changed from #410013 to #72b575
2018-04-21 14:14:52 Role color: 'Helper' changed from #852982 to #9a1033
2018-04-21 14:14:57 Role color: 'Owner' changed from #72b575 to #a40c49
2018-04-21 14:15:05 Role color: 'Owner' changed from #a40c49 to #2438d7
2018-04-21 14:15:10 Role color: 'Helper' changed from #9a1033 to #4da723
2018-04-21 14:15:14 Role color: 'Owner' changed from #2438d7 to #e2c52c
2018-04-21 14:15:18 Role color: 'Helper' changed from #4da723 to #9f0666
2018-04-21 14:15:27 Role color: 'Owner' changed from #e2c52c to #cce446
2018-04-21 14:15:36 Role color: 'Owner' changed from #cce446 to #bb6041
2018-04-21 14:15:41 Role color: 'Helper' changed from #9f0666 to #479b92
2018-04-21 14:15:50 Role color: 'Owner' changed from #bb6041 to #5273d7
2018-04-21 14:15:59 Role color: 'Owner' changed from #5273d7 to #066292
2018-04-21 14:16:13 Role color: 'Helper' changed from #479b92 to #105d7b
2018-04-21 14:16:23 Role color: 'Owner' changed from #066292 to #14fdff
2018-04-21 14:16:32 Role color: 'Owner' changed from #14fdff to #342520
2018-04-21 14:16:40 Role color: 'Helper' changed from #105d7b to #86517f
2018-04-21 14:16:45 Role color: 'Owner' changed from #342520 to #56e075
2018-04-21 14:16:50 Role color: 'Owner' changed from #56e075 to #27e3a7
2018-04-21 14:16:59 Role color: 'Helper' changed from #86517f to #df9df1
2018-04-21 14:17:08 Role color: 'Owner' changed from #27e3a7 to #c3d8a3
2018-04-21 14:17:12 Role color: 'Owner' changed from #c3d8a3 to #54d9c3
2018-04-21 14:17:17 Role color: 'Helper' changed from #df9df1 to #c2c16f
2018-04-21 14:17:25 Role color: 'Owner' changed from #54d9c3 to #8c44aa
2018-04-21 14:17:34 Role color: 'Helper' changed from #c2c16f to #dd00b5
2018-04-21 14:17:49 Role color: 'Owner' changed from #8c44aa to #d1db04
2018-04-21 14:17:58 Role color: 'Owner' changed from #d1db04 to #6b112b
2018-04-21 14:18:07 Role color: 'Helper' changed from #dd00b5 to #cd6e1e
2018-04-21 14:18:11 Role color: 'Owner' changed from #6b112b to #457957
2018-04-21 14:18:16 Role color: 'Owner' changed from #457957 to #577dfc
2018-04-21 14:18:20 Role color: 'Helper' changed from #cd6e1e to #fe0469
2018-04-21 14:18:24 Role color: 'Owner' changed from #577dfc to #b3ebe6
2018-04-21 14:18:33 Role color: 'Owner' changed from #b3ebe6 to #8c807e
2018-04-21 14:18:38 Role color: 'Helper' changed from #fe0469 to #ce723c
2018-04-21 14:18:48 Role color: 'Owner' changed from #8c807e to #ddf595
2018-04-21 14:18:58 Role color: 'Helper' changed from #ce723c to #cb6447
2018-04-21 14:19:02 Role color: 'Owner' changed from #ddf595 to #0e56ea
2018-04-21 14:19:06 Role color: 'Owner' changed from #0e56ea to #42b1c1
2018-04-21 14:19:11 Role color: 'Helper' changed from #cb6447 to #79ef69
2018-04-21 14:19:16 Role color: 'Owner' changed from #42b1c1 to #06bd0f
2018-04-21 14:19:20 Role color: 'Owner' changed from #06bd0f to #ddda79
2018-04-21 14:19:25 Role color: 'Helper' changed from #79ef69 to #657733
2018-04-21 14:19:30 Role color: 'Owner' changed from #ddda79 to #262996
2018-04-21 14:19:40 Role color: 'Helper' changed from #657733 to #a4ba61
2018-04-21 14:19:48 Role color: 'Owner' changed from #262996 to #37678c
2018-04-21 14:19:53 Role color: 'Owner' changed from #37678c to #654034
2018-04-21 14:19:58 Role color: 'Helper' changed from #a4ba61 to #33e4a9
2018-04-21 14:20:02 Role color: 'Owner' changed from #654034 to #50adce
2018-04-21 14:20:12 Role color: 'Owner' changed from #50adce to #a85482
2018-04-21 14:20:21 Role color: 'Helper' changed from #33e4a9 to #d6effa
2018-04-21 14:20:30 Role color: 'Owner' changed from #a85482 to #a6a186
2018-04-21 14:20:44 Role color: 'Owner' changed from #a6a186 to #70736a
2018-04-21 14:20:49 Role color: 'Helper' changed from #d6effa to #052a60
2018-04-21 14:20:54 Role color: 'Owner' changed from #70736a to #944af8
2018-04-21 14:20:58 Role color: 'Helper' changed from #052a60 to #0aa2d7
2018-04-21 14:21:05 Role color: 'Owner' changed from #944af8 to #6207f3
2018-04-21 14:21:07 Role color: 'Owner' changed from #6207f3 to #88c3d6
2018-04-21 14:21:12 Role color: 'Helper' changed from #0aa2d7 to #1fb6b1
2018-04-21 14:21:17 Role color: 'Owner' changed from #88c3d6 to #7a4067
2018-04-21 14:21:26 Role color: 'Owner' changed from #7a4067 to #c5e79f
2018-04-21 14:21:35 Role color: 'Helper' changed from #1fb6b1 to #fcc60e
2018-04-21 14:21:43 Role deleted: 'Synapse' (id 437225289928540160)
2018-04-21 14:21:43 Member leave: @Synapse#0692 (id 435538622293344266)
2018-04-21 14:21:43 this bot left the server
