2018-04-30 15:53:41 #ุดุงุช-ุงูุจุงุฑุชู @ููุงุฉ ุงูุนุงุฒูู 1k  โณ7ฬฬณ#3036: https://r.agar.io/?party=ZQZSZD @โeveryone
2018-04-30 15:53:42 #ุดุงุช-ุงูุจุงุฑุชู @ููุงุฉ ุงูุนุงุฒูู 1k  โณ7ฬฬณ#3036 edited message from 2018-04-30 15:53:41 (https://r.agar.io/?party=ZQZSZD @โeveryone) to read: https://r.agar.io/?party=ZQZSZD @โeveryone
2018-04-30 15:53:48 #ุดุงุช-ุงูุจุงุฑุชู @...,,,,,#2346: ูููููููู
2018-04-30 15:54:09 #ุดุงุช-ุงูุจุงุฑุชู @๐โแซัฆ๊ซโแฅ๊ /Mูู7#4882: ููุง ุงุฏุฎูู
2018-04-30 15:54:11 #ุดุงุช-ุงูุจุงุฑุชู @ูุงูุชุฑ โณ7ฬฬณ#9226: @...,,,,,# 2346 ููุด ุชุถุญู ฺพฺพฺพฺพฺพฺพฺพฺพฺพฺพฺพฺพฺพฺพฺพฺพฺพฺพฺพฺพฺพฺพฺพฺพฺพฺพฺพฺพฺพฺพฺพฺพฺพฺพฺพฺพฺพฺพฺพฺพฺพฺพฺพฺพฺพฺพฺพฺพฺพฺพฺพฺพฺพฺพฺพฺพฺพฺพฺพฺพ "ฬฏ๐๐๐ึ'ุก !
2018-04-30 15:54:16 #ุดุงุช-ุงูุจุงุฑุชู @...,,,,,#2346: ุจุณ
2018-04-30 15:54:25 #ุดุงุช-ุงูุจุงุฑุชู @ูุงูุชุฑ โณ7ฬฬณ#9226: ุนุจูู ููุฏ ุนูู ฺพฺพฺพฺพฺพฺพฺพฺพฺพฺพฺพฺพฺพฺพฺพฺพฺพฺพฺพฺพฺพฺพฺพฺพฺพฺพฺพฺพฺพฺพฺพฺพฺพฺพฺพฺพฺพฺพฺพฺพฺพฺพฺพฺพฺพฺพฺพฺพฺพฺพฺพฺพฺพฺพฺพฺพฺพฺพฺพฺพ "ฬฏ๐๐๐ึ'ุก !
2018-04-30 15:54:36 #ุดุงุช-ุงูุจุงุฑุชู @...,,,,,#2346: ุจุนุฏูู ุชุนุฑู
2018-04-30 15:54:39 #ุดุงุช-ุงูุจุงุฑุชู @ุณุนุฏ  โฝแค๐#5945: ุชุงู
2018-04-30 15:54:40 #ุดุงุช-ุงูุจุงุฑุชู @ProBot โจ#5803: ุงุณูู ููุง  โณ7ฬฬณ
2018-04-30 15:55:57 #ุดุงุช-ุงูุจุงุฑุชู @โณ7ฬฬณเผแดสแดแดแดเผ#7203: https://r.agar.io/?party=PME3NT
2018-04-30 16:24:48 #ุดุงุช-ุงูุจุงุฑุชู @ใrawa8aan{ ๐ช๐ใ#3583: ุงูุณูุงู ุนูููู ูุฑุญูุฉ ุงููู ูุจุฑูุงุชู
2018-04-30 16:24:59 #ุดุงุช-ุงูุจุงุฑุชู @ใrawa8aan{ ๐ช๐ใ#3583: ููู ุนูุฏู ูุนุจุฉ Free Fire
2018-04-30 16:30:30 #ุดุงุช-ุงูุจุงุฑุชู @ใโณ7ฬฬณใ๊ฅุจุงุฑฺชุฑ๊ฅ#4687: ููููููููููู ูููุช ุฎุฑุจ ุงูู
2018-04-30 16:30:43 #ุดุงุช-ุงูุจุงุฑุชู @ใโณ7ฬฬณใ๊ฅุจุงุฑฺชุฑ๊ฅ#4687: ูููู ุงูุนุถูู ุงูุชู ุฒููู
2018-04-30 16:30:52 #ุดุงุช-ุงูุจุงุฑุชู @ใโณ7ฬฬณใ๊ฅุจุงุฑฺชุฑ๊ฅ#4687: ููุงุจ ุชุนุทููู ูููุช ููุด ุชููููู
2018-04-30 16:30:59 #ุดุงุช-ุงูุจุงุฑุชู @!           ุจุงุฒูฺชุง ุงุฒ ููุฑ ๐โค#7620: ๐
2018-04-30 16:31:29 #ุดุงุช-ุงูุจุงุฑุชู @ใโณ7ฬฬณใ๊ฅุจุงุฑฺชุฑ๊ฅ#4687: @!           ุจุงุฒูฺชุง ุงุฒ ููุฑ ๐โค
2018-04-30 16:31:36 #ุดุงุช-ุงูุจุงุฑุชู @ใโณ7ฬฬณใ๊ฅุจุงุฑฺชุฑ๊ฅ#4687: ูุฑุญู ุงูู ูู ููููุช
2018-04-30 16:31:54 #ุดุงุช-ุงูุจุงุฑุชู @!           ุจุงุฒูฺชุง ุงุฒ ููุฑ ๐โค#7620: ููููู ุนูู
2018-04-30 16:32:21 #ุดุงุช-ุงูุจุงุฑุชู @ใโณ7ฬฬณใ๊ฅุจุงุฑฺชุฑ๊ฅ#4687: ุงูุง ุงุชููู ูุญุฏ ูุฑุฏ ููุง ูุณูุนูู
2018-04-30 16:32:41 #ุดุงุช-ุงูุจุงุฑุชู @ใโณ7ฬฬณใ๊ฅุจุงุฑฺชุฑ๊ฅ#4687: ุชุนุงู
2018-04-30 16:32:44 #ุดุงุช-ุงูุจุงุฑุชู @ใโณ7ฬฬณใ๊ฅุจุงุฑฺชุฑ๊ฅ#4687: ุฑูู ุงุซููู
2018-04-30 16:34:03 #ุดุงุช-ุงูุจุงุฑุชู @ใโณ7ฬฬณใ๊ฅุจุงุฑฺชุฑ๊ฅ#4687: @ุงููุณุชุดุงุฑ  โณ7ฬฬณ
2018-04-30 16:34:55 #ุดุงุช-ุงูุจุงุฑุชู @ฉbader_07ยฉโMHโ#2141: ุจุงุฑุชู
2018-04-30 16:34:56 #ุดุงุช-ุงูุจุงุฑุชู @ฉbader_07ยฉโMHโ#2141: ุงุญุณู
2018-04-30 16:35:39 #ุดุงุช-ุงูุจุงุฑุชู @ฉbader_07ยฉโMHโ#2141: ุนูุงู
2018-04-30 16:35:43 #ุดุงุช-ุงูุจุงุฑุชู @ฉbader_07ยฉโMHโ#2141: ูุญุฏ ูุณูุนูู
2018-04-30 16:35:44 #ุดุงุช-ุงูุจุงุฑุชู @ฉbader_07ยฉโMHโ#2141: ููู
2018-04-30 16:35:55 #ุดุงุช-ุงูุจุงุฑุชู @ูุงููู ูุตููู#4460: ููุฑ ุนูุฏู ุงููููุช
2018-04-30 17:18:11 #ุดุงุช-ุงูุจุงุฑุชู @Mออฬธ7ฬฬณเผแดสแดแดแดเผ#7203: ูุง ุนูุงู ุญุทู ุชุงู Mออฬธ7ฬฬณ
2018-04-30 17:26:09 #ุดุงุช-ุงูุจุงุฑุชู @เผูููุฒุฑอขโญโอโโปเผ#4432: @Mออฬธ7ฬฬณเผแดสแดแดแดเผ
2018-04-30 17:26:10 #ุดุงุช-ุงูุจุงุฑุชู @ProBot โจ#5803: **:up:  |  เผูููุฒุฑอขโญโอโโปเผ leveled up!** (attachment url(s): https://cdn.discordapp.com/attachments/440541166576992259/440564535007510530/levelup.png)
2018-04-30 17:48:25 #ุดุงุช-ุงูุจุงุฑุชู @๐โแซัฆ๊ซโแฅ๊ /Mูู7#4882: Hey, join my party in Agario! Click this link so we can play together now: \n\nhttps://r.agar.io/?party=JMT2RV
2018-04-30 17:48:25 #ุดุงุช-ุงูุจุงุฑุชู @ProBot โจ#5803: ** @๐โแซัฆ๊ซโแฅ๊ /Mูู7 links disabled in this server! :broken_heart: **
2018-04-30 17:48:25 #ุดุงุช-ุงูุจุงุฑุชู @๐โแซัฆ๊ซโแฅ๊ /Mูู7#4882 deleted message from 2018-04-30 17:48:25 (Hey, join my party in Agario! Click this link so we can play together now: \n\nhttps://r.agar.io/?party=JMT2RV)
2018-04-30 17:48:31 #ุดุงุช-ุงูุจุงุฑุชู @ProBot โจ#5803 deleted message from 2018-04-30 17:48:25 (** @๐โแซัฆ๊ซโแฅ๊ /Mูู7 links disabled in this server! :broken_heart: **)
2018-04-30 17:49:30 #ุดุงุช-ุงูุจุงุฑุชู @๐โแซัฆ๊ซโแฅ๊ /Mูู7#4882: Hey, join my party in Agario! Click this link so we can play together now:  ุชุนุงูู\n\nhttps://r.agar.io/?party=JMT2RV
2018-04-30 17:49:31 #ุดุงุช-ุงูุจุงุฑุชู @๐โแซัฆ๊ซโแฅ๊ /Mูู7#4882 deleted message from 2018-04-30 17:49:30 (Hey, join my party in Agario! Click this link so we can play together now:  ุชุนุงูู\n\nhttps://r.agar.io/?party=JMT2RV)
2018-04-30 17:49:31 #ุดุงุช-ุงูุจุงุฑุชู @ProBot โจ#5803: ** @๐โแซัฆ๊ซโแฅ๊ /Mูู7 links disabled in this server! :broken_heart: **
2018-04-30 17:49:36 #ุดุงุช-ุงูุจุงุฑุชู @ProBot โจ#5803 deleted message from 2018-04-30 17:49:31 (** @๐โแซัฆ๊ซโแฅ๊ /Mูู7 links disabled in this server! :broken_heart: **)
2018-04-30 17:50:45 #ุดุงุช-ุงูุจุงุฑุชู @๐โแซัฆ๊ซโแฅ๊ /Mูู7#4882: Hey, join my party in Agario! Click this link so we can play together now: \n\nhttps://r.agar.io/?party=JMT2RV
2018-04-30 17:50:45 #ุดุงุช-ุงูุจุงุฑุชู @ProBot โจ#5803: ** @๐โแซัฆ๊ซโแฅ๊ /Mูู7 links disabled in this server! :broken_heart: **
2018-04-30 17:50:45 #ุดุงุช-ุงูุจุงุฑุชู @๐โแซัฆ๊ซโแฅ๊ /Mูู7#4882 deleted message from 2018-04-30 17:50:45 (Hey, join my party in Agario! Click this link so we can play together now: \n\nhttps://r.agar.io/?party=JMT2RV)
2018-04-30 17:50:51 #ุดุงุช-ุงูุจุงุฑุชู @ProBot โจ#5803 deleted message from 2018-04-30 17:50:45 (** @๐โแซัฆ๊ซโแฅ๊ /Mูู7 links disabled in this server! :broken_heart: **)
2018-04-30 18:22:17 #ุดุงุช-ุงูุจุงุฑุชู @Mออฬธ7ฬฬณเผแดสแดแดแดเผ#7203: ููุง
2018-04-30 18:22:18 #ุดุงุช-ุงูุจุงุฑุชู @ProBot โจ#5803: ุงูููู
2018-04-30 18:38:15 #ุดุงุช-ุงูุจุงุฑุชู @Mออฬธ7ฬฬณ โุงููุงุชู#1281: Hey, join my party in Agario! Click this link so we can play together now: \n\nhttps://r.agar.io/?party=ZQZSZD
2018-04-30 18:38:16 #ุดุงุช-ุงูุจุงุฑุชู @ProBot โจ#5803: ** @Mออฬธ7ฬฬณ โุงููุงุชู links disabled in this server! :broken_heart: **
2018-04-30 18:38:18 #ุดุงุช-ุงูุจุงุฑุชู @Mออฬธ7ฬฬณ โุงููุงุชู#1281 deleted message from 2018-04-30 18:38:15 (Hey, join my party in Agario! Click this link so we can play together now: \n\nhttps://r.agar.io/?party=ZQZSZD)
2018-04-30 18:38:21 #ุดุงุช-ุงูุจุงุฑุชู @ProBot โจ#5803 deleted message from 2018-04-30 18:38:16 (** @Mออฬธ7ฬฬณ โุงููุงุชู links disabled in this server! :broken_heart: **)
2018-04-30 18:38:39 #ุดุงุช-ุงูุจุงุฑุชู @Mออฬธ7ฬฬณ โุงููุงุชู#1281: Hey, join my party in Agario! Click this link so we can play together now: \n\nhttps://r.agar.io/?party=ZQZSZD
2018-04-30 18:38:39 #ุดุงุช-ุงูุจุงุฑุชู @Mออฬธ7ฬฬณ โุงููุงุชู#1281 deleted message from 2018-04-30 18:38:39 (Hey, join my party in Agario! Click this link so we can play together now: \n\nhttps://r.agar.io/?party=ZQZSZD)
2018-04-30 18:38:39 #ุดุงุช-ุงูุจุงุฑุชู @ProBot โจ#5803: ** @Mออฬธ7ฬฬณ โุงููุงุชู links disabled in this server! :broken_heart: **
2018-04-30 18:38:44 #ุดุงุช-ุงูุจุงุฑุชู @ProBot โจ#5803 deleted message from 2018-04-30 18:38:39 (** @Mออฬธ7ฬฬณ โุงููุงุชู links disabled in this server! :broken_heart: **)
2018-04-30 18:56:51 #ุดุงุช-ุงูุจุงุฑุชู @เฟใแคโ๊ฃยฃโ๊ฅๅ#4687: @ุงููุฏุฑ ุงูุนุงุฒูู Mออฬธ7ฬฬณ
2018-04-30 19:04:17 #ุดุงุช-ุงูุจุงุฑุชู @ุงููุฏุฑ ุงูุนุงุฒูู Mออฬธ7ฬฬณ#3036: @...,,,,,
2018-04-30 19:52:18 #ุดุงุช-ุงูุจุงุฑุชู @Mออฬธ7ฬฬณ โุงููุงุชู#1281: https://r.agar.io/?party=ZQZSZD @โeveryone
2018-04-30 19:52:19 #ุดุงุช-ุงูุจุงุฑุชู @Mออฬธ7ฬฬณ โุงููุงุชู#1281 deleted message from 2018-04-30 19:52:18 (https://r.agar.io/?party=ZQZSZD @โeveryone)
2018-04-30 19:52:19 #ุดุงุช-ุงูุจุงุฑุชู @ProBot โจ#5803: ** @Mออฬธ7ฬฬณ โุงููุงุชู links disabled in this server! :broken_heart: **
2018-04-30 19:52:26 #ุดุงุช-ุงูุจุงุฑุชู @ProBot โจ#5803 deleted message from 2018-04-30 19:52:19 (** @Mออฬธ7ฬฬณ โุงููุงุชู links disabled in this server! :broken_heart: **)
2018-04-30 19:59:37 #ุดุงุช-ุงูุจุงุฑุชู @ใกโ โใ ุณุนุฏ ใ#5945: @ุงููุฏุฑ ุงูุนุงุฒูู Mออฬธ7ฬฬณ
2018-04-30 20:41:13 #ุดุงุช-ุงูุจุงุฑุชู @ุงููุฏุฑ ุงูุนุงุฒูู Mออฬธ7ฬฬณ#3036: ููุง
2018-04-30 20:41:13 #ุดุงุช-ุงูุจุงุฑุชู @ProBot โจ#5803: ุงูููู
2018-04-30 21:35:36 #ุดุงุช-ุงูุจุงุฑุชู @ูุญูุฏ ุนุจุฏุงููู#9282: ุณุนุฏ
2018-04-30 21:35:36 #ุดุงุช-ุงูุจุงุฑุชู @ProBot โจ#5803: **:up:  |  ูุญูุฏ ุนุจุฏุงููู leveled up!** (attachment url(s): https://cdn.discordapp.com/attachments/440541166576992259/440627307791646750/levelup.png)
2018-04-30 22:27:15 #ุดุงุช-ุงูุจุงุฑุชู @Mออฬธ7ฬฬณ.    |   ุณุนุฏ#5945: @ูุญูุฏ ุนุจุฏุงููู
2018-04-30 23:38:03 #ุดุงุช-ุงูุจุงุฑุชู @โฒุงูุดุงูุจโฑใฎเผเฟ#3217: Hey, join my party in Agario! Click this link so we can play together now: \n\nhttps://r.agar.io/?party=3AU33U
2018-04-30 23:38:03 #ุดุงุช-ุงูุจุงุฑุชู @โฒุงูุดุงูุจโฑใฎเผเฟ#3217 deleted message from 2018-04-30 23:38:03 (Hey, join my party in Agario! Click this link so we can play together now: \n\nhttps://r.agar.io/?party=3AU33U)
2018-04-30 23:38:03 #ุดุงุช-ุงูุจุงุฑุชู @ProBot โจ#5803: ** @โฒุงูุดุงูุจโฑใฎเผเฟ links disabled in this server! :broken_heart: **
2018-04-30 23:38:08 #ุดุงุช-ุงูุจุงุฑุชู @ProBot โจ#5803 deleted message from 2018-04-30 23:38:03 (** @โฒุงูุดุงูุจโฑใฎเผเฟ links disabled in this server! :broken_heart: **)
2018-05-01 06:37:38 #ุดุงุช-ุงูุจุงุฑุชู @Mออฬธ7ฬฬณ โุงููุงุชู#1281: !play lay lay
2018-05-01 06:37:38 #ุดุงุช-ุงูุจุงุฑุชู @Rythm#3722: <:youtube:335112740957978625> **Searching** ๐ `lay lay`
2018-05-01 06:37:39 #ุดุงุช-ุงูุจุงุฑุชู @Rythm#3722: **Playing** ๐ถ `Lay lay lay la lay` - Now!
2018-05-01 07:03:41 #ุดุงุช-ุงูุจุงุฑุชู @เนโไธ๏พโ๏พou ๐ซ๐#5396: https://r.agar.io/?party=29X2GC
2018-05-01 07:03:41 #ุดุงุช-ุงูุจุงุฑุชู @เนโไธ๏พโ๏พou ๐ซ๐#5396 deleted message from 2018-05-01 07:03:41 (https://r.agar.io/?party=29X2GC)
2018-05-01 07:03:41 #ุดุงุช-ุงูุจุงุฑุชู @ProBot โจ#5803: ** @M7                           S ุณ links disabled in this server! :broken_heart: **
2018-05-01 07:03:47 #ุดุงุช-ุงูุจุงุฑุชู @ProBot โจ#5803 deleted message from 2018-05-01 07:03:41 (** @M7                           S ุณ links disabled in this server! :broken_heart: **)
2018-05-01 07:03:59 #ุดุงุช-ุงูุจุงุฑุชู @เนโไธ๏พโ๏พou ๐ซ๐#5396: @โeveryone  ุจุซ ุงูุนุงุฒูู https://r.agar.io/?party=29X2GC
2018-05-01 07:03:59 #ุดุงุช-ุงูุจุงุฑุชู @ProBot โจ#5803: ** @M7                           S ุณ links disabled in this server! :broken_heart: **
2018-05-01 07:04:05 #ุดุงุช-ุงูุจุงุฑุชู @เนโไธ๏พโ๏พou ๐ซ๐#5396 deleted message from 2018-05-01 07:03:59 (@โeveryone  ุจุซ ุงูุนุงุฒูู https://r.agar.io/?party=29X2GC)
2018-05-01 07:04:05 #ุดุงุช-ุงูุจุงุฑุชู @ProBot โจ#5803 deleted message from 2018-05-01 07:03:59 (** @M7                           S ุณ links disabled in this server! :broken_heart: **)
2018-05-01 09:06:53 #ุดุงุช-ุงูุจุงุฑุชู @เฟใแคโ๊ฃยฃโ๊ฅๅ#4687: ุชููุชุง ุชููุชุง play!
2018-05-01 09:45:21 #ุดุงุช-ุงูุจุงุฑุชู @ุนุจูุฏ ุงูููู#2266: https://r.agar.io/?party=P4ZXJG
2018-05-01 09:45:22 #ุดุงุช-ุงูุจุงุฑุชู @ุนุจูุฏ ุงูููู#2266 deleted message from 2018-05-01 09:45:21 (https://r.agar.io/?party=P4ZXJG)
2018-05-01 09:45:22 #ุดุงุช-ุงูุจุงุฑุชู @ProBot โจ#5803: ** @ุนุจูุฏ Mออฬธ7ฬฬณ links disabled in this server! :broken_heart: **
2018-05-01 09:45:27 #ุดุงุช-ุงูุจุงุฑุชู @ProBot โจ#5803 deleted message from 2018-05-01 09:45:22 (** @ุนุจูุฏ Mออฬธ7ฬฬณ links disabled in this server! :broken_heart: **)
2018-05-01 09:57:11 #ุดุงุช-ุงูุจุงุฑุชู @Mออฬธ7ฬฬณ โุงููุงุชู#1281: ููู ููุนุจ
2018-05-01 12:50:30 #ุดุงุช-ุงูุจุงุฑุชู @เฟใแคโ๊ฃยฃโ๊ฅๅ#4687: @Mออฬธ7ฬฬณ โุงููุงุชู
2018-05-01 12:59:26 #ุดุงุช-ุงูุจุงุฑุชู @Mออฬธ7ฬฬณ โุงููุงุชู#1281: ูุช
2018-05-01 12:59:28 #ุดุงุช-ุงูุจุงุฑุชู @Mออฬธ7ฬฬณ โุงููุงุชู#1281: ุง
2018-05-01 13:01:03 #ุดุงุช-ุงูุจุงุฑุชู @ใกโ โใ ุณุนุฏ#5945: @๊ฅใแคโ๊ฃยฃโโณ7ฬฬณโฅ
2018-05-01 13:01:07 #ุดุงุช-ุงูุจุงุฑุชู @ใกโ โใ ุณุนุฏ#5945: ุชูุนุจ
2018-05-01 13:02:16 #ุดุงุช-ุงูุจุงุฑุชู @Mออฬธ7ฬฬณ โุงููุงุชู#1281: ุงูุง
2018-05-01 13:02:20 #ุดุงุช-ุงูุจุงุฑุชู @Mออฬธ7ฬฬณ โุงููุงุชู#1281: ุจูุนุจ
2018-05-01 13:02:57 #ุดุงุช-ุงูุจุงุฑุชู @Mออฬธ7ฬฬณ โุงููุงุชู#1281: ุดูู ูุจู ุฏูููู ุฏุนุณุช ุงูุงูู ุจ 8 ูุณูุงุช
2018-05-01 13:03:23 #ุดุงุช-ุงูุจุงุฑุชู @Mออฬธ7ฬฬณ โุงููุงุชู#1281: !!play ูุงู ูุงู
2018-05-01 13:03:23 #ุดุงุช-ุงูุจุงุฑุชู @Sheepbot#2537: <:success:409384144242737153> Ready to play audio in `ๆฌ ุงุซููู ูุจุณ ๆฌ`
2018-05-01 13:03:28 #ุดุงุช-ุงูุจุงุฑุชู @Sheepbot#2537: <a:320:409020448806797312> Now playing `๐โค๏ธ ูุญู ุงูููุช ูุงู ูุงู | Lay lay lay la lay`,`length: 2m 29s`
2018-05-01 13:10:49 #ุดุงุช-ุงูุจุงุฑุชู @Mออฬธ7ฬฬณ โุงููุงุชู#1281: ุงู
2018-05-01 13:11:27 #ุดุงุช-ุงูุจุงุฑุชู @Mออฬธ7ฬฬณ โุงููุงุชู#1281: ูููููููู
2018-05-01 13:56:46 #ุดุงุช-ุงูุจุงุฑุชู @โฒุงูุดุงูุจโฑใฎเผเฟ#3217: Hey, join my party in Agario! Click this link so we can play together now: \n\nhttps://r.agar.io/?party=NT425P
2018-05-01 13:56:46 #ุดุงุช-ุงูุจุงุฑุชู @โฒุงูุดุงูุจโฑใฎเผเฟ#3217 deleted message from 2018-05-01 13:56:46 (Hey, join my party in Agario! Click this link so we can play together now: \n\nhttps://r.agar.io/?party=NT425P)
2018-05-01 13:56:46 #ุดุงุช-ุงูุจุงุฑุชู @ProBot โจ#5803: ** @โฒุงูุดุงูุจโฑใฎเผเฟ links disabled in this server! :broken_heart: **
2018-05-01 13:56:51 #ุดุงุช-ุงูุจุงุฑุชู @ProBot โจ#5803 deleted message from 2018-05-01 13:56:46 (** @โฒุงูุดุงูุจโฑใฎเผเฟ links disabled in this server! :broken_heart: **)
2018-05-01 14:04:47 #ุดุงุช-ุงูุจุงุฑุชู @เฟใแคโ๊ฃยฃโ๊ฅๅ#4687: @Mออฬธ7ฬฬณ โุงููุงุชู
2018-05-01 14:23:16 #ุดุงุช-ุงูุจุงุฑุชู @ุนุจูุฏ ุงูููู#2266: ููู ุนูุฏุง ุงูุจุงุฑุชู
2018-05-01 14:45:37 #ุดุงุช-ุงูุจุงุฑุชู @๐โแซัฆ๊ซโแฅ๊ /Mูู7#4882: ุนุจูุฏ
2018-05-01 14:45:44 #ุดุงุช-ุงูุจุงุฑุชู @๐โแซัฆ๊ซโแฅ๊ /Mูู7#4882: ุนุทูู ุงูุจุงุฑุชู
2018-05-01 14:46:46 #ุดุงุช-ุงูุจุงุฑุชู @๐โแซัฆ๊ซโแฅ๊ /Mูู7#4882: ุนุทููู ุงูุจุงุฑุชู ุงูู ุงูุชู ููู
2018-05-01 15:09:50 #ุดุงุช-ุงูุจุงุฑุชู @ใกโ โใ ุณุนุฏ#5945: @ุนุจูุฏ Mออฬธ7ฬฬณ
2018-05-01 15:10:00 #ุดุงุช-ุงูุจุงุฑุชู @ใกโ โใ ุณุนุฏ#5945: ุชุนุงู ุฑูู ุงูุฑุจุงุนู ุงููุฎู
2018-05-01 15:12:02 #ุดุงุช-ุงูุจุงุฑุชู @Mออฬธ7ฬฬณเผแดสแดแดแดเผ#7203: ูุงูุชุฑ
2018-05-01 15:13:54 #ุดุงุช-ุงูุจุงุฑุชู @ใกโ โใ ุณุนุฏ#5945: ูุงูุชุฑ
2018-05-01 15:15:03 #ุดุงุช-ุงูุจุงุฑุชู @ใกโ โใ ุณุนุฏ#5945: ุงุณุญุจูู
2018-05-01 15:15:07 #ุดุงุช-ุงูุจุงุฑุชู @ใกโ โใ ุณุนุฏ#5945: ุนูุฏููููู
2018-05-01 15:26:35 #ุดุงุช-ุงูุจุงุฑุชู @ูุญูุฏ ุนุจุฏุงููู#9282: ุงูู
2018-05-01 15:26:35 #ุดุงุช-ุงูุจุงุฑุชู @ProBot โจ#5803: ููุง ูุงููู
2018-05-01 15:26:35 #ุดุงุช-ุงูุจุงุฑุชู @Tatsumaki#8792: ๐  |  **ูุญูุฏ ุนุจุฏุงููู leveled up!** (attachment url(s): https://cdn.discordapp.com/attachments/440541166576992259/440896829274718220/levelup.png)
2018-05-01 18:55:16 #ุดุงุช-ุงูุจุงุฑุชู @๐โแซัฆ๊ซโแฅ๊ /Mูู7#4882: Hey, join my party in Agario! Click this link so we can play together now:
2018-05-01 20:18:48 #ุดุงุช-ุงูุจุงุฑุชู @ุงูุจุฑูููุณูุฑ#2874: @๐โแซัฆ๊ซโแฅ๊ /Mูู7 @๐โแซัฆ๊ซโแฅ๊ /Mูู7
2018-05-01 20:19:03 #ุดุงุช-ุงูุจุงุฑุชู @ุงูุจุฑูููุณูุฑ#2874: ุงุฑุณุณู ุงูุจุงุฑุชูู๐
2018-05-01 21:10:43 #ุดุงุช-ุงูุจุงุฑุชู @ููุฏ#4704: ุงุงูุงุฑุชุจุงุทุงุช
2018-05-01 21:17:28 #ุดุงุช-ุงูุจุงุฑุชู @ููุฏ#4704: ุฒุฎุฑูู
2018-05-01 21:17:29 #ุดุงุช-ุงูุจุงุฑุชู @ProBot โจ#5803: ุงุณูู ููุง Mออฬธ7ฬฬณ
2018-05-01 21:22:29 #ุดุงุช-ุงูุจุงุฑุชู @ููุฏ#4704: ุงูู
2018-05-01 21:22:29 #ุดุงุช-ุงูุจุงุฑุชู @Tatsumaki#8792: ๐  |  **ููุฏ leveled up!** (attachment url(s): https://cdn.discordapp.com/attachments/440541166576992259/440986393058213889/levelup.png)
2018-05-01 21:22:29 #ุดุงุช-ุงูุจุงุฑุชู @ProBot โจ#5803: ููุง ูุงููู
2018-05-01 21:22:35 #ุดุงุช-ุงูุจุงุฑุชู @ููุฏ#4704: ุชูุนุจ
2018-05-01 21:22:58 #ุดุงุช-ุงูุจุงุฑุชู @ููุฏ#4704: ุงูุงุฑูู
2018-05-01 22:50:40 #ุดุงุช-ุงูุจุงุฑุชู @ุงููุงุณุฑ   โณ7ฬฬณ#3105: ูุงููู ูุงูุฒ
2018-05-01 22:50:56 #ุดุงุช-ุงูุจุงุฑุชู @ุงููุงุณุฑ   โณ7ฬฬณ#3105: ูู ููุนุจ
2018-05-01 22:51:41 #ุดุงุช-ุงูุจุงุฑุชู @ุงูุจุฑูููุณูุฑ#2874: ููุง
2018-05-01 22:51:41 #ุดุงุช-ุงูุจุงุฑุชู @ProBot โจ#5803: ุงูููู
2018-05-01 22:51:46 #ุดุงุช-ุงูุจุงุฑุชู @ุงูุจุฑูููุณูุฑ#2874: ุงููุงุณุฑ
2018-05-02 05:22:34 #ุดุงุช-ุงูุจุงุฑุชู @NAWAF..snab..n9rashedโค๐ด#5439: Hey, join my party in Agario! Click this link so we can play together now:\nhttps://r.agar.io/?party=57F3FT
2018-05-02 05:22:34 #ุดุงุช-ุงูุจุงุฑุชู @NAWAF..snab..n9rashedโค๐ด#5439 deleted message from 2018-05-02 05:22:34 (Hey, join my party in Agario! Click this link so we can play together now:\nhttps://r.agar.io/?party=57F3FT)
2018-05-02 05:22:34 #ุดุงุช-ุงูุจุงุฑุชู @ProBot โจ#5803: ** @NAWAF..snab..n9rashedโค๐ด links disabled in this server! :broken_heart: **
2018-05-02 05:22:39 #ุดุงุช-ุงูุจุงุฑุชู @ProBot โจ#5803 deleted message from 2018-05-02 05:22:34 (** @NAWAF..snab..n9rashedโค๐ด links disabled in this server! :broken_heart: **)
2018-05-02 05:24:50 #ุดุงุช-ุงูุจุงุฑุชู @NAWAF..snab..n9rashedโค๐ด#5439: Hey, join my party in Agario! Click this link so we can play together now:\nhttps://r.agar.io/?party=57F3FT
2018-05-02 05:24:50 #ุดุงุช-ุงูุจุงุฑุชู @ProBot โจ#5803: ** @NAWAF..snab..n9rashedโค๐ด links disabled in this server! :broken_heart: **
2018-05-02 05:24:51 #ุดุงุช-ุงูุจุงุฑุชู @NAWAF..snab..n9rashedโค๐ด#5439 deleted message from 2018-05-02 05:24:50 (Hey, join my party in Agario! Click this link so we can play together now:\nhttps://r.agar.io/?party=57F3FT)
2018-05-02 05:24:55 #ุดุงุช-ุงูุจุงุฑุชู @ProBot โจ#5803 deleted message from 2018-05-02 05:24:50 (** @NAWAF..snab..n9rashedโค๐ด links disabled in this server! :broken_heart: **)
2018-05-02 12:38:57 #ุดุงุช-ุงูุจุงุฑุชู @ayad#4784: https://r.agar.io/?party=YFXXYN
2018-05-02 12:38:57 #ุดุงุช-ุงูุจุงุฑุชู @ayad#4784 deleted message from 2018-05-02 12:38:57 (https://r.agar.io/?party=YFXXYN)
2018-05-02 12:38:57 #ุดุงุช-ุงูุจุงุฑุชู @ProBot โจ#5803: ** @ayad links disabled in this server! :broken_heart: **
2018-05-02 12:39:03 #ุดุงุช-ุงูุจุงุฑุชู @ProBot โจ#5803 deleted message from 2018-05-02 12:38:57 (** @ayad links disabled in this server! :broken_heart: **)
2018-05-02 16:08:14 #ุดุงุช-ุงูุจุงุฑุชู @ahmad#8836: ุชุงู
2018-05-02 16:08:14 #ุดุงุช-ุงูุจุงุฑุชู @ProBot โจ#5803: ุงุณูู ููุง Mออฬธ7ฬฬณ
2018-05-02 16:08:23 #ุดุงุช-ุงูุจุงุฑุชู @ahmad#8836: Hey, join my party in Agario! Click this link so we can play together now: https://r.agar.io/?party=48FS93
2018-05-02 16:08:23 #ุดุงุช-ุงูุจุงุฑุชู @ahmad#8836 deleted message from 2018-05-02 16:08:23 (Hey, join my party in Agario! Click this link so we can play together now: https://r.agar.io/?party=48FS93)
2018-05-02 16:08:23 #ุดุงุช-ุงูุจุงุฑุชู @ProBot โจ#5803: ** @ุงุญูุฏ โณ7ฬฬณ links disabled in this server! :broken_heart: **
2018-05-02 16:08:29 #ุดุงุช-ุงูุจุงุฑุชู @ProBot โจ#5803 deleted message from 2018-05-02 16:08:23 (** @ุงุญูุฏ โณ7ฬฬณ links disabled in this server! :broken_heart: **)
2018-05-02 16:08:45 #ุดุงุช-ุงูุจุงุฑุชู @ahmad#8836: https://r.agar.io/?party=48FS93
2018-05-02 16:08:45 #ุดุงุช-ุงูุจุงุฑุชู @ahmad#8836 deleted message from 2018-05-02 16:08:45 (https://r.agar.io/?party=48FS93)
2018-05-02 16:08:45 #ุดุงุช-ุงูุจุงุฑุชู @ProBot โจ#5803: ** @ุงุญูุฏ โณ7ฬฬณ links disabled in this server! :broken_heart: **
2018-05-02 16:08:50 #ุดุงุช-ุงูุจุงุฑุชู @ProBot โจ#5803 deleted message from 2018-05-02 16:08:45 (** @ุงุญูุฏ โณ7ฬฬณ links disabled in this server! :broken_heart: **)
2018-05-02 16:08:58 #ุดุงุช-ุงูุจุงุฑุชู @ahmad#8836: https://r.agar.io/?party=48FS93
2018-05-02 16:08:58 #ุดุงุช-ุงูุจุงุฑุชู @ahmad#8836 deleted message from 2018-05-02 16:08:58 (https://r.agar.io/?party=48FS93)
2018-05-02 16:08:58 #ุดุงุช-ุงูุจุงุฑุชู @ProBot โจ#5803: ** @ุงุญูุฏ โณ7ฬฬณ links disabled in this server! :broken_heart: **
2018-05-02 16:08:59 #ุดุงุช-ุงูุจุงุฑุชู @ahmad#8836: https://r.agar.io/?party=48FS93
2018-05-02 16:09:00 #ุดุงุช-ุงูุจุงุฑุชู @ahmad#8836 deleted message from 2018-05-02 16:08:59 (https://r.agar.io/?party=48FS93)
2018-05-02 16:09:00 #ุดุงุช-ุงูุจุงุฑุชู @ProBot โจ#5803: ** @ุงุญูุฏ โณ7ฬฬณ links disabled in this server! :broken_heart: **
2018-05-02 16:09:01 #ุดุงุช-ุงูุจุงุฑุชู @ahmad#8836: https://r.agar.io/?party=48FS93
2018-05-02 16:09:01 #ุดุงุช-ุงูุจุงุฑุชู @ahmad#8836 deleted message from 2018-05-02 16:09:01 (https://r.agar.io/?party=48FS93)
2018-05-02 16:09:01 #ุดุงุช-ุงูุจุงุฑุชู @ProBot โจ#5803: ** @ุงุญูุฏ โณ7ฬฬณ links disabled in this server! :broken_heart: **
2018-05-02 16:09:01 #ุดุงุช-ุงูุจุงุฑุชู @ahmad#8836: https://r.agar.io/?party=48FS93
2018-05-02 16:09:01 #ุดุงุช-ุงูุจุงุฑุชู @ahmad#8836 deleted message from 2018-05-02 16:09:01 (https://r.agar.io/?party=48FS93)
2018-05-02 16:09:01 #ุดุงุช-ุงูุจุงุฑุชู @ProBot โจ#5803: ** @ุงุญูุฏ โณ7ฬฬณ links disabled in this server! :broken_heart: **
2018-05-02 16:09:01 #ุดุงุช-ุงูุจุงุฑุชู @ahmad#8836: https://r.agar.io/?party=48FS93https://r.agar.io/?party=48FS93
2018-05-02 16:09:02 #ุดุงุช-ุงูุจุงุฑุชู @ProBot โจ#5803: ** @ุงุญูุฏ โณ7ฬฬณ links disabled in this server! :broken_heart: **
2018-05-02 16:09:02 #ุดุงุช-ุงูุจุงุฑุชู @ahmad#8836: https://r.agar.io/?party=48FS93https://r.agar.io/?party=48FS93
2018-05-02 16:09:02 #ุดุงุช-ุงูุจุงุฑุชู @ahmad#8836: https://r.agar.io/?party=48FS93https://r.agar.io/?party=48FS93
2018-05-02 16:09:04 #ุดุงุช-ุงูุจุงุฑุชู @ahmad#8836 deleted message from 2018-05-02 16:09:01 (https://r.agar.io/?party=48FS93https://r.agar.io/?party=48FS93)
2018-05-02 16:09:04 #ุดุงุช-ุงูุจุงุฑุชู @ahmad#8836 deleted message from 2018-05-02 16:09:02 (https://r.agar.io/?party=48FS93https://r.agar.io/?party=48FS93)
2018-05-02 16:09:03 #ุดุงุช-ุงูุจุงุฑุชู @ahmad#8836: https://r.agar.io/?party=48FS93
2018-05-02 16:09:04 #ุดุงุช-ุงูุจุงุฑุชู @ahmad#8836 deleted message from 2018-05-02 16:09:02 (https://r.agar.io/?party=48FS93https://r.agar.io/?party=48FS93)
2018-05-02 16:09:03 #ุดุงุช-ุงูุจุงุฑุชู @ahmad#8836: https://r.agar.io/?party=48FS93https://r.agar.io/?party=48FS93
2018-05-02 16:09:04 #ุดุงุช-ุงูุจุงุฑุชู @ahmad#8836 deleted message from 2018-05-02 16:09:03 (https://r.agar.io/?party=48FS93)
2018-05-02 16:09:04 #ุดุงุช-ุงูุจุงุฑุชู @ahmad#8836 deleted message from 2018-05-02 16:09:03 (https://r.agar.io/?party=48FS93https://r.agar.io/?party=48FS93)
2018-05-02 16:09:04 #ุดุงุช-ุงูุจุงุฑุชู @ProBot โจ#5803 deleted message from 2018-05-02 16:08:58 (** @ุงุญูุฏ โณ7ฬฬณ links disabled in this server! :broken_heart: **)
2018-05-02 16:09:03 #ุดุงุช-ุงูุจุงุฑุชู @ahmad#8836: https://r.agar.io/?party=48FS93https://r.agar.io/?party=48FS93
2018-05-02 16:09:04 #ุดุงุช-ุงูุจุงุฑุชู @ahmad#8836 deleted message from 2018-05-02 16:09:03 (https://r.agar.io/?party=48FS93https://r.agar.io/?party=48FS93)
2018-05-02 16:09:04 #ุดุงุช-ุงูุจุงุฑุชู @ProBot โจ#5803: ** @ุงุญูุฏ โณ7ฬฬณ links disabled in this server! :broken_heart: **
2018-05-02 16:09:04 #ุดุงุช-ุงูุจุงุฑุชู @ProBot โจ#5803: ** @ุงุญูุฏ โณ7ฬฬณ links disabled in this server! :broken_heart: **
2018-05-02 16:09:05 #ุดุงุช-ุงูุจุงุฑุชู @ProBot โจ#5803: ** @ุงุญูุฏ โณ7ฬฬณ links disabled in this server! :broken_heart: **
2018-05-02 16:09:05 #ุดุงุช-ุงูุจุงุฑุชู @ProBot โจ#5803: ** @ุงุญูุฏ โณ7ฬฬณ links disabled in this server! :broken_heart: **
2018-05-02 16:09:05 #ุดุงุช-ุงูุจุงุฑุชู @ProBot โจ#5803 deleted message from 2018-05-02 16:09:00 (** @ุงุญูุฏ โณ7ฬฬณ links disabled in this server! :broken_heart: **)
2018-05-02 16:09:05 #ุดุงุช-ุงูุจุงุฑุชู @ProBot โจ#5803: ** @ุงุญูุฏ โณ7ฬฬณ links disabled in this server! :broken_heart: **
2018-05-02 16:09:07 #ุดุงุช-ุงูุจุงุฑุชู @ProBot โจ#5803 deleted message from 2018-05-02 16:09:01 (** @ุงุญูุฏ โณ7ฬฬณ links disabled in this server! :broken_heart: **)
2018-05-02 16:09:07 #ุดุงุช-ุงูุจุงุฑุชู @ProBot โจ#5803 deleted message from 2018-05-02 16:09:01 (** @ุงุญูุฏ โณ7ฬฬณ links disabled in this server! :broken_heart: **)
2018-05-02 16:09:07 #ุดุงุช-ุงูุจุงุฑุชู @ProBot โจ#5803 deleted message from 2018-05-02 16:09:02 (** @ุงุญูุฏ โณ7ฬฬณ links disabled in this server! :broken_heart: **)
2018-05-02 16:09:10 #ุดุงุช-ุงูุจุงุฑุชู @ProBot โจ#5803 deleted message from 2018-05-02 16:09:04 (** @ุงุญูุฏ โณ7ฬฬณ links disabled in this server! :broken_heart: **)
2018-05-02 16:09:10 #ุดุงุช-ุงูุจุงุฑุชู @ProBot โจ#5803 deleted message from 2018-05-02 16:09:04 (** @ุงุญูุฏ โณ7ฬฬณ links disabled in this server! :broken_heart: **)
2018-05-02 16:09:10 #ุดุงุช-ุงูุจุงุฑุชู @ProBot โจ#5803 deleted message from 2018-05-02 16:09:05 (** @ุงุญูุฏ โณ7ฬฬณ links disabled in this server! :broken_heart: **)
2018-05-02 16:09:10 #ุดุงุช-ุงูุจุงุฑุชู @ProBot โจ#5803 deleted message from 2018-05-02 16:09:05 (** @ุงุญูุฏ โณ7ฬฬณ links disabled in this server! :broken_heart: **)
2018-05-02 16:09:10 #ุดุงุช-ุงูุจุงุฑุชู @ProBot โจ#5803 deleted message from 2018-05-02 16:09:05 (** @ุงุญูุฏ โณ7ฬฬณ links disabled in this server! :broken_heart: **)
2018-05-02 17:32:13 #ุดุงุช-ุงูุจุงุฑุชู @ุนุจูุฏ ุงูููู#2266: https://r.agar.io/?party=V4QJAM
2018-05-02 17:32:13 #ุดุงุช-ุงูุจุงุฑุชู @ุนุจูุฏ ุงูููู#2266 deleted message from 2018-05-02 17:32:13 (https://r.agar.io/?party=V4QJAM)
2018-05-02 17:32:13 #ุดุงุช-ุงูุจุงุฑุชู @ProBot โจ#5803: ** @ุนุจูุฏ Mออฬธ7ฬฬณ links disabled in this server! :broken_heart: **
2018-05-02 17:32:19 #ุดุงุช-ุงูุจุงุฑุชู @ProBot โจ#5803 deleted message from 2018-05-02 17:32:13 (** @ุนุจูุฏ Mออฬธ7ฬฬณ links disabled in this server! :broken_heart: **)
2018-05-02 17:34:13 #ุดุงุช-ุงูุจุงุฑุชู @ุนุจูุฏ ุงูููู#2266: https://r.agar.io/?party=V4QJAM
2018-05-02 17:34:13 #ุดุงุช-ุงูุจุงุฑุชู @ุนุจูุฏ ุงูููู#2266 deleted message from 2018-05-02 17:34:13 (https://r.agar.io/?party=V4QJAM)
2018-05-02 17:34:13 #ุดุงุช-ุงูุจุงุฑุชู @ProBot โจ#5803: ** @ุนุจูุฏ Mออฬธ7ฬฬณ links disabled in this server! :broken_heart: **
2018-05-02 17:34:18 #ุดุงุช-ุงูุจุงุฑุชู @ProBot โจ#5803 deleted message from 2018-05-02 17:34:13 (** @ุนุจูุฏ Mออฬธ7ฬฬณ links disabled in this server! :broken_heart: **)
2018-05-02 21:42:56 #ุดุงุช-ุงูุจุงุฑุชู @ุฏูุฑุนููููููู  โ#2905: ุชุงู
2018-05-02 21:42:57 #ุดุงุช-ุงูุจุงุฑุชู @ProBot โจ#5803: ุงุณูู ููุง Mออฬธ7ฬฬณ
2018-05-02 23:53:00 #ุดุงุช-ุงูุจุงุฑุชู @NF#9605: ูู ุจุงุฑุชู
2018-05-02 23:53:00 #ุดุงุช-ุงูุจุงุฑุชู @Tatsumaki#8792: ๐  |  **NF leveled up!** (attachment url(s): https://cdn.discordapp.com/attachments/440541166576992259/441386661704630272/levelup.png)
2018-05-03 03:48:17 #ุดุงุช-ุงูุจุงุฑุชู @ุฌุงููุฑ#1242: https://r.agar.io/?party=PVVLA6
2018-05-03 03:48:18 #ุดุงุช-ุงูุจุงุฑุชู @ุฌุงููุฑ#1242 deleted message from 2018-05-03 03:48:17 (https://r.agar.io/?party=PVVLA6)
2018-05-03 03:48:18 #ุดุงุช-ุงูุจุงุฑุชู @ProBot โจ#5803: ** @ุฌุงููุฑ links disabled in this server! :broken_heart: **
2018-05-03 03:48:23 #ุดุงุช-ุงูุจุงุฑุชู @ProBot โจ#5803 deleted message from 2018-05-03 03:48:18 (** @ุฌุงููุฑ links disabled in this server! :broken_heart: **)
2018-05-03 03:48:28 #ุดุงุช-ุงูุจุงุฑุชู @ุฌุงููุฑ#1242: ุงูุจุงุฑุชูhttps://r.agar.io/?party=PVVLA6
2018-05-03 03:48:28 #ุดุงุช-ุงูุจุงุฑุชู @ProBot โจ#5803: ** @ุฌุงููุฑ links disabled in this server! :broken_heart: **
2018-05-03 03:48:28 #ุดุงุช-ุงูุจุงุฑุชู @ุฌุงููุฑ#1242 deleted message from 2018-05-03 03:48:28 (ุงูุจุงุฑุชูhttps://r.agar.io/?party=PVVLA6)
2018-05-03 03:48:33 #ุดุงุช-ุงูุจุงุฑุชู @ProBot โจ#5803 deleted message from 2018-05-03 03:48:28 (** @ุฌุงููุฑ links disabled in this server! :broken_heart: **)
