2018-04-25 16:09:24 #memes @Synapse#0692: 
2018-04-25 16:10:19 #memes @Ghostplay R2#1298: 
2018-04-25 16:34:09 #memes @Jax377#3156: 
2018-04-25 17:13:36 #memes @NSFWBot#0017: 
2018-04-26 14:34:43 #memes @Niklas#7979: 
2018-04-26 18:15:27 #memes @Niklas#7979: 
2018-04-27 16:04:54 #memes @MeymeY#5818: !radio
2018-04-27 16:04:56 #memes @Synapse#0692: Please unload the audio cog before using this cog.
2018-04-27 16:05:02 #memes @MeymeY#5818: !audio
2018-04-27 16:05:21 #memes @MeymeY#5818: !audioset
2018-04-27 16:05:22 #memes @Synapse#0692: ```\n!audioset\n\nAudio settings.\n\nCommands:\n  timerdisconnect Toggles the disconnect timer\n  volume          Sets the volume (0 - 100)\n  notify          Sends a notification to the channel when the song changes\n  notifychannel   Sets the channel for the now playing announcement\n  emptydisconnect Toggles auto disconnection when everyone leaves the channel\n  vote            Percentage needed for the masses to skip songs. 0 to disable.\n\nType !audioset command for more info on a command.\nYou can also type !audioset category for more info on a category.\n```
2018-04-27 16:05:56 #memes @MeymeY#5818: !autdioset volume 50
2018-04-27 16:06:10 #memes @MeymeY#5818: !song
2018-04-27 16:06:12 #memes @Synapse#0692: I'm not playing on this server.
2018-04-27 16:06:18 #memes @MeymeY#5818: !play
2018-04-27 16:06:20 #memes @Synapse#0692: ```\n!play <url_or_search_terms>\n\nPlays a link / searches and play\n\n```
2018-04-27 16:06:37 #memes @MeymeY#5818: !play https://www.youtube.com/watch?v=L_jWHffIx5E
2018-04-27 16:06:38 #memes @MeymeY#5818 edited message from 2018-04-27 16:06:37 (!play https://www.youtube.com/watch?v=L_jWHffIx5E) to read: !play https://www.youtube.com/watch?v=L_jWHffIx5E
2018-04-27 16:06:43 #memes @Synapse#0692: `Error in command 'play'. Check your console or logs for details.`
2018-04-27 18:43:28 #memes @NIVEAULOSER#5011: 
2018-04-27 18:46:34 #memes @NIVEAULOSER#5011: -ass
2018-04-27 18:46:34 #memes @NSFWBot#0017: 
2018-04-27 18:46:37 #memes @NSFWBot#0017 edited message from 2018-04-27 18:46:34 () to read: 
2018-04-27 18:46:53 #memes @NIVEAULOSER#5011: -ass
2018-04-27 18:46:53 #memes @NSFWBot#0017: 
2018-04-27 18:46:53 #memes @NSFWBot#0017 edited message from 2018-04-27 18:46:53 () to read: 
2018-04-27 18:56:08 #memes @SMO#2562: 
2018-04-27 19:02:40 #memes @Niklas#7979: !duel
2018-04-27 19:02:40 #memes @Synapse#0692: ```\n!duel <user>\n\nDuel another player\n\n```
2018-04-27 19:02:50 #memes @Niklas#7979: !duel NIVEAULSOER
2018-04-27 19:02:50 #memes @Synapse#0692: ```\n!duel <user>\n\nDuel another player\n\n```
2018-04-27 19:03:15 #memes @NIVEAULOSER#5011: !duel Niklas
2018-04-27 19:03:16 #memes @Synapse#0692: NIVEAULOSER challenges Niklas to a duel!\n\nBy a coin toss, NIVEAULOSER will go first.
2018-04-27 19:03:16 #memes @Synapse#0692: NIVEAULOSER hurls a heavy rock at Niklas's spleen! It hits for 3 damage (17)
2018-04-27 19:03:18 #memes @Synapse#0692: Niklas fires their cannon, but fumbles and drops it on their head! It deals 2 damage (15)
2018-04-27 19:03:20 #memes @Synapse#0692: NIVEAULOSER tosses a moltov cocktail into Niklas's solar plexus! It hits for 2 damage (13)
2018-04-27 19:03:21 #memes @Synapse#0692: Niklas points at something in the distance, distracting NIVEAULOSER long enough to bitch-slap them! It hits for 1 damage (19)
2018-04-27 19:03:23 #memes @Synapse#0692: NIVEAULOSER stabs their lance at Niklas! It hits for 5 damage (8)
2018-04-27 19:03:25 #memes @Synapse#0692: Niklas tosses a grenade at NIVEAULOSER! It hits for 4 damage (15)
2018-04-27 19:03:28 #memes @Synapse#0692: NIVEAULOSER swings their falchion at Niklas! It deals 6 damage (2)
2018-04-27 19:03:29 #memes @Synapse#0692: Niklas points at something in the distance, distracting NIVEAULOSER long enough to headbutt them! It hits for 4 damage (11)
2018-04-27 19:03:32 #memes @Synapse#0692: After 4 rounds, @NIVEAULOSER wins with 11 HP!\nStats: NIVEAULOSER has 1 wins, 0 losses, 0 draws; Niklas has 1 wins, 1 losses, 0 draws.
2018-04-27 19:03:47 #memes @NIVEAULOSER#5011: !duel SMO
2018-04-27 19:03:48 #memes @Synapse#0692: NIVEAULOSER challenges SMO to a duel!\n\nBy a coin toss, NIVEAULOSER will go first.
2018-04-27 19:03:48 #memes @Synapse#0692: NIVEAULOSER stabs their dagger into SMO's knee! It hits for 6 damage (14)
2018-04-27 19:03:50 #memes @Synapse#0692: SMO swings their broadsword at NIVEAULOSER! It hits for 4 damage (16)
2018-04-27 19:03:51 #memes @Synapse#0692: NIVEAULOSER fires their mortar, but fumbles and drops it on their abdomen! It deals 3 damage (13)
2018-04-27 19:03:53 #memes @Synapse#0692: SMO swings their axe at NIVEAULOSER, but has sweaty hands and loses their grip, hitting themself instead. It deals 2 damage (12)
2018-04-27 19:03:55 #memes @Synapse#0692: NIVEAULOSER fires a psionic projectile at SMO's leg! It deals 4 damage (8)
2018-04-27 19:03:56 #memes @Synapse#0692: SMO stabs their lance at NIVEAULOSER! It deals 3 damage (10)
2018-04-27 19:03:58 #memes @Synapse#0692: NIVEAULOSER drives their fist into SMO! It hits for 3 damage (5)
2018-04-27 19:04:00 #memes @Synapse#0692: SMO hurls a heavy rock into NIVEAULOSER's leg! It hits for 2 damage (8)
2018-04-27 19:04:03 #memes @Synapse#0692: After 4 rounds, @NIVEAULOSER wins with 8 HP!\nStats: NIVEAULOSER has 2 wins, 0 losses, 0 draws; SMO has 0 wins, 1 losses, 0 draws.
2018-04-27 19:04:29 #memes @Niklas#7979: !duel NIVEAULOSER
2018-04-27 19:04:30 #memes @Synapse#0692: Niklas challenges NIVEAULOSER to a duel!\n\nBy a coin toss, NIVEAULOSER will go first.
2018-04-27 19:04:30 #memes @Synapse#0692: NIVEAULOSER tickles Niklas, causing them to pass out from lack of breath It deals 1 damage (19)
2018-04-27 19:04:31 #memes @Synapse#0692: Niklas tosses a grenade at NIVEAULOSER! It deals 6 damage (14)
2018-04-27 19:04:33 #memes @Synapse#0692: NIVEAULOSER fires a psionic projectile at Niklas! It hits for 5 damage (14)
2018-04-27 19:04:35 #memes @Synapse#0692: Niklas hurls a heavy rock at NIVEAULOSER! It hits for 2 damage (12)
2018-04-27 19:04:37 #memes @SMO#2562: !duel NIVEAULOSER
2018-04-27 19:04:38 #memes @Synapse#0692: NIVEAULOSER decides to inject nanomachines instead of attacking. It heals 5 HP (17)
2018-04-27 19:04:39 #memes @Synapse#0692: There's already a duel underway in this channel!
2018-04-27 19:04:40 #memes @Synapse#0692: Niklas hurls pocket sand at NIVEAULOSER! It hits for 1 damage (16)
2018-04-27 19:04:42 #memes @Synapse#0692: NIVEAULOSER orders their pet goat to charge Niklas! It hits for 2 damage (12)
2018-04-27 19:04:43 #memes @Synapse#0692: Niklas summons a starving komodo dragon to charge NIVEAULOSER! It hits for 6 damage (10)
2018-04-27 19:04:45 #memes @Synapse#0692: After 4 rounds, @Niklas wins with 12 HP!\nStats: Niklas has 2 wins, 1 losses, 0 draws; NIVEAULOSER has 2 wins, 1 losses, 0 draws.
2018-04-27 19:04:57 #memes @NIVEAULOSER#5011: -orgasm
2018-04-27 19:04:58 #memes @NSFWBot#0017: 
2018-04-27 19:04:58 #memes @NSFWBot#0017 edited message from 2018-04-27 19:04:58 () to read: 
2018-04-27 19:05:01 #memes @SMO#2562: !duel NIVEAULOSER
2018-04-27 19:05:02 #memes @Synapse#0692: SMO challenges NIVEAULOSER to a duel!\n\nBy a coin toss, SMO will go first.
2018-04-27 19:05:02 #memes @Synapse#0692: SMO tosses a grenade at NIVEAULOSER's head! It deals 5 damage (15)
2018-04-27 19:05:04 #memes @Synapse#0692: NIVEAULOSER fires their flamethrower at SMO! It deals 5 damage (15)
2018-04-27 19:05:06 #memes @Synapse#0692: SMO calls a timeout and drinks some Ambrosia. It gains 6 HP (21)
2018-04-27 19:05:08 #memes @Synapse#0692: The sky darkens as NIVEAULOSER begins to channel their inner focus. The air crackles as they slowly raise their falchion above their head before nailing an unescapable blow directly to SMO's leg! It hits for 8 damage (13)
2018-04-27 19:05:09 #memes @Synapse#0692: SMO fires a psionic projectile at NIVEAULOSER! It deals 3 damage (12)
2018-04-27 19:05:13 #memes @Synapse#0692: NIVEAULOSER fires their catapult at SMO! It deals 6 damage (7)
2018-04-27 19:05:14 #memes @Synapse#0692: The sky darkens as SMO begins to channel their inner focus. The air crackles as they slowly raise their flamethrower above their head before nailing an unescapable blow directly to NIVEAULOSER's arm! It hits for 8 damage (4)
2018-04-27 19:05:16 #memes @Synapse#0692: NIVEAULOSER points at something in the distance, distracting SMO long enough to roundhouse kick them! It deals 4 damage (3)
2018-04-27 19:05:18 #memes @Synapse#0692: After 4 rounds, @NIVEAULOSER wins with 4 HP!\nStats: NIVEAULOSER has 3 wins, 1 losses, 0 draws; SMO has 0 wins, 2 losses, 0 draws.
2018-04-27 19:54:14 #memes @Niklas#7979: !SMO Nklas Jax377
2018-04-27 19:54:24 #memes @Niklas#7979: !penis SMO NIklas Jax377
2018-04-27 19:54:24 #memes @Synapse#0692: ```\n!penis [users...]\n\nDetects user's penis length\n\nThis is 101% accurate.\nEnter multiple users for an accurate comparison!\n\n```
2018-04-27 19:58:28 #memes @Niklas#7979: !penis Niklas SMO
2018-04-27 19:58:31 #memes @Synapse#0692: **Niklas's size:**\n8==========================D\n**SMO's size:**\n8=============D
2018-04-27 19:58:41 #memes @Niklas#7979: !penis Jax377
2018-04-27 19:58:42 #memes @Synapse#0692: **Jax377's size:**\n8=============D
2018-04-27 21:29:00 #memes @SMO#2562: 
2018-04-28 17:16:25 #memes @Jens#9033: !penis Niklas SMO
2018-04-28 17:16:36 #memes @Synapse#0692: **Niklas's size:**\n8==========================D\n**SMO's size:**\n8=============D
2018-04-28 17:16:48 #memes @Jens#9033: !penis SMO Jens
2018-04-28 17:16:49 #memes @Synapse#0692: **SMO's size:**\n8=============D\n**Jens's size:**\n8==========D
2018-04-28 17:16:55 #memes @Jens#9033: ich habe den kleinsten easy
2018-04-28 18:02:18 #memes @SMO#2562: ez
2018-04-28 18:36:31 #memes @SMO#2562: !penis NIVEAULOSER
2018-04-28 18:36:31 #memes @Synapse#0692: **NIVEAULOSER's size:**\n8========================D
2018-04-28 18:42:06 #memes @Jax377#3156: !penis Jax377
2018-04-28 18:42:22 #memes @Synapse#0692: **Jax377's size:**\n8=============D
2018-04-28 18:42:31 #memes @SMO#2562: !penis SMO
2018-04-28 18:42:31 #memes @Synapse#0692: **SMO's size:**\n8=============D
2018-04-28 18:48:42 #memes @Niklas#7979: !penis Niklas
2018-04-28 18:48:43 #memes @Synapse#0692: **Niklas's size:**\n8==========================D
2018-04-28 19:11:22 #memes @Niklas#7979: !radio
2018-04-28 19:50:25 #memes @Jens#9033: https://ci.phncdn.com/videos/201710/04/135468571/original/3.jpg
2018-04-28 19:50:48 #memes @Jax377#3156: !boobs
2018-04-28 19:50:49 #memes @Jens#9033 deleted message from 2018-04-28 19:50:25 (https://ci.phncdn.com/videos/201710/04/135468571/original/3.jpg)
2018-04-28 19:50:49 #memes @Synapse#0692: http://media.oboobs.ru/boobs_preview/11490.jpg
2018-04-28 19:50:49 #memes @Synapse#0692 edited message from 2018-04-28 19:50:49 (http://media.oboobs.ru/boobs_preview/11490.jpg) to read: http://media.oboobs.ru/boobs_preview/11490.jpg
2018-04-28 19:50:49 #memes @Jax377#3156: !boobs
2018-04-28 19:50:49 #memes @Synapse#0692: http://media.oboobs.ru/boobs_preview/01886.jpg
2018-04-28 19:50:50 #memes @Synapse#0692 edited message from 2018-04-28 19:50:49 (http://media.oboobs.ru/boobs_preview/01886.jpg) to read: http://media.oboobs.ru/boobs_preview/01886.jpg
2018-04-28 19:50:50 #memes @Jax377#3156: !boobs
2018-04-28 19:50:50 #memes @Synapse#0692: http://media.oboobs.ru/boobs_preview/08659.jpg
2018-04-28 19:50:50 #memes @Jax377#3156: !boobs
2018-04-28 19:50:51 #memes @Synapse#0692: http://media.oboobs.ru/boobs_preview/00310.jpg
2018-04-28 19:50:51 #memes @Synapse#0692 edited message from 2018-04-28 19:50:51 (http://media.oboobs.ru/boobs_preview/00310.jpg) to read: http://media.oboobs.ru/boobs_preview/00310.jpg
2018-04-28 19:50:51 #memes @Jax377#3156: !boobs
2018-04-28 19:50:51 #memes @Synapse#0692: http://media.oboobs.ru/boobs_preview/11045.jpg
2018-04-28 19:50:52 #memes @Synapse#0692 edited message from 2018-04-28 19:50:51 (http://media.oboobs.ru/boobs_preview/11045.jpg) to read: http://media.oboobs.ru/boobs_preview/11045.jpg
2018-04-28 19:50:52 #memes @Jax377#3156: !boobs
2018-04-28 19:51:06 #memes @Synapse#0692 deleted message from 2018-04-28 19:50:49 (http://media.oboobs.ru/boobs_preview/11490.jpg)
2018-04-28 19:51:06 #memes @Jens#9033: https://ci.phncdn.com/videos/201710/04/135468571/original/3.jpg
2018-04-28 19:51:06 #memes @Synapse#0692: http://media.oboobs.ru/boobs_preview/10602.jpg
2018-04-28 19:51:06 #memes @Synapse#0692 edited message from 2018-04-28 19:51:06 (http://media.oboobs.ru/boobs_preview/10602.jpg) to read: http://media.oboobs.ru/boobs_preview/10602.jpg
2018-04-28 19:51:10 #memes @Synapse#0692 deleted message from 2018-04-28 19:50:49 (http://media.oboobs.ru/boobs_preview/01886.jpg)
2018-04-28 19:51:13 #memes @Synapse#0692 deleted message from 2018-04-28 19:50:50 (http://media.oboobs.ru/boobs_preview/08659.jpg)
2018-04-28 19:51:15 #memes @Synapse#0692 deleted message from 2018-04-28 19:50:51 (http://media.oboobs.ru/boobs_preview/00310.jpg)
2018-04-28 19:51:18 #memes @Synapse#0692 deleted message from 2018-04-28 19:50:51 (http://media.oboobs.ru/boobs_preview/11045.jpg)
2018-04-28 19:51:22 #memes @Synapse#0692 deleted message from 2018-04-28 19:51:06 (http://media.oboobs.ru/boobs_preview/10602.jpg)
2018-04-28 19:51:33 #memes @Jax377#3156: !boobs
2018-04-28 19:51:33 #memes @Synapse#0692: http://media.oboobs.ru/boobs_preview/00158.jpg
2018-04-28 19:51:33 #memes @Synapse#0692 edited message from 2018-04-28 19:51:33 (http://media.oboobs.ru/boobs_preview/00158.jpg) to read: http://media.oboobs.ru/boobs_preview/00158.jpg
2018-04-28 19:51:37 #memes @Synapse#0692 deleted message from 2018-04-28 19:51:33 (http://media.oboobs.ru/boobs_preview/00158.jpg)
2018-04-28 19:51:39 #memes @Jax377#3156: !boobs
2018-04-28 19:51:40 #memes @Synapse#0692: http://media.oboobs.ru/boobs_preview/10510.jpg
2018-04-28 19:51:40 #memes @Synapse#0692 edited message from 2018-04-28 19:51:40 (http://media.oboobs.ru/boobs_preview/10510.jpg) to read: http://media.oboobs.ru/boobs_preview/10510.jpg
2018-04-28 19:51:41 #memes @Jens#9033 deleted message from 2018-04-28 19:51:06 (https://ci.phncdn.com/videos/201710/04/135468571/original/3.jpg)
2018-04-28 19:51:47 #memes @Synapse#0692 deleted message from 2018-04-28 19:51:40 (http://media.oboobs.ru/boobs_preview/10510.jpg)
2018-04-28 19:51:49 #memes @Jax377#3156 deleted message from 2018-04-28 19:50:48 (!boobs)
2018-04-28 19:51:53 #memes @Jax377#3156 deleted message from 2018-04-28 19:50:49 (!boobs)
2018-04-28 19:51:59 #memes @Niklas#7979: -ASS
2018-04-28 19:51:59 #memes @NSFWBot#0017: 
2018-04-28 19:51:59 #memes @NSFWBot#0017 edited message from 2018-04-28 19:51:59 () to read: 
2018-04-28 19:52:02 #memes @Niklas#7979: -ass
2018-04-28 19:52:02 #memes @NSFWBot#0017: 
2018-04-28 19:52:02 #memes @NSFWBot#0017 edited message from 2018-04-28 19:52:02 () to read: 
