2018-04-25 16:33:10 #Other Games Voice channel join: Niklas#7979 (id 435486703906586625), moved from General
2018-04-25 16:33:17 #Other Games Voice channel leave: Niklas#7979 (id 435486703906586625) moving to General
2018-04-26 19:00:21 #Other Games Voice channel join: Jens#9033 (id 426853406921981952), moved from Csgo
2018-04-26 19:00:21 #Other Games Voice channel leave: Jens#9033 (id 426853406921981952) moving to Bullshit
2018-04-27 18:43:47 #Other Games Voice channel join: Niklas#7979 (id 435486703906586625), moved from Csgo
2018-04-27 18:43:48 #Other Games Voice channel leave: Niklas#7979 (id 435486703906586625) moving to Bullshit
2018-04-27 18:43:50 #Other Games Voice channel join: Niklas#7979 (id 435486703906586625), moved from Bullshit
2018-04-27 18:43:50 #Other Games Voice channel leave: Niklas#7979 (id 435486703906586625) moving to General
2018-04-27 18:43:56 #Other Games Voice channel join: Niklas#7979 (id 435486703906586625), moved from Csgo
2018-04-27 18:43:57 #Other Games Voice channel leave: Niklas#7979 (id 435486703906586625) moving to Bullshit
2018-04-27 18:43:57 #Other Games Voice channel join: Niklas#7979 (id 435486703906586625), moved from Bullshit
2018-04-27 18:43:58 #Other Games Voice channel leave: Niklas#7979 (id 435486703906586625) moving to Csgo
2018-04-27 18:43:59 #Other Games Voice channel join: Niklas#7979 (id 435486703906586625), moved from Csgo
2018-04-27 18:44:02 #Other Games Voice channel leave: Niklas#7979 (id 435486703906586625) moving to Csgo
2018-04-27 18:50:30 #Other Games Voice channel join: NIVEAULOSER#5011 (id 427703417415401483), moved from General
2018-04-27 18:50:33 #Other Games Voice channel leave: NIVEAULOSER#5011 (id 427703417415401483) moving to General
2018-04-28 19:01:14 #Other Games Voice channel join: Niklas#7979 (id 435486703906586625), moved from General
2018-04-28 19:01:15 #Other Games Voice channel join: MeymeY#5818 (id 357864171410423811), moved from General
2018-04-28 19:01:16 #Other Games Voice channel leave: Niklas#7979 (id 435486703906586625) moving to General
2018-04-28 19:01:16 #Other Games Voice channel leave: MeymeY#5818 (id 357864171410423811) moving to General
2018-04-28 19:01:17 #Other Games Voice channel join: Niklas#7979 (id 435486703906586625), moved from General
2018-04-28 19:01:19 #Other Games Voice channel leave: Niklas#7979 (id 435486703906586625) moving to General
