2018-05-02 18:42:12 this bot joined the server
2018-05-02 18:42:12 Role created: 'Synapse' (id 441308445547954180)
2018-05-02 18:42:12 Member role add: 'Synapse' role was added to @Synapse#0692
2018-05-02 18:44:07 Role color: 'Synapse' changed from #000000 to #277ecd
2018-05-02 18:44:14 Role renamed: 'Synapse' to '✔BOT'
2018-05-02 18:46:18 Member join: @Ghostplay R2#1298 (id 435829986772123658)
2018-05-02 18:46:18 Member role add: 'Ghostplay R2' role was added to @Ghostplay R2#1298
2018-05-02 18:46:18 Role created: 'Ghostplay R2' (id 441309474263793664)
2018-05-02 18:46:18 Member role add: 'Ghostplay R2' role was added to @Ghostplay R2#1298
2018-05-02 18:46:20 Role deleted: 'Ghostplay R2' (id 441309474263793664)
2018-05-02 18:46:20 Member leave: @Ghostplay R2#1298 (id 435829986772123658)
2018-05-02 18:46:45 Member role add: 'YouTuber' role was added to @Killerx46#9038
2018-05-02 18:47:05 Role permissions: '✅Owner ✅YouTuber' changed from 2146958591 to 2146958583
2018-05-02 18:47:05 Role position: '✅Owner ✅YouTuber' changed from 3 to 2
2018-05-02 18:47:18 Role permissions: '✅Owner ✅YouTuber' changed from 2146958583 to 2146958591
2018-05-02 18:47:18 Role renamed: '✅Owner ✅YouTuber' to '✅Owner'
2018-05-02 18:47:31 Role renamed: '✅Owner' to '✔Owner'
2018-05-02 18:48:05 Role renamed: 'YouTuber' to '✔YouTuber'
2018-05-02 18:48:05 Role position: 'YouTuber' changed from 2 to 1
2018-05-02 18:48:25 Role renamed: 'Moderator' to '✔Moderator'
2018-05-02 18:48:25 Role position: 'Moderator' changed from 2 to 1
2018-05-02 18:54:03 Member join: @Rainbow Colors#1912 (id 437969051621261313)
2018-05-02 18:54:03 Member role add: 'Rainbow Roles' role was added to @Rainbow Colors#1912
2018-05-02 18:54:03 Role created: 'Rainbow Roles' (id 441311427060432917)
2018-05-02 18:54:03 Member role add: 'Rainbow Roles' role was added to @Rainbow Colors#1912
2018-05-02 18:56:16 Role color: 'Rainbow Roles' changed from #000000 to #195080
2018-05-02 18:56:19 Role renamed: 'Rainbow Roles' to '✔Bot'
2018-05-02 18:56:26 Role color: '✔Bot' changed from #195080 to #277ecd
2018-05-02 18:56:30 Role renamed: '✔Bot' to '✔BOT'
2018-05-02 18:59:07 Role mentionable: '✔BOT' is now mentionable
2018-05-02 18:59:11 Role mentionable: '✔BOT' is no longer mentionable
2018-05-02 18:59:16 Role position: '✔Moderator' changed from 2 to 3
2018-05-02 18:59:16 Role position: '✔YouTuber' changed from 2 to 4
2018-05-02 18:59:16 Role position: '✔Owner' changed from 3 to 5
2018-05-02 19:00:59 Role deleted: '✔BOT' (id 441311427060432917)
2018-05-02 19:00:59 Member leave: @Rainbow Colors#1912 (id 437969051621261313)
2018-05-02 19:04:36 Member join: @Rainbow Colors#1912 (id 437969051621261313)
2018-05-02 19:04:36 Role created: 'Rainbow Roles' (id 441314082004664340)
2018-05-02 19:04:36 Member role add: 'Rainbow Roles' role was added to @Rainbow Colors#1912
2018-05-02 19:08:28 Role created: 'new role' (id 441315044391780352)
2018-05-02 19:08:50 Role hoist: 'Rainbow Roles' is now shown seperately
2018-05-02 19:08:50 Role position: 'Rainbow Roles' changed from 2 to 1
2018-05-02 19:08:52 Role mentionable: 'Rainbow Roles' is now mentionable
2018-05-02 19:09:00 Role mentionable: 'Rainbow Roles' is no longer mentionable
2018-05-02 19:09:00 Role hoist: 'Rainbow Roles' is no longer shown seperately
2018-05-02 19:09:00 Role mentionable: 'Rainbow Roles' is no longer mentionable
2018-05-02 19:10:13 Member join: @Ghostplay R2#1298 (id 435829986772123658)
2018-05-02 19:10:13 Member role add: 'Ghostplay R2' role was added to @Ghostplay R2#1298
2018-05-02 19:10:13 Role created: 'Ghostplay R2' (id 441315492645306380)
2018-05-02 19:10:13 Member role add: 'Ghostplay R2' role was added to @Ghostplay R2#1298
2018-05-02 19:10:14 Role deleted: 'Ghostplay R2' (id 441315492645306380)
2018-05-02 19:10:14 Member leave: @Ghostplay R2#1298 (id 435829986772123658)
2018-05-02 19:10:58 Role permissions: '✔BOT' changed from 8 to 0
2018-05-02 19:10:58 Role position: '✔BOT' changed from 3 to 2
2018-05-02 19:11:01 Role permissions: '✔BOT' changed from 0 to 8
2018-05-02 19:15:12 Role position: 'Rainbow Roles' changed from 1 to 2
2018-05-02 19:15:12 Role position: '✔BOT' changed from 2 to 3
2018-05-02 19:15:15 Role hoist: '✔BOT' is now shown seperately
2018-05-02 19:15:16 Role mentionable: '✔BOT' is now mentionable
2018-05-02 19:15:16 Role hoist: '✔BOT' is no longer shown seperately
2018-05-02 19:15:16 Role mentionable: '✔BOT' is no longer mentionable
2018-05-02 19:15:16 Role hoist: '✔BOT' is now shown seperately
2018-05-02 19:15:16 Role mentionable: '✔BOT' is now mentionable
2018-05-02 19:15:16 Role hoist: '✔BOT' is no longer shown seperately
2018-05-02 19:15:22 Role hoist: '✔BOT' is now shown seperately
2018-05-02 19:15:33 Role permissions: '✔BOT' changed from 8 to 136
2018-05-02 19:15:36 Role permissions: '✔BOT' changed from 136 to 8
2018-05-02 19:15:55 Role hoist: 'Rainbow Roles' is now shown seperately
2018-05-02 19:15:55 Role mentionable: 'Rainbow Roles' is now mentionable
2018-05-02 19:16:22 Role position: '✔Moderator' changed from 4 to 3
2018-05-02 19:16:22 Role position: '✔YouTuber' changed from 5 to 4
2018-05-02 19:16:22 Role position: '✔Owner' changed from 6 to 5
2018-05-02 19:16:22 Role position: '✔BOT' changed from 3 to 6
2018-05-02 19:16:36 Role position: '✔BOT' changed from 6 to 3
2018-05-02 19:16:36 Role position: '✔Moderator' changed from 3 to 4
2018-05-02 19:16:36 Role position: '✔YouTuber' changed from 4 to 5
2018-05-02 19:16:36 Role position: '✔Owner' changed from 5 to 6
2018-05-02 19:16:43 Role position: '✔BOT' changed from 3 to 2
2018-05-02 19:16:43 Role position: '✔Moderator' changed from 4 to 3
2018-05-02 19:16:43 Role position: '✔YouTuber' changed from 5 to 4
2018-05-02 19:16:43 Role position: '✔Owner' changed from 6 to 5
2018-05-02 19:16:43 Role position: 'Rainbow Roles' changed from 2 to 6
2018-05-02 19:16:57 Role position: 'Rainbow Roles' changed from 6 to 1
2018-05-02 19:16:57 Role position: 'new role' changed from 1 to 2
2018-05-02 19:16:57 Role position: '✔BOT' changed from 2 to 3
2018-05-02 19:16:57 Role position: '✔Moderator' changed from 3 to 4
2018-05-02 19:16:57 Role position: '✔YouTuber' changed from 4 to 5
2018-05-02 19:16:57 Role position: '✔Owner' changed from 5 to 6
2018-05-02 19:17:01 Role position: 'new role' changed from 2 to 1
2018-05-02 19:17:01 Role position: 'Rainbow Roles' changed from 1 to 2
2018-05-02 19:18:15 Role deleted: 'Rainbow Roles' (id 441314082004664340)
2018-05-02 19:18:15 Member leave: @Rainbow Colors#1912 (id 437969051621261313)
2018-05-02 19:18:59 Role deleted: '✔BOT' (id 441308445547954180)
2018-05-02 19:18:59 Member leave: @Synapse#0692 (id 435538622293344266)
2018-05-02 19:18:59 this bot left the server
