2018-04-23 23:43:00 this bot joined the server
2018-04-23 23:43:00 Role created: 'Synapse' (id 438122650762477569)
2018-04-23 23:43:00 Member role add: 'Synapse' role was added to @Synapse#0692
2018-04-23 23:43:25 Role created: 'new role' (id 438122759709523979)
2018-04-23 23:43:36 Role color: 'new role' changed from #000000 to #277ecd
2018-04-23 23:43:38 Role renamed: 'new role' to 'SHINOBI'
2018-04-23 23:43:41 Role hoist: 'SHINOBI' is now shown seperately
2018-04-23 23:43:41 Role mentionable: 'SHINOBI' is now mentionable
2018-04-23 23:43:41 Role hoist: 'SHINOBI' is no longer shown seperately
2018-04-23 23:43:42 Role permissions: 'SHINOBI' changed from 104324161 to 104324169
2018-04-23 23:43:42 Role hoist: 'SHINOBI' is now shown seperately
2018-04-23 23:43:43 Role permissions: 'SHINOBI' changed from 104324169 to 104324297
2018-04-23 23:43:44 Role permissions: 'SHINOBI' changed from 104324297 to 104324329
2018-04-23 23:43:45 Role permissions: 'SHINOBI' changed from 104324329 to 372759785
2018-04-23 23:43:46 Role permissions: 'SHINOBI' changed from 372759785 to 372759801
2018-04-23 23:43:46 Role permissions: 'SHINOBI' changed from 372759801 to 372759803
2018-04-23 23:43:46 Role permissions: 'SHINOBI' changed from 372759803 to 372759807
2018-04-23 23:43:47 Role permissions: 'SHINOBI' changed from 372759807 to 506977535
2018-04-23 23:43:48 Role permissions: 'SHINOBI' changed from 506977535 to 1580719359
2018-04-23 23:43:49 Role permissions: 'SHINOBI' changed from 1580719359 to 2117590271
2018-04-23 23:43:50 Role permissions: 'SHINOBI' changed from 2117590271 to 2117598463
2018-04-23 23:43:52 Role permissions: 'SHINOBI' changed from 2117598463 to 2121792767
2018-04-23 23:43:53 Role permissions: 'SHINOBI' changed from 2121792767 to 2130181375
2018-04-23 23:43:53 Role permissions: 'SHINOBI' changed from 2130181375 to 2146958591
2018-04-23 23:44:10 Member role add: 'SHINOBI' role was added to @Patcampbell70#1560
2018-04-23 23:48:34 Member join: @FlandersBOT#0680 (id 221609683562135553)
2018-04-23 23:48:34 Member role add: 'FlandersBOT' role was added to @FlandersBOT#0680
2018-04-23 23:48:34 Role created: 'FlandersBOT' (id 438124052037763104)
2018-04-23 23:48:34 Member role add: 'FlandersBOT' role was added to @FlandersBOT#0680
2018-04-23 23:49:35 Member join: @Spirit#0252 (id 335084645743984641)
2018-04-23 23:49:35 Role created: 'Spirit' (id 438124308162936843)
2018-04-23 23:49:35 Member role add: 'Spirit' role was added to @Spirit#0252
2018-04-23 23:49:57 Member join: @Ghost#9846 (id 375790373131386891)
2018-04-23 23:49:58 Role created: 'Ghost' (id 438124403545604096)
2018-04-23 23:49:58 Member role add: 'Ghost' role was added to @Ghost#9846
2018-04-23 23:50:59 Member join: @Haru#9076 (id 406532313573490688)
2018-04-23 23:50:59 Member role add: 'Haru' role was added to @Haru#9076
2018-04-23 23:50:59 Role created: 'Haru' (id 438124661398568962)
2018-04-23 23:50:59 Member role add: 'Haru' role was added to @Haru#9076
2018-04-23 23:52:09 Member join: @Isabel#2050 (id 246444048674586625)
2018-04-23 23:52:09 Member role add: 'Isabel' role was added to @Isabel#2050
2018-04-23 23:52:09 Role created: 'Isabel' (id 438124956333768704)
2018-04-23 23:52:09 Member role add: 'Isabel' role was added to @Isabel#2050
2018-04-23 23:53:18 Member join: @J.A.R.V.I.S#5877 (id 236949446091472896)
2018-04-23 23:54:26 Member join: @Lucy#8225 (id 397076708144185346)
2018-04-23 23:54:26 Role created: 'Lucy' (id 438125529120505878)
2018-04-23 23:54:26 Member role add: 'Lucy' role was added to @Lucy#8225
2018-04-23 23:55:31 Member join: @Mantaro#4454 (id 213466096718708737)
2018-04-23 23:55:31 Member role add: 'Mantaro' role was added to @Mantaro#4454
2018-04-23 23:55:31 Role created: 'Mantaro' (id 438125800974188565)
2018-04-23 23:55:31 Member role add: 'Mantaro' role was added to @Mantaro#4454
2018-04-23 23:56:06 Member join: @Mavis#5674 (id 385719419659223040)
2018-04-23 23:56:06 Member role add: 'Mavis' role was added to @Mavis#5674
2018-04-23 23:56:06 Role created: 'Mavis' (id 438125950836670464)
2018-04-23 23:56:06 Member role add: 'Mavis' role was added to @Mavis#5674
2018-04-23 23:57:52 Member join: @Neptune#4014 (id 244982787835166720)
2018-04-23 23:58:24 Member join: @hockey#9797 (id 392070285907722240)
2018-04-24 00:01:39 Member join: @Noëlla#5951 (id 357852849029513216)
2018-04-24 00:01:39 Member role add: 'Noëlla' role was added to @Noëlla#5951
2018-04-24 00:01:39 Role created: 'Noëlla' (id 438127344905879573)
2018-04-24 00:01:39 Member role add: 'Noëlla' role was added to @Noëlla#5951
2018-04-24 00:02:19 Member join: @OverBot#0497 (id 268365185712914442)
2018-04-24 00:02:19 Member role add: 'OverBot' role was added to @OverBot#0497
2018-04-24 00:02:19 Role created: 'OverBot' (id 438127515735949333)
2018-04-24 00:02:19 Member role add: 'OverBot' role was added to @OverBot#0497
2018-04-24 00:34:32 Role permissions: 'Synapse' changed from 8 to 66186303
2018-04-24 00:34:32 Role position: 'Synapse' changed from 12 to 1
2018-04-24 00:37:44 Member username: '@Patcampbell70#1560' (id 376671409377640448) changed username from 'Patcampbell70' to 'Hamster'
2018-04-24 00:59:51 Member join: @Koya#1050 (id 276060004262477825)
2018-04-24 00:59:51 Role created: 'Koya' (id 438141994376888330)
2018-04-24 00:59:51 Member role add: 'Koya' role was added to @Koya#1050
2018-04-24 00:59:51 Member role add: 'Koya' role was added to @Koya#1050
2018-04-24 01:01:33 Role renamed: 'SHINOBI' to 'Hokage'
2018-04-24 01:01:33 Role position: 'SHINOBI' changed from 12 to 1
2018-04-24 01:01:51 Role hoist: 'PikaGirl' is now shown seperately
2018-04-24 01:01:51 Role position: 'PikaGirl' changed from 14 to 1
2018-04-24 01:01:54 Role hoist: 'MEE6' is now shown seperately
2018-04-24 01:01:54 Role position: 'MEE6' changed from 14 to 1
2018-04-24 01:01:57 Role hoist: 'Astolfo' is now shown seperately
2018-04-24 01:01:57 Role position: 'Astolfo' changed from 14 to 1
2018-04-24 01:02:00 Role hoist: 'Rythm' is now shown seperately
2018-04-24 01:02:00 Role position: 'Rythm' changed from 14 to 1
2018-04-24 01:02:06 Role hoist: 'D.Va' is now shown seperately
2018-04-24 01:02:06 Role position: 'D.Va' changed from 14 to 1
2018-04-24 01:02:12 Role hoist: 'Sagiri' is now shown seperately
2018-04-24 01:02:12 Role position: 'Sagiri' changed from 14 to 1
2018-04-24 01:02:14 Role hoist: 'Economal' is now shown seperately
2018-04-24 01:02:14 Role position: 'Economal' changed from 14 to 1
2018-04-24 01:02:18 Role hoist: 'Fortnite Bot' is now shown seperately
2018-04-24 01:02:18 Role position: 'Fortnite Bot' changed from 14 to 1
2018-04-24 01:02:22 Role hoist: 'Frost' is now shown seperately
2018-04-24 01:02:22 Role position: 'Frost' changed from 14 to 1
2018-04-24 01:02:25 Role hoist: 'Frostwalker' is now shown seperately
2018-04-24 01:02:25 Role position: 'Frostwalker' changed from 14 to 1
2018-04-24 01:02:28 Role hoist: 'Synapse' is now shown seperately
2018-04-24 01:02:28 Role position: 'Synapse' changed from 2 to 1
2018-04-24 01:02:32 Role hoist: 'FlandersBOT' is now shown seperately
2018-04-24 01:02:32 Role position: 'FlandersBOT' changed from 11 to 1
2018-04-24 01:02:36 Role hoist: 'Spirit' is now shown seperately
2018-04-24 01:02:36 Role position: 'Spirit' changed from 10 to 1
2018-04-24 01:02:40 Role hoist: 'Ghost' is now shown seperately
2018-04-24 01:02:40 Role position: 'Ghost' changed from 9 to 1
2018-04-24 01:02:43 Role hoist: 'Haru' is now shown seperately
2018-04-24 01:02:43 Role position: 'Haru' changed from 8 to 1
2018-04-24 01:02:45 Role hoist: 'Isabel' is now shown seperately
2018-04-24 01:02:45 Role position: 'Isabel' changed from 7 to 1
2018-04-24 01:02:49 Role hoist: 'Lucy' is now shown seperately
2018-04-24 01:02:49 Role position: 'Lucy' changed from 6 to 1
2018-04-24 01:02:55 Role hoist: 'Mantaro' is now shown seperately
2018-04-24 01:02:55 Role position: 'Mantaro' changed from 5 to 1
2018-04-24 01:03:11 Role hoist: 'Mavis' is now shown seperately
2018-04-24 01:03:11 Role position: 'Mavis' changed from 4 to 1
2018-04-24 01:03:15 Role hoist: 'Noëlla' is now shown seperately
2018-04-24 01:03:15 Role position: 'Noëlla' changed from 3 to 1
2018-04-24 01:03:18 Role hoist: 'OverBot' is now shown seperately
2018-04-24 01:03:18 Role position: 'OverBot' changed from 2 to 1
2018-04-24 01:03:24 Role hoist: 'Koya' is now shown seperately
2018-04-24 01:05:24 Role hoist: 'PikaGirl' is no longer shown seperately
2018-04-24 01:05:26 Role hoist: 'MEE6' is no longer shown seperately
2018-04-24 01:05:29 Role hoist: 'Astolfo' is no longer shown seperately
2018-04-24 01:05:32 Role hoist: 'Rythm' is no longer shown seperately
2018-04-24 01:05:34 Role hoist: 'D.Va' is no longer shown seperately
2018-04-24 01:05:41 Role hoist: 'Sagiri' is no longer shown seperately
2018-04-24 01:05:56 Role hoist: 'Economal' is no longer shown seperately
2018-04-24 01:05:59 Role hoist: 'Fortnite Bot' is no longer shown seperately
2018-04-24 01:06:04 Role hoist: 'Frost' is no longer shown seperately
2018-04-24 01:06:09 Role hoist: 'FlandersBOT' is no longer shown seperately
2018-04-24 01:06:12 Role hoist: 'Synapse' is no longer shown seperately
2018-04-24 01:06:22 Role hoist: 'Frostwalker' is no longer shown seperately
2018-04-24 01:06:27 Role hoist: 'Spirit' is no longer shown seperately
2018-04-24 01:06:30 Role hoist: 'Ghost' is no longer shown seperately
2018-04-24 01:06:33 Role hoist: 'Isabel' is no longer shown seperately
2018-04-24 01:06:35 Role hoist: 'Haru' is no longer shown seperately
2018-04-24 01:06:41 Role hoist: 'Lucy' is no longer shown seperately
2018-04-24 01:06:44 Role hoist: 'Mantaro' is no longer shown seperately
2018-04-24 01:06:47 Role hoist: 'Mavis' is no longer shown seperately
2018-04-24 01:06:51 Role hoist: 'Noëlla' is no longer shown seperately
2018-04-24 01:06:54 Role hoist: 'OverBot' is no longer shown seperately
2018-04-24 01:07:00 Role hoist: 'Koya' is no longer shown seperately
2018-04-24 01:07:14 Role created: 'new role' (id 438143850142236692)
2018-04-24 01:07:32 Role color: 'new role' changed from #000000 to #25c059
2018-04-24 01:07:34 Role hoist: 'new role' is now shown seperately
2018-04-24 01:07:36 Role mentionable: 'new role' is now mentionable
2018-04-24 01:07:37 Role permissions: 'new role' changed from 104324161 to 104324169
2018-04-24 01:07:38 Role permissions: 'new role' changed from 104324169 to 104324297
2018-04-24 01:07:39 Role permissions: 'new role' changed from 104324297 to 104324329
2018-04-24 01:07:39 Role permissions: 'new role' changed from 104324329 to 372759785
2018-04-24 01:07:40 Role permissions: 'new role' changed from 372759785 to 372759801
2018-04-24 01:07:41 Role permissions: 'new role' changed from 372759801 to 372759803
2018-04-24 01:07:41 Role permissions: 'new role' changed from 372759803 to 372759807
2018-04-24 01:07:43 Role permissions: 'new role' changed from 372759807 to 506977535
2018-04-24 01:07:43 Role permissions: 'new role' changed from 506977535 to 1580719359
2018-04-24 01:07:43 Role permissions: 'new role' changed from 1580719359 to 2117590271
2018-04-24 01:07:47 Role permissions: 'new role' changed from 2117590271 to 2117598463
2018-04-24 01:07:52 Role permissions: 'new role' changed from 2117598463 to 2121792767
2018-04-24 01:07:52 Role permissions: 'new role' changed from 2121792767 to 2130181375
2018-04-24 01:07:52 Role permissions: 'new role' changed from 2130181375 to 2146958591
2018-04-24 01:08:10 Role renamed: 'new role' to 'BOT'
2018-04-24 01:08:19 Member role add: 'BOT' role was added to @Astolfo#0628
2018-04-24 01:08:25 Member role add: 'BOT' role was added to @D.Va#4904
2018-04-24 01:08:30 Member role add: 'BOT' role was added to @Economal#1023
2018-04-24 01:09:42 Member role add: 'BOT' role was added to @FlandersBOT#0680
2018-04-24 01:10:12 Member role add: 'BOT' role was added to @Fortnite Bot#4244
2018-04-24 01:10:21 Member role add: 'BOT' role was added to @FredBoat♪♪#7284
2018-04-24 01:10:30 Member role add: 'BOT' role was added to @Frost#7577
2018-04-24 01:10:37 Member role add: 'BOT' role was added to @FrostWalker#1438
2018-04-24 01:10:42 Member role add: 'BOT' role was added to @Ghost#9846
2018-04-24 01:10:48 Member role add: 'BOT' role was added to @Haru#9076
2018-04-24 01:10:54 Member role add: 'BOT' role was added to @Isabel#2050
2018-04-24 01:11:53 Member role add: 'BOT' role was added to @J.A.R.V.I.S#5877
2018-04-24 01:11:59 Member role add: 'BOT' role was added to @KawaiiBot#0769
2018-04-24 01:12:39 Member role add: 'BOT' role was added to @Koya#1050
2018-04-24 01:12:45 Member role add: 'BOT' role was added to @Lucy#8225
2018-04-24 01:12:53 Member role add: 'BOT' role was added to @Mantaro#4454
2018-04-24 01:13:01 Member role add: 'BOT' role was added to @Mavis#5674
2018-04-24 01:13:06 Member role add: 'BOT' role was added to @MEE6#4876
2018-04-24 01:13:12 Member role add: 'BOT' role was added to @Neptune#4014
2018-04-24 01:13:19 Member role add: 'BOT' role was added to @Noëlla#5951
2018-04-24 01:13:30 Member role add: 'BOT' role was added to @OverBot#0497
2018-04-24 01:13:36 Member role add: 'BOT' role was added to @PikaGirl#7552
2018-04-24 01:13:47 Member role add: 'BOT' role was added to @Rythm#3722
2018-04-24 01:13:54 Member role add: 'BOT' role was added to @Sagiri#4034
2018-04-24 01:14:04 Member role add: 'BOT' role was added to @Spirit#0252
2018-04-24 01:14:19 Member role add: 'BOT' role was added to @Synapse#0692
2018-04-24 21:29:03 Server name changed from Serveur RP to Serveur
2018-04-24 21:29:33 Member join: @Lilag#2908 (id 404264972491948044)
2018-04-24 21:29:51 Member role add: 'Hokage' role was added to @Lilag#2908
2018-04-25 02:09:58 Member join: @Your Neighborhood Meme Dealer™#0941 (id 329795354495025155)
2018-04-25 10:54:29 Role created: 'new role' (id 438654026121478144)
2018-04-25 10:54:38 Role color: 'new role' changed from #000000 to #25c059
2018-04-25 10:54:41 Role hoist: 'new role' is now shown seperately
2018-04-25 10:54:41 Role mentionable: 'new role' is now mentionable
2018-04-25 10:54:57 Role renamed: 'new role' to 'Chunin'
2018-04-25 10:55:06 Role color: 'BOT' changed from #25c059 to #17ac86
2018-04-25 10:55:06 Role position: 'BOT' changed from 2 to 1
2018-04-25 10:55:07 Role color: 'BOT' changed from #17ac86 to #4c6876
2018-04-25 10:55:08 Role color: 'BOT' changed from #4c6876 to #da004e
2018-04-25 10:55:09 Role color: 'BOT' changed from #da004e to #818689
2018-04-25 10:55:12 Role color: 'BOT' changed from #818689 to #d7342a
2018-04-25 10:59:57 Role position: 'BOT' changed from 1 to 2
2018-04-25 10:59:57 Role position: 'Koya' changed from 2 to 3
2018-04-25 10:59:57 Role position: 'OverBot' changed from 2 to 4
2018-04-25 10:59:57 Role position: 'Noëlla' changed from 2 to 5
2018-04-25 10:59:57 Role position: 'Mavis' changed from 2 to 6
2018-04-25 10:59:57 Role position: 'Mantaro' changed from 2 to 7
2018-04-25 10:59:57 Role position: 'Lucy' changed from 2 to 8
2018-04-25 10:59:57 Role position: 'Isabel' changed from 2 to 9
2018-04-25 10:59:57 Role position: 'Haru' changed from 2 to 10
2018-04-25 10:59:57 Role position: 'Ghost' changed from 2 to 11
2018-04-25 10:59:57 Role position: 'Spirit' changed from 2 to 12
2018-04-25 10:59:57 Role position: 'FlandersBOT' changed from 2 to 13
2018-04-25 10:59:57 Role position: 'Hokage' changed from 2 to 14
2018-04-25 10:59:57 Role position: 'Synapse' changed from 2 to 15
2018-04-25 10:59:57 Role position: 'Frostwalker' changed from 2 to 16
2018-04-25 10:59:57 Role position: 'Frost' changed from 2 to 17
2018-04-25 10:59:57 Role position: 'Fortnite Bot' changed from 2 to 18
2018-04-25 10:59:57 Role position: 'Economal' changed from 2 to 19
2018-04-25 10:59:57 Role position: 'Sagiri' changed from 2 to 20
2018-04-25 10:59:57 Role position: 'D.Va' changed from 2 to 21
2018-04-25 10:59:57 Role position: 'Rythm' changed from 2 to 22
2018-04-25 10:59:57 Role position: 'Astolfo' changed from 2 to 23
2018-04-25 10:59:57 Role position: 'MEE6' changed from 2 to 24
2018-04-25 10:59:57 Role position: 'PikaGirl' changed from 2 to 25
2018-04-25 10:59:57 Role renamed: 'Hokage' to 'SSS'
2018-04-25 11:00:05 Role renamed: 'Chunin' to 'D'
2018-04-25 11:00:10 Role created: 'new role' (id 438655457486438410)
2018-04-25 11:00:51 Role renamed: 'new role' to 'C'
2018-04-25 11:00:51 Role color: 'new role' changed from #000000 to #e91e63
2018-04-25 11:00:51 Role mentionable: 'C' is now mentionable
2018-04-25 11:00:51 Role hoist: 'C' is now shown seperately
2018-04-25 11:00:57 Role created: 'new role' (id 438655642098466816)
2018-04-25 11:01:23 Role renamed: 'new role' to 'B'
2018-04-25 11:01:23 Role color: 'new role' changed from #000000 to #e74c3c
2018-04-25 11:01:23 Role mentionable: 'B' is now mentionable
2018-04-25 11:01:23 Role hoist: 'B' is now shown seperately
2018-04-25 11:01:29 Role created: 'new role' (id 438655777956429845)
2018-04-25 11:01:46 Role renamed: 'new role' to 'A'
2018-04-25 11:01:46 Role color: 'new role' changed from #000000 to #f1c40f
2018-04-25 11:01:46 Role mentionable: 'A' is now mentionable
2018-04-25 11:01:46 Role hoist: 'A' is now shown seperately
2018-04-25 11:01:46 Role permissions: 'new role' changed from 104324161 to 104324167
2018-04-25 11:01:49 Role created: 'new role' (id 438655872474939392)
2018-04-25 11:02:12 Role renamed: 'new role' to 'S'
2018-04-25 11:02:12 Role color: 'new role' changed from #000000 to #9b59b6
2018-04-25 11:02:12 Role mentionable: 'S' is now mentionable
2018-04-25 11:02:12 Role hoist: 'S' is now shown seperately
2018-04-25 11:02:12 Role permissions: 'new role' changed from 104324161 to 372759639
2018-04-25 11:02:14 Role created: 'new role' (id 438655977747906560)
2018-04-25 11:02:43 Role renamed: 'new role' to 'SS'
2018-04-25 11:02:43 Role color: 'new role' changed from #000000 to #a84300
2018-04-25 11:02:43 Role mentionable: 'SS' is now mentionable
2018-04-25 11:02:43 Role hoist: 'SS' is now shown seperately
2018-04-25 11:02:43 Role permissions: 'new role' changed from 104324161 to 2146958455
2018-04-25 11:03:19 Member role add: 'C' role was added to @hockey#9797
2018-04-25 11:03:25 Member role add: 'SS' role was added to @Lilag#2908
2018-04-25 11:03:27 Member role add: 'S' role was added to @Lilag#2908
2018-04-25 11:03:29 Member role add: 'A' role was added to @Lilag#2908
2018-04-25 11:03:31 Member role add: 'B' role was added to @Lilag#2908
2018-04-25 11:03:33 Member role add: 'C' role was added to @Lilag#2908
2018-04-25 11:03:35 Member role add: 'D' role was added to @Lilag#2908
2018-04-25 11:03:44 Member role add: 'A' role was added to @Your Neighborhood Meme Dealer™#0941
2018-04-25 11:03:47 Member role add: 'B' role was added to @Your Neighborhood Meme Dealer™#0941
2018-04-25 11:03:49 Member role add: 'C' role was added to @Your Neighborhood Meme Dealer™#0941
2018-04-25 11:03:52 Member role add: 'D' role was added to @Your Neighborhood Meme Dealer™#0941
2018-04-25 11:04:02 Member role remove: The 'D' role was removed from @Your Neighborhood Meme Dealer™#0941
2018-04-25 11:04:03 Member role remove: The 'C' role was removed from @Your Neighborhood Meme Dealer™#0941
2018-04-25 11:04:04 Member role remove: The 'B' role was removed from @Your Neighborhood Meme Dealer™#0941
2018-04-25 11:04:05 Member role remove: The 'A' role was removed from @Your Neighborhood Meme Dealer™#0941
2018-04-25 11:04:07 Member role add: 'D' role was added to @Your Neighborhood Meme Dealer™#0941
2018-04-25 11:04:10 Member role add: 'C' role was added to @Your Neighborhood Meme Dealer™#0941
2018-04-25 11:04:12 Member role add: 'B' role was added to @Your Neighborhood Meme Dealer™#0941
2018-04-25 11:04:14 Member role add: 'A' role was added to @Your Neighborhood Meme Dealer™#0941
2018-04-25 11:04:36 Member role remove: The 'B' role was removed from @Your Neighborhood Meme Dealer™#0941
2018-04-25 11:04:37 Member role remove: The 'C' role was removed from @Your Neighborhood Meme Dealer™#0941
2018-04-25 11:04:38 Member role remove: The 'D' role was removed from @Your Neighborhood Meme Dealer™#0941
2018-04-25 11:04:41 Member role add: 'B' role was added to @Your Neighborhood Meme Dealer™#0941
2018-04-25 11:04:43 Member role remove: The 'B' role was removed from @Your Neighborhood Meme Dealer™#0941
2018-04-25 11:07:47 Member join: @Sensei90Naruto#4682 (id 403907900491300865)
2018-04-25 11:13:51 Member join: @Dyno#3861 (id 155149108183695360)
2018-04-25 11:13:51 Member role add: 'Dyno' role was added to @Dyno#3861
2018-04-25 11:13:51 Role created: 'Dyno' (id 438658895490187276)
2018-04-25 11:13:51 Member role add: 'Dyno' role was added to @Dyno#3861
2018-04-25 11:16:41 Member role add: 'A' role was added to @Sensei90Naruto#4682
2018-04-25 11:18:24 Member role add: 'BOT' role was added to @Dyno#3861
2018-04-25 11:18:36 Member role add: 'SSS' role was added to @Dyno#3861
2018-04-25 11:18:55 Member role remove: The 'SSS' role was removed from @Dyno#3861
2018-04-25 11:27:47 Channel created: bienvenue
2018-04-25 11:27:49 Channel position: bienvenue moved from 1 to 0
2018-04-25 11:27:49 Channel position: général moved from 0 to 1
2018-04-25 11:44:22 Role deleted: 'Sagiri' (id 438118674340249607)
2018-04-25 11:44:22 Member leave: @Sagiri#4034 (id 328762972505636864)
2018-04-25 12:27:57 Member role add: 'D' role was added to @Sensei90Naruto#4682
2018-04-25 12:28:49 Member role remove: The 'A' role was removed from @Sensei90Naruto#4682
2018-04-25 12:28:55 Member role remove: The 'A' role was removed from @Your Neighborhood Meme Dealer™#0941
2018-04-25 12:31:34 Role deleted: 'Rythm' (id 438115657125462017)
2018-04-25 12:31:34 Member leave: @Rythm#3722 (id 235088799074484224)
2018-04-25 16:52:39 Role deleted: 'FlandersBOT' (id 438124052037763104)
2018-04-25 16:52:39 Member leave: @FlandersBOT#0680 (id 221609683562135553)
2018-04-25 16:54:11 Role deleted: 'D.Va' (id 438117015547543563)
2018-04-25 16:54:11 Member leave: @D.Va#4904 (id 205948482194767873)
2018-04-25 16:58:31 Role deleted: 'PikaGirl' (id 438110857054912523)
2018-04-25 16:58:31 Member leave: @PikaGirl#7552 (id 169678500893163520)
2018-04-25 16:58:39 Member role add: 'C' role was added to @Your Neighborhood Meme Dealer™#0941
2018-04-25 16:58:40 Member role add: 'D' role was added to @Your Neighborhood Meme Dealer™#0941
2018-04-25 16:58:41 Member role remove: The 'C' role was removed from @Your Neighborhood Meme Dealer™#0941
2018-04-25 16:59:22 Role deleted: 'Economal' (id 438119744416251904)
2018-04-25 16:59:22 Member leave: @Economal#1023 (id 414973349035507722)
2018-04-25 16:59:38 Member leave: @J.A.R.V.I.S#5877 (id 236949446091472896)
2018-04-25 16:59:49 Role deleted: 'Noëlla' (id 438127344905879573)
2018-04-25 16:59:49 Member leave: @Noëlla#5951 (id 357852849029513216)
2018-04-25 17:00:04 Role deleted: 'Isabel' (id 438124956333768704)
2018-04-25 17:00:04 Member leave: @Isabel#2050 (id 246444048674586625)
2018-04-25 17:00:12 Member role add: 'SS' role was added to @Hamster#1560
2018-04-25 17:00:13 Member role add: 'S' role was added to @Hamster#1560
2018-04-25 17:00:13 Member role add: 'A' role was added to @Hamster#1560
2018-04-25 17:00:13 Member role remove: The 'S' role was removed from @Hamster#1560
2018-04-25 17:00:13 Member role add: 'B' role was added to @Hamster#1560
2018-04-25 17:00:14 Member role add: 'C' role was added to @Hamster#1560
2018-04-25 17:00:14 Member role add: 'D' role was added to @Hamster#1560
2018-04-25 17:00:15 Member role add: 'S' role was added to @Hamster#1560
2018-04-25 17:00:24 Role deleted: 'Haru' (id 438124661398568962)
2018-04-25 17:00:24 Member leave: @Haru#9076 (id 406532313573490688)
2018-04-25 17:01:18 Channel created: pub
2018-04-25 17:01:31 Channel created: Open
2018-04-25 17:04:15 Member nickname: '@Your Neighborhood Meme Dealer™#0941' (id 329795354495025155) changed nickname from 'None' to 'Andrey'
2018-04-25 17:04:42 Member nickname: '@Your Neighborhood Meme Dealer™#0941' (id 329795354495025155) changed nickname from 'Andrey' to 'Renard'
2018-04-25 20:30:06 Role permissions: 'Koya' changed from 2146958463 to 1610083447
2018-04-25 20:30:06 Role position: 'Koya' changed from 9 to 8
2018-04-25 20:32:11 Member role add: 'C' role was added to @Sensei90Naruto#4682
2018-04-25 20:32:14 Member role remove: The 'D' role was removed from @Sensei90Naruto#4682
2018-04-25 20:32:17 Member role add: 'B' role was added to @Sensei90Naruto#4682
2018-04-25 20:32:20 Member role remove: The 'C' role was removed from @Sensei90Naruto#4682
2018-04-25 20:32:23 Member role add: 'A' role was added to @Sensei90Naruto#4682
2018-04-25 20:32:24 Member role remove: The 'B' role was removed from @Sensei90Naruto#4682
2018-04-25 20:32:29 Member role add: 'D' role was added to @Sensei90Naruto#4682
2018-04-25 20:32:30 Member role remove: The 'A' role was removed from @Sensei90Naruto#4682
2018-04-25 20:33:52 Member nickname: '@Sensei90Naruto#4682' (id 403907900491300865) changed nickname from 'None' to 'Chat'
2018-04-25 20:35:28 Member nickname: '@Sensei90Naruto#4682' (id 403907900491300865) changed nickname from 'Chat' to 'Aigle'
2018-04-25 20:38:42 Member role add: 'SSS' role was added to @Sensei90Naruto#4682
2018-04-25 20:38:42 Member role remove: The 'D' role was removed from @Sensei90Naruto#4682
2018-04-25 20:40:46 Member nickname: '@Sensei90Naruto#4682' (id 403907900491300865) changed nickname from 'Aigle' to 'ChatSensei'
2018-04-25 20:41:27 Member role add: 'D' role was added to @Sensei90Naruto#4682
2018-04-25 20:41:28 Member role remove: The 'D' role was removed from @Sensei90Naruto#4682
2018-04-25 20:41:29 Member role remove: The 'SSS' role was removed from @Sensei90Naruto#4682
2018-04-25 20:41:30 Member role add: 'D' role was added to @Sensei90Naruto#4682
2018-04-25 20:42:07 Member role remove: The 'BOT' role was removed from @Astolfo#0628
2018-04-25 20:42:08 Member role remove: The 'BOT' role was removed from @Dyno#3861
2018-04-25 20:42:09 Member role remove: The 'BOT' role was removed from @Fortnite Bot#4244
2018-04-25 20:42:10 Member role remove: The 'BOT' role was removed from @FredBoat♪♪#7284
2018-04-25 20:42:12 Member role remove: The 'BOT' role was removed from @Frost#7577
2018-04-25 20:42:13 Member role remove: The 'BOT' role was removed from @FrostWalker#1438
2018-04-25 20:42:13 Member role remove: The 'BOT' role was removed from @Ghost#9846
2018-04-25 20:42:15 Member role remove: The 'BOT' role was removed from @KawaiiBot#0769
2018-04-25 20:42:16 Member role remove: The 'BOT' role was removed from @Koya#1050
2018-04-25 20:42:18 Member role remove: The 'BOT' role was removed from @Lucy#8225
2018-04-25 20:42:18 Member role remove: The 'BOT' role was removed from @Mantaro#4454
2018-04-25 20:42:19 Member role remove: The 'BOT' role was removed from @Mavis#5674
2018-04-25 20:42:20 Member role remove: The 'BOT' role was removed from @MEE6#4876
2018-04-25 20:42:22 Member role remove: The 'BOT' role was removed from @Neptune#4014
2018-04-25 20:42:23 Member role remove: The 'BOT' role was removed from @OverBot#0497
2018-04-25 20:42:24 Member role remove: The 'BOT' role was removed from @Spirit#0252
2018-04-25 20:42:25 Member role remove: The 'BOT' role was removed from @Synapse#0692
2018-04-25 20:47:04 Member role add: 'SS' role was added to @Sensei90Naruto#4682
2018-04-25 20:47:05 Member role remove: The 'D' role was removed from @Sensei90Naruto#4682
2018-04-25 20:47:10 Member role add: 'SS' role was added to @Your Neighborhood Meme Dealer™#0941
2018-04-25 20:47:11 Member role remove: The 'D' role was removed from @Your Neighborhood Meme Dealer™#0941
2018-04-25 20:54:51 Member join: @† Aishite Imashita †#5567 (id 277552006397165568)
2018-04-25 20:54:52 Member role add: 'D' role was added to @† Aishite Imashita †#5567
2018-04-25 20:56:52 Member leave: @† Aishite Imashita †#5567 (id 277552006397165568)
2018-04-25 21:04:26 Member join: @Nao Tomori#7746 (id 208955637441232896)
2018-04-25 21:04:26 Member role add: 'Nao Tomori' role was added to @Nao Tomori#7746
2018-04-25 21:04:26 Role created: 'Nao Tomori' (id 438807525786255386)
2018-04-25 21:04:26 Member role add: 'Nao Tomori' role was added to @Nao Tomori#7746
2018-04-25 21:04:27 Member role add: 'D' role was added to @Nao Tomori#7746
2018-04-25 21:05:50 Member role remove: The 'D' role was removed from @Nao Tomori#7746
2018-04-25 21:15:19 Member role add: 'D' role was added to @Sensei90Naruto#4682
2018-04-25 21:15:19 Member role add: 'C' role was added to @Sensei90Naruto#4682
2018-04-25 21:16:18 Member role remove: The 'D' role was removed from @Sensei90Naruto#4682
2018-04-25 21:16:18 Member role remove: The 'C' role was removed from @Sensei90Naruto#4682
2018-04-25 21:18:56 Member join: @† Aishite Imashita †#5567 (id 277552006397165568)
2018-04-25 21:18:56 Member role add: 'D' role was added to @† Aishite Imashita †#5567
2018-04-25 21:32:26 Member nickname: '@Lilag#2908' (id 404264972491948044) changed nickname from 'None' to 'Chat'
2018-04-25 21:33:36 Member role add: 'B' role was added to @† Aishite Imashita †#5567
2018-04-25 21:33:37 Member role remove: The 'D' role was removed from @† Aishite Imashita †#5567
2018-04-25 21:34:31 Member nickname: '@† Aishite Imashita †#5567' (id 277552006397165568) changed nickname from 'None' to 'Sana <3'
2018-04-25 21:34:43 Member nickname: '@† Aishite Imashita †#5567' (id 277552006397165568) changed nickname from 'Sana <3' to '♀ Sana ♥'
2018-04-25 21:47:46 Member role add: 'D' role was added to @† Aishite Imashita †#5567
2018-04-25 22:05:57 Member role add: 'D' role was added to @Sensei90Naruto#4682
2018-04-25 22:05:57 Member role add: 'C' role was added to @Sensei90Naruto#4682
2018-04-25 22:09:49 Member leave: @† Aishite Imashita †#5567 (id 277552006397165568)
2018-04-25 23:53:00 Member join: @Nadeko#6685 (id 116275390695079945)
2018-04-25 23:53:00 Member role add: 'Nadeko' role was added to @Nadeko#6685
2018-04-25 23:53:00 Role created: 'Nadeko' (id 438849943382261780)
2018-04-25 23:53:00 Member role add: 'Nadeko' role was added to @Nadeko#6685
2018-04-25 23:53:01 Member role add: 'D' role was added to @Nadeko#6685
2018-04-25 23:55:33 Member role remove: The 'D' role was removed from @Nadeko#6685
2018-04-25 23:55:41 Role deleted: 'Synapse' (id 438122650762477569)
2018-04-25 23:55:41 Member leave: @Synapse#0692 (id 435538622293344266)
2018-04-25 23:55:41 this bot left the server
