2018-04-22 18:26:35 this bot joined the server
2018-04-22 18:26:35 Role created: 'Synapse' (id 437680635578941442)
2018-04-22 18:26:35 Member role add: 'Synapse' role was added to @Synapse#0692
2018-04-22 18:40:23 Member role add: 'BOT' role was added to @Synapse#0692
2018-04-22 18:41:14 Role position: 'nouveaux/elle' changed from 4 to 1
2018-04-22 18:41:14 Role position: 'Dyno' changed from 5 to 3
2018-04-22 18:41:14 Role position: 'spoo.py🍅 beta' changed from 6 to 4
2018-04-22 18:41:14 Role permissions: 'Synapse' changed from 8 to 262216
2018-04-22 18:41:14 Role position: 'Synapse' changed from 1 to 5
2018-04-22 18:41:14 Role position: 'DJ' changed from 2 to 6
2018-04-22 18:43:30 Role mentionable: 'nouveaux/elle' is now mentionable
2018-04-22 18:43:30 Role hoist: 'Rythm' is now shown seperately
2018-04-22 18:43:30 Role position: 'Rythm' changed from 3 to 2
2018-04-22 18:43:30 Role hoist: 'Dyno' is now shown seperately
2018-04-22 18:43:30 Role hoist: 'spoo.py🍅 beta' is now shown seperately
2018-04-22 18:43:31 Role hoist: 'Synapse' is now shown seperately
2018-04-22 18:43:31 Role mentionable: 'DJ' is now mentionable
2018-04-22 18:43:31 Role mentionable: 'BOT' is now mentionable
2018-04-22 18:43:31 Role mentionable: 'ami(e)' is now mentionable
2018-04-22 18:43:31 Role mentionable: 'VIP' is now mentionable
2018-04-22 18:43:31 Role mentionable: 'forum' is now mentionable
2018-04-22 18:43:31 Role mentionable: 'Staff' is now mentionable
2018-04-22 18:43:32 Role mentionable: 'administrateur' is now mentionable
2018-04-22 18:43:32 Role mentionable: 'Co-fondateur' is now mentionable
2018-04-22 18:43:32 Role mentionable: 'Fondateur' is now mentionable
2018-04-22 18:54:58 Member join: @Xgamer_64(1)#7630 (id 290314289590304770)
2018-04-22 18:55:00 Member role add: 'nouveaux/elle' role was added to @Xgamer_64(1)#7630
2018-04-22 19:08:18 Member leave: @Xgamer_64(1)#7630 (id 290314289590304770)
2018-04-22 19:25:48 Member join: @Xgamer_64(1)#7630 (id 290314289590304770)
2018-04-22 19:25:49 Member role add: 'nouveaux/elle' role was added to @Xgamer_64(1)#7630
2018-04-22 19:30:23 Channel overwrites: salon de Xgamer_64 (398614985476931594): member Synapse (435538622293344266) added with values 0, 0
2018-04-22 19:30:28 Channel overwrites: salon de Xgamer_64 (398614985476931594): member Synapse (435538622293344266) updated to values 0, 1048576 (was 0, 0)
2018-04-22 19:30:51 Channel overwrites: salon de Xgamer_64 (398614985476931594): member Synapse (435538622293344266) removed (was 0, 1048576)
2018-04-22 19:30:51 this bot left the server
