2018-04-30 23:57:57 #welcome @Synapse#0692: 
2018-04-30 23:57:57 #welcome @Tatsumaki#8792: Selamat Datang di Gamers Never Alone @Synapse jangan lupa share id kalian di #share-id-kalian
2018-04-30 23:59:24 #welcome @Ghostplay R2#1298: 
2018-04-30 23:59:25 #welcome @Tatsumaki#8792: Selamat Datang di Gamers Never Alone @Ghostplay R2 jangan lupa share id kalian di #share-id-kalian
2018-05-01 00:01:57 #welcome @「G²」☻ VANIA ☻#7138: 
2018-05-01 00:01:57 #welcome @Tatsumaki#8792: Selamat Datang di Gamers Never Alone @「G²」☻ VANIA ☻ jangan lupa share id kalian di #share-id-kalian
2018-05-01 00:50:15 #welcome @Tatsumaki#8792: Good Bye Mantan Zidan Ghostplay R2
2018-05-01 00:50:21 #welcome @Tatsumaki#8792 deleted message from 2018-05-01 00:50:15 (Good Bye Mantan Zidan Ghostplay R2)
2018-05-01 00:50:27 #welcome @Ghostplay R2#1298 deleted message from 2018-04-30 23:59:24 ()
2018-05-01 00:50:31 #welcome @「G²」☻ VANIA ☻#7138 deleted message from 2018-05-01 00:01:57 ()
2018-05-01 00:54:49 #welcome @Synapse#0692 deleted message from 2018-04-30 23:57:57 ()
2018-05-01 08:18:29 #welcome @aLf#2221: 
2018-05-01 08:18:29 #welcome @Tatsumaki#8792: Selamat Datang di Gamers Never Alone @aLf jangan lupa share id kalian di #share-id-kalian
2018-05-01 23:49:38 #welcome @Ghostplay R2#1298: 
2018-05-01 23:49:38 #welcome @Tatsumaki#8792: Selamat Datang di Gamers Never Alone @Ghostplay R2 jangan lupa share id kalian di #share-id-kalian
2018-05-01 23:49:38 #welcome @Tatsumaki#8792: Good Bye Mantan Zidan Ghostplay R2
2018-05-01 23:51:17 #welcome @Tatsumaki#8792 deleted message from 2018-05-01 23:49:38 (Good Bye Mantan Zidan Ghostplay R2)
2018-05-01 23:58:19 #welcome @Ghostplay R2#1298: 
2018-05-01 23:58:20 #welcome @Tatsumaki#8792: Selamat Datang di Gamers Never Alone @Ghostplay R2 jangan lupa share id kalian di #share-id-kalian
2018-05-01 23:58:20 #welcome @Tatsumaki#8792: Good Bye Mantan Zidan Ghostplay R2
2018-05-02 00:01:23 #welcome @Ghostplay R2#1298: 
2018-05-02 00:01:23 #welcome @Tatsumaki#8792: Selamat Datang di Gamers Never Alone @Ghostplay R2 jangan lupa share id kalian di #share-id-kalian
2018-05-02 00:01:24 #welcome @Tatsumaki#8792: Good Bye Mantan Zidan Ghostplay R2
2018-05-02 00:28:56 #welcome @Tatsumaki#8792 deleted message from 2018-05-01 23:58:20 (Selamat Datang di Gamers Never Alone @Ghostplay R2 jangan lupa share id kalian di #share-id-kalian)
2018-05-02 00:29:08 #welcome @Tatsumaki#8792 deleted message from 2018-05-01 23:58:20 (Good Bye Mantan Zidan Ghostplay R2)
2018-05-02 00:29:08 #welcome @Tatsumaki#8792 deleted message from 2018-05-02 00:01:23 (Selamat Datang di Gamers Never Alone @Ghostplay R2 jangan lupa share id kalian di #share-id-kalian)
2018-05-02 00:29:10 #welcome @Tatsumaki#8792 deleted message from 2018-05-02 00:01:24 (Good Bye Mantan Zidan Ghostplay R2)
2018-05-02 00:29:40 #welcome @Ghostplay R2#1298 deleted message from 2018-05-01 23:58:19 ()
2018-05-02 00:29:57 #welcome @Ghostplay R2#1298 deleted message from 2018-05-02 00:01:23 ()
2018-05-02 09:13:57 #welcome @DAditya#2508: 
2018-05-02 09:13:57 #welcome @Tatsumaki#8792: Selamat Datang di Gamers Never Alone @DAditya jangan lupa share id kalian di #share-id-kalian
