2018-04-30 23:57:57 this bot joined the server
2018-04-30 23:57:57 Role created: 'Synapse' (id 440663129420988427)
2018-04-30 23:57:57 Member role add: 'Synapse' role was added to @Synapse#0692
2018-04-30 23:59:25 Member join: @Ghostplay R2#1298 (id 435829986772123658)
2018-04-30 23:59:25 Role created: 'Ghostplay R2' (id 440663497810903050)
2018-04-30 23:59:25 Member role add: 'Ghostplay R2' role was added to @Ghostplay R2#1298
2018-05-01 00:01:57 Member join: @「G²」☻ VANIA ☻#7138 (id 417317826244771860)
2018-05-01 00:03:02 Member role add: 'Ladies' role was added to @「G²」☻ VANIA ☻#7138
2018-05-01 00:05:30 Role position: 'Synapse' changed from 2 to 1
2018-05-01 00:13:06 Member role add: 'Ladies' role was added to @Ghostplay R2#1298
2018-05-01 00:17:03 Member role add: 'Bot Support' role was added to @Synapse#0692
2018-05-01 00:23:36 Channel position: welcome moved from 1 to 0
2018-05-01 00:23:36 Channel position: role-gna moved from 2 to 1
2018-05-01 00:23:36 Channel position: request-music moved from 5 to 2
2018-05-01 00:23:36 Channel position: ngobrol-cantique moved from 4 to 3
2018-05-01 00:23:36 Channel position: share-id-kalian moved from 6 to 4
2018-05-01 00:23:36 Channel position: berita-update-game moved from 7 to 5
2018-05-01 00:23:36 Channel position: share-youtube moved from 8 to 6
2018-05-01 00:23:36 Channel position: quotes moved from 9 to 7
2018-05-01 00:23:36 Channel position: csgo-chat moved from 12 to 8
2018-05-01 00:23:36 Channel position: csgo-stats moved from 13 to 9
2018-05-01 00:23:36 Channel position: gta-v-chat moved from 15 to 10
2018-05-01 00:23:36 Channel position: chat-game-mobile moved from 17 to 11
2018-05-01 00:23:36 Channel position: pubg-chat moved from 19 to 12
2018-05-01 00:23:36 Channel position: share-hasil-ayam moved from 20 to 13
2018-05-01 00:23:36 Channel position: pubg-stats moved from 21 to 14
2018-05-01 00:23:36 Channel position: r6siege-chat moved from 23 to 15
2018-05-01 00:23:36 Channel position: black-squad-chat moved from 25 to 16
2018-05-01 00:23:36 Channel position: point-blank-chat moved from 27 to 17
2018-05-01 00:23:36 Channel position: khusus-rapat-kabinet moved from 29 to 18
2018-05-01 00:50:14 Role deleted: 'Ghostplay R2' (id 440663497810903050)
2018-05-01 00:50:14 Member leave: @Ghostplay R2#1298 (id 435829986772123658)
2018-05-01 04:01:34 Member nickname: '@-LoliNest-#5693' (id 268904915609321472) changed nickname from '- Akatsuki -' to '- MASPION -'
2018-05-01 06:17:48 Channel position: ngobrol-cantique moved from 3 to 2
2018-05-01 06:17:48 Channel position: request-music moved from 2 to 3
2018-05-01 06:26:44 Channel position: Music4lyfe moved from 3 to 0
2018-05-01 06:26:44 Channel position: Lobby moved from 4 to 1
2018-05-01 06:26:44 Channel position: AFK (Prison) moved from 5 to 2
2018-05-01 06:26:44 Channel position: Competitive 1 moved from 7 to 3
2018-05-01 06:26:44 Channel position: Competitive 2 moved from 8 to 4
2018-05-01 06:26:44 Channel position: Casual moved from 9 to 5
2018-05-01 06:26:44 Channel position: Mabar moved from 11 to 6
2018-05-01 06:26:44 Channel position: Carmeet moved from 12 to 7
2018-05-01 06:26:44 Channel position: 💲Heist 1 moved from 13 to 8
2018-05-01 06:26:44 Channel position: 💲Heist 2 moved from 14 to 9
2018-05-01 06:26:44 Channel position: Rules Of Survival moved from 16 to 10
2018-05-01 06:26:44 Channel position: Mobile Legend moved from 17 to 11
2018-05-01 06:26:44 Channel position: Arena Of Valor moved from 18 to 12
2018-05-01 06:26:44 Channel position: PUBG Mobile moved from 19 to 13
2018-05-01 06:26:44 Channel position: PUBG Squad 1 moved from 21 to 14
2018-05-01 06:26:44 Channel position: PUBG Squad 2 moved from 22 to 15
2018-05-01 06:26:44 Channel position: Duo Beast moved from 23 to 16
2018-05-01 06:26:44 Channel position: Casual moved from 25 to 17
2018-05-01 06:26:44 Channel position: Ranked moved from 26 to 18
2018-05-01 06:26:44 Channel position: Mabar moved from 28 to 19
2018-05-01 06:26:44 Channel position: Mabar moved from 30 to 20
2018-05-01 06:26:44 Channel position: Rapat Kabinet moved from 32 to 21
2018-05-01 08:18:31 Member join: @aLf#2221 (id 426359171206610985)
2018-05-01 09:27:41 Member role add: 'Member' role was added to @aLf#2221
2018-05-01 12:48:28 Member username: '@Lonte jawa#4920' (id 390458111825018890) changed username from 'Lonte jawa' to 'Kevinvinvin'
2018-05-01 23:49:38 Member join: @Ghostplay R2#1298 (id 435829986772123658)
2018-05-01 23:49:38 Member role add: 'Ghostplay R2' role was added to @Ghostplay R2#1298
2018-05-01 23:49:38 Role created: 'Ghostplay R2' (id 441023424136216576)
2018-05-01 23:49:38 Member role add: 'Ghostplay R2' role was added to @Ghostplay R2#1298
2018-05-01 23:49:38 Role deleted: 'Ghostplay R2' (id 441023424136216576)
2018-05-01 23:49:38 Member leave: @Ghostplay R2#1298 (id 435829986772123658)
2018-05-01 23:58:19 Member join: @Ghostplay R2#1298 (id 435829986772123658)
2018-05-01 23:58:19 Role created: 'Ghostplay R2' (id 441025612489031690)
2018-05-01 23:58:19 Member role add: 'Ghostplay R2' role was added to @Ghostplay R2#1298
2018-05-01 23:58:20 Role deleted: 'Ghostplay R2' (id 441025612489031690)
2018-05-01 23:58:20 Member leave: @Ghostplay R2#1298 (id 435829986772123658)
2018-05-02 00:01:23 Member join: @Ghostplay R2#1298 (id 435829986772123658)
2018-05-02 00:01:23 Role created: 'Ghostplay R2' (id 441026384349888512)
2018-05-02 00:01:23 Member role add: 'Ghostplay R2' role was added to @Ghostplay R2#1298
2018-05-02 00:01:24 Role deleted: 'Ghostplay R2' (id 441026384349888512)
2018-05-02 00:01:24 Member leave: @Ghostplay R2#1298 (id 435829986772123658)
2018-05-02 03:27:46 Server region changed from sydney to hongkong
2018-05-02 06:22:01 Member nickname: '@Juna#0477' (id 328189271137714177) changed nickname from 'None' to 'Arz'
2018-05-02 09:13:58 Member join: @DAditya#2508 (id 319656204102270977)
2018-05-02 09:14:34 Member role add: 'Member' role was added to @DAditya#2508
2018-05-02 09:37:20 Member role add: 'Member' role was added to @KADENH#0883
2018-05-02 09:37:20 Member role remove: The 'Vip' role was removed from @KADENH#0883
2018-05-02 09:37:20 Member role add: 'Member' role was added to @KADENH#0883
2018-05-02 09:46:33 Member username: '@-Gabitch-#6820' (id 337863201469497364) changed username from '-Gabitch-' to '-2RB-'
2018-05-02 09:56:00 Member role remove: The 'Member' role was removed from @KADENH#0883
2018-05-02 09:56:00 Member role add: 'Vip' role was added to @KADENH#0883
2018-05-02 10:01:48 Role position: 'PUBG Info' changed from 1 to 2
2018-05-02 10:01:48 Role position: 'PatchBot' changed from 2 to 3
2018-05-02 10:01:48 Role position: 'Ayana' changed from 3 to 4
2018-05-02 10:01:48 Role position: 'Stat Tracker' changed from 4 to 5
2018-05-02 10:01:48 Role position: 'Tatsumaki' changed from 5 to 6
2018-05-02 10:01:48 Role position: 'HimeBot' changed from 6 to 7
2018-05-02 10:01:48 Role position: 'Rythm' changed from 7 to 8
2018-05-02 10:01:48 Role position: 'Dyno' changed from 8 to 9
2018-05-02 10:01:48 Role position: 'Cek Kehebatan' changed from 9 to 10
2018-05-02 10:01:48 Role position: 'Bot Support' changed from 10 to 11
2018-05-02 10:01:48 Role position: 'Bot Music' changed from 11 to 12
2018-05-02 10:01:48 Role position: 'Security' changed from 12 to 13
2018-05-02 10:01:48 Role position: 'Member' changed from 13 to 14
2018-05-02 10:01:48 Role position: 'Ladies' changed from 14 to 15
2018-05-02 10:01:48 Role position: 'Content Creator' changed from 15 to 16
2018-05-02 10:01:48 Role position: 'Vip' changed from 16 to 17
2018-05-02 10:01:48 Role position: 'Admin' changed from 17 to 18
2018-05-02 10:01:48 Role position: 'Owner' changed from 18 to 19
2018-05-02 10:01:50 Role renamed: 'Owner' to 'CEO'
2018-05-02 13:16:20 Member username: '@-2RB-#6820' (id 337863201469497364) changed username from '-2RB-' to '-OREO-'
2018-05-02 13:25:28 Member role remove: The 'CEO' role was removed from @Juna#0477
2018-05-02 13:25:29 Member role add: 'Member' role was added to @Juna#0477
2018-05-02 13:32:47 Member nickname: '@-LoliNest-#5693' (id 268904915609321472) changed nickname from '- MASPION -' to '- SNSV-'
2018-05-02 13:47:29 Member username: '@-OREO-#6820' (id 337863201469497364) changed username from '-OREO-' to '-Gabijh-'
2018-05-02 22:51:14 Member username: '@「G²」☻ VANIA ☻#7138' (id 417317826244771860) changed username from '「G²」☻ VANIA ☻' to '「G²」☻ 🅥🅐🅝🅘🅐 ☻'
2018-05-02 22:52:00 Channel rename: Mobile Legend renamed to Mobile Lentod
2018-05-02 22:52:15 Channel rename: Rules Of Survival renamed to Rules Of Cheater
2018-05-02 22:52:29 Channel rename: Arena Of Valor renamed to Arena Of Feler
2018-05-02 22:52:40 Channel rename: PUBG Mobile renamed to PUBG 8 Bit
