2018-04-20 18:59:13 #let some steam out Voice channel join: Lightatory Darkontory#5280 (id 396895152771301406), moved from CRAZY PEOPLE WTF
2018-04-20 19:13:32 #let some steam out Server self-mute: Lightatory Darkontory#5280 (id 396895152771301406)
2018-04-20 19:22:06 #let some steam out Voice channel leave: Lightatory Darkontory#5280 (id 396895152771301406) moving to CRAZY PEOPLE WTF
2018-04-20 19:29:56 #let some steam out Voice channel join: Lightatory Darkontory#5280 (id 396895152771301406), moved from CRAZY PEOPLE WTF
2018-04-20 19:29:58 #let some steam out Voice channel leave: Lightatory Darkontory#5280 (id 396895152771301406) moving to CRAZY PEOPLE WTF
2018-04-20 19:52:58 #let some steam out Voice channel join: Lightatory Darkontory#5280 (id 396895152771301406), moved from CRAZY PEOPLE WTF
2018-04-20 19:52:59 #let some steam out Voice channel leave: Lightatory Darkontory#5280 (id 396895152771301406) moving to CRAZY PEOPLE WTF
2018-04-21 23:35:53 #let some steam out Voice channel join: Erika the Last Stargazing Vixen#5464 (id 269918691448193025)
2018-04-21 23:36:27 #let some steam out Voice channel join: Synapse#0692 (id 435538622293344266)
2018-04-22 00:46:12 #let some steam out Voice channel leave: Erika the Last Stargazing Vixen#5464 (id 269918691448193025)
2018-04-22 00:50:01 #let some steam out Voice channel leave: Synapse#0692 (id 435538622293344266)
2018-04-22 19:07:42 #let some steam out Voice channel join: Synapse#0692 (id 435538622293344266), moved from CRAZY PEOPLE WTF
2018-04-22 19:08:04 #let some steam out Voice channel leave: Synapse#0692 (id 435538622293344266) moving to CRAZY PEOPLE WTF
2018-04-22 19:10:35 #let some steam out Voice channel join: Lily#5681 (id 207603001878118403), moved from CRAZY PEOPLE WTF
2018-04-22 19:13:23 #let some steam out Voice channel leave: Lily#5681 (id 207603001878118403) moving to CRAZY PEOPLE WTF
2018-04-22 21:14:46 #let some steam out Voice channel join: Erika the Last Stargazing Vixen#5464 (id 269918691448193025)
2018-04-22 21:14:50 #let some steam out Voice channel join: Garnetry#3776 (id 431921939360120843)
2018-04-22 21:15:05 #let some steam out Voice channel join: Synapse#0692 (id 435538622293344266), moved from CRAZY PEOPLE WTF
2018-04-22 21:15:05 #let some steam out Voice channel join: Synapse#0692 (id 435538622293344266)
2018-04-22 21:42:07 #let some steam out Server deafen: Erika the Last Stargazing Vixen#5464 (id 269918691448193025)
2018-04-22 21:42:31 #let some steam out Server undeafen: Erika the Last Stargazing Vixen#5464 (id 269918691448193025)
2018-04-22 21:42:43 #let some steam out Server mute: Erika the Last Stargazing Vixen#5464 (id 269918691448193025)
2018-04-22 21:43:26 #let some steam out Server self-mute: Erika the Last Stargazing Vixen#5464 (id 269918691448193025)
2018-04-22 21:43:27 #let some steam out Server self-unmute: Erika the Last Stargazing Vixen#5464 (id 269918691448193025)
2018-04-22 21:43:29 #let some steam out Server deafen: Erika the Last Stargazing Vixen#5464 (id 269918691448193025)
2018-04-22 21:43:38 #let some steam out Server undeafen: Erika the Last Stargazing Vixen#5464 (id 269918691448193025)
2018-04-22 21:43:38 #let some steam out Server unmute: Erika the Last Stargazing Vixen#5464 (id 269918691448193025)
2018-04-22 21:44:14 #let some steam out Voice channel leave: Erika the Last Stargazing Vixen#5464 (id 269918691448193025)
2018-04-22 21:44:16 #let some steam out Voice channel join: Erika the Last Stargazing Vixen#5464 (id 269918691448193025)
2018-04-22 22:26:34 #let some steam out Voice channel leave: Synapse#0692 (id 435538622293344266) moving to CRAZY PEOPLE WTF
2018-04-22 22:28:15 #let some steam out Voice channel join: Synapse#0692 (id 435538622293344266), moved from CRAZY PEOPLE WTF
2018-04-22 22:31:39 #let some steam out Server mute: Garnetry#3776 (id 431921939360120843)
2018-04-22 22:33:00 #let some steam out Server unmute: Garnetry#3776 (id 431921939360120843)
2018-04-22 22:33:05 #let some steam out Voice channel leave: Erika the Last Stargazing Vixen#5464 (id 269918691448193025)
2018-04-22 22:33:15 #let some steam out Voice channel leave: Garnetry#3776 (id 431921939360120843)
2018-04-22 22:38:20 #let some steam out Voice channel leave: Synapse#0692 (id 435538622293344266)
2018-04-24 01:00:28 #let some steam out Voice channel join: Erika the Last Stargazing Vixen#5464 (id 269918691448193025), flags: mute
2018-04-24 01:00:40 #let some steam out Server unmute: Erika the Last Stargazing Vixen#5464 (id 269918691448193025)
2018-04-24 01:04:03 #let some steam out Voice channel join: Lightatory Darkontory#5280 (id 396895152771301406), flags: self_mute
2018-04-24 01:04:15 #let some steam out Server self-unmute: Lightatory Darkontory#5280 (id 396895152771301406)
2018-04-24 01:13:38 #let some steam out Server self-mute: Erika the Last Stargazing Vixen#5464 (id 269918691448193025)
2018-04-24 01:14:06 #let some steam out Server self-unmute: Erika the Last Stargazing Vixen#5464 (id 269918691448193025)
2018-04-24 01:33:02 #let some steam out Voice channel leave: Erika the Last Stargazing Vixen#5464 (id 269918691448193025)
2018-04-24 01:33:56 #let some steam out Voice channel leave: Lightatory Darkontory#5280 (id 396895152771301406)
2018-04-25 23:40:57 #let some steam out Voice channel join: Garnetry#3776 (id 431921939360120843), flags: self_mute
2018-04-25 23:41:16 #let some steam out Voice channel join: Synapse#0692 (id 435538622293344266)
2018-04-26 00:00:03 #let some steam out Voice channel leave: Garnetry#3776 (id 431921939360120843)
2018-04-27 23:34:13 #let some steam out Server mute: Synapse#0692 (id 435538622293344266)
