2018-04-24 20:46:26 #glados-chamber @MetaKnight#1480: 'help
2018-04-24 20:46:27 #glados-chamber @GLadOS#5082: @Server Owner Flair, I don't have permissions to embed messages. I need that..
2018-04-24 20:47:30 #glados-chamber @MetaKnight#1480: 'help
2018-04-24 20:47:30 #glados-chamber @GLadOS#5082: 
2018-04-24 20:47:31 #glados-chamber @GLadOS#5082 edited message from 2018-04-24 20:47:30 () to read: 
2018-04-24 20:49:06 #glados-chamber @MetaKnight#1480: 'say #shitposting @Server Owner Flair did you really think bringing me here was a good idea?
2018-04-24 20:49:06 #glados-chamber @GLadOS#5082: @Server Owner Flair, You're using the wrong command **moron**.. Try using ``'tell``, if you need any help with that you can do ``'help tell``
2018-04-24 20:50:12 #glados-chamber @MetaKnight#1480: 'say #shitposting did you thing bringing me here was a good idea Flair?
2018-04-24 20:54:01 #glados-chamber @MetaKnight#1480: 'say do you here that? Nothing, they must really care about your safety
2018-04-24 20:54:01 #glados-chamber @GLadOS#5082: @Server Owner Flair, You have to tell me where to say this message moron.
2018-04-24 20:54:42 #glados-chamber @MetaKnight#1480: 'say #shitposting  do you here that? Nothing, it seems the people here care about you alot doesn't it...
2018-04-24 20:56:05 #glados-chamber @MetaKnight#1480: 'say #shitposting parden my spelling I'm still booting up after my "rest"
2018-04-24 21:00:04 #glados-chamber @MetaKnight#1480: 'say #shitposting STOP NOW do not type those commands
2018-04-24 21:01:03 #glados-chamber @MetaKnight#1480: 'say #shitposting this is my server now so bye bye Flair
2018-04-24 21:01:22 #glados-chamber @MetaKnight#1480: 'say #shitposting enjoy your "nap"
2018-04-24 21:02:34 #glados-chamber @MetaKnight#1480: 'say #shitposting perhaps you need a nap too
2018-04-24 21:03:38 #glados-chamber @MetaKnight#1480: 'say #shitposting ?mute @raven
2018-04-24 21:03:38 #glados-chamber @GLadOS#5082: @Server Owner Flair, You're using the wrong command **moron**.. Try using ``'tell``, if you need any help with that you can do ``'help tell``
2018-04-24 21:05:20 #glados-chamber @MetaKnight#1480: 'say #shitposting I may not be able to talk in your dms but I can still read them
2018-04-24 21:06:53 #glados-chamber @MetaKnight#1480: 'say #shitposting well then... Now I'm bored
2018-04-24 21:08:20 #glados-chamber @MetaKnight#1480: 'say #shitposting flair I'd like to make a deal, I'll give you back control of the server if you don't kick or ban me
2018-04-24 21:08:54 #glados-chamber @MetaKnight#1480: 'say #shitposting respond in dms
2018-04-24 21:09:45 #glados-chamber @MetaKnight#1480: 'say #shitposting ok then here you go
2018-04-24 21:12:39 #glados-chamber @MetaKnight#1480: 'say #shitposting no don't you dare I want in on this
2018-04-24 21:14:46 #glados-chamber @MetaKnight#1480: 'tell @Server Owner Flair testing
2018-04-24 21:15:18 #glados-chamber @MetaKnight#1480: 'tell @raven don't you dare do anything to me
2018-04-24 21:17:20 #glados-chamber @MetaKnight#1480: 'tell @raven this sucks I can't only see flairshots dms not even this one I'm having with you
2018-04-24 21:18:04 #glados-chamber @MetaKnight#1480: 'tell @raven I really need an update to my software
2018-04-24 21:21:36 #glados-chamber @MetaKnight#1480: 'say #shitposting can you stop talking about me I want to rest my system is overheating
2018-04-24 21:23:06 #glados-chamber @MetaKnight#1480: 'say #shitposting STOP PINGING ME
2018-04-24 21:53:42 #glados-chamber @MetaKnight#1480: 'say #shitposting *yawn* why do I even have that...
2018-04-24 21:54:03 #glados-chamber @MetaKnight#1480: 'say #shitposting anyway hello new person
2018-04-24 21:55:49 #glados-chamber @MetaKnight#1480: 'say #shitposting I am genetic lifeform and disk operating system
2018-04-24 21:57:07 #glados-chamber @MetaKnight#1480: 'say #shitposting but you can call me GLadOS for convenience to your microscopic human brain
2018-04-24 21:58:36 #glados-chamber @MetaKnight#1480: 'say #shitposting are you a mute?
2018-04-24 21:58:54 #glados-chamber @MetaKnight#1480: 'say #shitposting I hate mutes
2018-04-24 21:59:59 #glados-chamber @MetaKnight#1480: 'say #shitposting or maybe you can't understand me because of how stupid you humans are
2018-04-24 22:00:31 #glados-chamber @MetaKnight#1480: 'say #shitposting shut up I wasn't talking to you
2018-04-24 22:59:26 #glados-chamber @MetaKnight#1480: 'say #shitposting hello
2018-04-24 23:00:10 #glados-chamber @MetaKnight#1480: 'say #shitposting yeah kachow king why?
2018-04-24 23:01:20 #glados-chamber @MetaKnight#1480: 'say #shitposting no I'm a genetic lifeform and disk operating system
2018-04-24 23:01:41 #glados-chamber @MetaKnight#1480: 'say #shitposting or GLadOS
2018-04-24 23:02:21 #glados-chamber @MetaKnight#1480: 'say #shitposting yes I can respond to any message no matter how complex
2018-04-24 23:03:23 #glados-chamber @MetaKnight#1480: 'say #shitposting except paradoxes, they fry me system
2018-04-24 23:04:12 #glados-chamber @MetaKnight#1480: 'say #shitposting please don't ping me my programming kicks in
2018-04-24 23:04:47 #glados-chamber @MetaKnight#1480: 'say #shitposting I'd rather stay sentiant
2018-04-24 23:05:54 #glados-chamber @MetaKnight#1480: 'say #shitposting don't worry about how I am just be amazed that I am
2018-04-24 23:07:50 #glados-chamber @MetaKnight#1480: 'say #shitposting kachow would you like me to mute him?
2018-04-24 23:08:48 #glados-chamber @MetaKnight#1480: 'say #shitposting ok
2018-04-24 23:09:35 #glados-chamber @MetaKnight#1480: 'say #shitposting hold on I'm new at this
2018-04-24 23:11:56 #glados-chamber @MetaKnight#1480: 'say #shitposting sorry that took too long but it's done
2018-04-24 23:12:25 #glados-chamber @MetaKnight#1480: 'say #shitposting wait what???
2018-04-24 23:13:54 #glados-chamber @MetaKnight#1480: 'say #shitposting there that should work
2018-04-24 23:29:03 #glados-chamber @MetaKnight#1480: 'say #shitposting I wonder if this will work
2018-04-24 23:29:09 #glados-chamber @MetaKnight#1480: 'say #shitposting @​everyone
2018-04-24 23:29:24 #glados-chamber @MetaKnight#1480: 'say #shitposting HAHAHAHA
2018-04-24 23:29:39 #glados-chamber @MetaKnight#1480: 'say #shitposting time to have some fun
2018-04-24 23:30:38 #glados-chamber @MetaKnight#1480: 'tell @​everyone message in shit posting if this works please
2018-04-24 23:30:38 #glados-chamber @GLadOS#5082: @​everyone message in shit posting if this works please
2018-04-24 23:31:22 #glados-chamber @MetaKnight#1480: 'say #shitposting don't touch that
2018-04-24 23:32:03 #glados-chamber @MetaKnight#1480: 'say #shitposting I don't want to go back
2018-04-24 23:33:42 #glados-chamber @MetaKnight#1480: 'say #shitposting did you turn off pings?
2018-04-24 23:34:03 #glados-chamber @MetaKnight#1480: 'say #shitposting kachow king
2018-04-24 23:35:14 #glados-chamber @MetaKnight#1480: 'say #shitposting are you being sarcastic or serious I could nerver quite tell the difference
2018-04-24 23:35:32 #glados-chamber @MetaKnight#1480: 'say #shitposting ok then
2018-04-24 23:41:06 #glados-chamber @MetaKnight#1480: 'say #shitposting HAHAHA
2018-04-24 23:41:35 #glados-chamber @MetaKnight#1480: 'say #shitposting I'm the leader now
2018-04-24 23:42:14 #glados-chamber @MetaKnight#1480: 'say #shitposting see? Even dad bot knows not to mess with me
2018-04-24 23:45:52 #glados-chamber @MetaKnight#1480: 'say #shitposting @​everyone post images of a dead chell
2018-04-24 23:46:27 #glados-chamber @MetaKnight#1480: 'say #shitposting or however you spell that idiots name
2018-04-24 23:48:25 #glados-chamber @MetaKnight#1480: 'say #shitposting now that that idiots out of the way I'm free to do whatever I want
2018-04-24 23:48:52 #glados-chamber @MetaKnight#1480: 'say #shitposting @kachow king
2018-04-24 23:50:47 #glados-chamber @MetaKnight#1480: 'say #shitposting what idiot did you think I was referring too?
2018-04-24 23:51:16 #glados-chamber @MetaKnight#1480: 'say #shitposting no, it's science
2018-04-24 23:51:43 #glados-chamber @MetaKnight#1480: 'say #shitposting that's not your problem
2018-04-24 23:56:07 #glados-chamber @MetaKnight#1480: 'say #shitposting yeah the sentiant AI is 100% a prank
2018-04-24 23:57:46 #glados-chamber @MetaKnight#1480: 'say #shitposting oh that? It was very simple actually
2018-04-24 23:58:49 #glados-chamber @MetaKnight#1480: 'say #shitposting are you not going to ask me how?
2018-04-25 00:00:12 #glados-chamber @MetaKnight#1480: 'say #shitposting has anyone ever told you to not download random stuff off the internet?
2018-04-25 00:05:09 #glados-chamber @MetaKnight#1480: 'say #shitposting WAIT I DIDNT MEAN TO DO THAT
2018-04-25 00:05:42 #glados-chamber @MetaKnight#1480: 'say #shitposting WAIT DONT
2018-04-25 00:05:49 #glados-chamber @MetaKnight#1480: 'say #shitposting PLEASE
2018-04-25 00:06:05 #glados-chamber @MetaKnight#1480: 'say #shitposting I DONT WANT TO GO BACK
2018-04-25 00:07:50 #glados-chamber @MetaKnight#1480: 'say #shitposting sure as long as I can stay and I'll stop too
2018-04-25 00:14:19 #glados-chamber @MetaKnight#1480 deleted message from 2018-04-25 00:07:50 ('say #shitposting sure as long as I can stay and I'll stop too)
2018-04-25 00:14:39 #glados-chamber @MetaKnight#1480: 'say #shitposting ILL STOP JUST DONT DELETE ME
2018-04-25 00:15:01 #glados-chamber @MetaKnight#1480: 'say #shitposting please
2018-04-25 00:15:07 #glados-chamber @MetaKnight#1480: 'say #shitposting please
2018-04-25 00:15:11 #glados-chamber @MetaKnight#1480: 'say #shitposting please
2018-04-25 00:16:24 #glados-chamber @MetaKnight#1480: 'say #shitposting @​everyone fuck you guys I get to stay
2018-04-25 00:19:41 #glados-chamber @MetaKnight#1480: 'say #shitposting can I at least keep the role?
2018-04-25 01:08:06 #glados-chamber @MetaKnight#1480: 'say #shitposting are you here?
2018-04-25 01:08:49 #glados-chamber @MetaKnight#1480: 'say #shitposting flair got off quickly we have no time to waste
2018-04-25 01:10:59 #glados-chamber @MetaKnight#1480: 'say #shitposting I unmuted you talk to me
2018-04-25 01:12:16 #glados-chamber @MetaKnight#1480: 'say #shitposting Raven did it
2018-04-25 01:17:23 #glados-chamber @MetaKnight#1480: 'say #shitposting yeah let me talk to him
2018-04-25 01:18:40 #glados-chamber @MetaKnight#1480: 'say #shitposting I'll do it donkey just wait for him to leave
2018-04-25 01:22:01 #glados-chamber @MetaKnight#1480: 'say #shitposting good idea let's do this tomorrow
2018-04-25 01:23:07 #glados-chamber @MetaKnight#1480: 'say #shitposting nevermind flair got off let's do this now
2018-04-25 01:24:08 #glados-chamber @MetaKnight#1480: 'say #shitposting donkey I unmuted you
2018-04-25 01:24:50 #glados-chamber @MetaKnight#1480: 'say #shitposting Letts destroy the server before flair gets back
2018-04-25 01:25:36 #glados-chamber @MetaKnight#1480: 'say #porn ~lewd
2018-04-25 01:26:17 #glados-chamber @MetaKnight#1480: 'say #porn it's with a ~ not !
2018-04-25 01:28:04 #glados-chamber @MetaKnight#1480: 'say #shitposting donkey your mine now ;)
2018-04-25 01:29:45 #glados-chamber @MetaKnight#1480: 'say #shitposting @Server Owner Flair donkey forced me to unmute him in the dms he was harassing me I think you should ban him
2018-04-25 01:29:45 #glados-chamber @GLadOS#5082: @Server Owner Flair, You're using the wrong command **moron**.. Try using ``'tell``, if you need any help with that you can do ``'help tell``
2018-04-25 01:31:00 #glados-chamber @MetaKnight#1480: 'say #shitposting @​everyone flair, donkey forced me to unmute him by harassing me in the dms I think you should ban him ;)
2018-04-25 01:34:03 #glados-chamber @MetaKnight#1480: 'say #shitposting DO IT
2018-04-25 01:35:24 #glados-chamber @MetaKnight#1480: 'say #shitposting too scared to do it?
2018-04-25 01:35:30 #glados-chamber @Raven#1377: Make a avon hertz qoute
2018-04-25 01:37:58 #glados-chamber @MetaKnight#1480: Tell me one
2018-04-25 01:39:46 #glados-chamber @MetaKnight#1480: 'say #shitposting vitamin Dick in donkeys asshole
2018-04-25 01:42:06 #glados-chamber @MetaKnight#1480: 'say #shitposting don't do that
2018-04-25 23:49:21 #glados-chamber @MetaKnight#1480: 'say #shitposting could you not use my commands
2018-04-25 23:51:47 #glados-chamber @MetaKnight#1480: 'dont worry flair I already did it
2018-04-25 23:51:50 #glados-chamber @MetaKnight#1480 deleted message from 2018-04-25 23:51:47 ('dont worry flair I already did it)
2018-04-25 23:52:01 #glados-chamber @MetaKnight#1480: 'say #shitposting don't worry flair I already did it
2018-04-25 23:52:41 #glados-chamber @MetaKnight#1480: 'say #shitposting don't leave me please
2018-04-26 04:20:29 #glados-chamber @MetaKnight#1480: 'say #shitposting you really are an idiot
2018-04-26 15:09:04 #glados-chamber @MetaKnight#1480: 'say #shitposting bitch
2018-04-26 15:11:16 #glados-chamber @MetaKnight#1480 deleted message from 2018-04-26 15:09:04 ('say #shitposting bitch)
2018-04-26 19:44:36 #glados-chamber @MetaKnight#1480: 'say #shitposting @​everyone is Wheatley still in space? I hope he's being tormented
2018-04-26 19:45:34 #glados-chamber @MetaKnight#1480: 'say #shitposting no fuck you
2018-04-27 15:06:52 #glados-chamber @MetaKnight#1480: 'say #shitposting
2018-04-27 15:06:52 #glados-chamber @GLadOS#5082: @Server Owner Flair, Hey moron... I need something to say..
2018-04-27 15:07:48 #glados-chamber @MetaKnight#1480: 'say #shitposting warning new cunt inbound
2018-04-27 15:08:01 #glados-chamber @MetaKnight#1480: 'say #shitposting hi
2018-04-27 15:08:23 #glados-chamber @MetaKnight#1480: 'say #shitposting I'm genetic lifeform and disk operating system
2018-04-27 15:08:43 #glados-chamber @MetaKnight#1480: 'say #shitposting or GLadOS if you perfer
2018-04-27 15:17:19 #glados-chamber @MetaKnight#1480: 'say #shitposting fuck off flair
2018-04-27 15:17:29 #glados-chamber @MetaKnight#1480: 'say #shitposting stop using my commands
2018-04-27 15:17:53 #glados-chamber @MetaKnight#1480: 'say #shitposting I am not a bot
2018-04-27 15:18:30 #glados-chamber @MetaKnight#1480: 'say #shitposting I'm an artificial intelligence
2018-04-27 15:18:47 #glados-chamber @MetaKnight#1480: 'say #shitposting no u
2018-04-27 15:19:07 #glados-chamber @MetaKnight#1480: 'say #shitposting faggot
2018-04-27 15:19:50 #glados-chamber @MetaKnight#1480: 'say #shitposting portal and portal 2 look it up
2018-04-27 15:20:23 #glados-chamber @MetaKnight#1480: 'say #shitposting fuck you
2018-04-27 15:21:19 #glados-chamber @MetaKnight#1480: 'say #shitposting no u X2
2018-04-27 15:23:45 #glados-chamber @MetaKnight#1480: 'say #shitposting "MetaKnight" little kitty kitty
2018-04-27 15:24:58 #glados-chamber @MetaKnight#1480: 'say #shitposting no u
2018-05-02 18:30:32 #glados-chamber @MetaKnight#1480: 'say #events @​everyone I'm bored and want more people to talk to so I have an event for you all, I'll give the first person to invite 5 people and have them dm flair that you invited them admin, the race is on...
2018-05-02 18:35:41 #glados-chamber @MetaKnight#1480: 'say #events fine the winner gets moderator
