2018-04-26 12:05:15 #Puhekanava #1 Voice channel join: ZeRo#4636 (id 347712146089443330)
2018-04-26 12:05:15 #Puhekanava #1 Voice channel join: RapuJumala#9057 (id 414372713524756482)
2018-04-26 12:05:17 #Puhekanava #1 Voice channel join: Nikozzu#9343 (id 263267796429963274)
2018-04-26 12:05:45 #Puhekanava #1 Voice channel leave: ZeRo#4636 (id 347712146089443330)
2018-04-26 12:05:47 #Puhekanava #1 Voice channel leave: RapuJumala#9057 (id 414372713524756482)
2018-04-26 12:05:48 #Puhekanava #1 Voice channel leave: Nikozzu#9343 (id 263267796429963274)
2018-04-26 12:06:13 #Puhekanava #1 Voice channel join: ZeRo#4636 (id 347712146089443330)
2018-04-26 12:06:13 #Puhekanava #1 Voice channel join: RapuJumala#9057 (id 414372713524756482)
2018-04-26 12:06:15 #Puhekanava #1 Voice channel join: Nikozzu#9343 (id 263267796429963274)
2018-04-26 12:06:15 #Puhekanava #1 Voice channel join: ✯爪工匚Ｋモㄚ✯#1520 (id 276005983384371200)
2018-04-26 12:30:46 #Puhekanava #1 Voice channel join: kalleknaappila2#1448 (id 370158833328455689)
2018-04-26 12:34:57 #Puhekanava #1 Voice channel leave: kalleknaappila2#1448 (id 370158833328455689)
2018-04-26 12:37:46 #Puhekanava #1 Voice channel leave: ✯爪工匚Ｋモㄚ✯#1520 (id 276005983384371200)
2018-04-26 12:40:33 #Puhekanava #1 Voice channel join: kalleknaappila2#1448 (id 370158833328455689)
2018-04-26 12:43:14 #Puhekanava #1 Voice channel join: GhostlyMan#7371 (id 346234229035761672)
2018-04-26 12:44:39 #Puhekanava #1 Voice channel leave: RapuJumala#9057 (id 414372713524756482)
2018-04-26 12:44:50 #Puhekanava #1 Voice channel join: RapuJumala#9057 (id 414372713524756482)
2018-04-26 12:45:01 #Puhekanava #1 Voice channel join: Sininenlintu#9376 (id 366906163251511296)
2018-04-26 13:08:14 #Puhekanava #1 Server self-mute: RapuJumala#9057 (id 414372713524756482)
2018-04-26 13:08:16 #Puhekanava #1 Server self-deafen: RapuJumala#9057 (id 414372713524756482)
2018-04-26 13:12:07 #Puhekanava #1 Voice channel leave: Nikozzu#9343 (id 263267796429963274)
2018-04-26 13:12:16 #Puhekanava #1 Voice channel join: Nikozzu#9343 (id 263267796429963274)
2018-04-26 13:12:29 #Puhekanava #1 Voice channel leave: Sininenlintu#9376 (id 366906163251511296)
2018-04-26 13:12:45 #Puhekanava #1 Voice channel join: Sininenlintu#9376 (id 366906163251511296)
2018-04-26 13:13:06 #Puhekanava #1 Voice channel leave: ZeRo#4636 (id 347712146089443330)
2018-04-26 13:13:42 #Puhekanava #1 Voice channel leave: kalleknaappila2#1448 (id 370158833328455689)
2018-04-26 13:13:59 #Puhekanava #1 Voice channel leave: Sininenlintu#9376 (id 366906163251511296)
2018-04-26 13:14:18 #Puhekanava #1 Voice channel leave: Nikozzu#9343 (id 263267796429963274)
2018-04-26 13:14:22 #Puhekanava #1 Voice channel leave: GhostlyMan#7371 (id 346234229035761672)
2018-04-26 13:23:16 #Puhekanava #1 Voice channel leave: RapuJumala#9057 (id 414372713524756482) moving to AFK
2018-04-27 16:04:18 #Puhekanava #1 Voice channel join: GhostlyMan#7371 (id 346234229035761672)
2018-04-27 16:06:00 #Puhekanava #1 Voice channel leave: GhostlyMan#7371 (id 346234229035761672)
