2018-04-22 18:14:19 #administration-roles @NowDie#2018: .asar Maroon
2018-04-22 18:14:19 #administration-roles @Synapse#0692: 
2018-04-22 18:14:19 #administration-roles @Synapse#0692 edited message from 2018-04-22 18:14:19 () to read: 
2018-04-22 18:14:48 #administration-roles @NowDie#2018: .asar Yellow Green
2018-04-22 18:14:48 #administration-roles @Synapse#0692: 
2018-04-22 18:14:48 #administration-roles @Synapse#0692 edited message from 2018-04-22 18:14:48 () to read: 
2018-04-22 18:14:51 #administration-roles @NowDie#2018: .asar Yellow
2018-04-22 18:14:51 #administration-roles @Synapse#0692: 
2018-04-22 18:14:51 #administration-roles @Synapse#0692 edited message from 2018-04-22 18:14:51 () to read: 
2018-04-22 18:15:06 #administration-roles @NowDie#2018: .asar Cinnamon
2018-04-22 18:15:06 #administration-roles @Synapse#0692: 
2018-04-22 18:15:08 #administration-roles @Synapse#0692 edited message from 2018-04-22 18:15:06 () to read: 
2018-04-22 18:15:17 #administration-roles @NowDie#2018: .asar Rust
2018-04-22 18:15:17 #administration-roles @Synapse#0692: 
2018-04-22 18:15:17 #administration-roles @Synapse#0692 edited message from 2018-04-22 18:15:17 () to read: 
2018-04-22 18:15:19 #administration-roles @NowDie#2018: .asar Coral
2018-04-22 18:15:19 #administration-roles @Synapse#0692: 
2018-04-22 18:15:20 #administration-roles @Synapse#0692 edited message from 2018-04-22 18:15:19 () to read: 
2018-04-22 18:15:30 #administration-roles @NowDie#2018: .asar Ruby
2018-04-22 18:15:31 #administration-roles @Synapse#0692: 
2018-04-22 18:15:31 #administration-roles @Synapse#0692 edited message from 2018-04-22 18:15:31 () to read: 
2018-04-22 18:15:33 #administration-roles @NowDie#2018: .asar Scarlet
2018-04-22 18:15:34 #administration-roles @Synapse#0692: 
2018-04-22 18:15:34 #administration-roles @Synapse#0692 edited message from 2018-04-22 18:15:34 () to read: 
2018-04-22 18:15:46 #administration-roles @NowDie#2018: .asar Chilli Pepper
2018-04-22 18:15:46 #administration-roles @Synapse#0692: 
2018-04-22 18:15:46 #administration-roles @Synapse#0692 edited message from 2018-04-22 18:15:46 () to read: 
2018-04-22 18:16:02 #administration-roles @NowDie#2018: .asar Cotton Candy
2018-04-22 18:16:02 #administration-roles @Synapse#0692: 
2018-04-22 18:16:02 #administration-roles @Synapse#0692 edited message from 2018-04-22 18:16:02 () to read: 
2018-04-22 18:16:05 #administration-roles @NowDie#2018: .asar Hot Pink
2018-04-22 18:16:06 #administration-roles @Synapse#0692: 
2018-04-22 18:16:06 #administration-roles @Synapse#0692 edited message from 2018-04-22 18:16:06 () to read: 
2018-04-22 18:16:13 #administration-roles @NowDie#2018: .asar Magneta
2018-04-22 18:16:14 #administration-roles @Synapse#0692: 
2018-04-22 18:16:14 #administration-roles @Synapse#0692 edited message from 2018-04-22 18:16:14 () to read: 
