2018-04-23 03:44:14 #a @Dios#8293: !help
2018-04-23 03:44:16 #a @Synapse#0692: Check your DM, @ﾠﾠ! I have sent something for you :wink:
2018-04-23 03:45:08 #a @Dios#8293: colorme
2018-04-23 03:51:47 #a @Dios#8293: !help
2018-04-23 03:51:52 #a @Synapse#0692: Check your DM, @ﾠﾠ! I have sent something for you :wink:
2018-04-23 03:51:57 #a @Dios#8293: .help
2018-04-23 03:58:46 #a @Dios#8293: .multicolor 2jefe
2018-04-23 03:59:53 #a @Dios#8293: .multicolor 2 jefe
2018-04-23 04:01:44 #a @Dios#8293: *multicolor 2 JEFE
2018-04-23 04:01:52 #a @Ghostplay R2#1298: 
2018-04-23 04:01:52 #a @Ghostplay R2#1298 edited message from 2018-04-23 04:01:52 () to read: 
2018-04-23 04:02:29 #a @Dios#8293: *multicolor 2 jefe
2018-04-23 04:02:45 #a @Dios#8293: .multicolor 2 jefe
2018-04-23 04:02:56 #a @Ghostplay R2#1298: `Error in command 'multicolor'.If you keep seeing this message please contact the owner of the bot.`
2018-04-23 04:03:43 #a @Dios#8293: .multicolor 2 jefe
2018-04-23 04:04:27 #a @Dios#8293: *help
2018-04-23 04:04:35 #a @Dios#8293: .help
2018-04-23 04:04:36 #a @Ghostplay R2#1298: Hey there, @mitsuki! I sent you the list of commands in a private message.\nCheck your direct messages
2018-04-23 04:05:30 #a @Dios#8293: .Multicolor 2 jefe
2018-04-23 04:05:46 #a @Dios#8293: multicolor jefe
2018-04-23 04:06:43 #a @Dios#8293: .multicolor 2 OWNER
2018-04-23 04:07:21 #a @Dios#8293: .multicolor 2 Owner
2018-04-23 04:08:36 #a @Dios#8293: .multicolor 2 JEFE
2018-04-23 04:09:01 #a @Dios#8293: .multicolor 2 jefe
2018-04-23 04:17:05 #a @Dios#8293: .multicolor 2 OWNER
2018-04-23 04:17:51 #a @Dios#8293: .OWNER
2018-04-23 04:17:57 #a @Dios#8293: .owner
2018-04-23 04:18:07 #a @Dios#8293: *help
2018-04-23 04:18:15 #a @Ghostplay R2#1298: Hey there, @mitsuki! I sent you the list of commands in a private message.\nCheck your direct messages
