2018-04-27 02:24:19 #Battle bus comms Voice channel join: sift27#6826 (id 188869960871706624)
2018-04-27 02:24:22 #Battle bus comms Server self-mute: sift27#6826 (id 188869960871706624)
2018-04-27 02:26:21 #Battle bus comms Voice channel join: Grim7752#2169 (id 197661715423297536)
2018-04-27 02:26:24 #Battle bus comms Server self-unmute: sift27#6826 (id 188869960871706624)
2018-04-27 02:40:15 #Battle bus comms Server self-mute: sift27#6826 (id 188869960871706624)
2018-04-27 02:40:22 #Battle bus comms Server self-mute: sift27#6826 (id 188869960871706624)
2018-04-27 02:40:22 #Battle bus comms Server self-mute: sift27#6826 (id 188869960871706624)
2018-04-27 02:40:22 #Battle bus comms Server self-unmute: sift27#6826 (id 188869960871706624)
2018-04-27 02:40:23 #Battle bus comms Server self-mute: sift27#6826 (id 188869960871706624)
2018-04-27 02:40:24 #Battle bus comms Server self-mute: Grim7752#2169 (id 197661715423297536)
2018-04-27 02:41:15 #Battle bus comms Server self-unmute: Grim7752#2169 (id 197661715423297536)
2018-04-27 02:43:18 #Battle bus comms Voice channel leave: sift27#6826 (id 188869960871706624)
2018-04-27 02:46:33 #Battle bus comms Voice channel join: sift27#6826 (id 188869960871706624)
2018-04-27 02:53:47 #Battle bus comms Voice channel join: ŊǞŦƖǾŊ#2231 (id 228827076684152832)
2018-04-27 03:29:32 #Battle bus comms Voice channel leave: ŊǞŦƖǾŊ#2231 (id 228827076684152832)
2018-04-27 03:44:11 #Battle bus comms Voice channel leave: Grim7752#2169 (id 197661715423297536)
2018-04-27 03:44:19 #Battle bus comms Voice channel leave: sift27#6826 (id 188869960871706624)
2018-04-27 03:52:47 #Battle bus comms Voice channel join: ŊǞŦƖǾŊ#2231 (id 228827076684152832)
2018-04-27 03:53:17 #Battle bus comms Voice channel leave: ŊǞŦƖǾŊ#2231 (id 228827076684152832)
2018-04-27 15:31:53 #Battle bus comms Voice channel join: Grim7752#2169 (id 197661715423297536)
2018-04-27 15:31:54 #Battle bus comms Voice channel leave: Grim7752#2169 (id 197661715423297536)
2018-04-27 15:57:00 #Battle bus comms Voice channel join: BOII#0108 (id 271875178617765889), moved from SOLO-Q
2018-04-27 15:57:00 #Battle bus comms Voice channel leave: BOII#0108 (id 271875178617765889)
2018-04-28 03:04:51 #Battle bus comms Voice channel join: Gallahaan#0821 (id 267965742178238465)
2018-04-28 03:07:00 #Battle bus comms Voice channel join: Plasma#3570 (id 316824987208253450), flags: self_mute
2018-04-28 03:07:00 #Battle bus comms Server self-unmute: Plasma#3570 (id 316824987208253450)
2018-04-28 03:26:19 #Battle bus comms Voice channel join: Wolferz#5978 (id 252395571762036736)
2018-04-28 03:27:11 #Battle bus comms Server self-mute: Wolferz#5978 (id 252395571762036736)
2018-04-28 03:27:14 #Battle bus comms Server self-deafen: Wolferz#5978 (id 252395571762036736)
2018-04-28 03:27:15 #Battle bus comms Voice channel leave: Wolferz#5978 (id 252395571762036736)
2018-04-28 03:51:10 #Battle bus comms Voice channel join: Kong Zi Hao#9836 (id 346298139357085698)
2018-04-28 03:52:54 #Battle bus comms Server self-mute: Kong Zi Hao#9836 (id 346298139357085698)
2018-04-28 03:53:07 #Battle bus comms Voice channel join: ~ʀᴏʏᴀʟ~#2800 (id 370200537976537088), flags: self_deaf,self_mute
2018-04-28 03:53:11 #Battle bus comms Server self-unmute: Kong Zi Hao#9836 (id 346298139357085698)
2018-04-28 03:53:12 #Battle bus comms Server self-undeafen: ~ʀᴏʏᴀʟ~#2800 (id 370200537976537088)
2018-04-28 03:53:23 #Battle bus comms Server self-unmute: ~ʀᴏʏᴀʟ~#2800 (id 370200537976537088)
2018-04-28 03:53:54 #Battle bus comms Server self-mute: Kong Zi Hao#9836 (id 346298139357085698)
2018-04-28 03:54:01 #Battle bus comms Server self-unmute: Kong Zi Hao#9836 (id 346298139357085698)
2018-04-28 03:54:22 #Battle bus comms Server self-mute: ~ʀᴏʏᴀʟ~#2800 (id 370200537976537088)
2018-04-28 03:54:48 #Battle bus comms Server self-mute: Kong Zi Hao#9836 (id 346298139357085698)
2018-04-28 03:54:54 #Battle bus comms Server self-unmute: Kong Zi Hao#9836 (id 346298139357085698)
2018-04-28 03:54:58 #Battle bus comms Server self-mute: Kong Zi Hao#9836 (id 346298139357085698)
2018-04-28 03:54:59 #Battle bus comms Server self-unmute: Kong Zi Hao#9836 (id 346298139357085698)
2018-04-28 03:56:22 #Battle bus comms Voice channel leave: ~ʀᴏʏᴀʟ~#2800 (id 370200537976537088)
2018-04-28 04:24:41 #Battle bus comms Voice channel join: Puffle Fluff#3330 (id 320189388942344195)
2018-04-28 04:24:58 #Battle bus comms Voice channel join: ~ʀᴏʏᴀʟ~#2800 (id 370200537976537088), flags: self_mute
2018-04-28 04:25:18 #Battle bus comms Voice channel leave: Puffle Fluff#3330 (id 320189388942344195)
2018-04-28 04:27:58 #Battle bus comms Server self-unmute: ~ʀᴏʏᴀʟ~#2800 (id 370200537976537088)
2018-04-28 04:28:45 #Battle bus comms Voice channel leave: ~ʀᴏʏᴀʟ~#2800 (id 370200537976537088)
2018-04-28 04:31:15 #Battle bus comms Voice channel leave: Plasma#3570 (id 316824987208253450)
2018-04-28 04:38:18 #Battle bus comms Voice channel leave: Gallahaan#0821 (id 267965742178238465)
2018-04-28 04:38:39 #Battle bus comms Voice channel leave: Kong Zi Hao#9836 (id 346298139357085698)
2018-04-28 06:00:12 #Battle bus comms Voice channel join: sift27#6826 (id 188869960871706624)
2018-04-28 06:15:23 #Battle bus comms Voice channel leave: sift27#6826 (id 188869960871706624)
2018-04-28 10:39:31 #Battle bus comms Voice channel join: Kong Zi Hao#9836 (id 346298139357085698)
2018-04-28 10:39:32 #Battle bus comms Voice channel leave: Kong Zi Hao#9836 (id 346298139357085698)
2018-04-28 14:55:50 #Battle bus comms Voice channel join: Puffle Fluff#3330 (id 320189388942344195)
2018-04-28 14:56:13 #Battle bus comms Voice channel leave: Puffle Fluff#3330 (id 320189388942344195)
2018-04-28 14:56:14 #Battle bus comms Voice channel join: Puffle Fluff#3330 (id 320189388942344195)
2018-04-28 14:56:59 #Battle bus comms Voice channel join: sift27#6826 (id 188869960871706624)
2018-04-28 14:59:07 #Battle bus comms Voice channel leave: sift27#6826 (id 188869960871706624)
2018-04-28 15:02:28 #Battle bus comms Voice channel join: ∆ K ∆#7742 (id 351561873054760961)
2018-04-28 15:02:28 #Battle bus comms Server self-unmute: ∆ K ∆#7742 (id 351561873054760961)
2018-04-28 15:03:59 #Battle bus comms Server self-mute: ∆ K ∆#7742 (id 351561873054760961)
2018-04-28 15:06:19 #Battle bus comms Server mute: ∆ K ∆#7742 (id 351561873054760961)
2018-04-28 15:06:19 #Battle bus comms Server deafen: ∆ K ∆#7742 (id 351561873054760961)
2018-04-28 15:07:30 #Battle bus comms Server self-unmute: ∆ K ∆#7742 (id 351561873054760961)
2018-04-28 15:07:31 #Battle bus comms Server self-mute: ∆ K ∆#7742 (id 351561873054760961)
2018-04-28 15:07:31 #Battle bus comms Voice channel leave: ∆ K ∆#7742 (id 351561873054760961)
2018-04-28 15:07:38 #Battle bus comms Voice channel join: ∆ K ∆#7742 (id 351561873054760961), flags: deaf,mute,self_mute
2018-04-28 15:10:12 #Battle bus comms Server unmute: ∆ K ∆#7742 (id 351561873054760961)
2018-04-28 15:10:13 #Battle bus comms Server undeafen: ∆ K ∆#7742 (id 351561873054760961)
2018-04-28 15:10:49 #Battle bus comms Server self-unmute: ∆ K ∆#7742 (id 351561873054760961)
2018-04-28 15:15:49 #Battle bus comms Voice channel join: Kong Zi Hao#9836 (id 346298139357085698), moved from afk-channel, flags: self_mute
2018-04-28 15:15:51 #Battle bus comms Server self-unmute: Kong Zi Hao#9836 (id 346298139357085698)
2018-04-28 15:28:11 #Battle bus comms Server self-mute: Kong Zi Hao#9836 (id 346298139357085698)
2018-04-28 15:28:37 #Battle bus comms Server self-unmute: Kong Zi Hao#9836 (id 346298139357085698)
2018-04-28 15:29:59 #Battle bus comms Voice channel leave: Gallahaan#0821 (id 267965742178238465)
2018-04-28 15:30:10 #Battle bus comms Voice channel leave: ∆ K ∆#7742 (id 351561873054760961)
2018-04-28 15:39:46 #Battle bus comms Voice channel leave: Puffle Fluff#3330 (id 320189388942344195) moving to DUO-Q
2018-04-28 15:39:47 #Battle bus comms Voice channel leave: Kong Zi Hao#9836 (id 346298139357085698) moving to DUO-Q
2018-04-30 17:52:07 #Battle bus comms Voice channel join: AngelGabX#6294 (id 426064655593635840)
2018-04-30 17:52:11 #Battle bus comms Voice channel leave: AngelGabX#6294 (id 426064655593635840)
2018-05-01 07:41:32 #Battle bus comms Voice channel join: sift27#6826 (id 188869960871706624)
2018-05-01 07:42:13 #Battle bus comms Voice channel leave: sift27#6826 (id 188869960871706624)
2018-05-02 10:55:16 #Battle bus comms Voice channel join: sift27#6826 (id 188869960871706624)
2018-05-02 10:55:19 #Battle bus comms Voice channel leave: sift27#6826 (id 188869960871706624)
2018-05-02 12:02:33 #Battle bus comms Voice channel join: sift27#6826 (id 188869960871706624)
2018-05-02 12:03:23 #Battle bus comms Voice channel join: E.N.D#4372 (id 350962400767508480)
2018-05-02 12:03:31 #Battle bus comms Voice channel leave: E.N.D#4372 (id 350962400767508480) moving to SQUAD-Q
2018-05-02 12:03:35 #Battle bus comms Voice channel leave: sift27#6826 (id 188869960871706624) moving to SQUAD-Q
2018-05-02 15:21:51 #Battle bus comms Voice channel join: Synapse#0692 (id 435538622293344266), moved from SQUAD-Q, flags: mute
2018-05-02 15:21:57 #Battle bus comms Voice channel leave: Synapse#0692 (id 435538622293344266) moving to afk-channel
