2018-04-27 12:08:08 #SQUAD-Q Voice channel join: sift27#6826 (id 188869960871706624), moved from DUO-Q
2018-04-27 12:08:09 #SQUAD-Q Voice channel join: Wolferz#5978 (id 252395571762036736), moved from DUO-Q
2018-04-27 12:08:09 #SQUAD-Q Voice channel join: paulyoungck#6055 (id 289741651889356802), moved from DUO-Q
2018-04-27 12:08:12 #SQUAD-Q Voice channel join: Kong Zi Hao#9836 (id 346298139357085698), moved from DUO-Q
2018-04-27 12:08:22 #SQUAD-Q Voice channel leave: sift27#6826 (id 188869960871706624) moving to DUO-Q
2018-04-27 12:08:59 #SQUAD-Q Voice channel join: sift27#6826 (id 188869960871706624), moved from DUO-Q
2018-04-27 12:16:41 #SQUAD-Q Voice channel join: ŊǞŦƖǾŊ#2231 (id 228827076684152832)
2018-04-27 12:23:43 #SQUAD-Q Voice channel leave: ŊǞŦƖǾŊ#2231 (id 228827076684152832)
2018-04-27 12:24:13 #SQUAD-Q Voice channel join: Adam Azmi#8033 (id 302684358769115138)
2018-04-27 12:24:19 #SQUAD-Q Voice channel leave: Adam Azmi#8033 (id 302684358769115138)
2018-04-27 12:27:55 #SQUAD-Q Voice channel join: ~ʀᴏʏᴀʟ~#2800 (id 370200537976537088)
2018-04-27 12:27:57 #SQUAD-Q Server self-mute: ~ʀᴏʏᴀʟ~#2800 (id 370200537976537088)
2018-04-27 12:27:58 #SQUAD-Q Server self-deafen: ~ʀᴏʏᴀʟ~#2800 (id 370200537976537088)
2018-04-27 12:28:02 #SQUAD-Q Voice channel leave: ~ʀᴏʏᴀʟ~#2800 (id 370200537976537088)
2018-04-27 12:28:05 #SQUAD-Q Server self-mute: Kong Zi Hao#9836 (id 346298139357085698)
2018-04-27 12:30:22 #SQUAD-Q Server self-unmute: Kong Zi Hao#9836 (id 346298139357085698)
2018-04-27 12:37:34 #SQUAD-Q Server mute: paulyoungck#6055 (id 289741651889356802)
2018-04-27 12:37:44 #SQUAD-Q Server unmute: paulyoungck#6055 (id 289741651889356802)
2018-04-27 13:03:49 #SQUAD-Q Voice channel leave: Kong Zi Hao#9836 (id 346298139357085698)
2018-04-27 13:14:27 #SQUAD-Q Voice channel leave: sift27#6826 (id 188869960871706624)
2018-04-27 13:14:31 #SQUAD-Q Voice channel leave: Wolferz#5978 (id 252395571762036736)
2018-04-27 13:15:09 #SQUAD-Q Voice channel leave: paulyoungck#6055 (id 289741651889356802)
2018-04-27 15:27:53 #SQUAD-Q Voice channel join: Grim7752#2169 (id 197661715423297536)
2018-04-27 15:28:16 #SQUAD-Q Voice channel leave: Grim7752#2169 (id 197661715423297536) moving to DUO-Q-SERIOUS
2018-04-28 01:52:26 #SQUAD-Q Voice channel join: FantasticSlime#9468 (id 258563520319193088), moved from DT_Scrims
2018-04-28 01:52:44 #SQUAD-Q Voice channel leave: FantasticSlime#9468 (id 258563520319193088) moving to DT_Scrims
2018-04-28 06:43:36 #SQUAD-Q Voice channel join: Wolferz#5978 (id 252395571762036736), moved from DT_Scrims
2018-04-28 06:43:46 #SQUAD-Q Voice channel join: FantasticSlime#9468 (id 258563520319193088), moved from DT_Scrims
2018-04-28 06:43:58 #SQUAD-Q Voice channel leave: Wolferz#5978 (id 252395571762036736)
2018-04-28 06:44:06 #SQUAD-Q Voice channel leave: FantasticSlime#9468 (id 258563520319193088) moving to DT_Scrims
2018-04-28 06:44:36 #SQUAD-Q Voice channel join: Wolferz#5978 (id 252395571762036736)
2018-04-28 06:44:41 #SQUAD-Q Voice channel join: FantasticSlime#9468 (id 258563520319193088), moved from DT_Scrims
2018-04-28 06:45:26 #SQUAD-Q Voice channel leave: FantasticSlime#9468 (id 258563520319193088) moving to DT_Scrims
2018-04-28 06:45:30 #SQUAD-Q Voice channel leave: Wolferz#5978 (id 252395571762036736) moving to DT_Scrims
2018-04-28 09:21:16 #SQUAD-Q Voice channel join: Wolferz#5978 (id 252395571762036736), moved from DUO-Q
2018-04-28 09:21:19 #SQUAD-Q Voice channel join: Asura#1054 (id 267083723692834816), moved from DUO-Q
2018-04-28 09:21:20 #SQUAD-Q Voice channel join: AngelGabX#6294 (id 426064655593635840), moved from DUO-Q
2018-04-28 09:21:24 #SQUAD-Q Voice channel join: Adam Azmi#8033 (id 302684358769115138), moved from DUO-Q
2018-04-28 09:23:43 #SQUAD-Q Voice channel leave: Asura#1054 (id 267083723692834816)
2018-04-28 09:23:47 #SQUAD-Q Voice channel join: Asura#1054 (id 267083723692834816)
2018-04-28 09:26:49 #SQUAD-Q Voice channel join: FantasticSlime#9468 (id 258563520319193088)
2018-04-28 09:45:06 #SQUAD-Q Voice channel leave: AngelGabX#6294 (id 426064655593635840)
2018-04-28 09:59:38 #SQUAD-Q Voice channel leave: Wolferz#5978 (id 252395571762036736)
2018-04-28 10:05:55 #SQUAD-Q Voice channel leave: Adam Azmi#8033 (id 302684358769115138)
2018-04-28 10:14:55 #SQUAD-Q Voice channel leave: Asura#1054 (id 267083723692834816)
2018-04-28 10:16:05 #SQUAD-Q Voice channel leave: FantasticSlime#9468 (id 258563520319193088)
2018-04-28 10:22:24 #SQUAD-Q Voice channel join: ŊǞŦƖǾŊ#2231 (id 228827076684152832), moved from DUO-Q
2018-04-28 10:22:24 #SQUAD-Q Voice channel join: Puffle Fluff#3330 (id 320189388942344195), moved from DUO-Q
2018-04-28 10:22:28 #SQUAD-Q Voice channel join: Grim7752#2169 (id 197661715423297536), moved from DUO-Q
2018-04-28 10:22:29 #SQUAD-Q Voice channel join: Gallahaan#0821 (id 267965742178238465), moved from DUO-Q
2018-04-28 10:27:49 #SQUAD-Q Voice channel leave: ŊǞŦƖǾŊ#2231 (id 228827076684152832) moving to DUO-Q
2018-04-28 10:27:55 #SQUAD-Q Voice channel leave: Gallahaan#0821 (id 267965742178238465) moving to DUO-Q-SERIOUS
2018-04-28 10:27:59 #SQUAD-Q Voice channel leave: Puffle Fluff#3330 (id 320189388942344195) moving to DUO-Q-SERIOUS
2018-04-28 10:28:00 #SQUAD-Q Voice channel join: ŊǞŦƖǾŊ#2231 (id 228827076684152832), moved from DUO-Q
2018-04-28 10:29:07 #SQUAD-Q Voice channel join: Wolferz#5978 (id 252395571762036736)
2018-04-28 10:29:16 #SQUAD-Q Voice channel leave: Wolferz#5978 (id 252395571762036736)
2018-04-28 10:39:59 #SQUAD-Q Voice channel join: sift27#6826 (id 188869960871706624)
2018-04-28 10:43:49 #SQUAD-Q Voice channel leave: sift27#6826 (id 188869960871706624)
2018-04-28 10:45:31 #SQUAD-Q Voice channel join: Puffle Fluff#3330 (id 320189388942344195), moved from DUO-Q-SERIOUS
2018-04-28 10:45:40 #SQUAD-Q Voice channel leave: Puffle Fluff#3330 (id 320189388942344195) moving to DUO-Q-SERIOUS
2018-04-28 10:45:58 #SQUAD-Q Voice channel join: Gallahaan#0821 (id 267965742178238465), moved from DUO-Q-SERIOUS
2018-04-28 10:46:07 #SQUAD-Q Voice channel join: Puffle Fluff#3330 (id 320189388942344195), moved from DUO-Q-SERIOUS
2018-04-28 10:47:12 #SQUAD-Q Voice channel join: sift27#6826 (id 188869960871706624)
2018-04-28 10:48:10 #SQUAD-Q Voice channel leave: sift27#6826 (id 188869960871706624)
2018-04-28 10:48:40 #SQUAD-Q Voice channel leave: Gallahaan#0821 (id 267965742178238465)
2018-04-28 10:49:46 #SQUAD-Q Voice channel join: Gallahaan#0821 (id 267965742178238465)
2018-04-28 10:49:50 #SQUAD-Q Voice channel leave: Gallahaan#0821 (id 267965742178238465) moving to DUO-Q-SERIOUS
2018-04-28 10:49:51 #SQUAD-Q Voice channel join: Gallahaan#0821 (id 267965742178238465), moved from DUO-Q-SERIOUS
2018-04-28 10:53:27 #SQUAD-Q Voice channel leave: Gallahaan#0821 (id 267965742178238465)
2018-04-28 10:55:01 #SQUAD-Q Voice channel leave: Puffle Fluff#3330 (id 320189388942344195)
2018-04-28 10:55:50 #SQUAD-Q Voice channel leave: Grim7752#2169 (id 197661715423297536)
2018-04-28 10:55:54 #SQUAD-Q Voice channel leave: ŊǞŦƖǾŊ#2231 (id 228827076684152832)
2018-04-28 12:03:23 #SQUAD-Q Voice channel join: Gallahaan#0821 (id 267965742178238465), moved from DUO-Q
2018-04-28 12:03:26 #SQUAD-Q Voice channel join: paulyoungck#6055 (id 289741651889356802), moved from DUO-Q
2018-04-28 12:03:29 #SQUAD-Q Voice channel join: FantasticSlime#9468 (id 258563520319193088)
2018-04-28 12:03:35 #SQUAD-Q Voice channel join: ŊǞŦƖǾŊ#2231 (id 228827076684152832), moved from SQUAD-Q-SERIOUS
2018-04-28 12:03:36 #SQUAD-Q Voice channel join: sift27#6826 (id 188869960871706624), moved from SQUAD-Q-SERIOUS
2018-04-28 12:03:53 #SQUAD-Q Server mute: FantasticSlime#9468 (id 258563520319193088)
2018-04-28 12:04:12 #SQUAD-Q Server unmute: FantasticSlime#9468 (id 258563520319193088)
2018-04-28 12:04:44 #SQUAD-Q Voice channel leave: FantasticSlime#9468 (id 258563520319193088)
2018-04-28 12:08:15 #SQUAD-Q Voice channel leave: Gallahaan#0821 (id 267965742178238465)
2018-04-28 12:09:23 #SQUAD-Q Voice channel join: Gallahaan#0821 (id 267965742178238465)
2018-04-28 12:10:23 #SQUAD-Q Voice channel leave: sift27#6826 (id 188869960871706624) moving to afk-channel
2018-04-28 12:21:42 #SQUAD-Q Voice channel join: Wolferz#5978 (id 252395571762036736)
2018-04-28 12:22:29 #SQUAD-Q Voice channel leave: Wolferz#5978 (id 252395571762036736)
2018-04-28 12:23:41 #SQUAD-Q Voice channel leave: Gallahaan#0821 (id 267965742178238465)
2018-04-28 12:23:46 #SQUAD-Q Voice channel join: Gallahaan#0821 (id 267965742178238465)
2018-04-28 12:23:49 #SQUAD-Q Voice channel leave: Gallahaan#0821 (id 267965742178238465)
2018-04-28 12:23:57 #SQUAD-Q Voice channel join: Gallahaan#0821 (id 267965742178238465)
2018-04-28 12:25:30 #SQUAD-Q Voice channel join: Wolferz#5978 (id 252395571762036736)
2018-04-28 12:27:22 #SQUAD-Q Voice channel join: Kong Zi Hao#9836 (id 346298139357085698)
2018-04-28 12:27:41 #SQUAD-Q Voice channel join: FantasticSlime#9468 (id 258563520319193088)
2018-04-28 12:28:03 #SQUAD-Q Server mute: FantasticSlime#9468 (id 258563520319193088)
2018-04-28 12:28:38 #SQUAD-Q Server unmute: FantasticSlime#9468 (id 258563520319193088)
2018-04-28 12:31:06 #SQUAD-Q Voice channel leave: FantasticSlime#9468 (id 258563520319193088)
2018-04-28 12:31:49 #SQUAD-Q Voice channel leave: Gallahaan#0821 (id 267965742178238465)
2018-04-28 12:31:53 #SQUAD-Q Voice channel join: FantasticSlime#9468 (id 258563520319193088)
2018-04-28 12:32:53 #SQUAD-Q Voice channel leave: Wolferz#5978 (id 252395571762036736)
2018-04-28 12:33:02 #SQUAD-Q Voice channel leave: FantasticSlime#9468 (id 258563520319193088)
2018-04-28 12:33:19 #SQUAD-Q Voice channel join: Wolferz#5978 (id 252395571762036736)
2018-04-28 12:33:35 #SQUAD-Q Voice channel leave: Wolferz#5978 (id 252395571762036736) moving to afk-channel
2018-04-28 12:33:36 #SQUAD-Q Voice channel join: Wolferz#5978 (id 252395571762036736), moved from afk-channel
2018-04-28 12:33:39 #SQUAD-Q Voice channel leave: ŊǞŦƖǾŊ#2231 (id 228827076684152832) moving to DT_Scrims
2018-04-28 12:33:43 #SQUAD-Q Voice channel join: ŊǞŦƖǾŊ#2231 (id 228827076684152832), moved from DT_Scrims, flags: self_mute
2018-04-28 12:33:44 #SQUAD-Q Server self-unmute: ŊǞŦƖǾŊ#2231 (id 228827076684152832)
2018-04-28 12:55:00 #SQUAD-Q Voice channel join: FantasticSlime#9468 (id 258563520319193088)
2018-04-28 12:56:19 #SQUAD-Q Voice channel leave: FantasticSlime#9468 (id 258563520319193088)
2018-04-28 12:58:16 #SQUAD-Q Voice channel leave: paulyoungck#6055 (id 289741651889356802)
2018-04-28 12:58:26 #SQUAD-Q Voice channel join: paulyoungck#6055 (id 289741651889356802)
2018-04-28 13:07:57 #SQUAD-Q Voice channel leave: Wolferz#5978 (id 252395571762036736) moving to DUO-Q-SERIOUS
2018-04-28 13:08:03 #SQUAD-Q Voice channel join: Wolferz#5978 (id 252395571762036736), moved from DUO-Q-SERIOUS
2018-04-28 13:08:06 #SQUAD-Q Voice channel join: FantasticSlime#9468 (id 258563520319193088), moved from DUO-Q-SERIOUS
2018-04-28 13:09:17 #SQUAD-Q Voice channel leave: FantasticSlime#9468 (id 258563520319193088)
2018-04-28 13:10:13 #SQUAD-Q Voice channel join: FantasticSlime#9468 (id 258563520319193088)
2018-04-28 13:12:27 #SQUAD-Q Voice channel leave: FantasticSlime#9468 (id 258563520319193088) moving to DUO-Q
2018-04-28 13:20:25 #SQUAD-Q Voice channel leave: Kong Zi Hao#9836 (id 346298139357085698)
2018-04-28 13:21:25 #SQUAD-Q Voice channel leave: paulyoungck#6055 (id 289741651889356802)
2018-04-28 13:26:01 #SQUAD-Q Voice channel leave: ŊǞŦƖǾŊ#2231 (id 228827076684152832)
2018-04-28 13:26:01 #SQUAD-Q Voice channel leave: Wolferz#5978 (id 252395571762036736)
2018-04-30 08:37:13 #SQUAD-Q Voice channel join: FantasticSlime#9468 (id 258563520319193088)
2018-04-30 08:37:35 #SQUAD-Q Voice channel join: Asura#1054 (id 267083723692834816)
2018-04-30 08:37:51 #SQUAD-Q Voice channel join: AngelGabX#6294 (id 426064655593635840)
2018-04-30 08:38:12 #SQUAD-Q Voice channel leave: Asura#1054 (id 267083723692834816)
2018-04-30 08:41:18 #SQUAD-Q Voice channel join: Asura#1054 (id 267083723692834816)
2018-04-30 08:43:41 #SQUAD-Q Voice channel join: Wolferz#5978 (id 252395571762036736)
2018-04-30 09:20:41 #SQUAD-Q Voice channel leave: Wolferz#5978 (id 252395571762036736)
2018-04-30 09:28:11 #SQUAD-Q Voice channel join: paulyoungck#6055 (id 289741651889356802)
2018-04-30 09:29:06 #SQUAD-Q Voice channel leave: paulyoungck#6055 (id 289741651889356802)
2018-04-30 09:39:03 #SQUAD-Q Voice channel leave: Asura#1054 (id 267083723692834816)
2018-04-30 09:48:46 #SQUAD-Q Voice channel join: Wolferz#5978 (id 252395571762036736)
2018-04-30 09:51:50 #SQUAD-Q Voice channel join: paulyoungck#6055 (id 289741651889356802)
2018-04-30 09:52:30 #SQUAD-Q Voice channel leave: AngelGabX#6294 (id 426064655593635840)
2018-04-30 09:52:38 #SQUAD-Q Voice channel join: AngelGabX#6294 (id 426064655593635840)
2018-04-30 10:11:11 #SQUAD-Q Voice channel leave: Wolferz#5978 (id 252395571762036736)
2018-04-30 10:12:50 #SQUAD-Q Voice channel leave: paulyoungck#6055 (id 289741651889356802)
2018-04-30 10:21:05 #SQUAD-Q Voice channel join: Adam Azmi#8033 (id 302684358769115138), flags: self_deaf
2018-04-30 10:21:10 #SQUAD-Q Server self-undeafen: Adam Azmi#8033 (id 302684358769115138)
2018-04-30 10:23:10 #SQUAD-Q Voice channel leave: Adam Azmi#8033 (id 302684358769115138)
2018-04-30 10:28:14 #SQUAD-Q Voice channel join: ∆ K ∆#7742 (id 351561873054760961), flags: self_mute
2018-04-30 10:28:15 #SQUAD-Q Server self-unmute: ∆ K ∆#7742 (id 351561873054760961)
2018-04-30 10:28:16 #SQUAD-Q Server self-deafen: ∆ K ∆#7742 (id 351561873054760961)
2018-04-30 10:28:16 #SQUAD-Q Server self-mute: ∆ K ∆#7742 (id 351561873054760961)
2018-04-30 10:28:19 #SQUAD-Q Server self-undeafen: ∆ K ∆#7742 (id 351561873054760961)
2018-04-30 10:28:19 #SQUAD-Q Server self-unmute: ∆ K ∆#7742 (id 351561873054760961)
2018-04-30 10:28:21 #SQUAD-Q Server self-mute: ∆ K ∆#7742 (id 351561873054760961)
2018-04-30 10:28:33 #SQUAD-Q Voice channel leave: ∆ K ∆#7742 (id 351561873054760961)
2018-04-30 10:50:22 #SQUAD-Q Voice channel join: Wolferz#5978 (id 252395571762036736)
2018-04-30 10:51:03 #SQUAD-Q Voice channel leave: Wolferz#5978 (id 252395571762036736)
2018-04-30 11:01:12 #SQUAD-Q Voice channel leave: AngelGabX#6294 (id 426064655593635840)
2018-04-30 11:03:12 #SQUAD-Q Voice channel leave: FantasticSlime#9468 (id 258563520319193088)
2018-04-30 13:26:29 #SQUAD-Q Voice channel join: Adam Azmi#8033 (id 302684358769115138), moved from DT_Scrims
2018-04-30 13:26:32 #SQUAD-Q Voice channel join: FantasticSlime#9468 (id 258563520319193088), moved from DT_Scrims
2018-04-30 13:26:32 #SQUAD-Q Voice channel leave: Adam Azmi#8033 (id 302684358769115138) moving to DUO-Q
2018-04-30 13:26:34 #SQUAD-Q Voice channel join: Kong Zi Hao#9836 (id 346298139357085698), moved from DT_Scrims
2018-04-30 13:26:35 #SQUAD-Q Voice channel join: Wolferz#5978 (id 252395571762036736), moved from DT_Scrims
2018-04-30 13:26:37 #SQUAD-Q Voice channel join: Broken#5473 (id 432884990657691651)
2018-04-30 13:26:40 #SQUAD-Q Voice channel join: Adam Azmi#8033 (id 302684358769115138), moved from DUO-Q
2018-04-30 13:27:30 #SQUAD-Q Server mute: Adam Azmi#8033 (id 302684358769115138)
2018-04-30 13:27:47 #SQUAD-Q Server unmute: Adam Azmi#8033 (id 302684358769115138)
2018-04-30 13:28:06 #SQUAD-Q Voice channel leave: Adam Azmi#8033 (id 302684358769115138)
2018-04-30 13:36:29 #SQUAD-Q Voice channel join: Grim7752#2169 (id 197661715423297536)
2018-04-30 13:37:23 #SQUAD-Q Server self-mute: Grim7752#2169 (id 197661715423297536)
2018-04-30 13:37:38 #SQUAD-Q Server self-mute: Kong Zi Hao#9836 (id 346298139357085698)
2018-04-30 13:37:39 #SQUAD-Q Server self-unmute: Grim7752#2169 (id 197661715423297536)
2018-04-30 13:38:31 #SQUAD-Q Server self-unmute: Kong Zi Hao#9836 (id 346298139357085698)
2018-04-30 13:47:42 #SQUAD-Q Server self-mute: Grim7752#2169 (id 197661715423297536)
2018-04-30 13:55:59 #SQUAD-Q Server self-mute: Kong Zi Hao#9836 (id 346298139357085698)
2018-04-30 13:56:25 #SQUAD-Q Server self-unmute: Kong Zi Hao#9836 (id 346298139357085698)
2018-04-30 14:04:39 #SQUAD-Q Server self-mute: Kong Zi Hao#9836 (id 346298139357085698)
2018-04-30 14:04:50 #SQUAD-Q Voice channel leave: Broken#5473 (id 432884990657691651)
2018-04-30 14:05:05 #SQUAD-Q Server self-unmute: Kong Zi Hao#9836 (id 346298139357085698)
2018-04-30 14:05:21 #SQUAD-Q Voice channel join: Broken#5473 (id 432884990657691651)
2018-04-30 14:07:41 #SQUAD-Q Server self-deafen: Broken#5473 (id 432884990657691651)
2018-04-30 14:07:44 #SQUAD-Q Server self-undeafen: Broken#5473 (id 432884990657691651)
2018-04-30 14:14:49 #SQUAD-Q Voice channel leave: Grim7752#2169 (id 197661715423297536) moving to SOLO-Q
2018-04-30 14:32:49 #SQUAD-Q Voice channel leave: Broken#5473 (id 432884990657691651)
2018-04-30 14:35:20 #SQUAD-Q Voice channel join: Grim7752#2169 (id 197661715423297536), moved from SOLO-Q
2018-04-30 14:37:48 #SQUAD-Q Voice channel leave: FantasticSlime#9468 (id 258563520319193088)
2018-04-30 14:46:14 #SQUAD-Q Voice channel join: ŊǞŦƖǾŊ#2231 (id 228827076684152832)
2018-04-30 14:47:09 #SQUAD-Q Voice channel leave: ŊǞŦƖǾŊ#2231 (id 228827076684152832)
2018-04-30 14:59:33 #SQUAD-Q Voice channel leave: Wolferz#5978 (id 252395571762036736)
2018-04-30 15:10:50 #SQUAD-Q Server self-mute: Kong Zi Hao#9836 (id 346298139357085698)
2018-04-30 15:11:17 #SQUAD-Q Server self-unmute: Kong Zi Hao#9836 (id 346298139357085698)
2018-04-30 15:13:27 #SQUAD-Q Voice channel join: Puffle Fluff#3330 (id 320189388942344195)
2018-04-30 15:13:34 #SQUAD-Q Voice channel leave: Puffle Fluff#3330 (id 320189388942344195)
2018-04-30 15:13:35 #SQUAD-Q Voice channel join: Puffle Fluff#3330 (id 320189388942344195)
2018-04-30 15:13:41 #SQUAD-Q Voice channel leave: Puffle Fluff#3330 (id 320189388942344195) moving to SQUAD-Q-SERIOUS
2018-04-30 15:13:42 #SQUAD-Q Voice channel join: Puffle Fluff#3330 (id 320189388942344195), moved from SQUAD-Q-SERIOUS
2018-04-30 15:13:43 #SQUAD-Q Voice channel leave: Puffle Fluff#3330 (id 320189388942344195)
2018-04-30 15:13:47 #SQUAD-Q Voice channel join: Puffle Fluff#3330 (id 320189388942344195)
2018-04-30 15:13:57 #SQUAD-Q Voice channel leave: Puffle Fluff#3330 (id 320189388942344195)
2018-04-30 15:13:59 #SQUAD-Q Voice channel join: Puffle Fluff#3330 (id 320189388942344195)
2018-04-30 15:14:29 #SQUAD-Q Voice channel leave: Puffle Fluff#3330 (id 320189388942344195)
2018-04-30 15:14:31 #SQUAD-Q Voice channel join: Puffle Fluff#3330 (id 320189388942344195)
2018-04-30 15:14:35 #SQUAD-Q Voice channel leave: Puffle Fluff#3330 (id 320189388942344195)
2018-04-30 15:32:05 #SQUAD-Q Voice channel join: sift27#6826 (id 188869960871706624)
2018-04-30 15:32:38 #SQUAD-Q Voice channel leave: sift27#6826 (id 188869960871706624)
2018-04-30 16:01:14 #SQUAD-Q Voice channel leave: Grim7752#2169 (id 197661715423297536)
2018-04-30 16:01:16 #SQUAD-Q Voice channel join: Grim7752#2169 (id 197661715423297536)
2018-04-30 16:31:47 #SQUAD-Q Voice channel join: ŊǞŦƖǾŊ#2231 (id 228827076684152832)
2018-04-30 16:35:06 #SQUAD-Q Voice channel leave: ŊǞŦƖǾŊ#2231 (id 228827076684152832)
2018-04-30 16:42:39 #SQUAD-Q Voice channel join: ŊǞŦƖǾŊ#2231 (id 228827076684152832), moved from DUO-Q-SERIOUS
2018-04-30 18:14:16 #SQUAD-Q Server self-mute: Kong Zi Hao#9836 (id 346298139357085698)
2018-04-30 18:14:31 #SQUAD-Q Server self-unmute: Kong Zi Hao#9836 (id 346298139357085698)
2018-04-30 18:22:46 #SQUAD-Q Voice channel leave: Grim7752#2169 (id 197661715423297536)
2018-04-30 20:14:03 #SQUAD-Q Voice channel leave: ŊǞŦƖǾŊ#2231 (id 228827076684152832)
2018-04-30 20:17:54 #SQUAD-Q Server self-mute: AngelGabX#6294 (id 426064655593635840)
2018-04-30 20:18:22 #SQUAD-Q Server self-unmute: AngelGabX#6294 (id 426064655593635840)
2018-04-30 20:39:04 #SQUAD-Q Server self-mute: AngelGabX#6294 (id 426064655593635840)
2018-04-30 20:40:02 #SQUAD-Q Server self-unmute: AngelGabX#6294 (id 426064655593635840)
2018-04-30 20:57:36 #SQUAD-Q Voice channel leave: AngelGabX#6294 (id 426064655593635840)
2018-04-30 20:57:44 #SQUAD-Q Voice channel leave: Kong Zi Hao#9836 (id 346298139357085698)
2018-05-01 10:50:48 #SQUAD-Q Voice channel join: FantasticSlime#9468 (id 258563520319193088), moved from DT_Scrims
2018-05-01 10:50:49 #SQUAD-Q Voice channel join: xHackinq#4757 (id 346660585137504256)
2018-05-01 10:50:52 #SQUAD-Q Voice channel join: AngelGabX#6294 (id 426064655593635840), moved from DT_Scrims
2018-05-01 10:50:52 #SQUAD-Q Server self-mute: xHackinq#4757 (id 346660585137504256)
2018-05-01 10:51:03 #SQUAD-Q Server self-unmute: xHackinq#4757 (id 346660585137504256)
2018-05-01 11:00:24 #SQUAD-Q Voice channel join: Wolferz#5978 (id 252395571762036736)
2018-05-01 11:01:25 #SQUAD-Q Voice channel join: Adam Azmi#8033 (id 302684358769115138)
2018-05-01 11:01:28 #SQUAD-Q Voice channel leave: Wolferz#5978 (id 252395571762036736)
2018-05-01 11:10:16 #SQUAD-Q Voice channel join: Asura#1054 (id 267083723692834816)
2018-05-01 11:16:33 #SQUAD-Q Voice channel leave: FantasticSlime#9468 (id 258563520319193088)
2018-05-01 11:17:35 #SQUAD-Q Voice channel leave: Adam Azmi#8033 (id 302684358769115138)
2018-05-01 11:22:08 #SQUAD-Q Voice channel join: Adam Azmi#8033 (id 302684358769115138)
2018-05-01 11:25:29 #SQUAD-Q Voice channel join: Kong Zi Hao#9836 (id 346298139357085698), moved from DUO-Q
2018-05-01 11:25:32 #SQUAD-Q Voice channel leave: Kong Zi Hao#9836 (id 346298139357085698) moving to DUO-Q
2018-05-01 11:35:59 #SQUAD-Q Voice channel leave: Asura#1054 (id 267083723692834816)
2018-05-01 11:38:08 #SQUAD-Q Voice channel leave: xHackinq#4757 (id 346660585137504256)
2018-05-01 11:40:41 #SQUAD-Q Voice channel join: Puffle Fluff#3330 (id 320189388942344195)
2018-05-01 11:40:45 #SQUAD-Q Voice channel leave: Puffle Fluff#3330 (id 320189388942344195)
2018-05-01 11:40:57 #SQUAD-Q Voice channel leave: AngelGabX#6294 (id 426064655593635840) moving to DUO-Q
2018-05-01 11:41:08 #SQUAD-Q Voice channel leave: Adam Azmi#8033 (id 302684358769115138) moving to DUO-Q
2018-05-01 12:34:02 #SQUAD-Q Voice channel join: Grim7752#2169 (id 197661715423297536), moved from SQUAD-Q-SERIOUS
2018-05-01 12:36:07 #SQUAD-Q Voice channel leave: Grim7752#2169 (id 197661715423297536)
2018-05-02 12:03:18 #SQUAD-Q Voice channel join: Allie | Salut!!!!!#4808 (id 306065740597821441), flags: self_mute
2018-05-02 12:03:31 #SQUAD-Q Voice channel join: E.N.D#4372 (id 350962400767508480), moved from Battle bus comms
2018-05-02 12:03:35 #SQUAD-Q Voice channel join: sift27#6826 (id 188869960871706624), moved from Battle bus comms
2018-05-02 12:16:21 #SQUAD-Q Voice channel join: FantasticSlime#9468 (id 258563520319193088)
2018-05-02 12:16:44 #SQUAD-Q Voice channel leave: sift27#6826 (id 188869960871706624) moving to DUO-Q
2018-05-02 12:16:49 #SQUAD-Q Voice channel join: sift27#6826 (id 188869960871706624), moved from DUO-Q
2018-05-02 12:17:01 #SQUAD-Q Voice channel leave: sift27#6826 (id 188869960871706624) moving to DUO-Q
2018-05-02 12:17:01 #SQUAD-Q Voice channel join: sift27#6826 (id 188869960871706624), moved from DUO-Q
2018-05-02 12:17:01 #SQUAD-Q Voice channel leave: FantasticSlime#9468 (id 258563520319193088) moving to DUO-Q
2018-05-02 12:17:01 #SQUAD-Q Voice channel leave: sift27#6826 (id 188869960871706624) moving to DUO-Q
2018-05-02 12:28:23 #SQUAD-Q Voice channel leave: E.N.D#4372 (id 350962400767508480)
2018-05-02 13:14:32 #SQUAD-Q Voice channel leave: Allie | Salut!!!!!#4808 (id 306065740597821441)
2018-05-02 13:37:46 #SQUAD-Q Voice channel join: FantasticSlime#9468 (id 258563520319193088), moved from DUO-Q
2018-05-02 13:37:47 #SQUAD-Q Voice channel join: Broken#5473 (id 432884990657691651), moved from DUO-Q
2018-05-02 13:37:50 #SQUAD-Q Voice channel join: AngelGabX#6294 (id 426064655593635840), moved from DUO-Q
2018-05-02 13:37:52 #SQUAD-Q Voice channel join: - Desu -#7702 (id 325723688806907906), moved from DUO-Q
2018-05-02 13:53:38 #SQUAD-Q Voice channel leave: FantasticSlime#9468 (id 258563520319193088)
2018-05-02 13:54:59 #SQUAD-Q Voice channel leave: - Desu -#7702 (id 325723688806907906)
2018-05-02 14:02:59 #SQUAD-Q Voice channel join: Kong Zi Hao#9836 (id 346298139357085698)
2018-05-02 14:15:47 #SQUAD-Q Server self-mute: Kong Zi Hao#9836 (id 346298139357085698)
2018-05-02 14:18:19 #SQUAD-Q Voice channel leave: Kong Zi Hao#9836 (id 346298139357085698)
2018-05-02 14:19:43 #SQUAD-Q Voice channel join: xHackinq#4757 (id 346660585137504256)
2018-05-02 14:27:51 #SQUAD-Q Server self-deafen: Broken#5473 (id 432884990657691651)
2018-05-02 14:27:52 #SQUAD-Q Server self-mute: Broken#5473 (id 432884990657691651)
2018-05-02 14:31:57 #SQUAD-Q Server self-unmute: Broken#5473 (id 432884990657691651)
2018-05-02 14:31:59 #SQUAD-Q Server self-undeafen: Broken#5473 (id 432884990657691651)
2018-05-02 14:32:06 #SQUAD-Q Server self-mute: Broken#5473 (id 432884990657691651)
2018-05-02 14:32:17 #SQUAD-Q Server self-unmute: Broken#5473 (id 432884990657691651)
2018-05-02 14:32:30 #SQUAD-Q Server self-mute: Broken#5473 (id 432884990657691651)
2018-05-02 14:32:33 #SQUAD-Q Server self-unmute: Broken#5473 (id 432884990657691651)
2018-05-02 14:35:25 #SQUAD-Q Voice channel leave: Broken#5473 (id 432884990657691651)
2018-05-02 14:35:35 #SQUAD-Q Voice channel join: Broken#5473 (id 432884990657691651)
2018-05-02 14:45:25 #SQUAD-Q Server self-mute: Broken#5473 (id 432884990657691651)
2018-05-02 14:45:37 #SQUAD-Q Server self-deafen: Broken#5473 (id 432884990657691651)
2018-05-02 14:45:38 #SQUAD-Q Server self-undeafen: Broken#5473 (id 432884990657691651)
2018-05-02 14:45:41 #SQUAD-Q Server self-unmute: Broken#5473 (id 432884990657691651)
2018-05-02 14:46:18 #SQUAD-Q Server self-deafen: Broken#5473 (id 432884990657691651)
2018-05-02 14:46:21 #SQUAD-Q Server self-undeafen: Broken#5473 (id 432884990657691651)
2018-05-02 14:50:31 #SQUAD-Q Voice channel join: Dyno#3861 (id 155149108183695360)
2018-05-02 14:54:52 #SQUAD-Q Voice channel join: Wolferz#5978 (id 252395571762036736)
2018-05-02 14:54:58 #SQUAD-Q Voice channel leave: Wolferz#5978 (id 252395571762036736)
2018-05-02 14:57:03 #SQUAD-Q Voice channel join: Wolferz#5978 (id 252395571762036736)
2018-05-02 14:57:03 #SQUAD-Q Server self-deafen: Wolferz#5978 (id 252395571762036736)
2018-05-02 14:57:03 #SQUAD-Q Server self-mute: Wolferz#5978 (id 252395571762036736)
2018-05-02 14:57:09 #SQUAD-Q Voice channel leave: Dyno#3861 (id 155149108183695360)
2018-05-02 14:57:12 #SQUAD-Q Server self-undeafen: Wolferz#5978 (id 252395571762036736)
2018-05-02 14:57:12 #SQUAD-Q Server self-unmute: Wolferz#5978 (id 252395571762036736)
2018-05-02 14:57:13 #SQUAD-Q Server self-deafen: Wolferz#5978 (id 252395571762036736)
2018-05-02 14:57:13 #SQUAD-Q Server self-mute: Wolferz#5978 (id 252395571762036736)
2018-05-02 14:57:14 #SQUAD-Q Server self-undeafen: Wolferz#5978 (id 252395571762036736)
2018-05-02 14:57:14 #SQUAD-Q Server self-unmute: Wolferz#5978 (id 252395571762036736)
2018-05-02 14:57:16 #SQUAD-Q Server self-mute: Wolferz#5978 (id 252395571762036736)
2018-05-02 14:57:29 #SQUAD-Q Voice channel join: Dyno#3861 (id 155149108183695360)
2018-05-02 14:58:50 #SQUAD-Q Voice channel leave: Dyno#3861 (id 155149108183695360)
2018-05-02 14:59:03 #SQUAD-Q Voice channel join: Dyno#3861 (id 155149108183695360)
2018-05-02 14:59:31 #SQUAD-Q Server mute: Dyno#3861 (id 155149108183695360)
2018-05-02 14:59:41 #SQUAD-Q Voice channel join: Synapse#0692 (id 435538622293344266)
2018-05-02 14:59:55 #SQUAD-Q Voice channel leave: Dyno#3861 (id 155149108183695360)
2018-05-02 15:00:10 #SQUAD-Q Server mute: Synapse#0692 (id 435538622293344266)
2018-05-02 15:00:17 #SQUAD-Q Voice channel join: Dyno#3861 (id 155149108183695360), flags: mute
2018-05-02 15:00:37 #SQUAD-Q Server self-mute: Broken#5473 (id 432884990657691651)
2018-05-02 15:00:43 #SQUAD-Q Voice channel leave: Wolferz#5978 (id 252395571762036736)
2018-05-02 15:01:18 #SQUAD-Q Server self-unmute: Broken#5473 (id 432884990657691651)
2018-05-02 15:02:23 #SQUAD-Q Server self-mute: Broken#5473 (id 432884990657691651)
2018-05-02 15:02:23 #SQUAD-Q Server self-unmute: Broken#5473 (id 432884990657691651)
2018-05-02 15:02:40 #SQUAD-Q Voice channel leave: Broken#5473 (id 432884990657691651) moving to DUO-Q-SERIOUS
2018-05-02 15:03:19 #SQUAD-Q Voice channel join: Broken#5473 (id 432884990657691651), moved from DUO-Q-SERIOUS
2018-05-02 15:04:10 #SQUAD-Q Server self-mute: Broken#5473 (id 432884990657691651)
2018-05-02 15:12:06 #SQUAD-Q Voice channel leave: xHackinq#4757 (id 346660585137504256)
2018-05-02 15:12:45 #SQUAD-Q Voice channel leave: AngelGabX#6294 (id 426064655593635840) moving to DUO-Q
2018-05-02 15:13:41 #SQUAD-Q Voice channel leave: Broken#5473 (id 432884990657691651) moving to DUO-Q
2018-05-02 15:21:48 #SQUAD-Q Voice channel leave: Dyno#3861 (id 155149108183695360) moving to afk-channel
2018-05-02 15:21:51 #SQUAD-Q Voice channel leave: Synapse#0692 (id 435538622293344266) moving to Battle bus comms
2018-05-03 07:53:32 #SQUAD-Q Voice channel join: Kong Zi Hao#9836 (id 346298139357085698)
2018-05-03 07:53:49 #SQUAD-Q Voice channel join: Allie | Ski#4808 (id 306065740597821441), moved from SOLO-Q, flags: self_mute
2018-05-03 07:53:52 #SQUAD-Q Voice channel join: AngelGabX#6294 (id 426064655593635840)
2018-05-03 07:53:58 #SQUAD-Q Voice channel join: ThatOneNoSkinBoi#5473 (id 432884990657691651), flags: self_mute
2018-05-03 07:53:59 #SQUAD-Q Voice channel join: Wolferz#5978 (id 252395571762036736)
2018-05-03 07:54:22 #SQUAD-Q Voice channel leave: ThatOneNoSkinBoi#5473 (id 432884990657691651)
2018-05-03 07:54:23 #SQUAD-Q Voice channel join: ThatOneNoSkinBoi#5473 (id 432884990657691651), flags: self_mute
2018-05-03 07:54:29 #SQUAD-Q Server self-unmute: ThatOneNoSkinBoi#5473 (id 432884990657691651)
2018-05-03 07:54:36 #SQUAD-Q Voice channel leave: ThatOneNoSkinBoi#5473 (id 432884990657691651)
2018-05-03 07:54:39 #SQUAD-Q Voice channel join: ThatOneNoSkinBoi#5473 (id 432884990657691651)
2018-05-03 07:54:43 #SQUAD-Q Server mute: ThatOneNoSkinBoi#5473 (id 432884990657691651)
2018-05-03 07:54:46 #SQUAD-Q Server unmute: ThatOneNoSkinBoi#5473 (id 432884990657691651)
2018-05-03 07:55:53 #SQUAD-Q Voice channel leave: ThatOneNoSkinBoi#5473 (id 432884990657691651) moving to DUO-Q
2018-05-03 07:56:05 #SQUAD-Q Server self-mute: AngelGabX#6294 (id 426064655593635840)
2018-05-03 07:56:41 #SQUAD-Q Voice channel join: ThatOneNoSkinBoi#5473 (id 432884990657691651)
2018-05-03 07:57:08 #SQUAD-Q Voice channel leave: ThatOneNoSkinBoi#5473 (id 432884990657691651) moving to afk-channel
2018-05-03 07:57:49 #SQUAD-Q Server self-unmute: AngelGabX#6294 (id 426064655593635840)
