2018-04-26 16:44:51 #DUO-Q Voice channel join: Grim7752#2169 (id 197661715423297536)
2018-04-26 16:48:38 #DUO-Q Voice channel leave: Grim7752#2169 (id 197661715423297536) moving to SOLO-Q
2018-04-27 04:09:52 #DUO-Q Voice channel join: Kong Zi Hao#9836 (id 346298139357085698)
2018-04-27 04:10:57 #DUO-Q Voice channel join: ŊǞŦƖǾŊ#2231 (id 228827076684152832)
2018-04-27 04:15:48 #DUO-Q Server self-mute: Kong Zi Hao#9836 (id 346298139357085698)
2018-04-27 04:16:07 #DUO-Q Server self-unmute: Kong Zi Hao#9836 (id 346298139357085698)
2018-04-27 04:16:11 #DUO-Q Voice channel join: Grim7752#2169 (id 197661715423297536)
2018-04-27 04:53:06 #DUO-Q Server self-mute: Kong Zi Hao#9836 (id 346298139357085698)
2018-04-27 04:53:15 #DUO-Q Voice channel leave: Grim7752#2169 (id 197661715423297536)
2018-04-27 04:53:37 #DUO-Q Server self-unmute: Kong Zi Hao#9836 (id 346298139357085698)
2018-04-27 05:30:56 #DUO-Q Server self-mute: Kong Zi Hao#9836 (id 346298139357085698)
2018-04-27 05:31:02 #DUO-Q Voice channel leave: ŊǞŦƖǾŊ#2231 (id 228827076684152832)
2018-04-27 05:31:05 #DUO-Q Server self-unmute: Kong Zi Hao#9836 (id 346298139357085698)
2018-04-27 05:31:06 #DUO-Q Voice channel leave: Kong Zi Hao#9836 (id 346298139357085698)
2018-04-27 08:08:22 #DUO-Q Voice channel join: AngelGabX#6294 (id 426064655593635840), moved from DT_Scrims
2018-04-27 08:08:26 #DUO-Q Voice channel leave: AngelGabX#6294 (id 426064655593635840) moving to DT_Scrims
2018-04-27 11:49:41 #DUO-Q Voice channel join: Wolferz#5978 (id 252395571762036736)
2018-04-27 11:49:44 #DUO-Q Voice channel join: paulyoungck#6055 (id 289741651889356802)
2018-04-27 11:58:37 #DUO-Q Voice channel join: Kong Zi Hao#9836 (id 346298139357085698)
2018-04-27 11:59:37 #DUO-Q Voice channel join: sift27#6826 (id 188869960871706624)
2018-04-27 12:07:35 #DUO-Q Voice channel join: Grim7752#2169 (id 197661715423297536)
2018-04-27 12:08:08 #DUO-Q Voice channel leave: sift27#6826 (id 188869960871706624) moving to SQUAD-Q
2018-04-27 12:08:08 #DUO-Q Voice channel leave: Grim7752#2169 (id 197661715423297536)
2018-04-27 12:08:09 #DUO-Q Voice channel leave: Wolferz#5978 (id 252395571762036736) moving to SQUAD-Q
2018-04-27 12:08:09 #DUO-Q Voice channel leave: paulyoungck#6055 (id 289741651889356802) moving to SQUAD-Q
2018-04-27 12:08:12 #DUO-Q Voice channel leave: Kong Zi Hao#9836 (id 346298139357085698) moving to SQUAD-Q
2018-04-27 12:08:22 #DUO-Q Voice channel join: sift27#6826 (id 188869960871706624), moved from SQUAD-Q
2018-04-27 12:08:59 #DUO-Q Voice channel leave: sift27#6826 (id 188869960871706624) moving to SQUAD-Q
2018-04-27 16:11:50 #DUO-Q Voice channel join: AngelGabX#6294 (id 426064655593635840)
2018-04-27 16:13:01 #DUO-Q Voice channel join: Broken#5473 (id 432884990657691651), moved from DUO-Q-SERIOUS
2018-04-27 16:26:01 #DUO-Q Voice channel join: Adam Azmi#8033 (id 302684358769115138)
2018-04-27 16:27:17 #DUO-Q Voice channel leave: Adam Azmi#8033 (id 302684358769115138)
2018-04-27 16:31:22 #DUO-Q Voice channel join: Grim7752#2169 (id 197661715423297536), moved from SOLO-Q
2018-04-27 16:31:43 #DUO-Q Voice channel leave: Grim7752#2169 (id 197661715423297536)
2018-04-27 17:07:47 #DUO-Q Server self-mute: Broken#5473 (id 432884990657691651)
2018-04-27 17:07:59 #DUO-Q Server self-unmute: Broken#5473 (id 432884990657691651)
2018-04-27 17:08:03 #DUO-Q Server self-mute: Broken#5473 (id 432884990657691651)
2018-04-27 17:08:15 #DUO-Q Server self-unmute: Broken#5473 (id 432884990657691651)
2018-04-27 17:17:04 #DUO-Q Server self-mute: Broken#5473 (id 432884990657691651)
2018-04-27 17:17:34 #DUO-Q Server self-unmute: Broken#5473 (id 432884990657691651)
2018-04-27 17:49:11 #DUO-Q Voice channel leave: AngelGabX#6294 (id 426064655593635840)
2018-04-27 17:49:23 #DUO-Q Voice channel leave: Broken#5473 (id 432884990657691651)
2018-04-28 08:48:43 #DUO-Q Voice channel join: Asura#1054 (id 267083723692834816), flags: self_mute
2018-04-28 08:48:51 #DUO-Q Server self-unmute: Asura#1054 (id 267083723692834816)
2018-04-28 08:55:08 #DUO-Q Voice channel leave: Asura#1054 (id 267083723692834816)
2018-04-28 08:55:31 #DUO-Q Voice channel join: AngelGabX#6294 (id 426064655593635840)
2018-04-28 08:59:32 #DUO-Q Voice channel join: Adam Azmi#8033 (id 302684358769115138)
2018-04-28 08:59:56 #DUO-Q Voice channel join: Asura#1054 (id 267083723692834816)
2018-04-28 09:01:15 #DUO-Q Voice channel leave: Asura#1054 (id 267083723692834816)
2018-04-28 09:01:15 #DUO-Q Voice channel join: Asura#1054 (id 267083723692834816)
2018-04-28 09:03:21 #DUO-Q Voice channel join: Wolferz#5978 (id 252395571762036736)
2018-04-28 09:19:04 #DUO-Q Voice channel leave: Asura#1054 (id 267083723692834816)
2018-04-28 09:19:04 #DUO-Q Voice channel join: Asura#1054 (id 267083723692834816)
2018-04-28 09:19:34 #DUO-Q Voice channel leave: Asura#1054 (id 267083723692834816)
2018-04-28 09:19:38 #DUO-Q Voice channel join: Asura#1054 (id 267083723692834816), flags: self_mute
2018-04-28 09:19:39 #DUO-Q Server self-unmute: Asura#1054 (id 267083723692834816)
2018-04-28 09:21:16 #DUO-Q Voice channel leave: Wolferz#5978 (id 252395571762036736) moving to SQUAD-Q
2018-04-28 09:21:19 #DUO-Q Voice channel leave: Asura#1054 (id 267083723692834816) moving to SQUAD-Q
2018-04-28 09:21:20 #DUO-Q Voice channel leave: AngelGabX#6294 (id 426064655593635840) moving to SQUAD-Q
2018-04-28 09:21:24 #DUO-Q Voice channel leave: Adam Azmi#8033 (id 302684358769115138) moving to SQUAD-Q
2018-04-28 10:19:10 #DUO-Q Voice channel join: Puffle Fluff#3330 (id 320189388942344195)
2018-04-28 10:19:36 #DUO-Q Voice channel leave: Puffle Fluff#3330 (id 320189388942344195)
2018-04-28 10:19:36 #DUO-Q Voice channel join: Puffle Fluff#3330 (id 320189388942344195)
2018-04-28 10:19:47 #DUO-Q Voice channel leave: Puffle Fluff#3330 (id 320189388942344195)
2018-04-28 10:19:50 #DUO-Q Voice channel join: Puffle Fluff#3330 (id 320189388942344195), moved from DUO-Q-SERIOUS
2018-04-28 10:22:07 #DUO-Q Voice channel join: ŊǞŦƖǾŊ#2231 (id 228827076684152832)
2018-04-28 10:22:11 #DUO-Q Voice channel join: Grim7752#2169 (id 197661715423297536)
2018-04-28 10:22:12 #DUO-Q Voice channel join: Gallahaan#0821 (id 267965742178238465)
2018-04-28 10:22:24 #DUO-Q Voice channel leave: ŊǞŦƖǾŊ#2231 (id 228827076684152832) moving to SQUAD-Q
2018-04-28 10:22:24 #DUO-Q Voice channel leave: Puffle Fluff#3330 (id 320189388942344195) moving to SQUAD-Q
2018-04-28 10:22:28 #DUO-Q Voice channel leave: Grim7752#2169 (id 197661715423297536) moving to SQUAD-Q
2018-04-28 10:22:29 #DUO-Q Voice channel leave: Gallahaan#0821 (id 267965742178238465) moving to SQUAD-Q
2018-04-28 10:27:49 #DUO-Q Voice channel join: ŊǞŦƖǾŊ#2231 (id 228827076684152832), moved from SQUAD-Q
2018-04-28 10:28:00 #DUO-Q Voice channel leave: ŊǞŦƖǾŊ#2231 (id 228827076684152832) moving to SQUAD-Q
2018-04-28 11:35:45 #DUO-Q Voice channel join: ŊǞŦƖǾŊ#2231 (id 228827076684152832)
2018-04-28 11:35:45 #DUO-Q Voice channel join: E.N.D#4372 (id 350962400767508480)
2018-04-28 11:42:04 #DUO-Q Voice channel join: Gallahaan#0821 (id 267965742178238465), moved from SOLO-Q-SERIOUS
2018-04-28 11:42:08 #DUO-Q Voice channel leave: Gallahaan#0821 (id 267965742178238465)
2018-04-28 11:45:20 #DUO-Q Voice channel join: Gallahaan#0821 (id 267965742178238465)
2018-04-28 11:45:24 #DUO-Q Voice channel join: FantasticSlime#9468 (id 258563520319193088)
2018-04-28 11:46:39 #DUO-Q Voice channel leave: Gallahaan#0821 (id 267965742178238465) moving to DT_Scrims
2018-04-28 11:46:43 #DUO-Q Voice channel leave: FantasticSlime#9468 (id 258563520319193088) moving to DT_Scrims
2018-04-28 11:47:22 #DUO-Q Voice channel join: paulyoungck#6055 (id 289741651889356802)
2018-04-28 11:47:50 #DUO-Q Voice channel join: Gallahaan#0821 (id 267965742178238465), moved from DT_Scrims
2018-04-28 11:48:08 #DUO-Q Voice channel leave: Gallahaan#0821 (id 267965742178238465) moving to DT_Scrims
2018-04-28 11:48:23 #DUO-Q Voice channel join: Gallahaan#0821 (id 267965742178238465), moved from DT_Scrims
2018-04-28 11:48:37 #DUO-Q Voice channel leave: Gallahaan#0821 (id 267965742178238465) moving to DT_Scrims
2018-04-28 11:49:18 #DUO-Q Voice channel leave: E.N.D#4372 (id 350962400767508480)
2018-04-28 11:49:39 #DUO-Q Voice channel join: Gallahaan#0821 (id 267965742178238465), moved from DT_Scrims
2018-04-28 11:49:44 #DUO-Q Voice channel leave: Gallahaan#0821 (id 267965742178238465) moving to DT_Scrims
2018-04-28 11:49:48 #DUO-Q Voice channel join: Gallahaan#0821 (id 267965742178238465), moved from DT_Scrims
2018-04-28 11:49:58 #DUO-Q Voice channel leave: Gallahaan#0821 (id 267965742178238465) moving to DT_Scrims
2018-04-28 11:50:20 #DUO-Q Voice channel join: Gallahaan#0821 (id 267965742178238465), moved from DT_Scrims
2018-04-28 11:50:26 #DUO-Q Voice channel join: FantasticSlime#9468 (id 258563520319193088), moved from DT_Scrims
2018-04-28 11:50:38 #DUO-Q Voice channel leave: Gallahaan#0821 (id 267965742178238465) moving to afk-channel
2018-04-28 11:50:47 #DUO-Q Voice channel join: Gallahaan#0821 (id 267965742178238465), moved from afk-channel
2018-04-28 11:51:20 #DUO-Q Voice channel leave: Gallahaan#0821 (id 267965742178238465) moving to afk-channel
2018-04-28 11:51:24 #DUO-Q Voice channel join: Gallahaan#0821 (id 267965742178238465), moved from afk-channel
2018-04-28 11:52:50 #DUO-Q Voice channel join: sift27#6826 (id 188869960871706624)
2018-04-28 12:01:50 #DUO-Q Voice channel leave: FantasticSlime#9468 (id 258563520319193088)
2018-04-28 12:03:23 #DUO-Q Voice channel leave: Gallahaan#0821 (id 267965742178238465) moving to SQUAD-Q
2018-04-28 12:03:26 #DUO-Q Voice channel leave: paulyoungck#6055 (id 289741651889356802) moving to SQUAD-Q
2018-04-28 12:03:30 #DUO-Q Voice channel leave: ŊǞŦƖǾŊ#2231 (id 228827076684152832) moving to SQUAD-Q-SERIOUS
2018-04-28 12:03:35 #DUO-Q Voice channel leave: sift27#6826 (id 188869960871706624) moving to SQUAD-Q-SERIOUS
2018-04-28 13:12:27 #DUO-Q Voice channel join: FantasticSlime#9468 (id 258563520319193088), moved from SQUAD-Q
2018-04-28 13:13:38 #DUO-Q Voice channel leave: FantasticSlime#9468 (id 258563520319193088)
2018-04-28 13:26:04 #DUO-Q Voice channel join: Wolferz#5978 (id 252395571762036736)
2018-04-28 13:26:06 #DUO-Q Voice channel leave: Wolferz#5978 (id 252395571762036736) moving to DT_Scrims
2018-04-28 15:39:46 #DUO-Q Voice channel join: Puffle Fluff#3330 (id 320189388942344195), moved from Battle bus comms
2018-04-28 15:39:47 #DUO-Q Voice channel join: Kong Zi Hao#9836 (id 346298139357085698), moved from Battle bus comms
2018-04-28 16:56:10 #DUO-Q Voice channel leave: Kong Zi Hao#9836 (id 346298139357085698)
2018-04-28 16:56:34 #DUO-Q Voice channel join: Kong Zi Hao#9836 (id 346298139357085698)
2018-04-28 17:18:24 #DUO-Q Voice channel leave: Kong Zi Hao#9836 (id 346298139357085698)
2018-04-28 17:18:27 #DUO-Q Voice channel leave: Puffle Fluff#3330 (id 320189388942344195)
2018-04-30 10:47:29 #DUO-Q Voice channel join: Kong Zi Hao#9836 (id 346298139357085698)
2018-04-30 10:47:29 #DUO-Q Voice channel join: Plasma#3570 (id 316824987208253450), flags: self_mute
2018-04-30 10:47:34 #DUO-Q Server self-unmute: Plasma#3570 (id 316824987208253450)
2018-04-30 10:47:35 #DUO-Q Voice channel join: sift27#6826 (id 188869960871706624)
2018-04-30 10:47:38 #DUO-Q Voice channel leave: sift27#6826 (id 188869960871706624)
2018-04-30 10:47:47 #DUO-Q Voice channel join: sift27#6826 (id 188869960871706624)
2018-04-30 10:48:36 #DUO-Q Voice channel leave: sift27#6826 (id 188869960871706624)
2018-04-30 10:49:08 #DUO-Q Voice channel leave: Plasma#3570 (id 316824987208253450)
2018-04-30 10:49:14 #DUO-Q Voice channel leave: Kong Zi Hao#9836 (id 346298139357085698)
2018-04-30 10:52:33 #DUO-Q Voice channel join: Kong Zi Hao#9836 (id 346298139357085698)
2018-04-30 11:14:01 #DUO-Q Voice channel leave: Kong Zi Hao#9836 (id 346298139357085698)
2018-04-30 13:26:32 #DUO-Q Voice channel join: Adam Azmi#8033 (id 302684358769115138), moved from SQUAD-Q
2018-04-30 13:26:40 #DUO-Q Voice channel leave: Adam Azmi#8033 (id 302684358769115138) moving to SQUAD-Q
2018-05-01 09:35:25 #DUO-Q Voice channel join: Allie | Salut!!!!!#4808 (id 306065740597821441)
2018-05-01 09:35:58 #DUO-Q Voice channel leave: Allie | Salut!!!!!#4808 (id 306065740597821441) moving to SOLO-Q
2018-05-01 09:36:03 #DUO-Q Voice channel join: Allie | Salut!!!!!#4808 (id 306065740597821441), moved from SOLO-Q
2018-05-01 09:36:04 #DUO-Q Voice channel leave: Allie | Salut!!!!!#4808 (id 306065740597821441) moving to SOLO-Q
2018-05-01 10:12:57 #DUO-Q Voice channel join: Grim7752#2169 (id 197661715423297536)
2018-05-01 10:12:59 #DUO-Q Voice channel join: sift27#6826 (id 188869960871706624)
2018-05-01 10:26:29 #DUO-Q Voice channel join: ŊǞŦƖǾŊ#2231 (id 228827076684152832)
2018-05-01 10:28:47 #DUO-Q Voice channel leave: ŊǞŦƖǾŊ#2231 (id 228827076684152832)
2018-05-01 10:36:34 #DUO-Q Voice channel join: Kong Zi Hao#9836 (id 346298139357085698)
2018-05-01 11:00:32 #DUO-Q Voice channel leave: sift27#6826 (id 188869960871706624)
2018-05-01 11:06:32 #DUO-Q Server self-mute: Kong Zi Hao#9836 (id 346298139357085698)
2018-05-01 11:06:36 #DUO-Q Server self-unmute: Kong Zi Hao#9836 (id 346298139357085698)
2018-05-01 11:06:40 #DUO-Q Server self-mute: Kong Zi Hao#9836 (id 346298139357085698)
2018-05-01 11:06:58 #DUO-Q Server self-unmute: Kong Zi Hao#9836 (id 346298139357085698)
2018-05-01 11:11:51 #DUO-Q Server self-mute: Kong Zi Hao#9836 (id 346298139357085698)
2018-05-01 11:12:04 #DUO-Q Server self-unmute: Kong Zi Hao#9836 (id 346298139357085698)
2018-05-01 11:15:24 #DUO-Q Voice channel join: sift27#6826 (id 188869960871706624)
2018-05-01 11:25:29 #DUO-Q Voice channel leave: Kong Zi Hao#9836 (id 346298139357085698) moving to SQUAD-Q
2018-05-01 11:25:32 #DUO-Q Voice channel join: Kong Zi Hao#9836 (id 346298139357085698), moved from SQUAD-Q
2018-05-01 11:25:35 #DUO-Q Server self-mute: Grim7752#2169 (id 197661715423297536)
2018-05-01 11:33:09 #DUO-Q Voice channel leave: sift27#6826 (id 188869960871706624)
2018-05-01 11:34:04 #DUO-Q Server self-unmute: Grim7752#2169 (id 197661715423297536)
2018-05-01 11:39:22 #DUO-Q Server self-mute: Kong Zi Hao#9836 (id 346298139357085698)
2018-05-01 11:39:45 #DUO-Q Server self-unmute: Kong Zi Hao#9836 (id 346298139357085698)
2018-05-01 11:40:31 #DUO-Q Voice channel join: Puffle Fluff#3330 (id 320189388942344195)
2018-05-01 11:40:39 #DUO-Q Voice channel leave: Puffle Fluff#3330 (id 320189388942344195)
2018-05-01 11:40:57 #DUO-Q Voice channel join: AngelGabX#6294 (id 426064655593635840), moved from SQUAD-Q
2018-05-01 11:41:01 #DUO-Q Voice channel join: Puffle Fluff#3330 (id 320189388942344195), flags: self_mute
2018-05-01 11:41:08 #DUO-Q Voice channel join: Adam Azmi#8033 (id 302684358769115138), moved from SQUAD-Q
2018-05-01 11:41:22 #DUO-Q Voice channel leave: Puffle Fluff#3330 (id 320189388942344195)
2018-05-01 11:41:37 #DUO-Q Voice channel join: Puffle Fluff#3330 (id 320189388942344195)
2018-05-01 11:41:37 #DUO-Q Server self-unmute: Puffle Fluff#3330 (id 320189388942344195)
2018-05-01 11:41:45 #DUO-Q Server self-unmute: Puffle Fluff#3330 (id 320189388942344195)
2018-05-01 11:42:26 #DUO-Q Voice channel leave: Puffle Fluff#3330 (id 320189388942344195)
2018-05-01 11:46:57 #DUO-Q Voice channel join: Puffle Fluff#3330 (id 320189388942344195)
2018-05-01 11:46:58 #DUO-Q Voice channel leave: Puffle Fluff#3330 (id 320189388942344195)
2018-05-01 11:57:31 #DUO-Q Voice channel leave: Adam Azmi#8033 (id 302684358769115138) moving to DT_Scrims
2018-05-01 12:04:33 #DUO-Q Server self-mute: Kong Zi Hao#9836 (id 346298139357085698)
2018-05-01 12:04:51 #DUO-Q Server self-unmute: Kong Zi Hao#9836 (id 346298139357085698)
2018-05-01 12:05:28 #DUO-Q Voice channel join: sift27#6826 (id 188869960871706624)
2018-05-01 12:07:14 #DUO-Q Voice channel join: Adam Azmi#8033 (id 302684358769115138), moved from DT_Scrims
2018-05-01 12:12:47 #DUO-Q Voice channel join: Grim7752#2169 (id 197661715423297536)
2018-05-01 12:21:28 #DUO-Q Voice channel leave: Adam Azmi#8033 (id 302684358769115138)
2018-05-01 12:33:20 #DUO-Q Voice channel leave: Grim7752#2169 (id 197661715423297536)
2018-05-01 12:51:19 #DUO-Q Server self-mute: AngelGabX#6294 (id 426064655593635840)
2018-05-01 12:53:23 #DUO-Q Server self-unmute: AngelGabX#6294 (id 426064655593635840)
2018-05-01 13:06:06 #DUO-Q Voice channel join: Wolferz#5978 (id 252395571762036736)
2018-05-01 13:08:24 #DUO-Q Voice channel leave: Wolferz#5978 (id 252395571762036736)
2018-05-01 13:17:34 #DUO-Q Voice channel join: Grim7752#2169 (id 197661715423297536)
2018-05-01 13:17:36 #DUO-Q Voice channel join: Puffle Fluff#3330 (id 320189388942344195)
2018-05-01 13:17:41 #DUO-Q Voice channel leave: Puffle Fluff#3330 (id 320189388942344195)
2018-05-01 13:56:32 #DUO-Q Voice channel leave: BOII#0108 (id 271875178617765889) moving to SOLO-Q-SERIOUS
2018-05-01 13:56:36 #DUO-Q Voice channel join: BOII#0108 (id 271875178617765889), moved from SOLO-Q-SERIOUS
2018-05-01 13:57:40 #DUO-Q Voice channel leave: BOII#0108 (id 271875178617765889)
2018-05-01 14:09:32 #DUO-Q Voice channel leave: sift27#6826 (id 188869960871706624) moving to DUO-Q-SERIOUS
2018-05-01 14:09:36 #DUO-Q Voice channel leave: Grim7752#2169 (id 197661715423297536) moving to SOLO-Q-SERIOUS
2018-05-01 14:09:40 #DUO-Q Voice channel leave: AngelGabX#6294 (id 426064655593635840) moving to DUO-Q-SERIOUS
2018-05-01 14:09:46 #DUO-Q Voice channel join: AngelGabX#6294 (id 426064655593635840), moved from DUO-Q-SERIOUS
2018-05-01 14:10:15 #DUO-Q Voice channel join: Adam Azmi#8033 (id 302684358769115138)
2018-05-01 14:13:52 #DUO-Q Voice channel leave: Adam Azmi#8033 (id 302684358769115138)
2018-05-01 15:00:43 #DUO-Q Voice channel join: Grim7752#2169 (id 197661715423297536)
2018-05-01 15:02:41 #DUO-Q Voice channel leave: Grim7752#2169 (id 197661715423297536)
2018-05-01 15:03:17 #DUO-Q Voice channel join: Grim7752#2169 (id 197661715423297536)
2018-05-01 15:07:18 #DUO-Q Voice channel join: FantasticSlime#9468 (id 258563520319193088)
2018-05-01 15:08:51 #DUO-Q Voice channel leave: FantasticSlime#9468 (id 258563520319193088)
2018-05-01 15:09:10 #DUO-Q Voice channel join: Allie | Salut!!!!!#4808 (id 306065740597821441), moved from DUO-Q-SERIOUS
2018-05-01 15:14:24 #DUO-Q Voice channel leave: Allie | Salut!!!!!#4808 (id 306065740597821441) moving to afk-channel
2018-05-01 15:14:59 #DUO-Q Voice channel leave: AngelGabX#6294 (id 426064655593635840)
2018-05-01 15:15:03 #DUO-Q Voice channel join: AngelGabX#6294 (id 426064655593635840)
2018-05-01 15:21:12 #DUO-Q Voice channel leave: AngelGabX#6294 (id 426064655593635840)
2018-05-01 15:58:30 #DUO-Q Server self-mute: Kong Zi Hao#9836 (id 346298139357085698)
2018-05-01 16:02:52 #DUO-Q Voice channel join: Allie | Salut!!!!!#4808 (id 306065740597821441), moved from SOLO-Q-SERIOUS
2018-05-01 16:03:03 #DUO-Q Server self-unmute: Kong Zi Hao#9836 (id 346298139357085698)
2018-05-01 16:57:49 #DUO-Q Voice channel leave: Allie | Salut!!!!!#4808 (id 306065740597821441)
2018-05-01 16:58:47 #DUO-Q Voice channel leave: Kong Zi Hao#9836 (id 346298139357085698)
2018-05-01 17:15:32 #DUO-Q Voice channel leave: Grim7752#2169 (id 197661715423297536)
2018-05-02 06:39:29 #DUO-Q Voice channel join: Allie | Salut!!!!!#4808 (id 306065740597821441)
2018-05-02 06:41:04 #DUO-Q Voice channel join: E.N.D#4372 (id 350962400767508480)
2018-05-02 07:17:02 #DUO-Q Voice channel leave: E.N.D#4372 (id 350962400767508480)
2018-05-02 07:17:03 #DUO-Q Voice channel leave: Allie | Salut!!!!!#4808 (id 306065740597821441)
2018-05-02 11:25:36 #DUO-Q Voice channel join: Allie | Salut!!!!!#4808 (id 306065740597821441), moved from SOLO-Q
2018-05-02 11:25:46 #DUO-Q Voice channel join: E.N.D#4372 (id 350962400767508480)
2018-05-02 11:45:17 #DUO-Q Voice channel leave: E.N.D#4372 (id 350962400767508480)
2018-05-02 11:45:20 #DUO-Q Voice channel leave: Allie | Salut!!!!!#4808 (id 306065740597821441)
2018-05-02 11:46:12 #DUO-Q Voice channel join: Allie | Salut!!!!!#4808 (id 306065740597821441)
2018-05-02 11:50:00 #DUO-Q Voice channel leave: Allie | Salut!!!!!#4808 (id 306065740597821441)
2018-05-02 12:16:44 #DUO-Q Voice channel join: sift27#6826 (id 188869960871706624), moved from SQUAD-Q
2018-05-02 12:16:49 #DUO-Q Voice channel leave: sift27#6826 (id 188869960871706624) moving to SQUAD-Q
2018-05-02 12:17:01 #DUO-Q Voice channel join: sift27#6826 (id 188869960871706624), moved from SQUAD-Q
2018-05-02 12:17:01 #DUO-Q Voice channel leave: sift27#6826 (id 188869960871706624) moving to SQUAD-Q
2018-05-02 12:17:01 #DUO-Q Voice channel join: FantasticSlime#9468 (id 258563520319193088), moved from SQUAD-Q
2018-05-02 12:17:01 #DUO-Q Voice channel join: sift27#6826 (id 188869960871706624), moved from SQUAD-Q
2018-05-02 12:29:21 #DUO-Q Voice channel join: Wolferz#5978 (id 252395571762036736)
2018-05-02 12:31:03 #DUO-Q Voice channel leave: Wolferz#5978 (id 252395571762036736)
2018-05-02 12:42:14 #DUO-Q Voice channel join: AngelGabX#6294 (id 426064655593635840)
2018-05-02 12:47:38 #DUO-Q Voice channel join: Broken#5473 (id 432884990657691651)
2018-05-02 12:49:30 #DUO-Q Server self-mute: Broken#5473 (id 432884990657691651)
2018-05-02 12:49:43 #DUO-Q Server self-unmute: Broken#5473 (id 432884990657691651)
2018-05-02 12:49:46 #DUO-Q Server self-mute: Broken#5473 (id 432884990657691651)
2018-05-02 12:49:46 #DUO-Q Server self-unmute: Broken#5473 (id 432884990657691651)
2018-05-02 12:49:47 #DUO-Q Server self-mute: Broken#5473 (id 432884990657691651)
2018-05-02 12:49:49 #DUO-Q Server self-deafen: Broken#5473 (id 432884990657691651)
2018-05-02 12:49:51 #DUO-Q Server self-unmute: Broken#5473 (id 432884990657691651)
2018-05-02 12:49:53 #DUO-Q Server self-undeafen: Broken#5473 (id 432884990657691651)
2018-05-02 12:50:32 #DUO-Q Server self-mute: AngelGabX#6294 (id 426064655593635840)
2018-05-02 12:51:31 #DUO-Q Server self-unmute: AngelGabX#6294 (id 426064655593635840)
2018-05-02 12:51:35 #DUO-Q Server self-mute: AngelGabX#6294 (id 426064655593635840)
2018-05-02 12:51:41 #DUO-Q Server self-unmute: AngelGabX#6294 (id 426064655593635840)
2018-05-02 12:51:44 #DUO-Q Server self-mute: AngelGabX#6294 (id 426064655593635840)
2018-05-02 12:51:49 #DUO-Q Server self-unmute: AngelGabX#6294 (id 426064655593635840)
2018-05-02 12:51:50 #DUO-Q Server self-mute: AngelGabX#6294 (id 426064655593635840)
2018-05-02 12:52:08 #DUO-Q Server self-unmute: AngelGabX#6294 (id 426064655593635840)
2018-05-02 12:59:11 #DUO-Q Server self-mute: AngelGabX#6294 (id 426064655593635840)
2018-05-02 13:00:03 #DUO-Q Server self-unmute: AngelGabX#6294 (id 426064655593635840)
2018-05-02 13:00:29 #DUO-Q Server self-mute: AngelGabX#6294 (id 426064655593635840)
2018-05-02 13:00:32 #DUO-Q Server self-unmute: AngelGabX#6294 (id 426064655593635840)
2018-05-02 13:00:32 #DUO-Q Server self-mute: AngelGabX#6294 (id 426064655593635840)
2018-05-02 13:00:45 #DUO-Q Server self-unmute: AngelGabX#6294 (id 426064655593635840)
2018-05-02 13:01:39 #DUO-Q Voice channel leave: sift27#6826 (id 188869960871706624)
2018-05-02 13:01:55 #DUO-Q Voice channel join: - Desu -#7702 (id 325723688806907906)
2018-05-02 13:01:55 #DUO-Q Server self-mute: - Desu -#7702 (id 325723688806907906)
2018-05-02 13:02:19 #DUO-Q Server self-unmute: - Desu -#7702 (id 325723688806907906)
2018-05-02 13:02:25 #DUO-Q Server self-mute: Broken#5473 (id 432884990657691651)
2018-05-02 13:02:29 #DUO-Q Server self-unmute: Broken#5473 (id 432884990657691651)
2018-05-02 13:02:30 #DUO-Q Server self-mute: Broken#5473 (id 432884990657691651)
2018-05-02 13:02:30 #DUO-Q Server self-unmute: Broken#5473 (id 432884990657691651)
2018-05-02 13:03:31 #DUO-Q Server self-mute: - Desu -#7702 (id 325723688806907906)
2018-05-02 13:03:33 #DUO-Q Server self-unmute: - Desu -#7702 (id 325723688806907906)
2018-05-02 13:27:03 #DUO-Q Voice channel leave: Broken#5473 (id 432884990657691651)
2018-05-02 13:27:06 #DUO-Q Voice channel join: Broken#5473 (id 432884990657691651)
2018-05-02 13:37:46 #DUO-Q Voice channel leave: FantasticSlime#9468 (id 258563520319193088) moving to SQUAD-Q
2018-05-02 13:37:47 #DUO-Q Voice channel leave: Broken#5473 (id 432884990657691651) moving to SQUAD-Q
2018-05-02 13:37:50 #DUO-Q Voice channel leave: AngelGabX#6294 (id 426064655593635840) moving to SQUAD-Q
2018-05-02 13:37:52 #DUO-Q Voice channel leave: - Desu -#7702 (id 325723688806907906) moving to SQUAD-Q
2018-05-02 14:42:15 #DUO-Q Voice channel join: Grim7752#2169 (id 197661715423297536)
2018-05-02 14:46:12 #DUO-Q Voice channel join: Kong Zi Hao#9836 (id 346298139357085698), flags: self_mute
2018-05-02 14:46:31 #DUO-Q Server self-unmute: Kong Zi Hao#9836 (id 346298139357085698)
2018-05-02 14:47:29 #DUO-Q Server self-mute: Kong Zi Hao#9836 (id 346298139357085698)
2018-05-02 14:48:39 #DUO-Q Server self-unmute: Kong Zi Hao#9836 (id 346298139357085698)
2018-05-02 15:08:00 #DUO-Q Voice channel join: sift27#6826 (id 188869960871706624)
2018-05-02 15:11:33 #DUO-Q Voice channel join: TenaByTamRaz3#3243 (id 269399173529337856)
2018-05-02 15:12:08 #DUO-Q Voice channel join: xHackinq#4757 (id 346660585137504256)
2018-05-02 15:12:31 #DUO-Q Voice channel leave: xHackinq#4757 (id 346660585137504256)
2018-05-02 15:12:45 #DUO-Q Voice channel join: AngelGabX#6294 (id 426064655593635840), moved from SQUAD-Q
2018-05-02 15:13:38 #DUO-Q Server self-mute: AngelGabX#6294 (id 426064655593635840)
2018-05-02 15:13:41 #DUO-Q Voice channel join: Broken#5473 (id 432884990657691651), moved from SQUAD-Q, flags: self_mute
2018-05-02 15:13:53 #DUO-Q Server self-unmute: Broken#5473 (id 432884990657691651)
2018-05-02 15:13:55 #DUO-Q Server self-mute: Broken#5473 (id 432884990657691651)
2018-05-02 15:14:00 #DUO-Q Voice channel leave: Broken#5473 (id 432884990657691651)
2018-05-02 15:17:46 #DUO-Q Voice channel join: ThatOneNoSkinBoi#5473 (id 432884990657691651), flags: self_mute
2018-05-02 15:25:10 #DUO-Q Voice channel leave: AngelGabX#6294 (id 426064655593635840)
2018-05-02 15:29:20 #DUO-Q Voice channel leave: TenaByTamRaz3#3243 (id 269399173529337856)
2018-05-02 15:30:58 #DUO-Q Voice channel leave: ThatOneNoSkinBoi#5473 (id 432884990657691651) moving to afk-channel
2018-05-02 15:46:18 #DUO-Q Voice channel leave: sift27#6826 (id 188869960871706624)
2018-05-02 16:00:10 #DUO-Q Voice channel join: Dyno#3861 (id 155149108183695360), moved from afk-channel, flags: mute
2018-05-02 16:00:16 #DUO-Q Voice channel leave: Dyno#3861 (id 155149108183695360)
2018-05-02 16:00:23 #DUO-Q Voice channel join: Synapse#0692 (id 435538622293344266), moved from afk-channel, flags: mute
2018-05-02 16:00:34 #DUO-Q Voice channel leave: Synapse#0692 (id 435538622293344266) moving to afk-channel
2018-05-02 16:58:24 #DUO-Q Voice channel join: TenaByTamRaz3#3243 (id 269399173529337856)
2018-05-02 16:58:53 #DUO-Q Server self-deafen: TenaByTamRaz3#3243 (id 269399173529337856)
2018-05-02 16:58:53 #DUO-Q Server self-mute: TenaByTamRaz3#3243 (id 269399173529337856)
2018-05-02 17:15:38 #DUO-Q Server self-undeafen: TenaByTamRaz3#3243 (id 269399173529337856)
2018-05-02 17:15:38 #DUO-Q Server self-unmute: TenaByTamRaz3#3243 (id 269399173529337856)
2018-05-02 17:51:52 #DUO-Q Voice channel join: Grim7752#2169 (id 197661715423297536)
2018-05-02 18:01:45 #DUO-Q Server self-mute: Kong Zi Hao#9836 (id 346298139357085698)
2018-05-02 18:02:08 #DUO-Q Server self-unmute: Kong Zi Hao#9836 (id 346298139357085698)
2018-05-02 18:13:53 #DUO-Q Voice channel leave: TenaByTamRaz3#3243 (id 269399173529337856)
2018-05-02 20:06:05 #DUO-Q Voice channel leave: Grim7752#2169 (id 197661715423297536)
2018-05-02 20:06:06 #DUO-Q Voice channel leave: Kong Zi Hao#9836 (id 346298139357085698)
2018-05-03 07:55:53 #DUO-Q Voice channel join: ThatOneNoSkinBoi#5473 (id 432884990657691651), moved from SQUAD-Q
2018-05-03 07:56:35 #DUO-Q Voice channel leave: ThatOneNoSkinBoi#5473 (id 432884990657691651)
