2018-04-26 15:29:10 #SOLO-Q Voice channel join: FlαмѕGαѕMαѕĸ#4808 (id 306065740597821441)
2018-04-26 15:45:42 #SOLO-Q Voice channel leave: FlαмѕGαѕMαѕĸ#4808 (id 306065740597821441)
2018-04-26 16:48:38 #SOLO-Q Voice channel join: Grim7752#2169 (id 197661715423297536), moved from DUO-Q
2018-04-26 16:48:40 #SOLO-Q Voice channel leave: Grim7752#2169 (id 197661715423297536) moving to SOLO-Q-SERIOUS
2018-04-27 01:51:11 #SOLO-Q Voice channel join: sift27#6826 (id 188869960871706624)
2018-04-27 01:51:15 #SOLO-Q Server self-mute: sift27#6826 (id 188869960871706624)
2018-04-27 01:53:27 #SOLO-Q Voice channel leave: sift27#6826 (id 188869960871706624)
2018-04-27 13:04:47 #SOLO-Q Voice channel join: Kong Zi Hao#9836 (id 346298139357085698)
2018-04-27 13:04:47 #SOLO-Q Voice channel leave: Kong Zi Hao#9836 (id 346298139357085698) moving to SOLO-Q-SERIOUS
2018-04-27 15:38:17 #SOLO-Q Voice channel join: Grim7752#2169 (id 197661715423297536)
2018-04-27 15:38:32 #SOLO-Q Voice channel join: BOII#0108 (id 271875178617765889)
2018-04-27 15:57:00 #SOLO-Q Voice channel leave: BOII#0108 (id 271875178617765889) moving to Battle bus comms
2018-04-27 15:57:04 #SOLO-Q Voice channel join: BOII#0108 (id 271875178617765889)
2018-04-27 15:58:02 #SOLO-Q Voice channel leave: BOII#0108 (id 271875178617765889)
2018-04-27 15:59:52 #SOLO-Q Voice channel join: sushi48#9573 (id 295232188004302848)
2018-04-27 16:01:30 #SOLO-Q Voice channel leave: sushi48#9573 (id 295232188004302848)
2018-04-27 16:31:22 #SOLO-Q Voice channel leave: Grim7752#2169 (id 197661715423297536) moving to DUO-Q
2018-04-28 17:45:58 #SOLO-Q Voice channel join: Grim7752#2169 (id 197661715423297536)
2018-04-28 17:46:15 #SOLO-Q Voice channel leave: Grim7752#2169 (id 197661715423297536)
2018-04-30 14:14:49 #SOLO-Q Voice channel join: Grim7752#2169 (id 197661715423297536), moved from SQUAD-Q, flags: self_mute
2018-04-30 14:15:20 #SOLO-Q Server self-unmute: Grim7752#2169 (id 197661715423297536)
2018-04-30 14:35:20 #SOLO-Q Voice channel leave: Grim7752#2169 (id 197661715423297536) moving to SQUAD-Q
2018-05-01 09:35:58 #SOLO-Q Voice channel join: Allie | Salut!!!!!#4808 (id 306065740597821441), moved from DUO-Q
2018-05-01 09:36:03 #SOLO-Q Voice channel leave: Allie | Salut!!!!!#4808 (id 306065740597821441) moving to DUO-Q
2018-05-01 09:36:04 #SOLO-Q Voice channel join: Allie | Salut!!!!!#4808 (id 306065740597821441), moved from DUO-Q
2018-05-01 10:05:09 #SOLO-Q Voice channel join: sift27#6826 (id 188869960871706624)
2018-05-01 10:05:17 #SOLO-Q Voice channel leave: sift27#6826 (id 188869960871706624)
2018-05-01 10:35:00 #SOLO-Q Voice channel leave: Allie | Salut!!!!!#4808 (id 306065740597821441)
2018-05-01 14:43:48 #SOLO-Q Voice channel join: Allie | Salut!!!!!#4808 (id 306065740597821441)
2018-05-01 14:43:50 #SOLO-Q Voice channel leave: Allie | Salut!!!!!#4808 (id 306065740597821441) moving to DUO-Q-SERIOUS
2018-05-02 11:17:01 #SOLO-Q Voice channel join: Allie | Salut!!!!!#4808 (id 306065740597821441)
2018-05-02 11:20:54 #SOLO-Q Voice channel join: paulyoungck#6055 (id 289741651889356802)
2018-05-02 11:20:57 #SOLO-Q Voice channel leave: paulyoungck#6055 (id 289741651889356802)
2018-05-02 11:25:36 #SOLO-Q Voice channel leave: Allie | Salut!!!!!#4808 (id 306065740597821441) moving to DUO-Q
2018-05-02 13:36:34 #SOLO-Q Voice channel join: Allie | Salut!!!!!#4808 (id 306065740597821441), flags: self_mute
2018-05-02 14:51:55 #SOLO-Q Voice channel leave: Allie | Salut!!!!!#4808 (id 306065740597821441)
2018-05-03 07:53:20 #SOLO-Q Voice channel join: Allie | Ski#4808 (id 306065740597821441), flags: self_mute
2018-05-03 07:53:49 #SOLO-Q Voice channel leave: Allie | Ski#4808 (id 306065740597821441) moving to SQUAD-Q
