2018-04-21 23:19:26 #non-encrypted @pxoss#0001: austissmmmm reeeeeeeeeeee
2018-04-23 17:01:30 #non-encrypted @pxoss#0001: @ethan kid kyle leeche
2018-04-23 18:07:07 #non-encrypted @pxoss#0001: @help
2018-04-23 18:07:10 #non-encrypted @pxoss#0001: !help
2018-04-23 18:07:11 #non-encrypted @MEE6#4876: 
2018-04-23 18:07:12 #non-encrypted @MEE6#4876 edited message from 2018-04-23 18:07:11 () to read: 
2018-04-23 18:07:11 #non-encrypted @MEE6#4876: 
2018-04-23 18:07:12 #non-encrypted @MEE6#4876 edited message from 2018-04-23 18:07:11 () to read: 
2018-04-23 18:07:12 #non-encrypted @Synapse#0692: Check your DM, @owner man! I have sent something for you :wink:
2018-04-23 18:07:12 #non-encrypted @MEE6#4876: 
2018-04-23 18:07:12 #non-encrypted @MEE6#4876 edited message from 2018-04-23 18:07:12 () to read: 
2018-04-23 18:07:13 #non-encrypted @pxoss#0001: ?help
2018-04-23 18:07:17 #non-encrypted @pxoss#0001: ~help
2018-04-23 18:08:04 #non-encrypted @pxoss#0001: ?purge 3
2018-04-23 18:08:04 #non-encrypted @pxoss#0001 deleted message from 2018-04-23 18:08:04 (?purge 3)
2018-04-23 18:08:04 #non-encrypted @MEE6#4876 deleted message from 2018-04-23 18:07:12 ()
2018-04-23 18:08:04 #non-encrypted @pxoss#0001 deleted message from 2018-04-23 18:07:13 (?help)
2018-04-23 18:08:04 #non-encrypted @pxoss#0001 deleted message from 2018-04-23 18:07:17 (~help)
2018-04-23 18:08:06 #non-encrypted @pxoss#0001: ?purge 3
2018-04-23 18:08:06 #non-encrypted @pxoss#0001 deleted message from 2018-04-23 18:08:06 (?purge 3)
2018-04-23 18:08:08 #non-encrypted @MEE6#4876 deleted message from 2018-04-23 18:07:11 ()
2018-04-23 18:08:08 #non-encrypted @MEE6#4876 deleted message from 2018-04-23 18:07:11 ()
2018-04-23 18:08:08 #non-encrypted @Synapse#0692 deleted message from 2018-04-23 18:07:12 (Check your DM, @owner man! I have sent something for you :wink:)
2018-04-23 18:09:12 #non-encrypted @Ethan#7268: There ain't no doubt
2018-04-23 18:09:30 #non-encrypted @pxoss#0001: i love this land
2018-04-23 18:09:50 #non-encrypted @Ethan#7268: God bless
2018-04-23 18:11:16 #non-encrypted @pxoss#0001: NET NUTRALITY
2018-04-23 18:11:33 #non-encrypted @Ethan#7268: Nut???
2018-04-23 18:37:48 #non-encrypted @IceBlade#0912: go to this link for easy answers http://www.washougal.k12.wa.us/teacher/scott.boothby/Ch%209%20Sec.%201%20Jefferson%20Takes%20Office.pdf
2018-04-23 18:42:01 #non-encrypted @pxoss#0001: good job gabe
2018-04-23 18:42:11 #non-encrypted @pxoss#0001: you got a promotion now!
2018-04-23 18:43:13 #non-encrypted @IceBlade#0912 edited message from 2018-04-23 18:37:48 (go to this link for easy answers http://www.washougal.k12.wa.us/teacher/scott.boothby/Ch%209%20Sec.%201%20Jefferson%20Takes%20Office.pdf) to read: go to this link for easy answers http://www.washougal.k12.wa.us/teacher/scott.boothby/Ch%209%20Sec.%201%20Jefferson%20Takes%20Office.pdf
2018-04-23 18:43:13 #non-encrypted @pxoss#0001: 
2018-04-23 18:43:26 #non-encrypted @pxoss#0001 deleted message from 2018-04-23 18:43:13 ()
2018-04-23 20:01:14 #non-encrypted @Ethan#7268: STREAMING
2018-04-23 20:01:42 #non-encrypted @pxoss#0001: GOOD
2018-04-23 20:01:46 #non-encrypted @pxoss#0001: link
2018-04-23 20:04:00 #non-encrypted @Ethan#7268: YOU FOLLOW ME
2018-04-24 18:29:13 #non-encrypted @pxoss#0001: https://lichess.org/fEVXRl0k
2018-04-24 18:29:14 #non-encrypted @pxoss#0001 edited message from 2018-04-24 18:29:13 (https://lichess.org/fEVXRl0k) to read: https://lichess.org/fEVXRl0k
2018-04-25 16:57:50 #non-encrypted @Shary#0000: https://www.google.com/search?q=nice+try&rlz=1CAACAG_enUS667US668&oq=nice+try&aqs=chrome..69i57.1134j0j7&sourceid=chrome&ie=UTF-8&safe=active&ssui=on
2018-04-25 19:44:55 #non-encrypted @Ethan#7268: I downloaded with affilitate
2018-04-25 19:45:00 #non-encrypted @pxoss#0001: ok
2018-04-25 19:45:09 #non-encrypted @Ethan#7268: Antivirus blocked install
2018-04-25 19:45:12 #non-encrypted @pxoss#0001: lol
2018-04-25 19:45:16 #non-encrypted @pxoss#0001: unblock it
2018-04-25 19:45:34 #non-encrypted @pxoss#0001: i gotta update  my fucking compuetr
2018-04-25 19:45:40 #non-encrypted @Ethan#7268: WAIT
2018-04-25 19:45:41 #non-encrypted @Ethan#7268:  (attachment url(s): https://cdn.discordapp.com/attachments/413781343650971650/438787706919583762/unknown.png)
2018-04-25 19:48:55 #non-encrypted @pxoss#0001: what
2018-04-25 19:49:07 #non-encrypted @pxoss#0001: dumbo its the fucking miner
2018-04-25 19:49:21 #non-encrypted @pxoss#0001: https://i.imgur.com/SsRcK50.png
2018-04-25 19:49:22 #non-encrypted @pxoss#0001 edited message from 2018-04-25 19:49:21 (https://i.imgur.com/SsRcK50.png) to read: https://i.imgur.com/SsRcK50.png
2018-04-25 19:49:51 #non-encrypted @Ethan#7268: NICE VIRUS
2018-04-25 19:50:21 #non-encrypted @pxoss#0001: what
2018-04-25 19:50:37 #non-encrypted @pxoss#0001: dumbass its miner
2018-04-25 19:50:54 #non-encrypted @pxoss#0001: run niecehash and its gonna be the same
2018-04-25 19:54:57 #non-encrypted @Ethan#7268: Still blocking wtf
2018-04-25 19:58:51 #non-encrypted @Ethan#7268: I TURN EVERYTHING OFF AND STILL WONT DOWNLOAD
2018-04-25 19:59:37 #non-encrypted @pxoss#0001: OH YEA BITDEFENDER YOU CANT PUT TO WHITLIST
2018-04-25 20:01:30 #non-encrypted @Ethan#7268: what do i do
2018-04-25 20:06:13 #non-encrypted @pxoss#0001: idk
2018-04-26 13:08:41 #non-encrypted @Ethan#7268: Bitdefender\n\n1. Go to Start and type in %localappdata% and hit ENTER\n\n2. Open Shortest Miner folder\n\n3. Click the address bar and copy the full path with Ctrl+C or right click and Copy\n\n4. Open Bitdefender\n\n5. Go to Settings -> Exclusions -> Add Exclusion\n\n6. Click on Add Folder and paste the full path from step 3 with Ctrl+V or right click Paste and click Add\n\n8. Please restart your PC and you're good to go!
2018-04-26 17:36:57 #non-encrypted @Shary#0000: https://tr.im/a/
2018-04-26 19:29:26 #non-encrypted @Ethan#7268: Do you need to put your zip code and stuff like that or no
2018-04-26 19:32:24 #non-encrypted @Ethan#7268: I put random
2018-04-26 20:09:44 #non-encrypted @pxoss#0001: you need it real or else the paypal wont go through
2018-04-26 20:13:59 #non-encrypted @Ethan#7268: Ok its real
2018-04-27 00:07:08 #non-encrypted @Ethan#7268: How you know its not a vius
2018-04-27 00:07:17 #non-encrypted @Ethan#7268: Virus I see a lot of comments it is
2018-04-27 01:25:17 #non-encrypted @pxoss#0001: where
2018-04-27 01:30:00 #non-encrypted @Ethan#7268: Shorte.st is known to be virus
2018-04-27 01:30:06 #non-encrypted @pxoss#0001: no its very reliable actually
2018-04-27 01:30:12 #non-encrypted @pxoss#0001: basicaly same as adfly
2018-04-27 01:30:25 #non-encrypted @pxoss#0001: but adfly has nsfw ads
2018-04-27 01:30:33 #non-encrypted @pxoss#0001: but shortest is just bad ads
2018-04-27 01:30:58 #non-encrypted @pxoss#0001: like "MUST UPDATE COMPUTER" or "DETCTECTED VIRUS! MUST DOWNLOAD ANTIVIRUS"
2018-04-27 19:18:25 #non-encrypted @pxoss#0001: @ethan kid yo (attachment url(s): https://cdn.discordapp.com/attachments/413781343650971650/439505618697453570/unknown.png)
2018-04-27 19:25:14 #non-encrypted @Ethan#7268: No
2018-04-27 19:26:42 #non-encrypted @pxoss#0001: @ethan kid here link for anitvirus
2018-04-27 19:26:43 #non-encrypted @pxoss#0001: https://shortest.zendesk.com/hc/en-us/articles/360001814434-Antivirus-blocks-the-Shorte-st-Miner-App
2018-04-27 19:26:44 #non-encrypted @pxoss#0001 edited message from 2018-04-27 19:26:43 (https://shortest.zendesk.com/hc/en-us/articles/360001814434-Antivirus-blocks-the-Shorte-st-Miner-App) to read: https://shortest.zendesk.com/hc/en-us/articles/360001814434-Antivirus-blocks-the-Shorte-st-Miner-App
2018-04-27 19:27:04 #non-encrypted @Ethan#7268: I deleted
2018-04-28 15:33:22 #non-encrypted @Ethan#7268: I made $4 now have $6.75 in paypal such rich
2018-04-28 15:43:08 #non-encrypted @pxoss#0001: from mineing?
2018-04-28 15:46:58 #non-encrypted @pxoss#0001: HOLY SHIT @ethan kid
2018-04-28 15:47:10 #non-encrypted @pxoss#0001: MR BEASTPLAYED A SONG FROM GOD THE USA
2018-04-28 15:47:11 #non-encrypted @pxoss#0001: https://youtu.be/zE3FLbpu9-Q?t=19m
2018-04-28 15:47:14 #non-encrypted @pxoss#0001 edited message from 2018-04-28 15:47:11 (https://youtu.be/zE3FLbpu9-Q?t=19m) to read: https://youtu.be/zE3FLbpu9-Q?t=19m
2018-04-28 15:47:13 #non-encrypted @pxoss#0001: JUST EATCH IT
2018-04-28 15:47:13 #non-encrypted @Ethan#7268:  (attachment url(s): https://cdn.discordapp.com/attachments/413781343650971650/439814858129539102/image.png)
2018-04-28 15:47:19 #non-encrypted @Ethan#7268: I saw that vid
2018-04-28 15:47:20 #non-encrypted @pxoss#0001: https://youtu.be/zE3FLbpu9-Q?t=19m
2018-04-28 15:47:20 #non-encrypted @pxoss#0001: https://youtu.be/zE3FLbpu9-Q?t=19m
2018-04-28 15:47:20 #non-encrypted @pxoss#0001: https://youtu.be/zE3FLbpu9-Q?t=19m
2018-04-28 15:47:22 #non-encrypted @pxoss#0001: WATCH UIT
2018-04-28 15:47:31 #non-encrypted @pxoss#0001: GOD BLESS THE USA
2018-04-28 15:47:36 #non-encrypted @pxoss#0001 deleted message from 2018-04-28 15:47:20 (https://youtu.be/zE3FLbpu9-Q?t=19m)
2018-04-28 15:47:38 #non-encrypted @pxoss#0001 deleted message from 2018-04-28 15:47:20 (https://youtu.be/zE3FLbpu9-Q?t=19m)
2018-04-28 15:49:01 #non-encrypted @pxoss#0001: CIclcikbait thumnail
2018-04-28 15:51:09 #non-encrypted @Ethan#7268: I already watched
2018-04-28 15:51:13 #non-encrypted @Ethan#7268:  (attachment url(s): https://cdn.discordapp.com/attachments/413781343650971650/439815864972345355/image.png)
2018-04-30 16:37:32 #non-encrypted @Ethan#7268: I will spoil Infinity War for you
2018-04-30 16:37:47 #non-encrypted @Ethan#7268: Batman dies
2018-04-30 16:44:16 #non-encrypted @Ethan#7268: Email: KurstDisciple@gmail.com\nPassword: netty1019
2018-04-30 16:44:17 #non-encrypted @Ethan#7268: Email: KurstDisciple@gmail.com\nPassword: netty1019
2018-04-30 16:44:17 #non-encrypted @Ethan#7268: Email: KurstDisciple@gmail.com\nPassword: netty1019
2018-04-30 16:44:17 #non-encrypted @Ethan#7268: Email: KurstDisciple@gmail.com\nPassword: netty1019
2018-04-30 16:45:59 #non-encrypted @pxoss#0001: https://discord.gg/qRDRjVD
2018-04-30 16:46:30 #non-encrypted @pxoss#0001: doesnt even work
2018-04-30 16:52:01 #non-encrypted @pxoss#0001: https://www.youtube.com/watch?v=oQwwG_BCWsc
2018-04-30 17:29:25 #non-encrypted @pxoss#0001: JUST WATCH IT GO IN
2018-04-30 17:29:36 #non-encrypted @pxoss#0001: MR BICKARD 4/30/18
2018-04-30 17:29:37 #non-encrypted @Ethan#7268: Stop
2018-04-30 17:29:41 #non-encrypted @pxoss#0001: NO U
2018-04-30 17:35:18 #non-encrypted @pxoss#0001: https://cdn.discordapp.com/emojis/439655421683302400.png?v=1
2018-04-30 17:46:31 #non-encrypted @pxoss#0001: click it for some money
2018-04-30 17:46:40 #non-encrypted @Ethan#7268: No
2018-04-30 17:46:47 #non-encrypted @Ethan#7268: You've already posted this I know what it is
2018-04-30 17:47:57 #non-encrypted @Ethan#7268: DON'T CLICK THE LINK GUYS
2018-04-30 17:47:59 #non-encrypted @Ethan#7268: IT IS A VIRUS
2018-04-30 17:48:01 #non-encrypted @Ethan#7268: DO NOT CLICK IT
2018-04-30 17:48:13 #non-encrypted @pxoss#0001: http://pxoss.000webhostapp.com/
2018-04-30 17:48:13 #non-encrypted @pxoss#0001: http://pxoss.000webhostapp.com/
2018-04-30 17:48:14 #non-encrypted @pxoss#0001: http://pxoss.000webhostapp.com/
2018-04-30 17:48:14 #non-encrypted @pxoss#0001: http://pxoss.000webhostapp.com/
2018-04-30 17:48:18 #non-encrypted @pxoss#0001: MINE FOR ME
2018-04-30 17:48:52 #non-encrypted @Ethan#7268: DON'T
2018-04-30 17:48:56 #non-encrypted @Ethan#7268: IT BARELY GIVES ANYTHING
2018-04-30 17:48:58 #non-encrypted @Ethan#7268: BUT YOU GET VIRUS
2018-04-30 17:52:12 #non-encrypted @pxoss#0001: ?purge 3
2018-04-30 17:52:12 #non-encrypted @pxoss#0001 deleted message from 2018-04-30 17:52:12 (?purge 3)
2018-04-30 17:52:18 #non-encrypted @pxoss#0001: ?warn @ethan kid calling me virus
2018-04-30 17:52:19 #non-encrypted @pxoss#0001 deleted message from 2018-04-30 17:52:18 (?warn @ethan kid calling me virus)
2018-04-30 17:52:19 #non-encrypted @Dyno#3861: <:dynoSuccess:314691591484866560> ***Ethan#7268 has been warned***
2018-04-30 17:52:21 #non-encrypted @pxoss#0001: ?purge 1
2018-04-30 17:52:22 #non-encrypted @Dyno#3861 deleted message from 2018-04-30 17:52:19 (<:dynoSuccess:314691591484866560> ***Ethan#7268 has been warned***)
2018-04-30 17:52:22 #non-encrypted @pxoss#0001 deleted message from 2018-04-30 17:52:21 (?purge 1)
2018-04-30 17:52:33 #non-encrypted @Ethan#7268: VIRUS
2018-04-30 17:52:39 #non-encrypted @Ethan#7268: DO NOT CLICK ON HIS LINK
2018-04-30 17:52:42 #non-encrypted @Ethan#7268: IT JUST MINES FOR HIM
2018-04-30 17:52:46 #non-encrypted @Ethan#7268: HE DOES NOT MAKE THAT MUCH THOUGH
2018-04-30 17:58:11 #non-encrypted @pxoss#0001: ?purge 5
2018-04-30 17:58:11 #non-encrypted @pxoss#0001 deleted message from 2018-04-30 17:58:11 (?purge 5)
2018-04-30 17:58:24 #non-encrypted @pxoss#0001: ?mute @ethan kid 10m calling me virus
2018-04-30 17:58:24 #non-encrypted @pxoss#0001 deleted message from 2018-04-30 17:58:24 (?mute @ethan kid 10m calling me virus)
2018-04-30 17:58:24 #non-encrypted @Dyno#3861: <:dynoSuccess:314691591484866560> ***Ethan#7268 was muted***
2018-04-30 17:59:51 #non-encrypted @pxoss#0001: ?mute 20m @ethan kid banning me on alt server
2018-04-30 17:59:51 #non-encrypted @Dyno#3861: <:dynoError:314691684455809024> I can't find user 20m.
2018-04-30 17:59:54 #non-encrypted @pxoss#0001: ?purge 2
2018-04-30 18:00:00 #non-encrypted @pxoss#0001 deleted message from 2018-04-30 17:59:51 (?mute 20m @ethan kid banning me on alt server)
2018-04-30 18:00:00 #non-encrypted @Dyno#3861 deleted message from 2018-04-30 17:59:51 (<:dynoError:314691684455809024> I can't find user 20m.)
2018-04-30 18:00:00 #non-encrypted @pxoss#0001 deleted message from 2018-04-30 17:59:54 (?purge 2)
2018-04-30 17:59:56 #non-encrypted @pxoss#0001: ?purge 1
2018-04-30 18:00:00 #non-encrypted @Dyno#3861 deleted message from 2018-04-30 17:58:24 (<:dynoSuccess:314691591484866560> ***Ethan#7268 was muted***)
2018-04-30 18:00:00 #non-encrypted @pxoss#0001 deleted message from 2018-04-30 17:59:56 (?purge 1)
2018-04-30 18:00:02 #non-encrypted @pxoss#0001: ?unmute @ethan kid
2018-04-30 18:00:03 #non-encrypted @Dyno#3861: <:dynoSuccess:314691591484866560> ***Ethan#7268 was unmuted***
2018-04-30 18:00:03 #non-encrypted @pxoss#0001 deleted message from 2018-04-30 18:00:02 (?unmute @ethan kid)
2018-04-30 18:00:04 #non-encrypted @pxoss#0001: ok
2018-04-30 18:00:07 #non-encrypted @pxoss#0001: gud n0w
2018-04-30 18:00:17 #non-encrypted @pxoss#0001: g00d b01
2018-04-30 18:27:45 #non-encrypted @Ethan#7268: <:xqcSmile:421824439450206210> <:xqcSmile2:427576884193132544>
2018-04-30 18:27:52 #non-encrypted @Ethan#7268: GOTEM YOU LOOKED HAHAHAH
2018-04-30 18:31:05 #non-encrypted @pxoss#0001: kek
2018-04-30 18:31:12 #non-encrypted @pxoss#0001: https://socialblade.com/youtube/compare/UCfbrSxJXV0Ww33nJBJkdIkw/UCIDYk_8G8YhnvRwDN4zWoGg/UCo4igyAwqfAYGNEw4fO6zJA
2018-04-30 18:31:13 #non-encrypted @pxoss#0001 edited message from 2018-04-30 18:31:12 (https://socialblade.com/youtube/compare/UCfbrSxJXV0Ww33nJBJkdIkw/UCIDYk_8G8YhnvRwDN4zWoGg/UCo4igyAwqfAYGNEw4fO6zJA) to read: https://socialblade.com/youtube/compare/UCfbrSxJXV0Ww33nJBJkdIkw/UCIDYk_8G8YhnvRwDN4zWoGg/UCo4igyAwqfAYGNEw4fO6zJA
2018-04-30 18:31:19 #non-encrypted @pxoss#0001: compare my channel to the 6 grader
2018-04-30 18:31:20 #non-encrypted @Ethan#7268: I HAVE DDR3 RAM
2018-04-30 18:31:24 #non-encrypted @Ethan#7268: nOBODY CARES
2018-04-30 18:32:44 #non-encrypted @pxoss#0001: LMAO
2018-04-30 18:33:42 #non-encrypted @Ethan#7268: https://www.amazon.com/Corsair-CMZ16GX3M2A1600C10-Vengeance-Desktop-Memory/dp/B006EWUO22
2018-04-30 18:33:42 #non-encrypted @Ethan#7268: https://www.amazon.com/Corsair-CMZ16GX3M2A1600C10-Vengeance-Desktop-Memory/dp/B006EWUO22
2018-04-30 18:33:42 #non-encrypted @Ethan#7268 deleted message from 2018-04-30 18:33:42 (https://www.amazon.com/Corsair-CMZ16GX3M2A1600C10-Vengeance-Desktop-Memory/dp/B006EWUO22)
2018-04-30 18:33:42 #non-encrypted @Dyno#3861: @ethan kid You're posting links too fast.
2018-04-30 18:33:48 #non-encrypted @Dyno#3861 deleted message from 2018-04-30 18:33:42 (@ethan kid You're posting links too fast.)
2018-04-30 18:33:56 #non-encrypted @pxoss#0001: DUDE
2018-04-30 18:34:03 #non-encrypted @Ethan#7268: https://www.amazon.com/Corsair-CMZ16GX3M2A1600C10-Vengeance-Desktop-Memory/dp/B006EWUO22
2018-04-30 18:34:06 #non-encrypted @pxoss#0001: JAVIOR SUBBOTS
2018-04-30 18:34:13 #non-encrypted @pxoss#0001: 28 SUBS IN A DAY
2018-04-30 18:34:17 #non-encrypted @pxoss#0001: ACTUALLY
2018-04-30 18:34:19 #non-encrypted @pxoss#0001: FUCKING LOOK
2018-04-30 18:34:19 #non-encrypted @Ethan#7268: Prove
2018-04-30 18:34:32 #non-encrypted @pxoss#0001: MKK GOT 18 SUBS THEN NEXT DAY
2018-04-30 18:34:41 #non-encrypted @pxoss#0001: WTF
2018-04-30 18:34:42 #non-encrypted @Ethan#7268: SEND ME THE LINK
2018-04-30 18:34:58 #non-encrypted @pxoss#0001: https://socialblade.com/youtube/compare/UCfbrSxJXV0Ww33nJBJkdIkw/UCIDYk_8G8YhnvRwDN4zWoGg/UCo4igyAwqfAYGNEw4fO6zJA
2018-04-30 18:35:06 #non-encrypted @pxoss#0001: look in the subs section
2018-04-30 18:36:08 #non-encrypted @pxoss#0001: https://prnt.sc/jc2eva
2018-04-30 18:36:09 #non-encrypted @pxoss#0001: see
2018-04-30 18:36:13 #non-encrypted @pxoss#0001 edited message from 2018-04-30 18:36:08 (https://prnt.sc/jc2eva) to read: https://prnt.sc/jc2eva
2018-04-30 18:36:38 #non-encrypted @pxoss#0001: https://prnt.sc/jc2eva
2018-04-30 18:37:56 #non-encrypted @pxoss#0001: proof
2018-04-30 18:38:10 #non-encrypted @pxoss#0001: lol i still have more view
2018-04-30 18:38:10 #non-encrypted @pxoss#0001: https://prnt.sc/jc2fsn
2018-04-30 18:38:18 #non-encrypted @pxoss#0001 edited message from 2018-04-30 18:38:10 (https://prnt.sc/jc2fsn) to read: https://prnt.sc/jc2fsn
2018-04-30 18:38:50 #non-encrypted @pxoss#0001: kek
2018-04-30 18:45:19 #non-encrypted @pxoss#0001: KEKEKKEKEKEKKEKKEKEKKEKEKKEK
2018-04-30 18:45:21 #non-encrypted @pxoss#0001: TOPO KEKEK
2018-04-30 18:45:24 #non-encrypted @pxoss#0001: SUBBOT
2018-04-30 18:45:26 #non-encrypted @pxoss#0001: CONFIRMED
2018-05-01 18:31:08 #non-encrypted @Ethan#7268: PRINT IT DUDE
2018-05-01 20:07:33 #non-encrypted @Ethan#7268: PRINT IT
2018-05-01 20:30:13 #non-encrypted @pxoss#0001: NO U
2018-05-02 15:19:35 #non-encrypted @SNORLAX#9636: NO U SQUAERED
2018-05-02 15:34:33 #non-encrypted @SNORLAX#9636 deleted message from 2018-05-02 15:19:35 (NO U SQUAERED)
2018-05-02 15:35:58 #non-encrypted @SNORLAX#9636: back
2018-05-02 15:36:13 #non-encrypted @pxoss#0001: ?warn @SNORLAX this is what you get you little punk
2018-05-02 15:36:14 #non-encrypted @pxoss#0001 deleted message from 2018-05-02 15:36:13 (?warn @SNORLAX this is what you get you little punk)
2018-05-02 15:36:14 #non-encrypted @Dyno#3861: <:dynoSuccess:314691591484866560> ***SNORLAX#9636 has been warned***
2018-05-02 15:36:17 #non-encrypted @SNORLAX#9636 deleted message from 2018-05-02 15:35:58 (back)
2018-05-02 15:36:18 #non-encrypted @pxoss#0001: ?purge 1
2018-05-02 15:36:19 #non-encrypted @Dyno#3861 deleted message from 2018-05-02 15:36:14 (<:dynoSuccess:314691591484866560> ***SNORLAX#9636 has been warned***)
2018-05-02 15:36:20 #non-encrypted @pxoss#0001 deleted message from 2018-05-02 15:36:18 (?purge 1)
