2018-04-21 23:18:37 this bot joined the server
2018-04-21 23:18:37 Role created: 'Synapse' (id 437391739628814336)
2018-04-21 23:18:37 Member role add: 'Synapse' role was added to @Synapse#0692
2018-04-23 18:42:18 Member role add: 'Elite Cryptor' role was added to @IceBlade#0912
2018-04-23 18:42:24 Member nickname: '@IceBlade#0912' (id 357520590703165450) changed nickname from 'kid who like fornite' to 'None'
2018-04-25 17:03:15 Member role add: 'Bot Men' role was added to @Synapse#0692
2018-04-25 17:06:35 Member role remove: The 'autisim rule breaker man' role was removed from @Ethan#7268
2018-04-25 17:07:17 Role created: 'new role' (id 438747843629547531)
2018-04-25 17:07:17 Role renamed: 'new role' to 'pxoss#0001:color'
2018-04-25 17:07:17 Role color: 'new role' changed from #000000 to #0000ff
2018-04-25 17:07:17 Role permissions: 'new role' changed from 72704 to 0
2018-04-25 17:07:18 Member role add: 'pxoss#0001:color' role was added to @pxoss#0001
2018-04-27 19:29:51 Channel position: spam moved from 14 to 13
2018-04-27 19:29:51 Channel position: bot moved from 13 to 14
2018-04-30 17:58:24 Member role add: 'Fornite Lover' role was added to @Ethan#7268
2018-04-30 18:00:03 Member role remove: The 'Fornite Lover' role was removed from @Ethan#7268
2018-05-01 23:14:47 Member unban: @Kerutatski#4331 (id 248986945533902849)
2018-05-02 15:34:33 Member ban: @SNORLAX#9636 (id 357181397074706433)
2018-05-02 15:34:33 Member leave: @SNORLAX#9636 (id 357181397074706433)
2018-05-02 15:35:25 Member unban: @SNORLAX#9636 (id 357181397074706433)
2018-05-02 15:35:49 Member join: @SNORLAX#9636 (id 357181397074706433)
2018-05-02 15:36:17 Member ban: @SNORLAX#9636 (id 357181397074706433)
2018-05-02 15:36:17 Member leave: @SNORLAX#9636 (id 357181397074706433)
2018-05-02 18:48:26 Role deleted: 'Suggestion' (id 423222380698009614)
2018-05-02 18:48:26 Member leave: @Suggestion#4660 (id 378926376910192640)
2018-05-02 21:36:54 Member unban: @SNORLAX#9636 (id 357181397074706433)
