2018-04-21 18:21:23 this bot joined the server
2018-04-21 18:21:23 Role created: 'Synapse' (id 437316938037854209)
2018-04-21 18:21:23 Member role add: 'Synapse' role was added to @Synapse#0692
2018-04-21 18:21:57 Role created: 'new role' (id 437317084054159380)
2018-04-21 18:22:15 Role permissions: 'Rythm' changed from 8 to 262216
2018-04-21 18:22:15 Role position: 'Rythm' changed from 3 to 2
2018-04-21 18:22:15 Role position: 'new role' changed from 1 to 6
2018-04-21 18:22:15 Role renamed: 'new role' to 'Yas'
2018-04-21 18:22:15 Role color: 'new role' changed from #000000 to #9b59b6
2018-04-21 18:23:40 Role position: 'Rythm' changed from 2 to 1
2018-04-21 18:23:40 Role position: 'Grandpa Fucker' changed from 3 to 2
2018-04-21 18:23:40 Role position: 'Old Fuckers' changed from 4 to 3
2018-04-21 18:23:40 Role position: 'Dick Face' changed from 5 to 4
2018-04-21 18:23:40 Role position: 'Yas' changed from 6 to 5
2018-04-21 18:23:40 Role permissions: 'Synapse' changed from 8 to 262216
2018-04-21 18:23:40 Role position: 'Synapse' changed from 2 to 6
2018-04-21 18:24:05 Member role add: 'Yas' role was added to @3 Point Oh#7255
2018-04-21 18:26:17 Role permissions: 'Synapse' changed from 262216 to 1342569720
2018-04-21 18:28:39 Role deleted: 'Synapse' (id 437316938037854209)
2018-04-21 18:28:39 Member leave: @Synapse#0692 (id 435538622293344266)
2018-04-21 18:28:39 this bot left the server
