2018-04-26 14:46:24 this bot joined the server
2018-04-26 14:46:24 Role created: 'Synapse' (id 439074771947356162)
2018-04-26 14:46:24 Member role add: 'Synapse' role was added to @Synapse#0692
2018-04-26 15:16:45 Role renamed: 'БЛЯ У' to 'Montaro'
2018-04-26 15:16:45 Role color: 'БЛЯ У' changed from #195080 to #000000
2018-04-26 15:16:50 Role created: 'new role' (id 439082433678278657)
2018-04-26 15:17:48 Role position: 'Montaro' changed from 8 to 2
2018-04-26 15:17:48 Role position: 'new role' changed from 1 to 8
2018-04-26 15:17:49 Role renamed: 'new role' to 'ЛЯ ИТА РОБАТЫЫЫЫЫ'
2018-04-26 15:17:49 Role color: 'new role' changed from #000000 to #d500ff
2018-04-26 15:18:07 Member role add: 'ЛЯ ИТА РОБАТЫЫЫЫЫ' role was added to @Synapse#0692
2018-04-26 15:18:17 Member role remove: The 'Fetish.' role was removed from @Mantaro#4454
2018-04-26 15:18:21 Member role add: 'ЛЯ ИТА РОБАТЫЫЫЫЫ' role was added to @Mantaro#4454
2018-04-26 15:18:30 Role hoist: 'ЛЯ ИТА РОБАТЫЫЫЫЫ' is now shown seperately
2018-04-26 15:19:17 Member join: @Nadeko#6685 (id 116275390695079945)
2018-04-26 15:19:18 Member role add: 'Nadeko' role was added to @Nadeko#6685
2018-04-26 15:19:18 Role created: 'Nadeko' (id 439083051964694528)
2018-04-26 15:19:18 Member role add: 'Nadeko' role was added to @Nadeko#6685
2018-04-26 15:19:28 Member role add: 'ЛЯ ИТА РОБАТЫЫЫЫЫ' role was added to @Nadeko#6685
2018-04-26 15:27:38 Role deleted: 'Synapse' (id 439074771947356162)
2018-04-26 15:27:38 Member leave: @Synapse#0692 (id 435538622293344266)
2018-04-26 15:27:38 this bot left the server
