2018-04-26 19:04:04 #test @Newratou#3464: Oboobs
2018-04-26 19:04:26 #test @Newratou#3464: ass~boobs~oboobs
2018-04-26 19:04:33 #test @Newratou#3464: boobs
2018-04-26 19:04:49 #test @Newratou#3464: !boobs
2018-04-26 19:04:49 #test @Synapse#0692: http://media.oboobs.ru/boobs_preview/12417.jpg
2018-04-26 19:04:56 #test @Synapse#0692 deleted message from 2018-04-26 19:04:49 (http://media.oboobs.ru/boobs_preview/12417.jpg)
2018-04-26 19:04:59 #test @Newratou#3464: !ass
2018-04-26 19:05:00 #test @Synapse#0692: http://media.obutts.ru/butts_preview/04839.jpg
2018-04-26 19:05:00 #test @Synapse#0692 edited message from 2018-04-26 19:05:00 (http://media.obutts.ru/butts_preview/04839.jpg) to read: http://media.obutts.ru/butts_preview/04839.jpg
2018-04-26 19:05:06 #test @Synapse#0692 deleted message from 2018-04-26 19:05:00 (http://media.obutts.ru/butts_preview/04839.jpg)
2018-04-26 19:05:08 #test @Newratou#3464: !oboobs
2018-04-26 19:05:11 #test @Synapse#0692: ```\n!oboobs\n\nThe oboobs/obutts.ru pictures of nature cog.\n\nCommands:\n  nsfw      Toggle oboobs nswf for this channel on/off.\n  togglemsg Enable/Disable the oboobs nswf not allowed message\n  invert    Invert nsfw blacklist to whitlist\n\nType !oboobs command for more info on a command.\nYou can also type !oboobs category for more info on a category.\n```
2018-04-26 19:06:31 #test @Newratou#3464: !boobs
2018-04-26 19:06:32 #test @Newratou#3464: !boobs
2018-04-26 19:06:32 #test @Newratou#3464: !boobs
2018-04-26 19:06:34 #test @Synapse#0692: http://media.oboobs.ru/boobs_preview/09275.jpg
2018-04-26 19:06:35 #test @Synapse#0692 edited message from 2018-04-26 19:06:34 (http://media.oboobs.ru/boobs_preview/09275.jpg) to read: http://media.oboobs.ru/boobs_preview/09275.jpg
2018-04-26 19:06:34 #test @Newratou#3464: !boobs
2018-04-26 19:06:36 #test @Synapse#0692: http://media.oboobs.ru/boobs_preview/02849.jpg
2018-04-26 19:06:37 #test @Synapse#0692: http://media.oboobs.ru/boobs_preview/02932.jpg
2018-04-26 19:06:45 #test @Synapse#0692: http://media.oboobs.ru/boobs_preview/04430.jpg
2018-04-26 19:06:46 #test @Synapse#0692 edited message from 2018-04-26 19:06:45 (http://media.oboobs.ru/boobs_preview/04430.jpg) to read: http://media.oboobs.ru/boobs_preview/04430.jpg
2018-04-26 19:06:48 #test @Newratou#3464: !boobs
2018-04-26 19:06:49 #test @Newratou#3464: !boobs
2018-04-26 19:06:49 #test @Newratou#3464: !boobs
2018-04-26 19:06:50 #test @Newratou#3464: !boobs
2018-04-26 19:06:50 #test @Synapse#0692: http://media.oboobs.ru/boobs_preview/02949.jpg
2018-04-26 19:06:50 #test @Newratou#3464: !boobs
2018-04-26 19:06:51 #test @Synapse#0692: http://media.oboobs.ru/boobs_preview/00864.jpg
2018-04-26 19:06:51 #test @Newratou#3464: !boobs
2018-04-26 19:06:51 #test @Synapse#0692: http://media.oboobs.ru/boobs_preview/04590.jpg
2018-04-26 19:06:51 #test @Synapse#0692 edited message from 2018-04-26 19:06:51 (http://media.oboobs.ru/boobs_preview/00864.jpg) to read: http://media.oboobs.ru/boobs_preview/00864.jpg
2018-04-26 19:06:51 #test @Synapse#0692: http://media.oboobs.ru/boobs_preview/02396.jpg
2018-04-26 19:06:51 #test @Synapse#0692: http://media.oboobs.ru/boobs_preview/03613.jpg
2018-04-26 19:06:51 #test @Newratou#3464: !boobs
2018-04-26 19:06:52 #test @Synapse#0692 edited message from 2018-04-26 19:06:51 (http://media.oboobs.ru/boobs_preview/03613.jpg) to read: http://media.oboobs.ru/boobs_preview/03613.jpg
2018-04-26 19:06:52 #test @Synapse#0692 edited message from 2018-04-26 19:06:51 (http://media.oboobs.ru/boobs_preview/02396.jpg) to read: http://media.oboobs.ru/boobs_preview/02396.jpg
2018-04-26 19:06:58 #test @Synapse#0692: http://media.oboobs.ru/boobs_preview/06006.jpg
2018-04-26 19:06:58 #test @Synapse#0692: http://media.oboobs.ru/boobs_preview/10048.jpg
2018-04-26 19:06:58 #test @Synapse#0692 edited message from 2018-04-26 19:06:58 (http://media.oboobs.ru/boobs_preview/06006.jpg) to read: http://media.oboobs.ru/boobs_preview/06006.jpg
2018-04-26 19:06:58 #test @Synapse#0692 edited message from 2018-04-26 19:06:58 (http://media.oboobs.ru/boobs_preview/10048.jpg) to read: http://media.oboobs.ru/boobs_preview/10048.jpg
2018-04-26 19:07:10 #test @Newratou#3464: !ass
2018-04-26 19:07:10 #test @Synapse#0692: http://media.obutts.ru/butts_preview/01700.jpg
2018-04-26 19:07:12 #test @Synapse#0692 edited message from 2018-04-26 19:07:10 (http://media.obutts.ru/butts_preview/01700.jpg) to read: http://media.obutts.ru/butts_preview/01700.jpg
2018-04-26 19:07:11 #test @Newratou#3464: !ass
2018-04-26 19:07:11 #test @Newratou#3464: !ass
2018-04-26 19:07:12 #test @Newratou#3464: !ass
2018-04-26 19:07:13 #test @Synapse#0692: http://media.obutts.ru/butts_preview/03984.jpg
2018-04-26 19:07:13 #test @Synapse#0692: http://media.obutts.ru/butts_preview/02335.jpg
2018-04-26 19:07:13 #test @Synapse#0692 edited message from 2018-04-26 19:07:13 (http://media.obutts.ru/butts_preview/03984.jpg) to read: http://media.obutts.ru/butts_preview/03984.jpg
2018-04-26 19:07:13 #test @Synapse#0692: http://media.obutts.ru/butts_preview/01835.jpg
2018-04-26 19:07:13 #test @Synapse#0692 edited message from 2018-04-26 19:07:13 (http://media.obutts.ru/butts_preview/01835.jpg) to read: http://media.obutts.ru/butts_preview/01835.jpg
2018-04-26 19:07:46 #test @Newratou#3464: !Penis
2018-04-26 19:08:01 #test @Newratou#3464: !penis
2018-04-26 19:08:01 #test @Synapse#0692: ```\n!penis [users...]\n\nDetects user's penis length\n\nThis is 101% accurate.\nEnter multiple users for an accurate comparison!\n\n```
2018-04-26 19:08:15 #test @Newratou#3464: !Pepe
2018-04-26 19:08:24 #test @Newratou#3464: !pepe
2018-04-26 19:08:25 #test @Synapse#0692: http://i.imgur.com/TQRf1WH.png
2018-04-26 19:08:25 #test @Synapse#0692 edited message from 2018-04-26 19:08:25 (http://i.imgur.com/TQRf1WH.png) to read: http://i.imgur.com/TQRf1WH.png
2018-04-26 19:08:31 #test @Newratou#3464: !pepe
2018-04-26 19:08:31 #test @Synapse#0692: http://i.imgur.com/MHDoRuN.png
2018-04-26 19:08:32 #test @Synapse#0692 edited message from 2018-04-26 19:08:31 (http://i.imgur.com/MHDoRuN.png) to read: http://i.imgur.com/MHDoRuN.png
2018-04-26 19:08:49 #test @Newratou#3464: !_pepe
2018-04-26 19:08:49 #test @Synapse#0692: http://i.imgur.com/xTyJ6xa.png
2018-04-26 19:08:50 #test @Synapse#0692 edited message from 2018-04-26 19:08:49 (http://i.imgur.com/xTyJ6xa.png) to read: http://i.imgur.com/xTyJ6xa.png
2018-04-26 19:08:59 #test @Newratou#3464: !penis
2018-04-26 19:09:00 #test @Synapse#0692: ```\n!penis [users...]\n\nDetects user's penis length\n\nThis is 101% accurate.\nEnter multiple users for an accurate comparison!\n\n```
2018-04-26 19:09:09 #test @Newratou#3464: !penis mee6
2018-04-26 19:09:11 #test @Synapse#0692: ```\n!penis [users...]\n\nDetects user's penis length\n\nThis is 101% accurate.\nEnter multiple users for an accurate comparison!\n\n```
2018-04-26 19:09:26 #test @Newratou#3464: !penis @MEE6
2018-04-26 19:09:26 #test @Synapse#0692: **MEE6's size:**\n8========D
2018-04-26 19:10:48 #test @Newratou#3464: !boobs
2018-04-26 19:10:49 #test @Newratou#3464: !boobs
2018-04-26 19:10:50 #test @Newratou#3464: !boobs
2018-04-26 19:10:50 #test @Newratou#3464: !boobs
2018-04-26 19:10:51 #test @Synapse#0692: http://media.oboobs.ru/boobs_preview/12359.jpg
2018-04-26 19:10:53 #test @Synapse#0692 edited message from 2018-04-26 19:10:51 (http://media.oboobs.ru/boobs_preview/12359.jpg) to read: http://media.oboobs.ru/boobs_preview/12359.jpg
2018-04-26 19:10:52 #test @Synapse#0692: http://media.oboobs.ru/boobs_preview/00549.jpg
2018-04-26 19:10:53 #test @Synapse#0692 edited message from 2018-04-26 19:10:52 (http://media.oboobs.ru/boobs_preview/00549.jpg) to read: http://media.oboobs.ru/boobs_preview/00549.jpg
2018-04-26 19:10:53 #test @Synapse#0692: http://media.oboobs.ru/boobs_preview/00608.jpg
2018-04-26 19:10:53 #test @Synapse#0692 edited message from 2018-04-26 19:10:53 (http://media.oboobs.ru/boobs_preview/00608.jpg) to read: http://media.oboobs.ru/boobs_preview/00608.jpg
2018-04-26 19:10:53 #test @Synapse#0692: http://media.oboobs.ru/boobs_preview/11052.jpg
2018-04-26 19:10:54 #test @Synapse#0692 edited message from 2018-04-26 19:10:53 (http://media.oboobs.ru/boobs_preview/11052.jpg) to read: http://media.oboobs.ru/boobs_preview/11052.jpg
2018-04-26 19:11:17 #test @Newratou#3464: !ass
2018-04-26 19:11:17 #test @Newratou#3464: !ass
2018-04-26 19:11:18 #test @Newratou#3464: !ass
2018-04-26 19:11:18 #test @Newratou#3464: !ass
2018-04-26 19:11:18 #test @Newratou#3464: !ass
2018-04-26 19:11:19 #test @Synapse#0692: http://media.obutts.ru/butts_preview/04108.jpg
2018-04-26 19:11:20 #test @Synapse#0692 edited message from 2018-04-26 19:11:19 (http://media.obutts.ru/butts_preview/04108.jpg) to read: http://media.obutts.ru/butts_preview/04108.jpg
2018-04-26 19:11:20 #test @Synapse#0692: http://media.obutts.ru/butts_preview/01717.png
2018-04-26 19:11:20 #test @Synapse#0692: http://media.obutts.ru/butts_preview/01850.jpg
2018-04-26 19:11:21 #test @Synapse#0692 edited message from 2018-04-26 19:11:20 (http://media.obutts.ru/butts_preview/01850.jpg) to read: http://media.obutts.ru/butts_preview/01850.jpg
2018-04-26 19:11:21 #test @Synapse#0692: http://media.obutts.ru/butts_preview/02331.jpg
2018-04-26 19:11:24 #test @Synapse#0692: http://media.obutts.ru/butts_preview/05343.jpg
2018-04-26 19:11:25 #test @Newratou#3464: !ass
2018-04-26 19:11:26 #test @Newratou#3464: !ass
2018-04-26 19:11:26 #test @Synapse#0692: http://media.obutts.ru/butts_preview/04161.jpg
2018-04-26 19:11:26 #test @Newratou#3464: !ass
2018-04-26 19:11:27 #test @Synapse#0692 edited message from 2018-04-26 19:11:26 (http://media.obutts.ru/butts_preview/04161.jpg) to read: http://media.obutts.ru/butts_preview/04161.jpg
2018-04-26 19:11:27 #test @Synapse#0692: http://media.obutts.ru/butts_preview/04165.jpg
2018-04-26 19:11:27 #test @Newratou#3464: !ass
2018-04-26 19:11:27 #test @Synapse#0692: http://media.obutts.ru/butts_preview/02116.jpg
2018-04-26 19:11:27 #test @Newratou#3464: !ass
2018-04-26 19:11:28 #test @Synapse#0692: http://media.obutts.ru/butts_preview/01411.jpg
2018-04-26 19:11:28 #test @Newratou#3464: !ass
2018-04-26 19:11:28 #test @Newratou#3464: !ass
2018-04-26 19:11:31 #test @Synapse#0692: http://media.obutts.ru/butts_preview/03572.jpg
2018-04-26 19:11:32 #test @Synapse#0692 edited message from 2018-04-26 19:11:31 (http://media.obutts.ru/butts_preview/03572.jpg) to read: http://media.obutts.ru/butts_preview/03572.jpg
2018-04-26 19:11:35 #test @Synapse#0692: http://media.obutts.ru/butts_preview/00233.jpg
2018-04-26 19:11:35 #test @Synapse#0692 edited message from 2018-04-26 19:11:35 (http://media.obutts.ru/butts_preview/00233.jpg) to read: http://media.obutts.ru/butts_preview/00233.jpg
2018-04-26 19:11:35 #test @Synapse#0692: http://media.obutts.ru/butts_preview/02094.jpg
2018-04-26 19:11:42 #test @Newratou#3464: !ass
2018-04-26 19:11:42 #test @Synapse#0692: http://media.obutts.ru/butts_preview/03745.jpg
2018-04-26 19:11:42 #test @Synapse#0692 edited message from 2018-04-26 19:11:42 (http://media.obutts.ru/butts_preview/03745.jpg) to read: http://media.obutts.ru/butts_preview/03745.jpg
2018-04-26 19:11:43 #test @Newratou#3464: !ass
2018-04-26 19:11:43 #test @Synapse#0692: http://media.obutts.ru/butts_preview/04210.jpg
2018-04-26 19:11:43 #test @Synapse#0692 edited message from 2018-04-26 19:11:43 (http://media.obutts.ru/butts_preview/04210.jpg) to read: http://media.obutts.ru/butts_preview/04210.jpg
2018-04-26 19:11:43 #test @Newratou#3464: !ass
2018-04-26 19:11:44 #test @Newratou#3464: !ass
2018-04-26 19:11:45 #test @Newratou#3464: !ass
2018-04-26 19:11:45 #test @Synapse#0692: http://media.obutts.ru/butts_preview/00039.jpg
2018-04-26 19:11:46 #test @Synapse#0692 edited message from 2018-04-26 19:11:45 (http://media.obutts.ru/butts_preview/00039.jpg) to read: http://media.obutts.ru/butts_preview/00039.jpg
2018-04-26 19:11:46 #test @Synapse#0692: http://media.obutts.ru/butts_preview/01013.jpg
2018-04-26 19:11:46 #test @Newratou#3464: !ass
2018-04-26 19:11:46 #test @Synapse#0692 edited message from 2018-04-26 19:11:46 (http://media.obutts.ru/butts_preview/01013.jpg) to read: http://media.obutts.ru/butts_preview/01013.jpg
2018-04-26 19:11:46 #test @Synapse#0692: http://media.obutts.ru/butts_preview/03865.jpeg
2018-04-26 19:11:46 #test @Synapse#0692 edited message from 2018-04-26 19:11:46 (http://media.obutts.ru/butts_preview/03865.jpeg) to read: http://media.obutts.ru/butts_preview/03865.jpeg
2018-04-26 19:11:47 #test @Newratou#3464: !ass
2018-04-26 19:11:48 #test @Newratou#3464: !ass
2018-04-26 19:11:49 #test @Newratou#3464: !ass
2018-04-26 19:11:49 #test @Synapse#0692: http://media.obutts.ru/butts_preview/01662.jpg
2018-04-26 19:11:50 #test @Synapse#0692: http://media.obutts.ru/butts_preview/01223.jpg
2018-04-26 19:11:50 #test @Synapse#0692: http://media.obutts.ru/butts_preview/03096.jpg
2018-04-26 19:11:50 #test @Synapse#0692 edited message from 2018-04-26 19:11:50 (http://media.obutts.ru/butts_preview/01223.jpg) to read: http://media.obutts.ru/butts_preview/01223.jpg
2018-04-26 19:11:50 #test @Synapse#0692: http://media.obutts.ru/butts_preview/04503.png
2018-04-26 19:11:50 #test @Synapse#0692 edited message from 2018-04-26 19:11:50 (http://media.obutts.ru/butts_preview/03096.jpg) to read: http://media.obutts.ru/butts_preview/03096.jpg
2018-04-26 19:11:51 #test @Synapse#0692 edited message from 2018-04-26 19:11:50 (http://media.obutts.ru/butts_preview/04503.png) to read: http://media.obutts.ru/butts_preview/04503.png
2018-04-26 19:11:56 #test @Newratou#3464: !ass
2018-04-26 19:11:57 #test @Newratou#3464: !ass
2018-04-26 19:11:57 #test @Synapse#0692: http://media.obutts.ru/butts_preview/01389.png
2018-04-26 19:11:57 #test @Synapse#0692: http://media.obutts.ru/butts_preview/02353.jpg
2018-04-26 19:11:58 #test @Newratou#3464: !ass
2018-04-26 19:11:59 #test @Synapse#0692 edited message from 2018-04-26 19:11:57 (http://media.obutts.ru/butts_preview/01389.png) to read: http://media.obutts.ru/butts_preview/01389.png
2018-04-26 19:11:59 #test @Synapse#0692 edited message from 2018-04-26 19:11:57 (http://media.obutts.ru/butts_preview/02353.jpg) to read: http://media.obutts.ru/butts_preview/02353.jpg
2018-04-26 19:11:58 #test @Newratou#3464: !ass
2018-04-26 19:11:59 #test @Synapse#0692: http://media.obutts.ru/butts_preview/02497.jpg
2018-04-26 19:11:59 #test @Synapse#0692: http://media.obutts.ru/butts_preview/02292.jpg
2018-04-26 19:12:00 #test @Synapse#0692 edited message from 2018-04-26 19:11:59 (http://media.obutts.ru/butts_preview/02497.jpg) to read: http://media.obutts.ru/butts_preview/02497.jpg
2018-04-26 19:12:00 #test @Synapse#0692 edited message from 2018-04-26 19:11:59 (http://media.obutts.ru/butts_preview/02292.jpg) to read: http://media.obutts.ru/butts_preview/02292.jpg
2018-04-26 19:12:09 #test @Newratou#3464: !ass
2018-04-26 19:12:09 #test @Newratou#3464: !ass
2018-04-26 19:12:09 #test @Synapse#0692: http://media.obutts.ru/butts_preview/02699.jpg
2018-04-26 19:12:15 #test @Newratou#3464: !ass
2018-04-26 19:12:16 #test @Synapse#0692: http://media.obutts.ru/butts_preview/02168.jpg
2018-04-26 19:12:17 #test @Synapse#0692 edited message from 2018-04-26 19:12:16 (http://media.obutts.ru/butts_preview/02168.jpg) to read: http://media.obutts.ru/butts_preview/02168.jpg
2018-04-26 19:12:18 #test @Newratou#3464: !ass
2018-04-26 19:12:22 #test @Synapse#0692: http://media.obutts.ru/butts_preview/04938.jpg
2018-04-26 19:12:22 #test @Synapse#0692 edited message from 2018-04-26 19:12:22 (http://media.obutts.ru/butts_preview/04938.jpg) to read: http://media.obutts.ru/butts_preview/04938.jpg
2018-04-26 19:12:24 #test @Newratou#3464: !ass
2018-04-26 19:12:25 #test @Synapse#0692: http://media.obutts.ru/butts_preview/05008.jpg
2018-04-26 19:12:25 #test @Synapse#0692 edited message from 2018-04-26 19:12:25 (http://media.obutts.ru/butts_preview/05008.jpg) to read: http://media.obutts.ru/butts_preview/05008.jpg
2018-04-26 19:12:27 #test @Newratou#3464: !ass
2018-04-26 19:12:29 #test @Synapse#0692: http://media.obutts.ru/butts_preview/00939.jpg
2018-04-26 19:12:30 #test @Synapse#0692 edited message from 2018-04-26 19:12:29 (http://media.obutts.ru/butts_preview/00939.jpg) to read: http://media.obutts.ru/butts_preview/00939.jpg
2018-04-26 19:12:30 #test @Synapse#0692: http://media.obutts.ru/butts_preview/01936.jpg
2018-04-26 19:12:30 #test @Synapse#0692 edited message from 2018-04-26 19:12:30 (http://media.obutts.ru/butts_preview/01936.jpg) to read: http://media.obutts.ru/butts_preview/01936.jpg
2018-04-26 19:12:32 #test @Newratou#3464: !ass
2018-04-26 19:12:33 #test @Synapse#0692: http://media.obutts.ru/butts_preview/03528.jpg
2018-04-26 19:12:33 #test @Synapse#0692 edited message from 2018-04-26 19:12:33 (http://media.obutts.ru/butts_preview/03528.jpg) to read: http://media.obutts.ru/butts_preview/03528.jpg
2018-04-26 19:12:35 #test @Newratou#3464: !ass
2018-04-26 19:12:36 #test @Synapse#0692: http://media.obutts.ru/butts_preview/03454.jpg
2018-04-26 19:12:36 #test @Synapse#0692 edited message from 2018-04-26 19:12:36 (http://media.obutts.ru/butts_preview/03454.jpg) to read: http://media.obutts.ru/butts_preview/03454.jpg
2018-04-26 19:12:37 #test @Newratou#3464: !ass
2018-04-26 19:12:37 #test @Synapse#0692: http://media.obutts.ru/butts_preview/03964.jpg
2018-04-26 19:12:40 #test @Synapse#0692 edited message from 2018-04-26 19:12:37 (http://media.obutts.ru/butts_preview/03964.jpg) to read: http://media.obutts.ru/butts_preview/03964.jpg
2018-04-26 19:12:39 #test @Newratou#3464: !ass
2018-04-26 19:12:40 #test @Synapse#0692: http://media.obutts.ru/butts_preview/02218.jpg
2018-04-26 19:12:40 #test @Synapse#0692 edited message from 2018-04-26 19:12:40 (http://media.obutts.ru/butts_preview/02218.jpg) to read: http://media.obutts.ru/butts_preview/02218.jpg
2018-04-26 19:13:08 #test @Newratou#3464: !ass
2018-04-26 19:13:08 #test @Newratou#3464: !ass
2018-04-26 19:13:08 #test @Newratou#3464: !ass
2018-04-26 19:13:09 #test @Newratou#3464: !ass
2018-04-26 19:13:09 #test @Synapse#0692: http://media.obutts.ru/butts_preview/01599.jpg
2018-04-26 19:13:09 #test @Newratou#3464: !ass
2018-04-26 19:13:09 #test @Synapse#0692 edited message from 2018-04-26 19:13:09 (http://media.obutts.ru/butts_preview/01599.jpg) to read: http://media.obutts.ru/butts_preview/01599.jpg
2018-04-26 19:13:09 #test @Synapse#0692: http://media.obutts.ru/butts_preview/05224.jpg
2018-04-26 19:13:10 #test @Newratou#3464: !ass
2018-04-26 19:13:10 #test @Synapse#0692: http://media.obutts.ru/butts_preview/00059.jpg
2018-04-26 19:13:10 #test @Newratou#3464: !ass
2018-04-26 19:13:13 #test @Synapse#0692 edited message from 2018-04-26 19:13:10 (http://media.obutts.ru/butts_preview/00059.jpg) to read: http://media.obutts.ru/butts_preview/00059.jpg
2018-04-26 19:13:10 #test @Synapse#0692: http://media.obutts.ru/butts_preview/02949.jpg
2018-04-26 19:13:13 #test @Synapse#0692 edited message from 2018-04-26 19:13:10 (http://media.obutts.ru/butts_preview/02949.jpg) to read: http://media.obutts.ru/butts_preview/02949.jpg
2018-04-26 19:13:10 #test @Newratou#3464: !ass
2018-04-26 19:13:11 #test @Newratou#3464: !ass
2018-04-26 19:13:13 #test @Synapse#0692: http://media.obutts.ru/butts_preview/01361.jpg
2018-04-26 19:13:13 #test @Synapse#0692 edited message from 2018-04-26 19:13:13 (http://media.obutts.ru/butts_preview/01361.jpg) to read: http://media.obutts.ru/butts_preview/01361.jpg
2018-04-26 19:13:16 #test @Synapse#0692: http://media.obutts.ru/butts_preview/02369.jpg
2018-04-26 19:13:16 #test @Synapse#0692: http://media.obutts.ru/butts_preview/02471.jpg
2018-04-26 19:13:17 #test @Synapse#0692: http://media.obutts.ru/butts_preview/04594.jpg
2018-04-26 19:13:17 #test @Synapse#0692 edited message from 2018-04-26 19:13:16 (http://media.obutts.ru/butts_preview/02471.jpg) to read: http://media.obutts.ru/butts_preview/02471.jpg
2018-04-26 19:13:17 #test @Synapse#0692: http://media.obutts.ru/butts_preview/00300.jpg
2018-04-26 19:13:17 #test @Synapse#0692 edited message from 2018-04-26 19:13:17 (http://media.obutts.ru/butts_preview/00300.jpg) to read: http://media.obutts.ru/butts_preview/00300.jpg
2018-04-26 19:13:47 #test @Newratou#3464: !boobs
2018-04-26 19:13:48 #test @Newratou#3464: !boobs
2018-04-26 19:13:48 #test @Newratou#3464: !boobs
2018-04-26 19:13:49 #test @Newratou#3464: !boobs
2018-04-26 19:13:49 #test @Synapse#0692: http://media.oboobs.ru/boobs_preview/06442.jpg
2018-04-26 19:13:49 #test @Synapse#0692: http://media.oboobs.ru/boobs_preview/05194.jpg
2018-04-26 19:13:50 #test @Synapse#0692 edited message from 2018-04-26 19:13:49 (http://media.oboobs.ru/boobs_preview/06442.jpg) to read: http://media.oboobs.ru/boobs_preview/06442.jpg
2018-04-26 19:13:50 #test @Synapse#0692: http://media.oboobs.ru/boobs_preview/11399.jpg
2018-04-26 19:13:50 #test @Synapse#0692 edited message from 2018-04-26 19:13:49 (http://media.oboobs.ru/boobs_preview/05194.jpg) to read: http://media.oboobs.ru/boobs_preview/05194.jpg
2018-04-26 19:13:50 #test @Synapse#0692 edited message from 2018-04-26 19:13:50 (http://media.oboobs.ru/boobs_preview/11399.jpg) to read: http://media.oboobs.ru/boobs_preview/11399.jpg
2018-04-26 19:13:50 #test @Synapse#0692: http://media.oboobs.ru/boobs_preview/08103.jpg
2018-04-26 19:13:50 #test @Synapse#0692 edited message from 2018-04-26 19:13:50 (http://media.oboobs.ru/boobs_preview/08103.jpg) to read: http://media.oboobs.ru/boobs_preview/08103.jpg
