2018-04-26 01:09:43 #botcommandtest @James8579ALT#3745: .penis
2018-04-26 01:09:49 #botcommandtest @James8579ALT#3745 deleted message from 2018-04-26 01:09:43 (.penis)
2018-04-26 01:10:36 #botcommandtest @James8579ALT#3745: .lmao
2018-04-26 01:10:46 #botcommandtest @James8579ALT#3745: .react_lmao
2018-04-26 01:10:52 #botcommandtest @James8579ALT#3745 deleted message from 2018-04-26 01:10:36 (.lmao)
2018-04-26 01:10:55 #botcommandtest @James8579ALT#3745 deleted message from 2018-04-26 01:10:46 (.react_lmao)
2018-04-26 01:11:26 #botcommandtest @James8579ALT#3745: .modules
2018-04-26 01:11:26 #botcommandtest @Synapse#0692: 
2018-04-26 01:11:27 #botcommandtest @Synapse#0692 edited message from 2018-04-26 01:11:26 () to read: 
2018-04-26 01:11:37 #botcommandtest @James8579ALT#3745: .games
2018-04-26 01:11:48 #botcommandtest @James8579ALT#3745: .Games
2018-04-26 01:12:05 #botcommandtest @James8579ALT#3745: .cmds games
2018-04-26 01:12:05 #botcommandtest @Synapse#0692: 
2018-04-26 01:12:06 #botcommandtest @Synapse#0692 edited message from 2018-04-26 01:12:05 () to read: 
2018-04-26 01:12:26 #botcommandtest @James8579ALT#3745: .typeadd
2018-04-26 01:12:41 #botcommandtest @James8579ALT#3745: .typestart
2018-04-26 01:12:41 #botcommandtest @Synapse#0692: 
2018-04-26 01:12:43 #botcommandtest @Synapse#0692 edited message from 2018-04-26 01:12:41 () to read: 
2018-04-26 01:12:42 #botcommandtest @Synapse#0692: Starting new typing contest in **5**...
2018-04-26 01:12:44 #botcommandtest @Synapse#0692 edited message from 2018-04-26 01:12:42 (Starting new typing contest in **5**...) to read: Starting new typing contest in **3**..
2018-04-26 01:12:46 #botcommandtest @Synapse#0692 edited message from 2018-04-26 01:12:42 (Starting new typing contest in **3**..) to read: Starting new typing contest in **1**..
2018-04-26 01:12:46 #botcommandtest @Synapse#0692 edited message from 2018-04-26 01:12:42 (Starting new typing contest in **1**..) to read: Now ​she ​had ​got ​a ​start, ​and ​she ​went ​on ​and ​told ​me ​all ​about ​the ​good ​place. ​ ​She ​said ​all ​a ​body ​would ​have ​to ​do ​there ​was ​to ​go ​around ​all ​day ​long ​with ​a ​harp ​and ​sing, ​forever ​and ​ever. ​ ​So ​I ​didn't ​think ​much ​of ​it. ​But ​I ​never ​said ​so. ​ ​I ​asked ​her ​if ​she ​reckoned ​Tom ​Sawyer ​would ​go ​there, ​and ​she ​said ​not ​by ​a ​considerable ​sight. ​ ​I ​was ​glad ​about ​that, ​because ​I ​wanted ​him ​and ​me ​to ​be ​together.
2018-04-26 01:13:05 #botcommandtest @James8579ALT#3745: .typestop
2018-04-26 01:13:05 #botcommandtest @Synapse#0692: 
2018-04-26 01:13:05 #botcommandtest @Synapse#0692 edited message from 2018-04-26 01:13:05 () to read: 
2018-04-26 01:13:22 #botcommandtest @James8579ALT#3745: .linux
2018-04-26 01:13:33 #botcommandtest @James8579ALT#3745: .Linux
2018-04-26 01:13:42 #botcommandtest @James8579ALT#3745: .choose
2018-04-26 01:13:52 #botcommandtest @James8579ALT#3745: .rategirl
2018-04-26 01:13:57 #botcommandtest @James8579ALT#3745 deleted message from 2018-04-26 01:13:52 (.rategirl)
2018-04-26 01:14:01 #botcommandtest @James8579ALT#3745 deleted message from 2018-04-26 01:13:33 (.Linux)
2018-04-26 01:14:05 #botcommandtest @James8579ALT#3745 deleted message from 2018-04-26 01:13:42 (.choose)
2018-04-26 01:14:08 #botcommandtest @James8579ALT#3745 deleted message from 2018-04-26 01:13:22 (.linux)
2018-04-26 01:14:23 #botcommandtest @James8579ALT#3745: .hangmanlist
2018-04-26 01:14:23 #botcommandtest @Synapse#0692: 
2018-04-26 01:14:24 #botcommandtest @Synapse#0692 edited message from 2018-04-26 01:14:23 () to read: 
2018-04-26 01:14:39 #botcommandtest @James8579ALT#3745: .hangman
2018-04-26 01:14:39 #botcommandtest @Synapse#0692: 
2018-04-26 01:14:39 #botcommandtest @Synapse#0692 edited message from 2018-04-26 01:14:39 () to read: 
2018-04-26 01:14:47 #botcommandtest @James8579ALT#3745: a
2018-04-26 01:14:47 #botcommandtest @Synapse#0692: 
2018-04-26 01:14:47 #botcommandtest @Synapse#0692 edited message from 2018-04-26 01:14:47 () to read: 
2018-04-26 01:15:06 #botcommandtest @James8579ALT#3745: b
2018-04-26 01:15:09 #botcommandtest @Synapse#0692: 
2018-04-26 01:15:10 #botcommandtest @Synapse#0692 edited message from 2018-04-26 01:15:09 () to read: 
2018-04-26 01:15:11 #botcommandtest @James8579ALT#3745: u
2018-04-26 01:15:20 #botcommandtest @James8579ALT#3745: u
2018-04-26 01:15:21 #botcommandtest @Synapse#0692: 
2018-04-26 01:15:21 #botcommandtest @Synapse#0692 edited message from 2018-04-26 01:15:21 () to read: 
2018-04-26 01:15:38 #botcommandtest @James8579ALT#3745: o
2018-04-26 01:15:38 #botcommandtest @Synapse#0692: 
2018-04-26 01:15:38 #botcommandtest @Synapse#0692 edited message from 2018-04-26 01:15:38 () to read: 
2018-04-26 01:15:53 #botcommandtest @James8579ALT#3745: s
2018-04-26 01:15:53 #botcommandtest @Synapse#0692: 
2018-04-26 01:15:53 #botcommandtest @Synapse#0692 edited message from 2018-04-26 01:15:53 () to read: 
2018-04-26 01:16:00 #botcommandtest @James8579ALT#3745: g
2018-04-26 01:16:00 #botcommandtest @Synapse#0692: 
2018-04-26 01:16:01 #botcommandtest @Synapse#0692 edited message from 2018-04-26 01:16:00 () to read: 
2018-04-26 01:16:28 #botcommandtest @James8579ALT#3745: e
2018-04-26 01:16:28 #botcommandtest @Synapse#0692: 
2018-04-26 01:16:29 #botcommandtest @Synapse#0692 edited message from 2018-04-26 01:16:28 () to read: 
2018-04-26 01:16:39 #botcommandtest @James8579ALT#3745: t
2018-04-26 01:16:39 #botcommandtest @Synapse#0692: 
2018-04-26 01:16:39 #botcommandtest @Synapse#0692 edited message from 2018-04-26 01:16:39 () to read: 
2018-04-26 01:16:47 #botcommandtest @James8579ALT#3745: h
2018-04-26 01:16:48 #botcommandtest @Synapse#0692: 
2018-04-26 01:16:49 #botcommandtest @Synapse#0692 edited message from 2018-04-26 01:16:48 () to read: 
2018-04-26 01:16:54 #botcommandtest @James8579ALT#3745: f
2018-04-26 01:16:54 #botcommandtest @Synapse#0692: 
2018-04-26 01:16:54 #botcommandtest @Synapse#0692: 
2018-04-26 01:16:56 #botcommandtest @Synapse#0692 edited message from 2018-04-26 01:16:54 () to read: 
2018-04-26 01:16:56 #botcommandtest @Synapse#0692 edited message from 2018-04-26 01:16:54 () to read: 
2018-04-26 01:17:12 #botcommandtest @James8579ALT#3745: .hangman
2018-04-26 01:17:12 #botcommandtest @Synapse#0692: 
2018-04-26 01:17:12 #botcommandtest @Synapse#0692 edited message from 2018-04-26 01:17:12 () to read: 
2018-04-26 01:17:16 #botcommandtest @James8579ALT#3745: a
2018-04-26 01:17:16 #botcommandtest @Synapse#0692: 
2018-04-26 01:17:16 #botcommandtest @Synapse#0692 edited message from 2018-04-26 01:17:16 () to read: 
2018-04-26 01:17:19 #botcommandtest @James8579ALT#3745: u
2018-04-26 01:17:20 #botcommandtest @Synapse#0692: 
2018-04-26 01:17:20 #botcommandtest @Synapse#0692 edited message from 2018-04-26 01:17:20 () to read: 
2018-04-26 01:17:34 #botcommandtest @James8579ALT#3745: o
2018-04-26 01:17:35 #botcommandtest @Synapse#0692: 
2018-04-26 01:17:35 #botcommandtest @Synapse#0692 edited message from 2018-04-26 01:17:35 () to read: 
2018-04-26 01:17:42 #botcommandtest @James8579ALT#3745: i
2018-04-26 01:17:42 #botcommandtest @Synapse#0692: 
2018-04-26 01:17:42 #botcommandtest @Synapse#0692 edited message from 2018-04-26 01:17:42 () to read: 
2018-04-26 01:17:51 #botcommandtest @James8579ALT#3745: e
2018-04-26 01:17:51 #botcommandtest @Synapse#0692: 
2018-04-26 01:17:51 #botcommandtest @Synapse#0692 edited message from 2018-04-26 01:17:51 () to read: 
2018-04-26 01:18:18 #botcommandtest @James8579ALT#3745: r
2018-04-26 01:18:18 #botcommandtest @Synapse#0692: 
2018-04-26 01:18:19 #botcommandtest @Synapse#0692 edited message from 2018-04-26 01:18:18 () to read: 
2018-04-26 01:18:24 #botcommandtest @James8579ALT#3745: b
2018-04-26 01:18:24 #botcommandtest @Synapse#0692: 
2018-04-26 01:18:24 #botcommandtest @Synapse#0692 edited message from 2018-04-26 01:18:24 () to read: 
2018-04-26 01:18:31 #botcommandtest @James8579ALT#3745: h
2018-04-26 01:18:31 #botcommandtest @Synapse#0692: 
2018-04-26 01:18:31 #botcommandtest @Synapse#0692 edited message from 2018-04-26 01:18:31 () to read: 
2018-04-26 01:18:48 #botcommandtest @James8579ALT#3745: d
2018-04-26 01:18:48 #botcommandtest @Synapse#0692: 
2018-04-26 01:18:49 #botcommandtest @Synapse#0692 edited message from 2018-04-26 01:18:48 () to read: 
2018-04-26 01:19:07 #botcommandtest @James8579ALT#3745: c
2018-04-26 01:19:08 #botcommandtest @Synapse#0692: 
2018-04-26 01:19:08 #botcommandtest @Synapse#0692 edited message from 2018-04-26 01:19:08 () to read: 
2018-04-26 01:19:25 #botcommandtest @James8579ALT#3745: p
2018-04-26 01:19:25 #botcommandtest @Synapse#0692: 
2018-04-26 01:19:26 #botcommandtest @Synapse#0692 edited message from 2018-04-26 01:19:25 () to read: 
2018-04-26 01:19:42 #botcommandtest @James8579ALT#3745: t
2018-04-26 01:19:42 #botcommandtest @Synapse#0692: 
2018-04-26 01:19:43 #botcommandtest @Synapse#0692 edited message from 2018-04-26 01:19:42 () to read: 
2018-04-26 01:20:09 #botcommandtest @James8579ALT#3745: n
2018-04-26 01:20:09 #botcommandtest @Synapse#0692: 
2018-04-26 01:20:09 #botcommandtest @Synapse#0692 edited message from 2018-04-26 01:20:09 () to read: 
2018-04-26 01:20:27 #botcommandtest @James8579ALT#3745: l
2018-04-26 01:20:27 #botcommandtest @Synapse#0692: 
2018-04-26 01:20:27 #botcommandtest @Synapse#0692 edited message from 2018-04-26 01:20:27 () to read: 
2018-04-26 01:20:45 #botcommandtest @James8579ALT#3745: g
2018-04-26 01:20:46 #botcommandtest @Synapse#0692: 
2018-04-26 01:20:46 #botcommandtest @Synapse#0692 edited message from 2018-04-26 01:20:46 () to read: 
2018-04-26 01:21:21 #botcommandtest @James8579ALT#3745: j
2018-04-26 01:21:21 #botcommandtest @Synapse#0692: 
2018-04-26 01:21:21 #botcommandtest @Synapse#0692 edited message from 2018-04-26 01:21:21 () to read: 
2018-04-26 01:22:09 #botcommandtest @James8579ALT#3745: k
2018-04-26 01:22:09 #botcommandtest @Synapse#0692: 
2018-04-26 01:22:09 #botcommandtest @Synapse#0692 edited message from 2018-04-26 01:22:09 () to read: 
2018-04-26 01:22:22 #botcommandtest @James8579ALT#3745: p
2018-04-26 01:22:22 #botcommandtest @Synapse#0692: 
2018-04-26 01:22:23 #botcommandtest @Synapse#0692 edited message from 2018-04-26 01:22:22 () to read: 
2018-04-26 01:22:40 #botcommandtest @James8579ALT#3745: y
2018-04-26 01:22:40 #botcommandtest @Synapse#0692: 
2018-04-26 01:22:40 #botcommandtest @Synapse#0692 edited message from 2018-04-26 01:22:40 () to read: 
2018-04-26 01:23:12 #botcommandtest @James8579ALT#3745: s
2018-04-26 01:23:12 #botcommandtest @Synapse#0692: 
2018-04-26 01:23:13 #botcommandtest @Synapse#0692 edited message from 2018-04-26 01:23:12 () to read: 
2018-04-26 01:23:29 #botcommandtest @James8579ALT#3745: .hangman
2018-04-26 01:23:29 #botcommandtest @Synapse#0692: 
2018-04-26 01:23:29 #botcommandtest @Synapse#0692 edited message from 2018-04-26 01:23:29 () to read: 
2018-04-26 01:23:35 #botcommandtest @James8579ALT#3745: a
2018-04-26 01:23:35 #botcommandtest @Synapse#0692: 
2018-04-26 01:23:35 #botcommandtest @Synapse#0692 edited message from 2018-04-26 01:23:35 () to read: 
2018-04-26 01:23:39 #botcommandtest @James8579ALT#3745: e
2018-04-26 01:23:39 #botcommandtest @Synapse#0692: 
2018-04-26 01:23:41 #botcommandtest @Synapse#0692 edited message from 2018-04-26 01:23:39 () to read: 
2018-04-26 01:23:45 #botcommandtest @James8579ALT#3745: i
2018-04-26 01:23:46 #botcommandtest @Synapse#0692: 
2018-04-26 01:23:46 #botcommandtest @Synapse#0692 edited message from 2018-04-26 01:23:46 () to read: 
2018-04-26 01:23:50 #botcommandtest @James8579ALT#3745: o
2018-04-26 01:23:50 #botcommandtest @Synapse#0692: 
2018-04-26 01:23:51 #botcommandtest @Synapse#0692 edited message from 2018-04-26 01:23:50 () to read: 
2018-04-26 01:23:54 #botcommandtest @James8579ALT#3745: u
2018-04-26 01:23:55 #botcommandtest @Synapse#0692: 
2018-04-26 01:23:55 #botcommandtest @Synapse#0692 edited message from 2018-04-26 01:23:55 () to read: 
2018-04-26 01:24:05 #botcommandtest @James8579ALT#3745: t
2018-04-26 01:24:05 #botcommandtest @Synapse#0692: 
2018-04-26 01:24:06 #botcommandtest @Synapse#0692 edited message from 2018-04-26 01:24:05 () to read: 
2018-04-26 01:24:11 #botcommandtest @James8579ALT#3745: g
2018-04-26 01:24:12 #botcommandtest @Synapse#0692: 
2018-04-26 01:24:12 #botcommandtest @Synapse#0692 edited message from 2018-04-26 01:24:12 () to read: 
2018-04-26 01:24:16 #botcommandtest @James8579ALT#3745: h
2018-04-26 01:24:16 #botcommandtest @Synapse#0692: 
2018-04-26 01:24:17 #botcommandtest @Synapse#0692 edited message from 2018-04-26 01:24:16 () to read: 
2018-04-26 01:24:21 #botcommandtest @James8579ALT#3745: c
2018-04-26 01:24:22 #botcommandtest @Synapse#0692: 
2018-04-26 01:24:24 #botcommandtest @Synapse#0692 edited message from 2018-04-26 01:24:22 () to read: 
2018-04-26 01:24:22 #botcommandtest @James8579ALT#3745: f
2018-04-26 01:24:23 #botcommandtest @James8579ALT#3745: t
2018-04-26 01:24:24 #botcommandtest @James8579ALT#3745: u
2018-04-26 01:24:25 #botcommandtest @James8579ALT#3745: e
2018-04-26 01:24:25 #botcommandtest @Synapse#0692: 
2018-04-26 01:24:25 #botcommandtest @Synapse#0692 edited message from 2018-04-26 01:24:25 () to read: 
2018-04-26 01:24:26 #botcommandtest @James8579ALT#3745: s
2018-04-26 01:24:26 #botcommandtest @James8579ALT#3745: f
2018-04-26 01:24:27 #botcommandtest @James8579ALT#3745: y
2018-04-26 01:24:28 #botcommandtest @James8579ALT#3745: w
2018-04-26 01:24:28 #botcommandtest @Synapse#0692: 
2018-04-26 01:24:28 #botcommandtest @Synapse#0692 edited message from 2018-04-26 01:24:28 () to read: 
2018-04-26 01:24:30 #botcommandtest @James8579ALT#3745: t
2018-04-26 01:24:30 #botcommandtest @Synapse#0692: 
2018-04-26 01:24:30 #botcommandtest @Synapse#0692 edited message from 2018-04-26 01:24:30 () to read: 
2018-04-26 01:24:58 #botcommandtest @James8579ALT#3745: s
2018-04-26 01:24:58 #botcommandtest @Synapse#0692: 
2018-04-26 01:24:59 #botcommandtest @Synapse#0692 edited message from 2018-04-26 01:24:58 () to read: 
2018-04-26 01:25:05 #botcommandtest @James8579ALT#3745: y
2018-04-26 01:25:05 #botcommandtest @Synapse#0692: 
2018-04-26 01:25:06 #botcommandtest @Synapse#0692 edited message from 2018-04-26 01:25:05 () to read: 
2018-04-26 01:25:28 #botcommandtest @James8579ALT#3745: n
2018-04-26 01:25:28 #botcommandtest @Synapse#0692: 
2018-04-26 01:25:28 #botcommandtest @Synapse#0692 edited message from 2018-04-26 01:25:28 () to read: 
2018-04-26 01:25:29 #botcommandtest @James8579ALT#3745: m
2018-04-26 01:25:29 #botcommandtest @Synapse#0692: 
2018-04-26 01:25:30 #botcommandtest @Synapse#0692 edited message from 2018-04-26 01:25:29 () to read: 
2018-04-26 01:25:36 #botcommandtest @James8579ALT#3745: .hangman
2018-04-26 01:25:36 #botcommandtest @Synapse#0692: 
2018-04-26 01:25:36 #botcommandtest @Synapse#0692 edited message from 2018-04-26 01:25:36 () to read: 
2018-04-26 01:25:41 #botcommandtest @James8579ALT#3745: a
2018-04-26 01:25:42 #botcommandtest @Synapse#0692: 
2018-04-26 01:25:42 #botcommandtest @Synapse#0692 edited message from 2018-04-26 01:25:42 () to read: 
2018-04-26 01:25:44 #botcommandtest @James8579ALT#3745: e
2018-04-26 01:25:44 #botcommandtest @Synapse#0692: 
2018-04-26 01:25:45 #botcommandtest @Synapse#0692 edited message from 2018-04-26 01:25:44 () to read: 
2018-04-26 01:25:48 #botcommandtest @James8579ALT#3745: o
2018-04-26 01:25:49 #botcommandtest @Synapse#0692: 
2018-04-26 01:25:49 #botcommandtest @Synapse#0692 edited message from 2018-04-26 01:25:49 () to read: 
2018-04-26 01:25:53 #botcommandtest @James8579ALT#3745: i
2018-04-26 01:25:54 #botcommandtest @Synapse#0692: 
2018-04-26 01:25:54 #botcommandtest @Synapse#0692 edited message from 2018-04-26 01:25:54 () to read: 
2018-04-26 01:25:57 #botcommandtest @James8579ALT#3745: u
2018-04-26 01:25:57 #botcommandtest @Synapse#0692: 
2018-04-26 01:25:57 #botcommandtest @Synapse#0692 edited message from 2018-04-26 01:25:57 () to read: 
2018-04-26 01:26:23 #botcommandtest @James8579ALT#3745: t
2018-04-26 01:26:23 #botcommandtest @Synapse#0692: 
2018-04-26 01:26:23 #botcommandtest @Synapse#0692 edited message from 2018-04-26 01:26:23 () to read: 
2018-04-26 01:26:27 #botcommandtest @James8579ALT#3745: h
2018-04-26 01:26:27 #botcommandtest @Synapse#0692: 
2018-04-26 01:26:27 #botcommandtest @Synapse#0692 edited message from 2018-04-26 01:26:27 () to read: 
2018-04-26 01:26:46 #botcommandtest @James8579ALT#3745: f
2018-04-26 01:26:46 #botcommandtest @Synapse#0692: 
2018-04-26 01:26:46 #botcommandtest @Synapse#0692 edited message from 2018-04-26 01:26:46 () to read: 
2018-04-26 01:26:51 #botcommandtest @James8579ALT#3745: g
2018-04-26 01:26:51 #botcommandtest @Synapse#0692: 
2018-04-26 01:26:51 #botcommandtest @Synapse#0692 edited message from 2018-04-26 01:26:51 () to read: 
2018-04-26 01:26:55 #botcommandtest @James8579ALT#3745: j
2018-04-26 01:26:55 #botcommandtest @Synapse#0692: 
2018-04-26 01:26:56 #botcommandtest @Synapse#0692 edited message from 2018-04-26 01:26:55 () to read: 
2018-04-26 01:26:55 #botcommandtest @Synapse#0692: 
2018-04-26 01:26:56 #botcommandtest @Synapse#0692 edited message from 2018-04-26 01:26:55 () to read: 
2018-04-26 01:27:34 #botcommandtest @James8579ALT#3745: .pokemon
2018-04-26 01:27:42 #botcommandtest @James8579ALT#3745: .cmds pokemon
2018-04-26 01:27:43 #botcommandtest @Synapse#0692: 
2018-04-26 01:27:43 #botcommandtest @Synapse#0692 edited message from 2018-04-26 01:27:43 () to read: 
2018-04-26 01:27:52 #botcommandtest @James8579ALT#3745: .movelist
2018-04-26 01:27:52 #botcommandtest @Synapse#0692: 
2018-04-26 01:27:52 #botcommandtest @Synapse#0692 edited message from 2018-04-26 01:27:52 () to read: 
2018-04-26 01:28:04 #botcommandtest @James8579ALT#3745: .attack
2018-04-26 01:28:17 #botcommandtest @James8579ALT#3745: .settype
2018-04-26 01:28:17 #botcommandtest @Synapse#0692: 
2018-04-26 01:28:18 #botcommandtest @Synapse#0692 edited message from 2018-04-26 01:28:17 () to read: 
2018-04-26 01:28:53 #botcommandtest @James8579ALT#3745: .settype dragon ghost
2018-04-26 01:28:53 #botcommandtest @Synapse#0692: 
2018-04-26 01:28:54 #botcommandtest @Synapse#0692 edited message from 2018-04-26 01:28:53 () to read: 
2018-04-26 01:29:22 #botcommandtest @James8579ALT#3745: .type dragon
2018-04-26 01:29:25 #botcommandtest @James8579ALT#3745: .type
2018-04-26 01:29:26 #botcommandtest @Synapse#0692: 
2018-04-26 01:29:26 #botcommandtest @Synapse#0692 edited message from 2018-04-26 01:29:26 () to read: 
2018-04-26 01:29:44 #botcommandtest @James8579ALT#3745: .heal
2018-04-26 01:29:44 #botcommandtest @Synapse#0692: 
2018-04-26 01:29:44 #botcommandtest @Synapse#0692 edited message from 2018-04-26 01:29:44 () to read: 
2018-04-26 01:29:53 #botcommandtest @James8579ALT#3745: .heal
2018-04-26 01:29:53 #botcommandtest @Synapse#0692: 
2018-04-26 01:29:55 #botcommandtest @Synapse#0692 edited message from 2018-04-26 01:29:53 () to read: 
2018-04-26 01:30:09 #botcommandtest @James8579ALT#3745: .attack low kick
2018-04-26 01:30:18 #botcommandtest @James8579ALT#3745: .attacklowkick
2018-04-26 01:30:38 #botcommandtest @James8579ALT#3745: .clearchat
2018-04-26 01:30:42 #botcommandtest @James8579ALT#3745: .clear chat
2018-04-26 01:31:11 #botcommandtest @James8579ALT#3745: .cmds music
2018-04-26 01:31:11 #botcommandtest @Synapse#0692: 
2018-04-26 01:31:12 #botcommandtest @Synapse#0692 edited message from 2018-04-26 01:31:11 () to read: 
2018-04-26 01:31:21 #botcommandtest @James8579ALT#3745: .local
2018-04-26 01:31:41 #botcommandtest @James8579ALT#3745: .h .move
2018-04-26 01:31:41 #botcommandtest @Synapse#0692: 
2018-04-26 01:31:41 #botcommandtest @Synapse#0692 edited message from 2018-04-26 01:31:41 () to read: 
2018-04-26 01:32:00 #botcommandtest @James8579ALT#3745: .h .play
2018-04-26 01:32:00 #botcommandtest @Synapse#0692: 
2018-04-26 01:32:01 #botcommandtest @Synapse#0692 edited message from 2018-04-26 01:32:00 () to read: 
2018-04-26 01:32:15 #botcommandtest @James8579ALT#3745: .play
2018-04-26 01:32:15 #botcommandtest @Synapse#0692: 
2018-04-26 01:32:16 #botcommandtest @Synapse#0692 edited message from 2018-04-26 01:32:15 () to read: 
2018-04-26 01:32:28 #botcommandtest @James8579ALT#3745: .play
2018-04-26 01:32:47 #botcommandtest @James8579ALT#3745: .play 5
2018-04-26 01:32:59 #botcommandtest @James8579ALT#3745: .move
2018-04-26 01:33:03 #botcommandtest @James8579ALT#3745: .play
2018-04-26 01:33:09 #botcommandtest @James8579ALT#3745: .play5
2018-04-26 01:33:48 #botcommandtest @James8579ALT#3745: .autoplay
2018-04-26 01:33:48 #botcommandtest @Synapse#0692: 
2018-04-26 01:33:49 #botcommandtest @Synapse#0692 edited message from 2018-04-26 01:33:48 () to read: 
2018-04-26 01:34:25 #botcommandtest @James8579ALT#3745: .play unity TFR
2018-04-26 01:34:29 #botcommandtest @Synapse#0692: 
2018-04-26 01:34:30 #botcommandtest @Synapse#0692 edited message from 2018-04-26 01:34:29 () to read: 
2018-04-26 01:34:31 #botcommandtest @Synapse#0692: 
2018-04-26 01:34:33 #botcommandtest @Synapse#0692 edited message from 2018-04-26 01:34:31 () to read: 
2018-04-26 01:34:40 #botcommandtest @James8579ALT#3745 deleted message from 2018-04-26 01:34:25 (.play unity TFR)
2018-04-26 01:34:40 #botcommandtest @Synapse#0692 deleted message from 2018-04-26 01:34:29 ()
2018-04-26 01:34:46 #botcommandtest @James8579ALT#3745: .stop
2018-04-26 01:34:46 #botcommandtest @Synapse#0692: 
2018-04-26 01:34:47 #botcommandtest @Synapse#0692 edited message from 2018-04-26 01:34:46 () to read: 
2018-04-26 01:34:56 #botcommandtest @James8579ALT#3745: .move
2018-04-26 01:38:50 #botcommandtest @James8579ALT#3745: .autodisconnect
2018-04-26 01:38:50 #botcommandtest @Synapse#0692: 
2018-04-26 01:38:50 #botcommandtest @Synapse#0692 edited message from 2018-04-26 01:38:50 () to read: 
2018-04-26 01:39:28 #botcommandtest @James8579ALT#3745: .playlistshow
2018-04-26 01:39:34 #botcommandtest @James8579ALT#3745: .playlist
2018-04-26 01:39:43 #botcommandtest @James8579ALT#3745: .h .playlist
2018-04-26 01:39:43 #botcommandtest @Synapse#0692: 
2018-04-26 01:39:44 #botcommandtest @Synapse#0692 edited message from 2018-04-26 01:39:43 () to read: 
2018-04-26 01:44:47 #botcommandtest @James8579ALT#3745: .pl <youtube_playlist_PLSylYdRmcXjEFttfcNZSgW3DCNx5EBpYF>
2018-04-26 01:44:47 #botcommandtest @Synapse#0692: 
2018-04-26 01:44:48 #botcommandtest @Synapse#0692 edited message from 2018-04-26 01:44:47 () to read: 
2018-04-26 01:45:07 #botcommandtest @James8579ALT#3745: .pl <youtube_playlist_PLSylYdRmcXjEFttfcNZSgW3DCNx5EBpYF>
2018-04-26 01:45:07 #botcommandtest @Synapse#0692: 
2018-04-26 01:45:07 #botcommandtest @Synapse#0692 edited message from 2018-04-26 01:45:07 () to read: 
2018-04-26 01:45:54 #botcommandtest @James8579ALT#3745: .pl <youtube_playlist_https://www.youtube.com/playlist?list=PLSylYdRmcXjEFttfcNZSgW3DCNx5EBpYF>
2018-04-26 01:45:54 #botcommandtest @James8579ALT#3745 edited message from 2018-04-26 01:45:54 (.pl <youtube_playlist_https://www.youtube.com/playlist?list=PLSylYdRmcXjEFttfcNZSgW3DCNx5EBpYF>) to read: .pl <youtube_playlist_https://www.youtube.com/playlist?list=PLSylYdRmcXjEFttfcNZSgW3DCNx5EBpYF>
2018-04-26 01:46:31 #botcommandtest @James8579ALT#3745: .pl <youtube_playlist_https://www.youtube.com/playlist?list=PLSylYdRmcXjEFttfcNZSgW3DCNx5EBpYF>
2018-04-26 01:47:21 #botcommandtest @James8579ALT#3745: .play unity
2018-04-26 01:47:21 #botcommandtest @Synapse#0692: 
2018-04-26 01:47:21 #botcommandtest @Synapse#0692 edited message from 2018-04-26 01:47:21 () to read: 
2018-04-26 01:47:31 #botcommandtest @James8579ALT#3745: .move
2018-04-26 01:47:40 #botcommandtest @James8579ALT#3745: .play unity
2018-04-26 01:47:41 #botcommandtest @Synapse#0692: 
2018-04-26 01:47:41 #botcommandtest @Synapse#0692 edited message from 2018-04-26 01:47:41 () to read: 
2018-04-26 01:47:41 #botcommandtest @Synapse#0692: 
2018-04-26 01:47:41 #botcommandtest @Synapse#0692 edited message from 2018-04-26 01:47:41 () to read: 
2018-04-26 01:47:50 #botcommandtest @James8579ALT#3745: .play
2018-04-26 01:47:51 #botcommandtest @Synapse#0692 deleted message from 2018-04-26 01:47:41 ()
2018-04-26 01:47:51 #botcommandtest @Synapse#0692: 
2018-04-26 01:47:52 #botcommandtest @Synapse#0692 edited message from 2018-04-26 01:47:51 () to read: 
2018-04-26 01:47:52 #botcommandtest @Synapse#0692 deleted message from 2018-04-26 01:34:31 ()
2018-04-26 01:47:52 #botcommandtest @Synapse#0692 deleted message from 2018-04-26 01:47:41 ()
2018-04-26 01:47:54 #botcommandtest @James8579ALT#3745 deleted message from 2018-04-26 01:47:40 (.play unity)
2018-04-26 01:48:09 #botcommandtest @James8579ALT#3745: .stop
2018-04-26 01:48:09 #botcommandtest @Synapse#0692: 
2018-04-26 01:48:10 #botcommandtest @Synapse#0692 deleted message from 2018-04-26 01:34:46 ()
2018-04-26 01:48:10 #botcommandtest @Synapse#0692 edited message from 2018-04-26 01:48:09 () to read: 
2018-04-26 01:48:33 #botcommandtest @James8579ALT#3745: .cmds xp
2018-04-26 01:48:33 #botcommandtest @Synapse#0692: 
2018-04-26 01:48:33 #botcommandtest @Synapse#0692 edited message from 2018-04-26 01:48:33 () to read: 
2018-04-26 01:49:02 #botcommandtest @James8579ALT#3745: .xprolerreward
2018-04-26 01:49:09 #botcommandtest @James8579ALT#3745: .xprr
2018-04-26 01:49:22 #botcommandtest @James8579ALT#3745: .xpn
2018-04-26 01:49:23 #botcommandtest @Synapse#0692: 
2018-04-26 01:49:23 #botcommandtest @Synapse#0692 edited message from 2018-04-26 01:49:23 () to read: 
2018-04-26 01:49:34 #botcommandtest @James8579ALT#3745: .xprr 5
2018-04-26 01:49:34 #botcommandtest @Synapse#0692: 
2018-04-26 01:49:35 #botcommandtest @Synapse#0692 edited message from 2018-04-26 01:49:34 () to read: 
2018-04-26 01:49:54 #botcommandtest @James8579ALT#3745: .xprr 100000000000000000000000000
2018-04-26 01:50:35 #botcommandtest @James8579ALT#3745: .xpreset
2018-04-26 01:50:35 #botcommandtest @Synapse#0692: 
2018-04-26 01:50:36 #botcommandtest @Synapse#0692 edited message from 2018-04-26 01:50:35 () to read: 
2018-04-26 01:50:40 #botcommandtest @James8579ALT#3745: yes
2018-04-26 01:50:42 #botcommandtest @Synapse#0692 deleted message from 2018-04-26 01:50:35 ()
2018-04-26 01:50:42 #botcommandtest @Synapse#0692: 
2018-04-26 01:50:42 #botcommandtest @Synapse#0692 edited message from 2018-04-26 01:50:42 () to read: 
2018-04-26 01:50:43 #botcommandtest @James8579ALT#3745 deleted message from 2018-04-26 01:50:40 (yes)
