2018-05-01 14:10:16 #Leader Voice channel join: Rythm#3722 (id 235088799074484224)
2018-05-01 14:12:34 #Leader Voice channel leave: Orkan#8385 (id 376424272752541708) moving to sous la couette
2018-05-01 14:12:44 #Leader Voice channel join: Orkan#8385 (id 376424272752541708), moved from sous la couette
2018-05-01 14:12:51 #Leader Voice channel leave: Orkan#8385 (id 376424272752541708) moving to Attend 2spi room
2018-05-01 14:12:55 #Leader Voice channel join: Orkan#8385 (id 376424272752541708), moved from Attend 2spi room
2018-05-01 14:20:18 #Leader Voice channel leave: triton#2013 (id 215248809737846784) moving to General
2018-05-01 14:24:07 #Leader Voice channel leave: Rythm#3722 (id 235088799074484224) moving to victims-room
2018-05-01 14:34:51 #Leader Voice channel leave: Orkan#8385 (id 376424272752541708) moving to On try de make le Rainbow role
2018-05-01 14:34:51 #Leader Voice channel leave: Elixyr#7297 (id 376454908078981121) moving to On try de make le Rainbow role
2018-05-02 10:39:45 #Leader Voice channel join: Orkan#8385 (id 376424272752541708)
2018-05-02 10:40:52 #Leader Voice channel join: Elixyr#7297 (id 376454908078981121)
2018-05-02 10:42:34 #Leader Voice channel leave: Elixyr#7297 (id 376454908078981121)
2018-05-02 10:42:36 #Leader Voice channel join: Elixyr#7297 (id 376454908078981121)
2018-05-02 10:49:54 #Leader Voice channel join: Synerax !#9731 (id 276392321799684096), moved from General, flags: self_mute
2018-05-02 10:49:58 #Leader Server self-unmute: Synerax !#9731 (id 276392321799684096)
2018-05-02 10:52:49 #Leader Voice channel join: messka#6378 (id 368867631345696770), moved from General
2018-05-02 10:54:40 #Leader Voice channel join: Godiish#8370 (id 408220455447691265), moved from General
2018-05-02 10:54:52 #Leader Server self-mute: Godiish#8370 (id 408220455447691265)
2018-05-02 10:55:23 #Leader Voice channel leave: Godiish#8370 (id 408220455447691265)
2018-05-02 10:56:32 #Leader Server self-mute: Synerax !#9731 (id 276392321799684096)
2018-05-02 10:56:54 #Leader Server self-unmute: Synerax !#9731 (id 276392321799684096)
2018-05-02 10:56:56 #Leader Server self-mute: Synerax !#9731 (id 276392321799684096)
2018-05-02 10:57:00 #Leader Server self-unmute: Synerax !#9731 (id 276392321799684096)
2018-05-02 10:58:09 #Leader Server self-mute: Synerax !#9731 (id 276392321799684096)
2018-05-02 10:58:15 #Leader Server self-unmute: Synerax !#9731 (id 276392321799684096)
2018-05-02 10:58:16 #Leader Server self-mute: Synerax !#9731 (id 276392321799684096)
2018-05-02 10:58:29 #Leader Server self-unmute: Synerax !#9731 (id 276392321799684096)
2018-05-02 10:58:30 #Leader Server self-mute: Synerax !#9731 (id 276392321799684096)
2018-05-02 10:58:36 #Leader Server self-unmute: Synerax !#9731 (id 276392321799684096)
2018-05-02 10:58:37 #Leader Server self-mute: Synerax !#9731 (id 276392321799684096)
2018-05-02 10:59:16 #Leader Voice channel leave: Orkan#8385 (id 376424272752541708) moving to Squad
2018-05-02 10:59:20 #Leader Voice channel leave: Elixyr#7297 (id 376454908078981121) moving to Squad
2018-05-02 10:59:23 #Leader Voice channel leave: messka#6378 (id 368867631345696770)
2018-05-02 10:59:26 #Leader Voice channel leave: Synerax !#9731 (id 276392321799684096)
2018-05-02 10:59:34 #Leader Voice channel join: Elixyr#7297 (id 376454908078981121), moved from Squad
2018-05-02 10:59:46 #Leader Voice channel join: Synerax !#9731 (id 276392321799684096), moved from General, flags: self_mute
2018-05-02 10:59:50 #Leader Server self-unmute: Synerax !#9731 (id 276392321799684096)
2018-05-02 10:59:57 #Leader Voice channel join: Orkan#8385 (id 376424272752541708), moved from Squad
2018-05-02 11:00:09 #Leader Voice channel join: messka#6378 (id 368867631345696770), moved from General
2018-05-02 11:00:37 #Leader Voice channel join: Skan#9689 (id 281438165510651915), moved from General
2018-05-02 11:00:53 #Leader Server self-mute: Synerax !#9731 (id 276392321799684096)
2018-05-02 11:00:56 #Leader Server self-unmute: Synerax !#9731 (id 276392321799684096)
2018-05-02 11:00:59 #Leader Server self-mute: Synerax !#9731 (id 276392321799684096)
2018-05-02 11:01:02 #Leader Server self-unmute: Synerax !#9731 (id 276392321799684096)
2018-05-02 11:01:05 #Leader Server self-mute: Synerax !#9731 (id 276392321799684096)
2018-05-02 11:02:22 #Leader Server self-mute: Synerax !#9731 (id 276392321799684096)
2018-05-02 11:02:39 #Leader Server self-unmute: Synerax !#9731 (id 276392321799684096)
2018-05-02 11:02:41 #Leader Server self-mute: Synerax !#9731 (id 276392321799684096)
2018-05-02 11:02:44 #Leader Server self-unmute: Synerax !#9731 (id 276392321799684096)
2018-05-02 11:02:47 #Leader Server self-mute: Synerax !#9731 (id 276392321799684096)
2018-05-02 11:02:54 #Leader Server self-unmute: Synerax !#9731 (id 276392321799684096)
2018-05-02 11:03:30 #Leader Server self-unmute: Synerax !#9731 (id 276392321799684096)
2018-05-02 11:08:13 #Leader Voice channel leave: messka#6378 (id 368867631345696770)
2018-05-02 11:08:49 #Leader Server self-mute: Synerax !#9731 (id 276392321799684096)
2018-05-02 11:09:07 #Leader Server self-unmute: Synerax !#9731 (id 276392321799684096)
2018-05-02 11:09:09 #Leader Server self-mute: Synerax !#9731 (id 276392321799684096)
2018-05-02 11:09:16 #Leader Server self-unmute: Synerax !#9731 (id 276392321799684096)
2018-05-02 11:09:19 #Leader Server self-mute: Synerax !#9731 (id 276392321799684096)
2018-05-02 11:09:50 #Leader Server self-unmute: Synerax !#9731 (id 276392321799684096)
2018-05-02 11:09:55 #Leader Server self-mute: Synerax !#9731 (id 276392321799684096)
2018-05-02 11:10:00 #Leader Server self-unmute: Synerax !#9731 (id 276392321799684096)
2018-05-02 11:10:09 #Leader Server self-mute: Synerax !#9731 (id 276392321799684096)
2018-05-02 11:10:09 #Leader Server self-unmute: Synerax !#9731 (id 276392321799684096)
2018-05-02 11:10:16 #Leader Server self-mute: Synerax !#9731 (id 276392321799684096)
2018-05-02 11:10:16 #Leader Server self-unmute: Synerax !#9731 (id 276392321799684096)
2018-05-02 11:10:18 #Leader Server self-mute: Synerax !#9731 (id 276392321799684096)
2018-05-02 11:11:28 #Leader Server self-unmute: Synerax !#9731 (id 276392321799684096)
2018-05-02 11:11:29 #Leader Server self-mute: Synerax !#9731 (id 276392321799684096)
2018-05-02 11:11:30 #Leader Server self-unmute: Synerax !#9731 (id 276392321799684096)
2018-05-02 11:11:40 #Leader Server self-mute: Synerax !#9731 (id 276392321799684096)
2018-05-02 11:11:42 #Leader Server self-unmute: Synerax !#9731 (id 276392321799684096)
2018-05-02 11:11:52 #Leader Server self-mute: Synerax !#9731 (id 276392321799684096)
2018-05-02 11:11:55 #Leader Server self-unmute: Synerax !#9731 (id 276392321799684096)
2018-05-02 11:11:57 #Leader Server self-mute: Synerax !#9731 (id 276392321799684096)
2018-05-02 11:12:03 #Leader Voice channel leave: Elixyr#7297 (id 376454908078981121)
2018-05-02 11:12:10 #Leader Server self-unmute: Synerax !#9731 (id 276392321799684096)
2018-05-02 11:12:33 #Leader Voice channel join: Elixyr#7297 (id 376454908078981121)
2018-05-02 11:14:58 #Leader Voice channel join: Sartek#6080 (id 323461727096406016), moved from General, flags: self_mute
2018-05-02 11:16:49 #Leader Server self-unmute: Sartek#6080 (id 323461727096406016)
2018-05-02 11:18:38 #Leader Server self-mute: Sartek#6080 (id 323461727096406016)
2018-05-02 11:24:24 #Leader Server self-mute: Synerax !#9731 (id 276392321799684096)
2018-05-02 11:24:48 #Leader Server self-unmute: Synerax !#9731 (id 276392321799684096)
2018-05-02 11:26:56 #Leader Voice channel leave: Elixyr#7297 (id 376454908078981121)
2018-05-02 11:28:41 #Leader Voice channel join: Rythm#3722 (id 235088799074484224)
2018-05-02 11:31:16 #Leader Voice channel leave: Sartek#6080 (id 323461727096406016)
2018-05-02 11:36:26 #Leader Voice channel leave: Skan#9689 (id 281438165510651915)
2018-05-02 11:37:02 #Leader Voice channel leave: Rythm#3722 (id 235088799074484224)
2018-05-02 11:40:43 #Leader Server self-deafen: Orkan#8385 (id 376424272752541708)
2018-05-02 11:40:43 #Leader Server self-mute: Orkan#8385 (id 376424272752541708)
2018-05-02 11:41:18 #Leader Voice channel leave: Synerax !#9731 (id 276392321799684096)
2018-05-02 12:21:17 #Leader Voice channel leave: Orkan#8385 (id 376424272752541708)
2018-05-02 12:54:36 #Leader Voice channel join: Orkan#8385 (id 376424272752541708), flags: self_deaf,self_mute
2018-05-02 12:55:22 #Leader Server self-undeafen: Orkan#8385 (id 376424272752541708)
2018-05-02 12:55:22 #Leader Server self-unmute: Orkan#8385 (id 376424272752541708)
2018-05-02 13:01:09 #Leader Voice channel join: FredBoat♪♪#7284 (id 184405311681986560)
2018-05-02 13:04:04 #Leader Voice channel leave: FredBoat♪♪#7284 (id 184405311681986560) moving to LaMangeTaMere room
2018-05-02 13:04:06 #Leader Voice channel join: messka#6378 (id 368867631345696770), moved from General
2018-05-02 13:04:23 #Leader Voice channel leave: Orkan#8385 (id 376424272752541708)
2018-05-02 13:04:28 #Leader Voice channel join: Orkan#8385 (id 376424272752541708)
2018-05-02 13:04:38 #Leader Server self-mute: Orkan#8385 (id 376424272752541708)
2018-05-02 13:05:17 #Leader Server self-unmute: Orkan#8385 (id 376424272752541708)
2018-05-02 13:08:09 #Leader Server self-undeafen: Orkan#8385 (id 376424272752541708)
2018-05-02 13:08:09 #Leader Server self-unmute: Orkan#8385 (id 376424272752541708)
2018-05-02 13:08:19 #Leader Server self-mute: Orkan#8385 (id 376424272752541708)
2018-05-02 13:08:19 #Leader Voice channel leave: Orkan#8385 (id 376424272752541708)
2018-05-02 13:08:47 #Leader Voice channel leave: messka#6378 (id 368867631345696770)
