2018-04-24 10:30:05 #GTA V Voice channel join: DidorDi#1270 (id 314132042462003201)
2018-04-24 10:30:13 #GTA V Voice channel join: Ник Уайлд#8982 (id 418788647832387584), moved from голосовой 1
2018-04-24 10:33:23 #GTA V Server self-mute: DidorDi#1270 (id 314132042462003201)
2018-04-24 10:33:30 #GTA V Server self-unmute: DidorDi#1270 (id 314132042462003201)
2018-04-24 10:33:49 #GTA V Server self-deafen: DidorDi#1270 (id 314132042462003201)
2018-04-24 10:33:49 #GTA V Server self-mute: DidorDi#1270 (id 314132042462003201)
2018-04-24 10:33:54 #GTA V Server self-undeafen: DidorDi#1270 (id 314132042462003201)
2018-04-24 10:33:54 #GTA V Server self-unmute: DidorDi#1270 (id 314132042462003201)
2018-04-24 10:34:34 #GTA V Server self-mute: DidorDi#1270 (id 314132042462003201)
2018-04-24 10:40:21 #GTA V Server self-unmute: DidorDi#1270 (id 314132042462003201)
2018-04-24 10:40:30 #GTA V Voice channel leave: DidorDi#1270 (id 314132042462003201)
2018-04-24 10:42:10 #GTA V Voice channel leave: Ник Уайлд#8982 (id 418788647832387584)
2018-04-24 10:42:18 #GTA V Voice channel join: Ник Уайлд#8982 (id 418788647832387584)
2018-04-24 10:42:28 #GTA V Voice channel join: DidorDi#1270 (id 314132042462003201)
2018-04-24 10:42:51 #GTA V Voice channel leave: Ник Уайлд#8982 (id 418788647832387584)
2018-04-24 10:42:52 #GTA V Voice channel join: Ник Уайлд#8982 (id 418788647832387584)
2018-04-24 10:42:58 #GTA V Voice channel leave: Ник Уайлд#8982 (id 418788647832387584)
2018-04-24 10:43:00 #GTA V Voice channel join: Ник Уайлд#8982 (id 418788647832387584)
2018-04-24 10:43:02 #GTA V Voice channel leave: Ник Уайлд#8982 (id 418788647832387584)
2018-04-24 10:43:13 #GTA V Voice channel join: Ник Уайлд#8982 (id 418788647832387584), flags: self_mute
2018-04-24 10:43:13 #GTA V Server self-unmute: Ник Уайлд#8982 (id 418788647832387584)
2018-04-24 10:43:26 #GTA V Voice channel leave: Ник Уайлд#8982 (id 418788647832387584)
2018-04-24 10:43:27 #GTA V Voice channel join: Ник Уайлд#8982 (id 418788647832387584)
2018-04-24 10:44:07 #GTA V Voice channel leave: Ник Уайлд#8982 (id 418788647832387584)
2018-04-24 10:44:14 #GTA V Voice channel join: Ник Уайлд#8982 (id 418788647832387584)
2018-04-24 10:44:36 #GTA V Voice channel leave: Ник Уайлд#8982 (id 418788647832387584)
2018-04-24 10:45:01 #GTA V Voice channel join: Ник Уайлд#8982 (id 418788647832387584)
2018-04-24 10:45:07 #GTA V Voice channel leave: DidorDi#1270 (id 314132042462003201)
2018-04-24 10:45:10 #GTA V Voice channel leave: Ник Уайлд#8982 (id 418788647832387584)
2018-04-24 10:45:57 #GTA V Voice channel join: Ник Уайлд#8982 (id 418788647832387584), moved from голосовой 1
2018-04-24 10:47:36 #GTA V Voice channel leave: Ник Уайлд#8982 (id 418788647832387584)
2018-04-24 10:47:53 #GTA V Voice channel join: Ник Уайлд#8982 (id 418788647832387584), moved from Fortnite DUO#2
2018-04-24 10:48:09 #GTA V Voice channel leave: Ник Уайлд#8982 (id 418788647832387584)
2018-04-24 10:48:12 #GTA V Voice channel join: Ник Уайлд#8982 (id 418788647832387584), moved from Counter-Strike: Global Offensive
2018-04-24 10:48:14 #GTA V Voice channel join: Maxim Uliashev#0707 (id 436903174071386113)
2018-04-24 10:48:16 #GTA V Voice channel join: DidorDi#1270 (id 314132042462003201)
2018-04-24 10:59:14 #GTA V Voice channel join: Vexera#8487 (id 228537642583588864)
2018-04-24 10:59:14 #GTA V Server self-deafen: Vexera#8487 (id 228537642583588864)
2018-04-24 10:59:30 #GTA V Voice channel leave: Vexera#8487 (id 228537642583588864)
2018-04-24 11:00:53 #GTA V Server mute: DidorDi#1270 (id 314132042462003201)
2018-04-24 11:00:54 #GTA V Server unmute: DidorDi#1270 (id 314132042462003201)
2018-04-24 11:00:55 #GTA V Server mute: DidorDi#1270 (id 314132042462003201)
2018-04-24 11:00:56 #GTA V Server unmute: DidorDi#1270 (id 314132042462003201)
2018-04-24 11:01:00 #GTA V Server mute: DidorDi#1270 (id 314132042462003201)
2018-04-24 11:01:02 #GTA V Server unmute: DidorDi#1270 (id 314132042462003201)
2018-04-24 11:01:09 #GTA V Server mute: DidorDi#1270 (id 314132042462003201)
2018-04-24 11:01:18 #GTA V Voice channel leave: Ник Уайлд#8982 (id 418788647832387584) moving to AFK
2018-04-24 11:03:04 #GTA V Voice channel leave: Maxim Uliashev#0707 (id 436903174071386113)
2018-04-24 11:03:49 #GTA V Server unmute: DidorDi#1270 (id 314132042462003201)
2018-04-24 11:04:03 #GTA V Voice channel leave: DidorDi#1270 (id 314132042462003201)
2018-04-24 11:08:28 #GTA V Voice channel join: Ник Уайлд#8982 (id 418788647832387584), moved from AFK
2018-04-24 11:08:29 #GTA V Voice channel leave: Ник Уайлд#8982 (id 418788647832387584) moving to Black Squad
