2018-04-22 17:20:49 #music @Rythm#3722: **Thank you for adding me!** ✅\n`-` My prefix here is `!`\n`-` You can see a list of commands by typing `!help`\n`-` You can change my prefix with `!settings prefix`\n`-` If you need help, feel free to join our support server at **<https://rythmbot.co/support>**\n**By having Rythm in your server and using Rythm, you agree to the following Terms of Service: <https://rythmbot.co/tos>**
2018-04-23 15:11:08 #music @Tatsumaki#8792: 👋🏻 Hey there! I'm **Tatsumaki**.\n**Normal** commands are shown with `t!help` and **moderator** ones are shown with `t@help`.\nI am a versatile bot that aims to increase user activity on your Discord servers.\nAll server and bot settings are shown with `t@help` and can be seen at: **<http://tatsumaki.xyz/settings>**\n\n**|**  Use `t!profile` to display your personal profile card.\n**|**  Use `t!dailies` to get credits every 24 hours.\n**|**  Checkout some cool minigames like `t!fishy` or `t!slots`!\n\nView all commands at: **<http://tatsumaki.xyz/commands>**\nFor help, feedback, bugs, info, changelogs and more, go to **<https://discord.gg/tatsumaki>**
2018-04-28 09:29:43 #music @☣NightWatch☣#6587: !play https://www.youtube.com/watch?v=1jre6_FBBc0
2018-04-28 09:29:43 #music @Rythm#3722: <:youtube:335112740957978625> **Searching** 🔎 `https://www.youtube.com/watch?v=1jre6_FBBc0`
2018-04-28 09:29:43 #music @Rythm#3722: **Playing** 🎶 `Kid Cudi - Pursuit of Happiness (Steve Aoki Remix) - Project X (Official Music Video)` - Now!
2018-04-28 09:29:43 #music @☣NightWatch☣#6587 edited message from 2018-04-28 09:29:43 (!play https://www.youtube.com/watch?v=1jre6_FBBc0) to read: !play https://www.youtube.com/watch?v=1jre6_FBBc0
2018-04-28 09:32:33 #music @☣NightWatch☣#6587: !leave
2018-04-28 09:32:33 #music @Rythm#3722: 📭 **Successfully disconnected**
2018-04-28 09:35:24 #music @Slarky#1182: !play https://www.youtube.com/watch?v=1jre6_FBBc0
2018-04-28 09:35:25 #music @Rythm#3722: <:youtube:335112740957978625> **Searching** 🔎 `https://www.youtube.com/watch?v=1jre6_FBBc0`
2018-04-28 09:35:25 #music @Rythm#3722: **Playing** 🎶 `Kid Cudi - Pursuit of Happiness (Steve Aoki Remix) - Project X (Official Music Video)` - Now!
2018-04-28 09:38:23 #music @☣NightWatch☣#6587: !play https://www.youtube.com/watch?v=m6TXPNybrmk
2018-04-28 09:38:23 #music @Rythm#3722: <:youtube:335112740957978625> **Searching** 🔎 `https://www.youtube.com/watch?v=m6TXPNybrmk`
2018-04-28 09:38:23 #music @Rythm#3722: 
2018-04-28 09:38:24 #music @Rythm#3722 edited message from 2018-04-28 09:38:23 () to read: 
2018-04-28 09:38:26 #music @☣NightWatch☣#6587 edited message from 2018-04-28 09:38:23 (!play https://www.youtube.com/watch?v=m6TXPNybrmk) to read: !play https://www.youtube.com/watch?v=m6TXPNybrmk
2018-04-28 09:38:26 #music @☣NightWatch☣#6587: !skip
2018-04-28 09:38:26 #music @Rythm#3722: ⏩ ***Skipped*** 👍
2018-04-28 09:38:26 #music @Synapse#0692: Can't skip if I'm not playing.
2018-04-28 09:39:42 #music @☣NightWatch☣#6587: !stop
2018-04-28 09:39:42 #music @Rythm#3722: **Paused** ⏸
2018-04-28 09:39:42 #music @Synapse#0692: Can't stop if I'm not playing.
2018-04-28 09:48:15 #music @☣NightWatch☣#6587: !play
2018-04-28 09:48:15 #music @Rythm#3722: 
2018-04-28 09:48:15 #music @Rythm#3722 edited message from 2018-04-28 09:48:15 () to read: 
2018-04-28 09:48:15 #music @Synapse#0692: ```\n!play <url_or_search_terms>\n\nPlays a link / searches and play\n\n```
2018-04-28 09:48:35 #music @☣NightWatch☣#6587: !play https://www.youtube.com/watch?v=m6TXPNybrmk
2018-04-28 09:48:35 #music @Rythm#3722: <:youtube:335112740957978625> **Searching** 🔎 `https://www.youtube.com/watch?v=m6TXPNybrmk`
2018-04-28 09:48:35 #music @Rythm#3722: **Playing** 🎶 `Kodaline - Brother (Official Video)` - Now!
2018-04-28 09:50:15 #music @☣NightWatch☣#6587: !stop
2018-04-28 09:50:15 #music @Rythm#3722: **Paused** ⏸
2018-04-28 09:50:15 #music @Synapse#0692: Can't stop if I'm not playing.
2018-04-28 11:18:24 #music @☣NightWatch☣#6587: !play https://www.youtube.com/watch?v=m6TXPNybrmk
2018-04-28 11:18:25 #music @Rythm#3722: <:youtube:335112740957978625> **Searching** 🔎 `https://www.youtube.com/watch?v=m6TXPNybrmk`
2018-04-28 11:18:27 #music @☣NightWatch☣#6587 edited message from 2018-04-28 11:18:24 (!play https://www.youtube.com/watch?v=m6TXPNybrmk) to read: !play https://www.youtube.com/watch?v=m6TXPNybrmk
2018-04-28 11:18:25 #music @Rythm#3722: **Playing** 🎶 `Kodaline - Brother (Official Video)` - Now!
2018-04-28 17:35:11 #music @☣NightWatch☣#6587: !play https://www.youtube.com/watch?v=m6TXPNybrmk
2018-04-28 17:35:12 #music @Rythm#3722: <:youtube:335112740957978625> **Searching** 🔎 `https://www.youtube.com/watch?v=m6TXPNybrmk`
2018-04-28 17:35:12 #music @☣NightWatch☣#6587 edited message from 2018-04-28 17:35:11 (!play https://www.youtube.com/watch?v=m6TXPNybrmk) to read: !play https://www.youtube.com/watch?v=m6TXPNybrmk
2018-04-28 17:35:12 #music @Rythm#3722: **Playing** 🎶 `Kodaline - Brother (Official Video)` - Now!
2018-04-28 17:35:23 #music @☣NightWatch☣#6587: !leave
2018-04-28 17:35:23 #music @Rythm#3722: 📭 **Successfully disconnected**
2018-04-30 17:08:42 #music @deiniol#4496: hi
