2018-04-23 11:26:24 #bot-media @ğ•¯ğ–†ğ–—ğ–ğ–ğ–†ğ•¹ğ•¹#4384: .multicolor 3 Admin
2018-04-23 11:27:57 #bot-media @ğ•¯ğ–†ğ–—ğ–ğ–ğ–†ğ•¹ğ•¹#4384: .multicolor 3 Admin
2018-04-23 11:28:26 #bot-media @ğ•¯ğ–†ğ–—ğ–ğ–ğ–†ğ•¹ğ•¹#4384: *multicolor 3 Admin
2018-04-23 11:28:32 #bot-media @ğ•¯ğ–†ğ–—ğ–ğ–ğ–†ğ•¹ğ•¹#4384: *help
2018-04-23 11:28:42 #bot-media @Ghostplay R2#1298: Hey there, @ğ•¯ğ–†ğ–—ğ–ğ–ğ–†ğ•¹ğ•¹! I sent you the list of commands in a private message.\nCheck your direct messages
2018-04-23 11:29:11 #bot-media @Ghostplay R2#1298: `Error in command 'multicolor'.If you keep seeing this message please contact the owner of the bot.`
2018-04-23 11:30:10 #bot-media @ğ•¯ğ–†ğ–—ğ–ğ–ğ–†ğ•¹ğ•¹#4384: *multicolor
2018-04-23 11:30:29 #bot-media @Ghostplay R2#1298: ```\n*[multicolor|multicolour] <interval> <role>\n\nChanges the role color every x seconds\n\n```
2018-04-23 11:30:57 #bot-media @ğ•¯ğ–†ğ–—ğ–ğ–ğ–†ğ•¹ğ•¹#4384: *multicolor 3 OWNER
2018-04-23 11:31:07 #bot-media @Ghostplay R2#1298: 
2018-04-23 11:31:07 #bot-media @Ghostplay R2#1298 edited message from 2018-04-23 11:31:07 () to read: 
2018-04-23 11:31:21 #bot-media @ğ•¯ğ–†ğ–—ğ–ğ–ğ–†ğ•¹ğ•¹#4384: *multicolor 3 Owner
2018-04-23 11:31:50 #bot-media @Ghostplay R2#1298: `Error in command 'multicolor'.If you keep seeing this message please contact the owner of the bot.`
2018-04-23 11:32:24 #bot-media @ğ•¯ğ–†ğ–—ğ–ğ–ğ–†ğ•¹ğ•¹#4384: *multicolor 2 Owner
2018-04-23 11:32:43 #bot-media @Ghostplay R2#1298: `Error in command 'multicolor'.If you keep seeing this message please contact the owner of the bot.`
2018-04-23 11:38:22 #bot-media @ğ•¯ğ–†ğ–—ğ–ğ–ğ–†ğ•¹ğ•¹#4384: *multicolor 3 Owner
2018-04-23 11:38:53 #bot-media @ğ•¯ğ–†ğ–—ğ–ğ–ğ–†ğ•¹ğ•¹#4384: *multicolor 1 Owner
2018-04-23 11:39:19 #bot-media @ğ•¯ğ–†ğ–—ğ–ğ–ğ–†ğ•¹ğ•¹#4384: *multicolor 5 Owner
2018-04-23 11:40:43 #bot-media @ğ•¯ğ–†ğ–—ğ–ğ–ğ–†ğ•¹ğ•¹#4384: *multiowner 10 owner
2018-04-23 11:41:52 #bot-media @ğ•¯ğ–†ğ–—ğ–ğ–ğ–†ğ•¹ğ•¹#4384: *multiowner 2 owner
2018-04-23 11:42:21 #bot-media @ğ•¯ğ–†ğ–—ğ–ğ–ğ–†ğ•¹ğ•¹#4384: *multiowner 2 Owner
2018-04-23 11:42:37 #bot-media @ğ•¯ğ–†ğ–—ğ–ğ–ğ–†ğ•¹ğ•¹#4384: *multicolor 2 Owner
