2018-04-26 21:53:48 #plac-więzienny @Krzeseuko ゲイ#1204: .rule34 gay
2018-04-26 21:54:17 #plac-więzienny @Krzeseuko ゲイ#1204: .rule34 gay
2018-04-26 21:54:36 #plac-więzienny @Krzeseuko ゲイ#1204: .rule34 gay
2018-04-26 21:55:14 #plac-więzienny @Krzeseuko ゲイ#1204: .rule34 gay
2018-04-26 21:55:15 #plac-więzienny @Nadeko#6685: 
2018-04-26 21:55:15 #plac-więzienny @Nadeko#6685 edited message from 2018-04-26 21:55:15 () to read: 
2018-04-26 21:55:15 #plac-więzienny @Synapse#0692: 
2018-04-26 21:55:16 #plac-więzienny @Synapse#0692 edited message from 2018-04-26 21:55:15 () to read: 
2018-04-26 21:55:29 #plac-więzienny @Krzeseuko ゲイ#1204: .rule34 minecraft
2018-04-26 21:55:29 #plac-więzienny @Synapse#0692: 
2018-04-26 21:55:30 #plac-więzienny @Synapse#0692 edited message from 2018-04-26 21:55:29 () to read: 
2018-04-26 21:55:31 #plac-więzienny @Nadeko#6685: 
2018-04-26 21:55:31 #plac-więzienny @Nadeko#6685 edited message from 2018-04-26 21:55:31 () to read: 
2018-04-26 21:55:46 #plac-więzienny @Krzeseuko ゲイ#1204: .rule34 gore
2018-04-26 21:55:46 #plac-więzienny @Synapse#0692: 
2018-04-26 21:55:46 #plac-więzienny @Synapse#0692 edited message from 2018-04-26 21:55:46 () to read: 
2018-04-26 21:55:46 #plac-więzienny @Nadeko#6685: 
2018-04-26 21:55:46 #plac-więzienny @Nadeko#6685 edited message from 2018-04-26 21:55:46 () to read: 
2018-04-26 21:55:53 #plac-więzienny @Krzeseuko ゲイ#1204: .rule34 scat
2018-04-26 21:55:53 #plac-więzienny @Synapse#0692: 
2018-04-26 21:55:54 #plac-więzienny @Synapse#0692 edited message from 2018-04-26 21:55:53 () to read: 
2018-04-26 21:55:54 #plac-więzienny @Nadeko#6685: 
2018-04-26 21:55:54 #plac-więzienny @Nadeko#6685 edited message from 2018-04-26 21:55:54 () to read: 
2018-04-26 21:56:01 #plac-więzienny @Krzeseuko ゲイ#1204: .rule34 fiutek
2018-04-26 21:56:02 #plac-więzienny @Synapse#0692: 
2018-04-26 21:56:02 #plac-więzienny @Nadeko#6685: 
2018-04-26 21:56:02 #plac-więzienny @Synapse#0692 edited message from 2018-04-26 21:56:02 () to read: 
2018-04-26 21:56:02 #plac-więzienny @Nadeko#6685 edited message from 2018-04-26 21:56:02 () to read: 
2018-04-26 21:56:12 #plac-więzienny @Krzeseuko ゲイ#1204: .rule34 trap
2018-04-26 21:56:12 #plac-więzienny @Synapse#0692: 
2018-04-26 21:56:13 #plac-więzienny @Synapse#0692 edited message from 2018-04-26 21:56:12 () to read: 
2018-04-26 21:56:13 #plac-więzienny @Nadeko#6685: 
2018-04-26 21:56:13 #plac-więzienny @Nadeko#6685 edited message from 2018-04-26 21:56:13 () to read: 
2018-04-26 21:56:18 #plac-więzienny @Krzeseuko ゲイ#1204: .rule34 roblo
2018-04-26 21:56:18 #plac-więzienny @Nadeko#6685: 
2018-04-26 21:56:18 #plac-więzienny @Synapse#0692: 
2018-04-26 21:56:20 #plac-więzienny @Synapse#0692 edited message from 2018-04-26 21:56:18 () to read: 
2018-04-26 21:56:20 #plac-więzienny @Nadeko#6685 edited message from 2018-04-26 21:56:18 () to read: 
2018-04-26 21:56:51 #plac-więzienny @ryszard#9513: .rule 34 scat
2018-04-26 21:57:11 #plac-więzienny @ryszard#9513: .rule34 scat
2018-04-26 21:57:12 #plac-więzienny @Synapse#0692: 
2018-04-26 21:57:12 #plac-więzienny @Synapse#0692 edited message from 2018-04-26 21:57:12 () to read: 
2018-04-26 21:57:19 #plac-więzienny @Krzeseuko ゲイ#1204: .rule34 scat
2018-04-26 21:57:20 #plac-więzienny @Synapse#0692: 
2018-04-26 21:57:20 #plac-więzienny @Synapse#0692 edited message from 2018-04-26 21:57:20 () to read: 
2018-04-26 21:57:31 #plac-więzienny @ryszard#9513: .rule34 scat
2018-04-26 21:57:31 #plac-więzienny @Synapse#0692: 
2018-04-26 21:57:33 #plac-więzienny @Synapse#0692 edited message from 2018-04-26 21:57:31 () to read: 
2018-04-26 21:57:31 #plac-więzienny @ryszard#9513: .rule34 scat
2018-04-26 21:57:32 #plac-więzienny @ryszard#9513: .rule34 scat
2018-04-26 21:57:32 #plac-więzienny @Krzeseuko ゲイ#1204: .rule34 gore+scat
2018-04-26 21:57:33 #plac-więzienny @ryszard#9513: .rule34 scat
2018-04-26 21:57:33 #plac-więzienny @Synapse#0692: 
2018-04-26 21:57:33 #plac-więzienny @Synapse#0692: 
2018-04-26 21:57:33 #plac-więzienny @Synapse#0692 edited message from 2018-04-26 21:57:33 () to read: 
2018-04-26 21:57:33 #plac-więzienny @ryszard#9513: .rule34 scat
2018-04-26 21:57:33 #plac-więzienny @Synapse#0692: 
2018-04-26 21:57:34 #plac-więzienny @Synapse#0692 edited message from 2018-04-26 21:57:33 () to read: 
2018-04-26 21:57:34 #plac-więzienny @Synapse#0692 edited message from 2018-04-26 21:57:33 () to read: 
2018-04-26 21:57:34 #plac-więzienny @ryszard#9513: .rule34 scat
2018-04-26 21:57:34 #plac-więzienny @Synapse#0692: 
2018-04-26 21:57:34 #plac-więzienny @Synapse#0692 edited message from 2018-04-26 21:57:34 () to read: 
2018-04-26 21:57:48 #plac-więzienny @Krzeseuko ゲイ#1204: .rule34 ur mom
2018-04-26 21:57:48 #plac-więzienny @Synapse#0692: 
2018-04-26 21:57:48 #plac-więzienny @Synapse#0692 edited message from 2018-04-26 21:57:48 () to read: 
2018-04-26 21:57:54 #plac-więzienny @Krzeseuko ゲイ#1204: .rule34 foot
2018-04-26 21:57:55 #plac-więzienny @Synapse#0692: 
2018-04-26 21:57:55 #plac-więzienny @Synapse#0692 edited message from 2018-04-26 21:57:55 () to read: 
2018-04-26 21:58:03 #plac-więzienny @Krzeseuko ゲイ#1204: .rule34 shrek
2018-04-26 21:58:03 #plac-więzienny @Synapse#0692: 
2018-04-26 21:58:03 #plac-więzienny @Synapse#0692 edited message from 2018-04-26 21:58:03 () to read: 
2018-04-26 21:58:36 #plac-więzienny @ryszard#9513: .rule34 dick
2018-04-26 21:58:36 #plac-więzienny @Synapse#0692: 
2018-04-26 21:58:36 #plac-więzienny @Synapse#0692 edited message from 2018-04-26 21:58:36 () to read: 
2018-04-26 21:58:56 #plac-więzienny @Krzeseuko ゲイ#1204: .rule34 shrek
2018-04-26 21:58:56 #plac-więzienny @Synapse#0692: 
2018-04-26 21:58:57 #plac-więzienny @Synapse#0692 edited message from 2018-04-26 21:58:56 () to read: 
2018-04-26 21:59:05 #plac-więzienny @Krzeseuko ゲイ#1204: .magik
2018-04-26 21:59:13 #plac-więzienny @Krzeseuko ゲイ#1204:  (attachment url(s): https://cdn.discordapp.com/attachments/439159429913509898/439183700408664065/B_E_T_R_AY_UR.PNG)
2018-04-26 21:59:18 #plac-więzienny @Krzeseuko ゲイ#1204: .magik
2018-04-26 22:01:28 #plac-więzienny @Krzeseuko ゲイ#1204: .xpadd 1000000
2018-04-26 22:01:34 #plac-więzienny @Krzeseuko ゲイ#1204: kurwo szsmato
2018-04-26 22:01:37 #plac-więzienny @Krzeseuko ゲイ#1204: co nie działasz
2018-04-26 22:01:42 #plac-więzienny @Krzeseuko ゲイ#1204: ruchańcu obsrany szmaciurko
2018-04-26 22:01:43 #plac-więzienny @Krzeseuko ゲイ#1204: jak ci jebne
2018-04-27 17:52:09 #plac-więzienny @ryszard#9513: .rule34 fuck
2018-04-27 17:52:09 #plac-więzienny @Synapse#0692: 
2018-04-27 17:52:10 #plac-więzienny @Synapse#0692 edited message from 2018-04-27 17:52:09 () to read: 
2018-04-27 17:52:19 #plac-więzienny @ryszard#9513: .rule34 dic
2018-04-27 17:52:19 #plac-więzienny @Synapse#0692: 
2018-04-27 17:52:20 #plac-więzienny @Synapse#0692 edited message from 2018-04-27 17:52:19 () to read: 
2018-04-27 17:52:33 #plac-więzienny @ryszard#9513: .rule34 dick
2018-04-27 17:52:33 #plac-więzienny @Synapse#0692: 
2018-04-27 17:52:35 #plac-więzienny @Synapse#0692 edited message from 2018-04-27 17:52:33 () to read: 
