2018-04-22 23:06:20 #General Voice channel join: єяzα "¢αкє ℓσνєя" ѕ¢αяℓєт#4301 (id 297392652129665034)
2018-04-22 23:06:35 #General Voice channel join: Synapse#0692 (id 435538622293344266)
2018-04-22 23:06:36 #General Voice channel join: Rythm#3722 (id 235088799074484224)
2018-04-22 23:07:11 #General Voice channel leave: єяzα "¢αкє ℓσνєя" ѕ¢αяℓєт#4301 (id 297392652129665034)
2018-04-22 23:08:02 #General Voice channel join: KOD (Jordan)#3891 (id 381212788682522624)
2018-04-22 23:08:10 #General Voice channel leave: KOD (Jordan)#3891 (id 381212788682522624)
2018-04-22 23:08:39 #General Voice channel join: KOD (Jordan)#3891 (id 381212788682522624)
2018-04-22 23:08:56 #General Voice channel join: єяzα "¢αкє ℓσνєя" ѕ¢αяℓєт#4301 (id 297392652129665034)
2018-04-22 23:09:05 #General Voice channel leave: єяzα "¢αкє ℓσνєя" ѕ¢αяℓєт#4301 (id 297392652129665034)
2018-04-22 23:09:07 #General Voice channel leave: KOD (Jordan)#3891 (id 381212788682522624)
2018-04-22 23:14:38 #General Voice channel leave: Synapse#0692 (id 435538622293344266)
2018-04-22 23:16:33 #General Voice channel leave: Rythm#3722 (id 235088799074484224)
2018-04-23 01:37:37 #General Voice channel join: єяzα "¢αкє ℓσνєя" ѕ¢αяℓєт#4301 (id 297392652129665034)
2018-04-23 01:37:44 #General Server self-deafen: єяzα "¢αкє ℓσνєя" ѕ¢αяℓєт#4301 (id 297392652129665034)
2018-04-23 01:37:45 #General Server self-undeafen: єяzα "¢αкє ℓσνєя" ѕ¢αяℓєт#4301 (id 297392652129665034)
2018-04-23 01:37:48 #General Server self-mute: єяzα "¢αкє ℓσνєя" ѕ¢αяℓєт#4301 (id 297392652129665034)
2018-04-23 01:38:02 #General Voice channel join: Synapse#0692 (id 435538622293344266)
2018-04-23 01:38:03 #General Voice channel join: Rythm#3722 (id 235088799074484224)
2018-04-23 01:38:12 #General Voice channel join: KOD (Jordan)#3891 (id 381212788682522624)
2018-04-23 01:38:16 #General Server self-mute: KOD (Jordan)#3891 (id 381212788682522624)
2018-04-23 01:38:44 #General Server self-deafen: єяzα "¢αкє ℓσνєя" ѕ¢αяℓєт#4301 (id 297392652129665034)
2018-04-23 01:40:28 #General Server self-undeafen: єяzα "¢αкє ℓσνєя" ѕ¢αяℓєт#4301 (id 297392652129665034)
2018-04-23 01:40:28 #General Server self-deafen: єяzα "¢αкє ℓσνєя" ѕ¢αяℓєт#4301 (id 297392652129665034)
2018-04-23 01:44:52 #General Voice channel join: Kit Kat#4460 (id 378704033055244298), flags: self_mute
2018-04-23 01:50:29 #General Server self-undeafen: єяzα "¢αкє ℓσνєя" ѕ¢αяℓєт#4301 (id 297392652129665034)
2018-04-23 01:50:31 #General Server self-deafen: єяzα "¢αкє ℓσνєя" ѕ¢αяℓєт#4301 (id 297392652129665034)
2018-04-23 01:51:28 #General Server self-undeafen: єяzα "¢αкє ℓσνєя" ѕ¢αяℓєт#4301 (id 297392652129665034)
2018-04-23 01:51:29 #General Server self-deafen: єяzα "¢αкє ℓσνєя" ѕ¢αяℓєт#4301 (id 297392652129665034)
2018-04-23 01:52:06 #General Server self-undeafen: єяzα "¢αкє ℓσνєя" ѕ¢αяℓєт#4301 (id 297392652129665034)
2018-04-23 01:52:23 #General Voice channel leave: єяzα "¢αкє ℓσνєя" ѕ¢αяℓєт#4301 (id 297392652129665034)
2018-04-23 01:52:51 #General Voice channel join: єяzα "¢αкє ℓσνєя" ѕ¢αяℓєт#4301 (id 297392652129665034), flags: self_mute
2018-04-23 01:52:53 #General Server self-deafen: єяzα "¢αкє ℓσνєя" ѕ¢αяℓєт#4301 (id 297392652129665034)
2018-04-23 01:53:03 #General Server self-undeafen: єяzα "¢αкє ℓσνєя" ѕ¢αяℓєт#4301 (id 297392652129665034)
2018-04-23 01:54:27 #General Server self-deafen: єяzα "¢αкє ℓσνєя" ѕ¢αяℓєт#4301 (id 297392652129665034)
2018-04-23 01:54:33 #General Server self-undeafen: єяzα "¢αкє ℓσνєя" ѕ¢αяℓєт#4301 (id 297392652129665034)
2018-04-23 01:54:34 #General Server self-deafen: єяzα "¢αкє ℓσνєя" ѕ¢αяℓєт#4301 (id 297392652129665034)
2018-04-23 01:54:36 #General Server self-undeafen: єяzα "¢αкє ℓσνєя" ѕ¢αяℓєт#4301 (id 297392652129665034)
2018-04-23 01:54:56 #General Server self-deafen: єяzα "¢αкє ℓσνєя" ѕ¢αяℓєт#4301 (id 297392652129665034)
2018-04-23 01:54:57 #General Server self-undeafen: єяzα "¢αкє ℓσνєя" ѕ¢αяℓєт#4301 (id 297392652129665034)
2018-04-23 01:54:59 #General Voice channel leave: єяzα "¢αкє ℓσνєя" ѕ¢αяℓєт#4301 (id 297392652129665034)
2018-04-23 01:55:04 #General Voice channel join: єяzα "¢αкє ℓσνєя" ѕ¢αяℓєт#4301 (id 297392652129665034), flags: self_mute
2018-04-23 01:57:08 #General Voice channel leave: Kit Kat#4460 (id 378704033055244298)
2018-04-23 01:57:17 #General Server self-deafen: єяzα "¢αкє ℓσνєя" ѕ¢αяℓєт#4301 (id 297392652129665034)
2018-04-23 01:57:22 #General Voice channel leave: KOD (Jordan)#3891 (id 381212788682522624)
2018-04-23 01:58:00 #General Server self-undeafen: єяzα "¢αкє ℓσνєя" ѕ¢αяℓєт#4301 (id 297392652129665034)
2018-04-23 01:58:42 #General Voice channel leave: єяzα "¢αкє ℓσνєя" ѕ¢αяℓєт#4301 (id 297392652129665034)
2018-04-23 02:06:33 #General Voice channel leave: Rythm#3722 (id 235088799074484224)
2018-04-23 02:07:03 #General Voice channel leave: Synapse#0692 (id 435538622293344266)
2018-04-23 02:43:03 #General Voice channel join: ReKT Chan#4865 (id 337012968812314627)
2018-04-23 02:43:05 #General Server self-mute: ReKT Chan#4865 (id 337012968812314627)
2018-04-23 02:43:21 #General Voice channel join: Dyno#3861 (id 155149108183695360)
2018-04-23 03:00:00 #General Voice channel leave: ReKT Chan#4865 (id 337012968812314627)
2018-04-23 03:04:36 #General Voice channel leave: Dyno#3861 (id 155149108183695360)
