2018-04-21 14:05:35 #General Gaming Voice channel join: VoiD#5725 (id 229523322482720768), moved from Other Games
2018-04-21 14:05:36 #General Gaming Voice channel join: PHΞØ#5534 (id 168307656547631106), moved from Other Games
2018-04-21 14:05:37 #General Gaming Voice channel join: Not Communist Scum#0176 (id 204584531028738048), moved from Other Games
2018-04-21 14:05:44 #General Gaming Voice channel leave: Not Communist Scum#0176 (id 204584531028738048) moving to ROBLOX
2018-04-21 14:05:45 #General Gaming Voice channel join: Not Communist Scum#0176 (id 204584531028738048), moved from ROBLOX
2018-04-21 14:05:48 #General Gaming Voice channel leave: Not Communist Scum#0176 (id 204584531028738048) moving to ROBLOX
2018-04-21 14:05:48 #General Gaming Voice channel join: blake342005#2213 (id 224241198049525760), moved from ROBLOX
2018-04-21 14:05:49 #General Gaming Voice channel join: Not Communist Scum#0176 (id 204584531028738048), moved from ROBLOX
2018-04-21 14:11:56 #General Gaming Voice channel join: Rems#5961 (id 168307581826236416)
2018-04-21 14:12:13 #General Gaming Voice channel leave: Rems#5961 (id 168307581826236416)
2018-04-21 14:12:15 #General Gaming Voice channel join: Rems#5961 (id 168307581826236416)
2018-04-21 14:12:22 #General Gaming Voice channel leave: Rems#5961 (id 168307581826236416)
2018-04-21 14:12:36 #General Gaming Voice channel join: Rems#5961 (id 168307581826236416)
2018-04-21 14:13:00 #General Gaming Voice channel leave: Rems#5961 (id 168307581826236416)
2018-04-21 14:13:01 #General Gaming Voice channel join: Rems#5961 (id 168307581826236416)
2018-04-21 14:13:06 #General Gaming Voice channel leave: Rems#5961 (id 168307581826236416)
2018-04-21 14:13:11 #General Gaming Voice channel join: Potato Computer#8705 (id 308942649102958593), moved from Duos #1
2018-04-21 14:13:20 #General Gaming Voice channel leave: Potato Computer#8705 (id 308942649102958593)
2018-04-21 14:13:44 #General Gaming Voice channel join: Rems#5961 (id 168307581826236416)
2018-04-21 14:13:55 #General Gaming Voice channel leave: VoiD#5725 (id 229523322482720768) moving to ROBLOX
2018-04-21 14:13:59 #General Gaming Voice channel leave: PHΞØ#5534 (id 168307656547631106) moving to ROBLOX
2018-04-21 14:14:01 #General Gaming Voice channel leave: Rems#5961 (id 168307581826236416) moving to ROBLOX
2018-04-21 14:14:09 #General Gaming Voice channel leave: Not Communist Scum#0176 (id 204584531028738048) moving to ROBLOX
2018-04-21 14:14:12 #General Gaming Voice channel leave: blake342005#2213 (id 224241198049525760) moving to ROBLOX
