2018-05-01 03:23:53 #general @Unknown/Random#6961: i like lemon though
2018-05-01 03:24:00 #general @Unknown/Random#6961: with pepper's ðŸ˜ƒ
2018-05-01 03:24:05 #general @Unknown/Random#6961 edited message from 2018-05-01 03:24:00 (with pepper's ðŸ˜ƒ) to read: with pepper's : )
2018-05-01 07:14:53 #general @ConducterTheConducter#9778: /xivdb
2018-05-01 07:51:34 #general @ConducterTheConducter#9778: /giphy
2018-05-01 07:51:41 #general @ConducterTheConducter#9778: (â•¯Â°â–¡Â°ï¼‰â•¯ï¸µ â”»â”â”»
2018-05-01 07:57:41 #general @Lord Tachanka#7426: @ConducterTheConducter  I kiss your daughter (attachment url(s): https://cdn.discordapp.com/attachments/438520811528257548/440783857441177600/RobloxScreenShot20180430_225034570.png)
2018-05-01 08:09:22 #general @ConducterTheConducter#9778: um
2018-05-01 08:09:24 #general @ConducterTheConducter#9778: okat
2018-05-01 08:09:36 #general @ConducterTheConducter#9778: ur husband and waifu
2018-05-01 08:09:37 #general @ConducterTheConducter#9778: arent u?
2018-05-01 11:14:40 #general @HoiHoiHoi#8298: 
2018-05-01 20:05:51 #general @Unknown/Random#6961: https://www.youtube.com/watch?v=diNsdKmye0g
2018-05-01 20:05:57 #general @Unknown/Random#6961: can't beat this >:3
2018-05-01 20:33:20 #general @Unknown/Random#6961: 11/10
2018-05-01 20:38:20 #general @Unknown/Random#6961: And yus they are husband and wife
2018-05-02 02:45:51 #general @Unknown/Random#6961: did anybody even watch the vid '-'
2018-05-02 14:27:35 #general @Lord Tachanka#7426: no
2018-05-02 19:33:45 #general @Unknown/Random#6961: -clap clap clap-
2018-05-02 23:49:46 #general @Monika "IQ" Weiss#2372: i did
2018-05-03 00:11:38 #general @Unknown/Random#6961: And?
2018-05-03 00:15:34 #general @Unknown/Random#6961: what was your result on the video?
2018-05-03 00:15:43 #general @Unknown/Random#6961 edited message from 2018-05-03 00:15:34 (what was your result on the video?) to read: what was your result's on the video?
