2018-05-01 16:09:19 #👀 Voice channel join: Jack VGK#3390 (id 392029667244376076)
2018-05-01 16:09:37 #👀 Voice channel leave: Jack VGK#3390 (id 392029667244376076) moving to Watch Dogs_2
2018-05-01 20:27:36 #👀 Voice channel join: Murat02#2684 (id 414072611660627978)
2018-05-01 20:28:39 #👀 Voice channel join: himebot#3590 (id 232916519594491906)
2018-05-01 20:28:54 #👀 Voice channel leave: himebot#3590 (id 232916519594491906)
2018-05-01 20:31:27 #👀 Voice channel leave: Murat02#2684 (id 414072611660627978)
2018-05-01 20:31:38 #👀 Voice channel join: Murat02#2684 (id 414072611660627978)
2018-05-01 20:32:15 #👀 Voice channel join: Synapse#0692 (id 435538622293344266), moved from Watch Dogs_2
2018-05-01 20:33:16 #👀 Voice channel leave: Murat02#2684 (id 414072611660627978)
2018-05-02 13:51:43 #👀 Voice channel leave: Synapse#0692 (id 435538622293344266) moving to ⚔Assassin's Creed IV⚔
2018-05-02 17:19:47 #👀 Voice channel join: Synapse#0692 (id 435538622293344266), moved from ⚔Portal 2⚔
2018-05-02 17:20:11 #👀 Voice channel leave: Synapse#0692 (id 435538622293344266) moving to ⚔Portal 2⚔
2018-05-02 17:21:24 #👀 Voice channel join: Jack VGK#3390 (id 392029667244376076)
2018-05-02 17:21:41 #👀 Voice channel join: Murat02#2684 (id 414072611660627978)
2018-05-02 17:26:16 #👀 Voice channel join: himebot#3590 (id 232916519594491906)
2018-05-02 17:28:06 #👀 Voice channel leave: himebot#3590 (id 232916519594491906)
2018-05-02 17:29:15 #👀 Voice channel join: himebot#3590 (id 232916519594491906)
2018-05-02 17:32:44 #👀 Voice channel leave: himebot#3590 (id 232916519594491906)
2018-05-02 17:32:44 #👀 Voice channel join: himebot#3590 (id 232916519594491906)
2018-05-02 17:33:05 #👀 Voice channel leave: himebot#3590 (id 232916519594491906)
2018-05-02 17:33:34 #👀 Voice channel join: himebot#3590 (id 232916519594491906)
2018-05-02 17:35:21 #👀 Voice channel leave: himebot#3590 (id 232916519594491906)
2018-05-02 17:36:05 #👀 Voice channel join: himebot#3590 (id 232916519594491906)
2018-05-02 17:41:28 #👀 Voice channel leave: himebot#3590 (id 232916519594491906)
2018-05-02 17:43:35 #👀 Voice channel join: himebot#3590 (id 232916519594491906)
2018-05-02 17:46:01 #👀 Voice channel leave: himebot#3590 (id 232916519594491906)
2018-05-02 17:46:18 #👀 Voice channel join: himebot#3590 (id 232916519594491906)
2018-05-02 17:49:01 #👀 Voice channel leave: himebot#3590 (id 232916519594491906)
2018-05-02 18:17:40 #👀 Voice channel leave: Murat02#2684 (id 414072611660627978)
2018-05-02 18:17:41 #👀 Voice channel leave: Jack VGK#3390 (id 392029667244376076)
