2018-05-01 04:54:16 #req-music @CommanderBlackbone#9786: !play https://www.youtube.com/watch?v=sYuzme4r0cM
2018-05-01 04:54:17 #req-music @Rythm#3722: <:youtube:335112740957978625> **Searching** 🔎 `https://www.youtube.com/watch?v=sYuzme4r0cM`
2018-05-01 04:54:17 #req-music @Rythm#3722: 
2018-05-01 04:54:18 #req-music @Rythm#3722 edited message from 2018-05-01 04:54:17 () to read: 
2018-05-01 04:54:18 #req-music @CommanderBlackbone#9786 edited message from 2018-05-01 04:54:16 (!play https://www.youtube.com/watch?v=sYuzme4r0cM) to read: !play https://www.youtube.com/watch?v=sYuzme4r0cM
2018-05-01 04:55:39 #req-music @CommanderBlackbone#9786 deleted message from 2018-05-01 04:54:16 (!play https://www.youtube.com/watch?v=sYuzme4r0cM)
2018-05-01 04:55:44 #req-music @Rythm#3722 deleted message from 2018-05-01 04:54:17 ()
2018-05-01 04:55:47 #req-music @Rythm#3722 deleted message from 2018-05-01 04:54:17 (<:youtube:335112740957978625> **Searching** 🔎 `https://www.youtube.com/watch?v=sYuzme4r0cM`)
2018-05-01 04:55:51 #req-music @CommanderBlackbone#9786: !help
2018-05-01 04:55:51 #req-music @MEE6#4876: 
2018-05-01 04:55:51 #req-music @Rythm#3722: ✅ **Check <https://rythmbot.co/features#list> for a list of commands**
2018-05-01 04:55:52 #req-music @MEE6#4876 edited message from 2018-05-01 04:55:51 () to read: 
2018-05-01 04:55:52 #req-music @Synapse#0692: Check your DM, @CommanderBlackbone! I have sent something for you :wink:
2018-05-01 04:57:04 #req-music @CommanderBlackbone#9786: ?help
2018-05-01 04:57:16 #req-music @CommanderBlackbone#9786 deleted message from 2018-05-01 04:57:04 (?help)
2018-05-01 04:58:04 #req-music @CommanderBlackbone#9786: p!play
2018-05-01 04:58:04 #req-music @PenguBot#9722: @CommanderBlackbone, What would you like to listen to?\n\nRespond with `cancel` to cancel the command. The command will automatically be cancelled in 30 seconds.
2018-05-01 04:58:11 #req-music @Synapse#0692 deleted message from 2018-05-01 04:55:52 (Check your DM, @CommanderBlackbone! I have sent something for you :wink:)
2018-05-01 04:58:13 #req-music @CommanderBlackbone#9786: cancel
2018-05-01 04:58:13 #req-music @PenguBot#9722: @CommanderBlackbone, Cancelled command.
2018-05-01 04:58:22 #req-music @PenguBot#9722 deleted message from 2018-05-01 04:58:04 (@CommanderBlackbone, What would you like to listen to?\n\nRespond with `cancel` to cancel the command. The command will automatically be cancelled in 30 seconds.)
2018-05-01 04:58:22 #req-music @CommanderBlackbone#9786 deleted message from 2018-05-01 04:58:04 (p!play)
2018-05-01 04:58:24 #req-music @CommanderBlackbone#9786: p!play https://www.youtube.com/watch?v=sYuzme4r0cM
2018-05-01 04:58:24 #req-music @PenguBot#9722: ⏯ | **Now Playing:** Living in a nightmare minecraftmashupSubcrbe (00:03:27) by jeojed Balberde - (<https://www.youtube.com/watch?v=sYuzme4r0cM>) | Requested by CommanderBlackbone#9786
2018-05-01 04:58:29 #req-music @PenguBot#9722 deleted message from 2018-05-01 04:58:13 (@CommanderBlackbone, Cancelled command.)
2018-05-01 04:58:34 #req-music @Rythm#3722 deleted message from 2018-05-01 04:55:51 (✅ **Check <https://rythmbot.co/features#list> for a list of commands**)
2018-05-01 04:58:41 #req-music @MEE6#4876 deleted message from 2018-05-01 04:55:51 ()
2018-05-01 04:59:49 #req-music @CommanderBlackbone#9786 deleted message from 2018-05-01 04:58:24 (p!play https://www.youtube.com/watch?v=sYuzme4r0cM)
2018-05-01 04:59:53 #req-music @PenguBot#9722 deleted message from 2018-05-01 04:58:24 (⏯ | **Now Playing:** Living in a nightmare minecraftmashupSubcrbe (00:03:27) by jeojed Balberde - (<https://www.youtube.com/watch?v=sYuzme4r0cM>) | Requested by CommanderBlackbone#9786)
2018-05-01 05:01:53 #req-music @PenguBot#9722: 🎵 | **Music:** Finished playing the current queue. Enjoyed what you heard? Why not support us on Patreon at <https://www.Patreon.com/PenguBot>
2018-05-01 09:34:07 #req-music @CommanderBlackbone#9786: !play Begin Again
2018-05-01 09:34:07 #req-music @Rythm#3722: <:youtube:335112740957978625> **Searching** 🔎 `Begin Again`
2018-05-01 09:34:08 #req-music @Rythm#3722: **Playing** 🎶 `Taylor Swift - Begin Again` - Now!
2018-05-01 09:34:17 #req-music @CommanderBlackbone#9786: !stop
2018-05-01 09:34:17 #req-music @Rythm#3722: **Paused** ⏸
2018-05-01 09:34:17 #req-music @Synapse#0692: Can't stop if I'm not playing.
2018-05-01 09:34:31 #req-music @CommanderBlackbone#9786: !play https://www.youtube.com/watch?v=QJYBFkV0Kas
2018-05-01 09:34:31 #req-music @Rythm#3722: <:youtube:335112740957978625> **Searching** 🔎 `https://www.youtube.com/watch?v=QJYBFkV0Kas`
2018-05-01 09:34:32 #req-music @Rythm#3722: 
2018-05-01 09:34:32 #req-music @CommanderBlackbone#9786 edited message from 2018-05-01 09:34:31 (!play https://www.youtube.com/watch?v=QJYBFkV0Kas) to read: !play https://www.youtube.com/watch?v=QJYBFkV0Kas
2018-05-01 09:34:32 #req-music @Rythm#3722 edited message from 2018-05-01 09:34:32 () to read: 
2018-05-01 09:34:41 #req-music @CommanderBlackbone#9786 deleted message from 2018-05-01 09:34:31 (!play https://www.youtube.com/watch?v=QJYBFkV0Kas)
2018-05-01 09:34:43 #req-music @Rythm#3722 deleted message from 2018-05-01 09:34:31 (<:youtube:335112740957978625> **Searching** 🔎 `https://www.youtube.com/watch?v=QJYBFkV0Kas`)
2018-05-01 09:34:57 #req-music @CommanderBlackbone#9786: !play Herobrine's LIFE
2018-05-01 09:34:58 #req-music @Rythm#3722: <:youtube:335112740957978625> **Searching** 🔎 `Herobrine's LIFE`
2018-05-01 09:34:58 #req-music @Rythm#3722: 
2018-05-01 09:34:58 #req-music @Rythm#3722 edited message from 2018-05-01 09:34:58 () to read: 
2018-05-01 09:35:08 #req-music @Rythm#3722 deleted message from 2018-05-01 09:34:32 ()
2018-05-01 09:35:13 #req-music @Synapse#0692 deleted message from 2018-05-01 09:34:17 (Can't stop if I'm not playing.)
2018-05-01 09:35:19 #req-music @Rythm#3722 deleted message from 2018-05-01 09:34:07 (<:youtube:335112740957978625> **Searching** 🔎 `Begin Again`)
2018-05-01 09:35:26 #req-music @Rythm#3722 deleted message from 2018-05-01 09:34:58 ()
2018-05-01 09:35:34 #req-music @CommanderBlackbone#9786: !play We are a danger
2018-05-01 09:35:35 #req-music @Rythm#3722: <:youtube:335112740957978625> **Searching** 🔎 `We are a danger`
2018-05-01 09:35:35 #req-music @Rythm#3722: 
2018-05-01 09:35:35 #req-music @Rythm#3722 edited message from 2018-05-01 09:35:35 () to read: 
2018-05-01 09:36:19 #req-music @Rythm#3722 deleted message from 2018-05-01 09:35:35 (<:youtube:335112740957978625> **Searching** 🔎 `We are a danger`)
2018-05-01 09:36:20 #req-music @Rythm#3722 deleted message from 2018-05-01 09:35:35 ()
2018-05-01 09:36:59 #req-music @CommanderBlackbone#9786: !search Herobrine's LIFE
2018-05-01 09:37:00 #req-music @Rythm#3722: 
2018-05-01 09:37:00 #req-music @Rythm#3722 edited message from 2018-05-01 09:37:00 () to read: 
2018-05-01 09:37:06 #req-music @CommanderBlackbone#9786: 1
2018-05-01 09:37:07 #req-music @Rythm#3722 deleted message from 2018-05-01 09:37:00 ()
2018-05-01 09:37:06 #req-music @Rythm#3722: **Playing** 🎶 `♫ "HEROBRINE'S LIFE - MINECRAFT PARODY "SOMETHING JUST LIKE THIS" - BEST MINECRAFT PARODY (2017) ♫` - Now!
2018-05-01 09:51:13 #req-music @CommanderBlackbone#9786: !search begin again
2018-05-01 09:51:15 #req-music @Rythm#3722: 
2018-05-01 09:51:17 #req-music @Rythm#3722 edited message from 2018-05-01 09:51:15 () to read: 
2018-05-01 09:51:25 #req-music @CommanderBlackbone#9786: 2
2018-05-01 09:51:25 #req-music @Rythm#3722: **Playing** 🎶 `"Begin Again" - A Minecraft Original Music Video ♪` - Now!
2018-05-01 09:51:25 #req-music @Rythm#3722 deleted message from 2018-05-01 09:51:15 ()
2018-05-01 10:20:34 #req-music @[YT] Craft34 animation#9889: !search begin again
2018-05-01 10:20:35 #req-music @Rythm#3722: 
2018-05-01 10:20:35 #req-music @Rythm#3722 edited message from 2018-05-01 10:20:35 () to read: 
2018-05-01 10:21:35 #req-music @Rythm#3722 edited message from 2018-05-01 10:20:35 () to read: ❌ **Timeout!**
2018-05-01 11:21:47 #req-music @CommanderBlackbone#9786: !search  perfect
2018-05-01 11:21:48 #req-music @Rythm#3722: 
2018-05-01 11:21:49 #req-music @Rythm#3722 edited message from 2018-05-01 11:21:48 () to read: 
2018-05-01 11:21:53 #req-music @CommanderBlackbone#9786: 1
2018-05-01 11:21:54 #req-music @Rythm#3722: **Playing** 🎶 `Perfect - Ed Sheeran (Lyrics)` - Now!
2018-05-01 11:21:54 #req-music @Rythm#3722 deleted message from 2018-05-01 11:21:48 ()
2018-05-01 13:30:16 #req-music @CommanderBlackbone#9786: !search demon
2018-05-01 13:30:16 #req-music @Rythm#3722: ❌ **You have to be in a voice channel to use this command.**
2018-05-01 13:30:24 #req-music @CommanderBlackbone#9786: !search demon
2018-05-01 13:30:25 #req-music @Rythm#3722: 
2018-05-01 13:30:26 #req-music @Rythm#3722 edited message from 2018-05-01 13:30:25 () to read: 
2018-05-01 13:30:31 #req-music @CommanderBlackbone#9786: 1
2018-05-01 13:30:31 #req-music @Rythm#3722 deleted message from 2018-05-01 13:30:25 ()
2018-05-01 13:30:31 #req-music @Rythm#3722: **Playing** 🎶 `Demons - Imagine Dragons` - Now!
2018-05-01 13:33:41 #req-music @CommanderBlackbone#9786: !search minecraft animation
2018-05-01 13:33:42 #req-music @Rythm#3722: 
2018-05-01 13:33:43 #req-music @Rythm#3722 edited message from 2018-05-01 13:33:42 () to read: 
2018-05-01 13:33:53 #req-music @CommanderBlackbone#9786 deleted message from 2018-05-01 13:33:41 (!search minecraft animation)
2018-05-01 13:33:57 #req-music @Rythm#3722 deleted message from 2018-05-01 13:33:42 ()
2018-05-01 13:34:08 #req-music @CommanderBlackbone#9786: !search minecraft song
2018-05-01 13:34:08 #req-music @Rythm#3722: ⚠ **Search is already running in this channel, type `cancel` to exit**
2018-05-01 13:34:12 #req-music @CommanderBlackbone#9786: cancel
2018-05-01 13:34:12 #req-music @Rythm#3722: ✅
2018-05-01 13:34:19 #req-music @CommanderBlackbone#9786: !search minecraft song
2018-05-01 13:34:20 #req-music @Rythm#3722: 
2018-05-01 13:34:20 #req-music @Rythm#3722 edited message from 2018-05-01 13:34:20 () to read: 
2018-05-01 13:34:32 #req-music @CommanderBlackbone#9786: cancel
2018-05-01 13:34:32 #req-music @Rythm#3722 deleted message from 2018-05-01 13:34:20 ()
2018-05-01 13:34:32 #req-music @Rythm#3722: ✅
2018-05-01 13:34:43 #req-music @CommanderBlackbone#9786: !search minecraft song real life
2018-05-01 13:34:44 #req-music @Rythm#3722: 
2018-05-01 13:34:44 #req-music @Rythm#3722 edited message from 2018-05-01 13:34:44 () to read: 
2018-05-01 13:34:55 #req-music @CommanderBlackbone#9786: cancel
2018-05-01 13:34:55 #req-music @Rythm#3722: ✅
2018-05-01 13:34:55 #req-music @Rythm#3722 deleted message from 2018-05-01 13:34:44 ()
2018-05-01 13:35:07 #req-music @CommanderBlackbone#9786: !play radioactive
2018-05-01 13:35:07 #req-music @Rythm#3722: <:youtube:335112740957978625> **Searching** 🔎 `radioactive`
2018-05-01 13:35:07 #req-music @Rythm#3722: **Playing** 🎶 `Imagine Dragons - Radioactive` - Now!
2018-05-01 13:35:51 #req-music @CommanderBlackbone#9786: !stop
2018-05-01 13:35:51 #req-music @Rythm#3722: **Paused** ⏸
2018-05-01 13:35:51 #req-music @Synapse#0692: Can't stop if I'm not playing.
2018-05-01 13:36:07 #req-music @CommanderBlackbone#9786: !search thunder
2018-05-01 13:36:08 #req-music @Rythm#3722: 
2018-05-01 13:36:09 #req-music @Rythm#3722 edited message from 2018-05-01 13:36:08 () to read: 
2018-05-01 13:36:13 #req-music @CommanderBlackbone#9786: 2
2018-05-01 13:36:18 #req-music @Rythm#3722 deleted message from 2018-05-01 13:36:08 ()
2018-05-01 13:36:13 #req-music @Rythm#3722: 
2018-05-01 13:36:18 #req-music @Rythm#3722 edited message from 2018-05-01 13:36:13 () to read: 
2018-05-01 13:36:37 #req-music @Rythm#3722 deleted message from 2018-05-01 13:36:13 ()
2018-05-01 13:36:41 #req-music @CommanderBlackbone#9786: !search thunder
2018-05-01 13:36:42 #req-music @Rythm#3722: 
2018-05-01 13:36:42 #req-music @Rythm#3722 edited message from 2018-05-01 13:36:42 () to read: 
2018-05-01 13:36:44 #req-music @CommanderBlackbone#9786: 2
2018-05-01 13:36:44 #req-music @Rythm#3722: 
2018-05-01 13:36:44 #req-music @Rythm#3722 deleted message from 2018-05-01 13:36:42 ()
2018-05-01 13:36:44 #req-music @Rythm#3722 edited message from 2018-05-01 13:36:44 () to read: 
2018-05-01 13:36:55 #req-music @Rythm#3722 deleted message from 2018-05-01 13:36:44 ()
2018-05-01 13:36:58 #req-music @CommanderBlackbone#9786: !play thunder
2018-05-01 13:36:58 #req-music @Rythm#3722: <:youtube:335112740957978625> **Searching** 🔎 `thunder`
2018-05-01 13:36:59 #req-music @Rythm#3722: 
2018-05-01 13:36:59 #req-music @Rythm#3722 edited message from 2018-05-01 13:36:59 () to read: 
2018-05-01 13:37:08 #req-music @CommanderBlackbone#9786: cancel
2018-05-01 13:37:13 #req-music @Rythm#3722 deleted message from 2018-05-01 13:36:59 ()
2018-05-01 13:37:33 #req-music @CommanderBlackbone#9786: !search Radioactive
2018-05-01 13:37:35 #req-music @Rythm#3722: 
2018-05-01 13:37:35 #req-music @Rythm#3722 edited message from 2018-05-01 13:37:35 () to read: 
2018-05-01 13:37:39 #req-music @CommanderBlackbone#9786: 2
2018-05-01 13:37:39 #req-music @Rythm#3722 deleted message from 2018-05-01 13:37:35 ()
2018-05-01 13:37:39 #req-music @Rythm#3722: 
2018-05-01 13:37:39 #req-music @Rythm#3722 edited message from 2018-05-01 13:37:39 () to read: 
2018-05-01 13:38:37 #req-music @CommanderBlackbone#9786: p!play radioactive
2018-05-01 13:38:38 #req-music @PenguBot#9722: @CommanderBlackbone, 🔄 | Pengu is loading a music selector, please wait...
2018-05-01 13:38:38 #req-music @PenguBot#9722 edited message from 2018-05-01 13:38:38 (@CommanderBlackbone, 🔄 | Pengu is loading a music selector, please wait...) to read: 🎵 **Pengu Music - Select a Song:**\n\n➡ `1` Imagine Dragons - Radioactive - ImagineDragonsVEVO\n➡ `2` Radioactive-Imagine Dragons (Lyrics) - BeaattZ z\n➡ `3` Radioactive - Lindsey Stirling and Pentatonix (Imagine Dragons Cover) - Lindsey Stirling\n➡ `4` Radioactive - Imagine Dragons - Topic\n➡ `5` Imagine Dragons - Radioactive (Live At The Joint) - ImagineDragonsVEVO\n\n@CommanderBlackbone, Please provide a value to select one of the search results ranging from `1-5`.
2018-05-01 13:38:42 #req-music @CommanderBlackbone#9786: 2
2018-05-01 13:38:42 #req-music @PenguBot#9722: ⏯ | **Now Playing:** Radioactive-Imagine Dragons (Lyrics) (00:03:07) by BeaattZ z - (<https://www.youtube.com/watch?v=iO_WxYC34eM>) | Requested by CommanderBlackbone#9786
2018-05-01 13:38:50 #req-music @CommanderBlackbone#9786: !stop
2018-05-01 13:38:51 #req-music @Rythm#3722: **Paused** ⏸
2018-05-01 13:38:52 #req-music @Synapse#0692: Can't stop if I'm not playing.
2018-05-01 13:38:56 #req-music @Rythm#3722 deleted message from 2018-05-01 13:38:51 (**Paused** ⏸)
2018-05-01 13:38:59 #req-music @Synapse#0692 deleted message from 2018-05-01 13:38:52 (Can't stop if I'm not playing.)
2018-05-01 13:39:04 #req-music @PenguBot#9722 deleted message from 2018-05-01 13:38:38 (🎵 **Pengu Music - Select a Song:**\n\n➡ `1` Imagine Dragons - Radioactive - ImagineDragonsVEVO\n➡ `2` Radioactive-Imagine Dragons (Lyrics) - BeaattZ z\n➡ `3` Radioactive - Lindsey Stirling and Pentatonix (Imagine Dragons Cover) - Lindsey Stirling\n➡ `4` Radioactive - Imagine Dragons - Topic\n➡ `5` Imagine Dragons - Radioactive (Live At The Joint) - ImagineDragonsVEVO\n\n@CommanderBlackbone, Please provide a value to select one of the search results ranging from `1-5`.)
2018-05-01 13:39:11 #req-music @Rythm#3722 deleted message from 2018-05-01 13:37:39 ()
2018-05-01 13:41:51 #req-music @PenguBot#9722: 🎵 | **Music:** Finished playing the current queue. Enjoyed what you heard? Why not support us on Patreon at <https://www.Patreon.com/PenguBot>
2018-05-01 13:42:01 #req-music @CommanderBlackbone#9786: p!play thunder
2018-05-01 13:42:01 #req-music @PenguBot#9722: @CommanderBlackbone, 🔄 | Pengu is loading a music selector, please wait...
2018-05-01 13:42:01 #req-music @PenguBot#9722 edited message from 2018-05-01 13:42:01 (@CommanderBlackbone, 🔄 | Pengu is loading a music selector, please wait...) to read: 🎵 **Pengu Music - Select a Song:**\n\n➡ `1` Imagine Dragons - Thunder - ImagineDragonsVEVO\n➡ `2` Imagine Dragons - Thunder (Lyrics / Lyric Video) - Royal Music\n➡ `3` Imagine Dragons - Thunder (Audio) - ImagineDragonsVEVO\n➡ `4` Utah Jazz vs OKC Thunder - Full Game Highlights | Game 5 | April 25, 2018 | NBA Playoffs - Rapid Highlights\n➡ `5` Imagine Dragons – Thunder (Lyrics) 🎵 - Pixl Networks\n\n@CommanderBlackbone, Please provide a value to select one of the search results ranging from `1-5`.
2018-05-01 13:42:05 #req-music @CommanderBlackbone#9786: 2
2018-05-01 13:42:05 #req-music @PenguBot#9722: ⏯ | **Now Playing:** Imagine Dragons - Thunder (Lyrics / Lyric Video) (00:03:07) by Royal Music - (<https://www.youtube.com/watch?v=wFhs7WVvuXk>) | Requested by CommanderBlackbone#9786
2018-05-01 13:42:14 #req-music @CommanderBlackbone#9786: p!stop
2018-05-01 13:42:15 #req-music @PenguBot#9722: ⏹ | **Stopped:** Cleared The Queue and Stopped The Music.
2018-05-01 13:42:24 #req-music @PenguBot#9722 deleted message from 2018-05-01 13:38:42 (⏯ | **Now Playing:** Radioactive-Imagine Dragons (Lyrics) (00:03:07) by BeaattZ z - (<https://www.youtube.com/watch?v=iO_WxYC34eM>) | Requested by CommanderBlackbone#9786)
2018-05-01 13:42:26 #req-music @CommanderBlackbone#9786: !stop
2018-05-01 13:42:26 #req-music @Rythm#3722: **Paused** ⏸
2018-05-01 13:42:28 #req-music @Synapse#0692: Can't stop if I'm not playing.
2018-05-01 13:42:33 #req-music @Rythm#3722 deleted message from 2018-05-01 13:42:26 (**Paused** ⏸)
2018-05-01 13:42:39 #req-music @CommanderBlackbone#9786: p!play thunder
2018-05-01 13:42:39 #req-music @PenguBot#9722: @CommanderBlackbone, 🔄 | Pengu is loading a music selector, please wait...
2018-05-01 13:42:40 #req-music @PenguBot#9722 edited message from 2018-05-01 13:42:39 (@CommanderBlackbone, 🔄 | Pengu is loading a music selector, please wait...) to read: 🎵 **Pengu Music - Select a Song:**\n\n➡ `1` Imagine Dragons - Thunder - ImagineDragonsVEVO\n➡ `2` Imagine Dragons - Thunder (Lyrics / Lyric Video) - Royal Music\n➡ `3` Imagine Dragons - Thunder (Audio) - ImagineDragonsVEVO\n➡ `4` Utah Jazz vs OKC Thunder - Full Game Highlights | Game 5 | April 25, 2018 | NBA Playoffs - Rapid Highlights\n➡ `5` Imagine Dragons – Thunder (Lyrics) 🎵 - Pixl Networks\n\n@CommanderBlackbone, Please provide a value to select one of the search results ranging from `1-5`.
2018-05-01 13:42:40 #req-music @CommanderBlackbone#9786: 2
2018-05-01 13:42:41 #req-music @PenguBot#9722: ⏯ | **Now Playing:** Imagine Dragons - Thunder (Lyrics / Lyric Video) (00:03:07) by Royal Music - (<https://www.youtube.com/watch?v=wFhs7WVvuXk>) | Requested by CommanderBlackbone#9786
2018-05-01 13:42:53 #req-music @CommanderBlackbone#9786: !stop
2018-05-01 13:42:53 #req-music @Rythm#3722: **Paused** ⏸
2018-05-01 13:42:56 #req-music @Synapse#0692: Can't stop if I'm not playing.
2018-05-01 13:42:59 #req-music @Rythm#3722 deleted message from 2018-05-01 13:42:53 (**Paused** ⏸)
2018-05-01 13:45:50 #req-music @PenguBot#9722: 🎵 | **Music:** Finished playing the current queue. Enjoyed what you heard? Why not support us on Patreon at <https://www.Patreon.com/PenguBot>
2018-05-02 05:13:18 #req-music @CommanderBlackbone#9786: !search find the pieces
2018-05-02 05:13:19 #req-music @Rythm#3722: 
2018-05-02 05:13:19 #req-music @Rythm#3722 edited message from 2018-05-02 05:13:19 () to read: 
2018-05-02 05:13:21 #req-music @CommanderBlackbone#9786: 1
2018-05-02 05:13:22 #req-music @Rythm#3722: **Playing** 🎶 `"Find the Pieces" - A Minecraft Original Music Video` - Now!
2018-05-02 05:13:22 #req-music @Rythm#3722 deleted message from 2018-05-02 05:13:19 ()
2018-05-02 05:14:02 #req-music @CommanderBlackbone#9786: !play
2018-05-02 05:14:02 #req-music @Rythm#3722: ❌ **The player is not paused**
2018-05-02 05:14:04 #req-music @Synapse#0692: ```\n!play <url_or_search_terms>\n\nPlays a link / searches and play\n\n```
