2018-04-25 06:16:11 this bot joined the server
2018-04-25 06:16:11 Role created: 'Synapse' (id 438583988572127252)
2018-04-25 06:16:11 Member role add: 'Synapse' role was added to @Synapse#0692
2018-04-25 06:16:14 Member join: @Ghostplay R2#1298 (id 435829986772123658)
2018-04-25 06:16:14 Member role add: 'Ghostplay R2' role was added to @Ghostplay R2#1298
2018-04-25 06:16:14 Role created: 'Ghostplay R2' (id 438584001066958859)
2018-04-25 06:16:14 Member role add: 'Ghostplay R2' role was added to @Ghostplay R2#1298
2018-04-25 06:18:42 Role created: 'new role' (id 438584623367323668)
2018-04-25 06:19:50 Role permissions: 'Ghostplay R2' changed from 268520497 to 268782705
2018-04-25 06:19:50 Role permissions: 'Synapse' changed from 8 to 262216
2018-04-25 06:19:50 Role renamed: 'new role' to 'GP BOTS'
2018-04-25 06:19:50 Role color: 'new role' changed from #000000 to #c27c0e
2018-04-25 06:19:50 Role mentionable: 'GP BOTS' is now mentionable
2018-04-25 06:19:50 Role hoist: 'GP BOTS' is now shown seperately
2018-04-25 06:19:50 Role permissions: 'new role' changed from 104324161 to 938999017
2018-04-25 06:19:56 Role permissions: 'GP BOTS' changed from 938999017 to 938999039
2018-04-25 06:20:01 Role permissions: 'GP BOTS' changed from 938999039 to 2146958591
2018-04-25 06:21:03 Member role add: 'GP BOTS' role was added to @Ghostplay R2#1298
2018-04-25 06:21:04 Member role add: 'GP BOTS' role was added to @Synapse#0692
2018-04-25 06:32:12 Member join: @Mr. Robot#0007 (id 426234414255570959)
2018-04-25 06:33:37 Role deleted: 'Dyno' (id 437732066562539520)
2018-04-25 06:33:37 Member leave: @Dyno#3861 (id 155149108183695360)
2018-04-25 06:33:46 Role deleted: 'Rythm' (id 437723101124624395)
2018-04-25 06:33:46 Member leave: @Rythm#3722 (id 235088799074484224)
2018-04-25 06:33:58 Role deleted: 'GalacticBot' (id 438438354212749312)
2018-04-25 06:33:58 Member leave: @GalacticBot#5428 (id 157958863038054400)
2018-04-25 06:34:30 Role deleted: 'Medal' (id 437731996400353291)
2018-04-25 06:34:30 Member leave: @MedalBot#1237 (id 307998818547531777)
2018-04-25 06:45:52 Member leave: @Mr. Robot#0007 (id 426234414255570959)
2018-04-25 09:50:02 Member join: @Solo Player#3847 (id 317930113788280832)
2018-04-25 09:54:37 Member leave: @Solo Player#3847 (id 317930113788280832)
2018-05-02 06:20:08 Member join: @Toxic_XD#4246 (id 440947262990843904)
2018-05-02 06:21:18 Member role add: 'ROBLOX' role was added to @Toxic_XD#4246
