2018-04-27 17:41:11 #general @Synapse#0692: 
2018-04-27 17:41:25 #general @pipine#3700: what is this
2018-04-27 17:41:29 #general @Axeloraptor#2087: ?hangman
2018-04-27 17:41:29 #general @pipine#3700: !help
2018-04-27 17:41:31 #general @Synapse#0692: Check your DM, @pipine! I have sent something for you :wink:
2018-04-27 17:41:39 #general @Axeloraptor#2087: !help
2018-04-27 17:41:41 #general @Synapse#0692: Check your DM, @Axeloraptor! I have sent something for you :wink:
2018-04-27 17:42:03 #general @pipine#3700: synapse is harassing me
2018-04-27 17:42:22 #general @pipine#3700: what the fuck i don't get anything
2018-04-27 17:42:35 #general @pipine#3700: why is nothing happening now
2018-04-27 17:42:39 #general @pipine#3700: where are you
2018-04-27 17:42:39 #general @pipine#3700: bé
2018-04-27 17:42:40 #general @pipine#3700: bé
2018-04-27 17:42:41 #general @pipine#3700: bé
2018-04-27 17:42:43 #general @pipine#3700: bé
2018-04-27 17:42:44 #general @Axeloraptor#2087: ?fun
2018-04-27 17:42:46 #general @pipine#3700: ah
2018-04-27 17:42:46 #general @Axeloraptor#2087: yesh?
2018-04-27 17:42:53 #general @pipine#3700: where were you
2018-04-27 17:42:54 #general @Axeloraptor#2087: /help
2018-04-27 17:42:54 #general @Rock Puppy#3209: 
2018-04-27 17:42:55 #general @Rock Puppy#3209 edited message from 2018-04-27 17:42:54 () to read: 
2018-04-27 17:42:58 #general @pipine#3700: i'm lost
2018-04-27 17:43:00 #general @Axeloraptor#2087: am checking stuff out
2018-04-27 17:43:05 #general @Axeloraptor#2087: trying to find good bot
2018-04-27 17:43:14 #general @pipine#3700: i don't get it
2018-04-27 17:43:24 #general @pipine#3700: i'm lost
2018-04-27 17:43:34 #general @Axeloraptor#2087: speak nice
2018-04-27 17:43:38 #general @Axeloraptor#2087: ?speak nice
2018-04-27 17:43:42 #general @pipine#3700: why did you give up on thinking about the lyrics
2018-04-27 17:43:43 #general @Axeloraptor#2087: !speak nice
2018-04-27 17:43:49 #general @Axeloraptor#2087: eh
2018-04-27 17:44:02 #general @pipine#3700: i was motivated
2018-04-27 17:44:04 #general @pipine#3700: bleh
2018-04-27 17:44:09 #general @Axeloraptor#2087: :c
2018-04-27 17:44:24 #general @Axeloraptor#2087: 10 syllabus?
2018-04-27 17:44:31 #general @Axeloraptor#2087: but eh be I'm slepy
2018-04-27 17:44:33 #general @pipine#3700: what
2018-04-27 17:44:34 #general @Axeloraptor#2087: i wanna help
2018-04-27 17:44:36 #general @pipine#3700: oke sleep
2018-04-27 17:44:40 #general @Axeloraptor#2087: nuu
2018-04-27 17:44:41 #general @pipine#3700: where's my mom
2018-04-27 17:44:48 #general @Axeloraptor#2087: i wanna talk to you as well
2018-04-27 17:44:51 #general @Axeloraptor#2087: shes suptairs
2018-04-27 17:44:55 #general @pipine#3700: oh oke
2018-04-27 17:45:00 #general @Axeloraptor#2087: she's upstairs*
2018-04-27 17:45:05 #general @pipine#3700: what did you guys talk about?
2018-04-27 17:45:13 #general @Axeloraptor#2087: I cant focus directly into it
2018-04-27 17:45:18 #general @Axeloraptor#2087: like I gotta think before writing
2018-04-27 17:45:24 #general @pipine#3700: i know
2018-04-27 17:45:25 #general @pipine#3700: but
2018-04-27 17:45:33 #general @pipine#3700: you aren't thinking right noq
2018-04-27 17:45:35 #general @pipine#3700: now*
2018-04-27 17:45:37 #general @Axeloraptor#2087: yeh eh
2018-04-27 17:45:54 #general @Axeloraptor#2087: cause I wanna talk to you and
2018-04-28 13:26:31 #general @Axeloraptor#2087: /help
2018-04-28 13:26:32 #general @Rock Puppy#3209: 
2018-04-28 13:26:32 #general @Rock Puppy#3209 edited message from 2018-04-28 13:26:32 () to read: 
