2018-04-27 07:15:49 #another name Voice channel join: Krinen#7284 (id 88117329396785152)
2018-04-27 07:15:51 #another name Voice channel leave: Krinen#7284 (id 88117329396785152)
2018-04-27 14:32:48 #another name Voice channel join: Klaus Ze Flammenwerfer#9999 (id 291226226608308224)
2018-04-27 14:32:51 #another name Voice channel leave: Klaus Ze Flammenwerfer#9999 (id 291226226608308224)
2018-04-27 14:32:52 #another name Voice channel join: SkayRock#8589 (id 300754440045068289), flags: self_mute
2018-04-27 14:32:55 #another name Server self-unmute: SkayRock#8589 (id 300754440045068289)
2018-04-27 14:32:56 #another name Voice channel leave: SkayRock#8589 (id 300754440045068289) moving to Very General
2018-04-27 14:32:59 #another name Voice channel join: SkayRock#8589 (id 300754440045068289), moved from Quite General
2018-04-27 14:32:59 #another name Voice channel leave: SkayRock#8589 (id 300754440045068289) moving to Queue 1
2018-04-27 14:33:16 #another name Voice channel join: SkayRock#8589 (id 300754440045068289), moved from Very General
2018-04-27 14:33:17 #another name Voice channel leave: SkayRock#8589 (id 300754440045068289) moving to Quite General
2018-04-27 16:17:37 #another name Voice channel join: Krinen#7284 (id 88117329396785152)
2018-04-27 16:17:37 #another name Voice channel leave: Krinen#7284 (id 88117329396785152)
2018-04-28 12:58:59 #another name Voice channel join: Klaus Ze Flammenwerfer#9999 (id 291226226608308224)
2018-04-28 12:59:01 #another name Voice channel leave: Klaus Ze Flammenwerfer#9999 (id 291226226608308224) moving to Lobby I
2018-04-28 17:23:22 #another name Voice channel join: A VERY LITTLE Polski#2954 (id 278056548369170438)
2018-04-28 17:23:23 #another name Voice channel leave: A VERY LITTLE Polski#2954 (id 278056548369170438)
2018-04-30 16:54:33 #another name Voice channel join: Mr. Robot#0007 (id 426234414255570959)
2018-04-30 16:54:46 #another name Voice channel join: Klaus Ze Flammenwerfer#9999 (id 291226226608308224)
2018-04-30 16:55:37 #another name Voice channel leave: Mr. Robot#0007 (id 426234414255570959)
2018-04-30 16:55:46 #another name Voice channel join: Mr. Robot#0007 (id 426234414255570959)
2018-04-30 16:56:07 #another name Voice channel leave: Mr. Robot#0007 (id 426234414255570959)
2018-04-30 17:00:24 #another name Voice channel join: Mr. Robot#0007 (id 426234414255570959)
2018-04-30 17:18:20 #another name Voice channel join: A VERY LITTLE Polski#2954 (id 278056548369170438), flags: self_mute
2018-04-30 17:20:35 #another name Voice channel join: Synapse#0692 (id 435538622293344266)
2018-04-30 17:24:57 #another name Server mute: A VERY LITTLE Polski#2954 (id 278056548369170438)
2018-04-30 17:25:09 #another name Server unmute: A VERY LITTLE Polski#2954 (id 278056548369170438)
2018-04-30 17:40:45 #another name Voice channel leave: Mr. Robot#0007 (id 426234414255570959)
2018-04-30 17:48:14 #another name Voice channel join: Mr. Robot#0007 (id 426234414255570959)
2018-04-30 17:48:27 #another name Voice channel join: Synapse#0692 (id 435538622293344266)
2018-04-30 17:51:17 #another name Voice channel leave: A VERY LITTLE Polski#2954 (id 278056548369170438)
2018-04-30 17:52:34 #another name Voice channel join: Synapse#0692 (id 435538622293344266)
2018-04-30 17:59:09 #another name Voice channel join: Synapse#0692 (id 435538622293344266)
2018-04-30 18:10:32 #another name Voice channel join: Synapse#0692 (id 435538622293344266)
2018-04-30 18:22:21 #another name Voice channel join: Synapse#0692 (id 435538622293344266)
2018-04-30 18:27:04 #another name Voice channel join: Synapse#0692 (id 435538622293344266)
2018-04-30 18:35:49 #another name Voice channel leave: Mr. Robot#0007 (id 426234414255570959)
2018-04-30 18:35:53 #another name Voice channel leave: Klaus Ze Flammenwerfer#9999 (id 291226226608308224)
