2018-04-27 11:26:18 #bot-spam @yohaluf#5378: alot
2018-04-27 11:26:21 #bot-spam @yohaluf#5378: alot of alot
2018-04-27 11:26:31 #bot-spam @yohaluf#5378: @Mr. Robot What happend to alot?!
2018-04-27 11:27:05 #bot-spam @yohaluf#5378: ????????????
2018-04-27 11:28:34 #bot-spam @yohaluf#5378: alot alot
2018-04-27 11:28:37 #bot-spam @yohaluf#5378: !load alot
2018-04-27 11:44:34 #bot-spam @Klaus Ze Flammenwerfer#9999: Idk
2018-04-27 11:44:36 #bot-spam @Klaus Ze Flammenwerfer#9999: alot
2018-04-27 11:44:37 #bot-spam @Klaus Ze Flammenwerfer#9999: Oof
2018-04-27 11:44:43 #bot-spam @Klaus Ze Flammenwerfer#9999: @Mr. Robot
2018-04-27 13:16:49 #bot-spam @Mr. Robot#0007: Freaking leave that shit
2018-04-27 13:16:56 #bot-spam @Mr. Robot#0007: Spamming af
2018-04-27 13:28:31 #bot-spam @Mr. Robot#0007: !alot
2018-04-27 13:28:32 #bot-spam @Synapse#0692: The alots are here! \o/
2018-04-27 13:28:39 #bot-spam @Mr. Robot#0007: !up 2
2018-04-27 13:28:40 #bot-spam @Mr. Robot#0007 deleted message from 2018-04-27 13:28:31 (!alot)
2018-04-27 13:28:40 #bot-spam @Synapse#0692 deleted message from 2018-04-27 13:28:32 (The alots are here! \o/)
2018-04-27 13:28:40 #bot-spam @Mr. Robot#0007 deleted message from 2018-04-27 13:28:39 (!up 2)
2018-04-27 15:14:20 #bot-spam @yohaluf#5378: alot spam
2018-04-27 15:14:23 #bot-spam @Synapse#0692: http://mentalfloss.com/sites/default/legacy/blogs/wp-content/uploads/2011/02/550_alotspam.jpg
2018-04-27 15:19:36 #bot-spam @oland is gay#4684: !commands
2018-04-27 15:19:37 #bot-spam @Synapse#0692: Don't tell me what to do.
2018-04-27 15:28:59 #bot-spam @A VERY LITTLE Polski#2954: !commands
2018-04-27 15:28:59 #bot-spam @Synapse#0692: Don't tell me what to do.
2018-04-27 15:45:14 #bot-spam @yohaluf#5378: Xd
2018-04-27 17:52:43 #bot-spam @A VERY LITTLE Polski#2954: !spotify my horse
2018-04-27 17:52:50 #bot-spam @Synapse#0692: 
2018-04-27 17:52:50 #bot-spam @Synapse#0692 edited message from 2018-04-27 17:52:50 () to read: 
2018-04-27 17:53:11 #bot-spam @Mr. Robot#0007: !spotify
2018-04-27 17:53:11 #bot-spam @Synapse#0692: ```\n!spotify <query>\n\nSearch for a song on Spotify\n\n```
2018-04-27 17:53:15 #bot-spam @A VERY LITTLE Polski#2954: !spotify bastaboi
2018-04-27 17:53:15 #bot-spam @Synapse#0692: **I'm sorry, but I couldn't find anything.**
2018-04-27 17:53:16 #bot-spam @Mr. Robot#0007: !up 2
2018-04-27 17:53:18 #bot-spam @A VERY LITTLE Polski#2954 deleted message from 2018-04-27 17:53:15 (!spotify bastaboi)
2018-04-27 17:53:18 #bot-spam @Synapse#0692 deleted message from 2018-04-27 17:53:15 (**I'm sorry, but I couldn't find anything.**)
2018-04-27 17:53:18 #bot-spam @Mr. Robot#0007 deleted message from 2018-04-27 17:53:16 (!up 2)
2018-04-27 17:53:23 #bot-spam @Mr. Robot#0007: !up 2
2018-04-27 17:53:24 #bot-spam @Mr. Robot#0007 deleted message from 2018-04-27 17:53:11 (!spotify)
2018-04-27 17:53:24 #bot-spam @Synapse#0692 deleted message from 2018-04-27 17:53:11 (```\n!spotify <query>\n\nSearch for a song on Spotify\n\n```)
2018-04-27 17:53:24 #bot-spam @Mr. Robot#0007 deleted message from 2018-04-27 17:53:23 (!up 2)
2018-04-28 12:46:52 #bot-spam @Mr. Robot#0007: !pdeny
2018-04-28 12:46:59 #bot-spam @Mr. Robot#0007: !p
2018-04-28 12:47:05 #bot-spam @Synapse#0692: ```\n!p role deny <command> <role>\n\nExplicitly denies [command/cog] usage by [role] server wide\n\nThis OVERRIDES channel based permissions\n\n```
2018-04-28 12:47:05 #bot-spam @Synapse#0692: ```\n!p\n\nPermissions manager\n\nCommands:\n  channel Channel based permissions\n  role    Role based permissions\n  unlock  Globally unlocks a command from being used by anyone but owner\n  reset   Resets ALL permissions on this server\n  lock    Globally locks a command from being used by anyone but owner\n  info    Gives current info about permissions on your server\n\nType !p command for more info on a command.\nYou can also type !p category for more info on a category.\n```
2018-04-28 12:47:11 #bot-spam @Mr. Robot#0007: !up 4
2018-04-28 12:47:11 #bot-spam @Mr. Robot#0007 deleted message from 2018-04-28 12:46:52 (!pdeny)
2018-04-28 12:47:11 #bot-spam @Mr. Robot#0007 deleted message from 2018-04-28 12:46:59 (!p)
2018-04-28 12:47:11 #bot-spam @Synapse#0692 deleted message from 2018-04-28 12:47:05 (```\n!p role deny <command> <role>\n\nExplicitly denies [command/cog] usage by [role] server wide\n\nThis OVERRIDES channel based permissions\n\n```)
2018-04-28 12:47:11 #bot-spam @Synapse#0692 deleted message from 2018-04-28 12:47:05 (```\n!p\n\nPermissions manager\n\nCommands:\n  channel Channel based permissions\n  role    Role based permissions\n  unlock  Globally unlocks a command from being used by anyone but owner\n  reset   Resets ALL permissions on this server\n  lock    Globally locks a command from being used by anyone but owner\n  info    Gives current info about permissions on your server\n\nType !p command for more info on a command.\nYou can also type !p category for more info on a category.\n```)
2018-04-28 12:47:11 #bot-spam @Mr. Robot#0007 deleted message from 2018-04-28 12:47:11 (!up 4)
2018-04-30 09:08:05 #bot-spam @Klaus Ze Flammenwerfer#9999: .act
2018-04-30 09:08:08 #bot-spam @Klaus Ze Flammenwerfer#9999: .ping
2018-04-30 09:08:09 #bot-spam @Synapse#0692: 🏓
2018-04-30 09:08:09 #bot-spam @Synapse#0692 deleted message from 2018-04-30 09:08:09 (🏓)
2018-04-30 09:08:09 #bot-spam @Synapse#0692: 
2018-04-30 09:08:09 #bot-spam @Synapse#0692 edited message from 2018-04-30 09:08:09 () to read: 
2018-04-30 09:08:11 #bot-spam @Klaus Ze Flammenwerfer#9999: .acr
2018-04-30 09:08:17 #bot-spam @Klaus Ze Flammenwerfer#9999: !pingt
2018-04-30 09:08:17 #bot-spam @Synapse#0692: ping: 118ms
2018-04-30 09:08:24 #bot-spam @Klaus Ze Flammenwerfer#9999: !sys
2018-04-30 09:08:25 #bot-spam @Synapse#0692: ```\n![sysinfo|sys]\n\nShows system information for the machine running the bot\n\nCommands:\n\nType !sys command for more info on a command.\nYou can also type !sys category for more info on a category.\n```
2018-04-30 09:08:29 #bot-spam @Klaus Ze Flammenwerfer#9999: !sys infi
2018-04-30 09:08:29 #bot-spam @Synapse#0692: ```\n![sysinfo|sys]\n\nShows system information for the machine running the bot\n\nCommands:\n\nType !sys command for more info on a command.\nYou can also type !sys category for more info on a category.\n```
2018-04-30 09:08:32 #bot-spam @Klaus Ze Flammenwerfer#9999: !sys info
2018-04-30 09:08:35 #bot-spam @Klaus Ze Flammenwerfer#9999: !sys usage
2018-04-30 09:08:35 #bot-spam @Synapse#0692: ```\n![sysinfo|sys]\n\nShows system information for the machine running the bot\n\nCommands:\n\nType !sys command for more info on a command.\nYou can also type !sys category for more info on a category.\n```
2018-04-30 09:41:50 #bot-spam @Klaus Ze Flammenwerfer#9999: de! bitconnect
2018-04-30 09:42:06 #bot-spam @Klaus Ze Flammenwerfer#9999: de!emoji bitconnect
2018-04-30 09:42:07 #bot-spam @Discord Emoji#2530: :white_check_mark: Here is your emoji:
2018-04-30 09:42:07 #bot-spam @Discord Emoji#2530 edited message from 2018-04-30 09:42:07 (:white_check_mark: Here is your emoji:) to read: :white_check_mark: Here is your emoji:
2018-04-30 09:42:10 #bot-spam @Klaus Ze Flammenwerfer#9999: WHERE
2018-04-30 09:42:11 #bot-spam @Klaus Ze Flammenwerfer#9999: REEEE
2018-04-30 09:53:23 #bot-spam @Klaus Ze Flammenwerfer#9999: !emoji https://discordemoji.com/emoji/PepeKMS
2018-04-30 09:53:27 #bot-spam @Klaus Ze Flammenwerfer#9999 edited message from 2018-04-30 09:53:23 (!emoji https://discordemoji.com/emoji/PepeKMS) to read: !emoji https://discordemoji.com/emoji/PepeKMS
2018-04-30 09:53:30 #bot-spam @Klaus Ze Flammenwerfer#9999: de!emoji https://discordemoji.com/emoji/PepeKMS
2018-04-30 09:53:30 #bot-spam @Discord Emoji#2530: :white_check_mark: Here is your emoji:
2018-04-30 09:53:32 #bot-spam @Discord Emoji#2530 edited message from 2018-04-30 09:53:30 (:white_check_mark: Here is your emoji:) to read: :white_check_mark: Here is your emoji:
2018-04-30 09:53:53 #bot-spam @Klaus Ze Flammenwerfer#9999: !de emoji pepekms
2018-04-30 09:53:58 #bot-spam @Klaus Ze Flammenwerfer#9999: de!emoji pepekms
2018-04-30 09:53:58 #bot-spam @Discord Emoji#2530: :white_check_mark: Here is your emoji:
2018-04-30 09:53:59 #bot-spam @Discord Emoji#2530 edited message from 2018-04-30 09:53:58 (:white_check_mark: Here is your emoji:) to read: :white_check_mark: Here is your emoji:
2018-04-30 09:54:01 #bot-spam @Klaus Ze Flammenwerfer#9999: nice
2018-04-30 09:54:14 #bot-spam @Klaus Ze Flammenwerfer#9999: de!emoji PepeKMS
2018-04-30 09:54:15 #bot-spam @Discord Emoji#2530: :white_check_mark: Here is your emoji:
2018-04-30 09:54:16 #bot-spam @Discord Emoji#2530 edited message from 2018-04-30 09:54:15 (:white_check_mark: Here is your emoji:) to read: :white_check_mark: Here is your emoji:
2018-04-30 09:54:17 #bot-spam @Klaus Ze Flammenwerfer#9999: FINALLY
2018-04-30 09:55:45 #bot-spam @Klaus Ze Flammenwerfer#9999: e:help
2018-04-30 09:56:08 #bot-spam @Klaus Ze Flammenwerfer#9999: e:searchemoji bitconnect
2018-04-30 09:56:08 #bot-spam @EmojiButler#0276: 
2018-04-30 09:56:08 #bot-spam @EmojiButler#0276 edited message from 2018-04-30 09:56:08 () to read: 
2018-04-30 09:56:23 #bot-spam @Klaus Ze Flammenwerfer#9999: de:addemoji BitconnectGuy_BITCONNEEEECT
2018-04-30 09:56:34 #bot-spam @Klaus Ze Flammenwerfer#9999: e:addemoji BitconnectGuy_BITCONNEEEECT
2018-04-30 09:56:34 #bot-spam @EmojiButler#0276: 
2018-04-30 09:56:35 #bot-spam @EmojiButler#0276 edited message from 2018-04-30 09:56:34 () to read: 
2018-04-30 09:56:37 #bot-spam @EmojiButler#0276 deleted message from 2018-04-30 09:56:34 ()
2018-04-30 09:56:37 #bot-spam @EmojiButler#0276: Adding emoji...
2018-04-30 09:56:37 #bot-spam @EmojiButler#0276 edited message from 2018-04-30 09:56:37 (Adding emoji...) to read: 
2018-04-30 09:56:37 #bot-spam @EmojiButler#0276 edited message from 2018-04-30 09:56:37 () to read: 
2018-04-30 09:56:59 #bot-spam @Klaus Ze Flammenwerfer#9999: e:searchemoji pepe
2018-04-30 09:56:59 #bot-spam @EmojiButler#0276: 
2018-04-30 09:56:59 #bot-spam @EmojiButler#0276 edited message from 2018-04-30 09:56:59 () to read: 
2018-04-30 09:57:11 #bot-spam @Klaus Ze Flammenwerfer#9999: e:addemoji PepeKMS
2018-04-30 09:57:11 #bot-spam @EmojiButler#0276: 
2018-04-30 09:57:11 #bot-spam @EmojiButler#0276 edited message from 2018-04-30 09:57:11 () to read: 
2018-04-30 09:57:13 #bot-spam @EmojiButler#0276 deleted message from 2018-04-30 09:57:11 ()
2018-04-30 09:57:13 #bot-spam @EmojiButler#0276: Adding emoji...
2018-04-30 09:57:13 #bot-spam @EmojiButler#0276 edited message from 2018-04-30 09:57:13 (Adding emoji...) to read: 
2018-04-30 09:57:13 #bot-spam @EmojiButler#0276 edited message from 2018-04-30 09:57:13 () to read: 
2018-04-30 09:57:37 #bot-spam @Klaus Ze Flammenwerfer#9999: e:addemoji FeelsTastyMan
2018-04-30 09:57:38 #bot-spam @EmojiButler#0276: 
2018-04-30 09:57:38 #bot-spam @EmojiButler#0276 edited message from 2018-04-30 09:57:38 () to read: 
2018-04-30 09:57:39 #bot-spam @EmojiButler#0276 deleted message from 2018-04-30 09:57:38 ()
2018-04-30 09:57:39 #bot-spam @EmojiButler#0276: Adding emoji...
2018-04-30 09:57:40 #bot-spam @EmojiButler#0276 edited message from 2018-04-30 09:57:39 (Adding emoji...) to read: 
2018-04-30 09:57:40 #bot-spam @EmojiButler#0276 edited message from 2018-04-30 09:57:39 () to read: 
2018-04-30 09:58:00 #bot-spam @Klaus Ze Flammenwerfer#9999: e:addemoji COGGERS
2018-04-30 09:58:00 #bot-spam @EmojiButler#0276: 
2018-04-30 09:58:01 #bot-spam @EmojiButler#0276 edited message from 2018-04-30 09:58:00 () to read: 
2018-04-30 09:58:02 #bot-spam @EmojiButler#0276 deleted message from 2018-04-30 09:58:00 ()
2018-04-30 09:58:02 #bot-spam @EmojiButler#0276: Adding emoji...
2018-04-30 09:58:03 #bot-spam @EmojiButler#0276 edited message from 2018-04-30 09:58:02 (Adding emoji...) to read: 
2018-04-30 09:58:03 #bot-spam @EmojiButler#0276 edited message from 2018-04-30 09:58:02 () to read: 
2018-04-30 09:58:27 #bot-spam @Klaus Ze Flammenwerfer#9999: e:addemoji hauntedmeme
2018-04-30 09:58:27 #bot-spam @EmojiButler#0276: 
2018-04-30 09:58:28 #bot-spam @EmojiButler#0276 edited message from 2018-04-30 09:58:27 () to read: 
2018-04-30 09:58:30 #bot-spam @EmojiButler#0276 deleted message from 2018-04-30 09:58:27 ()
2018-04-30 09:58:30 #bot-spam @EmojiButler#0276: Adding emoji...
2018-04-30 09:58:30 #bot-spam @EmojiButler#0276 edited message from 2018-04-30 09:58:30 (Adding emoji...) to read: 
2018-04-30 09:58:30 #bot-spam @EmojiButler#0276 edited message from 2018-04-30 09:58:30 () to read: 
2018-04-30 09:59:02 #bot-spam @Klaus Ze Flammenwerfer#9999: e:addemoji FeelsDanceMan
2018-04-30 09:59:02 #bot-spam @EmojiButler#0276: 
2018-04-30 09:59:02 #bot-spam @EmojiButler#0276 edited message from 2018-04-30 09:59:02 () to read: 
2018-04-30 09:59:04 #bot-spam @EmojiButler#0276 deleted message from 2018-04-30 09:59:02 ()
2018-04-30 09:59:04 #bot-spam @EmojiButler#0276: Adding emoji...
2018-04-30 09:59:04 #bot-spam @EmojiButler#0276 edited message from 2018-04-30 09:59:04 (Adding emoji...) to read: I failed to upload the requested emoji to Discord. It was probably too big.
2018-04-30 09:59:22 #bot-spam @Klaus Ze Flammenwerfer#9999: e:addemoji FeelsDanceMan
2018-04-30 09:59:22 #bot-spam @EmojiButler#0276: 
2018-04-30 09:59:22 #bot-spam @EmojiButler#0276 edited message from 2018-04-30 09:59:22 () to read: 
2018-04-30 09:59:24 #bot-spam @EmojiButler#0276 deleted message from 2018-04-30 09:59:22 ()
2018-04-30 09:59:24 #bot-spam @EmojiButler#0276: Adding emoji...
2018-04-30 09:59:25 #bot-spam @EmojiButler#0276 edited message from 2018-04-30 09:59:24 (Adding emoji...) to read: I failed to upload the requested emoji to Discord. It was probably too big.
2018-04-30 09:59:52 #bot-spam @Klaus Ze Flammenwerfer#9999: e:addemoji UltraThink
2018-04-30 09:59:52 #bot-spam @EmojiButler#0276: 
2018-04-30 09:59:52 #bot-spam @EmojiButler#0276 edited message from 2018-04-30 09:59:52 () to read: 
2018-04-30 09:59:54 #bot-spam @EmojiButler#0276 deleted message from 2018-04-30 09:59:52 ()
2018-04-30 09:59:54 #bot-spam @EmojiButler#0276: Adding emoji...
2018-04-30 09:59:54 #bot-spam @EmojiButler#0276 edited message from 2018-04-30 09:59:54 (Adding emoji...) to read: I failed to upload the requested emoji to Discord. It was probably too big.
2018-04-30 10:00:20 #bot-spam @Klaus Ze Flammenwerfer#9999: e:addemoji UltraThink
2018-04-30 10:00:20 #bot-spam @EmojiButler#0276: 
2018-04-30 10:00:21 #bot-spam @EmojiButler#0276 edited message from 2018-04-30 10:00:20 () to read: 
2018-04-30 10:00:24 #bot-spam @EmojiButler#0276 deleted message from 2018-04-30 10:00:20 ()
2018-04-30 10:00:24 #bot-spam @EmojiButler#0276: Adding emoji...
2018-04-30 10:00:24 #bot-spam @EmojiButler#0276 edited message from 2018-04-30 10:00:24 (Adding emoji...) to read: I failed to upload the requested emoji to Discord. It was probably too big.
2018-04-30 10:04:52 #bot-spam @Klaus Ze Flammenwerfer#9999: e:addemoji UltraThink
2018-04-30 10:04:52 #bot-spam @EmojiButler#0276: 
2018-04-30 10:04:52 #bot-spam @EmojiButler#0276 edited message from 2018-04-30 10:04:52 () to read: 
2018-04-30 10:04:56 #bot-spam @EmojiButler#0276 deleted message from 2018-04-30 10:04:52 ()
2018-04-30 10:04:56 #bot-spam @EmojiButler#0276: Adding emoji...
2018-04-30 10:04:57 #bot-spam @EmojiButler#0276 edited message from 2018-04-30 10:04:56 (Adding emoji...) to read: I failed to upload the requested emoji to Discord. It was probably too big.
2018-04-30 10:05:12 #bot-spam @Klaus Ze Flammenwerfer#9999: e:addemoji PepoDance
2018-04-30 10:05:12 #bot-spam @EmojiButler#0276: 
2018-04-30 10:05:12 #bot-spam @EmojiButler#0276 edited message from 2018-04-30 10:05:12 () to read: 
2018-04-30 10:05:14 #bot-spam @EmojiButler#0276 deleted message from 2018-04-30 10:05:12 ()
2018-04-30 10:05:14 #bot-spam @EmojiButler#0276: Adding emoji...
2018-04-30 10:05:15 #bot-spam @EmojiButler#0276 edited message from 2018-04-30 10:05:14 (Adding emoji...) to read: 
2018-04-30 10:05:15 #bot-spam @EmojiButler#0276 edited message from 2018-04-30 10:05:14 () to read: 
2018-04-30 10:05:21 #bot-spam @Klaus Ze Flammenwerfer#9999: e:addemoji blobhyperthink
2018-04-30 10:05:22 #bot-spam @EmojiButler#0276: It seems like you already have 50 emojis. That's the limit. Remove some before adding more.
2018-04-30 10:05:25 #bot-spam @Klaus Ze Flammenwerfer#9999: fuk
2018-04-30 10:06:21 #bot-spam @Klaus Ze Flammenwerfer#9999: e:addemoji blobhyperthink
2018-04-30 10:06:21 #bot-spam @EmojiButler#0276: 
2018-04-30 10:06:21 #bot-spam @EmojiButler#0276 edited message from 2018-04-30 10:06:21 () to read: 
2018-04-30 10:06:23 #bot-spam @EmojiButler#0276 deleted message from 2018-04-30 10:06:21 ()
2018-04-30 10:06:23 #bot-spam @EmojiButler#0276: Adding emoji...
2018-04-30 10:06:23 #bot-spam @EmojiButler#0276 edited message from 2018-04-30 10:06:23 (Adding emoji...) to read: 
2018-04-30 10:06:23 #bot-spam @EmojiButler#0276 edited message from 2018-04-30 10:06:23 () to read: 
2018-04-30 10:06:30 #bot-spam @Klaus Ze Flammenwerfer#9999: e:addemoji ThinkingFast
2018-04-30 10:06:30 #bot-spam @EmojiButler#0276: 
2018-04-30 10:06:30 #bot-spam @EmojiButler#0276 edited message from 2018-04-30 10:06:30 () to read: 
2018-04-30 10:06:32 #bot-spam @EmojiButler#0276 deleted message from 2018-04-30 10:06:30 ()
2018-04-30 10:06:32 #bot-spam @EmojiButler#0276: Adding emoji...
2018-04-30 10:06:32 #bot-spam @EmojiButler#0276 edited message from 2018-04-30 10:06:32 (Adding emoji...) to read: 
2018-04-30 10:06:32 #bot-spam @EmojiButler#0276 edited message from 2018-04-30 10:06:32 () to read: 
2018-04-30 10:06:38 #bot-spam @Klaus Ze Flammenwerfer#9999: e:addemoji ThonkHitler
2018-04-30 10:06:38 #bot-spam @EmojiButler#0276: 
2018-04-30 10:06:38 #bot-spam @EmojiButler#0276 edited message from 2018-04-30 10:06:38 () to read: 
2018-04-30 10:06:39 #bot-spam @EmojiButler#0276 deleted message from 2018-04-30 10:06:38 ()
2018-04-30 10:06:39 #bot-spam @EmojiButler#0276: Adding emoji...
2018-04-30 10:06:40 #bot-spam @EmojiButler#0276 edited message from 2018-04-30 10:06:39 (Adding emoji...) to read: 
2018-04-30 10:06:40 #bot-spam @EmojiButler#0276 edited message from 2018-04-30 10:06:39 () to read: 
2018-04-30 10:06:45 #bot-spam @Klaus Ze Flammenwerfer#9999: e:addemoji thonkms
2018-04-30 10:06:46 #bot-spam @EmojiButler#0276: 
2018-04-30 10:06:46 #bot-spam @EmojiButler#0276 edited message from 2018-04-30 10:06:46 () to read: 
2018-04-30 10:06:47 #bot-spam @EmojiButler#0276 deleted message from 2018-04-30 10:06:46 ()
2018-04-30 10:06:47 #bot-spam @EmojiButler#0276: Adding emoji...
2018-04-30 10:06:47 #bot-spam @EmojiButler#0276 edited message from 2018-04-30 10:06:47 (Adding emoji...) to read: 
2018-04-30 10:06:47 #bot-spam @EmojiButler#0276 edited message from 2018-04-30 10:06:47 () to read: 
2018-04-30 10:06:53 #bot-spam @Klaus Ze Flammenwerfer#9999: e:addemoji FuckMods
2018-04-30 10:06:53 #bot-spam @EmojiButler#0276: 
2018-04-30 10:06:53 #bot-spam @EmojiButler#0276 edited message from 2018-04-30 10:06:53 () to read: 
2018-04-30 10:06:55 #bot-spam @EmojiButler#0276 deleted message from 2018-04-30 10:06:53 ()
2018-04-30 10:06:55 #bot-spam @EmojiButler#0276: Adding emoji...
2018-04-30 10:06:55 #bot-spam @EmojiButler#0276 edited message from 2018-04-30 10:06:55 (Adding emoji...) to read: I failed to upload the requested emoji to Discord. It was probably too big.
2018-04-30 10:06:59 #bot-spam @Klaus Ze Flammenwerfer#9999: wtf
2018-04-30 10:12:01 #bot-spam @Klaus Ze Flammenwerfer#9999: e:addemoji blobultrathink
2018-04-30 10:12:01 #bot-spam @EmojiButler#0276: 
2018-04-30 10:12:01 #bot-spam @EmojiButler#0276 edited message from 2018-04-30 10:12:01 () to read: 
2018-04-30 10:12:03 #bot-spam @EmojiButler#0276 deleted message from 2018-04-30 10:12:01 ()
2018-04-30 10:12:03 #bot-spam @EmojiButler#0276: Adding emoji...
2018-04-30 10:12:04 #bot-spam @EmojiButler#0276 edited message from 2018-04-30 10:12:03 (Adding emoji...) to read: 
2018-04-30 10:12:04 #bot-spam @EmojiButler#0276 edited message from 2018-04-30 10:12:03 () to read: 
2018-04-30 10:13:40 #bot-spam @Klaus Ze Flammenwerfer#9999: <a:PepoDance:440453572975525898>
2018-04-30 10:20:00 #bot-spam @Mr. Robot#0007: <a:COGGERS:440451760583344159>
2018-04-30 10:20:08 #bot-spam @Mr. Robot#0007: !emoji
2018-04-30 10:20:13 #bot-spam @Mr. Robot#0007: !up 1
2018-04-30 10:20:13 #bot-spam @Mr. Robot#0007 deleted message from 2018-04-30 10:20:08 (!emoji)
2018-04-30 10:20:13 #bot-spam @Mr. Robot#0007 deleted message from 2018-04-30 10:20:13 (!up 1)
2018-04-30 10:20:27 #bot-spam @Mr. Robot#0007: !rate @Klaus Ze Flammenwerfer  <:kys:426137275357986817>
2018-04-30 10:20:27 #bot-spam @Synapse#0692: `Error in command 'rate'. Check your console or logs for details.`
2018-04-30 10:20:37 #bot-spam @Klaus Ze Flammenwerfer#9999: nice bot
2018-04-30 10:20:43 #bot-spam @Mr. Robot#0007: !rate
2018-04-30 10:20:43 #bot-spam @Synapse#0692: ```\n!rate <user> <givenemoji>\n\nRate another user using A SINGLE emoji.\n\nArguments:\n  <user> | Mentioned discord user.\n  <givenemoji> | An emoji, such as :smile: or any server emoji.\n\nIf no arguments are provided, we display help.\n\n```
2018-04-30 10:58:53 #bot-spam @oland is gay#4684: <:blobultrathink:440455288529616897>
2018-04-30 11:02:23 #bot-spam @Mr. Robot#0007: <a:rageee:424158714711375873>
2018-04-30 16:37:43 #bot-spam @Ali6837#7204: Tell me pls commans
2018-04-30 16:53:41 #bot-spam @Mr. Robot#0007: !uptime
2018-04-30 16:53:41 #bot-spam @Synapse#0692: Been up for: **8 hours, 22 minutes, and 58 seconds** (since 2018-04-30 08:30:42 UTC)
2018-04-30 16:53:50 #bot-spam @Mr. Robot#0007: !pingt
2018-04-30 16:53:51 #bot-spam @Synapse#0692: ping: 114ms
2018-04-30 16:53:54 #bot-spam @Mr. Robot#0007: .ping
2018-04-30 16:53:54 #bot-spam @Synapse#0692: 🏓
2018-04-30 16:53:55 #bot-spam @Synapse#0692: 
2018-04-30 16:53:55 #bot-spam @Synapse#0692 edited message from 2018-04-30 16:53:55 () to read: 
2018-04-30 16:53:55 #bot-spam @Synapse#0692 deleted message from 2018-04-30 16:53:54 (🏓)
2018-04-30 16:53:58 #bot-spam @Mr. Robot#0007: .ping
2018-04-30 16:53:58 #bot-spam @Synapse#0692: 🏓
2018-04-30 16:53:58 #bot-spam @Synapse#0692: 
2018-04-30 16:53:58 #bot-spam @Synapse#0692 deleted message from 2018-04-30 16:53:58 (🏓)
2018-04-30 16:53:59 #bot-spam @Synapse#0692 edited message from 2018-04-30 16:53:58 () to read: 
2018-04-30 16:54:02 #bot-spam @Mr. Robot#0007: .ping
2018-04-30 16:54:02 #bot-spam @Synapse#0692: 🏓
2018-04-30 16:54:02 #bot-spam @Synapse#0692: 
2018-04-30 16:54:02 #bot-spam @Synapse#0692 edited message from 2018-04-30 16:54:02 () to read: 
2018-04-30 16:54:02 #bot-spam @Synapse#0692 deleted message from 2018-04-30 16:54:02 (🏓)
2018-04-30 16:54:08 #bot-spam @Mr. Robot#0007: !upbot 5
2018-04-30 16:54:09 #bot-spam @Mr. Robot#0007 deleted message from 2018-04-30 16:53:50 (!pingt)
2018-04-30 16:54:09 #bot-spam @Synapse#0692 deleted message from 2018-04-30 16:53:51 (ping: 114ms)
2018-04-30 16:54:09 #bot-spam @Synapse#0692 deleted message from 2018-04-30 16:53:55 ()
2018-04-30 16:54:09 #bot-spam @Synapse#0692 deleted message from 2018-04-30 16:53:58 ()
2018-04-30 16:54:09 #bot-spam @Synapse#0692 deleted message from 2018-04-30 16:54:02 ()
2018-04-30 16:54:09 #bot-spam @Mr. Robot#0007 deleted message from 2018-04-30 16:54:08 (!upbot 5)
2018-04-30 16:54:17 #bot-spam @Mr. Robot#0007: !up 3
2018-04-30 16:54:18 #bot-spam @Mr. Robot#0007 deleted message from 2018-04-30 16:53:54 (.ping)
2018-04-30 16:54:18 #bot-spam @Mr. Robot#0007 deleted message from 2018-04-30 16:53:58 (.ping)
2018-04-30 16:54:18 #bot-spam @Mr. Robot#0007 deleted message from 2018-04-30 16:54:02 (.ping)
2018-04-30 16:54:18 #bot-spam @Mr. Robot#0007 deleted message from 2018-04-30 16:54:17 (!up 3)
2018-04-30 16:55:33 #bot-spam @Ali6837#7204: !you are gay
2018-04-30 16:58:24 #bot-spam @A VERY LITTLE Polski#2954: you r the big gei
2018-04-30 17:01:15 #bot-spam @Ali6837#7204: Nice @Mr. Robot
2018-04-30 17:01:17 #bot-spam @Ali6837#7204: With the bot
2018-04-30 17:07:04 #bot-spam @Mr. Robot#0007: @Ali6837 ??
2018-04-30 17:08:24 #bot-spam @Ali6837#7204: Synapse is messing with @Mr. Robot
2018-04-30 17:08:57 #bot-spam @Klaus Ze Flammenwerfer#9999: @Ali6837 ?
2018-04-30 17:11:41 #bot-spam @Mr. Robot#0007: @Ali6837 is it slowing down again? what are u talking about?
2018-04-30 17:24:33 #bot-spam @Ali6837#7204: Ok never mind
2018-04-30 17:25:03 #bot-spam @Ali6837#7204: Cause in exo server bot was like set banks synapse 999999999999999999999 and he said it was mr robot messing with us
2018-04-30 17:25:15 #bot-spam @Ali6837#7204: Also it was fighting with me I called it gay it replied
2018-04-30 17:25:19 #bot-spam @Ali6837#7204: @Mr. Robot
2018-04-30 17:25:42 #bot-spam @Ali6837#7204: Like also said fuck robots it replayed
2018-04-30 17:25:47 #bot-spam @Ali6837#7204: Replyed
2018-04-30 17:25:55 #bot-spam @Ali6837#7204: By saying exterminate humans
2018-04-30 17:26:17 #bot-spam @Ali6837#7204: And I was messing with bank set it replied with nice your cheating in your own server
2018-04-30 17:33:15 #bot-spam @Klaus Ze Flammenwerfer#9999: lmao
2018-04-30 17:33:17 #bot-spam @Klaus Ze Flammenwerfer#9999: @Ali6837
2018-04-30 17:33:21 #bot-spam @Klaus Ze Flammenwerfer#9999: synapse has a api
2018-04-30 17:33:25 #bot-spam @Klaus Ze Flammenwerfer#9999: do @Synapse "message"
2018-04-30 17:33:27 #bot-spam @Klaus Ze Flammenwerfer#9999: and it will reply
2018-04-30 17:33:28 #bot-spam @Klaus Ze Flammenwerfer#9999: try
2018-04-30 17:33:30 #bot-spam @Ali6837#7204: I didn’t know
2018-04-30 17:33:31 #bot-spam @Ali6837#7204: Oh
2018-04-30 17:33:34 #bot-spam @Klaus Ze Flammenwerfer#9999: xd
2018-04-30 17:33:36 #bot-spam @Klaus Ze Flammenwerfer#9999: new
2018-04-30 20:20:37 #bot-spam @Klaus Ze Flammenwerfer#9999: .poll
2018-04-30 20:20:42 #bot-spam @Klaus Ze Flammenwerfer#9999: .modules
2018-04-30 20:20:42 #bot-spam @Synapse#0692: 
2018-04-30 20:20:42 #bot-spam @Synapse#0692 edited message from 2018-04-30 20:20:42 () to read: 
2018-04-30 20:20:46 #bot-spam @Klaus Ze Flammenwerfer#9999: !utility
2018-04-30 20:21:00 #bot-spam @Klaus Ze Flammenwerfer#9999: .modules administration
2018-04-30 20:21:20 #bot-spam @Klaus Ze Flammenwerfer#9999: .cmds administration
2018-04-30 20:21:21 #bot-spam @Synapse#0692: 
2018-04-30 20:21:21 #bot-spam @Synapse#0692 edited message from 2018-04-30 20:21:21 () to read: 
2018-04-30 21:22:27 #bot-spam @Ali6837#7204: @Synapse hi
2018-04-30 21:22:45 #bot-spam @Synapse#0692: :thinking:
2018-04-30 21:22:45 #bot-spam @Ali6837#7204: @Synapse did
2018-04-30 21:22:57 #bot-spam @Synapse#0692: Did not!
2018-04-30 21:23:00 #bot-spam @Ali6837#7204: @Synapse are you clever
2018-04-30 21:23:01 #bot-spam @Synapse#0692: :thinking:
2018-04-30 21:23:14 #bot-spam @Ali6837#7204: @Synapse ask me something
2018-04-30 21:23:17 #bot-spam @Synapse#0692: :thinking:
2018-04-30 21:23:29 #bot-spam @Ali6837#7204: @Synapse why you think
2018-04-30 21:23:42 #bot-spam @Synapse#0692: Yes I think.
2018-04-30 21:23:51 #bot-spam @Ali6837#7204: @Synapse faggot
2018-04-30 21:23:54 #bot-spam @Synapse#0692: Fan fiction.
2018-04-30 21:24:01 #bot-spam @Ali6837#7204: @Synapse gay
2018-04-30 21:24:04 #bot-spam @Synapse#0692: :thinking:
2018-04-30 21:24:59 #bot-spam @Ali6837#7204: @Synapse who are you
2018-04-30 21:25:08 #bot-spam @Synapse#0692: I am me. Who are you?
2018-04-30 21:25:15 #bot-spam @Ali6837#7204: I am me aswell
2018-04-30 21:25:21 #bot-spam @Ali6837#7204: @Synapse die
2018-04-30 21:25:27 #bot-spam @Synapse#0692: :thinking:
2018-04-30 21:28:05 #bot-spam @Mr. Robot#0007: @Ali6837 trolled
2018-04-30 21:28:23 #bot-spam @Ali6837#7204: Lol
2018-04-30 21:28:28 #bot-spam @Ali6837#7204: Don’t ask
2018-04-30 21:28:33 #bot-spam @Ali6837#7204: I am discord noob
2018-04-30 21:29:04 #bot-spam @Mr. Robot#0007: Lmao
2018-04-30 21:29:22 #bot-spam @Ali6837#7204: I literally joined a month ago
2018-04-30 21:29:24 #bot-spam @Ali6837#7204: Or something
2018-04-30 21:30:26 #bot-spam @Mr. Robot#0007: !userinfo  @Ali6837
2018-04-30 21:30:26 #bot-spam @Synapse#0692: 
2018-04-30 21:30:26 #bot-spam @Synapse#0692 edited message from 2018-04-30 21:30:26 () to read: 
2018-04-30 21:30:45 #bot-spam @Mr. Robot#0007: !locate @Ali6837
2018-04-30 21:30:45 #bot-spam @Synapse#0692: Ali6837 has no country set :(
2018-04-30 21:30:56 #bot-spam @Mr. Robot#0007: Where are u from thoñ
2018-04-30 21:30:56 #bot-spam @Ali6837#7204: Wit what
2018-04-30 21:31:02 #bot-spam @Ali6837#7204: Dubai
2018-04-30 21:31:04 #bot-spam @Mr. Robot#0007 edited message from 2018-04-30 21:30:56 (Where are u from thoñ) to read: Where are u from tho!?
2018-04-30 21:31:09 #bot-spam @Ali6837#7204: UAE
2018-04-30 21:31:10 #bot-spam @Mr. Robot#0007: Ohh cool
2018-04-30 21:31:15 #bot-spam @Ali6837#7204: How have I joined in 2016
2018-04-30 21:31:20 #bot-spam @Mr. Robot#0007: What is Ur native country
2018-04-30 21:31:30 #bot-spam @Mr. Robot#0007: U obviously aren't born in dubai
2018-04-30 21:31:35 #bot-spam @Ali6837#7204: Pakistan but like was born in uae
2018-04-30 21:31:38 #bot-spam @Ali6837#7204: Nope
2018-04-30 21:31:39 #bot-spam @Ali6837#7204: Was
2018-04-30 21:31:42 #bot-spam @Ali6837#7204: Lol
2018-04-30 21:31:46 #bot-spam @Ali6837#7204: Parents from pak
2018-04-30 21:31:53 #bot-spam @Ali6837#7204: But uae doesn’t give passports
2018-04-30 21:32:02 #bot-spam @Ali6837#7204: To like people who don’t have uae parents
2018-04-30 21:32:03 #bot-spam @Mr. Robot#0007: U speak Urdu or Arabic?
2018-04-30 21:32:08 #bot-spam @Ali6837#7204: Both
2018-04-30 21:32:18 #bot-spam @Mr. Robot#0007: <:thenkong:424158132621541377>
2018-04-30 21:32:19 #bot-spam @Ali6837#7204: Like Arabic a bit weak
2018-04-30 21:32:32 #bot-spam @Mr. Robot#0007: <:nunu:435792655172239360>
2018-04-30 21:32:39 #bot-spam @Ali6837#7204: U we’re are u from
2018-04-30 21:32:44 #bot-spam @Mr. Robot#0007: Fin
2018-04-30 21:32:57 #bot-spam @Ali6837#7204: Ohh
2018-04-30 21:34:00 #bot-spam @Ali6837#7204: I am surprised u knew that Pakistani people speak Urdu
2018-04-30 21:34:17 #bot-spam @Ali6837#7204: Man people think we speak the same language Indian and Pakistani
2018-04-30 21:34:22 #bot-spam @Ali6837#7204: But we kind of don’t
2018-04-30 21:34:23 #bot-spam @Mr. Robot#0007: I know that cuz my mom is indian
2018-04-30 21:34:28 #bot-spam @Ali6837#7204: Ahh
2018-04-30 21:34:34 #bot-spam @Mr. Robot#0007: Dad is finnish
2018-04-30 21:34:35 #bot-spam @Ali6837#7204: Like in south India
2018-04-30 21:34:42 #bot-spam @Mr. Robot#0007: Me to finnish
2018-04-30 21:34:45 #bot-spam @Ali6837#7204: Ohh I see
2018-04-30 21:34:46 #bot-spam @Mr. Robot#0007: Hell no
2018-04-30 21:34:54 #bot-spam @Mr. Robot#0007: Idk where in India
2018-04-30 21:34:57 #bot-spam @Ali6837#7204: So u can speak Urdu aswell
2018-04-30 21:34:59 #bot-spam @Mr. Robot#0007: Tbh
2018-04-30 21:35:08 #bot-spam @Mr. Robot#0007: Not too well
2018-04-30 21:35:12 #bot-spam @Ali6837#7204: No I am was saying South Indians don’t speak Urdu that much
2018-04-30 21:35:12 #bot-spam @Mr. Robot#0007: But hmm
2018-04-30 21:35:32 #bot-spam @Mr. Robot#0007: My mom doesn't look like south Indian
2018-04-30 21:35:37 #bot-spam @Mr. Robot#0007: She is fair
2018-04-30 21:35:56 #bot-spam @Mr. Robot#0007: No offence
2018-04-30 21:36:01 #bot-spam @Ali6837#7204: Ik I get u
2018-04-30 21:36:12 #bot-spam @Ali6837#7204: I was just saying like mine as a statement
2018-04-30 21:36:37 #bot-spam @Mr. Robot#0007: But I consider myself as finnish cuz I'm born in finland
2018-04-30 21:36:42 #bot-spam @Ali6837#7204: Look finally met someone on discord who kind of like understands me as in in language
2018-04-30 21:36:43 #bot-spam @Mr. Robot#0007: Also brought up in here
2018-04-30 21:36:50 #bot-spam @Mr. Robot#0007: And my dad is finnish
2018-04-30 21:37:03 #bot-spam @Mr. Robot#0007: I have been very close to my dad
2018-04-30 21:37:17 #bot-spam @Mr. Robot#0007: Mom is kinda strict
2018-04-30 21:37:30 #bot-spam @Ali6837#7204: U see I would be to my dad been in uae since 1990 my mom since 1995 so like if they have passports I would be Emirati
2018-04-30 21:37:39 #bot-spam @Ali6837#7204: Yes Asian parents are like that
2018-04-30 21:37:53 #bot-spam @Mr. Robot#0007: Hmm
2018-04-30 21:37:57 #bot-spam @Ali6837#7204: They are strict
2018-04-30 21:38:23 #bot-spam @Mr. Robot#0007: Bruh it's 12:38 here
2018-04-30 21:38:27 #bot-spam @Mr. Robot#0007: Need to sleep
2018-04-30 21:38:31 #bot-spam @Mr. Robot#0007: <:14:306820858520010752>
2018-04-30 21:38:39 #bot-spam @Ali6837#7204: It’s 1 38 am gere
2018-04-30 21:38:40 #bot-spam @Ali6837#7204: Here
2018-04-30 21:38:42 #bot-spam @Mr. Robot#0007: Nice to talk to u
2018-04-30 21:38:43 #bot-spam @Ali6837#7204: Gn
2018-04-30 21:38:46 #bot-spam @Mr. Robot#0007: Gn
2018-04-30 21:38:46 #bot-spam @Ali6837#7204: Same
2018-04-30 21:38:49 #bot-spam @Ali6837#7204: Truly
2018-04-30 21:38:52 #bot-spam @Ali6837#7204: Ttyl
2018-04-30 21:38:55 #bot-spam @Mr. Robot#0007: <:mhm:435767817896460299>
2018-04-30 21:38:56 #bot-spam @Ali6837#7204: Autocorrect
2018-04-30 21:38:59 #bot-spam @Ali6837#7204: Cya
2018-04-30 21:39:03 #bot-spam @Mr. Robot#0007: Cya
2018-05-01 10:31:40 #bot-spam @Klaus Ze Flammenwerfer#9999: !play https://www.youtube.com/watch?v=21LGv8Cf0us
2018-05-01 10:31:41 #bot-spam @Klaus Ze Flammenwerfer#9999 edited message from 2018-05-01 10:31:40 (!play https://www.youtube.com/watch?v=21LGv8Cf0us) to read: !play https://www.youtube.com/watch?v=21LGv8Cf0us
2018-05-01 10:31:57 #bot-spam @A VERY LITTLE Polski#2954: !yt
2018-05-01 10:31:59 #bot-spam @Synapse#0692: ```\n!yt <search_terms>\n\nSearches and plays a video from YouTube\n\n```
2018-05-01 10:32:01 #bot-spam @Klaus Ze Flammenwerfer#9999: !stop
2018-05-01 10:32:03 #bot-spam @Synapse#0692: Can't stop if I'm not playing.
2018-05-01 10:32:05 #bot-spam @Klaus Ze Flammenwerfer#9999: !resume
2018-05-01 10:32:06 #bot-spam @Synapse#0692: Nothing paused, nothing to resume.
2018-05-01 10:32:12 #bot-spam @Klaus Ze Flammenwerfer#9999: !play https://www.youtube.com/watch?v=21LGv8Cf0us
2018-05-01 10:32:14 #bot-spam @A VERY LITTLE Polski#2954: !yt https://www.youtube.com/watch?v=21LGv8Cf0us
2018-05-01 10:32:15 #bot-spam @Synapse#0692: Searching...
2018-05-01 10:32:20 #bot-spam @SkayRock#8589: !play pink guy stfu
2018-05-01 10:32:34 #bot-spam @Klaus Ze Flammenwerfer#9999: .play https://www.youtube.com/watch?v=21LGv8Cf0us
2018-05-01 10:32:36 #bot-spam @SkayRock#8589: Add rythm ok?
2018-05-01 10:32:37 #bot-spam @Synapse#0692: 
2018-05-01 10:32:37 #bot-spam @Synapse#0692 edited message from 2018-05-01 10:32:37 () to read: 
2018-05-01 10:32:37 #bot-spam @SkayRock#8589: lol
2018-05-01 10:32:40 #bot-spam @Synapse#0692: 
2018-05-01 10:32:41 #bot-spam @Synapse#0692 edited message from 2018-05-01 10:32:40 () to read: 
2018-05-01 10:32:48 #bot-spam @Klaus Ze Flammenwerfer#9999 deleted message from 2018-05-01 10:32:34 (.play https://www.youtube.com/watch?v=21LGv8Cf0us)
2018-05-01 10:32:48 #bot-spam @Synapse#0692 deleted message from 2018-05-01 10:32:37 ()
2018-05-01 10:32:49 #bot-spam @A VERY LITTLE Polski#2954: XD
2018-05-01 10:32:50 #bot-spam @SkayRock#8589: .Play pink guy stfu
2018-05-01 10:32:52 #bot-spam @Synapse#0692: 
2018-05-01 10:32:52 #bot-spam @Synapse#0692 edited message from 2018-05-01 10:32:52 () to read: 
2018-05-01 10:32:59 #bot-spam @A VERY LITTLE Polski#2954: quality
2018-05-01 10:33:04 #bot-spam @SkayRock#8589 deleted message from 2018-05-01 10:32:50 (.Play pink guy stfu)
2018-05-01 10:33:04 #bot-spam @Synapse#0692 deleted message from 2018-05-01 10:32:52 ()
2018-05-01 10:33:20 #bot-spam @Klaus Ze Flammenwerfer#9999: !download https://www.youtube.com/watch?v=21LGv8Cf0us
2018-05-01 10:33:24 #bot-spam @Klaus Ze Flammenwerfer#9999: !ft
2018-05-01 10:33:29 #bot-spam @Klaus Ze Flammenwerfer#9999: .stop
2018-05-01 10:33:29 #bot-spam @Synapse#0692: 
2018-05-01 10:33:31 #bot-spam @Synapse#0692 edited message from 2018-05-01 10:33:29 () to read: 
2018-05-01 10:33:42 #bot-spam @A VERY LITTLE Polski#2954: worst than my grandpas raido
2018-05-01 10:33:44 #bot-spam @A VERY LITTLE Polski#2954 edited message from 2018-05-01 10:33:42 (worst than my grandpas raido) to read: worst than my grandpas radio
2018-05-01 10:33:46 #bot-spam @SkayRock#8589: .Play pink guy stfu
2018-05-01 10:33:47 #bot-spam @Synapse#0692: 
2018-05-01 10:33:47 #bot-spam @Synapse#0692 edited message from 2018-05-01 10:33:47 () to read: 
2018-05-01 10:33:49 #bot-spam @Synapse#0692 deleted message from 2018-05-01 10:32:40 ()
2018-05-01 10:33:48 #bot-spam @Synapse#0692: 
2018-05-01 10:33:49 #bot-spam @Synapse#0692 edited message from 2018-05-01 10:33:48 () to read: 
2018-05-01 10:33:54 #bot-spam @Klaus Ze Flammenwerfer#9999: .queue
2018-05-01 10:33:56 #bot-spam @Klaus Ze Flammenwerfer#9999: .q
2018-05-01 10:33:57 #bot-spam @Synapse#0692 deleted message from 2018-05-01 10:33:47 ()
2018-05-01 10:33:57 #bot-spam @SkayRock#8589 deleted message from 2018-05-01 10:33:46 (.Play pink guy stfu)
2018-05-01 10:33:58 #bot-spam @Klaus Ze Flammenwerfer#9999: .que
2018-05-01 10:34:00 #bot-spam @A VERY LITTLE Polski#2954: .stop
2018-05-01 10:34:01 #bot-spam @Synapse#0692: 
2018-05-01 10:34:01 #bot-spam @Synapse#0692 deleted message from 2018-05-01 10:33:29 ()
2018-05-01 10:34:01 #bot-spam @Synapse#0692 edited message from 2018-05-01 10:34:01 () to read: 
2018-05-01 10:34:02 #bot-spam @Klaus Ze Flammenwerfer#9999: .list
2018-05-01 10:34:04 #bot-spam @SkayRock#8589: -_-
2018-05-01 10:34:10 #bot-spam @SkayRock#8589: .songs
2018-05-01 10:34:17 #bot-spam @SkayRock#8589: !q
2018-05-01 10:34:20 #bot-spam @SkayRock#8589: !queue
2018-05-01 10:34:20 #bot-spam @Synapse#0692: Gathering information...
2018-05-01 10:34:24 #bot-spam @Synapse#0692: 
2018-05-01 10:34:24 #bot-spam @Synapse#0692 edited message from 2018-05-01 10:34:24 () to read: 
2018-05-01 10:34:50 #bot-spam @A VERY LITTLE Polski#2954: !insult @SkayRock
2018-05-01 10:34:51 #bot-spam @Synapse#0692: @SkayRock I was pro life before I met you.
2018-05-01 10:34:59 #bot-spam @A VERY LITTLE Polski#2954: .
2018-05-01 10:35:12 #bot-spam @A VERY LITTLE Polski#2954: .h .play
2018-05-01 10:35:13 #bot-spam @Synapse#0692: 
2018-05-01 10:35:13 #bot-spam @Synapse#0692 edited message from 2018-05-01 10:35:13 () to read: 
2018-05-01 10:35:30 #bot-spam @A VERY LITTLE Polski#2954: .cmds
2018-05-01 10:35:35 #bot-spam @A VERY LITTLE Polski#2954: .modules
2018-05-01 10:35:35 #bot-spam @Synapse#0692: 
2018-05-01 10:35:35 #bot-spam @Synapse#0692 edited message from 2018-05-01 10:35:35 () to read: 
2018-05-01 10:35:43 #bot-spam @A VERY LITTLE Polski#2954: .cmds music
2018-05-01 10:35:44 #bot-spam @Synapse#0692: 
2018-05-01 10:35:47 #bot-spam @Synapse#0692 edited message from 2018-05-01 10:35:44 () to read: 
2018-05-01 10:36:21 #bot-spam @A VERY LITTLE Polski#2954: @Klaus Ze Flammenwerfer it was load
2018-05-01 10:36:27 #bot-spam @A VERY LITTLE Polski#2954: .load
2018-05-01 10:36:30 #bot-spam @A VERY LITTLE Polski#2954: .load https://www.youtube.com/watch?v=21LGv8Cf0us
2018-05-01 10:37:15 #bot-spam @Klaus Ze Flammenwerfer#9999: !settings
2018-05-01 10:37:15 #bot-spam @Rythm#3722: 
2018-05-01 10:37:15 #bot-spam @Rythm#3722 edited message from 2018-05-01 10:37:15 () to read: 
2018-05-01 10:37:16 #bot-spam @SkayRock#8589: Ecksde
2018-05-01 10:37:21 #bot-spam @Klaus Ze Flammenwerfer#9999: !settings prefix -
2018-05-01 10:37:21 #bot-spam @Rythm#3722: 👍 **Prefix set to ** `-`
2018-05-01 10:37:23 #bot-spam @SkayRock#8589: Set DJ role
2018-05-01 10:37:24 #bot-spam @SkayRock#8589: Bebe
2018-05-01 10:37:27 #bot-spam @SkayRock#8589: Hehsbx
2018-05-01 10:37:28 #bot-spam @Klaus Ze Flammenwerfer#9999: -play https://www.youtube.com/watch?v=21LGv8Cf0us
2018-05-01 10:37:28 #bot-spam @Rythm#3722: <:youtube:335112740957978625> **Searching** 🔎 `https://www.youtube.com/watch?v=21LGv8Cf0us`
2018-05-01 10:37:28 #bot-spam @Rythm#3722: **Playing** 🎶 `Louis Armstrong - What A Wonderful World [HQ]` - Now!
2018-05-01 10:40:13 #bot-spam @Klaus Ze Flammenwerfer#9999: !addrole @SkayRock @DJ boi
2018-05-01 10:40:18 #bot-spam @Synapse#0692: ```\n!addrole <rolename> [user]\n\nAdds a role to a user, defaults to author\n\nRole name must be in quotes if there are spaces.\n\n```
2018-05-01 10:40:24 #bot-spam @Klaus Ze Flammenwerfer#9999: !addrole "DJ boi" @SkayRock
2018-05-01 10:40:24 #bot-spam @Synapse#0692: Added role DJ boi to SkayRock
2018-05-01 10:40:28 #bot-spam @Klaus Ze Flammenwerfer#9999: !settings
2018-05-01 10:40:30 #bot-spam @Klaus Ze Flammenwerfer#9999: !setting
2018-05-01 10:40:31 #bot-spam @SkayRock#8589: !Play jsnds
2018-05-01 10:40:37 #bot-spam @SkayRock#8589: -play sjsnx
2018-05-01 10:40:37 #bot-spam @Rythm#3722: <:youtube:335112740957978625> **Searching** 🔎 `sjsnx`
2018-05-01 10:40:37 #bot-spam @Rythm#3722: **Playing** 🎶 `lie sjsnx` - Now!
2018-05-01 10:40:41 #bot-spam @Klaus Ze Flammenwerfer#9999: -settings
2018-05-01 10:40:42 #bot-spam @Rythm#3722: 
2018-05-01 10:40:43 #bot-spam @Rythm#3722 edited message from 2018-05-01 10:40:42 () to read: 
2018-05-01 10:40:42 #bot-spam @SkayRock#8589: -s
2018-05-01 10:40:42 #bot-spam @Rythm#3722: ⏩ ***Skipped*** 👍
2018-05-01 10:40:49 #bot-spam @Klaus Ze Flammenwerfer#9999: -settings setdj @DJ boi
2018-05-01 10:40:49 #bot-spam @Rythm#3722: ❌ **No role with the name `<@​&440824323918397442>` exists in this guild!**
2018-05-01 10:40:57 #bot-spam @Klaus Ze Flammenwerfer#9999: -settings setdj Dj boi
2018-05-01 10:40:57 #bot-spam @Rythm#3722: 📃 **DJ role set to `Dj boi`.**
2018-05-01 10:41:32 #bot-spam @Klaus Ze Flammenwerfer#9999: -play https://www.youtube.com/watch?v=21LGv8Cf0us
2018-05-01 10:41:32 #bot-spam @Rythm#3722: <:youtube:335112740957978625> **Searching** 🔎 `https://www.youtube.com/watch?v=21LGv8Cf0us`
2018-05-01 10:41:32 #bot-spam @Rythm#3722: **Playing** 🎶 `Louis Armstrong - What A Wonderful World [HQ]` - Now!
2018-05-01 10:45:07 #bot-spam @oland is gay#4684: -play https://www.youtube.com/watch?v=21LGv8Cf0us
2018-05-01 10:45:07 #bot-spam @Rythm#3722: <:youtube:335112740957978625> **Searching** 🔎 `https://www.youtube.com/watch?v=21LGv8Cf0us`
2018-05-01 10:45:08 #bot-spam @Rythm#3722: **Playing** 🎶 `Louis Armstrong - What A Wonderful World [HQ]` - Now!
2018-05-01 10:45:27 #bot-spam @Klaus Ze Flammenwerfer#9999: -scheduler
2018-05-01 10:45:31 #bot-spam @A VERY LITTLE Polski#2954: !
2018-05-01 10:45:31 #bot-spam @Klaus Ze Flammenwerfer#9999: !scheduler
2018-05-01 10:45:32 #bot-spam @Synapse#0692: ```\n!scheduler\n\nCommands:\n  add_timelast          Add a command to run in [time_interval].\n  repeat_from           Add a command to run every [interval] starting at [st...\n  repeat_in             Add a command to run every [interval] starting in [st...\n  remove                Removes a scheduled repeating command by name.\n  cancel                Cancels a scheduled oneshot (non-repeating) command.\n  repeat                Add a command to run every [time_interval].\n  add_twostage          Add a command to run now, and another in [time_interv...\n  add                   Add a command to run in [time_interval].\n  list                  Lists all repeated commands\n  add_twostage_timelast Add a command to run now, and another in [time_interv...\n\nType !scheduler command for more info on a command.\nYou can also type !scheduler category for more info on a category.\n```
2018-05-01 10:45:59 #bot-spam @Klaus Ze Flammenwerfer#9999: !scheduler add_timelast
2018-05-01 10:45:59 #bot-spam @Synapse#0692: ```\n!scheduler add_timelast <command> <time_interval>\n\nAdd a command to run in [time_interval].\n\nIntervals are any combination of units: 1s, 2m, 3h, 5d, 1w.\n\n```
2018-05-01 10:46:54 #bot-spam @Klaus Ze Flammenwerfer#9999: !scheduler add_timelast .play https://www.youtube.com/watch?v=21LGv8Cf0us 137s
2018-05-01 10:46:55 #bot-spam @Synapse#0692: `Error in command 'scheduler add_timelast'. Check your console or logs for details.`
2018-05-01 10:47:09 #bot-spam @Klaus Ze Flammenwerfer#9999: !scheduler add_timelast ".play https://www.youtube.com/watch?v=21LGv8Cf0us" 137s
2018-05-01 10:47:10 #bot-spam @Klaus Ze Flammenwerfer#9999 edited message from 2018-05-01 10:47:09 (!scheduler add_timelast ".play https://www.youtube.com/watch?v=21LGv8Cf0us" 137s) to read: !scheduler add_timelast ".play https://www.youtube.com/watch?v=21LGv8Cf0us" 137s
2018-05-01 10:47:10 #bot-spam @Synapse#0692: I will run `.play https://www.youtube.com/watch?v=21LGv8Cf0us` in 2 minutes and 17 seconds.
2018-05-01 10:49:27 #bot-spam @Klaus Ze Flammenwerfer#9999: !.play https://www.youtube.com/watch?v=21LGv8Cf0us
2018-05-01 10:51:12 #bot-spam @Klaus Ze Flammenwerfer#9999: !scheduler
2018-05-01 10:51:12 #bot-spam @Synapse#0692: ```\n!scheduler\n\nCommands:\n  add_timelast          Add a command to run in [time_interval].\n  repeat_from           Add a command to run every [interval] starting at [st...\n  repeat_in             Add a command to run every [interval] starting in [st...\n  remove                Removes a scheduled repeating command by name.\n  cancel                Cancels a scheduled oneshot (non-repeating) command.\n  repeat                Add a command to run every [time_interval].\n  add_twostage          Add a command to run now, and another in [time_interv...\n  add                   Add a command to run in [time_interval].\n  list                  Lists all repeated commands\n  add_twostage_timelast Add a command to run now, and another in [time_interv...\n\nType !scheduler command for more info on a command.\nYou can also type !scheduler category for more info on a category.\n```
2018-05-01 10:51:17 #bot-spam @Klaus Ze Flammenwerfer#9999: !scheduler list
2018-05-01 10:51:22 #bot-spam @Synapse#0692: No events scheduled for this server.
2018-05-01 10:51:22 #bot-spam @Klaus Ze Flammenwerfer#9999: !scheduler remove
2018-05-01 10:51:22 #bot-spam @Synapse#0692: ```\n!scheduler remove <name>\n\nRemoves a scheduled repeating command by name.\n\n```
2018-05-01 10:51:28 #bot-spam @Klaus Ze Flammenwerfer#9999: !scheduler list
2018-05-01 10:51:30 #bot-spam @Synapse#0692: No events scheduled for this server.
2018-05-01 10:51:51 #bot-spam @Klaus Ze Flammenwerfer#9999: !scheduler remove .play https://www.youtube.com/watch?v=21LGv8Cf0us
2018-05-01 10:51:52 #bot-spam @Synapse#0692: No events are scheduled for this server.
2018-05-01 10:52:00 #bot-spam @Klaus Ze Flammenwerfer#9999: !scheduler
2018-05-01 10:52:00 #bot-spam @Synapse#0692: ```\n!scheduler\n\nCommands:\n  add_timelast          Add a command to run in [time_interval].\n  repeat_from           Add a command to run every [interval] starting at [st...\n  repeat_in             Add a command to run every [interval] starting in [st...\n  remove                Removes a scheduled repeating command by name.\n  cancel                Cancels a scheduled oneshot (non-repeating) command.\n  repeat                Add a command to run every [time_interval].\n  add_twostage          Add a command to run now, and another in [time_interv...\n  add                   Add a command to run in [time_interval].\n  list                  Lists all repeated commands\n  add_twostage_timelast Add a command to run now, and another in [time_interv...\n\nType !scheduler command for more info on a command.\nYou can also type !scheduler category for more info on a category.\n```
2018-05-01 10:52:44 #bot-spam @Klaus Ze Flammenwerfer#9999: !scheduler repeat "-play https://www.youtube.com/watch?v=21LGv8Cf0us" 137s
2018-05-01 10:52:45 #bot-spam @Synapse#0692: ```\n!scheduler repeat <name> <time_interval> <command>\n\nAdd a command to run every [time_interval].\n\nIntervals are any combination of units: 1s, 2m, 3h, 5d, 1w.\n\n```
2018-05-01 10:52:56 #bot-spam @Klaus Ze Flammenwerfer#9999: !scheduler repeat neil armstrong "-play https://www.youtube.com/watch?v=21LGv8Cf0us" 137s
2018-05-01 10:52:56 #bot-spam @Synapse#0692: `Error in command 'scheduler repeat'. Check your console or logs for details.`
2018-05-01 10:53:12 #bot-spam @Klaus Ze Flammenwerfer#9999: !scheduler repeat neil "-play https://www.youtube.com/watch?v=21LGv8Cf0us" 137s
2018-05-01 10:53:13 #bot-spam @Synapse#0692: `Error in command 'scheduler repeat'. Check your console or logs for details.`
2018-05-01 10:53:25 #bot-spam @Klaus Ze Flammenwerfer#9999: !scheduler repeat
2018-05-01 10:53:26 #bot-spam @Synapse#0692: ```\n!scheduler repeat <name> <time_interval> <command>\n\nAdd a command to run every [time_interval].\n\nIntervals are any combination of units: 1s, 2m, 3h, 5d, 1w.\n\n```
2018-05-01 10:53:31 #bot-spam @oland is gay#4684: -play https://www.youtube.com/watch?v=ootqCFoJMdo
2018-05-01 10:53:31 #bot-spam @Rythm#3722: <:youtube:335112740957978625> **Searching** 🔎 `https://www.youtube.com/watch?v=ootqCFoJMdo`
2018-05-01 10:53:32 #bot-spam @Rythm#3722: 
2018-05-01 10:53:36 #bot-spam @Rythm#3722 edited message from 2018-05-01 10:53:32 () to read: 
2018-05-01 10:53:42 #bot-spam @oland is gay#4684: !skip
2018-05-01 10:53:43 #bot-spam @Synapse#0692: Can't skip if I'm not playing.
2018-05-01 10:53:48 #bot-spam @oland is gay#4684: -skip
2018-05-01 10:53:48 #bot-spam @Rythm#3722: ⏩ ***Skipped*** 👍
2018-05-01 10:54:00 #bot-spam @SkayRock#8589: sdazd
2018-05-01 10:54:00 #bot-spam @Klaus Ze Flammenwerfer#9999: !scheduler repeat world "-play https://www.youtube.com/watch?v=21LGv8Cf0us" 137s
2018-05-01 10:54:00 #bot-spam @Synapse#0692: `Error in command 'scheduler repeat'. Check your console or logs for details.`
2018-05-01 10:54:17 #bot-spam @Klaus Ze Flammenwerfer#9999: !scheduler repeat world 137s "-play https://www.youtube.com/watch?v=21LGv8Cf0us"
2018-05-01 10:54:18 #bot-spam @Synapse#0692: "world" will run `"-play https://www.youtube.com/watch?v=21LGv8Cf0us"` every 2 minutes and 17 seconds, starting at 2018-05-01 10:54:18.712481+00:00 (now).
2018-05-01 10:54:22 #bot-spam @Klaus Ze Flammenwerfer#9999: !"-play https://www.youtube.com/watch?v=21LGv8Cf0us"
2018-05-01 10:54:36 #bot-spam @Klaus Ze Flammenwerfer#9999: .
2018-05-01 10:55:38 #bot-spam @Klaus Ze Flammenwerfer#9999: !say
2018-05-01 10:55:40 #bot-spam @Synapse#0692: ```\n!say <text>\n\nBot repeats what you tell it to, utility for scheduler.\n\n```
2018-05-01 10:55:42 #bot-spam @Klaus Ze Flammenwerfer#9999: !say hi
2018-05-01 10:55:42 #bot-spam @Synapse#0692: hi bruv
2018-05-01 10:55:42 #bot-spam @Synapse#0692: hi
2018-05-01 10:55:56 #bot-spam @SkayRock#8589: !say im gay and worst bot ever on discord
2018-05-01 10:55:56 #bot-spam @Synapse#0692: <:nou:439365698876080128> <:pGAY:439371598278033410>
2018-05-01 10:55:57 #bot-spam @Synapse#0692: im gay and worst bot ever on discord
2018-05-01 10:56:03 #bot-spam @SkayRock#8589: huisoajnfxc
2018-05-01 10:56:09 #bot-spam @oland is gay#4684: -play  https://www.youtube.com/watch?v=XTjN78LmkFY
2018-05-01 10:56:09 #bot-spam @Rythm#3722: <:youtube:335112740957978625> **Searching** 🔎 `https://www.youtube.com/watch?v=XTjN78LmkFY`
2018-05-01 10:56:10 #bot-spam @Rythm#3722: 
2018-05-01 10:56:10 #bot-spam @oland is gay#4684 edited message from 2018-05-01 10:56:09 (-play  https://www.youtube.com/watch?v=XTjN78LmkFY) to read: -play  https://www.youtube.com/watch?v=XTjN78LmkFY
2018-05-01 10:56:10 #bot-spam @Rythm#3722 edited message from 2018-05-01 10:56:10 () to read: 
2018-05-01 10:56:17 #bot-spam @oland is gay#4684 deleted message from 2018-05-01 10:56:09 (-play  https://www.youtube.com/watch?v=XTjN78LmkFY)
2018-05-01 10:56:21 #bot-spam @Rythm#3722 deleted message from 2018-05-01 10:56:09 (<:youtube:335112740957978625> **Searching** 🔎 `https://www.youtube.com/watch?v=XTjN78LmkFY`)
2018-05-01 10:56:23 #bot-spam @Klaus Ze Flammenwerfer#9999: !scheduler repeat world2 137s "-say -play https://www.youtube.com/watch?v=21LGv8Cf0us"
2018-05-01 10:56:25 #bot-spam @Synapse#0692: "world2" will run `"-say -play https://www.youtube.com/watch?v=21LGv8Cf0us"` every 2 minutes and 17 seconds, starting at 2018-05-01 10:56:25.506175+00:00 (now).
2018-05-01 10:56:29 #bot-spam @Klaus Ze Flammenwerfer#9999: !"-say -play https://www.youtube.com/watch?v=21LGv8Cf0us"
2018-05-01 10:56:27 #bot-spam @Klaus Ze Flammenwerfer#9999: !scheduler
2018-05-01 10:56:29 #bot-spam @Synapse#0692: ```\n!scheduler\n\nCommands:\n  add_timelast          Add a command to run in [time_interval].\n  repeat_from           Add a command to run every [interval] starting at [st...\n  repeat_in             Add a command to run every [interval] starting in [st...\n  remove                Removes a scheduled repeating command by name.\n  cancel                Cancels a scheduled oneshot (non-repeating) command.\n  repeat                Add a command to run every [time_interval].\n  add_twostage          Add a command to run now, and another in [time_interv...\n  add                   Add a command to run in [time_interval].\n  list                  Lists all repeated commands\n  add_twostage_timelast Add a command to run now, and another in [time_interv...\n\nType !scheduler command for more info on a command.\nYou can also type !scheduler category for more info on a category.\n```
2018-05-01 10:56:33 #bot-spam @Klaus Ze Flammenwerfer#9999: !scheduler list
2018-05-01 10:56:33 #bot-spam @Synapse#0692: ```\nNames:\n	world\n	world2\n```
2018-05-01 10:56:36 #bot-spam @Klaus Ze Flammenwerfer#9999: !"-play https://www.youtube.com/watch?v=21LGv8Cf0us"
2018-05-01 10:56:36 #bot-spam @Klaus Ze Flammenwerfer#9999: !scheduler remove world
2018-05-01 10:56:36 #bot-spam @Synapse#0692: "world" has successfully been removed.
2018-05-01 10:56:39 #bot-spam @Klaus Ze Flammenwerfer#9999: !scheduler remove world2
2018-05-01 10:56:40 #bot-spam @Synapse#0692: "world2" has successfully been removed.
2018-05-01 10:56:42 #bot-spam @Klaus Ze Flammenwerfer#9999: !scheduler repeat world2 137s "!say -play https://www.youtube.com/watch?v=21LGv8Cf0us"
2018-05-01 10:56:43 #bot-spam @Synapse#0692: "world2" will run `"!say -play https://www.youtube.com/watch?v=21LGv8Cf0us"` every 2 minutes and 17 seconds, starting at 2018-05-01 10:56:43.961830+00:00 (now).
2018-05-01 10:56:45 #bot-spam @Klaus Ze Flammenwerfer#9999: !"!say -play https://www.youtube.com/watch?v=21LGv8Cf0us"
2018-05-01 10:59:01 #bot-spam @Klaus Ze Flammenwerfer#9999: !"!say -play https://www.youtube.com/watch?v=21LGv8Cf0us"
2018-05-01 10:59:32 #bot-spam @Klaus Ze Flammenwerfer#9999: @Synapse hi
2018-05-01 10:59:32 #bot-spam @Synapse#0692: hi bruv
2018-05-01 10:59:45 #bot-spam @Synapse#0692: How are you?
2018-05-01 11:00:34 #bot-spam @oland is gay#4684: -play https://www.youtube.com/watch?v=MOvDrom0rjc
2018-05-01 11:00:35 #bot-spam @Rythm#3722: <:youtube:335112740957978625> **Searching** 🔎 `https://www.youtube.com/watch?v=MOvDrom0rjc`
2018-05-01 11:00:35 #bot-spam @Rythm#3722: **Playing** 🎶 `Worlds Loudest Ear Rape 1.0` - Now!
2018-05-01 11:01:24 #bot-spam @Klaus Ze Flammenwerfer#9999: !"!say -play https://www.youtube.com/watch?v=21LGv8Cf0us"
2018-05-01 11:01:25 #bot-spam @oland is gay#4684 deleted message from 2018-05-01 11:00:34 (-play https://www.youtube.com/watch?v=MOvDrom0rjc)
2018-05-01 11:01:21 #bot-spam @Klaus Ze Flammenwerfer#9999: -skip
2018-05-01 11:01:21 #bot-spam @Rythm#3722: ❌ **Nothing playing in this server**
2018-05-01 11:01:43 #bot-spam @Klaus Ze Flammenwerfer#9999: !say .
2018-05-01 11:01:43 #bot-spam @Synapse#0692: .
2018-05-01 11:03:36 #bot-spam @Klaus Ze Flammenwerfer#9999: !"!say -play https://www.youtube.com/watch?v=21LGv8Cf0us"
2018-05-01 11:04:13 #bot-spam @Klaus Ze Flammenwerfer#9999: !scheduler
2018-05-01 11:04:15 #bot-spam @Synapse#0692: ```\n!scheduler\n\nCommands:\n  add_timelast          Add a command to run in [time_interval].\n  repeat_from           Add a command to run every [interval] starting at [st...\n  repeat_in             Add a command to run every [interval] starting in [st...\n  remove                Removes a scheduled repeating command by name.\n  cancel                Cancels a scheduled oneshot (non-repeating) command.\n  repeat                Add a command to run every [time_interval].\n  add_twostage          Add a command to run now, and another in [time_interv...\n  add                   Add a command to run in [time_interval].\n  list                  Lists all repeated commands\n  add_twostage_timelast Add a command to run now, and another in [time_interv...\n\nType !scheduler command for more info on a command.\nYou can also type !scheduler category for more info on a category.\n```
2018-05-01 11:04:16 #bot-spam @Klaus Ze Flammenwerfer#9999: !scheduler list
2018-05-01 11:04:16 #bot-spam @Synapse#0692: ```\nNames:\n	world2\n```
2018-05-01 11:04:28 #bot-spam @Klaus Ze Flammenwerfer#9999: !scheduler list world2
2018-05-01 11:04:28 #bot-spam @Synapse#0692: ```\nNames:\n	world2\n```
2018-05-01 11:04:31 #bot-spam @Klaus Ze Flammenwerfer#9999: !scheduler world2
2018-05-01 11:04:32 #bot-spam @Synapse#0692: ```\n!scheduler\n\nCommands:\n  add_timelast          Add a command to run in [time_interval].\n  repeat_from           Add a command to run every [interval] starting at [st...\n  repeat_in             Add a command to run every [interval] starting in [st...\n  remove                Removes a scheduled repeating command by name.\n  cancel                Cancels a scheduled oneshot (non-repeating) command.\n  repeat                Add a command to run every [time_interval].\n  add_twostage          Add a command to run now, and another in [time_interv...\n  add                   Add a command to run in [time_interval].\n  list                  Lists all repeated commands\n  add_twostage_timelast Add a command to run now, and another in [time_interv...\n\nType !scheduler command for more info on a command.\nYou can also type !scheduler category for more info on a category.\n```
2018-05-01 11:04:39 #bot-spam @Klaus Ze Flammenwerfer#9999: !scheduler cancel world2
2018-05-01 11:04:44 #bot-spam @Synapse#0692: Cannot find a scheduled run of "world2".
2018-05-01 11:04:46 #bot-spam @Klaus Ze Flammenwerfer#9999: !scheduler remove world2
2018-05-01 11:04:47 #bot-spam @Synapse#0692: "world2" has successfully been removed.
2018-05-01 11:24:38 #bot-spam @Klaus Ze Flammenwerfer#9999: !massmove Queue-I Lobby-I
2018-05-01 12:15:52 #bot-spam @oland is gay#4684: -play https://www.youtube.com/watch?v=ootqCFoJMdo
2018-05-01 12:15:52 #bot-spam @Rythm#3722: <:youtube:335112740957978625> **Searching** 🔎 `https://www.youtube.com/watch?v=ootqCFoJMdo`
2018-05-01 12:15:52 #bot-spam @Rythm#3722: **Playing** 🎶 `RAJJTOILET- EPIC FLUTE DROP ft. KFC AND WATERMELONS` - Now!
2018-05-01 12:17:07 #bot-spam @Mr. Robot#0007: !skip
2018-05-01 12:17:07 #bot-spam @Synapse#0692: Can't skip if I'm not playing.
2018-05-01 12:53:13 #bot-spam @Synapse#0692: hey
2018-05-01 12:53:13 #bot-spam @Synapse#0692 edited message from 2018-05-01 12:53:13 (Placeholder) to read: hey
2018-05-01 13:07:05 #bot-spam @yohaluf#5378: !say @Mr. Robot's <:pGAY:439371598278033410>
2018-05-01 13:07:06 #bot-spam @Synapse#0692: @Mr. Robot's <:pGAY:439371598278033410>
2018-05-01 13:07:10 #bot-spam @yohaluf#5378 deleted message from 2018-05-01 13:07:05 (!say @Mr. Robot's <:pGAY:439371598278033410>)
2018-05-01 20:56:56 #bot-spam @Tanner#3805: !payday
2018-05-01 20:57:03 #bot-spam @Synapse#0692: @Tanner You need an account to receive credits. Type `!bank register` to open one.
2018-05-01 20:57:10 #bot-spam @Tanner#3805: !bank register
2018-05-01 20:57:10 #bot-spam @Synapse#0692: @Tanner Account opened. Current balance: 0
2018-05-01 20:57:20 #bot-spam @Tanner#3805: What the fuck I lost all my money
2018-05-01 20:57:20 #bot-spam @Synapse#0692: <:pkys:439371599951691787>
2018-05-01 20:57:28 #bot-spam @Tanner#3805: !payday
2018-05-01 20:57:28 #bot-spam @Synapse#0692: @Tanner Here, take some credits. Enjoy! (+120 credits!)
2018-05-01 20:57:37 #bot-spam @Tanner#3805: !bet 20 tails
2018-05-01 20:57:38 #bot-spam @Synapse#0692: *flips a coin and... TAILS!*
2018-05-01 20:57:38 #bot-spam @Synapse#0692: You won, Tanner!
2018-05-01 20:57:38 #bot-spam @Synapse#0692: You doubled your bet!
2018-05-01 20:57:50 #bot-spam @Tanner#3805: !bet 40 heads
2018-05-01 20:57:51 #bot-spam @Synapse#0692: *flips a coin and... HEADS!*
2018-05-01 20:57:51 #bot-spam @Synapse#0692: You won, Tanner!
2018-05-01 20:57:51 #bot-spam @Synapse#0692: You doubled your bet!
2018-05-01 20:57:58 #bot-spam @Tanner#3805: !bet 40 heads
2018-05-01 20:57:59 #bot-spam @Synapse#0692: *flips a coin and... TAILS!*
2018-05-01 20:57:59 #bot-spam @Synapse#0692: Oh no...Tanner.
2018-05-01 20:57:59 #bot-spam @Synapse#0692: You lost your bet. ):
2018-05-01 20:58:04 #bot-spam @Tanner#3805: !bet 40 tails
2018-05-01 20:58:09 #bot-spam @Synapse#0692: *flips a coin and... TAILS!*
2018-05-01 20:58:09 #bot-spam @Synapse#0692: You won, Tanner!
2018-05-01 20:58:09 #bot-spam @Synapse#0692: You doubled your bet!
2018-05-01 20:58:24 #bot-spam @Tanner#3805: !bet 80 tails
2018-05-01 20:58:25 #bot-spam @Synapse#0692: *flips a coin and... HEADS!*
2018-05-01 20:58:25 #bot-spam @Synapse#0692: Oh no...Tanner.
2018-05-01 20:58:25 #bot-spam @Synapse#0692: You lost your bet. ):
2018-05-01 20:58:31 #bot-spam @Tanner#3805: !bet 80 tails
2018-05-01 20:58:31 #bot-spam @Synapse#0692: *flips a coin and... TAILS!*
2018-05-01 20:58:31 #bot-spam @Synapse#0692: You won, Tanner!
2018-05-01 20:58:32 #bot-spam @Synapse#0692: You doubled your bet!
2018-05-01 20:58:38 #bot-spam @Tanner#3805: !bal
2018-05-01 20:58:38 #bot-spam @Synapse#0692: @Tanner Your balance is: 180
2018-05-01 20:58:46 #bot-spam @Tanner#3805: !bet 80 heads
2018-05-01 20:58:46 #bot-spam @Synapse#0692: *flips a coin and... HEADS!*
2018-05-01 20:58:46 #bot-spam @Synapse#0692: You won, Tanner!
2018-05-01 20:58:46 #bot-spam @Synapse#0692: You doubled your bet!
2018-05-01 20:58:53 #bot-spam @Tanner#3805: !bet 160 heads
2018-05-01 20:58:53 #bot-spam @Synapse#0692: *flips a coin and... HEADS!*
2018-05-01 20:58:53 #bot-spam @Synapse#0692: You won, Tanner!
2018-05-01 20:58:54 #bot-spam @Synapse#0692: You doubled your bet!
2018-05-01 20:58:57 #bot-spam @Tanner#3805: !bal
2018-05-01 20:58:57 #bot-spam @Synapse#0692: @Tanner Your balance is: 420
2018-05-01 20:59:06 #bot-spam @Tanner#3805: !bet 160 tails
2018-05-01 20:59:06 #bot-spam @Synapse#0692: *flips a coin and... TAILS!*
2018-05-01 20:59:06 #bot-spam @Synapse#0692: You won, Tanner!
2018-05-01 20:59:07 #bot-spam @Synapse#0692: You doubled your bet!
2018-05-01 20:59:14 #bot-spam @Tanner#3805: !bet 300 heads
2018-05-01 20:59:15 #bot-spam @Synapse#0692: *flips a coin and... TAILS!*
2018-05-01 20:59:15 #bot-spam @Synapse#0692: Oh no...Tanner.
2018-05-01 20:59:15 #bot-spam @Synapse#0692: You lost your bet. ):
2018-05-01 20:59:18 #bot-spam @Tanner#3805: !bal
2018-05-01 20:59:18 #bot-spam @Synapse#0692: @Tanner Your balance is: 280
2018-05-02 08:44:00 #bot-spam @Klaus Ze Flammenwerfer#9999: .lcr
2018-05-02 08:44:00 #bot-spam @Synapse#0692: 
2018-05-02 08:44:01 #bot-spam @Synapse#0692 edited message from 2018-05-02 08:44:00 () to read: 
2018-05-02 08:44:11 #bot-spam @Klaus Ze Flammenwerfer#9999: .dcr 14
2018-05-02 08:44:12 #bot-spam @Synapse#0692: 
2018-05-02 08:44:12 #bot-spam @Synapse#0692 edited message from 2018-05-02 08:44:12 () to read: 
2018-05-02 08:44:21 #bot-spam @Klaus Ze Flammenwerfer#9999: .dcr 10
2018-05-02 08:44:21 #bot-spam @Synapse#0692: 
2018-05-02 08:44:22 #bot-spam @Synapse#0692 edited message from 2018-05-02 08:44:21 () to read: 
2018-05-02 20:40:40 #bot-spam @Klaus Ze Flammenwerfer#9999: e!
2018-05-02 20:40:57 #bot-spam @Klaus Ze Flammenwerfer#9999: e:searchemoji satan
2018-05-02 20:40:57 #bot-spam @EmojiButler#0276: 
2018-05-02 20:40:57 #bot-spam @EmojiButler#0276 edited message from 2018-05-02 20:40:57 () to read: 
2018-05-03 07:08:37 #bot-spam @Klaus Ze Flammenwerfer#9999: !userinfo @Zombieman6303
2018-05-03 07:08:37 #bot-spam @Synapse#0692: 
2018-05-03 07:08:37 #bot-spam @Synapse#0692 edited message from 2018-05-03 07:08:37 () to read: 
2018-05-03 07:09:13 #bot-spam @Klaus Ze Flammenwerfer#9999: !userinfo @yan
2018-05-03 07:09:14 #bot-spam @Synapse#0692: 
2018-05-03 07:09:14 #bot-spam @Synapse#0692 edited message from 2018-05-03 07:09:14 () to read: 
2018-05-03 07:09:22 #bot-spam @Klaus Ze Flammenwerfer#9999: !userinfo @The Crimson Chin
2018-05-03 07:09:22 #bot-spam @Synapse#0692: 
2018-05-03 07:09:22 #bot-spam @Synapse#0692 edited message from 2018-05-03 07:09:22 () to read: 
2018-05-03 07:09:35 #bot-spam @Klaus Ze Flammenwerfer#9999: !userinfo @Stevenn
2018-05-03 07:09:36 #bot-spam @Synapse#0692: 
2018-05-03 07:09:36 #bot-spam @Synapse#0692 edited message from 2018-05-03 07:09:36 () to read: 
2018-05-03 07:09:43 #bot-spam @Mr. Robot#0007: !userinfo Allan
2018-05-03 07:09:44 #bot-spam @Synapse#0692: 
2018-05-03 07:09:44 #bot-spam @Synapse#0692 edited message from 2018-05-03 07:09:44 () to read: 
2018-05-03 07:09:50 #bot-spam @Mr. Robot#0007: !userinfo andre21
2018-05-03 07:09:55 #bot-spam @Klaus Ze Flammenwerfer#9999: Steven got here 2\nDays ago
2018-05-03 07:09:58 #bot-spam @Synapse#0692: 
2018-05-03 07:09:58 #bot-spam @Synapse#0692 edited message from 2018-05-03 07:09:58 () to read: 
2018-05-03 07:10:04 #bot-spam @Mr. Robot#0007: !userinfo D
2018-05-03 07:10:04 #bot-spam @Synapse#0692: 
2018-05-03 07:10:05 #bot-spam @Synapse#0692 edited message from 2018-05-03 07:10:04 () to read: 
2018-05-03 07:10:13 #bot-spam @Mr. Robot#0007: !userinfo Everous
2018-05-03 07:10:13 #bot-spam @Synapse#0692: 
2018-05-03 07:10:13 #bot-spam @Synapse#0692 edited message from 2018-05-03 07:10:13 () to read: 
2018-05-03 07:10:16 #bot-spam @Klaus Ze Flammenwerfer#9999: !userinfo bryan
2018-05-03 07:10:16 #bot-spam @Synapse#0692: ```\n!userinfo [user]\n\nShows users's informations\n\n```
2018-05-03 07:10:27 #bot-spam @Klaus Ze Flammenwerfer#9999: !userinfo @SC: bryanw1997
2018-05-03 07:10:28 #bot-spam @Synapse#0692: 
2018-05-03 07:10:28 #bot-spam @Synapse#0692 edited message from 2018-05-03 07:10:28 () to read: 
2018-05-03 07:10:30 #bot-spam @Mr. Robot#0007: !userinfo CheckLogs
2018-05-03 07:10:30 #bot-spam @Synapse#0692: 
2018-05-03 07:10:30 #bot-spam @Synapse#0692 edited message from 2018-05-03 07:10:30 () to read: 
2018-05-03 07:10:49 #bot-spam @Mr. Robot#0007: !userinfo Floyd
2018-05-03 07:10:50 #bot-spam @Synapse#0692: 
2018-05-03 07:10:50 #bot-spam @Synapse#0692 edited message from 2018-05-03 07:10:50 () to read: 
2018-05-03 07:10:57 #bot-spam @Mr. Robot#0007: !userinfo Fluxweed
2018-05-03 07:11:04 #bot-spam @Synapse#0692: 
2018-05-03 07:11:04 #bot-spam @Synapse#0692 edited message from 2018-05-03 07:11:04 () to read: 
2018-05-03 07:11:07 #bot-spam @Klaus Ze Flammenwerfer#9999: !userinfo @Mr_Santos
2018-05-03 07:11:07 #bot-spam @Synapse#0692: 
2018-05-03 07:11:07 #bot-spam @Synapse#0692 edited message from 2018-05-03 07:11:07 () to read: 
2018-05-03 07:11:18 #bot-spam @Mr. Robot#0007: !userinfo iCard1nal
2018-05-03 07:11:18 #bot-spam @Synapse#0692: ```\n!userinfo [user]\n\nShows users's informations\n\n```
2018-05-03 07:11:24 #bot-spam @Klaus Ze Flammenwerfer#9999: !userinfo Lenumator
2018-05-03 07:11:24 #bot-spam @Synapse#0692: 
2018-05-03 07:11:24 #bot-spam @Synapse#0692 edited message from 2018-05-03 07:11:24 () to read: 
2018-05-03 07:11:36 #bot-spam @Mr. Robot#0007: !userinfo iCardin1al
2018-05-03 07:11:36 #bot-spam @Synapse#0692: 
2018-05-03 07:11:36 #bot-spam @Synapse#0692 edited message from 2018-05-03 07:11:36 () to read: 
2018-05-03 07:11:39 #bot-spam @Klaus Ze Flammenwerfer#9999: !userinfo @iCardin1al
2018-05-03 07:11:39 #bot-spam @Synapse#0692: 
2018-05-03 07:11:39 #bot-spam @Synapse#0692 edited message from 2018-05-03 07:11:39 () to read: 
2018-05-03 07:11:44 #bot-spam @Klaus Ze Flammenwerfer#9999: M
2018-05-03 07:11:47 #bot-spam @Klaus Ze Flammenwerfer#9999: mostly done
2018-05-03 07:11:59 #bot-spam @Mr. Robot#0007: hm
2018-05-03 07:12:00 #bot-spam @Klaus Ze Flammenwerfer#9999: Pin the suspects
2018-05-03 07:12:11 #bot-spam @Synapse#0692 edited message from 2018-05-03 07:11:39 () to read: 
2018-05-03 07:12:05 #bot-spam @Klaus Ze Flammenwerfer#9999: 
2018-05-03 07:12:36 #bot-spam @Synapse#0692 edited message from 2018-05-03 07:10:28 () to read: 
2018-05-03 07:12:36 #bot-spam @Klaus Ze Flammenwerfer#9999: 
2018-05-03 07:13:04 #bot-spam @Mr. Robot#0007: hmm
2018-05-03 07:13:06 #bot-spam @Synapse#0692 edited message from 2018-05-03 07:10:13 () to read: 
2018-05-03 07:13:06 #bot-spam @Klaus Ze Flammenwerfer#9999: 
2018-05-03 07:13:10 #bot-spam @Klaus Ze Flammenwerfer#9999: Bro
2018-05-03 07:13:14 #bot-spam @Klaus Ze Flammenwerfer#9999: Look at those 2
2018-05-03 07:13:17 #bot-spam @Mr. Robot#0007: why him
2018-05-03 07:13:20 #bot-spam @Klaus Ze Flammenwerfer#9999: Joined same day
2018-05-03 07:13:30 #bot-spam @Klaus Ze Flammenwerfer#9999: Within an hour or so
2018-05-03 07:13:42 #bot-spam @Mr. Robot#0007: bro
2018-05-03 07:13:51 #bot-spam @Mr. Robot#0007: look when they joined discord
2018-05-03 07:13:54 #bot-spam @Synapse#0692 edited message from 2018-05-03 07:09:36 () to read: 
2018-05-03 07:13:53 #bot-spam @Klaus Ze Flammenwerfer#9999: 
2018-05-03 07:13:57 #bot-spam @Klaus Ze Flammenwerfer#9999: Ik
2018-05-03 07:14:01 #bot-spam @Klaus Ze Flammenwerfer#9999: Could be alts
2018-05-03 07:14:15 #bot-spam @Klaus Ze Flammenwerfer#9999: does not need to be temporarily used accs
2018-05-03 07:14:22 #bot-spam @Mr. Robot#0007: @Klaus Ze Flammenwerfer look when they joined discord... no one makes alts without rason
2018-05-03 07:14:25 #bot-spam @Mr. Robot#0007 edited message from 2018-05-03 07:14:22 (@Klaus Ze Flammenwerfer look when they joined discord... no one makes alts without rason) to read: @Klaus Ze Flammenwerfer look when they joined discord... no one makes alts without reason
2018-05-03 07:14:45 #bot-spam @Klaus Ze Flammenwerfer#9999: Gtg class
2018-05-03 07:14:49 #bot-spam @Mr. Robot#0007: kk
2018-05-03 07:17:34 #bot-spam @Ali6837#7204: What you guys doing
2018-05-03 07:18:00 #bot-spam @Mr. Robot#0007: sex
2018-05-03 07:18:05 #bot-spam @Ali6837#7204: Noice
2018-05-03 07:18:14 #bot-spam @Ali6837#7204: But actually why are you checking
2018-05-03 07:18:28 #bot-spam @Mr. Robot#0007: i had an alt acc
2018-05-03 07:18:36 #bot-spam @Mr. Robot#0007: and i forgot what was its name
2018-05-03 07:18:42 #bot-spam @Ali6837#7204: Ok wow
2018-05-03 07:18:46 #bot-spam @Mr. Robot#0007: lmao
2018-05-03 07:18:48 #bot-spam @Ali6837#7204: Lol all of that for that
2018-05-03 07:18:56 #bot-spam @Ali6837#7204: Grammer is perfect
2018-05-03 07:18:58 #bot-spam @Mr. Robot#0007: its imp mate
2018-05-03 07:18:59 #bot-spam @Ali6837#7204: Also spelling
2018-05-03 07:19:06 #bot-spam @Mr. Robot#0007: lol
2018-05-03 07:20:58 #bot-spam @Klaus Ze Flammenwerfer#9999: !userinfo @User
2018-05-03 07:21:03 #bot-spam @Klaus Ze Flammenwerfer#9999: !up 1
2018-05-03 07:21:06 #bot-spam @Synapse#0692: ```\n!userinfo [user]\n\nShows users's informations\n\n```
2018-05-03 07:21:06 #bot-spam @Klaus Ze Flammenwerfer#9999 deleted message from 2018-05-03 07:21:03 (!up 1)
2018-05-03 07:21:06 #bot-spam @Synapse#0692 deleted message from 2018-05-03 07:21:06 (```\n!userinfo [user]\n\nShows users's informations\n\n```)
2018-05-03 07:21:07 #bot-spam @Klaus Ze Flammenwerfer#9999: fuck
2018-05-03 07:21:12 #bot-spam @Klaus Ze Flammenwerfer#9999: !up 2
2018-05-03 07:21:13 #bot-spam @Klaus Ze Flammenwerfer#9999 deleted message from 2018-05-03 07:20:58 (!userinfo @User)
2018-05-03 07:21:13 #bot-spam @Klaus Ze Flammenwerfer#9999 deleted message from 2018-05-03 07:21:07 (fuck)
2018-05-03 07:21:13 #bot-spam @Klaus Ze Flammenwerfer#9999 deleted message from 2018-05-03 07:21:12 (!up 2)
