2018-04-24 18:48:00 this bot joined the server
2018-04-24 18:48:00 Role created: 'Synapse' (id 438410801339039764)
2018-04-24 18:48:00 Member role add: 'Synapse' role was added to @Synapse#0692
2018-04-24 18:50:39 Member join: @Ghostplay R2#1298 (id 435829986772123658)
2018-04-24 18:50:39 Role created: 'Ghostplay R2' (id 438411465913925634)
2018-04-24 18:50:39 Member role add: 'Ghostplay R2' role was added to @Ghostplay R2#1298
2018-04-24 18:50:39 Member role add: 'Ghostplay R2' role was added to @Ghostplay R2#1298
2018-04-24 18:53:39 Role created: 'new role' (id 438412225355579404)
2018-04-24 18:54:07 Role permissions: 'Ghostplay R2' changed from 268520497 to 268782705
2018-04-24 18:54:07 Role permissions: 'Synapse' changed from 8 to 262216
2018-04-24 18:54:07 Role position: 'MEE6' changed from 5 to 4
2018-04-24 18:54:07 Role position: 'bot' changed from 6 to 5
2018-04-24 18:54:07 Role position: 'Plebs' changed from 7 to 6
2018-04-24 18:54:07 Role position: 'Mieszczan' changed from 8 to 7
2018-04-24 18:54:07 Role position: 'DJ' changed from 9 to 8
2018-04-24 18:54:07 Role position: 'Chlop' changed from 10 to 9
2018-04-24 18:54:07 Role position: 'Mod' changed from 11 to 10
2018-04-24 18:54:07 Role position: 'Admin' changed from 12 to 11
2018-04-24 18:54:07 Role position: 'Prezes' changed from 13 to 12
2018-04-24 18:54:08 Role renamed: 'new role' to 'GP-bot'
2018-04-24 18:54:08 Role permissions: 'new role' changed from 104324161 to 1849162817
2018-04-24 18:55:47 Member role add: 'GP-bot' role was added to @Ghostplay R2#1298
2018-04-24 18:55:51 Member role add: 'GP-bot' role was added to @Synapse#0692
2018-04-24 18:59:12 Role position: 'Ghostplay R2' changed from 2 to 1
2018-04-24 18:59:12 Role position: 'Synapse' changed from 3 to 2
2018-04-24 18:59:12 Role position: 'MEE6' changed from 4 to 3
2018-04-24 18:59:12 Role position: 'bot' changed from 5 to 4
2018-04-24 18:59:12 Role position: 'Plebs' changed from 6 to 5
2018-04-24 18:59:12 Role position: 'Mieszczan' changed from 7 to 6
2018-04-24 18:59:12 Role position: 'DJ' changed from 8 to 7
2018-04-24 18:59:12 Role position: 'Chlop' changed from 9 to 8
2018-04-24 18:59:12 Role position: 'Mod' changed from 10 to 9
2018-04-24 18:59:12 Role position: 'Admin' changed from 11 to 10
2018-04-24 18:59:12 Role position: 'Prezes' changed from 12 to 11
2018-04-24 18:59:12 Role position: 'GP-bot' changed from 1 to 12
2018-04-24 18:59:12 Role permissions: 'GP-bot' changed from 1849162817 to 2146958591
2018-04-24 18:59:24 Role color: 'Prezes' changed from #fd06ff to #b8e490
2018-04-24 18:59:34 Role color: 'Prezes' changed from #b8e490 to #a31e89
2018-04-24 18:59:45 Role color: 'Prezes' changed from #a31e89 to #d195c6
2018-04-24 18:59:55 Role color: 'Prezes' changed from #d195c6 to #5f0b0a
2018-04-24 19:00:01 Role color: 'Prezes' changed from #5f0b0a to #99ace9
2018-04-24 19:00:06 Member role add: 'bot' role was added to @Ghostplay R2#1298
2018-04-24 19:00:07 Role color: 'Prezes' changed from #99ace9 to #419584
2018-04-24 19:00:09 Member role add: 'bot' role was added to @Synapse#0692
2018-04-24 19:00:13 Role color: 'Prezes' changed from #419584 to #5b28d1
2018-04-24 19:00:19 Role color: 'Prezes' changed from #5b28d1 to #7b76bd
2018-04-24 19:00:25 Role color: 'Prezes' changed from #7b76bd to #8056d5
2018-04-24 19:00:31 Role color: 'Prezes' changed from #8056d5 to #473d9a
2018-04-24 19:00:37 Role color: 'Prezes' changed from #473d9a to #f0e457
2018-04-24 19:00:50 Role color: 'Prezes' changed from #f0e457 to #2e26f7
2018-04-24 19:00:56 Role color: 'Prezes' changed from #2e26f7 to #64deb4
2018-04-24 19:01:03 Role color: 'Prezes' changed from #64deb4 to #37e025
2018-04-24 19:01:27 Role color: 'Prezes' changed from #37e025 to #6884ab
2018-04-24 19:02:10 Role color: 'Prezes' changed from #6884ab to #5660ae
2018-04-24 19:02:16 Role color: 'Prezes' changed from #5660ae to #4dcccf
2018-04-24 19:02:22 Role color: 'Prezes' changed from #4dcccf to #b49ef8
2018-04-24 19:02:28 Role color: 'Prezes' changed from #b49ef8 to #b997a4
2018-04-24 19:02:46 Role color: 'Prezes' changed from #b997a4 to #47e349
2018-04-24 19:02:53 Role color: 'Prezes' changed from #47e349 to #4394ab
2018-04-24 19:02:59 Role color: 'Prezes' changed from #4394ab to #c59a71
2018-04-24 19:03:05 Role color: 'Prezes' changed from #c59a71 to #c97880
2018-04-24 19:03:11 Role color: 'Prezes' changed from #c97880 to #a27a7b
2018-04-24 19:03:17 Role color: 'Prezes' changed from #a27a7b to #a37afe
2018-04-24 19:03:23 Role color: 'Prezes' changed from #a37afe to #7067b8
2018-04-24 19:03:29 Role color: 'Prezes' changed from #7067b8 to #f01426
2018-04-24 19:03:36 Role color: 'Prezes' changed from #f01426 to #92a513
2018-04-24 19:03:42 Role color: 'Prezes' changed from #92a513 to #bbf8f7
2018-04-24 19:03:48 Role color: 'Prezes' changed from #bbf8f7 to #7560d5
2018-04-24 19:04:13 Role color: 'Prezes' changed from #7560d5 to #b30de0
2018-04-24 19:04:20 Role color: 'Prezes' changed from #b30de0 to #50edd6
2018-04-24 19:04:26 Role color: 'Prezes' changed from #50edd6 to #35fc1d
2018-04-24 19:04:45 Role color: 'Prezes' changed from #35fc1d to #af875a
2018-04-24 19:04:51 Role color: 'Prezes' changed from #af875a to #9f684b
2018-04-24 19:04:57 Role color: 'Prezes' changed from #9f684b to #9f4253
2018-04-24 19:05:03 Role color: 'Prezes' changed from #9f4253 to #cc31d6
2018-04-24 19:05:10 Role color: 'Prezes' changed from #cc31d6 to #bd6093
2018-04-24 19:05:22 Role color: 'Prezes' changed from #bd6093 to #c7f96d
2018-04-24 19:05:29 Role color: 'Prezes' changed from #c7f96d to #3b9c0b
2018-04-24 19:05:35 Role color: 'Prezes' changed from #3b9c0b to #42264a
2018-04-24 19:05:41 Role color: 'Prezes' changed from #42264a to #1327fb
2018-04-24 19:05:47 Role color: 'Prezes' changed from #1327fb to #0c6c91
2018-04-24 19:05:53 Role color: 'Prezes' changed from #0c6c91 to #3c14fa
2018-04-24 19:05:59 Role color: 'Prezes' changed from #3c14fa to #6a906a
2018-04-24 19:06:05 Role color: 'Prezes' changed from #6a906a to #e89490
2018-04-24 19:06:11 Role color: 'Prezes' changed from #e89490 to #859999
2018-04-24 19:06:18 Role color: 'Prezes' changed from #859999 to #4e9ff9
2018-04-24 19:06:23 Role color: 'Prezes' changed from #4e9ff9 to #70e350
2018-04-24 19:06:31 Role color: 'Prezes' changed from #70e350 to #e0489c
2018-04-24 19:06:37 Role color: 'Prezes' changed from #e0489c to #8b5964
2018-04-24 19:06:43 Role color: 'Prezes' changed from #8b5964 to #9d3f30
2018-04-24 19:06:50 Role color: 'Prezes' changed from #9d3f30 to #467c72
2018-04-24 19:06:56 Role color: 'Prezes' changed from #467c72 to #74f91b
2018-04-24 19:07:02 Role color: 'Prezes' changed from #74f91b to #122892
2018-04-24 19:07:15 Role color: 'Prezes' changed from #122892 to #17eb2a
2018-04-24 19:07:21 Role color: 'Prezes' changed from #17eb2a to #0adaa3
2018-04-24 19:07:52 Role color: 'Prezes' changed from #0adaa3 to #9f5a53
2018-04-24 19:07:58 Role color: 'Prezes' changed from #9f5a53 to #d04b7e
2018-04-24 19:08:04 Role color: 'Prezes' changed from #d04b7e to #48db12
2018-04-24 19:08:10 Role color: 'Prezes' changed from #48db12 to #d9ebf4
2018-04-24 19:08:17 Role color: 'Prezes' changed from #d9ebf4 to #4096b0
2018-04-24 19:08:23 Role color: 'Prezes' changed from #4096b0 to #1f3141
2018-04-24 19:08:36 Role color: 'Prezes' changed from #1f3141 to #0a5b4a
2018-04-24 19:08:42 Role color: 'Prezes' changed from #0a5b4a to #4e5bbd
2018-04-24 19:08:48 Role color: 'Prezes' changed from #4e5bbd to #d1a914
2018-04-24 19:09:18 Role color: 'Prezes' changed from #d1a914 to #352444
2018-04-24 19:09:43 Role color: 'Prezes' changed from #352444 to #ab7405
2018-04-24 19:10:08 Role color: 'Prezes' changed from #ab7405 to #551d85
2018-04-24 19:10:15 Role color: 'Prezes' changed from #551d85 to #aef5a4
2018-04-24 19:10:21 Role color: 'Prezes' changed from #aef5a4 to #89c7df
2018-04-24 19:10:27 Role color: 'Prezes' changed from #89c7df to #cae05d
2018-04-24 19:10:34 Role color: 'Prezes' changed from #cae05d to #b86567
2018-04-24 19:10:40 Role color: 'Prezes' changed from #b86567 to #29ed6d
2018-04-24 19:10:46 Role color: 'Prezes' changed from #29ed6d to #064ee0
2018-04-24 19:10:52 Role color: 'Prezes' changed from #064ee0 to #d33a7e
2018-04-24 19:10:58 Role color: 'Prezes' changed from #d33a7e to #456857
2018-04-24 19:11:05 Role color: 'Prezes' changed from #456857 to #41d390
2018-04-24 19:11:24 Role color: 'Prezes' changed from #41d390 to #a49aed
2018-04-24 19:11:36 Role color: 'Prezes' changed from #a49aed to #5c04ce
2018-04-24 19:11:42 Role color: 'Prezes' changed from #5c04ce to #fd05d2
2018-04-24 19:11:48 Role color: 'Prezes' changed from #fd05d2 to #7502fe
2018-04-24 19:11:54 Role color: 'Prezes' changed from #7502fe to #6c0052
2018-04-24 19:12:19 Role color: 'Prezes' changed from #6c0052 to #3c56e5
2018-04-24 19:12:25 Role color: 'Prezes' changed from #3c56e5 to #c8d92a
2018-04-24 19:12:44 Role color: 'Prezes' changed from #c8d92a to #cd51d0
2018-04-24 19:12:50 Role color: 'Prezes' changed from #cd51d0 to #d88f9f
2018-04-24 19:12:56 Role color: 'Prezes' changed from #d88f9f to #3e74a5
2018-04-24 19:13:02 Role color: 'Prezes' changed from #3e74a5 to #925806
2018-04-24 19:13:09 Role color: 'Prezes' changed from #925806 to #8d8aeb
2018-04-24 19:13:15 Role color: 'Prezes' changed from #8d8aeb to #55998f
2018-04-24 19:13:21 Role color: 'Prezes' changed from #55998f to #a127f1
2018-04-24 19:13:27 Role color: 'Prezes' changed from #a127f1 to #9a6f46
2018-04-24 19:13:34 Role color: 'Prezes' changed from #9a6f46 to #d8c36a
2018-04-24 19:13:40 Role color: 'Prezes' changed from #d8c36a to #f4a57f
2018-04-24 19:13:45 Role color: 'Prezes' changed from #f4a57f to #48c22c
2018-04-24 19:14:05 Role color: 'Prezes' changed from #48c22c to #0676a4
2018-04-24 19:14:17 Role color: 'Prezes' changed from #0676a4 to #b4a685
2018-04-24 19:14:23 Role color: 'Prezes' changed from #b4a685 to #a39832
2018-04-24 19:14:29 Role color: 'Prezes' changed from #a39832 to #1938f0
2018-04-24 19:14:35 Role color: 'Prezes' changed from #1938f0 to #b2103a
2018-04-24 19:14:41 Role color: 'Prezes' changed from #b2103a to #67d605
2018-04-24 19:14:59 Role color: 'Prezes' changed from #67d605 to #b56cb9
2018-04-24 19:15:05 Role color: 'Prezes' changed from #b56cb9 to #3018a4
2018-04-24 19:15:24 Role color: 'Prezes' changed from #3018a4 to #7ff518
2018-04-24 19:15:30 Role color: 'Prezes' changed from #7ff518 to #ea630d
2018-04-24 19:15:37 Role color: 'Prezes' changed from #ea630d to #fac211
2018-04-24 19:15:43 Role color: 'Prezes' changed from #fac211 to #6bea1d
2018-04-24 19:15:49 Role color: 'Prezes' changed from #6bea1d to #5f7382
2018-04-24 19:15:56 Role color: 'Prezes' changed from #5f7382 to #e93e40
2018-04-24 19:16:02 Role color: 'Prezes' changed from #e93e40 to #8c6d21
2018-04-24 19:16:08 Role color: 'Prezes' changed from #8c6d21 to #268562
2018-04-24 19:16:16 Role color: 'Prezes' changed from #268562 to #6427d8
2018-04-24 19:16:22 Role color: 'Prezes' changed from #6427d8 to #e11143
2018-04-24 19:16:28 Role color: 'Prezes' changed from #e11143 to #24eaba
2018-04-24 19:16:34 Role color: 'Prezes' changed from #24eaba to #3c5de5
2018-04-24 19:16:40 Role color: 'Prezes' changed from #3c5de5 to #3ba69c
2018-04-24 19:17:05 Role color: 'Prezes' changed from #3ba69c to #ac341d
2018-04-24 19:17:11 Role color: 'Prezes' changed from #ac341d to #10f6af
2018-04-24 19:17:29 Role color: 'Prezes' changed from #10f6af to #d69dc0
2018-04-24 19:17:35 Role color: 'Prezes' changed from #d69dc0 to #0b4af9
2018-04-24 19:17:41 Role color: 'Prezes' changed from #0b4af9 to #436161
2018-04-24 19:17:47 Role color: 'Prezes' changed from #436161 to #efd52f
2018-04-24 19:17:53 Role color: 'Prezes' changed from #efd52f to #a3b48d
2018-04-24 19:18:00 Role color: 'Prezes' changed from #a3b48d to #9f1709
2018-04-24 19:18:06 Role color: 'Prezes' changed from #9f1709 to #9beef4
2018-04-24 19:18:12 Role color: 'Prezes' changed from #9beef4 to #7555f5
2018-04-24 19:18:18 Role color: 'Prezes' changed from #7555f5 to #593851
2018-04-24 19:18:31 Role color: 'Prezes' changed from #593851 to #448fa8
2018-04-24 19:18:50 Role color: 'Prezes' changed from #448fa8 to #0899b2
2018-04-24 19:18:56 Role color: 'Prezes' changed from #0899b2 to #b1bee9
2018-04-24 19:19:14 Role color: 'Prezes' changed from #b1bee9 to #1f8ce3
2018-04-24 19:19:27 Role color: 'Prezes' changed from #1f8ce3 to #8615fe
2018-04-24 19:19:33 Role color: 'Prezes' changed from #8615fe to #271117
2018-04-24 19:19:39 Role color: 'Prezes' changed from #271117 to #02f847
2018-04-24 19:19:45 Role color: 'Prezes' changed from #02f847 to #58e7eb
2018-04-24 19:19:51 Role color: 'Prezes' changed from #58e7eb to #92d58b
2018-04-24 19:19:57 Role color: 'Prezes' changed from #92d58b to #204922
2018-04-24 19:20:04 Role color: 'Prezes' changed from #204922 to #58a08a
2018-04-24 19:20:10 Role color: 'Prezes' changed from #58a08a to #fdb552
2018-04-24 19:20:23 Role color: 'Prezes' changed from #fdb552 to #e13883
2018-04-24 19:20:29 Role color: 'Prezes' changed from #e13883 to #edd323
2018-04-24 19:20:36 Role color: 'Prezes' changed from #edd323 to #4a4323
2018-04-24 19:20:41 Role color: 'Prezes' changed from #4a4323 to #08b10d
2018-04-24 19:20:47 Role color: 'Prezes' changed from #08b10d to #00b5b3
2018-04-24 19:20:59 Role color: 'Prezes' changed from #00b5b3 to #e88b9b
2018-04-24 19:21:05 Role color: 'Prezes' changed from #e88b9b to #99b6ca
2018-04-24 19:21:11 Role color: 'Prezes' changed from #99b6ca to #e04b93
2018-04-24 19:21:17 Role color: 'Prezes' changed from #e04b93 to #1d7724
2018-04-24 19:21:23 Role color: 'Prezes' changed from #1d7724 to #401e53
2018-04-24 19:21:30 Role color: 'Prezes' changed from #401e53 to #1d8b72
2018-04-24 19:21:36 Role color: 'Prezes' changed from #1d8b72 to #5f0357
2018-04-24 19:21:42 Role color: 'Prezes' changed from #5f0357 to #9c86f9
2018-04-24 19:21:48 Role color: 'Prezes' changed from #9c86f9 to #06e600
2018-04-24 19:21:55 Role color: 'Prezes' changed from #06e600 to #b8ebd5
2018-04-24 19:22:08 Role color: 'Prezes' changed from #b8ebd5 to #13a129
2018-04-24 19:22:14 Role color: 'Prezes' changed from #13a129 to #923313
2018-04-24 19:22:20 Role color: 'Prezes' changed from #923313 to #8027fd
2018-04-24 19:22:27 Role color: 'Prezes' changed from #8027fd to #570b3f
2018-04-24 19:22:33 Role color: 'Prezes' changed from #570b3f to #a009ce
2018-04-24 19:22:46 Role color: 'Prezes' changed from #a009ce to #c5fabd
2018-04-24 19:22:52 Role color: 'Prezes' changed from #c5fabd to #982ecc
2018-04-24 19:22:58 Role color: 'Prezes' changed from #982ecc to #3c532f
2018-04-24 19:23:12 Role color: 'Prezes' changed from #3c532f to #f13eef
2018-04-24 19:23:18 Role color: 'Prezes' changed from #f13eef to #80d9ce
2018-04-24 19:23:30 Role color: 'Prezes' changed from #80d9ce to #8ce058
2018-04-24 19:23:36 Role color: 'Prezes' changed from #8ce058 to #a072e1
2018-04-24 19:23:55 Role color: 'Prezes' changed from #a072e1 to #dfb1a2
2018-04-24 19:24:07 Role color: 'Prezes' changed from #dfb1a2 to #8b18d1
2018-04-24 19:24:13 Role color: 'Prezes' changed from #8b18d1 to #7bb574
2018-04-24 19:24:19 Role color: 'Prezes' changed from #7bb574 to #d45998
2018-04-24 19:24:26 Role color: 'Prezes' changed from #d45998 to #93e359
2018-04-24 19:24:32 Role color: 'Prezes' changed from #93e359 to #02280f
2018-04-24 19:24:38 Role color: 'Prezes' changed from #02280f to #cd1ef7
2018-04-24 19:24:44 Role color: 'Prezes' changed from #cd1ef7 to #1143c3
2018-04-24 19:24:58 Role color: 'Prezes' changed from #1143c3 to #bb0aaa
2018-04-24 19:25:03 Role color: 'Prezes' changed from #bb0aaa to #9bdaba
2018-04-24 19:25:09 Role color: 'Prezes' changed from #9bdaba to #cd9978
2018-04-24 19:25:15 Role color: 'Prezes' changed from #cd9978 to #6ae6af
2018-04-24 19:25:22 Role color: 'Prezes' changed from #6ae6af to #b133d4
2018-04-24 19:25:29 Role color: 'Prezes' changed from #b133d4 to #d346cd
2018-04-24 19:25:36 Role color: 'Prezes' changed from #d346cd to #efb785
2018-04-24 19:25:43 Role color: 'Prezes' changed from #efb785 to #95974a
2018-04-24 19:25:57 Role color: 'Prezes' changed from #95974a to #08b206
2018-04-24 19:26:04 Role color: 'Prezes' changed from #08b206 to #645738
2018-04-24 19:26:12 Role color: 'Prezes' changed from #645738 to #a1ee5e
2018-04-24 19:26:25 Role color: 'Prezes' changed from #a1ee5e to #9b3f6d
2018-04-24 19:26:33 Role color: 'Prezes' changed from #9b3f6d to #3ce313
2018-04-24 19:26:47 Role color: 'Prezes' changed from #3ce313 to #d42d30
2018-04-24 19:27:01 Role color: 'Prezes' changed from #d42d30 to #34df64
2018-04-24 19:27:22 Role color: 'Prezes' changed from #34df64 to #ae0638
2018-04-24 19:27:29 Role color: 'Prezes' changed from #ae0638 to #45f196
2018-04-24 19:27:37 Role color: 'Prezes' changed from #45f196 to #c66dc9
2018-04-24 19:27:43 Role color: 'Prezes' changed from #c66dc9 to #453302
2018-04-24 19:27:57 Role color: 'Prezes' changed from #453302 to #e8238c
2018-04-24 19:28:05 Role color: 'Prezes' changed from #e8238c to #4c44bb
2018-04-24 19:28:12 Role color: 'Prezes' changed from #4c44bb to #57ae1d
2018-04-24 19:28:19 Role color: 'Prezes' changed from #57ae1d to #1aac06
2018-04-24 19:28:26 Role color: 'Prezes' changed from #1aac06 to #88b737
2018-04-24 19:28:34 Role color: 'Prezes' changed from #88b737 to #f826cb
2018-04-24 19:28:40 Role color: 'Prezes' changed from #f826cb to #f498e9
2018-04-24 19:28:53 Role color: 'Prezes' changed from #f498e9 to #fd311d
2018-04-24 19:29:00 Role color: 'Prezes' changed from #fd311d to #fd1c18
2018-04-24 19:29:07 Role color: 'Prezes' changed from #fd1c18 to #98182e
2018-04-24 19:29:14 Role color: 'Prezes' changed from #98182e to #645ddc
2018-04-24 19:29:21 Role color: 'Prezes' changed from #645ddc to #65e58c
2018-04-24 19:29:28 Role color: 'Prezes' changed from #65e58c to #45cc2d
2018-04-24 19:29:35 Role color: 'Prezes' changed from #45cc2d to #553346
2018-04-24 19:29:42 Role color: 'Prezes' changed from #553346 to #eb5cdf
2018-04-24 19:29:49 Role color: 'Prezes' changed from #eb5cdf to #167d65
2018-04-24 19:29:56 Role color: 'Prezes' changed from #167d65 to #bd598e
2018-04-24 19:30:11 Role color: 'Prezes' changed from #bd598e to #d22e04
2018-04-24 19:30:24 Role color: 'Prezes' changed from #d22e04 to #c3fab0
2018-04-24 19:30:31 Role color: 'Prezes' changed from #c3fab0 to #8d4b9c
2018-04-24 19:30:49 Role color: 'Prezes' changed from #8d4b9c to #0009da
2018-04-24 19:31:20 Role color: 'Prezes' changed from #0009da to #178af8
2018-04-24 19:31:26 Role color: 'Prezes' changed from #178af8 to #b21fb5
2018-04-24 19:31:32 Role color: 'Prezes' changed from #b21fb5 to #b34bfe
2018-04-24 19:31:39 Role color: 'Prezes' changed from #b34bfe to #6d55f1
2018-04-24 19:31:45 Role color: 'Prezes' changed from #6d55f1 to #980366
2018-04-24 19:31:51 Role color: 'Prezes' changed from #980366 to #f88166
2018-04-24 19:31:57 Role color: 'Prezes' changed from #f88166 to #e2081f
2018-04-24 19:32:10 Role color: 'Prezes' changed from #e2081f to #0de946
2018-04-24 19:32:16 Role color: 'Prezes' changed from #0de946 to #a8808d
2018-04-24 19:32:22 Role color: 'Prezes' changed from #a8808d to #adec9b
2018-04-24 19:32:28 Role color: 'Prezes' changed from #adec9b to #5c18a7
2018-04-24 19:32:35 Role color: 'Prezes' changed from #5c18a7 to #4e8014
2018-04-24 19:32:41 Role color: 'Prezes' changed from #4e8014 to #c2f6a8
2018-04-24 19:32:47 Role color: 'Prezes' changed from #c2f6a8 to #4a4c04
2018-04-24 19:33:36 Role color: 'Prezes' changed from #4a4c04 to #9cacbd
2018-04-24 19:33:42 Role color: 'Prezes' changed from #9cacbd to #8a606f
2018-04-24 19:33:56 Role color: 'Prezes' changed from #8a606f to #620686
2018-04-24 19:34:23 Role color: 'Prezes' changed from #620686 to #056a1a
2018-04-24 19:34:29 Role color: 'Prezes' changed from #056a1a to #d8909a
2018-04-24 19:34:35 Role color: 'Prezes' changed from #d8909a to #d5a91e
2018-04-24 19:34:42 Role color: 'Prezes' changed from #d5a91e to #33aa93
2018-04-24 19:35:01 Role color: 'Prezes' changed from #33aa93 to #094a09
2018-04-24 19:35:07 Role color: 'Prezes' changed from #094a09 to #e72ea2
2018-04-24 19:35:13 Role color: 'Prezes' changed from #e72ea2 to #933aa8
2018-04-24 19:35:19 Role color: 'Prezes' changed from #933aa8 to #d64bc8
2018-04-24 19:35:26 Role color: 'Prezes' changed from #d64bc8 to #fd4924
2018-04-24 19:35:38 Role color: 'Prezes' changed from #fd4924 to #d37de4
2018-04-24 19:35:45 Role color: 'Prezes' changed from #d37de4 to #a52b26
2018-04-24 19:35:51 Role color: 'Prezes' changed from #a52b26 to #0802a7
2018-04-24 19:36:01 Role deleted: 'Synapse' (id 438410801339039764)
2018-04-24 19:36:01 Member leave: @Synapse#0692 (id 435538622293344266)
2018-04-24 19:36:01 this bot left the server
