2018-04-24 16:24:53 #chat @Sh0Tz#0660: .multicolor 2 Sh0Tz
2018-04-24 16:25:09 #chat @KatZ™#6716: .multicolor 2 Sh0Tz
2018-04-24 16:25:14 #chat @KatZ™#6716: .multicolor 2 Sh0Tz
2018-04-24 16:25:15 #chat @Sh0Tz#0660: .multicolor 2 OWNER
2018-04-24 16:25:19 #chat @KatZ™#6716: .multicolor 2 OWNER
2018-04-24 16:25:47 #chat @Sh0Tz#0660: .multicolor 2 SH0TZ
2018-04-24 16:26:07 #chat @KatZ™#6716: .multicolor 2 SH0TZ
2018-04-24 16:26:13 #chat @KatZ™#6716: .multicolor 2 Sh0Tz
2018-04-24 16:26:25 #chat @Sh0Tz#0660: .multicolor 2 OWNER
2018-04-24 16:26:45 #chat @Sh0Tz#0660: .Multicolor
2018-04-24 16:33:13 #chat @Sh0Tz#0660: *multicolor 2 OWNER
2018-04-24 16:33:19 #chat @Ghostplay R2#1298: 
2018-04-24 16:33:19 #chat @Ghostplay R2#1298 edited message from 2018-04-24 16:33:19 () to read: 
2018-04-24 16:33:41 #chat @Sh0Tz#0660: *multicolor 2 OWNER
2018-04-24 16:34:07 #chat @Sh0Tz#0660: *multicolor 1 OWNER
2018-04-24 16:34:50 #chat @Sh0Tz#0660: *multicolor 1 SH0TZ
2018-04-24 16:35:16 #chat @Sh0Tz#0660: *multicolor 3 SH0TZ
2018-04-24 16:35:45 #chat @Sh0Tz#0660: *multicolor 2 SH0TZ
2018-04-24 16:36:04 #chat @Sh0Tz#0660 deleted message from 2018-04-24 16:35:45 (*multicolor 2 SH0TZ)
2018-04-24 16:36:07 #chat @Sh0Tz#0660 deleted message from 2018-04-24 16:34:50 (*multicolor 1 SH0TZ)
2018-04-24 16:36:09 #chat @Sh0Tz#0660 deleted message from 2018-04-24 16:35:16 (*multicolor 3 SH0TZ)
2018-04-24 16:36:12 #chat @Sh0Tz#0660 deleted message from 2018-04-24 16:34:07 (*multicolor 1 OWNER)
2018-04-24 16:37:12 #chat @Sh0Tz#0660: *multicolor 2 BLAZE
2018-04-24 16:38:24 #chat @Sh0Tz#0660: *multicolor 2 BlaZe
2018-04-24 16:39:16 #chat @Sh0Tz#0660: *multicolor 1 BlaZe
2018-04-24 16:39:34 #chat @Sh0Tz#0660: *multicolor 2 Admin
2018-04-24 16:39:48 #chat @Sh0Tz#0660: *multicolor 2 Head-Admin
2018-04-24 16:40:09 #chat @Sh0Tz#0660: ?purge 10
2018-04-24 16:40:10 #chat @Sh0Tz#0660 deleted message from 2018-04-24 16:40:09 (?purge 10)
2018-04-24 16:40:10 #chat @Sh0Tz#0660 deleted message from 2018-04-24 16:26:25 (.multicolor 2 OWNER)
2018-04-24 16:40:10 #chat @Sh0Tz#0660 deleted message from 2018-04-24 16:26:45 (.Multicolor)
2018-04-24 16:40:10 #chat @Sh0Tz#0660 deleted message from 2018-04-24 16:33:13 (*multicolor 2 OWNER)
2018-04-24 16:40:10 #chat @Ghostplay R2#1298 deleted message from 2018-04-24 16:33:19 ()
2018-04-24 16:40:10 #chat @Sh0Tz#0660 deleted message from 2018-04-24 16:33:41 (*multicolor 2 OWNER)
2018-04-24 16:40:10 #chat @Sh0Tz#0660 deleted message from 2018-04-24 16:37:12 (*multicolor 2 BLAZE)
2018-04-24 16:40:10 #chat @Sh0Tz#0660 deleted message from 2018-04-24 16:38:24 (*multicolor 2 BlaZe)
2018-04-24 16:40:10 #chat @Sh0Tz#0660 deleted message from 2018-04-24 16:39:16 (*multicolor 1 BlaZe)
2018-04-24 16:40:10 #chat @Sh0Tz#0660 deleted message from 2018-04-24 16:39:34 (*multicolor 2 Admin)
2018-04-24 16:40:10 #chat @Sh0Tz#0660 deleted message from 2018-04-24 16:39:48 (*multicolor 2 Head-Admin)
