2018-04-19 18:25:25 #welcome @Synapse#0692: 
2018-04-19 19:04:35 #welcome @Uki#0113: 
2018-04-19 21:24:16 #welcome @jtsering#4905: 
2018-04-19 23:25:48 #welcome @Bozito!?!?!!#0368: 
2018-04-19 23:45:14 #welcome @aSmalls#9696: 
2018-04-20 00:26:11 #welcome @Goforth#0942: 
2018-04-20 01:18:32 #welcome @Steak and Shake#5039: 
2018-04-20 02:21:48 #welcome @oland is gay#4684: 
2018-04-20 07:05:49 #welcome @Larnold#2768: 
2018-04-20 10:16:10 #welcome @magmy#4988: 
2018-04-20 17:21:41 #welcome @xlopez13#3699: 
2018-04-20 18:26:31 #welcome @XI-LUCIFER-XI#4124: 
2018-04-20 18:44:55 #welcome @Adir#9997: 
2018-04-20 19:03:53 #welcome @Lorenzo0404#9248: 
2018-04-20 20:07:12 #welcome @BaconWaffle#1459: 
2018-04-20 20:09:07 #welcome @wiztaylorgang87#1644: 
2018-04-20 23:57:29 #welcome @Len_179#2604: 
2018-04-21 00:07:05 #welcome @Mineryan1#3468: 
2018-04-21 01:25:01 #welcome @Roddrick#6900: 
2018-04-21 05:35:05 #welcome @FatalError#7697: 
2018-04-21 07:43:23 #welcome @Kuuzu#6762: 
2018-04-21 10:05:28 #welcome @maxifar#9031: 
2018-04-21 10:05:59 #welcome @Gork#2383: 
2018-04-21 11:04:23 #welcome @Lych#0402: 
2018-04-21 11:58:02 #welcome @TimHg0172#2382: 
2018-04-21 13:46:29 #welcome @AMG#9079: 
2018-04-21 13:53:57 #welcome @luft#4766: 
2018-04-21 15:00:49 #welcome @Afilamar#3570: 
2018-04-21 15:40:39 #welcome @Hyper98#0187: 
2018-04-21 16:55:28 #welcome @KingKiller_44#4842: 
2018-04-21 18:53:06 #welcome @Dackl#2580: 
2018-04-22 08:23:07 #welcome @ace#2368: 
2018-04-22 09:34:56 #welcome @Derp#2010: 
2018-04-22 13:09:24 #welcome @KraduX#7663: 
2018-04-22 16:40:18 #welcome @Courtney Brown#4492: 
2018-04-22 17:32:31 #welcome @Matty_McD01#0041: 
2018-04-22 17:52:31 #welcome @Envy#8697: 
2018-04-22 19:05:44 #welcome @ThatGinja#1565: 
2018-04-22 19:05:47 #welcome @RuckaInc#0942: 
2018-04-22 19:14:02 #welcome @Jorey Cones#2413: 
2018-04-22 19:44:19 #welcome @Gummy#1697: 
2018-04-22 20:17:53 #welcome @JasonR#1192: 
2018-04-22 20:19:27 #welcome @¯\_(ツ)_/¯#5213: 
2018-04-22 22:01:06 #welcome @Hehe xD#8167: 
2018-04-23 00:13:40 #welcome @Big Wet Pasta Lips#7440: 
2018-04-23 00:59:21 #welcome @rafael40o1#7545: 
2018-04-23 01:26:28 #welcome @Andre#5843: 
2018-04-23 01:27:58 #welcome @andre21#4864: 
2018-04-23 02:10:46 #welcome @Donovan_han#4527: 
2018-04-23 02:18:02 #welcome @Jsin24#8570: 
2018-04-23 02:21:19 #welcome @Actiota#4221: 
2018-04-23 03:31:52 #welcome @Tjstix85#4189: 
2018-04-23 05:38:08 #welcome @Krinen#6972: 
2018-04-23 05:40:40 #welcome @Krinen#7284: 
2018-04-23 09:06:07 #welcome @STFUImBigBoned#9994: 
2018-04-23 14:18:22 #welcome @Lakeside#8871: 
2018-04-23 15:23:44 #welcome @Nigward#1681: 
2018-04-23 15:32:58 #welcome @Superboymartin#0508: 
2018-04-23 18:53:13 #welcome @Klötenkalle#4817: 
2018-04-23 19:20:27 #welcome @Stang#8602: 
2018-04-23 19:47:03 #welcome @TNT#4614: 
2018-04-23 20:20:25 #welcome @Tx Vixol#5326: 
2018-04-23 21:32:40 #welcome @goosefat_bill#5788: 
2018-04-23 23:24:45 #welcome @icyparadox1653#0198: 
2018-04-24 00:37:40 #welcome @Jacky#1767: 
2018-04-24 04:06:31 #welcome @Jauhso#4622: 
2018-04-24 04:07:47 #welcome @Jauhso#4622: 
2018-04-24 04:45:08 #welcome @Rogue_Panda#3967: 
2018-04-24 05:39:09 #welcome @sirelle#9323: 
2018-04-24 06:02:59 #welcome @sirelle#9323: 
2018-04-24 08:15:09 #welcome @Aaro#8552: 
2018-04-24 10:34:32 #welcome @Ollie#4633: 
2018-04-24 11:29:30 #welcome @jodlon#6767: 
2018-04-24 12:06:38 #welcome @MoonDog#8132: 
2018-04-24 12:16:59 #welcome @Marson has terminal gae#8389: 
2018-04-24 12:46:44 #welcome @Tiive#1745: 
2018-04-24 14:21:05 #welcome @bakust#0958: 
2018-04-24 15:01:29 #welcome @Jamesboii420#9089: 
2018-04-24 16:54:18 #welcome @LE_Martinez#3836: 
2018-04-24 17:11:42 #welcome @simpdaddyaaron#0299: 
2018-04-24 19:31:34 #welcome @abrick13#7917: 
2018-04-24 19:34:28 #welcome @scmsf49#3652: 
2018-04-24 19:56:30 #welcome @rigster#1765: 
2018-04-24 20:52:18 #welcome @peter#0353: 
2018-04-24 22:01:26 #welcome @Time#2908: 
2018-04-24 23:19:56 #welcome @Dragoon94#4078: 
2018-04-24 23:40:42 #welcome @BITCOIN ✡#1670: 
2018-04-25 01:40:55 #welcome @arturtomin#0619: 
2018-04-25 04:55:41 #welcome @Blu#7543: 
2018-04-25 05:07:12 #welcome @Sniggles#3196: 
2018-04-25 05:34:05 #welcome @❄ Isla Chan ❄#2827: 
2018-04-25 05:34:11 #welcome @theuntrusted#0528: 
2018-04-25 11:11:12 #welcome @Lithamus#2507: 
2018-04-25 11:32:23 #welcome @DasGait#9138: 
2018-04-25 13:22:02 #welcome @MrHax55#2493: 
2018-04-25 16:06:10 #welcome @Chip#2826: 
2018-04-25 16:21:32 #welcome @oland is gay#4684: 
2018-04-25 16:23:30 #welcome @oland is gay#4684 deleted message from 2018-04-25 16:21:32 ()
2018-04-25 17:42:30 #welcome @au#3173: 
2018-04-25 17:48:30 #welcome @AyyBruh#1575: 
2018-04-25 17:52:47 #welcome @Klaus Ze Flammenwerfer#9999: 
2018-04-25 18:43:25 #welcome @damienjasonderudaf#0729: 
2018-04-25 19:45:40 #welcome @Bilbo Baggings#8585: 
2018-04-25 19:46:27 #welcome @BigArd#1120: 
2018-04-25 19:47:44 #welcome @Tremz#8456: 
2018-04-25 19:52:44 #welcome @Kray-Jake#4151: 
2018-04-25 20:02:47 #welcome @Theemboi#1333: 
2018-04-25 20:16:18 #welcome @Ethan#2531: 
2018-04-25 20:33:16 #welcome @Hunter Bowles#1797: 
2018-04-25 20:46:22 #welcome @Buckshot2988#0939: 
2018-04-25 21:15:31 #welcome @Kuhtalainen#2897: 
2018-04-25 21:38:21 #welcome @Marcus#4044: 
2018-04-25 22:49:44 #welcome @Jumbo Jimbo#9347: 
2018-04-25 23:03:02 #welcome @The Crimson Chin#1009: 
2018-04-26 00:14:23 #welcome @tvisdabest21#1356: 
2018-04-26 17:01:29 #welcome @nitay#4774: 
2018-04-26 19:14:38 #welcome @Jakechronic#9899: 
2018-04-26 19:15:57 #welcome @StrixRGB#4835: 
2018-04-26 19:55:38 #welcome @343#3825: 
2018-04-26 20:32:14 #welcome @justcory#0858: 
