2018-04-20 10:17:41 #Lobby 1 Voice channel join: magmy#4988 (id 434960451323822081), flags: self_mute
2018-04-20 10:17:50 #Lobby 1 Voice channel leave: magmy#4988 (id 434960451323822081)
2018-04-23 17:16:56 #Lobby 1 Voice channel join: rafael40o1#7545 (id 193384641854570496)
2018-04-23 17:19:13 #Lobby 1 Voice channel leave: rafael40o1#7545 (id 193384641854570496)
2018-04-23 19:01:32 #Lobby 1 Voice channel join: Klötenkalle#4817 (id 150302338832269313), flags: self_mute
2018-04-23 19:01:40 #Lobby 1 Voice channel leave: Klötenkalle#4817 (id 150302338832269313)
2018-04-24 04:07:02 #Lobby 1 Voice channel join: Jauhso#4622 (id 328435581803823107), moved from music
2018-04-24 04:07:02 #Lobby 1 Voice channel leave: Jauhso#4622 (id 328435581803823107) moving to Lobby 2
2018-04-24 12:08:24 #Lobby 1 Voice channel join: MoonDog#8132 (id 293110171658354719), moved from music, flags: self_mute
2018-04-24 12:08:26 #Lobby 1 Voice channel leave: MoonDog#8132 (id 293110171658354719) moving to Lobby 2
2018-04-25 01:45:32 #Lobby 1 Voice channel join: arturtomin#0619 (id 391977485514047489)
2018-04-25 01:45:34 #Lobby 1 Voice channel leave: arturtomin#0619 (id 391977485514047489)
2018-04-25 05:34:44 #Lobby 1 Voice channel join: theuntrusted#0528 (id 197937672382185472), flags: self_mute
2018-04-25 05:34:46 #Lobby 1 Server self-unmute: theuntrusted#0528 (id 197937672382185472)
2018-04-25 05:48:35 #Lobby 1 Voice channel leave: theuntrusted#0528 (id 197937672382185472)
2018-04-25 19:46:51 #Lobby 1 Voice channel join: Len_179#2604 (id 397086210738225153), moved from music
2018-04-25 19:57:29 #Lobby 1 Server self-mute: Len_179#2604 (id 397086210738225153)
2018-04-25 21:47:08 #Lobby 1 Voice channel leave: Len_179#2604 (id 397086210738225153)
2018-04-26 20:05:23 #Lobby 1 Voice channel join: Jakechronic#9899 (id 375366308117872641)
2018-04-26 20:06:22 #Lobby 1 Voice channel join: 343#3825 (id 210556535682629632)
2018-04-26 20:06:22 #Lobby 1 Server self-deafen: 343#3825 (id 210556535682629632)
2018-04-26 20:06:22 #Lobby 1 Server self-mute: 343#3825 (id 210556535682629632)
2018-04-26 20:06:23 #Lobby 1 Server self-undeafen: 343#3825 (id 210556535682629632)
2018-04-26 20:06:23 #Lobby 1 Server self-unmute: 343#3825 (id 210556535682629632)
2018-04-26 20:06:24 #Lobby 1 Server self-mute: 343#3825 (id 210556535682629632)
2018-04-26 20:09:07 #Lobby 1 Voice channel join: Len_179#2604 (id 397086210738225153)
2018-04-26 20:23:08 #Lobby 1 Server self-mute: Len_179#2604 (id 397086210738225153)
2018-04-26 20:33:45 #Lobby 1 Voice channel join: Matty_McD01#0041 (id 341390879455707137)
2018-04-26 20:34:26 #Lobby 1 Voice channel join: justcory#0858 (id 369492824154046475)
2018-04-26 20:34:46 #Lobby 1 Server self-mute: justcory#0858 (id 369492824154046475)
2018-04-26 20:38:08 #Lobby 1 Server self-unmute: Len_179#2604 (id 397086210738225153)
2018-04-26 20:38:09 #Lobby 1 Server self-mute: Len_179#2604 (id 397086210738225153)
2018-04-26 20:57:34 #Lobby 1 Voice channel leave: justcory#0858 (id 369492824154046475)
2018-04-26 21:27:09 #Lobby 1 Voice channel leave: Jakechronic#9899 (id 375366308117872641)
2018-04-26 21:41:38 #Lobby 1 Voice channel leave: 343#3825 (id 210556535682629632)
2018-04-26 21:41:42 #Lobby 1 Voice channel leave: Len_179#2604 (id 397086210738225153)
2018-04-26 22:26:21 #Lobby 1 Voice channel leave: Matty_McD01#0041 (id 341390879455707137)
