2018-04-24 21:27:46 this bot joined the server
2018-04-24 21:27:46 Role created: 'Synapse' (id 438451008440631308)
2018-04-24 21:27:46 Member role add: 'Synapse' role was added to @Synapse#0692
2018-04-24 21:28:11 Member join: @Ghostplay R2#1298 (id 435829986772123658)
2018-04-24 21:28:11 Member role add: 'Ghostplay R2' role was added to @Ghostplay R2#1298
2018-04-24 21:28:11 Role created: 'Ghostplay R2' (id 438451110534184961)
2018-04-24 21:28:11 Member role add: 'Ghostplay R2' role was added to @Ghostplay R2#1298
2018-04-24 21:29:28 Member role remove: The 'Music Bot' role was removed from @Music BOT#5291
2018-04-24 21:29:54 Role permissions: 'Synapse' changed from 8 to 262216
2018-04-24 21:29:54 Role renamed: 'Ghostplay R2' to 'Bots'
2018-04-24 21:30:04 Role renamed: 'Synapse' to 'Bots'
2018-04-24 21:30:42 Role color: 'Bots' changed from #000000 to #bb3e3e
2018-04-24 21:30:56 Role deleted: 'new role' (id 410178191764750348)
2018-04-24 21:31:05 Channel overwrites: All Admins and Mods Only (366713629950869524): role Music Bot (366714196496220160) removed (was 35652608, 1048576)
2018-04-24 21:31:05 Role deleted: 'Music Bot' (id 366714196496220160)
2018-04-24 21:32:02 Role renamed: 'Bots' to 'Synapse'
2018-04-24 21:32:11 Role renamed: 'Bots' to 'GP'
2018-04-24 21:33:23 Role mentionable: 'GP' is now mentionable
2018-04-24 21:33:23 Role hoist: 'GP' is now shown seperately
2018-04-24 21:33:23 Role permissions: 'GP' changed from 268520497 to 2080459967
2018-04-24 21:33:34 Role permissions: 'GP' changed from 2080459967 to 2146958591
2018-04-24 21:33:51 Role created: 'new role' (id 438452537624887316)
2018-04-24 21:34:26 Role renamed: 'new role' to 'Bots'
2018-04-24 21:34:26 Role color: 'new role' changed from #000000 to #e74c3c
2018-04-24 21:34:47 Role mentionable: 'Bots' is now mentionable
2018-04-24 21:34:47 Role hoist: 'Bots' is now shown seperately
2018-04-24 21:34:47 Role permissions: 'Bots' changed from 37080128 to 2146958591
2018-04-24 21:34:54 Member role add: 'Bots' role was added to @Fortnite Stats#2375
2018-04-24 21:34:58 Member role add: 'Bots' role was added to @Ghostplay R2#1298
2018-04-24 21:35:01 Member role add: 'Bots' role was added to @Synapse#0692
2018-04-24 21:35:06 Member role add: 'Bots' role was added to @Music BOT#5291
2018-04-24 21:35:27 Role hoist: 'Fortnite Stats' is no longer shown seperately
2018-04-24 21:35:27 Role hoist: 'GP' is no longer shown seperately
2018-04-24 21:36:21 Role position: 'Synapse' changed from 3 to 2
2018-04-24 21:36:21 Role position: 'Fortnite Stats' changed from 4 to 3
2018-04-24 21:36:21 Role position: 'My Friends' changed from 5 to 4
2018-04-24 21:36:21 Role position: 'Cringe King' changed from 6 to 5
2018-04-24 21:36:21 Role position: 'Donator' changed from 7 to 6
2018-04-24 21:36:21 Role position: 'Administrator' changed from 8 to 7
2018-04-24 21:36:21 Role position: 'Moderator' changed from 9 to 8
2018-04-24 21:36:21 Role position: 'Cringe God' changed from 10 to 9
2018-04-24 21:36:21 Role position: 'GP' changed from 2 to 10
2018-04-24 21:37:50 Member role remove: The 'Bots' role was removed from @Ghostplay R2#1298
2018-04-24 21:40:17 Role hoist: 'GP' is now shown seperately
2018-04-24 21:40:28 Role renamed: 'Cringe God' to 'Owner'
2018-04-24 21:43:12 Role color: 'Owner' changed from #2ecc71 to #bd9cb6
2018-04-24 21:43:23 Role color: 'Owner' changed from #bd9cb6 to #a4be62
2018-04-24 21:43:33 Role color: 'Owner' changed from #a4be62 to #81159d
2018-04-24 21:43:39 Role color: 'Owner' changed from #81159d to #00a1b0
2018-04-24 21:43:45 Role color: 'Owner' changed from #00a1b0 to #b5dd71
2018-04-24 21:43:56 Role color: 'Owner' changed from #b5dd71 to #441df0
2018-04-24 21:44:16 Role color: 'Owner' changed from #441df0 to #de0e73
2018-04-24 21:44:22 Role color: 'Owner' changed from #de0e73 to #797c89
2018-04-24 21:44:35 Role color: 'Owner' changed from #797c89 to #869747
2018-04-24 21:44:41 Role color: 'Owner' changed from #869747 to #f3f229
2018-04-24 21:44:48 Role color: 'Owner' changed from #f3f229 to #f3753e
2018-04-24 21:44:57 Role color: 'Owner' changed from #f3753e to #66020e
2018-04-24 21:45:04 Role color: 'Owner' changed from #66020e to #4105ee
2018-04-24 21:45:20 Role color: 'Owner' changed from #4105ee to #b6e7b1
2018-04-24 21:45:26 Role color: 'Owner' changed from #b6e7b1 to #4e909c
2018-04-24 21:45:36 Role color: 'Owner' changed from #4e909c to #bd3f07
2018-04-24 21:45:42 Role color: 'Owner' changed from #bd3f07 to #75afac
2018-04-24 21:45:53 Role color: 'Owner' changed from #75afac to #397784
2018-04-24 21:46:06 Role color: 'Owner' changed from #397784 to #eb4804
2018-04-24 21:46:25 Role color: 'Owner' changed from #eb4804 to #7f102b
2018-04-24 21:46:31 Role color: 'Owner' changed from #7f102b to #c4b0b9
2018-04-24 21:46:41 Role color: 'Owner' changed from #c4b0b9 to #57e3fa
2018-04-24 21:46:48 Role color: 'Owner' changed from #57e3fa to #cf2272
2018-04-24 21:46:58 Role color: 'Owner' changed from #cf2272 to #2929a6
2018-04-24 21:47:22 Role color: 'Owner' changed from #2929a6 to #186100
2018-04-24 21:47:29 Role color: 'Owner' changed from #186100 to #4d1b01
2018-04-24 21:47:42 Role color: 'Owner' changed from #4d1b01 to #6217ae
2018-04-24 21:47:55 Role color: 'Owner' changed from #6217ae to #6e9d60
2018-04-24 21:47:59 Role renamed: 'Owner' to 'Cringe God'
2018-04-24 21:47:59 Role color: 'Owner' changed from #6e9d60 to #6217ae
2018-04-24 21:48:01 Role renamed: 'Cringe God' to 'Owner'
2018-04-24 21:48:01 Role color: 'Cringe God' changed from #6217ae to #a1e017
2018-04-24 21:48:07 Role color: 'Owner' changed from #a1e017 to #a3eeca
2018-04-24 21:48:13 Role color: 'Owner' changed from #a3eeca to #a3c8cf
2018-04-24 21:48:19 Role color: 'Owner' changed from #a3c8cf to #92f119
2018-04-24 21:48:32 Role color: 'Owner' changed from #92f119 to #014b59
2018-04-24 21:48:39 Role color: 'Owner' changed from #014b59 to #a1cb9e
2018-04-24 21:48:45 Role color: 'Owner' changed from #a1cb9e to #49f247
2018-04-24 21:48:51 Role color: 'Owner' changed from #49f247 to #d1ca21
2018-04-24 21:48:57 Role color: 'Owner' changed from #d1ca21 to #05e85a
2018-04-24 21:49:03 Role color: 'Owner' changed from #05e85a to #08361d
2018-04-24 21:49:22 Role color: 'Owner' changed from #08361d to #913cc8
2018-04-24 21:49:28 Role color: 'Owner' changed from #913cc8 to #bcafbe
2018-04-24 21:49:38 Role deleted: 'GP' (id 438451110534184961)
2018-04-24 21:49:38 Member leave: @Ghostplay R2#1298 (id 435829986772123658)
2018-04-24 21:50:11 Role renamed: 'Owner' to 'Cringe God'
2018-04-24 21:50:11 Role color: 'Owner' changed from #bcafbe to #ff0000
2018-04-27 01:19:17 Member join: @ChaBoiAdam#2819 (id 431586333845094400)
2018-04-27 08:25:42 Member ban: @ChaBoiAdam#2819 (id 431586333845094400)
2018-04-27 08:25:43 Member leave: @ChaBoiAdam#2819 (id 431586333845094400)
