2018-05-01 18:25:45 this bot joined the server
2018-05-01 18:25:45 Role created: 'Synapse' (id 440941917405184060)
2018-05-01 18:25:45 Member role add: 'Synapse' role was added to @Synapse#0692
2018-05-01 18:26:04 Role color: 'Synapse' changed from #000000 to #00e0ff
2018-05-01 18:26:21 Member nickname: '@Synapse#0692' (id 435538622293344266) changed nickname from 'None' to 'ὄzεჯ բὄʀ ʛᾄмεṩ✅'
2018-05-01 18:26:47 Member join: @Ghostplay R2#1298 (id 435829986772123658)
2018-05-01 18:26:47 Member role add: 'Ghostplay R2' role was added to @Ghostplay R2#1298
2018-05-01 18:26:47 Role created: 'Ghostplay R2' (id 440942174746705940)
2018-05-01 18:26:47 Member role add: 'Ghostplay R2' role was added to @Ghostplay R2#1298
2018-05-01 18:26:47 Role deleted: 'Ghostplay R2' (id 440942174746705940)
2018-05-01 18:26:47 Member leave: @Ghostplay R2#1298 (id 435829986772123658)
2018-05-01 18:28:56 Member join: @PassiveBOT#2492 (id 430837105690673152)
2018-05-01 18:28:56 Member role add: 'Passive' role was added to @PassiveBOT#2492
2018-05-01 18:28:56 Role created: 'Passive' (id 440942719972671508)
2018-05-01 18:28:56 Member role add: 'Passive' role was added to @PassiveBOT#2492
2018-05-01 18:31:02 Member join: @ELO#1486 (id 430842226306842634)
2018-05-01 18:31:02 Member role add: 'ELO' role was added to @ELO#1486
2018-05-01 18:31:02 Role created: 'ELO' (id 440943247351611402)
2018-05-01 18:31:02 Member role add: 'ELO' role was added to @ELO#1486
2018-05-01 18:33:15 Role deleted: 'Passive' (id 440942719972671508)
2018-05-01 18:33:15 Member leave: @PassiveBOT#2492 (id 430837105690673152)
2018-05-01 18:33:15 Role deleted: 'ELO' (id 440943247351611402)
2018-05-01 18:33:15 Member leave: @ELO#1486 (id 430842226306842634)
2018-05-01 19:06:58 Channel position: 🎧MUSIC 🎧 moved from 9 to 8
2018-05-01 19:06:58 Channel position: Fortnite moved from 8 to 9
2018-05-01 19:07:06 Channel position: 🎧MUSIC 🎧 moved from 8 to 7
2018-05-01 19:07:06 Channel position: 😈 RUST😈 moved from 7 to 8
2018-05-01 19:07:28 Member role remove: The '@><ᏉᎥᏢ><@' role was removed from @㊖><ALKING><㊖#8020
2018-05-01 19:07:29 Member role add: 'MEMBERS' role was added to @㊖><ALKING><㊖#8020
2018-05-01 19:12:47 Member leave: @Synapse#0692 (id 435538622293344266)
2018-05-01 19:12:47 Role deleted: 'Synapse' (id 440941917405184060)
2018-05-01 19:12:47 this bot left the server
