2018-05-01 11:38:58 #me-and-mai-waifu-only @depression & obsession#9749: >lewd
2018-05-01 11:38:58 #me-and-mai-waifu-only @Miki#6045: 
2018-05-01 11:39:04 #me-and-mai-waifu-only @Miki#6045 edited message from 2018-05-01 11:38:58 () to read: 
2018-05-01 11:39:07 #me-and-mai-waifu-only @depression & obsession#9749 deleted message from 2018-05-01 11:38:58 (>lewd)
2018-05-01 11:39:10 #me-and-mai-waifu-only @Miki#6045 deleted message from 2018-05-01 11:38:58 ()
2018-05-01 12:36:43 #me-and-mai-waifu-only @depression & obsession#9749: +help
2018-05-01 12:37:03 #me-and-mai-waifu-only @depression & obsession#9749: +pickle
2018-05-01 12:37:03 #me-and-mai-waifu-only @KawaiiBot#0769: **depression & obsession**, your pickle size is **13.68cm** 🎀
2018-05-01 12:37:07 #me-and-mai-waifu-only @depression & obsession#9749 deleted message from 2018-05-01 12:37:03 (+pickle)
2018-05-01 12:37:10 #me-and-mai-waifu-only @KawaiiBot#0769 deleted message from 2018-05-01 12:37:03 (**depression & obsession**, your pickle size is **13.68cm** 🎀)
2018-05-01 12:37:22 #me-and-mai-waifu-only @depression & obsession#9749: +createpickle
2018-05-01 12:37:25 #me-and-mai-waifu-only @depression & obsession#9749 deleted message from 2018-05-01 12:37:22 (+createpickle)
2018-05-01 21:38:28 #me-and-mai-waifu-only @depression & obsession#9749: >iam
2018-05-01 21:38:28 #me-and-mai-waifu-only @Miki#6045: 
2018-05-01 21:38:29 #me-and-mai-waifu-only @Miki#6045 edited message from 2018-05-01 21:38:28 () to read: 
2018-05-01 21:38:29 #me-and-mai-waifu-only @PassiveBOT#2492: 
2018-05-01 21:38:29 #me-and-mai-waifu-only @PassiveBOT#2492 edited message from 2018-05-01 21:38:29 () to read: 
2018-05-01 21:38:51 #me-and-mai-waifu-only @depression & obsession#9749: >Iam top weaboo
2018-05-01 21:38:51 #me-and-mai-waifu-only @Miki#6045: 
2018-05-01 21:38:52 #me-and-mai-waifu-only @Miki#6045 edited message from 2018-05-01 21:38:51 () to read: 
2018-05-01 21:40:02 #me-and-mai-waifu-only @depression & obsession#9749: >iam TOP WEAABO/EDWARD
2018-05-01 21:40:02 #me-and-mai-waifu-only @Miki#6045: 
2018-05-01 21:40:02 #me-and-mai-waifu-only @Miki#6045 edited message from 2018-05-01 21:40:02 () to read: 
2018-05-01 21:47:04 #me-and-mai-waifu-only @depression & obsession#9749: >createpasta chau a nice lady who feeds yaoi to her kids
2018-05-01 21:47:12 #me-and-mai-waifu-only @depression & obsession#9749: >pasta chau
2018-05-01 21:47:12 #me-and-mai-waifu-only @Miki#6045: 
2018-05-01 21:47:12 #me-and-mai-waifu-only @Miki#6045 edited message from 2018-05-01 21:47:12 () to read: 
2018-05-01 21:47:21 #me-and-mai-waifu-only @depression & obsession#9749: >createpasta
2018-05-01 21:47:21 #me-and-mai-waifu-only @Miki#6045: 
2018-05-01 21:47:22 #me-and-mai-waifu-only @Miki#6045 edited message from 2018-05-01 21:47:21 () to read: 
2018-05-01 21:47:38 #me-and-mai-waifu-only @depression & obsession#9749: >createpasta chau a nice lady who feeds her kids yaoi
2018-05-01 21:47:43 #me-and-mai-waifu-only @depression & obsession#9749 deleted message from 2018-05-01 21:47:38 (>createpasta chau a nice lady who feeds her kids yaoi)
2018-05-01 21:47:48 #me-and-mai-waifu-only @depression & obsession#9749: >help
2018-05-01 21:47:48 #me-and-mai-waifu-only @Miki#6045: 
2018-05-01 21:47:48 #me-and-mai-waifu-only @Miki#6045 edited message from 2018-05-01 21:47:48 () to read: 
2018-05-01 21:49:10 #me-and-mai-waifu-only @depression & obsession#9749: >help createpasta
2018-05-01 21:49:11 #me-and-mai-waifu-only @Miki#6045: 
2018-05-01 21:49:11 #me-and-mai-waifu-only @Miki#6045 edited message from 2018-05-01 21:49:11 () to read: 
2018-05-01 21:49:54 #me-and-mai-waifu-only @depression & obsession#9749: >createpasta popuko-chan a nice lady who feeds her kids yaoi
2018-05-01 21:50:07 #me-and-mai-waifu-only @depression & obsession#9749: >pasta popuko-chan
2018-05-01 21:50:07 #me-and-mai-waifu-only @Miki#6045: 
2018-05-01 21:50:12 #me-and-mai-waifu-only @Miki#6045 edited message from 2018-05-01 21:50:07 () to read: 
2018-05-01 21:50:36 #me-and-mai-waifu-only @depression & obsession#9749 deleted message from 2018-05-01 21:49:54 (>createpasta popuko-chan a nice lady who feeds her kids yaoi)
