2018-04-24 22:33:07 this bot joined the server
2018-04-24 22:33:07 Role created: 'Synapse' (id 438467455317442560)
2018-04-24 22:33:07 Member role add: 'Synapse' role was added to @Synapse#0692
2018-04-24 22:36:11 Server region changed from brazil to us-south
2018-04-24 22:38:06 Role position: 'Mee6' changed from 1 to 2
2018-04-24 22:38:06 Role position: 'Bots ArteCraft' changed from 2 to 3
2018-04-24 22:38:06 Role position: 'Usuario' changed from 3 to 4
2018-04-24 22:38:06 Role position: 'MiniYT' changed from 4 to 5
2018-04-24 22:38:06 Role position: 'YouTuber' changed from 5 to 6
2018-04-24 22:38:06 Role position: 'Famoso' changed from 6 to 7
2018-04-24 22:38:06 Role position: 'Iron' changed from 7 to 8
2018-04-24 22:38:06 Role position: 'Oro' changed from 8 to 9
2018-04-24 22:38:06 Role position: 'Diamante' changed from 9 to 10
2018-04-24 22:38:06 Role position: 'Helper' changed from 10 to 11
2018-04-24 22:38:06 Role position: 'Mod' changed from 11 to 12
2018-04-24 22:38:06 Role position: 'Admin' changed from 12 to 13
2018-04-24 22:38:06 Role position: 'OWNER' changed from 13 to 14
2018-04-24 22:38:06 Role renamed: 'Synapse' to 'ArteBOT'
2018-04-24 22:38:06 Role mentionable: 'ArteBOT' is now mentionable
2018-04-24 22:38:06 Role hoist: 'ArteBOT' is now shown seperately
2018-04-24 22:38:06 Role permissions: 'Synapse' changed from 262216 to 2146958591
2018-04-24 22:38:58 Role mentionable: 'ArteBOT' is no longer mentionable
2018-04-24 22:38:58 Role hoist: 'ArteBOT' is no longer shown seperately
2018-04-24 22:43:30 Role renamed: 'ArteBOT' to 'GP-bot'
2018-04-24 22:43:39 Role position: 'Mee6' changed from 2 to 1
2018-04-24 22:43:39 Role position: 'Bots ArteCraft' changed from 3 to 2
2018-04-24 22:43:39 Role position: 'Usuario' changed from 4 to 3
2018-04-24 22:43:39 Role position: 'MiniYT' changed from 5 to 4
2018-04-24 22:43:39 Role position: 'YouTuber' changed from 6 to 5
2018-04-24 22:43:39 Role position: 'Famoso' changed from 7 to 6
2018-04-24 22:43:39 Role position: 'Iron' changed from 8 to 7
2018-04-24 22:43:39 Role position: 'Oro' changed from 9 to 8
2018-04-24 22:43:39 Role position: 'Diamante' changed from 10 to 9
2018-04-24 22:43:39 Role position: 'Helper' changed from 11 to 10
2018-04-24 22:43:39 Role position: 'Mod' changed from 12 to 11
2018-04-24 22:43:39 Role position: 'Admin' changed from 13 to 12
2018-04-24 22:43:39 Role position: 'OWNER' changed from 14 to 13
2018-04-24 22:43:39 Role position: 'GP-bot' changed from 1 to 14
2018-04-24 22:44:28 Member role add: 'OWNER' role was added to @Synapse#0692
2018-04-24 22:44:34 Member role remove: The 'OWNER' role was removed from @Synapse#0692
2018-04-24 22:46:10 Role deleted: 'GP-bot' (id 438467455317442560)
2018-04-24 22:46:10 Member leave: @Synapse#0692 (id 435538622293344266)
2018-04-24 22:46:10 this bot left the server
