2018-04-25 18:40:25 this bot joined the server
2018-04-25 18:40:25 Role created: 'Synapse' (id 438771281450631168)
2018-04-25 18:40:25 Member role add: 'Synapse' role was added to @Synapse#0692
2018-04-25 18:41:47 Role renamed: 'new role' to 'GP-bit'
2018-04-25 18:41:47 Role mentionable: 'GP-bit' is now mentionable
2018-04-25 18:41:47 Role hoist: 'GP-bit' is now shown seperately
2018-04-25 18:41:47 Role permissions: 'new role' changed from 104320065 to 2146958591
2018-04-25 18:42:01 Role renamed: 'GP-bit' to 'GP-bot'
2018-04-25 18:42:05 Role position: 'new role' changed from 3 to 2
2018-04-25 18:42:05 Role position: 'Banned For A Short Time' changed from 4 to 3
2018-04-25 18:42:05 Role position: 'RickBot' changed from 5 to 4
2018-04-25 18:42:05 Role position: 'Coinbase' changed from 6 to 5
2018-04-25 18:42:05 Role position: 'Rythm' changed from 7 to 6
2018-04-25 18:42:05 Role position: 'Unknown' changed from 8 to 7
2018-04-25 18:42:05 Role position: 'Guest' changed from 9 to 8
2018-04-25 18:42:05 Role position: 'Member' changed from 10 to 9
2018-04-25 18:42:05 Role position: '10A 11A' changed from 11 to 10
2018-04-25 18:42:05 Role position: 'EveryNoob' changed from 12 to 11
2018-04-25 18:42:05 Role position: '7A' changed from 13 to 12
2018-04-25 18:42:05 Role position: '8A' changed from 14 to 13
2018-04-25 18:42:05 Role position: 'BOTS' changed from 15 to 14
2018-04-25 18:42:05 Role position: '----CEO--of--KSGameArena----' changed from 16 to 15
2018-04-25 18:42:05 Role position: '----Founder--of--KSGameArena----' changed from 17 to 16
2018-04-25 18:42:05 Role position: 'ADMIN' changed from 18 to 17
2018-04-25 18:42:05 Role position: 'SickBoY's right hand' changed from 19 to 18
2018-04-25 18:42:05 Role position: 'KingS Right hand.' changed from 20 to 19
2018-04-25 18:42:05 Role position: 'root-Admin' changed from 21 to 20
2018-04-25 18:42:05 Role position: 'GP-bot' changed from 2 to 21
2018-04-25 18:42:39 Member role add: 'GP-bot' role was added to @Synapse#0692
2018-04-25 18:44:41 Member role remove: The '----CEO--of--KSGameArena----' role was removed from @-SickBoY-#0400
2018-04-25 18:44:43 Member role remove: The '----Founder--of--KSGameArena----' role was removed from @-SickBoY-#0400
2018-04-25 18:45:09 Role renamed: 'root-Admin' to 'root-admin'
2018-04-25 18:46:11 Role mentionable: 'Synapse' is now mentionable
2018-04-25 18:46:11 Role hoist: 'Synapse' is now shown seperately
2018-04-25 18:46:11 Role permissions: 'Synapse' changed from 8 to 2146958591
2018-04-25 18:47:39 Member role remove: The 'GP-bot' role was removed from @Synapse#0692
2018-04-25 18:47:39 Role deleted: 'GP-bot' (id 422092205931364352)
2018-04-25 18:47:45 Role mentionable: 'Synapse' is no longer mentionable
2018-04-25 18:47:45 Role hoist: 'Synapse' is no longer shown seperately
2018-04-25 18:47:45 Role permissions: 'Synapse' changed from 2146958591 to 2146958455
2018-04-25 18:47:49 Role permissions: 'Synapse' changed from 2146958455 to 1878522949
2018-04-25 18:47:52 Role permissions: 'Synapse' changed from 1878522949 to 1677196352
2018-04-25 18:47:58 Role deleted: 'Synapse' (id 438771281450631168)
2018-04-25 18:47:58 Member leave: @Synapse#0692 (id 435538622293344266)
2018-04-25 18:47:58 this bot left the server
