2018-04-22 22:07:20 #bot-commands @Lilly#5266: .asar
2018-04-22 22:07:29 #bot-commands @Lilly#5266 deleted message from 2018-04-22 22:07:20 (.asar)
2018-04-22 22:08:54 #bot-commands @Lilly#5266: .iam Scotty&Lilly
2018-04-22 22:08:54 #bot-commands @Nadeko#6685: 
2018-04-22 22:08:54 #bot-commands @Nadeko#6685 edited message from 2018-04-22 22:08:54 () to read: 
2018-04-22 22:08:54 #bot-commands @Synapse#0692: 
2018-04-22 22:08:54 #bot-commands @Synapse#0692 edited message from 2018-04-22 22:08:54 () to read: 
2018-04-22 22:09:02 #bot-commands @Lilly#5266: .asar
2018-04-22 22:09:09 #bot-commands @Lilly#5266: .asar
2018-04-22 22:09:13 #bot-commands @Lilly#5266: Boi
2018-04-22 22:09:14 #bot-commands @Lilly#5266: -_-
2018-04-22 22:09:41 #bot-commands @Lilly#5266: .h
2018-04-22 22:10:20 #bot-commands @Lilly#5266: .asar
2018-04-22 22:10:24 #bot-commands @Lilly#5266: .modules
2018-04-22 22:10:25 #bot-commands @Nadeko#6685: 
2018-04-22 22:10:25 #bot-commands @Nadeko#6685 edited message from 2018-04-22 22:10:25 () to read: 
2018-04-22 22:10:25 #bot-commands @Dyno#3861: 
2018-04-22 22:10:25 #bot-commands @Synapse#0692: 
2018-04-22 22:10:25 #bot-commands @Synapse#0692 edited message from 2018-04-22 22:10:25 () to read: 
2018-04-22 22:10:25 #bot-commands @Dyno#3861 edited message from 2018-04-22 22:10:25 () to read: 
2018-04-22 22:10:55 #bot-commands @Lilly#5266: !@$~$
2018-04-22 22:19:27 #bot-commands @Lilly#5266: !getroles
2018-04-22 22:19:35 #bot-commands @Lilly#5266 deleted message from 2018-04-22 22:19:27 (!getroles)
