2018-04-28 08:41:23 #general @iJuloeh#1221: .-.
2018-04-28 08:41:40 #general @iJuloeh#1221: Look at their rank.
2018-04-28 08:41:42 #general @iJuloeh#1221: 😃
2018-04-28 08:41:45 #general @iJuloeh#1221: ranks*
2018-04-28 08:42:11 #general @Doqty [Kevin]#8836: ?
2018-04-28 16:25:03 #general @bitch breaker#4373: Can anyone add me to team create Iwolfie_I
2018-04-28 16:25:42 #general @bitch breaker#4373: @Juloh.
2018-05-01 12:11:05 #general @iJuloeh#1221: Sure.
2018-05-01 12:11:13 #general @iJuloeh#1221: @ThomasGT20
2018-05-01 12:11:17 #general @iJuloeh#1221: @Trino.
2018-05-01 14:31:06 #general @iJuloeh#1221: @Doqty [Kevin]
2018-05-01 14:31:07 #general @iJuloeh#1221: Wdj?
2018-05-01 14:31:29 #general @Doqty [Kevin]#8836: bezig met het alarm xD
2018-05-01 14:32:12 #general @iJuloeh#1221: xD
2018-05-01 14:32:17 #general @iJuloeh#1221: Oke
2018-05-01 14:32:27 #general @iJuloeh#1221: Fix ook ff dat ie UIT kan
2018-05-01 15:09:16 #general @iJuloeh#1221: en?
2018-05-01 15:09:18 #general @iJuloeh#1221: @Doqty [Kevin]
2018-05-01 15:10:49 #general @Doqty [Kevin]#8836: bijna
2018-05-01 15:10:56 #general @iJuloeh#1221: Nice
2018-05-01 15:11:02 #general @iJuloeh#1221: Heb je ook gefixt dat ie uit kan?
2018-05-01 15:11:11 #general @iJuloeh#1221: Dat kut alarm
2018-05-01 15:11:12 #general @iJuloeh#1221: xD
2018-05-01 15:11:18 #general @Doqty [Kevin]#8836: ff kijken
2018-05-01 15:11:20 #general @iJuloeh#1221: k
2018-05-01 15:13:21 #general @iJuloeh#1221: top
2018-05-01 15:13:24 #general @iJuloeh#1221: helemaal prachtig
2018-05-01 15:13:26 #general @iJuloeh#1221: kevskii
2018-05-01 15:31:03 #general @iJuloeh#1221: @Doqty [Kevin]
2018-05-01 15:31:07 #general @iJuloeh#1221: Hoever ben je
2018-05-01 15:31:18 #general @Doqty [Kevin]#8836: ik ben de manier vergeten xD
2018-05-01 15:31:21 #general @iJuloeh#1221: XD
2018-05-01 15:31:24 #general @iJuloeh#1221: Opzoekuhhh
2018-05-01 15:31:26 #general @iJuloeh#1221: ;-;
2018-05-01 15:37:45 #general @iJuloeh#1221: https://www.roblox.com/games/1061121258/Moonrise-Hotels-UNDER-CONSTRUCTION
2018-05-01 15:37:46 #general @iJuloeh#1221 edited message from 2018-05-01 15:37:45 (https://www.roblox.com/games/1061121258/Moonrise-Hotels-UNDER-CONSTRUCTION) to read: https://www.roblox.com/games/1061121258/Moonrise-Hotels-UNDER-CONSTRUCTION
2018-05-01 16:16:12 #general @[NBC HATER] bootje2005ツ#3184: @iJuloeh  Gejoined voeg me toe aan studio
2018-05-01 16:17:44 #general @iJuloeh#1221: Oke
2018-05-01 16:19:39 #general @iJuloeh#1221: @[A] Nick
2018-05-01 16:19:43 #general @iJuloeh#1221: @[NBC HATER] bootje2005ツ Accet
2018-05-01 16:19:44 #general @iJuloeh#1221: Accept*
2018-05-01 16:21:18 #general @[NBC HATER] bootje2005ツ#3184: Wat
2018-05-01 16:21:19 #general @Nick_0592x Lekker ding <3 xD#1307: Wat is dr?
2018-05-01 16:21:23 #general @iJuloeh#1221: Niks
2018-05-01 16:21:28 #general @iJuloeh#1221: Accept friend request bootje
2018-05-01 16:21:33 #general @[NBC HATER] bootje2005ツ#3184: Ok
2018-05-01 16:21:36 #general @Nick_0592x Lekker ding <3 xD#1307: Jul
2018-05-01 16:21:49 #general @iJuloeh#1221: Yeah?
2018-05-01 16:21:55 #general @iJuloeh#1221: Wat ist
2018-05-01 16:21:58 #general @Nick_0592x Lekker ding <3 xD#1307: Kom zo call
2018-05-01 16:22:03 #general @iJuloeh#1221: K zit al
2018-05-01 16:22:04 #general @iJuloeh#1221: Maar isgoe
2018-05-01 16:22:06 #general @[NBC HATER] bootje2005ツ#3184: Gedaan
2018-05-01 16:22:10 #general @iJuloeh#1221: Nice
2018-05-01 16:22:12 #general @iJuloeh#1221: Dan kan ik je adden
2018-05-01 16:22:19 #general @[NBC HATER] bootje2005ツ#3184: Isg
2018-05-01 16:22:35 #general @Nick_0592x Lekker ding <3 xD#1307: Lol t stinkt hier naar wiet
2018-05-01 16:22:40 #general @iJuloeh#1221: XD
2018-05-01 16:22:49 #general @Nick_0592x Lekker ding <3 xD#1307:  (attachment url(s): https://cdn.discordapp.com/attachments/435809908667973634/440910980998758403/video.mov)
2018-05-01 16:22:56 #general @iJuloeh#1221: oml
2018-05-01 16:22:57 #general @iJuloeh#1221: lol
2018-05-01 16:23:01 #general @Nick_0592x Lekker ding <3 xD#1307: Xd
2018-05-01 16:23:04 #general @iJuloeh#1221: wtf
2018-05-01 16:23:09 #general @iJuloeh#1221: Weer met zn jbl
2018-05-01 16:23:12 #general @iJuloeh#1221: JBL-Verslaafde
2018-05-01 16:23:12 #general @iJuloeh#1221: XD
2018-05-01 16:23:17 #general @Nick_0592x Lekker ding <3 xD#1307: Xd
2018-05-01 16:23:19 #general @Nick_0592x Lekker ding <3 xD#1307: Hjb xddd
2018-05-01 16:23:23 #general @iJuloeh#1221: XDDDD
2018-05-01 16:23:31 #general @iJuloeh#1221: Ragequitted
2018-05-01 16:23:32 #general @iJuloeh#1221: xD
2018-05-01 16:23:39 #general @Nick_0592x Lekker ding <3 xD#1307: Bro k liet m net vallen
2018-05-01 16:23:52 #general @iJuloeh#1221: LEKKER VOOR JE
2018-05-01 16:23:57 #general @Nick_0592x Lekker ding <3 xD#1307: Xd
2018-05-01 16:24:21 #general @[NBC HATER] bootje2005ツ#3184: @iJuloeh  als de wereld klaar is mag ik dan staff
2018-05-01 16:24:26 #general @iJuloeh#1221: ja
2018-05-01 16:24:30 #general @iJuloeh#1221: Isg
2018-05-01 16:24:31 #general @iJuloeh#1221: Maar
2018-05-01 16:24:35 #general @iJuloeh#1221: K heb je geadd
2018-05-01 16:24:36 #general @Nick_0592x Lekker ding <3 xD#1307:  (attachment url(s): https://cdn.discordapp.com/attachments/435809908667973634/440911427939729439/video.mov)
2018-05-01 16:24:36 #general @iJuloeh#1221: enbtw
2018-05-01 16:24:45 #general @iJuloeh#1221: Je amsterdam 2.0 game ziet dr echt vet uit
2018-05-01 16:24:53 #general @Nick_0592x Lekker ding <3 xD#1307: Ja
2018-05-01 16:24:53 #general @iJuloeh#1221: afk.
2018-05-01 16:24:55 #general @Nick_0592x Lekker ding <3 xD#1307: Dankje
2018-05-01 16:24:59 #general @Nick_0592x Lekker ding <3 xD#1307: Xd
2018-05-01 16:25:19 #general @[NBC HATER] bootje2005ツ#3184: Thnx
2018-05-01 16:26:20 #general @Nick_0592x Lekker ding <3 xD#1307: Wie wil geneukt worden?
2018-05-01 16:26:25 #general @Nick_0592x Lekker ding <3 xD#1307: Bel dan de sex lijn
2018-05-01 16:26:31 #general @Nick_0592x Lekker ding <3 xD#1307: Srry ben druk
2018-05-01 16:30:40 #general @Nick_0592x Lekker ding <3 xD#1307: Lol
2018-05-01 16:36:21 #general @Nick_0592x Lekker ding <3 xD#1307: @iJuloeh Hi
2018-05-01 16:41:17 #general @iJuloeh#1221: XDD
2018-05-01 16:41:19 #general @iJuloeh#1221: EWAA
2018-05-01 16:41:29 #general @Doqty [Kevin]#8836: ewa
2018-05-01 16:42:00 #general @Nick_0592x Lekker ding <3 xD#1307: 
2018-05-01 16:42:20 #general @Nick_0592x Lekker ding <3 xD#1307: Wat vind je hier van? (attachment url(s): https://cdn.discordapp.com/attachments/435809908667973634/440915893162344450/dji-inspire-1-a.png)
2018-05-01 16:42:27 #general @Nick_0592x Lekker ding <3 xD#1307: heb k  besteld XD
2018-05-01 16:42:30 #general @Nick_0592x Lekker ding <3 xD#1307: NEE GRAPJE
2018-05-01 16:49:09 #general @Eh?#4373: ....................
2018-05-01 17:03:52 #general @iJuloeh#1221: .........................
2018-05-01 17:03:53 #general @iJuloeh#1221: @Doqty [Kevin]
2018-05-01 17:03:55 #general @iJuloeh#1221: Call?
2018-05-01 17:04:22 #general @Doqty [Kevin]#8836: ok
2018-05-01 17:04:56 #general @iJuloeh#1221: Kom build channel
2018-05-01 17:17:12 #general @iJuloeh#1221: @Moonrise-Staff If ya gonna build join Build Channel at Staff-Only category.
2018-05-01 17:17:39 #general @Wh0 L3t th3 d0gs 0ut wh0#4986: aha found it
2018-05-01 17:17:50 #general @Wh0 L3t th3 d0gs 0ut wh0#4986: IS THAT UR VOICE?
2018-05-01 17:18:59 #general @Wh0 L3t th3 d0gs 0ut wh0#4986: juliann cant u speak englishh?
2018-05-01 17:19:05 #general @iJuloeh#1221: i can
2018-05-01 17:19:06 #general @Wh0 L3t th3 d0gs 0ut wh0#4986: say s
2018-05-01 17:19:18 #general @Wh0 L3t th3 d0gs 0ut wh0#4986: wait no
2018-05-01 17:19:25 #general @Wh0 L3t th3 d0gs 0ut wh0#4986: Say A sentence
2018-05-01 17:19:53 #general @Wh0 L3t th3 d0gs 0ut wh0#4986: okk immaleave the call i wanna listen to my game moosic
2018-05-01 17:20:00 #general @Wh0 L3t th3 d0gs 0ut wh0#4986: byez
2018-05-01 17:20:48 #general @iJuloeh#1221: ok
2018-05-01 17:32:11 #general @Eh?#4373: I am here?
2018-05-01 17:32:22 #general @Wh0 L3t th3 d0gs 0ut wh0#4986: hi
2018-05-01 17:32:35 #general @Eh?#4373: How do I join the call?
2018-05-01 17:32:49 #general @Wh0 L3t th3 d0gs 0ut wh0#4986: scroll down
2018-05-01 17:32:54 #general @Wh0 L3t th3 d0gs 0ut wh0#4986: on the channels
2018-05-01 17:33:01 #general @Wh0 L3t th3 d0gs 0ut wh0#4986: it says build c hannel then click
2018-05-01 17:33:24 #general @Eh?#4373: no ones talking
2018-05-01 17:33:43 #general @Wh0 L3t th3 d0gs 0ut wh0#4986: no
2018-05-01 17:33:46 #general @Wh0 L3t th3 d0gs 0ut wh0#4986: i cant talk on any
2018-05-01 17:33:47 #general @Wh0 L3t th3 d0gs 0ut wh0#4986: c;
2018-05-01 17:33:53 #general @iJuloeh#1221: lol
2018-05-01 17:33:54 #general @Wh0 L3t th3 d0gs 0ut wh0#4986: ciao now
2018-05-01 17:36:17 #general @Wh0 L3t th3 d0gs 0ut wh0#4986: STICHESS
2018-05-01 17:36:19 #general @Wh0 L3t th3 d0gs 0ut wh0#4986: ALKAL;D,A
2018-05-01 17:36:19 #general @Wh0 L3t th3 d0gs 0ut wh0#4986: D
2018-05-01 17:36:19 #general @Wh0 L3t th3 d0gs 0ut wh0#4986: AS
2018-05-01 17:36:20 #general @Wh0 L3t th3 d0gs 0ut wh0#4986: D
2018-05-01 17:36:20 #general @Wh0 L3t th3 d0gs 0ut wh0#4986: A
2018-05-01 17:36:21 #general @Wh0 L3t th3 d0gs 0ut wh0#4986: ADS
2018-05-01 17:36:22 #general @Eh?#4373: Ilikedogsalottt
2018-05-01 17:36:25 #general @Wh0 L3t th3 d0gs 0ut wh0#4986: ??
2018-05-01 18:03:24 #general @[NBC HATER] bootje2005ツ#3184: @iJuloeh  ik ga nu bouwen aan game
2018-05-01 18:03:36 #general @iJuloeh#1221: ok
2018-05-01 18:03:54 #general @[NBC HATER] bootje2005ツ#3184: wat kan er nog gedaan worden
2018-05-01 18:04:03 #general @iJuloeh#1221: Er moet water om het hotel heen komen
2018-05-01 18:04:18 #general @[NBC HATER] bootje2005ツ#3184: Ga ik regelen
2018-05-01 18:04:33 #general @iJuloeh#1221: Oke!
2018-05-01 18:05:15 #general @[NBC HATER] bootje2005ツ#3184: Klik daarop dan kan ik met je chatten in studio (attachment url(s): https://cdn.discordapp.com/attachments/435809908667973634/440936757861548032/Aantekening.png)
2018-05-01 18:05:38 #general @iJuloeh#1221: Done
2018-05-01 18:20:10 #general @!Ger-bluetastiqYT#0517: @iJuloeh mag ik Co owner?
2018-05-01 18:20:15 #general @!Ger-bluetastiqYT#0517: Weer
2018-05-01 18:20:21 #general @iJuloeh#1221: Ok
2018-05-01 18:20:32 #general @iJuloeh#1221: Game is bijna af @!Ger-bluetastiqYT
2018-05-01 18:20:56 #general @!Ger-bluetastiqYT#0517: En staff rank?
2018-05-01 18:21:10 #general @iJuloeh#1221: Done
2018-05-01 18:21:17 #general @iJuloeh#1221: Je moet in de groep zitten voor perms ingame
2018-05-01 18:21:20 #general @iJuloeh#1221: unblock me ff prive ofzo
2018-05-01 18:21:22 #general @iJuloeh#1221: xD
2018-05-01 18:22:11 #general @!Ger-bluetastiqYT#0517: Ik kan niet typen in announcements
2018-05-01 18:22:15 #general @[NBC HATER] bootje2005ツ#3184: @iJuloeh  en wat vind je van de bomen
2018-05-01 18:22:26 #general @iJuloeh#1221: Nice
2018-05-01 18:22:34 #general @!Ger-bluetastiqYT#0517: 😑
2018-05-01 18:22:51 #general @!Ger-bluetastiqYT#0517: Ik kan niet typen in announcements
2018-05-01 18:22:51 #general @iJuloeh#1221: xD
2018-05-01 18:22:56 #general @iJuloeh#1221: Lol
2018-05-01 18:22:57 #general @iJuloeh#1221: fix k wel ff
2018-05-01 18:23:01 #general @iJuloeh#1221: De game is bijna klaar
2018-05-01 18:23:02 #general @Wh0 L3t th3 d0gs 0ut wh0#4986: JULIAN
2018-05-01 18:23:07 #general @Wh0 L3t th3 d0gs 0ut wh0#4986: JOINT HE FUCKING CALL
2018-05-01 18:23:08 #general @iJuloeh#1221: 1 ding testen en dan kan ie open
2018-05-01 18:23:09 #general @iJuloeh#1221: 😄
2018-05-01 18:23:12 #general @iJuloeh#1221: YEAH WAIT
2018-05-01 18:23:14 #general @iJuloeh#1221: IM IN CALL WITH KEVIN
2018-05-01 18:23:15 #general @iJuloeh#1221: lol
2018-05-01 18:23:17 #general @!Ger-bluetastiqYT#0517: 😎
2018-05-01 18:23:44 #general @!Ger-bluetastiqYT#0517: NO SWEARNING!
2018-05-01 18:24:00 #general @!Ger-bluetastiqYT#0517 edited message from 2018-05-01 18:23:44 (NO SWEARNING!) to read: NO SWEARNING! @Ayo
2018-05-01 18:24:16 #general @!Ger-bluetastiqYT#0517: With fucking!
2018-05-01 18:24:27 #general @Wh0 L3t th3 d0gs 0ut wh0#4986: i can swear
2018-05-01 18:24:28 #general @Wh0 L3t th3 d0gs 0ut wh0#4986: ok
2018-05-01 18:24:31 #general @Wh0 L3t th3 d0gs 0ut wh0#4986: i can swear
2018-05-01 18:24:48 #general @!Ger-bluetastiqYT#0517: Okay
2018-05-01 18:25:02 #general @!Ger-bluetastiqYT#0517: Than not here!
2018-05-01 18:25:11 #general @Wh0 L3t th3 d0gs 0ut wh0#4986: who do u think u r
2018-05-01 18:25:14 #general @Wh0 L3t th3 d0gs 0ut wh0#4986: telling me
2018-05-01 18:25:14 #general @Nick_0592x Lekker ding <3 xD#1307: Fakka
2018-05-01 18:25:18 #general @Wh0 L3t th3 d0gs 0ut wh0#4986: that i cant swear
2018-05-01 18:25:29 #general @Nick_0592x Lekker ding <3 xD#1307: Hi
2018-05-01 18:25:30 #general @[NBC HATER] bootje2005ツ#3184: @iJuloeh  komen er ook teams?
2018-05-01 18:25:32 #general @!Ger-bluetastiqYT#0517: Last warn
2018-05-01 18:25:34 #general @iJuloeh#1221: Nee
2018-05-01 18:25:37 #general @Wh0 L3t th3 d0gs 0ut wh0#4986: .
2018-05-01 18:25:38 #general @[NBC HATER] bootje2005ツ#3184: Okie
2018-05-01 18:25:38 #general @iJuloeh#1221: Want we hebben een groep met ranks
2018-05-01 18:25:39 #general @Wh0 L3t th3 d0gs 0ut wh0#4986: Julian
2018-05-01 18:25:42 #general @iJuloeh#1221: En daarmee heb je perms
2018-05-01 18:25:45 #general @[NBC HATER] bootje2005ツ#3184: ow kan ik die joinen
2018-05-01 18:25:45 #general @Wh0 L3t th3 d0gs 0ut wh0#4986: Julian am i allowed to swear
2018-05-01 18:25:49 #general @iJuloeh#1221: no.
2018-05-01 18:25:51 #general @Wh0 L3t th3 d0gs 0ut wh0#4986: wot
2018-05-01 18:25:55 #general @[NBC HATER] bootje2005ツ#3184: stuur link van die game
2018-05-01 18:25:58 #general @Wh0 L3t th3 d0gs 0ut wh0#4986: u swear ur self
2018-05-01 18:25:59 #general @[NBC HATER] bootje2005ツ#3184: en groep
2018-05-01 18:26:02 #general @Nick_0592x Lekker ding <3 xD#1307: Ruzie?
2018-05-01 18:26:02 #general @iJuloeh#1221: https://www.roblox.com/games/1061121258/Moonrise-Hotels-UNDER-CONSTRUCTION
2018-05-01 18:26:03 #general @iJuloeh#1221 edited message from 2018-05-01 18:26:02 (https://www.roblox.com/games/1061121258/Moonrise-Hotels-UNDER-CONSTRUCTION) to read: https://www.roblox.com/games/1061121258/Moonrise-Hotels-UNDER-CONSTRUCTION
2018-05-01 18:26:04 #general @iJuloeh#1221: https://www.roblox.com/games/1061121258/Moonrise-Hotels-UNDER-CONSTRUCTION
2018-05-01 18:26:04 #general @iJuloeh#1221: https://www.roblox.com/games/1061121258/Moonrise-Hotels-UNDER-CONSTRUCTION
2018-05-01 18:26:05 #general @iJuloeh#1221: https://www.roblox.com/games/1061121258/Moonrise-Hotels-UNDER-CONSTRUCTION
2018-05-01 18:26:06 #general @iJuloeh#1221: https://www.roblox.com/games/1061121258/Moonrise-Hotels-UNDER-CONSTRUCTION
2018-05-01 18:26:14 #general @Nick_0592x Lekker ding <3 xD#1307: Is dr ruzie?
2018-05-01 18:26:19 #general @!Ger-bluetastiqYT#0517: Niet spammen
2018-05-01 18:26:21 #general @iJuloeh#1221: Nein
2018-05-01 18:26:22 #general @Wh0 L3t th3 d0gs 0ut wh0#4986: stop spaming
2018-05-01 18:26:31 #general @iJuloeh#1221: SOZ
2018-05-01 18:26:32 #general @iJuloeh#1221: lol
2018-05-01 18:26:36 #general @Nick_0592x Lekker ding <3 xD#1307: Xd
2018-05-01 18:26:59 #general @iJuloeh#1221: https://www.roblox.com/My/Groups.aspx?gid=3491176
2018-05-01 18:27:00 #general @iJuloeh#1221 edited message from 2018-05-01 18:26:59 (https://www.roblox.com/My/Groups.aspx?gid=3491176) to read: https://www.roblox.com/My/Groups.aspx?gid=3491176
2018-05-01 18:27:20 #general @Nick_0592x Lekker ding <3 xD#1307: Xd
2018-05-01 18:27:26 #general @!Ger-bluetastiqYT#0517: Jul maak ff invite voor de game in het engels
2018-05-01 18:27:36 #general @Nick_0592x Lekker ding <3 xD#1307: Hjb
2018-05-01 18:27:39 #general @Nick_0592x Lekker ding <3 xD#1307: Xddd
2018-05-01 18:27:40 #general @iJuloeh#1221: Oke
2018-05-01 18:27:43 #general @Nick_0592x Lekker ding <3 xD#1307: K ben druk
2018-05-01 18:27:54 #general @[NBC HATER] bootje2005ツ#3184: is het deze (attachment url(s): https://cdn.discordapp.com/attachments/435809908667973634/440942458000637962/Aantekeningddd.png)
2018-05-01 18:27:59 #general @iJuloeh#1221: ?warn @[A] Nick Swearing is not allowed.
2018-05-01 18:28:00 #general @Nick_0592x Lekker ding <3 xD#1307: Ja
2018-05-01 18:28:05 #general @Nick_0592x Lekker ding <3 xD#1307: Xddd
2018-05-01 18:28:06 #general @Nick_0592x Lekker ding <3 xD#1307: Lol
2018-05-01 18:28:17 #general @iJuloeh#1221: !warn @[A] Nick Swearing is not allowed.
2018-05-01 18:28:17 #general @Synapse#0692: ```\n!warn <user> [reason]\n\nWarns the user - At 3 warnings the user gets kicked\n\nThank you, 26, for the modlog\n\n```
2018-05-01 18:28:22 #general @[NBC HATER] bootje2005ツ#3184: ijuloeh
2018-05-01 18:28:25 #general @Nick_0592x Lekker ding <3 xD#1307: Lol
2018-05-01 18:28:31 #general @iJuloeh#1221: warn @[A] Nick  Swearing is not allowed.
2018-05-01 18:28:34 #general @iJuloeh#1221: OMG
2018-05-01 18:28:35 #general @[NBC HATER] bootje2005ツ#3184: is dat de goede groep zo ja maak me staff
2018-05-01 18:28:36 #general @Nick_0592x Lekker ding <3 xD#1307: Gg
2018-05-01 18:28:37 #general @!Ger-bluetastiqYT#0517: Wanneer is de game klaar?
2018-05-01 18:28:43 #general @Wh0 L3t th3 d0gs 0ut wh0#4986: .
2018-05-01 18:28:45 #general @iJuloeh#1221: Vandaag wss
2018-05-01 18:28:46 #general @[NBC HATER] bootje2005ツ#3184: is dat de goede groep zo ja maak me staff
2018-05-01 18:28:49 #general @!Ger-bluetastiqYT#0517: Ok
2018-05-01 18:28:56 #general @Wh0 L3t th3 d0gs 0ut wh0#4986: if he keeps swearing just kick him lol
2018-05-01 18:29:01 #general @iJuloeh#1221: ;-;
2018-05-01 18:29:07 #general @[NBC HATER] bootje2005ツ#3184: jul
2018-05-01 18:29:26 #general @Wh0 L3t th3 d0gs 0ut wh0#4986: kevin the minion (attachment url(s): https://cdn.discordapp.com/attachments/435809908667973634/440942843956297728/Z.png)
2018-05-01 18:29:40 #general @Wh0 L3t th3 d0gs 0ut wh0#4986: 😃
2018-05-01 18:29:43 #general @[NBC HATER] bootje2005ツ#3184: is dat die goede groep die ik stuurde en kan ik nog iets doen @iJuloeh
2018-05-01 18:29:56 #general @Wh0 L3t th3 d0gs 0ut wh0#4986: is every one here dutch?
2018-05-01 18:29:59 #general @[NBC HATER] bootje2005ツ#3184: no
2018-05-01 18:30:04 #general @[NBC HATER] bootje2005ツ#3184: not everyone
2018-05-01 18:30:05 #general @Wh0 L3t th3 d0gs 0ut wh0#4986: gr8
2018-05-01 18:30:12 #general @Wh0 L3t th3 d0gs 0ut wh0#4986: O JEE
2018-05-01 18:30:18 #general @[NBC HATER] bootje2005ツ#3184: is dat die goede groep die ik stuurde en kan ik nog iets doen @iJuloeh
2018-05-01 18:30:18 #general @Wh0 L3t th3 d0gs 0ut wh0#4986: JULIAN CALM DOWN
2018-05-01 18:30:26 #general @Wh0 L3t th3 d0gs 0ut wh0#4986: EVEN THO KEVINS GOT YO BANNANA (attachment url(s): https://cdn.discordapp.com/attachments/435809908667973634/440943096134500372/Z.png)
2018-05-01 18:30:38 #general @[NBC HATER] bootje2005ツ#3184: is dat die goede groep die ik stuurde en kan ik nog iets doen @iJuloeh
2018-05-01 18:30:46 #general @Wh0 L3t th3 d0gs 0ut wh0#4986: julian
2018-05-01 18:30:48 #general @Wh0 L3t th3 d0gs 0ut wh0#4986: julian
2018-05-01 18:30:53 #general @Wh0 L3t th3 d0gs 0ut wh0#4986: jul
2018-05-01 18:30:54 #general @Wh0 L3t th3 d0gs 0ut wh0#4986: julie
2018-05-01 18:31:53 #general @Wh0 L3t th3 d0gs 0ut wh0#4986: JULIAN
2018-05-01 18:31:58 #general @Wh0 L3t th3 d0gs 0ut wh0#4986: @iJuloeh
2018-05-01 18:32:09 #general @Wh0 L3t th3 d0gs 0ut wh0#4986: Did kevin take ur banana?
2018-05-01 18:32:11 #general @Wh0 L3t th3 d0gs 0ut wh0#4986:  (attachment url(s): https://cdn.discordapp.com/attachments/435809908667973634/440943536565911564/Z.png)
2018-05-01 18:32:16 #general @Wh0 L3t th3 d0gs 0ut wh0#4986: lol
2018-05-01 18:32:20 #general @Wh0 L3t th3 d0gs 0ut wh0#4986: JULIANNNNNNNNNNNNNNNNNNNNNNNNNNNNNNNNNNN
2018-05-01 18:32:21 #general @Wh0 L3t th3 d0gs 0ut wh0#4986: NNNNNNNNN
2018-05-01 18:32:22 #general @Wh0 L3t th3 d0gs 0ut wh0#4986: N
2018-05-01 18:32:22 #general @Wh0 L3t th3 d0gs 0ut wh0#4986: N
2018-05-01 18:32:23 #general @Wh0 L3t th3 d0gs 0ut wh0#4986: N
2018-05-01 18:32:23 #general @Wh0 L3t th3 d0gs 0ut wh0#4986: N
2018-05-01 18:33:54 #general @iJuloeh#1221: Stop spamming.
2018-05-01 18:46:26 #general @Eh?#4373: YES U PEICE OF SHIT NICK!
2018-05-01 18:46:35 #general @iJuloeh#1221: XD
2018-05-01 18:46:38 #general @iJuloeh#1221: Join game 😃
2018-05-01 18:46:38 #general @Eh?#4373: Sorry,
2018-05-01 18:46:49 #general @Eh?#4373: Okay
2018-05-01 18:46:55 #general @Eh?#4373: I'll be on for 5 mins 😄
2018-05-01 18:47:18 #general @[NBC HATER] bootje2005ツ#3184: sorry guys i can not join
2018-05-01 18:47:22 #general @iJuloeh#1221: ;_;
2018-05-01 18:47:26 #general @iJuloeh#1221: Ok, no problemo
2018-05-01 18:47:34 #general @[NBC HATER] bootje2005ツ#3184: tommorow going i do it again
2018-05-01 18:48:29 #general @iJuloeh#1221: k
2018-05-01 19:53:37 #general @[NBC HATER] bootje2005ツ#3184: @iJuloeh  may I have the rank @Head Security.
2018-05-02 15:41:39 #general @[NBC HATER] bootje2005ツ#3184: @iJuloeh  may I have the rank @Head Security.
2018-05-02 15:52:46 #general @iJuloeh#1221: Idk.
2018-05-02 20:12:04 #general @[NBC HATER] bootje2005ツ#3184: @iJuloeh  mag het
2018-05-02 20:12:43 #general @Nick_0592x Lekker ding <3 xD#1307: Ben je dom ofzo hij zegt idk
2018-05-02 20:12:45 #general @iJuloeh#1221: Stop ff met vragen
2018-05-02 20:12:50 #general @iJuloeh#1221: Anders mag t sws niet
2018-05-03 08:01:28 #general @[NBC HATER] bootje2005ツ#3184: En eh @[A] Nick  ik ben niet dom en jij bent geen  lekker ding
2018-05-03 08:03:56 #general @iJuloeh#1221: XD
2018-05-03 08:04:16 #general @iJuloeh#1221: Heb je hem al in reallife n keer gezien dan?
2018-05-03 08:05:48 #general @Nick_0592x Lekker ding <3 xD#1307: Echt he
2018-05-03 08:06:01 #general @Nick_0592x Lekker ding <3 xD#1307: K  ben kapot lekker xd
2018-05-03 08:06:55 #general @iJuloeh#1221: xd
