2018-04-27 20:30:46 this bot joined the server
2018-04-27 20:30:47 Role created: 'Synapse' (id 439523824329949184)
2018-04-27 20:30:47 Member role add: 'Synapse' role was added to @Synapse#0692
2018-04-28 08:21:09 Member username: '@Nico Fan ❤ (Julian)#1221' (id 246983234003402753) changed username from 'Nico Fan ❤ (Julian)' to 'iJuloeh'
2018-04-28 16:28:15 Member nickname: '@iJuloeh#1221' (id 246983234003402753) changed nickname from 'Juloh.' to 'None'
2018-04-30 15:38:12 Member username: '@bitch breaker#4373' (id 414533326179794954) changed username from 'bitch breaker' to 'Eh?'
2018-04-30 20:20:17 Member username: '@Nick_0592x#1307' (id 344229691282161665) changed username from 'Nick_0592x' to 'Nick_0592x Lekker ding xD'
2018-04-30 20:20:39 Member username: '@Nick_0592x Lekker ding xD#1307' (id 344229691282161665) changed username from 'Nick_0592x Lekker ding xD' to 'Nick_0592x Lekker ding <3 xD'
2018-05-01 12:00:15 Member role add: 'Moonrise Co-Owner' role was added to @Doqty [Kevin]#8836
2018-05-01 12:00:15 Member role remove: The 'Development / Build Team.' role was removed from @Doqty [Kevin]#8836
2018-05-01 12:00:15 Member role remove: The 'Development / Build Team.' role was removed from @Doqty [Kevin]#8836
2018-05-01 12:00:19 Member role add: 'Moonrise Lead Staff' role was added to @Eh?#4373
2018-05-01 12:00:19 Member role remove: The 'Moonrise Co-Owner' role was removed from @Eh?#4373
2018-05-01 12:00:27 Member role add: 'Moonrise Co-Owner' role was added to @Eh?#4373
2018-05-01 12:00:27 Member role add: 'Moonrise Lead Staff' role was added to @Eh?#4373
2018-05-01 12:00:27 Member role add: 'Moonrise Co-Owner' role was added to @Eh?#4373
2018-05-01 12:00:28 Member role remove: The 'Moonrise Lead Staff' role was removed from @Eh?#4373
2018-05-01 12:00:38 Role position: 'new role' changed from 1 to 2
2018-05-01 12:00:38 Role position: 'Moonrise-Staff' changed from 2 to 3
2018-05-01 12:00:38 Role position: 'Head Security.' changed from 3 to 4
2018-05-01 12:00:38 Role position: 'Development / Build Team.' changed from 4 to 5
2018-05-01 12:00:38 Role position: 'Moonrise Staff' changed from 5 to 6
2018-05-01 12:00:38 Role position: 'Moonrise Manager' changed from 6 to 7
2018-05-01 12:00:38 Role position: 'Moonrise Lead Staff' changed from 7 to 8
2018-05-01 12:00:38 Role position: 'Moonrise Co-Owner' changed from 8 to 9
2018-05-01 12:00:38 Role renamed: 'Moonrise Owner' to 'Moonrise Owner Team'
2018-05-01 12:00:38 Role position: 'Moonrise Owner' changed from 9 to 10
2018-05-01 12:00:38 Role renamed: 'Moonrise Owner' to 'Moonrise Owner Team'
2018-05-01 12:00:54 Role renamed: 'Moonrise Owner Team' to 'Moonrise Owners'
2018-05-01 12:01:01 Member role add: 'Moonrise Owners' role was added to @Eh?#4373
2018-05-01 12:01:02 Member role remove: The 'Moonrise Owners' role was removed from @Eh?#4373
2018-05-01 12:14:40 Member join: @Mr BEEseeks#0749 (id 129110205270196225)
2018-05-01 12:29:06 Role position: 'Moonrise-Staff' changed from 3 to 2
2018-05-01 12:29:06 Role renamed: 'new role' to 'Tourist'
2018-05-01 12:29:06 Role color: 'new role' changed from #000000 to #6ca0eb
2018-05-01 12:29:06 Role hoist: 'Tourist' is now shown seperately
2018-05-01 12:29:06 Role permissions: 'new role' changed from 104324161 to 104320064
2018-05-01 12:29:06 Role position: 'new role' changed from 2 to 3
2018-05-01 12:29:06 Role renamed: 'new role' to 'Tourist'
2018-05-01 12:29:06 Role color: 'new role' changed from #000000 to #6ca0eb
2018-05-01 12:29:06 Role hoist: 'Tourist' is now shown seperately
2018-05-01 12:29:06 Role permissions: 'new role' changed from 104324161 to 104320064
2018-05-01 12:29:14 Member role add: 'Tourist' role was added to @Mr BEEseeks#0749
2018-05-01 12:38:08 Role permissions: 'Moonrise Co-Owner' changed from 2146958549 to 2146958583
2018-05-01 12:41:10 Role created: 'new role' (id 440855200232898561)
2018-05-01 12:41:14 Member join: @Dyno#3861 (id 155149108183695360)
2018-05-01 12:41:14 Role created: 'Dyno' (id 440855211595005952)
2018-05-01 12:41:14 Member role add: 'Dyno' role was added to @Dyno#3861
2018-05-01 12:42:11 Role permissions: 'Dyno' changed from 2134207671 to 2134207735
2018-05-01 12:42:11 Role position: 'Dyno' changed from 1 to 4
2018-05-01 12:42:11 Role color: 'Head Security.' changed from #000000 to #206694
2018-05-01 12:42:11 Role permissions: 'Head Security.' changed from 104324161 to 104324160
2018-05-01 12:42:11 Role position: 'Head Security.' changed from 6 to 5
2018-05-01 12:42:11 Role position: 'Development / Build Team.' changed from 7 to 6
2018-05-01 12:42:11 Role renamed: 'new role' to 'Bots'
2018-05-01 12:42:11 Role color: 'new role' changed from #000000 to #2ecc71
2018-05-01 12:42:11 Role hoist: 'Bots' is now shown seperately
2018-05-01 12:42:11 Role permissions: 'new role' changed from 104324161 to 104320064
2018-05-01 12:42:11 Role position: 'new role' changed from 2 to 7
2018-05-01 12:42:11 Role color: 'Head Security.' changed from #000000 to #206694
2018-05-01 12:42:11 Role permissions: 'Head Security.' changed from 104324161 to 104324160
2018-05-01 12:42:11 Role renamed: 'new role' to 'Bots'
2018-05-01 12:42:11 Role color: 'new role' changed from #000000 to #2ecc71
2018-05-01 12:42:11 Role hoist: 'Bots' is now shown seperately
2018-05-01 12:42:11 Role permissions: 'new role' changed from 104324161 to 104320064
2018-05-01 12:42:13 Member role add: 'Bots' role was added to @Dyno#3861
2018-05-01 12:42:19 Member role add: 'Bots' role was added to @Synapse#0692
2018-05-01 12:42:33 Member nickname: '@Dyno#3861' (id 155149108183695360) changed nickname from 'None' to 'Moderation'
2018-05-01 13:26:09 Role renamed: 'Tourist' to 'Guest'
2018-05-01 13:26:09 Role position: 'Tourist' changed from 5 to 3
2018-05-01 14:30:17 Member role remove: The 'Moonrise Lead Staff' role was removed from @!Ger-bluetastiqYT#0517
2018-05-01 14:30:19 Member role remove: The 'Moonrise-Staff' role was removed from @!Ger-bluetastiqYT#0517
2018-05-01 14:30:26 Member role add: 'Guest' role was added to @!Ger-bluetastiqYT#0517
2018-05-01 15:12:01 Member leave: @!Ger-bluetastiqYT#0517 (id 287214803854819329)
2018-05-01 15:38:45 Member leave: @who tf is in my closet#9202 (id 434321627451490316)
2018-05-01 16:10:40 Member join: @[NBC HATER] bootje2005ツ#3184 (id 293409158982795264)
2018-05-01 16:10:41 Member role add: 'Guest' role was added to @[NBC HATER] bootje2005ツ#3184
2018-05-01 16:17:56 Member role add: 'Development / Build Team.' role was added to @[NBC HATER] bootje2005ツ#3184
2018-05-01 16:19:56 Member nickname: '@[NBC HATER] bootje2005ツ#3184' (id 293409158982795264) changed nickname from 'None' to '[D/B TEAM] bootje2005'
2018-05-01 16:20:01 Member nickname: '@[NBC HATER] bootje2005ツ#3184' (id 293409158982795264) changed nickname from '[D/B TEAM] bootje2005' to '[D/bootje2005'
2018-05-01 16:20:09 Member nickname: '@[NBC HATER] bootje2005ツ#3184' (id 293409158982795264) changed nickname from '[D/bootje2005' to 'bootje2005'
2018-05-01 17:15:17 Member role add: 'Moonrise-Staff' role was added to @Wh0 L3t th3 d0gs 0ut wh0#4986
2018-05-01 17:17:17 Member role remove: The 'Development / Build Team.' role was removed from @[NBC HATER] bootje2005ツ#3184
2018-05-01 17:17:24 Member role add: 'Development / Build Team.' role was added to @[NBC HATER] bootje2005ツ#3184
2018-05-01 18:19:41 Member join: @!Ger-bluetastiqYT#0517 (id 287214803854819329)
2018-05-01 18:19:41 Member role add: 'Guest' role was added to @!Ger-bluetastiqYT#0517
2018-05-01 18:19:41 Member role add: 'Guest' role was added to @!Ger-bluetastiqYT#0517
2018-05-01 18:20:26 Member role add: 'Moonrise Co-Owner' role was added to @!Ger-bluetastiqYT#0517
2018-05-01 18:21:06 Member role remove: The 'Guest' role was removed from @!Ger-bluetastiqYT#0517
2018-05-01 18:21:07 Member role add: 'Moonrise-Staff' role was added to @!Ger-bluetastiqYT#0517
2018-05-01 18:21:27 Member role add: 'Moonrise Lead Staff' role was added to @Doqty [Kevin]#8836
2018-05-01 18:21:29 Member role remove: The 'Moonrise Lead Staff' role was removed from @Doqty [Kevin]#8836
2018-05-01 18:21:43 Role created: 'new role' (id 440940902001803294)
2018-05-01 18:22:19 Role position: 'new role' changed from 1 to 11
2018-05-01 18:22:19 Role renamed: 'new role' to 'Head Development'
2018-05-01 18:22:19 Role color: 'new role' changed from #000000 to #f7ff00
2018-05-01 18:22:19 Role mentionable: 'Head Development' is now mentionable
2018-05-01 18:22:19 Role hoist: 'Head Development' is now shown seperately
2018-05-01 18:22:19 Role permissions: 'new role' changed from 104324161 to 2146958591
2018-05-01 18:22:30 Member role add: 'Head Development' role was added to @Doqty [Kevin]#8836
2018-05-01 18:22:32 Member role remove: The 'Moonrise Co-Owner' role was removed from @Doqty [Kevin]#8836
2018-05-01 18:36:54 Member role add: 'Moonrise-Staff' role was added to @[NBC HATER] bootje2005ツ#3184
2018-05-01 18:36:55 Member role remove: The 'Guest' role was removed from @[NBC HATER] bootje2005ツ#3184
2018-05-01 18:39:44 Channel position: Build Channel. moved from 4 to 3
2018-05-01 18:39:44 Channel position: Chill Room moved from 3 to 4
2018-05-01 18:40:02 Channel position: Chill Room moved from 4 to 3
2018-05-01 18:40:02 Channel position: Build Channel. moved from 3 to 4
2018-05-02 15:30:46 Member username: '@Eh?#4373' (id 414533326179794954) changed username from 'Eh?' to 'Trinity'
2018-05-02 17:45:51 Member username: '@Wh0 L3t th3 d0gs 0ut wh0#4986' (id 435520853724102659) changed username from 'Wh0 L3t th3 d0gs 0ut wh0' to 'Fair Unfair'
2018-05-02 21:44:00 Member username: '@Trinity#4373' (id 414533326179794954) changed username from 'Trinity' to 'iTrinoeh'
2018-05-02 21:44:54 Member role add: 'Moonrise Co-Owner' role was added to @Jayden.#5233
2018-05-02 21:44:56 Member role remove: The 'Moonrise Owners' role was removed from @Jayden.#5233
2018-05-02 21:45:00 Member role add: 'Moonrise Owners' role was added to @iTrinoeh#4373
2018-05-02 21:45:00 Member role remove: The 'Moonrise Co-Owner' role was removed from @iTrinoeh#4373
2018-05-02 21:45:00 Member role remove: The 'Moonrise Co-Owner' role was removed from @iTrinoeh#4373
2018-05-02 21:45:03 Member nickname: '@iTrinoeh#4373' (id 414533326179794954) changed nickname from 'Trino.' to 'None'
