2018-04-28 18:53:58 this bot joined the server
2018-04-28 18:53:59 Role created: 'Synapse' (id 439861856538984458)
2018-04-28 18:53:59 Member role add: 'Synapse' role was added to @Synapse#0692
2018-04-28 18:54:21 Role created: 'new role' (id 439861949572972584)
2018-04-28 18:54:57 Role permissions: 'Synapse' changed from 8 to 262216
2018-04-28 18:54:57 Role position: 'Bauern' changed from 7 to 6
2018-04-28 18:54:57 Role position: 'RICO' changed from 8 to 7
2018-04-28 18:54:57 Role position: 'SAMU' changed from 9 to 8
2018-04-28 18:54:57 Role position: 'VIP' changed from 10 to 9
2018-04-28 18:54:57 Role position: 'Bots' changed from 11 to 10
2018-04-28 18:54:57 Role position: 'Moderator' changed from 12 to 11
2018-04-28 18:54:57 Role position: 'Admin' changed from 13 to 12
2018-04-28 18:54:57 Role renamed: 'new role' to 'GP-BOT'
2018-04-28 18:54:57 Role mentionable: 'GP-BOT' is now mentionable
2018-04-28 18:54:57 Role hoist: 'GP-BOT' is now shown seperately
2018-04-28 18:54:57 Role permissions: 'new role' changed from 37215296 to 2146958591
2018-04-28 18:55:04 Member role add: 'GP-BOT' role was added to @Synapse#0692
2018-04-28 18:55:20 Role position: 'Synapse' changed from 2 to 1
2018-04-28 18:55:20 Role position: 'Spreng Komando' changed from 3 to 2
2018-04-28 18:55:20 Role position: 'коммунист' changed from 4 to 3
2018-04-28 18:55:20 Role position: 'капитализм' changed from 5 to 4
2018-04-28 18:55:20 Role position: 'Bauern' changed from 6 to 5
2018-04-28 18:55:20 Role position: 'RICO' changed from 7 to 6
2018-04-28 18:55:20 Role position: 'SAMU' changed from 8 to 7
2018-04-28 18:55:20 Role position: 'VIP' changed from 9 to 8
2018-04-28 18:55:20 Role position: 'Bots' changed from 10 to 9
2018-04-28 18:55:20 Role position: 'Moderator' changed from 11 to 10
2018-04-28 18:55:20 Role position: 'Admin' changed from 12 to 11
2018-04-28 18:55:20 Role position: 'GP-BOT' changed from 1 to 12
2018-04-28 18:56:09 Member role remove: The 'коммунист' role was removed from @☭коммунист☭#4362
2018-04-28 18:56:11 Member role add: 'Moderator' role was added to @☭коммунист☭#4362
2018-04-28 18:56:14 Member role add: 'Admin' role was added to @☭коммунист☭#4362
2018-04-28 18:56:16 Member role remove: The 'Moderator' role was removed from @☭коммунист☭#4362
2018-04-28 18:56:25 Role hoist: 'Admin' is now shown seperately
2018-04-28 18:57:19 Member ban: @Synapse#0692 (id 435538622293344266)
2018-04-28 18:57:19 Role deleted: 'Synapse' (id 439861856538984458)
2018-04-28 18:57:19 Member leave: @Synapse#0692 (id 435538622293344266)
2018-04-28 18:57:19 this bot left the server
