2018-04-23 16:34:54 #➤⇝Competitive♛-1 Voice channel join: Gigi#9847 (id 231398795651448833), moved from ➤⇝competitive♛-3, flags: self_mute
2018-04-23 16:35:06 #➤⇝Competitive♛-1 Server self-unmute: Gigi#9847 (id 231398795651448833)
2018-04-23 16:46:45 #➤⇝Competitive♛-1 Voice channel leave: Gigi#9847 (id 231398795651448833)
2018-04-23 17:00:17 #➤⇝Competitive♛-1 Voice channel join: Sicily_ienzu#9027 (id 310076450738929664)
2018-04-23 17:01:53 #➤⇝Competitive♛-1 Voice channel join: Gigi#9847 (id 231398795651448833)
2018-04-23 17:01:55 #➤⇝Competitive♛-1 Voice channel join: SirSamuelBtt#7387 (id 395223716436508684)
2018-04-23 17:02:02 #➤⇝Competitive♛-1 Voice channel leave: SirSamuelBtt#7387 (id 395223716436508684) moving to ➤⇝competitive♛-2
2018-04-23 17:02:03 #➤⇝Competitive♛-1 Voice channel leave: Sicily_ienzu#9027 (id 310076450738929664) moving to ➤⇝competitive♛-2
2018-04-23 17:02:06 #➤⇝Competitive♛-1 Voice channel leave: Gigi#9847 (id 231398795651448833) moving to ➤⇝competitive♛-2
2018-04-23 17:02:20 #➤⇝Competitive♛-1 Voice channel leave: Dikall3_#0836 (id 307920736444481548) moving to ➤⇝competitive♛-2
2018-04-23 17:02:40 #➤⇝Competitive♛-1 Voice channel join: Dikall3_#0836 (id 307920736444481548), moved from ➤⇝competitive♛-2
2018-04-23 17:10:05 #➤⇝Competitive♛-1 Voice channel leave: Dikall3_#0836 (id 307920736444481548) moving to ➤⇝competitive♛-2
2018-04-23 17:55:27 #➤⇝Competitive♛-1 Voice channel join: Gigi#9847 (id 231398795651448833), moved from ➤⇝competitive♛-2
2018-04-23 17:55:34 #➤⇝Competitive♛-1 Voice channel leave: Gigi#9847 (id 231398795651448833) moving to ➤⇝competitive♛-2
2018-04-23 18:53:04 #➤⇝Competitive♛-1 Voice channel join: SirSamuelBtt#7387 (id 395223716436508684), moved from ➤⇝competitive♛-2, flags: self_deaf,self_mute
2018-04-23 18:54:03 #➤⇝Competitive♛-1 Voice channel join: Sicily_ienzu#9027 (id 310076450738929664), moved from ➤⇝competitive♛-2
2018-04-23 18:54:09 #➤⇝Competitive♛-1 Server self-undeafen: SirSamuelBtt#7387 (id 395223716436508684)
2018-04-23 18:54:09 #➤⇝Competitive♛-1 Server self-unmute: SirSamuelBtt#7387 (id 395223716436508684)
2018-04-23 18:54:33 #➤⇝Competitive♛-1 Voice channel join: Gigi#9847 (id 231398795651448833), moved from ➤⇝competitive♛-2
2018-04-23 18:55:10 #➤⇝Competitive♛-1 Voice channel leave: Sicily_ienzu#9027 (id 310076450738929664) moving to ➤⇝competitive♛-2
2018-04-23 18:56:10 #➤⇝Competitive♛-1 Voice channel leave: Gigi#9847 (id 231398795651448833) moving to ➤⇝competitive♛-2
2018-04-23 18:56:20 #➤⇝Competitive♛-1 Voice channel join: Sicily_ienzu#9027 (id 310076450738929664), moved from ➤⇝competitive♛-2
2018-04-23 18:56:21 #➤⇝Competitive♛-1 Voice channel join: Gigi#9847 (id 231398795651448833), moved from ➤⇝competitive♛-2
2018-04-23 18:56:35 #➤⇝Competitive♛-1 Voice channel leave: Gigi#9847 (id 231398795651448833) moving to ➤⇝competitive♛-2
2018-04-23 18:56:35 #➤⇝Competitive♛-1 Voice channel leave: Sicily_ienzu#9027 (id 310076450738929664) moving to ➤⇝competitive♛-2
2018-04-23 18:58:32 #➤⇝Competitive♛-1 Voice channel join: Sicily_ienzu#9027 (id 310076450738929664), moved from ➤⇝competitive♛-2
2018-04-23 18:58:33 #➤⇝Competitive♛-1 Voice channel join: Gigi#9847 (id 231398795651448833), moved from ➤⇝competitive♛-2
2018-04-23 18:58:57 #➤⇝Competitive♛-1 Voice channel leave: Sicily_ienzu#9027 (id 310076450738929664) moving to ➤⇝competitive♛-2
2018-04-23 18:59:03 #➤⇝Competitive♛-1 Voice channel leave: Gigi#9847 (id 231398795651448833) moving to ➤⇝competitive♛-2
2018-04-23 19:00:19 #➤⇝Competitive♛-1 Voice channel join: Gigi#9847 (id 231398795651448833)
2018-04-23 20:39:32 #➤⇝Competitive♛-1 Voice channel leave: Gigi#9847 (id 231398795651448833)
2018-04-25 12:59:37 #➤⇝Competitive♛-1 Voice channel join: T4ur0s#3771 (id 354591999489212417)
2018-04-25 12:59:41 #➤⇝Competitive♛-1 Voice channel leave: T4ur0s#3771 (id 354591999489212417)
