2018-04-23 16:01:11 Member role add: '〄 bot' role was added to @Synapse#0692
2018-04-23 16:01:12 Member role add: 'SYNAPSE' role was added to @Ghostplay R2#1298
2018-04-23 17:01:51 Member join: @SirSamuelBtt#7387 (id 395223716436508684)
2018-04-23 17:02:17 Member role add: 'OWNER' role was added to @SirSamuelBtt#7387
2018-04-23 17:06:38 Member role remove: The '〄 LEADERS' role was removed from @Sicily_ienzu#9027
2018-04-23 17:06:39 Member role add: 'OWNER' role was added to @Sicily_ienzu#9027
2018-04-23 17:06:42 Member role add: '〄 LEADERS' role was added to @SirSamuelBtt#7387
2018-04-23 17:06:43 Member role remove: The 'OWNER' role was removed from @SirSamuelBtt#7387
2018-04-23 17:10:03 Channel position: ➤⇝competitive♛-2 moved from 2 to 1
2018-04-23 17:10:03 Channel position: ➤⇝Competitive♛-1 moved from 1 to 2
2018-04-23 17:10:03 Channel position: afk moved from 16 to 6
2018-04-23 17:55:47 Role created: 'new role' (id 438035271452459008)
2018-04-23 17:56:02 Role position: 'new role' changed from 1 to 38
2018-04-23 17:56:02 Role renamed: 'new role' to 'GET FU**D BITCH!'
2018-04-23 17:56:02 Role color: 'new role' changed from #000000 to #3498db
2018-04-23 17:56:08 Member role add: 'GET FU**D BITCH!' role was added to @Sicily_ienzu#9027
2018-04-23 17:56:08 Member role remove: The 'OWNER' role was removed from @Sicily_ienzu#9027
2018-04-23 17:57:04 Member role remove: The '〄 MEMBER  ✰' role was removed from @Sicily_ienzu#9027
2018-04-23 17:57:12 Role hoist: 'GET FU**D BITCH!' is now shown seperately
2018-04-23 17:57:18 Member role add: '〄 MEMBER  ✰' role was added to @Sicily_ienzu#9027
2018-04-23 18:02:48 Channel overwrites: spam (421772549198708748): member SirSamuelBtt (395223716436508684) added with values 0, 2048
2018-04-23 18:02:48 Role created: 'Muted' (id 438037040022552577)
2018-04-23 18:02:48 Channel overwrites: Chat! (421756717131366411): role Muted (438037040022552577) added with values 0, 2048
2018-04-23 18:02:49 Channel overwrites: general (421756717131366412): role Muted (438037040022552577) added with values 0, 2048
2018-04-23 18:02:49 Channel overwrites: Play!-Competitive (421756717131366413): role Muted (438037040022552577) added with values 0, 2048
2018-04-23 18:02:49 Channel overwrites: ➤⇝Competitive♛-1 (421763386515128330): role Muted (438037040022552577) added with values 0, 2048
2018-04-23 18:02:49 Channel overwrites: ➤⇝competitive♛-2 (421763524591878144): role Muted (438037040022552577) added with values 0, 2048
2018-04-23 18:02:49 Channel overwrites: ➤⇝competitive♛-3 (421763595710365697): role Muted (438037040022552577) added with values 0, 2048
2018-04-23 18:02:49 Channel overwrites: ➤⇝competitive♛-4 (421763619534012437): role Muted (438037040022552577) added with values 0, 2048
2018-04-23 18:02:49 Channel overwrites: ➤⇝competitive♛-5 (421763641684131851): role Muted (438037040022552577) added with values 0, 2048
2018-04-23 18:02:50 Channel overwrites: announcements (421768958501191690): role Muted (438037040022552577) added with values 0, 2048
2018-04-23 18:02:50 Channel overwrites: AFK (421770663414726687): role Muted (438037040022552577) added with values 0, 2048
2018-04-23 18:02:50 Channel overwrites: afk (421770691700850692): role Muted (438037040022552577) added with values 0, 2048
2018-04-23 18:02:50 Channel overwrites: spam (421772549198708748): role Muted (438037040022552577) added with values 0, 2048
2018-04-23 18:02:51 Channel overwrites: hello! (421773260313853962): role Muted (438037040022552577) added with values 0, 2048
2018-04-23 18:02:51 Channel overwrites: music (421773340584312833): role Muted (438037040022552577) added with values 0, 2048
2018-04-23 18:02:51 Channel overwrites: welcome (421774019528884235): role Muted (438037040022552577) added with values 0, 2048
2018-04-23 18:02:51 Member role add: 'Muted' role was added to @SirSamuelBtt#7387
2018-04-23 18:03:02 Channel overwrites: spam (421772549198708748): member SirSamuelBtt (395223716436508684) removed (was 0, 2048)
2018-04-23 18:03:03 Member role remove: The 'Muted' role was removed from @SirSamuelBtt#7387
2018-04-23 18:03:39 Member role add: 'OWNER' role was added to @MEE6#4876
2018-04-23 18:55:58 Member leave: @SirSamuelBtt#7387 (id 395223716436508684)
2018-04-23 19:01:23 Member nickname: '@Gigi#9847' (id 231398795651448833) changed nickname from 'Helllo me its G-i-gi' to 'GIGI'
2018-04-24 21:19:42 Member role remove: The '〄 LEADERS' role was removed from @T4ur0s#3771
2018-04-24 21:19:43 Member role remove: The '〄 MEMBER  ✰' role was removed from @T4ur0s#3771
2018-04-24 21:19:44 Member role add: '〄 ♥Friend♥ 〄' role was added to @T4ur0s#3771
2018-04-24 21:19:50 Member role remove: The '〄 MEMBER  ✰' role was removed from @Sicily_ienzu#9027
2018-04-24 21:19:52 Member role add: 'OWNER' role was added to @Sicily_ienzu#9027
2018-04-24 21:19:57 Member role remove: The '〄 LEADERS' role was removed from @Dikall3_#0836
2018-04-24 21:19:58 Member role remove: The '〄 MEMBER  ✰' role was removed from @Dikall3_#0836
2018-04-24 21:20:01 Member role add: '〄 PRIVILEGED GUEST  ♔ 〄' role was added to @Dikall3_#0836
2018-05-02 15:12:41 Member join: @rOB#0386 (id 241536538868056065)
