2018-04-21 20:23:30 #Sohbet Odası Server self-mute: ♔SR♔ Anıl#9501 (id 325865113708003330)
2018-04-21 20:23:34 #Sohbet Odası Server self-unmute: ♔SR♔ Anıl#9501 (id 325865113708003330)
2018-04-21 20:23:35 #Sohbet Odası Server self-mute: ♔SR♔ Anıl#9501 (id 325865113708003330)
2018-04-21 20:23:37 #Sohbet Odası Server self-unmute: ♔SR♔ Anıl#9501 (id 325865113708003330)
2018-04-21 20:23:39 #Sohbet Odası Server self-mute: ♔SR♔ Anıl#9501 (id 325865113708003330)
2018-04-21 20:23:48 #Sohbet Odası Server self-unmute: ♔SR♔ Anıl#9501 (id 325865113708003330)
2018-04-21 20:24:05 #Sohbet Odası Server self-mute: ♔SR♔ Anıl#9501 (id 325865113708003330)
2018-04-21 20:24:06 #Sohbet Odası Server self-unmute: ♔SR♔ Anıl#9501 (id 325865113708003330)
2018-04-21 20:24:08 #Sohbet Odası Server self-mute: ♔SR♔ Anıl#9501 (id 325865113708003330)
2018-04-21 20:24:43 #Sohbet Odası Server self-unmute: ♔SR♔ Anıl#9501 (id 325865113708003330)
2018-04-21 20:24:51 #Sohbet Odası Server self-mute: ♔SR♔ Anıl#9501 (id 325865113708003330)
2018-04-21 20:24:58 #Sohbet Odası Server self-unmute: ♔SR♔ Anıl#9501 (id 325865113708003330)
2018-04-21 20:24:59 #Sohbet Odası Server self-mute: ♔SR♔ Anıl#9501 (id 325865113708003330)
2018-04-21 20:27:30 #Sohbet Odası Server self-deafen: ♔SR♔ Anıl#9501 (id 325865113708003330)
2018-04-21 20:33:51 #Sohbet Odası Server self-undeafen: ♔SR♔ Anıl#9501 (id 325865113708003330)
2018-04-21 20:34:07 #Sohbet Odası Server self-unmute: ♔SR♔ Anıl#9501 (id 325865113708003330)
2018-04-21 20:40:26 #Sohbet Odası Server self-undeafen: MythoYT#5257 (id 430058187127914507)
2018-04-21 20:40:27 #Sohbet Odası Server self-deafen: MythoYT#5257 (id 430058187127914507)
2018-04-21 20:40:31 #Sohbet Odası Server self-mute: Manyak#6326 (id 390181941984493568)
2018-04-21 20:40:34 #Sohbet Odası Voice channel leave: MythoYT#5257 (id 430058187127914507)
2018-04-21 20:40:53 #Sohbet Odası Server self-unmute: Manyak#6326 (id 390181941984493568)
2018-04-21 20:43:05 #Sohbet Odası Voice channel leave: MubarekSR {SR}#7885 (id 315918727663190017)
2018-04-21 20:43:22 #Sohbet Odası Voice channel join: MubarekSR {SR}#7885 (id 315918727663190017)
2018-04-21 20:43:23 #Sohbet Odası Voice channel leave: MubarekSR {SR}#7885 (id 315918727663190017)
2018-04-21 20:43:25 #Sohbet Odası Voice channel join: MubarekSR {SR}#7885 (id 315918727663190017)
2018-04-21 20:51:50 #Sohbet Odası Server self-mute: Manyak#6326 (id 390181941984493568)
2018-04-21 20:52:14 #Sohbet Odası Server self-unmute: Manyak#6326 (id 390181941984493568)
2018-04-21 20:55:11 #Sohbet Odası Voice channel join: MubarekSR {SR}#7885 (id 315918727663190017)
2018-04-21 20:55:24 #Sohbet Odası Voice channel leave: ♔SR♔ Anıl#9501 (id 325865113708003330)
2018-04-21 20:55:40 #Sohbet Odası Voice channel join: ♔SR♔ Anıl#9501 (id 325865113708003330)
2018-04-21 20:56:52 #Sohbet Odası Voice channel join: MubarekSR {SR}#7885 (id 315918727663190017)
2018-04-21 21:01:20 #Sohbet Odası Voice channel join: MubarekSR {SR}#7885 (id 315918727663190017)
2018-04-21 21:13:56 #Sohbet Odası Voice channel leave: MubarekSR {SR}#7885 (id 315918727663190017)
2018-04-21 21:18:30 #Sohbet Odası Voice channel leave: Manyak#6326 (id 390181941984493568) moving to V.I.P Odası
2018-04-21 21:18:31 #Sohbet Odası Voice channel join: Manyak#6326 (id 390181941984493568), moved from V.I.P Odası
2018-04-21 21:20:38 #Sohbet Odası Voice channel join: MubarekSR {SR}#7885 (id 315918727663190017)
2018-04-21 21:23:10 #Sohbet Odası Voice channel leave: MubarekSR {SR}#7885 (id 315918727663190017)
2018-04-21 21:26:09 #Sohbet Odası Voice channel join: MubarekSR {SR}#7885 (id 315918727663190017)
2018-04-21 21:30:37 #Sohbet Odası Server self-mute: Manyak#6326 (id 390181941984493568)
2018-04-21 21:32:06 #Sohbet Odası Server self-unmute: Manyak#6326 (id 390181941984493568)
2018-04-21 21:39:53 #Sohbet Odası Server self-mute: Manyak#6326 (id 390181941984493568)
2018-04-21 21:41:03 #Sohbet Odası Voice channel leave: Astolfo#0628 (id 326750725084282881)
2018-04-21 21:41:47 #Sohbet Odası Voice channel join: Astolfo#0628 (id 326750725084282881)
2018-04-21 21:44:30 #Sohbet Odası Voice channel leave: ♔SR♔ Anıl#9501 (id 325865113708003330)
2018-04-21 21:47:15 #Sohbet Odası Server self-unmute: Manyak#6326 (id 390181941984493568)
2018-04-21 21:59:50 #Sohbet Odası Voice channel leave: MubarekSR {SR}#7885 (id 315918727663190017) moving to AFK ODASI !
2018-04-21 22:00:16 #Sohbet Odası Voice channel join: MubarekSR {SR}#7885 (id 315918727663190017), moved from AFK ODASI !
2018-04-21 22:00:43 #Sohbet Odası Voice channel join: ♔SR♔ Anıl#9501 (id 325865113708003330)
2018-04-21 22:00:46 #Sohbet Odası Voice channel leave: MubarekSR {SR}#7885 (id 315918727663190017)
2018-04-21 22:00:48 #Sohbet Odası Voice channel join: MubarekSR {SR}#7885 (id 315918727663190017)
2018-04-21 22:07:49 #Sohbet Odası Voice channel leave: ♔SR♔ Anıl#9501 (id 325865113708003330)
2018-04-21 22:07:51 #Sohbet Odası Voice channel leave: Manyak#6326 (id 390181941984493568)
2018-04-21 22:08:06 #Sohbet Odası Voice channel leave: MubarekSR {SR}#7885 (id 315918727663190017)
2018-04-21 22:08:24 #Sohbet Odası Voice channel leave: Astolfo#0628 (id 326750725084282881)
2018-04-21 22:19:26 #Sohbet Odası Voice channel join: ♔SR♔ Anıl#9501 (id 325865113708003330)
2018-04-21 22:19:39 #Sohbet Odası Voice channel leave: ♔SR♔ Anıl#9501 (id 325865113708003330)
2018-04-21 22:20:34 #Sohbet Odası Voice channel join: ♔SR♔ Anıl#9501 (id 325865113708003330)
2018-04-21 22:21:03 #Sohbet Odası Server self-mute: ♔SR♔ Anıl#9501 (id 325865113708003330)
2018-04-21 22:21:03 #Sohbet Odası Voice channel join: Manyak#6326 (id 390181941984493568)
2018-04-21 22:21:04 #Sohbet Odası Server self-unmute: ♔SR♔ Anıl#9501 (id 325865113708003330)
2018-04-21 22:48:31 #Sohbet Odası Voice channel leave: Manyak#6326 (id 390181941984493568)
2018-04-21 22:50:52 #Sohbet Odası Voice channel leave: ♔SR♔ Anıl#9501 (id 325865113708003330)
2018-04-22 06:21:18 #Sohbet Odası Voice channel join: MythoYT#5257 (id 430058187127914507), flags: self_deaf,self_mute
2018-04-22 06:21:19 #Sohbet Odası Server self-undeafen: MythoYT#5257 (id 430058187127914507)
2018-04-22 06:29:05 #Sohbet Odası Voice channel leave: MythoYT#5257 (id 430058187127914507)
2018-04-22 16:12:28 #Sohbet Odası Voice channel join: ♔SR♔ Anıl#9501 (id 325865113708003330)
2018-04-22 16:18:55 #Sohbet Odası Voice channel join: Manyak#6326 (id 390181941984493568)
2018-04-22 16:26:02 #Sohbet Odası Voice channel join: Astolfo#0628 (id 326750725084282881)
2018-04-22 16:40:12 #Sohbet Odası Server self-mute: Manyak#6326 (id 390181941984493568)
2018-04-22 16:43:11 #Sohbet Odası Server self-unmute: Manyak#6326 (id 390181941984493568)
2018-04-22 16:54:25 #Sohbet Odası Voice channel leave: Astolfo#0628 (id 326750725084282881)
2018-04-22 17:00:19 #Sohbet Odası Voice channel join: Astolfo#0628 (id 326750725084282881)
2018-04-22 17:06:35 #Sohbet Odası Voice channel leave: Astolfo#0628 (id 326750725084282881)
2018-04-22 17:10:35 #Sohbet Odası Voice channel join: Astolfo#0628 (id 326750725084282881)
2018-04-22 18:06:57 #Sohbet Odası Server self-mute: ♔SR♔ Anıl#9501 (id 325865113708003330)
2018-04-22 18:07:56 #Sohbet Odası Server self-unmute: ♔SR♔ Anıl#9501 (id 325865113708003330)
2018-04-22 18:08:06 #Sohbet Odası Server self-mute: Manyak#6326 (id 390181941984493568)
2018-04-22 18:13:35 #Sohbet Odası Voice channel leave: Astolfo#0628 (id 326750725084282881)
2018-04-22 18:16:11 #Sohbet Odası Server self-mute: ♔SR♔ Anıl#9501 (id 325865113708003330)
2018-04-22 18:16:11 #Sohbet Odası Server self-unmute: ♔SR♔ Anıl#9501 (id 325865113708003330)
2018-04-22 18:16:11 #Sohbet Odası Server self-mute: ♔SR♔ Anıl#9501 (id 325865113708003330)
2018-04-22 18:16:11 #Sohbet Odası Server self-unmute: ♔SR♔ Anıl#9501 (id 325865113708003330)
2018-04-22 18:16:12 #Sohbet Odası Server self-mute: ♔SR♔ Anıl#9501 (id 325865113708003330)
2018-04-22 18:16:12 #Sohbet Odası Server self-unmute: ♔SR♔ Anıl#9501 (id 325865113708003330)
2018-04-22 18:23:14 #Sohbet Odası Voice channel leave: Manyak#6326 (id 390181941984493568) moving to AFK ODASI !
2018-04-22 18:39:54 #Sohbet Odası Voice channel join: Manyak#6326 (id 390181941984493568), moved from AFK ODASI !, flags: self_mute
2018-04-22 18:39:56 #Sohbet Odası Server self-unmute: Manyak#6326 (id 390181941984493568)
2018-04-22 19:01:37 #Sohbet Odası Voice channel join: Astolfo#0628 (id 326750725084282881)
2018-04-22 19:29:33 #Sohbet Odası Voice channel leave: Astolfo#0628 (id 326750725084282881)
2018-04-22 19:41:09 #Sohbet Odası Voice channel join: Astolfo#0628 (id 326750725084282881)
2018-04-22 19:48:46 #Sohbet Odası Voice channel leave: ♔SR♔ Anıl#9501 (id 325865113708003330)
2018-04-22 19:52:05 #Sohbet Odası Voice channel join: ♔SR♔ Anıl#9501 (id 325865113708003330)
2018-04-22 19:56:59 #Sohbet Odası Voice channel leave: Astolfo#0628 (id 326750725084282881)
2018-04-22 19:59:05 #Sohbet Odası Voice channel leave: ♔SR♔ Anıl#9501 (id 325865113708003330)
2018-04-22 20:10:54 #Sohbet Odası Voice channel join: ♔SR♔ Anıl#9501 (id 325865113708003330)
2018-04-22 20:11:30 #Sohbet Odası Server self-mute: ♔SR♔ Anıl#9501 (id 325865113708003330)
2018-04-22 20:11:31 #Sohbet Odası Server self-deafen: ♔SR♔ Anıl#9501 (id 325865113708003330)
2018-04-22 20:14:57 #Sohbet Odası Voice channel leave: ♔SR♔ Anıl#9501 (id 325865113708003330)
2018-04-22 20:15:15 #Sohbet Odası Voice channel join: ♔SR♔ Anıl#9501 (id 325865113708003330), flags: self_deaf,self_mute
2018-04-22 20:24:11 #Sohbet Odası Voice channel leave: ♔SR♔ Anıl#9501 (id 325865113708003330)
2018-04-22 20:54:28 #Sohbet Odası Server self-mute: Manyak#6326 (id 390181941984493568)
2018-04-22 20:54:29 #Sohbet Odası Voice channel join: Emin Barıtcı#8277 (id 345968351803080705)
2018-04-22 20:54:33 #Sohbet Odası Server self-unmute: Manyak#6326 (id 390181941984493568)
2018-04-22 20:54:38 #Sohbet Odası Server self-mute: Manyak#6326 (id 390181941984493568)
2018-04-22 20:54:39 #Sohbet Odası Server self-unmute: Manyak#6326 (id 390181941984493568)
2018-04-22 20:54:45 #Sohbet Odası Server self-mute: Manyak#6326 (id 390181941984493568)
2018-04-22 20:54:52 #Sohbet Odası Server self-unmute: Manyak#6326 (id 390181941984493568)
2018-04-22 20:54:54 #Sohbet Odası Server self-mute: Manyak#6326 (id 390181941984493568)
2018-04-22 20:55:02 #Sohbet Odası Server self-unmute: Manyak#6326 (id 390181941984493568)
2018-04-22 20:55:04 #Sohbet Odası Server self-mute: Manyak#6326 (id 390181941984493568)
2018-04-22 20:55:11 #Sohbet Odası Server self-unmute: Manyak#6326 (id 390181941984493568)
2018-04-22 20:55:15 #Sohbet Odası Server self-mute: Manyak#6326 (id 390181941984493568)
2018-04-22 20:55:22 #Sohbet Odası Server self-unmute: Manyak#6326 (id 390181941984493568)
2018-04-22 20:59:36 #Sohbet Odası Voice channel join: MubarekSR {SR}#7885 (id 315918727663190017)
2018-04-22 20:59:51 #Sohbet Odası Voice channel join: Astolfo#0628 (id 326750725084282881)
2018-04-22 21:00:04 #Sohbet Odası Voice channel leave: Manyak#6326 (id 390181941984493568) moving to Hoşgeldiniz
2018-04-22 21:00:06 #Sohbet Odası Voice channel join: Manyak#6326 (id 390181941984493568), moved from Hoşgeldiniz
2018-04-22 21:00:44 #Sohbet Odası Voice channel join: Synapse#0692 (id 435538622293344266)
2018-04-22 21:00:51 #Sohbet Odası Voice channel join: Neko Chan#1849 (id 333388886732701696)
