2018-04-21 16:22:11 #SEX_ROOM Voice channel join: KAMILOT#0146 (id 307145030915719168), moved from АЛО БЛЯ АФК ДАУН, flags: self_mute
2018-04-21 16:39:04 #SEX_ROOM Voice channel leave: KAMILOT#0146 (id 307145030915719168) moving to АЛО БЛЯ АФК ДАУН
2018-04-21 16:53:49 #SEX_ROOM Voice channel join: KAMILOT#0146 (id 307145030915719168), moved from АЛО БЛЯ АФК ДАУН, flags: self_mute
2018-04-21 19:03:04 #SEX_ROOM Voice channel leave: KAMILOT#0146 (id 307145030915719168)
2018-04-21 20:20:48 #SEX_ROOM Voice channel join: KAMILOT#0146 (id 307145030915719168)
2018-04-21 20:21:03 #SEX_ROOM Voice channel leave: KAMILOT#0146 (id 307145030915719168) moving to $PUBG_VIP_$
2018-04-22 10:01:39 #SEX_ROOM Voice channel join: KAMILOT#0146 (id 307145030915719168)
2018-04-22 10:01:41 #SEX_ROOM Server self-mute: KAMILOT#0146 (id 307145030915719168)
2018-04-22 10:05:24 #SEX_ROOM Voice channel leave: KAMILOT#0146 (id 307145030915719168)
2018-04-22 12:28:58 #SEX_ROOM Voice channel join: KAMILOT#0146 (id 307145030915719168)
2018-04-22 12:29:03 #SEX_ROOM Server self-mute: KAMILOT#0146 (id 307145030915719168)
2018-04-22 19:23:32 #SEX_ROOM Voice channel leave: KAMILOT#0146 (id 307145030915719168) moving to АЛО БЛЯ АФК ДАУН
2018-04-24 07:58:10 #SEX_ROOM Voice channel join: KAMILOT#0146 (id 307145030915719168), moved from $PUBG_VIP_$, flags: self_mute
2018-04-24 07:58:11 #SEX_ROOM Voice channel leave: KAMILOT#0146 (id 307145030915719168) moving to Чеченцы
2018-04-25 18:31:32 #SEX_ROOM Voice channel join: KAMILOT#0146 (id 307145030915719168)
2018-04-25 20:57:24 #SEX_ROOM Voice channel leave: KAMILOT#0146 (id 307145030915719168)
2018-04-27 08:28:40 #SEX_ROOM Voice channel join: KAMILOT#0146 (id 307145030915719168), flags: self_mute
2018-04-27 08:47:28 #SEX_ROOM Voice channel leave: KAMILOT#0146 (id 307145030915719168)
2018-04-28 19:07:54 #SEX_ROOM Voice channel join: KAMILOT#0146 (id 307145030915719168), flags: self_mute
2018-04-28 20:08:11 #SEX_ROOM Voice channel leave: KAMILOT#0146 (id 307145030915719168)
2018-05-02 12:40:40 #SEX_ROOM Voice channel join: KAMILOT#0146 (id 307145030915719168)
2018-05-02 14:35:58 #SEX_ROOM Server self-mute: KAMILOT#0146 (id 307145030915719168)
2018-05-02 15:33:39 #SEX_ROOM Voice channel leave: KAMILOT#0146 (id 307145030915719168)
