2018-04-25 21:06:09 this bot joined the server
2018-04-25 21:06:09 Role created: 'Synapse' (id 438807954179751947)
2018-04-25 21:06:09 Member role add: 'Synapse' role was added to @Synapse#0692
2018-04-25 21:06:24 Member join: @Ghostplay R2#1298 (id 435829986772123658)
2018-04-25 21:06:24 Role created: 'Ghostplay R2' (id 438808017056825344)
2018-04-25 21:06:24 Member role add: 'Ghostplay R2' role was added to @Ghostplay R2#1298
2018-04-25 21:07:24 Member role add: 'Administraator' role was added to @Ghostplay R2#1298
2018-04-25 21:07:24 Member role add: 'Omanik' role was added to @Ghostplay R2#1298
2018-04-25 21:07:53 Role created: 'new role' (id 438808393180905516)
2018-04-25 21:07:57 Role permissions: 'Ghostplay R2' changed from 268520497 to 268782705
2018-04-25 21:07:57 Role permissions: 'Synapse' changed from 8 to 262216
2018-04-25 21:07:58 Role renamed: 'new role' to 'VIKERKAAR'
2018-04-25 21:08:03 Role position: 'Synapse' changed from 3 to 2
2018-04-25 21:08:03 Role position: 'Rythm' changed from 4 to 3
2018-04-25 21:08:03 Role position: 'Liige' changed from 5 to 4
2018-04-25 21:08:03 Role position: 'BOTID' changed from 6 to 5
2018-04-25 21:08:03 Role position: 'Moderaator' changed from 7 to 6
2018-04-25 21:08:03 Role position: 'Administraator' changed from 8 to 7
2018-04-25 21:08:03 Role position: 'Omanik' changed from 9 to 8
2018-04-25 21:08:03 Role position: 'Ghostplay R2' changed from 2 to 9
2018-04-25 21:08:03 Role permissions: 'Ghostplay R2' changed from 268782705 to 268782713
2018-04-25 21:08:34 Member role add: 'VIKERKAAR' role was added to @markus#3797
2018-04-25 21:08:57 Member role remove: The 'Omanik' role was removed from @markus#3797
2018-04-25 21:08:58 Role color: 'VIKERKAAR' changed from #000000 to #2e401d
2018-04-25 21:09:10 Role color: 'VIKERKAAR' changed from #2e401d to #b46596
2018-04-25 21:09:23 Role color: 'VIKERKAAR' changed from #b46596 to #a6f7d0
2018-04-25 21:09:36 Role color: 'VIKERKAAR' changed from #a6f7d0 to #becb0e
2018-04-25 21:09:50 Role color: 'VIKERKAAR' changed from #becb0e to #bccb92
2018-04-25 21:10:03 Role color: 'VIKERKAAR' changed from #bccb92 to #4e638d
2018-04-25 21:10:35 Role color: 'VIKERKAAR' changed from #4e638d to #6c6fc7
2018-04-25 21:10:49 Role color: 'VIKERKAAR' changed from #6c6fc7 to #011392
2018-04-25 21:11:02 Role color: 'VIKERKAAR' changed from #011392 to #4d0b4e
2018-04-25 21:11:24 Role color: 'VIKERKAAR' changed from #4d0b4e to #76ea93
2018-04-25 21:11:37 Role color: 'VIKERKAAR' changed from #76ea93 to #6273dd
2018-04-25 21:12:00 Role color: 'VIKERKAAR' changed from #6273dd to #c133b0
2018-04-25 21:12:13 Role color: 'VIKERKAAR' changed from #c133b0 to #316f4b
2018-04-25 21:12:34 Role color: 'VIKERKAAR' changed from #316f4b to #71b3e3
2018-04-25 21:12:48 Role color: 'VIKERKAAR' changed from #71b3e3 to #a330e6
2018-04-25 21:13:00 Role color: 'VIKERKAAR' changed from #a330e6 to #c9efaa
2018-04-25 21:13:14 Role color: 'VIKERKAAR' changed from #c9efaa to #33001a
2018-04-25 21:13:37 Role color: 'VIKERKAAR' changed from #33001a to #58c6f6
2018-04-25 21:13:51 Role color: 'VIKERKAAR' changed from #58c6f6 to #6007f5
2018-04-25 21:14:04 Role color: 'VIKERKAAR' changed from #6007f5 to #bd6dfa
2018-04-25 21:14:17 Role color: 'VIKERKAAR' changed from #bd6dfa to #bf19ab
2018-04-25 21:14:38 Role color: 'VIKERKAAR' changed from #bf19ab to #3730ad
2018-04-25 21:14:51 Role color: 'VIKERKAAR' changed from #3730ad to #6c283a
2018-04-25 21:15:04 Role color: 'VIKERKAAR' changed from #6c283a to #c19c13
2018-04-25 21:15:17 Role color: 'VIKERKAAR' changed from #c19c13 to #89e60b
2018-04-25 21:15:29 Role color: 'VIKERKAAR' changed from #89e60b to #ce8a6d
2018-04-25 21:15:42 Role color: 'VIKERKAAR' changed from #ce8a6d to #9b3efc
2018-04-25 21:15:58 Role color: 'VIKERKAAR' changed from #9b3efc to #b5665c
2018-04-25 21:16:21 Role color: 'VIKERKAAR' changed from #b5665c to #820ae2
2018-04-25 21:16:34 Role color: 'VIKERKAAR' changed from #820ae2 to #fe2971
2018-04-25 21:17:24 Role color: 'VIKERKAAR' changed from #fe2971 to #632c80
2018-04-25 21:17:37 Role color: 'VIKERKAAR' changed from #632c80 to #54cfed
2018-04-25 21:18:08 Role color: 'VIKERKAAR' changed from #54cfed to #a0e904
2018-04-25 21:18:30 Role color: 'VIKERKAAR' changed from #a0e904 to #1202b3
2018-04-25 21:18:43 Role color: 'VIKERKAAR' changed from #1202b3 to #308145
2018-04-25 21:18:56 Role color: 'VIKERKAAR' changed from #308145 to #731f94
2018-04-25 21:19:17 Role color: 'VIKERKAAR' changed from #731f94 to #d62ecc
2018-04-25 21:19:40 Role color: 'VIKERKAAR' changed from #d62ecc to #96bde2
2018-04-25 21:19:53 Role color: 'VIKERKAAR' changed from #96bde2 to #398c78
2018-04-25 21:20:07 Role color: 'VIKERKAAR' changed from #398c78 to #64af9c
2018-04-25 21:20:20 Role color: 'VIKERKAAR' changed from #64af9c to #f56f8f
2018-04-25 21:20:33 Role color: 'VIKERKAAR' changed from #f56f8f to #909693
2018-04-25 21:20:46 Role color: 'VIKERKAAR' changed from #909693 to #774dc3
2018-04-25 21:20:59 Role color: 'VIKERKAAR' changed from #774dc3 to #c9cf39
2018-04-25 21:21:21 Role color: 'VIKERKAAR' changed from #c9cf39 to #24ff43
2018-04-25 21:21:35 Role color: 'VIKERKAAR' changed from #24ff43 to #6d3917
2018-04-25 21:21:48 Role color: 'VIKERKAAR' changed from #6d3917 to #29ed8c
2018-04-25 21:22:03 Role color: 'VIKERKAAR' changed from #29ed8c to #29c438
2018-04-25 21:22:16 Role color: 'VIKERKAAR' changed from #29c438 to #4ab447
2018-04-25 21:22:30 Role color: 'VIKERKAAR' changed from #4ab447 to #b7aab2
2018-04-25 21:22:43 Role color: 'VIKERKAAR' changed from #b7aab2 to #863f83
2018-04-25 21:22:57 Role color: 'VIKERKAAR' changed from #863f83 to #d06911
2018-04-25 21:23:10 Role color: 'VIKERKAAR' changed from #d06911 to #2fc71e
2018-04-25 21:23:23 Role color: 'VIKERKAAR' changed from #2fc71e to #afb7dd
2018-04-25 21:23:36 Role color: 'VIKERKAAR' changed from #afb7dd to #6c908d
2018-04-25 21:23:50 Role color: 'VIKERKAAR' changed from #6c908d to #5b7a37
2018-04-25 21:24:23 Role color: 'VIKERKAAR' changed from #5b7a37 to #727d6f
2018-04-25 21:24:48 Role color: 'VIKERKAAR' changed from #727d6f to #851b65
2018-04-25 21:25:01 Role color: 'VIKERKAAR' changed from #851b65 to #53065c
2018-04-25 21:25:15 Role color: 'VIKERKAAR' changed from #53065c to #764d27
2018-04-25 21:25:29 Role color: 'VIKERKAAR' changed from #764d27 to #e2b4b8
2018-04-25 21:25:41 Role color: 'VIKERKAAR' changed from #e2b4b8 to #cea855
2018-04-25 21:25:55 Role color: 'VIKERKAAR' changed from #cea855 to #5438bb
2018-04-25 21:26:08 Role color: 'VIKERKAAR' changed from #5438bb to #e43551
2018-04-25 21:26:24 Role color: 'VIKERKAAR' changed from #e43551 to #a50342
2018-04-25 21:26:38 Role color: 'VIKERKAAR' changed from #a50342 to #e3dc4c
2018-04-25 21:26:51 Role color: 'VIKERKAAR' changed from #e3dc4c to #098a27
2018-04-25 21:27:04 Role color: 'VIKERKAAR' changed from #098a27 to #25aa16
2018-04-25 21:27:19 Role color: 'VIKERKAAR' changed from #25aa16 to #ef7731
2018-04-25 21:27:32 Role color: 'VIKERKAAR' changed from #ef7731 to #50ca84
2018-04-25 21:27:55 Role color: 'VIKERKAAR' changed from #50ca84 to #465560
2018-04-25 21:28:09 Role color: 'VIKERKAAR' changed from #465560 to #256d49
2018-04-25 21:28:23 Role color: 'VIKERKAAR' changed from #256d49 to #ecca5b
2018-04-25 21:28:45 Role color: 'VIKERKAAR' changed from #ecca5b to #20494a
2018-04-25 21:29:07 Role color: 'VIKERKAAR' changed from #20494a to #049aff
2018-04-25 21:29:20 Role color: 'VIKERKAAR' changed from #049aff to #94b33f
2018-04-25 21:29:41 Role color: 'VIKERKAAR' changed from #94b33f to #ee4dd3
2018-04-25 21:29:54 Role color: 'VIKERKAAR' changed from #ee4dd3 to #024453
2018-04-25 21:30:19 Role color: 'VIKERKAAR' changed from #024453 to #df5abf
2018-04-25 21:30:32 Role color: 'VIKERKAAR' changed from #df5abf to #21584c
2018-04-25 21:30:45 Role color: 'VIKERKAAR' changed from #21584c to #1999b1
2018-04-25 21:30:58 Role color: 'VIKERKAAR' changed from #1999b1 to #f7aa0c
2018-04-25 21:31:11 Role color: 'VIKERKAAR' changed from #f7aa0c to #05ef81
2018-04-25 21:31:23 Role color: 'VIKERKAAR' changed from #05ef81 to #cd07b3
2018-04-25 21:31:36 Role color: 'VIKERKAAR' changed from #cd07b3 to #05954e
2018-04-25 21:31:49 Role color: 'VIKERKAAR' changed from #05954e to #d139e7
2018-04-25 21:32:02 Role color: 'VIKERKAAR' changed from #d139e7 to #94869c
2018-04-25 21:32:16 Role color: 'VIKERKAAR' changed from #94869c to #23cd91
2018-04-25 21:32:38 Role color: 'VIKERKAAR' changed from #23cd91 to #8b0d50
2018-04-25 21:33:20 Role color: 'VIKERKAAR' changed from #8b0d50 to #a8b66b
2018-04-25 21:33:50 Role color: 'VIKERKAAR' changed from #a8b66b to #de2efa
2018-04-25 21:34:04 Role color: 'VIKERKAAR' changed from #de2efa to #730be7
2018-04-25 21:34:17 Role color: 'VIKERKAAR' changed from #730be7 to #cbc6b5
2018-04-25 21:34:30 Role color: 'VIKERKAAR' changed from #cbc6b5 to #501db8
2018-04-25 21:34:43 Role color: 'VIKERKAAR' changed from #501db8 to #59d9dc
2018-04-25 21:35:13 Role color: 'VIKERKAAR' changed from #59d9dc to #9ac553
2018-04-25 21:35:26 Role color: 'VIKERKAAR' changed from #9ac553 to #bfcd02
2018-04-25 21:35:39 Role color: 'VIKERKAAR' changed from #bfcd02 to #c415f6
2018-04-25 21:35:53 Role color: 'VIKERKAAR' changed from #c415f6 to #739e23
2018-04-25 21:36:16 Role color: 'VIKERKAAR' changed from #739e23 to #935a4f
2018-04-25 21:36:57 Role color: 'VIKERKAAR' changed from #935a4f to #eb21a4
2018-04-25 21:37:19 Role color: 'VIKERKAAR' changed from #eb21a4 to #e8863c
2018-04-25 21:37:40 Role color: 'VIKERKAAR' changed from #e8863c to #c460be
2018-04-25 21:37:53 Role color: 'VIKERKAAR' changed from #c460be to #94fa62
2018-04-25 21:38:16 Role color: 'VIKERKAAR' changed from #94fa62 to #ed187c
2018-04-25 21:38:31 Role color: 'VIKERKAAR' changed from #ed187c to #2bd2d8
2018-04-25 21:38:44 Role color: 'VIKERKAAR' changed from #2bd2d8 to #00ea1f
2018-04-25 21:39:07 Role color: 'VIKERKAAR' changed from #00ea1f to #b7173d
2018-04-25 21:39:37 Role color: 'VIKERKAAR' changed from #b7173d to #e94725
2018-04-25 21:39:50 Role color: 'VIKERKAAR' changed from #e94725 to #6938f1
2018-04-25 21:40:04 Role color: 'VIKERKAAR' changed from #6938f1 to #9da614
2018-04-25 21:40:17 Role color: 'VIKERKAAR' changed from #9da614 to #380d77
2018-04-25 21:40:40 Role color: 'VIKERKAAR' changed from #380d77 to #6b4d99
2018-04-25 21:40:52 Role color: 'VIKERKAAR' changed from #6b4d99 to #d13132
2018-04-25 21:41:05 Role color: 'VIKERKAAR' changed from #d13132 to #6def2d
2018-04-25 21:41:20 Role color: 'VIKERKAAR' changed from #6def2d to #38119f
2018-04-25 21:42:32 Role color: 'VIKERKAAR' changed from #38119f to #31c9f1
2018-04-25 21:42:46 Role color: 'VIKERKAAR' changed from #31c9f1 to #4d3bcf
2018-04-25 21:42:59 Role color: 'VIKERKAAR' changed from #4d3bcf to #76d8d2
2018-04-25 21:43:12 Role color: 'VIKERKAAR' changed from #76d8d2 to #a2a837
2018-04-25 21:43:33 Role color: 'VIKERKAAR' changed from #a2a837 to #0387b9
2018-04-25 21:43:46 Role color: 'VIKERKAAR' changed from #0387b9 to #70ade2
2018-04-25 21:43:59 Role color: 'VIKERKAAR' changed from #70ade2 to #eb9239
2018-04-25 21:44:12 Role color: 'VIKERKAAR' changed from #eb9239 to #d95fb4
2018-04-25 21:44:26 Role color: 'VIKERKAAR' changed from #d95fb4 to #90089b
2018-04-25 21:44:39 Role color: 'VIKERKAAR' changed from #90089b to #6ee9de
2018-04-25 21:45:01 Role color: 'VIKERKAAR' changed from #6ee9de to #b7b75c
2018-04-25 21:45:14 Role color: 'VIKERKAAR' changed from #b7b75c to #262d30
2018-04-25 21:45:27 Role color: 'VIKERKAAR' changed from #262d30 to #4dfe51
2018-04-25 21:45:48 Role color: 'VIKERKAAR' changed from #4dfe51 to #f34b01
2018-04-25 21:46:01 Role color: 'VIKERKAAR' changed from #f34b01 to #27f275
2018-04-25 21:46:15 Role color: 'VIKERKAAR' changed from #27f275 to #0ecea2
2018-04-25 21:46:28 Role color: 'VIKERKAAR' changed from #0ecea2 to #c4d467
2018-04-25 21:46:59 Role color: 'VIKERKAAR' changed from #c4d467 to #56ca94
2018-04-25 21:47:12 Role color: 'VIKERKAAR' changed from #56ca94 to #68eabf
2018-04-25 21:47:25 Role color: 'VIKERKAAR' changed from #68eabf to #03eebf
2018-04-25 21:47:46 Role color: 'VIKERKAAR' changed from #03eebf to #f36ad8
2018-04-25 21:48:08 Role color: 'VIKERKAAR' changed from #f36ad8 to #a79fd2
2018-04-25 21:48:22 Role color: 'VIKERKAAR' changed from #a79fd2 to #228bc4
2018-04-25 21:48:35 Role color: 'VIKERKAAR' changed from #228bc4 to #e31b00
2018-04-25 21:48:48 Role color: 'VIKERKAAR' changed from #e31b00 to #4a7954
2018-04-25 21:49:11 Role color: 'VIKERKAAR' changed from #4a7954 to #70b73d
2018-04-25 21:49:24 Role color: 'VIKERKAAR' changed from #70b73d to #eb103e
2018-04-25 21:49:37 Role color: 'VIKERKAAR' changed from #eb103e to #2c27d9
2018-04-25 21:49:49 Role color: 'VIKERKAAR' changed from #2c27d9 to #e42031
2018-04-25 21:50:02 Role color: 'VIKERKAAR' changed from #e42031 to #e10b59
2018-04-25 21:50:33 Role color: 'VIKERKAAR' changed from #e10b59 to #e6cf1e
2018-04-25 21:50:46 Role color: 'VIKERKAAR' changed from #e6cf1e to #b82fd9
2018-04-25 21:50:59 Role color: 'VIKERKAAR' changed from #b82fd9 to #690e83
2018-04-25 21:51:12 Role color: 'VIKERKAAR' changed from #690e83 to #c631e5
2018-04-25 21:51:25 Role color: 'VIKERKAAR' changed from #c631e5 to #4da633
2018-04-25 21:51:38 Role color: 'VIKERKAAR' changed from #4da633 to #124c4c
2018-04-25 21:51:51 Role color: 'VIKERKAAR' changed from #124c4c to #1a0ace
2018-04-25 21:52:03 Role color: 'VIKERKAAR' changed from #1a0ace to #840c9f
2018-04-25 21:52:17 Role color: 'VIKERKAAR' changed from #840c9f to #3969b1
2018-04-25 21:52:49 Role color: 'VIKERKAAR' changed from #3969b1 to #b51fdb
2018-04-25 21:53:02 Role color: 'VIKERKAAR' changed from #b51fdb to #a9f493
2018-04-25 21:53:32 Role color: 'VIKERKAAR' changed from #a9f493 to #eab877
2018-04-25 21:53:54 Role color: 'VIKERKAAR' changed from #eab877 to #828c83
2018-04-25 21:55:18 Role color: 'VIKERKAAR' changed from #828c83 to #2c17c1
2018-04-25 21:55:31 Role color: 'VIKERKAAR' changed from #2c17c1 to #6883a2
2018-04-25 21:55:44 Role color: 'VIKERKAAR' changed from #6883a2 to #8f7b2c
2018-04-25 21:55:57 Role color: 'VIKERKAAR' changed from #8f7b2c to #0d47ac
2018-04-25 21:56:19 Role color: 'VIKERKAAR' changed from #0d47ac to #2834d1
2018-04-25 21:56:41 Role color: 'VIKERKAAR' changed from #2834d1 to #b3f062
2018-04-25 21:56:54 Role color: 'VIKERKAAR' changed from #b3f062 to #6e9447
2018-04-25 21:57:25 Role color: 'VIKERKAAR' changed from #6e9447 to #a8b90e
2018-04-25 21:57:47 Role color: 'VIKERKAAR' changed from #a8b90e to #516a55
2018-04-25 21:57:59 Role color: 'VIKERKAAR' changed from #516a55 to #03b971
2018-04-25 21:58:12 Role color: 'VIKERKAAR' changed from #03b971 to #98f533
2018-04-25 21:58:25 Role color: 'VIKERKAAR' changed from #98f533 to #2331a6
2018-04-25 21:58:48 Role color: 'VIKERKAAR' changed from #2331a6 to #cacf5f
2018-04-25 21:59:10 Role color: 'VIKERKAAR' changed from #cacf5f to #3b8ee0
2018-04-25 21:59:23 Role color: 'VIKERKAAR' changed from #3b8ee0 to #e2d61f
2018-04-25 21:59:37 Role color: 'VIKERKAAR' changed from #e2d61f to #cfa34e
2018-04-25 22:00:17 Role color: 'VIKERKAAR' changed from #cfa34e to #32530d
2018-04-25 22:00:31 Role color: 'VIKERKAAR' changed from #32530d to #2605d5
2018-04-25 22:00:45 Role color: 'VIKERKAAR' changed from #2605d5 to #e7e282
2018-04-25 22:01:07 Role color: 'VIKERKAAR' changed from #e7e282 to #850d87
2018-04-25 22:01:29 Role color: 'VIKERKAAR' changed from #850d87 to #2d46ea
2018-04-25 22:01:50 Role color: 'VIKERKAAR' changed from #2d46ea to #ac873e
2018-04-25 22:02:12 Role color: 'VIKERKAAR' changed from #ac873e to #b7b2de
2018-04-25 22:02:53 Role color: 'VIKERKAAR' changed from #b7b2de to #e0c40a
2018-04-25 22:03:06 Role color: 'VIKERKAAR' changed from #e0c40a to #117216
2018-04-25 22:03:37 Role color: 'VIKERKAAR' changed from #117216 to #3771b0
2018-04-25 22:03:50 Role color: 'VIKERKAAR' changed from #3771b0 to #f17763
2018-04-25 22:04:11 Role color: 'VIKERKAAR' changed from #f17763 to #3053d8
2018-04-25 22:04:25 Role color: 'VIKERKAAR' changed from #3053d8 to #ab2453
2018-04-25 22:04:38 Role color: 'VIKERKAAR' changed from #ab2453 to #2b90c9
2018-04-25 22:04:51 Role color: 'VIKERKAAR' changed from #2b90c9 to #0e9ef8
2018-04-25 22:05:05 Role color: 'VIKERKAAR' changed from #0e9ef8 to #138aa6
2018-04-25 22:05:18 Role color: 'VIKERKAAR' changed from #138aa6 to #4b8cf2
2018-04-25 22:05:30 Role color: 'VIKERKAAR' changed from #4b8cf2 to #d3e285
2018-04-25 22:05:52 Role color: 'VIKERKAAR' changed from #d3e285 to #372f4b
2018-04-25 22:06:13 Role color: 'VIKERKAAR' changed from #372f4b to #b759d6
2018-04-25 22:06:26 Role color: 'VIKERKAAR' changed from #b759d6 to #4cef37
2018-04-25 22:06:48 Role color: 'VIKERKAAR' changed from #4cef37 to #b28ea8
2018-04-25 22:07:01 Role color: 'VIKERKAAR' changed from #b28ea8 to #80089b
2018-04-25 22:07:14 Role color: 'VIKERKAAR' changed from #80089b to #b46a94
2018-04-25 22:07:26 Role color: 'VIKERKAAR' changed from #b46a94 to #67dce1
2018-04-25 22:07:39 Role color: 'VIKERKAAR' changed from #67dce1 to #2bd9b7
2018-04-25 22:07:52 Role color: 'VIKERKAAR' changed from #2bd9b7 to #06c106
2018-04-25 22:08:05 Role color: 'VIKERKAAR' changed from #06c106 to #15a12f
2018-04-25 22:08:18 Role color: 'VIKERKAAR' changed from #15a12f to #3eb699
2018-04-25 22:08:31 Role color: 'VIKERKAAR' changed from #3eb699 to #97a848
2018-04-25 22:08:44 Role color: 'VIKERKAAR' changed from #97a848 to #8c539e
2018-04-25 22:09:06 Role color: 'VIKERKAAR' changed from #8c539e to #7d4ceb
2018-04-25 22:09:28 Role color: 'VIKERKAAR' changed from #7d4ceb to #3581c1
2018-04-25 22:09:49 Role color: 'VIKERKAAR' changed from #3581c1 to #978420
2018-04-25 22:10:21 Role color: 'VIKERKAAR' changed from #978420 to #ec3a9f
2018-04-25 22:10:34 Role color: 'VIKERKAAR' changed from #ec3a9f to #11f809
2018-04-25 22:10:47 Role color: 'VIKERKAAR' changed from #11f809 to #d0649a
2018-04-25 22:11:10 Role color: 'VIKERKAAR' changed from #d0649a to #8205c5
2018-04-25 22:11:23 Role color: 'VIKERKAAR' changed from #8205c5 to #2912ec
2018-04-25 22:11:44 Role color: 'VIKERKAAR' changed from #2912ec to #14f243
2018-04-25 22:12:06 Role color: 'VIKERKAAR' changed from #14f243 to #da1f74
2018-04-25 22:12:18 Role color: 'VIKERKAAR' changed from #da1f74 to #224c14
2018-04-25 22:12:32 Role color: 'VIKERKAAR' changed from #224c14 to #aed65b
2018-04-25 22:12:45 Role color: 'VIKERKAAR' changed from #aed65b to #36d599
2018-04-25 22:12:58 Role color: 'VIKERKAAR' changed from #36d599 to #cb07f3
2018-04-25 22:13:11 Role color: 'VIKERKAAR' changed from #cb07f3 to #f8ca23
2018-04-25 22:13:24 Role color: 'VIKERKAAR' changed from #f8ca23 to #1ab062
2018-04-25 22:13:46 Role color: 'VIKERKAAR' changed from #1ab062 to #d09774
2018-04-25 22:13:58 Role color: 'VIKERKAAR' changed from #d09774 to #ff52f6
2018-04-25 22:14:20 Role color: 'VIKERKAAR' changed from #ff52f6 to #66c35a
2018-04-25 22:14:33 Role color: 'VIKERKAAR' changed from #66c35a to #b76aa3
2018-04-25 22:15:06 Role color: 'VIKERKAAR' changed from #b76aa3 to #774723
2018-04-25 22:15:27 Role color: 'VIKERKAAR' changed from #774723 to #e2ba7a
2018-04-25 22:15:57 Role color: 'VIKERKAAR' changed from #e2ba7a to #d8b77b
2018-04-25 22:16:10 Role color: 'VIKERKAAR' changed from #d8b77b to #44871d
2018-04-25 22:16:22 Role color: 'VIKERKAAR' changed from #44871d to #92fcf4
2018-04-25 22:16:54 Role color: 'VIKERKAAR' changed from #92fcf4 to #4b06f2
2018-04-25 22:17:25 Role color: 'VIKERKAAR' changed from #4b06f2 to #82165f
2018-04-25 22:17:38 Role color: 'VIKERKAAR' changed from #82165f to #9a9758
2018-04-25 22:17:59 Role color: 'VIKERKAAR' changed from #9a9758 to #56aaab
2018-04-25 22:18:21 Role color: 'VIKERKAAR' changed from #56aaab to #154082
2018-04-25 22:18:34 Role color: 'VIKERKAAR' changed from #154082 to #af1efd
2018-04-25 22:18:47 Role color: 'VIKERKAAR' changed from #af1efd to #ac4809
2018-04-25 22:19:01 Role color: 'VIKERKAAR' changed from #ac4809 to #857984
2018-04-25 22:19:15 Role color: 'VIKERKAAR' changed from #857984 to #4e1729
2018-04-25 22:19:27 Role color: 'VIKERKAAR' changed from #4e1729 to #48f9f4
2018-04-25 22:20:17 Role color: 'VIKERKAAR' changed from #48f9f4 to #66642e
2018-04-25 22:20:39 Role color: 'VIKERKAAR' changed from #66642e to #e30e7d
2018-04-25 22:21:01 Role color: 'VIKERKAAR' changed from #e30e7d to #355dcc
2018-04-25 22:21:15 Role color: 'VIKERKAAR' changed from #355dcc to #6b58d8
2018-04-25 22:21:36 Role color: 'VIKERKAAR' changed from #6b58d8 to #922806
2018-04-25 22:21:58 Role color: 'VIKERKAAR' changed from #922806 to #3b6beb
2018-04-25 22:22:12 Role color: 'VIKERKAAR' changed from #3b6beb to #295a92
2018-04-25 22:22:25 Role color: 'VIKERKAAR' changed from #295a92 to #fe9590
2018-04-25 22:22:38 Role color: 'VIKERKAAR' changed from #fe9590 to #25b1e2
2018-04-25 22:23:02 Role color: 'VIKERKAAR' changed from #25b1e2 to #008b84
2018-04-25 22:23:15 Role color: 'VIKERKAAR' changed from #008b84 to #8f10d9
2018-04-25 22:23:48 Role color: 'VIKERKAAR' changed from #8f10d9 to #fa588b
2018-04-25 22:24:01 Role color: 'VIKERKAAR' changed from #fa588b to #0c86ae
2018-04-25 22:24:22 Role color: 'VIKERKAAR' changed from #0c86ae to #2fe3f2
2018-04-25 22:24:35 Role color: 'VIKERKAAR' changed from #2fe3f2 to #f84920
2018-04-25 22:24:49 Role color: 'VIKERKAAR' changed from #f84920 to #0a44fe
