2018-04-23 14:06:58 #test @Ghostplay R2#1298: `Error in command 'multicolor'.If you keep seeing this message please contact the owner of the bot.`
2018-04-23 14:07:16 #test @MoFloh#7465: *multicolor 1 Rainbow
2018-04-23 14:07:18 #test @Ghostplay R2#1298: `Error in command 'multicolor'.If you keep seeing this message please contact the owner of the bot.`
2018-04-23 14:07:58 #test @Ghostplay R2#1298: `Error in command 'multicolor'.If you keep seeing this message please contact the owner of the bot.`
2018-04-23 17:20:52 #test @quentin#8983: !ftn BenGhanatu
2018-04-23 17:20:53 #test @Fortnite Stats#2375: https://fortnite.y3n.co/ (attachment url(s): https://cdn.discordapp.com/attachments/417078065739333643/438026490005946369/file.jpg)
2018-04-23 17:21:09 #test @quentin#8983: !ftn Loch_HD
2018-04-23 17:21:12 #test @Fortnite Stats#2375: https://fortnite.y3n.co/ (attachment url(s): https://cdn.discordapp.com/attachments/417078065739333643/438026562898493441/file.jpg)
2018-04-23 17:21:21 #test @quentin#8983: !ftn Daxilein
2018-04-23 17:21:22 #test @Fortnite Stats#2375: https://fortnite.y3n.co/ (attachment url(s): https://cdn.discordapp.com/attachments/417078065739333643/438026612714504212/file.jpg)
2018-04-23 17:21:35 #test @quentin#8983: !ftn GxhVerkaufen
2018-04-23 17:21:36 #test @Fortnite Stats#2375: https://fortnite.y3n.co/ (attachment url(s): https://cdn.discordapp.com/attachments/417078065739333643/438026670465875998/file.jpg)
2018-04-23 17:21:50 #test @quentin#8983: !ftn xfure19
2018-04-23 17:21:51 #test @Fortnite Stats#2375: :x: Player `xfure19` not found
2018-04-23 17:23:12 #test @quentin#8983: !ftn TSM_Myth
2018-04-23 17:23:12 #test @Fortnite Stats#2375: https://fortnite.y3n.co/ (attachment url(s): https://cdn.discordapp.com/attachments/417078065739333643/438027075341910016/file.jpg)
2018-04-23 17:23:27 #test @quentin#8983: !ftn LucaSeel
2018-04-23 17:23:28 #test @Fortnite Stats#2375: :x: Player `LucaSeel` not found
2018-04-23 17:23:34 #test @quentin#8983: !ftn E-Netz
2018-04-23 17:23:35 #test @Fortnite Stats#2375: :x: Player `E-Netz` not found
2018-04-25 15:59:01 #test @quentin#8983: !ftn Salziges Gnu
2018-04-25 15:59:02 #test @Fortnite Stats#2375: https://fortnite.y3n.co/ (attachment url(s): https://cdn.discordapp.com/attachments/417078065739333643/438730668478824465/file.jpg)
2018-04-26 12:23:03 #test @quentin#8983: !ftn Troublingisback
2018-04-26 12:23:04 #test @Fortnite Stats#2375: https://fortnite.y3n.co/ (attachment url(s): https://cdn.discordapp.com/attachments/417078065739333643/439038704019832833/file.jpg)
2018-04-26 12:23:49 #test @quentin#8983: !ftn NiceGamerHD
2018-04-26 12:23:50 #test @Fortnite Stats#2375: :x: Player `NiceGamerHD` not found
2018-04-26 12:24:09 #test @quentin#8983: NighcGamerHD
2018-04-26 12:24:18 #test @quentin#8983: !ftn NighcgamerHD
2018-04-26 12:24:18 #test @Fortnite Stats#2375: :x: Player `NighcgamerHD` not found
2018-04-26 12:24:45 #test @quentin#8983: !ftn NightgamerHD
2018-04-26 12:24:46 #test @Fortnite Stats#2375: https://fortnite.y3n.co/ (attachment url(s): https://cdn.discordapp.com/attachments/417078065739333643/439039135131500554/file.jpg)
