2018-04-23 14:22:34 #music-commands @MoFloh#7465: m!join
2018-04-23 14:23:57 #music-commands @quentin#8983: m!play Babawagen Ear Rape
2018-04-23 14:23:58 #music-commands @MedalBot#1237: 
2018-04-23 14:23:58 #music-commands @MedalBot#1237 edited message from 2018-04-23 14:23:58 () to read: 
2018-04-23 14:24:01 #music-commands @quentin#8983: m!skip
2018-04-23 14:24:07 #music-commands @quentin#8983: m!volume 100
2018-04-23 14:24:08 #music-commands @MedalBot#1237: Music player volume changed from `5` to `100`
2018-04-24 16:35:50 #music-commands @MoFloh#7465: m!play alan walker
2018-04-24 16:35:51 #music-commands @MedalBot#1237: 
2018-04-24 16:35:51 #music-commands @MedalBot#1237 edited message from 2018-04-24 16:35:51 () to read: 
2018-04-24 16:35:53 #music-commands @MedalBot#1237: 
2018-04-24 16:35:54 #music-commands @MedalBot#1237 edited message from 2018-04-24 16:35:53 () to read: 
2018-04-25 12:32:39 #music-commands @quentin#8983: M1
2018-04-25 12:32:40 #music-commands @Tatsumaki#8792: 🆙  |  **quentin leveled up!** (attachment url(s): https://cdn.discordapp.com/attachments/437305151976374272/438678734397112320/levelup.png)
2018-04-25 12:32:49 #music-commands @quentin#8983: m!play See You Again
2018-04-25 12:32:50 #music-commands @MedalBot#1237: 
2018-04-25 12:32:51 #music-commands @MedalBot#1237 edited message from 2018-04-25 12:32:50 () to read: 
2018-04-25 12:32:59 #music-commands @quentin#8983: m!volume 15
2018-04-25 12:32:59 #music-commands @MedalBot#1237: Music player volume changed from `5` to `15`
2018-04-25 12:33:06 #music-commands @quentin#8983: m!volume 25
2018-04-25 12:33:06 #music-commands @MedalBot#1237: Music player volume changed from `15` to `25`
2018-04-25 16:10:04 #music-commands @quentin#8983: m!stop
2018-04-25 16:10:04 #music-commands @MedalBot#1237: Playback has been completely stopped and the queue has been cleared.
2018-04-25 16:10:13 #music-commands @quentin#8983: m!play Happy Wheels Gaming Music
2018-04-25 16:10:14 #music-commands @MedalBot#1237: 
2018-04-25 16:10:15 #music-commands @MedalBot#1237 edited message from 2018-04-25 16:10:14 () to read: 
2018-04-27 18:08:48 #music-commands @quentin#8983: m!join
2018-04-27 18:08:53 #music-commands @quentin#8983: m!play Babwagen Ear Rape
2018-04-27 18:08:54 #music-commands @MedalBot#1237: 
2018-04-27 18:08:56 #music-commands @MedalBot#1237 edited message from 2018-04-27 18:08:54 () to read: 
2018-04-27 18:08:57 #music-commands @quentin#8983: m!volume 100
2018-04-27 18:08:57 #music-commands @MedalBot#1237: Music player volume changed from `75` to `100`
2018-04-27 18:09:25 #music-commands @quentin#8983: m!stop
2018-04-27 18:09:25 #music-commands @MedalBot#1237: Playback has been completely stopped and the queue has been cleared.
2018-04-27 18:09:37 #music-commands @quentin#8983: m!play Doggy Ear Rape
2018-04-27 18:09:38 #music-commands @MedalBot#1237: 
2018-04-27 18:09:40 #music-commands @MedalBot#1237 edited message from 2018-04-27 18:09:38 () to read: 
2018-04-27 18:10:21 #music-commands @Bauer_Herrmann#7477: m!play hoch die hände wochende
2018-04-27 18:10:22 #music-commands @MedalBot#1237: Could not play: The uploader has not made this video available in your country.
2018-04-27 18:10:22 #music-commands @MedalBot#1237: Please try again. If the problem persists please contact support in our Discord server. Type `.discord` to join.
2018-04-27 18:10:52 #music-commands @Bauer_Herrmann#7477: m!play hans entertainment
2018-04-27 18:10:53 #music-commands @MedalBot#1237: 
2018-04-27 18:10:55 #music-commands @MedalBot#1237 edited message from 2018-04-27 18:10:53 () to read: 
2018-04-27 18:10:58 #music-commands @quentin#8983: m!next
2018-04-27 18:12:17 #music-commands @quentin#8983: m!play Rewi Lache Remix
2018-04-27 18:12:18 #music-commands @MedalBot#1237: 
2018-04-27 18:12:20 #music-commands @MedalBot#1237 edited message from 2018-04-27 18:12:18 () to read: 
2018-04-27 18:12:24 #music-commands @quentin#8983: m!skip
2018-04-27 18:12:37 #music-commands @quentin#8983: m!stopo
2018-04-27 18:12:40 #music-commands @quentin#8983: m!stop
2018-04-27 18:12:40 #music-commands @MedalBot#1237: Playback has been completely stopped and the queue has been cleared.
2018-04-27 18:12:50 #music-commands @quentin#8983: m!play Rewinside Lache Remix 1h
2018-04-27 18:12:51 #music-commands @MedalBot#1237: 
2018-04-27 18:12:52 #music-commands @MedalBot#1237 edited message from 2018-04-27 18:12:51 () to read: 
2018-04-27 18:15:23 #music-commands @Bauer_Herrmann#7477: m!play ich will unreal tournament spielen remix
2018-04-27 18:15:24 #music-commands @MedalBot#1237: 
2018-04-27 18:15:24 #music-commands @MedalBot#1237 edited message from 2018-04-27 18:15:24 () to read: 
2018-04-27 18:15:27 #music-commands @MedalBot#1237: 
2018-04-27 18:15:28 #music-commands @MedalBot#1237 edited message from 2018-04-27 18:15:27 () to read: 
2018-04-27 18:16:50 #music-commands @quentin#8983: m!play Rewinside Rage Remix
2018-04-27 18:16:51 #music-commands @MedalBot#1237: 
2018-04-27 18:16:52 #music-commands @MedalBot#1237 edited message from 2018-04-27 18:16:51 () to read: 
2018-04-27 18:16:54 #music-commands @MedalBot#1237: 
2018-04-27 18:16:56 #music-commands @MedalBot#1237 edited message from 2018-04-27 18:16:54 () to read: 
2018-04-27 18:16:56 #music-commands @quentin#8983: m!next
2018-04-27 18:17:08 #music-commands @quentin#8983: m!play Rewi Rage Remix
2018-04-27 18:17:09 #music-commands @MedalBot#1237: 
2018-04-27 18:17:10 #music-commands @MedalBot#1237 edited message from 2018-04-27 18:17:09 () to read: 
2018-04-27 18:18:21 #music-commands @Bauer_Herrmann#7477: m!play mein bizeps brennt
2018-04-27 18:18:22 #music-commands @MedalBot#1237: 
2018-04-27 18:18:23 #music-commands @MedalBot#1237 edited message from 2018-04-27 18:18:22 () to read: 
2018-04-27 18:18:26 #music-commands @MedalBot#1237: 
2018-04-27 18:18:27 #music-commands @MedalBot#1237 edited message from 2018-04-27 18:18:26 () to read: 
2018-04-27 18:19:03 #music-commands @Bauer_Herrmann#7477: m!play  hans entertainment
2018-04-27 18:19:04 #music-commands @MedalBot#1237: 
2018-04-27 18:19:05 #music-commands @MedalBot#1237 edited message from 2018-04-27 18:19:04 () to read: 
2018-04-27 18:19:07 #music-commands @MedalBot#1237: 
2018-04-27 18:19:09 #music-commands @MedalBot#1237 edited message from 2018-04-27 18:19:07 () to read: 
2018-04-27 18:20:06 #music-commands @quentin#8983: m!volume 0
2018-04-27 18:20:06 #music-commands @MedalBot#1237: Music player volume changed from `100` to `1`
2018-04-27 18:53:04 #music-commands @quentin#8983: m!pla
2018-04-27 18:53:08 #music-commands @quentin#8983: m!volume 50
2018-04-27 18:53:08 #music-commands @MedalBot#1237: Music player volume changed from `1` to `50`
2018-04-27 19:04:23 #music-commands @Bauer_Herrmann#7477: m!volume 10
2018-04-27 19:04:23 #music-commands @MedalBot#1237: Music player volume changed from `50` to `10`
2018-04-27 19:16:04 #music-commands @quentin#8983: m!volume 25
2018-04-27 19:16:04 #music-commands @MedalBot#1237: Music player volume changed from `10` to `25`
2018-04-27 19:40:27 #music-commands @quentin#8983: m!volume 30
2018-04-27 19:40:27 #music-commands @MedalBot#1237: Music player volume changed from `25` to `30`
2018-04-27 20:05:02 #music-commands @quentin#8983: m!play Nee
2018-04-27 20:05:03 #music-commands @MedalBot#1237: 
2018-04-27 20:05:04 #music-commands @MedalBot#1237 edited message from 2018-04-27 20:05:03 () to read: 
2018-04-27 20:05:05 #music-commands @quentin#8983: m!next
2018-04-27 20:05:09 #music-commands @quentin#8983: m!stop
2018-04-27 20:05:09 #music-commands @MedalBot#1237: Playback has been completely stopped and the queue has been cleared.
2018-04-27 20:05:13 #music-commands @quentin#8983: m!play Nee Kind
2018-04-27 20:05:14 #music-commands @MedalBot#1237: 
2018-04-27 20:05:15 #music-commands @MedalBot#1237 edited message from 2018-04-27 20:05:14 () to read: 
2018-04-27 20:05:19 #music-commands @quentin#8983: m!volume 100
2018-04-27 20:05:19 #music-commands @MedalBot#1237: Music player volume changed from `30` to `100`
2018-04-27 20:12:52 #music-commands @quentin#8983: m!volume 70
2018-04-27 20:12:52 #music-commands @MedalBot#1237: Music player volume changed from `100` to `70`
2018-04-27 20:16:25 #music-commands @quentin#8983: g!join
2018-04-27 20:16:30 #music-commands @quentin#8983: _help
2018-04-27 20:16:30 #music-commands @Gnar#8315: 
2018-04-27 20:16:31 #music-commands @Gnar#8315 edited message from 2018-04-27 20:16:30 () to read: 
2018-04-27 20:16:51 #music-commands @quentin#8983: g!play Doggy
2018-04-27 20:16:52 #music-commands @Gnar#8315: 
2018-04-27 20:16:55 #music-commands @Gnar#8315 edited message from 2018-04-27 20:16:52 () to read: 
2018-04-27 20:16:53 #music-commands @Gnar#8315: 
2018-04-27 20:16:55 #music-commands @Gnar#8315 edited message from 2018-04-27 20:16:53 () to read: 
2018-04-30 13:54:25 #music-commands @MoFloh#7465: m!play alan walker
2018-04-30 13:54:26 #music-commands @MedalBot#1237: 
2018-04-30 13:54:29 #music-commands @MedalBot#1237 edited message from 2018-04-30 13:54:26 () to read: 
