2018-04-24 18:23:27 #staff-chat @exo.#9999: @SkayRock ty
2018-04-24 18:23:34 #staff-chat @SkayRock#8589: joł
2018-04-24 18:23:35 #staff-chat @SkayRock#8589: niga
2018-04-24 18:23:37 #staff-chat @exo.#9999: musze wiedziec jak zrobili logi normalne
2018-04-24 18:23:41 #staff-chat @exo.#9999: a nie takie zjebane co ja mam
2018-04-24 18:23:47 #staff-chat @exo.#9999: zapytam sie na synapse support
2018-04-24 18:24:07 #staff-chat @SkayRock#8589: ok
2018-04-24 18:24:29 #staff-chat @exo.#9999: bo jak usuwam
2018-04-24 18:24:32 #staff-chat @exo.#9999: cos
2018-04-24 18:24:34 #staff-chat @exo.#9999: to nie pokazuje
2018-04-24 18:24:36 #staff-chat @exo.#9999: pacz
2018-04-24 18:24:38 #staff-chat @exo.#9999 deleted message from 2018-04-24 18:24:36 (pacz)
2018-04-24 18:24:41 #staff-chat @exo.#9999: nie ma
2018-04-24 18:24:42 #staff-chat @exo.#9999: w logach
2018-04-24 18:24:43 #staff-chat @exo.#9999: kurwa
2018-04-26 06:40:43 #staff-chat @exo.#9999: !removerole
2018-04-26 06:40:43 #staff-chat @Synapse#0692: ```\n!removerole <rolename> [user]\n\nRemoves a role from user, defaults to author\n\nRole name must be in quotes if there are spaces.\n\n```
2018-04-26 13:04:18 #staff-chat @exo.#9999: @norb spoko nam idzie z serwerem co nie?
2018-04-26 13:04:32 #staff-chat @norb#3495: no wlasnie
2018-04-26 13:04:34 #staff-chat @norb#3495: nie widze
2018-04-26 13:04:38 #staff-chat @norb#3495: ile ludzi
2018-04-26 13:04:39 #staff-chat @norb#3495: jest
2018-04-26 13:04:44 #staff-chat @norb#3495: widze tylko support
2018-04-26 13:04:46 #staff-chat @norb#3495: i adminow
2018-04-26 13:04:54 #staff-chat @exo.#9999: bo to jest staff chat
2018-04-26 13:04:55 #staff-chat @exo.#9999: xD
2018-04-26 13:05:06 #staff-chat @exo.#9999: ale tyle osob
2018-04-26 13:05:06 #staff-chat @exo.#9999:  (attachment url(s): https://cdn.discordapp.com/attachments/438389563724136468/439049286114738187/unknown.png)
2018-04-26 13:05:18 #staff-chat @norb#3495: a
2018-04-26 13:05:19 #staff-chat @norb#3495: kurwa
2018-04-26 13:05:19 #staff-chat @norb#3495: xd
2018-04-26 13:05:20 #staff-chat @norb#3495: xdxdxd
2018-04-26 13:16:16 #staff-chat @SkayRock#8589: sszybko idzie
2018-04-26 13:16:16 #staff-chat @SkayRock#8589: xd
2018-04-27 19:17:36 #staff-chat @exo.#9999: @norb uhm
2018-04-27 19:17:40 #staff-chat @exo.#9999: moge cie prosic o jedno
2018-04-27 19:17:43 #staff-chat @exo.#9999: jak jestes zjarany
2018-04-27 19:17:53 #staff-chat @exo.#9999: to nie pisz nigdzie na #status czy #announcements
2018-04-27 19:17:55 #staff-chat @exo.#9999: XD
2018-04-27 19:27:38 #staff-chat @SkayRock#8589: ZSXDDDDDDDD
2018-04-27 19:28:03 #staff-chat @norb#3495: no ale czmeuj
2018-04-27 19:28:04 #staff-chat @norb#3495: czemui
2018-04-27 19:28:06 #staff-chat @norb#3495: xzmeu
2018-04-27 19:28:07 #staff-chat @norb#3495: czemu
2018-04-27 19:28:08 #staff-chat @norb#3495: kruwa
2018-04-27 19:28:11 #staff-chat @norb#3495: ...
2018-04-27 19:45:51 #staff-chat @exo.#9999: XD
