2018-04-24 19:41:09 #General VC Voice channel join: A VERY LITTLE Polski#2954 (id 278056548369170438), flags: self_mute
2018-04-24 19:41:16 #General VC Voice channel leave: A VERY LITTLE Polski#2954 (id 278056548369170438)
2018-04-25 18:25:42 #General VC Voice channel join: MoonDog#8132 (id 293110171658354719), moved from Queue, flags: self_mute
2018-04-25 18:25:43 #General VC Voice channel leave: MoonDog#8132 (id 293110171658354719) moving to Music
2018-04-25 21:02:46 #General VC Voice channel join: gempa34#3013 (id 438806824792096799), flags: self_mute
2018-04-25 21:02:47 #General VC Server self-unmute: gempa34#3013 (id 438806824792096799)
2018-04-25 21:03:58 #General VC Voice channel leave: gempa34#3013 (id 438806824792096799)
2018-04-25 22:38:27 #General VC Voice channel join: MoonDog#8132 (id 293110171658354719), flags: self_mute
2018-04-25 22:38:30 #General VC Voice channel leave: MoonDog#8132 (id 293110171658354719)
2018-04-26 12:29:41 #General VC Voice channel join: RGBStrix#4835 (id 439033418794401794), moved from Queue
2018-04-26 12:29:42 #General VC Voice channel leave: RGBStrix#4835 (id 439033418794401794) moving to Music
2018-04-26 12:41:43 #General VC Voice channel join: SkayRock#8589 (id 300754440045068289), moved from Lobby, flags: self_mute
2018-04-26 12:41:44 #General VC Voice channel leave: SkayRock#8589 (id 300754440045068289) moving to Lobby
2018-04-26 14:59:03 #General VC Voice channel join: gempa34#3013 (id 438806824792096799), flags: self_mute
2018-04-26 14:59:04 #General VC Server self-unmute: gempa34#3013 (id 438806824792096799)
2018-04-26 14:59:07 #General VC Voice channel leave: gempa34#3013 (id 438806824792096799)
2018-04-26 19:32:31 #General VC Voice channel join: StrixRGB#4835 (id 439033418794401794)
2018-04-26 19:32:42 #General VC Voice channel leave: StrixRGB#4835 (id 439033418794401794)
2018-04-27 09:38:15 #General VC Voice channel join: Bonnie&Clyde#1220 (id 222334378779475968)
2018-04-27 09:38:18 #General VC Voice channel leave: Bonnie&Clyde#1220 (id 222334378779475968)
2018-04-27 14:41:17 #General VC Voice channel join: SkayRock#8589 (id 300754440045068289), moved from Queue, flags: self_mute
2018-04-27 14:41:17 #General VC Server self-unmute: SkayRock#8589 (id 300754440045068289)
2018-04-27 14:41:54 #General VC Voice channel leave: SkayRock#8589 (id 300754440045068289) moving to Queue 2
2018-04-27 16:03:36 #General VC Voice channel join: exo.#9999 (id 391606357788327954), flags: self_mute
2018-04-27 16:03:52 #General VC Voice channel leave: exo.#9999 (id 391606357788327954) moving to Lobby
2018-04-27 18:52:31 #General VC Voice channel join: SC- Derpotimus#4151 (id 203608568006574081), moved from Queue, flags: self_deaf,self_mute
2018-04-27 18:52:34 #General VC Voice channel leave: SC- Derpotimus#4151 (id 203608568006574081) moving to Queue
2018-04-28 18:44:29 #General VC Voice channel join: SC homieg223#0752 (id 109411521213317120)
2018-04-28 18:44:31 #General VC Voice channel leave: SC homieg223#0752 (id 109411521213317120)
2018-04-30 16:10:19 #General VC Voice channel join: R.#8947 (id 186417609640640512)
2018-04-30 16:10:22 #General VC Voice channel leave: R.#8947 (id 186417609640640512)
2018-04-30 16:40:29 #General VC Voice channel join: R.#8947 (id 186417609640640512), flags: self_mute
2018-04-30 16:40:30 #General VC Voice channel join: Ali6837#7204 (id 201387886023671808), flags: self_deaf,self_mute
2018-04-30 16:40:36 #General VC Server self-undeafen: Ali6837#7204 (id 201387886023671808)
2018-04-30 16:40:36 #General VC Server self-deafen: Ali6837#7204 (id 201387886023671808)
2018-04-30 16:40:45 #General VC Voice channel join: Dank Memer#6539 (id 270904126974590976)
2018-04-30 16:40:59 #General VC Voice channel leave: Dank Memer#6539 (id 270904126974590976)
2018-04-30 16:40:59 #General VC Voice channel join: Dank Memer#6539 (id 270904126974590976)
2018-04-30 16:41:21 #General VC Voice channel leave: Dank Memer#6539 (id 270904126974590976)
2018-04-30 16:41:33 #General VC Voice channel join: Dank Memer#6539 (id 270904126974590976)
2018-04-30 16:41:42 #General VC Server self-undeafen: Ali6837#7204 (id 201387886023671808)
2018-04-30 16:41:46 #General VC Server self-deafen: Ali6837#7204 (id 201387886023671808)
2018-04-30 16:41:46 #General VC Voice channel leave: Dank Memer#6539 (id 270904126974590976)
2018-04-30 16:41:53 #General VC Voice channel join: Dank Memer#6539 (id 270904126974590976)
2018-04-30 16:41:56 #General VC Voice channel leave: R.#8947 (id 186417609640640512)
2018-04-30 16:42:06 #General VC Voice channel join: Dank Memer#6539 (id 270904126974590976)
2018-04-30 16:42:13 #General VC Voice channel leave: Ali6837#7204 (id 201387886023671808)
2018-04-30 16:42:35 #General VC Voice channel join: Ali6837#7204 (id 201387886023671808), flags: self_deaf,self_mute
2018-04-30 16:42:44 #General VC Voice channel leave: Dank Memer#6539 (id 270904126974590976)
2018-04-30 16:42:48 #General VC Voice channel leave: Ali6837#7204 (id 201387886023671808)
2018-04-30 19:51:46 #General VC Voice channel join: MrRelikt#4794 (id 381163954019368960)
2018-04-30 19:51:48 #General VC Voice channel leave: MrRelikt#4794 (id 381163954019368960) moving to Music
2018-04-30 19:51:50 #General VC Voice channel join: MrRelikt#4794 (id 381163954019368960), moved from Music, flags: self_mute
2018-04-30 19:51:50 #General VC Server self-unmute: MrRelikt#4794 (id 381163954019368960)
2018-04-30 19:53:01 #General VC Voice channel leave: MrRelikt#4794 (id 381163954019368960)
2018-04-30 21:08:26 #General VC Voice channel join: Bonnie&Clyde#1220 (id 222334378779475968), flags: self_mute
2018-04-30 21:08:26 #General VC Voice channel leave: Bonnie&Clyde#1220 (id 222334378779475968)
2018-04-30 21:10:59 #General VC Voice channel join: PleaseDropSomeCash#1536 (id 203387300959223808), flags: self_mute
2018-04-30 21:11:01 #General VC Voice channel leave: PleaseDropSomeCash#1536 (id 203387300959223808)
2018-05-01 18:23:55 #General VC Voice channel join: MahirIsHere#0310 (id 398059467335270400), moved from Queue, flags: self_mute
2018-05-01 18:23:59 #General VC Voice channel leave: MahirIsHere#0310 (id 398059467335270400) moving to Queue
2018-05-01 18:28:18 #General VC Voice channel join: MahirIsHere#0310 (id 398059467335270400), moved from Queue, flags: self_mute
2018-05-01 18:28:20 #General VC Voice channel leave: MahirIsHere#0310 (id 398059467335270400) moving to Queue
2018-05-02 16:29:20 #General VC Voice channel join: MahirIsHere#0310 (id 398059467335270400), moved from Queue, flags: self_mute
2018-05-02 16:29:22 #General VC Voice channel leave: MahirIsHere#0310 (id 398059467335270400) moving to Queue
2018-05-02 16:33:40 #General VC Voice channel join: MahirIsHere#0310 (id 398059467335270400), moved from Queue, flags: self_mute
2018-05-02 16:33:41 #General VC Voice channel leave: MahirIsHere#0310 (id 398059467335270400) moving to Queue
2018-05-02 21:44:01 #General VC Voice channel join: aschoening#4061 (id 199948433992187906), moved from Queue
2018-05-02 21:44:04 #General VC Voice channel leave: aschoening#4061 (id 199948433992187906) moving to Queue
2018-05-02 21:59:30 #General VC Voice channel join: aschoening#4061 (id 199948433992187906), flags: self_deaf,self_mute
2018-05-02 21:59:57 #General VC Voice channel leave: aschoening#4061 (id 199948433992187906)
