2018-04-26 14:20:48 #Staff VC Voice channel join: exo.#9999 (id 391606357788327954), moved from Lobby, flags: self_mute
2018-04-26 14:20:52 #Staff VC Server self-unmute: exo.#9999 (id 391606357788327954)
2018-04-26 14:20:53 #Staff VC Voice channel join: norb#3495 (id 350789744143237120), moved from Lobby
2018-04-26 14:39:57 #Office for nibbas Voice channel leave: exo.#9999 (id 391606357788327954)
2018-04-26 14:40:06 #Office for nibbas Voice channel leave: norb#3495 (id 350789744143237120)
2018-04-26 14:43:17 #Office for nibbas Voice channel join: exo.#9999 (id 391606357788327954)
2018-04-26 14:48:18 #Office for nibbas Voice channel leave: exo.#9999 (id 391606357788327954)
2018-04-30 20:37:45 #Office for nibbas Voice channel join: exo.#9999 (id 391606357788327954)
2018-04-30 20:37:53 #Office for nibbas Voice channel join: Synapse#0692 (id 435538622293344266)
2018-04-30 20:38:26 #Office for nibbas Voice channel leave: exo.#9999 (id 391606357788327954)
2018-04-30 20:38:40 #Office for nibbas Voice channel leave: Synapse#0692 (id 435538622293344266) moving to staff-music
2018-05-01 14:58:40 #Office for nibbas Voice channel join: exo.#1638 (id 391606357788327954)
2018-05-01 14:58:47 #Office for nibbas Voice channel join: norb#3495 (id 350789744143237120), moved from Lobby, flags: self_mute
2018-05-01 14:59:12 #Office for nibbas Server self-unmute: norb#3495 (id 350789744143237120)
2018-05-01 15:34:05 #Office for nibbas Voice channel leave: exo.#1638 (id 391606357788327954)
2018-05-01 15:38:50 #Office for nibbas Voice channel leave: norb#3495 (id 350789744143237120) moving to Lobby
2018-05-01 19:00:21 #Office for nibbas Voice channel join: norb#3495 (id 350789744143237120)
2018-05-01 20:01:06 #Office for nibbas Voice channel join: norb#3495 (id 350789744143237120)
2018-05-01 20:01:08 #Office for nibbas Voice channel leave: norb#3495 (id 350789744143237120)
2018-05-02 22:11:11 #Office for nibbas Voice channel join: exo.#1638 (id 391606357788327954)
2018-05-02 22:11:14 #Office for nibbas Voice channel leave: exo.#1638 (id 391606357788327954)
2018-05-02 22:11:54 #Office for nibbas Voice channel join: exo.#1638 (id 391606357788327954)
2018-05-02 22:11:54 #Office for nibbas Voice channel leave: exo.#1638 (id 391606357788327954)
