2018-04-24 19:59:33 #announcements @exo.#9999: !lockdown
2018-04-24 19:59:33 #announcements @Synapse#0692: No settings available for this server!
2018-04-25 15:25:47 #announcements @exo.#9999: !up
2018-04-25 15:25:47 #announcements @Synapse#0692: ```\n!cleanup messages <number>\n\nDeletes last X messages.\n\nExample:\ncleanup messages 26\n\n```
2018-04-25 15:25:49 #announcements @exo.#9999: !up 3
2018-04-25 15:25:49 #announcements @exo.#9999 deleted message from 2018-04-25 15:25:47 (!up)
2018-04-25 15:25:49 #announcements @Synapse#0692 deleted message from 2018-04-25 15:25:47 (```\n!cleanup messages <number>\n\nDeletes last X messages.\n\nExample:\ncleanup messages 26\n\n```)
2018-04-25 15:25:49 #announcements @exo.#9999 deleted message from 2018-04-25 15:25:49 (!up 3)
2018-04-25 15:25:51 #announcements @exo.#9999: !up 1
2018-04-25 15:25:53 #announcements @exo.#9999 deleted message from 2018-04-25 15:25:51 (!up 1)
2018-04-25 20:41:49 #announcements @exo.#9999: @​here I see we have some new members. Make sure you check out !bank commands, I will try to open a shop where you can buy recovery with the credits from the bot!
2018-04-26 05:38:52 #announcements @exo.#9999: @​here I will be dropping today at 2pm GMT 1 timezone! Stay tuned.
2018-04-26 06:06:50 #announcements @exo.#9999: @​here Sorry for <:ping:430097102924808193> but I want to announce a new support team member, @1010011. He can russian so if your english isn't good just ask him.
2018-04-26 06:07:09 #announcements @exo.#9999 edited message from 2018-04-26 06:06:50 (@​here Sorry for <:ping:430097102924808193> but I want to announce a new support team member, @1010011. He can russian so if your english isn't good just ask him.) to read: @​here Sorry for <:ping:430097102924808193> but I want to announce a new support team member, @1010011. He can russian so if your english isn't good just ask him if you need help with anything.
2018-04-26 15:28:29 #announcements @exo.#9999: @​here okay so I got couple of questions from some users that don't know about my service or asks how it works. \n1. Yes I have a paid service at #services channel.\n2. For recoveries it works like that. 1. You pay me, I'm confirming the payment. 2. You tell me what version of GTA you have (steam/retail).\n3. Tell me the login/email and password. And if you have the 2FA you need to tell me the code too.\n4. I give the money/lvls/unlockall (depends on what pack you bought.)\n5. Give you the account back.\n6. Tell me if there are any issues. If you got some you can tell me and I'll try to fix them.\n7. After done everything check the acc and see if everything is there. After go to #vouches and write some comments, opinion, issues and how much u rate my service.
2018-04-26 15:28:52 #announcements @exo.#9999: Also I accept: PayPal (best option), gift cards, psc, bitcoin and maybe more
2018-04-27 15:52:56 #announcements @exo.#9999: @​here Our *cough* lovely R* added 5 new cars to the game. Join GTA Online now and check them out!
2018-04-27 16:02:41 #announcements @exo.#9999 deleted message from 2018-04-27 15:52:56 (@​here Our *cough* lovely R* added 5 new cars to the game. Join GTA Online now and check them out!)
2018-04-27 16:02:46 #announcements @exo.#9999: @norb fake info ty kurwo
2018-04-28 07:14:23 #announcements @exo.#9999: @​everyone I would like to introduce you to my referral program. It will work like that: if 2 new members join from you and buys any recovery package/account you will get a 50% discount. If 4 new members joins from you and buy you will get a full discount for golden package! (You will get it for free). \n\nYou can invite people here and you will get something also.\n\n5 new members joins from you (they don’t have to buy anything): 20% discount.\n10 new members joins from you: 50% discount.\n\n**REMEMBER their discord accounts needs to be at least 20 days old. (The rule is not for the members that will buy from me)**
2018-04-28 10:38:56 #announcements @exo.#9999: @​here someone is trying to sell a dead menu that got a c&d from take two <:lmao:428668483040182283> (d3sk1ng) XDD
2018-04-28 10:40:14 #announcements @exo.#9999: DerEchteDarkSpookiMystic#9190 someone troll this guy @​here XD spambot him or just say that u want to buy d3sk1ng
2018-04-28 17:15:33 #announcements @Synapse#0692: .
2018-04-28 17:15:39 #announcements @Synapse#0692 deleted message from 2018-04-28 17:15:33 (.)
2018-04-28 18:16:15 #announcements @exo.#9999: @​here ok guys I made some good things for ya. From now on you can buy roles (colors) like red, blue etc. but for a good price from the bot you will be able to purchase recovery too! go to #bot-spam and type !bank register and !payday to get some cash for the roles. You can gamble too! type !rr (bet amount) to play russian roulette with friends or just !bet (amount) heads/tails to do a solo! And many more. Here are the prices. (to buy go to #bot-spam and type !buyrole (role0
2018-04-28 18:16:17 #announcements @exo.#9999 edited message from 2018-04-28 18:16:15 (@​here ok guys I made some good things for ya. From now on you can buy roles (colors) like red, blue etc. but for a good price from the bot you will be able to purchase recovery too! go to #bot-spam and type !bank register and !payday to get some cash for the roles. You can gamble too! type !rr (bet amount) to play russian roulette with friends or just !bet (amount) heads/tails to do a solo! And many more. Here are the prices. (to buy go to #bot-spam and type !buyrole (role0) to read: @​here ok guys I made some good things for ya. From now on you can buy roles (colors) like red, blue etc. but for a good price from the bot you will be able to purchase recovery too! go to #bot-spam and type !bank register and !payday to get some cash for the roles. You can gamble too! type !rr (bet amount) to play russian roulette with friends or just !bet (amount) heads/tails to do a solo! And many more. Here are the prices. (to buy go to #bot-spam and type !buyrole (role)
2018-04-28 18:16:20 #announcements @exo.#9999:  (attachment url(s): https://cdn.discordapp.com/attachments/438389187419439135/439852382726389760/unknown.png)
2018-04-30 08:52:34 #announcements @exo.#9999: @​here R.I.P nitro tomorrow <:sadpepe:421031383658397699> (attachment url(s): https://cdn.discordapp.com/attachments/438389187419439135/440435283775979520/unknown.png)
2018-04-30 08:52:47 #announcements @exo.#9999: <:deepfriedLMAO:439923831759437824>
2018-04-30 10:57:33 #announcements @exo.#9999: @​here shopping done <:helplmao:439923822137704458> (attachment url(s): https://cdn.discordapp.com/attachments/438389187419439135/440466736320348160/unknown.png)
2018-04-30 11:20:36 #announcements @GiveawayBot#2381: <:yay:294906617378504704>   **GIVEAWAY**   <:yay:294906617378504704>
2018-04-30 11:20:36 #announcements @GiveawayBot#2381 edited message from 2018-04-30 11:20:36 (<:yay:294906617378504704>   **GIVEAWAY**   <:yay:294906617378504704>) to read: <:yay:294906617378504704>   **GIVEAWAY**   <:yay:294906617378504704>
2018-04-30 11:20:47 #announcements @exo.#9999: @​everyone here we go, 1 winner gets 9 keys
2018-04-30 11:22:45 #announcements @exo.#9999: did the giveaway coz im lazy as hell to redeem them lmao
2018-04-30 11:24:39 #announcements @GiveawayBot#2381 edited message from 2018-04-30 11:20:36 (<:yay:294906617378504704>   **GIVEAWAY**   <:yay:294906617378504704>) to read: <:yay:294906617378504704>   **GIVEAWAY**   <:yay:294906617378504704>
2018-04-30 11:24:39 #announcements @GiveawayBot#2381 edited message from 2018-04-30 11:20:36 (<:yay:294906617378504704>   **GIVEAWAY**   <:yay:294906617378504704>) to read: <:yay:294906617378504704>   **GIVEAWAY**   <:yay:294906617378504704>
2018-04-30 11:29:51 #announcements @GiveawayBot#2381 edited message from 2018-04-30 11:20:36 (<:yay:294906617378504704>   **GIVEAWAY**   <:yay:294906617378504704>) to read: <:yay:294906617378504704>   **GIVEAWAY**   <:yay:294906617378504704>
2018-04-30 11:29:51 #announcements @GiveawayBot#2381 edited message from 2018-04-30 11:20:36 (<:yay:294906617378504704>   **GIVEAWAY**   <:yay:294906617378504704>) to read: <:yay:294906617378504704>   **GIVEAWAY**   <:yay:294906617378504704>
2018-04-30 11:35:17 #announcements @GiveawayBot#2381 edited message from 2018-04-30 11:20:36 (<:yay:294906617378504704>   **GIVEAWAY**   <:yay:294906617378504704>) to read: <:yay:294906617378504704>   **GIVEAWAY**   <:yay:294906617378504704>
2018-04-30 11:35:17 #announcements @GiveawayBot#2381 edited message from 2018-04-30 11:20:36 (<:yay:294906617378504704>   **GIVEAWAY**   <:yay:294906617378504704>) to read: <:yay:294906617378504704>   **GIVEAWAY**   <:yay:294906617378504704>
2018-04-30 11:41:30 #announcements @GiveawayBot#2381 edited message from 2018-04-30 11:20:36 (<:yay:294906617378504704>   **GIVEAWAY**   <:yay:294906617378504704>) to read: <:yay:294906617378504704>   **GIVEAWAY**   <:yay:294906617378504704>
2018-04-30 11:41:30 #announcements @GiveawayBot#2381 edited message from 2018-04-30 11:20:36 (<:yay:294906617378504704>   **GIVEAWAY**   <:yay:294906617378504704>) to read: <:yay:294906617378504704>   **GIVEAWAY**   <:yay:294906617378504704>
2018-04-30 11:46:57 #announcements @GiveawayBot#2381 edited message from 2018-04-30 11:20:36 (<:yay:294906617378504704>   **GIVEAWAY**   <:yay:294906617378504704>) to read: <:yay:294906617378504704>   **GIVEAWAY**   <:yay:294906617378504704>
2018-04-30 11:46:57 #announcements @GiveawayBot#2381 edited message from 2018-04-30 11:20:36 (<:yay:294906617378504704>   **GIVEAWAY**   <:yay:294906617378504704>) to read: <:yay:294906617378504704>   **GIVEAWAY**   <:yay:294906617378504704>
2018-04-30 11:52:41 #announcements @GiveawayBot#2381 edited message from 2018-04-30 11:20:36 (<:yay:294906617378504704>   **GIVEAWAY**   <:yay:294906617378504704>) to read: <:yay:294906617378504704>   **GIVEAWAY**   <:yay:294906617378504704>
2018-04-30 11:52:41 #announcements @GiveawayBot#2381 edited message from 2018-04-30 11:20:36 (<:yay:294906617378504704>   **GIVEAWAY**   <:yay:294906617378504704>) to read: <:yay:294906617378504704>   **GIVEAWAY**   <:yay:294906617378504704>
2018-04-30 11:57:32 #announcements @GiveawayBot#2381 edited message from 2018-04-30 11:20:36 (<:yay:294906617378504704>   **GIVEAWAY**   <:yay:294906617378504704>) to read: <:yay:294906617378504704>   **GIVEAWAY**   <:yay:294906617378504704>
2018-04-30 11:57:32 #announcements @GiveawayBot#2381 edited message from 2018-04-30 11:20:36 (<:yay:294906617378504704>   **GIVEAWAY**   <:yay:294906617378504704>) to read: <:yay:294906617378504704>   **GIVEAWAY**   <:yay:294906617378504704>
2018-04-30 12:02:43 #announcements @GiveawayBot#2381 edited message from 2018-04-30 11:20:36 (<:yay:294906617378504704>   **GIVEAWAY**   <:yay:294906617378504704>) to read: <:yay:294906617378504704>   **GIVEAWAY**   <:yay:294906617378504704>
2018-04-30 12:02:43 #announcements @GiveawayBot#2381 edited message from 2018-04-30 11:20:36 (<:yay:294906617378504704>   **GIVEAWAY**   <:yay:294906617378504704>) to read: <:yay:294906617378504704>   **GIVEAWAY**   <:yay:294906617378504704>
2018-04-30 12:08:02 #announcements @GiveawayBot#2381 edited message from 2018-04-30 11:20:36 (<:yay:294906617378504704>   **GIVEAWAY**   <:yay:294906617378504704>) to read: <:yay:294906617378504704>   **GIVEAWAY**   <:yay:294906617378504704>
2018-04-30 12:08:02 #announcements @GiveawayBot#2381 edited message from 2018-04-30 11:20:36 (<:yay:294906617378504704>   **GIVEAWAY**   <:yay:294906617378504704>) to read: <:yay:294906617378504704>   **GIVEAWAY**   <:yay:294906617378504704>
2018-04-30 12:14:17 #announcements @GiveawayBot#2381 edited message from 2018-04-30 11:20:36 (<:yay:294906617378504704>   **GIVEAWAY**   <:yay:294906617378504704>) to read: <:yay:294906617378504704>   **GIVEAWAY**   <:yay:294906617378504704>
2018-04-30 12:14:17 #announcements @GiveawayBot#2381 edited message from 2018-04-30 11:20:36 (<:yay:294906617378504704>   **GIVEAWAY**   <:yay:294906617378504704>) to read: <:yay:294906617378504704>   **GIVEAWAY**   <:yay:294906617378504704>
2018-04-30 12:20:02 #announcements @GiveawayBot#2381 edited message from 2018-04-30 11:20:36 (<:yay:294906617378504704>   **GIVEAWAY**   <:yay:294906617378504704>) to read: <:yay:294906617378504704>   **GIVEAWAY**   <:yay:294906617378504704>
2018-04-30 12:20:02 #announcements @GiveawayBot#2381 edited message from 2018-04-30 11:20:36 (<:yay:294906617378504704>   **GIVEAWAY**   <:yay:294906617378504704>) to read: <:yay:294906617378504704>   **GIVEAWAY**   <:yay:294906617378504704>
2018-04-30 12:25:18 #announcements @GiveawayBot#2381 edited message from 2018-04-30 11:20:36 (<:yay:294906617378504704>   **GIVEAWAY**   <:yay:294906617378504704>) to read: <:yay:294906617378504704>   **GIVEAWAY**   <:yay:294906617378504704>
2018-04-30 12:25:18 #announcements @GiveawayBot#2381 edited message from 2018-04-30 11:20:36 (<:yay:294906617378504704>   **GIVEAWAY**   <:yay:294906617378504704>) to read: <:yay:294906617378504704>   **GIVEAWAY**   <:yay:294906617378504704>
2018-04-30 12:30:42 #announcements @GiveawayBot#2381 edited message from 2018-04-30 11:20:36 (<:yay:294906617378504704>   **GIVEAWAY**   <:yay:294906617378504704>) to read: <:yay:294906617378504704>   **GIVEAWAY**   <:yay:294906617378504704>
2018-04-30 12:30:42 #announcements @GiveawayBot#2381 edited message from 2018-04-30 11:20:36 (<:yay:294906617378504704>   **GIVEAWAY**   <:yay:294906617378504704>) to read: <:yay:294906617378504704>   **GIVEAWAY**   <:yay:294906617378504704>
2018-04-30 12:36:10 #announcements @GiveawayBot#2381 edited message from 2018-04-30 11:20:36 (<:yay:294906617378504704>   **GIVEAWAY**   <:yay:294906617378504704>) to read: <:yay:294906617378504704>   **GIVEAWAY**   <:yay:294906617378504704>
2018-04-30 12:36:10 #announcements @GiveawayBot#2381 edited message from 2018-04-30 11:20:36 (<:yay:294906617378504704>   **GIVEAWAY**   <:yay:294906617378504704>) to read: <:yay:294906617378504704>   **GIVEAWAY**   <:yay:294906617378504704>
2018-04-30 12:42:00 #announcements @GiveawayBot#2381 edited message from 2018-04-30 11:20:36 (<:yay:294906617378504704>   **GIVEAWAY**   <:yay:294906617378504704>) to read: <:yay:294906617378504704>   **GIVEAWAY**   <:yay:294906617378504704>
2018-04-30 12:42:00 #announcements @GiveawayBot#2381 edited message from 2018-04-30 11:20:36 (<:yay:294906617378504704>   **GIVEAWAY**   <:yay:294906617378504704>) to read: <:yay:294906617378504704>   **GIVEAWAY**   <:yay:294906617378504704>
2018-04-30 12:47:18 #announcements @GiveawayBot#2381 edited message from 2018-04-30 11:20:36 (<:yay:294906617378504704>   **GIVEAWAY**   <:yay:294906617378504704>) to read: <:yay:294906617378504704>   **GIVEAWAY**   <:yay:294906617378504704>
2018-04-30 12:47:18 #announcements @GiveawayBot#2381 edited message from 2018-04-30 11:20:36 (<:yay:294906617378504704>   **GIVEAWAY**   <:yay:294906617378504704>) to read: <:yay:294906617378504704>   **GIVEAWAY**   <:yay:294906617378504704>
2018-04-30 12:53:14 #announcements @GiveawayBot#2381 edited message from 2018-04-30 11:20:36 (<:yay:294906617378504704>   **GIVEAWAY**   <:yay:294906617378504704>) to read: <:yay:294906617378504704>   **GIVEAWAY**   <:yay:294906617378504704>
2018-04-30 12:53:14 #announcements @GiveawayBot#2381 edited message from 2018-04-30 11:20:36 (<:yay:294906617378504704>   **GIVEAWAY**   <:yay:294906617378504704>) to read: <:yay:294906617378504704>   **GIVEAWAY**   <:yay:294906617378504704>
2018-04-30 12:58:23 #announcements @GiveawayBot#2381 edited message from 2018-04-30 11:20:36 (<:yay:294906617378504704>   **GIVEAWAY**   <:yay:294906617378504704>) to read: <:yay:294906617378504704>   **GIVEAWAY**   <:yay:294906617378504704>
2018-04-30 12:58:23 #announcements @GiveawayBot#2381 edited message from 2018-04-30 11:20:36 (<:yay:294906617378504704>   **GIVEAWAY**   <:yay:294906617378504704>) to read: <:yay:294906617378504704>   **GIVEAWAY**   <:yay:294906617378504704>
2018-04-30 13:04:08 #announcements @GiveawayBot#2381 edited message from 2018-04-30 11:20:36 (<:yay:294906617378504704>   **GIVEAWAY**   <:yay:294906617378504704>) to read: <:yay:294906617378504704>   **GIVEAWAY**   <:yay:294906617378504704>
2018-04-30 13:04:08 #announcements @GiveawayBot#2381 edited message from 2018-04-30 11:20:36 (<:yay:294906617378504704>   **GIVEAWAY**   <:yay:294906617378504704>) to read: <:yay:294906617378504704>   **GIVEAWAY**   <:yay:294906617378504704>
2018-04-30 13:09:36 #announcements @GiveawayBot#2381 edited message from 2018-04-30 11:20:36 (<:yay:294906617378504704>   **GIVEAWAY**   <:yay:294906617378504704>) to read: <:yay:294906617378504704>   **GIVEAWAY**   <:yay:294906617378504704>
2018-04-30 13:09:36 #announcements @GiveawayBot#2381 edited message from 2018-04-30 11:20:36 (<:yay:294906617378504704>   **GIVEAWAY**   <:yay:294906617378504704>) to read: <:yay:294906617378504704>   **GIVEAWAY**   <:yay:294906617378504704>
2018-04-30 13:14:54 #announcements @GiveawayBot#2381 edited message from 2018-04-30 11:20:36 (<:yay:294906617378504704>   **GIVEAWAY**   <:yay:294906617378504704>) to read: <:yay:294906617378504704>   **GIVEAWAY**   <:yay:294906617378504704>
2018-04-30 13:14:54 #announcements @GiveawayBot#2381 edited message from 2018-04-30 11:20:36 (<:yay:294906617378504704>   **GIVEAWAY**   <:yay:294906617378504704>) to read: <:yay:294906617378504704>   **GIVEAWAY**   <:yay:294906617378504704>
2018-04-30 13:19:55 #announcements @GiveawayBot#2381 edited message from 2018-04-30 11:20:36 (<:yay:294906617378504704>   **GIVEAWAY**   <:yay:294906617378504704>) to read: <:yay:294906617378504704>   **GIVEAWAY**   <:yay:294906617378504704>
2018-04-30 13:19:55 #announcements @GiveawayBot#2381 edited message from 2018-04-30 11:20:36 (<:yay:294906617378504704>   **GIVEAWAY**   <:yay:294906617378504704>) to read: <:yay:294906617378504704>   **GIVEAWAY**   <:yay:294906617378504704>
2018-04-30 13:25:46 #announcements @GiveawayBot#2381 edited message from 2018-04-30 11:20:36 (<:yay:294906617378504704>   **GIVEAWAY**   <:yay:294906617378504704>) to read: <:yay:294906617378504704>   **GIVEAWAY**   <:yay:294906617378504704>
2018-04-30 13:25:46 #announcements @GiveawayBot#2381 edited message from 2018-04-30 11:20:36 (<:yay:294906617378504704>   **GIVEAWAY**   <:yay:294906617378504704>) to read: <:yay:294906617378504704>   **GIVEAWAY**   <:yay:294906617378504704>
2018-04-30 13:31:15 #announcements @GiveawayBot#2381 edited message from 2018-04-30 11:20:36 (<:yay:294906617378504704>   **GIVEAWAY**   <:yay:294906617378504704>) to read: <:yay:294906617378504704>   **GIVEAWAY**   <:yay:294906617378504704>
2018-04-30 13:31:15 #announcements @GiveawayBot#2381 edited message from 2018-04-30 11:20:36 (<:yay:294906617378504704>   **GIVEAWAY**   <:yay:294906617378504704>) to read: <:yay:294906617378504704>   **GIVEAWAY**   <:yay:294906617378504704>
2018-04-30 13:35:51 #announcements @GiveawayBot#2381 edited message from 2018-04-30 11:20:36 (<:yay:294906617378504704>   **GIVEAWAY**   <:yay:294906617378504704>) to read: <:yay:294906617378504704>   **GIVEAWAY**   <:yay:294906617378504704>
2018-04-30 13:35:51 #announcements @GiveawayBot#2381 edited message from 2018-04-30 11:20:36 (<:yay:294906617378504704>   **GIVEAWAY**   <:yay:294906617378504704>) to read: <:yay:294906617378504704>   **GIVEAWAY**   <:yay:294906617378504704>
2018-04-30 13:41:45 #announcements @GiveawayBot#2381 edited message from 2018-04-30 11:20:36 (<:yay:294906617378504704>   **GIVEAWAY**   <:yay:294906617378504704>) to read: <:yay:294906617378504704>   **GIVEAWAY**   <:yay:294906617378504704>
2018-04-30 13:41:45 #announcements @GiveawayBot#2381 edited message from 2018-04-30 11:20:36 (<:yay:294906617378504704>   **GIVEAWAY**   <:yay:294906617378504704>) to read: <:yay:294906617378504704>   **GIVEAWAY**   <:yay:294906617378504704>
2018-04-30 13:42:21 #announcements @GiveawayBot#2381 edited message from 2018-04-30 11:20:36 (<:yay:294906617378504704>   **GIVEAWAY**   <:yay:294906617378504704>) to read: <:yay:294906617378504704>   **GIVEAWAY**   <:yay:294906617378504704>
2018-04-30 13:42:21 #announcements @GiveawayBot#2381 edited message from 2018-04-30 11:20:36 (<:yay:294906617378504704>   **GIVEAWAY**   <:yay:294906617378504704>) to read: <:yay:294906617378504704>   **GIVEAWAY**   <:yay:294906617378504704>
2018-04-30 13:43:21 #announcements @GiveawayBot#2381 edited message from 2018-04-30 11:20:36 (<:yay:294906617378504704>   **GIVEAWAY**   <:yay:294906617378504704>) to read: <:yay:294906617378504704>   **GIVEAWAY**   <:yay:294906617378504704>
2018-04-30 13:43:21 #announcements @GiveawayBot#2381 edited message from 2018-04-30 11:20:36 (<:yay:294906617378504704>   **GIVEAWAY**   <:yay:294906617378504704>) to read: <:yay:294906617378504704>   **GIVEAWAY**   <:yay:294906617378504704>
2018-04-30 13:44:22 #announcements @GiveawayBot#2381 edited message from 2018-04-30 11:20:36 (<:yay:294906617378504704>   **GIVEAWAY**   <:yay:294906617378504704>) to read: <:yay:294906617378504704>   **GIVEAWAY**   <:yay:294906617378504704>
2018-04-30 13:44:22 #announcements @GiveawayBot#2381 edited message from 2018-04-30 11:20:36 (<:yay:294906617378504704>   **GIVEAWAY**   <:yay:294906617378504704>) to read: <:yay:294906617378504704>   **GIVEAWAY**   <:yay:294906617378504704>
2018-04-30 13:45:24 #announcements @GiveawayBot#2381 edited message from 2018-04-30 11:20:36 (<:yay:294906617378504704>   **GIVEAWAY**   <:yay:294906617378504704>) to read: <:yay:294906617378504704>   **GIVEAWAY**   <:yay:294906617378504704>
2018-04-30 13:45:24 #announcements @GiveawayBot#2381 edited message from 2018-04-30 11:20:36 (<:yay:294906617378504704>   **GIVEAWAY**   <:yay:294906617378504704>) to read: <:yay:294906617378504704>   **GIVEAWAY**   <:yay:294906617378504704>
2018-04-30 13:47:14 #announcements @GiveawayBot#2381 edited message from 2018-04-30 11:20:36 (<:yay:294906617378504704>   **GIVEAWAY**   <:yay:294906617378504704>) to read: <:yay:294906617378504704>   **GIVEAWAY**   <:yay:294906617378504704>
2018-04-30 13:47:14 #announcements @GiveawayBot#2381 edited message from 2018-04-30 11:20:36 (<:yay:294906617378504704>   **GIVEAWAY**   <:yay:294906617378504704>) to read: <:yay:294906617378504704>   **GIVEAWAY**   <:yay:294906617378504704>
2018-04-30 13:48:09 #announcements @GiveawayBot#2381 edited message from 2018-04-30 11:20:36 (<:yay:294906617378504704>   **GIVEAWAY**   <:yay:294906617378504704>) to read: <:yay:294906617378504704>   **GIVEAWAY**   <:yay:294906617378504704>
2018-04-30 13:48:09 #announcements @GiveawayBot#2381 edited message from 2018-04-30 11:20:36 (<:yay:294906617378504704>   **GIVEAWAY**   <:yay:294906617378504704>) to read: <:yay:294906617378504704>   **GIVEAWAY**   <:yay:294906617378504704>
2018-04-30 13:49:10 #announcements @GiveawayBot#2381 edited message from 2018-04-30 11:20:36 (<:yay:294906617378504704>   **GIVEAWAY**   <:yay:294906617378504704>) to read: <:yay:294906617378504704>   **GIVEAWAY**   <:yay:294906617378504704>
2018-04-30 13:49:10 #announcements @GiveawayBot#2381 edited message from 2018-04-30 11:20:36 (<:yay:294906617378504704>   **GIVEAWAY**   <:yay:294906617378504704>) to read: <:yay:294906617378504704>   **GIVEAWAY**   <:yay:294906617378504704>
2018-04-30 14:40:36 #announcements @GiveawayBot#2381: Congratulations @MrRelikt! You won the **9x Lite Steam Keys**!
2018-04-30 14:40:40 #announcements @Ali6837#7204: Oh wow
2018-04-30 14:51:58 #announcements @Ali6837#7204: @MrRelikt contact exo
2018-04-30 14:52:02 #announcements @Ali6837#7204 deleted message from 2018-04-30 14:40:40 (Oh wow)
2018-04-30 14:52:15 #announcements @exo.#9999: he contacted me cunt
2018-04-30 14:52:23 #announcements @Ali6837#7204: Oh lol I am big cunt
2018-04-30 14:52:26 #announcements @exo.#9999: !up 3
2018-04-30 14:52:26 #announcements @Ali6837#7204 deleted message from 2018-04-30 14:51:58 (@MrRelikt contact exo)
2018-04-30 14:52:26 #announcements @exo.#9999 deleted message from 2018-04-30 14:52:15 (he contacted me cunt)
2018-04-30 14:52:26 #announcements @Ali6837#7204 deleted message from 2018-04-30 14:52:23 (Oh lol I am big cunt)
2018-04-30 14:52:26 #announcements @exo.#9999 deleted message from 2018-04-30 14:52:26 (!up 3)
2018-04-30 14:57:04 #announcements @exo.#9999: @​here got 2 of them, any idea where I can trade them for smthng or maybe sell idk? lmao (attachment url(s): https://cdn.discordapp.com/attachments/438389187419439135/440527014458294272/unknown.png)
2018-04-30 19:21:33 #announcements @exo.#9999: @​here bois if this server gets deleted join the backup xd https://discord.gg/baJNDCy
2018-05-01 16:26:21 #announcements @exo.#1638: @​everyone so I made a new paypal account for payments. If you are interested in a package hmu.
2018-05-01 16:26:39 #announcements @exo.#1638: Not accepting payments on the old one.
2018-05-01 16:55:39 #announcements @exo.#1638: @​here working on some updates for easy buying... (attachment url(s): https://cdn.discordapp.com/attachments/438389187419439135/440919244281217025/unknown.png)
2018-05-01 17:50:33 #announcements @exo.#1638: @​here ok some changes. I did some price change, because selly.gg took hella lot of fees. I will update the #before-buying so it fits everyone. And yea I moved to selly for easy purchasing. Here is the link: https://selly.gg/@exogta\nWhen you bought from it you will get a serial code which you will give me in dm so I can proceed the recovery.
2018-05-02 10:44:36 #announcements @Ali6837#7204: @​everyone Join our back up server Incase if this gets banned https://discord.gg/gZ5Ntak
2018-05-02 10:44:46 #announcements @exo.#1638: Important ^
2018-05-02 13:58:09 #announcements @exo.#1638: @​here uhm anyone knows a place where I can get a pre paid credit card or just a credit card to link it to my paypal so I can verify it and buy nitro? -_-
2018-05-02 13:58:27 #announcements @exo.#1638: if u know where tell me and u will get a discount
2018-05-02 13:58:42 #announcements @SkayRock#8589: ask ur mom for a credit card <:xd:440625139923550218>
2018-05-02 13:58:51 #announcements @exo.#1638: <:XD1:440625148786114560>
2018-05-02 16:01:20 #announcements @exo.#1638: @​here anyone who wants to buy my main account exoboi_main?\n129 Billions GTA$\nLVL 1337\nUnlock All\nAll other good shit\n25$\nPayPal Only
2018-05-02 20:17:48 #announcements @exo.#1638: no one? ok
2018-05-02 20:17:51 #announcements @exo.#1638: -.-.
2018-05-02 20:17:52 #announcements @exo.#1638 edited message from 2018-05-02 20:17:51 (-.-.) to read: -.-
2018-05-02 20:54:45 #announcements @SkayRock#8589: :)
