2018-04-27 13:40:58 #Queue 2 Voice channel join: exo.#9999 (id 391606357788327954)
2018-04-27 13:41:00 #Queue 2 Voice channel leave: exo.#9999 (id 391606357788327954) moving to Lobby
2018-04-27 14:41:54 #Queue 2 Voice channel join: SkayRock#8589 (id 300754440045068289), moved from General VC
2018-04-27 14:41:55 #Queue 2 Voice channel leave: SkayRock#8589 (id 300754440045068289)
2018-04-27 20:17:38 #Queue 2 Voice channel join: norb#3495 (id 350789744143237120)
2018-04-27 20:17:42 #Queue 2 Voice channel leave: norb#3495 (id 350789744143237120)
2018-04-27 20:21:38 #Queue 2 Voice channel join: norb#3495 (id 350789744143237120)
2018-04-27 20:21:50 #Queue 2 Voice channel leave: norb#3495 (id 350789744143237120) moving to Queue
2018-04-30 20:57:01 #Queue 2 Voice channel join: PleaseDropSomeCash#1536 (id 203387300959223808), flags: self_mute
2018-04-30 20:57:06 #Queue 2 Voice channel leave: PleaseDropSomeCash#1536 (id 203387300959223808)
2018-04-30 20:57:11 #Queue 2 Voice channel join: PleaseDropSomeCash#1536 (id 203387300959223808), flags: self_mute
2018-04-30 20:59:00 #Queue 2 Voice channel leave: PleaseDropSomeCash#1536 (id 203387300959223808)
2018-04-30 21:00:48 #Queue 2 Voice channel join: PleaseDropSomeCash#1536 (id 203387300959223808), flags: self_mute
2018-04-30 21:00:48 #Queue 2 Voice channel leave: PleaseDropSomeCash#1536 (id 203387300959223808)
2018-04-30 21:00:51 #Queue 2 Voice channel join: PleaseDropSomeCash#1536 (id 203387300959223808), flags: self_mute
2018-04-30 21:05:11 #Queue 2 Voice channel leave: PleaseDropSomeCash#1536 (id 203387300959223808) moving to afk
2018-05-01 19:20:47 #Queue 2 Voice channel join: Lenumator#9805 (id 397821008339402752), moved from Queue, flags: self_mute
2018-05-01 19:20:49 #Queue 2 Voice channel leave: Lenumator#9805 (id 397821008339402752)
2018-05-02 21:32:45 #Queue 2 Voice channel join: aschoening#4061 (id 199948433992187906)
2018-05-02 21:32:50 #Queue 2 Voice channel leave: aschoening#4061 (id 199948433992187906)
2018-05-02 22:10:14 #Queue 2 Voice channel join: exo.#1638 (id 391606357788327954)
2018-05-02 22:10:16 #Queue 2 Voice channel leave: exo.#1638 (id 391606357788327954)
