2018-04-25 15:26:17 #general-foreign @SkayRock#8589: @exo. synap[se?
2018-04-25 15:26:42 #general-foreign @exo.#9999: tak
2018-04-25 15:26:49 #general-foreign @exo.#9999: pierdole jak zrajduja
2018-04-25 15:26:53 #general-foreign @exo.#9999: zrobie nowy serwer
2018-04-25 15:26:54 #general-foreign @SkayRock#8589: xD
2018-04-25 15:27:04 #general-foreign @exo.#9999: oraz jestem aktywny 24/7 wiec wiesz
2018-04-25 15:27:10 #general-foreign @exo.#9999: jak ty cos zobaczysz to od razu ban
2018-04-25 15:27:59 #general-foreign @SkayRock#8589: cos zobacze?
2018-04-25 15:28:00 #general-foreign @SkayRock#8589: aa
2018-04-25 15:28:01 #general-foreign @SkayRock#8589: lol
2018-04-25 15:31:35 #general-foreign @exo.#9999: @SkayRock wejdz tu
2018-04-25 15:31:35 #general-foreign @exo.#9999: https://www.reddit.com/r/gtamoddedlobbies/comments/8eug9b/elite_modders_pc_daily_free_gta_v_online_drops/
2018-04-25 15:31:36 #general-foreign @exo.#9999 edited message from 2018-04-25 15:31:35 (https://www.reddit.com/r/gtamoddedlobbies/comments/8eug9b/elite_modders_pc_daily_free_gta_v_online_drops/) to read: https://www.reddit.com/r/gtamoddedlobbies/comments/8eug9b/elite_modders_pc_daily_free_gta_v_online_drops/
2018-04-25 15:31:52 #general-foreign @exo.#9999: i kliknij w ta strzalke w gore po zrobieniu konta i powiedz cos milego
2018-04-25 15:31:55 #general-foreign @exo.#9999: ze spoko serwer
2018-04-25 15:31:58 #general-foreign @exo.#9999: dropy zajebiste
2018-04-25 15:32:02 #general-foreign @exo.#9999: i tanie recovery
2018-04-25 15:34:20 #general-foreign @exo.#9999: spoko ? @SkayRock
2018-04-25 15:34:24 #general-foreign @exo.#9999: i po angielsku
2018-04-25 15:34:27 #general-foreign @exo.#9999: ty chujku
2018-04-25 15:34:37 #general-foreign @SkayRock#8589: no juz
2018-04-26 06:25:28 #general-foreign @1010011#1111: <a:thonkpolycolor:437632852440514570>
2018-04-26 06:25:41 #general-foreign @exo.#9999: <a:rotate_thonking:437574470371246101>
2018-04-26 06:26:08 #general-foreign @exo.#9999: @1010011 you have reddit ?
2018-04-26 06:26:44 #general-foreign @1010011#1111: No
2018-04-26 06:26:46 #general-foreign @exo.#9999: ok
2018-04-26 06:27:09 #general-foreign @exo.#9999: @1010011 you have good emojis? <:mhm:435767817896460299>
2018-04-26 06:27:25 #general-foreign @1010011#1111: <a:ThinkRevolution:433856791210622976>
2018-04-26 06:27:33 #general-foreign @exo.#9999: add to my server
2018-04-26 06:28:01 #general-foreign @exo.#9999: now
2018-04-26 06:29:58 #general-foreign @1010011#1111: I have permission?
2018-04-26 06:30:04 #general-foreign @exo.#9999: yes
2018-04-26 06:30:07 #general-foreign @1010011#1111: Kk
2018-04-26 06:30:24 #general-foreign @1010011#1111: When I'll be from pc
2018-04-26 06:30:40 #general-foreign @exo.#9999: <a:pepepsyxo:435767818366222346>
2018-04-27 13:56:18 #general-foreign @SkayRock#8589: m,am butelke wodu w buzi i mi sie nie xchce jej wyciagac
2018-04-27 13:56:23 #general-foreign @SkayRock#8589: wody
2018-04-27 13:56:23 #general-foreign @SkayRock#8589: kuraw
2018-04-27 13:58:30 #general-foreign @exo.#9999: :Xd
2018-04-27 13:58:32 #general-foreign @exo.#9999 edited message from 2018-04-27 13:58:30 (:Xd) to read: <:lmao:428668483040182283>
2018-04-27 15:52:37 #general-foreign @norb#3495: @exo. kurwo
2018-04-27 15:52:43 #general-foreign @norb#3495: napisałbym w #announcements
2018-04-27 15:52:46 #general-foreign @norb#3495: ale nie mam praw
2018-04-27 15:52:46 #general-foreign @norb#3495: psie
2018-04-27 15:52:47 #general-foreign @norb#3495: ❤
2018-04-27 15:53:01 #general-foreign @exo.#9999: aa
2018-04-27 15:53:03 #general-foreign @exo.#9999: hm
2018-04-27 15:53:10 #general-foreign @exo.#9999: !addrole Moderator @norb
2018-04-27 15:53:11 #general-foreign @Synapse#0692: Added role Moderator to norb
2018-04-27 15:55:25 #general-foreign @norb#3495: NOOOO
2018-04-27 15:55:30 #general-foreign @norb#3495: @exo.
2018-04-27 15:55:31 #general-foreign @norb#3495: kurwa
2018-04-27 15:55:34 #general-foreign @SkayRock#8589: XD
2018-04-27 15:55:35 #general-foreign @norb#3495: 24 naszego czasu
2018-04-27 15:55:37 #general-foreign @norb#3495: pojeablo mi sie
2018-04-27 15:56:13 #general-foreign @exo.#9999: XD
2018-04-27 15:56:16 #general-foreign @exo.#9999: wiem
2018-04-27 19:27:55 #general-foreign @SkayRock#8589: to byl dobry pomysl @exo.
2018-04-27 19:28:03 #general-foreign @SkayRock#8589: z @ IN THE LOBBY
2018-04-27 19:28:35 #general-foreign @norb#3495: @exo. kiedy konczysz sie im spuszczac na morde?
2018-04-27 19:28:52 #general-foreign @SkayRock#8589: XXDDDDDDDDDDDDDDDDD
2018-04-27 19:29:17 #general-foreign @norb#3495: no i na chuj sie smiejesz buraku
2018-04-27 19:30:16 #general-foreign @SkayRock#8589: bo  moge
2018-04-27 19:30:19 #general-foreign @SkayRock#8589: chuj ci na ryj
2018-04-27 19:40:21 #general-foreign @exo.#9999: kurwa bo zara oboje dostaniecie bana na ryj
2018-04-27 19:40:28 #general-foreign @exo.#9999: ale no
2018-04-27 19:40:33 #general-foreign @exo.#9999: zara przestane @norb
2018-04-27 19:57:57 #general-foreign @norb#3495: ok kocie
2018-04-27 20:04:01 #general-foreign @norb#3495: @exo. jakim menu dropales kocie
2018-04-27 20:07:14 #general-foreign @exo.#9999: abs
2018-04-27 20:17:23 #general-foreign @norb#3495: @exo.
2018-04-27 20:17:27 #general-foreign @norb#3495: a jak mam wejsc kurwa do lobby
2018-04-27 20:17:29 #general-foreign @norb#3495: skoro nie moge
2018-04-27 20:17:52 #general-foreign @norb#3495: @exo.
2018-04-27 20:17:56 #general-foreign @norb#3495: @exo.
2018-04-27 20:20:49 #general-foreign @norb#3495: @SkayCOCK jesteś ?
2018-04-27 20:20:55 #general-foreign @SkayRock#8589: no
2018-04-27 20:21:36 #general-foreign @norb#3495: wez mnie daj
2018-04-27 20:21:37 #general-foreign @norb#3495: na lobby
2018-04-27 20:21:43 #general-foreign @norb#3495: szybk
2018-04-27 20:21:44 #general-foreign @norb#3495: o
2018-04-27 20:21:45 #general-foreign @norb#3495: fast
2018-04-27 20:21:45 #general-foreign @norb#3495: kurwa
2018-04-27 20:21:51 #general-foreign @SkayRock#8589: juz
2018-04-27 20:21:52 #general-foreign @SkayRock#8589: kurwa
2018-04-27 20:21:55 #general-foreign @norb#3495: na lobby
2018-04-27 20:21:56 #general-foreign @norb#3495: kurwa
2018-04-27 20:21:59 #general-foreign @norb#3495: lobby
2018-04-27 20:22:01 #general-foreign @norb#3495: Lobb
2018-04-27 20:22:03 #general-foreign @SkayRock#8589: no kurwa
2018-04-27 20:22:03 #general-foreign @SkayRock#8589: widze
2018-04-27 20:22:06 #general-foreign @norb#3495: i ich tez
2018-04-27 20:23:21 #general-foreign @exo.#9999: @norb SAM ZROB LOBBY
2018-04-27 20:23:22 #general-foreign @exo.#9999: KURWA
2018-04-27 21:00:22 #general-foreign @Joel Aka TheBanner#2060: wtf?\n+
2018-04-27 21:00:34 #general-foreign @Joel Aka TheBanner#2060: idk what happen with y internet
2018-04-27 21:01:00 #general-foreign @norb#3495: just join again
2018-04-27 21:01:08 #general-foreign @Joel Aka TheBanner#2060: ty
2018-04-28 10:37:00 #general-foreign @SkayRock#8589: @exo. aj
2018-04-28 10:37:02 #general-foreign @SkayRock#8589 edited message from 2018-04-28 10:37:00 (@exo. aj) to read: @exo. ay
2018-04-28 10:37:06 #general-foreign @exo.#9999: !ban
2018-04-28 10:37:07 #general-foreign @Synapse#0692: ```\n!ban <user> [days] [reason]\n\nBans user and deletes last X days worth of messages.\n\nIf days is not a number, it's treated as the first word of the reason.\nMinimum 0 days, maximum 7. Defaults to 0.\n\n```
2018-04-28 10:37:11 #general-foreign @SkayRock#8589: kupil ktos w ogole od ciebie recovery
2018-04-28 10:37:13 #general-foreign @SkayRock#8589: ?
2018-04-28 10:37:16 #general-foreign @exo.#9999: nie <:veryspr:435767817355395072>
2018-04-28 10:37:24 #general-foreign @SkayRock#8589: <:smug:439041966156677120>
2018-04-28 10:38:10 #general-foreign @exo.#9999: <:mhm:428668480678526986>
2018-04-28 10:38:12 #general-foreign @exo.#9999: <:netflix:439707165008330774>
2018-04-28 10:38:15 #general-foreign @exo.#9999: <:ccSpotify:430688285979836418>
2018-04-28 10:38:18 #general-foreign @exo.#9999: <:lmao:428668483040182283>
2018-04-30 12:17:47 #general-foreign @exo.#9999: @norb a poza tym tutaj gadamy bo ban
2018-04-30 12:17:53 #general-foreign @norb#3495: a gdzie kupiels
2018-04-30 12:17:57 #general-foreign @exo.#9999: KINGUIN
2018-04-30 12:17:59 #general-foreign @exo.#9999: kurwaaaa
2018-04-30 12:18:19 #general-foreign @norb#3495: co to kurwa
2018-04-30 12:18:20 #general-foreign @norb#3495: jest
2018-04-30 12:18:31 #general-foreign @norb#3495: pokaz
2018-04-30 12:18:31 #general-foreign @norb#3495: duep
2018-04-30 12:18:35 #general-foreign @exo.#9999: QF\nEWSJFIGOVEWSJFGVIOEWSRJGVFIOERWSD
2018-04-30 12:18:40 #general-foreign @exo.#9999: !ban @norb debil
2018-04-30 12:18:45 #general-foreign @Synapse#0692: Done. It was about time.
2018-04-30 12:18:57 #general-foreign @SkayRock#8589: XD
2018-04-30 12:19:26 #general-foreign @norb#3495: pokaż duep
2018-04-30 12:19:27 #general-foreign @norb#3495: kurwa
2018-04-30 12:19:42 #general-foreign @exo.#9999: duep?
2018-04-30 12:19:43 #general-foreign @norb#3495: linka
2018-04-30 12:19:45 #general-foreign @SkayRock#8589: dupe?
2018-04-30 12:19:46 #general-foreign @exo.#9999: XD
2018-04-30 12:19:52 #general-foreign @exo.#9999: @norb google.com
2018-04-30 12:19:57 #general-foreign @norb#3495: ja pierdole
2018-04-30 12:19:59 #general-foreign @norb#3495: no pies jeabny
2018-04-30 12:20:01 #general-foreign @norb#3495: ukrainski
2018-04-30 12:20:03 #general-foreign @exo.#9999: NO KURWA
2018-04-30 12:20:04 #general-foreign @norb#3495: danon
2018-04-30 12:20:04 #general-foreign @norb#3495: xd
2018-04-30 12:20:05 #general-foreign @exo.#9999: KINGUIN.COM
2018-04-30 12:20:08 #general-foreign @exo.#9999: TAK TRUDNO
2018-04-30 12:20:09 #general-foreign @exo.#9999: JAPIERDOLE
2018-04-30 12:20:17 #general-foreign @norb#3495: nie dziala
2018-04-30 12:20:19 #general-foreign @norb#3495: nie dales www
2018-04-30 12:20:36 #general-foreign @exo.#9999: !ban @norb
2018-04-30 12:20:36 #general-foreign @Synapse#0692: Done. It was about time.
2018-04-30 12:21:28 #general-foreign @SkayRock#8589: XDXD
2018-04-30 12:22:40 #general-foreign @norb#3495: hallo
2018-04-30 12:26:06 #general-foreign @norb#3495: @exo. oddawaj
2018-04-30 12:26:07 #general-foreign @norb#3495: kurwa
2018-04-30 12:26:11 #general-foreign @exo.#9999: Co
2018-04-30 12:26:14 #general-foreign @norb#3495: a i przeplasciles
2018-04-30 12:26:25 #general-foreign @norb#3495: na plati.ru 8$ z dlc
2018-04-30 12:26:27 #general-foreign @norb#3495: wszystkimi
2018-04-30 12:26:44 #general-foreign @exo.#9999: No właśnie ja za 9$ kupiłem z dlc i wszystkim? <:wtf:435767818370416641>
2018-04-30 12:26:55 #general-foreign @exo.#9999: Complete edition
2018-04-30 12:26:56 #general-foreign @norb#3495: co ty gadasz
2018-04-30 12:26:58 #general-foreign @exo.#9999: No
2018-04-30 12:27:37 #general-foreign @norb#3495: przeciez tam ejst tylko
2018-04-30 12:27:39 #general-foreign @norb#3495: zwykla
2018-04-30 12:27:45 #general-foreign @exo.#9999: nie kurwa
2018-04-30 12:27:55 #general-foreign @norb#3495: tak
2018-04-30 12:27:56 #general-foreign @norb#3495: kurwa
2018-04-30 12:27:59 #general-foreign @norb#3495: daj kurwa linka prosto
2018-04-30 12:28:00 #general-foreign @norb#3495: d
2018-04-30 12:28:01 #general-foreign @norb#3495: o
2018-04-30 12:28:01 #general-foreign @norb#3495: kurwa
2018-04-30 12:28:06 #general-foreign @norb#3495: ale mnie wkurwiasz
2018-04-30 12:28:23 #general-foreign @exo.#9999: https://www.kinguin.net/category/1311/grand-theft-auto-iv-complete-edition-steam-key/
2018-04-30 12:28:29 #general-foreign @exo.#9999 edited message from 2018-04-30 12:28:23 (https://www.kinguin.net/category/1311/grand-theft-auto-iv-complete-edition-steam-key/) to read: https://www.kinguin.net/category/1311/grand-theft-auto-iv-complete-edition-steam-key/
2018-04-30 12:28:49 #general-foreign @norb#3495: patrz kurwa wygrał jebany
2018-05-01 22:30:44 #general-foreign @SkayRock#8589: @exo. zmień kurwa kolor Members bo za bardzo oczojebne
2018-05-01 22:31:00 #general-foreign @exo.#1638: Members ma żółte
2018-05-01 22:31:19 #general-foreign @exo.#1638: A na jaki kolor zmienić
2018-05-01 22:31:23 #general-foreign @SkayRock#8589: Takie oczojebne
2018-05-01 22:31:28 #general-foreign @exo.#1638: XD
2018-05-01 22:31:34 #general-foreign @exo.#1638: jestem na tel
2018-05-01 22:31:34 #general-foreign @SkayRock#8589: Nwm na jakiś ciemniejszy kolor
2018-05-01 22:31:38 #general-foreign @SkayRock#8589: Same
2018-05-01 22:31:43 #general-foreign @exo.#1638: Czekaj może tak
2018-05-01 22:31:46 #general-foreign @exo.#1638: !role
2018-05-01 22:31:46 #general-foreign @Synapse#0692: ```\n![customrole|role|cr]\n\nMods can add roles, users can apply or relieve roles. Roles created with this cog have no permissions, it only functions for fun.\n\nCommands:\n  add     Add a role\n  remove  Remove role\n  relieve Relieve a role\n  apply   Apply a role\n  list    List all available roles\n\nType !role command for more info on a command.\nYou can also type !role category for more info on a category.\n```
2018-05-01 22:31:56 #general-foreign @exo.#1638: !role Members
2018-05-01 22:31:57 #general-foreign @Synapse#0692: ```\n![customrole|role|cr]\n\nMods can add roles, users can apply or relieve roles. Roles created with this cog have no permissions, it only functions for fun.\n\nCommands:\n  add     Add a role\n  remove  Remove role\n  relieve Relieve a role\n  apply   Apply a role\n  list    List all available roles\n\nType !role command for more info on a command.\nYou can also type !role category for more info on a category.\n```
2018-05-01 22:32:07 #general-foreign @exo.#1638: !role relieve
2018-05-01 22:32:07 #general-foreign @Synapse#0692: ```\n!customrole relieve <role>\n\nRelieve a role\n\n```
2018-05-01 22:32:15 #general-foreign @exo.#1638: !role edit
2018-05-01 22:32:22 #general-foreign @Synapse#0692: ```\n![customrole|role|cr]\n\nMods can add roles, users can apply or relieve roles. Roles created with this cog have no permissions, it only functions for fun.\n\nCommands:\n  add     Add a role\n  remove  Remove role\n  relieve Relieve a role\n  apply   Apply a role\n  list    List all available roles\n\nType !role command for more info on a command.\nYou can also type !role category for more info on a category.\n```
2018-05-01 22:32:25 #general-foreign @exo.#1638: !addrole Dropper @norb
2018-05-01 22:32:43 #general-foreign @norb#3495: o siema @SkayRock
2018-05-01 22:32:45 #general-foreign @exo.#1638: Aha spk
2018-05-01 22:32:46 #general-foreign @norb#3495: co tam mordo
2018-05-01 22:32:56 #general-foreign @SkayRock#8589: Elo
2018-05-01 22:33:01 #general-foreign @norb#3495: w co lecisz
2018-05-01 22:33:20 #general-foreign @SkayRock#8589: <:thonk:439041983734874115>
2018-05-01 22:33:50 #general-foreign @norb#3495: exo kocie
2018-05-01 22:33:56 #general-foreign @norb#3495: moda daj
2018-05-01 22:33:59 #general-foreign @SkayRock#8589: Exo ich luebe dich
2018-05-01 22:34:04 #general-foreign @SkayRock#8589: liebe*
2018-05-01 22:34:28 #general-foreign @norb#3495: o karwa
2018-05-01 22:34:29 #general-foreign @exo.#1638: Oboje macie deranka
2018-05-01 22:34:33 #general-foreign @norb#3495: co kurwa
2018-05-01 22:34:34 #general-foreign @norb#3495: za co
2018-05-01 22:34:36 #general-foreign @norb#3495: typie
2018-05-01 22:34:36 #general-foreign @SkayRock#8589: Za ci
2018-05-01 22:34:39 #general-foreign @SkayRock#8589: Kurwa
2018-05-01 22:34:44 #general-foreign @exo.#1638: SPOKÓJ NA SALI
2018-05-01 22:34:52 #general-foreign @exo.#1638: ROZPRAWA W SĄDZIE SIĘ ZACZĘŁA
2018-05-01 22:34:52 #general-foreign @norb#3495: co spokój kurwa
2018-05-01 22:34:57 #general-foreign @norb#3495: zabierasz
2018-05-01 22:35:00 #general-foreign @norb#3495: range
2018-05-01 22:35:01 #general-foreign @norb#3495: pise
2018-05-01 22:35:04 #general-foreign @norb#3495: nei wiem za co
2018-05-01 22:35:05 #general-foreign @exo.#1638: za coś
2018-05-01 22:35:17 #general-foreign @exo.#1638: Nie chce mi się na tel pisać
2018-05-01 22:35:18 #general-foreign @norb#3495: dobra nie świruj pawiana
2018-05-01 22:35:22 #general-foreign @exo.#1638: Długa lista
2018-05-01 22:35:25 #general-foreign @norb#3495: dawaj
2018-05-01 22:35:27 #general-foreign @norb#3495: range
2018-05-01 22:35:55 #general-foreign @norb#3495: co za kurwa
2018-05-01 22:37:39 #general-foreign @exo.#1638: Kurwa ostatnia szansa
2018-05-01 22:37:50 #general-foreign @exo.#1638: Masz trial moda
2018-05-01 22:38:09 #general-foreign @exo.#1638: Jak coś spierdolisz to albo derank na zawsze lub ban
2018-05-01 22:38:12 #general-foreign @exo.#1638: Się zastanowię
2018-05-01 22:39:26 #general-foreign @exo.#1638: !arole
2018-05-01 22:39:30 #general-foreign @exo.#1638: !addrole
2018-05-01 22:39:33 #general-foreign @exo.#1638: !removerole
2018-05-01 22:39:35 #general-foreign @exo.#1638: !payday
2018-05-01 22:39:36 #general-foreign @Synapse#0692: @exo. Too soon. For your next payday you have to wait 39 minutes, 35 seconds.
2018-05-01 22:39:40 #general-foreign @exo.#1638: Jebany bot
2018-05-01 22:39:42 #general-foreign @norb#3495: to już wolę bana
2018-05-01 22:39:46 #general-foreign @norb#3495: co trail
2018-05-01 22:39:47 #general-foreign @norb#3495: kurwa
2018-05-01 22:39:54 #general-foreign @norb#3495: ale ty pizda kurwa jesteś
2018-05-01 22:39:58 #general-foreign @norb#3495: fochy jak bana
2018-05-01 22:39:58 #general-foreign @norb#3495: kurwa
2018-05-01 22:40:00 #general-foreign @norb#3495: za nic
2018-05-01 22:40:10 #general-foreign @exo.#1638: Kurwa jesteś jebanym debilem
2018-05-01 22:40:10 #general-foreign @norb#3495 edited message from 2018-05-01 22:39:58 (fochy jak bana) to read: fochy jak baba
2018-05-01 22:40:15 #general-foreign @norb#3495: co ty pierdolisz
2018-05-01 22:40:16 #general-foreign @norb#3495: kurwa
2018-05-01 22:40:18 #general-foreign @exo.#1638: A nie chce mieć debilów jako staff
2018-05-01 22:40:19 #general-foreign @norb#3495: banujesz za nic
2018-05-01 22:40:24 #general-foreign @norb#3495: co kurwa zrobiłem
2018-05-01 22:40:25 #general-foreign @exo.#1638: Za nic
2018-05-01 22:40:40 #general-foreign @exo.#1638: <:XD1:440625148786114560>
2018-05-01 22:40:44 #general-foreign @SkayRock#8589: A mi kurwa admina to co
2018-05-01 22:40:46 #general-foreign @norb#3495: no kurwa
2018-05-01 22:40:50 #general-foreign @norb#3495: za to, że mu napisałem
2018-05-01 22:40:55 #general-foreign @norb#3495: że z nicku się smijeę
2018-05-01 22:41:01 #general-foreign @exo.#1638: CICHO KURWA
2018-05-01 22:41:15 #general-foreign @exo.#1638: DAM WAM TE ROLE KTÓRE MIELIŚCIE
2018-05-01 22:41:22 #general-foreign @norb#3495: dobra
2018-05-01 22:41:24 #general-foreign @norb#3495: idź spać
2018-05-01 22:41:26 #general-foreign @exo.#1638: ALE NIC NIE SPIERDOLIC
2018-05-01 22:41:26 #general-foreign @norb#3495: pizze zamawiam
2018-05-01 22:41:30 #general-foreign @norb#3495: kocie
2018-05-01 22:41:45 #general-foreign @exo.#1638: Mi tez zamów kk
2018-05-01 22:43:03 #general-foreign @SkayRock#8589: @exo. dzk bby
2018-05-01 22:43:18 #general-foreign @exo.#1638: Przynajmniej jeden podziękował
2018-05-01 22:43:24 #general-foreign @exo.#1638: Oraz nie jest zjebem
2018-05-01 22:43:35 #general-foreign @SkayRock#8589: XDDDDDD
2018-05-01 22:43:42 #general-foreign @exo.#1638: ¯\_(ツ)_/¯
2018-05-01 22:44:08 #general-foreign @norb#3495: @exo. no na twoją chatę zamawiam
2018-05-01 22:44:17 #general-foreign @norb#3495: ...shh na twój koszt....
2018-05-01 22:44:23 #general-foreign @exo.#1638: O ty kurwo
2018-05-01 22:44:23 #general-foreign @norb#3495: <:dying:440625123616096275>
2018-05-01 22:44:26 #general-foreign @norb#3495: XDXDDX
2018-05-01 22:44:28 #general-foreign @exo.#1638: <:help:440625132403294208>
2018-05-02 16:01:51 #general-foreign @SkayRock#8589: @exo.
2018-05-02 16:01:52 #general-foreign @SkayRock#8589: po
2018-05-02 16:01:57 #general-foreign @SkayRock#8589: chuj sprzedajesz konto
2018-05-02 16:02:10 #general-foreign @exo.#1638: hajs
2018-05-02 16:02:13 #general-foreign @exo.#1638: mam z 8 kont
2018-05-02 16:02:15 #general-foreign @exo.#1638: wiec wiesz
2018-05-02 16:02:16 #general-foreign @exo.#1638: XD
2018-05-02 16:05:12 #general-foreign @SkayRock#8589: lol
