2018-04-27 18:52:19 #in-the-lobby-chat @exo.#9999: @IN THE LOBBY here u can ask things
2018-04-27 18:52:25 #in-the-lobby-chat @exo.#9999: I will post info here
2018-04-27 18:52:47 #in-the-lobby-chat @exo.#9999: sup @SC- Derpotimus
2018-04-27 18:52:52 #in-the-lobby-chat @Bonnie&Clyde#1220: Wozzop
2018-04-27 18:53:00 #in-the-lobby-chat @exo.#9999: #rules #money-lobby-guide and #nickname
2018-04-27 18:53:04 #in-the-lobby-chat @exo.#9999: I will start real soon
2018-04-27 18:53:25 #in-the-lobby-chat @Bonnie&Clyde#1220: one question mr exo
2018-04-27 18:53:30 #in-the-lobby-chat @Bonnie&Clyde#1220: A nvm
2018-04-27 18:53:34 #in-the-lobby-chat @Bonnie&Clyde#1220: Ignore me
2018-04-27 18:53:51 #in-the-lobby-chat @exo.#9999: <a:waitwhat:420625979451506689>
2018-04-27 18:54:02 #in-the-lobby-chat @exo.#9999: !massmove Queue Lobby
2018-04-27 18:54:10 #in-the-lobby-chat @exo.#9999: waddup cunts
2018-04-27 18:54:12 #in-the-lobby-chat @Bonnie&Clyde#1220: Now I can add your ass
2018-04-27 18:54:13 #in-the-lobby-chat @exo.#9999: !pingt
2018-04-27 18:54:13 #in-the-lobby-chat @Synapse#0692: ping: 127ms
2018-04-27 18:54:15 #in-the-lobby-chat @exo.#9999: ffs
2018-04-27 18:54:18 #in-the-lobby-chat @exo.#9999: the bot is so slow
2018-04-27 18:54:21 #in-the-lobby-chat @exo.#9999: idunno why
2018-04-27 18:54:27 #in-the-lobby-chat @Bonnie&Clyde#1220: Dun
2018-04-27 18:54:34 #in-the-lobby-chat @Bonnie&Clyde#1220 deleted message from 2018-04-27 18:54:27 (Dun)
2018-04-27 18:54:34 #in-the-lobby-chat @exo.#9999: gonna ask my friend
2018-04-27 18:54:36 #in-the-lobby-chat @SC- Derpotimus#4151: hi
2018-04-27 18:54:37 #in-the-lobby-chat @exo.#9999: he is the dev
2018-04-27 18:54:37 #in-the-lobby-chat @Bonnie&Clyde#1220: Done
2018-04-27 18:54:42 #in-the-lobby-chat @exo.#9999: !info
2018-04-27 18:54:42 #in-the-lobby-chat @Synapse#0692: 
2018-04-27 18:54:42 #in-the-lobby-chat @Synapse#0692 edited message from 2018-04-27 18:54:42 () to read: 
2018-04-27 18:54:44 #in-the-lobby-chat @exo.#9999: no u
2018-04-27 18:54:50 #in-the-lobby-chat @Bonnie&Clyde#1220: <:thonk:439041983734874115>
2018-04-27 18:55:00 #in-the-lobby-chat @SC- Derpotimus#4151: who am i adding?
2018-04-27 18:55:07 #in-the-lobby-chat @exo.#9999: <:facepalm:424364421549260811>
2018-04-27 18:55:10 #in-the-lobby-chat @exo.#9999: #nickname
2018-04-27 18:55:11 #in-the-lobby-chat @Charged#0032: <:thonk:439041983734874115>
2018-04-27 18:55:19 #in-the-lobby-chat @SC- Derpotimus#4151: m8 just shoot me now
2018-04-27 18:55:24 #in-the-lobby-chat @exo.#9999: !kill @SC- Derpotimus
2018-04-27 18:55:24 #in-the-lobby-chat @Synapse#0692: Screaming in sheer terror and agony, SC- Derpotimus is horrifically dragged into the darkness by unseen forces, leaving nothing but bloody fingernails and a trail of scratch marks in the ground from which the young person had attempted to halt the dragging process.
2018-04-27 18:55:42 #in-the-lobby-chat @Bonnie&Clyde#1220: Noice
2018-04-27 18:55:43 #in-the-lobby-chat @Charged#0032: rest in peppers
2018-04-27 18:55:55 #in-the-lobby-chat @Bonnie&Clyde#1220: Nice MEMES
2018-04-27 18:56:07 #in-the-lobby-chat @exo.#9999: @SC - L45tM4n5t4nd1n9 why ur not talking cunt
2018-04-27 18:56:58 #in-the-lobby-chat @Bonnie&Clyde#1220: are u done hosting mr memer
2018-04-27 18:57:05 #in-the-lobby-chat @exo.#9999: ?
2018-04-27 18:57:13 #in-the-lobby-chat @Bonnie&Clyde#1220: <:kys:439041979276591105>
2018-04-27 18:57:17 #in-the-lobby-chat @exo.#9999: lol
2018-04-27 18:57:30 #in-the-lobby-chat @exo.#9999: @SC - FatCatYe
2018-04-27 18:57:32 #in-the-lobby-chat @exo.#9999: gay
2018-04-27 18:57:41 #in-the-lobby-chat @Jajo#3798: <:nou:439041965003243520>
2018-04-27 18:57:49 #in-the-lobby-chat @exo.#9999: <:OOF:436256993733509120>
2018-04-27 18:58:07 #in-the-lobby-chat @Jajo#3798: loading the game and i'll join
2018-04-27 18:58:11 #in-the-lobby-chat @Jajo#3798: thanks btw : D
2018-04-27 18:58:23 #in-the-lobby-chat @exo.#9999: rip
2018-04-27 18:58:33 #in-the-lobby-chat @SC- Derpotimus#4151: i added you
2018-04-27 18:58:43 #in-the-lobby-chat @Bonnie&Clyde#1220: same
2018-04-27 18:59:00 #in-the-lobby-chat @exo.#9999: and i accepted
2018-04-27 18:59:24 #in-the-lobby-chat @Bonnie&Clyde#1220: I can't see you online in my friend list
2018-04-27 18:59:34 #in-the-lobby-chat @Bonnie&Clyde#1220: Nevermind
2018-04-27 18:59:37 #in-the-lobby-chat @Bonnie&Clyde#1220: game is slow af
2018-04-27 18:59:42 #in-the-lobby-chat @Bonnie&Clyde#1220: in the social club
2018-04-27 18:59:49 #in-the-lobby-chat @Bonnie&Clyde#1220: Can I join?
2018-04-27 18:59:50 #in-the-lobby-chat @exo.#9999: ffs
2018-04-27 18:59:55 #in-the-lobby-chat @exo.#9999: I will tell when you can join
2018-04-27 18:59:57 #in-the-lobby-chat @exo.#9999: jeez
2018-04-27 18:59:59 #in-the-lobby-chat @Bonnie&Clyde#1220: k
2018-04-27 19:00:03 #in-the-lobby-chat @Charged#0032: lol
2018-04-27 19:00:25 #in-the-lobby-chat @exo.#9999: once the lobby is stopped i will delete the role from u
2018-04-27 19:00:32 #in-the-lobby-chat @exo.#9999: <:spr:435767817464315904>
2018-04-27 19:00:54 #in-the-lobby-chat @Lil Acoustic#7942: Rip I like the purple role 😢
2018-04-27 19:01:11 #in-the-lobby-chat @Bonnie&Clyde#1220: Press f to pay respects
2018-04-27 19:01:21 #in-the-lobby-chat @Lil Acoustic#7942: oooooF
2018-04-27 19:02:20 #in-the-lobby-chat @Jajo#3798: my ass rdy when your majesty want
2018-04-27 19:03:12 #in-the-lobby-chat @exo.#9999: @IN THE LOBBY guys join me now, made the session
2018-04-27 19:03:19 #in-the-lobby-chat @exo.#9999: we will meet at the airport
2018-04-27 19:04:32 #in-the-lobby-chat @Charged#0032: just requested to join
2018-04-27 19:19:40 #in-the-lobby-chat @Jajo#3798: ROP
2018-04-27 19:19:43 #in-the-lobby-chat @Jajo#3798: RIP*
2018-04-27 19:19:43 #in-the-lobby-chat @exo.#9999: @IN THE LOBBY uhm (attachment url(s): https://cdn.discordapp.com/attachments/439498865755029504/439505947896053781/unknown.png)
2018-04-27 19:19:45 #in-the-lobby-chat @exo.#9999: dont worry
2018-04-27 19:19:48 #in-the-lobby-chat @exo.#9999: I will join back
2018-04-27 19:19:52 #in-the-lobby-chat @Bonnie&Clyde#1220: lolo
2018-04-27 19:20:08 #in-the-lobby-chat @exo.#9999: clicked a thing I shouldn't xd
2018-04-27 19:20:32 #in-the-lobby-chat @Bonnie&Clyde#1220: xd
2018-04-27 19:20:34 #in-the-lobby-chat @Bonnie&Clyde#1220: It happens
2018-04-27 19:22:47 #in-the-lobby-chat @Charged#0032: s
2018-04-27 19:25:03 #in-the-lobby-chat @Charged#0032: my game crashed
2018-04-27 19:25:12 #in-the-lobby-chat @Bonnie&Clyde#1220: lololo
2018-04-27 19:30:29 #in-the-lobby-chat @Jajo#3798: i did a stun crashed my car exploded and i died
2018-04-27 19:30:31 #in-the-lobby-chat @Jajo#3798: rip
2018-04-27 19:30:42 #in-the-lobby-chat @Jajo#3798: stunt*
2018-04-27 19:32:30 #in-the-lobby-chat @Bonnie&Clyde#1220: Lagged out
2018-04-27 19:34:06 #in-the-lobby-chat @Bonnie&Clyde#1220: Um exo
2018-04-27 19:34:15 #in-the-lobby-chat @Bonnie&Clyde#1220: it's saying the session is only for friends
2018-04-27 19:34:18 #in-the-lobby-chat @Charged#0032: yeah
2018-04-27 19:34:28 #in-the-lobby-chat @Jajo#3798: in the select menu @exo.  style
2018-04-27 19:35:18 #in-the-lobby-chat @Jajo#3798 deleted message from 2018-04-27 19:34:28 (in the select menu @exo.  style)
2018-04-27 19:39:51 #in-the-lobby-chat @Bonnie&Clyde#1220: Welp
2018-04-27 19:40:02 #in-the-lobby-chat @Charged#0032: so whats happening
2018-04-27 19:40:08 #in-the-lobby-chat @Bonnie&Clyde#1220: Exo is not the host anymore
2018-04-27 19:40:11 #in-the-lobby-chat @Bonnie&Clyde#1220: So we can't join
2018-04-27 19:40:13 #in-the-lobby-chat @Bonnie&Clyde#1220: as it's friends only
2018-04-27 19:40:25 #in-the-lobby-chat @Charged#0032: rip
2018-04-27 19:45:46 #in-the-lobby-chat @Jajo#3798: @SC - FroggyRibbits ex@2
2018-04-27 19:46:00 #in-the-lobby-chat @Bonnie&Clyde#1220: ?
2018-04-27 19:46:09 #in-the-lobby-chat @exo.#9999: <a:waitwhat:420625979451506689>
2018-04-27 19:46:56 #in-the-lobby-chat @Charged#0032: what
2018-04-27 19:47:09 #in-the-lobby-chat @Bonnie&Clyde#1220: @SC - FatCatYe Fat are you on the session?
2018-04-27 19:47:19 #in-the-lobby-chat @exo.#9999: yea
2018-04-27 19:47:41 #in-the-lobby-chat @Jajo#3798: ye
2018-04-27 19:48:00 #in-the-lobby-chat @Jajo#3798: @exo.  it's because u aren't the host anymore bc u disconnected before
2018-04-27 19:48:08 #in-the-lobby-chat @Jajo#3798: so ppl who is friend of the host can join
2018-04-27 19:48:09 #in-the-lobby-chat @exo.#9999: yup
2018-04-27 19:48:15 #in-the-lobby-chat @Jajo#3798: that's why random ppl join
2018-04-27 19:48:19 #in-the-lobby-chat @Jajo#3798: i think
2018-04-27 19:48:42 #in-the-lobby-chat @exo.#9999: @IN THE LOBBY I think its enough for the money now. I will go now and do something with my friend. If u join remember. You will get kicked so dont try.
2018-04-27 19:48:43 #in-the-lobby-chat @exo.#9999: cya
2018-04-27 19:48:54 #in-the-lobby-chat @exo.#9999: !massmove Lobby afk
2018-04-27 19:49:08 #in-the-lobby-chat @Jajo#3798: cya thanks
2018-04-27 20:11:03 #in-the-lobby-chat @exo.#9999: @norb here u can tell ppl that are in the lobby about info
2018-04-27 20:11:20 #in-the-lobby-chat @norb#3495: kasreg
2018-04-27 20:11:25 #in-the-lobby-chat @norb#3495 deleted message from 2018-04-27 20:11:20 (kasreg)
2018-04-27 20:11:26 #in-the-lobby-chat @norb#3495: kk
2018-04-27 20:11:55 #in-the-lobby-chat @Jajo#3798: 22 male handsome
2018-04-27 20:22:32 #in-the-lobby-chat @norb#3495: @IN THE LOBBY join me
2018-04-27 20:22:40 #in-the-lobby-chat @Bonnie&Clyde#1220: added you
2018-04-27 20:22:43 #in-the-lobby-chat @norb#3495: me too
2018-04-27 20:23:39 #in-the-lobby-chat @Joel Aka TheBanner#2060: I added you
2018-04-27 20:23:50 #in-the-lobby-chat @Bonnie&Clyde#1220: joinning
2018-04-27 20:24:57 #in-the-lobby-chat @Joel Aka TheBanner#2060: I cant join if u sont accept me D:
2018-04-27 20:24:59 #in-the-lobby-chat @Joel Aka TheBanner#2060: Haha
2018-04-27 20:25:25 #in-the-lobby-chat @norb#3495: it's friends sesion
2018-04-27 20:25:29 #in-the-lobby-chat @norb#3495: so just join to me
2018-04-27 20:25:36 #in-the-lobby-chat @Joel Aka TheBanner#2060: Oh now
2018-04-27 20:25:43 #in-the-lobby-chat @Joel Aka TheBanner#2060: Joining ty
2018-04-27 20:27:48 #in-the-lobby-chat @Lil Acoustic#7942: What's your SC?
2018-04-27 20:28:05 #in-the-lobby-chat @SC - ChickenDinnerYum#8456: Sent a request
2018-04-27 20:29:17 #in-the-lobby-chat @norb#3495: @SC - L45tM4n5t4nd1n9 Check #nickname  😃
2018-04-27 20:30:57 #in-the-lobby-chat @Lil Acoustic#7942: Aight sent sorry for the dumb questions
2018-04-27 20:31:12 #in-the-lobby-chat @norb#3495: np
2018-04-27 20:35:48 #in-the-lobby-chat @exo.#9999: so how's the drop?
2018-04-27 20:35:52 #in-the-lobby-chat @exo.#9999: @IN THE LOBBY @norb
2018-04-27 20:35:56 #in-the-lobby-chat @exo.#9999: everything fine?
2018-04-27 20:36:00 #in-the-lobby-chat @exo.#9999: any problems?
2018-04-27 20:36:14 #in-the-lobby-chat @Jajo#3798: my skin is very dark, is that a problem?
2018-04-27 20:36:18 #in-the-lobby-chat @exo.#9999: uhm
2018-04-27 20:36:18 #in-the-lobby-chat @exo.#9999: !ban
2018-04-27 20:36:18 #in-the-lobby-chat @Synapse#0692: ```\n!ban <user> [days] [reason]\n\nBans user and deletes last X days worth of messages.\n\nIf days is not a number, it's treated as the first word of the reason.\nMinimum 0 days, maximum 7. Defaults to 0.\n\n```
2018-04-27 20:36:23 #in-the-lobby-chat @Jajo#3798: D:
2018-04-27 20:36:28 #in-the-lobby-chat @exo.#9999: jk
2018-04-27 20:36:40 #in-the-lobby-chat @exo.#9999: !deport
2018-04-27 20:36:40 #in-the-lobby-chat @exo.#9999: XD
2018-04-27 20:36:47 #in-the-lobby-chat @exo.#9999: !alias add deport !ban
2018-04-27 20:36:48 #in-the-lobby-chat @Synapse#0692: Alias 'deport' added.
2018-04-27 20:36:52 #in-the-lobby-chat @exo.#9999: XDDDDDDDDD
2018-04-27 20:36:54 #in-the-lobby-chat @exo.#9999: !deport
2018-04-27 20:36:55 #in-the-lobby-chat @Synapse#0692: ```\n!ban <user> [days] [reason]\n\nBans user and deletes last X days worth of messages.\n\nIf days is not a number, it's treated as the first word of the reason.\nMinimum 0 days, maximum 7. Defaults to 0.\n\n```
2018-04-27 20:37:01 #in-the-lobby-chat @Jajo#3798: xDDD
2018-04-27 20:37:04 #in-the-lobby-chat @exo.#9999: !alias del deport
2018-04-27 20:37:04 #in-the-lobby-chat @Synapse#0692: Alias 'deport' deleted.
2018-04-27 20:37:13 #in-the-lobby-chat @exo.#9999: !alias add vacations !ban
2018-04-27 20:37:15 #in-the-lobby-chat @Synapse#0692: Alias 'vacations' added.
2018-04-27 20:37:17 #in-the-lobby-chat @exo.#9999: !vacations
2018-04-27 20:37:19 #in-the-lobby-chat @exo.#9999: <:OOF:436256993733509120>
2018-04-27 20:37:19 #in-the-lobby-chat @Synapse#0692: ```\n!ban <user> [days] [reason]\n\nBans user and deletes last X days worth of messages.\n\nIf days is not a number, it's treated as the first word of the reason.\nMinimum 0 days, maximum 7. Defaults to 0.\n\n```
2018-04-27 20:37:25 #in-the-lobby-chat @Jajo#3798: <:10outof10:439041963250024459>
2018-04-27 20:42:57 #in-the-lobby-chat @norb#3495: @exo. chilliiiiiing
2018-04-27 20:44:38 #in-the-lobby-chat @Jajo#3798: lol i've got 1 star  and i'm literally standing still in passive mode wtf so racist
2018-04-27 21:00:45 #in-the-lobby-chat @Joel Aka TheBanner#2060: wtf?\n+\nidk what happen with y internet
2018-04-28 07:56:28 #in-the-lobby-chat @exo.#9999: !up 50
2018-04-28 07:56:28 #in-the-lobby-chat @exo.#9999 deleted message from 2018-04-28 07:56:28 (!up 50)
2018-04-28 15:25:42 #in-the-lobby-chat @exo.#9999: @IN THE LOBBY ok guys
2018-04-28 15:25:51 #in-the-lobby-chat @exo.#9999: I hope u read the #rules and #money-lobby-guide
2018-04-28 15:25:53 #in-the-lobby-chat @SC- Derpotimus#4151: wagwan
2018-04-28 15:25:59 #in-the-lobby-chat @exo.#9999: now go to #nickname and add me
2018-04-28 15:26:09 #in-the-lobby-chat @exo.#9999: add me
2018-04-28 15:26:10 #in-the-lobby-chat @exo.#9999: not norb
2018-04-28 15:26:27 #in-the-lobby-chat @SC- Derpotimus#4151: i have you added already i think
2018-04-28 15:26:32 #in-the-lobby-chat @MahirIsHere#0310: how do I add you...
2018-04-28 15:26:34 #in-the-lobby-chat @MahirIsHere#0310: name?
2018-04-28 15:26:45 #in-the-lobby-chat @exo.#9999: jesus fucking christ
2018-04-28 15:26:47 #in-the-lobby-chat @exo.#9999: can u read?
2018-04-28 15:26:53 #in-the-lobby-chat @MahirIsHere#0310: I can
2018-04-28 15:26:57 #in-the-lobby-chat @exo.#9999:  (attachment url(s): https://cdn.discordapp.com/attachments/439498865755029504/439809756010643460/unknown.png)
2018-04-28 15:27:06 #in-the-lobby-chat @MahirIsHere#0310: ok
2018-04-28 15:29:22 #in-the-lobby-chat @exo.#9999: im about to launch gta
2018-04-28 15:29:26 #in-the-lobby-chat @exo.#9999: wait couple of mins
2018-04-28 15:29:33 #in-the-lobby-chat @exo.#9999: I will announce when you can join
2018-04-28 15:29:50 #in-the-lobby-chat @Jajo#3798: atleast i'm in active role not in passive heh heheh <:smug:439041966156677120>
2018-04-28 15:30:05 #in-the-lobby-chat @exo.#9999: <:waitwhat:412247591997407233>
2018-04-28 15:30:39 #in-the-lobby-chat @Jajo#3798: you know.. active is who gives and passive who recieves... the "love"
2018-04-28 15:30:52 #in-the-lobby-chat @Jajo#3798: i can explain it more datailed if u want
2018-04-28 15:30:56 #in-the-lobby-chat @exo.#9999: no
2018-04-28 15:31:15 #in-the-lobby-chat @exo.#9999: lol
2018-04-28 15:31:21 #in-the-lobby-chat @Jajo#3798: jk btw xD
2018-04-28 15:32:08 #in-the-lobby-chat @Jajo#3798: here drugs are cheap man not my fault, i'm the victim here
2018-04-28 15:32:25 #in-the-lobby-chat @exo.#9999: lol
2018-04-28 15:36:15 #in-the-lobby-chat @exo.#9999: @SC - MahirIsHere u still didn't add me
2018-04-28 15:37:06 #in-the-lobby-chat @MahirIsHere#0310: SC-Derpotimus added
2018-04-28 15:37:23 #in-the-lobby-chat @SC- Derpotimus#4151: wrong guy
2018-04-28 15:37:23 #in-the-lobby-chat @Jajo#3798: wot
2018-04-28 15:37:27 #in-the-lobby-chat @SC- Derpotimus#4151: thats me m8
2018-04-28 15:37:49 #in-the-lobby-chat @exo.#9999: what
2018-04-28 15:38:41 #in-the-lobby-chat @exo.#9999: @SC - MahirIsHere add me ffs
2018-04-28 15:38:51 #in-the-lobby-chat @exo.#9999: #nickname
2018-04-28 15:40:17 #in-the-lobby-chat @exo.#9999: @IN THE LOBBY ok guys u can join
2018-04-28 15:40:19 #in-the-lobby-chat @exo.#9999: lobby open
2018-04-28 15:40:22 #in-the-lobby-chat @exo.#9999: go to the airport
2018-04-28 15:41:20 #in-the-lobby-chat @exo.#9999: @SC - MahirIsHere u gonna add me or not...
2018-04-28 15:41:26 #in-the-lobby-chat @MahirIsHere#0310: Dude help me...
2018-04-28 15:41:27 #in-the-lobby-chat @MahirIsHere#0310: me noob
2018-04-28 15:41:29 #in-the-lobby-chat @exo.#9999: what
2018-04-28 15:41:38 #in-the-lobby-chat @MahirIsHere#0310: what is your SC name?
2018-04-28 15:41:40 #in-the-lobby-chat @MahirIsHere#0310: 😢
2018-04-28 15:41:41 #in-the-lobby-chat @exo.#9999: go
2018-04-28 15:41:42 #in-the-lobby-chat @exo.#9999: to
2018-04-28 15:41:43 #in-the-lobby-chat @exo.#9999: fucking
2018-04-28 15:41:45 #in-the-lobby-chat @exo.#9999: #nickname
2018-04-28 15:41:46 #in-the-lobby-chat @exo.#9999: channel
2018-04-28 15:41:55 #in-the-lobby-chat @exo.#9999: and read what I wrote
2018-04-28 15:43:09 #in-the-lobby-chat @MahirIsHere#0310: Ok sorry :<
2018-04-28 15:43:54 #in-the-lobby-chat @MahirIsHere#0310: did u receive?
2018-04-28 15:44:11 #in-the-lobby-chat @exo.#9999: no
2018-04-28 15:44:14 #in-the-lobby-chat @exo.#9999: I will add u
2018-04-28 15:44:35 #in-the-lobby-chat @exo.#9999: added
2018-04-28 15:44:37 #in-the-lobby-chat @exo.#9999: @SC - MahirIsHere
2018-04-28 15:44:38 #in-the-lobby-chat @Jajo#3798: xDD i'll upload a video tutorial
2018-04-28 15:44:42 #in-the-lobby-chat @exo.#9999: XD
2018-04-28 15:45:11 #in-the-lobby-chat @MahirIsHere#0310: please do x'D
2018-04-28 15:45:56 #in-the-lobby-chat @exo.#9999: jfx
2018-04-28 15:45:57 #in-the-lobby-chat @exo.#9999 edited message from 2018-04-28 15:45:56 (jfx) to read: jfc
2018-04-28 15:46:00 #in-the-lobby-chat @exo.#9999: @SC - MahirIsHere added
2018-04-28 15:46:01 #in-the-lobby-chat @exo.#9999: you
2018-04-28 15:46:03 #in-the-lobby-chat @exo.#9999: can u accept?
2018-04-28 15:46:04 #in-the-lobby-chat @exo.#9999: ffs
2018-04-28 15:47:12 #in-the-lobby-chat @Jajo#3798: exo don't steal ma chopper man, i sold my ass for that
2018-04-28 15:48:22 #in-the-lobby-chat @Jajo#3798: aaaaaand u destroyed it, evil, so evil...
2018-04-28 15:48:55 #in-the-lobby-chat @Jajo#3798 deleted message from 2018-04-28 15:48:22 (aaaaaand u destroyed it, evil, so evil...)
2018-04-28 15:49:04 #in-the-lobby-chat @exo.#9999: no u
2018-04-28 15:49:14 #in-the-lobby-chat @Jajo#3798: <:thonk:439041983734874115>
2018-04-28 15:50:24 #in-the-lobby-chat @Jajo#3798: u killed it man, i'm gonna cry hard
2018-04-28 15:50:51 #in-the-lobby-chat @exo.#9999: <:sadpepe:421031383658397699>
2018-04-28 15:51:08 #in-the-lobby-chat @Jajo#3798: <:10outof10:439041963250024459> meme
2018-04-28 15:51:23 #in-the-lobby-chat @exo.#9999: <:niceMeme:420299008691404820>
2018-04-28 15:51:38 #in-the-lobby-chat @Jajo#3798: <:nou:439041965003243520>
2018-04-28 16:06:32 #in-the-lobby-chat @Jajo#3798: RIP
2018-04-28 16:06:35 #in-the-lobby-chat @exo.#9999: @IN THE LOBBY ok guys lobby is stopped
2018-04-28 16:06:38 #in-the-lobby-chat @exo.#9999: <:rip:306885999433220097>
2018-04-28 16:06:39 #in-the-lobby-chat @exo.#9999: cya
2018-04-28 16:06:47 #in-the-lobby-chat @Jajo#3798: cya bb thanks a lot
2018-04-28 16:06:56 #in-the-lobby-chat @exo.#9999: !massmove Lobby AFK
2018-04-28 16:06:57 #in-the-lobby-chat @Synapse#0692: ```\n!massmove <from_channel> <to_channel>\n\nMassmove users to another voice channel\n\n```
2018-04-28 16:07:02 #in-the-lobby-chat @exo.#9999: !massmove Lobby afk
2018-04-30 13:05:54 #in-the-lobby-chat @norb#3495: @IN THE LOBBY add my nickname Warciul
2018-04-30 13:08:49 #in-the-lobby-chat @norb#3495: !rename @2x SC = FatCatYe SC - FatCatYe
2018-04-30 13:08:49 #in-the-lobby-chat @Synapse#0692: Done.
2018-04-30 13:11:56 #in-the-lobby-chat @exo.#9999: @SC - FatCatYe lol
2018-04-30 13:11:58 #in-the-lobby-chat @exo.#9999: How
2018-04-30 13:12:16 #in-the-lobby-chat @Jajo#3798: now
2018-04-30 13:12:18 #in-the-lobby-chat @Jajo#3798: wtf
2018-04-30 13:14:07 #in-the-lobby-chat @Jajo#3798: what program do u recommend me for he macros to push enter key?
2018-04-30 13:14:30 #in-the-lobby-chat @SkayRock#8589: c cleaner
2018-04-30 13:14:34 #in-the-lobby-chat @exo.#9999: #money-lobby-guide
2018-04-30 13:14:37 #in-the-lobby-chat @exo.#9999: XDDD
2018-04-30 13:14:49 #in-the-lobby-chat @Jajo#3798: ye man that one sounds good for macros xD
2018-04-30 13:15:05 #in-the-lobby-chat @SkayRock#8589: kurde ide se pooglodacv anime
2018-04-30 13:15:15 #in-the-lobby-chat @Jajo#3798: isn't banneabl?
2018-04-30 13:15:31 #in-the-lobby-chat @Jajo#3798 edited message from 2018-04-30 13:15:15 (isn't banneabl?) to read: isn't banneable?
2018-04-30 13:15:43 #in-the-lobby-chat @SkayRock#8589: :thimlomgkuawrsdzx:
2018-04-30 13:15:45 #in-the-lobby-chat @SkayRock#8589: kfaxz
2018-04-30 13:16:33 #in-the-lobby-chat @Katie#0810: what's pressing enter key for
2018-04-30 13:16:45 #in-the-lobby-chat @Jajo#3798: the transaction error
2018-04-30 18:33:56 #in-the-lobby-chat @exo.#9999: @IN THE LOBBY ok guys you know the rules etc.
2018-04-30 18:34:01 #in-the-lobby-chat @exo.#9999: #nickname for my nicknam
2018-04-30 18:34:02 #in-the-lobby-chat @exo.#9999 edited message from 2018-04-30 18:34:01 (#nickname for my nicknam) to read: #nickname for my nickname
2018-04-30 18:34:07 #in-the-lobby-chat @exo.#9999: dont add norb
2018-04-30 18:34:09 #in-the-lobby-chat @exo.#9999: me
2018-04-30 18:34:10 #in-the-lobby-chat @exo.#9999: not norb
2018-04-30 18:34:25 #in-the-lobby-chat @exo.#9999: @SC - FatCatYe ?
2018-04-30 18:34:27 #in-the-lobby-chat @exo.#9999: -_-
2018-04-30 18:34:46 #in-the-lobby-chat @Jajo#3798: i'm in a call
2018-04-30 18:34:50 #in-the-lobby-chat @Jajo#3798: an i cannot be in 2 calls
2018-04-30 18:34:51 #in-the-lobby-chat @Jajo#3798: LOL
2018-04-30 18:35:05 #in-the-lobby-chat @Bonnie&Clyde#1220: Woddoooooooooooooooooooooooooooooooooooop
2018-04-30 18:35:12 #in-the-lobby-chat @exo.#9999: no drop for u then lol
2018-04-30 18:35:16 #in-the-lobby-chat @Jajo#3798: lol man
2018-04-30 18:35:17 #in-the-lobby-chat @Jajo#3798: so mean
2018-04-30 18:35:24 #in-the-lobby-chat @exo.#9999: --__--
2018-04-30 18:35:28 #in-the-lobby-chat @exo.#9999: fin
2018-04-30 18:35:29 #in-the-lobby-chat @Jajo#3798: it's bussiness call man
2018-04-30 18:35:30 #in-the-lobby-chat @Ali6837#7204: His name should be exo mean
2018-04-30 18:35:30 #in-the-lobby-chat @Silver-Bullet1#3426: #nickname
2018-04-30 18:35:46 #in-the-lobby-chat @exo.#9999: yes #nickname
2018-04-30 18:36:02 #in-the-lobby-chat @Bonnie&Clyde#1220: <:deepfriedLMAO:439923831759437824>
2018-04-30 18:36:49 #in-the-lobby-chat @exo.#9999: @SC - Silver-Bullet1 did u add me on social club?
2018-04-30 18:37:00 #in-the-lobby-chat @Silver-Bullet1#3426: whats u name ?
2018-04-30 18:37:17 #in-the-lobby-chat @exo.#9999: ....
2018-04-30 18:37:21 #in-the-lobby-chat @exo.#9999: #nickname
2018-04-30 18:37:24 #in-the-lobby-chat @exo.#9999 edited message from 2018-04-30 18:37:21 (#nickname) to read: #nickname #nickname #nickname #nickname #nickname #nickname
2018-04-30 18:37:32 #in-the-lobby-chat @Silver-Bullet1#3426: got it
2018-04-30 18:38:26 #in-the-lobby-chat @Silver-Bullet1#3426: added you
2018-04-30 18:39:33 #in-the-lobby-chat @Jajo#3798: ca i join then?
2018-04-30 18:39:36 #in-the-lobby-chat @Jajo#3798: or too nibba
2018-04-30 18:39:50 #in-the-lobby-chat @Jajo#3798: @exo.
2018-04-30 18:39:58 #in-the-lobby-chat @exo.#9999: wejiofvwsieofvcjswieofvcwsievfcwiosevfc
2018-04-30 18:40:04 #in-the-lobby-chat @exo.#9999: yes u can join
2018-04-30 18:40:06 #in-the-lobby-chat @exo.#9999: making the session
2018-04-30 18:43:41 #in-the-lobby-chat @exo.#9999: @IN THE LOBBY ok guys now you can join my session
2018-04-30 18:43:43 #in-the-lobby-chat @Bonnie&Clyde#1220: kei
2018-04-30 18:43:48 #in-the-lobby-chat @exo.#9999: if there are any problems @ me
2018-04-30 18:44:01 #in-the-lobby-chat @Silver-Bullet1#3426: can u inv me
2018-04-30 18:44:08 #in-the-lobby-chat @Ali6837#7204: Join him
2018-04-30 18:44:18 #in-the-lobby-chat @Ali6837#7204: It’s friends session
2018-04-30 18:56:30 #in-the-lobby-chat @exo.#9999: @SC-DasRelikt #nickname
2018-04-30 18:56:32 #in-the-lobby-chat @exo.#9999: add me
2018-04-30 18:56:37 #in-the-lobby-chat @exo.#9999: read #rules #money-lobby-guide
2018-04-30 18:56:39 #in-the-lobby-chat @exo.#9999: then join
2018-04-30 18:56:41 #in-the-lobby-chat @exo.#9999: airport
2018-04-30 19:03:01 #in-the-lobby-chat @exo.#9999: @sc  sevoinnor341 #nickname
2018-04-30 19:03:04 #in-the-lobby-chat @exo.#9999: add me
2018-04-30 19:03:04 #in-the-lobby-chat @exo.#9999: then
2018-04-30 19:03:11 #in-the-lobby-chat @exo.#9999: #rules #money-lobby-guide
2018-04-30 19:03:17 #in-the-lobby-chat @exo.#9999: and then join and go to the airporty
2018-04-30 19:03:18 #in-the-lobby-chat @exo.#9999 edited message from 2018-04-30 19:03:17 (and then join and go to the airporty) to read: and then join and go to the airport
2018-04-30 19:04:10 #in-the-lobby-chat @Silver-Bullet1#3426: ok bye guys and thank you exo
2018-04-30 19:06:41 #in-the-lobby-chat @Afilamar#3570: k
2018-04-30 19:10:40 #in-the-lobby-chat @Afilamar#3570 deleted message from 2018-04-30 19:06:41 (k)
2018-04-30 19:21:22 #in-the-lobby-chat @Afilamar#3570: still need be in voice chat?
2018-04-30 19:22:02 #in-the-lobby-chat @exo.#9999: nah
2018-04-30 19:23:01 #in-the-lobby-chat @Afilamar#3570 deleted message from 2018-04-30 19:21:22 (still need be in voice chat?)
2018-05-01 14:09:58 #in-the-lobby-chat @norb#3495: bac kbitches
2018-05-01 14:41:57 #in-the-lobby-chat @Ali6837#7204: No u
2018-05-01 14:53:45 #in-the-lobby-chat @norb#3495: @IN THE LOBBY Warciul
2018-05-01 14:53:46 #in-the-lobby-chat @norb#3495: Add
2018-05-01 14:53:58 #in-the-lobby-chat @exo.#1638: @norb they have #nickname channel
2018-05-01 14:54:01 #in-the-lobby-chat @exo.#1638: ---___________---
2018-05-01 14:55:38 #in-the-lobby-chat @Jajo#3798: hihihi
2018-05-01 15:06:33 #in-the-lobby-chat @Katie#0810: 🤠
2018-05-01 15:06:36 #in-the-lobby-chat @Katie#0810: m'lady
2018-05-01 15:12:19 #in-the-lobby-chat @Katie#0810: @exo. says your game is friends only and i can't join yet i have you added 🤔
2018-05-01 15:12:31 #in-the-lobby-chat @exo.#1638: -__-
2018-05-01 15:12:33 #in-the-lobby-chat @exo.#1638: you should join norb
2018-05-01 15:12:34 #in-the-lobby-chat @exo.#1638: ffs
2018-05-01 15:12:46 #in-the-lobby-chat @Katie#0810: i don't have norb
2018-05-01 15:13:41 #in-the-lobby-chat @norb#3495: then  you have to add me
2018-05-01 15:13:43 #in-the-lobby-chat @norb#3495: lol
2018-05-01 15:13:49 #in-the-lobby-chat @norb#3495: what you dont understand
2018-05-01 15:13:52 #in-the-lobby-chat @norb#3495: omg
2018-05-01 15:14:18 #in-the-lobby-chat @Katie#0810: idk your name
2018-05-01 15:14:36 #in-the-lobby-chat @exo.#1638: #nickname
2018-05-01 15:14:37 #in-the-lobby-chat @exo.#1638: #nickname
2018-05-01 15:14:37 #in-the-lobby-chat @exo.#1638: #nickname
2018-05-01 15:14:37 #in-the-lobby-chat @exo.#1638: #nickname
2018-05-01 15:14:37 #in-the-lobby-chat @exo.#1638: #nickname
2018-05-01 15:14:38 #in-the-lobby-chat @exo.#1638: #nickname
2018-05-01 15:17:04 #in-the-lobby-chat @norb#3495: @SC - FatCatYe @SC - FatCatYe @SC - FatCatYe @SC - FatCatYe @SC - FatCatYe @SC - FatCatYe @SC - FatCatYe @SC - FatCatYe @SC - FatCatYe @SC - FatCatYe @SC - FatCatYe @SC - FatCatYe @SC - FatCatYe @SC - FatCatYe @SC - FatCatYe @SC - FatCatYe @SC - FatCatYe @SC - FatCatYe @SC - FatCatYe @SC - FatCatYe @SC - FatCatYe @SC - FatCatYe @SC - FatCatYe @SC - FatCatYe @SC - FatCatYe @SC - FatCatYe @SC - FatCatYe @SC - FatCatYe @SC - FatCatYe @SC - FatCatYe @SC - FatCatYe @SC - FatCatYe @SC - FatCatYe @SC - FatCatYe @SC - FatCatYe @SC - FatCatYe @SC - FatCatYe @SC - FatCatYe @SC - FatCatYe @SC - FatCatYe @SC - FatCatYe @SC - FatCatYe @SC - FatCatYe @SC - FatCatYe @SC - FatCatYe @SC - FatCatYe @SC - FatCatYe @SC - FatCatYe @SC - FatCatYe @SC - FatCatYe @SC - FatCatYe @SC - FatCatYe @SC - FatCatYe @SC - FatCatYe @SC - FatCatYe @SC - FatCatYe @SC - FatCatYe @SC - FatCatYe @SC - FatCatYe
2018-05-01 15:17:06 #in-the-lobby-chat @norb#3495: @SC - FatCatYe @SC - FatCatYe @SC - FatCatYe @SC - FatCatYe @SC - FatCatYe @SC - FatCatYe @SC - FatCatYe @SC - FatCatYe @SC - FatCatYe @SC - FatCatYe @SC - FatCatYe @SC - FatCatYe @SC - FatCatYe @SC - FatCatYe @SC - FatCatYe @SC - FatCatYe
2018-05-01 15:17:06 #in-the-lobby-chat @norb#3495: @SC - FatCatYe
2018-05-01 15:17:07 #in-the-lobby-chat @norb#3495: @SC - FatCatYe v
2018-05-01 15:17:07 #in-the-lobby-chat @norb#3495: vv
2018-05-01 15:17:08 #in-the-lobby-chat @norb#3495: v@SC - FatCatYe @SC - FatCatYe @SC - FatCatYe v
2018-05-01 15:17:21 #in-the-lobby-chat @Jajo#3798: man, i said i was cooking
2018-05-01 15:17:28 #in-the-lobby-chat @Afilamar#3570: lol
2018-05-01 15:17:28 #in-the-lobby-chat @Jajo#3798: xD
2018-05-01 15:19:30 #in-the-lobby-chat @Jajo#3798: well I'M GOING TO COOK, i'll be back.
2018-05-01 15:27:31 #in-the-lobby-chat @exo.#1638: fat
2018-05-01 15:27:32 #in-the-lobby-chat @exo.#1638: XD
2018-05-01 15:27:36 #in-the-lobby-chat @exo.#1638: @FAT XD
2018-05-01 15:33:46 #in-the-lobby-chat @Jajo#3798: what happened?
2018-05-02 16:41:43 #in-the-lobby-chat @exo.#1638: @IN THE LOBBY
2018-05-02 16:41:44 #in-the-lobby-chat @exo.#1638: so
2018-05-02 16:41:48 #in-the-lobby-chat @exo.#1638: read #nickname
2018-05-02 16:41:49 #in-the-lobby-chat @exo.#1638: etc etc
2018-05-02 16:41:57 #in-the-lobby-chat @exo.#1638: u got me already I think
2018-05-02 16:42:13 #in-the-lobby-chat @exo.#1638: well ye I will tell when the lobby is there
2018-05-02 16:42:35 #in-the-lobby-chat @MahirIsHere#0310: thanks for the money dad
2018-05-02 16:42:43 #in-the-lobby-chat @exo.#1638: I ain't yo dad
2018-05-02 16:42:53 #in-the-lobby-chat @MahirIsHere#0310: <:smug:439041966156677120>
2018-05-02 16:42:56 #in-the-lobby-chat @exo.#1638: Me to become ur dad buy a recovery or gta acc
2018-05-02 16:43:05 #in-the-lobby-chat @MahirIsHere#0310: ouch x'D
2018-05-02 16:43:28 #in-the-lobby-chat @MahirIsHere#0310: yeah I will the modded menu soon than give me a son tag :p
2018-05-02 16:43:40 #in-the-lobby-chat @exo.#1638: ?
2018-05-02 16:43:44 #in-the-lobby-chat @exo.#1638: modded menu?
2018-05-02 16:43:48 #in-the-lobby-chat @exo.#1638: <:XD1:440625148786114560>
2018-05-02 16:44:24 #in-the-lobby-chat @exo.#1638: @lvl's why u offline u fucking bot
2018-05-02 16:48:46 #in-the-lobby-chat @exo.#1638: @IN THE LOBBY ok guys join my lobby
2018-05-02 16:48:52 #in-the-lobby-chat @exo.#1638: meet me at the airport
2018-05-02 16:48:57 #in-the-lobby-chat @exo.#1638: dont run like a idiot
2018-05-02 16:48:58 #in-the-lobby-chat @exo.#1638: just walk
2018-05-02 16:49:05 #in-the-lobby-chat @exo.#1638: to prevent more errors
2018-05-02 16:50:05 #in-the-lobby-chat @exo.#1638: now I will go from my pc
2018-05-02 16:50:08 #in-the-lobby-chat @exo.#1638: dont do anything dumv
2018-05-02 16:50:09 #in-the-lobby-chat @exo.#1638 edited message from 2018-05-02 16:50:08 (dont do anything dumv) to read: dont do anything dumb
2018-05-02 16:50:10 #in-the-lobby-chat @exo.#1638: cya
2018-05-02 16:52:07 #in-the-lobby-chat @Katie#0810: keeps saying you're no longer in session
2018-05-02 16:54:17 #in-the-lobby-chat @exo.#1638: I am
