2018-04-25 22:21:38 #Minecraft Voice Chat Voice channel join: Rythm#3722 (id 235088799074484224), moved from xbox360 live chat (bitrate is awfull)
2018-04-25 22:21:38 #Minecraft Voice Chat Voice channel join: Grumpy illidan Cat#7158 (id 398270602454237187), moved from xbox360 live chat (bitrate is awfull)
2018-04-25 22:21:40 #Minecraft Voice Chat Voice channel join: TrueLegendaryMarine#2778 (id 316757459848921094), moved from Staff Meeting
2018-04-25 22:21:42 #Minecraft Voice Chat Voice channel leave: TrueLegendaryMarine#2778 (id 316757459848921094) moving to Staff Meeting
2018-04-25 22:21:45 #Minecraft Voice Chat Voice channel leave: Grumpy illidan Cat#7158 (id 398270602454237187) moving to Staff Meeting
2018-04-25 22:21:49 #Minecraft Voice Chat Voice channel join: TrueLegendaryMarine#2778 (id 316757459848921094), moved from Staff Meeting
2018-04-25 22:21:50 #Minecraft Voice Chat Voice channel join: Grumpy illidan Cat#7158 (id 398270602454237187), moved from Staff Meeting
2018-04-25 22:22:49 #Minecraft Voice Chat Voice channel leave: Rythm#3722 (id 235088799074484224)
2018-04-25 22:24:43 #Minecraft Voice Chat Voice channel join: Synapse#0692 (id 435538622293344266)
2018-04-25 22:24:44 #Minecraft Voice Chat Voice channel join: Rythm#3722 (id 235088799074484224)
2018-04-25 22:25:28 #Minecraft Voice Chat Server mute: Rythm#3722 (id 235088799074484224)
2018-04-25 22:25:28 #Minecraft Voice Chat Server unmute: Rythm#3722 (id 235088799074484224)
2018-04-25 22:25:57 #Minecraft Voice Chat Server mute: Rythm#3722 (id 235088799074484224)
2018-04-25 22:25:58 #Minecraft Voice Chat Server unmute: Rythm#3722 (id 235088799074484224)
2018-04-25 22:25:59 #Minecraft Voice Chat Server mute: Rythm#3722 (id 235088799074484224)
2018-04-25 22:26:02 #Minecraft Voice Chat Server unmute: Rythm#3722 (id 235088799074484224)
2018-04-25 22:26:08 #Minecraft Voice Chat Voice channel leave: Rythm#3722 (id 235088799074484224)
2018-04-25 22:26:12 #Minecraft Voice Chat Voice channel join: Rythm#3722 (id 235088799074484224)
2018-04-25 22:27:01 #Minecraft Voice Chat Server mute: TrueLegendaryMarine#2778 (id 316757459848921094)
2018-04-25 22:27:02 #Minecraft Voice Chat Server unmute: TrueLegendaryMarine#2778 (id 316757459848921094)
2018-04-25 22:27:04 #Minecraft Voice Chat Server mute: TrueLegendaryMarine#2778 (id 316757459848921094)
2018-04-25 22:27:05 #Minecraft Voice Chat Server unmute: TrueLegendaryMarine#2778 (id 316757459848921094)
2018-04-25 22:27:07 #Minecraft Voice Chat Server mute: TrueLegendaryMarine#2778 (id 316757459848921094)
2018-04-25 22:27:08 #Minecraft Voice Chat Server unmute: TrueLegendaryMarine#2778 (id 316757459848921094)
2018-04-25 22:27:09 #Minecraft Voice Chat Server mute: TrueLegendaryMarine#2778 (id 316757459848921094)
2018-04-25 22:27:09 #Minecraft Voice Chat Server unmute: TrueLegendaryMarine#2778 (id 316757459848921094)
2018-04-25 22:27:10 #Minecraft Voice Chat Server mute: TrueLegendaryMarine#2778 (id 316757459848921094)
2018-04-25 22:27:11 #Minecraft Voice Chat Server unmute: TrueLegendaryMarine#2778 (id 316757459848921094)
2018-04-25 22:27:12 #Minecraft Voice Chat Server mute: TrueLegendaryMarine#2778 (id 316757459848921094)
2018-04-25 22:27:12 #Minecraft Voice Chat Server unmute: TrueLegendaryMarine#2778 (id 316757459848921094)
2018-04-25 22:27:13 #Minecraft Voice Chat Server mute: TrueLegendaryMarine#2778 (id 316757459848921094)
2018-04-25 22:27:13 #Minecraft Voice Chat Server unmute: TrueLegendaryMarine#2778 (id 316757459848921094)
2018-04-25 22:27:13 #Minecraft Voice Chat Server mute: TrueLegendaryMarine#2778 (id 316757459848921094)
2018-04-25 22:27:25 #Minecraft Voice Chat Server unmute: TrueLegendaryMarine#2778 (id 316757459848921094)
2018-04-25 22:27:37 #Minecraft Voice Chat Voice channel leave: Grumpy illidan Cat#7158 (id 398270602454237187) moving to Music-Channel
2018-04-25 22:27:39 #Minecraft Voice Chat Voice channel leave: Rythm#3722 (id 235088799074484224) moving to Music-Channel
2018-04-25 22:27:40 #Minecraft Voice Chat Voice channel leave: TrueLegendaryMarine#2778 (id 316757459848921094) moving to Music-Channel
2018-04-25 22:34:24 #Minecraft Voice Chat Voice channel leave: Synapse#0692 (id 435538622293344266) moving to xbox360 live chat (bitrate is awfull)
2018-04-27 16:24:04 #Minecraft Voice Chat Voice channel join: Grumpy illidan Cat#7158 (id 398270602454237187), moved from city 17
2018-04-27 16:24:08 #Minecraft Voice Chat Voice channel join: Beaver#7469 (id 255339531664883714), moved from city 17
2018-04-27 16:26:21 #Minecraft Voice Chat Voice channel leave: Beaver#7469 (id 255339531664883714)
2018-04-27 16:26:25 #Minecraft Voice Chat Voice channel join: Beaver#7469 (id 255339531664883714)
2018-04-27 16:27:58 #Minecraft Voice Chat Voice channel join: AvaIre#9124 (id 275270122082533378)
2018-04-27 16:27:58 #Minecraft Voice Chat Voice channel join: Rythm#3722 (id 235088799074484224)
2018-04-27 16:27:58 #Minecraft Voice Chat Voice channel join: Synapse#0692 (id 435538622293344266), moved from Staff-Only-Voice
2018-04-27 16:28:18 #Minecraft Voice Chat Voice channel leave: AvaIre#9124 (id 275270122082533378) moving to city 17
2018-04-27 16:28:19 #Minecraft Voice Chat Voice channel join: AvaIre#9124 (id 275270122082533378)
2018-04-27 16:28:48 #Minecraft Voice Chat Server mute: Beaver#7469 (id 255339531664883714)
2018-04-27 16:28:52 #Minecraft Voice Chat Server unmute: Beaver#7469 (id 255339531664883714)
2018-04-27 16:28:58 #Minecraft Voice Chat Server mute: Beaver#7469 (id 255339531664883714)
2018-04-27 16:29:01 #Minecraft Voice Chat Voice channel leave: AvaIre#9124 (id 275270122082533378) moving to fucked channel
2018-04-27 16:29:01 #Minecraft Voice Chat Voice channel leave: Rythm#3722 (id 235088799074484224) moving to badboys
2018-04-27 16:29:01 #Minecraft Voice Chat Voice channel join: AvaIre#9124 (id 275270122082533378), moved from fucked channel
2018-04-27 16:29:10 #Minecraft Voice Chat Voice channel join: Rythm#3722 (id 235088799074484224), moved from badboys
2018-04-27 16:29:12 #Minecraft Voice Chat Server unmute: Beaver#7469 (id 255339531664883714)
2018-04-27 16:29:55 #Minecraft Voice Chat Server mute: AvaIre#9124 (id 275270122082533378)
2018-04-27 16:30:14 #Minecraft Voice Chat Server unmute: AvaIre#9124 (id 275270122082533378)
2018-04-27 16:30:14 #Minecraft Voice Chat Server mute: Beaver#7469 (id 255339531664883714)
2018-04-27 16:30:26 #Minecraft Voice Chat Server mute: AvaIre#9124 (id 275270122082533378)
2018-04-27 16:30:27 #Minecraft Voice Chat Server deafen: AvaIre#9124 (id 275270122082533378)
2018-04-27 16:30:30 #Minecraft Voice Chat Server undeafen: AvaIre#9124 (id 275270122082533378)
2018-04-27 16:30:30 #Minecraft Voice Chat Server unmute: AvaIre#9124 (id 275270122082533378)
2018-04-27 16:30:30 #Minecraft Voice Chat Server undeafen: AvaIre#9124 (id 275270122082533378)
2018-04-27 16:30:31 #Minecraft Voice Chat Server deafen: AvaIre#9124 (id 275270122082533378)
2018-04-27 16:30:35 #Minecraft Voice Chat Server undeafen: AvaIre#9124 (id 275270122082533378)
2018-04-27 16:30:35 #Minecraft Voice Chat Server mute: AvaIre#9124 (id 275270122082533378)
2018-04-27 16:30:35 #Minecraft Voice Chat Server undeafen: AvaIre#9124 (id 275270122082533378)
2018-04-27 16:30:35 #Minecraft Voice Chat Server unmute: AvaIre#9124 (id 275270122082533378)
2018-04-27 16:30:35 #Minecraft Voice Chat Server deafen: AvaIre#9124 (id 275270122082533378)
2018-04-27 16:30:35 #Minecraft Voice Chat Server mute: AvaIre#9124 (id 275270122082533378)
2018-04-27 16:30:36 #Minecraft Voice Chat Server undeafen: AvaIre#9124 (id 275270122082533378)
2018-04-27 16:30:39 #Minecraft Voice Chat Server deafen: AvaIre#9124 (id 275270122082533378)
2018-04-27 16:30:39 #Minecraft Voice Chat Server mute: AvaIre#9124 (id 275270122082533378)
2018-04-27 16:30:39 #Minecraft Voice Chat Server undeafen: AvaIre#9124 (id 275270122082533378)
2018-04-27 16:30:39 #Minecraft Voice Chat Server unmute: AvaIre#9124 (id 275270122082533378)
2018-04-27 16:30:39 #Minecraft Voice Chat Server mute: AvaIre#9124 (id 275270122082533378)
2018-04-27 16:30:40 #Minecraft Voice Chat Server deafen: AvaIre#9124 (id 275270122082533378)
2018-04-27 16:30:40 #Minecraft Voice Chat Server unmute: AvaIre#9124 (id 275270122082533378)
2018-04-27 16:30:43 #Minecraft Voice Chat Server undeafen: AvaIre#9124 (id 275270122082533378)
2018-04-27 16:30:43 #Minecraft Voice Chat Server undeafen: AvaIre#9124 (id 275270122082533378)
2018-04-27 16:30:43 #Minecraft Voice Chat Server unmute: AvaIre#9124 (id 275270122082533378)
2018-04-27 16:30:43 #Minecraft Voice Chat Server unmute: AvaIre#9124 (id 275270122082533378)
2018-04-27 16:30:43 #Minecraft Voice Chat Server deafen: AvaIre#9124 (id 275270122082533378)
2018-04-27 16:30:43 #Minecraft Voice Chat Server mute: AvaIre#9124 (id 275270122082533378)
2018-04-27 16:30:43 #Minecraft Voice Chat Server mute: AvaIre#9124 (id 275270122082533378)
2018-04-27 16:30:43 #Minecraft Voice Chat Server deafen: AvaIre#9124 (id 275270122082533378)
2018-04-27 16:30:43 #Minecraft Voice Chat Server unmute: AvaIre#9124 (id 275270122082533378)
2018-04-27 16:30:43 #Minecraft Voice Chat Server mute: AvaIre#9124 (id 275270122082533378)
2018-04-27 16:30:44 #Minecraft Voice Chat Server unmute: AvaIre#9124 (id 275270122082533378)
2018-04-27 16:30:47 #Minecraft Voice Chat Server mute: AvaIre#9124 (id 275270122082533378)
2018-04-27 16:30:47 #Minecraft Voice Chat Server unmute: AvaIre#9124 (id 275270122082533378)
2018-04-27 16:30:52 #Minecraft Voice Chat Server mute: AvaIre#9124 (id 275270122082533378)
2018-04-27 16:30:52 #Minecraft Voice Chat Server undeafen: AvaIre#9124 (id 275270122082533378)
2018-04-27 16:30:52 #Minecraft Voice Chat Server unmute: AvaIre#9124 (id 275270122082533378)
2018-04-27 16:30:52 #Minecraft Voice Chat Server mute: AvaIre#9124 (id 275270122082533378)
2018-04-27 16:30:53 #Minecraft Voice Chat Server unmute: AvaIre#9124 (id 275270122082533378)
2018-04-27 16:30:56 #Minecraft Voice Chat Server mute: AvaIre#9124 (id 275270122082533378)
2018-04-27 16:31:00 #Minecraft Voice Chat Voice channel leave: Beaver#7469 (id 255339531664883714) moving to city 17
2018-04-27 16:31:01 #Minecraft Voice Chat Voice channel leave: Rythm#3722 (id 235088799074484224) moving to city 17
2018-04-27 16:31:04 #Minecraft Voice Chat Voice channel leave: Grumpy illidan Cat#7158 (id 398270602454237187) moving to city 17
2018-04-27 16:31:21 #Minecraft Voice Chat Voice channel leave: AvaIre#9124 (id 275270122082533378)
2018-04-27 23:15:14 #Minecraft Voice Chat Voice channel join: Grumpy illidan Cat#7158 (id 398270602454237187)
2018-04-27 23:15:30 #Minecraft Voice Chat Voice channel join: AvaIre#9124 (id 275270122082533378)
2018-04-27 23:15:31 #Minecraft Voice Chat Voice channel join: Rythm#3722 (id 235088799074484224)
2018-04-27 23:15:35 #Minecraft Voice Chat Voice channel leave: AvaIre#9124 (id 275270122082533378) moving to fucked channel
2018-04-27 23:15:35 #Minecraft Voice Chat Voice channel leave: AvaIre#9124 (id 275270122082533378) moving to fucked channel
2018-04-27 23:15:38 #Minecraft Voice Chat Voice channel join: AvaIre#9124 (id 275270122082533378), moved from fucked channel
2018-04-27 23:15:38 #Minecraft Voice Chat Voice channel leave: Rythm#3722 (id 235088799074484224) moving to Music-Channel
2018-04-27 23:16:58 #Minecraft Voice Chat Voice channel leave: AvaIre#9124 (id 275270122082533378) moving to Music-Channel
2018-04-27 23:16:59 #Minecraft Voice Chat Voice channel leave: Grumpy illidan Cat#7158 (id 398270602454237187) moving to Music-Channel
2018-04-27 23:17:02 #Minecraft Voice Chat Voice channel join: AvaIre#9124 (id 275270122082533378), moved from Music-Channel
2018-04-27 23:17:25 #Minecraft Voice Chat Voice channel leave: AvaIre#9124 (id 275270122082533378)
2018-04-27 23:17:25 #Minecraft Voice Chat Voice channel join: Grumpy illidan Cat#7158 (id 398270602454237187), moved from Music-Channel
2018-04-27 23:17:33 #Minecraft Voice Chat Voice channel leave: Grumpy illidan Cat#7158 (id 398270602454237187) moving to Music-Channel
2018-05-01 01:24:48 #Minecraft Voice Chat Voice channel join: Grumpy illidan Cat#7158 (id 398270602454237187), moved from badboys
2018-05-01 01:24:49 #Minecraft Voice Chat Voice channel leave: Grumpy illidan Cat#7158 (id 398270602454237187) moving to fucked channel
