2018-04-25 20:28:58 this bot joined the server
2018-04-25 20:28:58 Role created: 'Synapse' (id 438798597014683648)
2018-04-25 20:28:58 Member role add: 'Synapse' role was added to @Synapse#0692
2018-04-25 20:29:08 Member role add: 'Support Team' role was added to @Synapse#0692
2018-04-25 20:29:09 Member role add: 'Admin' role was added to @Synapse#0692
2018-04-25 20:29:13 Member role add: 'Support Team' role was added to @Ghostplay R2#1298
2018-04-25 20:29:15 Member role add: 'Admin' role was added to @Ghostplay R2#1298
2018-04-25 20:30:01 Role created: 'new role' (id 438798863743320095)
2018-04-25 20:30:39 Role permissions: 'Synapse' changed from 8 to 262216
2018-04-25 20:30:39 Role permissions: 'Ghostplay R2' changed from 268520497 to 268782705
2018-04-25 20:30:39 Role position: 'Life Bot' changed from 3 to 4
2018-04-25 20:30:39 Role position: 'Zephyr' changed from 3 to 5
2018-04-25 20:30:39 Role position: 'Tony Bamanaboni' changed from 3 to 6
2018-04-25 20:30:39 Role permissions: 'SteamTools' changed from 117760 to 379968
2018-04-25 20:30:39 Role position: 'SteamTools' changed from 3 to 7
2018-04-25 20:30:39 Role permissions: 'BoobBot' changed from 8 to 262216
2018-04-25 20:30:39 Role position: 'BoobBot' changed from 3 to 8
2018-04-25 20:30:39 Role position: 'BoxBot' changed from 3 to 9
2018-04-25 20:30:39 Role position: 'Yggdrasil' changed from 3 to 10
2018-04-25 20:30:39 Role position: 'luna' changed from 3 to 11
2018-04-25 20:30:39 Role position: 'New to the' changed from 4 to 12
2018-04-25 20:30:39 Role position: 'FlutterBot' changed from 5 to 13
2018-04-25 20:30:39 Role position: 'Nightbot' changed from 6 to 14
2018-04-25 20:30:39 Role position: 'Dew it' changed from 7 to 15
2018-04-25 20:30:39 Role position: 'Bloxlink' changed from 8 to 16
2018-04-25 20:30:39 Role position: 'Rythm' changed from 9 to 17
2018-04-25 20:30:39 Role position: 'n0rmies' changed from 10 to 18
2018-04-25 20:30:39 Role position: 'nadeko-mute' changed from 11 to 19
2018-04-25 20:30:39 Role position: 'Mr.Boxman' changed from 12 to 20
2018-04-25 20:30:39 Role position: 'Box god' changed from 13 to 21
2018-04-25 20:30:39 Role position: 'DiscordServers.com' changed from 14 to 22
2018-04-25 20:30:39 Role position: 'Video Game Helper' changed from 15 to 23
2018-04-25 20:30:39 Role position: 'Equalizer' changed from 16 to 24
2018-04-25 20:30:39 Role position: 'Support Team' changed from 17 to 25
2018-04-25 20:30:39 Role position: 'NotSoBot' changed from 18 to 26
2018-04-25 20:30:39 Role position: 'Dank Memer' changed from 19 to 27
2018-04-25 20:30:39 Role position: 'Twilight Sparkle' changed from 20 to 28
2018-04-25 20:30:39 Role position: 'Tickety' changed from 21 to 29
2018-04-25 20:30:39 Role position: 'Mac's Grimoire' changed from 22 to 30
2018-04-25 20:30:39 Role position: 'Nayami' changed from 23 to 31
2018-04-25 20:30:39 Role position: 'Aki' changed from 24 to 32
2018-04-25 20:30:39 Role position: 'Nadeko' changed from 25 to 33
2018-04-25 20:30:39 Role position: 'Guilded' changed from 26 to 34
2018-04-25 20:30:39 Role position: 'Mee6' changed from 27 to 35
2018-04-25 20:30:39 Role position: 'Sinon' changed from 28 to 36
2018-04-25 20:30:39 Role position: 'pbot' changed from 29 to 37
2018-04-25 20:30:39 Role position: 'Asshole/Pony Haters' changed from 30 to 38
2018-04-25 20:30:39 Role position: 'Admin' changed from 31 to 39
2018-04-25 20:30:39 Role position: 'Head Admin' changed from 32 to 40
2018-04-25 20:30:39 Role position: 'Super Admin' changed from 33 to 41
2018-04-25 20:30:39 Role position: 'Yoda's Apprentice' changed from 34 to 42
2018-04-25 20:30:39 Role position: 'Yoda' changed from 35 to 43
2018-04-25 20:30:39 Role position: 'Valve' changed from 36 to 44
2018-04-25 20:30:39 Role position: 'Pony' changed from 37 to 45
2018-04-25 20:30:39 Role position: 'Co-Owner' changed from 38 to 46
2018-04-25 20:30:39 Role position: 'Developer2' changed from 39 to 47
2018-04-25 20:30:39 Role position: 'Developer1' changed from 40 to 48
2018-04-25 20:30:39 Role position: 'Head Developer' changed from 41 to 49
2018-04-25 20:30:39 Role position: 'Owner' changed from 42 to 50
2018-04-25 20:30:41 Role renamed: 'new role' to 'GP-bot'
2018-04-25 20:30:41 Role mentionable: 'GP-bot' is now mentionable
2018-04-25 20:30:41 Role hoist: 'GP-bot' is now shown seperately
2018-04-25 20:30:41 Role permissions: 'new role' changed from 104324161 to 2146958591
2018-04-25 20:30:51 Role position: 'Synapse' changed from 2 to 1
2018-04-25 20:30:51 Role position: 'Ghostplay R2' changed from 3 to 2
2018-04-25 20:30:51 Role position: 'Life Bot' changed from 4 to 3
2018-04-25 20:30:51 Role position: 'Zephyr' changed from 5 to 4
2018-04-25 20:30:51 Role position: 'Tony Bamanaboni' changed from 6 to 5
2018-04-25 20:30:51 Role position: 'SteamTools' changed from 7 to 6
2018-04-25 20:30:51 Role position: 'BoobBot' changed from 8 to 7
2018-04-25 20:30:51 Role position: 'BoxBot' changed from 9 to 8
2018-04-25 20:30:51 Role position: 'Yggdrasil' changed from 10 to 9
2018-04-25 20:30:51 Role position: 'luna' changed from 11 to 10
2018-04-25 20:30:51 Role position: 'New to the' changed from 12 to 11
2018-04-25 20:30:51 Role position: 'FlutterBot' changed from 13 to 12
2018-04-25 20:30:51 Role position: 'Nightbot' changed from 14 to 13
2018-04-25 20:30:51 Role position: 'Dew it' changed from 15 to 14
2018-04-25 20:30:51 Role position: 'Bloxlink' changed from 16 to 15
2018-04-25 20:30:51 Role position: 'Rythm' changed from 17 to 16
2018-04-25 20:30:51 Role position: 'n0rmies' changed from 18 to 17
2018-04-25 20:30:51 Role position: 'nadeko-mute' changed from 19 to 18
2018-04-25 20:30:51 Role position: 'Mr.Boxman' changed from 20 to 19
2018-04-25 20:30:51 Role position: 'Box god' changed from 21 to 20
2018-04-25 20:30:51 Role position: 'DiscordServers.com' changed from 22 to 21
2018-04-25 20:30:51 Role position: 'Video Game Helper' changed from 23 to 22
2018-04-25 20:30:51 Role position: 'Equalizer' changed from 24 to 23
2018-04-25 20:30:51 Role position: 'Support Team' changed from 25 to 24
2018-04-25 20:30:51 Role position: 'NotSoBot' changed from 26 to 25
2018-04-25 20:30:51 Role position: 'Dank Memer' changed from 27 to 26
2018-04-25 20:30:51 Role position: 'Twilight Sparkle' changed from 28 to 27
2018-04-25 20:30:51 Role position: 'Tickety' changed from 29 to 28
2018-04-25 20:30:51 Role position: 'Mac's Grimoire' changed from 30 to 29
2018-04-25 20:30:51 Role position: 'Nayami' changed from 31 to 30
2018-04-25 20:30:51 Role position: 'Aki' changed from 32 to 31
2018-04-25 20:30:51 Role position: 'Nadeko' changed from 33 to 32
2018-04-25 20:30:51 Role position: 'Guilded' changed from 34 to 33
2018-04-25 20:30:51 Role position: 'Mee6' changed from 35 to 34
2018-04-25 20:30:51 Role position: 'Sinon' changed from 36 to 35
2018-04-25 20:30:51 Role position: 'pbot' changed from 37 to 36
2018-04-25 20:30:51 Role position: 'Asshole/Pony Haters' changed from 38 to 37
2018-04-25 20:30:51 Role position: 'Admin' changed from 39 to 38
2018-04-25 20:30:51 Role position: 'Head Admin' changed from 40 to 39
2018-04-25 20:30:51 Role position: 'Super Admin' changed from 41 to 40
2018-04-25 20:30:51 Role position: 'Yoda's Apprentice' changed from 42 to 41
2018-04-25 20:30:51 Role position: 'Yoda' changed from 43 to 42
2018-04-25 20:30:51 Role position: 'Valve' changed from 44 to 43
2018-04-25 20:30:51 Role position: 'Pony' changed from 45 to 44
2018-04-25 20:30:51 Role position: 'Co-Owner' changed from 46 to 45
2018-04-25 20:30:51 Role position: 'Developer2' changed from 47 to 46
2018-04-25 20:30:51 Role position: 'Developer1' changed from 48 to 47
2018-04-25 20:30:51 Role position: 'Head Developer' changed from 49 to 48
2018-04-25 20:30:51 Role position: 'Owner' changed from 50 to 49
2018-04-25 20:30:51 Role position: 'GP-bot' changed from 1 to 50
2018-04-25 20:31:18 Member role add: 'GP-bot' role was added to @TrueLegendaryMarine#2778
2018-04-25 20:31:46 Member role remove: The 'GP-bot' role was removed from @TrueLegendaryMarine#2778
2018-04-25 20:34:27 Member role add: 'GP-bot' role was added to @Ghostplay R2#1298
2018-04-25 20:34:32 Member role remove: The 'Admin' role was removed from @Ghostplay R2#1298
2018-04-25 20:34:34 Member role remove: The 'Support Team' role was removed from @Ghostplay R2#1298
2018-04-25 20:34:37 Member role remove: The 'GP-bot' role was removed from @Ghostplay R2#1298
2018-04-25 20:34:41 Member role add: 'GP-bot' role was added to @Ghostplay R2#1298
2018-04-25 20:36:00 Role color: 'Owner' changed from #3498db to #2770b2
2018-04-25 20:36:12 Role color: 'Owner' changed from #2770b2 to #33c896
2018-04-25 20:36:27 Role color: 'Owner' changed from #33c896 to #993bd6
2018-04-25 20:36:48 Role color: 'Owner' changed from #993bd6 to #5d4644
2018-04-25 20:37:01 Role color: 'Owner' changed from #5d4644 to #a3434e
2018-04-25 20:37:10 Member nickname: '@TrueLegendaryMarine#2778' (id 316757459848921094) changed nickname from 'The Owner' to 'None'
2018-04-25 20:37:14 Role color: 'Owner' changed from #a3434e to #f3de1c
2018-04-25 20:37:27 Role color: 'Owner' changed from #f3de1c to #069219
2018-04-25 20:37:41 Role color: 'Owner' changed from #069219 to #3593d9
2018-04-25 20:37:53 Role color: 'Owner' changed from #3593d9 to #201fde
2018-04-25 20:38:06 Role color: 'Owner' changed from #201fde to #1983b1
2018-04-25 20:38:19 Role color: 'Owner' changed from #1983b1 to #84a182
2018-04-25 20:38:32 Role color: 'Owner' changed from #84a182 to #8b0152
2018-04-25 20:38:44 Role color: 'Owner' changed from #8b0152 to #a1c129
2018-04-25 20:38:53 Role color: 'Head Developer' changed from #f1c40f to #a72b9a
2018-04-25 20:39:12 Role color: 'Owner' changed from #a1c129 to #52c056
2018-04-25 20:39:21 Role color: 'Co-Owner' changed from #2ecc71 to #2eb6fd
2018-04-25 20:39:31 Role color: 'Head Developer' changed from #a72b9a to #2b967f
2018-04-25 20:39:40 Role color: 'Owner' changed from #52c056 to #2fd2f2
2018-04-25 20:39:49 Role color: 'Co-Owner' changed from #2eb6fd to #c93115
2018-04-25 20:40:06 Role color: 'Head Developer' changed from #2b967f to #c7b0ea
2018-04-25 20:40:15 Role color: 'Owner' changed from #2fd2f2 to #8ac349
2018-04-25 20:40:33 Role color: 'Co-Owner' changed from #c93115 to #16a0f1
2018-04-25 20:40:51 Role color: 'Pony' changed from #9b59b6 to #1fa781
2018-04-25 20:41:00 Role color: 'Head Developer' changed from #c7b0ea to #b66a67
2018-04-25 20:41:09 Role color: 'Owner' changed from #8ac349 to #95f372
2018-04-25 20:41:19 Role color: 'Co-Owner' changed from #16a0f1 to #91967d
2018-04-25 20:41:27 Role color: 'Pony' changed from #1fa781 to #1e56ea
2018-04-25 20:41:37 Role color: 'Head Developer' changed from #b66a67 to #7c12fe
2018-04-25 20:42:06 Role color: 'Owner' changed from #95f372 to #98f09d
2018-04-25 20:42:34 Role color: 'Co-Owner' changed from #91967d to #888e7a
2018-04-25 20:42:43 Role color: 'Pony' changed from #1e56ea to #2b7590
2018-04-25 20:42:51 Role color: 'Pony' changed from #2b7590 to #7bbe52
2018-04-25 20:43:18 Role color: 'Head Developer' changed from #7c12fe to #11d742
2018-04-25 20:43:55 Role color: 'Owner' changed from #98f09d to #3f40f0
2018-04-25 20:44:13 Role color: 'Co-Owner' changed from #888e7a to #2cb7ad
2018-04-25 20:44:30 Role color: 'Pony' changed from #7bbe52 to #888d68
2018-04-25 20:44:49 Role color: 'Pony' changed from #888d68 to #73de66
2018-04-25 20:44:57 Role color: 'Head Developer' changed from #11d742 to #3461ea
2018-04-25 20:45:16 Role color: 'Owner' changed from #3f40f0 to #917110
2018-04-25 20:45:26 Role color: 'Co-Owner' changed from #2cb7ad to #0640e6
2018-04-25 20:45:35 Role color: 'Super Admin' changed from #ff0000 to #911865
2018-04-25 20:46:03 Role color: 'Pony' changed from #73de66 to #1f61c8
2018-04-25 20:46:12 Role color: 'Pony' changed from #1f61c8 to #18001d
2018-04-25 20:46:29 Role color: 'Head Developer' changed from #3461ea to #8ec5d4
2018-04-25 20:46:46 Role color: 'Owner' changed from #917110 to #b4c07d
2018-04-25 20:47:04 Role color: 'Co-Owner' changed from #0640e6 to #88f254
2018-04-25 20:47:13 Role color: 'Super Admin' changed from #911865 to #e1c90e
2018-04-25 20:47:22 Role color: 'Admin' changed from #e67e22 to #6dc960
2018-04-25 20:47:31 Role color: 'Pony' changed from #18001d to #1a1d3d
2018-04-25 20:47:40 Role color: 'Pony' changed from #1a1d3d to #276950
2018-04-25 20:47:49 Role color: 'Developer1' changed from #2ecc71 to #7ea562
2018-04-25 20:48:09 Role color: 'Head Developer' changed from #8ec5d4 to #42e437
2018-04-25 20:48:18 Role color: 'Developer2' changed from #1f8b4c to #683279
2018-04-25 20:48:27 Role color: 'Owner' changed from #b4c07d to #a13deb
2018-04-25 20:48:35 Role color: 'Support Team' changed from #e74c3c to #1073d4
2018-04-25 20:48:53 Role color: 'Co-Owner' changed from #88f254 to #0415ce
2018-04-25 20:49:02 Role color: 'Super Admin' changed from #e1c90e to #2fcfb5
2018-04-25 20:49:11 Role color: 'Admin' changed from #6dc960 to #a7b8e9
2018-04-25 20:49:20 Role color: 'Pony' changed from #276950 to #abaafa
2018-04-25 20:49:29 Role color: 'Pony' changed from #abaafa to #dc218a
2018-04-25 20:49:39 Role color: 'Developer1' changed from #7ea562 to #06c3b3
2018-04-25 20:49:48 Role color: 'Head Developer' changed from #42e437 to #976611
2018-04-25 20:50:07 Role color: 'Developer2' changed from #683279 to #ceba8a
2018-04-25 20:50:24 Role color: 'Owner' changed from #a13deb to #fc66a6
2018-04-25 20:50:33 Role color: 'Support Team' changed from #1073d4 to #fe780d
2018-04-25 20:50:52 Role color: 'Co-Owner' changed from #0415ce to #b6a641
2018-04-25 20:51:01 Role color: 'Super Admin' changed from #2fcfb5 to #253191
2018-04-25 20:51:19 Role color: 'Admin' changed from #a7b8e9 to #c74ad7
2018-04-25 20:51:37 Role color: 'Pony' changed from #dc218a to #e19075
2018-04-25 20:51:45 Role color: 'Pony' changed from #e19075 to #703ee0
2018-04-25 20:51:54 Role color: 'Developer1' changed from #06c3b3 to #d6b74e
2018-04-25 20:52:03 Role color: 'Head Developer' changed from #976611 to #adb4ba
2018-04-25 20:52:12 Role color: 'Developer2' changed from #ceba8a to #ef5707
2018-04-25 20:52:21 Role color: 'Owner' changed from #fc66a6 to #e71b65
2018-04-25 20:52:29 Role color: 'Support Team' changed from #fe780d to #d2cc14
2018-04-25 20:52:38 Role color: 'Co-Owner' changed from #b6a641 to #bf1112
2018-04-25 20:52:55 Role color: 'Super Admin' changed from #253191 to #83f527
2018-04-25 20:53:13 Role color: 'Admin' changed from #c74ad7 to #14eae4
2018-04-25 20:53:23 Role color: 'Pony' changed from #703ee0 to #d06473
2018-04-25 20:54:09 Role color: 'Pony' changed from #d06473 to #3dcbee
2018-04-25 20:54:26 Role color: 'Developer1' changed from #d6b74e to #18da8b
2018-04-25 20:54:35 Role color: 'Head Developer' changed from #adb4ba to #e3ceee
2018-04-25 20:54:43 Role color: 'Developer2' changed from #ef5707 to #0606c2
2018-04-25 20:54:52 Role color: 'Owner' changed from #e71b65 to #8de650
2018-04-25 20:55:01 Role color: 'Support Team' changed from #d2cc14 to #1d5771
2018-04-25 20:55:19 Role color: 'Co-Owner' changed from #bf1112 to #438489
2018-04-25 20:56:06 Role color: 'Super Admin' changed from #83f527 to #808309
2018-04-25 20:56:23 Role color: 'Admin' changed from #14eae4 to #cde22a
2018-04-25 20:56:32 Role color: 'Pony' changed from #3dcbee to #4468d6
2018-04-25 20:56:41 Role color: 'Pony' changed from #4468d6 to #060497
2018-04-25 20:56:50 Role color: 'Developer1' changed from #18da8b to #7ab5a0
2018-04-25 20:56:59 Role color: 'Head Developer' changed from #e3ceee to #789564
2018-04-25 20:57:08 Role color: 'Developer2' changed from #0606c2 to #cfaa4a
2018-04-25 20:57:17 Role color: 'Owner' changed from #8de650 to #2d7679
2018-04-25 20:57:26 Role color: 'Support Team' changed from #1d5771 to #27492c
2018-04-25 20:57:35 Role color: 'Co-Owner' changed from #438489 to #5c1eeb
2018-04-25 20:57:44 Role color: 'Super Admin' changed from #808309 to #32f509
2018-04-25 20:57:54 Role color: 'Admin' changed from #cde22a to #afd0e4
2018-04-25 20:58:03 Role color: 'Pony' changed from #060497 to #dc3d5a
2018-04-25 20:58:11 Role color: 'Pony' changed from #dc3d5a to #8a593f
2018-04-25 20:58:20 Role color: 'Developer1' changed from #7ab5a0 to #71d038
2018-04-25 20:58:47 Role color: 'Head Developer' changed from #789564 to #3a1d37
2018-04-25 20:58:56 Role color: 'Developer2' changed from #cfaa4a to #bc01d3
2018-04-25 20:59:05 Role color: 'Owner' changed from #2d7679 to #e4bfd7
2018-04-25 20:59:14 Role color: 'Support Team' changed from #27492c to #1e005b
2018-04-25 20:59:23 Role color: 'Co-Owner' changed from #5c1eeb to #094ecd
2018-04-25 20:59:32 Role color: 'Super Admin' changed from #32f509 to #e87114
2018-04-25 20:59:41 Role color: 'Admin' changed from #afd0e4 to #0612d1
2018-04-25 20:59:50 Role color: 'Pony' changed from #8a593f to #7e5ad6
2018-04-25 20:59:59 Role color: 'Pony' changed from #7e5ad6 to #531e54
2018-04-25 21:00:30 Role color: 'Developer1' changed from #71d038 to #611379
2018-04-25 21:00:38 Role color: 'Head Developer' changed from #3a1d37 to #f65d12
2018-04-25 21:00:47 Role color: 'Developer2' changed from #bc01d3 to #a46ab4
2018-04-25 21:00:56 Role color: 'Owner' changed from #e4bfd7 to #7c8e77
2018-04-25 21:01:04 Role color: 'Support Team' changed from #1e005b to #84c638
2018-04-25 21:01:13 Role color: 'Co-Owner' changed from #094ecd to #9186c2
2018-04-25 21:01:22 Role color: 'Super Admin' changed from #e87114 to #b07224
2018-04-25 21:01:33 Role color: 'Admin' changed from #0612d1 to #2ad4fb
2018-04-25 21:01:42 Role color: 'Pony' changed from #531e54 to #7ce6df
2018-04-25 21:01:51 Role color: 'Pony' changed from #7ce6df to #514982
2018-04-25 21:02:00 Role color: 'Developer1' changed from #611379 to #e5f983
2018-04-25 21:02:17 Role color: 'Head Developer' changed from #f65d12 to #91bd11
2018-04-25 21:02:26 Role color: 'Developer2' changed from #a46ab4 to #60edff
2018-04-25 21:02:44 Role color: 'Owner' changed from #7c8e77 to #4ad2b6
2018-04-25 21:02:52 Role color: 'Support Team' changed from #84c638 to #bc1c61
2018-04-25 21:03:10 Role color: 'Co-Owner' changed from #9186c2 to #3cee90
2018-04-25 21:03:28 Role color: 'Super Admin' changed from #b07224 to #43956e
2018-04-25 21:03:55 Role color: 'Admin' changed from #2ad4fb to #9394ba
2018-04-25 21:04:04 Role color: 'Pony' changed from #514982 to #f76f1f
2018-04-25 21:04:14 Role color: 'Pony' changed from #f76f1f to #10ace5
2018-04-25 21:04:32 Role color: 'Developer1' changed from #e5f983 to #dc3a65
2018-04-25 21:04:41 Role color: 'Head Developer' changed from #91bd11 to #7b018c
2018-04-25 21:04:50 Role color: 'Developer2' changed from #60edff to #b65282
2018-04-25 21:05:00 Role color: 'Owner' changed from #4ad2b6 to #2e8e18
2018-04-25 21:05:27 Role color: 'Support Team' changed from #bc1c61 to #497301
2018-04-25 21:05:36 Role color: 'Co-Owner' changed from #3cee90 to #94cd2e
2018-04-25 21:05:45 Role color: 'Super Admin' changed from #43956e to #18c9c3
2018-04-25 21:05:55 Role color: 'Admin' changed from #9394ba to #b1631f
2018-04-25 21:06:22 Role color: 'Pony' changed from #10ace5 to #8c203f
2018-04-25 21:06:31 Role color: 'Pony' changed from #8c203f to #495153
2018-04-25 21:06:39 Role color: 'Developer1' changed from #dc3a65 to #8d2c84
2018-04-25 21:06:56 Role color: 'Head Developer' changed from #7b018c to #73f4be
2018-04-25 21:07:13 Role color: 'Developer2' changed from #b65282 to #d96330
2018-04-25 21:07:23 Role color: 'Owner' changed from #2e8e18 to #7e8c97
2018-04-25 21:07:32 Role color: 'Support Team' changed from #497301 to #c5718d
2018-04-25 21:07:41 Role color: 'Co-Owner' changed from #94cd2e to #9dee1a
2018-04-25 21:07:56 Channel deleted: maddog
2018-04-25 21:08:00 Channel deleted: maddog
2018-04-25 21:08:04 Channel deleted: mad-dog
2018-04-25 21:08:08 Channel deleted: mad-dog
2018-04-25 21:08:09 Role color: 'Super Admin' changed from #18c9c3 to #73cda6
2018-04-25 21:08:19 Role color: 'Admin' changed from #b1631f to #7ee007
2018-04-25 21:08:28 Role color: 'Pony' changed from #495153 to #261c44
2018-04-25 21:08:37 Role color: 'Pony' changed from #261c44 to #23a232
2018-04-25 21:08:46 Role color: 'Developer1' changed from #8d2c84 to #169061
2018-04-25 21:08:55 Role color: 'Head Developer' changed from #73f4be to #b4ab00
2018-04-25 21:09:03 Role color: 'Developer2' changed from #d96330 to #a4db1d
2018-04-25 21:09:12 Role color: 'Owner' changed from #7e8c97 to #0fb57c
2018-04-25 21:09:20 Role color: 'Support Team' changed from #c5718d to #5b2e32
2018-04-25 21:09:29 Role color: 'Co-Owner' changed from #9dee1a to #a42520
2018-04-25 21:09:39 Role color: 'Super Admin' changed from #73cda6 to #4bd90b
2018-04-25 21:09:48 Role color: 'Admin' changed from #7ee007 to #6fe9ae
2018-04-25 21:09:57 Role color: 'Pony' changed from #23a232 to #f90f87
2018-04-25 21:10:06 Role color: 'Pony' changed from #f90f87 to #ee9b26
2018-04-25 21:10:16 Role color: 'Developer1' changed from #169061 to #f3f569
2018-04-25 21:10:25 Role color: 'Head Developer' changed from #b4ab00 to #3916a1
2018-04-25 21:10:34 Role color: 'Developer2' changed from #a4db1d to #f6e84f
2018-04-25 21:10:44 Role color: 'Owner' changed from #0fb57c to #2db1d8
2018-04-25 21:10:53 Role color: 'Support Team' changed from #5b2e32 to #fe3e77
2018-04-25 21:11:02 Role color: 'Co-Owner' changed from #a42520 to #01de8a
2018-04-25 21:11:11 Role color: 'Super Admin' changed from #4bd90b to #3f3697
2018-04-25 21:11:20 Role color: 'Admin' changed from #6fe9ae to #ebdb17
2018-04-25 21:11:29 Role color: 'Pony' changed from #ee9b26 to #ec8144
2018-04-25 21:11:39 Role color: 'Pony' changed from #ec8144 to #fdddc1
2018-04-25 21:11:48 Role color: 'Developer1' changed from #f3f569 to #9d193e
2018-04-25 21:11:57 Role color: 'Head Developer' changed from #3916a1 to #b06cc9
2018-04-25 21:12:16 Role color: 'Developer2' changed from #f6e84f to #47ba84
2018-04-25 21:12:33 Role color: 'Owner' changed from #2db1d8 to #f6dbfe
2018-04-25 21:12:42 Role color: 'Support Team' changed from #fe3e77 to #c678c4
2018-04-25 21:12:59 Role color: 'Co-Owner' changed from #01de8a to #794176
2018-04-25 21:13:08 Role color: 'Super Admin' changed from #3f3697 to #21e695
2018-04-25 21:13:18 Role color: 'Admin' changed from #ebdb17 to #612b88
2018-04-25 21:13:25 Member join: @Dyno#3861 (id 155149108183695360)
2018-04-25 21:13:25 Role created: 'Dyno' (id 438809782942695425)
2018-04-25 21:13:25 Member role add: 'Dyno' role was added to @Dyno#3861
2018-04-25 21:13:25 Member role add: 'Dyno' role was added to @Dyno#3861
2018-04-25 21:13:27 Role color: 'Pony' changed from #fdddc1 to #827113
2018-04-25 21:13:27 Role position: 'Pony' changed from 45 to 44
2018-04-25 21:13:40 Member role add: 'Support Team' role was added to @Dyno#3861
2018-04-25 21:13:41 Member role add: 'Admin' role was added to @Dyno#3861
2018-04-25 21:13:43 Member role add: 'Super Admin' role was added to @Dyno#3861
2018-04-25 21:13:48 Role color: 'Pony' changed from #827113 to #99961e
2018-04-25 21:13:57 Role color: 'Developer1' changed from #9d193e to #b4042a
2018-04-25 21:13:57 Role position: 'Developer1' changed from 48 to 47
2018-04-25 21:14:03 Member nickname: '@Dyno#3861' (id 155149108183695360) changed nickname from 'None' to 'AdminBot'
2018-04-25 21:14:06 Role color: 'Head Developer' changed from #b06cc9 to #fdffb8
2018-04-25 21:14:06 Role position: 'Head Developer' changed from 49 to 48
2018-04-25 21:14:15 Role color: 'Developer2' changed from #47ba84 to #79efc3
2018-04-25 21:14:15 Role position: 'Developer2' changed from 47 to 46
2018-04-25 21:14:41 Role color: 'Owner' changed from #f6dbfe to #902fbd
2018-04-25 21:14:41 Role position: 'Owner' changed from 50 to 49
2018-04-25 21:14:42 Member nickname: '@Dyno#3861' (id 155149108183695360) changed nickname from 'AdminBot' to 'None'
2018-04-25 21:14:50 Role color: 'Support Team' changed from #c678c4 to #539713
2018-04-25 21:14:50 Role position: 'Support Team' changed from 25 to 24
2018-04-25 21:14:59 Role color: 'Co-Owner' changed from #794176 to #51f91e
2018-04-25 21:14:59 Role position: 'Co-Owner' changed from 46 to 45
2018-04-25 21:14:59 Member nickname: '@Dyno#3861' (id 155149108183695360) changed nickname from 'None' to 'AdminBot'
2018-04-25 21:15:07 Role color: 'Super Admin' changed from #21e695 to #96a118
2018-04-25 21:15:07 Role position: 'Super Admin' changed from 41 to 40
2018-04-25 21:15:17 Role color: 'Admin' changed from #612b88 to #6445d4
2018-04-25 21:15:17 Role position: 'Admin' changed from 39 to 38
2018-04-25 21:15:24 Role color: 'Pony' changed from #99961e to #f5f591
2018-04-25 21:15:33 Role color: 'Pony' changed from #f5f591 to #8eb2bb
2018-04-25 21:15:42 Role color: 'Developer1' changed from #b4042a to #94a14d
2018-04-25 21:15:53 Role color: 'Head Developer' changed from #fdffb8 to #3424e4
2018-04-25 21:16:04 Role color: 'Developer2' changed from #79efc3 to #2741bb
2018-04-25 21:16:13 Role color: 'Owner' changed from #902fbd to #52fd31
2018-04-25 21:16:22 Role color: 'Support Team' changed from #539713 to #e966eb
2018-04-25 21:16:50 Role color: 'Co-Owner' changed from #51f91e to #cbcfe6
2018-04-25 21:17:00 Role color: 'Super Admin' changed from #96a118 to #2fea76
2018-04-25 21:17:27 Role color: 'Admin' changed from #6445d4 to #761cee
2018-04-25 21:17:45 Role color: 'Pony' changed from #8eb2bb to #f02d8f
2018-04-25 21:17:54 Role color: 'Pony' changed from #f02d8f to #d3627b
2018-04-25 21:18:03 Role color: 'Developer1' changed from #94a14d to #d70aff
2018-04-25 21:18:13 Role color: 'Head Developer' changed from #3424e4 to #333b22
2018-04-25 21:18:22 Role color: 'Developer2' changed from #2741bb to #071195
2018-04-25 21:18:39 Role color: 'Owner' changed from #52fd31 to #f48240
2018-04-25 21:18:58 Role color: 'Support Team' changed from #e966eb to #b90dee
2018-04-25 21:19:24 Role color: 'Co-Owner' changed from #cbcfe6 to #4668e4
2018-04-25 21:19:34 Role color: 'Super Admin' changed from #2fea76 to #bc3094
2018-04-25 21:19:57 Role permissions: 'Dyno' changed from 2134207671 to 2134207735
2018-04-25 21:19:57 Role position: 'Dyno' changed from 1 to 14
2018-04-25 21:19:57 Role position: 'Support Team' changed from 24 to 25
2018-04-25 21:19:57 Role position: 'Admin' changed from 38 to 39
2018-04-25 21:19:57 Role position: 'Super Admin' changed from 40 to 41
2018-04-25 21:19:57 Role position: 'Pony' changed from 44 to 45
2018-04-25 21:19:57 Role position: 'Co-Owner' changed from 45 to 46
2018-04-25 21:19:57 Role position: 'Developer2' changed from 46 to 47
2018-04-25 21:19:57 Role position: 'Developer1' changed from 47 to 48
2018-04-25 21:19:57 Role position: 'Head Developer' changed from 48 to 49
2018-04-25 21:19:57 Role position: 'Owner' changed from 49 to 50
2018-04-25 21:20:01 Role color: 'Admin' changed from #761cee to #97d787
2018-04-25 21:20:02 Role position: 'Dew it' changed from 15 to 14
2018-04-25 21:20:02 Role position: 'Bloxlink' changed from 16 to 15
2018-04-25 21:20:02 Role position: 'Rythm' changed from 17 to 16
2018-04-25 21:20:02 Role position: 'n0rmies' changed from 18 to 17
2018-04-25 21:20:02 Role position: 'nadeko-mute' changed from 19 to 18
2018-04-25 21:20:02 Role position: 'Mr.Boxman' changed from 20 to 19
2018-04-25 21:20:02 Role position: 'Box god' changed from 21 to 20
2018-04-25 21:20:02 Role position: 'DiscordServers.com' changed from 22 to 21
2018-04-25 21:20:02 Role position: 'Video Game Helper' changed from 23 to 22
2018-04-25 21:20:02 Role position: 'Equalizer' changed from 24 to 23
2018-04-25 21:20:02 Role position: 'Support Team' changed from 25 to 24
2018-04-25 21:20:02 Role position: 'NotSoBot' changed from 26 to 25
2018-04-25 21:20:02 Role position: 'Dank Memer' changed from 27 to 26
2018-04-25 21:20:02 Role position: 'Twilight Sparkle' changed from 28 to 27
2018-04-25 21:20:02 Role position: 'Tickety' changed from 29 to 28
2018-04-25 21:20:02 Role position: 'Mac's Grimoire' changed from 30 to 29
2018-04-25 21:20:02 Role position: 'Nayami' changed from 31 to 30
2018-04-25 21:20:02 Role position: 'Aki' changed from 32 to 31
2018-04-25 21:20:02 Role position: 'Nadeko' changed from 33 to 32
2018-04-25 21:20:02 Role position: 'Guilded' changed from 34 to 33
2018-04-25 21:20:02 Role position: 'Mee6' changed from 35 to 34
2018-04-25 21:20:02 Role position: 'Sinon' changed from 36 to 35
2018-04-25 21:20:02 Role position: 'Dyno' changed from 14 to 36
2018-04-25 21:20:07 Role position: 'pbot' changed from 37 to 36
2018-04-25 21:20:07 Role position: 'Asshole/Pony Haters' changed from 38 to 37
2018-04-25 21:20:07 Role position: 'Admin' changed from 39 to 38
2018-04-25 21:20:07 Role position: 'Head Admin' changed from 40 to 39
2018-04-25 21:20:07 Role position: 'Super Admin' changed from 41 to 40
2018-04-25 21:20:07 Role position: 'Yoda's Apprentice' changed from 42 to 41
2018-04-25 21:20:07 Role position: 'Yoda' changed from 43 to 42
2018-04-25 21:20:07 Role position: 'Valve' changed from 44 to 43
2018-04-25 21:20:07 Role position: 'Pony' changed from 45 to 44
2018-04-25 21:20:07 Role position: 'Co-Owner' changed from 46 to 45
2018-04-25 21:20:07 Role position: 'Developer2' changed from 47 to 46
2018-04-25 21:20:07 Role position: 'Developer1' changed from 48 to 47
2018-04-25 21:20:07 Role position: 'Head Developer' changed from 49 to 48
2018-04-25 21:20:07 Role position: 'Owner' changed from 50 to 49
2018-04-25 21:20:07 Role position: 'GP-bot' changed from 51 to 50
2018-04-25 21:20:07 Role position: 'Dyno' changed from 36 to 51
2018-04-25 21:20:10 Role position: 'Dyno' changed from 51 to 50
2018-04-25 21:20:10 Role position: 'GP-bot' changed from 50 to 51
2018-04-25 21:20:28 Role color: 'Pony' changed from #d3627b to #b84b20
2018-04-25 21:20:37 Role color: 'Pony' changed from #b84b20 to #dffb04
2018-04-25 21:20:55 Role color: 'Developer1' changed from #d70aff to #0513b0
2018-04-25 21:21:04 Role color: 'Head Developer' changed from #333b22 to #48a435
2018-04-25 21:21:14 Role color: 'Developer2' changed from #071195 to #ed8071
2018-04-25 21:21:33 Role color: 'Owner' changed from #f48240 to #7287df
2018-04-25 21:21:43 Role color: 'Support Team' changed from #b90dee to #8fb304
2018-04-25 21:21:52 Role color: 'Co-Owner' changed from #4668e4 to #0775a3
2018-04-25 21:22:02 Role color: 'Super Admin' changed from #bc3094 to #877aa6
2018-04-25 21:22:39 Role color: 'Admin' changed from #97d787 to #e59b20
2018-04-25 21:22:50 Role color: 'Pony' changed from #dffb04 to #1dff31
2018-04-25 21:22:59 Channel deleted: mad-dog
2018-04-25 21:22:59 Role color: 'Pony' changed from #1dff31 to #91df5a
2018-04-25 21:23:08 Role color: 'Developer1' changed from #0513b0 to #c3b62c
2018-04-25 21:23:17 Role color: 'Head Developer' changed from #48a435 to #c252c0
2018-04-25 21:23:35 Role color: 'Developer2' changed from #ed8071 to #078b82
2018-04-25 21:23:45 Role color: 'Owner' changed from #7287df to #2cb401
2018-04-25 21:24:04 Role color: 'Support Team' changed from #8fb304 to #fcf79d
2018-04-25 21:24:15 Role color: 'Co-Owner' changed from #0775a3 to #e11379
2018-04-25 21:24:24 Role color: 'Super Admin' changed from #877aa6 to #7c0698
2018-04-25 21:24:30 Channel created: log
2018-04-25 21:24:34 Role color: 'Admin' changed from #e59b20 to #6eecf0
2018-04-25 21:24:53 Role color: 'Pony' changed from #91df5a to #68735a
2018-04-25 21:25:32 Role color: 'Pony' changed from #68735a to #4ccf39
2018-04-25 21:25:51 Role color: 'Developer1' changed from #c3b62c to #276670
2018-04-25 21:26:21 Role color: 'Head Developer' changed from #c252c0 to #a6bf57
2018-04-25 21:26:33 Role color: 'Developer2' changed from #078b82 to #9c8b1d
2018-04-25 21:26:43 Role color: 'Owner' changed from #2cb401 to #71f74e
2018-04-25 21:26:52 Role color: 'Support Team' changed from #fcf79d to #804c70
2018-04-25 21:26:55 Member nickname: '@TrueLegendaryMarine#2778' (id 316757459848921094) changed nickname from 'None' to 'tes'
2018-04-25 21:27:09 Member nickname: '@TrueLegendaryMarine#2778' (id 316757459848921094) changed nickname from 'tes' to 'None'
2018-04-25 21:27:10 Role color: 'Co-Owner' changed from #e11379 to #e30871
2018-04-25 21:27:30 Role color: 'Super Admin' changed from #7c0698 to #32dc1b
2018-04-25 21:27:48 Role color: 'Admin' changed from #6eecf0 to #e3a6aa
2018-04-25 21:27:58 Role color: 'Pony' changed from #4ccf39 to #6e3228
2018-04-25 21:28:08 Role color: 'Pony' changed from #6e3228 to #d7a411
2018-04-25 21:28:17 Role color: 'Developer1' changed from #276670 to #f34369
2018-04-25 21:28:26 Role color: 'Head Developer' changed from #a6bf57 to #e5074a
2018-04-25 21:28:36 Role color: 'Developer2' changed from #9c8b1d to #0a03e5
2018-04-25 21:28:45 Role color: 'Owner' changed from #71f74e to #24bf9e
2018-04-25 21:29:03 Role color: 'Support Team' changed from #804c70 to #18c14f
2018-04-25 21:29:20 Role color: 'Co-Owner' changed from #e30871 to #575a3c
2018-04-25 21:29:29 Role color: 'Super Admin' changed from #32dc1b to #d3228a
2018-04-25 21:29:37 Role color: 'Admin' changed from #e3a6aa to #54511f
2018-04-25 21:29:46 Role color: 'Pony' changed from #d7a411 to #0061d9
2018-04-25 21:29:55 Role color: 'Pony' changed from #0061d9 to #f9120e
2018-04-25 21:30:16 Role color: 'Developer1' changed from #f34369 to #5882eb
2018-04-25 21:30:25 Role color: 'Head Developer' changed from #e5074a to #856ce4
2018-04-25 21:30:34 Role color: 'Developer2' changed from #0a03e5 to #953329
2018-04-25 21:30:44 Role color: 'Owner' changed from #24bf9e to #848a97
2018-04-25 21:30:53 Role color: 'Support Team' changed from #18c14f to #181882
2018-04-25 21:31:02 Role color: 'Co-Owner' changed from #575a3c to #a3197d
2018-04-25 21:31:10 Role color: 'Super Admin' changed from #d3228a to #16b659
2018-04-25 21:31:19 Role color: 'Admin' changed from #54511f to #0a64c5
2018-04-25 21:31:28 Role color: 'Pony' changed from #f9120e to #c9bcf9
2018-04-25 21:31:45 Role color: 'Pony' changed from #c9bcf9 to #2bc9a0
2018-04-25 21:31:54 Role color: 'Developer1' changed from #5882eb to #cc3212
2018-04-25 21:32:04 Role color: 'Head Developer' changed from #856ce4 to #a53d41
2018-04-25 21:32:13 Role color: 'Developer2' changed from #953329 to #381d24
2018-04-25 21:32:17 Member leave: @J.A.R.V.I.S#5877 (id 236949446091472896)
2018-04-25 21:32:32 Role color: 'Owner' changed from #848a97 to #7e9224
2018-04-25 21:32:41 Role color: 'Support Team' changed from #181882 to #64bd73
2018-04-25 21:32:50 Role color: 'Co-Owner' changed from #a3197d to #cf6d65
2018-04-25 21:32:59 Role color: 'Super Admin' changed from #16b659 to #0f9c6b
2018-04-25 21:33:08 Role color: 'Admin' changed from #0a64c5 to #5346a5
2018-04-25 21:33:17 Role color: 'Pony' changed from #2bc9a0 to #4eb20b
2018-04-25 21:33:35 Role color: 'Pony' changed from #4eb20b to #5d6654
2018-04-25 21:34:03 Role color: 'Developer1' changed from #cc3212 to #e11198
2018-04-25 21:34:12 Role color: 'Head Developer' changed from #a53d41 to #e74c19
2018-04-25 21:34:21 Role color: 'Developer2' changed from #381d24 to #2b34ef
2018-04-25 21:34:31 Role color: 'Owner' changed from #7e9224 to #ed368c
2018-04-25 21:34:40 Role color: 'Support Team' changed from #64bd73 to #59c5cc
2018-04-25 21:34:49 Role color: 'Co-Owner' changed from #cf6d65 to #e9c3d2
2018-04-25 21:34:58 Role color: 'Super Admin' changed from #0f9c6b to #46040c
2018-04-25 21:35:16 Role color: 'Admin' changed from #5346a5 to #af9f37
2018-04-25 21:35:24 Role color: 'Pony' changed from #5d6654 to #e01f22
2018-04-25 21:35:43 Role color: 'Pony' changed from #e01f22 to #5fce28
2018-04-25 21:35:53 Role color: 'Developer1' changed from #e11198 to #7b5951
2018-04-25 21:36:02 Role color: 'Head Developer' changed from #e74c19 to #4bcc2e
2018-04-25 21:36:12 Role color: 'Developer2' changed from #2b34ef to #823746
2018-04-25 21:36:21 Role color: 'Owner' changed from #ed368c to #7dc7a4
2018-04-25 21:37:06 Role color: 'Support Team' changed from #59c5cc to #0f7792
2018-04-25 21:37:08 Role created: 'new role' (id 438815751307132950)
2018-04-25 21:37:17 Role position: 'Synapse' changed from 3 to 2
2018-04-25 21:37:17 Role position: 'Ghostplay R2' changed from 4 to 3
2018-04-25 21:37:17 Role position: 'Life Bot' changed from 5 to 4
2018-04-25 21:37:17 Role position: 'Zephyr' changed from 6 to 5
2018-04-25 21:37:17 Role position: 'Tony Bamanaboni' changed from 7 to 6
2018-04-25 21:37:17 Role position: 'SteamTools' changed from 8 to 7
2018-04-25 21:37:17 Role position: 'BoobBot' changed from 9 to 8
2018-04-25 21:37:17 Role position: 'BoxBot' changed from 10 to 9
2018-04-25 21:37:17 Role position: 'Yggdrasil' changed from 11 to 10
2018-04-25 21:37:17 Role position: 'luna' changed from 12 to 11
2018-04-25 21:37:17 Role position: 'New to the' changed from 13 to 12
2018-04-25 21:37:17 Role position: 'FlutterBot' changed from 14 to 13
2018-04-25 21:37:17 Role position: 'Nightbot' changed from 15 to 14
2018-04-25 21:37:18 Role renamed: 'new role' to 'Friends'
2018-04-25 21:37:24 Role color: 'Co-Owner' changed from #e9c3d2 to #1dfffb
2018-04-25 21:37:43 Role mentionable: 'Friends' is now mentionable
2018-04-25 21:37:43 Role hoist: 'Friends' is now shown seperately
2018-04-25 21:37:43 Role permissions: 'Friends' changed from 104324161 to 2146958591
2018-04-25 21:37:50 Role color: 'Super Admin' changed from #46040c to #c22815
2018-04-25 21:37:56 Role position: 'Synapse' changed from 2 to 1
2018-04-25 21:37:56 Role position: 'Ghostplay R2' changed from 3 to 2
2018-04-25 21:37:56 Role position: 'Life Bot' changed from 4 to 3
2018-04-25 21:37:56 Role position: 'Zephyr' changed from 5 to 4
2018-04-25 21:37:56 Role position: 'Tony Bamanaboni' changed from 6 to 5
2018-04-25 21:37:56 Role position: 'SteamTools' changed from 7 to 6
2018-04-25 21:37:56 Role position: 'BoobBot' changed from 8 to 7
2018-04-25 21:37:56 Role position: 'BoxBot' changed from 9 to 8
2018-04-25 21:37:56 Role position: 'Yggdrasil' changed from 10 to 9
2018-04-25 21:37:56 Role position: 'luna' changed from 11 to 10
2018-04-25 21:37:56 Role position: 'New to the' changed from 12 to 11
2018-04-25 21:37:56 Role position: 'FlutterBot' changed from 13 to 12
2018-04-25 21:37:56 Role position: 'Nightbot' changed from 14 to 13
2018-04-25 21:37:56 Role position: 'Dew it' changed from 15 to 14
2018-04-25 21:37:56 Role position: 'Bloxlink' changed from 16 to 15
2018-04-25 21:37:56 Role position: 'Rythm' changed from 17 to 16
2018-04-25 21:37:56 Role position: 'n0rmies' changed from 18 to 17
2018-04-25 21:37:56 Role position: 'nadeko-mute' changed from 19 to 18
2018-04-25 21:37:56 Role position: 'Mr.Boxman' changed from 20 to 19
2018-04-25 21:37:56 Role position: 'Box god' changed from 21 to 20
2018-04-25 21:37:56 Role position: 'DiscordServers.com' changed from 22 to 21
2018-04-25 21:37:56 Role position: 'Video Game Helper' changed from 23 to 22
2018-04-25 21:37:56 Role position: 'Equalizer' changed from 24 to 23
2018-04-25 21:37:56 Role position: 'Support Team' changed from 25 to 24
2018-04-25 21:37:56 Role position: 'NotSoBot' changed from 26 to 25
2018-04-25 21:37:56 Role position: 'Dank Memer' changed from 27 to 26
2018-04-25 21:37:56 Role position: 'Twilight Sparkle' changed from 28 to 27
2018-04-25 21:37:56 Role position: 'Tickety' changed from 29 to 28
2018-04-25 21:37:56 Role position: 'Mac's Grimoire' changed from 30 to 29
2018-04-25 21:37:56 Role position: 'Nayami' changed from 31 to 30
2018-04-25 21:37:56 Role position: 'Aki' changed from 32 to 31
2018-04-25 21:37:56 Role position: 'Nadeko' changed from 33 to 32
2018-04-25 21:37:56 Role position: 'Guilded' changed from 34 to 33
2018-04-25 21:37:56 Role position: 'Mee6' changed from 35 to 34
2018-04-25 21:37:56 Role position: 'Sinon' changed from 36 to 35
2018-04-25 21:37:56 Role position: 'pbot' changed from 37 to 36
2018-04-25 21:37:56 Role position: 'Asshole/Pony Haters' changed from 38 to 37
2018-04-25 21:37:56 Role position: 'Friends' changed from 1 to 38
2018-04-25 21:38:09 Role color: 'Admin' changed from #af9f37 to #e20256
2018-04-25 21:38:28 Member role add: 'Friends' role was added to @TrueLegendaryMarine#2778
2018-04-25 21:38:30 Role color: 'Pony' changed from #5fce28 to #a77833
2018-04-25 21:38:34 Member role add: 'Friends' role was added to @[DoE] Rainbow Boom#0202
2018-04-25 21:38:40 Member role add: 'New to the' role was added to @[DoE] Rainbow Boom#0202
2018-04-25 21:38:49 Role color: 'Pony' changed from #a77833 to #314cda
2018-04-25 21:38:50 Member role add: 'Friends' role was added to @DR_Seal#6776
2018-04-25 21:38:58 Role color: 'Developer1' changed from #7b5951 to #99bfbf
2018-04-25 21:39:04 Member role add: 'Friends' role was added to @CometCrusader56#4519
2018-04-25 21:39:07 Role color: 'Head Developer' changed from #4bcc2e to #afa63a
2018-04-25 21:39:09 Member role add: 'Friends' role was added to @Grumpy illidan Cat#7158
2018-04-25 21:39:15 Member role add: 'Friends' role was added to @PyRo#2851
2018-04-25 21:39:16 Role color: 'Developer2' changed from #823746 to #7c06d9
2018-04-25 21:39:22 Member role add: 'Friends' role was added to @Med Lcpl 1123 Demon#8342
2018-04-25 21:39:25 Role color: 'Owner' changed from #7dc7a4 to #d1dd53
2018-04-25 21:39:34 Role color: 'Support Team' changed from #0f7792 to #4a7c56
2018-04-25 21:39:43 Role color: 'Co-Owner' changed from #1dfffb to #4bc59a
2018-04-25 21:39:51 Role color: 'Super Admin' changed from #c22815 to #cfa49b
2018-04-25 21:40:11 Role color: 'Admin' changed from #e20256 to #22c2bf
2018-04-25 21:40:20 Role color: 'Friends' changed from #000000 to #99ce0a
2018-04-25 21:40:39 Role color: 'Pony' changed from #314cda to #a79c97
2018-04-25 21:40:56 Role color: 'Pony' changed from #a79c97 to #83b05e
2018-04-25 21:41:05 Role color: 'Developer1' changed from #99bfbf to #c2b9fd
2018-04-25 21:41:15 Role color: 'Head Developer' changed from #afa63a to #64ae3e
2018-04-25 21:41:34 Role color: 'Developer2' changed from #7c06d9 to #abe0c7
2018-04-25 21:41:42 Role color: 'Owner' changed from #d1dd53 to #0f8e2f
2018-04-25 21:41:51 Role color: 'Support Team' changed from #4a7c56 to #7773cc
2018-04-25 21:42:01 Role color: 'Co-Owner' changed from #4bc59a to #dea41b
2018-04-25 21:42:10 Role color: 'Super Admin' changed from #cfa49b to #0d2af0
2018-04-25 21:42:19 Role color: 'Admin' changed from #22c2bf to #03fa69
2018-04-25 21:42:38 Role color: 'Friends' changed from #99ce0a to #e67d0f
2018-04-25 21:42:47 Role color: 'Pony' changed from #83b05e to #b4f53b
2018-04-25 21:42:57 Role color: 'Pony' changed from #b4f53b to #5d3d44
2018-04-25 21:43:14 Role color: 'Developer1' changed from #c2b9fd to #ead231
2018-04-25 21:43:31 Role color: 'Head Developer' changed from #64ae3e to #c99177
2018-04-25 21:43:40 Role color: 'Developer2' changed from #abe0c7 to #c299a4
2018-04-25 21:43:50 Role color: 'Owner' changed from #0f8e2f to #ffb873
2018-04-25 21:43:59 Role color: 'Support Team' changed from #7773cc to #01bcc0
2018-04-25 21:44:08 Role color: 'Co-Owner' changed from #dea41b to #d2855e
2018-04-25 21:44:17 Role color: 'Super Admin' changed from #0d2af0 to #42c445
2018-04-25 21:44:28 Role color: 'Admin' changed from #03fa69 to #fa37e7
2018-04-25 21:44:37 Role color: 'Friends' changed from #e67d0f to #a1d01b
2018-04-25 21:44:46 Role color: 'Pony' changed from #5d3d44 to #637b07
2018-04-25 21:44:55 Role color: 'Pony' changed from #637b07 to #99197a
2018-04-25 21:45:04 Role color: 'Developer1' changed from #ead231 to #68e4fd
2018-04-25 21:45:12 Role color: 'Head Developer' changed from #c99177 to #91950b
2018-04-25 21:45:22 Role color: 'Developer2' changed from #c299a4 to #c83bf4
2018-04-25 21:45:39 Role color: 'Owner' changed from #ffb873 to #1c3d5b
2018-04-25 21:46:16 Role color: 'Support Team' changed from #01bcc0 to #d108e6
2018-04-25 21:46:25 Role color: 'Co-Owner' changed from #d2855e to #6c2494
2018-04-25 21:46:44 Role color: 'Super Admin' changed from #42c445 to #22ceee
2018-04-25 21:46:54 Role color: 'Admin' changed from #fa37e7 to #176df5
2018-04-25 21:47:03 Role color: 'Friends' changed from #a1d01b to #8357a7
2018-04-25 21:47:38 Role color: 'Pony' changed from #99197a to #8e16d1
2018-04-25 21:47:47 Role color: 'Pony' changed from #8e16d1 to #26f7b1
2018-04-25 21:48:14 Role color: 'Developer1' changed from #68e4fd to #0cc321
2018-04-25 21:48:24 Role color: 'Head Developer' changed from #91950b to #4f483f
2018-04-25 21:48:32 Role color: 'Developer2' changed from #c83bf4 to #d46de8
2018-04-25 21:48:50 Role color: 'Owner' changed from #1c3d5b to #de1f4a
2018-04-25 21:48:59 Role color: 'Support Team' changed from #d108e6 to #2b913f
2018-04-25 21:49:18 Role color: 'Co-Owner' changed from #6c2494 to #04ff72
2018-04-25 21:49:35 Role color: 'Super Admin' changed from #22ceee to #15aa53
2018-04-25 21:49:43 Role color: 'Admin' changed from #176df5 to #39eda0
2018-04-25 21:49:52 Role color: 'Friends' changed from #8357a7 to #9cbfaf
2018-04-25 21:50:10 Role color: 'Pony' changed from #26f7b1 to #725c5f
2018-04-25 21:50:19 Role color: 'Pony' changed from #725c5f to #87148b
2018-04-25 21:50:28 Role color: 'Developer1' changed from #0cc321 to #d99e08
2018-04-25 21:50:37 Role color: 'Head Developer' changed from #4f483f to #54afe3
2018-04-25 21:50:55 Role color: 'Developer2' changed from #d46de8 to #2f09fd
2018-04-25 21:51:04 Role color: 'Owner' changed from #de1f4a to #5874db
2018-04-25 21:51:21 Role color: 'Support Team' changed from #2b913f to #ca2ee7
2018-04-25 21:51:32 Role color: 'Co-Owner' changed from #04ff72 to #ab60e4
2018-04-25 21:51:49 Role color: 'Super Admin' changed from #15aa53 to #806499
2018-04-25 21:51:58 Role color: 'Admin' changed from #39eda0 to #32f9de
2018-04-25 21:52:16 Role color: 'Friends' changed from #9cbfaf to #793e67
2018-04-25 21:52:25 Role color: 'Pony' changed from #87148b to #697bd2
2018-04-25 21:52:35 Role color: 'Pony' changed from #697bd2 to #1d09b3
2018-04-25 21:53:11 Role color: 'Developer1' changed from #d99e08 to #852d78
2018-04-25 21:53:20 Role color: 'Head Developer' changed from #54afe3 to #b58d11
2018-04-25 21:53:29 Role color: 'Developer2' changed from #2f09fd to #5493c0
2018-04-25 21:53:47 Role color: 'Owner' changed from #5874db to #b28ead
2018-04-25 21:53:56 Role color: 'Support Team' changed from #ca2ee7 to #74331e
2018-04-25 21:54:34 Role color: 'Co-Owner' changed from #ab60e4 to #d0b998
2018-04-25 21:54:53 Role color: 'Super Admin' changed from #806499 to #07bbd4
2018-04-25 21:55:12 Role color: 'Admin' changed from #32f9de to #78bba8
2018-04-25 21:55:21 Role color: 'Friends' changed from #793e67 to #1612a3
2018-04-25 21:55:30 Role color: 'Pony' changed from #1d09b3 to #5e8314
2018-04-25 21:55:39 Role color: 'Pony' changed from #5e8314 to #3246bd
2018-04-25 21:55:56 Role color: 'Developer1' changed from #852d78 to #b661bc
2018-04-25 21:56:05 Role color: 'Head Developer' changed from #b58d11 to #0f7ae3
2018-04-25 21:56:14 Role color: 'Developer2' changed from #5493c0 to #1dab1a
2018-04-25 21:56:23 Role color: 'Owner' changed from #b28ead to #622ce7
2018-04-25 21:56:33 Role color: 'Support Team' changed from #74331e to #60d5ac
2018-04-25 21:56:50 Role created: 'new role' (id 438820712363458570)
2018-04-25 21:56:51 Role color: 'Co-Owner' changed from #d0b998 to #4b490d
2018-04-25 21:56:51 Role position: 'Co-Owner' changed from 47 to 46
2018-04-25 21:57:01 Role color: 'Super Admin' changed from #07bbd4 to #a072f9
2018-04-25 21:57:01 Role position: 'Super Admin' changed from 42 to 41
2018-04-25 21:57:10 Role color: 'Admin' changed from #78bba8 to #b72faa
2018-04-25 21:57:10 Role position: 'Admin' changed from 40 to 39
2018-04-25 21:57:19 Role color: 'Friends' changed from #1612a3 to #59ab60
2018-04-25 21:57:19 Role position: 'Friends' changed from 39 to 38
2018-04-25 21:57:46 Role color: 'Pony' changed from #3246bd to #4ee75a
2018-04-25 21:57:46 Role position: 'Pony' changed from 46 to 45
2018-04-25 21:57:55 Role color: 'Pony' changed from #4ee75a to #ef2d8f
2018-04-25 21:57:55 Role position: 'Friends' changed from 38 to 39
2018-04-25 21:57:55 Role position: 'Admin' changed from 39 to 40
2018-04-25 21:57:55 Role position: 'Super Admin' changed from 41 to 42
2018-04-25 21:57:55 Role position: 'Pony' changed from 45 to 46
2018-04-25 21:57:55 Role position: 'Co-Owner' changed from 46 to 47
2018-04-25 21:57:57 Role renamed: 'new role' to 'War if the the four horsemen'
2018-04-25 21:57:57 Role color: 'new role' changed from #000000 to #ff0000
2018-04-25 21:58:04 Role created: 'new role' (id 438821022821515275)
2018-04-25 21:58:12 Role color: 'Developer1' changed from #b661bc to #56af42
2018-04-25 21:58:12 Role position: 'Developer1' changed from 50 to 49
2018-04-25 21:58:21 Role color: 'Head Developer' changed from #0f7ae3 to #54fae8
2018-04-25 21:58:21 Role position: 'Head Developer' changed from 51 to 50
2018-04-25 21:58:31 Role color: 'Developer2' changed from #1dab1a to #6054a4
2018-04-25 21:58:31 Role position: 'Developer2' changed from 49 to 48
2018-04-25 21:58:40 Role color: 'Owner' changed from #622ce7 to #e660a9
2018-04-25 21:58:40 Role position: 'Owner' changed from 52 to 51
2018-04-25 21:58:49 Role color: 'Support Team' changed from #60d5ac to #fd220c
2018-04-25 21:58:49 Role position: 'Support Team' changed from 26 to 25
2018-04-25 21:58:58 Role color: 'Co-Owner' changed from #4b490d to #eedfde
2018-04-25 21:58:58 Role position: 'Co-Owner' changed from 48 to 47
2018-04-25 21:59:01 Role position: 'Support Team' changed from 25 to 26
2018-04-25 21:59:01 Role position: 'Co-Owner' changed from 47 to 48
2018-04-25 21:59:01 Role position: 'Developer2' changed from 48 to 49
2018-04-25 21:59:01 Role position: 'Developer1' changed from 49 to 50
2018-04-25 21:59:01 Role position: 'Head Developer' changed from 50 to 51
2018-04-25 21:59:01 Role position: 'Owner' changed from 51 to 52
2018-04-25 21:59:01 Role renamed: 'new role' to 'Death  if the the four horsemen'
2018-04-25 21:59:01 Role color: 'new role' changed from #000000 to #71368a
2018-04-25 21:59:07 Role color: 'Super Admin' changed from #a072f9 to #f15dce
2018-04-25 21:59:17 Role color: 'Admin' changed from #b72faa to #c8a320
2018-04-25 21:59:19 Member role add: 'War if the the four horsemen' role was added to @Grumpy illidan Cat#7158
2018-04-25 21:59:21 Member role remove: The 'War if the the four horsemen' role was removed from @Grumpy illidan Cat#7158
2018-04-25 21:59:23 Member role add: 'War if the the four horsemen' role was added to @Grumpy illidan Cat#7158
2018-04-25 21:59:25 Member role add: 'Death  if the the four horsemen' role was added to @Grumpy illidan Cat#7158
2018-04-25 21:59:26 Role color: 'Friends' changed from #59ab60 to #2de764
2018-04-25 21:59:54 Role color: 'Pony' changed from #ef2d8f to #dca2f0
2018-04-25 22:00:21 Role color: 'Pony' changed from #dca2f0 to #5d3bf2
2018-04-25 22:00:30 Role color: 'Developer1' changed from #56af42 to #f0e424
2018-04-25 22:00:58 Role color: 'Head Developer' changed from #54fae8 to #fef4f8
2018-04-25 22:01:08 Role color: 'Developer2' changed from #6054a4 to #629f97
2018-04-25 22:01:17 Role color: 'Owner' changed from #e660a9 to #047cc4
2018-04-25 22:01:26 Role color: 'Support Team' changed from #fd220c to #f0a4c8
2018-04-25 22:01:34 Role color: 'Co-Owner' changed from #eedfde to #6d77de
2018-04-25 22:01:37 Member nickname: '@TrueLegendaryMarine#2778' (id 316757459848921094) changed nickname from 'None' to 'LegendaryOwner'
2018-04-25 22:01:43 Role color: 'Super Admin' changed from #f15dce to #1d7f8c
2018-04-25 22:01:52 Role color: 'Admin' changed from #c8a320 to #1879e8
2018-04-25 22:02:01 Role color: 'Friends' changed from #2de764 to #b8ccf6
2018-04-25 22:02:10 Role color: 'Pony' changed from #5d3bf2 to #baf9b8
2018-04-25 22:02:20 Role color: 'Pony' changed from #baf9b8 to #624a88
2018-04-25 22:02:29 Role color: 'Developer1' changed from #f0e424 to #827069
2018-04-25 22:02:38 Role color: 'Head Developer' changed from #fef4f8 to #d4cc1a
2018-04-25 22:02:48 Role color: 'Developer2' changed from #629f97 to #1b0692
2018-04-25 22:02:57 Role color: 'Owner' changed from #047cc4 to #b97082
2018-04-25 22:03:05 Role color: 'Support Team' changed from #f0a4c8 to #58e02d
2018-04-25 22:03:14 Role color: 'Co-Owner' changed from #6d77de to #b0000b
2018-04-25 22:03:41 Role color: 'Super Admin' changed from #1d7f8c to #cf4aea
2018-04-25 22:03:50 Role color: 'Admin' changed from #1879e8 to #57e436
2018-04-25 22:04:45 Role color: 'Pony' changed from #624a88 to #4b992b
2018-04-25 22:04:54 Role color: 'Pony' changed from #4b992b to #2c18d9
2018-04-25 22:05:12 Role color: 'Developer1' changed from #827069 to #9917f6
2018-04-25 22:05:21 Role color: 'Head Developer' changed from #d4cc1a to #cce08b
2018-04-25 22:05:30 Role color: 'Developer2' changed from #1b0692 to #f59334
2018-04-25 22:05:38 Role color: 'Owner' changed from #b97082 to #d60f3f
2018-04-25 22:05:47 Role color: 'Support Team' changed from #58e02d to #f7284a
2018-04-25 22:05:56 Role color: 'Co-Owner' changed from #b0000b to #3f6256
2018-04-25 22:06:04 Role color: 'Super Admin' changed from #cf4aea to #7e5a84
2018-04-25 22:06:13 Role color: 'Admin' changed from #57e436 to #a1c062
2018-04-25 22:06:40 Role color: 'Friends' changed from #b8ccf6 to #d830e5
2018-04-25 22:07:16 Role color: 'Pony' changed from #2c18d9 to #8973ab
2018-04-25 22:07:35 Role color: 'Pony' changed from #8973ab to #ab211f
2018-04-25 22:07:55 Member role add: 'Developer1' role was added to @Ghostplay R2#1298
2018-04-25 22:07:56 Member role add: 'Developer2' role was added to @Ghostplay R2#1298
2018-04-25 22:07:57 Member role add: 'Co-Owner' role was added to @Ghostplay R2#1298
2018-04-25 22:07:57 Member role add: 'Pony' role was added to @Ghostplay R2#1298
2018-04-25 22:07:58 Member role add: 'Valve' role was added to @Ghostplay R2#1298
2018-04-25 22:07:58 Member role add: 'Yoda' role was added to @Ghostplay R2#1298
2018-04-25 22:07:59 Member role add: 'Yoda's Apprentice' role was added to @Ghostplay R2#1298
2018-04-25 22:08:01 Member role add: 'Super Admin' role was added to @Ghostplay R2#1298
2018-04-25 22:08:01 Role color: 'Developer1' changed from #9917f6 to #8c64e0
2018-04-25 22:08:09 Member role add: 'Head Admin' role was added to @Ghostplay R2#1298
2018-04-25 22:08:10 Role color: 'Head Developer' changed from #cce08b to #5e2aff
2018-04-25 22:08:10 Member role add: 'Admin' role was added to @Ghostplay R2#1298
2018-04-25 22:08:13 Member role add: 'Friends' role was added to @Ghostplay R2#1298
2018-04-25 22:08:14 Member role add: 'Asshole/Pony Haters' role was added to @Ghostplay R2#1298
2018-04-25 22:08:16 Member role add: 'Support Team' role was added to @Ghostplay R2#1298
2018-04-25 22:08:19 Member role add: 'Box god' role was added to @Ghostplay R2#1298
2018-04-25 22:08:19 Role color: 'Developer2' changed from #f59334 to #402d48
2018-04-25 22:08:21 Member role add: 'nadeko-mute' role was added to @Ghostplay R2#1298
2018-04-25 22:08:23 Member role add: 'Mr.Boxman' role was added to @Ghostplay R2#1298
2018-04-25 22:08:23 Member role add: 'Head Developer' role was added to @Ghostplay R2#1298
2018-04-25 22:08:25 Member role add: 'Dew it' role was added to @Ghostplay R2#1298
2018-04-25 22:08:26 Member role add: 'n0rmies' role was added to @Ghostplay R2#1298
2018-04-25 22:08:27 Member role add: 'War if the the four horsemen' role was added to @Ghostplay R2#1298
2018-04-25 22:08:28 Member role add: 'New to the' role was added to @Ghostplay R2#1298
2018-04-25 22:08:28 Role color: 'Owner' changed from #d60f3f to #af45e7
2018-04-25 22:08:30 Member role add: 'Death  if the the four horsemen' role was added to @Ghostplay R2#1298
2018-04-25 22:08:32 Member role add: 'luna' role was added to @Ghostplay R2#1298
2018-04-25 22:08:44 Member role add: 'Asshole/Pony Haters' role was added to @Grumpy illidan Cat#7158
2018-04-25 22:08:45 Member role remove: The 'Asshole/Pony Haters' role was removed from @Grumpy illidan Cat#7158
2018-04-25 22:09:32 Role color: 'Co-Owner' changed from #3f6256 to #e49aba
2018-04-25 22:09:40 Role color: 'Super Admin' changed from #7e5a84 to #cb02c0
2018-04-25 22:09:49 Role color: 'Admin' changed from #a1c062 to #3b13ea
2018-04-25 22:10:07 Role color: 'Friends' changed from #d830e5 to #2703fc
2018-04-25 22:10:26 Role color: 'Pony' changed from #ab211f to #3b9e05
2018-04-25 22:10:35 Role color: 'Pony' changed from #3b9e05 to #935854
2018-04-25 22:10:44 Role color: 'Developer1' changed from #8c64e0 to #156f1f
2018-04-25 22:10:53 Role color: 'Head Developer' changed from #5e2aff to #34f726
2018-04-25 22:11:02 Role color: 'Developer2' changed from #402d48 to #199571
2018-04-25 22:11:19 Role color: 'Owner' changed from #af45e7 to #5e0816
2018-04-25 22:11:21 Channel overwrites: log (438812574759256074): role nadeko-mute (425794780879126530) added with values 0, 34880
2018-04-25 22:11:37 Role color: 'Support Team' changed from #f7284a to #99df5c
2018-04-25 22:11:45 Role color: 'Co-Owner' changed from #e49aba to #48b138
2018-04-25 22:11:54 Role color: 'Super Admin' changed from #cb02c0 to #f8dd40
2018-04-25 22:12:11 Role color: 'Admin' changed from #3b13ea to #47bf6d
2018-04-25 22:12:20 Role color: 'Friends' changed from #2703fc to #dfe0f7
2018-04-25 22:12:28 Role color: 'Pony' changed from #935854 to #8fe7a8
2018-04-25 22:12:39 Role color: 'Pony' changed from #8fe7a8 to #5d6958
2018-04-25 22:12:47 Role color: 'Developer1' changed from #156f1f to #2242d6
2018-04-25 22:12:57 Role color: 'Head Developer' changed from #34f726 to #2e6113
2018-04-25 22:13:06 Role color: 'Developer2' changed from #199571 to #efeedf
2018-04-25 22:13:15 Role color: 'Owner' changed from #5e0816 to #e6c8fb
2018-04-25 22:13:24 Role color: 'Support Team' changed from #99df5c to #8202f4
2018-04-25 22:13:50 Role color: 'Co-Owner' changed from #48b138 to #ad58d5
2018-04-25 22:13:59 Role color: 'Super Admin' changed from #f8dd40 to #36777b
2018-04-25 22:14:17 Role color: 'Admin' changed from #47bf6d to #b9dd6f
2018-04-25 22:15:04 Role color: 'Friends' changed from #dfe0f7 to #3396ec
2018-04-25 22:15:13 Role color: 'Pony' changed from #5d6958 to #ad9226
2018-04-25 22:15:21 Role color: 'Pony' changed from #ad9226 to #5b5591
2018-04-25 22:15:30 Role color: 'Developer1' changed from #2242d6 to #ce79f0
2018-04-25 22:16:05 Role color: 'Head Developer' changed from #2e6113 to #7a7e3a
2018-04-25 22:16:23 Role color: 'Developer2' changed from #efeedf to #e2c21a
2018-04-25 22:16:32 Role color: 'Owner' changed from #e6c8fb to #79a76c
2018-04-25 22:16:40 Role color: 'Support Team' changed from #8202f4 to #133b68
2018-04-25 22:16:59 Role color: 'Co-Owner' changed from #ad58d5 to #e8e6d4
2018-04-25 22:17:08 Role color: 'Super Admin' changed from #36777b to #fb8b36
2018-04-25 22:17:17 Role color: 'Admin' changed from #b9dd6f to #6a58da
2018-04-25 22:17:36 Role color: 'Friends' changed from #3396ec to #5af2c9
2018-04-25 22:17:53 Role color: 'Pony' changed from #5b5591 to #580219
2018-04-25 22:18:02 Role color: 'Pony' changed from #580219 to #03bbea
2018-04-25 22:18:11 Role color: 'Developer1' changed from #ce79f0 to #808035
2018-04-25 22:18:20 Role color: 'Head Developer' changed from #7a7e3a to #8f9c35
2018-04-25 22:18:28 Role color: 'Developer2' changed from #e2c21a to #09885f
2018-04-25 22:18:38 Role color: 'Owner' changed from #79a76c to #0923c8
2018-04-25 22:19:16 Role color: 'Support Team' changed from #133b68 to #e24508
2018-04-25 22:19:43 Role color: 'Co-Owner' changed from #e8e6d4 to #515376
2018-04-25 22:19:52 Role color: 'Super Admin' changed from #fb8b36 to #76b1fc
2018-04-25 22:20:01 Role color: 'Admin' changed from #6a58da to #866e8d
2018-04-25 22:20:11 Role color: 'Friends' changed from #5af2c9 to #506f31
2018-04-25 22:20:20 Role color: 'Pony' changed from #03bbea to #3cb8ac
2018-04-25 22:20:28 Role color: 'Pony' changed from #3cb8ac to #455a5d
2018-04-25 22:20:37 Role color: 'Developer1' changed from #808035 to #adcfc6
2018-04-25 22:20:46 Role color: 'Head Developer' changed from #8f9c35 to #020df2
2018-04-25 22:20:56 Role color: 'Developer2' changed from #09885f to #a01dcd
2018-04-25 22:21:23 Role color: 'Owner' changed from #0923c8 to #189ae5
2018-04-25 22:21:32 Role color: 'Support Team' changed from #e24508 to #dcb2c1
2018-04-25 22:21:41 Role color: 'Co-Owner' changed from #515376 to #9666a7
2018-04-25 22:21:50 Role color: 'Super Admin' changed from #76b1fc to #4b610f
2018-04-25 22:21:59 Role color: 'Admin' changed from #866e8d to #8ee1f8
2018-04-25 22:22:09 Role color: 'Friends' changed from #506f31 to #35f51f
2018-04-25 22:22:18 Role color: 'Pony' changed from #455a5d to #07718c
2018-04-25 22:22:27 Role color: 'Pony' changed from #07718c to #84f0be
2018-04-25 22:22:36 Role color: 'Developer1' changed from #adcfc6 to #b9eab2
2018-04-25 22:22:56 Role color: 'Head Developer' changed from #020df2 to #c64e75
2018-04-25 22:23:07 Role color: 'Developer2' changed from #a01dcd to #ad0095
2018-04-25 22:23:15 Role color: 'Owner' changed from #189ae5 to #a05ec9
2018-04-25 22:24:02 Role color: 'Support Team' changed from #dcb2c1 to #0d16c9
2018-04-25 22:24:11 Role color: 'Co-Owner' changed from #9666a7 to #2a38ec
2018-04-25 22:24:29 Role color: 'Super Admin' changed from #4b610f to #12fda9
2018-04-25 22:24:37 Role color: 'Admin' changed from #8ee1f8 to #eb9524
2018-04-25 22:24:47 Role color: 'Friends' changed from #35f51f to #b5e0f9
2018-04-25 22:31:29 Role created: 'new role' (id 438829430798942208)
2018-04-25 22:32:07 Role position: 'new role' changed from 1 to 55
2018-04-25 22:32:07 Role renamed: 'new role' to 'Major Bot'
2018-04-25 22:32:07 Role color: 'new role' changed from #000000 to #3498db
2018-04-25 22:32:07 Role mentionable: 'Major Bot' is now mentionable
2018-04-25 22:32:07 Role hoist: 'Major Bot' is now shown seperately
2018-04-25 22:32:07 Role permissions: 'new role' changed from 104324161 to 2146958591
2018-04-25 22:34:36 Channel position: Basic-Voice-Channel moved from 1 to 0
2018-04-25 22:34:36 Channel position: afk moved from 3 to 1
2018-04-25 22:34:36 Channel position: Staff Meeting moved from 4 to 2
2018-04-25 22:34:36 Channel position: fucked channel moved from 5 to 3
2018-04-25 22:34:36 Channel position: Minecraft Voice Chat moved from 6 to 4
2018-04-25 22:34:36 Channel position: badboys moved from 7 to 5
2018-04-25 22:34:36 Channel position: Music-Channel moved from 8 to 6
2018-04-25 22:34:36 Channel position: Zombie Horde Voice Updates moved from 9 to 7
2018-04-25 22:34:36 Channel position: PyRo's Owner Channel moved from 10 to 8
2018-04-25 22:34:36 Channel position: city 17 moved from 11 to 9
2018-04-25 22:34:36 Channel position: Pony moved from 12 to 10
2018-04-25 22:34:36 Channel position: Staff-Only-Voice moved from 2 to 11
2018-04-25 22:34:36 Channel position: RIP moved from 13 to 12
2018-04-25 22:34:36 Channel position: RIP moved from 14 to 13
2018-04-25 22:34:36 Channel position: xbox360 live chat (bitrate is awfull) moved from 15 to 14
2018-04-25 22:34:36 Channel position: Memorial SE's Office moved from 16 to 15
2018-04-25 23:19:55 Channel rename: RIP renamed to RIP 1
2018-04-25 23:20:03 Channel deleted: RIP 1
2018-04-25 23:42:09 Member role add: 'Developer1' role was added to @Life Bot#7820
2018-04-25 23:42:09 Member role add: 'Developer2' role was added to @Life Bot#7820
2018-04-25 23:45:47 Member role remove: The 'Developer1' role was removed from @Life Bot#7820
2018-04-25 23:45:48 Member role remove: The 'Developer2' role was removed from @Life Bot#7820
2018-04-26 00:53:53 Member join: @The Legendary#1299 (id 438818926479147028)
2018-04-26 00:53:53 Role created: 'The Legend' (id 438865265388814356)
2018-04-26 00:53:53 Member role add: 'The Legend' role was added to @The Legendary#1299
2018-04-26 00:54:04 Member role add: 'Major Bot' role was added to @The Legendary#1299
2018-04-26 01:15:02 Role deleted: 'Tickety' (id 416095243759255562)
2018-04-26 01:15:02 Member leave: @Tickety#3703 (id 352854019934257156)
2018-04-26 02:08:55 Role position: 'Death  if the the four horsemen' changed from 3 to 2
2018-04-26 02:08:55 Role position: 'War if the the four horsemen' changed from 4 to 3
2018-04-26 02:08:55 Role position: 'Synapse' changed from 5 to 4
2018-04-26 02:08:55 Role position: 'Ghostplay R2' changed from 6 to 5
2018-04-26 02:08:55 Role position: 'Life Bot' changed from 7 to 6
2018-04-26 02:08:55 Role position: 'Zephyr' changed from 8 to 7
2018-04-26 02:08:55 Role position: 'Tony Bamanaboni' changed from 9 to 8
2018-04-26 02:08:55 Role position: 'SteamTools' changed from 10 to 9
2018-04-26 02:08:55 Role position: 'BoobBot' changed from 11 to 10
2018-04-26 02:08:55 Role position: 'BoxBot' changed from 12 to 11
2018-04-26 02:08:55 Role position: 'Yggdrasil' changed from 13 to 12
2018-04-26 02:08:55 Role position: 'luna' changed from 14 to 13
2018-04-26 02:08:55 Role position: 'New to the' changed from 15 to 14
2018-04-26 02:08:55 Role position: 'FlutterBot' changed from 16 to 15
2018-04-26 02:08:55 Role position: 'Nightbot' changed from 17 to 16
2018-04-26 02:08:55 Role position: 'Dew it' changed from 18 to 17
2018-04-26 02:08:55 Role position: 'Bloxlink' changed from 19 to 18
2018-04-26 02:08:55 Role position: 'Rythm' changed from 20 to 19
2018-04-26 02:08:55 Role position: 'n0rmies' changed from 21 to 20
2018-04-26 02:08:55 Role position: 'nadeko-mute' changed from 22 to 21
2018-04-26 02:08:55 Role position: 'Mr.Boxman' changed from 23 to 22
2018-04-26 02:08:55 Role position: 'Box god' changed from 24 to 23
2018-04-26 02:08:55 Role position: 'DiscordServers.com' changed from 25 to 24
2018-04-26 02:08:55 Role position: 'Video Game Helper' changed from 26 to 25
2018-04-26 02:08:55 Role position: 'Equalizer' changed from 27 to 26
2018-04-26 02:08:55 Role position: 'Support Team' changed from 28 to 27
2018-04-26 02:08:55 Role position: 'NotSoBot' changed from 29 to 28
2018-04-26 02:08:55 Role position: 'Dank Memer' changed from 30 to 29
2018-04-26 02:08:55 Role position: 'Twilight Sparkle' changed from 31 to 30
2018-04-26 02:08:57 Role renamed: 'Major Bot' to 'The Bot King'
2018-04-26 02:10:06 Role color: 'Owner' changed from #a05ec9 to #0031ff
2018-04-26 02:10:06 Role position: 'Owner' changed from 53 to 52
2018-04-26 02:11:12 Role deleted: 'BoobBot' (id 438733504080248843)
2018-04-26 02:11:12 Member leave: @BoobBot#5382 (id 285480424904327179)
2018-04-26 02:11:26 Member role add: 'Owner' role was added to @Grumpy illidan Cat#7158
2018-04-26 02:11:37 Member role remove: The 'Owner' role was removed from @Grumpy illidan Cat#7158
2018-04-26 16:18:16 Member join: @KinkBot#2286 (id 367399138767273987)
2018-04-26 16:18:16 Role created: 'KinkBot' (id 439097897347186688)
2018-04-26 16:18:16 Member role add: 'KinkBot' role was added to @KinkBot#2286
2018-04-26 16:19:15 Member join: @Rias#4357 (id 381387277764395008)
2018-04-26 16:19:15 Member role add: 'Rias' role was added to @Rias#4357
2018-04-26 16:19:15 Role created: 'Rias' (id 439098136556863501)
2018-04-26 16:19:15 Member role add: 'Rias' role was added to @Rias#4357
2018-04-26 16:24:11 Member join: @Magic Pony#3662 (id 405741957164564483)
2018-04-26 16:24:12 Role created: 'Magic Pony' (id 439099386312785920)
2018-04-26 16:24:12 Member role add: 'Magic Pony' role was added to @Magic Pony#3662
2018-04-26 16:26:52 Member join: @Fortnite Bot#4244 (id 372957548451725322)
2018-04-26 16:26:52 Member role add: 'Fortnite Bot' role was added to @Fortnite Bot#4244
2018-04-26 16:26:52 Role created: 'Fortnite Bot' (id 439100059184005130)
2018-04-26 16:26:52 Member role add: 'Fortnite Bot' role was added to @Fortnite Bot#4244
2018-04-26 16:28:21 Member join: @AvaIre#9124 (id 275270122082533378)
2018-04-26 16:28:21 Member role add: 'avaire' role was added to @AvaIre#9124
2018-04-26 16:28:21 Role created: 'avaire' (id 439100432803954688)
2018-04-26 16:28:21 Member role add: 'avaire' role was added to @AvaIre#9124
2018-04-26 16:29:20 Member join: @PikaGirl#7552 (id 169678500893163520)
2018-04-26 16:29:20 Role created: 'PikaGirl' (id 439100679974551563)
2018-04-26 16:29:20 Member role add: 'PikaGirl' role was added to @PikaGirl#7552
2018-04-26 16:31:29 Member join: @Old School Bot#7450 (id 303730326692429825)
2018-04-26 16:31:29 Member role add: 'Old School Bot' role was added to @Old School Bot#7450
2018-04-26 16:31:29 Role created: 'Old School Bot' (id 439101217453637642)
2018-04-26 16:31:29 Member role add: 'Old School Bot' role was added to @Old School Bot#7450
2018-04-26 16:32:17 Role permissions: 'Equalizer' changed from 262216 to 8
2018-04-26 16:32:17 Role position: 'Equalizer' changed from 32 to 26
2018-04-26 16:33:36 Member join: @Kashima#4514 (id 424137718961012737)
2018-04-26 16:33:36 Member role add: 'Kashima' role was added to @Kashima#4514
2018-04-26 16:33:36 Role created: 'Kashima' (id 439101747508805632)
2018-04-26 16:33:36 Member role add: 'Kashima' role was added to @Kashima#4514
2018-04-26 19:09:18 Member role add: 'Dew it' role was added to @Dank Memer#6539
2018-04-26 19:09:30 Member role remove: The 'Friends' role was removed from @PyRo#2851
2018-04-26 19:09:32 Member role remove: The 'n0rmies' role was removed from @PyRo#2851
2018-04-26 19:09:33 Member role remove: The 'New to the' role was removed from @PyRo#2851
2018-04-26 19:09:34 Member role remove: The 'luna' role was removed from @PyRo#2851
2018-04-26 19:09:37 Member role remove: The 'Dew it' role was removed from @PyRo#2851
2018-04-26 19:27:53 Role deleted: 'Fortnite Bot' (id 439100059184005130)
2018-04-26 19:27:54 Member leave: @Fortnite Bot#4244 (id 372957548451725322)
2018-04-26 19:28:06 Member role add: 'Support Team' role was added to @Magic Pony#3662
2018-04-26 19:28:10 Member role add: 'Support Team' role was added to @Rias#4357
2018-04-26 19:28:13 Member role add: 'Support Team' role was added to @Old School Bot#7450
2018-04-26 19:28:17 Member role add: 'Support Team' role was added to @KinkBot#2286
2018-04-26 19:28:21 Member role add: 'Support Team' role was added to @Kashima#4514
2018-04-26 19:28:25 Member role add: 'Support Team' role was added to @AvaIre#9124
2018-04-26 19:28:36 Member role add: 'Support Team' role was added to @PikaGirl#7552
2018-04-26 19:33:25 Role deleted: 'Ghostplay R2' (id 438798478035124224)
2018-04-26 19:33:25 Member leave: @Ghostplay R2#1298 (id 435829986772123658)
2018-04-26 19:40:41 Member role add: 'Co-Owner' role was added to @DR_Seal#6776
2018-04-27 06:02:05 Member join: @PokeQuest#9148 (id 407679175202177024)
2018-04-27 06:02:05 Member role add: 'PokQuest' role was added to @PokeQuest#9148
2018-04-27 06:02:05 Role created: 'PokQuest' (id 439305215548850186)
2018-04-27 06:02:05 Member role add: 'PokQuest' role was added to @PokeQuest#9148
2018-04-27 06:02:52 Member join: @Pepe Bot#7622 (id 411851868810248194)
2018-04-27 06:02:53 Member role add: 'Pepe Bot' role was added to @Pepe Bot#7622
2018-04-27 06:02:54 Role created: 'Pepe Bot' (id 439305412555046932)
2018-04-27 06:02:54 Member role add: 'Pepe Bot' role was added to @Pepe Bot#7622
2018-04-27 06:05:53 Member join: @Fortnite Stats#2375 (id 374892524780781579)
2018-04-27 06:05:53 Member role add: 'Fortnite Stats' role was added to @Fortnite Stats#2375
2018-04-27 06:05:53 Role created: 'Fortnite Stats' (id 439306173473357825)
2018-04-27 06:05:53 Member role add: 'Fortnite Stats' role was added to @Fortnite Stats#2375
2018-04-27 06:07:43 Member join: @CoinMaster#5190 (id 346140550069747713)
2018-04-27 06:09:07 Member join: @Mantaro#4454 (id 213466096718708737)
2018-04-27 06:09:07 Member role add: 'Mantaro' role was added to @Mantaro#4454
2018-04-27 06:09:07 Role created: 'Mantaro' (id 439306986895704065)
2018-04-27 06:09:07 Member role add: 'Mantaro' role was added to @Mantaro#4454
2018-04-27 06:10:14 Member join: @Discord Duels#6597 (id 292789588399751168)
2018-04-27 06:10:14 Member role add: 'Discord Duels' role was added to @Discord Duels#6597
2018-04-27 06:10:14 Role created: 'Discord Duels' (id 439307261433741312)
2018-04-27 06:10:14 Member role add: 'Discord Duels' role was added to @Discord Duels#6597
2018-04-27 06:10:46 Member join: @BoobBot#5382 (id 285480424904327179)
2018-04-27 06:10:46 Member role add: 'BoobBot' role was added to @BoobBot#5382
2018-04-27 06:10:46 Role created: 'BoobBot' (id 439307399225016328)
2018-04-27 06:10:46 Member role add: 'BoobBot' role was added to @BoobBot#5382
2018-04-27 06:11:58 Member join: @Sigma#8530 (id 216437513709944832)
2018-04-27 06:11:58 Member role add: 'Apex Sigma' role was added to @Sigma#8530
2018-04-27 06:11:58 Role created: 'Apex Sigma' (id 439307698262114314)
2018-04-27 06:11:58 Member role add: 'Apex Sigma' role was added to @Sigma#8530
2018-04-27 06:13:05 Member join: @Sheri#8443 (id 346702890368368640)
2018-04-27 06:13:05 Member role add: 'Sheri' role was added to @Sheri#8443
2018-04-27 06:13:05 Role created: 'Sheri' (id 439307984091349012)
2018-04-27 06:13:05 Member role add: 'Sheri' role was added to @Sheri#8443
2018-04-27 06:13:23 Member join: @Maya Winterfox#6575 (id 289381714885869568)
2018-04-27 06:13:23 Member role add: 'Maya Winterfox' role was added to @Maya Winterfox#6575
2018-04-27 06:13:23 Role created: 'Maya Winterfox' (id 439308058460553217)
2018-04-27 06:13:23 Member role add: 'Maya Winterfox' role was added to @Maya Winterfox#6575
2018-04-27 06:14:05 Member join: @EXE Bot#7605 (id 353661793199194112)
2018-04-27 06:14:05 Role created: 'EXE Bot' (id 439308235065786378)
2018-04-27 06:14:05 Member role add: 'EXE Bot' role was added to @EXE Bot#7605
2018-04-27 06:14:45 Member join: @Neptune#2425 (id 313157239714217984)
2018-04-27 06:14:45 Member role add: 'Neptune' role was added to @Neptune#2425
2018-04-27 06:14:45 Member role add: 'Neptune' role was added to @Neptune#2425
2018-04-27 06:14:45 Role created: 'Neptune' (id 439308401588043778)
2018-04-27 06:14:45 Member role add: 'Neptune' role was added to @Neptune#2425
2018-04-27 06:15:52 Member join: @EGGSY's#4937 (id 351611743018942464)
2018-04-27 06:15:52 Role created: 'EGGSY's' (id 439308677749538816)
2018-04-27 06:15:52 Member role add: 'EGGSY's' role was added to @EGGSY's#4937
2018-04-27 06:15:52 Member role add: 'EGGSY's' role was added to @EGGSY's#4937
2018-04-27 06:16:45 Member join: @Alice#9251 (id 274620011744854029)
2018-04-27 06:16:45 Member role add: 'Alice' role was added to @Alice#9251
2018-04-27 06:16:45 Role created: 'Alice' (id 439308904833220608)
2018-04-27 06:16:45 Member role add: 'Alice' role was added to @Alice#9251
2018-04-27 06:17:17 Member join: @Discord Pizza#7564 (id 394812811630477315)
2018-04-27 06:17:17 Member role add: 'Discord Pizza' role was added to @Discord Pizza#7564
2018-04-27 06:17:17 Role created: 'Discord Pizza' (id 439309040053649438)
2018-04-27 06:17:17 Member role add: 'Discord Pizza' role was added to @Discord Pizza#7564
2018-04-27 06:17:54 Member join: @jColour#2777 (id 358968052500660226)
2018-04-27 06:17:54 Member role add: 'jColour' role was added to @jColour#2777
2018-04-27 06:17:54 Role created: 'jColour' (id 439309192772190208)
2018-04-27 06:17:54 Member role add: 'jColour' role was added to @jColour#2777
2018-04-27 16:21:26 Member role remove: The 'Pony' role was removed from @Beaver#7469
2018-04-27 16:21:30 Member role add: 'Dew it' role was added to @Beaver#7469
2018-04-27 16:21:33 Member role add: 'New to the' role was added to @Beaver#7469
2018-04-27 16:21:33 Member role remove: The 'Developer2' role was removed from @Beaver#7469
2018-04-27 16:21:33 Member role remove: The 'Co-Owner' role was removed from @Beaver#7469
2018-04-27 16:21:34 Member role remove: The 'New to the' role was removed from @Beaver#7469
2018-04-27 16:21:38 Member role add: 'Developer1' role was added to @Beaver#7469
2018-04-27 16:21:41 Member role add: 'Co-Owner' role was added to @Beaver#7469
2018-04-27 16:21:41 Member role add: 'Developer2' role was added to @Beaver#7469
2018-04-27 16:21:41 Member role add: 'Pony' role was added to @Beaver#7469
2018-04-27 16:21:41 Member role add: 'Co-Owner' role was added to @Beaver#7469
2018-04-27 16:21:41 Member role add: 'Pony' role was added to @Beaver#7469
2018-04-27 16:21:41 Member role add: 'Pony' role was added to @Beaver#7469
2018-04-27 16:21:47 Member role remove: The 'Pony' role was removed from @Beaver#7469
2018-04-27 16:22:53 Channel position: RIP moved from 13 to 12
2018-04-27 16:22:53 Channel position: xbox360 live chat (bitrate is awfull) moved from 14 to 13
2018-04-27 16:22:53 Channel position: Memorial SE's Office moved from 15 to 14
2018-04-27 16:24:41 Member role add: 'Developer1' role was added to @EGGSY's#4937
2018-04-27 16:24:41 Member role add: 'Developer2' role was added to @EGGSY's#4937
2018-04-27 16:24:54 Member role add: 'Co-Owner' role was added to @EGGSY's#4937
2018-04-27 16:25:11 Member ban: @BoobBot#5382 (id 285480424904327179)
2018-04-27 16:25:11 Role deleted: 'BoobBot' (id 439307399225016328)
2018-04-27 16:25:11 Member leave: @BoobBot#5382 (id 285480424904327179)
2018-04-27 16:26:34 Member nickname: '@Grumpy illidan Cat#7158' (id 398270602454237187) changed nickname from 'i have the high ground' to 'Eggsy'
2018-04-27 16:26:50 Member nickname: '@EGGSY's#4937' (id 351611743018942464) changed nickname from 'None' to 'Kingman'
2018-04-27 19:08:06 Role created: 'new role' (id 439503015591018511)
2018-04-27 19:08:13 Role permissions: 'jColour' changed from 268454912 to 268717120
2018-04-27 19:08:13 Role permissions: 'EXE Bot' changed from 8 to 262216
2018-04-27 19:08:13 Role permissions: 'Maya Winterfox' changed from 372435975 to 372698183
2018-04-27 19:08:13 Role permissions: 'Apex Sigma' changed from 8 to 262216
2018-04-27 19:08:13 Role permissions: 'Discord Duels' changed from 268436481 to 268698689
2018-04-27 19:08:13 Role permissions: 'Mantaro' changed from 475199 to 475263
2018-04-27 19:08:13 Role permissions: 'Fortnite Stats' changed from 134217728 to 134479936
2018-04-27 19:08:13 Role permissions: 'PokQuest' changed from 537095169 to 537357377
2018-04-27 19:08:13 Role permissions: 'Kashima' changed from 8 to 262216
2018-04-27 19:08:13 Role permissions: 'Old School Bot' changed from 281600 to 281664
2018-04-27 19:08:13 Role permissions: 'avaire' changed from 52224 to 314432
2018-04-27 19:08:13 Role permissions: 'Magic Pony' changed from 230713382 to 230975590
2018-04-27 19:08:13 Role permissions: 'KinkBot' changed from 125952 to 388160
2018-04-27 19:08:13 Role permissions: 'The Legend' changed from 470019135 to 470281343
2018-04-27 19:08:13 Role position: 'Equalizer' changed from 40 to 46
2018-04-27 19:08:13 Role position: 'Mac's Grimoire' changed from 52 to 51
2018-04-27 19:08:13 Role position: 'Nayami' changed from 53 to 52
2018-04-27 19:08:13 Role position: 'Aki' changed from 54 to 53
2018-04-27 19:08:13 Role position: 'Nadeko' changed from 55 to 54
2018-04-27 19:08:13 Role position: 'Guilded' changed from 56 to 55
2018-04-27 19:08:13 Role position: 'Mee6' changed from 57 to 56
2018-04-27 19:08:13 Role position: 'Sinon' changed from 58 to 57
2018-04-27 19:08:13 Role position: 'pbot' changed from 59 to 58
2018-04-27 19:08:13 Role position: 'Asshole/Pony Haters' changed from 60 to 59
2018-04-27 19:08:13 Role position: 'Friends' changed from 61 to 60
2018-04-27 19:08:13 Role position: 'Admin' changed from 62 to 61
2018-04-27 19:08:13 Role position: 'Head Admin' changed from 63 to 62
2018-04-27 19:08:13 Role position: 'Super Admin' changed from 64 to 63
2018-04-27 19:08:13 Role position: 'Yoda's Apprentice' changed from 65 to 64
2018-04-27 19:08:13 Role position: 'Yoda' changed from 66 to 65
2018-04-27 19:08:13 Role position: 'Valve' changed from 67 to 66
2018-04-27 19:08:13 Role position: 'Pony' changed from 68 to 67
2018-04-27 19:08:13 Role position: 'Co-Owner' changed from 69 to 68
2018-04-27 19:08:13 Role position: 'Developer2' changed from 70 to 69
2018-04-27 19:08:13 Role position: 'Developer1' changed from 71 to 70
2018-04-27 19:08:13 Role position: 'Head Developer' changed from 72 to 71
2018-04-27 19:08:13 Role position: 'Dyno' changed from 74 to 73
2018-04-27 19:08:13 Role position: 'GP-bot' changed from 75 to 74
2018-04-27 19:08:17 Role renamed: 'new role' to 'Kingman'
2018-04-27 19:08:17 Role color: 'new role' changed from #000000 to #e67e22
2018-04-27 19:08:22 Member role add: 'Kingman' role was added to @Grumpy illidan Cat#7158
2018-04-27 19:08:27 Member role add: 'Kingman' role was added to @EGGSY's#4937
2018-04-27 19:59:45 Member role add: 'Support Team' role was added to @Sigma#8530
2018-04-27 19:59:53 Member role add: 'Support Team' role was added to @Sheri#8443
2018-04-27 19:59:57 Member role add: 'Support Team' role was added to @PokeQuest#9148
2018-04-27 20:00:04 Member role add: 'Support Team' role was added to @Pepe Bot#7622
2018-04-27 20:00:08 Member role add: 'Support Team' role was added to @Neptune#2425
2018-04-27 20:00:12 Member role add: 'Support Team' role was added to @Maya Winterfox#6575
2018-04-27 20:00:16 Member role add: 'Support Team' role was added to @Mantaro#4454
2018-04-27 20:00:20 Member role add: 'Support Team' role was added to @jColour#2777
2018-04-27 20:00:27 Role deleted: 'Fortnite Stats' (id 439306173473357825)
2018-04-27 20:00:27 Member leave: @Fortnite Stats#2375 (id 374892524780781579)
2018-04-27 20:00:32 Member role add: 'Support Team' role was added to @EXE Bot#7605
2018-04-27 20:00:39 Member role add: 'Support Team' role was added to @Discord Pizza#7564
2018-04-27 20:00:43 Member role add: 'Support Team' role was added to @Discord Duels#6597
2018-04-27 20:00:51 Member role add: 'Support Team' role was added to @CoinMaster#5190
2018-04-27 20:00:55 Member role add: 'Support Team' role was added to @Alice#9251
2018-04-27 20:04:16 Member role remove: The 'Developer1' role was removed from @EGGSY's#4937
2018-04-27 20:04:16 Member role remove: The 'Developer2' role was removed from @EGGSY's#4937
2018-04-27 20:04:17 Member role remove: The 'Co-Owner' role was removed from @EGGSY's#4937
2018-04-27 20:04:20 Member role add: 'Support Team' role was added to @EGGSY's#4937
2018-04-27 20:04:29 Member role add: 'Asshole/Pony Haters' role was added to @TrueLegendaryMarine#2778
2018-04-27 20:04:32 Member role remove: The 'Asshole/Pony Haters' role was removed from @TrueLegendaryMarine#2778
2018-04-27 20:04:35 Member role add: 'War if the the four horsemen' role was added to @TrueLegendaryMarine#2778
2018-04-27 20:04:36 Member role add: 'Kingman' role was added to @TrueLegendaryMarine#2778
2018-04-27 20:04:39 Member role add: 'Death  if the the four horsemen' role was added to @TrueLegendaryMarine#2778
2018-04-27 20:25:25 Member role add: 'Pony' role was added to @Grumpy illidan Cat#7158
2018-04-27 20:50:17 Member role remove: The 'Pony' role was removed from @PyRo#2851
2018-04-27 20:50:18 Member role add: 'Co-Owner' role was added to @PyRo#2851
2018-04-27 20:50:26 Member role add: 'Valve' role was added to @PyRo#2851
2018-04-27 20:50:26 Member role add: 'Yoda' role was added to @PyRo#2851
2018-04-27 20:50:26 Member role add: 'Yoda' role was added to @PyRo#2851
2018-04-27 20:50:26 Member role add: 'Yoda's Apprentice' role was added to @PyRo#2851
2018-04-27 20:50:27 Member role add: 'Super Admin' role was added to @PyRo#2851
2018-04-27 20:50:29 Member role add: 'Head Admin' role was added to @PyRo#2851
2018-04-27 20:50:29 Member role add: 'Admin' role was added to @PyRo#2851
2018-04-27 20:50:30 Member role add: 'Friends' role was added to @PyRo#2851
2018-04-27 20:50:31 Member role add: 'Asshole/Pony Haters' role was added to @PyRo#2851
2018-04-27 20:50:33 Member role add: 'Support Team' role was added to @PyRo#2851
2018-04-27 20:50:33 Member role add: 'Box god' role was added to @PyRo#2851
2018-04-27 20:50:33 Member role add: 'Mr.Boxman' role was added to @PyRo#2851
2018-04-27 20:50:33 Member role add: 'Mr.Boxman' role was added to @PyRo#2851
2018-04-27 20:50:34 Member role add: 'n0rmies' role was added to @PyRo#2851
2018-04-27 20:50:34 Member role add: 'Dew it' role was added to @PyRo#2851
2018-04-27 20:50:36 Member role remove: The 'nadeko-mute' role was removed from @PyRo#2851
2018-04-27 20:50:38 Member role add: 'New to the' role was added to @PyRo#2851
2018-04-27 20:50:41 Member role remove: The 'New to the' role was removed from @PyRo#2851
2018-04-27 20:50:41 Member role add: 'New to the' role was added to @PyRo#2851
2018-04-27 20:50:41 Member role add: 'luna' role was added to @PyRo#2851
2018-04-27 20:50:41 Member role add: 'luna' role was added to @PyRo#2851
2018-04-27 20:50:41 Member role add: 'War if the the four horsemen' role was added to @PyRo#2851
2018-04-27 20:50:42 Member role add: 'Death  if the the four horsemen' role was added to @PyRo#2851
2018-04-27 20:50:44 Member role add: 'Kingman' role was added to @PyRo#2851
2018-05-01 01:44:22 Role deleted: 'avaire' (id 439100432803954688)
2018-05-01 01:44:22 Member leave: @AvaIre#9124 (id 275270122082533378)
2018-05-01 01:44:51 Channel overwrites: log (438812574759256074): role Synapse (438798597014683648) removed (was 1024, 0)
2018-05-01 01:44:51 Role deleted: 'Synapse' (id 438798597014683648)
2018-05-01 01:44:51 Member leave: @Synapse#0692 (id 435538622293344266)
2018-05-01 01:44:51 this bot left the server
