2018-04-30 17:27:11 this bot joined the server
2018-04-30 17:27:11 Role created: 'Synapse' (id 440564788683079680)
2018-04-30 17:27:11 Member role add: 'Synapse' role was added to @Synapse#0692
2018-04-30 17:27:24 Member join: @Ghostplay R2#1298 (id 435829986772123658)
2018-04-30 17:27:24 Member role add: 'Ghostplay R2' role was added to @Ghostplay R2#1298
2018-04-30 17:27:24 Role created: 'Ghostplay R2' (id 440564843540381696)
2018-04-30 17:27:24 Member role add: 'Ghostplay R2' role was added to @Ghostplay R2#1298
2018-04-30 17:29:39 Channel overwrites: theeverythingchat (386700781799079958): role Ghostplay R2 (440564843540381696) added with values 805829713, 0
2018-04-30 17:32:35 Member role add: 'Bots' role was added to @Ghostplay R2#1298
2018-04-30 17:32:54 Member role add: 'Bots' role was added to @Ayana#8911
2018-04-30 17:33:02 Member role add: 'Bots' role was added to @Synapse#0692
2018-04-30 17:34:10 Role permissions: 'Synapse' changed from 8 to 262216
2018-04-30 17:34:10 Role position: 'Traps' changed from 3 to 4
2018-04-30 17:34:10 Role position: 'Felix' changed from 4 to 5
2018-04-30 17:34:10 Role position: 'Astolfo' changed from 5 to 6
2018-04-30 17:34:10 Role position: 'Rythm' changed from 6 to 7
2018-04-30 17:34:10 Role position: 'Cuntts' changed from 7 to 8
2018-04-30 17:34:10 Role position: 'Bots' changed from 8 to 9
2018-04-30 17:34:10 Role position: 'Losers' changed from 9 to 10
2018-04-30 17:34:10 Role position: 'Lord' changed from 10 to 11
2018-04-30 17:34:10 Role position: 'Parker-bot' changed from 11 to 12
2018-04-30 17:34:10 Role renamed: 'Parker-bot' to 'GP-Bot'
2018-04-30 17:35:05 Role created: 'new role' (id 440566778834321439)
2018-04-30 17:35:28 Role permissions: 'Ghostplay R2' changed from 268520497 to 268782705
2018-04-30 17:35:28 Role renamed: 'new role' to 'GP-Bot'
2018-04-30 17:35:28 Role permissions: 'new role' changed from 104324161 to 2146958591
2018-04-30 17:35:37 Member role add: 'GP-Bot' role was added to @Ghostplay R2#1298
2018-04-30 17:35:50 Role position: 'GP-Bot' changed from 13 to 1
2018-04-30 17:35:50 Role position: 'GP-Bot' changed from 1 to 13
2018-04-30 17:36:05 Member role remove: The 'Bots' role was removed from @Ghostplay R2#1298
2018-04-30 17:36:28 Role mentionable: 'GP-Bot' is now mentionable
2018-04-30 17:36:28 Role hoist: 'GP-Bot' is now shown seperately
2018-04-30 17:39:13 Role color: 'Lord' changed from #0000ff to #000000
2018-04-30 17:40:31 Role mentionable: 'GP-Bot' is no longer mentionable
2018-04-30 17:40:31 Role hoist: 'GP-Bot' is no longer shown seperately
2018-04-30 17:46:36 Member role add: 'Lord' role was added to @chestor21#4586
2018-04-30 17:47:46 Channel deleted: theeverythingchat
2018-04-30 17:48:03 Channel created: the-everything-chat
2018-04-30 17:48:07 Channel position: the-everything-chat moved from 2 to 0
2018-04-30 19:47:58 Role color: 'Lord' changed from #000000 to #a22b2b
2018-04-30 19:51:29 Role color: 'Lord' changed from #a22b2b to #ff0000
2018-04-30 19:53:40 Role position: 'Ghostplay R2' changed from 2 to 1
2018-04-30 19:53:40 Role position: 'Synapse' changed from 3 to 2
2018-04-30 19:53:40 Role position: 'Ayana' changed from 4 to 3
2018-04-30 19:53:40 Role position: 'Traps' changed from 5 to 4
2018-04-30 19:53:40 Role position: 'Felix' changed from 6 to 5
2018-04-30 19:53:40 Role position: 'Astolfo' changed from 7 to 6
2018-04-30 19:53:40 Role position: 'Rythm' changed from 8 to 7
2018-04-30 19:53:40 Role position: 'Cuntts' changed from 9 to 8
2018-04-30 19:53:40 Role position: 'Bots' changed from 10 to 9
2018-04-30 19:53:40 Role position: 'Losers' changed from 11 to 10
2018-04-30 19:53:40 Role position: 'Lord' changed from 12 to 11
2018-04-30 19:53:40 Role position: 'GP-Bot' changed from 13 to 12
2018-04-30 19:53:40 Role position: 'GP-Bot' changed from 1 to 13
2018-04-30 19:55:31 Member role remove: The 'GP-Bot' role was removed from @Ghostplay R2#1298
2018-04-30 19:55:31 Role deleted: 'GP-Bot' (id 440566778834321439)
2018-04-30 20:03:34 Role created: 'new role' (id 440604147096485888)
2018-04-30 20:04:00 Role renamed: 'new role' to 'GP-Bot'
2018-04-30 20:04:00 Role permissions: 'new role' changed from 104324161 to 2146958591
2018-04-30 20:04:54 Role position: 'Ghostplay R2' changed from 2 to 1
2018-04-30 20:04:54 Role position: 'Synapse' changed from 3 to 2
2018-04-30 20:04:54 Role position: 'Ayana' changed from 4 to 3
2018-04-30 20:04:54 Role position: 'Traps' changed from 5 to 4
2018-04-30 20:04:54 Role position: 'Felix' changed from 6 to 5
2018-04-30 20:04:54 Role position: 'Astolfo' changed from 7 to 6
2018-04-30 20:04:54 Role position: 'Rythm' changed from 8 to 7
2018-04-30 20:04:54 Role position: 'Cuntts' changed from 9 to 8
2018-04-30 20:04:54 Role position: 'Bots' changed from 10 to 9
2018-04-30 20:04:54 Role position: 'Losers' changed from 11 to 10
2018-04-30 20:04:54 Role position: 'Lord' changed from 12 to 11
2018-04-30 20:04:54 Role position: 'GP-Bot' changed from 13 to 12
2018-04-30 20:04:54 Role position: 'GP-Bot' changed from 1 to 13
2018-04-30 20:05:35 Member role add: 'GP-Bot' role was added to @Ghostplay R2#1298
2018-04-30 20:07:50 Role deleted: 'Ghostplay R2' (id 440564843540381696)
2018-04-30 20:07:50 Member leave: @Ghostplay R2#1298 (id 435829986772123658)
2018-04-30 20:08:04 Role deleted: 'GP-Bot' (id 440604147096485888)
2018-04-30 20:08:30 Role permissions: 'GP-Bot' changed from 2146958591 to 0
2018-04-30 20:08:46 Role color: 'Traps' changed from #ff0000 to #14ff00
2018-04-30 20:17:25 Server icon changed from https://cdn.discordapp.com/icons/386700781363003394/011ddf906f3ee5e4716d75262ee7ea0d.jpg to https://cdn.discordapp.com/icons/386700781363003394/f2e412314397eb7ed7a523ccaffbc9ef.jpg
2018-04-30 20:36:07 Member join: @DJ wubstorm#1165 (id 367129826978430977)
2018-04-30 21:15:30 Member role add: 'Lord' role was added to @DJ wubstorm#1165
