2018-04-26 13:58:58 this bot joined the server
2018-04-26 13:58:58 Role created: 'Synapse' (id 439062830394769408)
2018-04-26 13:58:58 Member role add: 'Tiny Lit bois' role was added to @Synapse#0692
2018-04-26 13:58:58 Member role add: 'Synapse' role was added to @Synapse#0692
2018-04-26 13:58:58 Member role add: 'Tiny Lit bois' role was added to @Synapse#0692
2018-04-26 13:59:26 Member join: @Ghostplay R2#1298 (id 435829986772123658)
2018-04-26 13:59:26 Member role add: 'Ghostplay R2' role was added to @Ghostplay R2#1298
2018-04-26 13:59:26 Member role add: 'Tiny Lit bois' role was added to @Ghostplay R2#1298
2018-04-26 13:59:26 Role created: 'Ghostplay R2' (id 439062949060149258)
2018-04-26 13:59:26 Member role add: 'Ghostplay R2' role was added to @Ghostplay R2#1298
2018-04-26 13:59:26 Member role add: 'Tiny Lit bois' role was added to @Ghostplay R2#1298
2018-04-26 13:59:26 Member role add: 'Tiny Lit bois' role was added to @Ghostplay R2#1298
2018-04-26 14:02:51 Member role remove: The 'Tiny Lit bois' role was removed from @Ghostplay R2#1298
2018-04-26 14:02:54 Member role remove: The 'Tiny Lit bois' role was removed from @Synapse#0692
2018-04-26 14:02:57 Member role add: 'BEEP BOOP Bois' role was added to @Synapse#0692
2018-04-26 14:03:03 Member role add: 'BEEP BOOP Bois' role was added to @Ghostplay R2#1298
2018-04-26 14:03:54 Role permissions: 'Synapse' changed from 8 to 262216
2018-04-26 14:03:54 Role permissions: 'MEE6' changed from 66321471 to 66583679
2018-04-26 14:03:55 Role permissions: 'Ghostplay R2' changed from 268520497 to 268520505
2018-04-26 14:04:04 Role permissions: 'Ghostplay R2' changed from 268520505 to 268520511
2018-04-26 14:05:02 Role position: 'Synapse' changed from 2 to 1
2018-04-26 14:05:02 Role position: 'MEE6' changed from 3 to 2
2018-04-26 14:05:02 Role position: 'Rythm' changed from 4 to 3
2018-04-26 14:05:02 Role position: 'Ultra Lit bois' changed from 5 to 4
2018-04-26 14:05:02 Role position: 'Big Lit bois' changed from 6 to 5
2018-04-26 14:05:02 Role position: 'Tiny Lit bois' changed from 7 to 6
2018-04-26 14:05:02 Role position: 'BEEP BOOP Bois' changed from 8 to 7
2018-04-26 14:05:02 Role position: 'The Dova Lits' changed from 9 to 8
2018-04-26 14:05:02 Role position: 'The Co-Lit' changed from 10 to 9
2018-04-26 14:05:02 Role position: 'The Lit' changed from 11 to 10
2018-04-26 14:05:02 Role position: 'Ghostplay R2' changed from 1 to 11
2018-04-26 14:05:48 Member role add: 'The Lit' role was added to @Edgnaden#0160
2018-04-26 14:05:52 Member role remove: The 'The Lit' role was removed from @Edgnaden#0160
2018-04-26 14:05:56 Member role add: 'The Co-Lit' role was added to @Edgnaden#0160
2018-04-26 14:05:59 Member role remove: The 'The Co-Lit' role was removed from @Edgnaden#0160
2018-04-26 14:06:02 Member role add: 'Big Lit bois' role was added to @Edgnaden#0160
2018-04-26 14:06:05 Member role add: 'Ultra Lit bois' role was added to @Edgnaden#0160
2018-04-28 17:34:32 Member username: '@Edgnaden#0160' (id 192930409904996352) changed username from 'Edgnaden' to 'Monikanaden'
