2018-04-20 17:49:51 #⛔STAFF-ROOM⛔#2 Voice channel join: ImTheRealMarco#1366 (id 221237557537669120), moved from ⛔STAFF-ROOM⛔#3
2018-04-20 17:49:53 #⛔STAFF-ROOM⛔#2 Voice channel leave: ImTheRealMarco#1366 (id 221237557537669120) moving to ⛔STAFF-ROOM⛔#3
2018-04-21 07:49:51 #⛔STAFF-ROOM⛔#2 Voice channel join: FlareBot#9232 (id 225652110493089792), moved from ⛔STAFF-ROOM⛔#3
2018-04-21 07:49:53 #⛔STAFF-ROOM⛔#2 Voice channel leave: FlareBot#9232 (id 225652110493089792)
2018-04-21 08:03:43 #⛔STAFF-ROOM⛔#2 Voice channel join: Marv#7254 (id 234395307759108106), moved from ⛔STAFF-ROOM⛔#3
2018-04-21 08:05:04 #⛔STAFF-ROOM⛔#2 Voice channel join: Iulix#0061 (id 337964017521786881), moved from ⛔STAFF-ROOM⛔#3
2018-04-21 08:05:08 #⛔STAFF-ROOM⛔#2 Voice channel leave: Iulix#0061 (id 337964017521786881) moving to ⛔STAFF-ROOM⛔#3
2018-04-21 08:06:18 #⛔STAFF-ROOM⛔#2 Voice channel join: Iulix#0061 (id 337964017521786881), moved from ⛔STAFF-ROOM⛔#3
2018-04-21 08:06:24 #⛔STAFF-ROOM⛔#2 Voice channel leave: Iulix#0061 (id 337964017521786881) moving to ⛔STAFF-ROOM⛔#3
2018-04-21 08:10:07 #⛔STAFF-ROOM⛔#2 Voice channel leave: Marv#7254 (id 234395307759108106) moving to ⛔STAFF-ROOM⛔#3
2018-04-21 08:10:11 #⛔STAFF-ROOM⛔#2 Voice channel join: Marv#7254 (id 234395307759108106), moved from ⛔STAFF-ROOM⛔#3
2018-04-21 08:10:13 #⛔STAFF-ROOM⛔#2 Voice channel leave: Marv#7254 (id 234395307759108106) moving to ⛔STAFF-ROOM⛔#3
2018-04-21 08:10:23 #⛔STAFF-ROOM⛔#2 Voice channel join: Marv#7254 (id 234395307759108106), moved from ⛔STAFF-ROOM⛔#3
2018-04-21 08:10:25 #⛔STAFF-ROOM⛔#2 Voice channel leave: Marv#7254 (id 234395307759108106) moving to ⛔STAFF-ROOM⛔#3
2018-04-21 08:10:26 #⛔STAFF-ROOM⛔#2 Voice channel join: Marv#7254 (id 234395307759108106), moved from ⛔STAFF-ROOM⛔#3
2018-04-21 08:10:27 #⛔STAFF-ROOM⛔#2 Voice channel leave: Marv#7254 (id 234395307759108106) moving to ⛔STAFF-ROOM⛔#3
2018-04-21 08:10:29 #⛔STAFF-ROOM⛔#2 Voice channel join: Marv#7254 (id 234395307759108106), moved from ⛔STAFF-ROOM⛔#3
2018-04-21 08:10:30 #⛔STAFF-ROOM⛔#2 Voice channel leave: Marv#7254 (id 234395307759108106) moving to ⛔STAFF-ROOM⛔#3
2018-04-21 08:10:46 #⛔STAFF-ROOM⛔#2 Voice channel join: Marv#7254 (id 234395307759108106), moved from ⛔STAFF-ROOM⛔#3
2018-04-21 08:12:27 #⛔STAFF-ROOM⛔#2 Voice channel leave: Marv#7254 (id 234395307759108106) moving to ⛔STAFF-ROOM⛔#3
2018-04-21 08:12:29 #⛔STAFF-ROOM⛔#2 Voice channel join: Marv#7254 (id 234395307759108106), moved from ⛔STAFF-ROOM⛔#3
2018-04-21 08:12:29 #⛔STAFF-ROOM⛔#2 Voice channel leave: Marv#7254 (id 234395307759108106) moving to ⛔STAFF-ROOM⛔#3
2018-04-21 08:12:31 #⛔STAFF-ROOM⛔#2 Voice channel join: Marv#7254 (id 234395307759108106), moved from ⛔STAFF-ROOM⛔#3
2018-04-21 08:13:46 #⛔STAFF-ROOM⛔#2 Voice channel leave: Marv#7254 (id 234395307759108106)
2018-04-21 10:57:42 #⛔STAFF-ROOM⛔#2 Voice channel join: chris2304#9311 (id 262423156076183552)
2018-04-21 10:57:42 #⛔STAFF-ROOM⛔#2 Voice channel leave: chris2304#9311 (id 262423156076183552) moving to ⛔STAFF-ROOM⛔#3
2018-04-21 11:17:03 #⛔STAFF-ROOM⛔#2 Voice channel join: Phoenix#2672 (id 281264758491971585), moved from 🔫Competitive🔫
2018-04-21 11:38:19 #⛔STAFF-ROOM⛔#2 Voice channel join: chris2304#9311 (id 262423156076183552), moved from 🔫Competitive🔫
2018-04-21 11:39:13 #⛔STAFF-ROOM⛔#2 Server mute: Phoenix#2672 (id 281264758491971585)
2018-04-21 11:43:08 #⛔STAFF-ROOM⛔#2 Server unmute: Phoenix#2672 (id 281264758491971585)
2018-04-21 11:59:45 #⛔STAFF-ROOM⛔#2 Voice channel leave: Phoenix#2672 (id 281264758491971585)
2018-04-21 11:59:52 #⛔STAFF-ROOM⛔#2 Voice channel leave: chris2304#9311 (id 262423156076183552)
2018-04-21 19:05:14 #⛔STAFF-ROOM⛔#2 Voice channel join: ImTheRealMarco#1366 (id 221237557537669120), moved from ⛔STAFF-ROOM⛔#3
2018-04-21 19:05:15 #⛔STAFF-ROOM⛔#2 Voice channel leave: ImTheRealMarco#1366 (id 221237557537669120) moving to ⛔STAFF-ROOM⛔#3
