2018-04-20 04:36:52 #chat-off-topic @Iulix#0061: .multicolor 2  FONDATOR
2018-04-20 04:38:30 #chat-off-topic @zEdyStyle#9619: . multicolor 2 💫°💪FONDATOR💪°💫
2018-04-20 04:38:42 #chat-off-topic @zEdyStyle#9619: .multicolor 2 dizzy°muscleFONDATORmuscle°dizzy
2018-04-20 04:38:49 #chat-off-topic @Iulix#0061: fara spatiu
2018-04-20 04:39:00 #chat-off-topic @Iulix#0061: .multicolor 2 💫°💪FONDATOR💪°💫
2018-04-20 04:39:03 #chat-off-topic @zEdyStyle#9619: Fa tu
2018-04-20 04:39:03 #chat-off-topic @zEdyStyle#9619: Ai înțeles ideea
2018-04-20 04:39:47 #chat-off-topic @zEdyStyle#9619: Scrie acuma cu fondator
2018-04-20 04:40:07 #chat-off-topic @Iulix#0061: .multicolor 2 fondator
2018-04-20 04:40:14 #chat-off-topic @zEdyStyle#9619: .multicolor 2 Fondator
2018-04-20 04:40:19 #chat-off-topic @Iulix#0061: .multicolor 2  FONDATOR
2018-04-20 04:40:25 #chat-off-topic @Iulix#0061: EDY
2018-04-20 04:40:35 #chat-off-topic @Iulix#0061: UITA-TE PE PRV]
2018-04-20 04:40:37 #chat-off-topic @zEdyStyle#9619: .multicolor 2 FONDATOR
2018-04-20 04:40:48 #chat-off-topic @Iulix#0061: nu merge
2018-04-20 04:40:52 #chat-off-topic @Iulix#0061: uita-te privat
2018-04-20 04:40:55 #chat-off-topic @Iulix#0061: si citeste
2018-04-20 04:41:39 #chat-off-topic @ImTheRealMarco#1366: Edusca
2018-04-20 04:41:42 #chat-off-topic @ImTheRealMarco#1366: E cu !
2018-04-20 04:41:50 #chat-off-topic @ImTheRealMarco#1366: Scrie la el
2018-04-20 04:41:57 #chat-off-topic @zEdyStyle#9619: Cum dq
2018-04-20 04:42:12 #chat-off-topic @Iulix#0061: !multicolor 2 FONDATOR
2018-04-20 04:42:13 #chat-off-topic @zEdyStyle#9619: !multicolor 2 Fondator
2018-04-20 04:42:21 #chat-off-topic @Iulix#0061: nu
2018-04-20 04:42:23 #chat-off-topic @Iulix#0061: ms
2018-04-20 04:42:29 #chat-off-topic @ImTheRealMarco#1366: Pai da gen scrie sub el
2018-04-20 04:42:30 #chat-off-topic @ImTheRealMarco#1366: Acolo
2018-04-20 04:42:31 #chat-off-topic @ImTheRealMarco#1366: Wtf
2018-04-20 04:42:38 #chat-off-topic @ImTheRealMarco#1366: Da-i rol de boti sa fie acolo
2018-04-20 04:42:40 #chat-off-topic @zEdyStyle#9619: Îl facem când ajungem acasă noi 2 Marco, ca acuma ma și grăbesc
2018-04-20 04:42:43 #chat-off-topic @ImTheRealMarco#1366: Si dupa mai vedem
2018-04-20 04:42:43 #chat-off-topic @Iulix#0061: edy
2018-04-20 04:42:47 #chat-off-topic @Iulix#0061: eu nu pot
2018-04-20 04:42:47 #chat-off-topic @ImTheRealMarco#1366: Pai si eu :))
2018-04-20 04:42:47 #chat-off-topic @zEdyStyle#9619: Iulica îți las ala dacă mai rezolvi
2018-04-20 04:42:51 #chat-off-topic @zEdyStyle#9619: Mno
2018-04-20 04:42:55 #chat-off-topic @zEdyStyle#9619: Fac eo acasă
2018-04-20 04:42:55 #chat-off-topic @Iulix#0061: nu pot
2018-04-20 04:42:58 #chat-off-topic @zEdyStyle#9619: Aia e
2018-04-20 04:42:59 #chat-off-topic @Iulix#0061: nush dc
2018-04-20 04:43:07 #chat-off-topic @zEdyStyle#9619: Sa nu e asta botu ma
2018-04-20 04:43:17 #chat-off-topic @zEdyStyle#9619: !help
2018-04-20 04:43:19 #chat-off-topic @Synapse#0692: Check your DM, @☄ zEdyStyle ☄! I have sent something for you :wink:
2018-04-20 04:43:34 #chat-off-topic @Iulix#0061: trb sa il muti deasupra la rolul ala de muted
2018-04-20 04:43:37 #chat-off-topic @Iulix#0061: asa se face
2018-04-20 04:43:53 #chat-off-topic @zEdyStyle#9619: Botu asta nu are nimic de multicolor în meniu dai help
2018-04-20 04:44:01 #chat-off-topic @Iulix#0061: edy
2018-04-20 04:44:09 #chat-off-topic @Iulix#0061: fa cu iti spun
2018-04-20 04:44:12 #chat-off-topic @Iulix#0061: incearca
2018-04-20 04:44:16 #chat-off-topic @Iulix#0061: daca nu
2018-04-20 04:44:18 #chat-off-topic @Iulix#0061: asta e
2018-04-20 04:44:37 #chat-off-topic @zEdyStyle#9619: Gata
2018-04-20 04:44:42 #chat-off-topic @zEdyStyle#9619: E cât de sus posibil
2018-04-20 04:44:54 #chat-off-topic @zEdyStyle#9619: Mai sus de muted nu pot sa îl fac
2018-04-20 04:44:54 #chat-off-topic @Iulix#0061: !multicolor 2 FONDATOR
2018-04-20 04:45:08 #chat-off-topic @Iulix#0061: poti sa stergi muted-ul?
2018-04-20 04:45:18 #chat-off-topic @zEdyStyle#9619: Incerc
2018-04-20 04:45:20 #chat-off-topic @Iulix#0061: sa incercam asa?
2018-04-20 04:45:21 #chat-off-topic @Iulix#0061: ok
2018-04-20 04:45:36 #chat-off-topic @zEdyStyle#9619: Gata
2018-04-20 04:45:38 #chat-off-topic @zEdyStyle#9619: Lam șters
2018-04-20 04:45:52 #chat-off-topic @zEdyStyle#9619: !multicolor 2 Fondator
2018-04-20 04:46:03 #chat-off-topic @zEdyStyle#9619: Nu merge
2018-04-20 04:46:07 #chat-off-topic @zEdyStyle#9619: O fac când ajung acasă
2018-04-20 04:46:10 #chat-off-topic @zEdyStyle#9619: Aia e
2018-04-20 04:46:25 #chat-off-topic @Iulix#0061: !multicolor 2 FONDATOR
2018-04-20 04:46:25 #chat-off-topic @zEdyStyle#9619: Hai, bafta
2018-04-20 04:46:29 #chat-off-topic @Iulix#0061: pa
2018-04-20 04:46:40 #chat-off-topic @Iulix#0061: .multicolor 2 FONDATOR
2018-04-20 04:50:18 #chat-off-topic @Iulix#0061: nu e asta bot-ul
2018-04-20 04:50:19 #chat-off-topic @Tatsumaki#8792: 🆙  |  **Iulix leveled up!** (attachment url(s): https://cdn.discordapp.com/attachments/434774301493952522/436750440462549002/levelup.png)
2018-04-20 04:52:02 #chat-off-topic @zEdyStyle#9619: Știu man
2018-04-20 04:52:19 #chat-off-topic @zEdyStyle#9619: Facem când ajung acasă
2018-04-20 04:52:22 #chat-off-topic @zEdyStyle#9619: Bene
2018-04-20 04:52:26 #chat-off-topic @zEdyStyle#9619: Tu ești la școală
2018-04-20 04:52:29 #chat-off-topic @zEdyStyle#9619: Fac eo cu ăștia
2018-04-20 04:52:42 #chat-off-topic @ImTheRealMarco#1366: Edy
2018-04-20 04:52:44 #chat-off-topic @ImTheRealMarco#1366: Da acces
2018-04-20 04:52:46 #chat-off-topic @ImTheRealMarco#1366: Ca fac eu in ore
2018-04-20 04:52:50 #chat-off-topic @ImTheRealMarco#1366: Ca am liber
2018-04-20 04:52:54 #chat-off-topic @ImTheRealMarco#1366: 1 ora
2018-04-20 04:52:58 #chat-off-topic @zEdyStyle#9619: Acuma?
2018-04-20 04:53:07 #chat-off-topic @zEdyStyle#9619: Dar nu poți
2018-04-20 04:53:14 #chat-off-topic @Iulix#0061: nu merge asa
2018-04-20 04:53:19 #chat-off-topic @zEdyStyle#9619: Ca gen eu sunt ownership
2018-04-20 04:53:22 #chat-off-topic @zEdyStyle#9619: Doar eu am acees
2018-04-20 04:53:26 #chat-off-topic @Iulix#0061: trb ca bot-ul sa ai ca nume GhostPlay
2018-04-20 04:53:27 #chat-off-topic @zEdyStyle#9619: Rolul nu e nimic
2018-04-20 04:53:30 #chat-off-topic @Iulix#0061: eu asa cred
2018-04-20 04:53:33 #chat-off-topic @zEdyStyle#9619: Doar voi aveți beneficii
2018-04-20 04:53:38 #chat-off-topic @zEdyStyle#9619: Eu am beneficiile nele6
2018-04-20 04:53:40 #chat-off-topic @ImTheRealMarco#1366: Co are full acces ?
2018-04-20 04:53:46 #chat-off-topic @zEdyStyle#9619: Da
2018-04-20 04:53:48 #chat-off-topic @ImTheRealMarco#1366: No bun las ca fac
2018-04-20 04:53:51 #chat-off-topic @ImTheRealMarco#1366: O sa incerc
2018-04-20 04:53:58 #chat-off-topic @zEdyStyle#9619: E aceeași chestie cu fondator
2018-04-20 04:54:01 #chat-off-topic @zEdyStyle#9619: Îl facem acasă
2018-04-20 04:54:06 #chat-off-topic @zEdyStyle#9619: Clar chat în 3 2 1
2018-04-20 04:54:08 #chat-off-topic @Iulix#0061: mie imi da unknown error
2018-04-20 04:54:15 #chat-off-topic @ImTheRealMarco#1366: Da tu ce vrei sa faci ? (Asa in detaliu)
2018-04-20 04:54:17 #chat-off-topic @Iulix#0061: cand vreau sa pun bot-ul de pe google
2018-04-20 04:54:20 #chat-off-topic @zEdyStyle#9619: _purge 50
2018-04-20 04:54:20 #chat-off-topic @zEdyStyle#9619 deleted message from 2018-04-20 04:54:20 (_purge 50)
2018-04-20 04:54:20 #chat-off-topic @FlareBot#9232: 
2018-04-20 04:54:20 #chat-off-topic @FlareBot#9232 edited message from 2018-04-20 04:54:20 () to read: 
2018-04-20 04:54:20 #chat-off-topic @zEdyStyle#9619 deleted message from 2018-04-20 04:44:37 (Gata)
2018-04-20 04:54:20 #chat-off-topic @zEdyStyle#9619 deleted message from 2018-04-20 04:44:42 (E cât de sus posibil)
2018-04-20 04:54:20 #chat-off-topic @zEdyStyle#9619 deleted message from 2018-04-20 04:44:54 (Mai sus de muted nu pot sa îl fac)
2018-04-20 04:54:20 #chat-off-topic @Iulix#0061 deleted message from 2018-04-20 04:44:54 (!multicolor 2 FONDATOR)
2018-04-20 04:54:20 #chat-off-topic @Iulix#0061 deleted message from 2018-04-20 04:45:08 (poti sa stergi muted-ul?)
2018-04-20 04:54:20 #chat-off-topic @zEdyStyle#9619 deleted message from 2018-04-20 04:45:18 (Incerc)
2018-04-20 04:54:20 #chat-off-topic @Iulix#0061 deleted message from 2018-04-20 04:45:20 (sa incercam asa?)
2018-04-20 04:54:20 #chat-off-topic @Iulix#0061 deleted message from 2018-04-20 04:45:21 (ok)
2018-04-20 04:54:20 #chat-off-topic @zEdyStyle#9619 deleted message from 2018-04-20 04:45:36 (Gata)
2018-04-20 04:54:20 #chat-off-topic @zEdyStyle#9619 deleted message from 2018-04-20 04:45:38 (Lam șters)
2018-04-20 04:54:20 #chat-off-topic @zEdyStyle#9619 deleted message from 2018-04-20 04:45:52 (!multicolor 2 Fondator)
2018-04-20 04:54:20 #chat-off-topic @zEdyStyle#9619 deleted message from 2018-04-20 04:46:03 (Nu merge)
2018-04-20 04:54:20 #chat-off-topic @zEdyStyle#9619 deleted message from 2018-04-20 04:46:07 (O fac când ajung acasă)
2018-04-20 04:54:20 #chat-off-topic @zEdyStyle#9619 deleted message from 2018-04-20 04:46:10 (Aia e)
2018-04-20 04:54:20 #chat-off-topic @Iulix#0061 deleted message from 2018-04-20 04:46:25 (!multicolor 2 FONDATOR)
2018-04-20 04:54:20 #chat-off-topic @zEdyStyle#9619 deleted message from 2018-04-20 04:46:25 (Hai, bafta)
2018-04-20 04:54:20 #chat-off-topic @Iulix#0061 deleted message from 2018-04-20 04:46:29 (pa)
2018-04-20 04:54:20 #chat-off-topic @Iulix#0061 deleted message from 2018-04-20 04:46:40 (.multicolor 2 FONDATOR)
2018-04-20 04:54:20 #chat-off-topic @Iulix#0061 deleted message from 2018-04-20 04:50:18 (nu e asta bot-ul)
2018-04-20 04:54:20 #chat-off-topic @Tatsumaki#8792 deleted message from 2018-04-20 04:50:19 (🆙  |  **Iulix leveled up!**)
2018-04-20 04:54:20 #chat-off-topic @zEdyStyle#9619 deleted message from 2018-04-20 04:52:02 (Știu man)
2018-04-20 04:54:20 #chat-off-topic @zEdyStyle#9619 deleted message from 2018-04-20 04:52:19 (Facem când ajung acasă)
2018-04-20 04:54:20 #chat-off-topic @zEdyStyle#9619 deleted message from 2018-04-20 04:52:22 (Bene)
2018-04-20 04:54:20 #chat-off-topic @zEdyStyle#9619 deleted message from 2018-04-20 04:52:26 (Tu ești la școală)
2018-04-20 04:54:20 #chat-off-topic @zEdyStyle#9619 deleted message from 2018-04-20 04:52:29 (Fac eo cu ăștia)
2018-04-20 04:54:20 #chat-off-topic @ImTheRealMarco#1366 deleted message from 2018-04-20 04:52:42 (Edy)
2018-04-20 04:54:20 #chat-off-topic @ImTheRealMarco#1366 deleted message from 2018-04-20 04:52:44 (Da acces)
2018-04-20 04:54:20 #chat-off-topic @ImTheRealMarco#1366 deleted message from 2018-04-20 04:52:46 (Ca fac eu in ore)
2018-04-20 04:54:20 #chat-off-topic @ImTheRealMarco#1366 deleted message from 2018-04-20 04:52:50 (Ca am liber)
2018-04-20 04:54:20 #chat-off-topic @ImTheRealMarco#1366 deleted message from 2018-04-20 04:52:54 (1 ora)
2018-04-20 04:54:20 #chat-off-topic @zEdyStyle#9619 deleted message from 2018-04-20 04:52:58 (Acuma?)
2018-04-20 04:54:20 #chat-off-topic @zEdyStyle#9619 deleted message from 2018-04-20 04:53:07 (Dar nu poți)
2018-04-20 04:54:20 #chat-off-topic @Iulix#0061 deleted message from 2018-04-20 04:53:14 (nu merge asa)
2018-04-20 04:54:20 #chat-off-topic @zEdyStyle#9619 deleted message from 2018-04-20 04:53:19 (Ca gen eu sunt ownership)
2018-04-20 04:54:20 #chat-off-topic @zEdyStyle#9619 deleted message from 2018-04-20 04:53:22 (Doar eu am acees)
2018-04-20 04:54:20 #chat-off-topic @Iulix#0061 deleted message from 2018-04-20 04:53:26 (trb ca bot-ul sa ai ca nume GhostPlay)
2018-04-20 04:54:20 #chat-off-topic @zEdyStyle#9619 deleted message from 2018-04-20 04:53:27 (Rolul nu e nimic)
2018-04-20 04:54:20 #chat-off-topic @Iulix#0061 deleted message from 2018-04-20 04:53:30 (eu asa cred)
2018-04-20 04:54:20 #chat-off-topic @zEdyStyle#9619 deleted message from 2018-04-20 04:53:33 (Doar voi aveți beneficii)
2018-04-20 04:54:20 #chat-off-topic @zEdyStyle#9619 deleted message from 2018-04-20 04:53:38 (Eu am beneficiile nele6)
2018-04-20 04:54:20 #chat-off-topic @ImTheRealMarco#1366 deleted message from 2018-04-20 04:53:40 (Co are full acces ?)
2018-04-20 04:54:20 #chat-off-topic @zEdyStyle#9619 deleted message from 2018-04-20 04:53:46 (Da)
2018-04-20 04:54:20 #chat-off-topic @ImTheRealMarco#1366 deleted message from 2018-04-20 04:53:48 (No bun las ca fac)
2018-04-20 04:54:20 #chat-off-topic @ImTheRealMarco#1366 deleted message from 2018-04-20 04:53:51 (O sa incerc)
2018-04-20 04:54:20 #chat-off-topic @zEdyStyle#9619 deleted message from 2018-04-20 04:53:58 (E aceeași chestie cu fondator)
2018-04-20 04:54:20 #chat-off-topic @zEdyStyle#9619 deleted message from 2018-04-20 04:54:01 (Îl facem acasă)
2018-04-20 04:54:20 #chat-off-topic @zEdyStyle#9619 deleted message from 2018-04-20 04:54:06 (Clar chat în 3 2 1)
2018-04-20 04:54:20 #chat-off-topic @Iulix#0061 deleted message from 2018-04-20 04:54:08 (mie imi da unknown error)
2018-04-20 04:54:20 #chat-off-topic @ImTheRealMarco#1366 deleted message from 2018-04-20 04:54:15 (Da tu ce vrei sa faci ? (Asa in detaliu))
2018-04-20 04:54:20 #chat-off-topic @Iulix#0061 deleted message from 2018-04-20 04:54:17 (cand vreau sa pun bot-ul de pe google)
2018-04-20 04:54:25 #chat-off-topic @FlareBot#9232 deleted message from 2018-04-20 04:54:20 ()
2018-04-20 04:54:27 #chat-off-topic @ImTheRealMarco#1366: _purge 500
2018-04-20 04:54:28 #chat-off-topic @ImTheRealMarco#1366 deleted message from 2018-04-20 04:54:27 (_purge 500)
2018-04-20 04:54:28 #chat-off-topic @Iulix#0061 deleted message from 2018-04-20 04:36:52 (.multicolor 2  FONDATOR)
2018-04-20 04:54:28 #chat-off-topic @zEdyStyle#9619 deleted message from 2018-04-20 04:38:30 (. multicolor 2 💫°💪FONDATOR💪°💫)
2018-04-20 04:54:28 #chat-off-topic @zEdyStyle#9619 deleted message from 2018-04-20 04:38:42 (.multicolor 2 dizzy°muscleFONDATORmuscle°dizzy)
2018-04-20 04:54:28 #chat-off-topic @Iulix#0061 deleted message from 2018-04-20 04:38:49 (fara spatiu)
2018-04-20 04:54:28 #chat-off-topic @Iulix#0061 deleted message from 2018-04-20 04:39:00 (.multicolor 2 💫°💪FONDATOR💪°💫)
2018-04-20 04:54:28 #chat-off-topic @zEdyStyle#9619 deleted message from 2018-04-20 04:39:03 (Fa tu)
2018-04-20 04:54:28 #chat-off-topic @zEdyStyle#9619 deleted message from 2018-04-20 04:39:03 (Ai înțeles ideea)
2018-04-20 04:54:28 #chat-off-topic @zEdyStyle#9619 deleted message from 2018-04-20 04:39:47 (Scrie acuma cu fondator)
2018-04-20 04:54:28 #chat-off-topic @Iulix#0061 deleted message from 2018-04-20 04:40:07 (.multicolor 2 fondator)
2018-04-20 04:54:28 #chat-off-topic @zEdyStyle#9619 deleted message from 2018-04-20 04:40:14 (.multicolor 2 Fondator)
2018-04-20 04:54:28 #chat-off-topic @Iulix#0061 deleted message from 2018-04-20 04:40:19 (.multicolor 2  FONDATOR)
2018-04-20 04:54:28 #chat-off-topic @Iulix#0061 deleted message from 2018-04-20 04:40:25 (EDY)
2018-04-20 04:54:28 #chat-off-topic @Iulix#0061 deleted message from 2018-04-20 04:40:35 (UITA-TE PE PRV])
2018-04-20 04:54:28 #chat-off-topic @zEdyStyle#9619 deleted message from 2018-04-20 04:40:37 (.multicolor 2 FONDATOR)
2018-04-20 04:54:28 #chat-off-topic @Iulix#0061 deleted message from 2018-04-20 04:40:48 (nu merge)
2018-04-20 04:54:28 #chat-off-topic @Iulix#0061 deleted message from 2018-04-20 04:40:52 (uita-te privat)
2018-04-20 04:54:28 #chat-off-topic @Iulix#0061 deleted message from 2018-04-20 04:40:55 (si citeste)
2018-04-20 04:54:28 #chat-off-topic @ImTheRealMarco#1366 deleted message from 2018-04-20 04:41:39 (Edusca)
2018-04-20 04:54:28 #chat-off-topic @ImTheRealMarco#1366 deleted message from 2018-04-20 04:41:42 (E cu !)
2018-04-20 04:54:28 #chat-off-topic @ImTheRealMarco#1366 deleted message from 2018-04-20 04:41:50 (Scrie la el)
2018-04-20 04:54:28 #chat-off-topic @zEdyStyle#9619 deleted message from 2018-04-20 04:41:57 (Cum dq)
2018-04-20 04:54:28 #chat-off-topic @Iulix#0061 deleted message from 2018-04-20 04:42:12 (!multicolor 2 FONDATOR)
2018-04-20 04:54:28 #chat-off-topic @zEdyStyle#9619 deleted message from 2018-04-20 04:42:13 (!multicolor 2 Fondator)
2018-04-20 04:54:28 #chat-off-topic @Iulix#0061 deleted message from 2018-04-20 04:42:21 (nu)
2018-04-20 04:54:28 #chat-off-topic @Iulix#0061 deleted message from 2018-04-20 04:42:23 (ms)
2018-04-20 04:54:28 #chat-off-topic @ImTheRealMarco#1366 deleted message from 2018-04-20 04:42:29 (Pai da gen scrie sub el)
2018-04-20 04:54:28 #chat-off-topic @ImTheRealMarco#1366 deleted message from 2018-04-20 04:42:30 (Acolo)
2018-04-20 04:54:28 #chat-off-topic @ImTheRealMarco#1366 deleted message from 2018-04-20 04:42:31 (Wtf)
2018-04-20 04:54:28 #chat-off-topic @ImTheRealMarco#1366 deleted message from 2018-04-20 04:42:38 (Da-i rol de boti sa fie acolo)
2018-04-20 04:54:28 #chat-off-topic @zEdyStyle#9619 deleted message from 2018-04-20 04:42:40 (Îl facem când ajungem acasă noi 2 Marco, ca acuma ma și grăbesc)
2018-04-20 04:54:28 #chat-off-topic @ImTheRealMarco#1366 deleted message from 2018-04-20 04:42:43 (Si dupa mai vedem)
2018-04-20 04:54:28 #chat-off-topic @Iulix#0061 deleted message from 2018-04-20 04:42:43 (edy)
2018-04-20 04:54:28 #chat-off-topic @Iulix#0061 deleted message from 2018-04-20 04:42:47 (eu nu pot)
2018-04-20 04:54:28 #chat-off-topic @ImTheRealMarco#1366 deleted message from 2018-04-20 04:42:47 (Pai si eu :)))
2018-04-20 04:54:28 #chat-off-topic @zEdyStyle#9619 deleted message from 2018-04-20 04:42:47 (Iulica îți las ala dacă mai rezolvi)
2018-04-20 04:54:28 #chat-off-topic @zEdyStyle#9619 deleted message from 2018-04-20 04:42:51 (Mno)
2018-04-20 04:54:28 #chat-off-topic @zEdyStyle#9619 deleted message from 2018-04-20 04:42:55 (Fac eo acasă)
2018-04-20 04:54:28 #chat-off-topic @Iulix#0061 deleted message from 2018-04-20 04:42:55 (nu pot)
2018-04-20 04:54:28 #chat-off-topic @zEdyStyle#9619 deleted message from 2018-04-20 04:42:58 (Aia e)
2018-04-20 04:54:28 #chat-off-topic @Iulix#0061 deleted message from 2018-04-20 04:42:59 (nush dc)
2018-04-20 04:54:28 #chat-off-topic @zEdyStyle#9619 deleted message from 2018-04-20 04:43:07 (Sa nu e asta botu ma)
2018-04-20 04:54:28 #chat-off-topic @zEdyStyle#9619 deleted message from 2018-04-20 04:43:17 (!help)
2018-04-20 04:54:28 #chat-off-topic @Synapse#0692 deleted message from 2018-04-20 04:43:19 (Check your DM, @☄ zEdyStyle ☄! I have sent something for you :wink:)
2018-04-20 04:54:28 #chat-off-topic @Iulix#0061 deleted message from 2018-04-20 04:43:34 (trb sa il muti deasupra la rolul ala de muted)
2018-04-20 04:54:28 #chat-off-topic @Iulix#0061 deleted message from 2018-04-20 04:43:37 (asa se face)
2018-04-20 04:54:28 #chat-off-topic @zEdyStyle#9619 deleted message from 2018-04-20 04:43:53 (Botu asta nu are nimic de multicolor în meniu dai help)
2018-04-20 04:54:28 #chat-off-topic @Iulix#0061 deleted message from 2018-04-20 04:44:01 (edy)
2018-04-20 04:54:28 #chat-off-topic @Iulix#0061 deleted message from 2018-04-20 04:44:09 (fa cu iti spun)
2018-04-20 04:54:28 #chat-off-topic @Iulix#0061 deleted message from 2018-04-20 04:44:12 (incearca)
2018-04-20 04:54:28 #chat-off-topic @Iulix#0061 deleted message from 2018-04-20 04:44:16 (daca nu)
2018-04-20 04:54:28 #chat-off-topic @Iulix#0061 deleted message from 2018-04-20 04:44:18 (asta e)
2018-04-20 04:54:28 #chat-off-topic @FlareBot#9232: 
2018-04-20 04:54:28 #chat-off-topic @FlareBot#9232 edited message from 2018-04-20 04:54:28 () to read: 
2018-04-20 04:54:30 #chat-off-topic @zEdyStyle#9619: _purge 10
2018-04-20 04:54:31 #chat-off-topic @zEdyStyle#9619 deleted message from 2018-04-20 04:54:30 (_purge 10)
2018-04-20 04:54:32 #chat-off-topic @FlareBot#9232 deleted message from 2018-04-20 04:54:28 ()
2018-04-20 04:54:32 #chat-off-topic @FlareBot#9232: 
2018-04-20 04:54:32 #chat-off-topic @FlareBot#9232 edited message from 2018-04-20 04:54:32 () to read: 
2018-04-20 04:54:35 #chat-off-topic @zEdyStyle#9619: Asa
2018-04-20 04:54:37 #chat-off-topic @FlareBot#9232 deleted message from 2018-04-20 04:54:32 ()
2018-04-20 04:54:50 #chat-off-topic @ImTheRealMarco#1366: Edusca
2018-04-20 04:54:54 #chat-off-topic @zEdyStyle#9619: Sa\n\nDa
2018-04-20 04:54:56 #chat-off-topic @zEdyStyle#9619: Da
2018-04-20 04:55:01 #chat-off-topic @Iulix#0061: edy cre dca doar tu poti sa faci asta]
2018-04-20 04:55:04 #chat-off-topic @ImTheRealMarco#1366: Dapoi tu vrei sa ai rol rainbow
2018-04-20 04:55:06 #chat-off-topic @ImTheRealMarco#1366: Nu?
2018-04-20 04:55:09 #chat-off-topic @zEdyStyle#9619: Da
2018-04-20 04:55:13 #chat-off-topic @zEdyStyle#9619: Eu și voi
2018-04-20 04:55:16 #chat-off-topic @Iulix#0061: nush
2018-04-20 04:55:18 #chat-off-topic @ImTheRealMarco#1366: Opa popa
2018-04-20 04:55:20 #chat-off-topic @Iulix#0061: nu cred
2018-04-20 04:55:30 #chat-off-topic @Iulix#0061: o sa incerc mai incolo
2018-04-20 04:55:30 #chat-off-topic @zEdyStyle#9619: Încerc când ajung acasă
2018-04-20 04:55:34 #chat-off-topic @Iulix#0061: ok
2018-04-20 04:55:47 #chat-off-topic @zEdyStyle#9619: Pana atunci fa un room acolo la staff, cu comenzi
2018-04-20 04:55:53 #chat-off-topic @zEdyStyle#9619: Sa nu mai spamam aici
2018-04-20 04:56:15 #chat-off-topic @ImTheRealMarco#1366:  (attachment url(s): https://cdn.discordapp.com/attachments/434774301493952522/436751933726916608/Screenshot_20180420-075609.png)
2018-04-20 04:56:20 #chat-off-topic @ImTheRealMarco#1366: Uita-te
2018-04-20 04:56:22 #chat-off-topic @ImTheRealMarco#1366: Ce scrie
2018-04-20 04:56:23 #chat-off-topic @ImTheRealMarco#1366: Sus
2018-04-20 04:57:00 #chat-off-topic @zEdyStyle#9619: Pff
2018-04-20 04:57:12 #chat-off-topic @ImTheRealMarco#1366: Dapoi nsh cat de real sau nu e
2018-04-20 04:57:15 #chat-off-topic @ImTheRealMarco#1366: Da gen e :)
2018-04-20 04:57:22 #chat-off-topic @zEdyStyle#9619: Vad eu când ajung
2018-04-20 04:57:27 #chat-off-topic @Iulix#0061: ok
2018-04-20 04:57:30 #chat-off-topic @ImTheRealMarco#1366: Edusca
2018-04-20 04:57:39 #chat-off-topic @ImTheRealMarco#1366: Daca e trebuie sa faci cu un alt cont
2018-04-20 04:57:45 #chat-off-topic @ImTheRealMarco#1366: Ca cica poti lua ban
2018-04-20 04:57:47 #chat-off-topic @ImTheRealMarco#1366: Sau ban ip
2018-04-20 04:57:51 #chat-off-topic @zEdyStyle#9619: Pai zice ip
2018-04-20 04:57:52 #chat-off-topic @zEdyStyle#9619: Pnm
2018-04-20 04:58:03 #chat-off-topic @zEdyStyle#9619: Nu mai facem nimic, lasati asa
2018-04-20 04:58:10 #chat-off-topic @ImTheRealMarco#1366: Ba te ajut si iti bag vpn
2018-04-20 04:58:11 #chat-off-topic @ImTheRealMarco#1366: :))
2018-04-20 04:58:17 #chat-off-topic @ImTheRealMarco#1366: Eu mi-am bagat pe cs
2018-04-20 04:58:20 #chat-off-topic @zEdyStyle#9619: Deși la ala la video în comentarii scrie ca nu e cu ban cu dianlea
2018-04-20 04:58:29 #chat-off-topic @zEdyStyle#9619: Și la el botu se numea ceva cu ghost
2018-04-20 04:58:31 #chat-off-topic @ImTheRealMarco#1366: Pai uita-te la data
2018-04-20 04:58:40 #chat-off-topic @ImTheRealMarco#1366: Si ba poate o fost modificat numele xd
2018-04-20 04:58:42 #chat-off-topic @zEdyStyle#9619: Acu o luna
2018-04-20 04:58:52 #chat-off-topic @ImTheRealMarco#1366: Ala e mai vechi
2018-04-20 04:59:25 #chat-off-topic @zEdyStyle#9619: Aia e boyz
2018-04-20 04:59:30 #chat-off-topic @zEdyStyle#9619: O fac eu când ajung acasă
2018-04-20 04:59:39 #chat-off-topic @ImTheRealMarco#1366: Ru ajung la 2
2018-04-20 04:59:40 #chat-off-topic @ImTheRealMarco#1366: :(
2018-04-20 04:59:45 #chat-off-topic @zEdyStyle#9619: No
2018-04-20 04:59:47 #chat-off-topic @zEdyStyle#9619: Eu la 1
2018-04-20 05:00:07 #chat-off-topic @ImTheRealMarco#1366: Rip me
2018-04-20 10:54:57 #chat-off-topic @zEdyStyle#9619: .multicolor 2 FONDATOR
2018-04-20 10:55:06 #chat-off-topic @zEdyStyle#9619 deleted message from 2018-04-20 10:54:57 (.multicolor 2 FONDATOR)
2018-04-20 10:55:15 #chat-off-topic @zEdyStyle#9619: bag ceva in el bot
2018-04-20 10:55:18 #chat-off-topic @ImTheRealMarco#1366: .multicolor @Fondator
2018-04-20 10:55:27 #chat-off-topic @zEdyStyle#9619: .multicolor 2 @Fondator
2018-04-20 10:55:30 #chat-off-topic @zEdyStyle#9619: nah
2018-04-20 10:55:37 #chat-off-topic @ImTheRealMarco#1366: Las ca vedem noi
2018-04-20 10:55:41 #chat-off-topic @ImTheRealMarco#1366: Doar ce vin acasa
2018-04-20 10:55:49 #chat-off-topic @zEdyStyle#9619 deleted message from 2018-04-20 10:55:27 (.multicolor 2 @Fondator)
2018-04-20 10:55:50 #chat-off-topic @zEdyStyle#9619: cacat
2018-04-20 10:55:52 #chat-off-topic @zEdyStyle#9619: nu il mai fac
2018-04-20 10:55:54 #chat-off-topic @zEdyStyle#9619: bag pl in el
2018-04-20 10:55:58 #chat-off-topic @zEdyStyle#9619: _purge 10
2018-04-20 10:55:59 #chat-off-topic @zEdyStyle#9619 deleted message from 2018-04-20 10:55:58 (_purge 10)
2018-04-20 10:55:59 #chat-off-topic @zEdyStyle#9619 deleted message from 2018-04-20 10:55:15 (bag ceva in el bot)
2018-04-20 10:55:59 #chat-off-topic @ImTheRealMarco#1366 deleted message from 2018-04-20 10:55:18 (.multicolor @Fondator)
2018-04-20 10:55:59 #chat-off-topic @zEdyStyle#9619 deleted message from 2018-04-20 10:55:30 (nah)
2018-04-20 10:55:59 #chat-off-topic @ImTheRealMarco#1366 deleted message from 2018-04-20 10:55:37 (Las ca vedem noi)
2018-04-20 10:55:59 #chat-off-topic @ImTheRealMarco#1366 deleted message from 2018-04-20 10:55:41 (Doar ce vin acasa)
2018-04-20 10:55:59 #chat-off-topic @zEdyStyle#9619 deleted message from 2018-04-20 10:55:50 (cacat)
2018-04-20 10:55:59 #chat-off-topic @zEdyStyle#9619 deleted message from 2018-04-20 10:55:52 (nu il mai fac)
2018-04-20 10:55:59 #chat-off-topic @zEdyStyle#9619 deleted message from 2018-04-20 10:55:54 (bag pl in el)
2018-04-20 10:55:59 #chat-off-topic @FlareBot#9232: 
2018-04-20 10:55:59 #chat-off-topic @FlareBot#9232 edited message from 2018-04-20 10:55:59 () to read: 
2018-04-20 10:56:04 #chat-off-topic @FlareBot#9232 deleted message from 2018-04-20 10:55:59 ()
2018-04-20 12:01:19 #chat-off-topic @zEdyStyle#9619: @​everyone Care are pubg ,e un eveniment nou cu flare gun,care vrea sa joace sa vina pe confa PUBG la ora 16:00
2018-04-20 12:01:27 #chat-off-topic @zEdyStyle#9619: Si cine are pubg si nu  are rol de pubg player sa imi dea PM
2018-04-20 18:37:51 #chat-off-topic @Sochu#7820: ba
2018-04-20 18:37:55 #chat-off-topic @Sochu#7820: sa imi dea si mie careva drag
2018-04-20 18:45:21 #chat-off-topic @.CartofelXD#6467:  (attachment url(s): https://cdn.discordapp.com/attachments/434774301493952522/436960583502528544/Screenshot_20180419-232851_G2A.jpg)
2018-04-20 18:54:10 #chat-off-topic @Iulix#0061: @☄ zEdyStyle ☄
2018-04-21 07:30:03 #chat-off-topic @ImTheRealMarco#1366: Copile
2018-04-21 07:30:06 #chat-off-topic @ImTheRealMarco#1366: E pentru rusia
2018-04-21 07:30:11 #chat-off-topic @ImTheRealMarco#1366: Nu e global
2018-04-21 07:30:18 #chat-off-topic @ImTheRealMarco#1366: Nu o sa iti mearga key-ul
2018-04-21 07:30:39 #chat-off-topic @zEdyStyle#9619: ba,da tu de ce ti-ai pus poza a lu vlad?
2018-04-21 07:30:40 #chat-off-topic @zEdyStyle#9619: =)))
2018-04-21 07:30:59 #chat-off-topic @zEdyStyle#9619: Nu mai stiu care e care
2018-04-21 07:31:10 #chat-off-topic @zEdyStyle#9619: Si la nume mi-e lene sa citesc
2018-04-21 07:31:12 #chat-off-topic @zEdyStyle#9619: 😃
2018-04-21 07:38:01 #chat-off-topic @Cezar#1433: Spesial
2018-04-21 07:38:10 #chat-off-topic @zEdyStyle#9619: =))
2018-04-21 07:38:15 #chat-off-topic @zEdyStyle#9619: U are so special
2018-04-21 07:38:18 #chat-off-topic @zEdyStyle#9619: U are the president
2018-04-21 07:38:28 #chat-off-topic @LAPTIC💖#4869: iu ar mai gad
2018-04-21 07:38:42 #chat-off-topic @Cezar#1433: Cn esti
2018-04-21 07:38:45 #chat-off-topic @.CartofelXD#6467: si marco vezi ca imi va merge
2018-04-21 07:38:48 #chat-off-topic @.CartofelXD#6467: cu vpn
2018-04-21 07:38:52 #chat-off-topic @LAPTIC💖#4869: <><><><><><><><><><><><><><><><><><><><><><><><><><><><><><><><><><><><><><><><><><><><><><><><><><><><
2018-04-21 07:39:17 #chat-off-topic @zEdyStyle#9619: E un preten,mai de mult a jucat pe magicall,eram medic cu el
2018-04-21 07:39:18 #chat-off-topic @zEdyStyle#9619: =)))
2018-04-21 07:39:28 #chat-off-topic @zEdyStyle#9619: Cand erai tu fondator
2018-04-21 07:39:31 #chat-off-topic @Cezar#1433: Aa:))
2018-04-21 07:39:35 #chat-off-topic @zEdyStyle#9619: AT0MiK daca mai stii
2018-04-21 07:39:36 #chat-off-topic @Cezar#1433: Nice
2018-04-21 07:39:38 #chat-off-topic @zEdyStyle#9619: Da nu cred
2018-04-21 07:39:38 #chat-off-topic @Cezar#1433: Nu
2018-04-21 07:40:10 #chat-off-topic @zEdyStyle#9619: Am zis daca vrei sa iti pui asa la sv tau de discord,multicolor
2018-04-21 07:40:22 #chat-off-topic @zEdyStyle#9619: Dar doar tie,ca daca pui la toti,e nasol dupa
2018-04-21 07:48:26 #chat-off-topic @zEdyStyle#9619: *play mans not hot
2018-04-21 07:48:34 #chat-off-topic @zEdyStyle#9619 deleted message from 2018-04-21 07:48:26 (*play mans not hot)
2018-04-21 09:37:40 #chat-off-topic @zEdyStyle#9619: Sa stiti,care vrea *DARWIN PROJECT E FREE PE STEAM* ,farcry 5 puteti lua de pe cro torrents
2018-04-21 09:37:53 #chat-off-topic @zEdyStyle#9619 edited message from 2018-04-21 09:37:40 (Sa stiti,care vrea *DARWIN PROJECT E FREE PE STEAM* ,farcry 5 puteti lua de pe cro torrents) to read: Sa stiti,care vrea *DARWIN PROJECT E FREE PE STEAM* ,*farcry 5 puteti lua de pe cro torrents*
2018-04-21 11:05:43 #chat-off-topic @.CartofelXD#6467: @☄ zEdyStyle ☄  dai si mie un drag????????????????????\n|
2018-04-21 12:20:56 #chat-off-topic @zEdyStyle#9619: Aștept propuneri la #propuneri-discord, dacă aveți
2018-04-21 14:42:51 #chat-off-topic @MatyPoP#4486: =))
2018-04-21 18:31:38 #chat-off-topic @.CartofelXD#6467: stai chill edy ca mai vin
2018-04-21 18:32:28 #chat-off-topic @zEdyStyle#9619: Ș))
2018-04-21 18:32:32 #chat-off-topic @zEdyStyle#9619 edited message from 2018-04-21 18:32:28 (Ș))) to read: :))
2018-04-22 13:50:41 #chat-off-topic @Iulix#0061: ***fix\nEZZZZZZ\n***fix
2018-04-22 13:52:29 #chat-off-topic @Iulix#0061: ***css\nYOUR TEXT\n*css
2018-04-22 13:52:44 #chat-off-topic @Iulix#0061: '''css\nEZZZZ\n'''css
2018-04-22 13:52:56 #chat-off-topic @Iulix#0061 deleted message from 2018-04-22 13:50:41 (***fix\nEZZZZZZ\n***fix)
2018-04-22 13:53:00 #chat-off-topic @Iulix#0061 deleted message from 2018-04-22 13:52:29 (***css\nYOUR TEXT\n*css)
2018-04-22 13:53:03 #chat-off-topic @Iulix#0061 deleted message from 2018-04-22 13:52:44 ('''css\nEZZZZ\n'''css)
2018-04-22 13:53:08 #chat-off-topic @ImTheRealMarco#1366: "Cf
2018-04-22 13:53:11 #chat-off-topic @ImTheRealMarco#1366: "Cf"
2018-04-22 13:53:13 #chat-off-topic @ImTheRealMarco#1366 deleted message from 2018-04-22 13:53:08 ("Cf)
2018-04-22 13:53:15 #chat-off-topic @ImTheRealMarco#1366 deleted message from 2018-04-22 13:53:11 ("Cf")
2018-04-22 13:53:17 #chat-off-topic @ImTheRealMarco#1366: *c
2018-04-22 13:53:19 #chat-off-topic @ImTheRealMarco#1366 deleted message from 2018-04-22 13:53:17 (*c)
2018-04-22 13:53:23 #chat-off-topic @ImTheRealMarco#1366: **csf
2018-04-22 13:53:25 #chat-off-topic @ImTheRealMarco#1366 deleted message from 2018-04-22 13:53:23 (**csf)
2018-04-22 13:53:31 #chat-off-topic @ImTheRealMarco#1366: Cum ai facut iulica ?
2018-04-22 14:20:02 #chat-off-topic @Iulix#0061: ***fix\nEZZ
2018-04-22 14:20:16 #chat-off-topic @Iulix#0061: ***fix\nEZZ\n***fix
2018-04-22 14:20:22 #chat-off-topic @Iulix#0061 deleted message from 2018-04-22 14:20:02 (***fix\nEZZ)
2018-04-22 14:20:29 #chat-off-topic @zEdyStyle#9619: lol
2018-04-22 14:20:32 #chat-off-topic @zEdyStyle#9619: cum scrii gros?
2018-04-22 14:20:39 #chat-off-topic @Iulix#0061: ***fix
2018-04-22 14:20:57 #chat-off-topic @zEdyStyle#9619: ***FIX
2018-04-22 14:21:00 #chat-off-topic @zEdyStyle#9619: :l
2018-04-22 14:21:19 #chat-off-topic @zEdyStyle#9619: ***fix MERE
2018-04-22 14:21:27 #chat-off-topic @zEdyStyle#9619 deleted message from 2018-04-22 14:21:19 (***fix MERE)
2018-04-22 14:21:32 #chat-off-topic @zEdyStyle#9619: ***fix
2018-04-22 14:21:37 #chat-off-topic @zEdyStyle#9619: ***fixmere
2018-04-22 14:22:35 #chat-off-topic @Iulix#0061: fix\nEZZ\nfix
2018-04-22 14:22:46 #chat-off-topic @Iulix#0061: si inainte de fiecare fix pui ***
2018-04-22 14:22:57 #chat-off-topic @zEdyStyle#9619: ***EZ***MERE
2018-04-22 14:23:04 #chat-off-topic @Iulix#0061: ***fix mere
2018-04-22 14:23:05 #chat-off-topic @zEdyStyle#9619: ***MERE***
2018-04-22 14:23:06 #chat-off-topic @zEdyStyle#9619: aa
2018-04-22 14:23:07 #chat-off-topic @zEdyStyle#9619: gata
2018-04-22 14:23:11 #chat-off-topic @Iulix#0061: ***mere
2018-04-22 14:23:14 #chat-off-topic @zEdyStyle#9619: ***ASTAZI FACEM EVENT***
2018-04-22 14:23:17 #chat-off-topic @Iulix#0061: ***fixmere
2018-04-22 14:23:17 #chat-off-topic @zEdyStyle#9619 deleted message from 2018-04-22 14:23:14 (***ASTAZI FACEM EVENT***)
2018-04-22 14:23:18 #chat-off-topic @zEdyStyle#9619: nice
2018-04-22 14:23:21 #chat-off-topic @Iulix#0061: cum faci
2018-04-22 14:23:25 #chat-off-topic @zEdyStyle#9619: !purge 10
2018-04-22 14:23:35 #chat-off-topic @zEdyStyle#9619: *** FIX MERE ****
2018-04-22 14:23:41 #chat-off-topic @Iulix#0061: cuuuuuuum
2018-04-22 14:23:41 #chat-off-topic @zEdyStyle#9619: *FIX MERE*
2018-04-22 14:23:43 #chat-off-topic @Iulix#0061: faci
2018-04-22 14:23:48 #chat-off-topic @Iulix#0061: !purge 10
2018-04-22 14:23:48 #chat-off-topic @zEdyStyle#9619: ***FIX MERE***
2018-04-22 14:24:07 #chat-off-topic @Iulix#0061: ***fix***mere
2018-04-22 14:24:07 #chat-off-topic @zEdyStyle#9619: Pui *** inainte de FIX si dupa MERE
2018-04-22 14:24:13 #chat-off-topic @Iulix#0061: aaaaa
2018-04-22 14:24:22 #chat-off-topic @Iulix#0061: ***fixmere***
2018-04-22 14:24:27 #chat-off-topic @Iulix#0061: aaaaa
2018-04-22 14:24:43 #chat-off-topic @Iulix#0061: ***italics\nMERE\n***italics
2018-04-22 14:25:07 #chat-off-topic @Iulix#0061: ***italics\nMERE\nitalics***
2018-04-22 14:25:19 #chat-off-topic @Iulix#0061: ***mere
2018-04-22 14:25:48 #chat-off-topic @Iulix#0061: italics***\nMERE\nitalics***
2018-04-22 14:25:54 #chat-off-topic @Iulix#0061 deleted message from 2018-04-22 14:24:22 (***fixmere***)
2018-04-22 14:25:56 #chat-off-topic @Iulix#0061 deleted message from 2018-04-22 14:24:43 (***italics\nMERE\n***italics)
2018-04-22 14:26:00 #chat-off-topic @Iulix#0061 deleted message from 2018-04-22 14:25:07 (***italics\nMERE\nitalics***)
2018-04-22 14:26:02 #chat-off-topic @Iulix#0061 deleted message from 2018-04-22 14:25:19 (***mere)
2018-04-22 14:26:05 #chat-off-topic @Iulix#0061 deleted message from 2018-04-22 14:24:27 (aaaaa)
2018-04-22 14:26:07 #chat-off-topic @Iulix#0061 deleted message from 2018-04-22 14:25:48 (italics***\nMERE\nitalics***)
2018-04-22 14:26:09 #chat-off-topic @Iulix#0061 deleted message from 2018-04-22 14:24:13 (aaaaa)
2018-04-22 15:12:35 #chat-off-topic @ImTheRealMarco#1366: ***fix
2018-04-22 15:12:39 #chat-off-topic @ImTheRealMarco#1366: ***fixcsf
2018-04-22 15:12:43 #chat-off-topic @ImTheRealMarco#1366: ***csf
2018-04-22 15:29:35 #chat-off-topic @zEdyStyle#9619: ***DOAR CEI SPECIALI STIU***
2018-04-22 17:13:23 #chat-off-topic @Iulix#0061: ***fixEZZZZZZZZZZZ***
2018-04-22 17:13:43 #chat-off-topic @Iulix#0061: ***fix EZZZZZZZZZZZ***
2018-04-22 17:14:04 #chat-off-topic @Iulix#0061: ***FIXMERE***
2018-04-22 17:14:15 #chat-off-topic @Iulix#0061: *FIXMERE*
2018-04-22 17:14:22 #chat-off-topic @Iulix#0061: f
2018-04-22 17:14:27 #chat-off-topic @Iulix#0061: fixmere
2018-04-22 17:14:38 #chat-off-topic @Iulix#0061: **FIXMERE**
2018-04-22 17:14:51 #chat-off-topic @Iulix#0061: ****FIXMERE****
2018-04-22 17:45:14 #chat-off-topic @ImTheRealMarco#1366: ***FIX
2018-04-22 17:49:10 #chat-off-topic @ImTheRealMarco#1366: EZZZZZZZZZZZ
2018-04-22 18:17:16 #chat-off-topic @.CartofelXD#6467: !levels
2018-04-22 18:19:44 #chat-off-topic @ImTheRealMarco#1366: Cartof
2018-04-22 18:19:50 #chat-off-topic @ImTheRealMarco#1366: Numa pe ala Scrubs merge
2018-04-22 20:10:25 #chat-off-topic @MatyPoP#4486: ***fix mere
2018-04-22 20:10:37 #chat-off-topic @MatyPoP#4486: *** FIX MERE
2018-04-22 20:10:40 #chat-off-topic @MatyPoP#4486: =)))
2018-04-22 20:10:45 #chat-off-topic @MatyPoP#4486: ***fixmere
2018-04-22 20:10:51 #chat-off-topic @MatyPoP#4486: Cum dracuuuu
2018-04-22 20:10:57 #chat-off-topic @MatyPoP#4486: *fix mere*
2018-04-22 20:11:11 #chat-off-topic @MatyPoP#4486: Asa stiam, dsr nu știu cum scriu glos
2018-04-22 20:11:14 #chat-off-topic @MatyPoP#4486: Gros =)))
2018-04-22 20:12:05 #chat-off-topic @MatyPoP#4486: ***FIX MERE***
2018-04-22 20:12:09 #chat-off-topic @MatyPoP#4486: Aaaa, gata =)))
2018-04-22 20:24:12 #chat-off-topic @chris2304#9311: ***fix mere
2018-04-22 20:24:20 #chat-off-topic @chris2304#9311: ***fix mere
2018-04-22 20:24:34 #chat-off-topic @chris2304#9311: ***fix mere ***
2018-04-22 20:24:48 #chat-off-topic @chris2304#9311 edited message from 2018-04-22 20:24:34 (***fix mere ***) to read: ***FIX MERE ***
2018-04-22 20:24:53 #chat-off-topic @chris2304#9311: ahaa
2018-04-22 20:24:59 #chat-off-topic @chris2304#9311: ***MUIE ***
2018-04-22 20:25:08 #chat-off-topic @chris2304#9311: ***EZ ***
2018-04-22 20:37:23 #chat-off-topic @.CartofelXD#6467: Chris tu la cresa ai invatat sa spui doar p$#@ si m\/|€
2018-04-22 20:44:21 #chat-off-topic @chris2304#9311: coaie ce ai cu mine
2018-04-22 20:44:28 #chat-off-topic @chris2304#9311: nu am zis nmk de tn...
2018-04-22 20:44:33 #chat-off-topic @chris2304#9311: deci ..
2018-04-22 20:44:39 #chat-off-topic @chris2304#9311: esti super prost
2018-04-22 20:44:49 #chat-off-topic @chris2304#9311: muie
2018-04-23 04:55:34 #chat-off-topic @.CartofelXD#6467: Nam nica da tot intruna numai p$#@ zici
2018-04-23 04:56:00 #chat-off-topic @.CartofelXD#6467: Zi si tu alceva nu numai p%$@
