2018-04-20 12:19:33 #notes @BuHamood_393#0847: !?purge 5
2018-04-20 12:19:33 #notes @RPBot#4161: @BuHamood_393, Unknown command. Use `!help` or `@RPBot#4161 help` to view the list of all commands.
2018-04-20 12:19:45 #notes @BuHamood_393#0847: ?!purge 5
2018-04-20 12:19:45 #notes @Arrow#3996: 
2018-04-20 12:19:45 #notes @Arrow#3996 edited message from 2018-04-20 12:19:45 () to read: 
2018-04-20 12:19:59 #notes @BuHamood_393#0847: ?purge 5
2018-04-20 12:20:00 #notes @BuHamood_393#0847 deleted message from 2018-04-20 12:19:33 (!?purge 5)
2018-04-20 12:20:00 #notes @RPBot#4161 deleted message from 2018-04-20 12:19:33 (@BuHamood_393, Unknown command. Use `!help` or `@RPBot#4161 help` to view the list of all commands.)
2018-04-20 12:20:00 #notes @BuHamood_393#0847 deleted message from 2018-04-20 12:19:45 (?!purge 5)
2018-04-20 12:20:00 #notes @Arrow#3996 deleted message from 2018-04-20 12:19:45 ()
2018-04-20 12:20:00 #notes @BuHamood_393#0847 deleted message from 2018-04-20 12:19:59 (?purge 5)
2018-04-20 12:20:00 #notes @Astolfo#0628: 
2018-04-20 12:20:00 #notes @Astolfo#0628 edited message from 2018-04-20 12:20:00 () to read: 
2018-04-20 12:20:00 #notes @Astolfo#0628 deleted message from 2018-04-20 12:20:00 ()
2018-04-20 12:20:00 #notes @Arrow#3996: 
2018-04-20 12:20:00 #notes @Arrow#3996 edited message from 2018-04-20 12:20:00 () to read: 
2018-04-20 12:20:03 #notes @Arrow#3996 deleted message from 2018-04-20 12:20:00 ()
2018-04-20 12:20:16 #notes @BuHamood_393#0847: ?purge 5
2018-04-20 12:20:16 #notes @Astolfo#0628: 
2018-04-20 12:20:16 #notes @Astolfo#0628 edited message from 2018-04-20 12:20:16 () to read: 
2018-04-20 12:20:16 #notes @BuHamood_393#0847 deleted message from 2018-04-20 12:20:16 (?purge 5)
2018-04-20 12:20:16 #notes @Astolfo#0628 deleted message from 2018-04-20 12:20:16 ()
2018-04-20 12:20:16 #notes @Arrow#3996: 
2018-04-20 12:20:16 #notes @Arrow#3996 edited message from 2018-04-20 12:20:16 () to read: 
2018-04-20 12:20:20 #notes @Arrow#3996 deleted message from 2018-04-20 12:20:16 ()
2018-04-20 12:20:21 #notes @BuHamood_393#0847: ?purge 2
2018-04-20 12:20:21 #notes @BuHamood_393#0847 deleted message from 2018-04-20 12:20:21 (?purge 2)
2018-04-20 12:20:21 #notes @Astolfo#0628: 
2018-04-20 12:20:21 #notes @Astolfo#0628 edited message from 2018-04-20 12:20:21 () to read: 
2018-04-20 12:20:22 #notes @Astolfo#0628 deleted message from 2018-04-20 12:20:21 ()
2018-04-20 12:20:22 #notes @Arrow#3996: 
2018-04-20 12:20:22 #notes @Arrow#3996 edited message from 2018-04-20 12:20:22 () to read: 
2018-04-20 12:20:25 #notes @Arrow#3996 deleted message from 2018-04-20 12:20:22 ()
2018-04-20 12:20:28 #notes @BuHamood_393#0847: ?purge 1
2018-04-20 12:20:28 #notes @BuHamood_393#0847 deleted message from 2018-04-20 12:20:28 (?purge 1)
2018-04-20 12:20:28 #notes @Astolfo#0628: 
2018-04-20 12:20:28 #notes @Astolfo#0628 edited message from 2018-04-20 12:20:28 () to read: 
2018-04-20 12:20:28 #notes @Arrow#3996: 
2018-04-20 12:20:28 #notes @Arrow#3996 edited message from 2018-04-20 12:20:28 () to read: 
2018-04-20 12:20:37 #notes @BuHamood_393#0847: ?purge 52
2018-04-20 12:20:38 #notes @Astolfo#0628 deleted message from 2018-04-20 12:20:28 ()
2018-04-20 12:20:38 #notes @Arrow#3996 deleted message from 2018-04-20 12:20:28 ()
2018-04-20 12:20:38 #notes @BuHamood_393#0847 deleted message from 2018-04-20 12:20:37 (?purge 52)
2018-04-20 12:20:38 #notes @Astolfo#0628: 
2018-04-20 12:20:38 #notes @Astolfo#0628 edited message from 2018-04-20 12:20:38 () to read: 
2018-04-20 12:20:38 #notes @Arrow#3996: 
2018-04-20 12:20:38 #notes @Arrow#3996 edited message from 2018-04-20 12:20:38 () to read: 
2018-04-20 12:20:50 #notes @Astolfo#0628 deleted message from 2018-04-20 12:20:38 ()
2018-04-20 12:20:54 #notes @Arrow#3996 deleted message from 2018-04-20 12:20:38 ()
2018-04-20 12:24:23 #notes @BuHamood_393#0847:  (attachment url(s): https://cdn.discordapp.com/attachments/352638139514355732/436864709090607104/hypesquad-white.png)
2018-04-20 12:24:24 #notes @BuHamood_393#0847:  (attachment url(s): https://cdn.discordapp.com/attachments/352638139514355732/436864712857354240/hypesquad-black.png)
