2018-04-30 20:31:01 #Бутылколюбы Voice channel join: Akame#9766 (id 191712693563031552), moved from 🌈Rainbow Six🌈
2018-04-30 20:31:02 #Бутылколюбы Voice channel join: Talesfromthebottom#5476 (id 273442184089305088), moved from 🌈Rainbow Six🌈
2018-04-30 20:31:02 #Бутылколюбы Voice channel join: ⎛⎝OzoVeg⎠⎞#5135 (id 310101225444081666), moved from 🌈Rainbow Six🌈
2018-04-30 22:07:16 #Бутылколюбы Voice channel leave: Akame#9766 (id 191712693563031552)
2018-04-30 22:13:20 #Бутылколюбы Server self-deafen: Talesfromthebottom#5476 (id 273442184089305088)
2018-04-30 22:13:20 #Бутылколюбы Server self-mute: Talesfromthebottom#5476 (id 273442184089305088)
2018-04-30 22:15:06 #Бутылколюбы Server self-undeafen: Talesfromthebottom#5476 (id 273442184089305088)
2018-04-30 22:15:06 #Бутылколюбы Server self-unmute: Talesfromthebottom#5476 (id 273442184089305088)
2018-04-30 23:06:36 #Бутылколюбы Server self-deafen: Talesfromthebottom#5476 (id 273442184089305088)
2018-04-30 23:06:36 #Бутылколюбы Server self-mute: Talesfromthebottom#5476 (id 273442184089305088)
2018-04-30 23:10:37 #Бутылколюбы Voice channel leave: ⎛⎝OzoVeg⎠⎞#5135 (id 310101225444081666)
2018-04-30 23:10:46 #Бутылколюбы Voice channel join: ⎛⎝OzoVeg⎠⎞#5135 (id 310101225444081666)
2018-04-30 23:12:47 #Бутылколюбы Server self-undeafen: Talesfromthebottom#5476 (id 273442184089305088)
2018-04-30 23:12:47 #Бутылколюбы Server self-unmute: Talesfromthebottom#5476 (id 273442184089305088)
2018-05-01 00:19:49 #Бутылколюбы Voice channel leave: Talesfromthebottom#5476 (id 273442184089305088)
2018-05-01 00:22:30 #Бутылколюбы Voice channel leave: ⎛⎝OzoVeg⎠⎞#5135 (id 310101225444081666)
2018-05-01 13:12:02 #Бутылколюбы Voice channel join: Akame#9766 (id 191712693563031552)
2018-05-01 13:13:09 #Бутылколюбы Voice channel join: ⎛⎝OzoVeg⎠⎞#5135 (id 310101225444081666)
2018-05-01 13:13:12 #Бутылколюбы Voice channel join: Player#1109 (id 250324833143881729)
2018-05-01 13:13:19 #Бутылколюбы Server self-mute: Akame#9766 (id 191712693563031552)
2018-05-01 13:14:28 #Бутылколюбы Server self-unmute: Akame#9766 (id 191712693563031552)
2018-05-01 13:39:10 #Бутылколюбы Voice channel join: whysee#2347 (id 285458299779022848)
2018-05-01 13:39:54 #Бутылколюбы Voice channel leave: whysee#2347 (id 285458299779022848)
2018-05-01 13:48:07 #Бутылколюбы Voice channel join: Talesfromthebottom#5476 (id 273442184089305088)
2018-05-01 14:39:08 #Бутылколюбы Server self-deafen: Talesfromthebottom#5476 (id 273442184089305088)
2018-05-01 14:39:08 #Бутылколюбы Server self-mute: Talesfromthebottom#5476 (id 273442184089305088)
2018-05-01 14:42:37 #Бутылколюбы Server self-undeafen: Talesfromthebottom#5476 (id 273442184089305088)
2018-05-01 14:42:37 #Бутылколюбы Server self-unmute: Talesfromthebottom#5476 (id 273442184089305088)
2018-05-01 15:03:48 #Бутылколюбы Voice channel leave: Akame#9766 (id 191712693563031552)
2018-05-01 15:05:51 #Бутылколюбы Voice channel leave: ⎛⎝OzoVeg⎠⎞#5135 (id 310101225444081666)
2018-05-01 15:06:27 #Бутылколюбы Voice channel leave: Talesfromthebottom#5476 (id 273442184089305088)
2018-05-01 15:08:12 #Бутылколюбы Voice channel join: ⎛⎝OzoVeg⎠⎞#5135 (id 310101225444081666)
2018-05-01 15:08:18 #Бутылколюбы Voice channel leave: ⎛⎝OzoVeg⎠⎞#5135 (id 310101225444081666)
2018-05-01 15:09:50 #Бутылколюбы Voice channel leave: Player#1109 (id 250324833143881729)
2018-05-01 16:31:58 #Бутылколюбы Voice channel join: ⎛⎝OzoVeg⎠⎞#5135 (id 310101225444081666)
2018-05-01 16:31:58 #Бутылколюбы Voice channel join: ⎛⎝OzoVeg⎠⎞#5135 (id 310101225444081666), moved from 🌈Rainbow Six🌈
2018-05-01 16:32:26 #Бутылколюбы Voice channel join: Ayana#8911 (id 185476724627210241)
2018-05-01 16:32:53 #Бутылколюбы Voice channel leave: ⎛⎝OzoVeg⎠⎞#5135 (id 310101225444081666)
2018-05-01 16:33:00 #Бутылколюбы Voice channel join: ⎛⎝OzoVeg⎠⎞#5135 (id 310101225444081666)
2018-05-01 16:33:14 #Бутылколюбы Voice channel join: Ayana#8911 (id 185476724627210241)
2018-05-01 16:33:32 #Бутылколюбы Voice channel leave: ⎛⎝OzoVeg⎠⎞#5135 (id 310101225444081666)
2018-05-01 16:40:51 #Бутылколюбы Voice channel leave: Ayana#8911 (id 185476724627210241)
2018-05-02 00:59:14 #Бутылколюбы Voice channel join: ⎛⎝OzoVeg⎠⎞#5135 (id 310101225444081666), moved from 🌈Rainbow Six🌈
2018-05-02 00:59:23 #Бутылколюбы Voice channel leave: ⎛⎝OzoVeg⎠⎞#5135 (id 310101225444081666) moving to 🏠Капитолий🏠
2018-05-02 00:59:23 #Бутылколюбы Voice channel join: ⎛⎝OzoVeg⎠⎞#5135 (id 310101225444081666), moved from 🏠Капитолий🏠
2018-05-02 00:59:23 #Бутылколюбы Voice channel join: Talesfromthebottom#5476 (id 273442184089305088), moved from 🏠Капитолий🏠
2018-05-02 00:59:27 #Бутылколюбы Voice channel leave: Talesfromthebottom#5476 (id 273442184089305088)
2018-05-02 00:59:32 #Бутылколюбы Voice channel leave: ⎛⎝OzoVeg⎠⎞#5135 (id 310101225444081666)
2018-05-02 00:59:34 #Бутылколюбы Voice channel join: Talesfromthebottom#5476 (id 273442184089305088)
2018-05-02 00:59:37 #Бутылколюбы Voice channel join: ⎛⎝OzoVeg⎠⎞#5135 (id 310101225444081666)
2018-05-02 00:59:56 #Бутылколюбы Voice channel join: Ponyar#2599 (id 174440615138820096)
2018-05-02 01:02:44 #Бутылколюбы Server self-deafen: Talesfromthebottom#5476 (id 273442184089305088)
2018-05-02 01:02:44 #Бутылколюбы Server self-mute: Talesfromthebottom#5476 (id 273442184089305088)
2018-05-02 01:06:46 #Бутылколюбы Voice channel join: Ayana#8911 (id 185476724627210241)
2018-05-02 01:08:06 #Бутылколюбы Voice channel leave: Ponyar#2599 (id 174440615138820096)
2018-05-02 01:12:45 #Бутылколюбы Voice channel leave: Talesfromthebottom#5476 (id 273442184089305088) moving to 💀Гробница💀
2018-05-02 01:13:10 #Бутылколюбы Voice channel join: Talesfromthebottom#5476 (id 273442184089305088), moved from 💀Гробница💀
2018-05-02 01:15:50 #Бутылколюбы Voice channel leave: Ayana#8911 (id 185476724627210241)
2018-05-02 01:20:15 #Бутылколюбы Voice channel leave: ⎛⎝OzoVeg⎠⎞#5135 (id 310101225444081666)
2018-05-02 01:20:30 #Бутылколюбы Voice channel join: ⎛⎝OzoVeg⎠⎞#5135 (id 310101225444081666)
2018-05-02 05:15:54 #Бутылколюбы Server self-deafen: ⎛⎝OzoVeg⎠⎞#5135 (id 310101225444081666)
2018-05-02 05:15:54 #Бутылколюбы Server self-mute: ⎛⎝OzoVeg⎠⎞#5135 (id 310101225444081666)
2018-05-02 05:15:57 #Бутылколюбы Server self-deafen: Talesfromthebottom#5476 (id 273442184089305088)
2018-05-02 05:15:57 #Бутылколюбы Server self-mute: Talesfromthebottom#5476 (id 273442184089305088)
2018-05-02 05:26:05 #Бутылколюбы Voice channel leave: ⎛⎝OzoVeg⎠⎞#5135 (id 310101225444081666) moving to 💀Гробница💀
2018-05-02 05:27:59 #Бутылколюбы Server self-undeafen: Talesfromthebottom#5476 (id 273442184089305088)
2018-05-02 05:27:59 #Бутылколюбы Server self-unmute: Talesfromthebottom#5476 (id 273442184089305088)
2018-05-02 05:41:08 #Бутылколюбы Voice channel leave: Talesfromthebottom#5476 (id 273442184089305088)
2018-05-02 08:06:23 #Бутылколюбы Voice channel join: Akame#9766 (id 191712693563031552)
2018-05-02 08:33:47 #Бутылколюбы Voice channel join: ⎛⎝OzoVeg⎠⎞#5135 (id 310101225444081666), moved from 💀Гробница💀, flags: self_deaf,self_mute
2018-05-02 08:33:49 #Бутылколюбы Voice channel leave: ⎛⎝OzoVeg⎠⎞#5135 (id 310101225444081666) moving to 💀Гробница💀
2018-05-02 09:12:22 #Бутылколюбы Voice channel join: ⎛⎝OzoVeg⎠⎞#5135 (id 310101225444081666), moved from 💀Гробница💀, flags: self_deaf,self_mute
2018-05-02 09:12:26 #Бутылколюбы Server self-undeafen: ⎛⎝OzoVeg⎠⎞#5135 (id 310101225444081666)
2018-05-02 09:12:26 #Бутылколюбы Server self-unmute: ⎛⎝OzoVeg⎠⎞#5135 (id 310101225444081666)
2018-05-02 09:20:47 #Бутылколюбы Voice channel leave: ⎛⎝OzoVeg⎠⎞#5135 (id 310101225444081666)
2018-05-02 09:20:58 #Бутылколюбы Voice channel join: ⎛⎝OzoVeg⎠⎞#5135 (id 310101225444081666)
2018-05-02 09:20:58 #Бутылколюбы Voice channel join: Player#1109 (id 250324833143881729)
2018-05-02 09:21:13 #Бутылколюбы Voice channel join: Ayana#8911 (id 185476724627210241)
2018-05-02 09:23:37 #Бутылколюбы Server mute: Player#1109 (id 250324833143881729)
2018-05-02 09:23:37 #Бутылколюбы Server unmute: Player#1109 (id 250324833143881729)
2018-05-02 09:30:50 #Бутылколюбы Voice channel leave: Ayana#8911 (id 185476724627210241)
2018-05-02 09:36:32 #Бутылколюбы Voice channel leave: Player#1109 (id 250324833143881729) moving to 🏆ESL GO4R6🏆
2018-05-02 09:37:11 #Бутылколюбы Voice channel join: Player#1109 (id 250324833143881729), moved from 🏆ESL GO4R6🏆
2018-05-02 09:57:45 #Бутылколюбы Voice channel leave: Akame#9766 (id 191712693563031552) moving to 🎤Говорилка🎤
2018-05-02 09:57:47 #Бутылколюбы Voice channel join: Akame#9766 (id 191712693563031552), moved from 🎤Говорилка🎤
2018-05-02 09:58:23 #Бутылколюбы Voice channel leave: Akame#9766 (id 191712693563031552) moving to 🏠Капитолий🏠
2018-05-02 09:58:27 #Бутылколюбы Voice channel join: Akame#9766 (id 191712693563031552), moved from 🏠Капитолий🏠
2018-05-02 10:07:17 #Бутылколюбы Server self-deafen: ⎛⎝OzoVeg⎠⎞#5135 (id 310101225444081666)
2018-05-02 10:07:17 #Бутылколюбы Server self-mute: ⎛⎝OzoVeg⎠⎞#5135 (id 310101225444081666)
2018-05-02 10:11:04 #Бутылколюбы Server self-undeafen: ⎛⎝OzoVeg⎠⎞#5135 (id 310101225444081666)
2018-05-02 10:11:04 #Бутылколюбы Server self-unmute: ⎛⎝OzoVeg⎠⎞#5135 (id 310101225444081666)
2018-05-02 10:14:08 #Бутылколюбы Server self-deafen: ⎛⎝OzoVeg⎠⎞#5135 (id 310101225444081666)
2018-05-02 10:14:08 #Бутылколюбы Server self-mute: ⎛⎝OzoVeg⎠⎞#5135 (id 310101225444081666)
2018-05-02 10:15:22 #Бутылколюбы Server self-undeafen: ⎛⎝OzoVeg⎠⎞#5135 (id 310101225444081666)
2018-05-02 10:15:22 #Бутылколюбы Server self-unmute: ⎛⎝OzoVeg⎠⎞#5135 (id 310101225444081666)
2018-05-02 10:17:04 #Бутылколюбы Server self-deafen: ⎛⎝OzoVeg⎠⎞#5135 (id 310101225444081666)
2018-05-02 10:17:04 #Бутылколюбы Server self-mute: ⎛⎝OzoVeg⎠⎞#5135 (id 310101225444081666)
2018-05-02 10:17:18 #Бутылколюбы Server self-undeafen: ⎛⎝OzoVeg⎠⎞#5135 (id 310101225444081666)
2018-05-02 10:17:18 #Бутылколюбы Server self-unmute: ⎛⎝OzoVeg⎠⎞#5135 (id 310101225444081666)
2018-05-02 10:17:18 #Бутылколюбы Server self-deafen: ⎛⎝OzoVeg⎠⎞#5135 (id 310101225444081666)
2018-05-02 10:17:18 #Бутылколюбы Server self-mute: ⎛⎝OzoVeg⎠⎞#5135 (id 310101225444081666)
2018-05-02 10:17:32 #Бутылколюбы Voice channel leave: Player#1109 (id 250324833143881729)
2018-05-02 10:17:33 #Бутылколюбы Server self-undeafen: ⎛⎝OzoVeg⎠⎞#5135 (id 310101225444081666)
2018-05-02 10:17:33 #Бутылколюбы Server self-unmute: ⎛⎝OzoVeg⎠⎞#5135 (id 310101225444081666)
2018-05-02 10:18:04 #Бутылколюбы Server self-deafen: ⎛⎝OzoVeg⎠⎞#5135 (id 310101225444081666)
2018-05-02 10:18:04 #Бутылколюбы Server self-mute: ⎛⎝OzoVeg⎠⎞#5135 (id 310101225444081666)
2018-05-02 10:18:49 #Бутылколюбы Server self-undeafen: ⎛⎝OzoVeg⎠⎞#5135 (id 310101225444081666)
2018-05-02 10:18:49 #Бутылколюбы Server self-unmute: ⎛⎝OzoVeg⎠⎞#5135 (id 310101225444081666)
2018-05-02 10:19:00 #Бутылколюбы Server self-deafen: ⎛⎝OzoVeg⎠⎞#5135 (id 310101225444081666)
2018-05-02 10:19:00 #Бутылколюбы Server self-mute: ⎛⎝OzoVeg⎠⎞#5135 (id 310101225444081666)
2018-05-02 10:20:05 #Бутылколюбы Server self-undeafen: ⎛⎝OzoVeg⎠⎞#5135 (id 310101225444081666)
2018-05-02 10:20:05 #Бутылколюбы Server self-unmute: ⎛⎝OzoVeg⎠⎞#5135 (id 310101225444081666)
2018-05-02 10:20:11 #Бутылколюбы Voice channel leave: ⎛⎝OzoVeg⎠⎞#5135 (id 310101225444081666)
2018-05-02 10:22:05 #Бутылколюбы Voice channel join: ⎛⎝OzoVeg⎠⎞#5135 (id 310101225444081666)
2018-05-02 10:22:22 #Бутылколюбы Server self-deafen: ⎛⎝OzoVeg⎠⎞#5135 (id 310101225444081666)
2018-05-02 10:22:22 #Бутылколюбы Server self-mute: ⎛⎝OzoVeg⎠⎞#5135 (id 310101225444081666)
2018-05-02 10:29:22 #Бутылколюбы Server self-undeafen: ⎛⎝OzoVeg⎠⎞#5135 (id 310101225444081666)
2018-05-02 10:29:22 #Бутылколюбы Server self-unmute: ⎛⎝OzoVeg⎠⎞#5135 (id 310101225444081666)
2018-05-02 10:30:26 #Бутылколюбы Server self-deafen: ⎛⎝OzoVeg⎠⎞#5135 (id 310101225444081666)
2018-05-02 10:30:26 #Бутылколюбы Server self-mute: ⎛⎝OzoVeg⎠⎞#5135 (id 310101225444081666)
2018-05-02 10:40:31 #Бутылколюбы Server self-undeafen: ⎛⎝OzoVeg⎠⎞#5135 (id 310101225444081666)
2018-05-02 10:40:31 #Бутылколюбы Server self-unmute: ⎛⎝OzoVeg⎠⎞#5135 (id 310101225444081666)
2018-05-02 10:41:13 #Бутылколюбы Voice channel join: Ayana#8911 (id 185476724627210241)
2018-05-02 10:50:50 #Бутылколюбы Voice channel leave: Ayana#8911 (id 185476724627210241)
2018-05-02 10:58:18 #Бутылколюбы Server self-deafen: ⎛⎝OzoVeg⎠⎞#5135 (id 310101225444081666)
2018-05-02 10:58:18 #Бутылколюбы Server self-mute: ⎛⎝OzoVeg⎠⎞#5135 (id 310101225444081666)
2018-05-02 11:01:02 #Бутылколюбы Server self-undeafen: ⎛⎝OzoVeg⎠⎞#5135 (id 310101225444081666)
2018-05-02 11:01:02 #Бутылколюбы Server self-unmute: ⎛⎝OzoVeg⎠⎞#5135 (id 310101225444081666)
2018-05-02 11:05:22 #Бутылколюбы Server self-deafen: ⎛⎝OzoVeg⎠⎞#5135 (id 310101225444081666)
2018-05-02 11:05:22 #Бутылколюбы Server self-mute: ⎛⎝OzoVeg⎠⎞#5135 (id 310101225444081666)
2018-05-02 11:09:11 #Бутылколюбы Voice channel join: Mr_Sm1le_#5756 (id 269874227048480768)
2018-05-02 11:09:24 #Бутылколюбы Voice channel leave: Mr_Sm1le_#5756 (id 269874227048480768)
2018-05-02 11:14:12 #Бутылколюбы Server self-undeafen: ⎛⎝OzoVeg⎠⎞#5135 (id 310101225444081666)
2018-05-02 11:14:12 #Бутылколюбы Server self-unmute: ⎛⎝OzoVeg⎠⎞#5135 (id 310101225444081666)
2018-05-02 11:57:26 #Бутылколюбы Server self-deafen: ⎛⎝OzoVeg⎠⎞#5135 (id 310101225444081666)
2018-05-02 11:57:26 #Бутылколюбы Server self-mute: ⎛⎝OzoVeg⎠⎞#5135 (id 310101225444081666)
2018-05-02 11:57:28 #Бутылколюбы Server self-undeafen: ⎛⎝OzoVeg⎠⎞#5135 (id 310101225444081666)
2018-05-02 11:57:28 #Бутылколюбы Server self-unmute: ⎛⎝OzoVeg⎠⎞#5135 (id 310101225444081666)
2018-05-02 12:03:00 #Бутылколюбы Voice channel leave: Akame#9766 (id 191712693563031552)
2018-05-02 12:03:03 #Бутылколюбы Server self-deafen: ⎛⎝OzoVeg⎠⎞#5135 (id 310101225444081666)
2018-05-02 12:03:03 #Бутылколюбы Server self-mute: ⎛⎝OzoVeg⎠⎞#5135 (id 310101225444081666)
2018-05-02 12:10:50 #Бутылколюбы Voice channel join: whysee#2347 (id 285458299779022848), flags: self_mute
2018-05-02 12:10:52 #Бутылколюбы Server self-unmute: whysee#2347 (id 285458299779022848)
2018-05-02 12:10:55 #Бутылколюбы Server self-undeafen: ⎛⎝OzoVeg⎠⎞#5135 (id 310101225444081666)
2018-05-02 12:10:55 #Бутылколюбы Server self-unmute: ⎛⎝OzoVeg⎠⎞#5135 (id 310101225444081666)
2018-05-02 12:17:38 #Бутылколюбы Server self-mute: whysee#2347 (id 285458299779022848)
2018-05-02 12:18:20 #Бутылколюбы Server self-unmute: whysee#2347 (id 285458299779022848)
2018-05-02 12:18:48 #Бутылколюбы Server self-deafen: ⎛⎝OzoVeg⎠⎞#5135 (id 310101225444081666)
2018-05-02 12:18:48 #Бутылколюбы Server self-mute: ⎛⎝OzoVeg⎠⎞#5135 (id 310101225444081666)
2018-05-02 12:19:29 #Бутылколюбы Server self-undeafen: ⎛⎝OzoVeg⎠⎞#5135 (id 310101225444081666)
2018-05-02 12:19:29 #Бутылколюбы Server self-unmute: ⎛⎝OzoVeg⎠⎞#5135 (id 310101225444081666)
2018-05-02 12:19:31 #Бутылколюбы Server self-mute: whysee#2347 (id 285458299779022848)
2018-05-02 12:19:32 #Бутылколюбы Server self-unmute: whysee#2347 (id 285458299779022848)
2018-05-02 12:26:06 #Бутылколюбы Server self-mute: whysee#2347 (id 285458299779022848)
2018-05-02 12:26:18 #Бутылколюбы Server self-unmute: whysee#2347 (id 285458299779022848)
2018-05-02 12:38:03 #Бутылколюбы Server self-mute: whysee#2347 (id 285458299779022848)
2018-05-02 12:38:31 #Бутылколюбы Server self-unmute: whysee#2347 (id 285458299779022848)
2018-05-02 12:43:39 #Бутылколюбы Server self-mute: whysee#2347 (id 285458299779022848)
2018-05-02 12:44:02 #Бутылколюбы Server self-unmute: whysee#2347 (id 285458299779022848)
2018-05-02 12:58:59 #Бутылколюбы Server self-mute: whysee#2347 (id 285458299779022848)
2018-05-02 12:59:52 #Бутылколюбы Server self-unmute: whysee#2347 (id 285458299779022848)
2018-05-02 12:59:52 #Бутылколюбы Server self-mute: whysee#2347 (id 285458299779022848)
2018-05-02 13:00:13 #Бутылколюбы Server self-unmute: whysee#2347 (id 285458299779022848)
2018-05-02 13:01:28 #Бутылколюбы Server self-mute: whysee#2347 (id 285458299779022848)
2018-05-02 13:01:33 #Бутылколюбы Server self-unmute: whysee#2347 (id 285458299779022848)
2018-05-02 13:07:50 #Бутылколюбы Server self-mute: whysee#2347 (id 285458299779022848)
2018-05-02 13:08:02 #Бутылколюбы Server self-unmute: whysee#2347 (id 285458299779022848)
2018-05-02 13:08:21 #Бутылколюбы Server self-unmute: whysee#2347 (id 285458299779022848)
2018-05-02 13:08:28 #Бутылколюбы Server self-mute: whysee#2347 (id 285458299779022848)
2018-05-02 13:08:38 #Бутылколюбы Server self-unmute: whysee#2347 (id 285458299779022848)
2018-05-02 13:08:47 #Бутылколюбы Server self-mute: whysee#2347 (id 285458299779022848)
2018-05-02 13:09:53 #Бутылколюбы Server self-unmute: whysee#2347 (id 285458299779022848)
2018-05-02 13:27:43 #Бутылколюбы Server self-mute: whysee#2347 (id 285458299779022848)
2018-05-02 13:27:56 #Бутылколюбы Server self-unmute: whysee#2347 (id 285458299779022848)
2018-05-02 13:28:19 #Бутылколюбы Server self-mute: whysee#2347 (id 285458299779022848)
2018-05-02 13:28:27 #Бутылколюбы Server self-unmute: whysee#2347 (id 285458299779022848)
2018-05-02 13:51:35 #Бутылколюбы Voice channel leave: whysee#2347 (id 285458299779022848)
2018-05-02 13:51:43 #Бутылколюбы Voice channel leave: ⎛⎝OzoVeg⎠⎞#5135 (id 310101225444081666)
2018-05-02 19:50:25 #Бутылколюбы Voice channel join: FeZiDa(EscFrmTarkovИщуДрузей)#7499 (id 273514964579516416)
2018-05-02 19:50:27 #Бутылколюбы Voice channel leave: FeZiDa(EscFrmTarkovИщуДрузей)#7499 (id 273514964579516416) moving to 🎤Говорилка🎤
2018-05-02 20:34:11 #Бутылколюбы Voice channel join: Talesfromthebottom#5476 (id 273442184089305088), moved from 🌈Rainbow Six🌈
2018-05-02 20:34:11 #Бутылколюбы Voice channel leave: Talesfromthebottom#5476 (id 273442184089305088) moving to 🌈Rainbow Six🌈
