2018-04-22 17:08:17 #💎 LA GRAN SALA 💎 Voice channel join: vegetto XD#6054 (id 419740281013927957)
2018-04-22 17:08:40 #💎 LA GRAN SALA 💎 Voice channel join: Synapse#0692 (id 435538622293344266)
2018-04-22 17:08:44 #💎 LA GRAN SALA 💎 Voice channel join: Rythm#3722 (id 235088799074484224)
2018-04-22 17:09:56 #💎 LA GRAN SALA 💎 Server mute: Synapse#0692 (id 435538622293344266)
2018-04-22 17:17:49 #💎 LA GRAN SALA 💎 Voice channel leave: vegetto XD#6054 (id 419740281013927957)
2018-04-22 17:27:01 #💎 LA GRAN SALA 💎 Voice channel leave: Rythm#3722 (id 235088799074484224)
2018-04-22 17:32:10 #💎 LA GRAN SALA 💎 Voice channel leave: Synapse#0692 (id 435538622293344266)
2018-04-22 21:02:17 #💎 LA GRAN SALA 💎 Voice channel join: vegetto XD#6054 (id 419740281013927957)
2018-04-22 21:02:31 #💎 LA GRAN SALA 💎 Voice channel join: Synapse#0692 (id 435538622293344266), flags: mute
2018-04-22 21:02:35 #💎 LA GRAN SALA 💎 Voice channel join: Rythm#3722 (id 235088799074484224)
2018-04-22 21:02:42 #💎 LA GRAN SALA 💎 Server unmute: Synapse#0692 (id 435538622293344266)
2018-04-22 21:02:47 #💎 LA GRAN SALA 💎 Server mute: Rythm#3722 (id 235088799074484224)
2018-04-22 21:02:52 #💎 LA GRAN SALA 💎 Server unmute: Rythm#3722 (id 235088799074484224)
2018-04-22 21:03:00 #💎 LA GRAN SALA 💎 Server mute: Synapse#0692 (id 435538622293344266)
2018-04-22 21:04:39 #💎 LA GRAN SALA 💎 Voice channel leave: vegetto XD#6054 (id 419740281013927957)
2018-04-22 21:06:23 #💎 LA GRAN SALA 💎 Voice channel leave: Rythm#3722 (id 235088799074484224)
2018-04-22 21:11:31 #💎 LA GRAN SALA 💎 Voice channel leave: Synapse#0692 (id 435538622293344266)
2018-04-23 18:33:12 #💎 LA GRAN SALA 💎 Voice channel join: vegetto XD#6054 (id 419740281013927957)
2018-04-23 18:33:19 #💎 LA GRAN SALA 💎 Voice channel join: Synapse#0692 (id 435538622293344266), flags: mute
2018-04-23 18:33:20 #💎 LA GRAN SALA 💎 Voice channel join: Rythm#3722 (id 235088799074484224)
2018-04-23 18:34:38 #💎 LA GRAN SALA 💎 Voice channel leave: vegetto XD#6054 (id 419740281013927957)
2018-04-23 18:36:23 #💎 LA GRAN SALA 💎 Voice channel leave: Rythm#3722 (id 235088799074484224)
2018-04-23 18:41:26 #💎 LA GRAN SALA 💎 Voice channel leave: Synapse#0692 (id 435538622293344266)
2018-04-27 18:40:41 #💎 LA GRAN SALA 💎 Voice channel join: vegetto XD#6054 (id 419740281013927957)
2018-04-27 18:41:00 #💎 LA GRAN SALA 💎 Voice channel join: Synapse#0692 (id 435538622293344266), flags: mute
2018-04-27 18:41:01 #💎 LA GRAN SALA 💎 Voice channel join: Rythm#3722 (id 235088799074484224)
2018-04-27 18:42:10 #💎 LA GRAN SALA 💎 Voice channel leave: vegetto XD#6054 (id 419740281013927957)
2018-04-27 18:46:23 #💎 LA GRAN SALA 💎 Voice channel leave: Rythm#3722 (id 235088799074484224)
2018-05-02 18:19:57 #💎 LA GRAN SALA 💎 Voice channel join: vegetto XD#6054 (id 419740281013927957)
2018-05-02 18:20:10 #💎 LA GRAN SALA 💎 Voice channel join: Synapse#0692 (id 435538622293344266), flags: mute
2018-05-02 18:20:11 #💎 LA GRAN SALA 💎 Voice channel join: Rythm#3722 (id 235088799074484224)
2018-05-02 18:20:28 #💎 LA GRAN SALA 💎 Voice channel leave: vegetto XD#6054 (id 419740281013927957)
2018-05-02 18:24:45 #💎 LA GRAN SALA 💎 Voice channel join: vegetto XD#6054 (id 419740281013927957), flags: self_mute
2018-05-02 18:24:46 #💎 LA GRAN SALA 💎 Server self-unmute: vegetto XD#6054 (id 419740281013927957)
2018-05-02 18:25:23 #💎 LA GRAN SALA 💎 Voice channel leave: vegetto XD#6054 (id 419740281013927957)
2018-05-02 18:26:23 #💎 LA GRAN SALA 💎 Voice channel leave: Rythm#3722 (id 235088799074484224)
