2018-04-30 08:42:37 #designer-posts @vitusverden#3005: Jeg laver labymod kapper - kontakt mig vis jeg skal lave en
2018-04-30 08:42:54 #designer-posts @vitusverden#3005: aka laver dem om fra et banner til en kappe
2018-04-30 08:47:53 #designer-posts @Fire#5422: k
2018-04-30 08:48:41 #designer-posts @vitusverden#3005: vil du have en kappe?
2018-04-30 08:48:55 #designer-posts @Fire#5422: Sure
2018-04-30 08:49:08 #designer-posts @vitusverden#3005: altså vis at du har en labymod eller optifine kappe
2018-04-30 08:49:08 #designer-posts @Fire#5422: Men har ikke laby mod eller noget som jeg kan bruge.
2018-04-30 08:49:13 #designer-posts @vitusverden#3005: rip dig
2018-04-30 08:49:15 #designer-posts @Fire#5422: det har jeg ik
2018-04-30 08:49:28 #designer-posts @vitusverden#3005: _purge 7
2018-04-30 08:49:28 #designer-posts @vitusverden#3005 deleted message from 2018-04-30 08:49:28 (_purge 7)
2018-04-30 08:49:28 #designer-posts @Fire#5422 deleted message from 2018-04-30 08:47:53 (k)
2018-04-30 08:49:28 #designer-posts @vitusverden#3005 deleted message from 2018-04-30 08:48:41 (vil du have en kappe?)
2018-04-30 08:49:28 #designer-posts @Fire#5422 deleted message from 2018-04-30 08:48:55 (Sure)
2018-04-30 08:49:28 #designer-posts @vitusverden#3005 deleted message from 2018-04-30 08:49:08 (altså vis at du har en labymod eller optifine kappe)
2018-04-30 08:49:28 #designer-posts @Fire#5422 deleted message from 2018-04-30 08:49:08 (Men har ikke laby mod eller noget som jeg kan bruge.)
2018-04-30 08:49:28 #designer-posts @vitusverden#3005 deleted message from 2018-04-30 08:49:13 (rip dig)
2018-04-30 08:49:28 #designer-posts @Fire#5422 deleted message from 2018-04-30 08:49:15 (det har jeg ik)
2018-04-30 08:49:28 #designer-posts @FlareBot#9232: 
2018-04-30 08:49:28 #designer-posts @FlareBot#9232 edited message from 2018-04-30 08:49:28 () to read: 
2018-04-30 08:49:32 #designer-posts @FlareBot#9232 deleted message from 2018-04-30 08:49:28 ()
2018-04-30 09:36:06 #designer-posts @vitusverden#3005: og fede elytra textures
