2018-04-30 22:58:25 #general @NuKe Fluffy#5050: .multicolor 2 OWNER
2018-04-30 22:58:40 #general @NuKe Fluffy#5050 deleted message from 2018-04-30 22:58:25 (.multicolor 2 OWNER)
2018-05-01 14:41:16 #general @NuKe Fluffy#5050: .multicolor 2 OWNER
2018-05-01 14:41:38 #general @NuKe Fluffy#5050: .multicolor 1 Member
2018-05-01 14:41:48 #general @NuKe Fluffy#5050 deleted message from 2018-05-01 14:41:16 (.multicolor 2 OWNER)
2018-05-01 15:14:16 #general @ashhleeツ#4886: *multicolor 2 OWNER
2018-05-01 15:14:17 #general @NuKe Fluffy#5050: I gave u owner role now fix it for me plz
2018-05-01 15:14:21 #general @ashhleeツ#4886: There ya go
2018-05-01 15:14:30 #general @NuKe Fluffy#5050: Thanks
2018-05-01 15:14:36 #general @ashhleeツ#4886: adioss
2018-05-01 15:15:51 #general @NuKe Fluffy#5050: * multicolor 1 OWNER
2018-05-01 15:33:55 #general @NuKe Fluffy#5050: !clear
2018-05-01 15:33:55 #general @MEE6#4876: Please specify the number of messages to clear <:XMARK6:403540169992568833>.
2018-05-01 15:34:05 #general @NuKe Fluffy#5050: !clear 99999
2018-05-01 15:34:05 #general @NuKe Fluffy#5050 deleted message from 2018-05-01 15:34:05 (!clear 99999)
2018-05-01 15:34:05 #general @NuKe Fluffy#5050 deleted message from 2018-05-01 14:41:38 (.multicolor 1 Member)
2018-05-01 15:34:05 #general @ashhleeツ#4886 deleted message from 2018-05-01 15:14:16 (*multicolor 2 OWNER)
2018-05-01 15:34:05 #general @NuKe Fluffy#5050 deleted message from 2018-05-01 15:14:17 (I gave u owner role now fix it for me plz)
2018-05-01 15:34:05 #general @ashhleeツ#4886 deleted message from 2018-05-01 15:14:21 (There ya go)
2018-05-01 15:34:05 #general @NuKe Fluffy#5050 deleted message from 2018-05-01 15:14:30 (Thanks)
2018-05-01 15:34:05 #general @ashhleeツ#4886 deleted message from 2018-05-01 15:14:36 (adioss)
2018-05-01 15:34:05 #general @NuKe Fluffy#5050 deleted message from 2018-05-01 15:15:51 (* multicolor 1 OWNER)
2018-05-01 15:34:05 #general @NuKe Fluffy#5050 deleted message from 2018-05-01 15:33:55 (!clear)
2018-05-01 15:34:05 #general @MEE6#4876 deleted message from 2018-05-01 15:33:55 (Please specify the number of messages to clear <:XMARK6:403540169992568833>.)
2018-05-01 15:34:05 #general @MEE6#4876: I have deleted `9 messages` for ya! <:SMILE6:403540172433522689>
2018-05-01 15:34:09 #general @MEE6#4876 deleted message from 2018-05-01 15:34:05 (I have deleted `9 messages` for ya! <:SMILE6:403540172433522689>)
