2018-04-27 18:04:32 this bot joined the server
2018-04-27 18:04:32 Role created: 'Synapse' (id 439487024794304528)
2018-04-27 18:04:32 Member role add: 'Synapse' role was added to @Synapse#0692
2018-04-27 18:05:38 Role permissions: 'Ghostplay R2' changed from 268520497 to 268782705
2018-04-27 18:05:38 Role position: 'Gangister' changed from 2 to 3
2018-04-27 18:05:38 Role position: 'Super Veteran' changed from 3 to 4
2018-04-27 18:05:38 Role position: 'Fortnite Bot' changed from 4 to 5
2018-04-27 18:05:38 Role position: 'North Korean' changed from 5 to 6
2018-04-27 18:05:38 Role position: 'BlueBot' changed from 6 to 7
2018-04-27 18:05:38 Role position: 'Veteran Bot' changed from 7 to 8
2018-04-27 18:05:38 Role position: 'Dyno' changed from 8 to 9
2018-04-27 18:05:38 Role position: 'Stupid' changed from 9 to 10
2018-04-27 18:05:38 Role position: 'VIP' changed from 10 to 11
2018-04-27 18:05:38 Role position: 'BOTS' changed from 11 to 12
2018-04-27 18:05:38 Role position: 'DhugDhugley' changed from 12 to 13
2018-04-27 18:05:38 Role position: 'Muted' changed from 13 to 14
2018-04-27 18:05:38 Role position: 'Veteran' changed from 14 to 15
2018-04-27 18:05:38 Role position: '' changed from 15 to 16
2018-04-27 18:05:38 Role position: 'Disco' changed from 16 to 17
2018-04-27 18:05:38 Role renamed: 'Ghostplay R2' to 'GP-Bot'
2018-04-27 18:05:38 Role permissions: 'Ghostplay R2' changed from 268782705 to 268520497
2018-04-27 18:05:43 Role position: 'Gangister' changed from 3 to 2
2018-04-27 18:05:43 Role position: 'Super Veteran' changed from 4 to 3
2018-04-27 18:05:43 Role position: 'Fortnite Bot' changed from 5 to 4
2018-04-27 18:05:43 Role position: 'North Korean' changed from 6 to 5
2018-04-27 18:05:43 Role position: 'BlueBot' changed from 7 to 6
2018-04-27 18:05:43 Role position: 'Veteran Bot' changed from 8 to 7
2018-04-27 18:05:43 Role position: 'Dyno' changed from 9 to 8
2018-04-27 18:05:43 Role position: 'Stupid' changed from 10 to 9
2018-04-27 18:05:43 Role position: 'VIP' changed from 11 to 10
2018-04-27 18:05:43 Role position: 'BOTS' changed from 12 to 11
2018-04-27 18:05:43 Role position: 'DhugDhugley' changed from 13 to 12
2018-04-27 18:05:43 Role position: 'Muted' changed from 14 to 13
2018-04-27 18:05:43 Role position: 'Veteran' changed from 15 to 14
2018-04-27 18:05:43 Role position: '' changed from 16 to 15
2018-04-27 18:05:43 Role position: 'Disco' changed from 17 to 16
2018-04-27 18:05:43 Role position: 'GP-Bot' changed from 2 to 17
2018-04-27 18:06:38 Member leave: @Fortnite Bot#4244 (id 372957548451725322)
2018-04-27 18:06:38 Role deleted: 'Fortnite Bot' (id 425255651308994560)
2018-04-27 18:07:21 Role renamed: 'GP-Bot' to 'Ghostplay RP2'
2018-04-27 18:07:23 Role created: 'new role' (id 439487736827871243)
2018-04-27 18:07:28 Role permissions: 'Synapse' changed from 8 to 262216
2018-04-27 18:07:30 Role renamed: 'new role' to 'GP-Bot'
2018-04-27 18:07:53 Role position: 'Synapse' changed from 2 to 1
2018-04-27 18:07:53 Role position: 'Gangister' changed from 3 to 2
2018-04-27 18:07:53 Role position: 'Super Veteran' changed from 4 to 3
2018-04-27 18:07:53 Role position: 'North Korean' changed from 5 to 4
2018-04-27 18:07:53 Role position: 'BlueBot' changed from 6 to 5
2018-04-27 18:07:53 Role position: 'Veteran Bot' changed from 7 to 6
2018-04-27 18:07:53 Role position: 'Dyno' changed from 8 to 7
2018-04-27 18:07:53 Role position: 'Stupid' changed from 9 to 8
2018-04-27 18:07:53 Role position: 'VIP' changed from 10 to 9
2018-04-27 18:07:53 Role position: 'BOTS' changed from 11 to 10
2018-04-27 18:07:53 Role position: 'DhugDhugley' changed from 12 to 11
2018-04-27 18:07:53 Role position: 'Muted' changed from 13 to 12
2018-04-27 18:07:53 Role position: 'Veteran' changed from 14 to 13
2018-04-27 18:07:53 Role position: '' changed from 15 to 14
2018-04-27 18:07:53 Role position: 'Disco' changed from 16 to 15
2018-04-27 18:07:53 Role position: 'Ghostplay RP2' changed from 17 to 16
2018-04-27 18:07:53 Role mentionable: 'GP-Bot' is now mentionable
2018-04-27 18:07:53 Role hoist: 'GP-Bot' is now shown seperately
2018-04-27 18:07:53 Role permissions: 'GP-Bot' changed from 104320065 to 2146958591
2018-04-27 18:07:53 Role position: 'GP-Bot' changed from 1 to 17
2018-04-27 18:07:53 Role mentionable: 'GP-Bot' is now mentionable
2018-04-27 18:07:53 Role hoist: 'GP-Bot' is now shown seperately
2018-04-27 18:07:53 Role permissions: 'GP-Bot' changed from 104320065 to 2146958591
2018-04-27 18:07:57 Member role add: 'GP-Bot' role was added to @MrPrestage#5442
2018-04-27 18:09:33 Member role remove: The 'GP-Bot' role was removed from @MrPrestage#5442
2018-04-27 18:11:30 Role renamed: '' to 'Owner'
2018-04-27 18:11:37 Member role add: 'GP-Bot' role was added to @Ghostplay R2#1298
2018-04-27 18:17:08 Role mentionable: 'GP-Bot' is no longer mentionable
2018-04-27 18:17:08 Role hoist: 'GP-Bot' is no longer shown seperately
2018-04-27 18:17:39 Role renamed: 'GP-Bot' to 'GP-bot'
2018-04-27 18:57:44 Role deleted: 'Synapse' (id 439487024794304528)
2018-04-27 18:57:44 Member leave: @Synapse#0692 (id 435538622293344266)
2018-04-27 18:57:44 this bot left the server
