2018-04-18 18:38:31 #Testing 4 Voice channel join: eKe_God#7607 (id 298815944065679361)
2018-04-18 18:38:35 #Testing 4 Voice channel leave: eKe_God#7607 (id 298815944065679361)
2018-04-18 20:53:45 #Testing 4 Voice channel join: Erisa#9999 (id 228574821590499329), flags: self_mute
2018-04-18 20:53:48 #Testing 4 Voice channel leave: Erisa#9999 (id 228574821590499329)
2018-04-18 20:57:41 #Testing 4 Voice channel join: AllYourCreeper#5932 (id 382904670634377218)
2018-04-18 20:57:44 #Testing 4 Voice channel leave: AllYourCreeper#5932 (id 382904670634377218)
2018-04-18 21:18:06 #Testing 4 Voice channel join: Vixys#4061 (id 309327923129745409)
2018-04-18 21:18:11 #Testing 4 Voice channel leave: Vixys#4061 (id 309327923129745409)
2018-04-19 03:27:44 #Testing 4 Voice channel join: AsrielDr33murr#4444 (id 194213410613886977), moved from Testing 3
2018-04-19 03:27:46 #Testing 4 Voice channel leave: AsrielDr33murr#4444 (id 194213410613886977)
2018-04-20 08:05:34 #Testing 4 Voice channel join: pke6Bot#7311 (id 330806069137768458)
2018-04-20 08:05:35 #Testing 4 Voice channel leave: pke6Bot#7311 (id 330806069137768458)
2018-04-20 08:08:06 #Testing 4 Voice channel leave: pke6Bot#7311 (id 330806069137768458)
2018-04-20 23:40:29 #Testing 4 Voice channel join: pke6Bot#7311 (id 330806069137768458)
2018-04-20 23:40:30 #Testing 4 Voice channel leave: pke6Bot#7311 (id 330806069137768458)
2018-04-21 10:37:40 #Testing 4 Voice channel join: lllllAugustlllll#2099 (id 355696640184680459), flags: self_mute
2018-04-21 10:37:45 #Testing 4 Voice channel leave: lllllAugustlllll#2099 (id 355696640184680459)
2018-04-21 18:05:31 #Testing 4 Voice channel join: ❥ღVingador👑Solitario👑ღ#3358 (id 414543774585192449)
2018-04-21 18:05:36 #Testing 4 Voice channel leave: ❥ღVingador👑Solitario👑ღ#3358 (id 414543774585192449) moving to Testing
2018-04-22 05:28:47 #Testing 4 Voice channel join: Big 00f™#4591 (id 370983632233299978)
2018-04-22 05:28:53 #Testing 4 Voice channel leave: Big 00f™#4591 (id 370983632233299978)
2018-04-22 10:52:41 #Testing 4 Voice channel join: ลีลี ข้าวสาน#1052 (id 322012166519652353)
2018-04-22 10:52:41 #Testing 4 Server self-mute: ลีลี ข้าวสาน#1052 (id 322012166519652353)
2018-04-22 10:52:42 #Testing 4 Voice channel leave: ลีลี ข้าวสาน#1052 (id 322012166519652353) moving to Music
2018-04-22 13:08:02 #Testing 4 Voice channel join: hanzolo#3246 (id 350709145911033866), moved from Music
2018-04-22 13:09:45 #Testing 4 Server self-deafen: hanzolo#3246 (id 350709145911033866)
2018-04-22 13:09:45 #Testing 4 Server self-mute: hanzolo#3246 (id 350709145911033866)
2018-04-22 13:09:46 #Testing 4 Server self-undeafen: hanzolo#3246 (id 350709145911033866)
2018-04-22 13:09:46 #Testing 4 Server self-unmute: hanzolo#3246 (id 350709145911033866)
2018-04-22 13:09:48 #Testing 4 Server self-deafen: hanzolo#3246 (id 350709145911033866)
2018-04-22 13:09:48 #Testing 4 Server self-mute: hanzolo#3246 (id 350709145911033866)
2018-04-22 13:14:15 #Testing 4 Voice channel leave: hanzolo#3246 (id 350709145911033866)
2018-04-22 14:03:19 #Testing 4 Voice channel join: กัญชาพาเพลิน#1896 (id 271950991107031040), moved from Music
2018-04-22 14:03:22 #Testing 4 Voice channel leave: กัญชาพาเพลิน#1896 (id 271950991107031040) moving to Music
2018-04-22 17:20:47 #Testing 4 Voice channel join: pke6Bot#7311 (id 330806069137768458)
2018-04-22 17:24:04 #Testing 4 Voice channel leave: pke6Bot#7311 (id 330806069137768458)
2018-04-22 18:50:08 #Testing 4 Voice channel leave: Aaron#5789 (id 385869040566009857)
2018-04-22 19:15:21 #Testing 4 Voice channel join: Dimidrie#2187 (id 248520885978267651)
2018-04-22 19:15:22 #Testing 4 Voice channel leave: Dimidrie#2187 (id 248520885978267651)
2018-04-23 01:42:20 #Testing 4 Voice channel join: norac#9654 (id 259037874786271242), moved from Music
2018-04-23 01:42:20 #Testing 4 Voice channel leave: norac#9654 (id 259037874786271242) moving to Testing 2
2018-04-23 04:29:42 #Testing 4 Voice channel join: Cyl#9466 (id 364156070475726851)
2018-04-23 04:33:50 #Testing 4 Voice channel leave: Cyl#9466 (id 364156070475726851)
2018-04-23 04:36:06 #Testing 4 Voice channel join: meister#7070 (id 237915052236079104)
2018-04-23 04:36:15 #Testing 4 Voice channel join: Sandra#6680 (id 302915036492333067)
2018-04-23 04:55:13 #Testing 4 Voice channel join: нσяιzσи™#1000 (id 165769147647524864)
2018-04-23 05:02:04 #Testing 4 Voice channel leave: нσяιzσи™#1000 (id 165769147647524864)
2018-04-23 05:30:11 #Testing 4 Server self-deafen: meister#7070 (id 237915052236079104)
2018-04-23 05:30:11 #Testing 4 Server self-mute: meister#7070 (id 237915052236079104)
2018-04-23 05:30:38 #Testing 4 Server self-undeafen: meister#7070 (id 237915052236079104)
2018-04-23 05:30:38 #Testing 4 Server self-unmute: meister#7070 (id 237915052236079104)
2018-04-23 05:55:13 #Testing 4 Voice channel leave: meister#7070 (id 237915052236079104)
2018-04-23 05:55:16 #Testing 4 Voice channel join: meister#7070 (id 237915052236079104)
2018-04-23 06:44:03 #Testing 4 Voice channel join: Timo Halofan#7092 (id 176814930605899778), flags: self_mute
2018-04-23 06:46:57 #Testing 4 Server self-deafen: Timo Halofan#7092 (id 176814930605899778)
2018-04-23 06:47:42 #Testing 4 Voice channel join: нσяιzσи™#1000 (id 165769147647524864)
2018-04-23 06:49:11 #Testing 4 Server self-undeafen: Timo Halofan#7092 (id 176814930605899778)
2018-04-23 06:51:10 #Testing 4 Server self-deafen: Timo Halofan#7092 (id 176814930605899778)
2018-04-23 06:51:23 #Testing 4 Voice channel leave: нσяιzσи™#1000 (id 165769147647524864)
2018-04-23 06:51:52 #Testing 4 Server self-undeafen: Timo Halofan#7092 (id 176814930605899778)
2018-04-23 06:53:19 #Testing 4 Server self-unmute: Timo Halofan#7092 (id 176814930605899778)
2018-04-23 06:53:20 #Testing 4 Server self-mute: Timo Halofan#7092 (id 176814930605899778)
2018-04-23 06:53:21 #Testing 4 Server self-deafen: Timo Halofan#7092 (id 176814930605899778)
2018-04-23 06:57:28 #Testing 4 Server self-undeafen: Timo Halofan#7092 (id 176814930605899778)
2018-04-23 06:59:47 #Testing 4 Server self-deafen: Timo Halofan#7092 (id 176814930605899778)
2018-04-23 06:59:50 #Testing 4 Server self-undeafen: Timo Halofan#7092 (id 176814930605899778)
2018-04-23 07:20:16 #Testing 4 Voice channel join: The devil of death#2515 (id 388895113138667521), flags: self_mute
2018-04-23 07:20:27 #Testing 4 Voice channel leave: The devil of death#2515 (id 388895113138667521)
2018-04-23 07:57:43 #Testing 4 Voice channel join: нσяιzσи™#1000 (id 165769147647524864)
2018-04-23 07:59:05 #Testing 4 Voice channel leave: нσяιzσи™#1000 (id 165769147647524864)
2018-04-23 09:32:09 #Testing 4 Voice channel join: الاسطرره#8550 (id 437903667027378177), moved from Music
2018-04-23 09:32:23 #Testing 4 Voice channel leave: الاسطرره#8550 (id 437903667027378177)
2018-04-23 10:55:42 #Testing 4 Server self-unmute: Timo Halofan#7092 (id 176814930605899778)
2018-04-23 10:55:45 #Testing 4 Server self-mute: Timo Halofan#7092 (id 176814930605899778)
2018-04-23 11:22:41 #Testing 4 Voice channel join: prphurich_#6103 (id 290818553328828416), flags: self_mute
2018-04-23 11:22:47 #Testing 4 Server self-unmute: prphurich_#6103 (id 290818553328828416)
2018-04-23 11:22:51 #Testing 4 Voice channel leave: prphurich_#6103 (id 290818553328828416) moving to Testing 3
2018-04-23 11:23:39 #Testing 4 Voice channel join: RGaming#0841 (id 308083054818361346), flags: self_mute
2018-04-23 11:24:08 #Testing 4 Voice channel leave: RGaming#0841 (id 308083054818361346)
2018-04-23 11:39:53 #Testing 4 Voice channel join: Hugniv Gamer#4853 (id 384050216313159681), flags: self_mute
2018-04-23 11:40:00 #Testing 4 Voice channel leave: Hugniv Gamer#4853 (id 384050216313159681)
2018-04-23 12:23:17 #Testing 4 Voice channel join: apollo#9292 (id 233064645571772419), flags: self_mute
2018-04-23 12:24:15 #Testing 4 Voice channel join: MNEZE#2450 (id 364404378880311296)
2018-04-23 12:25:13 #Testing 4 Voice channel leave: MNEZE#2450 (id 364404378880311296)
2018-04-23 12:26:20 #Testing 4 Voice channel leave: apollo#9292 (id 233064645571772419)
2018-04-23 12:45:13 #Testing 4 Voice channel join: NikePulli | xXKing66Xx#5114 (id 437695409314463754)
2018-04-23 12:45:38 #Testing 4 Voice channel leave: NikePulli | xXKing66Xx#5114 (id 437695409314463754)
2018-04-23 12:51:48 #Testing 4 Voice channel join: Even | Just King#9999 (id 288705734332645377), moved from Testing 3, flags: self_mute
2018-04-23 12:52:52 #Testing 4 Voice channel leave: Even | Just King#9999 (id 288705734332645377)
2018-04-23 12:55:37 #Testing 4 Voice channel leave: meister#7070 (id 237915052236079104)
2018-04-23 12:55:38 #Testing 4 Voice channel join: meister#7070 (id 237915052236079104)
2018-04-23 13:04:32 #Testing 4 Voice channel leave: meister#7070 (id 237915052236079104)
2018-04-23 13:06:59 #Testing 4 Voice channel join: meister#7070 (id 237915052236079104)
2018-04-23 13:10:56 #Testing 4 Voice channel join: Mř_M4vM#4505 (id 324485535064129537), flags: self_mute
2018-04-23 13:11:16 #Testing 4 Voice channel leave: Mř_M4vM#4505 (id 324485535064129537)
2018-04-23 13:40:46 #Testing 4 Server self-deafen: meister#7070 (id 237915052236079104)
2018-04-23 13:47:01 #Testing 4 Voice channel join: ƬψƬ тαнιя#4167 (id 435127653708595221)
2018-04-23 13:47:03 #Testing 4 Voice channel leave: ƬψƬ тαнιя#4167 (id 435127653708595221)
2018-04-23 13:47:08 #Testing 4 Voice channel join: ƬψƬ тαнιя#4167 (id 435127653708595221)
2018-04-23 13:47:39 #Testing 4 Server self-mute: ƬψƬ тαнιя#4167 (id 435127653708595221)
2018-04-23 13:47:41 #Testing 4 Server self-unmute: ƬψƬ тαнιя#4167 (id 435127653708595221)
2018-04-23 13:47:42 #Testing 4 Voice channel leave: ƬψƬ тαнιя#4167 (id 435127653708595221)
2018-04-23 14:06:03 #Testing 4 Voice channel join: AGENTDEVIL#7179 (id 387199967317590016), flags: self_mute
2018-04-23 14:06:08 #Testing 4 Server self-unmute: AGENTDEVIL#7179 (id 387199967317590016)
2018-04-23 14:06:46 #Testing 4 Voice channel leave: AGENTDEVIL#7179 (id 387199967317590016) moving to Music
2018-04-23 14:19:05 #Testing 4 Voice channel leave: meister#7070 (id 237915052236079104)
2018-04-23 14:22:36 #Testing 4 Voice channel join: meister#7070 (id 237915052236079104), flags: self_deaf
2018-04-23 14:23:33 #Testing 4 Server self-undeafen: meister#7070 (id 237915052236079104)
2018-04-23 14:29:15 #Testing 4 Server self-deafen: meister#7070 (id 237915052236079104)
2018-04-23 14:29:26 #Testing 4 Server self-undeafen: meister#7070 (id 237915052236079104)
2018-04-23 15:09:02 #Testing 4 Voice channel leave: Timo Halofan#7092 (id 176814930605899778)
2018-04-23 15:18:15 #Testing 4 Voice channel join: The tank Flo#2192 (id 247040823399546880), moved from Testing 3
2018-04-23 15:18:17 #Testing 4 Voice channel leave: The tank Flo#2192 (id 247040823399546880) moving to Testing
2018-04-23 15:24:18 #Testing 4 Voice channel join: I Radu#5443 (id 429914489429950474), moved from Testing
2018-04-23 15:24:33 #Testing 4 Voice channel leave: I Radu#5443 (id 429914489429950474)
2018-04-23 15:26:43 #Testing 4 Voice channel leave: meister#7070 (id 237915052236079104)
2018-04-23 15:27:50 #Testing 4 Voice channel join: meister#7070 (id 237915052236079104)
2018-04-23 15:31:29 #Testing 4 Voice channel leave: meister#7070 (id 237915052236079104)
2018-04-23 15:31:42 #Testing 4 Voice channel join: meister#7070 (id 237915052236079104)
2018-04-23 15:34:47 #Testing 4 Voice channel join: {Air-H} Hopeless#3882 (id 220217382524813312), moved from Testing 2
2018-04-23 15:35:19 #Testing 4 Voice channel leave: {Air-H} Hopeless#3882 (id 220217382524813312) moving to Testing
2018-04-23 18:15:41 #Testing 4 Voice channel join: pke6Bot#7311 (id 330806069137768458)
2018-04-23 18:18:36 #Testing 4 Voice channel leave: pke6Bot#7311 (id 330806069137768458)
2018-04-23 21:21:49 #Testing 4 Voice channel join: CHIKEN GOD#1373 (id 407310153587752971)
2018-04-23 21:23:32 #Testing 4 Voice channel leave: CHIKEN GOD#1373 (id 407310153587752971) moving to Testing 2
2018-04-24 13:18:17 #Testing 4 Voice channel join: I Radu#5443 (id 429914489429950474), moved from Testing 3
2018-04-24 13:18:19 #Testing 4 Voice channel leave: I Radu#5443 (id 429914489429950474) moving to Testing 3
2018-04-24 18:56:00 #Testing 4 Voice channel join: abalabahaha#9421 (id 150061853001777154), flags: self_mute
2018-04-24 18:56:00 #Testing 4 Server self-unmute: abalabahaha#9421 (id 150061853001777154)
2018-04-24 18:56:03 #Testing 4 Server self-mute: abalabahaha#9421 (id 150061853001777154)
2018-04-24 18:56:09 #Testing 4 Voice channel join: Abal the Loli Breathing Bot#2172 (id 414706059148525569)
2018-04-24 18:57:39 #Testing 4 Voice channel leave: abalabahaha#9421 (id 150061853001777154)
2018-04-24 18:57:50 #Testing 4 Voice channel join: NicksWorld#7453 (id 292377829105205249), flags: self_mute
2018-04-24 18:57:52 #Testing 4 Voice channel leave: NicksWorld#7453 (id 292377829105205249)
2018-04-24 19:09:04 #Testing 4 Voice channel leave: Abal the Loli Breathing Bot#2172 (id 414706059148525569) moving to Music
2018-04-24 21:16:53 #Testing 4 Voice channel join: jhmaster2000ا1337#4367 (id 239457287704412160)
2018-04-24 21:16:55 #Testing 4 Server self-mute: jhmaster2000ا1337#4367 (id 239457287704412160)
2018-04-24 21:17:01 #Testing 4 Server self-unmute: jhmaster2000ا1337#4367 (id 239457287704412160)
2018-04-24 21:17:02 #Testing 4 Server self-mute: jhmaster2000ا1337#4367 (id 239457287704412160)
2018-04-24 21:22:08 #Testing 4 Voice channel join: WestEUspy#6020 (id 336978244471488523)
2018-04-24 21:22:11 #Testing 4 Server self-mute: WestEUspy#6020 (id 336978244471488523)
2018-04-24 21:22:14 #Testing 4 Voice channel leave: jhmaster2000ا1337#4367 (id 239457287704412160)
2018-04-24 21:24:57 #Testing 4 Voice channel leave: WestEUspy#6020 (id 336978244471488523)
2018-04-24 21:27:28 #Testing 4 Voice channel join: snarkyllama#4331 (id 387043512232968193), flags: self_mute
2018-04-24 21:27:35 #Testing 4 Voice channel leave: snarkyllama#4331 (id 387043512232968193)
2018-04-25 00:11:52 #Testing 4 Voice channel join: Xamtheking#2099 (id 107563269484490752)
2018-04-25 00:11:54 #Testing 4 Voice channel join: Phoenix#0098 (id 429016169991634947)
2018-04-25 00:12:54 #Testing 4 Voice channel join: Luke#6723 (id 116930717241311236)
2018-04-25 00:13:24 #Testing 4 Voice channel leave: Luke#6723 (id 116930717241311236)
2018-04-25 00:13:26 #Testing 4 Voice channel leave: Xamtheking#2099 (id 107563269484490752)
2018-04-25 00:24:01 #Testing 4 Voice channel join: Facundo Games YT#6572 (id 431279549825810433), flags: self_deaf,self_mute
2018-04-25 00:24:38 #Testing 4 Voice channel leave: Facundo Games YT#6572 (id 431279549825810433)
2018-04-25 02:40:01 #Testing 4 Voice channel join: Falkery#7486 (id 275108576165494786)
2018-04-25 02:40:04 #Testing 4 Voice channel leave: Falkery#7486 (id 275108576165494786)
2018-04-25 04:29:01 #Testing 4 Voice channel leave: Phoenix#0098 (id 429016169991634947)
2018-04-25 05:45:44 #Testing 4 Voice channel join: Julia#0001 (id 155490847494897664)
2018-04-25 05:45:54 #Testing 4 Voice channel join: Akane#1166 (id 429307263040356363)
2018-04-25 05:46:03 #Testing 4 Voice channel leave: Julia#0001 (id 155490847494897664)
2018-04-25 05:46:05 #Testing 4 Voice channel join: Swifx#0001 (id 207740908941082624), moved from Testing 3, flags: self_mute
2018-04-25 05:46:51 #Testing 4 Voice channel leave: Akane#1166 (id 429307263040356363)
2018-04-25 05:47:08 #Testing 4 Voice channel leave: Swifx#0001 (id 207740908941082624) moving to Testing 3
2018-04-25 06:06:00 #Testing 4 Voice channel join: Julia#0001 (id 155490847494897664)
2018-04-25 06:06:49 #Testing 4 Voice channel join: Astrid#8800 (id 429408210299125791)
2018-04-25 06:06:56 #Testing 4 Voice channel join: Oxylibrium#7680 (id 181353804266995713), flags: self_mute
2018-04-25 06:10:22 #Testing 4 Voice channel join: Sarashaska#5704 (id 407258839772168202), flags: self_mute
2018-04-25 06:10:23 #Testing 4 Voice channel leave: Julia#0001 (id 155490847494897664)
2018-04-25 06:10:25 #Testing 4 Voice channel leave: Sarashaska#5704 (id 407258839772168202)
2018-04-25 06:20:12 #Testing 4 Voice channel join: UğurDemirel/17#2280 (id 303940305718345728), moved from Music 2, flags: self_mute
2018-04-25 06:20:14 #Testing 4 Voice channel leave: UğurDemirel/17#2280 (id 303940305718345728) moving to Testing 3
2018-04-25 06:58:02 #Testing 4 Voice channel leave: Oxylibrium#7680 (id 181353804266995713)
2018-04-25 07:07:42 #Testing 4 Voice channel join: Julia#0001 (id 155490847494897664)
2018-04-25 07:08:17 #Testing 4 Voice channel join: ChoqueBot#4152 (id 431889217795129355)
2018-04-25 07:09:04 #Testing 4 Voice channel join: Ovyerus#2211 (id 99742488666845184)
2018-04-25 07:09:09 #Testing 4 Server self-mute: Ovyerus#2211 (id 99742488666845184)
2018-04-25 07:09:38 #Testing 4 Voice channel leave: ChoqueBot#4152 (id 431889217795129355)
2018-04-25 07:09:38 #Testing 4 Server self-unmute: Ovyerus#2211 (id 99742488666845184)
2018-04-25 07:09:53 #Testing 4 Voice channel join: ChoqueBot#4152 (id 431889217795129355)
2018-04-25 07:10:41 #Testing 4 Voice channel leave: Ovyerus#2211 (id 99742488666845184)
2018-04-25 07:12:20 #Testing 4 Voice channel join: nectar#1385 (id 413143522158575620)
2018-04-25 07:12:21 #Testing 4 Server self-mute: nectar#1385 (id 413143522158575620)
2018-04-25 07:12:33 #Testing 4 Voice channel leave: nectar#1385 (id 413143522158575620)
2018-04-25 07:13:21 #Testing 4 Voice channel leave: ChoqueBot#4152 (id 431889217795129355)
2018-04-25 07:13:23 #Testing 4 Voice channel leave: Julia#0001 (id 155490847494897664)
2018-04-25 08:18:49 #Testing 4 Voice channel join: Rizky-VVIP#9479 (id 436146807006035970)
2018-04-25 08:19:38 #Testing 4 Voice channel leave: Rizky-VVIP#9479 (id 436146807006035970)
2018-04-25 08:27:24 #Testing 4 Voice channel leave: Astrid#8800 (id 429408210299125791)
2018-04-25 09:21:04 #Testing 4 Voice channel join: Julia#0001 (id 155490847494897664)
2018-04-25 09:22:28 #Testing 4 Voice channel join: Spiralce#1995 (id 305220796568174594)
2018-04-25 09:22:37 #Testing 4 Voice channel leave: Spiralce#1995 (id 305220796568174594)
2018-04-25 09:22:45 #Testing 4 Server self-mute: Julia#0001 (id 155490847494897664)
2018-04-25 09:23:12 #Testing 4 Voice channel join: 123silly#0001 (id 395954014715510784)
2018-04-25 09:23:12 #Testing 4 Server self-mute: 123silly#0001 (id 395954014715510784)
2018-04-25 09:23:15 #Testing 4 Voice channel join: Platinium#9670 (id 433688127798902797)
2018-04-25 09:26:28 #Testing 4 Voice channel leave: Platinium#9670 (id 433688127798902797)
2018-04-25 09:26:30 #Testing 4 Voice channel leave: 123silly#0001 (id 395954014715510784)
2018-04-25 09:26:31 #Testing 4 Voice channel leave: Julia#0001 (id 155490847494897664)
2018-04-25 09:47:54 #Testing 4 Voice channel join: Ryslan#2725 (id 438629622079291392)
2018-04-25 09:50:02 #Testing 4 Voice channel leave: Ryslan#2725 (id 438629622079291392) moving to Testing 2
2018-04-25 11:12:35 #Testing 4 Voice channel join: PikaDude#0001 (id 151916651988647936)
2018-04-25 11:12:36 #Testing 4 Server self-mute: PikaDude#0001 (id 151916651988647936)
2018-04-25 11:12:37 #Testing 4 Server self-unmute: PikaDude#0001 (id 151916651988647936)
2018-04-25 11:12:43 #Testing 4 Voice channel join: 真・淫夢ボット#6496 (id 431721875295436801)
2018-04-25 11:12:47 #Testing 4 Voice channel leave: 真・淫夢ボット#6496 (id 431721875295436801)
2018-04-25 11:13:13 #Testing 4 Voice channel join: 真・淫夢ボット#6496 (id 431721875295436801)
2018-04-25 11:13:17 #Testing 4 Voice channel leave: 真・淫夢ボット#6496 (id 431721875295436801)
2018-04-25 11:13:28 #Testing 4 Voice channel join: 真・淫夢ボット#6496 (id 431721875295436801)
2018-04-25 11:13:32 #Testing 4 Voice channel leave: 真・淫夢ボット#6496 (id 431721875295436801)
2018-04-25 11:13:59 #Testing 4 Voice channel join: 真・淫夢ボット#6496 (id 431721875295436801)
2018-04-25 11:14:03 #Testing 4 Voice channel leave: 真・淫夢ボット#6496 (id 431721875295436801)
2018-04-25 11:14:07 #Testing 4 Voice channel join: 真・淫夢ボット#6496 (id 431721875295436801)
2018-04-25 11:14:18 #Testing 4 Voice channel leave: 真・淫夢ボット#6496 (id 431721875295436801)
2018-04-25 11:14:19 #Testing 4 Voice channel join: 真・淫夢ボット#6496 (id 431721875295436801)
2018-04-25 11:14:23 #Testing 4 Voice channel leave: 真・淫夢ボット#6496 (id 431721875295436801)
2018-04-25 11:14:44 #Testing 4 Voice channel join: 真・淫夢ボット#6496 (id 431721875295436801)
2018-04-25 11:14:47 #Testing 4 Voice channel leave: 真・淫夢ボット#6496 (id 431721875295436801)
2018-04-25 11:14:56 #Testing 4 Server self-mute: PikaDude#0001 (id 151916651988647936)
2018-04-25 11:19:12 #Testing 4 Voice channel join: 真・淫夢ボット#6496 (id 431721875295436801)
2018-04-25 11:19:17 #Testing 4 Voice channel leave: 真・淫夢ボット#6496 (id 431721875295436801)
2018-04-25 11:19:17 #Testing 4 Voice channel leave: PikaDude#0001 (id 151916651988647936)
2018-04-26 08:43:29 #Testing 4 Voice channel leave: Monica#5734 (id 81062087257755648)
2018-04-26 17:23:38 #Testing 4 Voice channel join: 🔥₳ℝ✞∪ℝ🔥#6110 (id 307900401095671808)
2018-04-26 17:23:41 #Testing 4 Voice channel leave: 🔥₳ℝ✞∪ℝ🔥#6110 (id 307900401095671808)
2018-04-26 18:40:18 #Testing 4 Voice channel join: Ibaez#8426 (id 439130436732452868), moved from Testing, flags: self_mute
2018-04-26 18:40:18 #Testing 4 Voice channel join: Ibaez#8426 (id 439130436732452868), moved from Testing 2, flags: self_mute
2018-04-26 18:40:18 #Testing 4 Voice channel join: Ibaez#8426 (id 439130436732452868), moved from Testing 3, flags: self_mute
2018-04-26 18:40:40 #Testing 4 Voice channel leave: Ibaez#8426 (id 439130436732452868) moving to General (no bots)
2018-04-26 21:42:22 #Testing 4 Voice channel join: Malotru#0919 (id 170267013472583680), flags: self_mute
2018-04-26 21:42:22 #Testing 4 Voice channel leave: Malotru#0919 (id 170267013472583680)
2018-04-27 12:08:39 #Testing 4 Voice channel join: Aquarius#4273 (id 249602713074008075)
2018-04-27 12:08:43 #Testing 4 Voice channel leave: Aquarius#4273 (id 249602713074008075)
2018-04-27 19:48:25 #Testing 4 Voice channel join: R.BeastBrook#7462 (id 105069106008481792), flags: self_mute
2018-04-27 19:48:30 #Testing 4 Voice channel join: Sketch Bot#9004 (id 369865463670374400)
2018-04-27 19:48:32 #Testing 4 Voice channel join: Clarity#0735 (id 174202555981758464)
2018-04-27 19:48:44 #Testing 4 Voice channel join: Dyno#3861 (id 155149108183695360)
2018-04-27 19:48:44 #Testing 4 Voice channel join: Musika#1414 (id 431311040463110166)
2018-04-27 19:48:46 #Testing 4 Voice channel join: Astolfo#0628 (id 326750725084282881)
2018-04-27 19:49:49 #Testing 4 Voice channel leave: Musika#1414 (id 431311040463110166)
2018-04-27 19:49:57 #Testing 4 Voice channel leave: Sketch Bot#9004 (id 369865463670374400)
2018-04-27 19:49:57 #Testing 4 Voice channel leave: Astolfo#0628 (id 326750725084282881)
2018-04-27 19:50:12 #Testing 4 Voice channel leave: R.BeastBrook#7462 (id 105069106008481792) moving to Testing 3
2018-04-27 19:50:12 #Testing 4 Voice channel join: R.BeastBrook#7462 (id 105069106008481792), moved from Testing 3, flags: self_mute
2018-04-27 19:50:23 #Testing 4 Voice channel join: Marv#7254 (id 234395307759108106)
2018-04-27 19:50:51 #Testing 4 Server self-unmute: R.BeastBrook#7462 (id 105069106008481792)
2018-04-27 19:51:14 #Testing 4 Voice channel leave: R.BeastBrook#7462 (id 105069106008481792)
2018-04-27 19:55:23 #Testing 4 Voice channel leave: Marv#7254 (id 234395307759108106)
2018-04-27 20:01:11 #Testing 4 Voice channel join: uZuN SaÇLı KeL#9253 (id 302803578081509377)
2018-04-27 20:01:16 #Testing 4 Voice channel leave: uZuN SaÇLı KeL#9253 (id 302803578081509377)
2018-04-27 21:01:14 #Testing 4 Voice channel leave: Dyno#3861 (id 155149108183695360)
2018-04-27 21:02:43 #Testing 4 Voice channel leave: Clarity#0735 (id 174202555981758464)
2018-04-28 04:53:09 #Testing 4 Voice channel join: BulletMemes#8009 (id 199417447424458762)
2018-04-28 04:53:10 #Testing 4 Voice channel leave: BulletMemes#8009 (id 199417447424458762)
2018-04-28 05:41:52 #Testing 4 Voice channel join: cerealkiller1918#1787 (id 268113624843681792), moved from Testing
2018-04-28 05:41:52 #Testing 4 Voice channel leave: cerealkiller1918#1787 (id 268113624843681792) moving to Music
2018-04-28 11:40:19 #Testing 4 Voice channel join: Ford#6803 (id 398862764367413258), moved from General (no bots), flags: self_mute
2018-04-28 11:40:20 #Testing 4 Server self-unmute: Ford#6803 (id 398862764367413258)
2018-04-28 11:40:51 #Testing 4 Voice channel leave: Ford#6803 (id 398862764367413258) moving to Music 2
