2018-04-27 21:58:57 #LoL Voice channel join: miaarlene#1149 (id 350858307155656724)
2018-04-27 21:59:00 #LoL Voice channel join: rual#2354 (id 385944372203487232)
2018-04-27 21:59:30 #LoL Voice channel join: Phimatic#7860 (id 130392759667392512)
2018-04-27 22:00:19 #LoL Server self-mute: rual#2354 (id 385944372203487232)
2018-04-27 22:00:22 #LoL Server self-deafen: rual#2354 (id 385944372203487232)
2018-04-27 22:00:26 #LoL Voice channel join: Just Latte#9386 (id 265844725678997505), flags: self_mute
2018-04-27 22:01:01 #LoL Server self-unmute: Just Latte#9386 (id 265844725678997505)
2018-04-27 22:01:05 #LoL Server self-mute: Just Latte#9386 (id 265844725678997505)
2018-04-27 22:03:10 #LoL Server self-unmute: Just Latte#9386 (id 265844725678997505)
2018-04-27 22:03:31 #LoL Server self-mute: Just Latte#9386 (id 265844725678997505)
2018-04-27 22:03:57 #LoL Voice channel leave: Just Latte#9386 (id 265844725678997505)
2018-04-27 22:06:37 #LoL Voice channel leave: miaarlene#1149 (id 350858307155656724)
2018-04-27 22:06:40 #LoL Voice channel leave: Phimatic#7860 (id 130392759667392512)
2018-04-27 22:24:02 #LoL Server self-undeafen: rual#2354 (id 385944372203487232)
2018-04-27 22:24:03 #LoL Server self-unmute: rual#2354 (id 385944372203487232)
2018-04-27 22:24:19 #LoL Voice channel leave: rual#2354 (id 385944372203487232)
2018-04-30 21:57:50 #LoL Voice channel join: Wesley#7234 (id 201037029083971584), moved from League One
2018-04-30 21:57:51 #LoL Voice channel join: Nic#8163 (id 254460591228452865), moved from League One
2018-04-30 21:59:23 #LoL Voice channel join: Synapse#0692 (id 435538622293344266)
2018-04-30 21:59:24 #LoL Voice channel join: Rythm#3722 (id 235088799074484224)
2018-04-30 22:10:15 #LoL Server self-mute: Wesley#7234 (id 201037029083971584)
2018-04-30 22:10:34 #LoL Server self-unmute: Wesley#7234 (id 201037029083971584)
2018-04-30 22:28:51 #LoL Server self-mute: Wesley#7234 (id 201037029083971584)
2018-04-30 22:29:14 #LoL Server self-deafen: Wesley#7234 (id 201037029083971584)
2018-04-30 22:29:14 #LoL Server self-undeafen: Wesley#7234 (id 201037029083971584)
2018-04-30 22:29:15 #LoL Server self-unmute: Wesley#7234 (id 201037029083971584)
2018-04-30 22:32:58 #LoL Server self-mute: Wesley#7234 (id 201037029083971584)
2018-04-30 22:33:00 #LoL Server self-unmute: Wesley#7234 (id 201037029083971584)
2018-04-30 22:37:27 #LoL Voice channel join: SyrupSandwichMan99#6005 (id 214008526039810048)
2018-04-30 22:42:35 #LoL Voice channel join: mikemik#1667 (id 132931486390288384)
2018-04-30 22:42:47 #LoL Server self-mute: Wesley#7234 (id 201037029083971584)
2018-04-30 22:42:49 #LoL Voice channel leave: mikemik#1667 (id 132931486390288384)
2018-04-30 22:42:55 #LoL Voice channel join: Just Latte#9386 (id 265844725678997505)
2018-04-30 22:42:59 #LoL Server self-mute: Just Latte#9386 (id 265844725678997505)
2018-04-30 22:43:02 #LoL Server self-unmute: Wesley#7234 (id 201037029083971584)
2018-04-30 22:43:10 #LoL Server self-mute: Wesley#7234 (id 201037029083971584)
2018-04-30 22:43:32 #LoL Voice channel leave: Just Latte#9386 (id 265844725678997505)
2018-04-30 22:43:47 #LoL Voice channel join: Just Latte#9386 (id 265844725678997505), flags: self_mute
2018-04-30 22:44:23 #LoL Voice channel join: mikemik#1667 (id 132931486390288384)
2018-04-30 22:44:38 #LoL Server self-unmute: Wesley#7234 (id 201037029083971584)
2018-04-30 22:44:39 #LoL Voice channel leave: mikemik#1667 (id 132931486390288384)
2018-04-30 22:44:46 #LoL Server self-unmute: Just Latte#9386 (id 265844725678997505)
2018-04-30 22:44:49 #LoL Server self-mute: Just Latte#9386 (id 265844725678997505)
2018-04-30 22:45:17 #LoL Server self-unmute: Just Latte#9386 (id 265844725678997505)
2018-04-30 22:45:23 #LoL Server self-unmute: Just Latte#9386 (id 265844725678997505)
2018-04-30 22:45:46 #LoL Server self-mute: Just Latte#9386 (id 265844725678997505)
2018-04-30 22:46:00 #LoL Server self-unmute: Just Latte#9386 (id 265844725678997505)
2018-04-30 22:46:16 #LoL Server self-mute: Just Latte#9386 (id 265844725678997505)
2018-04-30 22:46:17 #LoL Voice channel leave: Just Latte#9386 (id 265844725678997505)
2018-04-30 22:48:56 #LoL Voice channel join: TomBot#6419 (id 346577085155901451)
2018-04-30 22:49:08 #LoL Server mute: Rythm#3722 (id 235088799074484224)
2018-04-30 23:06:39 #LoL Voice channel leave: Rythm#3722 (id 235088799074484224)
2018-04-30 23:17:57 #LoL Voice channel leave: SyrupSandwichMan99#6005 (id 214008526039810048)
2018-04-30 23:19:52 #LoL Voice channel leave: Wesley#7234 (id 201037029083971584)
2018-04-30 23:19:56 #LoL Voice channel leave: Nic#8163 (id 254460591228452865)
2018-04-30 23:26:19 #LoL Voice channel leave: TomBot#6419 (id 346577085155901451)
2018-04-30 23:31:23 #LoL Voice channel leave: Synapse#0692 (id 435538622293344266)
2018-05-02 23:19:50 #LoL Voice channel join: ' SushiCat 🍣#0001 (id 110163343150456832)
2018-05-02 23:19:50 #LoL Voice channel join: N.#8163 (id 254460591228452865)
2018-05-02 23:19:50 #LoL Voice channel join: ' SushiCat 🍣#0001 (id 110163343150456832), moved from League One
2018-05-02 23:25:26 #LoL Voice channel leave: N.#8163 (id 254460591228452865)
2018-05-02 23:25:26 #LoL Voice channel leave: ' SushiCat 🍣#0001 (id 110163343150456832)
