2018-04-27 21:02:21 #radio @~Nicole~#8163: !play you are got7
2018-04-27 21:02:21 #radio @Rythm#3722: <:youtube:335112740957978625> **Searching** 🔎 `you are got7`
2018-04-27 21:02:21 #radio @TomBot#6419: 
2018-04-27 21:02:23 #radio @TomBot#6419 edited message from 2018-04-27 21:02:21 () to read: 
2018-04-27 21:02:22 #radio @Rythm#3722: **Playing** 🎶 `GOT7 "You Are” M/V` - Now!
2018-04-27 21:02:31 #radio @~Nicole~#8163: !play got7 look
2018-04-27 21:02:31 #radio @Rythm#3722: <:youtube:335112740957978625> **Searching** 🔎 `got7 look`
2018-04-27 21:02:31 #radio @TomBot#6419: 
2018-04-27 21:02:32 #radio @TomBot#6419 edited message from 2018-04-27 21:02:31 () to read: 
2018-04-27 21:02:32 #radio @Rythm#3722: 
2018-04-27 21:02:32 #radio @Rythm#3722 edited message from 2018-04-27 21:02:32 () to read: 
2018-04-27 21:02:51 #radio @~Nicole~#8163: !loop
2018-04-27 21:02:51 #radio @Rythm#3722: 🔂 **Enabled!**
2018-04-27 21:02:52 #radio @TomBot#6419: 
2018-04-27 21:02:52 #radio @TomBot#6419 edited message from 2018-04-27 21:02:52 () to read: 
2018-04-27 21:04:29 #radio @~Nicole~#8163: *excuse me tom did i mean you?*
2018-04-27 21:04:45 #radio @~Nicole~#8163: *no so ***FUCK OFF***
2018-04-27 21:04:49 #radio @~Nicole~#8163: oops
2018-04-27 21:51:53 #radio @~Nicole~#8163: !play look got7
2018-04-27 21:51:53 #radio @TomBot#6419: 
2018-04-27 21:51:56 #radio @TomBot#6419 edited message from 2018-04-27 21:51:53 () to read: 
2018-04-27 21:51:53 #radio @Rythm#3722: <:youtube:335112740957978625> **Searching** 🔎 `look got7`
2018-04-27 21:51:54 #radio @Rythm#3722: **Playing** 🎶 `GOT7 "Look" M/V` - Now!
2018-04-27 21:51:55 #radio @~Nicole~#8163: !loop
2018-04-27 21:51:56 #radio @TomBot#6419: 
2018-04-27 21:51:56 #radio @TomBot#6419 edited message from 2018-04-27 21:51:56 () to read: 
2018-04-27 21:51:55 #radio @Rythm#3722: 🔂 **Enabled!**
2018-04-27 22:07:59 #radio @~Nicole~#8163: !loop
2018-04-27 22:07:59 #radio @TomBot#6419: 
2018-04-27 22:08:00 #radio @TomBot#6419 edited message from 2018-04-27 22:07:59 () to read: 
2018-04-27 22:07:59 #radio @Rythm#3722: 🔂 **Disabled!**
2018-04-27 22:08:04 #radio @~Nicole~#8163: !play bass mix
2018-04-27 22:08:04 #radio @TomBot#6419: 
2018-04-27 22:08:05 #radio @TomBot#6419 edited message from 2018-04-27 22:08:04 () to read: 
2018-04-27 22:08:04 #radio @Rythm#3722: <:youtube:335112740957978625> **Searching** 🔎 `bass mix`
2018-04-27 22:08:05 #radio @Rythm#3722: 
2018-04-27 22:08:05 #radio @Rythm#3722 edited message from 2018-04-27 22:08:05 () to read: 
2018-04-27 22:08:08 #radio @~Nicole~#8163: !skip
2018-04-27 22:08:08 #radio @TomBot#6419: 
2018-04-27 22:08:09 #radio @TomBot#6419 edited message from 2018-04-27 22:08:08 () to read: 
2018-04-27 22:08:08 #radio @Rythm#3722: ⏩ ***Skipped*** 👍
2018-04-27 22:08:09 #radio @Synapse#0692: Can't skip if I'm not playing.
2018-04-30 21:59:23 #radio @Nic#8163: !play got7 look
2018-04-30 21:59:23 #radio @Rythm#3722: <:youtube:335112740957978625> **Searching** 🔎 `got7 look`
2018-04-30 21:59:23 #radio @TomBot#6419: 
2018-04-30 21:59:24 #radio @TomBot#6419 edited message from 2018-04-30 21:59:23 () to read: 
2018-04-30 21:59:24 #radio @Rythm#3722: **Playing** 🎶 `GOT7 "Look" M/V` - Now!
2018-04-30 21:59:51 #radio @Nic#8163: !play got7 you are
2018-04-30 21:59:52 #radio @Synapse#0692: Queued.
2018-04-30 21:59:52 #radio @Rythm#3722: <:youtube:335112740957978625> **Searching** 🔎 `got7 you are`
2018-04-30 21:59:52 #radio @TomBot#6419: 
2018-04-30 21:59:52 #radio @TomBot#6419 edited message from 2018-04-30 21:59:52 () to read: 
2018-04-30 21:59:52 #radio @Rythm#3722: 
2018-04-30 21:59:52 #radio @Rythm#3722 edited message from 2018-04-30 21:59:52 () to read: 
2018-04-30 22:01:30 #radio @Nic#8163: !play bts dont leave me
2018-04-30 22:01:30 #radio @Synapse#0692: Queued.
2018-04-30 22:01:30 #radio @Rythm#3722: <:youtube:335112740957978625> **Searching** 🔎 `bts dont leave me`
2018-04-30 22:01:30 #radio @TomBot#6419: 
2018-04-30 22:01:30 #radio @TomBot#6419 edited message from 2018-04-30 22:01:30 () to read: 
2018-04-30 22:01:30 #radio @Rythm#3722: 
2018-04-30 22:01:31 #radio @Rythm#3722 edited message from 2018-04-30 22:01:30 () to read: 
2018-04-30 22:04:33 #radio @Nic#8163: !play bts album
2018-04-30 22:04:33 #radio @Synapse#0692: Queued.
2018-04-30 22:04:33 #radio @Rythm#3722: <:youtube:335112740957978625> **Searching** 🔎 `bts album`
2018-04-30 22:04:33 #radio @TomBot#6419: 
2018-04-30 22:04:33 #radio @TomBot#6419 edited message from 2018-04-30 22:04:33 () to read: 
2018-04-30 22:04:34 #radio @Rythm#3722: 
2018-04-30 22:04:34 #radio @Rythm#3722 edited message from 2018-04-30 22:04:34 () to read: 
2018-04-30 22:28:09 #radio @Nic#8163: !skip
2018-04-30 22:28:09 #radio @TomBot#6419: 
2018-04-30 22:28:09 #radio @Synapse#0692: Skipping...
2018-04-30 22:28:09 #radio @Rythm#3722: ⏩ ***Skipped*** 👍
2018-04-30 22:28:10 #radio @TomBot#6419 edited message from 2018-04-30 22:28:09 () to read: 
2018-04-30 22:28:16 #radio @Nic#8163: !play bts face yourself
2018-04-30 22:28:17 #radio @Rythm#3722: <:youtube:335112740957978625> **Searching** 🔎 `bts face yourself`
2018-04-30 22:28:17 #radio @TomBot#6419: 
2018-04-30 22:28:17 #radio @TomBot#6419 edited message from 2018-04-30 22:28:17 () to read: 
2018-04-30 22:28:17 #radio @Rythm#3722: **Playing** 🎶 `BTS - DON'T LEAVE ME (FULL VERSION) (Color Coded Lyrics/Eng/Rom/Kan)` - Now!
2018-04-30 22:29:19 #radio @Nic#8163: !loop
2018-04-30 22:29:19 #radio @TomBot#6419: 
2018-04-30 22:29:19 #radio @TomBot#6419 edited message from 2018-04-30 22:29:19 () to read: 
2018-04-30 22:29:19 #radio @Rythm#3722: 🔂 **Enabled!**
2018-04-30 22:45:02 #radio @Nic#8163: !loop
2018-04-30 22:45:02 #radio @TomBot#6419: 
2018-04-30 22:45:02 #radio @Rythm#3722: 🔂 **Disabled!**
2018-04-30 22:45:03 #radio @TomBot#6419 edited message from 2018-04-30 22:45:02 () to read: 
2018-04-30 22:45:14 #radio @Nic#8163: !play uhuh this my shit, all the girls stomp your feet like this
2018-04-30 22:45:14 #radio @Synapse#0692: Queued.
2018-04-30 22:45:14 #radio @Rythm#3722: <:youtube:335112740957978625> **Searching** 🔎 `uhuh this my shit, all the girls stomp your feet like this`
2018-04-30 22:45:14 #radio @TomBot#6419: 
2018-04-30 22:45:14 #radio @TomBot#6419 edited message from 2018-04-30 22:45:14 () to read: 
2018-04-30 22:45:14 #radio @Rythm#3722: 
2018-04-30 22:45:14 #radio @Rythm#3722 edited message from 2018-04-30 22:45:14 () to read: 
2018-04-30 22:45:19 #radio @Nic#8163: !skip
2018-04-30 22:45:19 #radio @TomBot#6419: 
2018-04-30 22:45:19 #radio @TomBot#6419 edited message from 2018-04-30 22:45:19 () to read: 
2018-04-30 22:45:19 #radio @Rythm#3722: ⏩ ***Skipped*** 👍
2018-04-30 22:45:19 #radio @Synapse#0692: Skipping...
2018-04-30 22:45:55 #radio @Nic#8163: !play panic at the disco wii shop music
2018-04-30 22:45:55 #radio @Synapse#0692: Queued.
2018-04-30 22:45:55 #radio @Rythm#3722: <:youtube:335112740957978625> **Searching** 🔎 `panic at the disco wii shop music`
2018-04-30 22:45:55 #radio @TomBot#6419: 
2018-04-30 22:45:55 #radio @TomBot#6419 edited message from 2018-04-30 22:45:55 () to read: 
2018-04-30 22:45:56 #radio @Rythm#3722: 
2018-04-30 22:45:56 #radio @Rythm#3722 edited message from 2018-04-30 22:45:56 () to read: 
2018-04-30 22:48:02 #radio @Nic#8163: !skip
2018-04-30 22:48:02 #radio @TomBot#6419: 
2018-04-30 22:48:02 #radio @Rythm#3722: ⏩ ***Skipped*** 👍
2018-04-30 22:48:02 #radio @TomBot#6419 edited message from 2018-04-30 22:48:02 () to read: 
2018-04-30 22:48:02 #radio @Synapse#0692: Skipping...
2018-04-30 22:48:05 #radio @Nic#8163: !loop
2018-04-30 22:48:05 #radio @TomBot#6419: 
2018-04-30 22:48:05 #radio @TomBot#6419 edited message from 2018-04-30 22:48:05 () to read: 
2018-04-30 22:48:05 #radio @Rythm#3722: 🔂 **Enabled!**
2018-04-30 22:48:11 #radio @Nic#8163: !loop
2018-04-30 22:48:11 #radio @Rythm#3722: 🔂 **Disabled!**
2018-04-30 22:48:11 #radio @TomBot#6419: 
2018-04-30 22:48:12 #radio @TomBot#6419 edited message from 2018-04-30 22:48:11 () to read: 
2018-04-30 22:48:16 #radio @Nic#8163: !play wii shop music
2018-04-30 22:48:17 #radio @Synapse#0692: Queued.
2018-04-30 22:48:17 #radio @Rythm#3722: <:youtube:335112740957978625> **Searching** 🔎 `wii shop music`
2018-04-30 22:48:17 #radio @TomBot#6419: 
2018-04-30 22:48:17 #radio @TomBot#6419 edited message from 2018-04-30 22:48:17 () to read: 
2018-04-30 22:48:17 #radio @Rythm#3722: ❌ **Cannot play a song that's longer than 3 hours**
2018-04-30 22:48:26 #radio @Nic#8163: 2
2018-04-30 22:48:34 #radio @Nic#8163: !play wii channel shop music
2018-04-30 22:48:34 #radio @Rythm#3722: <:youtube:335112740957978625> **Searching** 🔎 `wii channel shop music`
2018-04-30 22:48:34 #radio @Synapse#0692: Queued.
2018-04-30 22:48:34 #radio @TomBot#6419: 
2018-04-30 22:48:35 #radio @TomBot#6419 edited message from 2018-04-30 22:48:34 () to read: 
2018-04-30 22:48:35 #radio @Rythm#3722: ❌ **Cannot play a song that's longer than 3 hours**
2018-04-30 22:48:54 #radio @Nic#8163: !play https://www.youtube.com/watch?v=8avMLHvLwRQ
2018-04-30 22:48:54 #radio @Synapse#0692: Queued.
2018-04-30 22:48:54 #radio @Rythm#3722: <:youtube:335112740957978625> **Searching** 🔎 `https://www.youtube.com/watch?v=8avMLHvLwRQ`
2018-04-30 22:48:55 #radio @Rythm#3722: 
2018-04-30 22:48:55 #radio @Rythm#3722 edited message from 2018-04-30 22:48:55 () to read: 
2018-04-30 22:48:55 #radio @TomBot#6419: 
2018-04-30 22:48:55 #radio @TomBot#6419 edited message from 2018-04-30 22:48:55 () to read: 
2018-04-30 22:48:57 #radio @Nic#8163: !loop
2018-04-30 22:48:57 #radio @TomBot#6419: 
2018-04-30 22:48:57 #radio @Rythm#3722: 🔂 **Enabled!**
2018-04-30 22:48:57 #radio @TomBot#6419 edited message from 2018-04-30 22:48:57 () to read: 
2018-04-30 22:49:07 #radio @Nic#8163: !loop
2018-04-30 22:49:07 #radio @Rythm#3722: 🔂 **Disabled!**
2018-04-30 22:49:07 #radio @TomBot#6419: 
2018-04-30 22:49:08 #radio @TomBot#6419 edited message from 2018-04-30 22:49:07 () to read: 
2018-05-01 21:22:45 #radio @'' y i k e s ''#0001: !play https://soundcloud.com/sadradcats/lauv-i-like-me-better-acoustic-cover/s-wpJ87
2018-05-01 21:22:45 #radio @TomBot#6419: 
2018-05-01 21:22:46 #radio @TomBot#6419 edited message from 2018-05-01 21:22:45 () to read: 
2018-05-01 21:22:45 #radio @Rythm#3722: <:youtube:335112740957978625> **Searching** 🔎 `https://soundcloud.com/sadradcats/lauv-i-like-me-better-acoustic-cover/s-wpJ87`
2018-05-01 21:22:45 #radio @Rythm#3722: **Playing** 🎶 `Lauv (Acoustic Cover)` - Now!
2018-05-01 21:22:46 #radio @'' y i k e s ''#0001 edited message from 2018-05-01 21:22:45 (!play https://soundcloud.com/sadradcats/lauv-i-like-me-better-acoustic-cover/s-wpJ87) to read: !play https://soundcloud.com/sadradcats/lauv-i-like-me-better-acoustic-cover/s-wpJ87
2018-05-01 21:23:01 #radio @'' y i k e s ''#0001 deleted message from 2018-05-01 21:22:45 (!play https://soundcloud.com/sadradcats/lauv-i-like-me-better-acoustic-cover/s-wpJ87)
2018-05-01 21:41:06 #radio @'' y i k e s ''#0001: !play https://www.youtube.com/watch?v=RiOWtwHqkAU
2018-05-01 21:41:06 #radio @Rythm#3722: <:youtube:335112740957978625> **Searching** 🔎 `https://www.youtube.com/watch?v=RiOWtwHqkAU`
2018-05-01 21:41:07 #radio @Rythm#3722: **Playing** 🎶 `BTS - Spring Day (Audio)` - Now!
2018-05-01 21:41:07 #radio @'' y i k e s ''#0001 edited message from 2018-05-01 21:41:06 (!play https://www.youtube.com/watch?v=RiOWtwHqkAU) to read: !play https://www.youtube.com/watch?v=RiOWtwHqkAU
2018-05-01 21:41:07 #radio @TomBot#6419: 
2018-05-01 21:41:08 #radio @TomBot#6419 edited message from 2018-05-01 21:41:07 () to read: 
2018-05-01 21:41:10 #radio @'' y i k e s ''#0001 deleted message from 2018-05-01 21:41:06 (!play https://www.youtube.com/watch?v=RiOWtwHqkAU)
