2018-04-26 21:08:47 #strangerchat @~Nicole~#8163: -s group
2018-04-26 21:09:11 #strangerchat @~Nicole~#8163: -s start group
2018-04-26 21:09:12 #strangerchat @Stranger#6688: 
2018-04-26 21:09:12 #strangerchat @Stranger#6688 edited message from 2018-04-26 21:09:12 () to read: 
2018-04-26 21:10:46 #strangerchat @Stranger#6688: 
2018-04-26 21:10:46 #strangerchat @Stranger#6688 edited message from 2018-04-26 21:10:46 () to read: 
2018-04-26 21:10:52 #strangerchat @Stranger#6688: **`SwampCurrant`**  hi
2018-04-26 21:10:53 #strangerchat @Stranger#6688: **`SwampCurrant`**  sh
2018-04-26 21:10:55 #strangerchat @Just Latte#9386: sh
2018-04-26 21:10:57 #strangerchat @Stranger#6688: **`SwampCurrant`**  hi strangers
2018-04-26 21:10:57 #strangerchat @Stranger#6688: **`BlackGranadilla`**  dfb
2018-04-26 21:10:57 #strangerchat @Stranger#6688: **`BlackGranadilla`**  sdf
2018-04-26 21:10:57 #strangerchat @Stranger#6688: **`BlackGranadilla`**  b
2018-04-26 21:10:57 #strangerchat @Stranger#6688: **`BlackGranadilla`**  dfb
2018-04-26 21:10:58 #strangerchat @Stranger#6688: **`BlackGranadilla`**  d
2018-04-26 21:10:58 #strangerchat @Stranger#6688: **`BlackGranadilla`**  fx df
2018-04-26 21:11:04 #strangerchat @Stranger#6688: **`DrakePea`**  /help
2018-04-26 21:11:05 #strangerchat @~Nicole~#8163: <_<
2018-04-26 21:11:08 #strangerchat @Stranger#6688: **`SwampCurrant`**  >>:>_>_>
2018-04-26 21:11:10 #strangerchat @Stranger#6688: **`SwampCurrant`**  >_>_>
2018-04-26 21:11:11 #strangerchat @Stranger#6688: **`SwampCurrant`**  >_><
2018-04-26 21:11:12 #strangerchat @Stranger#6688: **`DrakePea`**  join Private
2018-04-26 21:11:17 #strangerchat @~Nicole~#8163: nice try buttholes
2018-04-26 21:11:17 #strangerchat @Stranger#6688: **`DrakePea`**  /join Private 2
2018-04-26 21:11:33 #strangerchat @Stranger#6688: **`DrakePea`**  /speak hi dogs
2018-04-26 21:11:39 #strangerchat @~Nicole~#8163: >_>
2018-04-26 21:11:41 #strangerchat @Stranger#6688: **`SwampCurrant`**  /speak hi fucker
2018-04-26 21:11:46 #strangerchat @Stranger#6688: **`DrakePea`**  /speak HI U FAT FUCKING CUNTS
2018-04-26 21:11:51 #strangerchat @Stranger#6688: **`SwampCurrant`**  /speak justblu is gay
2018-04-26 21:12:02 #strangerchat @Stranger#6688: **`SwampCurrant`**  /speak justblu is gay
2018-04-26 21:12:04 #strangerchat @Stranger#6688: **`SwampCurrant`**  /speak justblu is gay
2018-04-26 21:12:12 #strangerchat @Stranger#6688: **`DrakePea`**  /speak SUPERCALIFRAGALISTICESPIALIDOCIOUS I LIKE BLUS DICK LOL
2018-04-26 21:12:32 #strangerchat @~Nicole~#8163: --s disconnect
2018-04-26 21:12:33 #strangerchat @Stranger#6688: **`SwampCurrant`**  /speak justblu is gay
2018-04-26 21:12:35 #strangerchat @Stranger#6688: **`DrakePea`**  /speak send me nudes you little black gay nigger little black boy cunts suck my fat dick u penis head
2018-04-26 21:12:36 #strangerchat @~Nicole~#8163: FICL
2018-04-26 21:12:48 #strangerchat @Stranger#6688: **`SwampCurrant`**  /speak justblu is a fat autistic demon
2018-04-26 21:13:13 #strangerchat @Just Latte#9386: no
2018-04-26 21:13:15 #strangerchat @Stranger#6688: **`DrakePea`**  /speak Calixsa is my girlfriend and not yours, try again next year justblu
2018-04-26 21:13:27 #strangerchat @~Nicole~#8163: -s stop
2018-04-26 21:13:27 #strangerchat @Stranger#6688: 
2018-04-26 21:13:27 #strangerchat @Stranger#6688 edited message from 2018-04-26 21:13:27 () to read: 
2018-05-01 23:40:58 #strangerchat @Nic#8163: -s start group
2018-05-01 23:41:02 #strangerchat @Stranger#6688: 
2018-05-01 23:41:02 #strangerchat @Stranger#6688 edited message from 2018-05-01 23:41:02 () to read: 
2018-05-01 23:41:06 #strangerchat @Nic#8163: wanna fuck
2018-05-01 23:41:09 #strangerchat @Nic#8163: a duck?
2018-05-01 23:41:17 #strangerchat @Nic#8163: ?
2018-05-01 23:41:24 #strangerchat @Nic#8163: -s stop
2018-05-01 23:41:25 #strangerchat @Stranger#6688: 
2018-05-01 23:41:25 #strangerchat @Stranger#6688 edited message from 2018-05-01 23:41:25 () to read: 
2018-05-01 23:41:31 #strangerchat @Nic#8163: -s start group
2018-05-01 23:41:32 #strangerchat @Stranger#6688: 
2018-05-01 23:41:33 #strangerchat @Stranger#6688 edited message from 2018-05-01 23:41:32 () to read: 
2018-05-01 23:41:39 #strangerchat @Nic#8163: my pp is hard
2018-05-01 23:43:02 #strangerchat @Stranger#6688: 
2018-05-01 23:43:02 #strangerchat @Stranger#6688 edited message from 2018-05-01 23:43:02 () to read: 
2018-05-02 00:14:03 #strangerchat @Stranger#6688: 
2018-05-02 00:14:04 #strangerchat @Stranger#6688 edited message from 2018-05-02 00:14:03 () to read: 
2018-05-02 00:14:14 #strangerchat @Stranger#6688: 👀
2018-05-02 00:16:03 #strangerchat @Stranger#6688: 
2018-05-02 00:16:04 #strangerchat @Stranger#6688 edited message from 2018-05-02 00:16:03 () to read: 
