2018-04-26 20:49:22 #marriage @Just Latte#9386: i was married forcefully
2018-04-26 20:49:26 #marriage @Just Latte#9386: this is some rape
2018-04-26 20:56:00 #marriage @mikemik#1667: you know you like it >:D
2018-04-26 20:56:59 #marriage @Just Latte#9386: its rape if i didnt consent
2018-04-26 20:59:42 #marriage @mikemik#1667: then divorce it
2018-04-26 20:59:42 #marriage @Pokécord#4503: 
2018-04-26 20:59:43 #marriage @Pokécord#4503 edited message from 2018-04-26 20:59:42 () to read: 
2018-04-26 21:00:14 #marriage @mikemik#1667: p!catch Golisopod
2018-04-26 21:00:14 #marriage @Pokécord#4503: Congratulations @mikemik! You caught a Golisopod!
2018-04-26 21:01:33 #marriage @~Nicole~#8163: how do you know that pokemon
2018-04-26 21:05:15 #marriage @Just Latte#9386: cuz he a g
2018-04-26 21:07:27 #marriage @mikemik#1667: because pokemon is my childhood
2018-04-26 21:07:28 #marriage @Pokécord#4503: ```Congratulations mikemik! Buttplug is now level 27!```
2018-04-26 21:07:33 #marriage @mikemik#1667: p!info
2018-04-26 21:07:33 #marriage @Pokécord#4503: 
2018-04-26 21:07:33 #marriage @Pokécord#4503 edited message from 2018-04-26 21:07:33 () to read: 
2018-04-26 21:07:39 #marriage @mikemik#1667: look at my precious buttplug
2018-04-28 19:48:19 #marriage @~Nicole~#8163: /forcemarry @Just Latte @~Nicole~
2018-04-28 19:48:41 #marriage @~Nicole~#8163: \forcemarry @Just Latte @~Nicole~
2018-04-28 19:48:41 #marriage @Impulse#7038: @~Nicole~ was forced to marry @Just Latte.
2018-04-28 19:48:41 #marriage @Impulse#7038: Successfully forced ~Nicole~ to marry Just Latte.
2018-04-28 19:48:59 #marriage @~Nicole~#8163: \forcemarry @mikemik @NotSoBot
2018-04-28 19:48:59 #marriage @Impulse#7038: @NotSoBot was forced to marry @mikemik.
2018-04-28 19:48:59 #marriage @Impulse#7038: I wasn't able to send a direct message to NotSoBot#0997.
2018-04-28 19:49:00 #marriage @Impulse#7038: Successfully forced NotSoBot to marry mikemik.
2018-04-28 19:49:13 #marriage @~Nicole~#8163: \forcemarry @miaarlene @Phimatic
2018-04-28 19:49:13 #marriage @Impulse#7038: @Phimatic was forced to marry @miaarlene.
2018-04-28 19:49:13 #marriage @Impulse#7038: Successfully forced Phimatic to marry miaarlene.
2018-04-28 19:49:15 #marriage @~Nicole~#8163: >:)
2018-04-28 19:49:39 #marriage @Phimatic#7860: D:
2018-04-28 19:49:39 #marriage @Pokécord#4503: ```Congratulations Phimatic! Your Chimchar is now level 4!```
2018-04-28 19:49:39 #marriage @~Nicole~#8163: \forcemarry @Cry @Boss
2018-04-28 19:49:39 #marriage @Impulse#7038: @Boss was forced to marry @Cry.
2018-04-28 19:49:40 #marriage @Impulse#7038: Successfully forced Boss to marry Cry.
2018-04-28 19:49:51 #marriage @Boss#0303: this
2018-04-28 19:49:51 #marriage @Just Latte#9386: im about to file a divorce up in this bih
2018-04-28 19:49:52 #marriage @Boss#0303: already
2018-04-28 19:49:53 #marriage @Boss#0303: happened
2018-04-28 19:49:54 #marriage @Boss#0303: once
2018-04-28 19:49:55 #marriage @Boss#0303: why
2018-04-28 19:49:55 #marriage @~Nicole~#8163: \forcemarry @Bitter @LewdBot
2018-04-28 19:49:56 #marriage @Impulse#7038: @LewdBot was forced to marry @Bitter.
2018-04-28 19:49:56 #marriage @Impulse#7038: I wasn't able to send a direct message to LewdBot#2135.
2018-04-28 19:49:56 #marriage @Impulse#7038: Successfully forced LewdBot to marry Bitter.
2018-04-28 19:51:03 #marriage @Boss#0303: \divorce 439875869239017472
2018-04-28 19:51:03 #marriage @Impulse#7038: Successfully removed the role between you and @Cry.
2018-04-28 19:51:03 #marriage @Impulse#7038: @Boss divorced @Cry.
2018-04-28 19:51:12 #marriage @Boss#0303: cry u my nigga but im not gay
2018-05-01 23:36:50 #marriage @Nic#8163: \forcemarry @DanDMan @Monika
2018-05-01 23:36:54 #marriage @Impulse#7038: @Monika was forced to marry @DanDMan.
2018-05-01 23:36:54 #marriage @Impulse#7038: I wasn't able to send a direct message to Monika#4570.
2018-05-01 23:36:54 #marriage @Impulse#7038: Successfully forced Monika to marry DanDMan.
2018-05-01 23:37:01 #marriage @Nic#8163: c:
2018-05-01 23:37:23 #marriage @Nic#8163: \forcemarry @mikemik @DIO BrandY
2018-05-01 23:37:28 #marriage @Impulse#7038: @DIO BrandY was forced to marry @mikemik.
2018-05-01 23:37:28 #marriage @Impulse#7038: Successfully forced DIO BrandY to marry mikemik.
2018-05-01 23:37:59 #marriage @mikemik#1667: \divorce 441020345370279946
2018-05-01 23:38:04 #marriage @Impulse#7038: Successfully divorced you and @DIO BrandY.
2018-05-01 23:38:04 #marriage @Impulse#7038: @mikemik divorced @DIO BrandY.
2018-05-01 23:38:04 #marriage @mikemik#1667: yeah no thanks
2018-05-01 23:38:04 #marriage @Nic#8163: :c
2018-05-01 23:38:14 #marriage @Nic#8163: \forcemarry @mikemik @DIO BrandY
2018-05-01 23:38:18 #marriage @Impulse#7038: @DIO BrandY was forced to marry @mikemik.
2018-05-01 23:38:18 #marriage @Impulse#7038: Successfully forced DIO BrandY to marry mikemik.
2018-05-01 23:38:22 #marriage @Nic#8163: c:
2018-05-01 23:38:25 #marriage @mikemik#1667: nicki
2018-05-01 23:38:25 #marriage @mikemik#1667: no
2018-05-01 23:38:34 #marriage @Nic#8163: c:<<<<<<<<<<<<
2018-05-01 23:38:39 #marriage @mikemik#1667: \divorce 441020556352028673
2018-05-01 23:38:43 #marriage @Impulse#7038: Successfully divorced you and @DIO BrandY.
2018-05-01 23:38:43 #marriage @Impulse#7038: @mikemik divorced @DIO BrandY.
2018-05-01 23:38:49 #marriage @Nic#8163: \forcemarry @mikemik @DIO BrandY
2018-05-01 23:38:53 #marriage @Impulse#7038: @DIO BrandY was forced to marry @mikemik.
2018-05-01 23:38:53 #marriage @Impulse#7038: Successfully forced DIO BrandY to marry mikemik.
2018-05-01 23:39:15 #marriage @DIO BrandY#5075: @Nic kys
2018-05-01 23:41:49 #marriage @mikemik#1667: \divorce 441020703165382656
2018-05-01 23:41:49 #marriage @Pokécord#4503: ```Congratulations mikemik! BigNut is now level 26!```
2018-05-01 23:41:50 #marriage @Pokécord#4503: 
2018-05-01 23:41:50 #marriage @Pokécord#4503 edited message from 2018-05-01 23:41:50 () to read: 
2018-05-01 23:41:53 #marriage @Impulse#7038: Successfully divorced you and @DIO BrandY.
2018-05-01 23:41:53 #marriage @Impulse#7038: @mikemik divorced @DIO BrandY.
2018-05-01 23:42:03 #marriage @Nic#8163: \forcemarry @mikemik @DIO BrandY
2018-05-01 23:42:07 #marriage @Impulse#7038: @DIO BrandY was forced to marry @mikemik.
2018-05-01 23:42:07 #marriage @Impulse#7038: Successfully forced DIO BrandY to marry mikemik.
2018-05-01 23:42:12 #marriage @mikemik#1667: nicole
2018-05-01 23:42:13 #marriage @mikemik#1667: please
2018-05-01 23:42:20 #marriage @Nic#8163: \forcemarry @mikemik @DIO BrandY
2018-05-01 23:42:24 #marriage @Impulse#7038: @DIO BrandY was forced to marry @mikemik.
2018-05-01 23:42:24 #marriage @Impulse#7038: Successfully forced DIO BrandY to marry mikemik.
2018-05-01 23:42:31 #marriage @Nic#8163: >:)
2018-05-01 23:42:41 #marriage @Nic#8163: give me nitro or ill fuck u up
2018-05-01 23:42:46 #marriage @mikemik#1667: nicki its annoying
2018-05-01 23:42:56 #marriage @Nic#8163: like u B^)
2018-05-01 23:43:05 #marriage @mikemik#1667: youre one to talk
2018-05-01 23:43:08 #marriage @Nic#8163: .
2018-05-01 23:43:12 #marriage @Nic#8163: :c
2018-05-01 23:43:16 #marriage @mikemik#1667: :^)
2018-05-01 23:43:19 #marriage @Nic#8163: ...
2018-05-01 23:43:26 #marriage @mikemik#1667: then stop
2018-05-01 23:43:33 #marriage @Nic#8163: >:LLLLL
2018-05-01 23:43:36 #marriage @mikemik#1667: reap what you sow
2018-05-01 23:43:41 #marriage @Nic#8163: \ban @mikemik
2018-05-01 23:43:41 #marriage @Impulse#7038: I cannot ban that user as they're higher in the hierarchy than I am.
2018-05-01 23:43:45 #marriage @Nic#8163: FUCK
2018-05-01 23:43:50 #marriage @mikemik#1667: oh really
2018-05-01 23:43:52 #marriage @mikemik#1667: i see how it is
2018-05-01 23:43:58 #marriage @Nic#8163: >_>
2018-05-01 23:44:21 #marriage @mikemik#1667: after the things ive done for uou
2018-05-01 23:44:32 #marriage @Nic#8163: Says the one
2018-05-01 23:44:37 #marriage @Nic#8163: who took a joke seriously
2018-05-01 23:44:43 #marriage @Nic#8163: and literally called me annoying
2018-05-01 23:44:53 #marriage @Nic#8163: knowing that i get hurt easily from being called annoying
2018-05-01 23:45:02 #marriage @Nic#8163: because of specific reasons i will not name
2018-05-01 23:45:08 #marriage @Nic#8163: c:
2018-05-01 23:45:16 #marriage @mikemik#1667: then stop when asked
2018-05-01 23:45:18 #marriage @Pokécord#4503: 
2018-05-01 23:45:18 #marriage @Pokécord#4503 edited message from 2018-05-01 23:45:18 () to read: 
2018-05-01 23:45:18 #marriage @Pokécord#4503: ```Congratulations mikemik! BigNut is now level 27!```
2018-05-01 23:45:26 #marriage @Nic#8163: No fuck you Im done.
2018-05-01 23:45:33 #marriage @Nic#8163: smh
