2018-04-17 19:33:24 @Synapse#0692: Daily Fun Fact#17: Did you know that our admin Exo loves swimming in semen?
2018-04-18 06:10:34 @Synapse#0692: A new survey has been posted! (ID 8)\n❓ **Are you here for free drop lobbies?** *[deadline 04/19/2018 12:00PM UTC]*\n(options: no/yes)
2018-04-18 07:35:57 @Ali6837#7204: no
2018-04-18 07:35:58 @Synapse#0692: ℹ Answer recorded. If you want to change it, use `!changeanswer 8` in this DM.\nYou can see all the answers in <#435801299993231370>.
2018-04-18 10:49:39 @Synapse#0692: Fun fact no. 21. Our owner Klaus is actually child molester. He was in prison in 25 years but he still does it. Pretty funny huh? It’s **true**.
2018-04-18 18:29:32 @Synapse#0692: Fun Fact No. 5. Klaus got in prison lifetime because he murdered 5 people in his own school, but after 2 months in prison he escaped... uhm guys please someone call 911 he is behind me and raped me already, I don’t want to die pls
2018-04-21 21:39:58 @Synapse#0692: Did you know #16 Our admin Exo is wanted in multiple states for robbing Sperm Banks
2018-04-26 11:21:12 @Synapse#0692: 
2018-04-26 11:21:12 @Synapse#0692 edited message from 2018-04-26 11:21:12 () to read: 
2018-04-26 11:21:12 @Synapse#0692: 
2018-04-26 11:21:12 @Synapse#0692 edited message from 2018-04-26 11:21:12 () to read: 
2018-04-26 11:21:12 @Synapse#0692: 
2018-04-26 11:21:12 @Synapse#0692 edited message from 2018-04-26 11:21:12 () to read: 
2018-04-26 11:21:12 @Synapse#0692: 
2018-04-26 11:21:12 @Synapse#0692 edited message from 2018-04-26 11:21:12 () to read: 
2018-04-26 11:21:12 @Synapse#0692: 
2018-04-26 11:21:12 @Synapse#0692 edited message from 2018-04-26 11:21:12 () to read: 
2018-04-26 11:21:18 @Synapse#0692: 
2018-04-26 11:21:19 @Synapse#0692 edited message from 2018-04-26 11:21:18 () to read: 
2018-04-26 11:21:19 @Synapse#0692: 
2018-04-26 11:21:19 @Synapse#0692 edited message from 2018-04-26 11:21:19 () to read: 
2018-04-26 11:21:19 @Synapse#0692: 
2018-04-26 11:21:20 @Synapse#0692 edited message from 2018-04-26 11:21:19 () to read: 
2018-04-26 11:21:20 @Synapse#0692: Join the support server for help: <https://discord.gg/KS4a4yQ>We also have Nadeko bot integrated into it, type ``.help`` for info. For info contact Mr. Robot#0007
2018-04-30 17:33:49 @Ali6837#7204: Hey
2018-04-30 17:33:49 @Synapse#0692: Type `.h` for help.
