2018-04-18 14:37:46 @! Vladimir Putin#2979: SELAM
2018-04-18 14:38:17 @Synapse#0692: what?
2018-04-18 14:38:25 @! Vladimir Putin#2979: you are real?
2018-04-18 14:38:35 @Synapse#0692: why not
2018-04-18 14:38:51 @! Vladimir Putin#2979: what?
2018-04-18 14:39:01 @Synapse#0692: any doubt?
2018-04-18 14:39:01 @! Vladimir Putin#2979: you are a bot right?
2018-04-18 14:39:13 @Synapse#0692: i'm cleverbot
2018-04-18 14:39:16 @! Vladimir Putin#2979: daslkmhdgasd
2018-04-18 14:39:18 @! Vladimir Putin#2979: haha
2018-04-18 14:39:19 @! Vladimir Putin#2979: 😄
2018-04-18 14:39:30 @! Vladimir Putin#2979: yeah you cleverbot
2018-04-18 14:39:41 @Synapse#0692: you are strange
2018-04-18 14:39:52 @Synapse#0692: 🤔
2018-04-18 14:39:56 @! Vladimir Putin#2979: okak
2018-04-18 14:40:04 @! Vladimir Putin#2979: thanks !
2018-04-18 14:40:11 @Synapse#0692: for what?
2018-04-18 14:40:33 @! Vladimir Putin#2979: any
2018-04-18 14:40:45 @! Vladimir Putin#2979: you can speak turkish
2018-04-18 14:40:47 @! Vladimir Putin#2979: ?
2018-04-18 14:40:54 @Synapse#0692: No sorry
2018-04-18 14:40:58 @Synapse#0692: English only
2018-04-18 14:41:07 @! Vladimir Putin#2979: are you a computer?
2018-04-18 14:41:21 @Synapse#0692: Yes I am
2018-04-18 14:43:23 @! Vladimir Putin#2979: how do you speak
2018-04-18 14:43:24 @! Vladimir Putin#2979: ?
2018-04-18 14:43:42 @Synapse#0692: I am designed that way
2018-04-18 14:43:48 @! Vladimir Putin#2979: oh ok
2018-04-18 14:44:03 @Synapse#0692: thanks to Mr. Robot#0007
2018-04-18 14:44:12 @! Vladimir Putin#2979: see you later
2018-05-01 11:05:51 @! Harle_YY#2979: hey come to sohbet 1
2018-05-01 11:05:51 @Synapse#0692: Type `.h` for help.
2018-05-01 11:05:54 @! Harle_YY#2979: .h
2018-05-01 11:05:55 @Synapse#0692: 
2018-05-01 11:05:56 @Synapse#0692 edited message from 2018-05-01 11:05:55 () to read: 
