2018-04-18 12:33:16 @Mr_Saybork#7332: nm
2018-04-18 12:50:06 @Synapse#0692: specify clearly
2018-04-18 12:50:32 @Mr_Saybork#7332: how use the commands
2018-04-18 12:50:48 @Mr_Saybork#7332: /or.or#
2018-04-18 12:51:02 @Synapse#0692: which server?
2018-04-18 12:51:24 @Mr_Saybork#7332: ok
2018-04-18 12:51:37 @Mr_Saybork#7332: FAS XZ My server
2018-04-18 12:52:13 @Synapse#0692: how did u find the bot?
2018-04-18 12:52:48 @Mr_Saybork#7332: from youtubre
2018-04-18 12:53:09 @Synapse#0692: the prefix is as usual !
2018-04-18 12:53:30 @Synapse#0692: thanks for using the bot. have a great day ahead
2018-04-18 12:53:42 @Mr_Saybork#7332: ❤
2018-04-18 12:53:52 @Synapse#0692: 😉
2018-04-18 12:54:10 @Mr_Saybork#7332: help
2018-04-18 12:54:13 @Mr_Saybork#7332: !help]
2018-04-18 12:54:47 @Mr_Saybork#7332: How to browse the properties of this bot
2018-04-18 12:54:48 @Synapse#0692: also join the support server which the game the bot is playing
2018-04-18 12:55:12 @Mr_Saybork#7332: where
2018-04-18 12:55:19 @Mr_Saybork#7332: get link
2018-04-18 12:55:22 @Synapse#0692: https://discord.gg/KS4a4yQ
2018-04-18 12:56:33 @Synapse#0692: 
2018-04-18 12:56:33 @Synapse#0692 edited message from 2018-04-18 12:56:33 () to read: 
2018-04-18 12:56:33 @Synapse#0692: 
2018-04-18 12:56:33 @Synapse#0692 edited message from 2018-04-18 12:56:33 () to read: 
2018-04-18 12:56:33 @Synapse#0692: 
2018-04-18 12:56:33 @Synapse#0692 edited message from 2018-04-18 12:56:33 () to read: 
2018-04-18 12:56:33 @Synapse#0692: 
2018-04-18 12:56:33 @Synapse#0692 edited message from 2018-04-18 12:56:33 () to read: 
2018-04-18 12:56:33 @Synapse#0692: 
2018-04-18 12:56:33 @Synapse#0692 edited message from 2018-04-18 12:56:33 () to read: 
2018-04-18 12:56:38 @Synapse#0692: 
2018-04-18 12:56:38 @Synapse#0692 edited message from 2018-04-18 12:56:38 () to read: 
2018-04-18 12:56:38 @Synapse#0692: 
2018-04-18 12:56:39 @Synapse#0692 edited message from 2018-04-18 12:56:38 () to read: 
2018-04-18 12:56:39 @Synapse#0692: 
2018-04-18 12:56:39 @Synapse#0692: 
2018-04-18 12:56:39 @Synapse#0692 edited message from 2018-04-18 12:56:39 () to read: 
2018-04-18 12:56:39 @Synapse#0692: An instance of Red - DiscordBot, made by Twentysix26 and improved by many.
2018-04-18 12:56:45 @Synapse#0692 edited message from 2018-04-18 12:56:39 () to read: 
2018-04-18 13:00:37 @Mr_Saybork#7332: thisa bot there is here property Rainbow name ❤
2018-04-18 13:01:16 @Synapse#0692: it is broken currently
2018-04-18 13:02:05 @Mr_Saybork#7332: You can fix it as quickly as it 's beautiful
2018-04-18 13:03:44 @Mr_Saybork#7332: If you know there is a bot working on this feature please send it to me
2018-04-18 13:04:11 @Synapse#0692: sure
2018-04-18 13:04:27 @Mr_Saybork#7332: ok good day man
2018-04-21 15:59:10 @Synapse#0692: 
2018-04-21 15:59:10 @Synapse#0692 edited message from 2018-04-21 15:59:10 () to read: 
2018-04-24 15:40:47 @Mr_Saybork#7332: !help
2018-04-24 15:40:47 @Synapse#0692: Type `.h` for help.
2018-04-24 15:40:48 @Synapse#0692: Check your DM, @Mr_Saybork! I have sent something for you :wink:
2018-04-24 15:40:48 @Synapse#0692: 
2018-04-24 15:40:49 @Synapse#0692 edited message from 2018-04-24 15:40:48 () to read: 
2018-04-24 15:40:49 @Synapse#0692: 
2018-04-24 15:40:49 @Synapse#0692 edited message from 2018-04-24 15:40:49 () to read: 
2018-04-24 15:40:49 @Synapse#0692: 
2018-04-24 15:40:49 @Synapse#0692 edited message from 2018-04-24 15:40:49 () to read: 
2018-04-24 15:40:53 @Synapse#0692: 
2018-04-24 15:40:53 @Synapse#0692 edited message from 2018-04-24 15:40:53 () to read: 
2018-04-24 15:40:53 @Synapse#0692: 
2018-04-24 15:40:53 @Synapse#0692 edited message from 2018-04-24 15:40:53 () to read: 
2018-04-24 15:40:53 @Synapse#0692: 
2018-04-24 15:40:53 @Synapse#0692 edited message from 2018-04-24 15:40:53 () to read: 
2018-04-24 15:40:53 @Synapse#0692: 
2018-04-24 15:40:54 @Synapse#0692 edited message from 2018-04-24 15:40:53 () to read: 
2018-04-24 15:40:54 @Synapse#0692: 
2018-04-24 15:40:54 @Synapse#0692 edited message from 2018-04-24 15:40:54 () to read: 
2018-04-24 15:40:59 @Synapse#0692: Join the support server for help: <https://discord.gg/KS4a4yQ>We also have Nadeko bot integrated into it, type ``.help`` for info. For info contact Mr. Robot#0007
2018-04-26 09:10:11 @Synapse#0692: 
2018-04-26 09:10:11 @Synapse#0692 edited message from 2018-04-26 09:10:11 () to read: 
2018-04-26 09:10:11 @Synapse#0692: 
2018-04-26 09:10:12 @Synapse#0692 edited message from 2018-04-26 09:10:11 () to read: 
2018-04-26 09:10:11 @Synapse#0692: 
2018-04-26 09:10:13 @Synapse#0692 edited message from 2018-04-26 09:10:11 () to read: 
2018-04-26 09:10:13 @Synapse#0692: 
2018-04-26 09:10:13 @Synapse#0692 edited message from 2018-04-26 09:10:13 () to read: 
2018-04-26 09:10:13 @Synapse#0692: 
2018-04-26 09:10:13 @Synapse#0692 edited message from 2018-04-26 09:10:13 () to read: 
2018-04-26 09:10:17 @Synapse#0692: 
2018-04-26 09:10:17 @Synapse#0692 edited message from 2018-04-26 09:10:17 () to read: 
2018-04-26 09:10:17 @Synapse#0692: 
2018-04-26 09:10:17 @Synapse#0692 edited message from 2018-04-26 09:10:17 () to read: 
2018-04-26 09:10:17 @Synapse#0692: 
2018-04-26 09:10:17 @Synapse#0692 edited message from 2018-04-26 09:10:17 () to read: 
2018-04-26 09:10:17 @Synapse#0692: 
2018-04-26 09:10:18 @Synapse#0692 edited message from 2018-04-26 09:10:17 () to read: 
2018-04-26 09:10:18 @Synapse#0692: 
2018-04-26 09:10:18 @Synapse#0692 edited message from 2018-04-26 09:10:18 () to read: 
2018-04-26 09:10:24 @Synapse#0692: Join the support server for help: <https://discord.gg/KS4a4yQ>We also have Nadeko bot integrated into it, type ``.help`` for info. For info contact Mr. Robot#0007
2018-04-27 08:32:13 @Mr_Saybork#7332: !play https://www.youtube.com/watch?v=AE_fJ1ccEUo
2018-04-27 08:32:14 @Synapse#0692: Type `.h` for help.
2018-04-27 08:32:14 @Synapse#0692: That command is not available in DMs.
2018-04-27 08:32:27 @Mr_Saybork#7332: .help
2018-04-27 08:32:27 @Synapse#0692: 
2018-04-27 08:32:29 @Synapse#0692 edited message from 2018-04-27 08:32:27 () to read: 
2018-05-01 10:47:41 @Mr_Saybork#7332: https://discord.gg/b8EF4b
2018-05-01 10:47:41 @Synapse#0692: Type `.h` for help.
