2018-04-18 19:31:54 @Synapse#0692: u mom gei
2018-04-18 19:32:25 @Synapse#0692: u mom gei
2018-04-18 19:32:25 @Synapse#0692: u mom gei
2018-04-18 19:32:25 @Synapse#0692: u mom gei
2018-04-18 19:32:26 @Synapse#0692: u mom gei
2018-04-18 19:32:26 @Synapse#0692: u mom gei
2018-04-18 19:32:31 @Synapse#0692: u mom gei
2018-04-18 19:32:31 @Synapse#0692: u mom gei
2018-04-18 19:32:31 @Synapse#0692: u mom gei!mdm gey u mom gei!mdm gey u mom gei
2018-04-18 19:32:32 @Synapse#0692: u mom gei!mdm gey u mom gei
2018-04-18 19:32:32 @Synapse#0692: u mom geidm gey u mom gei!mdm gey u mom gei
2018-04-18 19:32:37 @Synapse#0692: u mom gei!mdm gey u mom gei
2018-04-18 19:32:37 @Synapse#0692: u mom geiom gei!mdm gey u mom gei
2018-04-18 19:32:37 @Synapse#0692: u mom gei!mdm gey u mom gei
2018-04-18 19:32:38 @Synapse#0692: u mom gei!mdm gey u mom gei
2018-04-18 19:32:38 @Synapse#0692: u mom gei!mdm gey u mom gei
2018-04-18 19:32:43 @Synapse#0692: u mom gei!mdm gey u mom gei
2018-04-18 19:32:43 @Synapse#0692: u mom gei!mdm gey u mom gei!mdm gey u mom gei!mdm gey u mom gei!mdm gey u mom gei!mdm gey u mom gei!mdm gey u mom geimdm gey u mom geiy u mom gei!mdm gey u mom gei!mdm gey u mom gei!mdm gey u mom gei!mdm gey u mom gei!mdm gey u mom geigey u mom gei!mdm gey u mom gei!mdm gey u mom geimdm gey u mom gei!mdm gey u mom gei mom gei!mdm gey u mom gei!mdm gey u mom gei!mdm gey u mom gei!mdm gey u mom geimdm gey u mom gei!mdm gey u mom gei!mdm gey u mom gei mom gei!mdm gey u mom gei!mdm gey u mom geigey u mom gei!mdm gey u mom geiom gei!mdm gey u mom gei!mdm gey u mom geiy u mom geiu mom geimdm gey u mom geigey u mom geiom gei!mdm gey u mom gei!mdm geyei!mdm gey u mom geimdm gey u mom geimom geii!mdm gey u mom gei!mdm ggey u mom geigey u mom gei!mdm gey u mom geiei!mdm gey u mom gei!mdm gey u mom geim gei!mdm gey u mom gei!mdm gey u mom gei!mdm gey u mom gei mom gei!mdm gey u mom gei!mdm gey u mom gei!mdm gem geiy u mom gei!mdm gey u mom gei!mdm gey u mom gei!mdm gey u mom gei!mdm gey u mom gei!mdm gey u mom
2018-04-18 19:32:43 @Synapse#0692: u mom gei
2018-04-18 19:32:43 @Synapse#0692: u mom gei
2018-04-18 19:32:44 @Synapse#0692: u mom gei
2018-04-18 19:32:49 @Synapse#0692: u mom gei
2018-04-18 19:32:49 @Synapse#0692: u mom gei
2018-04-18 19:32:49 @Synapse#0692: u mom gei
2018-04-18 19:32:49 @Synapse#0692: u mom gei
2018-04-18 19:32:50 @Synapse#0692: u mom gei!mdm gey u mom gei!mdm gey u mom gei
2018-04-18 19:32:55 @Synapse#0692: u mom gei!mdm gey u mom gei
2018-04-18 19:33:27 @Synapse#0692: u mom gei
2018-04-18 19:33:48 @Synapse#0692: small dicc you have
2018-04-18 19:33:49 @Synapse#0692: small dicc you have
2018-04-18 19:33:49 @Synapse#0692: small dicc you have
2018-04-18 19:33:49 @Synapse#0692: small dicc you have
2018-04-18 19:33:49 @Synapse#0692: small dicc you have
2018-04-18 19:33:54 @Synapse#0692: small dicc you have
2018-04-18 19:33:55 @Synapse#0692: small dicc you have
2018-04-18 19:33:55 @Synapse#0692: small dicc you have
2018-04-18 19:33:55 @Synapse#0692: small dicc you have
2018-04-18 19:33:55 @Synapse#0692: small dicc you have!mdm gey small dicc you have
2018-04-18 19:34:00 @Synapse#0692: small dicc you have
2018-04-18 19:34:01 @Synapse#0692: small dicc you have!mdm gey small dicc you have
2018-04-18 19:34:01 @Synapse#0692: small dicc you have
2018-04-18 19:34:01 @Synapse#0692: small dicc you have!mdm gey small dicc you have
2018-04-18 19:34:01 @Synapse#0692: small dicc you have!mdm gey small dicc you have
2018-04-18 19:34:06 @Synapse#0692: small dicc you have!mdm gey small dicc you have!mdm gey small dicc you have!mdm gey small dicc you have!mdm gey small dicc you have
2018-04-18 19:34:06 @Synapse#0692: small dicc you have
2018-04-18 19:34:07 @Synapse#0692: small dicc you havemdm gey small dicc you have!mdm gey small dicc you have
2018-04-18 19:34:07 @Synapse#0692: small dicc you have
2018-04-18 19:34:07 @Synapse#0692: small dicc you have!mdm gey small dicc you have
2018-04-18 19:34:12 @Synapse#0692: small dicc you have
2018-04-18 19:34:12 @Synapse#0692: small dicc you havemdm gey small dicc you have
2018-04-18 19:34:13 @Synapse#0692: small dicc you have!mdm gey small dicc you have
2018-04-18 19:34:13 @Synapse#0692: small dicc you have
2018-04-18 19:34:13 @Synapse#0692: small dicc you have!mdm gey small dicc you have!mdm gey small dicc you have
2018-04-18 19:34:19 @Synapse#0692: small dicc you havemdm gey small dicc you havey small dicc you have!mdm gey small dicc you have!mdm gey small dicc you have!mdm gey small dicc you have!mdm gey small dicc you have!mdm gey small dicc you haveu have!mdm gey small dicc you havemdm gey small dicc you have!mdm gey small dicc you havey small dicc you have gey small dicc you have!mdm gey small dicc you haveou have!mdm gey small dicc you have!mdm gey small dicc you havemdm gey small dicc you have!mdm gey small dicc you have!mdm gey small dicc you haveve!mdm gey small dicc you have!mdm gey small dicc you have!mdm gey small dicc you have small dicc you have!mdm gey small dicc you have!mdm gey small dicc you havedicc you have!mdm gey small dicc you have!mdm gey small dicc you havemdm gey small dicc you have!mdm gey small dicc you have!mdm gey small dicc you have!mdm gey small dicc you havedm gey small dicc you have!mdm gey small dicc you haveu have!mdm gey small dicc you havey small dicc you have!mdm gey small dicc you have!mdm gey small dicc you have!mdm gey small dicc you have!mdm gey small dicc you havedm gey small dicc you have!mdm gey small dicc you haveve!mdm gey small dicc you have
2018-04-18 19:34:19 @Synapse#0692: small dicc you have
2018-04-18 19:34:20 @Synapse#0692: small dicc you have
2018-04-18 19:34:20 @Synapse#0692: small dicc you have!mdm gey small dicc you have!mdm gey small dicc you have!mdm gey small dicc you have!mdm gey small dicc you have dicc you havedm gey small dicc you have!mdm gey small dicc you have small dicc you have
2018-04-18 19:34:20 @Synapse#0692: small dicc you havee!mdm gey small dicc you have
2018-04-18 19:34:26 @Synapse#0692: small dicc you have
2018-04-18 19:34:26 @Synapse#0692: small dicc you havedm gey small dicc you have!mdm gey small dicc you have
2018-04-18 19:34:26 @Synapse#0692: small dicc you have
2018-04-18 19:34:27 @Synapse#0692: small dicc you have
2018-04-18 19:34:27 @Synapse#0692: small dicc you have!mdm gey small dicc you have
2018-04-18 19:34:33 @Synapse#0692: small dicc you havehave!mdm gey small dicc you have!mdm gey small dicc you have!mdm gey small dicc you have!mdm gey small dicc you have!mdm gey small dicc you have!mdm gey small dicc you have!mdm gey small dicc you have!mdm gey small dicc you have!mdm gey small dicc you have!mdm gey small dicc you have!mdm gey small dicc you have!mdm gey small dicc you have!mdm gey small dicc you have!mdm gey small dicc you have!mdm gey small dicc you have!mdm gey small dicc you haveey small dicc you have!mdm gey small dicc you have!mdm gey small dicc you havesmall dicc you have!mdm gey small dicc you have!mdm gey small dicc you havemall dicc you have!mdm gey small dicc you have!mdm gey small dicc you have!mdm gey small dicc you havem gey small dicc you have!mdm gey small dicc you havesmall dicc you haveall dicc you havehave
2018-04-18 19:34:33 @Synapse#0692: small dicc you have
2018-04-18 19:34:33 @Synapse#0692: small dicc you havedm gey small dicc you havedicc you have!mdm gey small dicc you have
2018-04-18 19:34:33 @Synapse#0692: small dicc you have
2018-04-18 19:34:33 @Synapse#0692: small dicc you haveey small dicc you have!mdm gey small dicc you have
2018-04-18 19:34:40 @Synapse#0692: small dicc you have
2018-04-18 19:34:40 @Synapse#0692: small dicc you have
2018-04-18 19:34:40 @Synapse#0692: small dicc you have!mdm gey small dicc you have!mdm gey small dicc you have
2018-04-18 19:34:40 @Synapse#0692: small dicc you have
2018-04-18 19:34:40 @Synapse#0692: small dicc you have!mdm gey small dicc you have
2018-04-18 19:34:47 @Synapse#0692: small dicc you have!mdm gey small dicc you have!mdm gey small dicc you have gey small dicc you haveve!mdm gey small dicc you have!mdm gey small dicc you have!mdm gey small dicc you have!mdm gey small dicc you have!mdm gey small dicc you havedm gey small dicc you have!mdm gey small dicc you have!mdm gey small dicc you have!mdm gey small dicc you have!mdm gey small dicc you havegey small dicc you have!mdm gey small dicc you have!mdm gey small dicc you havel dicc you have!mdm gey small dicc you have!mdm gey small dicc you havedm gey small dicc you have!mdm gey small dicc you have!mdm gey small dicc you have!mdm gey small dicc you havemdm gey small dicc you have!mdm gey small dicc you have!mdm gey small dicc you have!mdm gey small dicc you have gey small dicc you have!mdm gey small dicc you have!mdm gey small dicc you havehave!mdm gey small dicc you havey small dicc you haveey small dicc you have!mdm gey small dicc you have
