2018-04-19 00:59:22 @Muna#2484: !help
2018-04-19 00:59:23 @Synapse#0692: Hey there, @Muna! I sent you a list of commands through DM.
2018-04-19 00:59:23 @Synapse#0692: 
2018-04-19 00:59:23 @Synapse#0692 edited message from 2018-04-19 00:59:23 () to read: 
2018-04-19 00:59:23 @Synapse#0692: 
2018-04-19 00:59:24 @Synapse#0692 edited message from 2018-04-19 00:59:23 () to read: 
2018-04-19 00:59:24 @Synapse#0692: 
2018-04-19 00:59:24 @Synapse#0692 edited message from 2018-04-19 00:59:24 () to read: 
2018-04-19 00:59:24 @Synapse#0692: 
2018-04-19 00:59:24 @Synapse#0692 edited message from 2018-04-19 00:59:24 () to read: 
2018-04-19 00:59:29 @Synapse#0692: 
2018-04-19 00:59:29 @Synapse#0692 edited message from 2018-04-19 00:59:29 () to read: 
2018-04-19 00:59:29 @Synapse#0692: 
2018-04-19 00:59:29 @Synapse#0692 edited message from 2018-04-19 00:59:29 () to read: 
2018-04-19 00:59:29 @Synapse#0692: 
2018-04-19 00:59:30 @Synapse#0692 edited message from 2018-04-19 00:59:29 () to read: 
2018-04-19 00:59:30 @Synapse#0692: 
2018-04-19 00:59:30 @Synapse#0692 edited message from 2018-04-19 00:59:30 () to read: 
2018-04-19 00:59:30 @Synapse#0692: Also join the support server for synapse https://discord.gg/KS4a4yQ. DM Mr. Robot#0007 for more help
2018-04-19 00:59:37 @Muna#2484: !getkey
