2018-04-20 19:13:21 @Synapse#0692: 
2018-04-20 19:13:21 @Synapse#0692 edited message from 2018-04-20 19:13:21 () to read: 
2018-04-20 19:14:12 @Lightatory Darkontory#5280: .modules
2018-04-20 19:14:12 @Synapse#0692: 
2018-04-20 19:14:19 @Synapse#0692 edited message from 2018-04-20 19:14:12 () to read: 
2018-04-20 19:14:33 @Lightatory Darkontory#5280: .cmds Gambling
2018-04-20 19:14:33 @Synapse#0692: 
2018-04-20 19:14:33 @Synapse#0692 edited message from 2018-04-20 19:14:33 () to read: 
2018-04-20 19:17:32 @Lightatory Darkontory#5280: .betroll
2018-04-20 19:17:32 @Synapse#0692: Type `.h` for help.
2018-04-20 19:17:47 @Lightatory Darkontory#5280: .betrol 100
2018-04-20 19:17:47 @Synapse#0692: Type `.h` for help.
2018-04-20 19:17:53 @Lightatory Darkontory#5280: .betroll 100
2018-04-20 19:17:54 @Synapse#0692: 
2018-04-20 19:17:54 @Synapse#0692 edited message from 2018-04-20 19:17:54 () to read: 
2018-04-20 19:18:09 @Lightatory Darkontory#5280: .connect4
2018-04-20 19:18:09 @Synapse#0692: Type `.h` for help.
2018-04-20 19:18:16 @Lightatory Darkontory#5280: .connect4 con4
2018-04-20 19:18:16 @Synapse#0692: Type `.h` for help.
2018-04-20 19:18:28 @Lightatory Darkontory#5280: .$
2018-04-20 19:18:28 @Synapse#0692: 
2018-04-20 19:18:28 @Synapse#0692 edited message from 2018-04-20 19:18:28 () to read: 
2018-04-20 19:18:40 @Lightatory Darkontory#5280: .daily
2018-04-20 19:18:40 @Synapse#0692: Type `.h` for help.
2018-04-20 19:18:55 @Lightatory Darkontory#5280: .flip
2018-04-20 19:18:55 @Synapse#0692: 
2018-04-20 19:19:01 @Synapse#0692 edited message from 2018-04-20 19:18:55 () to read: 
2018-04-20 19:20:34 @Lightatory Darkontory#5280: .draw 5
2018-04-20 19:20:34 @Synapse#0692: Type `.h` for help.
2018-04-20 19:20:37 @Lightatory Darkontory#5280: .draw
2018-04-20 19:20:37 @Synapse#0692: Type `.h` for help.
2018-04-20 19:20:56 @Synapse#0692: what happened mate?
2018-04-20 19:21:06 @Lightatory Darkontory#5280: .slot
2018-04-20 19:21:06 @Synapse#0692: Type `.h` for help.
2018-04-20 19:21:10 @Lightatory Darkontory#5280: .playslot
2018-04-20 19:21:10 @Synapse#0692: Type `.h` for help.
2018-04-20 19:21:13 @Lightatory Darkontory#5280: .h
2018-04-20 19:21:13 @Synapse#0692: 
2018-04-20 19:21:13 @Synapse#0692 edited message from 2018-04-20 19:21:13 () to read: 
2018-04-20 19:21:22 @Lightatory Darkontory#5280: ,moudule
2018-04-20 19:21:22 @Synapse#0692: Type `.h` for help.
2018-04-20 19:21:29 @Lightatory Darkontory#5280: .modules
2018-04-20 19:21:29 @Synapse#0692: 
2018-04-20 19:21:29 @Synapse#0692 edited message from 2018-04-20 19:21:29 () to read: 
2018-04-20 19:21:34 @Lightatory Darkontory#5280: .games
2018-04-20 19:21:34 @Synapse#0692: Type `.h` for help.
2018-04-20 19:21:38 @Lightatory Darkontory#5280: games
2018-04-20 19:21:38 @Synapse#0692: Type `.h` for help.
2018-04-20 19:21:50 @Lightatory Darkontory#5280: .cmds Games
2018-04-20 19:21:50 @Synapse#0692: 
2018-04-20 19:21:50 @Synapse#0692 edited message from 2018-04-20 19:21:50 () to read: 
2018-04-20 19:21:55 @Lightatory Darkontory#5280: .hangman
2018-04-20 19:21:56 @Synapse#0692: Type `.h` for help.
2018-04-20 19:22:14 @Synapse#0692: LMAO you are lit
2018-04-20 19:22:31 @Lightatory Darkontory#5280: .tictactoe ttt
2018-04-20 19:22:31 @Synapse#0692: Type `.h` for help.
2018-04-20 19:22:34 @Lightatory Darkontory#5280: .ttt
2018-04-20 19:22:35 @Synapse#0692: Type `.h` for help.
2018-04-20 19:22:47 @Synapse#0692: what do you want?
2018-04-20 19:23:10 @Lightatory Darkontory#5280: .cmds Pokemon
2018-04-20 19:23:10 @Synapse#0692: 
2018-04-20 19:23:10 @Synapse#0692 edited message from 2018-04-20 19:23:10 () to read: 
2018-04-20 19:23:17 @Lightatory Darkontory#5280: .attack
2018-04-20 19:23:17 @Synapse#0692: Type `.h` for help.
2018-04-20 19:23:27 @Lightatory Darkontory#5280: .heal @Lightatory Darkontory#5280
2018-04-20 19:23:27 @Synapse#0692: Type `.h` for help.
2018-04-20 19:23:28 @Synapse#0692: ok fine
2018-04-20 19:23:38 @Synapse#0692: continue ur spam
2018-04-20 19:23:50 @Lightatory Darkontory#5280: .h attack
2018-04-20 19:23:50 @Synapse#0692: 
2018-04-20 19:23:50 @Synapse#0692 edited message from 2018-04-20 19:23:50 () to read: 
2018-04-20 19:24:18 @Lightatory Darkontory#5280: .attack "vine whip" @Lightatory Darkontory#5280
2018-04-20 19:24:18 @Synapse#0692: Type `.h` for help.
2018-04-20 19:24:32 @Lightatory Darkontory#5280: .attack vine whip @Lightatory Darkontory#5280
2018-04-20 19:24:32 @Synapse#0692: Type `.h` for help.
2018-04-20 19:24:52 @Lightatory Darkontory#5280: .h attack vine whip @Lightatory Darkontory#5280
2018-04-20 19:24:52 @Synapse#0692: 
2018-04-20 19:24:53 @Synapse#0692 edited message from 2018-04-20 19:24:52 () to read: 
2018-04-20 19:25:51 @Lightatory Darkontory#5280: .cmds Music
2018-04-20 19:25:52 @Synapse#0692: 
2018-04-20 19:25:52 @Synapse#0692 edited message from 2018-04-20 19:25:52 () to read: 
2018-04-20 19:26:15 @Lightatory Darkontory#5280: .h play
2018-04-20 19:26:15 @Synapse#0692: 
2018-04-20 19:26:15 @Synapse#0692 edited message from 2018-04-20 19:26:15 () to read: 
2018-04-20 19:26:30 @Lightatory Darkontory#5280: .h play run rabbit run
2018-04-20 19:26:30 @Synapse#0692: 
2018-04-20 19:26:30 @Synapse#0692 edited message from 2018-04-20 19:26:30 () to read: 
2018-04-20 19:26:54 @Synapse#0692: https://discord.gg/MRmJ4Nm
2018-04-20 19:27:06 @Lightatory Darkontory#5280: no
2018-04-20 19:27:06 @Synapse#0692: Type `.h` for help.
2018-04-20 19:30:50 @Lightatory Darkontory#5280: .module
2018-04-20 19:30:50 @Synapse#0692: Type `.h` for help.
2018-04-20 19:30:53 @Lightatory Darkontory#5280: .h
2018-04-20 19:30:53 @Synapse#0692: 
2018-04-20 19:30:53 @Synapse#0692 edited message from 2018-04-20 19:30:53 () to read: 
2018-04-20 19:30:58 @Lightatory Darkontory#5280: .modules
2018-04-20 19:30:59 @Synapse#0692: 
2018-04-20 19:30:59 @Synapse#0692 edited message from 2018-04-20 19:30:59 () to read: 
2018-04-20 19:31:13 @Lightatory Darkontory#5280: .cmds Gambling
2018-04-20 19:31:14 @Synapse#0692: 
2018-04-20 19:31:14 @Synapse#0692 edited message from 2018-04-20 19:31:14 () to read: 
2018-04-20 19:31:34 @Lightatory Darkontory#5280: .h rps
2018-04-20 19:31:34 @Synapse#0692: 
2018-04-20 19:31:34 @Synapse#0692 edited message from 2018-04-20 19:31:34 () to read: 
2018-04-20 19:31:52 @Lightatory Darkontory#5280: .rps paper
2018-04-20 19:31:52 @Synapse#0692: 
2018-04-20 19:31:52 @Synapse#0692 edited message from 2018-04-20 19:31:52 () to read: 
2018-04-20 19:32:08 @Lightatory Darkontory#5280: .rps rocket
2018-04-20 19:32:08 @Synapse#0692: 
2018-04-20 19:32:08 @Synapse#0692 edited message from 2018-04-20 19:32:08 () to read: 
2018-04-20 19:32:19 @Lightatory Darkontory#5280: .rps paper
2018-04-20 19:32:19 @Synapse#0692: 
2018-04-20 19:32:19 @Synapse#0692 edited message from 2018-04-20 19:32:19 () to read: 
2018-04-20 19:32:25 @Lightatory Darkontory#5280: .rps paper
2018-04-20 19:32:25 @Synapse#0692: 
2018-04-20 19:32:25 @Synapse#0692 edited message from 2018-04-20 19:32:25 () to read: 
2018-04-20 19:45:56 @Synapse#0692: 
2018-04-20 19:45:57 @Synapse#0692 edited message from 2018-04-20 19:45:56 () to read: 
2018-04-20 19:45:57 @Synapse#0692: 
2018-04-20 19:45:57 @Synapse#0692 edited message from 2018-04-20 19:45:57 () to read: 
2018-04-20 19:45:57 @Synapse#0692: 
2018-04-20 19:45:57 @Synapse#0692 edited message from 2018-04-20 19:45:57 () to read: 
2018-04-20 19:45:57 @Synapse#0692: 
2018-04-20 19:45:57 @Synapse#0692 edited message from 2018-04-20 19:45:57 () to read: 
2018-04-20 19:45:57 @Synapse#0692: 
2018-04-20 19:45:57 @Synapse#0692 edited message from 2018-04-20 19:45:57 () to read: 
2018-04-20 19:46:02 @Synapse#0692: 
2018-04-20 19:46:02 @Synapse#0692 edited message from 2018-04-20 19:46:02 () to read: 
2018-04-20 19:46:02 @Synapse#0692: 
2018-04-20 19:46:03 @Synapse#0692 edited message from 2018-04-20 19:46:02 () to read: 
2018-04-20 19:46:03 @Synapse#0692: 
2018-04-20 19:46:03 @Synapse#0692 edited message from 2018-04-20 19:46:03 () to read: 
2018-04-20 19:46:03 @Synapse#0692: 
2018-04-20 19:46:03 @Synapse#0692 edited message from 2018-04-20 19:46:03 () to read: 
2018-04-20 19:46:03 @Synapse#0692: 
2018-04-20 19:46:03 @Synapse#0692 edited message from 2018-04-20 19:46:03 () to read: 
2018-04-20 19:46:08 @Synapse#0692: Join the support server for help: <https://discord.gg/KS4a4yQ>We also have Nadeko bot integrated into it, type ``.help`` for info. For info contact Mr. Robot#0007
2018-04-20 23:39:11 @Synapse#0692: 
2018-04-20 23:39:11 @Synapse#0692 edited message from 2018-04-20 23:39:11 () to read: 
2018-04-20 23:39:11 @Synapse#0692: 
2018-04-20 23:39:11 @Synapse#0692 edited message from 2018-04-20 23:39:11 () to read: 
2018-04-20 23:39:11 @Synapse#0692: 
2018-04-20 23:39:11 @Synapse#0692 edited message from 2018-04-20 23:39:11 () to read: 
2018-04-20 23:39:11 @Synapse#0692: 
2018-04-20 23:39:12 @Synapse#0692 edited message from 2018-04-20 23:39:11 () to read: 
2018-04-20 23:39:12 @Synapse#0692: 
2018-04-20 23:39:12 @Synapse#0692 edited message from 2018-04-20 23:39:12 () to read: 
2018-04-20 23:39:17 @Synapse#0692: 
2018-04-20 23:39:17 @Synapse#0692 edited message from 2018-04-20 23:39:17 () to read: 
2018-04-20 23:39:17 @Synapse#0692: 
2018-04-20 23:39:17 @Synapse#0692 edited message from 2018-04-20 23:39:17 () to read: 
2018-04-20 23:39:17 @Synapse#0692: 
2018-04-20 23:39:17 @Synapse#0692 edited message from 2018-04-20 23:39:17 () to read: 
2018-04-20 23:39:17 @Synapse#0692: 
2018-04-20 23:39:18 @Synapse#0692 edited message from 2018-04-20 23:39:17 () to read: 
2018-04-20 23:39:18 @Synapse#0692: 
2018-04-20 23:39:18 @Synapse#0692 edited message from 2018-04-20 23:39:18 () to read: 
2018-04-20 23:39:23 @Synapse#0692: Join the support server for help: <https://discord.gg/KS4a4yQ>We also have Nadeko bot integrated into it, type ``.help`` for info. For info contact Mr. Robot#0007
