2018-04-22 08:39:18 @Synapse#0692: 
2018-04-22 08:39:19 @Synapse#0692 edited message from 2018-04-22 08:39:18 () to read: 
2018-04-22 08:39:19 @Synapse#0692: 
2018-04-22 08:39:19 @Synapse#0692 edited message from 2018-04-22 08:39:19 () to read: 
2018-04-22 08:39:19 @Synapse#0692: 
2018-04-22 08:39:19 @Synapse#0692 edited message from 2018-04-22 08:39:19 () to read: 
2018-04-22 08:39:19 @Synapse#0692: 
2018-04-22 08:39:19 @Synapse#0692 edited message from 2018-04-22 08:39:19 () to read: 
2018-04-22 08:39:19 @Synapse#0692: 
2018-04-22 08:39:19 @Synapse#0692 edited message from 2018-04-22 08:39:19 () to read: 
2018-04-22 08:39:24 @Synapse#0692: 
2018-04-22 08:39:24 @Synapse#0692 edited message from 2018-04-22 08:39:24 () to read: 
2018-04-22 08:39:25 @Synapse#0692: 
2018-04-22 08:39:25 @Synapse#0692 edited message from 2018-04-22 08:39:25 () to read: 
2018-04-22 08:39:25 @Synapse#0692: 
2018-04-22 08:39:25 @Synapse#0692 edited message from 2018-04-22 08:39:25 () to read: 
2018-04-22 08:39:25 @Synapse#0692: 
2018-04-22 08:39:25 @Synapse#0692 edited message from 2018-04-22 08:39:25 () to read: 
2018-04-22 08:39:25 @Synapse#0692: 
2018-04-22 08:39:25 @Synapse#0692 edited message from 2018-04-22 08:39:25 () to read: 
2018-04-22 08:39:30 @Synapse#0692: Join the support server for help: <https://discord.gg/KS4a4yQ>We also have Nadeko bot integrated into it, type ``.help`` for info. For info contact Mr. Robot#0007
2018-04-23 05:12:02 @☆Denialhaikal☆GG#0498: !shop
2018-04-23 05:12:02 @Synapse#0692: That command is not available in DMs.
2018-04-23 05:12:03 @Synapse#0692: Type `.h` for help.
2018-04-23 05:12:18 @☆Denialhaikal☆GG#0498: .sho
2018-04-23 05:12:18 @Synapse#0692: Type `.h` for help.
2018-04-23 05:12:22 @☆Denialhaikal☆GG#0498: .shop
2018-04-23 05:12:22 @Synapse#0692: Type `.h` for help.
2018-04-23 05:12:30 @☆Denialhaikal☆GG#0498: .h sjop
2018-04-23 05:12:30 @Synapse#0692: 
2018-04-23 05:12:30 @Synapse#0692 edited message from 2018-04-23 05:12:30 () to read: 
2018-04-23 05:12:35 @☆Denialhaikal☆GG#0498: .h shop
2018-04-23 05:12:35 @Synapse#0692: 
2018-04-23 05:12:35 @Synapse#0692 edited message from 2018-04-23 05:12:35 () to read: 
