2018-04-23 14:40:51 @HT#0758: !help
2018-04-23 14:40:52 @Synapse#0692: Type `.h` for help.
2018-04-23 14:40:53 @Synapse#0692: Check your DM, @HT! I have sent something for you :wink:
2018-04-23 14:40:53 @Synapse#0692: 
2018-04-23 14:40:53 @Synapse#0692 edited message from 2018-04-23 14:40:53 () to read: 
2018-04-23 14:40:53 @Synapse#0692: 
2018-04-23 14:40:53 @Synapse#0692 edited message from 2018-04-23 14:40:53 () to read: 
2018-04-23 14:40:54 @Synapse#0692: 
2018-04-23 14:40:54 @Synapse#0692 edited message from 2018-04-23 14:40:54 () to read: 
2018-04-23 14:40:58 @Synapse#0692: 
2018-04-23 14:40:58 @Synapse#0692 edited message from 2018-04-23 14:40:58 () to read: 
2018-04-23 14:40:58 @Synapse#0692: 
2018-04-23 14:40:58 @Synapse#0692 edited message from 2018-04-23 14:40:58 () to read: 
2018-04-23 14:40:58 @Synapse#0692: 
2018-04-23 14:40:58 @Synapse#0692 edited message from 2018-04-23 14:40:58 () to read: 
2018-04-23 14:40:58 @Synapse#0692: 
2018-04-23 14:40:59 @Synapse#0692 edited message from 2018-04-23 14:40:58 () to read: 
2018-04-23 14:40:59 @Synapse#0692: 
2018-04-23 14:40:59 @Synapse#0692 edited message from 2018-04-23 14:40:59 () to read: 
2018-04-23 14:41:04 @Synapse#0692: Join the support server for help: <https://discord.gg/KS4a4yQ>We also have Nadeko bot integrated into it, type ``.help`` for info. For info contact Mr. Robot#0007
