2018-04-24 03:06:37 @Kmbunner#6143: !help
2018-04-24 03:06:37 @Synapse#0692: Type `.h` for help.
2018-04-24 03:06:38 @Synapse#0692: Check your DM, @Kmbunner! I have sent something for you :wink:
2018-04-24 03:06:38 @Synapse#0692: 
2018-04-24 03:06:38 @Synapse#0692 edited message from 2018-04-24 03:06:38 () to read: 
2018-04-24 03:06:38 @Synapse#0692: 
2018-04-24 03:06:39 @Synapse#0692 edited message from 2018-04-24 03:06:38 () to read: 
2018-04-24 03:06:39 @Synapse#0692: 
2018-04-24 03:06:39 @Synapse#0692 edited message from 2018-04-24 03:06:39 () to read: 
2018-04-24 03:06:40 @Kmbunner#6143: .h
2018-04-24 03:06:43 @Synapse#0692: 
2018-04-24 03:06:43 @Synapse#0692 edited message from 2018-04-24 03:06:43 () to read: 
2018-04-24 03:06:43 @Synapse#0692: 
2018-04-24 03:06:43 @Synapse#0692 edited message from 2018-04-24 03:06:43 () to read: 
2018-04-24 03:06:43 @Synapse#0692: 
2018-04-24 03:06:43 @Synapse#0692: 
2018-04-24 03:06:43 @Synapse#0692 edited message from 2018-04-24 03:06:43 () to read: 
2018-04-24 03:06:43 @Synapse#0692 edited message from 2018-04-24 03:06:43 () to read: 
2018-04-24 03:06:43 @Synapse#0692: 
2018-04-24 03:06:43 @Synapse#0692 edited message from 2018-04-24 03:06:43 () to read: 
2018-04-24 03:06:50 @Synapse#0692: 
2018-04-24 03:06:50 @Synapse#0692 edited message from 2018-04-24 03:06:50 () to read: 
2018-04-24 03:06:50 @Synapse#0692: Join the support server for help: <https://discord.gg/KS4a4yQ>We also have Nadeko bot integrated into it, type ``.help`` for info. For info contact Mr. Robot#0007
