2018-04-27 12:04:41 @Synapse#0692: 
2018-04-27 12:04:41 @Synapse#0692 edited message from 2018-04-27 12:04:41 () to read: 
2018-04-27 12:04:41 @Synapse#0692: 
2018-04-27 12:04:41 @Synapse#0692 edited message from 2018-04-27 12:04:41 () to read: 
2018-04-27 12:04:41 @Synapse#0692: 
2018-04-27 12:04:44 @Synapse#0692 edited message from 2018-04-27 12:04:41 () to read: 
2018-04-27 12:04:44 @Synapse#0692: 
2018-04-27 12:04:44 @Synapse#0692 edited message from 2018-04-27 12:04:44 () to read: 
2018-04-27 12:04:44 @Synapse#0692: 
2018-04-27 12:04:44 @Synapse#0692 edited message from 2018-04-27 12:04:44 () to read: 
2018-04-27 12:04:47 @Synapse#0692: 
2018-04-27 12:04:48 @Synapse#0692 edited message from 2018-04-27 12:04:47 () to read: 
2018-04-27 12:04:48 @Synapse#0692: 
2018-04-27 12:04:48 @Synapse#0692 edited message from 2018-04-27 12:04:48 () to read: 
2018-04-27 12:04:48 @Synapse#0692: 
2018-04-27 12:04:48 @Synapse#0692 edited message from 2018-04-27 12:04:48 () to read: 
2018-04-27 12:04:48 @Synapse#0692: 
2018-04-27 12:04:48 @Synapse#0692 edited message from 2018-04-27 12:04:48 () to read: 
2018-04-27 12:04:48 @Synapse#0692: 
2018-04-27 12:04:48 @Synapse#0692 edited message from 2018-04-27 12:04:48 () to read: 
2018-04-27 12:04:55 @Synapse#0692: Join the support server for help: <https://discord.gg/KS4a4yQ>We also have Nadeko bot integrated into it, type ``.help`` for info. For info contact Mr. Robot#0007
2018-04-27 12:06:53 @MP_G#1890: .fuck
2018-04-27 12:06:53 @Synapse#0692: Type `.h` for help.
2018-04-27 12:06:59 @MP_G#1890: !fuck
2018-04-27 12:06:59 @Synapse#0692: Type `.h` for help.
2018-04-27 12:07:05 @MP_G#1890: !fuck you
2018-04-27 12:07:05 @Synapse#0692: Type `.h` for help.
2018-04-27 12:08:23 @Synapse#0692: 
2018-04-27 12:08:24 @Synapse#0692 edited message from 2018-04-27 12:08:23 () to read: 
