2018-04-27 20:27:33 @Synapse#0692: 
2018-04-27 20:27:35 @Synapse#0692 edited message from 2018-04-27 20:27:33 () to read: 
2018-04-27 20:27:35 @Synapse#0692: 
2018-04-27 20:27:36 @Synapse#0692 edited message from 2018-04-27 20:27:35 () to read: 
2018-04-27 20:27:36 @Synapse#0692: 
2018-04-27 20:27:36 @Synapse#0692 edited message from 2018-04-27 20:27:36 () to read: 
2018-04-27 20:27:36 @Synapse#0692: 
2018-04-27 20:27:36 @Synapse#0692 edited message from 2018-04-27 20:27:36 () to read: 
2018-04-27 20:27:36 @Synapse#0692: 
2018-04-27 20:27:36 @Synapse#0692 edited message from 2018-04-27 20:27:36 () to read: 
2018-04-27 20:27:39 @Synapse#0692: 
2018-04-27 20:27:40 @Synapse#0692 edited message from 2018-04-27 20:27:39 () to read: 
2018-04-27 20:27:40 @Synapse#0692: 
2018-04-27 20:27:40 @Synapse#0692 edited message from 2018-04-27 20:27:40 () to read: 
2018-04-27 20:27:40 @Synapse#0692: 
2018-04-27 20:27:40 @Synapse#0692 edited message from 2018-04-27 20:27:40 () to read: 
2018-04-27 20:27:40 @Synapse#0692: 
2018-04-27 20:27:41 @Synapse#0692 edited message from 2018-04-27 20:27:40 () to read: 
2018-04-27 20:27:41 @Synapse#0692: 
2018-04-27 20:27:41 @Synapse#0692 edited message from 2018-04-27 20:27:41 () to read: 
2018-04-27 20:27:46 @Synapse#0692: Join the support server for help: <https://discord.gg/KS4a4yQ>We also have Nadeko bot integrated into it, type ``.help`` for info. For info contact Mr. Robot#0007
2018-04-27 20:28:05 @NarvHal#9385: !Casino
2018-04-27 20:28:05 @Synapse#0692: Type `.h` for help.
2018-04-27 20:28:47 @NarvHal#9385: youtube
2018-04-27 20:28:47 @Synapse#0692: Type `.h` for help.
2018-04-27 20:29:08 @NarvHal#9385: welcome
2018-04-27 20:29:09 @Synapse#0692: Type `.h` for help.
2018-04-27 20:31:22 @Synapse#0692: 
2018-04-27 20:31:22 @Synapse#0692 edited message from 2018-04-27 20:31:22 () to read: 
