2018-04-28 13:00:19 @Synapse#0692: 
2018-04-28 13:00:21 @Synapse#0692 edited message from 2018-04-28 13:00:19 () to read: 
2018-05-02 08:35:56 @DeVouzOrZ#9929: .hentai
2018-05-02 08:35:56 @Synapse#0692: 
2018-05-02 08:36:07 @DeVouzOrZ#9929: .nsfw
2018-05-02 08:36:08 @Synapse#0692: Type `.h` for help.
2018-05-02 08:36:11 @DeVouzOrZ#9929: .h
2018-05-02 08:36:11 @Synapse#0692: 
2018-05-02 08:36:11 @Synapse#0692 edited message from 2018-05-02 08:36:11 () to read: 
2018-05-02 08:36:18 @DeVouzOrZ#9929: .hentai
2018-05-02 08:36:18 @Synapse#0692: 
2018-05-02 08:36:19 @Synapse#0692 edited message from 2018-05-02 08:36:18 () to read: 
2018-05-02 08:36:24 @DeVouzOrZ#9929: .hentI
2018-05-02 08:36:24 @Synapse#0692: Type `.h` for help.
2018-05-02 08:36:28 @DeVouzOrZ#9929: .hentai
2018-05-02 08:36:28 @Synapse#0692: 
2018-05-02 08:36:36 @DeVouzOrZ#9929: .hentai
2018-05-02 08:36:36 @Synapse#0692: 
2018-05-02 08:36:41 @Synapse#0692 edited message from 2018-05-02 08:36:36 () to read: 
2018-05-02 08:36:45 @DeVouzOrZ#9929: .hentai
2018-05-02 08:36:45 @Synapse#0692: 
2018-05-02 08:36:49 @DeVouzOrZ#9929: .hentai
2018-05-02 08:36:50 @Synapse#0692: 
2018-05-02 08:36:55 @Synapse#0692 edited message from 2018-05-02 08:36:50 () to read: 
2018-05-02 08:36:59 @DeVouzOrZ#9929: .hentai
2018-05-02 08:36:59 @Synapse#0692: 
2018-05-02 08:37:04 @DeVouzOrZ#9929: .hentai
2018-05-02 08:37:05 @Synapse#0692 edited message from 2018-05-02 08:36:59 () to read: 
2018-05-02 08:37:04 @Synapse#0692: 
2018-05-02 08:37:08 @Synapse#0692 edited message from 2018-05-02 08:37:04 () to read: 
2018-05-02 08:37:16 @DeVouzOrZ#9929: .hentai
2018-05-02 08:37:16 @Synapse#0692: 
2018-05-02 08:37:18 @Synapse#0692 edited message from 2018-05-02 08:37:16 () to read: 
2018-05-02 08:37:29 @DeVouzOrZ#9929: .hentai
2018-05-02 08:37:29 @Synapse#0692: 
2018-05-02 08:37:32 @Synapse#0692 edited message from 2018-05-02 08:37:29 () to read: 
2018-05-02 09:32:06 @DeVouzOrZ#9929: .yandere
2018-05-02 09:32:06 @Synapse#0692: 
2018-05-02 09:32:12 @Synapse#0692 edited message from 2018-05-02 09:32:06 () to read: 
2018-05-02 09:32:14 @DeVouzOrZ#9929: .module
2018-05-02 09:32:14 @Synapse#0692: Type `.h` for help.
2018-05-02 09:32:19 @DeVouzOrZ#9929: .h module
2018-05-02 09:32:19 @Synapse#0692: 
2018-05-02 09:32:19 @Synapse#0692 edited message from 2018-05-02 09:32:19 () to read: 
2018-05-02 09:32:22 @DeVouzOrZ#9929: .h
2018-05-02 09:32:22 @Synapse#0692: 
2018-05-02 09:32:22 @Synapse#0692 edited message from 2018-05-02 09:32:22 () to read: 
2018-05-02 09:32:31 @DeVouzOrZ#9929: .modules
2018-05-02 09:32:31 @Synapse#0692: 
2018-05-02 09:32:31 @Synapse#0692 edited message from 2018-05-02 09:32:31 () to read: 
2018-05-02 09:32:49 @DeVouzOrZ#9929: .cmds Games
2018-05-02 09:32:49 @Synapse#0692: 
2018-05-02 09:32:50 @Synapse#0692 edited message from 2018-05-02 09:32:49 () to read: 
2018-05-02 09:32:54 @DeVouzOrZ#9929: .8ball
2018-05-02 09:33:05 @DeVouzOrZ#9929: .h 8ball
2018-05-02 09:33:05 @Synapse#0692: 
2018-05-02 09:33:11 @Synapse#0692 edited message from 2018-05-02 09:33:05 () to read: 
2018-05-02 09:33:19 @DeVouzOrZ#9929: .h leet
2018-05-02 09:33:19 @Synapse#0692: 
2018-05-02 09:33:19 @Synapse#0692 edited message from 2018-05-02 09:33:19 () to read: 
2018-05-02 09:33:28 @DeVouzOrZ#9929: .leet 4 hi
2018-05-02 09:33:28 @Synapse#0692: 
2018-05-02 09:33:28 @Synapse#0692 edited message from 2018-05-02 09:33:28 () to read: 
2018-05-02 09:33:44 @DeVouzOrZ#9929: .leet Kontol 2
2018-05-02 09:33:44 @Synapse#0692: Type `.h` for help.
2018-05-02 09:33:50 @DeVouzOrZ#9929: .leet 2 kontol
2018-05-02 09:33:50 @Synapse#0692: 
2018-05-02 09:33:50 @Synapse#0692 edited message from 2018-05-02 09:33:50 () to read: 
2018-05-02 09:34:03 @DeVouzOrZ#9929: .leet 4 coli
2018-05-02 09:34:03 @Synapse#0692: 
2018-05-02 09:34:04 @Synapse#0692 edited message from 2018-05-02 09:34:03 () to read: 
2018-05-02 09:34:16 @DeVouzOrZ#9929: .leet 5 bacot
2018-05-02 09:34:16 @Synapse#0692: 
2018-05-02 09:34:17 @Synapse#0692 edited message from 2018-05-02 09:34:16 () to read: 
2018-05-02 09:34:29 @DeVouzOrZ#9929: .leet 10 iam neon
2018-05-02 09:34:29 @Synapse#0692: 
2018-05-02 09:34:29 @Synapse#0692 edited message from 2018-05-02 09:34:29 () to read: 
2018-05-02 09:35:07 @DeVouzOrZ#9929: .8ball 3 hi
2018-05-02 09:35:08 @Synapse#0692: 
2018-05-02 09:35:08 @Synapse#0692 edited message from 2018-05-02 09:35:08 () to read: 
2018-05-02 09:35:20 @DeVouzOrZ#9929: .8ball Who Am I
2018-05-02 09:35:20 @Synapse#0692: 
2018-05-02 09:35:23 @Synapse#0692 edited message from 2018-05-02 09:35:20 () to read: 
2018-05-02 09:35:33 @DeVouzOrZ#9929: .8ball Am I Watching Porn?
2018-05-02 09:35:33 @Synapse#0692: 
2018-05-02 09:35:34 @Synapse#0692 edited message from 2018-05-02 09:35:33 () to read: 
2018-05-02 09:35:43 @DeVouzOrZ#9929: .modules
2018-05-02 09:35:43 @Synapse#0692: 
2018-05-02 09:35:43 @Synapse#0692 edited message from 2018-05-02 09:35:43 () to read: 
2018-05-02 09:35:50 @DeVouzOrZ#9929: .cmds nsfw
2018-05-02 09:35:50 @Synapse#0692: 
2018-05-02 09:35:50 @Synapse#0692 edited message from 2018-05-02 09:35:50 () to read: 
2018-05-02 09:35:59 @DeVouzOrZ#9929: .konachan
2018-05-02 09:35:59 @Synapse#0692: 
2018-05-02 09:36:05 @Synapse#0692 edited message from 2018-05-02 09:35:59 () to read: 
2018-05-02 09:36:10 @DeVouzOrZ#9929: .konachan
2018-05-02 09:36:10 @Synapse#0692: 
2018-05-02 09:36:15 @DeVouzOrZ#9929: .konachan
2018-05-02 09:36:15 @Synapse#0692: 
2018-05-02 09:36:23 @DeVouzOrZ#9929: .boobs
2018-05-02 09:36:23 @Synapse#0692: http://media.oboobs.ru/boobs_preview/05108.jpg
2018-05-02 09:44:03 @DeVouzOrZ#9929: .konachan
2018-05-02 09:44:04 @Synapse#0692: 
2018-05-02 09:45:42 @DeVouzOrZ#9929: A
2018-05-02 09:45:42 @Synapse#0692: Type `.h` for help.
2018-05-02 09:45:49 @DeVouzOrZ#9929: .konachan
2018-05-02 09:45:49 @Synapse#0692: 
2018-05-02 09:45:49 @Synapse#0692 edited message from 2018-05-02 09:45:49 () to read: 
2018-05-02 09:45:56 @DeVouzOrZ#9929: .add
2018-05-02 09:45:56 @Synapse#0692: Type `.h` for help.
2018-05-02 09:45:58 @DeVouzOrZ#9929: .h
2018-05-02 09:45:58 @Synapse#0692: 
2018-05-02 09:45:59 @Synapse#0692 edited message from 2018-05-02 09:45:58 () to read: 
2018-05-02 09:46:09 @DeVouzOrZ#9929: .commmands admin
2018-05-02 09:46:09 @Synapse#0692: Type `.h` for help.
2018-05-02 09:46:16 @DeVouzOrZ#9929: .commands admin
2018-05-02 09:46:16 @Synapse#0692: 
2018-05-02 09:46:17 @Synapse#0692 edited message from 2018-05-02 09:46:16 () to read: 
2018-05-02 09:46:29 @DeVouzOrZ#9929: .modules
2018-05-02 09:46:29 @Synapse#0692: 
2018-05-02 09:46:33 @Synapse#0692 edited message from 2018-05-02 09:46:29 () to read: 
2018-05-02 09:46:40 @DeVouzOrZ#9929: .music
2018-05-02 09:46:40 @Synapse#0692: Type `.h` for help.
2018-05-02 09:46:45 @DeVouzOrZ#9929: .h music
2018-05-02 09:46:46 @Synapse#0692: 
2018-05-02 09:46:46 @Synapse#0692 edited message from 2018-05-02 09:46:46 () to read: 
2018-05-02 09:46:53 @DeVouzOrZ#9929: .cmds music
2018-05-02 09:46:53 @Synapse#0692: 
2018-05-02 09:46:54 @Synapse#0692 edited message from 2018-05-02 09:46:53 () to read: 
