2018-05-02 16:50:44 @Synapse#0692: 
2018-05-02 16:50:44 @Synapse#0692 edited message from 2018-05-02 16:50:44 () to read: 
2018-05-02 16:50:44 @Synapse#0692: 
2018-05-02 16:50:45 @Synapse#0692 edited message from 2018-05-02 16:50:44 () to read: 
2018-05-02 16:50:45 @Synapse#0692: 
2018-05-02 16:50:45 @Synapse#0692 edited message from 2018-05-02 16:50:45 () to read: 
2018-05-02 16:50:45 @Synapse#0692: 
2018-05-02 16:50:45 @Synapse#0692 edited message from 2018-05-02 16:50:45 () to read: 
2018-05-02 16:50:45 @Synapse#0692: 
2018-05-02 16:50:45 @Synapse#0692 edited message from 2018-05-02 16:50:45 () to read: 
2018-05-02 16:50:50 @Synapse#0692: 
2018-05-02 16:50:50 @Synapse#0692 edited message from 2018-05-02 16:50:50 () to read: 
2018-05-02 16:50:50 @Synapse#0692: 
2018-05-02 16:50:51 @Synapse#0692 edited message from 2018-05-02 16:50:50 () to read: 
2018-05-02 16:50:51 @Synapse#0692: 
2018-05-02 16:50:51 @Synapse#0692 edited message from 2018-05-02 16:50:51 () to read: 
2018-05-02 16:50:51 @Synapse#0692: 
2018-05-02 16:50:51 @Synapse#0692 edited message from 2018-05-02 16:50:51 () to read: 
2018-05-02 16:50:51 @Synapse#0692: 
2018-05-02 16:50:51 @Synapse#0692 edited message from 2018-05-02 16:50:51 () to read: 
2018-05-02 16:50:57 @Synapse#0692: Join the support server for help: <https://discord.gg/KS4a4yQ>We also have Nadeko bot integrated into it, type ``.help`` for info. For info contact Mr. Robot#0007
2018-05-02 16:54:00 @luisluisreal#1907: https://discordapp.com/channels/433353862892617729/433353862892617731
2018-05-02 16:54:00 @Synapse#0692: Type `.h` for help.
2018-05-02 16:54:01 @luisluisreal#1907 edited message from 2018-05-02 16:54:00 (https://discordapp.com/channels/433353862892617729/433353862892617731) to read: https://discordapp.com/channels/433353862892617729/433353862892617731
