2018-05-02 14:43:54 @Synapse#0692: 
2018-05-02 14:43:54 @Synapse#0692 edited message from 2018-05-02 14:43:54 () to read: 
2018-05-02 14:43:54 @Synapse#0692: 
2018-05-02 14:43:54 @Synapse#0692 edited message from 2018-05-02 14:43:54 () to read: 
2018-05-02 14:43:54 @Synapse#0692: 
2018-05-02 14:43:54 @Synapse#0692 edited message from 2018-05-02 14:43:54 () to read: 
2018-05-02 14:43:54 @Synapse#0692: 
2018-05-02 14:43:54 @Synapse#0692 edited message from 2018-05-02 14:43:54 () to read: 
2018-05-02 14:43:54 @Synapse#0692: 
2018-05-02 14:43:54 @Synapse#0692 edited message from 2018-05-02 14:43:54 () to read: 
2018-05-02 14:43:59 @Synapse#0692: 
2018-05-02 14:44:00 @Synapse#0692 edited message from 2018-05-02 14:43:59 () to read: 
2018-05-02 14:44:00 @Synapse#0692: 
2018-05-02 14:44:00 @Synapse#0692 edited message from 2018-05-02 14:44:00 () to read: 
2018-05-02 14:44:00 @Synapse#0692: 
2018-05-02 14:44:00 @Synapse#0692 edited message from 2018-05-02 14:44:00 () to read: 
2018-05-02 14:44:00 @Synapse#0692: 
2018-05-02 14:44:00 @Synapse#0692 edited message from 2018-05-02 14:44:00 () to read: 
2018-05-02 14:44:00 @Synapse#0692: 
2018-05-02 14:44:00 @Synapse#0692 edited message from 2018-05-02 14:44:00 () to read: 
2018-05-02 14:44:06 @Synapse#0692: Join the support server for help: <https://discord.gg/KS4a4yQ>We also have Nadeko bot integrated into it, type ``.help`` for info. For info contact Mr. Robot#0007
2018-05-02 14:44:47 @MiniBANNED/Bm0🌫#0385: !radio
2018-05-02 14:44:47 @Synapse#0692: That command is not available in DMs.
2018-05-02 14:44:47 @Synapse#0692: Type `.h` for help.
2018-05-02 14:45:22 @MiniBANNED/Bm0🌫#0385: !rols
2018-05-02 14:45:23 @Synapse#0692: Type `.h` for help.
2018-05-02 14:45:27 @MiniBANNED/Bm0🌫#0385: .h
2018-05-02 14:45:27 @Synapse#0692: 
2018-05-02 14:45:27 @Synapse#0692 edited message from 2018-05-02 14:45:27 () to read: 
