2018-04-22 16:06:52 this bot joined the server
2018-04-22 16:06:52 Role created: 'Synapse' (id 437645477282971648)
2018-04-22 16:06:52 Member role add: 'Synapse' role was added to @Synapse#0692
2018-04-22 16:07:34 Member join: @BoobBot™#5382 (id 285480424904327179)
2018-04-22 16:12:40 Member role add: 'Bots' role was added to @BoobBot™#5382
2018-04-22 16:12:41 Member role add: 'VIADÃO BONITO' role was added to @BoobBot™#5382
2018-04-22 16:12:48 Member role add: 'Bots' role was added to @Synapse#0692
2018-04-22 16:12:50 Member role add: 'VIADÃO BONITO' role was added to @Synapse#0692
2018-04-22 16:12:51 Member role add: 'Figurante' role was added to @Synapse#0692
2018-04-22 17:55:32 Member role add: 'Upador de videos' role was added to @Synapse#0692
2018-04-22 17:55:34 Member role add: 'membro ativo' role was added to @Synapse#0692
2018-04-22 17:55:35 Member role add: 'Gravador' role was added to @Synapse#0692
2018-04-22 17:55:37 Member role add: 'new role' role was added to @Synapse#0692
2018-04-22 17:55:39 Member role add: 'new role' role was added to @Synapse#0692
2018-04-22 17:55:41 Member role add: 'Editor' role was added to @Synapse#0692
2018-04-22 17:55:42 Member role add: 'Editor' role was added to @Synapse#0692
2018-04-22 20:46:15 Member role add: 'Gravador' role was added to @PudimSenpai#9637
2018-04-22 22:56:39 Channel position: gravando moved from 1 to 0
2018-04-22 22:56:39 Channel position: Jogando off moved from 2 to 1
2018-04-22 22:56:39 Channel position: naruto-online moved from 0 to 2
2018-04-22 22:56:42 Channel position: naruto-online moved from 2 to 1
2018-04-22 22:56:42 Channel position: Jogando off moved from 1 to 2
2018-04-22 23:02:49 Member role remove: The 'Editor' role was removed from @Synapse#0692
2018-04-22 23:02:49 Member role remove: The 'new role' role was removed from @Synapse#0692
2018-04-22 23:02:50 Member role remove: The 'Editor' role was removed from @Synapse#0692
2018-04-22 23:02:50 Member role remove: The 'Gravador' role was removed from @Synapse#0692
2018-04-22 23:02:51 Member role remove: The 'new role' role was removed from @Synapse#0692
2018-04-22 23:02:51 Member role remove: The 'Upador de videos' role was removed from @Synapse#0692
2018-04-22 23:02:52 Member role remove: The 'Figurante' role was removed from @Synapse#0692
2018-04-22 23:02:52 Member role remove: The 'Bots' role was removed from @Synapse#0692
2018-04-22 23:02:53 Member role remove: The 'VIADÃO BONITO' role was removed from @Synapse#0692
2018-04-22 23:02:54 Member role add: 'Bots' role was added to @Synapse#0692
2018-04-22 23:02:59 Member role add: 'Figurante' role was added to @Synapse#0692
2018-04-22 23:03:02 Member role remove: The 'Figurante' role was removed from @Synapse#0692
2018-04-22 23:03:04 Member role add: 'VIADÃO BONITO' role was added to @Synapse#0692
2018-04-23 21:45:03 Member unban: @Enzoo#9219 (id 413819374764294155)
2018-04-23 21:45:26 Member join: @Enzoo#9219 (id 413819374764294155)
2018-04-23 21:45:54 Member role add: 'VIADÃO BONITO' role was added to @Enzoo#9219
2018-04-23 21:47:54 Member role add: 'Figurante' role was added to @Enzoo#9219
2018-04-23 21:47:58 Member role add: 'Editor' role was added to @Enzoo#9219
2018-04-23 21:48:01 Member role add: 'Editor' role was added to @Enzoo#9219
2018-04-23 21:48:04 Member role add: 'new role' role was added to @Enzoo#9219
2018-04-23 21:48:06 Member role add: 'Gravador' role was added to @Enzoo#9219
2018-04-23 21:48:09 Member role add: 'Upador de videos' role was added to @Enzoo#9219
2018-04-23 21:48:12 Member role add: 'new role' role was added to @Enzoo#9219
2018-04-23 21:48:14 Member role add: 'Bots' role was added to @Enzoo#9219
2018-04-23 21:48:16 Member role add: 'membro ativo' role was added to @Enzoo#9219
2018-04-23 21:48:17 Member role remove: The 'Editor' role was removed from @Enzoo#9219
2018-04-23 21:48:17 Member role remove: The 'new role' role was removed from @Enzoo#9219
2018-04-23 21:48:18 Member role remove: The 'Editor' role was removed from @Enzoo#9219
2018-04-23 21:48:18 Member role remove: The 'Gravador' role was removed from @Enzoo#9219
2018-04-23 21:48:19 Member role remove: The 'new role' role was removed from @Enzoo#9219
2018-04-23 21:48:19 Member role remove: The 'Upador de videos' role was removed from @Enzoo#9219
2018-04-23 21:48:19 Member role remove: The 'Figurante' role was removed from @Enzoo#9219
2018-04-23 21:48:20 Member role remove: The 'Bots' role was removed from @Enzoo#9219
2018-04-23 21:48:28 Member role add: 'Figurante' role was added to @Enzoo#9219
2018-04-23 21:48:31 Member role remove: The 'Figurante' role was removed from @Enzoo#9219
2018-04-24 21:36:02 Member leave: @Enzoo#9219 (id 413819374764294155)
2018-04-24 21:40:28 Member join: @Enzoo#9219 (id 413819374764294155)
2018-04-24 22:26:28 Member role add: 'Editor' role was added to @Ban#7286
2018-04-24 23:02:04 Member username: '@S348岡NIBI岡#5891' (id 364094785407156236) changed username from 'S348岡NIBI岡' to 'S348NIBI'
2018-04-24 23:56:39 Member ban: @Enzoo#9219 (id 413819374764294155)
2018-04-24 23:56:39 Member leave: @Enzoo#9219 (id 413819374764294155)
2018-04-24 23:57:01 Member unban: @Enzoo#9219 (id 413819374764294155)
2018-04-25 00:01:52 Member join: @Enzoo#9219 (id 413819374764294155)
2018-04-25 00:02:27 Member ban: @Enzoo#9219 (id 413819374764294155)
2018-04-25 00:02:27 Member leave: @Enzoo#9219 (id 413819374764294155)
2018-04-25 23:41:41 Member unban: @Enzoo#9219 (id 413819374764294155)
2018-04-26 02:14:03 Member join: @Enzoo#9219 (id 413819374764294155)
2018-04-27 00:22:38 Member role add: 'VIADÃO BONITO' role was added to @Enzoo#9219
2018-04-27 00:32:41 Member nickname: '@Synapse#0692' (id 435538622293344266) changed nickname from 'None' to 'mãe'
2018-04-27 23:34:36 Member ban: @Enzoo#9219 (id 413819374764294155)
2018-04-27 23:34:36 Member leave: @Enzoo#9219 (id 413819374764294155)
2018-04-27 23:35:54 Member unban: @Enzoo#9219 (id 413819374764294155)
2018-04-30 16:52:04 Member join: @Enzoo#9219 (id 413819374764294155)
2018-04-30 18:23:02 Member ban: @Enzoo#9219 (id 413819374764294155)
2018-04-30 18:23:02 Member leave: @Enzoo#9219 (id 413819374764294155)
2018-04-30 18:23:32 Member unban: @Enzoo#9219 (id 413819374764294155)
2018-04-30 18:28:07 Member join: @Enzoo#9219 (id 413819374764294155)
2018-04-30 23:39:42 Member username: '@Enzoo#9219' (id 413819374764294155) changed username from 'Enzoo' to 'Peninha'
2018-04-30 23:45:07 Member role add: 'VIADÃO BONITO' role was added to @Peninha#9219
2018-05-01 13:40:52 Member nickname: '@BoobBot™#5382' (id 285480424904327179) changed nickname from 'None' to 'tesão'
2018-05-01 14:07:42 Member role remove: The 'VIADÃO BONITO' role was removed from @Peninha#9219
2018-05-01 14:07:49 Member role add: 'Bots' role was added to @Peninha#9219
2018-05-01 16:14:53 Member role remove: The 'Bots' role was removed from @Peninha#9219
2018-05-01 16:14:53 Member role add: 'VIADÃO BONITO' role was added to @Peninha#9219
2018-05-01 16:14:55 Member role remove: The 'VIADÃO BONITO' role was removed from @Peninha#9219
2018-05-01 16:14:58 Member role add: 'VIADÃO BONITO' role was added to @Peninha#9219
2018-05-01 16:32:05 Member role add: 'membro ativo' role was added to @Peninha#9219
2018-05-01 16:33:28 Member role add: 'membro ativo' role was added to @Mantaro#4454
2018-05-01 16:36:19 Member leave: @Peninha#9219 (id 413819374764294155)
2018-05-01 16:36:28 Member join: @Peninha#9219 (id 413819374764294155)
2018-05-01 17:19:14 Member join: @Tatsumaki#8792 (id 172002275412279296)
2018-05-01 17:19:14 Role created: 'Tatsumaki' (id 440925177555976203)
2018-05-01 17:19:14 Member role add: 'Tatsumaki' role was added to @Tatsumaki#8792
2018-05-01 17:19:36 Member join: @Akane#1166 (id 429307263040356363)
2018-05-01 17:19:36 Role created: 'Akane' (id 440925270812262411)
2018-05-01 17:19:36 Member role add: 'Akane' role was added to @Akane#1166
2018-05-01 17:20:00 Member role add: 'Bots' role was added to @Akane#1166
2018-05-01 17:20:05 Member role add: 'Bots' role was added to @Peninha#9219
2018-05-01 17:20:08 Member role add: 'Bots' role was added to @Tatsumaki#8792
2018-05-01 17:33:40 Member join: @Yui (ユイ)#2222 (id 280497242714931202)
2018-05-01 17:33:40 Role created: 'Yui (ユイ)' (id 440928809567518720)
2018-05-01 17:33:40 Member role add: 'Yui (ユイ)' role was added to @Yui (ユイ)#2222
2018-05-01 17:35:52 Role deleted: 'Yui (ユイ)' (id 440928809567518720)
2018-05-01 17:35:52 Member leave: @Yui (ユイ)#2222 (id 280497242714931202)
2018-05-01 17:36:08 Member leave: @Peninha#9219 (id 413819374764294155)
2018-05-01 17:48:59 Member nickname: '@Synapse#0692' (id 435538622293344266) changed nickname from 'mãe' to 'Mia kalifha'
2018-05-01 17:51:58 Member join: @Peninha#9219 (id 413819374764294155)
2018-05-01 18:52:59 Member leave: @Peninha#9219 (id 413819374764294155)
2018-05-01 18:53:20 Member join: @Peninha#9219 (id 413819374764294155)
2018-05-01 19:09:22 Member leave: @Peninha#9219 (id 413819374764294155)
2018-05-01 19:09:29 Member join: @Peninha#9219 (id 413819374764294155)
2018-05-01 19:12:13 Member ban: @Peninha#9219 (id 413819374764294155)
2018-05-01 19:12:13 Member leave: @Peninha#9219 (id 413819374764294155)
2018-05-01 19:16:09 Member unban: @Peninha#9219 (id 413819374764294155)
2018-05-01 19:20:55 Member join: @Peninha#9219 (id 413819374764294155)
2018-05-01 22:54:53 Member leave: @Peninha#9219 (id 413819374764294155)
2018-05-01 22:55:09 Member join: @Peninha#9219 (id 413819374764294155)
2018-05-01 22:55:23 Member leave: @Peninha#9219 (id 413819374764294155)
2018-05-01 22:55:33 Member join: @Peninha#9219 (id 413819374764294155)
2018-05-01 22:57:34 Member leave: @Peninha#9219 (id 413819374764294155)
2018-05-01 22:57:47 Member join: @Peninha#9219 (id 413819374764294155)
2018-05-02 00:00:52 Member leave: @Peninha#9219 (id 413819374764294155)
2018-05-02 00:03:41 Member join: @Peninha#9219 (id 413819374764294155)
2018-05-02 01:27:39 Member username: '@Akane#1166' (id 429307263040356363) changed username from 'Akane' to 'discordjs'
2018-05-02 01:33:58 Member username: '@discordjs#1166' (id 429307263040356363) changed username from 'discordjs' to 'Akane'
2018-05-02 20:54:18 Member leave: @Peninha#9219 (id 413819374764294155)
2018-05-02 20:54:38 Member join: @Peninha#9219 (id 413819374764294155)
2018-05-02 20:55:36 Member role add: 'VIADÃO BONITO' role was added to @Peninha#9219
2018-05-02 21:27:55 Member leave: @Peninha#9219 (id 413819374764294155)
2018-05-02 21:28:17 Member join: @Peninha#9219 (id 413819374764294155)
2018-05-02 22:45:09 Member leave: @Peninha#9219 (id 413819374764294155)
2018-05-02 22:45:29 Member join: @Peninha#9219 (id 413819374764294155)
2018-05-02 23:57:18 Member role add: 'Upador de videos' role was added to @PudimSenpai#9637
2018-05-02 23:57:25 Member role remove: The 'Gravador' role was removed from @PudimSenpai#9637
2018-05-02 23:59:53 Member nickname: '@Peninha#9219' (id 413819374764294155) changed nickname from 'None' to 'Abortinho'
2018-05-03 00:00:15 Member nickname: '@Peninha#9219' (id 413819374764294155) changed nickname from 'Abortinho' to 'None'
