2018-04-20 01:22:02 #34563456 Voice channel join: Joker#7465 (id 210998478053179394), moved from dddd
2018-04-20 01:22:06 #34563456 Voice channel join: Hank the Propane Man#4222 (id 217032523958452224), moved from dddd
2018-04-20 01:22:08 #34563456 Voice channel join: ꜱᴜᴘʀᴇᴍᴇ#6630 (id 222495961124044800), moved from dddd
2018-04-20 01:22:50 #34563456 Voice channel leave: LeZZZZZT#6527 (id 190606414840987659) moving to ling ling
2018-04-20 01:22:52 #34563456 Voice channel join: LeZZZZZT#6527 (id 190606414840987659), moved from ling ling
2018-04-20 01:22:56 #34563456 Voice channel leave: FredBoat♪♪#7284 (id 184405311681986560)
2018-04-20 01:31:07 #34563456 Voice channel leave: LeZZZZZT#6527 (id 190606414840987659) moving to ling ling
2018-04-20 01:31:11 #34563456 Voice channel leave: Litty Pug#2317 (id 186624930270412802) moving to ling ling
2018-04-20 01:34:52 #34563456 Voice channel leave: Joker#7465 (id 210998478053179394) moving to ling ling
2018-04-20 01:34:55 #34563456 Voice channel leave: Hank the Propane Man#4222 (id 217032523958452224) moving to ling ling
2018-04-20 01:34:56 #34563456 Voice channel leave: ꜱᴜᴘʀᴇᴍᴇ#6630 (id 222495961124044800) moving to ling ling
2018-04-20 01:35:01 #34563456 Voice channel join: Litty Pug#2317 (id 186624930270412802), moved from ling ling
2018-04-20 01:35:04 #34563456 Voice channel join: BellipotentBureaucracy#2698 (id 223956959034867723)
2018-04-20 01:35:06 #34563456 Voice channel join: LeZZZZZT#6527 (id 190606414840987659), moved from ling ling
2018-04-20 01:35:08 #34563456 Voice channel join: Joker#7465 (id 210998478053179394), moved from ling ling
2018-04-20 01:35:11 #34563456 Voice channel leave: LeZZZZZT#6527 (id 190606414840987659)
2018-04-20 01:35:13 #34563456 Voice channel leave: Litty Pug#2317 (id 186624930270412802)
2018-04-20 01:35:16 #34563456 Voice channel join: ꜱᴜᴘʀᴇᴍᴇ#6630 (id 222495961124044800), moved from ling ling
2018-04-20 01:35:19 #34563456 Voice channel join: Hank the Propane Man#4222 (id 217032523958452224), moved from ling ling
2018-04-20 01:35:20 #34563456 Voice channel join: jesse#6544 (id 331628149773172736), flags: self_mute
2018-04-20 01:35:23 #34563456 Server self-unmute: jesse#6544 (id 331628149773172736)
2018-04-20 01:36:24 #34563456 Voice channel leave: jesse#6544 (id 331628149773172736)
2018-04-20 01:37:42 #34563456 Voice channel leave: Joker#7465 (id 210998478053179394)
2018-04-20 01:37:48 #34563456 Voice channel leave: Hank the Propane Man#4222 (id 217032523958452224)
2018-04-20 01:38:04 #34563456 Voice channel join: Joker#7465 (id 210998478053179394)
2018-04-20 01:38:16 #34563456 Voice channel join: Hank the Propane Man#4222 (id 217032523958452224)
2018-04-20 01:39:09 #34563456 Voice channel join: FredBoat♪♪#7284 (id 184405311681986560)
2018-04-20 01:39:43 #34563456 Voice channel leave: FredBoat♪♪#7284 (id 184405311681986560)
2018-04-20 01:39:54 #34563456 Voice channel join: FredBoat♪♪#7284 (id 184405311681986560)
2018-04-20 01:40:26 #34563456 Voice channel leave: Hank the Propane Man#4222 (id 217032523958452224)
2018-04-20 01:41:55 #34563456 Voice channel leave: FredBoat♪♪#7284 (id 184405311681986560)
2018-04-20 01:46:19 #34563456 Voice channel join: Litty Pug#2317 (id 186624930270412802)
2018-04-20 01:46:21 #34563456 Voice channel join: LeZZZZZT#6527 (id 190606414840987659)
2018-04-20 01:47:27 #34563456 Server self-mute: Joker#7465 (id 210998478053179394)
2018-04-20 01:47:30 #34563456 Server self-unmute: Joker#7465 (id 210998478053179394)
2018-04-20 01:47:33 #34563456 Server self-mute: Joker#7465 (id 210998478053179394)
2018-04-20 01:47:33 #34563456 Voice channel leave: Joker#7465 (id 210998478053179394)
2018-04-20 01:48:24 #34563456 Server self-deafen: BellipotentBureaucracy#2698 (id 223956959034867723)
2018-04-20 01:48:24 #34563456 Server self-mute: BellipotentBureaucracy#2698 (id 223956959034867723)
2018-04-20 01:49:00 #34563456 Voice channel join: FredBoat♪♪#7284 (id 184405311681986560)
2018-04-20 01:51:30 #34563456 Server self-undeafen: BellipotentBureaucracy#2698 (id 223956959034867723)
2018-04-20 01:51:30 #34563456 Server self-unmute: BellipotentBureaucracy#2698 (id 223956959034867723)
2018-04-20 02:17:37 #34563456 Voice channel join: that bad seed#8722 (id 404801303227662347)
2018-04-20 02:19:56 #34563456 Voice channel leave: that bad seed#8722 (id 404801303227662347)
2018-04-20 02:22:45 #34563456 Voice channel join: Hank the Propane Man#4222 (id 217032523958452224)
2018-04-20 02:30:36 #34563456 Voice channel leave: Hank the Propane Man#4222 (id 217032523958452224)
2018-04-20 02:30:44 #34563456 Voice channel join: Joker#7465 (id 210998478053179394), flags: self_mute
2018-04-20 02:30:45 #34563456 Server self-unmute: Joker#7465 (id 210998478053179394)
2018-04-20 02:31:08 #34563456 Voice channel leave: Joker#7465 (id 210998478053179394)
2018-04-20 02:31:20 #34563456 Voice channel join: Joker#7465 (id 210998478053179394)
2018-04-20 02:31:22 #34563456 Voice channel leave: Joker#7465 (id 210998478053179394)
2018-04-20 02:32:18 #34563456 Voice channel join: Joker#7465 (id 210998478053179394)
2018-04-20 02:38:43 #34563456 Voice channel leave: FredBoat♪♪#7284 (id 184405311681986560)
2018-04-20 02:39:25 #34563456 Voice channel join: FredBoat♪♪#7284 (id 184405311681986560)
2018-04-20 02:39:49 #34563456 Voice channel join: that bad seed#8722 (id 404801303227662347), flags: self_mute
2018-04-20 02:39:50 #34563456 Server self-unmute: that bad seed#8722 (id 404801303227662347)
2018-04-20 02:40:29 #34563456 Voice channel leave: LeZZZZZT#6527 (id 190606414840987659) moving to ling ling
2018-04-20 02:40:54 #34563456 Voice channel leave: Joker#7465 (id 210998478053179394) moving to ling ling
2018-04-20 02:42:06 #34563456 Voice channel leave: grotesque#2698 (id 223956959034867723)
2018-04-20 02:46:03 #34563456 Voice channel join: Joker#7465 (id 210998478053179394), moved from ling ling
2018-04-20 02:46:18 #34563456 Voice channel leave: Joker#7465 (id 210998478053179394) moving to ling ling
2018-04-20 02:46:50 #34563456 Voice channel leave: ꜱᴜᴘʀᴇᴍᴇ#6630 (id 222495961124044800) moving to ling ling
2018-04-20 02:48:36 #34563456 Voice channel join: Joker#7465 (id 210998478053179394), moved from ling ling
2018-04-20 02:48:46 #34563456 Voice channel leave: Joker#7465 (id 210998478053179394) moving to ling ling
2018-04-20 02:52:47 #34563456 Voice channel join: Joker#7465 (id 210998478053179394), moved from ling ling
2018-04-20 02:52:58 #34563456 Voice channel leave: FredBoat♪♪#7284 (id 184405311681986560)
2018-04-20 02:53:17 #34563456 Server self-mute: Joker#7465 (id 210998478053179394)
2018-04-20 02:53:18 #34563456 Server self-unmute: Joker#7465 (id 210998478053179394)
2018-04-20 02:53:24 #34563456 Voice channel join: FredBoat♪♪#7284 (id 184405311681986560)
2018-04-20 02:53:51 #34563456 Voice channel join: ꜱᴜᴘʀᴇᴍᴇ#6630 (id 222495961124044800), moved from ling ling
2018-04-20 02:54:08 #34563456 Voice channel leave: Joker#7465 (id 210998478053179394) moving to ling ling
2018-04-20 02:54:25 #34563456 Voice channel join: Joker#7465 (id 210998478053179394), moved from ling ling
2018-04-20 02:56:42 #34563456 Voice channel leave: Joker#7465 (id 210998478053179394) moving to ling ling
2018-04-20 02:56:47 #34563456 Voice channel join: Joker#7465 (id 210998478053179394), moved from ling ling
2018-04-20 03:01:58 #34563456 Voice channel leave: FredBoat♪♪#7284 (id 184405311681986560)
2018-04-20 03:13:07 #34563456 Voice channel leave: Litty Pug#2317 (id 186624930270412802)
2018-04-20 03:13:22 #34563456 Voice channel join: LeZZZZZT#6527 (id 190606414840987659), moved from asdasdaaa
2018-04-20 03:16:07 #34563456 Voice channel leave: that bad seed#8722 (id 404801303227662347)
2018-04-20 03:20:53 #34563456 Voice channel leave: ꜱᴜᴘʀᴇᴍᴇ#6630 (id 222495961124044800)
2018-04-20 03:33:50 #34563456 Voice channel join: TheDancingBurrito420#4149 (id 194229699092676609)
2018-04-20 03:38:23 #34563456 Voice channel leave: TheDancingBurrito420#4149 (id 194229699092676609)
2018-04-20 03:41:35 #34563456 Voice channel leave: Joker#7465 (id 210998478053179394) moving to ling ling
2018-04-20 03:41:51 #34563456 Voice channel leave: LeZZZZZT#6527 (id 190606414840987659) moving to ling ling
2018-04-20 04:06:18 #34563456 Voice channel join: Hank the Propane Man#4222 (id 217032523958452224), moved from lololol
2018-04-20 04:06:21 #34563456 Voice channel join: Joker#7465 (id 210998478053179394), moved from lololol, flags: self_mute
2018-04-20 04:06:22 #34563456 Server self-unmute: Joker#7465 (id 210998478053179394)
2018-04-20 04:10:25 #34563456 Voice channel join: ꜱᴜᴘʀᴇᴍᴇ#6630 (id 222495961124044800)
2018-04-20 04:10:36 #34563456 Voice channel join: FredBoat♪♪#7284 (id 184405311681986560)
2018-04-20 04:14:53 #34563456 Server self-deafen: ꜱᴜᴘʀᴇᴍᴇ#6630 (id 222495961124044800)
2018-04-20 04:14:53 #34563456 Server self-mute: ꜱᴜᴘʀᴇᴍᴇ#6630 (id 222495961124044800)
2018-04-20 04:15:18 #34563456 Server self-undeafen: ꜱᴜᴘʀᴇᴍᴇ#6630 (id 222495961124044800)
2018-04-20 04:15:18 #34563456 Server self-unmute: ꜱᴜᴘʀᴇᴍᴇ#6630 (id 222495961124044800)
2018-04-20 04:15:28 #34563456 Server self-deafen: ꜱᴜᴘʀᴇᴍᴇ#6630 (id 222495961124044800)
2018-04-20 04:15:28 #34563456 Server self-mute: ꜱᴜᴘʀᴇᴍᴇ#6630 (id 222495961124044800)
2018-04-20 04:15:46 #34563456 Voice channel leave: FredBoat♪♪#7284 (id 184405311681986560)
2018-04-20 04:16:25 #34563456 Voice channel join: FredBoat♪♪#7284 (id 184405311681986560)
2018-04-20 04:16:27 #34563456 Server self-undeafen: ꜱᴜᴘʀᴇᴍᴇ#6630 (id 222495961124044800)
2018-04-20 04:16:27 #34563456 Server self-unmute: ꜱᴜᴘʀᴇᴍᴇ#6630 (id 222495961124044800)
2018-04-20 04:16:52 #34563456 Server self-deafen: ꜱᴜᴘʀᴇᴍᴇ#6630 (id 222495961124044800)
2018-04-20 04:16:52 #34563456 Server self-mute: ꜱᴜᴘʀᴇᴍᴇ#6630 (id 222495961124044800)
2018-04-20 04:18:25 #34563456 Server self-undeafen: ꜱᴜᴘʀᴇᴍᴇ#6630 (id 222495961124044800)
2018-04-20 04:18:25 #34563456 Server self-unmute: ꜱᴜᴘʀᴇᴍᴇ#6630 (id 222495961124044800)
2018-04-20 04:28:01 #34563456 Voice channel leave: FredBoat♪♪#7284 (id 184405311681986560)
2018-04-20 04:28:08 #34563456 Voice channel join: FredBoat♪♪#7284 (id 184405311681986560)
2018-04-20 04:32:14 #34563456 Voice channel leave: FredBoat♪♪#7284 (id 184405311681986560)
2018-04-20 04:32:28 #34563456 Voice channel join: FredBoat♪♪#7284 (id 184405311681986560)
2018-04-20 04:33:40 #34563456 Voice channel leave: FredBoat♪♪#7284 (id 184405311681986560)
2018-04-20 04:34:54 #34563456 Voice channel leave: Hank the Propane Man#4222 (id 217032523958452224)
2018-04-20 04:34:59 #34563456 Voice channel join: Hank the Propane Man#4222 (id 217032523958452224)
2018-04-20 04:35:57 #34563456 Voice channel leave: Hank the Propane Man#4222 (id 217032523958452224)
2018-04-20 04:36:25 #34563456 Voice channel join: FredBoat♪♪#7284 (id 184405311681986560)
2018-04-20 04:36:43 #34563456 Voice channel leave: FredBoat♪♪#7284 (id 184405311681986560)
2018-04-20 04:37:11 #34563456 Voice channel leave: ꜱᴜᴘʀᴇᴍᴇ#6630 (id 222495961124044800)
2018-04-20 04:37:24 #34563456 Voice channel join: FredBoat♪♪#7284 (id 184405311681986560)
2018-04-20 04:37:36 #34563456 Voice channel leave: Joker#7465 (id 210998478053179394)
2018-04-20 04:37:38 #34563456 Voice channel join: Joker#7465 (id 210998478053179394)
2018-04-20 04:37:46 #34563456 Voice channel leave: FredBoat♪♪#7284 (id 184405311681986560)
2018-04-20 04:37:52 #34563456 Voice channel leave: Joker#7465 (id 210998478053179394)
2018-04-24 00:58:09 #34563456 Voice channel join: hehe xd#5779 (id 233751105878753280), moved from pinky and the prain
2018-04-24 00:58:11 #34563456 Voice channel leave: hehe xd#5779 (id 233751105878753280) moving to asdasdaaa
2018-04-24 03:02:00 #34563456 Voice channel join: hehe xd#5779 (id 233751105878753280), moved from ling ling
2018-04-24 03:02:01 #34563456 Voice channel leave: hehe xd#5779 (id 233751105878753280) moving to ling ling
2018-04-24 22:25:13 #34563456 Voice channel join: LeZZZZZT#6527 (id 190606414840987659)
2018-04-24 22:25:48 #34563456 Voice channel leave: LeZZZZZT#6527 (id 190606414840987659)
2018-04-24 23:44:14 #34563456 Voice channel join: grotesque#2698 (id 223956959034867723), moved from dddd
2018-04-24 23:44:14 #34563456 Voice channel leave: grotesque#2698 (id 223956959034867723) moving to dddd
2018-04-24 23:44:19 #34563456 Voice channel join: grotesque#2698 (id 223956959034867723), moved from dddd
2018-04-24 23:44:20 #34563456 Voice channel leave: grotesque#2698 (id 223956959034867723) moving to dddd
2018-04-24 23:44:20 #34563456 Voice channel join: grotesque#2698 (id 223956959034867723), moved from dddd
2018-04-24 23:44:20 #34563456 Voice channel leave: grotesque#2698 (id 223956959034867723) moving to dddd
2018-04-24 23:44:22 #34563456 Voice channel join: grotesque#2698 (id 223956959034867723), moved from dddd
2018-04-24 23:44:23 #34563456 Voice channel leave: grotesque#2698 (id 223956959034867723) moving to dddd
2018-04-24 23:44:23 #34563456 Voice channel join: grotesque#2698 (id 223956959034867723), moved from dddd
2018-04-24 23:44:24 #34563456 Voice channel leave: grotesque#2698 (id 223956959034867723) moving to dddd
2018-04-24 23:44:26 #34563456 Voice channel join: grotesque#2698 (id 223956959034867723), moved from dddd
2018-04-24 23:44:26 #34563456 Voice channel leave: grotesque#2698 (id 223956959034867723) moving to dddd
2018-04-24 23:44:27 #34563456 Voice channel join: grotesque#2698 (id 223956959034867723), moved from dddd
2018-04-24 23:44:27 #34563456 Voice channel leave: grotesque#2698 (id 223956959034867723) moving to dddd
2018-04-26 02:32:05 #34563456 Voice channel join: Joker#7465 (id 210998478053179394)
2018-04-26 02:32:06 #34563456 Voice channel leave: Joker#7465 (id 210998478053179394) moving to dddd
2018-04-26 03:27:06 #34563456 Voice channel join: Joker#7465 (id 210998478053179394), moved from dddd
2018-04-26 03:27:18 #34563456 Voice channel leave: Joker#7465 (id 210998478053179394) moving to dddd
