2018-04-21 07:50:36 #dsaf3 @grotesque#2698: ;;play its pikachu fuck
2018-04-21 07:50:36 #dsaf3 @FredBoat♪♪#7284: Searching YouTube for `its pikachu fuck`...
2018-04-21 07:50:37 #dsaf3 @FredBoat♪♪#7284 edited message from 2018-04-21 07:50:36 (Searching YouTube for `its pikachu fuck`...) to read: **Please select a track with the `;;play 1-5` command:**\n**1:** Who is That Pokemon? Its Pikachu! - Vine (00:06)\n**2:** IT'S PIKACHU....FUUUUCK! (00:06)\n**3:** NEW Pokemon Vine Compilation - Best Vines 2016 ! (10:15)\n**4:** Who's that pokemon? (00:14)\n**5:** TRY NOT TO LAUGH - Pokemon Vines Compilation 2016 !! (10:22)
2018-04-21 07:50:41 #dsaf3 @grotesque#2698: ;;select 1
2018-04-21 07:50:41 #dsaf3 @FredBoat♪♪#7284 edited message from 2018-04-21 07:50:36 (**Please select a track with the `;;play 1-5` command:**\n**1:** Who is That Pokemon? Its Pikachu! - Vine (00:06)\n**2:** IT'S PIKACHU....FUUUUCK! (00:06)\n**3:** NEW Pokemon Vine Compilation - Best Vines 2016 ! (10:15)\n**4:** Who's that pokemon? (00:14)\n**5:** TRY NOT TO LAUGH - Pokemon Vines Compilation 2016 !! (10:22)) to read: Song **#1** has been selected: **Who is That Pokemon? Its Pikachu! - Vine** (00:06)
2018-04-21 07:52:08 #dsaf3 @grotesque#2698: ;;repeat
2018-04-21 07:52:08 #dsaf3 @FredBoat♪♪#7284: grotesque:  Proper usage:```md\n;;repeat single|all|off\n#Toggle between repeat modes.\n```
2018-04-21 07:52:11 #dsaf3 @grotesque#2698: ;;repeat single
2018-04-21 07:52:11 #dsaf3 @FredBoat♪♪#7284: The player will now repeat the current track.
2018-04-21 07:52:23 #dsaf3 @Joker#7465: ;;play kings dead
2018-04-21 07:52:23 #dsaf3 @FredBoat♪♪#7284: Searching YouTube for `kings dead`...
2018-04-21 07:52:23 #dsaf3 @FredBoat♪♪#7284 edited message from 2018-04-21 07:52:23 (Searching YouTube for `kings dead`...) to read: **Please select a track with the `;;play 1-5` command:**\n**1:** Jay Rock, Kendrick Lamar, Future, James Blake - King's Dead (04:24)\n**2:** Jay Rock, Kendrick Lamar, Future, James Blake - King's Dead (Pseudo Video) (03:51)\n**3:** King's Dead (03:50)\n**4:** Joey Badass & XXXTentacion "King's Dead Freestyle" (Kendrick Lamar Remix) (WSHH Exclusive - Audio) (02:21)\n**5:** When future was recording "Kings Dead" (02:20)
2018-04-21 07:52:25 #dsaf3 @Joker#7465: ;;play1
2018-04-21 07:52:25 #dsaf3 @grotesque#2698: !play pikachu fuck
2018-04-21 07:52:25 #dsaf3 @Rythm#3722: <:youtube:335112740957978625> **Searching** 🔎 `pikachu fuck`
2018-04-21 07:52:26 #dsaf3 @Rythm#3722: **Playing** 🎶 `Who is That Pokémon?..... FUCK !` - Now!
2018-04-21 07:52:35 #dsaf3 @Joker#7465: ;;stop
2018-04-21 07:52:35 #dsaf3 @FredBoat♪♪#7284: The queue has been emptied, `1` track has been removed.
2018-04-21 07:52:42 #dsaf3 @Joker#7465: ;;play kings dead
2018-04-21 07:52:42 #dsaf3 @FredBoat♪♪#7284: Searching YouTube for `kings dead`...
2018-04-21 07:52:42 #dsaf3 @FredBoat♪♪#7284 edited message from 2018-04-21 07:52:42 (Searching YouTube for `kings dead`...) to read: **Please select a track with the `;;play 1-5` command:**\n**1:** Jay Rock, Kendrick Lamar, Future, James Blake - King's Dead (04:24)\n**2:** Jay Rock, Kendrick Lamar, Future, James Blake - King's Dead (Pseudo Video) (03:51)\n**3:** King's Dead (03:50)\n**4:** Joey Badass & XXXTentacion "King's Dead Freestyle" (Kendrick Lamar Remix) (WSHH Exclusive - Audio) (02:21)\n**5:** When future was recording "Kings Dead" (02:20)
2018-04-21 07:52:42 #dsaf3 @FredBoat♪♪#7284 deleted message from 2018-04-21 07:52:23 (**Please select a track with the `;;play 1-5` command:**\n**1:** Jay Rock, Kendrick Lamar, Future, James Blake - King's Dead (04:24)\n**2:** Jay Rock, Kendrick Lamar, Future, James Blake - King's Dead (Pseudo Video) (03:51)\n**3:** King's Dead (03:50)\n**4:** Joey Badass & XXXTentacion "King's Dead Freestyle" (Kendrick Lamar Remix) (WSHH Exclusive - Audio) (02:21)\n**5:** When future was recording "Kings Dead" (02:20))
2018-04-21 07:52:43 #dsaf3 @Joker#7465: ;;play 1
2018-04-21 07:52:43 #dsaf3 @FredBoat♪♪#7284 edited message from 2018-04-21 07:52:42 (**Please select a track with the `;;play 1-5` command:**\n**1:** Jay Rock, Kendrick Lamar, Future, James Blake - King's Dead (04:24)\n**2:** Jay Rock, Kendrick Lamar, Future, James Blake - King's Dead (Pseudo Video) (03:51)\n**3:** King's Dead (03:50)\n**4:** Joey Badass & XXXTentacion "King's Dead Freestyle" (Kendrick Lamar Remix) (WSHH Exclusive - Audio) (02:21)\n**5:** When future was recording "Kings Dead" (02:20)) to read: Song **#1** has been selected: **Jay Rock, Kendrick Lamar, Future, James Blake - King's Dead** (04:24)
2018-04-21 07:54:27 #dsaf3 @grotesque#2698:  (attachment url(s): https://cdn.discordapp.com/attachments/437158140421865482/437159164658057216/DbM7cSkVAAELVrd.png)
