2018-04-26 23:17:13 #talking-evan @grotesque#2698: lets play
2018-04-26 23:17:18 #talking-evan @grotesque#2698: my phone is dead
2018-04-26 23:17:30 #talking-evan @Kjnator#7250: Is it
2018-04-26 23:17:35 #talking-evan @Kjnator#7250: Well your bad
2018-04-26 23:17:41 #talking-evan @grotesque#2698: i can only communicate through text
2018-04-26 23:18:00 #talking-evan @grotesque#2698: will most certainly get the battlepass if it is super heroes
2018-04-26 23:21:47 #talking-evan @grotesque#2698: i fucking hate all white people
2018-04-26 23:21:50 #talking-evan @grotesque#2698: they are fucking shit
2018-04-26 23:21:54 #talking-evan @grotesque#2698: and need to parish
2018-04-26 23:22:01 #talking-evan @Litty Pug#2317: you hate yourself 50%
2018-04-26 23:22:11 #talking-evan @grotesque#2698: they are all racist, sexists and faggots
2018-04-26 23:22:31 #talking-evan @Kjnator#7250: Is your phone charging?
2018-04-26 23:22:54 #talking-evan @grotesque#2698: yes
2018-04-26 23:23:04 #talking-evan @Kjnator#7250: Okay
2018-04-27 02:26:40 #talking-evan @Kjnator#7250: ;;play hope on the horse
2018-04-27 02:26:40 #talking-evan @FredBoat♪♪#7284: Searching YouTube for `hope on the horse`...
2018-04-27 02:26:41 #talking-evan @FredBoat♪♪#7284 edited message from 2018-04-27 02:26:40 (Searching YouTube for `hope on the horse`...) to read: **Please select a track with the `;;play 1-5` command:**\n**1:** Hope on dat horse xD (00:07)\n**2:** Vines(Hope on that horse)...... (00:05)\n**3:** Hop On That Horse Full Song (01:19)\n**4:** Hope on that horse//vine (00:07)\n**5:** HOP HOP HOP ON THAT HORSE PATRICK (00:06)
2018-04-27 02:26:48 #talking-evan @Kjnator#7250: ;;play 1
2018-04-27 02:26:48 #talking-evan @FredBoat♪♪#7284 edited message from 2018-04-27 02:26:40 (**Please select a track with the `;;play 1-5` command:**\n**1:** Hope on dat horse xD (00:07)\n**2:** Vines(Hope on that horse)...... (00:05)\n**3:** Hop On That Horse Full Song (01:19)\n**4:** Hope on that horse//vine (00:07)\n**5:** HOP HOP HOP ON THAT HORSE PATRICK (00:06)) to read: Song **#1** has been selected: **Hope on dat horse xD** (00:07)
2018-04-27 02:27:50 #talking-evan @Kjnator#7250: Im james the guy thats fat trash at fort
2018-04-27 02:27:50 #talking-evan @Dad Bot#4494: Hi james the guy thats fat trash at fort, I'm Dad!
2018-04-27 02:27:57 #talking-evan @Kjnator#7250 deleted message from 2018-04-27 02:27:50 (Im james the guy thats fat trash at fort)
2018-04-27 02:28:01 #talking-evan @Kjnator#7250 deleted message from 2018-04-27 02:26:48 (;;play 1)
2018-04-27 02:30:37 #talking-evan @Kjnator#7250: ;;play hop on that horse
2018-04-27 02:30:37 #talking-evan @FredBoat♪♪#7284: Searching YouTube for `hop on that horse`...
2018-04-27 02:30:37 #talking-evan @FredBoat♪♪#7284 edited message from 2018-04-27 02:30:37 (Searching YouTube for `hop on that horse`...) to read: **Please select a track with the `;;play 1-5` command:**\n**1:** Hop on that horse vine (00:05)\n**2:** Hop On That Horse Full Song (01:19)\n**3:** HOP ON THAT HORSE COMPLATION (00:56)\n**4:** Hop on that horse Best of 2014 (02:11)\n**5:** SpongeBob - Hop On That Horse - Vine (00:07)
2018-04-27 02:30:48 #talking-evan @Kjnator#7250: ;;play 1
2018-04-27 02:30:49 #talking-evan @FredBoat♪♪#7284 edited message from 2018-04-27 02:30:37 (**Please select a track with the `;;play 1-5` command:**\n**1:** Hop on that horse vine (00:05)\n**2:** Hop On That Horse Full Song (01:19)\n**3:** HOP ON THAT HORSE COMPLATION (00:56)\n**4:** Hop on that horse Best of 2014 (02:11)\n**5:** SpongeBob - Hop On That Horse - Vine (00:07)) to read: Song **#1** has been selected: **Hop on that horse vine** (00:05)
2018-04-27 02:31:13 #talking-evan @Kjnator#7250: ;;play ive been on the hills eating dip
2018-04-27 02:31:13 #talking-evan @FredBoat♪♪#7284: Searching YouTube for `ive been on the hills eating dip`...
2018-04-27 02:31:14 #talking-evan @FredBoat♪♪#7284 edited message from 2018-04-27 02:31:13 (Searching YouTube for `ive been on the hills eating dip`...) to read: **Please select a track with the `;;play 1-5` command:**\n**1:** I've been in the hills eating dip (00:14)\n**2:** ive been in the hills eating dip (00:14)\n**3:** I’ve been in the hills compilation (00:39)\n**4:** I've been in the hills (00:11)\n**5:** I been in the hills memes (00:26)
2018-04-27 02:31:19 #talking-evan @Kjnator#7250: ;;play 1
2018-04-27 02:31:19 #talking-evan @FredBoat♪♪#7284 edited message from 2018-04-27 02:31:13 (**Please select a track with the `;;play 1-5` command:**\n**1:** I've been in the hills eating dip (00:14)\n**2:** ive been in the hills eating dip (00:14)\n**3:** I’ve been in the hills compilation (00:39)\n**4:** I've been in the hills (00:11)\n**5:** I been in the hills memes (00:26)) to read: Song **#1** has been selected: **I've been in the hills eating dip** (00:14)
2018-04-27 02:32:58 #talking-evan @Kjnator#7250: ;;play ive been in the hiĺls feeling like a pop tart
2018-04-27 02:32:58 #talking-evan @FredBoat♪♪#7284: Searching YouTube for `ive been in the hiĺls feeling like a pop tart`...
2018-04-27 02:33:03 #talking-evan @FredBoat♪♪#7284 edited message from 2018-04-27 02:32:58 (Searching YouTube for `ive been in the hiĺls feeling like a pop tart`...) to read: **Please select a track with the `;;play 1-5` command:**\n**1:** "rockstar" but every rhyme is "pop tart" (01:03)\n**2:** Post Malone ‒ Rockstar (Lyrics / Lyric Video) ft. 21 Savage (03:39)\n**3:** Post Malone - rockstar ft. 21 Savage (04:02)\n**4:** Post Malone – rockstar (Lyrics) 🎵 ft. 21 Savage (03:39)\n**5:** rockstar. - POST MALONE x 21 SAVAGE (Rajiv Dhall // Wesley Stromberg cover) (02:49)
