2018-04-23 20:42:09 this bot joined the server
2018-04-23 20:42:09 Role created: 'Synapse' (id 438077139271680010)
2018-04-23 20:42:09 Member role add: 'Synapse' role was added to @Synapse#0692
2018-04-23 20:42:16 Role created: 'new role' (id 438077169122410496)
2018-04-23 20:42:28 Role position: 'Dabinator' changed from 3 to 2
2018-04-23 20:42:28 Role position: 'Bot' changed from 4 to 3
2018-04-23 20:42:28 Role position: 'BranchburgBot' changed from 5 to 4
2018-04-23 20:42:28 Role position: 'Tech Guy (H4CK3R)' changed from 6 to 5
2018-04-23 20:42:28 Role position: 'new role' changed from 1 to 6
2018-04-23 20:42:28 Role renamed: 'new role' to 'Bello'
2018-04-23 20:42:34 Member role add: 'Bot' role was added to @Synapse#0692
2018-04-23 20:42:36 Member role add: 'Bello' role was added to @Synapse#0692
2018-04-23 20:44:57 Role mentionable: 'Bello' is now mentionable
2018-04-23 20:45:00 Role hoist: 'Bello' is now shown seperately
2018-04-23 20:45:09 Role renamed: 'Bello' to 'Rainbow Nerd'
2018-04-23 20:45:52 Member role add: 'Rainbow Nerd' role was added to @CalumND9 CREATIVE#9531
2018-04-23 20:47:45 Role renamed: 'Rainbow Nerd' to 'RainbowNerd'
2018-04-23 20:50:40 Member role remove: The 'RainbowNerd' role was removed from @Synapse#0692
2018-04-23 20:51:25 Role permissions: 'RainbowNerd' changed from 104324169 to 2146958591
2018-04-23 20:51:37 Member role add: 'RainbowNerd' role was added to @Synapse#0692
2018-04-23 20:51:55 Member role remove: The 'RainbowNerd' role was removed from @Synapse#0692
2018-04-23 20:52:51 Member join: @Ghostplay R2#1298 (id 435829986772123658)
2018-04-23 20:52:51 Role created: 'Ghostplay R2' (id 438079832337809438)
2018-04-23 20:52:51 Member role add: 'Ghostplay R2' role was added to @Ghostplay R2#1298
2018-04-23 20:54:40 Role permissions: 'Ghostplay R2' changed from 268520497 to 268782705
2018-04-23 20:54:40 Role position: 'Ghostplay R2' changed from 1 to 7
2018-04-23 20:54:40 Role mentionable: 'Ghostplay R2' is now mentionable
2018-04-23 20:54:40 Role hoist: 'Ghostplay R2' is now shown seperately
2018-04-23 20:54:40 Role permissions: 'Ghostplay R2' changed from 268782705 to 2146958591
2018-04-23 20:55:34 Role permissions: 'Synapse' changed from 8 to 168
2018-04-23 20:55:34 Role position: 'Synapse' changed from 3 to 1
2018-04-23 20:56:02 Role permissions: 'Synapse' changed from 168 to 2146958591
2018-04-23 20:56:10 Role position: 'Dabinator' changed from 3 to 1
2018-04-23 20:56:10 Role position: 'Bot' changed from 4 to 2
2018-04-23 20:56:10 Role position: 'BranchburgBot' changed from 5 to 3
2018-04-23 20:56:10 Role position: 'Tech Guy (H4CK3R)' changed from 6 to 4
2018-04-23 20:56:10 Role position: 'Synapse' changed from 1 to 5
2018-04-23 20:56:17 Role hoist: 'Ghostplay R2' is no longer shown seperately
2018-04-23 20:56:23 Member role add: 'Bot' role was added to @Ghostplay R2#1298
2018-04-23 20:57:07 Member role remove: The 'Tech Guy (H4CK3R)' role was removed from @CalumND9 CREATIVE#9531
2018-04-23 20:57:30 Member role add: 'RainbowNerd' role was added to @Ghostplay R2#1298
2018-04-24 00:28:39 Member role remove: The 'RainbowNerd' role was removed from @Ghostplay R2#1298
2018-04-24 00:28:42 Member role add: 'Tech Guy (H4CK3R)' role was added to @CalumND9 CREATIVE#9531
2018-04-24 00:28:45 Member role remove: The 'RainbowNerd' role was removed from @CalumND9 CREATIVE#9531
2018-04-24 00:28:53 Member role add: 'Tech Guy (H4CK3R)' role was added to @paul_games_#4055
2018-05-02 23:45:00 Member username: '@Aki#9694' (id 356065937318871041) changed username from 'Aki' to '🅱aki'
2018-05-02 23:45:50 Member username: '@🅱aki#9694' (id 356065937318871041) changed username from '🅱aki' to 'Aki'
