2018-04-30 18:46:18 #general @Tal#2290: maybe nazis arn't so bad
2018-04-30 18:48:43 #general @Ash Bullet#1182: Maybe tals a fucking dumbass
2018-04-30 18:50:57 #general @rufus#2631: nazis are cool
2018-04-30 18:51:05 #general @rufus#2631: I mean you know me
2018-04-30 18:51:08 #general @rufus#2631: and I am fresh adf
2018-04-30 18:51:09 #general @rufus#2631: af
2018-04-30 18:51:12 #general @rufus#2631 edited message from 2018-04-30 18:51:08 (and I am fresh adf) to read: and I am fresh asf
2018-04-30 18:51:15 #general @rufus#2631 deleted message from 2018-04-30 18:51:09 (af)
2018-04-30 18:51:34 #general @Ash Bullet#1182: Ofc
2018-04-30 18:51:41 #general @Ash Bullet#1182: How could anyone forget
2018-04-30 18:51:55 #general @rufus#2631: indeed
2018-04-30 18:52:08 #general @rufus#2631: so y'all gonna be in vc later?
2018-04-30 18:52:14 #general @rufus#2631: in about two hours or so
2018-04-30 18:52:35 #general @rufus#2631: I am the sole reason why @​everyone got removed here
2018-04-30 18:52:37 #general @rufus#2631: yeet
2018-04-30 18:53:08 #general @Kat#0007: PALM
2018-04-30 18:53:15 #general @Kat#0007: GO BACK TO THAT BRIGHT GREEN
2018-04-30 18:53:37 #general @Kat#0007: THAT SHIT FIRE 🔥 😂 💯 👌
2018-04-30 18:54:10 #general @Palm#7297: Palm role is rainbow role my mans
2018-04-30 18:54:34 #general @Ash Bullet#1182: Nah
2018-04-30 18:56:31 #general @rufus#2631: b r u h
2018-04-30 18:57:23 #general @Palm#7297: rip audit logs
2018-04-30 18:57:41 #general @Ash Bullet#1182: Lmaooo
2018-04-30 18:58:11 #general @Ash Bullet#1182: Rainbow role is best role tbf
2018-04-30 18:58:28 #general @rufus#2631: should I play assassin's creed tonight or nah
2018-04-30 19:00:27 #general @Ash Bullet#1182: Yes
2018-04-30 19:00:31 #general @Ash Bullet#1182: 100x yes
2018-04-30 19:00:36 #general @Ash Bullet#1182: Assassino
2018-04-30 19:00:39 #general @Ash Bullet#1182: Assassino
2018-04-30 19:00:41 #general @Ash Bullet#1182: Assassino
2018-04-30 19:00:44 #general @Ash Bullet#1182: Assassino
2018-04-30 19:00:47 #general @Ash Bullet#1182: Assassino
2018-04-30 19:00:51 #general @rufus#2631: I can choose between 1, 2, Brotherhood and Revelations
2018-04-30 19:00:58 #general @Ash Bullet#1182: ASSASSINO
2018-04-30 19:01:07 #general @Ash Bullet#1182: I wanna go back and do 1 again
2018-04-30 19:01:12 #general @Ash Bullet#1182: I love altaïr
2018-04-30 19:01:33 #general @Ash Bullet#1182: Currently working on revelations and syndicate at the same time
2018-04-30 19:01:42 #general @rufus#2631: it's fun but I am kinda spoiled by the more advanced game mechanics in AC2 and onwards
2018-04-30 19:01:53 #general @Ash Bullet#1182: I can see that
2018-04-30 19:01:57 #general @Confusingly_Understandable#2259: I’m actually done with this school
2018-04-30 19:02:00 #general @Confusingly_Understandable#2259:  (attachment url(s): https://cdn.discordapp.com/attachments/431235051154440204/440588650682515486/image.jpg)
2018-04-30 19:02:04 #general @Confusingly_Understandable#2259: THEY MISSPELLED ADOLF HITLER
2018-04-30 19:02:07 #general @Ash Bullet#1182: Maybe play ac 1 until youre done and the go play 2
2018-04-30 19:02:08 #general @rufus#2631: Adolph>?>?>?>?>?>?>?>?>?>?>?>?>?>?>?>?>?>?>?
2018-04-30 19:02:17 #general @rufus#2631: hmmm might be worth a shot
2018-04-30 19:02:17 #general @Ash Bullet#1182: @Salm 🌴 mein krumpf
2018-04-30 19:02:24 #general @Confusingly_Understandable#2259: Adolph
2018-04-30 19:02:29 #general @Ash Bullet#1182: K r u m p f
2018-04-30 19:02:34 #general @rufus#2631: I'll just play through AC1 with the hidden blades only
2018-04-30 19:02:39 #general @Confusingly_Understandable#2259: Mine krunch
2018-04-30 19:02:40 #general @rufus#2631: just parry everything
2018-04-30 19:02:41 #general @rufus#2631: ez
2018-04-30 19:02:48 #general @Ash Bullet#1182: Thats whats i did
2018-04-30 19:02:56 #general @Ash Bullet#1182: Rarely used sword/knives
2018-04-30 19:03:04 #general @rufus#2631: I love the big fuck-off axe in Brotherhood
2018-04-30 19:03:05 #general @Palm#7297: i miss being able to fight with hidden blades only
2018-04-30 19:03:08 #general @Ash Bullet#1182: Actually i think i never used knives
2018-04-30 19:03:10 #general @rufus#2631: just hold square and chuck it at someone
2018-04-30 19:03:11 #general @Ash Bullet#1182: OMD
2018-04-30 19:03:14 #general @Ash Bullet#1182: YES
2018-04-30 19:03:20 #general @Ash Bullet#1182: I love the two handed sometimes
2018-04-30 19:03:22 #general @Confusingly_Understandable#2259: Palm my school misspelled Adolf hitler
2018-04-30 19:03:27 #general @Ash Bullet#1182 edited message from 2018-04-30 19:03:11 (OMD) to read: OMF
2018-04-30 19:03:31 #general @rufus#2631: they need a zweihander
2018-04-30 19:03:33 #general @rufus#2631: honestly
2018-04-30 19:03:43 #general @Ash Bullet#1182: Lmao
2018-04-30 19:03:45 #general @Palm#7297: Adolf hitler\n*palm
2018-04-30 19:04:05 #general @Confusingly_Understandable#2259: They spelled it adolph
2018-04-30 19:04:05 #general @rufus#2631: give palm role thank
2018-04-30 19:04:16 #general @Confusingly_Understandable#2259: Palm is Mussolini not hurler
2018-04-30 19:04:18 #general @Ash Bullet#1182: Adolphin Hitler
2018-04-30 19:04:23 #general @Confusingly_Understandable#2259 edited message from 2018-04-30 19:04:16 (Palm is Mussolini not hurler) to read: Palm is Mussolini not hitler
2018-04-30 19:04:26 #general @rufus#2631: I still think that AC3 wasn't that bad
2018-04-30 19:04:29 #general @rufus#2631: in total
2018-04-30 19:04:32 #general @Ash Bullet#1182: i love ac3
2018-04-30 19:04:36 #general @Ash Bullet#1182: Connor my son
2018-04-30 19:04:46 #general @Ash Bullet#1182: Haytham my husband
2018-04-30 19:04:47 #general @Ash Bullet#1182: Bless
2018-04-30 19:04:51 #general @rufus#2631: ayyy
2018-04-30 19:05:04 #general @rufus#2631: Ezio is a sick member tho
2018-04-30 19:05:16 #general @Ash Bullet#1182: Ezio has a sick member thi
2018-04-30 19:05:24 #general @Ash Bullet#1182 edited message from 2018-04-30 19:05:16 (Ezio has a sick member thi) to read: Ezio has a sick member tho
2018-04-30 19:05:25 #general @Palm#7297: Edward best dad
2018-04-30 19:05:31 #general @rufus#2631: eward
2018-04-30 19:05:31 #general @rufus#2631: xd
2018-04-30 19:05:35 #general @Ash Bullet#1182: Edward shitty dad
2018-04-30 19:05:41 #general @Ash Bullet#1182: His son turned to the Templars
2018-04-30 19:05:42 #general @Palm#7297: he tried his best
2018-04-30 19:05:47 #general @Ash Bullet#1182: Clearly something went wrong
2018-04-30 19:05:56 #general @Palm#7297: his son got turned because they fucking killed him lol
2018-04-30 19:06:00 #general @rufus#2631: I bought AC1 on launch
2018-04-30 19:06:03 #general @rufus#2631: and I was so excited
2018-04-30 19:06:07 #general @Ash Bullet#1182: Now butterscotch horseman
2018-04-30 19:06:09 #general @Ash Bullet#1182: Thats a father
2018-04-30 19:06:19 #general @rufus#2631: the memories
2018-04-30 19:06:22 #general @Palm#7297: ash im gonna slap you
2018-04-30 19:06:27 #general @Ash Bullet#1182: Slap me palm
2018-04-30 19:06:33 #general @rufus#2631: I'll ask my housemate whether I can just bring the playstation into my room for tonight
2018-04-30 19:06:36 #general @Palm#7297: ok
2018-04-30 19:06:44 #general @Ash Bullet#1182: Slap me palm daddy
2018-04-30 19:06:46 #general @Ash Bullet#1182: OH
2018-04-30 19:06:56 #general @Ash Bullet#1182: I have a really cute drawing of altaïr
2018-04-30 19:07:15 #general @Palm#7297:  (attachment url(s): https://cdn.discordapp.com/attachments/431235051154440204/440589973553545236/km_slapcity_tank_white-900x900.png)
2018-04-30 19:07:16 #general @rufus#2631: show us
2018-04-30 19:07:19 #general @Confusingly_Understandable#2259: Palm stop changing colors
2018-04-30 19:07:25 #general @Palm#7297: no
2018-04-30 19:07:28 #general @Confusingly_Understandable#2259: Ffs
2018-04-30 19:07:35 #general @Palm#7297: rainbow bot bby
2018-04-30 19:07:58 #general @Confusingly_Understandable#2259: Fucksake palm
2018-04-30 19:07:58 #general @rufus#2631: yeeeees I can take it upstairs into my room
2018-04-30 19:08:03 #general @rufus#2631: let's get down to business
2018-04-30 19:08:09 #general @Palm#7297: to defeat
2018-04-30 19:08:10 #general @Palm#7297: the huns
2018-04-30 19:08:27 #general @Confusingly_Understandable#2259: I hate u
2018-04-30 19:08:40 #general @Ash Bullet#1182:  (attachment url(s): https://cdn.discordapp.com/attachments/431235051154440204/440590330253803531/JPEG_20180430_140813.jpg)
2018-04-30 19:08:57 #general @Ash Bullet#1182: I have an actual alt drawing but he looks mega twink
2018-04-30 19:09:06 #general @Confusingly_Understandable#2259: I wanna learn to draw more
2018-04-30 19:09:09 #general @Confusingly_Understandable#2259: Better*
2018-04-30 19:09:13 #general @Confusingly_Understandable#2259: Not more
2018-04-30 19:09:13 #general @Ash Bullet#1182: Do it
2018-04-30 19:09:24 #general @Confusingly_Understandable#2259: Yeah lemme just level up my art attribute
2018-04-30 19:09:35 #general @Confusingly_Understandable#2259: I c a n t
2018-04-30 19:09:46 #general @Ash Bullet#1182:  (attachment url(s): https://cdn.discordapp.com/attachments/431235051154440204/440590603433017345/JPEG_20180430_140918.jpg)
2018-04-30 19:09:49 #general @Confusingly_Understandable#2259: I tried to draw a lil dude today and it looks like tradh
2018-04-30 19:10:21 #general @Ash Bullet#1182: Show
2018-04-30 19:10:22 #general @rufus#2631: I might get bored halfway through and just go on my pc
2018-04-30 19:10:24 #general @rufus#2631: depends
2018-04-30 19:10:30 #general @Confusingly_Understandable#2259: nO
2018-04-30 19:10:34 #general @Ash Bullet#1182: Yesss
2018-04-30 19:10:35 #general @Confusingly_Understandable#2259: I’ll dm you it
2018-04-30 19:10:36 #general @Ash Bullet#1182: Wanna see
2018-04-30 19:10:38 #general @Ash Bullet#1182: K
2018-04-30 19:10:58 #general @Palm#7297: i can't draw so uh
2018-04-30 19:11:00 #general @Palm#7297: losers
2018-04-30 19:11:46 #general @Confusingly_Understandable#2259: You can edit tho
2018-04-30 19:12:32 #general @Ash Bullet#1182: ^
2018-04-30 19:17:23 #general @Palm#7297: https://www.youtube.com/watch?v=MOuhPpno21s
2018-04-30 19:17:28 #general @Palm#7297 edited message from 2018-04-30 19:17:23 (https://www.youtube.com/watch?v=MOuhPpno21s) to read: https://www.youtube.com/watch?v=MOuhPpno21s
2018-04-30 19:21:29 #general @Palm#7297 deleted message from 2018-04-30 19:17:23 (https://www.youtube.com/watch?v=MOuhPpno21s)
2018-04-30 19:21:38 #general @Palm#7297: .art
2018-04-30 19:21:43 #general @NotSoBot#9555:  (attachment url(s): https://cdn.discordapp.com/attachments/431235051154440204/440593615161655315/art.png)
2018-04-30 19:21:48 #general @Palm#7297: excellent
2018-04-30 19:21:54 #general @Palm#7297: @The Gay Crusade
2018-04-30 19:22:21 #general @Ash Bullet#1182: Amazing
2018-04-30 19:25:21 #general @Confusingly_Understandable#2259: Why the fuck did you add dadbot
2018-04-30 19:25:25 #general @Confusingly_Understandable#2259: I’m not ok with this
2018-04-30 19:25:25 #general @Dad Bot#4494: Hi not ok with this, I'm Dad!
2018-04-30 19:25:27 #general @Confusingly_Understandable#2259: Fuck you
2018-04-30 19:25:59 #general @Confusingly_Understandable#2259: I’m I’m dad
2018-04-30 19:25:59 #general @Dad Bot#4494: Hi I’m dad, I'm Dad!
2018-04-30 19:26:03 #general @Confusingly_Understandable#2259: Damnit
2018-04-30 19:26:10 #general @Ash Bullet#1182: Im so horny
2018-04-30 19:26:10 #general @Dad Bot#4494: Hi so horny, I'm Dad!
2018-04-30 19:26:15 #general @Ash Bullet#1182: Haha
2018-04-30 19:26:20 #general @Confusingly_Understandable#2259: Add a second dadbot and start an infinite loop
2018-04-30 19:26:28 #general @Ash Bullet#1182: Yes
2018-04-30 19:26:35 #general @Confusingly_Understandable#2259: @Palm 🌴
2018-04-30 19:26:48 #general @Ash Bullet#1182: I just got bitched at
2018-04-30 19:26:54 #general @Confusingly_Understandable#2259: For what
2018-04-30 19:27:24 #general @Confusingly_Understandable#2259: I’m
2018-04-30 19:27:24 #general @Dad Bot#4494: Hi, I'm Dad!
2018-04-30 19:27:27 #general @Confusingly_Understandable#2259: Hi
2018-04-30 19:27:28 #general @Seagull AI#0244: @Salm 🌴, Hello! o/
2018-04-30 19:27:30 #general @Palm#7297: hi dad
2018-04-30 19:27:31 #general @Ash Bullet#1182: We're making a gramerly acc
2018-04-30 19:27:33 #general @Confusingly_Understandable#2259: Jesus
2018-04-30 19:27:39 #general @Confusingly_Understandable#2259: Too many bots
2018-04-30 19:27:44 #general @Confusingly_Understandable#2259: I’m Hi
2018-04-30 19:27:44 #general @Dad Bot#4494: Hi Hi, I'm Dad!
2018-04-30 19:27:48 #general @Confusingly_Understandable#2259: Damnit
2018-04-30 19:27:54 #general @Confusingly_Understandable#2259: I’m dad
2018-04-30 19:27:54 #general @Dad Bot#4494: No you're not, you're Confusingly_Understandable
2018-04-30 19:27:57 #general @Confusingly_Understandable#2259: Fuck you
2018-04-30 19:28:07 #general @Palm#7297: I'm mom
2018-04-30 19:28:08 #general @Dad Bot#4494: Hi mom, I'm Dad!
2018-04-30 19:28:20 #general @Confusingly_Understandable#2259: I’m my disappointing son
2018-04-30 19:28:20 #general @Dad Bot#4494: Hi my disappointing son, I'm Dad!
2018-04-30 19:28:25 #general @Confusingly_Understandable#2259: Lmao
2018-04-30 19:28:28 #general @Ash Bullet#1182: Ok so she said go to your email and stop and so i went to my email and clicked the gramerly acc
2018-04-30 19:28:41 #general @Palm#7297: I'm Useless sack of shit
2018-04-30 19:28:41 #general @Dad Bot#4494: Hi Useless sack of shit, I'm Dad!
2018-04-30 19:28:50 #general @Confusingly_Understandable#2259: I’m not dad
2018-04-30 19:28:50 #general @Dad Bot#4494: Hi not dad, I'm Dad!
2018-04-30 19:29:14 #general @Confusingly_Understandable#2259: Is that it or what else happen @The Gay Crusade
2018-04-30 19:31:59 #general @Ash Bullet#1182: Oh
2018-04-30 19:32:03 #general @Ash Bullet#1182: Sorry she keeps passing by
2018-04-30 19:32:18 #general @Ash Bullet#1182: So i clicked on the email right cuz who doesnt know how to verify an account
2018-04-30 19:32:21 #general @Confusingly_Understandable#2259: Fuckin fire drill
2018-04-30 19:32:24 #general @Ash Bullet#1182: And she bitched at me for that
2018-04-30 19:32:26 #general @Ash Bullet#1182: Oh shit
2018-04-30 19:32:28 #general @Confusingly_Understandable#2259: Lmao
2018-04-30 19:32:29 #general @Ash Bullet#1182: Who pulled it
2018-04-30 19:32:31 #general @Confusingly_Understandable#2259: Idk
2018-04-30 19:32:35 #general @Confusingly_Understandable#2259: I’ll be back
2018-04-30 19:32:38 #general @Ash Bullet#1182: Was it you sammy
2018-04-30 19:38:14 #general @Confusingly_Understandable#2259: Am back
2018-04-30 19:38:15 #general @Confusingly_Understandable#2259: Yes
2018-04-30 19:38:19 #general @Confusingly_Understandable#2259: ‘Twas i
2018-04-30 19:38:21 #general @Ash Bullet#1182: Yes it was you
2018-04-30 19:38:27 #general @Confusingly_Understandable#2259: I set the school ablaze
2018-04-30 19:38:28 #general @Ash Bullet#1182: So proud
2018-04-30 19:38:46 #general @Tal#2290: no u
2018-04-30 19:39:01 #general @Confusingly_Understandable#2259: damb
2018-04-30 19:39:26 #general @rufus#2631: v r o
2018-04-30 19:39:32 #general @Ash Bullet#1182: v r o
2018-04-30 19:40:13 #general @Palm#7297: v          r          o
2018-04-30 19:40:52 #general @Palm#7297 edited message from 2018-04-30 19:40:13 (v          r          o) to read: v                              r                              o
2018-04-30 19:41:33 #general @rufus#2631: v                                                  r                                                  o
2018-04-30 19:42:00 #general @Palm#7297: v                                                                                          r                                                                                          o
2018-04-30 19:42:43 #general @Tal#2290: v                                                                                                         o                                                                                                                           r                                                                                                                        e
2018-04-30 19:43:44 #general @Palm#7297: ***                                                                                                                                                                                                                                                                                                                                                                                                                                                                                                                                                                                                                                                                                                                                                                                                                                                                                                                                                                                                                                                                                                                                                                                                                                                                                                                                                                                                                                                                .                                                                                                                                                                                                                  h***
2018-04-30 19:44:22 #general @sierra🌴#5230: I'm just sitting here watching your role change color. I lead an exciting life
2018-04-30 19:44:24 #general @Dad Bot#4494: Hi just sitting here watching your role change color. I lead an exciting life, I'm Dad!
2018-04-30 19:44:36 #general @sierra🌴#5230: the fuck
2018-04-30 19:46:13 #general @Confusingly_Understandable#2259: You discovered dadbot
2018-04-30 19:49:58 #general @Ash Bullet#1182: LMAO
2018-04-30 19:50:29 #general @Ash Bullet#1182: Im gay gayngay gaygyaldndbkakk gya fhiensklanejsonsnshosndhoxnebamm gay homosexual dhsknwjdoamna fbuoebisbuosn fhoapuouo Donnell jidunens d onruksndonejapmdbuj dbduosne. Rndlzmmeuixbb h
2018-04-30 19:50:29 #general @Dad Bot#4494: Hi gay gayngay gaygyaldndbkakk gya fhiensklanejsonsnshosndhoxnebamm gay homosexual dhsknwjdoamna fbuoebisbuosn fhoapuouo Donnell jidunens d onruksndonejapmdbuj dbduosne. Rndlzmmeuixbb h, I'm Dad!
2018-04-30 19:50:29 #general @Seagull AI#0244: @The Gay Crusade, https://cdn.discordapp.com/attachments/327872502544203786/336222728916959242/Screenshot_20170716-140821.png
2018-04-30 19:50:30 #general @Seagull AI#0244 edited message from 2018-04-30 19:50:29 (@The Gay Crusade, https://cdn.discordapp.com/attachments/327872502544203786/336222728916959242/Screenshot_20170716-140821.png) to read: @The Gay Crusade, https://cdn.discordapp.com/attachments/327872502544203786/336222728916959242/Screenshot_20170716-140821.png
2018-04-30 19:50:29 #general @Seagull AI#0244: @Dad Bot, https://cdn.discordapp.com/attachments/327872502544203786/336222728916959242/Screenshot_20170716-140821.png
2018-04-30 19:50:41 #general @Ash Bullet#1182: Wtf
2018-04-30 19:50:54 #general @Ash Bullet#1182: Homosexual
2018-04-30 19:50:55 #general @Ash Bullet#1182: Gay
2018-04-30 19:51:06 #general @Ash Bullet#1182: What did i say
2018-04-30 19:51:09 #general @Ash Bullet#1182: Im so confused
2018-04-30 19:51:10 #general @Dad Bot#4494: Hi so confused, I'm Dad!
2018-04-30 19:51:25 #general @Ash Bullet#1182: @Dad Bot kys
2018-04-30 19:51:25 #general @Dad Bot#4494: Alright Ash Bullet, that was very rude. Instead, take your own advice.
2018-04-30 19:52:45 #general @Tal#2290: fuck you dad
2018-04-30 19:53:40 #general @Ash Bullet#1182: Kys @Tal
2018-04-30 19:53:44 #general @Ash Bullet#1182: Kys
2018-04-30 19:53:46 #general @Ash Bullet#1182: K y s
2018-04-30 19:53:49 #general @Ash Bullet#1182: Dad respond
2018-04-30 19:54:28 #general @Tal#2290: no i already disowned you
2018-04-30 19:54:53 #general @Ash Bullet#1182: @Tal love me daddy
2018-04-30 19:55:13 #general @Tal#2290: you're not my son
2018-04-30 19:57:15 #general @Ash Bullet#1182: But d a d d y
2018-04-30 19:57:45 #general @Tal#2290: get a job god damnit
2018-04-30 20:00:57 #general @Ash Bullet#1182: I am
2018-04-30 20:01:06 #general @Ash Bullet#1182: In fact today my moms doing my application with me
2018-04-30 20:01:12 #general @Ash Bullet#1182: First job ladies
2018-04-30 20:01:26 #general @Eilish#2573: Good luck with it b
2018-04-30 20:01:33 #general @Ash Bullet#1182: Imma push carts and wiggle around for hours
2018-04-30 20:01:35 #general @Ash Bullet#1182: Ty wife
2018-04-30 20:01:39 #general @Ash Bullet#1182: ❤
2018-04-30 20:01:54 #general @Eilish#2573: You can always become a stripper with me if you're stuck
2018-04-30 20:01:58 #general @Tal#2290: what kind of job?
2018-04-30 20:03:03 #general @Ash Bullet#1182: My mom works in this big nice grocery store as a business leader so shes trying to get me a job pushing carts/getting carts/taking out groceries
2018-04-30 20:03:21 #general @Ash Bullet#1182: But its a really nice store and it pays better than most adult jobs in town
2018-04-30 20:03:28 #general @Ash Bullet#1182: So its a tough squeeze in
2018-04-30 20:03:29 #general @Confusingly_Understandable#2259: Fuck
2018-04-30 20:03:35 #general @Confusingly_Understandable#2259: @Dad Bot I love you
2018-04-30 20:03:45 #general @Confusingly_Understandable#2259: @Dad Bot fuck you
2018-04-30 20:03:50 #general @Confusingly_Understandable#2259: I wanna trigger it
2018-04-30 20:03:54 #general @Tal#2290: dad doesn't care
2018-04-30 20:03:54 #general @Ash Bullet#1182: @Salm 🌴 u got HEBs in austin right?
2018-04-30 20:03:57 #general @Confusingly_Understandable#2259: Yes
2018-04-30 20:04:03 #general @Ash Bullet#1182: Thats where im working
2018-04-30 20:04:04 #general @Ash Bullet#1182: This summer
2018-04-30 20:04:07 #general @Confusingly_Understandable#2259: Really?
2018-04-30 20:04:08 #general @Confusingly_Understandable#2259: Noce
2018-04-30 20:04:10 #general @Ash Bullet#1182: Yeah
2018-04-30 20:04:13 #general @Confusingly_Understandable#2259: I’m gonna be a life guard
2018-04-30 20:04:13 #general @Dad Bot#4494: Hi gonna be a life guard, I'm Dad!
2018-04-30 20:04:16 #general @Confusingly_Understandable#2259: Fuck you
2018-04-30 20:04:17 #general @Ash Bullet#1182: Ooh
2018-04-30 20:04:18 #general @Ash Bullet#1182: Nice
2018-04-30 20:04:24 #general @Tal#2290: lol he got you
2018-04-30 20:04:26 #general @Ash Bullet#1182: Im big gay faggot
2018-04-30 20:04:26 #general @Dad Bot#4494: Hi big gay faggot, I'm Dad!
2018-04-30 20:04:26 #general @Seagull AI#0244: @The Gay Crusade, https://cdn.discordapp.com/attachments/327872502544203786/336222728916959242/Screenshot_20170716-140821.png
2018-04-30 20:04:27 #general @Seagull AI#0244: @Dad Bot, https://cdn.discordapp.com/attachments/327872502544203786/336222728916959242/Screenshot_20170716-140821.png
2018-04-30 20:04:31 #general @Ash Bullet#1182: faggot
2018-04-30 20:04:31 #general @Seagull AI#0244: @The Gay Crusade, https://cdn.discordapp.com/attachments/327872502544203786/336222728916959242/Screenshot_20170716-140821.png
2018-04-30 20:04:33 #general @Confusingly_Understandable#2259: Gonna get that **hot lifeguard bod**
2018-04-30 20:04:38 #general @Ash Bullet#1182: B O I
2018-04-30 20:04:40 #general @Ash Bullet#1182: GET SUM
2018-04-30 20:04:43 #general @Confusingly_Understandable#2259: no
2018-04-30 20:04:44 #general @Ash Bullet#1182: F U C C
2018-04-30 20:04:45 #general @Confusingly_Understandable#2259: Ssh
2018-04-30 20:04:46 #general @Confusingly_Understandable#2259: AHA
2018-04-30 20:04:47 #general @Confusingly_Understandable#2259: KANA
2018-04-30 20:04:48 #general @Confusingly_Understandable#2259: ASH
2018-04-30 20:04:51 #general @Confusingly_Understandable#2259: shhhh
2018-04-30 20:04:54 #general @Ash Bullet#1182: K a n a
2018-04-30 20:04:57 #general @Confusingly_Understandable#2259: shhh
2018-04-30 20:05:34 #general @Ash Bullet#1182: K a n a
2018-04-30 20:05:42 #general @Confusingly_Understandable#2259: I’m I’m a gay man and
2018-04-30 20:05:43 #general @Dad Bot#4494: Hi I’m a gay man and, I'm Dad!
2018-04-30 20:05:48 #general @Ash Bullet#1182: HAHAH
2018-04-30 20:06:00 #general @Ash Bullet#1182: I'm a disgusting faggot and
2018-04-30 20:06:00 #general @Dad Bot#4494: Hi a disgusting faggot and, I'm Dad!
2018-04-30 20:06:00 #general @Seagull AI#0244: @Kana, https://cdn.discordapp.com/attachments/327872502544203786/336222728916959242/Screenshot_20170716-140821.png
2018-04-30 20:06:01 #general @Seagull AI#0244: @Dad Bot, https://cdn.discordapp.com/attachments/327872502544203786/336222728916959242/Screenshot_20170716-140821.png
2018-04-30 20:06:10 #general @Ash Bullet#1182: im finna dm kevvy
2018-04-30 20:06:10 #general @Dad Bot#4494: Hi finna dm kevvy, I'm Dad!
2018-04-30 20:12:11 #general @Tal#2290: kana is that dragon loli
2018-04-30 20:13:10 #general @Ash Bullet#1182: I SAW THAT CHANGE PALM
2018-04-30 20:13:14 #general @Ash Bullet#1182: i want it back
2018-04-30 20:13:21 #general @Ash Bullet#1182: also
2018-04-30 20:13:30 #general @Ash Bullet#1182: @e i always forget how cute you is
2018-04-30 20:13:34 #general @Ash Bullet#1182: Fucking gay ass twink
2018-04-30 20:14:44 #general @Tal#2290: he gets hit on by gay guys all the time
2018-04-30 20:15:48 #general @Happybear ™#9915: Finally, I told Palm he should get dad bot
2018-04-30 20:16:23 #general @Happybear ™#9915: But sadly I am laZY as fUCK
2018-04-30 20:18:29 #general @Ash Bullet#1182: I bet he does tal
2018-04-30 20:18:41 #general @Ash Bullet#1182: Like if he never spoke
2018-04-30 20:18:45 #general @Ash Bullet#1182: He'd be ultimate trap
2018-04-30 20:18:49 #general @Tal#2290: that's not a joke btw he really was
2018-04-30 20:18:52 #general @Ash Bullet#1182: But the minute he speaks its all over
2018-04-30 20:18:56 #general @Ash Bullet#1182: No i believe you
2018-04-30 20:18:58 #general @Ash Bullet#1182: 100%
2018-04-30 20:19:15 #general @Ash Bullet#1182: If i didnt know rufus id be all over that
2018-04-30 20:19:42 #general @Tal#2290: i dunno if he's trap material. needs some more work.
2018-04-30 20:22:54 #general @Ash Bullet#1182: Nahnah just put him in a dress
2018-04-30 20:22:56 #general @Ash Bullet#1182: Bam
2018-04-30 20:23:39 #general @Palm#7297: twink sure but im not seeing the trap
2018-04-30 20:23:55 #general @Tal#2290: ash has wild fantasies dont mind her
2018-04-30 20:24:12 #general @Ash Bullet#1182: I have normal fantasies
2018-04-30 20:24:16 #general @Ash Bullet#1182: Thank you
2018-04-30 20:24:33 #general @Ash Bullet#1182: If i had a dick id be gr8
2018-04-30 20:24:40 #general @Ash Bullet#1182: Im very aggressive
2018-04-30 20:24:40 #general @Dad Bot#4494: Hi very aggressive, I'm Dad!
2018-04-30 20:25:04 #general @Ash Bullet#1182: Ok maybe i have weird fantasies for a female but i have normal gay male fantasies
2018-04-30 20:25:30 #general @Tal#2290: i hit a soft spot
2018-04-30 20:25:34 #general @Palm#7297: checks out
2018-04-30 20:26:02 #general @Tal#2290: i bet he gets gang banged by 4 nigerian gentlemen in your fantasy
2018-04-30 20:26:11 #general @Ash Bullet#1182: Oh fuck
2018-04-30 20:26:23 #general @Ash Bullet#1182: Yaknow what
2018-04-30 20:26:35 #general @Ash Bullet#1182: Racial gay porn bothers me so much
2018-04-30 20:26:50 #general @Ash Bullet#1182: Or actually
2018-04-30 20:26:57 #general @Ash Bullet#1182: Just porn descs bother me
2018-04-30 20:27:08 #general @Ash Bullet#1182: ***i dont want descs***
2018-04-30 20:27:19 #general @Tal#2290: wat
2018-04-30 20:27:24 #general @Tal#2290: description?
2018-04-30 20:27:27 #general @Ash Bullet#1182: Yes
2018-04-30 20:27:32 #general @Palm#7297: i ain't racist but i wouldn't fuck a black guy
2018-04-30 20:27:33 #general @Ash Bullet#1182: It bothers me so much
2018-04-30 20:27:41 #general @Tal#2290: whats wrong with it
2018-04-30 20:27:46 #general @Ash Bullet#1182: is it cuz he'll break yer ass
2018-04-30 20:27:58 #general @Palm#7297: that's part of it
2018-04-30 20:27:58 #general @Ash Bullet#1182: Some descs just turn me off
2018-04-30 20:28:21 #general @Ash Bullet#1182: Anytime i see black guys in pornos i like get surprised
2018-04-30 20:28:30 #general @Ash Bullet#1182: I forget very easily how big dicks can get
2018-04-30 20:28:39 #general @Ash Bullet#1182: Im married to several women and twinks
2018-04-30 20:28:39 #general @Dad Bot#4494: Hi married to several women and twinks, I'm Dad!
2018-04-30 20:29:06 #general @Tal#2290: you mean the title of the video?
2018-04-30 20:29:12 #general @Tal#2290: or the description under it
2018-04-30 20:29:17 #general @Ash Bullet#1182: Both
2018-04-30 20:29:19 #general @Ash Bullet#1182: I just want
2018-04-30 20:29:30 #general @Ash Bullet#1182: Big Gay Porno #420
2018-04-30 20:29:31 #general @Ash Bullet#1182: K
2018-04-30 20:29:44 #general @Tal#2290: nah , you need a click bait title
2018-04-30 20:29:50 #general @Palm#7297: <a:epicsax1:431592341871001611> <:penrain:440581636569038880> <a:epicsax2:431592360594374666>
2018-04-30 20:29:53 #general @Ash Bullet#1182: I dont wanna know about her stepsister or his latino toy
2018-04-30 20:29:59 #general @Ash Bullet#1182: I just want porn
2018-04-30 20:30:30 #general @Tal#2290: so you don't WANT them to roleplay like they're brother and sister while they fuck each other?
2018-04-30 20:30:42 #general @Ash Bullet#1182: Exactly
2018-04-30 20:30:47 #general @Ash Bullet#1182: I want them to just be two bodies
2018-04-30 20:30:49 #general @Ash Bullet#1182: Thats all
2018-04-30 20:30:58 #general @Tal#2290: boring. i want good story in my porn
2018-04-30 20:31:01 #general @Ash Bullet#1182: I do n t
2018-04-30 20:31:02 #general @Tal#2290: the more elaborate the better
2018-04-30 20:31:04 #general @Ash Bullet#1182: I just want
2018-04-30 20:31:06 #general @Ash Bullet#1182: G a y
2018-04-30 20:31:08 #general @Ash Bullet#1182: S e x
2018-04-30 20:31:20 #general @Tal#2290: the better the story the more im invested
2018-04-30 20:31:34 #general @Palm#7297: i don't understand lesbian sex
2018-04-30 20:31:40 #general @Ash Bullet#1182: Ofc u dont
2018-04-30 20:31:44 #general @Ash Bullet#1182: You dont have a vag
2018-04-30 20:31:52 #general @Palm#7297: yeah exactly
2018-04-30 20:31:55 #general @Palm#7297: enlighten me
2018-04-30 20:32:01 #general @Ash Bullet#1182: Guys have penises so go watch penises
2018-04-30 20:32:13 #general @Ash Bullet#1182: Honestly my favorite part of lesbian part is violent orgasms
2018-04-30 20:32:24 #general @Tal#2290: its not that complicated , vaginas are sensitive so even rubbing against each other does something
2018-04-30 20:32:31 #general @Ash Bullet#1182: Yuh
2018-04-30 20:32:53 #general @Palm#7297: touch peepee \npeepee get hard\npeepee enter butt\npeepee explode
2018-04-30 20:32:58 #general @Ash Bullet#1182: ez
2018-04-30 20:33:02 #general @Catalyst#9206: I need a therapist
2018-04-30 20:33:04 #general @Tal#2290: thats how jesus wanted it
2018-04-30 20:33:08 #general @Ash Bullet#1182: Vag needs to be loved
2018-04-30 20:33:12 #general @Ash Bullet#1182: @Crabalyst 🦀 ill do it
2018-04-30 20:33:31 #general @Ash Bullet#1182: Vag needs to be hit slowly and then aggressively
2018-04-30 20:33:40 #general @Ash Bullet#1182: Cant just explode like peepee
2018-04-30 20:34:04 #general @Palm#7297: vag is ok but after my first vr porn experience i don't want to look at one too closely
2018-04-30 20:34:21 #general @Ash Bullet#1182: Oh they arent that bad
2018-04-30 20:34:29 #general @Ash Bullet#1182: Personally i prefer cock but i dont mind a vag
2018-04-30 20:34:42 #general @Palm#7297: i just saw some gnarly czetch woman's cooter and it scarred me
2018-04-30 20:34:47 #general @Tal#2290: Breaking the Quiet
2018-04-30 20:34:56 #general @Ash Bullet#1182: Plus they got all those weird little bumps and textures
2018-04-30 20:35:04 #general @Ash Bullet#1182: Dick is only dick
2018-04-30 20:35:13 #general @Ash Bullet#1182: W a i t
2018-04-30 20:35:18 #general @Ash Bullet#1182: Is palm a virgoboy
2018-04-30 20:35:24 #general @Palm#7297: yea
2018-04-30 20:35:25 #general @Ash Bullet#1182: I always assumed he wasnt
2018-04-30 20:35:29 #general @Ash Bullet#1182: OMF
2018-04-30 20:35:36 #general @Ash Bullet#1182: thats adorable
2018-04-30 20:35:39 #general @Tal#2290: virgo as in the starsign or
2018-04-30 20:35:44 #general @Ash Bullet#1182: No
2018-04-30 20:35:49 #general @Palm#7297: <:gunhd:369964080683024384><:palm:332867273822044162>
2018-04-30 20:35:51 #general @Ash Bullet#1182: I mean virgin
2018-04-30 20:35:56 #general @Palm#7297 edited message from 2018-04-30 20:35:49 (<:gunhd:369964080683024384><:palm:332867273822044162>) to read: <:gunhd:369964080683024384>:palmtree:
2018-04-30 20:36:01 #general @Catalyst#9206: Welcome to tge club palm
2018-04-30 20:36:02 #general @Ash Bullet#1182: cute little virgoboys
2018-04-30 20:36:07 #general @Palm#7297 edited message from 2018-04-30 20:35:49 (<:gunhd:369964080683024384>:palmtree:) to read: <:gunhd:369964080683024384>🌴
2018-04-30 20:36:15 #general @Catalyst#9206: sh
2018-04-30 20:36:20 #general @Eilish#2573: Aww
2018-04-30 20:36:20 #general @Ash Bullet#1182: As virgin as olive oil
2018-04-30 20:36:24 #general @Tal#2290: you're a virgin too
2018-04-30 20:36:27 #general @Tal#2290: so shut up
2018-04-30 20:36:32 #general @Catalyst#9206: How do i deal with a cunt
2018-04-30 20:36:34 #general @Ash Bullet#1182: Im not a virgin
2018-04-30 20:36:34 #general @Dad Bot#4494: Hi not a virgin, I'm Dad!
2018-04-30 20:36:38 #general @Ash Bullet#1182: Im dad
2018-04-30 20:36:38 #general @Dad Bot#4494: No you're not, you're Ash Bullet
2018-04-30 20:36:42 #general @Ash Bullet#1182: B O I
2018-04-30 20:36:44 #general @Eilish#2573: What happened
2018-04-30 20:36:45 #general @Tal#2290: oof
2018-04-30 20:36:46 #general @Catalyst#9206: Im dead
2018-04-30 20:36:47 #general @Dad Bot#4494: Hi dead, I'm Dad!
2018-04-30 20:36:52 #general @Ash Bullet#1182: Im gay
2018-04-30 20:36:52 #general @Dad Bot#4494: Hi gay, I'm Dad!
2018-04-30 20:36:55 #general @Catalyst#9206: Im suicidal
2018-04-30 20:36:55 #general @Dad Bot#4494: Hi suicidal, I'm Dad!
2018-04-30 20:36:58 #general @Catalyst#9206: Yay
2018-04-30 20:37:04 #general @Ash Bullet#1182: Im kys
2018-04-30 20:37:04 #general @Dad Bot#4494: Hi kys, I'm Dad!
2018-04-30 20:37:08 #general @Ash Bullet#1182: Kys @Dad Bot
2018-04-30 20:37:11 #general @Ash Bullet#1182: Kys dad
2018-04-30 20:37:12 #general @Palm#7297:  (attachment url(s): https://cdn.discordapp.com/attachments/431235051154440204/440612611482976268/image-6.png)
2018-04-30 20:37:13 #general @Ash Bullet#1182: Lys
2018-04-30 20:37:18 #general @Tal#2290: im im suicidal and
2018-04-30 20:37:18 #general @Dad Bot#4494: Hi im suicidal and, I'm Dad!
2018-04-30 20:37:18 #general @Catalyst#9206: triggered
2018-04-30 20:37:40 #general @Ash Bullet#1182: Turn me off daddy
2018-04-30 20:37:45 #general @Catalyst#9206: Im im dad and I have a stuttering issue
2018-04-30 20:37:45 #general @Dad Bot#4494: Hi im dad and I have a stuttering issue, I'm Dad!
2018-04-30 20:37:55 #general @Tal#2290: lol
2018-04-30 20:38:06 #general @Ash Bullet#1182: Its fucking freezing in here
2018-04-30 20:38:21 #general @Ash Bullet#1182: C o l d n i p s n o t g o o d
2018-04-30 20:38:31 #general @Catalyst#9206: palm hop in vc
2018-04-30 20:38:36 #general @Tal#2290: cold nips pierce like bullets
2018-04-30 20:38:44 #general @Catalyst#9206: i need third party advice
2018-04-30 20:38:59 #general @Ash Bullet#1182: @Tal like ash bullets
2018-04-30 20:39:19 #general @Ash Bullet#1182: Just think about bullets made of ash
2018-04-30 20:39:20 #general @Tal#2290: come to think of it ash bullets seem very not dangerous
2018-04-30 20:39:24 #general @Ash Bullet#1182: They'd be so useless
2018-04-30 20:39:28 #general @Ash Bullet#1182: Exaclty
2018-04-30 20:39:37 #general @Ash Bullet#1182 edited message from 2018-04-30 20:39:28 (Exaclty) to read: Exactly
2018-04-30 20:39:38 #general @Tal#2290: thats not completely true though
2018-04-30 20:39:47 #general @Tal#2290: since airsoft guns can hurt you
2018-04-30 20:40:00 #general @Tal#2290: ash guns might do that too
2018-04-30 20:40:07 #general @Ash Bullet#1182: Made of ash
2018-04-30 20:40:10 #general @Ash Bullet#1182: Powder
2018-04-30 20:40:12 #general @Ash Bullet#1182: Dust
2018-04-30 20:40:24 #general @Ash Bullet#1182: Wouldnt even form a bullet and if it did it would crumble
2018-04-30 20:40:36 #general @Tal#2290: if its made out of powder its gonna explode inside the barrel
2018-04-30 20:41:02 #general @Ash Bullet#1182: Honestly Ash is from Fantastic Mr Fox and Bullet is because at the time i was into HU
2018-04-30 20:41:20 #general @Tal#2290: HU is what
2018-04-30 20:41:28 #general @Ash Bullet#1182: Hollywood undead
2018-04-30 20:41:41 #general @Ash Bullet#1182: But only deuce songs
2018-04-30 20:41:57 #general @Ash Bullet#1182: After that i rolled completely out of my emo shit
2018-04-30 20:42:07 #general @Ash Bullet#1182: And now im just sorta emo
2018-04-30 20:42:44 #general @Tal#2290: you'll get to the scene phase eventually
2018-04-30 20:43:03 #general @Ash Bullet#1182: Already did
2018-04-30 20:43:20 #general @Ash Bullet#1182: I have vague memories as a child of literally looking up how to be scene
2018-04-30 20:43:28 #general @Ash Bullet#1182: I hit all my awful phases as a child
2018-04-30 20:43:35 #general @blokmotion#2533: you guys want to do a movie night and watch ihe's new video?
2018-04-30 20:43:52 #general @Tal#2290: ? how long is the video
2018-04-30 20:44:05 #general @blokmotion#2533: 40 minutes
2018-04-30 20:44:06 #general @Ash Bullet#1182: Like i started out as an insane religious toddler to an emo kid to a just fucking weirdass teen
2018-04-30 20:44:38 #general @Ash Bullet#1182: And tbh this is pretty close to toddler me so i dont think im gonna change much
2018-04-30 20:44:39 #general @Tal#2290: i dont think i had any kind of identity like that
2018-04-30 20:44:56 #general @blokmotion#2533: me neither
2018-04-30 20:45:43 #general @Ash Bullet#1182: When i was a young i contemplated asexuality
2018-04-30 20:45:55 #general @Tal#2290: im doing that right now
2018-04-30 20:45:55 #general @Dad Bot#4494: Hi doing that right now, I'm Dad!
2018-04-30 20:45:59 #general @blokmotion#2533: how young?
2018-04-30 20:46:00 #general @Tal#2290: fuck you
2018-04-30 20:46:14 #general @Ash Bullet#1182: I think about 8 ish
2018-04-30 20:46:27 #general @Ash Bullet#1182: I thought the idea of being so close to someone was strange
2018-04-30 20:46:41 #general @blokmotion#2533: i didnt know what asexuality was when i was 8
2018-04-30 20:46:53 #general @Ash Bullet#1182: Like i said
2018-04-30 20:47:01 #general @Ash Bullet#1182: I went through all my development young
2018-04-30 20:47:12 #general @blokmotion#2533: ah
2018-04-30 20:47:33 #general @Tal#2290: im going through my emo phase now and my asexuality phase at the same time
2018-04-30 20:47:33 #general @Dad Bot#4494: Hi going through my emo phase now and my asexuality phase at the same time, I'm Dad!
2018-04-30 20:47:50 #general @Tal#2290: get rid of this shit head
2018-04-30 20:47:51 #general @Ash Bullet#1182: That whole asexuality thing kept me from bating until i was 13
2018-04-30 20:47:55 #general @Eilish#2573: Please kill the bot
2018-04-30 20:47:55 #general @Confusingly_Understandable#2259: so
2018-04-30 20:48:07 #general @blokmotion#2533: im finding who i am now i guess
2018-04-30 20:48:07 #general @Dad Bot#4494: Hi finding who i am now i guess, I'm Dad!
2018-04-30 20:48:18 #general @Ash Bullet#1182: Kill dad bot
2018-04-30 20:48:27 #general @Confusingly_Understandable#2259: I recently left my class to hang out in the theatre wing to hang out and whatever and this is only time I’ve remotely come close to skipping
2018-04-30 20:48:31 #general @Confusingly_Understandable#2259: AND MY MOM WALKED IN
2018-04-30 20:48:33 #general @Tal#2290: im i want to kill myself
2018-04-30 20:48:33 #general @Dad Bot#4494: Hi i want to kill myself, I'm Dad!
2018-04-30 20:48:37 #general @blokmotion#2533: its funny the first 10 tmes
2018-04-30 20:48:37 #general @Ash Bullet#1182: LMAOOO
2018-04-30 20:48:42 #general @Confusingly_Understandable#2259: THE FUCKING CLASS
2018-04-30 20:48:47 #general @Ash Bullet#1182: @Salm 🌴 u de a d
2018-04-30 20:48:57 #general @blokmotion#2533: im tler did nothing wrong
2018-04-30 20:48:57 #general @Dad Bot#4494: Hi tler did nothing wrong, I'm Dad!
2018-04-30 20:49:18 #general @Ash Bullet#1182: Omdg
2018-04-30 20:49:21 #general @Ash Bullet#1182: I cant
2018-04-30 20:49:32 #general @Ash Bullet#1182: Im itler was the big gay
2018-04-30 20:49:32 #general @Dad Bot#4494: Hi itler was the big gay, I'm Dad!
2018-04-30 20:50:40 #general @blokmotion#2533: so we doing the movie night or not?
2018-04-30 20:51:16 #general @blokmotion#2533: this is the video btw https://www.youtube.com/watch?v=qgcenfc6Qbc
2018-04-30 20:51:17 #general @blokmotion#2533 edited message from 2018-04-30 20:51:16 (this is the video btw https://www.youtube.com/watch?v=qgcenfc6Qbc) to read: this is the video btw https://www.youtube.com/watch?v=qgcenfc6Qbc
2018-04-30 20:51:17 #general @Catalyst#9206: palm idk what to even say
2018-04-30 20:51:24 #general @Catalyst#9206: thotticus begonicus?
2018-04-30 20:51:56 #general @blokmotion#2533: you gotta go, you fucking hoe
2018-04-30 20:52:32 #general @Catalyst#9206: but what if it’s only my paranoia
2018-04-30 20:53:37 #general @blokmotion#2533: wgat are you talking about
2018-04-30 20:54:09 #general @Catalyst#9206:  (attachment url(s): https://cdn.discordapp.com/attachments/431235051154440204/440616876310265888/image.jpg)
2018-04-30 20:54:19 #general @Catalyst#9206: The kim jong un & Big Smoke meeting
2018-04-30 20:54:56 #general @Palm#7297: truly historic
2018-04-30 20:56:23 #general @Palm#7297: don't push yourself to continue the relationship if you really don't want to imo
2018-04-30 20:56:41 #general @Ash Bullet#1182: Oh
2018-04-30 20:56:53 #general @Ash Bullet#1182: Are we having real nigga discussion
2018-04-30 20:56:54 #general @Seagull AI#0244: @Kana, https://cdn.discordapp.com/attachments/327872502544203786/336222728916959242/Screenshot_20170716-140821.png
2018-04-30 20:56:54 #general @Seagull AI#0244 edited message from 2018-04-30 20:56:54 (@Kana, https://cdn.discordapp.com/attachments/327872502544203786/336222728916959242/Screenshot_20170716-140821.png) to read: @Kana, https://cdn.discordapp.com/attachments/327872502544203786/336222728916959242/Screenshot_20170716-140821.png
2018-04-30 20:57:04 #general @Ash Bullet#1182: Fucking kevvy
2018-04-30 20:58:38 #general @Catalyst#9206:  (attachment url(s): https://cdn.discordapp.com/attachments/431235051154440204/440618001679515648/image.jpg)
2018-04-30 20:59:02 #general @Tal#2290: that's a nice rick and morty humor right there
2018-04-30 20:59:10 #general @Palm#7297: real men know what's happening (attachment url(s): https://cdn.discordapp.com/attachments/431235051154440204/440618138221019136/DcCbg7EWAAA8cev.png)
2018-04-30 20:59:31 #general @Catalyst#9206: The killing 🅱️loke
2018-04-30 20:59:56 #general @Ash Bullet#1182: B l o k e
2018-04-30 21:00:36 #general @Palm#7297: E
2018-04-30 21:01:14 #general @Ash Bullet#1182: I hate children
2018-04-30 21:01:24 #general @Tal#2290: me 2
2018-04-30 21:06:59 #general @Catalyst#9206:  (attachment url(s): https://cdn.discordapp.com/attachments/431235051154440204/440620105785802762/image.jpg)
2018-04-30 21:07:15 #general @Catalyst#9206: Ratdog reporting in
2018-04-30 21:08:01 #general @sierra🌴#5230: I saw people in VC and took an absurdly quick shower. Now they're gone. F
2018-04-30 21:08:09 #general @blokmotion#2533: ferret?
2018-04-30 21:08:19 #general @Catalyst#9206: it was just palm and i
2018-04-30 21:08:19 #general @Palm#7297: o me n caty were talkin
2018-04-30 21:08:28 #general @Catalyst#9206: yeah it wasnt much
2018-04-30 21:09:42 #general @Catalyst#9206: anyways
2018-04-30 21:09:45 #general @Catalyst#9206: im taking a nap
2018-04-30 21:09:45 #general @Dad Bot#4494: Hi taking a nap, I'm Dad!
2018-04-30 21:09:51 #general @Catalyst#9206: fuck you
2018-04-30 21:28:12 #general @Ash Bullet#1182: Today is the day people
2018-04-30 21:28:20 #general @Happybear ™#9915: you're killing yourself?
2018-04-30 21:28:31 #general @Ash Bullet#1182: No im fucking myself with a banana
2018-04-30 21:28:37 #general @Happybear ™#9915: can I watch?
2018-04-30 21:28:38 #general @Palm#7297: <a:epicsax1:431592341871001611> <:what:433401107201392670> <a:epicsax2:431592360594374666>
2018-04-30 21:28:48 #general @Ash Bullet#1182: Sorry but its a cnn exclusive
2018-04-30 21:28:51 #general @Palm#7297: <:penrain:440581636569038880>
2018-04-30 21:28:52 #general @Happybear ™#9915: damn
2018-04-30 21:29:03 #general @Ash Bullet#1182: Itll be live @5
2018-04-30 21:29:05 #general @Ash Bullet#1182: So tune in
2018-04-30 21:29:06 #general @Ash Bullet#1182: Kiddos
2018-04-30 21:29:19 #general @Palm#7297: <:bongo_time:348631897125027850>
2018-04-30 21:29:34 #general @Ash Bullet#1182: E p i k n a e n ae
2018-04-30 21:29:52 #general @Palm#7297: <a:allsmilesg:393571589251399700>
2018-04-30 21:30:13 #general @Happybear ™#9915: palm can only speak in emojis
2018-04-30 21:30:35 #general @Ash Bullet#1182: @Palm 🌴 how do you feel about masturbating with food
2018-04-30 21:30:38 #general @Palm#7297: <a:pepehuh:411789937231265803>
2018-04-30 21:30:45 #general @Ash Bullet#1182: I see
2018-04-30 21:31:04 #general @Ash Bullet#1182: And how do you feel about hitlers nazi party
2018-04-30 21:31:12 #general @Palm#7297: <:beenut:433872764626272256>
2018-04-30 21:31:33 #general @Ash Bullet#1182: i fucking wheezed
2018-04-30 21:31:35 #general @Ash Bullet#1182: Okok
2018-04-30 21:31:41 #general @Ash Bullet#1182: How do you feel about govs broken donger
2018-04-30 21:31:56 #general @Palm#7297: <a:peaceg:393867446781739008>
2018-04-30 21:32:06 #general @Ash Bullet#1182: Understandable
2018-04-30 21:32:15 #general @Ash Bullet#1182: Finally,
2018-04-30 21:32:18 #general @Ash Bullet#1182: What is
2018-04-30 21:32:26 #general @Ash Bullet#1182: The gayest of gays
2018-04-30 21:32:34 #general @Palm#7297: <:zapped:410987995609563136>
2018-04-30 21:32:48 #general @Ash Bullet#1182: You have passed the test
2018-04-30 21:33:01 #general @Palm#7297: <:allsmiles:405016287568199680>
2018-04-30 21:33:22 #general @Ash Bullet#1182: Please look inside @Tal s ass to get your prize
2018-04-30 21:33:28 #general @Palm#7297: <:woke:417276034841575424>
2018-04-30 21:41:22 #general @Mr.Governator#0666: @​here join
2018-04-30 21:41:42 #general @Happybear ™#9915: gov? more like... uh... poop..!
2018-04-30 21:41:47 #general @Ash Bullet#1182: @Mr.Governator fuck you
2018-04-30 21:41:50 #general @Ash Bullet#1182: You ignore us all day
2018-04-30 21:41:54 #general @Ash Bullet#1182: In this lovely chat
2018-04-30 21:41:55 #general @Palm#7297:  (attachment url(s): https://cdn.discordapp.com/attachments/431235051154440204/440628897244250112/IMG_20180429_194524.jpg)
2018-04-30 21:41:58 #general @Ash Bullet#1182: And then tag us to join
2018-04-30 21:42:40 #general @Kat#0007: i will join later
2018-04-30 21:42:42 #general @Mr.Governator#0666: I don't get service in my school...
2018-04-30 21:42:46 #general @Kat#0007: in a vc with my gay boy
2018-04-30 21:42:50 #general @Ash Bullet#1182: Oh
2018-04-30 21:42:51 #general @Ash Bullet#1182: Wow
2018-04-30 21:42:55 #general @Ash Bullet#1182: Im an asshole
2018-04-30 21:42:55 #general @Dad Bot#4494: Hi an asshole, I'm Dad!
2018-04-30 21:42:58 #general @Ash Bullet#1182: Ily @Mr.Governator
2018-04-30 21:43:03 #general @Kat#0007: HAHHHAHAHA
2018-04-30 21:43:05 #general @Kat#0007: DAD BOT
2018-04-30 21:43:08 #general @Kat#0007: YES
2018-04-30 21:43:14 #general @Ash Bullet#1182: Dadbots only use
2018-04-30 21:43:19 #general @Ash Bullet#1182: To shun assholes
2018-04-30 21:43:26 #general @Kat#0007: @Mems gay boi
2018-04-30 21:43:33 #general @Kat#0007: i am dad
2018-04-30 21:43:42 #general @Kat#0007: im an dad
2018-04-30 21:43:42 #general @Dad Bot#4494: Hi an dad, I'm Dad!
2018-04-30 21:43:43 #general @Ash Bullet#1182: Gov come here i cant join but i need you to love me @Mr.Governator
2018-04-30 21:43:52 #general @Ash Bullet#1182: Im inside father
2018-04-30 21:43:53 #general @Dad Bot#4494: Hi inside father, I'm Dad!
2018-04-30 21:43:54 #general @Mr.Governator#0666: Ok...
2018-04-30 21:43:59 #general @Ash Bullet#1182: LOVE ME BACK
2018-04-30 21:44:04 #general @Ash Bullet#1182: THIS IS LOVELESS MARRIAGE
2018-04-30 21:44:04 #general @Mr.Governator#0666: ilyt ash
2018-04-30 21:44:10 #general @Ash Bullet#1182: good
2018-04-30 21:44:16 #general @Kat#0007: im a fucker loser faggot nigger bitch slut having e sex wiht @Mems
2018-04-30 21:44:16 #general @Dad Bot#4494: Hi a fucker loser faggot nigger bitch slut having e sex wiht @Mems, I'm Dad!
2018-04-30 21:44:16 #general @Seagull AI#0244: @Kjo (Kyo), https://cdn.discordapp.com/attachments/327872502544203786/336222728916959242/Screenshot_20170716-140821.png
2018-04-30 21:44:16 #general @Seagull AI#0244: @Dad Bot, https://cdn.discordapp.com/attachments/327872502544203786/336222728916959242/Screenshot_20170716-140821.png
2018-04-30 21:44:17 #general @Seagull AI#0244 edited message from 2018-04-30 21:44:16 (@Kjo (Kyo), https://cdn.discordapp.com/attachments/327872502544203786/336222728916959242/Screenshot_20170716-140821.png) to read: @Kjo (Kyo), https://cdn.discordapp.com/attachments/327872502544203786/336222728916959242/Screenshot_20170716-140821.png
2018-04-30 21:44:27 #general @Kat#0007: SEAGULL YES
2018-04-30 21:44:28 #general @Kat#0007: HAHHAHAHA
2018-04-30 21:44:33 #general @Ash Bullet#1182: Disable kevvy
2018-04-30 21:44:36 #general @Palm#7297: I'll join when I'm done with dishes
2018-04-30 21:44:41 #general @Mr.Governator#0666: I cut my lip in practice today
2018-04-30 21:44:44 #general @Mems#0001: wait wtf
2018-04-30 21:44:53 #general @Mems#0001: why am i getting tagged <:mention:395629634135523328>
2018-04-30 21:44:55 #general @Ash Bullet#1182: @Mr.Governator u ok my dude
2018-04-30 21:44:59 #general @Kat#0007: because youre gay
2018-04-30 21:45:04 #general @Mems#0001: im not
2018-04-30 21:45:04 #general @Dad Bot#4494: Hi not, I'm Dad!
2018-04-30 21:45:16 #general @Kat#0007: im jew
2018-04-30 21:45:16 #general @Dad Bot#4494: Hi jew, I'm Dad!
2018-04-30 21:45:16 #general @Mr.Governator#0666: Fine. Didn't even realize till there was blood in my mouth and down my chin
2018-04-30 21:45:25 #general @Kat#0007: im Fine. Didn't even realize till there was blood in my mouth and down my chin
2018-04-30 21:45:25 #general @Dad Bot#4494: Hi Fine. Didn't even realize till there was blood in my mouth and down my chin, I'm Dad!
2018-04-30 21:45:32 #general @Kat#0007: PFFF
2018-04-30 21:45:36 #general @Ash Bullet#1182: Wtf
2018-04-30 21:46:25 #general @Kat#0007: "im reporting dad bot to the cyber police" - @Mems
2018-04-30 22:49:36 #general @Palm#7297: we live in a society
2018-04-30 22:58:23 #general @Ash Bullet#1182:  (attachment url(s): https://cdn.discordapp.com/attachments/431235051154440204/440648139687591946/Screenshot_2018-04-30-17-57-25.png)
2018-04-30 23:03:02 #general @santa#2615: holy shit
2018-04-30 23:03:51 #general @Ash Bullet#1182: Did I commit sexual assault?
2018-04-30 23:04:31 #general @santa#2615: I don't know, did you?
2018-04-30 23:04:42 #general @Ash Bullet#1182: I mean
2018-04-30 23:04:44 #general @Ash Bullet#1182: I hope not
2018-04-30 23:04:55 #general @santa#2615: me too buddy
2018-04-30 23:05:34 #general @Palm#7297: we live in a society
2018-04-30 23:05:48 #general @santa#2615: kfngjnf
2018-04-30 23:07:41 #general @santa#2615: I just walked around for two hours in the ER looking at patients and my legs are Dead I can't wait to do it again later today
2018-04-30 23:51:42 #general @kevin#2437: uh do remember
2018-04-30 23:51:51 #general @kevin#2437: the more your legs hurt, the more powerful they will become
2018-04-30 23:58:34 #general @rufus#2631: kevin!!
2018-05-01 00:11:20 #general @rufus#2631: @kev how are you
2018-05-01 00:23:47 #general @Tal#2290: my legs are extremely broke yet they just broke
2018-05-01 00:24:18 #general @Tal#2290 deleted message from 2018-05-01 00:23:47 (my legs are extremely broke yet they just broke)
