2018-04-25 16:46:21 #general @Synapse#0692: 
2018-04-25 16:50:20 #general @Raspy#0465: multicolor 2 OWNER
2018-04-25 16:52:47 #general @Raspy#0465: .multicolor 0.01 OWNER
2018-04-25 16:53:16 #general @Raspy#0465: multicolor 2 OWNER
2018-04-25 16:53:43 #general @Raspy#0465: multicolor 2 OWNER
2018-04-25 16:54:43 #general @PassiveBOT#2492: 
2018-04-25 16:54:58 #general @Raspy#0465: /help
2018-04-25 16:55:14 #general @Raspy#0465: r.help
2018-04-25 16:55:23 #general @Raspy#0465: .p hellp
2018-04-25 16:55:24 #general @PassiveBOT#2492: ​**COMMAND: **.p hellp \n**ERROR: **Unknown command.
2018-04-25 16:55:28 #general @Raspy#0465: .p help
2018-04-25 16:55:29 #general @PassiveBOT#2492 deleted message from 2018-04-25 16:55:24 (​**COMMAND: **.p hellp \n**ERROR: **Unknown command.)
2018-04-25 16:55:29 #general @Raspy#0465 deleted message from 2018-04-25 16:55:23 (.p hellp)
2018-04-25 16:55:31 #general @PassiveBOT#2492: 
2018-04-25 16:55:31 #general @PassiveBOT#2492 edited message from 2018-04-25 16:55:31 () to read: 
2018-04-25 16:55:39 #general @PassiveBOT#2492 edited message from 2018-04-25 16:55:31 () to read: 
2018-04-25 16:55:39 #general @PassiveBOT#2492 edited message from 2018-04-25 16:55:31 () to read: 
2018-04-25 16:55:41 #general @PassiveBOT#2492 edited message from 2018-04-25 16:55:31 () to read: 
2018-04-25 16:55:41 #general @PassiveBOT#2492 edited message from 2018-04-25 16:55:31 () to read: 
2018-04-25 16:55:51 #general @PassiveBOT#2492 edited message from 2018-04-25 16:55:31 () to read: 
2018-04-25 16:55:51 #general @PassiveBOT#2492 edited message from 2018-04-25 16:55:31 () to read: 
2018-04-25 16:55:53 #general @PassiveBOT#2492 edited message from 2018-04-25 16:55:31 () to read: 
2018-04-25 16:55:53 #general @PassiveBOT#2492 edited message from 2018-04-25 16:55:31 () to read: 
2018-04-25 16:55:55 #general @PassiveBOT#2492 edited message from 2018-04-25 16:55:31 () to read: 
2018-04-25 16:55:55 #general @PassiveBOT#2492 edited message from 2018-04-25 16:55:31 () to read: 
2018-04-25 16:55:58 #general @PassiveBOT#2492 edited message from 2018-04-25 16:55:31 () to read: 
2018-04-25 16:55:58 #general @PassiveBOT#2492 edited message from 2018-04-25 16:55:31 () to read: 
2018-04-25 16:55:59 #general @PassiveBOT#2492 edited message from 2018-04-25 16:55:31 () to read: 
2018-04-25 16:55:59 #general @PassiveBOT#2492 edited message from 2018-04-25 16:55:31 () to read: 
2018-04-25 16:56:00 #general @PassiveBOT#2492 edited message from 2018-04-25 16:55:31 () to read: 
2018-04-25 16:56:00 #general @PassiveBOT#2492 edited message from 2018-04-25 16:55:31 () to read: 
2018-04-25 16:56:02 #general @PassiveBOT#2492 edited message from 2018-04-25 16:55:31 () to read: 
2018-04-25 16:56:02 #general @PassiveBOT#2492 edited message from 2018-04-25 16:55:31 () to read: 
2018-04-25 16:56:03 #general @PassiveBOT#2492 edited message from 2018-04-25 16:55:31 () to read: 
2018-04-25 16:56:03 #general @PassiveBOT#2492 edited message from 2018-04-25 16:55:31 () to read: 
2018-04-25 16:57:37 #general @Raspy#0465: r.rainbow Metalloid
2018-04-25 16:57:40 #general @PassiveBOT#2492 edited message from 2018-04-25 16:55:31 () to read: 
2018-04-25 16:57:40 #general @PassiveBOT#2492 edited message from 2018-04-25 16:55:31 () to read: 
2018-04-25 16:57:41 #general @PassiveBOT#2492 edited message from 2018-04-25 16:55:31 () to read: 
2018-04-25 16:57:41 #general @PassiveBOT#2492 edited message from 2018-04-25 16:55:31 () to read: 
2018-04-25 16:57:42 #general @PassiveBOT#2492 edited message from 2018-04-25 16:55:31 () to read: 
2018-04-25 16:57:42 #general @PassiveBOT#2492 edited message from 2018-04-25 16:55:31 () to read: 
2018-04-25 16:57:48 #general @Raspy#0465: r.rainbow
2018-04-25 16:57:49 #general @PassiveBOT#2492 edited message from 2018-04-25 16:55:31 () to read: 
2018-04-25 16:57:49 #general @PassiveBOT#2492 edited message from 2018-04-25 16:55:31 () to read: 
2018-04-25 16:57:50 #general @PassiveBOT#2492 edited message from 2018-04-25 16:55:31 () to read: 
2018-04-25 16:57:50 #general @PassiveBOT#2492 edited message from 2018-04-25 16:55:31 () to read: 
2018-04-25 16:57:52 #general @PassiveBOT#2492 edited message from 2018-04-25 16:55:31 () to read: 
2018-04-25 16:57:52 #general @PassiveBOT#2492 edited message from 2018-04-25 16:55:31 () to read: 
2018-04-25 16:57:53 #general @PassiveBOT#2492 edited message from 2018-04-25 16:55:31 () to read: 
2018-04-25 16:57:53 #general @PassiveBOT#2492 edited message from 2018-04-25 16:55:31 () to read: 
2018-04-25 16:57:55 #general @PassiveBOT#2492 edited message from 2018-04-25 16:55:31 () to read: 
2018-04-25 16:57:55 #general @PassiveBOT#2492 edited message from 2018-04-25 16:55:31 () to read: 
2018-04-25 16:58:01 #general @PassiveBOT#2492 edited message from 2018-04-25 16:55:31 () to read: 
2018-04-25 16:58:01 #general @PassiveBOT#2492 edited message from 2018-04-25 16:55:31 () to read: 
2018-04-25 16:58:01 #general @PassiveBOT#2492 edited message from 2018-04-25 16:55:31 () to read: 
2018-04-25 16:58:01 #general @PassiveBOT#2492 edited message from 2018-04-25 16:55:31 () to read: 
2018-04-25 16:58:02 #general @PassiveBOT#2492 edited message from 2018-04-25 16:55:31 () to read: 
2018-04-25 16:58:02 #general @PassiveBOT#2492 edited message from 2018-04-25 16:55:31 () to read: 
2018-04-25 16:58:02 #general @PassiveBOT#2492 edited message from 2018-04-25 16:55:31 () to read: 
2018-04-25 16:58:02 #general @PassiveBOT#2492 edited message from 2018-04-25 16:55:31 () to read: 
2018-04-25 16:58:10 #general @Raspy#0465: !help
2018-04-25 16:58:13 #general @Synapse#0692: Check your DM, @Metalloid! I have sent something for you :wink:
