2018-04-26 11:49:36 #art @パウター#5102:  (attachment url(s): https://cdn.discordapp.com/attachments/360373641848029186/439030282478419968/image.png)
2018-04-26 11:49:37 #art @パウター#5102: This art!
2018-04-26 11:49:49 #art @RosieHearts123#1318: Hot
2018-04-26 11:49:54 #art @RosieHearts123#1318: <:lenny:432017847338663936>
2018-04-26 11:50:42 #art @パウター#5102: I’m even afraid of it..
2018-04-26 11:50:43 #art @パウター#5102: X3
2018-04-26 11:51:08 #art @RosieHearts123#1318: xd
2018-04-26 11:51:28 #art @パウター#5102: I wanna send a real life art that o draw a few week ago
2018-04-26 11:51:34 #art @RosieHearts123#1318: #chat
2018-04-26 11:51:41 #art @RosieHearts123#1318: .prune 4
2018-04-26 11:51:41 #art @パウター#5102 deleted message from 2018-04-26 11:50:43 (X3)
2018-04-26 11:51:41 #art @RosieHearts123#1318 deleted message from 2018-04-26 11:51:08 (xd)
2018-04-26 11:51:41 #art @パウター#5102 deleted message from 2018-04-26 11:51:28 (I wanna send a real life art that o draw a few week ago)
2018-04-26 11:51:41 #art @RosieHearts123#1318 deleted message from 2018-04-26 11:51:34 (#chat)
2018-04-26 11:51:41 #art @RosieHearts123#1318 deleted message from 2018-04-26 11:51:41 (.prune 4)
2018-04-26 11:51:45 #art @RosieHearts123#1318: .prune 1
2018-04-26 11:51:46 #art @パウター#5102 deleted message from 2018-04-26 11:50:42 (I’m even afraid of it..)
2018-04-26 11:51:46 #art @RosieHearts123#1318 deleted message from 2018-04-26 11:51:45 (.prune 1)
2018-04-26 11:51:51 #art @パウター#5102:  (attachment url(s): https://cdn.discordapp.com/attachments/360373641848029186/439030851351609344/image.jpg)
2018-04-26 11:51:57 #art @パウター#5102: This real life art
2018-04-28 05:55:20 #art @RosieHearts123#1318:  (attachment url(s): https://cdn.discordapp.com/attachments/360373641848029186/439665901906821120/JPEG_20180428_135419.jpg)
2018-04-28 05:55:58 #art @poshdino#5401: aw
2018-04-28 05:56:36 #art @RosieHearts123#1318: what do u call it genderswap??
2018-04-28 05:56:36 #art @RosieHearts123#1318: or
2018-04-28 05:56:37 #art @RosieHearts123#1318: something
2018-04-28 05:56:41 #art @RosieHearts123#1318: @Alison(KittyPuppet)
2018-04-28 05:56:46 #art @RosieHearts123#1318: do u kno what its called xd
2018-04-28 05:57:51 #art @poshdino#5401: when you swap genders?
2018-04-28 05:57:59 #art @RosieHearts123#1318: ye
2018-04-28 05:58:28 #art @poshdino#5401: yeah i think it's call a genderswap
2018-04-28 05:58:34 #art @poshdino#5401: callled*
2018-04-28 05:58:40 #art @poshdino#5401: sorry i'm sick rn
2018-04-28 06:00:09 #art @RosieHearts123#1318: k
2018-04-28 06:00:19 #art @RosieHearts123#1318: lemme delete these cuz not allowe to talk here
2018-04-28 06:00:29 #art @RosieHearts123#1318: .prune  13
2018-04-28 06:00:30 #art @poshdino#5401 deleted message from 2018-04-28 05:55:58 (aw)
2018-04-28 06:00:30 #art @RosieHearts123#1318 deleted message from 2018-04-28 05:56:36 (what do u call it genderswap??)
2018-04-28 06:00:30 #art @RosieHearts123#1318 deleted message from 2018-04-28 05:56:36 (or)
2018-04-28 06:00:30 #art @RosieHearts123#1318 deleted message from 2018-04-28 05:56:37 (something)
2018-04-28 06:00:30 #art @RosieHearts123#1318 deleted message from 2018-04-28 05:56:41 (@Alison(KittyPuppet))
2018-04-28 06:00:30 #art @RosieHearts123#1318 deleted message from 2018-04-28 05:56:46 (do u kno what its called xd)
2018-04-28 06:00:30 #art @poshdino#5401 deleted message from 2018-04-28 05:57:51 (when you swap genders?)
2018-04-28 06:00:30 #art @RosieHearts123#1318 deleted message from 2018-04-28 05:57:59 (ye)
2018-04-28 06:00:30 #art @poshdino#5401 deleted message from 2018-04-28 05:58:28 (yeah i think it's call a genderswap)
2018-04-28 06:00:30 #art @poshdino#5401 deleted message from 2018-04-28 05:58:34 (callled*)
2018-04-28 06:00:30 #art @poshdino#5401 deleted message from 2018-04-28 05:58:40 (sorry i'm sick rn)
2018-04-28 06:00:30 #art @RosieHearts123#1318 deleted message from 2018-04-28 06:00:09 (k)
2018-04-28 06:00:30 #art @RosieHearts123#1318 deleted message from 2018-04-28 06:00:19 (lemme delete these cuz not allowe to talk here)
2018-04-28 06:00:30 #art @RosieHearts123#1318 deleted message from 2018-04-28 06:00:29 (.prune  13)
2018-04-28 06:27:43 #art @RosieHearts123#1318:  (attachment url(s): https://cdn.discordapp.com/attachments/360373641848029186/439674056099364875/Screenshot_20180428-142708.png)
2018-04-28 06:28:05 #art @poshdino#5401: o
2018-04-28 06:28:22 #art @RosieHearts123#1318: Male Mane from niche
2018-04-28 06:28:44 #art @RosieHearts123#1318: like this (attachment url(s): https://cdn.discordapp.com/attachments/360373641848029186/439674308885872651/unknown.png)
2018-04-28 06:28:48 #art @RosieHearts123#1318: the mane thing
2018-04-28 06:28:50 #art @poshdino#5401: o
2018-04-28 06:28:53 #art @poshdino#5401: OH
2018-04-28 12:09:00 #art @RosieHearts123#1318:  (attachment url(s): https://cdn.discordapp.com/attachments/360373641848029186/439759939284762627/20180428_200658.jpg)
2018-04-28 12:09:11 #art @RosieHearts123#1318:  (attachment url(s): https://cdn.discordapp.com/attachments/360373641848029186/439759989448507392/20180428_200658.jpg)
2018-04-28 12:09:51 #art @RosieHearts123#1318 deleted message from 2018-04-28 12:09:00 ()
2018-04-28 12:55:44 #art @RosieHearts123#1318:  (attachment url(s): https://cdn.discordapp.com/attachments/360373641848029186/439771702009004052/idk_what_this_is.jpg)
2018-04-28 13:15:01 #art @xXAlisonKunThePsychoXx(アリソン)#2899:  (attachment url(s): https://cdn.discordapp.com/attachments/360373641848029186/439776553904111626/52.png)
2018-04-28 13:15:01 #art @MEE6#4876: GG @Alison(KittyPuppet), you just advanced to **level 17** !
2018-05-01 22:17:58 #art @パウター#5102:  (attachment url(s): https://cdn.discordapp.com/attachments/360373641848029186/441000355107569665/image.jpg)
2018-05-02 06:41:24 #art @poshdino#5401: xD
2018-05-02 13:37:56 #art @xXAlisonKunThePsychoXx(アリソン)#2899: Wada
