2018-05-02 08:32:44 #memes-with-toasty @poshdino#5401: ;roast me
2018-05-02 08:32:44 #memes-with-toasty @Toasty#7934: **poshdino**, :fire: Your hairline.
2018-05-02 08:33:17 #memes-with-toasty @poshdino#5401: ;roast me
2018-05-02 08:33:18 #memes-with-toasty @Toasty#7934: **poshdino**, :fire: I'm not saying I hate you, but I would unplug your life support to charge my phone.
2018-05-02 08:34:15 #memes-with-toasty @poshdino#5401: ;roast me
2018-05-02 08:34:15 #memes-with-toasty @Toasty#7934: **poshdino**, :fire: I heard you went to a haunted house and they offered you a job.
2018-05-02 08:35:07 #memes-with-toasty @poshdino#5401: ;roast me
2018-05-02 08:35:07 #memes-with-toasty @Toasty#7934: **poshdino**, :fire: You stare at frozen juice cans because they say, "concentrate".
2018-05-02 08:36:34 #memes-with-toasty @poshdino#5401: ;roast me
2018-05-02 08:36:34 #memes-with-toasty @Toasty#7934: **poshdino**, :fire: Am I getting smart with you? How would you know?
2018-05-02 08:36:55 #memes-with-toasty @poshdino#5401: ;roast me
2018-05-02 08:36:56 #memes-with-toasty @Toasty#7934: **poshdino**, :fire: I doubt that you could drown: fat floats.
2018-05-02 08:37:15 #memes-with-toasty @poshdino#5401: ;roast me
2018-05-02 08:37:15 #memes-with-toasty @Toasty#7934: **poshdino**, :fire: You are one of those people who would be enormously improved by death.
2018-05-02 08:38:15 #memes-with-toasty @poshdino#5401: ;roast me
2018-05-02 08:38:15 #memes-with-toasty @Toasty#7934: **poshdino**, :fire: I hear the only place you're ever invited is outside.
2018-05-02 08:40:25 #memes-with-toasty @poshdino#5401: ;roast me
2018-05-02 08:40:25 #memes-with-toasty @Toasty#7934: **poshdino**, :fire: Anyone who ever loved you was wrong.
2018-05-02 08:49:37 #memes-with-toasty @poshdino#5401: ;roast me
2018-05-02 08:49:37 #memes-with-toasty @Toasty#7934: **poshdino**, :fire: Have you looked at your teeth? 9/10 dentists would recommend suicide.
2018-05-02 08:50:22 #memes-with-toasty @poshdino#5401: ;roast me
2018-05-02 08:50:22 #memes-with-toasty @Toasty#7934: **poshdino**, :fire: You look like a before picture.
