2018-04-18 23:14:48 #Salon Privé Voice channel leave: MickaSG#6236 (id 430144514586574860)
2018-04-18 23:14:50 #Salon Privé Voice channel join: MickaSG#6236 (id 430144514586574860), flags: self_mute
2018-04-18 23:21:07 #Salon Privé Voice channel leave: MickaSG#6236 (id 430144514586574860)
2018-04-18 23:21:09 #Salon Privé Voice channel join: MickaSG#6236 (id 430144514586574860), flags: self_mute
2018-04-18 23:24:23 #Salon Privé Voice channel leave: MickaSG#6236 (id 430144514586574860)
2018-04-18 23:24:25 #Salon Privé Voice channel join: MickaSG#6236 (id 430144514586574860), flags: self_mute
2018-04-18 23:48:32 #Salon Privé Voice channel join: Synapse#0692 (id 435538622293344266)
2018-04-18 23:49:05 #Salon Privé Voice channel leave: Rythm#3722 (id 235088799074484224)
2018-04-18 23:50:10 #Salon Privé Voice channel join: Rythm#3722 (id 235088799074484224)
2018-04-18 23:56:00 #Salon Privé Voice channel leave: Synapse#0692 (id 435538622293344266)
2018-04-18 23:56:28 #Salon Privé Server self-unmute: antondu71#0915 (id 320946323685638144)
2018-04-19 00:01:05 #Salon Privé Voice channel leave: Rythm#3722 (id 235088799074484224)
2018-04-19 00:29:06 #Salon Privé Voice channel leave: MickaSG#6236 (id 430144514586574860)
2018-04-19 00:29:08 #Salon Privé Voice channel join: MickaSG#6236 (id 430144514586574860), flags: self_mute
2018-04-19 00:45:09 #Salon Privé Voice channel leave: antondu71#0915 (id 320946323685638144)
2018-04-19 00:46:41 #Salon Privé Voice channel join: antondu71#0915 (id 320946323685638144)
2018-04-19 00:50:45 #Salon Privé Voice channel leave: antondu71#0915 (id 320946323685638144)
2018-04-19 01:02:22 #Salon Privé Voice channel join: antondu71#0915 (id 320946323685638144)
2018-04-19 01:05:13 #Salon Privé Voice channel leave: MickaSG#6236 (id 430144514586574860)
2018-04-19 01:05:15 #Salon Privé Voice channel leave: fukato78#2729 (id 286116044014092288)
2018-04-19 01:05:19 #Salon Privé Voice channel leave: antondu71#0915 (id 320946323685638144)
