2018-04-19 11:53:45 #commandes-bot @antondu71#0915: !rank
2018-04-19 11:55:35 #commandes-bot @antondu71#0915: !rank
2018-04-19 11:55:36 #commandes-bot @MEE6#4876: Seems like you aren't ranked yet. <:HEHE6:403540176464379925>
2018-04-19 12:00:15 #commandes-bot @fukato78#2729: Oui
2018-04-19 12:10:13 #commandes-bot @antondu71#0915: !rank
2018-04-19 12:10:14 #commandes-bot @MEE6#4876: 
2018-04-19 12:10:14 #commandes-bot @MEE6#4876 edited message from 2018-04-19 12:10:14 () to read: 
2018-04-19 12:10:39 #commandes-bot @fukato78#2729: !rank
2018-04-19 12:10:40 #commandes-bot @MEE6#4876: 
2018-04-19 12:10:40 #commandes-bot @MEE6#4876 edited message from 2018-04-19 12:10:40 () to read: 
2018-04-19 12:10:46 #commandes-bot @fukato78#2729: hein ?
2018-04-19 12:10:46 #commandes-bot @MEE6#4876: Bien joué à @fukato78 qui vient de passé level : 1 !
2018-04-19 12:22:02 #commandes-bot @Astralpha#6222: !rank
2018-04-19 12:22:02 #commandes-bot @MEE6#4876: Seems like you aren't ranked yet. <:HEHE6:403540176464379925>
2018-04-19 12:23:16 #commandes-bot @fukato78#2729: !rank
2018-04-19 12:23:16 #commandes-bot @MEE6#4876: 
2018-04-19 12:23:17 #commandes-bot @MEE6#4876 edited message from 2018-04-19 12:23:16 () to read: 
2018-04-19 12:23:51 #commandes-bot @fukato78#2729: !rank
2018-04-19 12:23:51 #commandes-bot @MEE6#4876: Hey fam! fukato78, you need to wait  to use that command again!
2018-04-19 12:24:25 #commandes-bot @fukato78#2729: !play
2018-04-19 12:24:26 #commandes-bot @Synapse#0692: ```\n!play <url_or_search_terms>\n\nPlays a link / searches and play\n\n```
2018-04-19 12:24:25 #commandes-bot @Rythm#3722: 
2018-04-19 12:24:26 #commandes-bot @Rythm#3722 edited message from 2018-04-19 12:24:25 () to read: 
2018-04-19 12:24:36 #commandes-bot @fukato78#2729: !search hide and sike
2018-04-19 12:24:37 #commandes-bot @Rythm#3722: 
2018-04-19 12:24:37 #commandes-bot @Rythm#3722 edited message from 2018-04-19 12:24:37 () to read: 
2018-04-19 12:24:49 #commandes-bot @fukato78#2729: cancek
2018-04-19 12:24:52 #commandes-bot @fukato78#2729: cancel
2018-04-19 12:24:52 #commandes-bot @Rythm#3722 deleted message from 2018-04-19 12:24:37 ()
2018-04-19 12:24:52 #commandes-bot @Rythm#3722: ✅
2018-04-19 12:25:34 #commandes-bot @fukato78#2729: !rank
2018-04-19 12:25:34 #commandes-bot @MEE6#4876: 
2018-04-19 12:25:34 #commandes-bot @MEE6#4876 edited message from 2018-04-19 12:25:34 () to read: 
2018-04-19 14:18:41 #commandes-bot @antondu71#0915: !play https://youtu.be/-51fpdC2ntU
2018-04-19 14:18:41 #commandes-bot @Rythm#3722: <:youtube:335112740957978625> **Searching** 🔎 `https://youtu.be/-51fpdC2ntU`
2018-04-19 14:18:41 #commandes-bot @Rythm#3722: **Playing** 🎶 `Car Music Mix 2018 🔥 Best Electro House & Bass Boosted 🔥 New Hits 🔥 24/7 Live Stream` - Now!
2018-04-19 14:18:41 #commandes-bot @antondu71#0915 edited message from 2018-04-19 14:18:41 (!play https://youtu.be/-51fpdC2ntU) to read: !play https://youtu.be/-51fpdC2ntU
2018-04-19 14:18:55 #commandes-bot @antondu71#0915: !pause
2018-04-19 14:18:56 #commandes-bot @Rythm#3722: **Paused** ⏸
2018-04-19 14:18:56 #commandes-bot @Synapse#0692: Nothing playing, nothing to pause.
2018-04-19 14:19:02 #commandes-bot @antondu71#0915: !resume
2018-04-19 14:19:02 #commandes-bot @Rythm#3722: ⏯ **Resuming** 👍
2018-04-19 14:19:02 #commandes-bot @Synapse#0692: Nothing paused, nothing to resume.
2018-04-19 14:21:42 #commandes-bot @fukato78#2729: !rank
2018-04-19 14:21:42 #commandes-bot @MEE6#4876: 
2018-04-19 14:21:43 #commandes-bot @MEE6#4876 edited message from 2018-04-19 14:21:42 () to read: 
2018-04-19 14:36:01 #commandes-bot @antondu71#0915: !rank
2018-04-19 14:36:01 #commandes-bot @MEE6#4876: 
2018-04-19 14:36:01 #commandes-bot @MEE6#4876 edited message from 2018-04-19 14:36:01 () to read: 
2018-04-19 14:36:11 #commandes-bot @antondu71#0915: !levels
2018-04-19 14:36:11 #commandes-bot @MEE6#4876: Go check **BackTrackFR**'s leaderboard here https://mee6.xyz/leaderboard/430148010769383424. <:WINK6:403540173566115840>
2018-04-19 14:36:38 #commandes-bot @antondu71#0915: Jejfvsbifixk
2018-04-19 14:36:41 #commandes-bot @antondu71#0915: !rank
2018-04-19 14:36:42 #commandes-bot @MEE6#4876: Hey fam! antondu71, you need to wait  to use that command again!
2018-04-19 14:41:20 #commandes-bot @antondu71#0915: !rank
2018-04-19 14:41:20 #commandes-bot @MEE6#4876: 
2018-04-19 14:41:26 #commandes-bot @MEE6#4876 edited message from 2018-04-19 14:41:20 () to read: 
