2018-04-18 12:58:53 #welcome-to-alam-barza @MEE6#4876: @Synapse, Welcome to **Ðεʍøи Σɐтεя FAMILY**! Have a great time here :wink: !
2018-04-18 13:14:15 #welcome-to-alam-barza @｢Fox｣Rin❤#1354: Test
2018-04-18 13:15:14 #welcome-to-alam-barza @「TeamSar」Fikツ#4099: @｢Fox｣Rin❤ welxome kak rin
2018-04-18 13:15:22 #welcome-to-alam-barza @「TeamSar」Fikツ#4099: cht ke #18-khusus
2018-04-18 13:15:38 #welcome-to-alam-barza @Aisy#7183: @｢Fox｣Rin❤ welcome
2018-04-18 13:18:23 #welcome-to-alam-barza @「TeamSar」Fikツ#4099: @｢Fox｣Rin❤ moga betah kak
2018-04-18 13:19:00 #welcome-to-alam-barza @Aisy#7183: @BgJek itu siapaaaa
2018-04-18 13:19:01 #welcome-to-alam-barza @Aisy#7183: Wkwkwkw
2018-04-18 13:19:33 #welcome-to-alam-barza @「TeamSar」Fikツ#4099: @Aisy nyolong cwek discord sblah biar rame @｢Fox｣Rin❤
2018-04-18 13:21:25 #welcome-to-alam-barza @Aisy#7183: Wkwkw parah <:GWlegacyBlobThump:408674888933703682> 👏
2018-04-18 13:27:54 #welcome-to-alam-barza @MEE6#4876: @little angel, Welcome to **Ðεʍøи Σɐтεя FAMILY**! Have a great time here :wink: !
2018-04-18 13:34:17 #welcome-to-alam-barza @MEE6#4876: @J͞a͞v͞a͞n͞e͞s͞s͞e͞, Welcome to **Ðεʍøи Σɐтεя FAMILY**! Have a great time here :wink: !
2018-04-18 13:41:21 #welcome-to-alam-barza @MEE6#4876: @Haqein, Welcome to **Ðεʍøи Σɐтεя FAMILY**! Have a great time here :wink: !
2018-04-18 13:48:31 #welcome-to-alam-barza @вιg •нєяσ√#1930: Mabar kuyy
2018-04-18 13:51:42 #welcome-to-alam-barza @「TeamSar」Fikツ#4099: @√• Wellcome welcome
2018-04-18 13:51:45 #welcome-to-alam-barza @「TeamSar」Fikツ#4099: @√• Wellcome welcome
2018-04-18 13:51:48 #welcome-to-alam-barza @「TeamSar」Fikツ#4099: @√• Wellcome welcome
2018-04-18 14:34:52 #welcome-to-alam-barza @Aisy#7183: @little angel @Haqein welcomeee
2018-04-18 16:21:57 #welcome-to-alam-barza @MEE6#4876: @｢Fox｣kIlLeR🔫, Welcome to **Ðεʍøи Σɐтεя FAMILY**! Have a great time here :wink: !
2018-04-18 23:14:20 #welcome-to-alam-barza @MEE6#4876: @Ghostplay R2, Welcome to **Ðεʍøи Σɐтεя FAMILY**! Have a great time here :wink: !
2018-04-18 23:23:56 #welcome-to-alam-barza @MEE6#4876 deleted message from 2018-04-18 23:14:20 (@Ghostplay R2, Welcome to **Ðεʍøи Σɐтεя FAMILY**! Have a great time here :wink: !)
2018-04-18 23:32:32 #welcome-to-alam-barza @MEE6#4876: **Ghostplay R2#1298** just left **Ðεʍøи Σɐтεя FAMILY**. Bye bye **Ghostplay R2#1298**...
2018-04-18 23:33:14 #welcome-to-alam-barza @MEE6#4876: @Ghostplay R2, Welcome to **Ðεʍøи Σɐтεя FAMILY**! Have a great time here :wink: !
2018-04-18 23:33:22 #welcome-to-alam-barza @MEE6#4876 deleted message from 2018-04-18 23:32:32 (**Ghostplay R2#1298** just left **Ðεʍøи Σɐтεя FAMILY**. Bye bye **Ghostplay R2#1298**...)
