2018-04-20 21:11:01 #Global Voice channel join: PotatoBoy007#1683 (id 406189094058721281)
2018-04-20 21:11:08 #Global Voice channel leave: PotatoBoy007#1683 (id 406189094058721281)
2018-04-21 18:39:45 #Global Voice channel join: S Y N C#5544 (id 289795569172348928)
2018-04-21 19:02:05 #Global Voice channel leave: S Y N C#5544 (id 289795569172348928)
2018-04-24 20:20:32 #Global Voice channel join: HUGO77R#4102 (id 438104482002501633)
2018-04-24 20:20:38 #Global Voice channel leave: HUGO77R#4102 (id 438104482002501633) moving to Party Rank I
2018-04-30 23:56:45 #Global Voice channel join: ImToXiCmUcH | dusK#9118 (id 427638743697063956)
2018-05-01 00:00:05 #Global Voice channel leave: ImToXiCmUcH | dusK#9118 (id 427638743697063956)
2018-05-01 04:07:12 #Global Voice channel join: Avex4Sniper#4703 (id 371450869851357187)
2018-05-01 04:07:17 #Global Voice channel join: ImToXiCmUcH | dusK#9118 (id 427638743697063956)
2018-05-01 04:07:35 #Global Voice channel leave: ImToXiCmUcH | dusK#9118 (id 427638743697063956) moving to Music
2018-05-01 04:07:46 #Global Voice channel leave: Avex4Sniper#4703 (id 371450869851357187) moving to Music
2018-05-01 04:18:38 #Global Voice channel join: ImToXiCmUcH | dusK#9118 (id 427638743697063956), moved from Music
2018-05-01 04:22:28 #Global Voice channel join: Synapse#0692 (id 435538622293344266)
2018-05-01 04:23:06 #Global Voice channel leave: ImToXiCmUcH | dusK#9118 (id 427638743697063956)
2018-05-01 10:05:05 #Global Voice channel join: Erikishere4#1110 (id 378273201408704535), flags: self_mute
2018-05-01 10:05:09 #Global Server self-unmute: Erikishere4#1110 (id 378273201408704535)
2018-05-01 10:05:12 #Global Voice channel leave: Erikishere4#1110 (id 378273201408704535)
2018-05-01 10:05:12 #Global Server self-mute: Erikishere4#1110 (id 378273201408704535)
2018-05-01 10:05:12 #Global Voice channel leave: Erikishere4#1110 (id 378273201408704535)
2018-05-01 10:44:05 #Global Voice channel join: N0bOdy#8649 (id 359764929814724609)
2018-05-01 10:44:08 #Global Voice channel leave: N0bOdy#8649 (id 359764929814724609)
2018-05-01 13:52:08 #Global Voice channel join: N0bOdy#8649 (id 359764929814724609)
2018-05-01 13:52:32 #Global Voice channel leave: N0bOdy#8649 (id 359764929814724609)
2018-05-01 15:01:15 #Global Voice channel join: Gxdz#4039 (id 338637149421305857), flags: self_mute
2018-05-01 15:01:25 #Global Voice channel leave: Gxdz#4039 (id 338637149421305857)
2018-05-01 17:08:35 #Global Voice channel leave: Synapse#0692 (id 435538622293344266)
