2018-04-20 18:21:01 #announcements @PakChoiAndCurry#8575: @​everyone This is only to people I am friends with on C-ops. I am going to wipe my friend list so if I unfriend you then Soz.
2018-04-21 19:46:37 #announcements @-_Dany_-#8649:  (attachment url(s): https://cdn.discordapp.com/attachments/431485708503613451/437338388706885634/1_VS_57.jpg)
2018-04-21 19:47:21 #announcements @-_Dany_-#8649: **Edited version** \n                                    **By George Basiaris**
2018-04-21 19:48:04 #announcements @-_Dany_-#8649: **Thank you for this logo @[scrz] George Basiaris **
2018-04-21 20:11:47 #announcements @-_Dany_-#8649 deleted message from 2018-04-21 19:46:37 ()
2018-04-21 20:11:52 #announcements @PakChoiAndCurry#8575: .prune 3
2018-04-21 20:11:53 #announcements @-_Dany_-#8649 deleted message from 2018-04-21 19:47:21 (**Edited version** \n                                    **By George Basiaris**)
2018-04-21 20:11:53 #announcements @-_Dany_-#8649 deleted message from 2018-04-21 19:48:04 (**Thank you for this logo @[scrz] George Basiaris **)
2018-04-21 20:11:53 #announcements @PakChoiAndCurry#8575 deleted message from 2018-04-21 20:11:52 (.prune 3)
2018-04-22 21:46:38 #announcements @Atlaris#4970: @​everyone Make sure to check out our Dusk Public Discord Server!\nA place where we chill...\nHave fun..\nMemes..\nAnd more!\nhttps://discord.gg/4rpf5yF\n**WHAT ARE YOU WAITING FOR?!?!? JOIN NOW!!**
2018-04-24 21:00:43 #announcements @PakChoiAndCurry#8575: @​everyone THERE ARE 2 COMPETITIVE AND 2 CASUAL EU SPOTS LEFT! ALOT OF NA SPOTS AVAILABLE
2018-04-25 20:53:56 #announcements @PakChoiAndCurry#8575: @​everyone Help out @-HawkFrxst- By joining his server! https://discord.gg/NwWTD3E
2018-04-26 21:20:33 #announcements @PakChoiAndCurry#8575: @​everyone Help us reach 100 members!
2018-04-27 22:01:24 #announcements @PakChoiAndCurry#8575:  (attachment url(s): https://cdn.discordapp.com/attachments/431485708503613451/439546633886367772/image.png)
2018-04-28 17:48:09 #announcements @PakChoiAndCurry#8575: @​everyone Share our discord! Help us reach 100 members! We are 3 away!
2018-04-28 20:42:28 #announcements @N0bOdy#8649: Nooo
2018-04-28 20:42:32 #announcements @N0bOdy#8649: Nooonooo
2018-04-28 20:42:35 #announcements @N0bOdy#8649 deleted message from 2018-04-28 20:42:32 (Nooonooo)
2018-04-28 20:42:36 #announcements @PakChoiAndCurry#8575: @​everyone Thank you all for helping us reach 100 members! It is greatly appreciated let’s see if we can reach 200!
2018-04-28 20:42:37 #announcements @N0bOdy#8649 deleted message from 2018-04-28 20:42:28 (Nooo)
2018-04-30 18:13:24 #announcements @TheBiscuitLord#5776: @​everyone If you haven’t yet checked out mine and PakChoi’s instagram page make sure you do!!! We post many sneek peeks and funny posts make sure to check it out!!!\n@TheBiscuitLord | Dusk ‘s page : https://www.instagram.com/thebiscuitlordyt/               @PakChoiAndCurry | Dusk ‘s page : https://www.instagram.com/pakchoiandcurry
2018-04-30 18:13:25 #announcements @TheBiscuitLord#5776 edited message from 2018-04-30 18:13:24 (@​everyone If you haven’t yet checked out mine and PakChoi’s instagram page make sure you do!!! We post many sneek peeks and funny posts make sure to check it out!!!\n@TheBiscuitLord | Dusk ‘s page : https://www.instagram.com/thebiscuitlordyt/               @PakChoiAndCurry | Dusk ‘s page : https://www.instagram.com/pakchoiandcurry) to read: @​everyone If you haven’t yet checked out mine and PakChoi’s instagram page make sure you do!!! We post many sneek peeks and funny posts make sure to check it out!!!\n@TheBiscuitLord | Dusk ‘s page : https://www.instagram.com/thebiscuitlordyt/               @PakChoiAndCurry | Dusk ‘s page : https://www.instagram.com/pakchoiandcurry
2018-04-30 19:08:27 #announcements @TheBiscuitLord#5776: https://www.instagram.com/gxdzdusk
2018-04-30 19:08:28 #announcements @TheBiscuitLord#5776 edited message from 2018-04-30 19:08:27 (https://www.instagram.com/gxdzdusk) to read: https://www.instagram.com/gxdzdusk
2018-04-30 19:32:11 #announcements @TheBiscuitLord#5776 deleted message from 2018-04-30 19:08:27 (https://www.instagram.com/gxdzdusk)
2018-04-30 21:45:26 #announcements @PakChoiAndCurry#8575: Dusk esports Through to the next round! (attachment url(s): https://cdn.discordapp.com/attachments/431485708503613451/440629780912668703/image.jpg)
2018-04-30 23:10:22 #announcements @Atlaris#4970: @​everyone Dusk eSports will now be going to Fortnite! https://discord.gg/4p48JDt
2018-05-01 03:31:39 #announcements @-HawkFrxst- 🐼#2756: @​everyone dm me if you know any tourneys available tier 3 specifically!
2018-05-01 03:32:24 #announcements @-HawkFrxst- 🐼#2756: ^^^^^
