2018-04-21 10:52:50 #highlights @Letuin#0502:  (attachment url(s): https://cdn.discordapp.com/attachments/431490899579502625/437204060115042304/image.png)
2018-04-21 10:53:06 #highlights @Letuin#0502: ***IDK clan ff***
2018-04-21 10:53:21 #highlights @Letuin#0502 deleted message from 2018-04-21 10:53:06 (***IDK clan ff***)
2018-04-21 10:53:31 #highlights @PakChoiAndCurry#8575: **Dusk eSports Win Against TO They FF**
2018-04-21 10:54:50 #highlights @PakChoiAndCurry#8575: 9-0
2018-04-21 10:54:54 #highlights @PakChoiAndCurry#8575 deleted message from 2018-04-21 10:54:50 (9-0)
2018-04-21 10:55:05 #highlights @PakChoiAndCurry#8575: **9-0 Scrim record**
2018-04-21 11:35:14 #highlights @PakChoiAndCurry#8575:  (attachment url(s): https://cdn.discordapp.com/attachments/431490899579502625/437214729111470080/image.png)
2018-04-21 11:35:35 #highlights @PakChoiAndCurry#8575: **Dusk eSports Win Against ModZ Again 10-0**
2018-04-21 16:30:28 #highlights @YaBoiPIP#0610: Don’t send thatttt
2018-04-21 16:30:41 #highlights @YaBoiPIP#0610: Soo bad coz of lagg
2018-04-21 16:30:46 #highlights @YaBoiPIP#0610: Ignore that
2018-04-21 16:30:52 #highlights @YaBoiPIP#0610: I’m spec ops 66 tho xD
2018-04-21 16:31:46 #highlights @YaBoiPIP#0610: Boisss (attachment url(s): https://cdn.discordapp.com/attachments/431490899579502625/437289352658419713/image.png)
2018-04-21 16:49:55 #highlights @-_Dany_-#8649: @PiP | Dusk only scrims
2018-04-21 16:50:39 #highlights @YaBoiPIP#0610: Lol kk
2018-04-21 16:51:59 #highlights @Atlaris#4970: .clear 8
2018-04-21 16:52:00 #highlights @YaBoiPIP#0610 deleted message from 2018-04-21 16:30:28 (Don’t send thatttt)
2018-04-21 16:52:00 #highlights @YaBoiPIP#0610 deleted message from 2018-04-21 16:30:41 (Soo bad coz of lagg)
2018-04-21 16:52:00 #highlights @YaBoiPIP#0610 deleted message from 2018-04-21 16:30:46 (Ignore that)
2018-04-21 16:52:00 #highlights @YaBoiPIP#0610 deleted message from 2018-04-21 16:30:52 (I’m spec ops 66 tho xD)
2018-04-21 16:52:00 #highlights @YaBoiPIP#0610 deleted message from 2018-04-21 16:31:46 (Boisss)
2018-04-21 16:52:00 #highlights @-_Dany_-#8649 deleted message from 2018-04-21 16:49:55 (@PiP | Dusk only scrims)
2018-04-21 16:52:00 #highlights @YaBoiPIP#0610 deleted message from 2018-04-21 16:50:39 (Lol kk)
2018-04-21 16:52:00 #highlights @Atlaris#4970 deleted message from 2018-04-21 16:51:59 (.clear 8)
2018-04-21 18:02:49 #highlights @PakChoiAndCurry#8575: **Dusk eSports Win Against ModZ Again 10-0**
2018-04-22 19:44:27 #highlights @PakChoiAndCurry#8575:  (attachment url(s): https://cdn.discordapp.com/attachments/431490899579502625/437700230645809171/image.png)
2018-04-22 19:44:47 #highlights @Pxnda -#9195: Ex boiis
2018-04-22 19:44:52 #highlights @Pxnda -#9195: Ez*
2018-04-22 19:44:52 #highlights @PakChoiAndCurry#8575: **Dusk eSports Win Against vntz (I Went afk for like 5 rounds and we still won LOL!) 11-0**
2018-04-22 19:44:56 #highlights @Pxnda -#9195 deleted message from 2018-04-22 19:44:47 (Ex boiis)
2018-04-22 19:44:59 #highlights @Pxnda -#9195 deleted message from 2018-04-22 19:44:52 (Ez*)
2018-04-22 19:45:02 #highlights @IM/REX/#9118: Bec of me btw
2018-04-22 19:45:04 #highlights @PakChoiAndCurry#8575: Stop typing here
2018-04-22 19:45:08 #highlights @PakChoiAndCurry#8575: .prune 2
2018-04-22 19:45:08 #highlights @IM/REX/#9118 deleted message from 2018-04-22 19:45:02 (Bec of me btw)
2018-04-22 19:45:08 #highlights @PakChoiAndCurry#8575 deleted message from 2018-04-22 19:45:04 (Stop typing here)
2018-04-22 19:45:08 #highlights @PakChoiAndCurry#8575 deleted message from 2018-04-22 19:45:08 (.prune 2)
2018-04-23 15:46:29 #highlights @Pxnda -#9195: I was lagging bad lmao
2018-04-23 16:36:30 #highlights @PakChoiAndCurry#8575:  (attachment url(s): https://cdn.discordapp.com/attachments/431490899579502625/438015321727565844/image.png)
2018-04-23 16:36:58 #highlights @PakChoiAndCurry#8575: **Dusk eSports Win Against  Fak3 and S18 13-0 #@PiP | Dusk Steals Paks kills**
2018-04-23 16:38:03 #highlights @YaBoiPIP#0610: Haha
2018-04-23 16:38:33 #highlights @YaBoiPIP#0610: Sry
2018-04-23 16:39:08 #highlights @PakChoiAndCurry#8575: .prune 2
2018-04-23 16:39:09 #highlights @YaBoiPIP#0610 deleted message from 2018-04-23 16:38:03 (Haha)
2018-04-23 16:39:09 #highlights @YaBoiPIP#0610 deleted message from 2018-04-23 16:38:33 (Sry)
2018-04-23 16:39:09 #highlights @PakChoiAndCurry#8575 deleted message from 2018-04-23 16:39:08 (.prune 2)
2018-04-24 16:54:12 #highlights @PakChoiAndCurry#8575:  (attachment url(s): https://cdn.discordapp.com/attachments/431490899579502625/438382163063472139/image.jpg)
2018-04-24 16:54:32 #highlights @PakChoiAndCurry#8575: **Dusk eSports Win Against 2BsT 15-0**
2018-04-24 17:44:08 #highlights @PakChoiAndCurry#8575:  (attachment url(s): https://cdn.discordapp.com/attachments/431490899579502625/438394726476152843/image.png)
2018-04-24 17:44:20 #highlights @PakChoiAndCurry#8575: **Dusk eSports Win Against VLR (2 extra rounds added to streak because they failed to complete BO3) 18-0**
2018-04-24 19:10:39 #highlights @N0bOdy#8649:  (attachment url(s): https://cdn.discordapp.com/attachments/431490899579502625/438416504069947412/Screenshot_2018-04-24-21-08-21.png)
2018-04-24 19:11:46 #highlights @N0bOdy#8649: **Dusk E-sports won against 7S (that guy was afk 5 rounds..)**
2018-04-24 19:12:20 #highlights @N0bOdy#8649 deleted message from 2018-04-24 19:11:46 (**Dusk E-sports won against 7S (that guy was afk 5 rounds..)**)
2018-04-24 19:13:13 #highlights @PakChoiAndCurry#8575: **Dusk eSports Win Against 7S 19-0**
2018-04-25 15:35:12 #highlights @PakChoiAndCurry#8575:  (attachment url(s): https://cdn.discordapp.com/attachments/431490899579502625/438724669131063297/image.png)
2018-04-25 15:35:32 #highlights @PakChoiAndCurry#8575: **Dusk eSports Win Against VpR! (They are our tourney enamy!)**
2018-04-25 17:51:24 #highlights @AutoGunSlinger#6602:  (attachment url(s): https://cdn.discordapp.com/attachments/431490899579502625/438758946451226624/image.png)
2018-04-25 17:55:45 #highlights @PakChoiAndCurry#8575: **Dusk eSports Win Against MaxD 21-0**
2018-04-25 17:56:38 #highlights @- D U S K -#6780: We were winning 11-2 it was a 2v2 until pipkin joined
2018-04-25 17:56:48 #highlights @- D U S K -#6780 deleted message from 2018-04-25 17:56:38 (We were winning 11-2 it was a 2v2 until pipkin joined)
2018-04-25 19:18:38 #highlights @PakChoiAndCurry#8575:  (attachment url(s): https://cdn.discordapp.com/attachments/431490899579502625/438780898612346881/image.jpg)
2018-04-25 19:18:54 #highlights @PakChoiAndCurry#8575: **Dusk eSports Lost Against ModZ 21-1**
2018-04-25 20:33:56 #highlights @PakChoiAndCurry#8575:  (attachment url(s): https://cdn.discordapp.com/attachments/431490899579502625/438799845961105410/image.png)
2018-04-25 20:34:07 #highlights @PakChoiAndCurry#8575: **Dusk eSports Lost Against XGEN 21-2**
2018-04-27 17:57:30 #highlights @YaBoiPIP#0610:  (attachment url(s): https://cdn.discordapp.com/attachments/431490899579502625/439485257494822913/image.png)
2018-04-27 17:57:55 #highlights @YaBoiPIP#0610: Add caption?
2018-04-27 18:01:22 #highlights @YaBoiPIP#0610 deleted message from 2018-04-27 17:57:55 (Add caption?)
2018-04-27 18:23:39 #highlights @PakChoiAndCurry#8575: **Dusk eSports Lost Against DxN and csPy 21-3**
2018-04-28 12:50:06 #highlights @Erikishere4#1110:  (attachment url(s): https://cdn.discordapp.com/attachments/431490899579502625/439770284258623488/image.png)
2018-04-28 12:50:06 #highlights @MEE6#4876: Level Up to 11!
2018-04-28 18:02:24 #highlights @Erikishere4#1110: **Dusk eSports Lost Against xPL 21-4
2018-04-28 18:02:36 #highlights @Erikishere4#1110 edited message from 2018-04-28 18:02:24 (**Dusk eSports Lost Against xPL 21-4) to read: **Dusk eSports Lost Against xPL 21-4**
2018-04-30 11:41:21 #highlights @Launch#3277: https://discord.gg/3rG24JE
2018-04-30 11:41:22 #highlights @Launch#3277 deleted message from 2018-04-30 11:41:21 (https://discord.gg/3rG24JE)
2018-05-01 21:32:10 #highlights @Atlaris#4970:  (attachment url(s): https://cdn.discordapp.com/attachments/431490899579502625/440988830859001876/image.png)
2018-05-01 21:32:34 #highlights @Atlaris#4970: **Dusk eSports Win Against TUHO 24-6**
2018-05-02 21:25:47 #highlights @Atlaris#4970: **25-6 forgot to ss**
