2018-04-17 17:40:29 #AFK Voice channel join: Gacho#5085 (id 369793034373562370), flags: self_mute
2018-04-17 17:40:29 #AFK Voice channel join: Gacho#5085 (id 369793034373562370), flags: self_mute
2018-04-17 17:52:03 #AFK Voice channel leave: Gacho#5085 (id 369793034373562370)
2018-04-17 17:52:05 #AFK Voice channel join: Gacho#5085 (id 369793034373562370), flags: self_mute
2018-04-17 18:41:03 #AFK Voice channel leave: Gacho#5085 (id 369793034373562370)
2018-04-17 18:41:25 #AFK Voice channel join: Gacho#5085 (id 369793034373562370), flags: self_mute
2018-04-17 18:41:45 #AFK Voice channel leave: Gacho#5085 (id 369793034373562370)
2018-04-18 10:28:55 #AFK Voice channel join: LHswe#7790 (id 436106982307659776), moved from Lobby II, flags: self_mute
2018-04-18 10:29:17 #AFK Voice channel leave: LHswe#7790 (id 436106982307659776) moving to Very General
2018-04-18 11:14:40 #AFK Voice channel join: LHswe#7790 (id 436106982307659776), moved from Lobby II, flags: self_mute
2018-04-18 11:45:02 #AFK Voice channel leave: LHswe#7790 (id 436106982307659776) moving to Lobby II
2018-04-19 08:45:16 #AFK Voice channel join: Tanner#3805 (id 127824549264752640), moved from Very General
2018-04-19 08:45:25 #AFK Voice channel leave: Tanner#3805 (id 127824549264752640) moving to Very General
2018-04-21 15:56:33 #AFK Voice channel join: SC homieg223#0752 (id 109411521213317120), moved from Very General
2018-04-21 17:50:02 #AFK Voice channel join: skay <3#8589 (id 300754440045068289), moved from Lobby II
2018-04-21 17:50:04 #AFK Voice channel leave: skay <3#8589 (id 300754440045068289) moving to Very General
2018-04-21 18:43:51 #AFK Voice channel join: Ali6837#7204 (id 201387886023671808), moved from if-ur-here-than-ur-gay, flags: self_mute
2018-04-21 18:48:43 #AFK Voice channel leave: Ali6837#7204 (id 201387886023671808)
2018-04-21 19:33:21 #AFK Voice channel join: exo.#9999 (id 391606357788327954)
2018-04-21 19:33:29 #AFK Voice channel leave: exo.#9999 (id 391606357788327954)
2018-04-21 21:14:27 #AFK Voice channel leave: SC homieg223#0752 (id 109411521213317120)
2018-04-22 18:23:18 #AFK Voice channel join: röpözy#8317 (id 375339272258977795), moved from Queue-1
2018-04-22 18:28:46 #AFK Voice channel leave: röpözy#8317 (id 375339272258977795) moving to Queue-1
2018-04-23 13:08:07 #AFK Voice channel join: exo.#9999 (id 391606357788327954), moved from xd
2018-04-23 13:08:26 #AFK Voice channel leave: exo.#9999 (id 391606357788327954) moving to xd
2018-04-23 13:12:51 #AFK Voice channel join: Tebdeh#6369 (id 278523330204794880), moved from xd
2018-04-23 13:12:54 #AFK Voice channel join: Klaus Ze Flammenwerfer#9999 (id 291226226608308224), moved from xd
2018-04-23 13:17:24 #AFK Voice channel leave: Klaus Ze Flammenwerfer#9999 (id 291226226608308224)
2018-04-23 13:17:35 #AFK Voice channel leave: Tebdeh#6369 (id 278523330204794880)
2018-04-24 12:32:52 #AFK Voice channel join: benjaminkde#3290 (id 362623203274653696), moved from Queue-1, flags: self_deaf,self_mute
2018-04-24 12:36:10 #AFK Voice channel leave: benjaminkde#3290 (id 362623203274653696) moving to Queue-1
2018-04-24 14:02:29 #AFK Voice channel join: benjaminkde#3290 (id 362623203274653696), moved from Queue-1, flags: self_deaf,self_mute
2018-04-24 14:02:31 #AFK Voice channel join: Nigward#1681 (id 289669351068663808), moved from Queue-1, flags: self_deaf,self_mute
2018-04-24 14:02:36 #AFK Voice channel leave: Nigward#1681 (id 289669351068663808)
2018-04-24 14:03:10 #AFK Voice channel leave: benjaminkde#3290 (id 362623203274653696) moving to Queue-1
2018-04-25 01:52:32 #AFK Voice channel join: arturtomin#0619 (id 391977485514047489)
2018-04-25 01:52:33 #AFK Server self-mute: arturtomin#0619 (id 391977485514047489)
2018-04-25 01:52:39 #AFK Voice channel leave: arturtomin#0619 (id 391977485514047489)
2018-04-25 18:57:20 #AFK Voice channel join: Bryan#8770 (id 425311535087353857), moved from Lobby-I, flags: self_mute
2018-04-25 18:57:27 #AFK Voice channel leave: Bryan#8770 (id 425311535087353857) moving to Very General
2018-04-26 14:00:15 #AFK Voice channel join: DasGait#9138 (id 310722027545821185), flags: self_mute
2018-04-26 14:00:46 #AFK Voice channel leave: DasGait#9138 (id 310722027545821185)
