2018-04-21 10:09:01 #Queue 1 Voice channel join: Adir#9997 (id 167723170613297152), flags: self_mute
2018-04-21 10:09:01 #Queue 1 Server self-unmute: Adir#9997 (id 167723170613297152)
2018-04-21 10:10:30 #Queue 1 Voice channel leave: Adir#9997 (id 167723170613297152) moving to Very General
2018-04-21 13:20:45 #Queue 1 Voice channel join: yohaluf#5378 (id 255736979650510848), moved from Very General
2018-04-21 13:20:48 #Queue 1 Voice channel leave: yohaluf#5378 (id 255736979650510848)
2018-04-21 13:26:30 #Queue 1 Voice channel join: TheRealAM#9140 (id 400335457352679425)
2018-04-21 13:35:42 #Queue 1 Voice channel leave: TheRealAM#9140 (id 400335457352679425)
2018-04-21 13:47:20 #Queue 1 Voice channel join: A VERY LITTLE Polski#2954 (id 278056548369170438)
2018-04-21 13:47:43 #Queue 1 Voice channel leave: A VERY LITTLE Polski#2954 (id 278056548369170438)
2018-04-21 15:54:00 #Queue 1 Voice channel join: Sherlock Dolmes#9568 (id 290891752460648449)
2018-04-21 15:54:18 #Queue 1 Voice channel leave: Sherlock Dolmes#9568 (id 290891752460648449)
2018-04-21 17:45:08 #Queue 1 Voice channel join: Ali6837#7204 (id 201387886023671808), flags: self_mute
2018-04-21 17:45:24 #Queue 1 Voice channel join: Jovieson#7306 (id 310465970395152384)
2018-04-21 17:45:26 #Queue 1 Voice channel join: tiesjansen#5225 (id 310721574095290369)
2018-04-21 17:45:33 #Queue 1 Server self-mute: Jovieson#7306 (id 310465970395152384)
2018-04-21 17:45:44 #Queue 1 Voice channel join: Sherlock Dolmes#9568 (id 290891752460648449)
2018-04-21 17:45:57 #Queue 1 Voice channel join: exo.#9999 (id 391606357788327954), moved from Very General
2018-04-21 17:46:08 #Queue 1 Voice channel leave: exo.#9999 (id 391606357788327954) moving to Very General
2018-04-21 17:46:33 #Queue 1 Voice channel join: exo.#9999 (id 391606357788327954), moved from Very General
2018-04-21 17:46:48 #Queue 1 Voice channel leave: exo.#9999 (id 391606357788327954) moving to Very General
2018-04-21 17:47:53 #Queue 1 Voice channel join: exo.#9999 (id 391606357788327954), moved from Very General
2018-04-21 17:48:37 #Queue 1 Voice channel leave: exo.#9999 (id 391606357788327954) moving to Very General
2018-04-21 17:59:11 #Queue 1 Voice channel leave: Sherlock Dolmes#9568 (id 290891752460648449) moving to Very General
2018-04-21 17:59:14 #Queue 1 Voice channel join: Sherlock Dolmes#9568 (id 290891752460648449), moved from Very General
2018-04-21 18:03:33 #Queue 1 Voice channel leave: Ali6837#7204 (id 201387886023671808) moving to Lobby I
2018-04-21 18:03:36 #Queue 1 Voice channel leave: tiesjansen#5225 (id 310721574095290369) moving to Lobby I
2018-04-21 18:03:37 #Queue 1 Voice channel leave: Jovieson#7306 (id 310465970395152384) moving to Lobby I
2018-04-21 18:03:38 #Queue 1 Voice channel leave: Sherlock Dolmes#9568 (id 290891752460648449) moving to Lobby I
2018-04-21 18:25:16 #Queue 1 Voice channel join: A VERY LITTLE Polski#2954 (id 278056548369170438)
2018-04-21 18:25:19 #Queue 1 Voice channel leave: A VERY LITTLE Polski#2954 (id 278056548369170438)
2018-04-22 17:37:56 #Queue 1 Voice channel join: Sherlock Dolmes#9568 (id 290891752460648449)
2018-04-22 17:38:15 #Queue 1 Voice channel join: Ali6837#7204 (id 201387886023671808), flags: self_mute
2018-04-22 17:38:23 #Queue 1 Voice channel join: pysicho_bunny#3748 (id 431913999203041280)
2018-04-22 17:38:38 #Queue 1 Voice channel join: A VERY LITTLE Polski#2954 (id 278056548369170438)
2018-04-22 17:39:03 #Queue 1 Voice channel join: ｌｉｌ　ｙｕｎｇ．ｍｐ３#7309 (id 271297044302266370)
2018-04-22 17:39:04 #Queue 1 Voice channel join: Paavali#5093 (id 350263320328011776)
2018-04-22 17:39:49 #Queue 1 Voice channel leave: ｌｉｌ　ｙｕｎｇ．ｍｐ３#7309 (id 271297044302266370)
2018-04-22 17:39:55 #Queue 1 Voice channel leave: Paavali#5093 (id 350263320328011776)
2018-04-22 17:40:01 #Queue 1 Voice channel join: Paavali#5093 (id 350263320328011776)
2018-04-22 17:40:10 #Queue 1 Voice channel join: ｌｉｌ　ｙｕｎｇ．ｍｐ３#7309 (id 271297044302266370)
2018-04-22 17:41:23 #Queue 1 Voice channel leave: ｌｉｌ　ｙｕｎｇ．ｍｐ３#7309 (id 271297044302266370)
2018-04-22 17:41:50 #Queue 1 Voice channel join: ｌｉｌ　ｙｕｎｇ．ｍｐ３#7309 (id 271297044302266370)
2018-04-22 17:43:26 #Queue-1 Voice channel join: Henlick#1453 (id 271293015564353536)
2018-04-22 17:43:30 #Queue-1 Server self-mute: Henlick#1453 (id 271293015564353536)
2018-04-22 17:44:05 #Queue-1 Voice channel leave: Ali6837#7204 (id 201387886023671808) moving to Lobby-1
2018-04-22 17:44:05 #Queue-1 Voice channel leave: pysicho_bunny#3748 (id 431913999203041280) moving to Lobby-1
2018-04-22 17:44:05 #Queue-1 Voice channel leave: A VERY LITTLE Polski#2954 (id 278056548369170438) moving to Lobby-1
2018-04-22 17:44:06 #Queue-1 Voice channel leave: Paavali#5093 (id 350263320328011776) moving to Lobby-1
2018-04-22 17:44:06 #Queue-1 Voice channel leave: ｌｉｌ　ｙｕｎｇ．ｍｐ３#7309 (id 271297044302266370) moving to Lobby-1
2018-04-22 17:44:06 #Queue-1 Voice channel leave: Sherlock Dolmes#9568 (id 290891752460648449) moving to Lobby-1
2018-04-22 17:44:06 #Queue-1 Voice channel leave: Henlick#1453 (id 271293015564353536) moving to Lobby-1
2018-04-22 17:59:30 #Queue-1 Voice channel join: röpözy#8317 (id 375339272258977795)
2018-04-22 18:00:16 #Queue-1 Voice channel join: Lowlight#8252 (id 353297249742094338), flags: self_deaf,self_mute
2018-04-22 18:04:05 #Queue-1 Voice channel leave: röpözy#8317 (id 375339272258977795)
2018-04-22 18:04:27 #Queue-1 Voice channel leave: Lowlight#8252 (id 353297249742094338)
2018-04-22 18:06:27 #Queue-1 Voice channel join: röpözy#8317 (id 375339272258977795)
2018-04-22 18:10:17 #Queue-1 Voice channel join: The_Eternal_abys#8037 (id 236123838302257152)
2018-04-22 18:10:26 #Queue-1 Voice channel leave: The_Eternal_abys#8037 (id 236123838302257152)
2018-04-22 18:23:18 #Queue-1 Voice channel leave: röpözy#8317 (id 375339272258977795) moving to AFK
2018-04-22 18:28:46 #Queue-1 Voice channel join: röpözy#8317 (id 375339272258977795), moved from AFK
2018-04-22 18:41:39 #Queue-1 Voice channel leave: ropozy#8317 (id 375339272258977795)
2018-04-23 13:01:16 #Queue-1 Voice channel join: exo.#9999 (id 391606357788327954)
2018-04-23 13:01:17 #Queue-1 Voice channel leave: exo.#9999 (id 391606357788327954)
2018-04-23 17:15:03 #Queue-1 Voice channel join: tiesjansen#5225 (id 310721574095290369)
2018-04-23 17:15:08 #Queue-1 Voice channel join: pysicho_bunny#3748 (id 431913999203041280)
2018-04-23 17:15:17 #Queue-1 Voice channel join: Branzo#6613 (id 220953441407729667)
2018-04-23 17:15:22 #Queue-1 Voice channel join: Paavali#5093 (id 350263320328011776)
2018-04-23 17:15:46 #Queue-1 Voice channel join: norb#3495 (id 350789744143237120)
2018-04-23 17:15:50 #Queue-1 Voice channel leave: norb#3495 (id 350789744143237120) moving to if-ur-here-than-ur-gay
2018-04-23 17:15:52 #Queue-1 Voice channel join: ropozy#8317 (id 375339272258977795)
2018-04-23 17:17:12 #Queue-1 Voice channel join: CaptainArwin#8998 (id 311126320681713664)
2018-04-23 17:17:14 #Queue-1 Voice channel join: Jovieson#7306 (id 310465970395152384)
2018-04-23 17:18:47 #Queue-1 Voice channel join: Ali6837#7204 (id 201387886023671808), flags: self_mute
2018-04-23 17:21:11 #Queue-1 Voice channel leave: Branzo#6613 (id 220953441407729667) moving to Very General
2018-04-23 17:21:15 #Queue-1 Voice channel join: Branzo#6613 (id 220953441407729667), moved from Very General
2018-04-23 17:22:03 #Queue-1 Voice channel join: The_Eternal_abys#8037 (id 236123838302257152)
2018-04-23 17:22:13 #Queue-1 Server self-mute: Jovieson#7306 (id 310465970395152384)
2018-04-23 17:24:32 #Queue-1 Voice channel leave: tiesjansen#5225 (id 310721574095290369) moving to Lobby-1
2018-04-23 17:24:32 #Queue-1 Voice channel leave: pysicho_bunny#3748 (id 431913999203041280) moving to Lobby-1
2018-04-23 17:24:33 #Queue-1 Voice channel leave: Paavali#5093 (id 350263320328011776) moving to Lobby-1
2018-04-23 17:24:33 #Queue-1 Voice channel leave: ropozy#8317 (id 375339272258977795) moving to Lobby-1
2018-04-23 17:24:33 #Queue-1 Voice channel leave: CaptainArwin#8998 (id 311126320681713664) moving to Lobby-1
2018-04-23 17:24:33 #Queue-1 Voice channel leave: Branzo#6613 (id 220953441407729667) moving to Lobby-1
2018-04-23 17:24:34 #Queue-1 Voice channel leave: The_Eternal_abys#8037 (id 236123838302257152) moving to Lobby-1
2018-04-23 17:24:35 #Queue-1 Voice channel leave: Jovieson#7306 (id 310465970395152384) moving to Lobby-1
2018-04-23 17:24:35 #Queue-1 Voice channel leave: Ali6837#7204 (id 201387886023671808) moving to Lobby-1
2018-04-23 17:27:33 #Queue-1 Voice channel join: Ali6837#7204 (id 201387886023671808), moved from Very General, flags: self_mute
2018-04-23 17:28:44 #Queue-1 Voice channel leave: Ali6837#7204 (id 201387886023671808) moving to Lobby-1
2018-04-24 11:58:09 #Queue-1 Voice channel join: benjaminkde#3290 (id 362623203274653696), flags: self_deaf,self_mute
2018-04-24 12:32:52 #Queue-1 Voice channel leave: benjaminkde#3290 (id 362623203274653696) moving to AFK
2018-04-24 12:36:10 #Queue-1 Voice channel join: benjaminkde#3290 (id 362623203274653696), moved from AFK, flags: self_deaf,self_mute
2018-04-24 13:49:44 #Queue-1 Voice channel join: Nigward#1681 (id 289669351068663808)
2018-04-24 13:49:47 #Queue-1 Server self-deafen: Nigward#1681 (id 289669351068663808)
2018-04-24 13:49:47 #Queue-1 Server self-mute: Nigward#1681 (id 289669351068663808)
2018-04-24 14:02:29 #Queue-1 Voice channel leave: benjaminkde#3290 (id 362623203274653696) moving to AFK
2018-04-24 14:02:31 #Queue-1 Voice channel leave: Nigward#1681 (id 289669351068663808) moving to AFK
2018-04-24 14:03:10 #Queue-1 Voice channel join: benjaminkde#3290 (id 362623203274653696), moved from AFK, flags: self_deaf,self_mute
2018-04-24 14:03:51 #Queue-1 Voice channel join: Nigward#1681 (id 289669351068663808), flags: self_deaf,self_mute
2018-04-24 14:08:12 #Queue-1 Voice channel leave: Nigward#1681 (id 289669351068663808)
2018-04-24 14:08:26 #Queue-1 Voice channel leave: benjaminkde#3290 (id 362623203274653696)
2018-04-24 17:55:45 #Queue-1 Voice channel join: Lowlight#8252 (id 353297249742094338), flags: self_deaf,self_mute
2018-04-24 17:58:37 #Queue-1 Voice channel join: Bryan#8770 (id 425311535087353857), flags: self_mute
2018-04-24 18:02:02 #Queue-1 Voice channel join: SC-HiddenSquid02#8846 (id 223480705177485313), flags: self_mute
2018-04-24 18:03:23 #Queue-1 Voice channel join: Jovieson#7306 (id 310465970395152384)
2018-04-24 18:03:27 #Queue-1 Server self-mute: Jovieson#7306 (id 310465970395152384)
2018-04-24 18:03:32 #Queue-1 Voice channel join: DasGait#9138 (id 310722027545821185)
2018-04-24 18:03:34 #Queue-1 Server self-deafen: DasGait#9138 (id 310722027545821185)
2018-04-24 18:03:34 #Queue-1 Server self-mute: DasGait#9138 (id 310722027545821185)
2018-04-24 18:03:35 #Queue-1 Server self-undeafen: DasGait#9138 (id 310722027545821185)
2018-04-24 18:03:35 #Queue-1 Server self-unmute: DasGait#9138 (id 310722027545821185)
2018-04-24 18:03:36 #Queue-1 Server self-mute: DasGait#9138 (id 310722027545821185)
2018-04-24 18:03:45 #Queue-1 Voice channel leave: Jovieson#7306 (id 310465970395152384)
2018-04-24 18:06:28 #Queue-1 Voice channel leave: DasGait#9138 (id 310722027545821185)
2018-04-24 18:37:31 #Queue-1 Voice channel join: Mr. Robot#0007 (id 426234414255570959), flags: self_mute
2018-04-24 18:37:41 #Queue-1 Server self-unmute: Mr. Robot#0007 (id 426234414255570959)
2018-04-24 18:37:49 #Queue-1 Server self-mute: Mr. Robot#0007 (id 426234414255570959)
2018-04-24 18:37:51 #Queue-1 Voice channel leave: Mr. Robot#0007 (id 426234414255570959)
2018-04-24 18:37:57 #Queue-1 Voice channel leave: Lowlight#8252 (id 353297249742094338)
2018-04-24 18:47:02 #Queue-1 Voice channel leave: SC-HiddenSquid02#8846 (id 223480705177485313)
2018-04-24 19:09:49 #Queue-1 Voice channel leave: Bryan#8770 (id 425311535087353857)
2018-04-24 19:55:55 #Queue-1 Voice channel join: SC homieg223#0752 (id 109411521213317120)
2018-04-24 19:55:57 #Queue-1 Voice channel leave: SC homieg223#0752 (id 109411521213317120)
2018-04-24 23:55:43 #Queue-1 Voice channel join: SC homieg223#0752 (id 109411521213317120)
2018-04-24 23:55:45 #Queue-1 Voice channel leave: SC homieg223#0752 (id 109411521213317120)
2018-04-25 01:51:01 #Queue-1 Voice channel join: arturtomin#0619 (id 391977485514047489)
2018-04-25 01:51:03 #Queue-1 Voice channel leave: arturtomin#0619 (id 391977485514047489)
2018-04-25 01:52:45 #Queue-1 Voice channel join: arturtomin#0619 (id 391977485514047489)
2018-04-25 01:52:49 #Queue-1 Voice channel leave: arturtomin#0619 (id 391977485514047489)
2018-04-25 02:19:27 #Queue-1 Voice channel join: arturtomin#0619 (id 391977485514047489)
2018-04-25 02:19:30 #Queue-1 Voice channel leave: arturtomin#0619 (id 391977485514047489)
2018-04-25 18:30:08 #Queue-1 Voice channel join: Adin Sefu Banilor#9896 (id 244866619417821202)
2018-04-25 18:30:50 #Queue-1 Voice channel join: Bryan#8770 (id 425311535087353857), flags: self_mute
2018-04-25 18:31:19 #Queue-1 Server self-mute: Adin Sefu Banilor#9896 (id 244866619417821202)
2018-04-25 18:34:31 #Queue-1 Voice channel leave: Adin Sefu Banilor#9896 (id 244866619417821202)
2018-04-25 18:38:37 #Queue-1 Voice channel join: DasGait#9138 (id 310722027545821185)
2018-04-25 18:38:38 #Queue-1 Voice channel join: Jovieson#7306 (id 310465970395152384)
2018-04-25 18:38:45 #Queue-1 Voice channel leave: DasGait#9138 (id 310722027545821185) moving to Lobby-I
2018-04-25 18:38:47 #Queue-1 Voice channel join: DasGait#9138 (id 310722027545821185), moved from Lobby-I
2018-04-25 18:38:48 #Queue-1 Voice channel leave: Bryan#8770 (id 425311535087353857) moving to Lobby-I
2018-04-25 18:38:51 #Queue-1 Voice channel leave: DasGait#9138 (id 310722027545821185) moving to Lobby-I
2018-04-25 18:38:52 #Queue-1 Voice channel leave: Jovieson#7306 (id 310465970395152384) moving to Lobby-I
2018-04-25 18:39:51 #Queue-1 Voice channel join: Adin Sefu Banilor#9896 (id 244866619417821202), flags: self_mute
2018-04-25 18:40:02 #Queue-1 Voice channel leave: Adin Sefu Banilor#9896 (id 244866619417821202) moving to Lobby-I
2018-04-25 18:46:31 #Queue-1 Voice channel join: SkayRock#8589 (id 300754440045068289)
2018-04-25 18:46:39 #Queue-1 Voice channel leave: SkayRock#8589 (id 300754440045068289)
2018-04-25 18:57:48 #Queue-1 Voice channel join: The_Eternal_abys#8037 (id 236123838302257152)
2018-04-25 18:59:20 #Queue-1 Voice channel leave: The_Eternal_abys#8037 (id 236123838302257152) moving to Very General
2018-04-26 13:05:24 #Queue-1 Voice channel join: stieludv#7138 (id 191665123465756673)
2018-04-26 13:05:26 #Queue-1 Voice channel leave: stieludv#7138 (id 191665123465756673)
2018-04-26 13:31:03 #Queue-1 Voice channel join: The_Eternal_abys#8037 (id 236123838302257152)
2018-04-26 13:34:39 #Queue-1 Voice channel leave: The_Eternal_abys#8037 (id 236123838302257152) moving to Lobby-I
2018-04-26 20:08:45 #Queue-1 Voice channel join: fullmetalfriday#2291 (id 430223837389520897)
2018-04-26 20:09:12 #Queue-1 Voice channel leave: fullmetalfriday#2291 (id 430223837389520897)
2018-04-26 22:05:48 #Queue-1 Voice channel join: Stealth_Mexicano#6684 (id 192039513550356480)
2018-04-26 22:05:50 #Queue-1 Voice channel leave: Stealth_Mexicano#6684 (id 192039513550356480)
