2018-04-22 19:22:41 #meme-book @exo.#9999: The meme book is back guys!
2018-04-22 19:22:59 #meme-book @exo.#9999: We will post memes tomorrow.
2018-04-24 05:36:20 #meme-book @exo.#9999:  (attachment url(s): https://cdn.discordapp.com/attachments/437694242752823316/438211573689876481/image.png)
2018-04-24 05:36:24 #meme-book @exo.#9999:  (attachment url(s): https://cdn.discordapp.com/attachments/437694242752823316/438211588348968962/image.jpg)
2018-04-24 05:36:34 #meme-book @exo.#9999:  (attachment url(s): https://cdn.discordapp.com/attachments/437694242752823316/438211631726592011/image.jpg)
2018-04-24 05:36:39 #meme-book @exo.#9999:  (attachment url(s): https://cdn.discordapp.com/attachments/437694242752823316/438211654321307648/image.jpg)
2018-04-24 05:36:43 #meme-book @exo.#9999 deleted message from 2018-04-24 05:36:39 ()
2018-04-24 05:36:49 #meme-book @exo.#9999:  (attachment url(s): https://cdn.discordapp.com/attachments/437694242752823316/438211695249326081/image.jpg)
2018-04-24 05:37:00 #meme-book @exo.#9999: @nigger that is sad coz the logo this is you ^^
2018-04-24 05:37:14 #meme-book @exo.#9999:  (attachment url(s): https://cdn.discordapp.com/attachments/437694242752823316/438211797473034242/image.jpg)
2018-04-24 05:37:20 #meme-book @exo.#9999:  (attachment url(s): https://cdn.discordapp.com/attachments/437694242752823316/438211824274636800/image.jpg)
2018-04-24 05:37:27 #meme-book @exo.#9999:  (attachment url(s): https://cdn.discordapp.com/attachments/437694242752823316/438211852992905227/image.jpg)
2018-04-24 05:37:32 #meme-book @exo.#9999:  (attachment url(s): https://cdn.discordapp.com/attachments/437694242752823316/438211874492776459/image.jpg)
2018-04-24 05:37:43 #meme-book @exo.#9999:  (attachment url(s): https://cdn.discordapp.com/attachments/437694242752823316/438211920009494528/image.jpg)
2018-04-24 05:37:52 #meme-book @exo.#9999:  (attachment url(s): https://cdn.discordapp.com/attachments/437694242752823316/438211958534307840/image.jpg)
2018-04-24 05:38:08 #meme-book @exo.#9999: @​here look at my memes
2018-04-24 05:38:13 #meme-book @exo.#9999: If you don’t like them
2018-04-24 05:38:14 #meme-book @exo.#9999: !ban
2018-04-24 05:38:14 #meme-book @Synapse#0692: ```\n!ban <user> [days] [reason]\n\nBans user and deletes last X days worth of messages.\n\nIf days is not a number, it's treated as the first word of the reason.\nMinimum 0 days, maximum 7. Defaults to 0.\n\n```
2018-04-24 05:38:26 #meme-book @Klaus Ze Flammenwerfer#9999: !up 100
2018-04-24 05:38:26 #meme-book @exo.#9999 deleted message from 2018-04-24 05:36:20 ()
2018-04-24 05:38:26 #meme-book @exo.#9999 deleted message from 2018-04-24 05:36:24 ()
2018-04-24 05:38:26 #meme-book @exo.#9999 deleted message from 2018-04-24 05:36:34 ()
2018-04-24 05:38:26 #meme-book @exo.#9999 deleted message from 2018-04-24 05:36:49 ()
2018-04-24 05:38:26 #meme-book @exo.#9999 deleted message from 2018-04-24 05:37:00 (@nigger that is sad coz the logo this is you ^^)
2018-04-24 05:38:26 #meme-book @exo.#9999 deleted message from 2018-04-24 05:37:14 ()
2018-04-24 05:38:26 #meme-book @exo.#9999 deleted message from 2018-04-24 05:37:20 ()
2018-04-24 05:38:26 #meme-book @exo.#9999 deleted message from 2018-04-24 05:37:27 ()
2018-04-24 05:38:26 #meme-book @exo.#9999 deleted message from 2018-04-24 05:37:32 ()
2018-04-24 05:38:26 #meme-book @exo.#9999 deleted message from 2018-04-24 05:37:43 ()
2018-04-24 05:38:26 #meme-book @exo.#9999 deleted message from 2018-04-24 05:37:52 ()
2018-04-24 05:38:26 #meme-book @exo.#9999 deleted message from 2018-04-24 05:38:08 (@​here look at my memes)
2018-04-24 05:38:26 #meme-book @exo.#9999 deleted message from 2018-04-24 05:38:13 (If you don’t like them)
2018-04-24 05:38:26 #meme-book @exo.#9999 deleted message from 2018-04-24 05:38:14 (!ban)
2018-04-24 05:38:26 #meme-book @Synapse#0692 deleted message from 2018-04-24 05:38:14 (```\n!ban <user> [days] [reason]\n\nBans user and deletes last X days worth of messages.\n\nIf days is not a number, it's treated as the first word of the reason.\nMinimum 0 days, maximum 7. Defaults to 0.\n\n```)
2018-04-24 05:38:26 #meme-book @Klaus Ze Flammenwerfer#9999 deleted message from 2018-04-24 05:38:26 (!up 100)
2018-04-24 05:38:33 #meme-book @Klaus Ze Flammenwerfer#9999: Server memes not personal memes
2018-04-24 05:38:37 #meme-book @exo.#9999: Klaus fucking migger
2018-04-24 05:38:39 #meme-book @exo.#9999: Midget
2018-04-24 05:38:39 #meme-book @Klaus Ze Flammenwerfer#9999: !up 2
2018-04-24 05:38:40 #meme-book @exo.#9999 deleted message from 2018-04-24 05:38:37 (Klaus fucking migger)
2018-04-24 05:38:40 #meme-book @exo.#9999 deleted message from 2018-04-24 05:38:39 (Midget)
2018-04-24 05:38:40 #meme-book @Klaus Ze Flammenwerfer#9999 deleted message from 2018-04-24 05:38:39 (!up 2)
2018-04-24 05:38:43 #meme-book @Klaus Ze Flammenwerfer#9999: !up 1
2018-04-24 05:38:44 #meme-book @Klaus Ze Flammenwerfer#9999 deleted message from 2018-04-24 05:38:33 (Server memes not personal memes)
2018-04-24 05:38:44 #meme-book @Klaus Ze Flammenwerfer#9999 deleted message from 2018-04-24 05:38:43 (!up 1)
2018-04-24 05:38:44 #meme-book @exo.#9999: Aaaaaa
2018-04-24 05:38:46 #meme-book @exo.#9999: Ok
2018-04-24 05:38:48 #meme-book @exo.#9999: !up 2
2018-04-24 05:38:48 #meme-book @exo.#9999 deleted message from 2018-04-24 05:38:44 (Aaaaaa)
2018-04-24 05:38:48 #meme-book @exo.#9999 deleted message from 2018-04-24 05:38:46 (Ok)
2018-04-24 05:38:48 #meme-book @exo.#9999 deleted message from 2018-04-24 05:38:48 (!up 2)
2018-04-24 05:39:15 #meme-book @Klaus Ze Flammenwerfer#9999: @​here Is our new meme book featuring our server memes
2018-04-24 05:39:33 #meme-book @Klaus Ze Flammenwerfer#9999: *ppst* exo do the thing
2018-04-24 05:39:43 #meme-book @exo.#9999: fuck off
2018-04-24 05:39:47 #meme-book @exo.#9999 deleted message from 2018-04-24 05:39:43 (fuck off)
2018-04-24 05:39:50 #meme-book @Klaus Ze Flammenwerfer#9999: !up 1
2018-04-24 05:39:57 #meme-book @Klaus Ze Flammenwerfer#9999: cunt
2018-04-24 05:40:01 #meme-book @exo.#9999: no u lmao
2018-04-24 05:40:01 #meme-book @Klaus Ze Flammenwerfer#9999: !up 1
2018-04-24 05:40:02 #meme-book @exo.#9999 deleted message from 2018-04-24 05:40:01 (no u lmao)
2018-04-24 05:40:02 #meme-book @Klaus Ze Flammenwerfer#9999 deleted message from 2018-04-24 05:40:01 (!up 1)
2018-04-24 05:40:02 #meme-book @Klaus Ze Flammenwerfer#9999 deleted message from 2018-04-24 05:39:33 (*ppst* exo do the thing)
2018-04-24 05:40:02 #meme-book @Klaus Ze Flammenwerfer#9999 deleted message from 2018-04-24 05:39:50 (!up 1)
2018-04-24 05:40:06 #meme-book @Klaus Ze Flammenwerfer#9999: !up 1
2018-04-24 05:40:06 #meme-book @Klaus Ze Flammenwerfer#9999 deleted message from 2018-04-24 05:39:57 (cunt)
2018-04-24 05:40:06 #meme-book @Klaus Ze Flammenwerfer#9999 deleted message from 2018-04-24 05:40:06 (!up 1)
2018-04-24 05:41:43 #meme-book @Klaus Ze Flammenwerfer#9999:  (attachment url(s): https://cdn.discordapp.com/attachments/437694242752823316/438212927267274752/image.jpg)
2018-04-24 05:41:57 #meme-book @Klaus Ze Flammenwerfer#9999:  (attachment url(s): https://cdn.discordapp.com/attachments/437694242752823316/438212988126756874/image.jpg)
2018-04-24 05:49:56 #meme-book @Mr. Robot#0007: <:pGAY:433922794414407700>
2018-04-24 05:56:05 #meme-book @Mr. Robot#0007:  (attachment url(s): https://cdn.discordapp.com/attachments/437694242752823316/438216543764086785/unknown.png)
2018-04-24 06:00:20 #meme-book @exo.#9999: Stfu
2018-04-24 06:01:30 #meme-book @exo.#9999: https://cdn.discordapp.com/attachments/435742866426429440/437694191515074575/xd.png someone told  me that using 2 menus at once will crash or give u max 2 FPS lol
2018-04-24 06:01:31 #meme-book @exo.#9999 edited message from 2018-04-24 06:01:30 (https://cdn.discordapp.com/attachments/435742866426429440/437694191515074575/xd.png someone told  me that using 2 menus at once will crash or give u max 2 FPS lol) to read: https://cdn.discordapp.com/attachments/435742866426429440/437694191515074575/xd.png someone told  me that using 2 menus at once will crash or give u max 2 FPS lol
2018-04-24 06:16:31 #meme-book @exo.#9999 deleted message from 2018-04-24 06:01:30 (https://cdn.discordapp.com/attachments/435742866426429440/437694191515074575/xd.png someone told  me that using 2 menus at once will crash or give u max 2 FPS lol)
2018-04-24 06:17:09 #meme-book @Klaus Ze Flammenwerfer#9999:  (attachment url(s): https://cdn.discordapp.com/attachments/437694242752823316/438221843145424896/image.jpg)
2018-04-24 06:17:31 #meme-book @Klaus Ze Flammenwerfer#9999:  (attachment url(s): https://cdn.discordapp.com/attachments/437694242752823316/438221936120823815/image.jpg)
2018-04-24 06:17:44 #meme-book @Klaus Ze Flammenwerfer#9999:  (attachment url(s): https://cdn.discordapp.com/attachments/437694242752823316/438221990172557312/image.jpg)
2018-04-24 06:18:06 #meme-book @Klaus Ze Flammenwerfer#9999:  (attachment url(s): https://cdn.discordapp.com/attachments/437694242752823316/438222084309647361/image.jpg)
2018-04-24 06:18:24 #meme-book @Klaus Ze Flammenwerfer#9999:  (attachment url(s): https://cdn.discordapp.com/attachments/437694242752823316/438222158347370496/image.png)
2018-04-24 06:18:32 #meme-book @Klaus Ze Flammenwerfer#9999 deleted message from 2018-04-24 06:18:24 ()
2018-04-24 06:19:49 #meme-book @Klaus Ze Flammenwerfer#9999:  (attachment url(s): https://cdn.discordapp.com/attachments/437694242752823316/438222513827479552/image.jpg)
2018-04-24 06:20:01 #meme-book @Klaus Ze Flammenwerfer#9999:  (attachment url(s): https://cdn.discordapp.com/attachments/437694242752823316/438222566713327618/image.jpg)
2018-04-24 06:20:22 #meme-book @Klaus Ze Flammenwerfer#9999:  (attachment url(s): https://cdn.discordapp.com/attachments/437694242752823316/438222652813869056/image.jpg)
2018-04-24 06:20:31 #meme-book @Klaus Ze Flammenwerfer#9999:  (attachment url(s): https://cdn.discordapp.com/attachments/437694242752823316/438222693062541322/image.jpg)
2018-04-24 06:20:39 #meme-book @Klaus Ze Flammenwerfer#9999:  (attachment url(s): https://cdn.discordapp.com/attachments/437694242752823316/438222724750508032/image.jpg)
2018-04-24 06:20:46 #meme-book @Klaus Ze Flammenwerfer#9999:  (attachment url(s): https://cdn.discordapp.com/attachments/437694242752823316/438222753456324608/image.jpg)
2018-04-24 06:21:00 #meme-book @Klaus Ze Flammenwerfer#9999:  (attachment url(s): https://cdn.discordapp.com/attachments/437694242752823316/438222811790835722/image.jpg)
2018-04-24 06:21:10 #meme-book @Klaus Ze Flammenwerfer#9999:  (attachment url(s): https://cdn.discordapp.com/attachments/437694242752823316/438222854287261707/image.jpg)
2018-04-24 06:21:49 #meme-book @Klaus Ze Flammenwerfer#9999: What do the admins do in their free time:
2018-04-24 06:22:01 #meme-book @Klaus Ze Flammenwerfer#9999:  (attachment url(s): https://cdn.discordapp.com/attachments/437694242752823316/438223069190946817/image.jpg)
2018-04-24 06:22:10 #meme-book @Klaus Ze Flammenwerfer#9999:  (attachment url(s): https://cdn.discordapp.com/attachments/437694242752823316/438223106595618816/image.jpg)
2018-04-24 06:27:00 #meme-book @exo.#9999: Lmao
2018-04-24 06:59:02 #meme-book @Klaus Ze Flammenwerfer#9999: Later on:
2018-04-24 06:59:18 #meme-book @Klaus Ze Flammenwerfer#9999:  (attachment url(s): https://cdn.discordapp.com/attachments/437694242752823316/438232449290469388/image.jpg)
2018-04-24 06:59:48 #meme-book @Klaus Ze Flammenwerfer#9999:  (attachment url(s): https://cdn.discordapp.com/attachments/437694242752823316/438232575878758402/image.jpg)
2018-04-24 07:00:02 #meme-book @Klaus Ze Flammenwerfer#9999:  (attachment url(s): https://cdn.discordapp.com/attachments/437694242752823316/438232635664498690/image.jpg)
2018-04-24 07:00:32 #meme-book @Klaus Ze Flammenwerfer#9999:  (attachment url(s): https://cdn.discordapp.com/attachments/437694242752823316/438232763452358659/image.jpg)
2018-04-24 07:00:49 #meme-book @Klaus Ze Flammenwerfer#9999: Fun activities with Scooter (attachment url(s): https://cdn.discordapp.com/attachments/437694242752823316/438232830896635917/image.jpg)
2018-04-24 07:01:16 #meme-book @Klaus Ze Flammenwerfer#9999: Exo losing ban permission (attachment url(s): https://cdn.discordapp.com/attachments/437694242752823316/438232947871449099/image.jpg)
2018-04-24 07:01:36 #meme-book @Klaus Ze Flammenwerfer#9999: Exo trying to speak (attachment url(s): https://cdn.discordapp.com/attachments/437694242752823316/438233032076558338/image.jpg)
2018-04-24 07:01:48 #meme-book @Klaus Ze Flammenwerfer#9999:  (attachment url(s): https://cdn.discordapp.com/attachments/437694242752823316/438233082491830282/image.jpg)
2018-04-24 07:02:00 #meme-book @Klaus Ze Flammenwerfer#9999:  (attachment url(s): https://cdn.discordapp.com/attachments/437694242752823316/438233130457890851/image.jpg)
2018-04-24 07:02:22 #meme-book @Klaus Ze Flammenwerfer#9999:  (attachment url(s): https://cdn.discordapp.com/attachments/437694242752823316/438233222128599051/image.jpg)
2018-04-24 07:02:59 #meme-book @Klaus Ze Flammenwerfer#9999:  (attachment url(s): https://cdn.discordapp.com/attachments/437694242752823316/438233378689515533/image.jpg)
2018-04-24 07:03:06 #meme-book @Klaus Ze Flammenwerfer#9999:  (attachment url(s): https://cdn.discordapp.com/attachments/437694242752823316/438233406774575124/image.jpg)
2018-04-24 07:03:11 #meme-book @Klaus Ze Flammenwerfer#9999:  (attachment url(s): https://cdn.discordapp.com/attachments/437694242752823316/438233430354952197/image.jpg)
2018-04-24 07:03:25 #meme-book @Klaus Ze Flammenwerfer#9999:  (attachment url(s): https://cdn.discordapp.com/attachments/437694242752823316/438233486592049157/image.jpg)
2018-04-24 07:03:31 #meme-book @Klaus Ze Flammenwerfer#9999:  (attachment url(s): https://cdn.discordapp.com/attachments/437694242752823316/438233514807132172/image.jpg)
2018-04-24 07:03:41 #meme-book @Klaus Ze Flammenwerfer#9999:  (attachment url(s): https://cdn.discordapp.com/attachments/437694242752823316/438233555600932864/image.jpg)
2018-04-24 07:04:05 #meme-book @Klaus Ze Flammenwerfer#9999:  (attachment url(s): https://cdn.discordapp.com/attachments/437694242752823316/438233653718286337/image.jpg)
2018-04-24 07:04:22 #meme-book @Klaus Ze Flammenwerfer#9999:  (attachment url(s): https://cdn.discordapp.com/attachments/437694242752823316/438233726833393664/image.jpg)
2018-04-24 07:04:28 #meme-book @Klaus Ze Flammenwerfer#9999:  (attachment url(s): https://cdn.discordapp.com/attachments/437694242752823316/438233753572343808/image.jpg)
2018-04-24 07:04:37 #meme-book @Klaus Ze Flammenwerfer#9999:  (attachment url(s): https://cdn.discordapp.com/attachments/437694242752823316/438233788217163776/image.jpg)
2018-04-24 07:04:49 #meme-book @Klaus Ze Flammenwerfer#9999:  (attachment url(s): https://cdn.discordapp.com/attachments/437694242752823316/438233840885170178/image.jpg)
2018-04-24 07:05:04 #meme-book @Klaus Ze Flammenwerfer#9999:  (attachment url(s): https://cdn.discordapp.com/attachments/437694242752823316/438233901442531329/image.jpg)
2018-04-24 07:05:23 #meme-book @Klaus Ze Flammenwerfer#9999:  (attachment url(s): https://cdn.discordapp.com/attachments/437694242752823316/438233984674299904/image.jpg)
2018-04-24 07:05:32 #meme-book @exo.#9999: XD
2018-04-24 07:05:45 #meme-book @Klaus Ze Flammenwerfer#9999: Well those are my memes
2018-04-24 07:05:52 #meme-book @Klaus Ze Flammenwerfer#9999: oh wait i forgot some
2018-04-24 07:05:56 #meme-book @exo.#9999: I have my on my phone
2018-04-24 07:06:12 #meme-book @Klaus Ze Flammenwerfer#9999:  (attachment url(s): https://cdn.discordapp.com/attachments/437694242752823316/438234187351195648/image.jpg)
2018-04-24 07:06:40 #meme-book @exo.#9999: Xddd
2018-04-24 07:07:15 #meme-book @Klaus Ze Flammenwerfer#9999:  (attachment url(s): https://cdn.discordapp.com/attachments/437694242752823316/438234452779335680/image.jpg)
2018-04-24 07:07:52 #meme-book @exo.#9999: <a:waitwhat:420625979451506689>
2018-04-24 11:52:41 #meme-book @exo.#9999:  (attachment url(s): https://cdn.discordapp.com/attachments/437694242752823316/438306284882886657/image.png)
2018-04-24 11:56:57 #meme-book @exo.#9999:  (attachment url(s): https://cdn.discordapp.com/attachments/437694242752823316/438307358528241684/image.png)
2018-04-24 11:57:03 #meme-book @exo.#9999: I love u klaus
2018-04-24 11:57:06 #meme-book @exo.#9999: Kgys
2018-04-24 13:23:12 #meme-book @exo.#9999:  (attachment url(s): https://cdn.discordapp.com/attachments/437694242752823316/438329062876774400/unknown.png)
