2018-04-27 15:03:46 #bots @Star#2169: !help
2018-04-27 15:03:49 #bots @Synapse#0692: Check your DM, @Rem is not my waifu! I have sent something for you :wink:
2018-04-27 15:04:34 #bots @Star#2169: !fuck
2018-04-27 15:04:38 #bots @Star#2169: no
2018-04-27 15:04:39 #bots @Star#2169: ?
2018-04-27 15:05:03 #bots @Star#2169: !penis
2018-04-27 15:05:04 #bots @Synapse#0692: ```\n!penis [users...]\n\nDetects user's penis length\n\nThis is 101% accurate.\nEnter multiple users for an accurate comparison!\n\n```
2018-04-27 15:05:21 #bots @Star#2169: !penis @Daisuki Asuna @Revolution
2018-04-27 15:05:22 #bots @Synapse#0692: **Revolution's size:**\n8=========================D\n**Daisuki Asuna's size:**\n8========================D
2018-04-27 15:05:26 #bots @Star#2169: oh
2018-04-27 15:05:28 #bots @Star#2169: lol
2018-04-27 15:05:33 #bots @Star#2169: uhh
2018-04-27 15:36:55 #bots @Synapse#0692 deleted message from 2018-04-27 15:05:22 (**Revolution's size:**\n8=========================D\n**Daisuki Asuna's size:**\n8========================D)
2018-04-27 15:37:04 #bots @Diversity#6506: !penis @Daisuki ZeroTwo
2018-04-27 15:37:06 #bots @Synapse#0692: **Daisuki ZeroTwo's size:**\n8========================D
2018-04-27 17:01:55 #bots @Star#2169: !penis @Daisuki Asuna @Revolution
2018-04-27 17:01:57 #bots @Synapse#0692: ```\n!penis [users...]\n\nDetects user's penis length\n\nThis is 101% accurate.\nEnter multiple users for an accurate comparison!\n\n```
2018-04-27 17:02:21 #bots @Star#2169: !penis @Daisuki ZeroTwo  @Revolution
2018-04-27 17:02:23 #bots @Synapse#0692: **Revolution's size:**\n8=========================D\n**Daisuki ZeroTwo's size:**\n8========================D
2018-04-28 08:29:52 #bots @Star#2169: !penis
2018-04-28 08:29:53 #bots @Synapse#0692: ```\n!penis [users...]\n\nDetects user's penis length\n\nThis is 101% accurate.\nEnter multiple users for an accurate comparison!\n\n```
2018-04-28 08:30:37 #bots @Star#2169: !penis @Rem is not my waifu @Daisuki ZeroTwo @Revolution
2018-04-28 08:30:37 #bots @Synapse#0692: **Revolution's size:**\n8=========================D\n**Daisuki ZeroTwo's size:**\n8========================D\n**Rem is not my waifu's size:**\n8======================D
2018-04-28 08:30:45 #bots @Synapse#0692 deleted message from 2018-04-28 08:30:37 (**Revolution's size:**\n8=========================D\n**Daisuki ZeroTwo's size:**\n8========================D\n**Rem is not my waifu's size:**\n8======================D)
2018-04-28 08:30:46 #bots @Star#2169 deleted message from 2018-04-28 08:30:37 (!penis @Rem is not my waifu @Daisuki ZeroTwo @Revolution)
2018-04-28 08:30:50 #bots @Synapse#0692 deleted message from 2018-04-28 08:29:53 (```\n!penis [users...]\n\nDetects user's penis length\n\nThis is 101% accurate.\nEnter multiple users for an accurate comparison!\n\n```)
2018-04-28 08:30:54 #bots @Star#2169 deleted message from 2018-04-28 08:29:52 (!penis)
