2018-04-23 18:45:43 this bot joined the server
2018-04-23 18:45:43 Role created: 'Synapse' (id 438047840128860160)
2018-04-23 18:45:43 Member role add: 'Synapse' role was added to @Synapse#0692
2018-04-23 18:46:01 Role permissions: 'Synapse' changed from 8 to 262216
2018-04-23 18:46:01 Role position: 'Synapse' changed from 1 to 12
2018-04-23 18:46:34 Role mentionable: 'Synapse' is now mentionable
2018-04-23 18:46:34 Role hoist: 'Synapse' is now shown seperately
2018-04-23 18:46:34 Role permissions: 'Synapse' changed from 262216 to 2146958585
2018-04-23 18:47:02 Member join: @Ghostplay R2#1298 (id 435829986772123658)
2018-04-23 18:47:02 Role created: 'Ghostplay R2' (id 438048168769355776)
2018-04-23 18:47:02 Member role add: 'Ghostplay R2' role was added to @Ghostplay R2#1298
2018-04-23 18:47:13 Role permissions: 'Ghostplay R2' changed from 268520497 to 268782705
2018-04-23 18:47:13 Role position: 'Ghostplay R2' changed from 1 to 13
2018-04-23 18:47:13 Role permissions: 'Ghostplay R2' changed from 268782705 to 268520505
2018-04-23 18:48:15 Role mentionable: 'Ghostplay R2' is now mentionable
2018-04-23 18:48:15 Role permissions: 'Ghostplay R2' changed from 268520505 to 2146958585
2018-04-23 18:48:44 Role hoist: 'Synapse' is no longer shown seperately
2018-04-23 18:48:44 Role position: 'Synapse' changed from 13 to 12
2018-04-24 11:17:41 Server name changed from Daisuki to Higher Humanity
2018-04-27 15:36:29 Member nickname: '@Diversity#6506' (id 259434051163783168) changed nickname from 'Daisuki Asuna' to 'Daisuki ZeroTwo'
