2018-04-27 18:47:28 #comandos @Geovane#8988: .help
2018-04-27 18:48:35 #comandos @Geovane#8988: co!pf
2018-04-27 18:48:51 #comandos @Geovane#8988: co!bot
2018-04-27 18:48:52 #comandos @Coffee#9682: 
2018-04-27 18:48:52 #comandos @Coffee#9682 edited message from 2018-04-27 18:48:52 () to read: 
2018-04-27 18:48:56 #comandos @Geovane#8988: co!pf
2018-04-27 18:49:25 #comandos @Geovane#8988: co!pf
2018-04-27 18:49:35 #comandos @Geovane#8988: co!ajuda
2018-04-27 18:49:35 #comandos @Coffee#9682: <:correto:431182830962212865> ``comandos enviadas a sua DM!``
2018-04-27 18:49:40 #comandos @Coffee#9682 deleted message from 2018-04-27 18:49:35 (<:correto:431182830962212865> ``comandos enviadas a sua DM!``)
2018-04-27 18:50:52 #comandos @Geovane#8988: co!example1
2018-04-27 18:50:52 #comandos @Coffee#9682: 
2018-04-27 18:50:53 #comandos @Coffee#9682 edited message from 2018-04-27 18:50:52 () to read: 
2018-04-27 19:42:06 #comandos @Geovane#8988: co!play mc dede
2018-04-27 19:42:06 #comandos @Coffee#9682: <:incorreto:431183054875131914> ``Você prescisa estar em um canal de voz para que eu possa começar a tocar musica!``
2018-04-27 19:42:09 #comandos @Coffee#9682 deleted message from 2018-04-27 19:42:06 (<:incorreto:431183054875131914> ``Você prescisa estar em um canal de voz para que eu possa começar a tocar musica!``)
2018-04-27 19:42:22 #comandos @Geovane#8988: co!play  mc de
2018-04-27 19:42:22 #comandos @Coffee#9682: 
2018-04-27 19:42:23 #comandos @Coffee#9682 edited message from 2018-04-27 19:42:22 () to read: 
2018-04-27 19:42:26 #comandos @Geovane#8988: co!play dede
2018-04-27 19:42:27 #comandos @Coffee#9682: 
2018-04-27 19:42:27 #comandos @Coffee#9682 edited message from 2018-04-27 19:42:27 () to read: 
2018-04-27 19:42:31 #comandos @Geovane#8988: 1
2018-04-27 19:42:33 #comandos @Coffee#9682 deleted message from 2018-04-27 19:42:27 ()
2018-04-27 19:42:32 #comandos @Coffee#9682: <:correto:431182830962212865> **MC DE   FOGUETE IMPORTADO (DEJHAY GUI)** Foi adcionado para a playlist!
2018-04-27 19:42:33 #comandos @Coffee#9682 deleted message from 2018-04-27 19:42:22 ()
2018-04-27 19:42:33 #comandos @Coffee#9682: 
2018-04-27 19:42:33 #comandos @Coffee#9682 edited message from 2018-04-27 19:42:33 () to read: 
2018-04-27 19:42:37 #comandos @Coffee#9682 deleted message from 2018-04-27 19:42:32 (<:correto:431182830962212865> **MC DE   FOGUETE IMPORTADO (DEJHAY GUI)** Foi adcionado para a playlist!)
2018-04-27 19:42:42 #comandos @Geovane#8988: co!play mc dede
2018-04-27 19:42:42 #comandos @Coffee#9682: 
2018-04-27 19:42:42 #comandos @Coffee#9682 edited message from 2018-04-27 19:42:42 () to read: 
2018-04-27 19:42:46 #comandos @Geovane#8988: 1
2018-04-27 19:42:46 #comandos @Coffee#9682 deleted message from 2018-04-27 19:42:42 ()
2018-04-27 19:42:46 #comandos @Coffee#9682: <:correto:431182830962212865> **MC Dede e Kevinho - Pega a Receita (KondZilla)** Foi adcionado para a playlist!
2018-04-27 19:42:49 #comandos @Coffee#9682 deleted message from 2018-04-27 19:42:46 (<:correto:431182830962212865> **MC Dede e Kevinho - Pega a Receita (KondZilla)** Foi adcionado para a playlist!)
2018-04-27 19:43:01 #comandos @Geovane#8988: co!play
2018-04-27 19:43:01 #comandos @Coffee#9682: 
2018-04-27 19:43:01 #comandos @Coffee#9682 edited message from 2018-04-27 19:43:01 () to read: 
2018-04-27 19:43:04 #comandos @Geovane#8988: co!play mc dede
2018-04-27 19:43:05 #comandos @Coffee#9682: 
2018-04-27 19:43:05 #comandos @Coffee#9682 edited message from 2018-04-27 19:43:05 () to read: 
2018-04-27 19:43:07 #comandos @Geovane#8988: 1
2018-04-27 19:43:07 #comandos @Coffee#9682: <:correto:431182830962212865> **MC Dede e Kevinho - Pega a Receita (KondZilla)** Foi adcionado para a playlist!
2018-04-27 19:43:08 #comandos @Coffee#9682 deleted message from 2018-04-27 19:43:05 ()
2018-04-27 19:43:07 #comandos @Coffee#9682: <:correto:431182830962212865> **Marvel Studios' Avengers: Infinity War Official Trailer** Foi adcionado para a playlist!
2018-04-27 19:43:08 #comandos @Coffee#9682 deleted message from 2018-04-27 19:43:01 ()
2018-04-27 19:43:12 #comandos @Coffee#9682 deleted message from 2018-04-27 19:43:07 (<:correto:431182830962212865> **MC Dede e Kevinho - Pega a Receita (KondZilla)** Foi adcionado para a playlist!)
2018-04-27 19:43:13 #comandos @Coffee#9682 deleted message from 2018-04-27 19:43:07 (<:correto:431182830962212865> **Marvel Studios' Avengers: Infinity War Official Trailer** Foi adcionado para a playlist!)
2018-04-27 19:43:15 #comandos @Geovane#8988: co!play
2018-04-27 19:43:15 #comandos @Coffee#9682: 
2018-04-27 19:43:16 #comandos @Coffee#9682 edited message from 2018-04-27 19:43:15 () to read: 
2018-04-27 19:43:32 #comandos @Coffee#9682 deleted message from 2018-04-27 19:43:15 ()
2018-04-27 19:43:30 #comandos @Coffee#9682: <:incorreto:431183054875131914> ``Valor invalido ou tempo de escolha expirado.``
2018-04-27 19:43:32 #comandos @Coffee#9682 deleted message from 2018-04-27 19:43:30 (<:incorreto:431183054875131914> ``Valor invalido ou tempo de escolha expirado.``)
2018-04-27 19:43:32 #comandos @Geovane#8988: co!stop
2018-04-27 19:43:32 #comandos @Coffee#9682: :stop_button: ``Playlist parada com sucesso!``
2018-04-27 19:43:36 #comandos @Coffee#9682 deleted message from 2018-04-27 19:43:32 (:stop_button: ``Playlist parada com sucesso!``)
2018-04-27 19:43:35 #comandos @Geovane#8988: co!play mc dede
2018-04-27 19:43:36 #comandos @Coffee#9682: 
2018-04-27 19:43:36 #comandos @Coffee#9682 edited message from 2018-04-27 19:43:36 () to read: 
2018-04-27 19:43:39 #comandos @Geovane#8988: 1
2018-04-27 19:43:39 #comandos @Coffee#9682 deleted message from 2018-04-27 19:43:36 ()
2018-04-27 19:43:39 #comandos @Coffee#9682: 
2018-04-27 19:43:39 #comandos @Coffee#9682 edited message from 2018-04-27 19:43:39 () to read: 
2018-04-27 19:43:45 #comandos @Geovane#8988: co!stop
2018-04-27 19:43:45 #comandos @Coffee#9682: :stop_button: ``Playlist parada com sucesso!``
2018-04-27 19:43:49 #comandos @Coffee#9682 deleted message from 2018-04-27 19:43:45 (:stop_button: ``Playlist parada com sucesso!``)
2018-04-27 19:43:49 #comandos @Geovane#8988: co!play mc dede 1
2018-04-27 19:43:49 #comandos @Coffee#9682: 
2018-04-27 19:43:51 #comandos @Coffee#9682 edited message from 2018-04-27 19:43:49 () to read: 
2018-04-27 19:43:53 #comandos @Geovane#8988: co!play mc dede
2018-04-27 19:43:54 #comandos @Coffee#9682: 
2018-04-27 19:43:55 #comandos @Coffee#9682 edited message from 2018-04-27 19:43:54 () to read: 
2018-04-27 19:43:58 #comandos @Geovane#8988: co!stop
2018-04-27 19:43:58 #comandos @Coffee#9682: <:incorreto:431183054875131914> ``Não tem nada tocando que eu possa parar.``
2018-04-27 19:44:03 #comandos @Coffee#9682 deleted message from 2018-04-27 19:43:58 (<:incorreto:431183054875131914> ``Não tem nada tocando que eu possa parar.``)
2018-04-27 19:44:01 #comandos @Geovane#8988: co!play mc dede
2018-04-27 19:44:02 #comandos @Coffee#9682: 
2018-04-27 19:44:03 #comandos @Coffee#9682 edited message from 2018-04-27 19:44:02 () to read: 
2018-04-27 19:44:03 #comandos @Geovane#8988: 1
2018-04-27 19:44:03 #comandos @Coffee#9682 deleted message from 2018-04-27 19:43:54 ()
2018-04-27 19:44:03 #comandos @Coffee#9682: <:correto:431182830962212865> **MC Dede e Kevinho - Pega a Receita (KondZilla)** Foi adcionado para a playlist!
2018-04-27 19:44:03 #comandos @Coffee#9682 deleted message from 2018-04-27 19:44:02 ()
2018-04-27 19:44:03 #comandos @Coffee#9682: <:correto:431182830962212865> **MC DEDE - OLHA O KIT PART 1** Foi adcionado para a playlist!
2018-04-27 19:44:04 #comandos @Coffee#9682 deleted message from 2018-04-27 19:43:49 ()
2018-04-27 19:44:04 #comandos @Coffee#9682: 
2018-04-27 19:44:04 #comandos @Coffee#9682 edited message from 2018-04-27 19:44:04 () to read: 
2018-04-27 19:44:07 #comandos @Coffee#9682 deleted message from 2018-04-27 19:44:03 (<:correto:431182830962212865> **MC Dede e Kevinho - Pega a Receita (KondZilla)** Foi adcionado para a playlist!)
2018-04-27 19:44:07 #comandos @Coffee#9682 deleted message from 2018-04-27 19:44:03 (<:correto:431182830962212865> **MC DEDE - OLHA O KIT PART 1** Foi adcionado para a playlist!)
2018-04-27 19:46:15 #comandos @Geovane#8988: co!play mc dede
2018-04-27 19:46:16 #comandos @Coffee#9682: 
2018-04-27 19:46:17 #comandos @Coffee#9682 edited message from 2018-04-27 19:46:16 () to read: 
2018-04-27 19:46:17 #comandos @Geovane#8988: 1
2018-04-27 19:46:18 #comandos @Coffee#9682 deleted message from 2018-04-27 19:46:16 ()
2018-04-27 19:46:18 #comandos @Coffee#9682: <:correto:431182830962212865> **MC Dede e Kevinho - Pega a Receita (KondZilla)** Foi adcionado para a playlist!
2018-04-27 19:46:19 #comandos @Geovane#8988: 2
2018-04-27 19:46:22 #comandos @Coffee#9682 deleted message from 2018-04-27 19:46:18 (<:correto:431182830962212865> **MC Dede e Kevinho - Pega a Receita (KondZilla)** Foi adcionado para a playlist!)
2018-04-27 19:46:21 #comandos @Geovane#8988: 3
2018-04-27 19:46:26 #comandos @Geovane#8988: 2
2018-04-27 19:46:28 #comandos @Geovane#8988: co!play mc dede
2018-04-27 19:46:29 #comandos @Coffee#9682: 
2018-04-27 19:46:29 #comandos @Coffee#9682 edited message from 2018-04-27 19:46:29 () to read: 
2018-04-27 19:46:29 #comandos @Geovane#8988: 2
2018-04-27 19:46:30 #comandos @Coffee#9682 deleted message from 2018-04-27 19:46:29 ()
2018-04-27 19:46:30 #comandos @Coffee#9682: <:correto:431182830962212865> **MC Dede - Chacoalha na Água (KondZilla)** Foi adcionado para a playlist!
2018-04-27 19:46:34 #comandos @Coffee#9682 deleted message from 2018-04-27 19:46:30 (<:correto:431182830962212865> **MC Dede - Chacoalha na Água (KondZilla)** Foi adcionado para a playlist!)
2018-04-27 19:46:55 #comandos @Geovane#8988: co!play mc dede
2018-04-27 19:46:55 #comandos @Coffee#9682: 
2018-04-27 19:46:57 #comandos @Coffee#9682 edited message from 2018-04-27 19:46:55 () to read: 
2018-04-27 19:46:57 #comandos @Geovane#8988: 1
2018-04-27 19:46:57 #comandos @Coffee#9682: <:correto:431182830962212865> **MC Dede e Kevinho - Pega a Receita (KondZilla)** Foi adcionado para a playlist!
2018-04-27 19:46:57 #comandos @Coffee#9682 deleted message from 2018-04-27 19:46:55 ()
2018-04-27 19:47:00 #comandos @Coffee#9682: 💽 ``A musica que estava tocando acabou!``
2018-04-27 19:47:00 #comandos @Coffee#9682: 
2018-04-27 19:47:01 #comandos @Coffee#9682 deleted message from 2018-04-27 19:46:57 (<:correto:431182830962212865> **MC Dede e Kevinho - Pega a Receita (KondZilla)** Foi adcionado para a playlist!)
2018-04-27 19:47:01 #comandos @Coffee#9682 edited message from 2018-04-27 19:47:00 () to read: 
2018-04-27 19:47:04 #comandos @Coffee#9682 deleted message from 2018-04-27 19:47:00 (💽 ``A musica que estava tocando acabou!``)
2018-04-27 19:49:34 #comandos @Geovane#8988: co!stop
2018-04-27 19:49:35 #comandos @Coffee#9682: :stop_button: ``Playlist parada com sucesso!``
2018-04-27 19:49:38 #comandos @Coffee#9682 deleted message from 2018-04-27 19:49:35 (:stop_button: ``Playlist parada com sucesso!``)
2018-04-27 20:07:42 #comandos @Geovane#8988: co!play
2018-04-27 20:07:42 #comandos @Coffee#9682: 
2018-04-27 20:07:42 #comandos @Coffee#9682 edited message from 2018-04-27 20:07:42 () to read: 
2018-04-27 20:07:45 #comandos @Geovane#8988: co!play mc dede
2018-04-27 20:07:45 #comandos @Coffee#9682: 
2018-04-27 20:07:46 #comandos @Coffee#9682 edited message from 2018-04-27 20:07:45 () to read: 
2018-04-27 20:07:48 #comandos @Geovane#8988: 1
2018-04-27 20:07:49 #comandos @Coffee#9682 deleted message from 2018-04-27 20:07:45 ()
2018-04-27 20:07:48 #comandos @Coffee#9682: 
2018-04-27 20:07:49 #comandos @Coffee#9682 edited message from 2018-04-27 20:07:48 () to read: 
2018-04-27 20:07:49 #comandos @Coffee#9682 deleted message from 2018-04-27 20:07:42 ()
2018-04-27 20:07:49 #comandos @Coffee#9682: <:correto:431182830962212865> **Marvel Studios' Avengers: Infinity War Official Trailer** Foi adcionado para a playlist!
2018-04-27 20:07:53 #comandos @Coffee#9682 deleted message from 2018-04-27 20:07:49 (<:correto:431182830962212865> **Marvel Studios' Avengers: Infinity War Official Trailer** Foi adcionado para a playlist!)
2018-04-27 20:10:09 #comandos @Geovane#8988: co!stop
2018-04-27 20:10:09 #comandos @Coffee#9682: :stop_button: ``Playlist parada com sucesso!``
2018-04-27 20:10:15 #comandos @Coffee#9682 deleted message from 2018-04-27 20:10:09 (:stop_button: ``Playlist parada com sucesso!``)
2018-04-27 20:15:37 #comandos @Geovane#8988: co!Play mc dede
2018-04-27 20:15:37 #comandos @Coffee#9682: 
2018-04-27 20:15:39 #comandos @Coffee#9682 edited message from 2018-04-27 20:15:37 () to read: 
2018-04-27 20:15:41 #comandos @Geovane#8988: 3
2018-04-27 20:15:43 #comandos @Coffee#9682 deleted message from 2018-04-27 20:15:37 ()
2018-04-27 20:15:43 #comandos @Coffee#9682: 
2018-04-27 20:15:44 #comandos @Coffee#9682 edited message from 2018-04-27 20:15:43 () to read: 
2018-04-27 20:18:20 #comandos @Coffee#9682: 💽 ``A musica que estava tocando acabou!``
2018-04-27 20:18:24 #comandos @Coffee#9682 deleted message from 2018-04-27 20:18:20 (💽 ``A musica que estava tocando acabou!``)
2018-04-27 20:20:03 #comandos @Geovane#8988: co!play dubpex
2018-04-27 20:20:04 #comandos @Coffee#9682: 
2018-04-27 20:20:04 #comandos @Coffee#9682 edited message from 2018-04-27 20:20:04 () to read: 
2018-04-27 20:20:19 #comandos @Coffee#9682: <:incorreto:431183054875131914> ``Valor invalido ou tempo de escolha expirado.``
2018-04-27 20:20:19 #comandos @Coffee#9682 deleted message from 2018-04-27 20:20:04 ()
2018-04-27 20:20:20 #comandos @Coffee#9682 deleted message from 2018-04-27 20:20:19 (<:incorreto:431183054875131914> ``Valor invalido ou tempo de escolha expirado.``)
2018-04-27 20:42:59 #comandos @Geovane#8988: @Rick  EAE
2018-04-27 20:43:07 #comandos @Geovane#8988: @Rick
2018-04-27 21:55:29 #comandos @Geovane#8988: co!pf
2018-04-27 22:34:50 #comandos @Geovane#8988: !help
2018-04-27 22:34:50 #comandos @MEE6#4876: 
2018-04-27 22:34:53 #comandos @MEE6#4876 edited message from 2018-04-27 22:34:50 () to read: 
2018-04-27 22:34:51 #comandos @MEE6#4876: 
2018-04-27 22:34:53 #comandos @MEE6#4876 edited message from 2018-04-27 22:34:51 () to read: 
2018-04-27 22:34:54 #comandos @Synapse#0692: Check your DM, @Geovane! I have sent something for you :wink:
2018-04-27 22:35:55 #comandos @Geovane#8988: Account
2018-04-27 22:35:59 #comandos @Geovane#8988: !Account
2018-04-27 22:36:04 #comandos @Geovane#8988: !help Account
2018-04-27 22:36:05 #comandos @MEE6#4876: 
2018-04-27 22:36:06 #comandos @MEE6#4876 edited message from 2018-04-27 22:36:05 () to read: 
2018-04-27 22:36:05 #comandos @MEE6#4876: 
2018-04-27 22:36:06 #comandos @MEE6#4876 edited message from 2018-04-27 22:36:05 () to read: 
2018-04-27 22:36:06 #comandos @Synapse#0692: Couldn't find command! Try again.
2018-04-27 22:48:00 #comandos @Geovane#8988: !Mcsvr
2018-04-27 22:48:09 #comandos @Geovane#8988: !addserver
2018-04-27 22:48:10 #comandos @Synapse#0692: ```\n!addserver <channel> <server_ip>\n\nAdd a server to the tracker\n\n```
2018-04-27 22:48:18 #comandos @Geovane#8988 edited message from 2018-04-27 22:48:09 (!addserver) to read: !addserver e e
2018-04-27 22:48:23 #comandos @Geovane#8988: !addserver e e
2018-04-27 22:48:23 #comandos @Synapse#0692: ```\n!addserver <channel> <server_ip>\n\nAdd a server to the tracker\n\n```
2018-04-27 22:48:40 #comandos @Geovane#8988: !addserver 1 203123129381
2018-04-27 22:48:40 #comandos @Synapse#0692: ```\n!addserver <channel> <server_ip>\n\nAdd a server to the tracker\n\n```
2018-04-27 22:48:49 #comandos @Geovane#8988: !addserver 1212 311312321315
2018-04-27 22:48:49 #comandos @Synapse#0692: ```\n!addserver <channel> <server_ip>\n\nAdd a server to the tracker\n\n```
2018-04-27 22:49:45 #comandos @Geovane#8988: !addnewschannel
2018-04-27 22:49:48 #comandos @Synapse#0692: Role created!
2018-04-27 22:49:58 #comandos @Geovane#8988: !addnewschannel eaeea
2018-04-27 22:49:59 #comandos @Synapse#0692: Role created!
2018-04-27 22:50:54 #comandos @Geovane#8988: joinnews
2018-04-27 22:50:57 #comandos @Geovane#8988: !joinnews
2018-04-27 22:50:59 #comandos @Synapse#0692: Added that role successfully
2018-04-27 22:51:09 #comandos @Geovane#8988: !addnewschannel
2018-04-27 22:51:09 #comandos @Synapse#0692: Role created!
2018-04-27 22:52:29 #comandos @Geovane#8988: .cdch eae
2018-04-27 22:52:38 #comandos @Geovane#8988: .cvch eae
2018-04-27 22:52:39 #comandos @Nadeko#6685: 
2018-04-27 22:52:39 #comandos @Nadeko#6685 edited message from 2018-04-27 22:52:39 () to read: 
2018-04-27 22:52:39 #comandos @Synapse#0692: 
2018-04-27 22:52:39 #comandos @Synapse#0692 edited message from 2018-04-27 22:52:39 () to read: 
2018-04-27 22:54:04 #comandos @Geovane#8988: !addquote
2018-04-27 22:54:05 #comandos @Synapse#0692: ```\n!addquote <message> [author]\n\nAdds a quote to the server quote list. The quote must be enclosed\nin "double quotes". If a member mention or name is the last argument,\nthe quote will be stored as theirs. If not, the last argument will\nbe stored as the quote's author. If left empty, "Unknown" is used.\n\n```
2018-04-27 22:54:13 #comandos @Geovane#8988: !addquote  Geovane aee
2018-04-27 22:54:14 #comandos @Synapse#0692: Quote added.
2018-04-27 22:54:44 #comandos @Geovane#8988: !spotify
2018-04-27 22:54:45 #comandos @Synapse#0692: ```\n!spotify <query>\n\nSearch for a song on Spotify\n\n```
2018-04-27 22:54:51 #comandos @Geovane#8988: !spotify  mc dede
2018-04-27 22:54:52 #comandos @Synapse#0692: 
2018-04-27 22:54:52 #comandos @Synapse#0692 edited message from 2018-04-27 22:54:52 () to read: 
2018-04-27 23:01:37 #comandos @Geovane#8988: .crolelista
2018-04-27 23:01:54 #comandos @Geovane#8988: .crolelista
2018-04-27 23:02:14 #comandos @Geovane#8988: .crolelista
2018-04-27 23:02:28 #comandos @Geovane#8988: .vcrolelist
2018-04-27 23:02:28 #comandos @Nadeko#6685: 
2018-04-27 23:02:31 #comandos @Nadeko#6685 edited message from 2018-04-27 23:02:28 () to read: 
2018-04-27 23:02:29 #comandos @Synapse#0692: 
2018-04-27 23:02:31 #comandos @Synapse#0692 edited message from 2018-04-27 23:02:29 () to read: 
2018-04-27 23:03:24 #comandos @Geovane#8988: .linux Spyware Windows
2018-04-27 23:03:24 #comandos @Synapse#0692: 
2018-04-27 23:03:24 #comandos @Synapse#0692 edited message from 2018-04-27 23:03:24 () to read: 
2018-04-27 23:03:26 #comandos @Nadeko#6685: 
2018-04-27 23:03:27 #comandos @Nadeko#6685 edited message from 2018-04-27 23:03:26 () to read: 
2018-04-27 23:06:43 #comandos @Geovane#8988: .langsetd pt-br
2018-04-27 23:06:55 #comandos @Geovane#8988: .langset pt-br
2018-04-27 23:06:56 #comandos @Synapse#0692: 
2018-04-27 23:06:58 #comandos @Synapse#0692 edited message from 2018-04-27 23:06:56 () to read: 
2018-04-27 23:06:56 #comandos @Nadeko#6685: 
2018-04-27 23:06:58 #comandos @Nadeko#6685 edited message from 2018-04-27 23:06:56 () to read: 
2018-04-27 23:07:09 #comandos @Geovane#8988: .langset pt-br
2018-04-27 23:07:09 #comandos @Nadeko#6685: 
2018-04-27 23:07:11 #comandos @Nadeko#6685 edited message from 2018-04-27 23:07:09 () to read: 
2018-04-27 23:07:09 #comandos @Synapse#0692: 
2018-04-27 23:07:11 #comandos @Synapse#0692 edited message from 2018-04-27 23:07:09 () to read: 
2018-04-27 23:07:39 #comandos @Geovane#8988: .langset pt-br
2018-04-27 23:07:39 #comandos @Nadeko#6685: 
2018-04-27 23:07:40 #comandos @Nadeko#6685 edited message from 2018-04-27 23:07:39 () to read: 
2018-04-27 23:07:39 #comandos @Synapse#0692: 
2018-04-27 23:07:40 #comandos @Synapse#0692 edited message from 2018-04-27 23:07:39 () to read: 
2018-04-27 23:08:56 #comandos @Geovane#8988: .settopic eae
2018-04-27 23:08:56 #comandos @Synapse#0692: 
2018-04-27 23:08:57 #comandos @Synapse#0692 edited message from 2018-04-27 23:08:56 () to read: 
2018-04-27 23:09:01 #comandos @Geovane#8988: .settopic privado
2018-04-27 23:09:01 #comandos @Synapse#0692: 
2018-04-27 23:09:03 #comandos @Synapse#0692 edited message from 2018-04-27 23:09:01 () to read: 
2018-04-27 23:09:05 #comandos @Geovane#8988: .settopic aberto
2018-04-27 23:09:06 #comandos @Synapse#0692: 
2018-04-27 23:09:07 #comandos @Synapse#0692 edited message from 2018-04-27 23:09:06 () to read: 
2018-04-27 23:13:09 #comandos @Geovane#8988: .lsar
2018-04-27 23:13:09 #comandos @Synapse#0692: 
2018-04-27 23:13:10 #comandos @Synapse#0692 edited message from 2018-04-27 23:13:09 () to read: 
2018-04-27 23:13:56 #comandos @Geovane#8988: !lockdownset
2018-04-27 23:13:56 #comandos @Synapse#0692: ```\n!lockdownset\n\nSettings for lockdown\n\nCommands:\n  channel Sets whether or not the channel will be\n\nType !lockdownset command for more info on a command.\nYou can also type !lockdownset category for more info on a category.\n```
2018-04-27 23:14:25 #comandos @Geovane#8988: !lockdownset Geral
2018-04-27 23:14:27 #comandos @Synapse#0692: ```\n!lockdownset\n\nSettings for lockdown\n\nCommands:\n  channel Sets whether or not the channel will be\n\nType !lockdownset command for more info on a command.\nYou can also type !lockdownset category for more info on a category.\n```
2018-04-27 23:14:34 #comandos @Geovane#8988: !lockdownset 1 geral
2018-04-27 23:14:35 #comandos @Synapse#0692: ```\n!lockdownset\n\nSettings for lockdown\n\nCommands:\n  channel Sets whether or not the channel will be\n\nType !lockdownset command for more info on a command.\nYou can also type !lockdownset category for more info on a category.\n```
2018-04-27 23:14:52 #comandos @Geovane#8988: !unlockdown
2018-04-27 23:14:53 #comandos @Synapse#0692: No settings available for this server!
2018-04-27 23:15:00 #comandos @Geovane#8988: !unlockdown 1
2018-04-27 23:15:01 #comandos @Synapse#0692: No settings available for this server!
2018-04-27 23:16:11 #comandos @Geovane#8988: !account
2018-04-27 23:16:12 #comandos @Synapse#0692: 
2018-04-27 23:16:12 #comandos @Synapse#0692 edited message from 2018-04-27 23:16:12 () to read: 
2018-04-27 23:16:35 #comandos @Geovane#8988: !signup
2018-04-27 23:16:37 #comandos @Synapse#0692: 
2018-04-27 23:16:38 #comandos @Synapse#0692 edited message from 2018-04-27 23:16:37 () to read: 
2018-04-27 23:17:20 #comandos @Geovane#8988: !chatchart
2018-04-27 23:17:20 #comandos @Synapse#0692: 
2018-04-27 23:17:20 #comandos @Synapse#0692 edited message from 2018-04-27 23:17:20 () to read: 
2018-04-27 23:17:22 #comandos @Synapse#0692 deleted message from 2018-04-27 23:17:20 ()
2018-04-27 23:17:22 #comandos @Synapse#0692:  (attachment url(s): https://cdn.discordapp.com/attachments/439459470892859399/439565752467456001/chart.png)
2018-04-27 23:18:38 #comandos @Geovane#8988: !colorme
2018-04-27 23:18:39 #comandos @Synapse#0692: ```\n!colorme\n\nChange the color of your name via custom roles.\n\nCommands:\n  unprotect   Remove a role from the list of protected roles.\n  purge       Purge the server of roles that may have been created\n  listprotect Lists roles that are protected from color changes.\n  protect     Add a role to the list of protected roles.\n  clean       Clean colorme roles by removing all permissions.\n  change      Change the color of your name.\n\nType !colorme command for more info on a command.\nYou can also type !colorme category for more info on a category.\n```
2018-04-27 23:19:07 #comandos @Geovane#8988: !colorme blue
2018-04-27 23:19:09 #comandos @Synapse#0692: ```\n!colorme\n\nChange the color of your name via custom roles.\n\nCommands:\n  unprotect   Remove a role from the list of protected roles.\n  purge       Purge the server of roles that may have been created\n  listprotect Lists roles that are protected from color changes.\n  protect     Add a role to the list of protected roles.\n  clean       Clean colorme roles by removing all permissions.\n  change      Change the color of your name.\n\nType !colorme command for more info on a command.\nYou can also type !colorme category for more info on a category.\n```
2018-04-27 23:19:35 #comandos @Geovane#8988: !protected
2018-04-27 23:19:36 #comandos @Synapse#0692: Currently the list is empty, add more people with `!protect` first.
2018-04-27 23:19:44 #comandos @Geovane#8988: !unprotected
2018-04-27 23:20:19 #comandos @Geovane#8988: !unprotect
2018-04-27 23:20:19 #comandos @Synapse#0692: ```\n!unprotect <user>\n\nRemoves a member or role to the protected members list\n\nCommands:\n  user Removes a member from the duel protection list\n  role Removes a member from the duel protection list\n\nType !unprotect command for more info on a command.\nYou can also type !unprotect category for more info on a category.\n```
2018-04-27 23:20:54 #comandos @Geovane#8988: !unprotect canais de texto
2018-04-27 23:20:54 #comandos @Synapse#0692: ```\n!unprotect <user>\n\nRemoves a member or role to the protected members list\n\nCommands:\n  user Removes a member from the duel protection list\n  role Removes a member from the duel protection list\n\nType !unprotect command for more info on a command.\nYou can also type !unprotect category for more info on a category.\n```
2018-04-27 23:20:59 #comandos @Geovane#8988: !unprotect Geovane
2018-04-27 23:20:59 #comandos @Synapse#0692: Geovane is not in the protection list.
2018-04-27 23:21:08 #comandos @Geovane#8988: !protect geovane
2018-04-27 23:21:11 #comandos @Synapse#0692: ```\n!protect <user>\n\nAdds a member or role to the protected members list\n\nCommands:\n  user \n  role \n\nType !protect command for more info on a command.\nYou can also type !protect category for more info on a category.\n```
2018-04-27 23:21:17 #comandos @Geovane#8988: !protect Geovane
2018-04-27 23:21:17 #comandos @Synapse#0692: Geovane has been successfully added to the protection list.
2018-04-27 23:47:09 #comandos @Geovane#8988: .cvch eae
2018-04-27 23:47:09 #comandos @Synapse#0692: 
2018-04-27 23:47:09 #comandos @Synapse#0692 edited message from 2018-04-27 23:47:09 () to read: 
2018-04-27 23:56:40 #comandos @Geovane#8988: /help
2018-04-27 23:56:40 #comandos @Maxminded#8638: 
2018-04-27 23:56:40 #comandos @Maxminded#8638 edited message from 2018-04-27 23:56:40 () to read: 
2018-04-27 23:58:13 #comandos @Geovane#8988: /canal
2018-04-27 23:58:19 #comandos @Geovane#8988: /canal
2018-04-27 23:58:23 #comandos @Geovane#8988: /channel
2018-04-27 23:58:24 #comandos @Maxminded#8638: 
2018-04-27 23:58:24 #comandos @Maxminded#8638 edited message from 2018-04-27 23:58:24 () to read: 
2018-04-27 23:59:04 #comandos @Geovane#8988: /channel create JOGANDO MINECRAFT [voice]
2018-04-27 23:59:04 #comandos @Maxminded#8638: @Geovane, Your private text channel #jogando was successfully created.
2018-04-27 23:59:34 #comandos @Geovane#8988: /channel create JOGANDO MINECRAFT voice
2018-04-27 23:59:34 #comandos @Maxminded#8638: @Geovane, You have to wait another 23 hours and 59 minutes to create a private channel
2018-04-28 00:02:43 #comandos @Geovane#8988: /config
2018-04-28 00:02:44 #comandos @Maxminded#8638: 
2018-04-28 00:02:44 #comandos @Maxminded#8638 edited message from 2018-04-28 00:02:44 () to read: 
2018-04-28 00:03:01 #comandos @Geovane#8988: /channel create JOGANDO MINECRAFT voice
2018-04-28 00:03:01 #comandos @Maxminded#8638: @Geovane, You have to wait another 23 hours and 56 minutes to create a private channel
2018-04-28 00:03:10 #comandos @Geovane#8988: /help
2018-04-28 00:03:10 #comandos @Maxminded#8638: 
2018-04-28 00:03:13 #comandos @Maxminded#8638 edited message from 2018-04-28 00:03:10 () to read: 
2018-04-28 00:03:25 #comandos @Geovane#8988: /kudo @Geovane
2018-04-28 00:03:25 #comandos @Maxminded#8638: @Geovane, Hey there, you cannot give kudo's to yourself, wimp!
2018-04-28 00:04:19 #comandos @Geovane#8988: /optout
2018-04-28 00:04:19 #comandos @Maxminded#8638: @Geovane, You succesfully opted out from this newsletter, contact `McDefault#8906` to optin again.
2018-04-28 00:04:43 #comandos @Geovane#8988: /config help
2018-04-28 00:04:43 #comandos @Maxminded#8638: 
2018-04-28 00:04:45 #comandos @Maxminded#8638 edited message from 2018-04-28 00:04:43 () to read: 
2018-04-28 00:05:50 #comandos @Geovane#8988: /channel
2018-04-28 00:05:50 #comandos @Maxminded#8638: 
2018-04-28 00:05:52 #comandos @Maxminded#8638 edited message from 2018-04-28 00:05:50 () to read: 
2018-04-28 00:07:04 #comandos @Geovane#8988: /channel create testeeterere [voice]
2018-04-28 00:07:04 #comandos @Maxminded#8638: @dasdsadas, You have to wait another 23 hours and 51 minutes to create a private channel
2018-04-28 00:07:20 #comandos @Geovane#8988: /channel create testeete [voice]
2018-04-28 00:07:20 #comandos @Maxminded#8638: @dasdsadas, You have to wait another 23 hours and 51 minutes to create a private channel
2018-04-28 00:08:16 #comandos @Geovane#8988: /channel create testeete [voice]
2018-04-28 00:08:16 #comandos @Maxminded#8638: @dasdsadas, You have to wait another 23 hours and 50 minutes to create a private channel
2018-04-28 00:08:23 #comandos @Geovane#8988 deleted message from 2018-04-28 00:08:16 (/channel create testeete [voice])
2018-04-28 00:26:58 #comandos @Geovane#8988: c!
2018-04-28 00:38:16 #comandos @Geovane#8988: c!summon
2018-04-28 00:38:16 #comandos @Manager#1140: :large_blue_circle: Sala criada!
2018-04-28 00:39:31 #comandos @Geovane#8988: c!name JOGANDO
2018-04-28 00:39:31 #comandos @Manager#1140: Sala renomeada para: ` JOGANDO`
2018-04-28 00:39:45 #comandos @Geovane#8988: c!name minecraft
2018-04-28 00:39:46 #comandos @Manager#1140: Sala renomeada para: ` minecraft`
2018-04-28 00:40:24 #comandos @Geovane#8988: C!add @Geovane
2018-04-28 00:40:41 #comandos @Geovane#8988: c!add +
2018-04-28 00:40:41 #comandos @Manager#1140: Poucas combinações encontradas, mínimo: `1`
2018-04-28 00:40:50 #comandos @Geovane#8988: c!add + geovane
2018-04-28 00:40:51 #comandos @Manager#1140: Geovane foi adicionado(a) à sua sala.
2018-04-28 00:41:16 #comandos @Geovane#8988: c!remove +geovane
2018-04-28 00:41:16 #comandos @Manager#1140: Poucas combinações encontradas, mínimo: `1`
2018-04-28 00:41:20 #comandos @Geovane#8988: c!add + geovane
2018-04-28 00:41:20 #comandos @Manager#1140: Geovane foi adicionado(a) à sua sala.
2018-04-28 00:41:30 #comandos @Geovane#8988: c!remove geovane
2018-04-28 00:41:30 #comandos @Manager#1140: Geovane foi removido(a) de sua sala.
2018-04-28 00:43:29 #comandos @Geovane#8988: c!navio + Geovane
2018-04-28 00:43:38 #comandos @Geovane#8988: c!navio
2018-04-28 00:43:55 #comandos @Geovane#8988: c!ship +
2018-04-28 00:43:55 #comandos @Manager#1140: Poucas combinações encontradas, mínimo: `2`
2018-04-28 00:43:59 #comandos @Geovane#8988: ship + geovane
2018-04-28 00:44:11 #comandos @Geovane#8988: ship + geovane geovane
2018-04-28 00:44:24 #comandos @Geovane#8988: c!ship + geovane geovane
2018-04-28 00:44:24 #comandos @Manager#1140: Poucas combinações encontradas, mínimo: `2`
2018-04-28 00:44:40 #comandos @Geovane#8988: c!ship + geovane gdasdsa
2018-04-28 00:44:40 #comandos @Manager#1140: Poucas combinações encontradas, mínimo: `2`
2018-04-28 00:46:47 #comandos @Geovane#8988: c!ship + eae eae
2018-04-28 00:46:47 #comandos @Manager#1140: Poucas combinações encontradas, mínimo: `2`
2018-04-28 00:46:52 #comandos @Geovane#8988: ship + eae ae aedea
2018-04-28 00:47:01 #comandos @Geovane#8988: c!ship + eae ea eae a
2018-04-28 00:47:02 #comandos @Manager#1140: Muitas combinações encontradas, máximo: `2`
2018-04-28 00:47:08 #comandos @Geovane#8988: c!ship +  Geovane geovane
2018-04-28 00:47:08 #comandos @Manager#1140: Poucas combinações encontradas, mínimo: `2`
2018-04-28 00:47:29 #comandos @Geovane#8988: c!ship + Geovane#8988 Geovane#1500
2018-04-28 00:47:29 #comandos @Manager#1140: Poucas combinações encontradas, mínimo: `2`
2018-04-28 00:47:53 #comandos @Geovane#8988: c!ship + dasdsadas Geovane#1500
2018-04-28 00:47:53 #comandos @Manager#1140: Poucas combinações encontradas, mínimo: `2`
2018-04-28 00:49:47 #comandos @Geovane#8988: c!revoke
2018-04-28 00:49:47 #comandos @Manager#1140: :cyclone: Canal removido!
2018-04-28 00:49:50 #comandos @Geovane#8988: revoke
2018-04-28 00:49:51 #comandos @Geovane#8988: revoke
2018-04-28 00:49:52 #comandos @Geovane#8988: revoke
2018-04-28 00:49:53 #comandos @Geovane#8988: revoke
2018-04-28 00:49:57 #comandos @Geovane#8988: c!revoke
2018-04-28 00:49:57 #comandos @Manager#1140: :warning: Você não tem nenhuma sala!
2018-04-28 00:56:11 #comandos @Geovane#8988: criarcanal
2018-04-28 01:07:50 #comandos @Geovane#8988: !say
2018-04-28 01:07:51 #comandos @Synapse#0692: ```\n!say <text>\n\nBot repeats what you tell it to, utility for scheduler.\n\n```
2018-04-28 01:08:55 #comandos @Geovane#8988: !say 1csummon
2018-04-28 01:08:55 #comandos @Synapse#0692: 1csummon
2018-04-28 01:08:55 #comandos @Manager#1140: :large_blue_circle: Sala criada!
2018-04-28 01:09:17 #comandos @Geovane#8988: !say 1crevoke
2018-04-28 01:09:17 #comandos @Synapse#0692: 1crevoke
2018-04-28 01:09:18 #comandos @Manager#1140: :cyclone: Canal removido!
2018-04-28 01:09:23 #comandos @Geovane#8988: 1csummon
2018-04-28 01:09:23 #comandos @Manager#1140: :large_blue_circle: Sala criada!
2018-04-28 01:11:07 #comandos @Geovane#8988: 1CREVOKE
2018-04-28 01:11:12 #comandos @Geovane#8988: 1crevoke
2018-04-28 01:11:13 #comandos @Manager#1140: :cyclone: Canal removido!
2018-04-28 01:11:26 #comandos @Geovane#8988: 1csummon
2018-04-28 01:11:27 #comandos @Manager#1140: :large_blue_circle: Sala criada!
2018-04-28 01:12:10 #comandos @Geovane#8988: 1csummon[
2018-04-28 01:12:12 #comandos @Geovane#8988 edited message from 2018-04-28 01:12:10 (1csummon[) to read: 1csummon
2018-04-28 01:12:14 #comandos @Geovane#8988: 1csummon
2018-04-28 01:12:15 #comandos @Manager#1140: :warning: Você já tem uma sala criada em algum lugar!
2018-04-28 01:12:19 #comandos @Geovane#8988: 1crevoke
2018-04-28 01:12:20 #comandos @Manager#1140: :cyclone: Canal removido!
2018-04-28 01:12:47 #comandos @Geovane#8988: 1csummon
2018-04-28 01:12:47 #comandos @Manager#1140: :large_blue_circle: Sala criada!
2018-04-28 01:12:56 #comandos @Geovane#8988: 1crevoke
2018-04-28 01:12:56 #comandos @Manager#1140: :cyclone: Canal removido!
2018-04-28 01:13:54 #comandos @Geovane#8988: 1csummon
2018-04-28 01:13:54 #comandos @Manager#1140: :large_blue_circle: Sala criada!
2018-04-28 01:13:59 #comandos @Geovane#8988: 1crevoke
2018-04-28 01:13:59 #comandos @Manager#1140: :cyclone: Canal removido!
2018-04-28 01:14:31 #comandos @Geovane#8988: !!!play
2018-04-28 01:14:36 #comandos @Geovane#8988: !play
2018-04-28 01:14:36 #comandos @Synapse#0692: ```\n!play <url_or_search_terms>\n\nPlays a link / searches and play\n\n```
2018-04-28 01:18:08 #comandos @Geovane#8988: !play mc dede
2018-04-28 01:18:08 #comandos @Synapse#0692: You must join a voice channel before I can play anything.
2018-04-28 01:18:15 #comandos @Geovane#8988: !!!play
2018-04-28 01:18:25 #comandos @Geovane#8988: co!play
2018-04-28 01:18:25 #comandos @Coffee#9682: <:incorreto:431183054875131914> ``Você prescisa estar em um canal de voz para que eu possa começar a tocar musica!``
2018-04-28 01:18:30 #comandos @Coffee#9682 deleted message from 2018-04-28 01:18:25 (<:incorreto:431183054875131914> ``Você prescisa estar em um canal de voz para que eu possa começar a tocar musica!``)
2018-04-28 01:18:40 #comandos @Geovane#8988: co!play
2018-04-28 01:18:40 #comandos @Coffee#9682: 
2018-04-28 01:18:41 #comandos @Coffee#9682 edited message from 2018-04-28 01:18:40 () to read: 
2018-04-28 01:18:45 #comandos @Geovane#8988: co!play mc dede
2018-04-28 01:18:45 #comandos @Coffee#9682: 
2018-04-28 01:18:45 #comandos @Coffee#9682 edited message from 2018-04-28 01:18:45 () to read: 
2018-04-28 01:18:49 #comandos @Geovane#8988: 1
2018-04-28 01:18:49 #comandos @Coffee#9682 deleted message from 2018-04-28 01:18:45 ()
2018-04-28 01:18:49 #comandos @Coffee#9682: <:correto:431182830962212865> **Marvel Studios' Avengers: Infinity War Official Trailer** Foi adcionado para a playlist!
2018-04-28 01:18:49 #comandos @Coffee#9682 deleted message from 2018-04-28 01:18:40 ()
2018-04-28 01:18:50 #comandos @Coffee#9682: 
2018-04-28 01:18:52 #comandos @Coffee#9682 edited message from 2018-04-28 01:18:50 () to read: 
2018-04-28 01:18:52 #comandos @Coffee#9682 deleted message from 2018-04-28 01:18:49 (<:correto:431182830962212865> **Marvel Studios' Avengers: Infinity War Official Trailer** Foi adcionado para a playlist!)
2018-04-28 01:20:38 #comandos @Geovane#8988: co!play mc kevinho
2018-04-28 01:20:38 #comandos @Coffee#9682: 
2018-04-28 01:20:41 #comandos @Coffee#9682 edited message from 2018-04-28 01:20:38 () to read: 
2018-04-28 01:20:50 #comandos @Geovane#8988: co!play dubpex
2018-04-28 01:20:51 #comandos @Coffee#9682: 
2018-04-28 01:20:51 #comandos @Coffee#9682 edited message from 2018-04-28 01:20:51 () to read: 
2018-04-28 01:20:53 #comandos @Coffee#9682: <:incorreto:431183054875131914> ``Valor invalido ou tempo de escolha expirado.``
2018-04-28 01:20:54 #comandos @Coffee#9682 deleted message from 2018-04-28 01:20:38 ()
2018-04-28 01:20:55 #comandos @Coffee#9682 deleted message from 2018-04-28 01:20:53 (<:incorreto:431183054875131914> ``Valor invalido ou tempo de escolha expirado.``)
2018-04-28 01:21:06 #comandos @Coffee#9682: <:incorreto:431183054875131914> ``Valor invalido ou tempo de escolha expirado.``
2018-04-28 01:21:06 #comandos @Coffee#9682 deleted message from 2018-04-28 01:20:51 ()
2018-04-28 01:21:07 #comandos @Coffee#9682 deleted message from 2018-04-28 01:21:06 (<:incorreto:431183054875131914> ``Valor invalido ou tempo de escolha expirado.``)
2018-04-28 01:21:19 #comandos @Geovane#8988 deleted message from 2018-04-28 01:20:50 (co!play dubpex)
2018-04-28 01:21:47 #comandos @Coffee#9682: 💽 ``A musica que estava tocando acabou!``
2018-04-28 01:21:47 #comandos @Coffee#9682: 
2018-04-28 01:21:48 #comandos @Coffee#9682 edited message from 2018-04-28 01:21:47 () to read: 
2018-04-28 01:21:53 #comandos @Coffee#9682 deleted message from 2018-04-28 01:21:47 (💽 ``A musica que estava tocando acabou!``)
2018-04-28 01:24:11 #comandos @Geovane#8988: 1csummon
2018-04-28 01:24:12 #comandos @Manager#1140: :large_blue_circle: Sala criada!
2018-04-28 01:24:15 #comandos @Coffee#9682: 💽 ``A musica que estava tocando acabou!``
2018-04-28 01:24:18 #comandos @Coffee#9682 deleted message from 2018-04-28 01:24:15 (💽 ``A musica que estava tocando acabou!``)
2018-04-28 01:24:27 #comandos @Geovane#8988: 1crevoke
2018-04-28 01:24:27 #comandos @Manager#1140: :cyclone: Canal removido!
2018-04-28 01:26:09 #comandos @Geovane#8988: 1csummon
2018-04-28 01:26:09 #comandos @Manager#1140: :large_blue_circle: Sala criada!
2018-04-28 01:28:03 #comandos @Geovane#8988: 1csummon
2018-04-28 01:28:03 #comandos @Manager#1140: :large_blue_circle: Sala criada!
2018-04-28 01:28:28 #comandos @Geovane#8988: 1crevoke
2018-04-28 01:28:28 #comandos @Manager#1140: :cyclone: Canal removido!
2018-04-28 01:28:33 #comandos @Geovane#8988: 1csummon
2018-04-28 01:28:33 #comandos @Manager#1140: :large_blue_circle: Sala criada!
2018-04-28 01:29:21 #comandos @Geovane#8988: 1crevoke
2018-04-28 01:29:22 #comandos @Manager#1140: :cyclone: Canal removido!
2018-04-28 01:29:26 #comandos @Geovane#8988: 1csummon
2018-04-28 01:29:26 #comandos @Manager#1140: :large_blue_circle: Sala criada!
2018-04-28 01:30:17 #comandos @Geovane#8988: 1csummon
2018-04-28 01:30:17 #comandos @Manager#1140: :large_blue_circle: Sala criada!
2018-04-28 01:30:59 #comandos @Geovane#8988: 1csummon
2018-04-28 01:31:00 #comandos @Manager#1140: :large_blue_circle: Sala criada!
2018-04-28 01:31:23 #comandos @Geovane#8988: 1cadd+ geovane
2018-04-28 01:31:38 #comandos @Geovane#8988: 1cadd + geovane
2018-04-28 01:31:38 #comandos @Manager#1140: Geovane, Geovane foi adicionado(a) à sua sala.
2018-04-28 01:31:57 #comandos @Geovane#8988: {user}
2018-04-28 01:32:16 #comandos @Geovane#8988: 1cname Jogando
2018-04-28 01:32:17 #comandos @Manager#1140: Sala renomeada para: ` Jogando`
2018-04-28 01:32:40 #comandos @Geovane#8988: 1cremove + geovane
2018-04-28 01:32:40 #comandos @Manager#1140: Geovane, Geovane foi removido(a) de sua sala.
2018-04-28 01:33:02 #comandos @Geovane#8988: 1cadd + geovane
2018-04-28 01:33:02 #comandos @Manager#1140: Geovane, Geovane foi adicionado(a) à sua sala.
2018-04-28 01:33:43 #comandos @Geovane#8988: 1cunlock
2018-04-28 01:33:44 #comandos @Manager#1140: Qualquer um pode se juntar à sua sala.
2018-04-28 01:33:53 #comandos @Geovane#8988: 1clock
2018-04-28 01:33:53 #comandos @Manager#1140: Somente membros adicionados podem se juntar à sua sala agora.
2018-04-28 01:34:44 #comandos @Geovane#8988: 1cremove + geovnae
2018-04-28 01:34:44 #comandos @Manager#1140: Poucas combinações encontradas, mínimo: `1`
2018-04-28 01:34:53 #comandos @Geovane#8988: 1cremove + geovane
2018-04-28 01:34:53 #comandos @Manager#1140: Geovane, Geovane foi removido(a) de sua sala.
2018-04-28 01:35:35 #comandos @Geovane#8988: 1crevoke
2018-04-28 01:35:36 #comandos @Manager#1140: :cyclone: Canal removido!
2018-04-28 01:35:48 #comandos @Geovane#8988: 1csummon
2018-04-28 01:35:48 #comandos @Manager#1140: :large_blue_circle: Sala criada!
2018-04-28 01:36:06 #comandos @Geovane#8988: !say 1csummon
2018-04-28 01:36:08 #comandos @Synapse#0692: 1csummon
2018-04-28 01:36:08 #comandos @Manager#1140: :large_blue_circle: Sala criada!
2018-04-28 01:36:16 #comandos @Geovane#8988: !say 1crevoke
2018-04-28 01:36:16 #comandos @Synapse#0692: 1crevoke
2018-04-28 01:36:16 #comandos @Manager#1140: :cyclone: Canal removido!
2018-04-28 01:37:41 #comandos @Geovane#8988: 1crevoke Geovane#1500
2018-04-28 01:37:41 #comandos @Manager#1140: :warning: Você não tem nenhuma sala!
2018-04-28 01:37:47 #comandos @Geovane#8988: !say
2018-04-28 01:37:47 #comandos @Synapse#0692: ```\n!say <text>\n\nBot repeats what you tell it to, utility for scheduler.\n\n```
2018-04-28 01:38:01 #comandos @Geovane#8988: 1csummon
2018-04-28 01:38:03 #comandos @Manager#1140: :large_blue_circle: Sala criada!
2018-04-28 01:38:11 #comandos @Geovane#8988: 1crevoke
2018-04-28 01:38:11 #comandos @Manager#1140: :cyclone: Canal removido!
2018-04-28 01:45:01 #comandos @Geovane#8988: !say !!!play mc dede
2018-04-28 01:45:03 #comandos @Synapse#0692: !!!play mc dede
2018-04-28 01:45:11 #comandos @Geovane#8988: !!!play mc dede
2018-04-28 01:45:20 #comandos @Geovane#8988: !say !play mc dede
2018-04-28 01:45:21 #comandos @Synapse#0692: !play mc dede
2018-04-28 01:46:13 #comandos @Geovane#8988: co!play mc dede
2018-04-28 01:46:15 #comandos @Coffee#9682: 
2018-04-28 01:46:17 #comandos @Coffee#9682 edited message from 2018-04-28 01:46:15 () to read: 
2018-04-28 01:46:29 #comandos @Geovane#8988: !say co!play mc dede
2018-04-28 01:46:30 #comandos @Coffee#9682: <:incorreto:431183054875131914> ``Valor invalido ou tempo de escolha expirado.``
2018-04-28 01:46:30 #comandos @Coffee#9682 deleted message from 2018-04-28 01:46:15 ()
2018-04-28 01:46:30 #comandos @Synapse#0692: co!play mc dede
2018-04-28 01:46:31 #comandos @Coffee#9682 deleted message from 2018-04-28 01:46:30 (<:incorreto:431183054875131914> ``Valor invalido ou tempo de escolha expirado.``)
2018-04-28 01:46:40 #comandos @Geovane#8988: !say co!play mc dede
2018-04-28 01:46:41 #comandos @Synapse#0692: co!play mc dede
2018-04-28 01:47:05 #comandos @Geovane#8988: co!play mc dede
2018-04-28 01:47:06 #comandos @Coffee#9682: 
2018-04-28 01:47:07 #comandos @Coffee#9682 edited message from 2018-04-28 01:47:06 () to read: 
2018-04-28 01:47:21 #comandos @Coffee#9682 deleted message from 2018-04-28 01:47:06 ()
2018-04-28 01:47:21 #comandos @Coffee#9682: <:incorreto:431183054875131914> ``Valor invalido ou tempo de escolha expirado.``
2018-04-28 01:47:24 #comandos @Coffee#9682 deleted message from 2018-04-28 01:47:21 (<:incorreto:431183054875131914> ``Valor invalido ou tempo de escolha expirado.``)
2018-04-28 01:47:50 #comandos @Geovane#8988: !say co!play mc dede
2018-04-28 01:47:51 #comandos @Synapse#0692: co!play mc dede
2018-04-28 01:47:57 #comandos @Geovane#8988: co!play mc dede
2018-04-28 01:47:58 #comandos @Coffee#9682: <:incorreto:431183054875131914> ``Você prescisa estar em um canal de voz para que eu possa começar a tocar musica!``
2018-04-28 01:48:03 #comandos @Coffee#9682 deleted message from 2018-04-28 01:47:58 (<:incorreto:431183054875131914> ``Você prescisa estar em um canal de voz para que eu possa começar a tocar musica!``)
2018-04-28 02:16:30 #comandos @Geovane#8988: 1csummon
2018-04-28 02:16:31 #comandos @Manager#1140: :large_blue_circle: Sala criada!
2018-04-28 02:16:41 #comandos @Geovane#8988: !crevoke
2018-04-28 02:16:46 #comandos @Geovane#8988: 1crevoke
2018-04-28 02:16:46 #comandos @Manager#1140: :cyclone: Canal removido!
2018-04-28 02:16:50 #comandos @Geovane#8988: 1csummon
2018-04-28 02:16:50 #comandos @Manager#1140: :large_blue_circle: Sala criada!
2018-04-28 02:17:05 #comandos @Geovane#8988: 1crevoke
2018-04-28 02:17:05 #comandos @Manager#1140: :cyclone: Canal removido!
2018-04-28 02:17:18 #comandos @Geovane#8988: 1csummon
2018-04-28 02:17:19 #comandos @Manager#1140: :large_blue_circle: Sala criada!
2018-04-28 02:17:56 #comandos @Geovane#8988: 1crevoke
2018-04-28 02:17:56 #comandos @Manager#1140: :cyclone: Canal removido!
2018-04-28 02:30:46 #comandos @Geovane#8988: 1crevoke
2018-04-28 02:30:46 #comandos @Manager#1140: :warning: Você não tem nenhuma sala!
2018-04-28 02:30:52 #comandos @Geovane#8988: !criarcanal
2018-04-28 02:30:52 #comandos @MEE6#4876: 1csummon
2018-04-28 02:30:53 #comandos @Manager#1140: :warning: Você já tem uma sala criada em algum lugar!
2018-04-28 02:31:31 #comandos @Geovane#8988: !excluircanal
2018-04-28 02:31:31 #comandos @MEE6#4876: 1crevoke
2018-04-28 02:31:32 #comandos @Manager#1140: :cyclone: Canal removido!
2018-04-28 02:33:10 #comandos @Geovane#8988: R!ajuda
2018-04-28 02:33:15 #comandos @Geovane#8988: r!ajuda
2018-04-28 02:33:15 #comandos @Rick#1207: 
2018-04-28 02:33:15 #comandos @Rick#1207 edited message from 2018-04-28 02:33:15 () to read: 
2018-04-28 02:33:47 #comandos @Geovane#8988: r!encurtar https://i.ytimg.com/vi/eWQKThaoimo/hqdefault.jpg
2018-04-28 02:33:48 #comandos @Geovane#8988 edited message from 2018-04-28 02:33:47 (r!encurtar https://i.ytimg.com/vi/eWQKThaoimo/hqdefault.jpg) to read: r!encurtar https://i.ytimg.com/vi/eWQKThaoimo/hqdefault.jpg
2018-04-28 02:33:48 #comandos @Rick#1207: **<:compartilhar:406589854575624192> | @Geovane Aqui está sua URL encurtada:**\n<http://tinyurl.com/ycs7b7dl>
2018-04-28 02:34:14 #comandos @Geovane#8988: !carro
2018-04-28 02:34:14 #comandos @MEE6#4876: https://i.ytimg.com/vi/eWQKThaoimo/hqdefault.jpg
2018-04-28 02:34:49 #comandos @Geovane#8988: !criarcanal
2018-04-28 02:34:49 #comandos @MEE6#4876: 1csummon
2018-04-28 02:34:49 #comandos @Manager#1140: :warning: Você já tem uma sala criada em algum lugar!
2018-04-28 02:35:38 #comandos @Geovane#8988: r!mconquista seja vem vindo
2018-04-28 02:35:38 #comandos @Rick#1207: @Geovane (attachment url(s): https://cdn.discordapp.com/attachments/439459470892859399/439615649468383232/conquista.png)
2018-04-28 02:39:04 #comandos @Geovane#8988: Hey {user} blz
2018-04-28 02:40:46 #comandos @Geovane#8988: r!mconquista hahaa
2018-04-28 02:40:46 #comandos @Rick#1207: @Geovane (attachment url(s): https://cdn.discordapp.com/attachments/439459470892859399/439616943260172298/conquista.png)
2018-04-28 02:41:34 #comandos @Geovane#8988: !say r!mconquista hahaha
2018-04-28 02:41:35 #comandos @Synapse#0692: r!mconquista hahaha
2018-04-28 02:41:43 #comandos @Geovane#8988: !say r!mconquista eae
2018-04-28 02:41:45 #comandos @Synapse#0692: r!mconquista eae
2018-04-28 02:41:49 #comandos @Geovane#8988: r!mconquista eae
2018-04-28 02:41:49 #comandos @Rick#1207: @Geovane (attachment url(s): https://cdn.discordapp.com/attachments/439459470892859399/439617206414737409/conquista.png)
2018-04-28 02:47:11 #comandos @Geovane#8988: !! comandos
2018-04-28 02:47:13 #comandos @Geovane#8988: !!comandos
2018-04-28 02:47:17 #comandos @Geovane#8988: !comandos
2018-04-28 02:47:17 #comandos @MEE6#4876: DIGITE OS COMANDO IGUAL ESTÁ LISTADO NÃO UTILIZE LETRAS MAÍUSCULAS\nPARA CRIAR UM CANAL DE VOZ E DE TEXTO USE: 1csummon\nPARA ADICIONAR UM AMIGO AO SEU CANAL USE: 1cadd + nomedoamigo\nPARA MUDAR O NOME DO CANAL USE: 1cname
2018-04-28 02:47:19 #comandos @Geovane#8988 deleted message from 2018-04-28 02:47:17 (!comandos)
2018-04-28 02:47:56 #comandos @Geovane#8988: ?comandos
2018-04-28 02:49:34 #comandos @Geovane#8988: ?comandos
2018-04-28 02:50:37 #comandos @Geovane#8988: ?comandos
2018-04-28 02:50:50 #comandos @Geovane#8988: ?!comandos
2018-04-28 04:27:32 #comandos @Geovane#8988: -eae
2018-04-28 05:05:41 #comandos @Geovane#8988: bora invadir
2018-04-28 05:16:55 #comandos @Geovane#8988: 1crevoke
2018-04-28 05:16:55 #comandos @Manager#1140: :cyclone: Canal removido!
2018-04-28 05:57:44 #comandos @Geovane#8988: ~>help
2018-04-28 05:57:44 #comandos @Mantaro#4454: 
2018-04-28 05:57:44 #comandos @Mantaro#4454 edited message from 2018-04-28 05:57:44 () to read: 
2018-04-28 05:57:44 #comandos @Tatsumaki#8792: 🆙  |  **Geovane leveled up!** (attachment url(s): https://cdn.discordapp.com/attachments/439459470892859399/439666508566757386/levelup.png)
2018-04-28 05:58:05 #comandos @Geovane#8988: -> Commands: 123
2018-04-28 05:58:09 #comandos @Geovane#8988: -> Commands
2018-04-28 06:00:45 #comandos @Geovane#8988: ~>custom new
2018-04-28 06:00:45 #comandos @Mantaro#4454: 
2018-04-28 06:00:45 #comandos @Mantaro#4454 edited message from 2018-04-28 06:00:45 () to read: 
2018-04-28 06:01:11 #comandos @Geovane#8988: ~>custom new 1csummon
2018-04-28 06:01:11 #comandos @Mantaro#4454: 
2018-04-28 06:01:11 #comandos @Mantaro#4454 edited message from 2018-04-28 06:01:11 () to read: 
2018-04-28 06:01:42 #comandos @Geovane#8988: ~>custom new criarcanalteste 1csummon
2018-04-28 06:01:42 #comandos @Mantaro#4454: ✅ Saved to command ``criarcanalteste``!
2018-04-28 06:01:49 #comandos @Geovane#8988: criarcanalteste
2018-04-28 06:02:02 #comandos @Geovane#8988: ~>criarcanalteste
2018-04-28 06:02:02 #comandos @Mantaro#4454: 1csummon
2018-04-28 06:02:02 #comandos @Manager#1140: :large_blue_circle: Sala criada!
2018-04-28 06:04:51 #comandos @Geovane#8988: ~>custom new deletarcanal 1crevoke
2018-04-28 06:04:51 #comandos @Mantaro#4454: ✅ Saved to command ``deletarcanal``!
2018-04-28 06:05:01 #comandos @Geovane#8988: ~>deletarcanal
2018-04-28 06:05:01 #comandos @Mantaro#4454: 1crevoke
2018-04-28 06:05:01 #comandos @Manager#1140: :cyclone: Canal removido!
2018-04-28 06:07:55 #comandos @Geovane#8988: criarcanal
2018-04-28 06:08:10 #comandos @Geovane#8988: -criarcanal
2018-04-28 06:08:26 #comandos @Geovane#8988: criarcanal
2018-04-28 06:32:05 #comandos @Geovane#8988: .dvch
2018-04-28 06:32:08 #comandos @Geovane#8988: .dvch geovane
2018-04-28 06:33:04 #comandos @Geovane#8988: criarcanal
2018-04-28 07:11:10 #comandos @Geovane#8988: !c
2018-04-28 07:11:14 #comandos @Geovane#8988: !cc
2018-04-28 07:11:16 #comandos @Synapse#0692: ```\n![customcom|cc]\n\nCustom commands management\n\nCommands:\n  edit   Edits a custom command\n  add    Adds a custom command\n  list   Shows custom commands list\n  delete Deletes a custom command\n\nType !cc command for more info on a command.\nYou can also type !cc category for more info on a category.\n```
2018-04-28 07:11:54 #comandos @Geovane#8988: !channel
2018-04-28 07:12:03 #comandos @Geovane#8988: !create
2018-04-28 07:15:02 #comandos @Geovane#8988: hhc
2018-05-02 22:57:17 #comandos @Geovane#8988: !spacer
2018-05-02 22:57:18 #comandos @🤖 Discord-Manager#3516: 
2018-05-02 22:57:23 #comandos @🤖 Discord-Manager#3516 edited message from 2018-05-02 22:57:18 () to read: 
2018-05-02 22:57:56 #comandos @Geovane#8988: !spacer add Geovane
2018-05-02 22:58:14 #comandos @Geovane#8988: !spacer add Geovane
2018-05-02 22:58:19 #comandos @Geovane#8988: !spacer add
2018-05-02 22:59:03 #comandos @Geovane#8988: !settings
2018-05-02 22:59:03 #comandos @Rythm#3722: 
2018-05-02 22:59:03 #comandos @🤖 Discord-Manager#3516: 
2018-05-02 22:59:03 #comandos @🤖 Discord-Manager#3516 edited message from 2018-05-02 22:59:03 () to read: 
2018-05-02 22:59:03 #comandos @Rythm#3722 edited message from 2018-05-02 22:59:03 () to read: 
2018-05-02 22:59:23 #comandos @Geovane#8988: !play
2018-05-02 22:59:23 #comandos @Rythm#3722: 
2018-05-02 22:59:24 #comandos @Rythm#3722 edited message from 2018-05-02 22:59:23 () to read: 
2018-05-02 22:59:24 #comandos @Synapse#0692: ```\n!play <url_or_search_terms>\n\nPlays a link / searches and play\n\n```
2018-05-02 22:59:38 #comandos @Geovane#8988: !Ask System
2018-05-02 23:02:07 #comandos @Geovane#8988: !m
2018-05-02 23:02:07 #comandos @Rythm#3722: ❌ **I am not connected to a voice channel**, Use the summon command to get me in one
2018-05-02 23:02:07 #comandos @🤖 Discord-Manager#3516: 
2018-05-02 23:02:07 #comandos @🤖 Discord-Manager#3516 edited message from 2018-05-02 23:02:07 () to read: 
2018-05-02 23:02:14 #comandos @Geovane#8988: !m mc mmagal mlk
2018-05-02 23:02:14 #comandos @Rythm#3722: ❌ **I am not connected to a voice channel**, Use the summon command to get me in one
2018-05-02 23:02:27 #comandos @Geovane#8988: !m mc magal mlk
2018-05-02 23:02:27 #comandos @Rythm#3722: ❌ **I am not connected to a voice channel**, Use the summon command to get me in one
