2018-04-30 22:36:13 #Want To Play? Voice channel join: jelly#9144 (id 241783301096996875), moved from 1s
2018-04-30 22:36:32 #Want To Play? Voice channel join: Allstargamer#0105 (id 202557006135951361)
2018-04-30 22:36:54 #Want To Play? Voice channel leave: Allstargamer#0105 (id 202557006135951361)
2018-04-30 22:36:59 #Want To Play? Voice channel join: Allstargamer#0105 (id 202557006135951361)
2018-04-30 23:00:25 #Want To Play? Voice channel join: radman72#9104 (id 202490238424186890)
2018-04-30 23:15:59 #Want To Play? Voice channel leave: Allstargamer#0105 (id 202557006135951361)
2018-04-30 23:20:55 #Want To Play? Voice channel leave: radman72#9104 (id 202490238424186890)
2018-04-30 23:20:58 #Want To Play? Voice channel leave: jelly#9144 (id 241783301096996875)
2018-05-02 20:11:11 #Want To Play? Voice channel join: Allstargamer#0105 (id 202557006135951361)
2018-05-02 20:13:36 #Want To Play? Voice channel join: Oxyl#7994 (id 255832257519026178)
2018-05-02 20:16:14 #Want To Play? Voice channel join: IAmDerpyPotato#4442 (id 209816828128526336)
2018-05-02 20:16:16 #Want To Play? Server mute: Oxyl#7994 (id 255832257519026178)
2018-05-02 20:29:00 #Want To Play? Server unmute: Oxyl#7994 (id 255832257519026178)
2018-05-02 20:29:10 #Want To Play? Server mute: Oxyl#7994 (id 255832257519026178)
2018-05-02 20:31:02 #Want To Play? Voice channel leave: IAmDerpyPotato#4442 (id 209816828128526336)
2018-05-02 20:31:05 #Want To Play? Server unmute: Oxyl#7994 (id 255832257519026178)
2018-05-02 20:33:33 #Want To Play? Voice channel join: DaSloths#5702 (id 221735583540576257)
2018-05-02 20:33:40 #Want To Play? Server mute: Oxyl#7994 (id 255832257519026178)
2018-05-02 20:39:08 #Want To Play? Server self-mute: Allstargamer#0105 (id 202557006135951361)
2018-05-02 20:39:11 #Want To Play? Server self-unmute: Allstargamer#0105 (id 202557006135951361)
2018-05-02 20:40:31 #Want To Play? Voice channel join: radman72#9104 (id 202490238424186890)
2018-05-02 20:43:28 #Want To Play? Voice channel leave: radman72#9104 (id 202490238424186890)
2018-05-02 20:43:42 #Want To Play? Voice channel join: radman72#9104 (id 202490238424186890)
2018-05-02 21:03:43 #Want To Play? Voice channel leave: DaSloths#5702 (id 221735583540576257)
2018-05-02 21:06:22 #Want To Play? Voice channel leave: Allstargamer#0105 (id 202557006135951361)
2018-05-02 21:07:32 #Want To Play? Voice channel join: Allstargamer#0105 (id 202557006135951361)
2018-05-02 21:15:19 #Want To Play? Voice channel leave: Oxyl#7994 (id 255832257519026178)
2018-05-02 21:18:43 #Want To Play? Voice channel leave: Allstargamer#0105 (id 202557006135951361)
2018-05-02 21:18:51 #Want To Play? Voice channel leave: radman72#9104 (id 202490238424186890)
2018-05-02 21:24:46 #Want To Play? Voice channel join: Allstargamer#0105 (id 202557006135951361)
2018-05-02 21:27:27 #Want To Play? Voice channel leave: Allstargamer#0105 (id 202557006135951361)
2018-05-02 22:50:09 #Want To Play? Voice channel join: jelly#9144 (id 241783301096996875), moved from 1s
2018-05-02 22:50:12 #Want To Play? Voice channel leave: jelly#9144 (id 241783301096996875) moving to Crazy Private match
