2018-04-22 08:11:19 #BW-BITCHES Voice channel leave: iCost#2727 (id 405178363964030986)
2018-04-22 08:15:06 #BW-BITCHES Voice channel join: Mr. Robot#0007 (id 426234414255570959), flags: self_mute
2018-04-22 08:20:43 #BW-BITCHES Voice channel leave: Mr. Robot#0007 (id 426234414255570959)
2018-04-22 08:27:27 #BW-BITCHES Voice channel join: iCost#2727 (id 405178363964030986)
2018-04-22 08:43:03 #BW-BITCHES Voice channel join: Sunnie#1550 (id 244346252844597248)
2018-04-22 08:45:02 #BW-BITCHES Server self-mute: Sunnie#1550 (id 244346252844597248)
2018-04-22 08:45:10 #BW-BITCHES Server self-unmute: Sunnie#1550 (id 244346252844597248)
2018-04-22 08:45:13 #BW-BITCHES Server self-mute: Sunnie#1550 (id 244346252844597248)
2018-04-22 08:47:48 #BW-BITCHES Server self-unmute: Sunnie#1550 (id 244346252844597248)
2018-04-22 08:47:53 #BW-BITCHES Server self-mute: Sunnie#1550 (id 244346252844597248)
2018-04-22 08:48:40 #BW-BITCHES Server self-unmute: Sunnie#1550 (id 244346252844597248)
2018-04-22 08:48:51 #BW-BITCHES Voice channel leave: Sunnie#1550 (id 244346252844597248)
2018-04-22 09:00:37 #BW-BITCHES Voice channel leave: DUBS11#9982 (id 399730136733450241)
2018-04-22 09:00:39 #BW-BITCHES Voice channel join: DUBS11#9982 (id 399730136733450241)
2018-04-22 09:10:04 #BW-BITCHES Voice channel join: Phoenix__K#8806 (id 343979645936336896)
2018-04-22 09:12:38 #BW-BITCHES Voice channel leave: DUBS11#9982 (id 399730136733450241)
2018-04-22 09:21:22 #BW-BITCHES Server self-mute: XxViolatorxX#0200 (id 322436910322810880)
2018-04-22 09:22:57 #BW-BITCHES Server self-unmute: XxViolatorxX#0200 (id 322436910322810880)
2018-04-22 09:26:28 #BW-BITCHES Server self-mute: Phoenix__K#8806 (id 343979645936336896)
2018-04-22 09:27:29 #BW-BITCHES Voice channel leave: Phoenix__K#8806 (id 343979645936336896)
2018-04-22 09:33:59 #BW-BITCHES Server self-mute: XxViolatorxX#0200 (id 322436910322810880)
2018-04-22 09:35:51 #BW-BITCHES Server self-unmute: XxViolatorxX#0200 (id 322436910322810880)
2018-04-22 09:44:41 #BW-BITCHES Voice channel join: Mr. Robot#0007 (id 426234414255570959), flags: self_mute
2018-04-22 09:45:34 #BW-BITCHES Voice channel leave: Mr. Robot#0007 (id 426234414255570959)
2018-04-22 09:49:41 #BW-BITCHES Server self-mute: iCost#2727 (id 405178363964030986)
2018-04-22 09:49:42 #BW-BITCHES Server self-unmute: iCost#2727 (id 405178363964030986)
2018-04-22 09:49:47 #BW-BITCHES Server self-mute: iCost#2727 (id 405178363964030986)
2018-04-22 09:51:06 #BW-BITCHES Server self-unmute: iCost#2727 (id 405178363964030986)
2018-04-22 10:09:59 #BW-BITCHES Server self-mute: XxViolatorxX#0200 (id 322436910322810880)
2018-04-22 10:10:41 #BW-BITCHES Server self-unmute: XxViolatorxX#0200 (id 322436910322810880)
2018-04-22 10:10:42 #BW-BITCHES Server self-mute: XxViolatorxX#0200 (id 322436910322810880)
2018-04-22 10:11:55 #BW-BITCHES Server self-unmute: XxViolatorxX#0200 (id 322436910322810880)
2018-04-22 10:19:50 #BW-BITCHES Server self-mute: XxViolatorxX#0200 (id 322436910322810880)
2018-04-22 10:27:57 #BW-BITCHES Server self-unmute: XxViolatorxX#0200 (id 322436910322810880)
2018-04-22 10:45:08 #BW-BITCHES Voice channel leave: XxViolatorxX#0200 (id 322436910322810880)
2018-04-22 10:46:11 #BW-BITCHES Voice channel leave: iCost#2727 (id 405178363964030986)
2018-04-22 17:29:16 #BW-BITCHES Voice channel join: iCost#2727 (id 405178363964030986)
2018-04-22 17:29:17 #BW-BITCHES Voice channel leave: iCost#2727 (id 405178363964030986)
2018-04-22 20:24:17 #BW-BITCHES Voice channel join: DJTheAlphaWolfz#5082 (id 278673200752361472)
2018-04-22 20:24:31 #BW-BITCHES Voice channel join: XxViolatorxX#0200 (id 322436910322810880)
2018-04-22 20:25:26 #BW-BITCHES Server self-mute: DJTheAlphaWolfz#5082 (id 278673200752361472)
2018-04-22 20:25:50 #BW-BITCHES Server self-unmute: DJTheAlphaWolfz#5082 (id 278673200752361472)
2018-04-22 20:25:55 #BW-BITCHES Voice channel leave: DJTheAlphaWolfz#5082 (id 278673200752361472)
2018-04-22 20:25:58 #BW-BITCHES Voice channel leave: XxViolatorxX#0200 (id 322436910322810880)
2018-04-23 04:23:58 #BW-BITCHES Voice channel join: XxViolatorxX#0200 (id 322436910322810880)
2018-04-23 04:25:21 #BW-BITCHES Voice channel join: iCost#2727 (id 405178363964030986)
2018-04-23 04:29:15 #BW-BITCHES Voice channel join: Phoenix__K#8806 (id 343979645936336896)
2018-04-23 04:29:55 #BW-BITCHES Voice channel join: Sunnie#1550 (id 244346252844597248)
2018-04-23 04:30:53 #BW-BITCHES Voice channel leave: Sunnie#1550 (id 244346252844597248)
2018-04-23 04:34:30 #BW-BITCHES Voice channel join: _Jack_Of_Hearts_#3142 (id 292921760045858817)
2018-04-23 04:36:09 #BW-BITCHES Server self-mute: XxViolatorxX#0200 (id 322436910322810880)
2018-04-23 04:36:21 #BW-BITCHES Server self-mute: _Jack_Of_Hearts_#3142 (id 292921760045858817)
2018-04-23 04:36:22 #BW-BITCHES Server self-unmute: _Jack_Of_Hearts_#3142 (id 292921760045858817)
2018-04-23 04:41:03 #BW-BITCHES Server self-mute: _Jack_Of_Hearts_#3142 (id 292921760045858817)
2018-04-23 04:41:31 #BW-BITCHES Server self-unmute: _Jack_Of_Hearts_#3142 (id 292921760045858817)
2018-04-23 04:41:41 #BW-BITCHES Voice channel leave: _Jack_Of_Hearts_#3142 (id 292921760045858817)
2018-04-23 04:43:18 #BW-BITCHES Server self-unmute: XxViolatorxX#0200 (id 322436910322810880)
2018-04-23 04:44:31 #BW-BITCHES Server self-mute: XxViolatorxX#0200 (id 322436910322810880)
2018-04-23 04:46:52 #BW-BITCHES Voice channel join: _Jack_Of_Hearts_#3142 (id 292921760045858817)
2018-04-23 04:47:12 #BW-BITCHES Server self-mute: _Jack_Of_Hearts_#3142 (id 292921760045858817)
2018-04-23 04:47:13 #BW-BITCHES Server self-unmute: _Jack_Of_Hearts_#3142 (id 292921760045858817)
2018-04-23 04:47:13 #BW-BITCHES Server self-mute: _Jack_Of_Hearts_#3142 (id 292921760045858817)
2018-04-23 04:47:15 #BW-BITCHES Server self-unmute: _Jack_Of_Hearts_#3142 (id 292921760045858817)
2018-04-23 04:47:19 #BW-BITCHES Server self-unmute: XxViolatorxX#0200 (id 322436910322810880)
2018-04-23 04:47:50 #BW-BITCHES Server self-mute: XxViolatorxX#0200 (id 322436910322810880)
2018-04-23 04:48:05 #BW-BITCHES Server self-mute: _Jack_Of_Hearts_#3142 (id 292921760045858817)
2018-04-23 04:48:06 #BW-BITCHES Server self-unmute: _Jack_Of_Hearts_#3142 (id 292921760045858817)
2018-04-23 04:49:16 #BW-BITCHES Server self-unmute: XxViolatorxX#0200 (id 322436910322810880)
2018-04-23 04:50:21 #BW-BITCHES Server self-mute: _Jack_Of_Hearts_#3142 (id 292921760045858817)
2018-04-23 04:50:24 #BW-BITCHES Server self-unmute: _Jack_Of_Hearts_#3142 (id 292921760045858817)
2018-04-23 04:50:59 #BW-BITCHES Voice channel leave: _Jack_Of_Hearts_#3142 (id 292921760045858817)
2018-04-23 04:51:59 #BW-BITCHES Voice channel join: _Jack_Of_Hearts_#3142 (id 292921760045858817)
2018-04-23 04:52:06 #BW-BITCHES Voice channel join: Sunnie#1550 (id 244346252844597248)
2018-04-23 04:54:41 #BW-BITCHES Voice channel leave: _Jack_Of_Hearts_#3142 (id 292921760045858817)
2018-04-23 04:57:49 #BW-BITCHES Voice channel join: _Jack_Of_Hearts_#3142 (id 292921760045858817)
2018-04-23 04:58:48 #BW-BITCHES Voice channel leave: _Jack_Of_Hearts_#3142 (id 292921760045858817)
2018-04-23 05:04:48 #BW-BITCHES Voice channel leave: iCost#2727 (id 405178363964030986)
2018-04-23 05:06:52 #BW-BITCHES Voice channel join: iCost#2727 (id 405178363964030986)
2018-04-23 05:08:11 #BW-BITCHES Voice channel leave: Phoenix__K#8806 (id 343979645936336896)
2018-04-23 05:09:57 #BW-BITCHES Voice channel leave: iCost#2727 (id 405178363964030986)
2018-04-23 05:12:45 #BW-BITCHES Server self-mute: Sunnie#1550 (id 244346252844597248)
2018-04-23 05:16:05 #BW-BITCHES Server self-mute: XxViolatorxX#0200 (id 322436910322810880)
2018-04-23 05:16:09 #BW-BITCHES Server self-unmute: XxViolatorxX#0200 (id 322436910322810880)
2018-04-23 05:16:34 #BW-BITCHES Server self-mute: XxViolatorxX#0200 (id 322436910322810880)
2018-04-23 05:18:43 #BW-BITCHES Server self-unmute: XxViolatorxX#0200 (id 322436910322810880)
2018-04-23 05:19:14 #BW-BITCHES Server self-mute: XxViolatorxX#0200 (id 322436910322810880)
2018-04-23 05:20:21 #BW-BITCHES Server self-unmute: XxViolatorxX#0200 (id 322436910322810880)
2018-04-23 05:21:00 #BW-BITCHES Server self-mute: XxViolatorxX#0200 (id 322436910322810880)
2018-04-23 05:22:31 #BW-BITCHES Server self-unmute: XxViolatorxX#0200 (id 322436910322810880)
2018-04-23 05:24:25 #BW-BITCHES Voice channel leave: XxViolatorxX#0200 (id 322436910322810880)
2018-04-23 05:24:26 #BW-BITCHES Voice channel leave: Sunnie#1550 (id 244346252844597248)
2018-04-24 01:00:43 #BW-BITCHES Voice channel join: DUBS11#9982 (id 399730136733450241), flags: self_mute
2018-04-24 01:00:45 #BW-BITCHES Server self-unmute: DUBS11#9982 (id 399730136733450241)
2018-04-24 01:20:37 #BW-BITCHES Voice channel leave: DUBS11#9982 (id 399730136733450241)
2018-04-24 20:57:54 #BW-BITCHES Voice channel join: XxViolatorxX#0200 (id 322436910322810880)
2018-04-24 20:59:46 #BW-BITCHES Voice channel join: NORTHERNWOLF13#5112 (id 368616688792502272)
2018-04-24 21:06:12 #BW-BITCHES Voice channel join: Sunnie#1550 (id 244346252844597248)
2018-04-24 21:12:18 #BW-BITCHES Server self-mute: NORTHERNWOLF13#5112 (id 368616688792502272)
2018-04-24 21:13:08 #BW-BITCHES Server self-unmute: NORTHERNWOLF13#5112 (id 368616688792502272)
2018-04-24 21:13:09 #BW-BITCHES Server self-mute: NORTHERNWOLF13#5112 (id 368616688792502272)
2018-04-24 21:16:43 #BW-BITCHES Server self-unmute: NORTHERNWOLF13#5112 (id 368616688792502272)
2018-04-24 21:20:54 #BW-BITCHES Voice channel join: Shizuka♥#9462 (id 332428279283974155), flags: self_mute
2018-04-24 21:28:00 #BW-BITCHES Voice channel leave: NORTHERNWOLF13#5112 (id 368616688792502272)
2018-04-24 21:39:59 #BW-BITCHES Server self-mute: XxViolatorxX#0200 (id 322436910322810880)
2018-04-24 21:40:20 #BW-BITCHES Server self-unmute: XxViolatorxX#0200 (id 322436910322810880)
2018-04-24 21:42:03 #BW-BITCHES Voice channel leave: Sunnie#1550 (id 244346252844597248)
2018-04-24 21:45:11 #BW-BITCHES Voice channel leave: XxViolatorxX#0200 (id 322436910322810880)
2018-04-25 00:28:56 #BW-BITCHES Voice channel join: _Jack_Of_Hearts_#3142 (id 292921760045858817)
2018-04-25 00:29:02 #BW-BITCHES Voice channel leave: _Jack_Of_Hearts_#3142 (id 292921760045858817) moving to MOTHERFUCKIN GEN CHAT
2018-04-25 01:49:05 #BW-BITCHES Voice channel join: _Jack_Of_Hearts_#3142 (id 292921760045858817)
2018-04-25 01:49:11 #BW-BITCHES Server self-mute: _Jack_Of_Hearts_#3142 (id 292921760045858817)
2018-04-25 01:49:15 #BW-BITCHES Voice channel leave: _Jack_Of_Hearts_#3142 (id 292921760045858817) moving to AfkAsFck
2018-04-25 05:40:19 #BW-BITCHES Voice channel join: NORTHERNWOLF13#5112 (id 368616688792502272), moved from MOTHERFUCKIN GEN CHAT
2018-04-25 05:40:20 #BW-BITCHES Voice channel leave: NORTHERNWOLF13#5112 (id 368616688792502272)
2018-04-26 02:38:45 #BW-BITCHES Voice channel join: XxViolatorxX#0200 (id 322436910322810880)
2018-04-26 02:41:32 #BW-BITCHES Voice channel join: DUBS11#9982 (id 399730136733450241)
2018-04-26 02:42:02 #BW-BITCHES Voice channel leave: DUBS11#9982 (id 399730136733450241)
2018-04-26 02:42:14 #BW-BITCHES Voice channel join: DUBS11#9982 (id 399730136733450241)
2018-04-26 02:42:18 #BW-BITCHES Voice channel leave: DUBS11#9982 (id 399730136733450241)
2018-04-26 02:43:49 #BW-BITCHES Voice channel join: DUBS11#9982 (id 399730136733450241)
2018-04-26 02:44:16 #BW-BITCHES Voice channel leave: DUBS11#9982 (id 399730136733450241)
2018-04-26 02:46:45 #BW-BITCHES Voice channel join: DUBS11#9982 (id 399730136733450241)
2018-04-26 02:47:00 #BW-BITCHES Voice channel leave: DUBS11#9982 (id 399730136733450241)
2018-04-26 02:54:08 #BW-BITCHES Voice channel leave: XxViolatorxX#0200 (id 322436910322810880)
2018-04-26 23:15:31 #BW-BITCHES Voice channel join: DUBS11#9982 (id 399730136733450241)
2018-04-26 23:17:24 #BW-BITCHES Voice channel join: XxViolatorxX#0200 (id 322436910322810880)
2018-04-26 23:57:15 #BW-BITCHES Voice channel join: kaymim#0857 (id 195537153344798722)
2018-04-26 23:57:19 #BW-BITCHES Server self-mute: kaymim#0857 (id 195537153344798722)
2018-04-26 23:57:22 #BW-BITCHES Server self-unmute: kaymim#0857 (id 195537153344798722)
2018-04-26 23:57:24 #BW-BITCHES Server self-mute: kaymim#0857 (id 195537153344798722)
2018-04-26 23:57:26 #BW-BITCHES Voice channel leave: kaymim#0857 (id 195537153344798722)
2018-04-26 23:57:27 #BW-BITCHES Voice channel join: kaymim#0857 (id 195537153344798722), flags: self_mute
2018-04-26 23:57:30 #BW-BITCHES Server self-unmute: kaymim#0857 (id 195537153344798722)
2018-04-26 23:57:30 #BW-BITCHES Server self-mute: kaymim#0857 (id 195537153344798722)
2018-04-26 23:57:57 #BW-BITCHES Server self-unmute: kaymim#0857 (id 195537153344798722)
2018-04-26 23:58:01 #BW-BITCHES Server self-mute: kaymim#0857 (id 195537153344798722)
2018-04-26 23:58:03 #BW-BITCHES Server self-unmute: kaymim#0857 (id 195537153344798722)
2018-04-26 23:58:16 #BW-BITCHES Server self-mute: kaymim#0857 (id 195537153344798722)
2018-04-26 23:58:16 #BW-BITCHES Server self-unmute: kaymim#0857 (id 195537153344798722)
2018-04-26 23:58:36 #BW-BITCHES Server self-unmute: kaymim#0857 (id 195537153344798722)
2018-04-26 23:58:48 #BW-BITCHES Server self-mute: kaymim#0857 (id 195537153344798722)
2018-04-26 23:58:52 #BW-BITCHES Server self-unmute: kaymim#0857 (id 195537153344798722)
2018-04-27 00:00:57 #BW-BITCHES Server self-mute: kaymim#0857 (id 195537153344798722)
2018-04-27 00:38:37 #BW-BITCHES Voice channel leave: kaymim#0857 (id 195537153344798722)
2018-04-27 00:44:39 #BW-BITCHES Voice channel join: kaymim#0857 (id 195537153344798722), flags: self_mute
2018-04-27 00:44:43 #BW-BITCHES Server self-unmute: kaymim#0857 (id 195537153344798722)
2018-04-27 00:44:44 #BW-BITCHES Server self-mute: kaymim#0857 (id 195537153344798722)
2018-04-27 00:44:47 #BW-BITCHES Voice channel leave: kaymim#0857 (id 195537153344798722)
2018-04-27 00:44:47 #BW-BITCHES Voice channel join: kaymim#0857 (id 195537153344798722), flags: self_mute
2018-04-27 00:44:51 #BW-BITCHES Server self-unmute: kaymim#0857 (id 195537153344798722)
2018-04-27 00:44:51 #BW-BITCHES Server self-mute: kaymim#0857 (id 195537153344798722)
2018-04-27 00:44:51 #BW-BITCHES Server self-unmute: kaymim#0857 (id 195537153344798722)
2018-04-27 00:44:54 #BW-BITCHES Server self-mute: kaymim#0857 (id 195537153344798722)
2018-04-27 00:45:09 #BW-BITCHES Voice channel leave: kaymim#0857 (id 195537153344798722)
2018-04-27 00:47:26 #BW-BITCHES Server self-mute: XxViolatorxX#0200 (id 322436910322810880)
2018-04-27 01:02:42 #BW-BITCHES Server self-unmute: XxViolatorxX#0200 (id 322436910322810880)
2018-04-27 01:04:11 #BW-BITCHES Server self-mute: XxViolatorxX#0200 (id 322436910322810880)
2018-04-27 01:09:33 #BW-BITCHES Server self-unmute: XxViolatorxX#0200 (id 322436910322810880)
2018-04-27 01:09:58 #BW-BITCHES Server self-mute: XxViolatorxX#0200 (id 322436910322810880)
2018-04-27 01:14:20 #BW-BITCHES Voice channel leave: DUBS11#9982 (id 399730136733450241)
2018-04-27 01:14:23 #BW-BITCHES Voice channel leave: XxViolatorxX#0200 (id 322436910322810880)
2018-04-30 19:01:27 #BW-BITCHES Voice channel join: XxViolatorxX#0200 (id 322436910322810880)
2018-04-30 19:02:46 #BW-BITCHES Voice channel join: iCost#2727 (id 405178363964030986)
2018-04-30 19:23:35 #BW-BITCHES Server self-mute: XxViolatorxX#0200 (id 322436910322810880)
2018-04-30 19:27:40 #BW-BITCHES Server self-unmute: XxViolatorxX#0200 (id 322436910322810880)
2018-04-30 19:28:50 #BW-BITCHES Voice channel join: kaymim#0857 (id 195537153344798722)
2018-04-30 19:29:33 #BW-BITCHES Server self-mute: XxViolatorxX#0200 (id 322436910322810880)
2018-04-30 19:30:35 #BW-BITCHES Server self-unmute: XxViolatorxX#0200 (id 322436910322810880)
2018-04-30 19:31:23 #BW-BITCHES Server self-mute: XxViolatorxX#0200 (id 322436910322810880)
2018-04-30 19:31:57 #BW-BITCHES Server self-unmute: XxViolatorxX#0200 (id 322436910322810880)
2018-04-30 19:34:02 #BW-BITCHES Server self-mute: XxViolatorxX#0200 (id 322436910322810880)
2018-04-30 19:35:47 #BW-BITCHES Server self-unmute: XxViolatorxX#0200 (id 322436910322810880)
2018-04-30 19:36:34 #BW-BITCHES Server self-mute: XxViolatorxX#0200 (id 322436910322810880)
2018-04-30 19:38:06 #BW-BITCHES Server self-unmute: XxViolatorxX#0200 (id 322436910322810880)
2018-04-30 20:30:34 #BW-BITCHES Voice channel leave: iCost#2727 (id 405178363964030986)
2018-04-30 21:11:32 #BW-BITCHES Voice channel leave: kaymim#0857 (id 195537153344798722)
2018-04-30 21:13:35 #BW-BITCHES Voice channel leave: XxViolatorxX#0200 (id 322436910322810880)
2018-05-01 01:44:49 #BW-BITCHES Voice channel join: DUBS11#9982 (id 399730136733450241)
2018-05-01 01:45:51 #BW-BITCHES Voice channel join: iCost#2727 (id 405178363964030986)
2018-05-01 01:47:23 #BW-BITCHES Voice channel leave: DUBS11#9982 (id 399730136733450241)
2018-05-01 01:49:31 #BW-BITCHES Voice channel leave: iCost#2727 (id 405178363964030986)
2018-05-01 01:58:04 #BW-BITCHES Voice channel join: DUBS11#9982 (id 399730136733450241)
2018-05-01 01:59:48 #BW-BITCHES Voice channel join: iCost#2727 (id 405178363964030986)
2018-05-01 02:00:59 #BW-BITCHES Voice channel leave: iCost#2727 (id 405178363964030986)
2018-05-01 02:03:06 #BW-BITCHES Voice channel join: iCost#2727 (id 405178363964030986)
2018-05-01 02:03:07 #BW-BITCHES Voice channel leave: DUBS11#9982 (id 399730136733450241)
2018-05-01 02:03:38 #BW-BITCHES Voice channel join: DUBS11#9982 (id 399730136733450241)
2018-05-01 02:11:48 #BW-BITCHES Server self-mute: iCost#2727 (id 405178363964030986)
2018-05-01 02:11:51 #BW-BITCHES Server self-unmute: iCost#2727 (id 405178363964030986)
2018-05-01 02:26:49 #BW-BITCHES Voice channel leave: iCost#2727 (id 405178363964030986)
2018-05-01 02:27:45 #BW-BITCHES Voice channel join: iCost#2727 (id 405178363964030986)
2018-05-01 02:49:19 #BW-BITCHES Voice channel join: Aztekka#0149 (id 159995275237261312)
2018-05-01 02:53:56 #BW-BITCHES Voice channel leave: iCost#2727 (id 405178363964030986)
2018-05-01 02:55:03 #BW-BITCHES Voice channel join: iCost#2727 (id 405178363964030986)
2018-05-01 02:55:03 #BW-BITCHES Voice channel leave: iCost#2727 (id 405178363964030986)
2018-05-01 02:55:03 #BW-BITCHES Voice channel join: iCost#2727 (id 405178363964030986)
2018-05-01 03:03:24 #BW-BITCHES Voice channel leave: Aztekka#0149 (id 159995275237261312)
2018-05-01 03:06:42 #BW-BITCHES Voice channel leave: iCost#2727 (id 405178363964030986)
2018-05-01 03:08:13 #BW-BITCHES Voice channel leave: DUBS11#9982 (id 399730136733450241)
2018-05-01 03:09:15 #BW-BITCHES Voice channel join: iCost#2727 (id 405178363964030986)
2018-05-01 03:17:28 #BW-BITCHES Server self-mute: iCost#2727 (id 405178363964030986)
2018-05-01 03:19:12 #BW-BITCHES Voice channel leave: iCost#2727 (id 405178363964030986)
2018-05-01 05:39:57 #BW-BITCHES Voice channel join: Aztekka#0149 (id 159995275237261312)
2018-05-01 05:41:19 #BW-BITCHES Voice channel join: iCost#2727 (id 405178363964030986), flags: self_mute
2018-05-01 05:41:25 #BW-BITCHES Server self-unmute: iCost#2727 (id 405178363964030986)
2018-05-01 05:43:02 #BW-BITCHES Voice channel join: XxViolatorxX#0200 (id 322436910322810880)
2018-05-01 05:47:14 #BW-BITCHES Voice channel join: Sunnie#1550 (id 244346252844597248)
2018-05-01 05:48:07 #BW-BITCHES Voice channel leave: Sunnie#1550 (id 244346252844597248)
2018-05-01 05:50:08 #BW-BITCHES Voice channel leave: XxViolatorxX#0200 (id 322436910322810880)
2018-05-01 07:23:02 #BW-BITCHES Voice channel leave: iCost#2727 (id 405178363964030986)
2018-05-01 07:23:03 #BW-BITCHES Voice channel leave: Aztekka#0149 (id 159995275237261312)
2018-05-01 21:20:17 #BW-BITCHES Voice channel join: DUBS11#9982 (id 399730136733450241)
2018-05-01 21:20:45 #BW-BITCHES Voice channel join: XxViolatorxX#0200 (id 322436910322810880)
2018-05-01 21:20:51 #BW-BITCHES Server self-mute: XxViolatorxX#0200 (id 322436910322810880)
2018-05-01 21:21:03 #BW-BITCHES Voice channel leave: DUBS11#9982 (id 399730136733450241)
2018-05-01 21:23:21 #BW-BITCHES Voice channel join: DUBS11#9982 (id 399730136733450241)
2018-05-01 21:27:02 #BW-BITCHES Server self-unmute: XxViolatorxX#0200 (id 322436910322810880)
2018-05-01 21:42:18 #BW-BITCHES Voice channel leave: DUBS11#9982 (id 399730136733450241)
2018-05-01 21:42:50 #BW-BITCHES Voice channel leave: XxViolatorxX#0200 (id 322436910322810880)
2018-05-01 21:47:44 #BW-BITCHES Voice channel join: NORTHERNWOLF13#5112 (id 368616688792502272)
2018-05-01 21:51:30 #BW-BITCHES Voice channel leave: NORTHERNWOLF13#5112 (id 368616688792502272)
2018-05-01 21:57:09 #BW-BITCHES Voice channel join: DUBS11#9982 (id 399730136733450241)
2018-05-01 21:57:16 #BW-BITCHES Voice channel join: Aztekka#0149 (id 159995275237261312)
2018-05-01 21:58:01 #BW-BITCHES Voice channel join: XxViolatorxX#0200 (id 322436910322810880)
2018-05-01 21:58:04 #BW-BITCHES Voice channel join: NORTHERNWOLF13#5112 (id 368616688792502272)
2018-05-01 22:02:05 #BW-BITCHES Voice channel leave: NORTHERNWOLF13#5112 (id 368616688792502272)
2018-05-01 22:16:34 #BW-BITCHES Voice channel join: NORTHERNWOLF13#5112 (id 368616688792502272)
2018-05-01 22:22:25 #BW-BITCHES Voice channel leave: XxViolatorxX#0200 (id 322436910322810880)
2018-05-01 22:22:46 #BW-BITCHES Voice channel join: XxViolatorxX#0200 (id 322436910322810880)
2018-05-01 23:14:09 #BW-BITCHES Voice channel join: iCost#2727 (id 405178363964030986)
2018-05-01 23:33:38 #BW-BITCHES Voice channel leave: XxViolatorxX#0200 (id 322436910322810880)
2018-05-01 23:33:41 #BW-BITCHES Voice channel join: XxViolatorxX#0200 (id 322436910322810880)
2018-05-01 23:34:56 #BW-BITCHES Server self-mute: iCost#2727 (id 405178363964030986)
2018-05-01 23:36:07 #BW-BITCHES Server self-unmute: iCost#2727 (id 405178363964030986)
2018-05-01 23:40:09 #BW-BITCHES Voice channel leave: XxViolatorxX#0200 (id 322436910322810880)
2018-05-01 23:51:59 #BW-BITCHES Voice channel join: XxViolatorxX#0200 (id 322436910322810880)
2018-05-01 23:51:59 #BW-BITCHES Voice channel leave: XxViolatorxX#0200 (id 322436910322810880)
2018-05-01 23:52:07 #BW-BITCHES Voice channel join: XxViolatorxX#0200 (id 322436910322810880)
2018-05-01 23:52:55 #BW-BITCHES Voice channel leave: XxViolatorxX#0200 (id 322436910322810880)
2018-05-01 23:53:00 #BW-BITCHES Voice channel join: XxViolatorxX#0200 (id 322436910322810880)
2018-05-01 23:54:15 #BW-BITCHES Voice channel leave: XxViolatorxX#0200 (id 322436910322810880)
2018-05-02 00:15:43 #BW-BITCHES Server self-mute: iCost#2727 (id 405178363964030986)
2018-05-02 00:16:27 #BW-BITCHES Server self-unmute: iCost#2727 (id 405178363964030986)
2018-05-02 00:35:34 #BW-BITCHES Voice channel leave: DUBS11#9982 (id 399730136733450241)
2018-05-02 00:44:23 #BW-BITCHES Server self-mute: iCost#2727 (id 405178363964030986)
2018-05-02 00:49:07 #BW-BITCHES Voice channel leave: NORTHERNWOLF13#5112 (id 368616688792502272)
2018-05-02 01:16:03 #BW-BITCHES Voice channel leave: iCost#2727 (id 405178363964030986)
2018-05-02 04:02:08 #BW-BITCHES Voice channel leave: Aztekka#0149 (id 159995275237261312)
2018-05-03 02:30:23 #BW-BITCHES Voice channel join: Princess_of_Stuffies#2729 (id 425740678597705728), moved from AfkAsFck
2018-05-03 02:43:07 #BW-BITCHES Voice channel join: NORTHERNWOLF13#5112 (id 368616688792502272)
2018-05-03 02:43:19 #BW-BITCHES Voice channel join: Lord Reo™#3874 (id 254862151875821570), flags: self_mute
2018-05-03 02:43:21 #BW-BITCHES Voice channel leave: NORTHERNWOLF13#5112 (id 368616688792502272)
2018-05-03 02:43:22 #BW-BITCHES Voice channel join: NORTHERNWOLF13#5112 (id 368616688792502272)
2018-05-03 02:45:27 #BW-BITCHES Server self-mute: Princess_of_Stuffies#2729 (id 425740678597705728)
2018-05-03 02:45:53 #BW-BITCHES Server self-unmute: Princess_of_Stuffies#2729 (id 425740678597705728)
2018-05-03 02:58:28 #BW-BITCHES Voice channel join: XxViolatorxX#0200 (id 322436910322810880)
2018-05-03 03:04:27 #BW-BITCHES Voice channel join: DUBS11#9982 (id 399730136733450241)
2018-05-03 03:09:40 #BW-BITCHES Voice channel join: iCost#2727 (id 405178363964030986), flags: self_mute
2018-05-03 03:17:54 #BW-BITCHES Server self-unmute: iCost#2727 (id 405178363964030986)
2018-05-03 03:32:51 #BW-BITCHES Voice channel join: Aztekka#0149 (id 159995275237261312)
2018-05-03 03:36:03 #BW-BITCHES Server self-mute: Aztekka#0149 (id 159995275237261312)
2018-05-03 03:40:09 #BW-BITCHES Server self-unmute: Aztekka#0149 (id 159995275237261312)
2018-05-03 03:41:02 #BW-BITCHES Server self-mute: Aztekka#0149 (id 159995275237261312)
2018-05-03 03:41:18 #BW-BITCHES Server self-deafen: Aztekka#0149 (id 159995275237261312)
2018-05-03 03:53:48 #BW-BITCHES Server self-mute: Princess_of_Stuffies#2729 (id 425740678597705728)
2018-05-03 04:00:49 #BW-BITCHES Voice channel join: Sunnie#1550 (id 244346252844597248)
2018-05-03 04:15:50 #BW-BITCHES Server self-unmute: Princess_of_Stuffies#2729 (id 425740678597705728)
2018-05-03 04:16:33 #BW-BITCHES Server self-deafen: Princess_of_Stuffies#2729 (id 425740678597705728)
2018-05-03 04:16:33 #BW-BITCHES Server self-mute: Princess_of_Stuffies#2729 (id 425740678597705728)
2018-05-03 04:16:48 #BW-BITCHES Server self-undeafen: Princess_of_Stuffies#2729 (id 425740678597705728)
2018-05-03 04:16:48 #BW-BITCHES Server self-unmute: Princess_of_Stuffies#2729 (id 425740678597705728)
2018-05-03 04:42:41 #BW-BITCHES Voice channel leave: Aztekka#0149 (id 159995275237261312) moving to moosic
2018-05-03 05:13:57 #BW-BITCHES Server self-mute: Sunnie#1550 (id 244346252844597248)
2018-05-03 05:16:43 #BW-BITCHES Voice channel leave: Sunnie#1550 (id 244346252844597248)
2018-05-03 05:24:20 #BW-BITCHES Server self-mute: iCost#2727 (id 405178363964030986)
2018-05-03 05:24:24 #BW-BITCHES Server self-unmute: iCost#2727 (id 405178363964030986)
2018-05-03 05:26:01 #BW-BITCHES Voice channel leave: iCost#2727 (id 405178363964030986)
2018-05-03 05:30:13 #BW-BITCHES Voice channel join: iCost#2727 (id 405178363964030986)
2018-05-03 05:43:38 #BW-BITCHES Voice channel join: Sunnie#1550 (id 244346252844597248), moved from moosic
2018-05-03 05:45:49 #BW-BITCHES Voice channel leave: XxViolatorxX#0200 (id 322436910322810880)
2018-05-03 05:45:52 #BW-BITCHES Voice channel join: XxViolatorxX#0200 (id 322436910322810880)
2018-05-03 05:46:21 #BW-BITCHES Server self-mute: iCost#2727 (id 405178363964030986)
2018-05-03 05:46:31 #BW-BITCHES Server self-unmute: iCost#2727 (id 405178363964030986)
2018-05-03 05:46:44 #BW-BITCHES Voice channel leave: iCost#2727 (id 405178363964030986)
2018-05-03 06:01:03 #BW-BITCHES Voice channel join: Phoenix__K#8806 (id 343979645936336896)
2018-05-03 06:02:06 #BW-BITCHES Voice channel leave: Sunnie#1550 (id 244346252844597248)
