2018-04-22 07:41:14 #shsh @iCost#2727: .multicolor 2 PVP GOD
2018-04-22 07:41:21 #shsh @iCost#2727 deleted message from 2018-04-22 07:41:14 (.multicolor 2 PVP GOD)
2018-04-22 07:44:49 #shsh @iCost#2727: .multicolor 2 PVP GOD
2018-04-22 07:44:57 #shsh @iCost#2727 deleted message from 2018-04-22 07:44:49 (.multicolor 2 PVP GOD)
2018-04-22 07:57:28 #shsh @iCost#2727: .prefix
2018-04-22 07:57:29 #shsh @Synapse#0692: 
2018-04-22 07:57:29 #shsh @Synapse#0692 edited message from 2018-04-22 07:57:29 () to read: 
2018-04-22 07:57:38 #shsh @iCost#2727: .radio
2018-04-22 07:57:53 #shsh @iCost#2727: .mute
2018-04-22 07:58:03 #shsh @iCost#2727: . mute phoenix__k
2018-04-22 07:58:12 #shsh @iCost#2727 deleted message from 2018-04-22 07:58:03 (. mute phoenix__k)
2018-04-22 07:58:20 #shsh @iCost#2727: .mute phoenix__k
2018-04-22 07:58:22 #shsh @Synapse#0692: 
2018-04-22 07:58:22 #shsh @Synapse#0692 edited message from 2018-04-22 07:58:22 () to read: 
2018-04-22 07:59:41 #shsh @iCost#2727: .oboobs
2018-04-22 07:59:48 #shsh @iCost#2727 deleted message from 2018-04-22 07:59:41 (.oboobs)
2018-04-22 08:00:37 #shsh @iCost#2727: .ping
2018-04-22 08:00:37 #shsh @Synapse#0692: 🏓
2018-04-22 08:00:37 #shsh @Synapse#0692: 
2018-04-22 08:00:37 #shsh @Synapse#0692 deleted message from 2018-04-22 08:00:37 (🏓)
2018-04-22 08:00:37 #shsh @Synapse#0692 edited message from 2018-04-22 08:00:37 () to read: 
2018-04-22 08:00:44 #shsh @iCost#2727: .ping
2018-04-22 08:00:44 #shsh @Synapse#0692: 🏓
2018-04-22 08:00:45 #shsh @Synapse#0692 deleted message from 2018-04-22 08:00:44 (🏓)
2018-04-22 08:00:44 #shsh @Synapse#0692: 
2018-04-22 08:00:45 #shsh @Synapse#0692 edited message from 2018-04-22 08:00:44 () to read: 
2018-04-22 08:00:49 #shsh @iCost#2727: .pingt
2018-04-22 08:00:57 #shsh @iCost#2727 deleted message from 2018-04-22 08:00:49 (.pingt)
2018-04-22 08:01:11 #shsh @iCost#2727: .unmute phoenix__k
2018-04-22 08:01:11 #shsh @Synapse#0692: 
2018-04-22 08:01:11 #shsh @Synapse#0692 edited message from 2018-04-22 08:01:11 () to read: 
2018-04-22 08:01:31 #shsh @iCost#2727: .mute phoenix__k 150
