2018-04-30 08:35:16 #welcome @Jarno#9849: 
2018-04-30 08:36:52 #welcome @ettolrahCDP#4203: 
2018-04-30 08:43:02 #welcome @Dae🐺#3994: 
2018-04-30 09:55:58 #welcome @k1mc0666#3125: 
2018-04-30 10:37:30 #welcome @Razertime#3650: 
2018-04-30 11:29:05 #welcome @milfhunter#6711: 
2018-04-30 12:11:32 #welcome @Marty#6720: 
2018-04-30 12:41:48 #welcome @RoyalPeanut#9251: 
2018-04-30 14:24:18 #welcome @SilentBomb#3483: 
2018-04-30 14:53:10 #welcome @lele#1590: 
2018-04-30 14:53:33 #welcome @Roob#4282: 
2018-04-30 15:02:14 #welcome @demix#1344: 
2018-04-30 15:20:15 #welcome @M00SH#2278: 
2018-04-30 18:23:45 #welcome @Steven#7034: 
2018-04-30 18:50:21 #welcome @Buckshot2988#1797: 
2018-04-30 19:08:28 #welcome @ali9666#9410: 
2018-04-30 19:13:32 #welcome @deltroya#7118: 
2018-04-30 21:26:13 #welcome @Dommoo#8566: 
2018-04-30 21:30:24 #welcome @Kaoekin#1818: 
2018-04-30 22:11:54 #welcome @Tarbo#9903: 
2018-05-01 00:29:14 #welcome @alexval999#1720: 
2018-05-01 01:39:35 #welcome @HakuFlaku#3490: 
2018-05-01 04:06:28 #welcome @Goforth#0942: 
2018-05-01 06:18:36 #welcome @Popusas#4320: 
2018-05-01 10:09:15 #welcome @Ricochet#6610: 
2018-05-01 10:44:45 #welcome @the-rapier#9554: 
2018-05-01 11:24:10 #welcome @Afilamar#3570: 
2018-05-01 11:41:45 #welcome @Struninger#2840: 
2018-05-01 14:35:00 #welcome @isopodnigga#5355: 
2018-05-01 14:36:30 #welcome @HaPPeQ#0667: 
2018-05-01 15:43:28 #welcome @LahePois#9947: 
2018-05-01 16:03:40 #welcome @TheRealObe#0714: 
2018-05-01 16:09:45 #welcome @miiq#2425: 
2018-05-01 16:43:09 #welcome @Tawe_27#4532: 
2018-05-01 17:07:27 #welcome @joxez#8807: 
2018-05-01 17:32:59 #welcome @(EU)MistikBaklava#4223: 
2018-05-01 17:40:27 #welcome @HrPann#9977: 
2018-05-01 17:43:11 #welcome @SwedenIkea#2390: 
2018-05-01 19:08:31 #welcome @Grbavi#7846: 
2018-05-01 19:10:31 #welcome @LynxFlow#3788: 
2018-05-01 19:32:06 #welcome @ImmigrantOnDuty(Ata Barış)#5009: 
2018-05-01 20:48:04 #welcome @diggy#9916: 
2018-05-01 20:52:30 #welcome @CJPoison#7392: 
2018-05-01 21:53:52 #welcome @James#5996: 
2018-05-01 21:59:36 #welcome @prdojed#6923: 
2018-05-01 23:47:26 #welcome @Guner100#7387: 
2018-05-02 01:47:26 #welcome @Zestival#6587: 
2018-05-02 04:44:56 #welcome @sk3#4095: 
2018-05-02 08:20:00 #welcome @👑 KPInc425 💯#7542: 
2018-05-02 13:12:40 #welcome @DarkYeeter#0359: 
2018-05-02 15:22:40 #welcome @MarcoBurno#6274: 
2018-05-02 15:26:52 #welcome @Richard#1559: 
2018-05-02 15:28:51 #welcome @Carlll#8902: 
2018-05-02 16:35:26 #welcome @xTwisted#2587: 
2018-05-02 17:31:51 #welcome @Toll#5603: 
2018-05-02 19:06:03 #welcome @Kieranwilliams1999#2523: 
2018-05-02 20:04:09 #welcome @PSYCHOTURTTLE47#1536: 
2018-05-02 20:12:23 #welcome @Tarbo#9903: 
2018-05-02 21:29:03 #welcome @aschoening#4061: 
2018-05-02 21:35:14 #welcome @G4SHI_AL#6008: 
2018-05-02 21:44:37 #welcome @Albi#3947: 
2018-05-02 22:28:24 #welcome @baite#8732: 
2018-05-02 23:03:58 #welcome @Dani#2308: 
2018-05-03 02:00:19 #welcome @colossal_insight#8535: 
2018-05-03 02:09:28 #welcome @Young_god#2294: 
