2018-04-30 08:40:52 #general rape Voice channel join: ettolrahCDP#4203 (id 440428491188469771), flags: self_mute
2018-04-30 08:40:55 #general rape Voice channel leave: ettolrahCDP#4203 (id 440428491188469771) moving to Lobby I
2018-04-30 17:40:45 #general rape Voice channel join: Mr. Robot#0007 (id 426234414255570959)
2018-04-30 17:41:05 #general rape Voice channel join: Synapse#0692 (id 435538622293344266)
2018-04-30 17:41:50 #general rape Voice channel leave: Mr. Robot#0007 (id 426234414255570959)
2018-05-01 17:45:55 #general rape Voice channel join: SwedenIkea#2390 (id 347395924328316938), moved from heist, flags: self_mute
2018-05-01 17:51:47 #general rape Voice channel join: Mr. Robot#0007 (id 426234414255570959)
2018-05-01 17:51:52 #general rape Voice channel leave: Mr. Robot#0007 (id 426234414255570959)
2018-05-01 17:58:26 #general rape Voice channel leave: SwedenIkea#2390 (id 347395924328316938)
2018-05-01 18:03:57 #general rape Voice channel join: SwedenIkea#2390 (id 347395924328316938), flags: self_mute
2018-05-01 18:16:19 #general rape Voice channel leave: SwedenIkea#2390 (id 347395924328316938)
2018-05-01 18:27:56 #general rape Voice channel join: SwedenIkea#2390 (id 347395924328316938), flags: self_mute
2018-05-01 18:37:59 #general rape Voice channel leave: SwedenIkea#2390 (id 347395924328316938)
2018-05-01 18:39:28 #general rape Voice channel join: SwedenIkea#2390 (id 347395924328316938), flags: self_mute
2018-05-01 18:41:53 #general rape Voice channel leave: SwedenIkea#2390 (id 347395924328316938)
2018-05-01 18:51:55 #general rape Voice channel join: SwedenIkea#2390 (id 347395924328316938), flags: self_mute
2018-05-01 18:52:02 #general rape Voice channel leave: SwedenIkea#2390 (id 347395924328316938)
2018-05-02 15:29:27 #general rape Voice channel join: HrPann#9977 (id 407820330925817858), flags: self_mute
2018-05-02 15:29:31 #general rape Voice channel leave: HrPann#9977 (id 407820330925817858)
2018-05-03 00:54:43 #general rape Voice channel join: aschoening#4061 (id 199948433992187906), flags: self_deaf,self_mute
2018-05-03 00:55:52 #general rape Voice channel leave: aschoening#4061 (id 199948433992187906)
2018-05-03 00:56:01 #general rape Voice channel join: aschoening#4061 (id 199948433992187906), flags: self_deaf,self_mute
2018-05-03 01:55:15 #general rape Voice channel leave: aschoening#4061 (id 199948433992187906)
2018-05-03 02:17:35 #general rape Voice channel join: Young_god#2294 (id 275834755075932160)
2018-05-03 02:17:45 #general rape Voice channel leave: Young_god#2294 (id 275834755075932160) moving to Lobby I
