2018-04-25 10:56:35 #bienvenido @Synapse#0692: 
2018-04-25 10:57:25 #bienvenido @Ghostplay R2#1298: 
2018-04-25 11:01:13 #bienvenido @-l- KINGSMAN -l-#8276: .help
2018-04-25 11:01:17 #bienvenido @-l- KINGSMAN -l-#8276 deleted message from 2018-04-25 11:01:13 (.help)
2018-04-25 11:01:27 #bienvenido @-l- KINGSMAN -l-#8276: !help
2018-04-25 11:01:29 #bienvenido @Synapse#0692: Check your DM, @-l- KINGSMAN -l-! I have sent something for you :wink:
2018-04-25 11:01:38 #bienvenido @-l- KINGSMAN -l-#8276 deleted message from 2018-04-25 11:01:27 (!help)
2018-04-25 11:04:28 #bienvenido @AlphX#4710: .multicolour 2 OWNER
2018-04-25 11:05:33 #bienvenido @AlphX#4710: .multicolor 2 OWNER
2018-04-25 11:11:21 #bienvenido @AlphX#4710: .multicolor 0,01 Owner
2018-04-25 11:15:54 #bienvenido @AlphX#4710: *multicolor 2 OWNER
2018-04-25 11:17:59 #bienvenido @AlphX#4710: *multicolor 0,01 OWNER
2018-04-25 11:18:13 #bienvenido @Ghostplay R2#1298: ```\n*[multicolor|multicolour] <interval> <role>\n\nChanges the role color every x seconds\n\n```
2018-04-25 11:59:12 #bienvenido @IvG || -S-0-R-P-1-0-N-#5455: 
2018-04-25 12:00:18 #bienvenido @AlphX#4710: *multicolor 0,01 MODERATOR
2018-04-25 12:00:25 #bienvenido @Ghostplay R2#1298: ```\n*[multicolor|multicolour] <interval> <role>\n\nChanges the role color every x seconds\n\n```
2018-04-25 14:31:42 #bienvenido @Bogaso#1531: 
2018-04-25 14:32:02 #bienvenido @AlphX#4710: me ayudas a configurar?¿
2018-04-25 14:32:13 #bienvenido @AlphX#4710: como tu server por niveles?¿
2018-04-25 14:32:18 #bienvenido @AlphX#4710: esk de eso noswe yo
2018-04-25 14:33:49 #bienvenido @Bogaso#1531: luego que tengo más cosas que hacer xd
2018-04-25 14:34:28 #bienvenido @AlphX#4710: xd
2018-04-25 15:26:13 #bienvenido @-J x r e e#0372: 
2018-04-25 17:04:02 #bienvenido @ValiantZ | ImGSR-23#8682: 
2018-04-25 17:04:17 #bienvenido @AlphX#4710: mira los colores
2018-04-25 17:04:28 #bienvenido @AlphX#4710: comocambian
2018-04-25 17:05:05 #bienvenido @AlphX#4710: *multicolor 0,01 VIP
2018-04-25 17:05:13 #bienvenido @Ghostplay R2#1298: ```\n*[multicolor|multicolour] <interval> <role>\n\nChanges the role color every x seconds\n\n```
2018-04-25 17:05:18 #bienvenido @AlphX#4710: @ValiantZ | ImGSR-23
2018-04-25 17:33:27 #bienvenido @Winkupo#2719: 
2018-04-25 17:33:43 #bienvenido @AlphX#4710: mira
2018-04-25 17:33:50 #bienvenido @AlphX#4710: en personas
2018-04-25 17:34:05 #bienvenido @AlphX#4710: y mira cmo me cambia de co,or automaticamenteç
2018-04-25 17:34:21 #bienvenido @AlphX#4710: ahora lo veras bien
2018-04-25 17:34:40 #bienvenido @Winkupo#2719: Y como se hace? Xdxdxd
2018-04-25 17:34:55 #bienvenido @AlphX#4710: crea un server y te lo hago
2018-04-25 17:35:14 #bienvenido @Winkupo#2719: Paso, ando un poco ocupado
2018-04-25 17:35:38 #bienvenido @AlphX#4710: ok
2018-04-25 17:35:47 #bienvenido @AlphX#4710: pues cuando kieras priv
2018-04-25 17:36:00 #bienvenido @AlphX#4710: comentaselo a gray si kiere k se lo haga con su rol plz
2018-04-25 17:37:48 #bienvenido @Winkupo#2719: Yo se lo hago, me dices el bot y comando y ya
2018-04-25 17:37:51 #bienvenido @Winkupo#2719: Por md
2018-04-25 17:46:53 #bienvenido @AlphX#4710: ok
2018-04-25 17:58:56 #bienvenido @♨DRAKO♨#2830: 
2018-04-25 18:01:21 #bienvenido @AlphX#4710: bienvenido
2018-04-25 18:06:08 #bienvenido @MEE6#4876: 
2018-04-26 05:05:55 #bienvenido @Rythm#3722: 
2018-04-26 05:17:46 #bienvenido @3MP1ReX-#7763: 
2018-04-26 08:59:22 #bienvenido @Thethuglifeboss#9272: 
2018-04-26 08:59:29 #bienvenido @AlphX#4710: K pasa hulio
2018-04-26 08:59:38 #bienvenido @Thethuglifeboss#9272: Hola
2018-04-26 09:00:33 #bienvenido @AlphX#4710: *multicolor 2 VIP
2018-04-26 15:31:40 #bienvenido @NuttzGamer#1249: 
2018-04-26 15:31:54 #bienvenido @NuttzGamer#1249: V:
2018-04-27 05:57:23 #bienvenido @AlphX#4710: *multicolor 2 OWNER
2018-04-27 19:15:48 #bienvenido @-S-0-R-P-1-0-N-#5455: @Winkupo#2719
2018-04-28 13:13:04 #bienvenido @Renato 🔱#1342: 
2018-05-02 13:04:03 #bienvenido @W E | AlphX#4710: *multicolor 2 OWNER
