2018-04-25 11:31:32 #general @AlphX#4710: k paza hulio
2018-04-25 12:03:37 #general @IvG || -S-0-R-P-1-0-N-#5455: V:
2018-04-25 17:05:46 #general @ValiantZ | ImGSR-23#8682: :V
2018-04-25 23:33:52 #general @-S-0-R-P-1-0-N-#5455: @ValiantZ | ImGSR-23#8682
2018-04-25 23:33:55 #general @-S-0-R-P-1-0-N-#5455 deleted message from 2018-04-25 23:33:52 (@ValiantZ | ImGSR-23#8682)
2018-04-26 05:20:10 #general @AlphX#4710: @3ç
2018-04-26 05:20:14 #general @3MP1ReX-#7763: Hola
2018-04-26 05:20:27 #general @AlphX#4710: miraa mi nombre como cambia de color
2018-04-26 05:20:34 #general @3MP1ReX-#7763: Me agregas en em juego
2018-04-26 05:20:42 #general @3MP1ReX-#7763: ?
2018-04-26 05:20:47 #general @3MP1ReX-#7763: @AlphX
2018-04-26 05:20:50 #general @AlphX#4710: espera
2018-04-26 05:20:51 #general @AlphX#4710: si
2018-04-26 05:20:54 #general @AlphX#4710: add ale
2018-04-26 05:20:58 #general @3MP1ReX-#7763: Me llamo
2018-04-26 05:21:05 #general @AlphX#4710: - AlphX _
2018-04-26 05:21:06 #general @3MP1ReX-#7763: 3MP1REX-
2018-04-26 05:21:11 #general @3MP1ReX-#7763: Jajaj
2018-04-26 05:21:12 #general @AlphX#4710: agrega tu xd
2018-04-26 05:21:23 #general @3MP1ReX-#7763: No tu que me viy en 5 minutos
2018-04-26 05:21:27 #general @AlphX#4710: *multicolor 2 OWNER
2018-04-26 05:21:27 #general @3MP1ReX-#7763: Me estoy vistiendo
2018-04-26 05:21:44 #general @AlphX#4710: ok despues k estoy estudaindo
2018-04-26 05:21:50 #general @3MP1ReX-#7763: Jajajaj
2018-04-26 05:21:59 #general @AlphX#4710: ya esta caambiando
2018-04-26 05:22:07 #general @3MP1ReX-#7763: Si
2018-04-26 05:22:14 #general @AlphX#4710: 😉
2018-04-26 05:23:32 #general @AlphX#4710: *multicolor 7 VIP
2018-04-26 05:27:46 #general @AlphX#4710: *multicolor 0,01 OWNER
2018-04-26 05:27:47 #general @Ghostplay R2#1298: ```\n*[multicolor|multicolour] <interval> <role>\n\nChanges the role color every x seconds\n\n```
2018-04-26 07:29:11 #general @AlphX#4710: Hulio
2018-04-26 08:57:14 #general @AlphX#4710: *multicolor 2 OWNER
