2018-05-01 21:26:02 #announcements @jordan#1091: Our moderator has broken the rules and unless they change that the job to become a moderator is open! If you are interested ask @owner and we will think about promoting you.
2018-05-01 21:33:25 #announcements @ThunderPulse_58#9033: @ThunderPulse_58
2018-05-01 21:33:34 #announcements @ThunderPulse_58#9033 deleted message from 2018-05-01 21:33:25 (@ThunderPulse_58)
2018-05-02 16:46:52 #announcements @melon eusk#1091: @​everyone. A moderator job is available in this server! Here are the rules and how to apply. \nRules:\n1. You must have your own server\n2. T
2018-05-02 16:47:02 #announcements @melon eusk#1091 deleted message from 2018-05-02 16:46:52 (@​everyone. A moderator job is available in this server! Here are the rules and how to apply. \nRules:\n1. You must have your own server\n2. T)
2018-05-02 16:58:07 #announcements @melon eusk#1091: @​everyone. There is now a job available to be a moderator!
2018-05-02 16:58:36 #announcements @melon eusk#1091: Here are the rules and how to apply:
2018-05-02 17:00:14 #announcements @melon eusk#1091: Rules:\n1. You must have your own server\n2. You must be at least 15 years old\n3. You need to have least gone to mars and back
2018-05-02 17:01:20 #announcements @melon eusk#1091: How to apply:\n1. DM an @owner ( @Archturrus or @Melon Eusk )
2018-05-02 17:01:47 #announcements @melon eusk#1091 edited message from 2018-05-02 17:01:20 (How to apply:\n1. DM an @owner ( @Archturrus or @Melon Eusk )) to read: How to apply:\n1. DM an @owner ( @Archturrus or @Melon Eusk )
2018-05-02 17:01:47 #announcements @ThunderPulse_58#9033: 
2018-05-02 17:01:50 #announcements @melon eusk#1091 edited message from 2018-05-02 17:00:14 (Rules:\n1. You must have your own server\n2. You must be at least 15 years old\n3. You need to have least gone to mars and back) to read: Rules:\n1. You must have your own server\n2. You must be at least 15 years old\n3. You need to have least gone to mars and back
2018-05-02 17:01:50 #announcements @ThunderPulse_58#9033: 
2018-05-02 17:01:53 #announcements @melon eusk#1091 edited message from 2018-05-02 16:58:07 (@​everyone. There is now a job available to be a moderator!) to read: @​everyone. There is now a job available to be a moderator!
2018-05-02 17:01:53 #announcements @ThunderPulse_58#9033: 
2018-05-02 17:01:57 #announcements @melon eusk#1091 edited message from 2018-05-02 16:58:36 (Here are the rules and how to apply:) to read: Here are the rules and how to apply:
2018-05-02 17:01:55 #announcements @ThunderPulse_58#9033: 
2018-05-02 17:03:27 #announcements @melon eusk#1091: 2. Send an invite to your server
2018-05-02 17:04:03 #announcements @melon eusk#1091 edited message from 2018-05-02 16:58:07 (@​everyone. There is now a job available to be a moderator!) to read: @​everyone. There is now a job available to be a moderator!
2018-05-02 17:04:05 #announcements @melon eusk#1091 edited message from 2018-05-02 16:58:36 (Here are the rules and how to apply:) to read: Here are the rules and how to apply:
2018-05-02 17:04:07 #announcements @melon eusk#1091 edited message from 2018-05-02 17:01:20 (How to apply:\n1. DM an @owner ( @Archturrus or @Melon Eusk )) to read: How to apply:\n1. DM an @owner ( @ThunderPulse_58 or @Melon Eusk )
2018-05-02 17:04:10 #announcements @melon eusk#1091 edited message from 2018-05-02 17:01:20 (How to apply:\n1. DM an @owner ( @ThunderPulse_58 or @Melon Eusk )) to read: How to apply:\n1. DM an @owner ( @ThunderPulse_58 or @Melon Eusk )
2018-05-02 17:04:10 #announcements @ThunderPulse_58#9033: 
2018-05-02 17:04:13 #announcements @melon eusk#1091 edited message from 2018-05-02 17:01:20 (How to apply:\n1. DM an @owner ( @ThunderPulse_58 or @Melon Eusk )) to read: How to apply:\n1. DM an @owner ( @ThunderPulse_58 or @Melon Eusk )
2018-05-02 17:04:26 #announcements @melon eusk#1091: 3. State your age
2018-05-02 17:05:08 #announcements @melon eusk#1091: 4. Send a screenshot of your mars mission achievements
2018-05-02 17:05:35 #announcements @ThunderPulse_58#9033 deleted message from 2018-05-02 17:04:10 ()
2018-05-02 17:05:44 #announcements @ThunderPulse_58#9033 deleted message from 2018-05-02 17:01:55 ()
2018-05-02 17:05:54 #announcements @ThunderPulse_58#9033 deleted message from 2018-05-02 17:01:50 ()
2018-05-02 17:05:58 #announcements @ThunderPulse_58#9033 deleted message from 2018-05-02 17:01:47 ()
2018-05-02 17:06:06 #announcements @ThunderPulse_58#9033 deleted message from 2018-05-02 17:01:53 ()
2018-05-02 17:06:17 #announcements @ThunderPulse_58#9033: Yes
2018-05-02 17:06:24 #announcements @ThunderPulse_58#9033 deleted message from 2018-05-02 17:06:17 (Yes)
2018-05-02 17:06:26 #announcements @melon eusk#1091: No
2018-05-02 17:06:30 #announcements @melon eusk#1091 deleted message from 2018-05-02 17:06:26 (No)
