2018-04-30 16:18:36 Member role add: 'owner' role was added to @ThunderPulse_58#9033
2018-04-30 16:42:39 Server icon changed from https://cdn.discordapp.com/icons/357623315269025794/1558fb0c96350820cd1c61f55cecdaed.jpg to https://cdn.discordapp.com/icons/357623315269025794/87467dd14227d486c89bf826ef454aad.jpg
2018-04-30 16:43:11 Server icon changed from https://cdn.discordapp.com/icons/357623315269025794/87467dd14227d486c89bf826ef454aad.jpg to https://cdn.discordapp.com/icons/357623315269025794/92557b524e58a88d97c2b0b9a640c066.jpg
2018-04-30 20:52:48 Channel created: videos
2018-04-30 20:53:18 Channel deleted: videos
2018-04-30 20:53:30 Channel created: videos
2018-04-30 20:54:08 Channel rename: videos renamed to sfs-videos
2018-04-30 20:54:25 Channel created: videos
2018-04-30 22:10:56 Member join: @CloneNinja15#7974 (id 397188176147644417)
2018-05-01 05:14:58 Server icon changed from https://cdn.discordapp.com/icons/357623315269025794/92557b524e58a88d97c2b0b9a640c066.jpg to https://cdn.discordapp.com/icons/357623315269025794/af35d239df638a09a6b5140f535db288.jpg
2018-05-01 16:02:58 Server name changed from SFS FANS to Musk.co SFS_F
2018-05-01 16:07:57 Server name changed from Musk.co SFS_F to SFS_F.co
2018-05-01 16:09:40 Server name changed from SFS_F.co to SFS_F
2018-05-01 16:41:26 Member join: @The Nieznany#2832 (id 400327945555673119)
2018-05-01 16:48:45 Member leave: @The Nieznany#2832 (id 400327945555673119)
2018-05-01 17:06:30 Channel created: projects
2018-05-01 17:09:24 Channel overwrites: projects (440921973552447498): role owner (440338512059826177) added with values 805829713, 0
2018-05-01 17:10:01 Channel topic: projects topic was set to "only ongoing projects"
2018-05-01 20:48:27 Member role remove: The 'moderator' role was removed from @AncilotPlayzYT#0787
2018-05-01 21:10:39 Member leave: @ThunderPulse_58#9033 (id 438406784269418506)
2018-05-01 21:10:57 Member join: @ThunderPulse_58#9033 (id 438406784269418506)
2018-05-01 21:11:48 Member role add: 'owner' role was added to @ThunderPulse_58#9033
2018-05-01 21:12:01 Member role remove: The 'owner' role was removed from @ThunderPulse_58#9033
2018-05-01 21:12:16 Member role add: 'owner' role was added to @ThunderPulse_58#9033
2018-05-01 21:12:41 Member role remove: The 'owner' role was removed from @jordan#1091
2018-05-01 21:12:58 Member role add: 'owner' role was added to @jordan#1091
2018-05-01 21:13:05 Member role remove: The 'owner' role was removed from @jordan#1091
2018-05-01 21:14:50 Channel overwrites: projects (440921973552447498): role moderator (440339042270445579) added with values 0, 805829713
2018-05-01 21:15:39 Channel overwrites: projects (440921973552447498): role bot (440387535676637205) added with values 0, 805829713
2018-05-01 21:15:55 Channel overwrites: projects (440921973552447498): role @everyone (357623315269025794) added with values 0, 805829713
2018-05-01 21:16:08 Channel overwrites: projects (440921973552447498): role Dyno (440386971437629450) added with values 0, 805829713
2018-05-01 21:16:09 Member role add: 'owner' role was added to @jordan#1091
2018-05-01 21:16:31 Member role remove: The 'owner' role was removed from @ThunderPulse_58#9033
2018-05-01 21:16:36 Member role remove: The 'owner' role was removed from @jordan#1091
2018-05-01 21:16:45 Member role add: 'owner' role was added to @jordan#1091
2018-05-01 21:16:56 Member role add: 'owner' role was added to @ThunderPulse_58#9033
2018-05-01 21:17:17 Channel overwrites: projects (440921973552447498): role moderator (440339042270445579) updated to values 1024, 805828689 (was 0, 805829713)
2018-05-01 21:17:26 Channel overwrites: projects (440921973552447498): role Dyno (440386971437629450) updated to values 1024, 805828689 (was 0, 805829713)
2018-05-01 21:17:34 Channel overwrites: projects (440921973552447498): role bot (440387535676637205) updated to values 1024, 805828689 (was 0, 805829713)
2018-05-01 21:17:40 Channel overwrites: projects (440921973552447498): role @everyone (357623315269025794) updated to values 1024, 805828689 (was 0, 805829713)
2018-05-01 21:17:54 Member role remove: The 'owner' role was removed from @ThunderPulse_58#9033
2018-05-01 21:18:15 Member role add: 'owner' role was added to @ThunderPulse_58#9033
2018-05-01 21:18:48 Channel overwrites: announcements (439551156918943754): role @everyone (357623315269025794) updated to values 0, 805829713 (was 0, 1024)
2018-05-01 21:18:52 Channel overwrites: announcements (439551156918943754): role @everyone (357623315269025794) updated to values 1024, 805828689 (was 0, 805829713)
2018-05-01 21:19:30 Channel overwrites: announcements (439551156918943754): role moderator (440339042270445579) added with values 1024, 805828689
2018-05-01 21:20:50 Channel overwrites: rules (439551414763651082): role moderator (440339042270445579) added with values 1024, 805828689
2018-05-01 21:21:09 Channel overwrites: rules (439551414763651082): role @everyone (357623315269025794) updated to values 1025, 805828688 (was 0, 805306384)
2018-05-01 21:21:47 Member role add: 'moderator' role was added to @ThunderPulse_58#9033
2018-05-01 21:21:48 Member role remove: The 'owner' role was removed from @ThunderPulse_58#9033
2018-05-01 21:26:14 Member role remove: The 'moderator' role was removed from @ThunderPulse_58#9033
2018-05-01 21:26:14 Member role add: 'owner' role was added to @ThunderPulse_58#9033
2018-05-01 21:26:14 Member role add: 'moderator' role was added to @ThunderPulse_58#9033
2018-05-01 21:26:16 Member role remove: The 'moderator' role was removed from @ThunderPulse_58#9033
2018-05-01 21:26:17 Member role add: 'moderator' role was added to @ThunderPulse_58#9033
2018-05-01 21:26:18 Member role remove: The 'moderator' role was removed from @ThunderPulse_58#9033
2018-05-01 21:27:33 Member role remove: The 'owner' role was removed from @ThunderPulse_58#9033
2018-05-01 21:28:12 Member role add: 'owner' role was added to @ThunderPulse_58#9033
2018-05-01 21:29:17 Channel deleted: projects
2018-05-01 21:29:41 Channel created: projects
2018-05-01 21:29:44 Member leave: @ThunderPulse_58#9033 (id 438406784269418506)
2018-05-01 21:30:05 Member join: @ThunderPulse_58#9033 (id 438406784269418506)
2018-05-01 21:30:24 Member role add: 'owner' role was added to @ThunderPulse_58#9033
2018-05-01 21:31:11 Member leave: @Joseph Stalin#4941 (id 368506154499964931)
2018-05-01 21:31:57 Channel overwrites: projects (440988207417655318): role @everyone (357623315269025794) added with values 1024, 805828689
2018-05-01 21:32:28 Channel overwrites: projects (440988207417655318): role moderator (440339042270445579) added with values 1024, 805828689
2018-05-01 21:33:42 Member role add: 'bot' role was added to @ThunderPulse_58#9033
2018-05-01 21:33:44 Member role add: 'moderator' role was added to @ThunderPulse_58#9033
2018-05-01 21:34:03 Member role remove: The 'bot' role was removed from @ThunderPulse_58#9033
2018-05-01 21:34:06 Member role remove: The 'moderator' role was removed from @ThunderPulse_58#9033
2018-05-01 21:34:17 Member role add: 'moderator' role was added to @ThunderPulse_58#9033
2018-05-01 21:34:18 Member role add: 'bot' role was added to @ThunderPulse_58#9033
2018-05-01 21:34:19 Member leave: @ThunderPulse_58#9033 (id 438406784269418506)
2018-05-01 21:34:29 Member join: @ThunderPulse_58#9033 (id 438406784269418506)
2018-05-01 21:34:45 Member role add: 'owner' role was added to @ThunderPulse_58#9033
2018-05-01 21:35:33 Member nickname: '@ThunderPulse_58#9033' (id 438406784269418506) changed nickname from 'None' to 'Archturrus'
2018-05-01 21:36:16 Member role add: 'moderator' role was added to @ThunderPulse_58#9033
2018-05-01 21:43:14 Member role remove: The 'moderator' role was removed from @ThunderPulse_58#9033
2018-05-02 00:49:02 Member username: '@jordan#1091' (id 357623004395601920) changed username from 'jordan' to 'melon eusk'
2018-05-02 09:40:30 Member username: '@AncilotPlayzYT#0787' (id 419552017510563843) changed username from 'AncilotPlayzYT' to 'ΛΝCΙLΘΓ ΡLΛΥΖ'
2018-05-02 10:08:41 Member username: '@ΛΝCΙLΘΓ ΡLΛΥΖ#0787' (id 419552017510563843) changed username from 'ΛΝCΙLΘΓ ΡLΛΥΖ' to '__***ΛΝCΙLΘΓ ΡLΛΥΖ***__'
2018-05-02 17:02:01 Member leave: @ThunderPulse_58#9033 (id 438406784269418506)
2018-05-02 17:03:33 Member join: @ThunderPulse_58#9033 (id 438406784269418506)
2018-05-02 17:03:54 Member role add: 'owner' role was added to @ThunderPulse_58#9033
2018-05-02 17:05:18 Member nickname: '@ThunderPulse_58#9033' (id 438406784269418506) changed nickname from 'None' to 'Arcturus'
2018-05-02 17:07:13 Member role add: 'bot' role was added to @ThunderPulse_58#9033
2018-05-02 17:07:13 Member role remove: The 'owner' role was removed from @ThunderPulse_58#9033
2018-05-02 17:07:33 Member role add: 'owner' role was added to @ThunderPulse_58#9033
2018-05-02 17:07:33 Member role remove: The 'bot' role was removed from @ThunderPulse_58#9033
2018-05-02 17:07:33 Member role add: 'owner' role was added to @ThunderPulse_58#9033
2018-05-02 21:25:48 Member unban: @iGodlike#1370 (id 302372832724123648)
2018-05-02 22:37:08 Member username: '@__***ΛΝCΙLΘΓ ΡLΛΥΖ***__#0787' (id 419552017510563843) changed username from '__***ΛΝCΙLΘΓ ΡLΛΥΖ***__' to 'ΛΝCΙLΘΓ ΡLΛΥΖ'
2018-05-02 23:43:45 Channel overwrites: sfs-stuff (439550650624245790): role @everyone (357623315269025794) added with values 101376, 0
2018-05-02 23:47:18 Member role remove: The 'owner' role was removed from @ThunderPulse_58#9033
2018-05-02 23:48:16 Member role add: 'owner' role was added to @ThunderPulse_58#9033
2018-05-02 23:56:33 Channel overwrites: announcements (439551156918943754): role owner (440338512059826177) added with values 1024, 805500944
