2018-04-20 23:34:01 #welcom @ProBot ✨#5803: 
2018-04-20 23:34:01 #welcom @ProBot ✨#5803 edited message from 2018-04-20 23:34:01 () to read: 
2018-04-20 23:34:01 #welcom @ProBot ✨#5803:  (attachment url(s): https://cdn.discordapp.com/attachments/437012920535351326/437033230017888256/welcome.png)
2018-04-20 23:34:01 #welcom @ProBot ✨#5803: welcom في سيرفرنا باذن الله ماتواجهك مشاك و خلك مبتسم دائما (:
2018-04-20 23:37:13 #welcom @! itz_Flow#5782: #clear
2018-04-20 23:37:14 #welcom @! itz_Flow#5782 deleted message from 2018-04-20 23:37:13 (#clear)
2018-04-20 23:37:14 #welcom @ProBot ✨#5803 deleted message from 2018-04-20 23:34:01 ()
2018-04-20 23:37:14 #welcom @ProBot ✨#5803 deleted message from 2018-04-20 23:34:01 ()
2018-04-20 23:37:14 #welcom @ProBot ✨#5803 deleted message from 2018-04-20 23:34:01 (welcom في سيرفرنا باذن الله ماتواجهك مشاك و خلك مبتسم دائما (:)
2018-04-20 23:37:14 #welcom @ProBot ✨#5803: ```javascript\nعدد الرسائل التي تم مسحها : 3 ```
2018-04-20 23:37:17 #welcom @ProBot ✨#5803 deleted message from 2018-04-20 23:37:14 (```javascript\nعدد الرسائل التي تم مسحها : 3 ```)
2018-04-20 23:38:58 #welcom @ProBot ✨#5803: 
2018-04-20 23:38:58 #welcom @ProBot ✨#5803 edited message from 2018-04-20 23:38:58 () to read: 
2018-04-20 23:38:58 #welcom @ProBot ✨#5803:  (attachment url(s): https://cdn.discordapp.com/attachments/437012920535351326/437034476581683201/welcome.png)
2018-04-20 23:38:59 #welcom @ProBot ✨#5803: welcom في سيرفرنا باذن الله ماتواجهك مشاك و خلك مبتسم دائما (:
2018-04-20 23:49:27 #welcom @ProBot ✨#5803: براحتك تطلع و تدخل براحتك شكرا لك ):
2018-04-20 23:53:05 #welcom @! itz_Flow#5782: #clear
2018-04-20 23:53:06 #welcom @! itz_Flow#5782 deleted message from 2018-04-20 23:53:05 (#clear)
2018-04-20 23:53:06 #welcom @ProBot ✨#5803 deleted message from 2018-04-20 23:38:58 ()
2018-04-20 23:53:06 #welcom @ProBot ✨#5803 deleted message from 2018-04-20 23:38:58 ()
2018-04-20 23:53:06 #welcom @ProBot ✨#5803 deleted message from 2018-04-20 23:38:59 (welcom في سيرفرنا باذن الله ماتواجهك مشاك و خلك مبتسم دائما (:)
2018-04-20 23:53:06 #welcom @ProBot ✨#5803 deleted message from 2018-04-20 23:49:27 (براحتك تطلع و تدخل براحتك شكرا لك ):)
2018-04-20 23:53:06 #welcom @ProBot ✨#5803: ```javascript\nعدد الرسائل التي تم مسحها : 4 ```
2018-04-20 23:53:09 #welcom @ProBot ✨#5803 deleted message from 2018-04-20 23:53:06 (```javascript\nعدد الرسائل التي تم مسحها : 4 ```)
2018-04-21 14:15:04 #welcome @ProBot ✨#5803: براحتك تطلع و تدخل براحتك شكرا لك ):
2018-04-21 14:21:30 #welcome @ProBot ✨#5803: 
2018-04-21 14:21:31 #welcome @ProBot ✨#5803 edited message from 2018-04-21 14:21:30 () to read: 
2018-04-21 14:21:31 #welcome @ProBot ✨#5803:  (attachment url(s): https://cdn.discordapp.com/attachments/437012920535351326/437256575216910348/welcome.png)
2018-04-21 14:21:31 #welcome @ProBot ✨#5803: welcom في سيرفرنا باذن الله ماتواجهك مشاك و خلك مبتسم دائما (:
