2018-04-30 23:22:35 this bot joined the server
2018-04-30 23:22:35 Role created: 'Synapse' (id 440654228357120000)
2018-04-30 23:22:35 Member role add: 'Synapse' role was added to @Synapse#0692
2018-04-30 23:29:29 Role renamed: 'Ghostplay R2' to 'GP-bot= Ghostplay'
2018-04-30 23:29:29 Role permissions: 'Ghostplay R2' changed from 268520497 to 2146958591
2018-04-30 23:29:29 Role position: 'Ghostplay R2' changed from 2 to 3
2018-04-30 23:29:29 Role renamed: 'Ghostplay R2' to 'GP-bot= Ghostplay'
2018-04-30 23:29:29 Role permissions: 'Ghostplay R2' changed from 268782705 to 2146958591
2018-04-30 23:30:20 Role created: 'new role' (id 440656180600373250)
2018-04-30 23:31:11 Role position: 'GP-bot= Ghostplay' changed from 4 to 1
2018-04-30 23:31:11 Role position: 'new role' changed from 1 to 2
2018-04-30 23:31:11 Role permissions: 'Synapse' changed from 8 to 262216
2018-04-30 23:31:11 Role position: 'Synapse' changed from 2 to 3
2018-04-30 23:31:11 Role position: 'Administrator' changed from 3 to 4
2018-04-30 23:31:11 Role renamed: 'new role' to 'GP-bot'
2018-04-30 23:31:11 Role permissions: 'new role' changed from 104324161 to 2146958591
2018-04-30 23:31:11 Role permissions: '@everyone' changed from 104324161 to 104324329
2018-04-30 23:31:19 Role position: 'Synapse' changed from 3 to 2
2018-04-30 23:31:19 Role position: 'Administrator' changed from 4 to 3
2018-04-30 23:31:19 Role position: 'GP-bot' changed from 2 to 4
2018-04-30 23:31:26 Member role add: 'GP-bot' role was added to @Ghostplay R2#1298
2018-04-30 23:34:04 Member role add: 'GP-bot' role was added to @NinjasHyper#8714
2018-04-30 23:34:20 Member role add: 'Administrator' role was added to @NinjasHyper#8714
2018-04-30 23:35:09 Member role remove: The 'Administrator' role was removed from @NinjasHyper#8714
2018-04-30 23:41:34 Member role remove: The 'GP-bot' role was removed from @NinjasHyper#8714
2018-04-30 23:43:57 Member role add: 'Administrator' role was added to @Ghostplay R2#1298
2018-04-30 23:44:25 Member role add: 'GP-bot' role was added to @ballerslifelogan#3751
2018-04-30 23:44:33 Member role remove: The 'GP-bot' role was removed from @ballerslifelogan#3751
2018-05-01 01:31:37 Channel created: memes
2018-05-01 01:41:37 Channel created: solo-1
2018-05-01 01:41:54 Channel deleted: solo-1
2018-05-01 11:57:13 Member username: '@xXMasterWolfXx#1026' (id 405456865670070272) changed username from 'xXMasterWolfXx' to 'xXMythical DraggonXx'
2018-05-01 11:57:45 Member username: '@xXMythical DraggonXx#1026' (id 405456865670070272) changed username from 'xXMythical DraggonXx' to 'MythicalDraggon'
2018-05-01 19:28:02 Member username: '@MythicalDraggon#1026' (id 405456865670070272) changed username from 'MythicalDraggon' to 'xXTitanLordXx'
2018-05-01 21:45:45 Member role add: 'GP-bot' role was added to @NinjasHyper#8714
2018-05-01 21:47:28 Member role add: 'Administrator' role was added to @NinjasHyper#8714
2018-05-01 21:48:39 Role position: 'Synapse' changed from 2 to 1
2018-05-01 21:48:39 Role position: 'Administrator' changed from 3 to 2
2018-05-01 21:48:39 Role position: 'GP-bot' changed from 4 to 3
2018-05-01 21:48:39 Role position: 'GP-bot= Ghostplay' changed from 1 to 4
2018-05-01 21:49:40 Member role remove: The 'Administrator' role was removed from @ballerslifelogan#3751
2018-05-01 21:50:20 Role created: 'new role' (id 440993400750342156)
2018-05-01 21:51:25 Role position: 'new role' changed from 1 to 4
2018-05-01 21:51:25 Role renamed: 'new role' to 'Youtuber Role'
2018-05-01 21:51:25 Role color: 'new role' changed from #000000 to #e61313
2018-05-01 21:51:25 Role mentionable: 'Youtuber Role' is now mentionable
2018-05-01 21:51:25 Role hoist: 'Youtuber Role' is now shown seperately
2018-05-01 21:51:25 Role permissions: 'new role' changed from 104324329 to 2146958591
2018-05-01 21:51:34 Member role add: 'Youtuber Role' role was added to @NinjasHyper#8714
2018-05-01 21:57:02 Channel created: off-topic
2018-05-01 21:57:38 Channel topic: off-topic topic was set to "Anything that's off topic"
2018-05-01 21:58:17 Channel overwrites: off-topic (440995086612824075): role @everyone (439943820746948619) added with values 805829713, 0
2018-05-01 21:58:23 Channel overwrites: off-topic (440995086612824075): role @everyone (439943820746948619) updated to values 0, 0 (was 805829713, 0)
2018-05-01 22:00:53 Role color: 'Youtuber Role' changed from #e61313 to #086897
2018-05-01 22:03:20 Role mentionable: 'GP-bot' is now mentionable
2018-05-01 22:03:20 Role hoist: 'GP-bot' is now shown seperately
2018-05-01 22:03:20 Role position: 'GP-bot' changed from 4 to 3
2018-05-01 22:03:20 Role color: 'Youtuber Role' changed from #086897 to #f00707
2018-05-01 22:04:12 Member role remove: The 'GP-bot' role was removed from @Ghostplay R2#1298
2018-05-01 22:04:15 Member role add: 'GP-bot' role was added to @Ghostplay R2#1298
2018-05-01 22:05:19 Role created: 'new role' (id 440997173421670410)
2018-05-01 22:05:28 Role position: 'Synapse' changed from 3 to 2
2018-05-01 22:05:28 Role position: 'Administrator' changed from 4 to 3
2018-05-01 22:05:29 Role renamed: 'new role' to 'OG Death Fan'
2018-05-01 22:06:26 Role position: 'Synapse' changed from 2 to 1
2018-05-01 22:06:26 Role position: 'Administrator' changed from 3 to 2
2018-05-01 22:06:26 Role position: 'GP-bot' changed from 4 to 3
2018-05-01 22:06:26 Role position: 'OG Death Fan' changed from 1 to 4
2018-05-01 22:06:55 Role position: 'Youtuber Role' changed from 5 to 4
2018-05-01 22:06:55 Role position: 'GP-bot= Ghostplay' changed from 6 to 5
2018-05-01 22:06:55 Role position: 'OG Death Fan' changed from 4 to 6
2018-05-01 22:07:42 Member role remove: The 'Youtuber Role' role was removed from @NinjasHyper#8714
2018-05-01 22:07:56 Member role remove: The 'GP-bot' role was removed from @NinjasHyper#8714
2018-05-01 22:07:56 Member role add: 'OG Death Fan' role was added to @NinjasHyper#8714
2018-05-01 22:07:57 Member role remove: The 'Administrator' role was removed from @NinjasHyper#8714
2018-05-01 22:08:02 Member role add: 'Youtuber Role' role was added to @NinjasHyper#8714
2018-05-01 22:08:32 Member role add: 'Administrator' role was added to @NinjasHyper#8714
2018-05-01 22:09:26 Member role remove: The 'Youtuber Role' role was removed from @NinjasHyper#8714
2018-05-01 22:09:30 Member role add: 'GP-bot' role was added to @NinjasHyper#8714
2018-05-01 22:09:34 Member role add: 'Youtuber Role' role was added to @NinjasHyper#8714
2018-05-01 22:10:09 Role color: 'Youtuber Role' changed from #f00707 to #000000
2018-05-01 22:11:00 Role color: 'Synapse' changed from #000000 to #f1c40f
2018-05-01 22:11:00 Role color: 'Administrator' changed from #3498db to #71368a
2018-05-01 22:11:00 Role color: 'GP-bot' changed from #000000 to #992d22
2018-05-01 22:11:00 Role color: 'Youtuber Role' changed from #000000 to #206694
2018-05-01 22:11:00 Role color: 'GP-bot= Ghostplay' changed from #000000 to #1abc9c
2018-05-01 22:11:00 Role color: 'OG Death Fan' changed from #000000 to #3498db
2018-05-01 22:12:06 Member role add: 'Youtuber Role' role was added to @Ghostplay R2#1298
2018-05-01 22:12:12 Member role add: 'OG Death Fan' role was added to @Ghostplay R2#1298
2018-05-01 22:12:22 Member role remove: The 'Youtuber Role' role was removed from @NinjasHyper#8714
2018-05-01 22:12:27 Member role add: 'Youtuber Role' role was added to @NinjasHyper#8714
2018-05-01 22:13:19 Member role remove: The 'Youtuber Role' role was removed from @Ghostplay R2#1298
2018-05-01 22:15:26 Role created: 'new role' (id 440999717506252812)
2018-05-01 22:16:26 Role renamed: 'new role' to 'Moderator'
2018-05-01 22:16:26 Role permissions: 'new role' changed from 104324329 to 104324201
2018-05-01 22:16:41 Member role add: 'Moderator' role was added to @NinjasHyper#8714
2018-05-01 22:18:09 Member role add: 'Moderator' role was added to @Ghostplay R2#1298
2018-05-01 22:18:34 Member join: @Rythm#3722 (id 235088799074484224)
2018-05-01 22:18:34 Member role add: 'Rythm' role was added to @Rythm#3722
2018-05-01 22:18:34 Role created: 'Rythm' (id 441000505943130114)
2018-05-01 22:18:34 Member role add: 'Rythm' role was added to @Rythm#3722
2018-05-01 22:43:09 Channel created: chill-music
2018-05-01 22:54:26 Role deleted: 'Rythm' (id 441000505943130114)
2018-05-01 22:54:26 Member leave: @Rythm#3722 (id 235088799074484224)
2018-05-01 23:06:41 Role hoist: 'Administrator' is no longer shown seperately
2018-05-01 23:06:41 Role permissions: 'Administrator' changed from 1190657103 to 1190657095
2018-05-01 23:59:21 Member join: @Rythm#3722 (id 235088799074484224)
2018-05-01 23:59:21 Role created: 'Rythm' (id 441025869474168832)
2018-05-01 23:59:21 Member role add: 'Rythm' role was added to @Rythm#3722
2018-05-02 01:43:05 Role created: 'new role' (id 441051977137389568)
2018-05-02 01:43:13 Role permissions: 'Rythm' changed from 8 to 262216
2018-05-02 01:43:13 Role renamed: 'new role' to 'stupid'
2018-05-02 01:43:23 Member role add: 'stupid' role was added to @doctor#0444
2018-05-02 21:26:57 Member role remove: The 'Moderator' role was removed from @Ghostplay R2#1298
2018-05-02 21:27:03 Member role remove: The 'Administrator' role was removed from @Ghostplay R2#1298
2018-05-02 21:27:05 Member role remove: The 'GP-bot' role was removed from @Ghostplay R2#1298
2018-05-02 21:27:09 Member role remove: The 'OG Death Fan' role was removed from @Ghostplay R2#1298
2018-05-02 21:27:55 Role created: 'new role' (id 441350146228486164)
2018-05-02 21:28:33 Role renamed: 'new role' to 'Mod/dev'
2018-05-02 21:28:33 Role permissions: 'new role' changed from 104324329 to 2146958591
2018-05-02 21:31:17 Member role add: 'Mod/dev' role was added to @Ghostplay R2#1298
2018-05-02 21:31:48 Member role add: 'Mod/dev' role was added to @NinjasHyper#8714
2018-05-02 21:31:52 Member role add: 'stupid' role was added to @NinjasHyper#8714
2018-05-02 21:32:03 Member role add: 'OG Death Fan' role was added to @Ghostplay R2#1298
2018-05-02 21:32:04 Member role add: 'Youtuber Role' role was added to @Ghostplay R2#1298
2018-05-02 21:32:09 Member role remove: The 'Youtuber Role' role was removed from @Ghostplay R2#1298
2018-05-02 21:32:13 Member role add: 'GP-bot' role was added to @Ghostplay R2#1298
2018-05-02 21:32:16 Member role add: 'Administrator' role was added to @Ghostplay R2#1298
2018-05-02 21:32:19 Member role add: 'Moderator' role was added to @Ghostplay R2#1298
2018-05-02 21:32:23 Member role add: 'stupid' role was added to @Ghostplay R2#1298
2018-05-02 22:10:31 Member role add: 'Mod/dev' role was added to @doctor#0444
2018-05-02 22:10:42 Member role add: 'stupid' role was added to @xXTitanLordXx#1026
2018-05-02 22:11:02 Member role add: 'stupid' role was added to @bubbamorris#7226
2018-05-02 22:11:05 Member role add: 'stupid' role was added to @ballerslifelogan#3751
2018-05-02 22:11:09 Member role add: 'stupid' role was added to @eNoob#0985
2018-05-02 22:11:11 Member role add: 'stupid' role was added to @Natsu Dragneel#2898
2018-05-03 03:53:41 Member role add: 'stupid' role was added to @Pran#2007
2018-05-03 03:53:49 Member role add: 'Moderator' role was added to @Pran#2007
2018-05-03 03:53:55 Member role add: 'Mod/dev' role was added to @Pran#2007
