2018-04-22 10:09:21 #bot-chat @vietnamese marble racer#5119: .hnagman
2018-04-22 10:09:25 #bot-chat @vietnamese marble racer#5119 deleted message from 2018-04-22 10:09:21 (.hnagman)
2018-04-22 10:09:35 #bot-chat @vietnamese marble racer#5119: .hangman
2018-04-22 10:09:36 #bot-chat @Synapse#0692: 
2018-04-22 10:09:36 #bot-chat @Synapse#0692 edited message from 2018-04-22 10:09:36 () to read: 
2018-04-22 10:09:39 #bot-chat @vietnamese marble racer#5119: a
2018-04-22 10:09:39 #bot-chat @Synapse#0692: 
2018-04-22 10:09:39 #bot-chat @Synapse#0692 edited message from 2018-04-22 10:09:39 () to read: 
2018-04-22 10:09:42 #bot-chat @vietnamese marble racer#5119: e
2018-04-22 10:09:42 #bot-chat @Synapse#0692: 
2018-04-22 10:09:42 #bot-chat @Synapse#0692 edited message from 2018-04-22 10:09:42 () to read: 
2018-04-22 10:09:44 #bot-chat @vietnamese marble racer#5119: i
2018-04-22 10:09:44 #bot-chat @Synapse#0692: 
2018-04-22 10:09:44 #bot-chat @Synapse#0692 edited message from 2018-04-22 10:09:44 () to read: 
2018-04-22 10:09:45 #bot-chat @vietnamese marble racer#5119: o
2018-04-22 10:09:45 #bot-chat @Synapse#0692: 
2018-04-22 10:09:46 #bot-chat @Synapse#0692 edited message from 2018-04-22 10:09:45 () to read: 
2018-04-22 10:09:47 #bot-chat @vietnamese marble racer#5119: u
2018-04-22 10:09:50 #bot-chat @vietnamese marble racer#5119: u
2018-04-22 10:09:50 #bot-chat @Synapse#0692: 
2018-04-22 10:09:51 #bot-chat @Synapse#0692 edited message from 2018-04-22 10:09:50 () to read: 
2018-04-22 10:09:54 #bot-chat @vietnamese marble racer#5119: q
2018-04-22 10:09:54 #bot-chat @Synapse#0692: 
2018-04-22 10:09:54 #bot-chat @Synapse#0692 edited message from 2018-04-22 10:09:54 () to read: 
2018-04-22 10:09:58 #bot-chat @vietnamese marble racer#5119: s
2018-04-22 10:09:58 #bot-chat @Synapse#0692: 
2018-04-22 10:09:58 #bot-chat @Synapse#0692 edited message from 2018-04-22 10:09:58 () to read: 
2018-04-22 10:10:00 #bot-chat @vietnamese marble racer#5119: d
2018-04-22 10:10:00 #bot-chat @Synapse#0692: 
2018-04-22 10:10:00 #bot-chat @Synapse#0692 edited message from 2018-04-22 10:10:00 () to read: 
2018-04-22 10:10:04 #bot-chat @vietnamese marble racer#5119: t
2018-04-22 10:10:04 #bot-chat @Synapse#0692: 
2018-04-22 10:10:04 #bot-chat @Synapse#0692 edited message from 2018-04-22 10:10:04 () to read: 
2018-04-22 10:10:11 #bot-chat @vietnamese marble racer#5119: s
2018-04-22 10:10:11 #bot-chat @Synapse#0692: 
2018-04-22 10:10:11 #bot-chat @Synapse#0692 edited message from 2018-04-22 10:10:11 () to read: 
2018-04-22 10:10:33 #bot-chat @vietnamese marble racer#5119: c
2018-04-22 10:10:33 #bot-chat @Synapse#0692: 
2018-04-22 10:10:33 #bot-chat @Synapse#0692 edited message from 2018-04-22 10:10:33 () to read: 
2018-04-22 14:01:12 #bot-chat @Blue The Marble Racer#6827: HEY YOU @Synapse\nWHY DID YOU COPY NADEKO
2018-04-22 14:08:59 #bot-chat @vietnamese marble racer#5119: actually i search nadeko and it show up
