2018-04-22 19:57:33 #log @Mr. Robot#0007: !modlogset channel
2018-04-22 19:57:33 #log @Synapse#0692: Channel changed.
2018-04-22 19:57:37 #log @Mr. Robot#0007: !up 2
2018-04-22 19:57:38 #log @Mr. Robot#0007 deleted message from 2018-04-22 19:57:33 (!modlogset channel)
2018-04-22 19:57:38 #log @Synapse#0692 deleted message from 2018-04-22 19:57:33 (Channel changed.)
2018-04-22 19:57:38 #log @Mr. Robot#0007 deleted message from 2018-04-22 19:57:37 (!up 2)
2018-04-22 19:57:38 #log @Synapse#0692: 
2018-04-22 19:57:38 #log @Synapse#0692 edited message from 2018-04-22 19:57:38 () to read: 
2018-04-22 19:57:38 #log @Synapse#0692: 
2018-04-22 19:57:38 #log @Synapse#0692 edited message from 2018-04-22 19:57:38 () to read: 
2018-04-22 19:57:38 #log @Synapse#0692: 
2018-04-22 19:57:38 #log @Synapse#0692 edited message from 2018-04-22 19:57:38 () to read: 
2018-04-22 20:01:54 #log @Synapse#0692: 
2018-04-22 20:02:00 #log @Synapse#0692 edited message from 2018-04-22 20:01:54 () to read: 
2018-04-22 23:10:32 #log @Synapse#0692: 
2018-04-22 23:10:32 #log @Synapse#0692 edited message from 2018-04-22 23:10:32 () to read: 
2018-04-23 12:47:32 #log @Synapse#0692: 
2018-04-23 12:47:32 #log @Synapse#0692 edited message from 2018-04-23 12:47:32 () to read: 
2018-04-23 14:41:08 #log @Synapse#0692: 
2018-04-23 14:41:09 #log @Synapse#0692 edited message from 2018-04-23 14:41:08 () to read: 
2018-04-23 14:57:39 #log @Synapse#0692: 
2018-04-23 14:57:39 #log @Synapse#0692 edited message from 2018-04-23 14:57:39 () to read: 
2018-04-23 15:02:51 #log @Synapse#0692: 
2018-04-23 15:02:51 #log @Synapse#0692 edited message from 2018-04-23 15:02:51 () to read: 
2018-04-23 15:07:45 #log @Synapse#0692: 
2018-04-23 15:07:45 #log @Synapse#0692 edited message from 2018-04-23 15:07:45 () to read: 
2018-04-23 15:34:49 #log @Synapse#0692: 
2018-04-23 15:34:49 #log @Synapse#0692 edited message from 2018-04-23 15:34:49 () to read: 
2018-04-23 20:08:25 #log @Synapse#0692: 
2018-04-23 20:08:25 #log @Synapse#0692 edited message from 2018-04-23 20:08:25 () to read: 
2018-04-23 23:29:14 #log @Synapse#0692: 
2018-04-23 23:29:14 #log @Synapse#0692 edited message from 2018-04-23 23:29:14 () to read: 
2018-04-24 00:29:22 #log @Synapse#0692: 
2018-04-24 00:29:22 #log @Synapse#0692 edited message from 2018-04-24 00:29:22 () to read: 
2018-04-24 00:38:10 #log @Synapse#0692: 
2018-04-24 00:38:11 #log @Synapse#0692 edited message from 2018-04-24 00:38:10 () to read: 
2018-04-24 00:47:53 #log @Synapse#0692: 
2018-04-24 00:47:53 #log @Synapse#0692 edited message from 2018-04-24 00:47:53 () to read: 
2018-04-24 02:54:24 #log @Synapse#0692: 
2018-04-24 02:54:24 #log @Synapse#0692 edited message from 2018-04-24 02:54:24 () to read: 
2018-04-24 02:56:04 #log @Synapse#0692: 
2018-04-24 02:56:04 #log @Synapse#0692 edited message from 2018-04-24 02:56:04 () to read: 
2018-04-24 02:56:04 #log @Synapse#0692: 
2018-04-24 02:56:04 #log @Synapse#0692 edited message from 2018-04-24 02:56:04 () to read: 
2018-04-24 08:28:42 #log @Synapse#0692: 
2018-04-24 08:28:42 #log @Synapse#0692 edited message from 2018-04-24 08:28:42 () to read: 
2018-04-24 08:29:35 #log @Synapse#0692: 
2018-04-24 08:29:35 #log @Synapse#0692 edited message from 2018-04-24 08:29:35 () to read: 
2018-04-24 16:15:30 #log @Synapse#0692: 
2018-04-24 16:15:30 #log @Synapse#0692 edited message from 2018-04-24 16:15:30 () to read: 
2018-04-24 16:40:51 #log @Synapse#0692: 
2018-04-24 16:40:51 #log @Synapse#0692 edited message from 2018-04-24 16:40:51 () to read: 
2018-04-24 16:40:57 #log @Synapse#0692: 
2018-04-24 16:40:57 #log @Synapse#0692 edited message from 2018-04-24 16:40:57 () to read: 
2018-04-24 16:41:03 #log @exo.#9999: !up 3
2018-04-24 16:41:04 #log @Synapse#0692 deleted message from 2018-04-24 16:15:30 ()
2018-04-24 16:41:04 #log @Synapse#0692 deleted message from 2018-04-24 16:40:51 ()
2018-04-24 16:41:04 #log @Synapse#0692 deleted message from 2018-04-24 16:40:57 ()
2018-04-24 16:41:04 #log @exo.#9999 deleted message from 2018-04-24 16:41:03 (!up 3)
2018-04-24 16:41:04 #log @Synapse#0692: 
2018-04-24 16:41:04 #log @Synapse#0692 edited message from 2018-04-24 16:41:04 () to read: 
2018-04-24 16:51:21 #log @Synapse#0692: 
2018-04-24 16:51:21 #log @Synapse#0692 edited message from 2018-04-24 16:51:21 () to read: 
2018-04-24 17:44:20 #log @Synapse#0692: 
2018-04-24 17:44:21 #log @Synapse#0692 edited message from 2018-04-24 17:44:20 () to read: 
2018-04-24 17:44:24 #log @Synapse#0692: 
2018-04-24 17:44:25 #log @Synapse#0692 edited message from 2018-04-24 17:44:24 () to read: 
2018-04-24 18:52:10 #log @Synapse#0692: 
2018-04-24 18:52:10 #log @Synapse#0692 edited message from 2018-04-24 18:52:10 () to read: 
2018-04-24 21:29:13 #log @Synapse#0692: 
2018-04-24 21:29:13 #log @Synapse#0692 edited message from 2018-04-24 21:29:13 () to read: 
2018-04-24 21:59:17 #log @Synapse#0692: 
2018-04-24 21:59:17 #log @Synapse#0692 edited message from 2018-04-24 21:59:17 () to read: 
2018-04-24 21:59:49 #log @Synapse#0692: 
2018-04-24 21:59:49 #log @Synapse#0692 edited message from 2018-04-24 21:59:49 () to read: 
2018-04-25 01:20:10 #log @Synapse#0692: 
2018-04-25 01:20:10 #log @Synapse#0692 edited message from 2018-04-25 01:20:10 () to read: 
2018-04-25 06:23:53 #log @Synapse#0692: 
2018-04-25 06:23:53 #log @Synapse#0692 edited message from 2018-04-25 06:23:53 () to read: 
2018-04-25 06:28:23 #log @Synapse#0692: 
2018-04-25 06:28:23 #log @Synapse#0692 edited message from 2018-04-25 06:28:23 () to read: 
2018-04-25 06:33:05 #log @Synapse#0692: 
2018-04-25 06:33:05 #log @Synapse#0692 edited message from 2018-04-25 06:33:05 () to read: 
2018-04-25 06:37:10 #log @Synapse#0692: 
2018-04-25 06:37:10 #log @Synapse#0692 edited message from 2018-04-25 06:37:10 () to read: 
2018-04-25 12:00:47 #log @Synapse#0692: 
2018-04-25 12:00:47 #log @Synapse#0692 edited message from 2018-04-25 12:00:47 () to read: 
2018-04-25 12:00:47 #log @Synapse#0692: 
2018-04-25 12:00:54 #log @Synapse#0692 edited message from 2018-04-25 12:00:47 () to read: 
2018-04-25 14:23:04 #log @Synapse#0692: 
2018-04-25 14:23:04 #log @Synapse#0692 edited message from 2018-04-25 14:23:04 () to read: 
2018-04-25 14:23:35 #log @Synapse#0692: 
2018-04-25 14:23:35 #log @Synapse#0692 edited message from 2018-04-25 14:23:35 () to read: 
2018-04-25 15:48:27 #log @Synapse#0692: 
2018-04-25 15:48:28 #log @Synapse#0692 edited message from 2018-04-25 15:48:27 () to read: 
2018-04-25 16:05:59 #log @Synapse#0692: 
2018-04-25 16:05:59 #log @Synapse#0692 edited message from 2018-04-25 16:05:59 () to read: 
2018-04-25 16:05:59 #log @Synapse#0692: 
2018-04-25 16:05:59 #log @Synapse#0692 edited message from 2018-04-25 16:05:59 () to read: 
2018-04-25 16:05:59 #log @Synapse#0692: 
2018-04-25 16:05:59 #log @Synapse#0692 edited message from 2018-04-25 16:05:59 () to read: 
2018-04-25 21:07:49 #log @Synapse#0692: 
2018-04-25 21:07:49 #log @Synapse#0692 edited message from 2018-04-25 21:07:49 () to read: 
2018-04-25 21:48:08 #log @Synapse#0692: 
2018-04-25 21:48:09 #log @Synapse#0692 edited message from 2018-04-25 21:48:08 () to read: 
2018-04-26 07:22:55 #log @Synapse#0692: 
2018-04-26 07:22:56 #log @Synapse#0692 edited message from 2018-04-26 07:22:55 () to read: 
2018-04-26 07:23:18 #log @Synapse#0692: 
2018-04-26 07:23:18 #log @Synapse#0692 edited message from 2018-04-26 07:23:18 () to read: 
2018-04-26 07:23:22 #log @Synapse#0692: 
2018-04-26 07:23:22 #log @Synapse#0692 edited message from 2018-04-26 07:23:22 () to read: 
2018-04-26 07:24:36 #log @Synapse#0692: 
2018-04-26 07:24:37 #log @Synapse#0692 edited message from 2018-04-26 07:24:36 () to read: 
2018-04-26 15:00:56 #log @Synapse#0692: 
2018-04-26 15:00:57 #log @Synapse#0692 edited message from 2018-04-26 15:00:56 () to read: 
2018-04-26 15:01:27 #log @Synapse#0692: 
2018-04-26 15:01:27 #log @Synapse#0692 edited message from 2018-04-26 15:01:27 () to read: 
2018-04-26 15:02:02 #log @Synapse#0692: 
2018-04-26 15:02:03 #log @Synapse#0692 edited message from 2018-04-26 15:02:02 () to read: 
2018-04-26 15:08:21 #log @Synapse#0692: 
2018-04-26 15:08:21 #log @Synapse#0692 edited message from 2018-04-26 15:08:21 () to read: 
2018-04-26 15:10:43 #log @Synapse#0692: 
2018-04-26 15:10:43 #log @Synapse#0692 edited message from 2018-04-26 15:10:43 () to read: 
2018-04-26 15:10:43 #log @Synapse#0692: 
2018-04-26 15:10:43 #log @Synapse#0692 edited message from 2018-04-26 15:10:43 () to read: 
2018-04-26 15:10:43 #log @Synapse#0692: 
2018-04-26 15:10:43 #log @Synapse#0692 edited message from 2018-04-26 15:10:43 () to read: 
2018-04-26 15:10:53 #log @Synapse#0692: 
2018-04-26 15:10:53 #log @Synapse#0692 edited message from 2018-04-26 15:10:53 () to read: 
2018-04-26 15:10:53 #log @Synapse#0692: 
2018-04-26 15:10:53 #log @Synapse#0692 edited message from 2018-04-26 15:10:53 () to read: 
2018-04-26 15:10:53 #log @Synapse#0692: 
2018-04-26 15:10:53 #log @Synapse#0692 edited message from 2018-04-26 15:10:53 () to read: 
2018-04-26 15:23:40 #log @Synapse#0692: 
2018-04-26 15:23:40 #log @Synapse#0692 edited message from 2018-04-26 15:23:40 () to read: 
2018-04-26 15:36:49 #log @Synapse#0692: 
2018-04-26 15:36:49 #log @Synapse#0692 edited message from 2018-04-26 15:36:49 () to read: 
2018-04-26 15:36:56 #log @Synapse#0692: 
2018-04-26 15:36:56 #log @Synapse#0692 edited message from 2018-04-26 15:36:56 () to read: 
2018-04-26 16:06:12 #log @Synapse#0692: 
2018-04-26 16:06:13 #log @Synapse#0692 edited message from 2018-04-26 16:06:12 () to read: 
2018-04-26 16:06:35 #log @Synapse#0692: 
2018-04-26 16:06:36 #log @Synapse#0692 edited message from 2018-04-26 16:06:35 () to read: 
2018-04-26 16:30:04 #log @Synapse#0692: 
2018-04-26 16:30:04 #log @Synapse#0692 edited message from 2018-04-26 16:30:04 () to read: 
2018-04-26 16:30:04 #log @Synapse#0692: 
2018-04-26 16:30:04 #log @Synapse#0692 edited message from 2018-04-26 16:30:04 () to read: 
2018-04-26 19:07:35 #log @Synapse#0692: 
2018-04-26 19:07:35 #log @Synapse#0692 edited message from 2018-04-26 19:07:35 () to read: 
2018-04-26 19:08:09 #log @Synapse#0692: 
2018-04-26 19:08:09 #log @Synapse#0692 edited message from 2018-04-26 19:08:09 () to read: 
2018-04-26 23:25:58 #log @Synapse#0692: 
2018-04-26 23:26:00 #log @Synapse#0692 edited message from 2018-04-26 23:25:58 () to read: 
2018-04-26 23:26:29 #log @Synapse#0692: 
2018-04-26 23:26:29 #log @Synapse#0692 edited message from 2018-04-26 23:26:29 () to read: 
2018-04-27 00:39:36 #log @Synapse#0692: 
2018-04-27 00:39:36 #log @Synapse#0692 edited message from 2018-04-27 00:39:36 () to read: 
2018-04-27 04:45:40 #log @Synapse#0692: 
2018-04-27 04:45:40 #log @Synapse#0692 edited message from 2018-04-27 04:45:40 () to read: 
2018-04-27 10:14:14 #log @Synapse#0692: 
2018-04-27 10:14:14 #log @Synapse#0692 edited message from 2018-04-27 10:14:14 () to read: 
2018-04-27 10:15:11 #log @Synapse#0692: 
2018-04-27 10:15:12 #log @Synapse#0692 edited message from 2018-04-27 10:15:11 () to read: 
2018-04-27 10:15:16 #log @Synapse#0692: 
2018-04-27 10:15:16 #log @Synapse#0692 edited message from 2018-04-27 10:15:16 () to read: 
2018-04-27 10:15:24 #log @Synapse#0692: 
2018-04-27 10:15:24 #log @Synapse#0692 edited message from 2018-04-27 10:15:24 () to read: 
2018-04-27 10:15:24 #log @Synapse#0692: 
2018-04-27 10:15:24 #log @Synapse#0692 edited message from 2018-04-27 10:15:24 () to read: 
2018-04-27 10:15:31 #log @Synapse#0692: 
2018-04-27 10:15:31 #log @Synapse#0692 edited message from 2018-04-27 10:15:31 () to read: 
2018-04-27 10:15:31 #log @Synapse#0692: 
2018-04-27 10:15:32 #log @Synapse#0692 edited message from 2018-04-27 10:15:31 () to read: 
2018-04-27 14:53:04 #log @Synapse#0692: 
2018-04-27 14:53:04 #log @Synapse#0692 edited message from 2018-04-27 14:53:04 () to read: 
2018-04-27 18:24:46 #log @Synapse#0692: 
2018-04-27 18:24:46 #log @Synapse#0692 edited message from 2018-04-27 18:24:46 () to read: 
2018-04-27 18:24:47 #log @Synapse#0692: 
2018-04-27 18:24:47 #log @Synapse#0692 edited message from 2018-04-27 18:24:47 () to read: 
2018-04-27 18:24:47 #log @Synapse#0692: 
2018-04-27 18:24:47 #log @Synapse#0692 edited message from 2018-04-27 18:24:47 () to read: 
2018-04-27 18:24:47 #log @Synapse#0692: 
2018-04-27 18:24:47 #log @Synapse#0692 edited message from 2018-04-27 18:24:47 () to read: 
2018-04-27 18:24:47 #log @Synapse#0692: 
2018-04-27 18:24:47 #log @Synapse#0692 edited message from 2018-04-27 18:24:47 () to read: 
2018-04-27 18:24:53 #log @Synapse#0692: 
2018-04-27 18:24:53 #log @Synapse#0692 edited message from 2018-04-27 18:24:53 () to read: 
2018-04-27 20:28:11 #log @Synapse#0692: 
2018-04-27 20:28:11 #log @Synapse#0692 edited message from 2018-04-27 20:28:11 () to read: 
2018-04-27 20:28:37 #log @Synapse#0692: 
2018-04-27 20:28:38 #log @Synapse#0692 edited message from 2018-04-27 20:28:37 () to read: 
2018-04-27 22:37:23 #log @Synapse#0692: 
2018-04-27 22:37:24 #log @Synapse#0692 edited message from 2018-04-27 22:37:23 () to read: 
2018-04-27 22:42:37 #log @Synapse#0692: 
2018-04-27 22:42:38 #log @Synapse#0692 edited message from 2018-04-27 22:42:37 () to read: 
2018-04-27 23:21:50 #log @Synapse#0692: 
2018-04-27 23:21:50 #log @Synapse#0692 edited message from 2018-04-27 23:21:50 () to read: 
2018-04-27 23:45:16 #log @Synapse#0692: 
2018-04-27 23:45:16 #log @Synapse#0692 edited message from 2018-04-27 23:45:16 () to read: 
2018-04-28 00:11:30 #log @Synapse#0692: 
2018-04-28 00:11:30 #log @Synapse#0692 edited message from 2018-04-28 00:11:30 () to read: 
2018-04-28 06:45:52 #log @Synapse#0692: 
2018-04-28 06:45:52 #log @Synapse#0692 edited message from 2018-04-28 06:45:52 () to read: 
2018-04-30 10:08:31 #log @Synapse#0692: 
2018-04-30 10:08:31 #log @Synapse#0692 edited message from 2018-04-30 10:08:31 () to read: 
2018-04-30 10:08:31 #log @Synapse#0692: 
2018-04-30 10:08:31 #log @Synapse#0692 edited message from 2018-04-30 10:08:31 () to read: 
2018-04-30 10:08:31 #log @Synapse#0692: 
2018-04-30 10:08:31 #log @Synapse#0692 edited message from 2018-04-30 10:08:31 () to read: 
2018-04-30 10:08:31 #log @Synapse#0692: 
2018-04-30 10:08:31 #log @Synapse#0692 edited message from 2018-04-30 10:08:31 () to read: 
2018-04-30 10:08:31 #log @Synapse#0692: 
2018-04-30 10:08:31 #log @Synapse#0692 edited message from 2018-04-30 10:08:31 () to read: 
2018-04-30 10:08:37 #log @Synapse#0692: 
2018-04-30 10:08:38 #log @Synapse#0692 edited message from 2018-04-30 10:08:37 () to read: 
2018-04-30 10:08:38 #log @Synapse#0692: 
2018-04-30 10:08:38 #log @Synapse#0692 edited message from 2018-04-30 10:08:38 () to read: 
2018-04-30 10:08:38 #log @Synapse#0692: 
2018-04-30 10:08:38 #log @Synapse#0692 edited message from 2018-04-30 10:08:38 () to read: 
2018-04-30 10:08:38 #log @Synapse#0692: 
2018-04-30 10:08:38 #log @Synapse#0692 edited message from 2018-04-30 10:08:38 () to read: 
2018-04-30 10:08:38 #log @Synapse#0692: 
2018-04-30 10:08:38 #log @Synapse#0692 edited message from 2018-04-30 10:08:38 () to read: 
2018-04-30 10:08:43 #log @Synapse#0692: 
2018-04-30 10:08:43 #log @Synapse#0692 edited message from 2018-04-30 10:08:43 () to read: 
2018-04-30 10:08:43 #log @Synapse#0692: 
2018-04-30 10:08:43 #log @Synapse#0692 edited message from 2018-04-30 10:08:43 () to read: 
2018-04-30 13:18:14 #log @Synapse#0692: 
2018-04-30 13:18:14 #log @Synapse#0692 edited message from 2018-04-30 13:18:14 () to read: 
2018-04-30 13:18:37 #log @Synapse#0692: 
2018-04-30 13:18:37 #log @Synapse#0692 edited message from 2018-04-30 13:18:37 () to read: 
2018-04-30 14:42:25 #log @Synapse#0692: 
2018-04-30 14:42:26 #log @Synapse#0692 edited message from 2018-04-30 14:42:25 () to read: 
2018-04-30 14:42:39 #log @Synapse#0692: 
2018-04-30 14:42:39 #log @Synapse#0692 edited message from 2018-04-30 14:42:39 () to read: 
2018-04-30 16:00:06 #log @Synapse#0692: 
2018-04-30 16:00:06 #log @Synapse#0692 edited message from 2018-04-30 16:00:06 () to read: 
2018-04-30 16:00:06 #log @Synapse#0692: 
2018-04-30 16:00:06 #log @Synapse#0692 edited message from 2018-04-30 16:00:06 () to read: 
2018-04-30 16:00:06 #log @Synapse#0692: 
2018-04-30 16:00:06 #log @Synapse#0692 edited message from 2018-04-30 16:00:06 () to read: 
2018-04-30 16:04:48 #log @Synapse#0692: 
2018-04-30 16:04:49 #log @Synapse#0692 edited message from 2018-04-30 16:04:48 () to read: 
2018-04-30 16:57:58 #log @Synapse#0692: 
2018-04-30 16:57:58 #log @Synapse#0692 edited message from 2018-04-30 16:57:58 () to read: 
2018-04-30 16:58:00 #log @Synapse#0692: 
2018-04-30 16:58:01 #log @Synapse#0692 edited message from 2018-04-30 16:58:00 () to read: 
2018-04-30 16:58:02 #log @Synapse#0692: 
2018-04-30 16:58:02 #log @Synapse#0692 edited message from 2018-04-30 16:58:02 () to read: 
2018-04-30 20:10:56 #log @Synapse#0692: 
2018-04-30 20:10:56 #log @Synapse#0692 edited message from 2018-04-30 20:10:56 () to read: 
2018-04-30 20:10:56 #log @Synapse#0692: 
2018-04-30 20:10:56 #log @Synapse#0692 edited message from 2018-04-30 20:10:56 () to read: 
2018-04-30 20:57:29 #log @Synapse#0692: 
2018-04-30 20:57:29 #log @Synapse#0692 edited message from 2018-04-30 20:57:29 () to read: 
2018-04-30 20:57:29 #log @Synapse#0692: 
2018-04-30 20:57:29 #log @Synapse#0692 edited message from 2018-04-30 20:57:29 () to read: 
2018-05-01 09:46:21 #log @Synapse#0692: 
2018-05-01 09:46:21 #log @Synapse#0692 edited message from 2018-05-01 09:46:21 () to read: 
2018-05-01 09:48:19 #log @Synapse#0692: 
2018-05-01 09:48:19 #log @Synapse#0692 edited message from 2018-05-01 09:48:19 () to read: 
2018-05-01 13:18:59 #log @Synapse#0692: 
2018-05-01 13:19:01 #log @Synapse#0692 edited message from 2018-05-01 13:18:59 () to read: 
2018-05-01 13:24:01 #log @Synapse#0692: 
2018-05-01 13:24:01 #log @Synapse#0692 edited message from 2018-05-01 13:24:01 () to read: 
2018-05-01 14:09:01 #log @Synapse#0692: 
2018-05-01 14:09:02 #log @Synapse#0692 edited message from 2018-05-01 14:09:01 () to read: 
2018-05-01 15:31:59 #log @Synapse#0692: 
2018-05-01 15:31:59 #log @Synapse#0692 edited message from 2018-05-01 15:31:59 () to read: 
2018-05-01 16:15:42 #log @Synapse#0692: 
2018-05-01 16:15:42 #log @Synapse#0692 edited message from 2018-05-01 16:15:42 () to read: 
2018-05-01 16:15:56 #log @Synapse#0692: 
2018-05-01 16:15:56 #log @Synapse#0692 edited message from 2018-05-01 16:15:56 () to read: 
2018-05-01 22:20:55 #log @Synapse#0692: 
2018-05-01 22:20:55 #log @Synapse#0692 edited message from 2018-05-01 22:20:55 () to read: 
2018-05-02 13:03:18 #log @Synapse#0692: 
2018-05-02 13:03:18 #log @Synapse#0692 edited message from 2018-05-02 13:03:18 () to read: 
2018-05-02 13:07:57 #log @Synapse#0692: 
2018-05-02 13:07:57 #log @Synapse#0692 edited message from 2018-05-02 13:07:57 () to read: 
