2018-04-18 19:28:35 #startchat @Synapse#0692: 
2018-04-18 19:28:48 #startchat @DvärgeN#5292: jävlar
2018-04-18 19:29:19 #startchat @Emil Bög Rengenvik#0936: 😦
2018-04-18 19:29:28 #startchat @DvärgeN#5292: KappaPride
2018-04-18 19:29:41 #startchat @DvärgeN#5292: 🍆 🍑
2018-04-18 19:32:06 #startchat @DvärgeN#5292: <:lel:436247474139561995>
2018-04-18 19:38:30 #startchat @MEE6#4876: 
2018-04-18 19:54:22 #startchat @DvärgeN#5292: <:nk:436247400034598912>
2018-04-18 20:11:22 #startchat @MEE6#0000: YO YO YO YO YO KAN VI FÅ LITE HYPE <:dwarf:375025346120253464> <:lel:436247474139561995>
2018-04-18 20:11:23 #startchat @MEE6#0000 edited message from 2018-04-18 20:11:22 (YO YO YO YO YO KAN VI FÅ LITE HYPE <:dwarf:375025346120253464> <:lel:436247474139561995>) to read: YO YO YO YO YO KAN VI FÅ LITE HYPE <:dwarf:375025346120253464> <:lel:436247474139561995>
2018-04-18 20:11:35 #startchat @Emil Bög Rengenvik#0936: 😠
2018-04-18 20:21:38 #startchat @MEE6#0000: YO YO YO YO YO KAN VI FÅ LITE HYPE <:dwarf:375025346120253464> <:lel:436247474139561995>
2018-04-19 17:45:21 #startchat @Emil Bög Rengenvik#0936:  (attachment url(s): https://cdn.discordapp.com/attachments/314810297590480897/436583096138203137/unknown.png)
2018-04-19 17:45:23 #startchat @Emil Bög Rengenvik#0936: xd?
2018-04-19 17:52:00 #startchat @MEE6#0000: YO YO YO YO YO KAN VI FÅ LITE HYPE <:dwarf:375025346120253464> <:lel:436247474139561995>
2018-04-19 18:45:28 #startchat @DvärgeN#5292: wtf
2018-04-20 00:08:08 #startchat @MEE6#0000: YO YO YO YO YO KAN VI FÅ LITE HYPE <:dwarf:375025346120253464> <:lel:436247474139561995>
2018-04-20 00:08:08 #startchat @MEE6#0000 edited message from 2018-04-20 00:08:08 (YO YO YO YO YO KAN VI FÅ LITE HYPE <:dwarf:375025346120253464> <:lel:436247474139561995>) to read: YO YO YO YO YO KAN VI FÅ LITE HYPE <:dwarf:375025346120253464> <:lel:436247474139561995>
2018-04-21 21:08:10 #startchat @Emil Bög Rengenvik#0936: https://www.openrec.tv/live/V_LhFZd0VCh
2018-04-21 21:08:10 #startchat @Emil Bög Rengenvik#0936: https://www.openrec.tv/live/V_LhFZd0VCh
2018-04-21 21:08:16 #startchat @Emil Bög Rengenvik#0936: cookiezi live bois
2018-04-21 21:57:04 #startchat @Emil Bög Rengenvik#0936:  (attachment url(s): https://cdn.discordapp.com/attachments/314810297590480897/437371218618744834/unknown.png)
2018-04-21 21:57:08 #startchat @Emil Bög Rengenvik#0936: blyat ....
2018-04-22 00:09:15 #startchat @MEE6#0000: YO YO YO YO YO KAN VI FÅ LITE HYPE <:dwarf:375025346120253464> <:lel:436247474139561995>
2018-04-22 00:09:15 #startchat @MEE6#0000 edited message from 2018-04-22 00:09:15 (YO YO YO YO YO KAN VI FÅ LITE HYPE <:dwarf:375025346120253464> <:lel:436247474139561995>) to read: YO YO YO YO YO KAN VI FÅ LITE HYPE <:dwarf:375025346120253464> <:lel:436247474139561995>
2018-04-24 15:15:43 #startchat @Emil Bög Rengenvik#0936: awdawdawdaw
2018-04-24 15:15:43 #startchat @MEE6#4876: Råttan som heter @Emil Bög Rengenvik gick precis upp till level 1! <:lel:436247474139561995>
2018-04-27 00:08:32 #startchat @MEE6#0000: YO YO YO YO YO KAN VI FÅ LITE HYPE <:dwarf:375025346120253464> <:lel:436247474139561995>
2018-04-27 00:08:33 #startchat @MEE6#0000 edited message from 2018-04-27 00:08:32 (YO YO YO YO YO KAN VI FÅ LITE HYPE <:dwarf:375025346120253464> <:lel:436247474139561995>) to read: YO YO YO YO YO KAN VI FÅ LITE HYPE <:dwarf:375025346120253464> <:lel:436247474139561995>
2018-04-27 19:38:05 #startchat @MEE6#4876: HEJ ALLA DVÄRGAR @​everyone, xSwePvper ÄR LIVE PÅ https://www.twitch.tv/xswepvper ! Go check it out!
2018-04-27 19:38:05 #startchat @MEE6#4876 edited message from 2018-04-27 19:38:05 (HEJ ALLA DVÄRGAR @​everyone, xSwePvper ÄR LIVE PÅ https://www.twitch.tv/xswepvper ! Go check it out!) to read: HEJ ALLA DVÄRGAR @​everyone, xSwePvper ÄR LIVE PÅ https://www.twitch.tv/xswepvper ! Go check it out!
2018-04-27 20:07:09 #startchat @MEE6#0000: YO YO YO YO YO KAN VI FÅ LITE HYPE <:dwarf:375025346120253464> <:lel:436247474139561995>
2018-04-28 18:27:48 #startchat @★woidy★#8058: 
2018-04-28 18:27:59 #startchat @Gunnar#2397: 
2018-04-28 18:28:52 #startchat @Ellson!#7118: 
2018-04-28 18:29:49 #startchat @BobbaN#8566: 
2018-04-28 18:32:41 #startchat @poseidon#8427: 
2018-04-28 20:06:11 #startchat @DvärgeN#5292: 🍆 🍑
2018-04-28 20:07:24 #startchat @MEE6#0000: YO YO YO YO YO KAN VI FÅ LITE HYPE <:dwarf:375025346120253464> <:lel:436247474139561995>
2018-04-28 20:07:24 #startchat @MEE6#0000 edited message from 2018-04-28 20:07:24 (YO YO YO YO YO KAN VI FÅ LITE HYPE <:dwarf:375025346120253464> <:lel:436247474139561995>) to read: YO YO YO YO YO KAN VI FÅ LITE HYPE <:dwarf:375025346120253464> <:lel:436247474139561995>
2018-04-28 20:27:47 #startchat @💯Aleke💯#1338: 
