2018-04-21 15:41:49 #FORTNITE #3 Voice channel leave: KebiX#5458 (id 305657335219486720) moving to MODERACJA
2018-04-21 15:41:53 #FORTNITE #3 Voice channel join: KebiX#5458 (id 305657335219486720), moved from MODERACJA
2018-04-21 15:41:57 #FORTNITE #3 Voice channel join: Koktajl Bananowy#0581 (id 329260130250129419), moved from FORTNITE #2
2018-04-21 15:55:11 #FORTNITE #3 Voice channel join: szturm18#6671 (id 428982909265772544)
2018-04-21 15:56:12 #FORTNITE #3 Voice channel leave: szturm18#6671 (id 428982909265772544)
2018-04-21 15:56:14 #FORTNITE #3 Voice channel join: szturm18#6671 (id 428982909265772544)
2018-04-21 15:56:22 #FORTNITE #3 Voice channel join: Dyno#3861 (id 155149108183695360)
2018-04-21 15:56:38 #FORTNITE #3 Voice channel leave: Dyno#3861 (id 155149108183695360)
2018-04-21 15:56:52 #FORTNITE #3 Voice channel join: Dyno#3861 (id 155149108183695360)
2018-04-21 15:57:16 #FORTNITE #3 Voice channel leave: Dyno#3861 (id 155149108183695360)
2018-04-21 15:57:58 #FORTNITE #3 Voice channel join: Dyno#3861 (id 155149108183695360)
2018-04-21 15:58:05 #FORTNITE #3 Voice channel leave: Dyno#3861 (id 155149108183695360)
2018-04-21 15:58:14 #FORTNITE #3 Voice channel leave: szturm18#6671 (id 428982909265772544)
2018-04-21 15:58:18 #FORTNITE #3 Voice channel join: szturm18#6671 (id 428982909265772544)
2018-04-21 16:09:56 #FORTNITE #3 Voice channel leave: KebiX#5458 (id 305657335219486720)
2018-04-21 16:23:48 #FORTNITE #3 Voice channel leave: TomekBujak123321#4260 (id 393750042369982487)
2018-04-21 16:23:50 #FORTNITE #3 Voice channel join: TomekBujak123321#4260 (id 393750042369982487)
2018-04-21 16:23:55 #FORTNITE #3 Voice channel leave: Koktajl Bananowy#0581 (id 329260130250129419)
2018-04-21 16:23:56 #FORTNITE #3 Voice channel leave: TomekBujak123321#4260 (id 393750042369982487)
2018-04-21 16:24:00 #FORTNITE #3 Voice channel leave: szturm18#6671 (id 428982909265772544)
2018-04-21 17:21:00 #FORTNITE #3 Voice channel join: cienka faja#2245 (id 437298178828664842), moved from FORTNITE #2
2018-04-21 17:21:01 #FORTNITE #3 Voice channel leave: cienka faja#2245 (id 437298178828664842) moving to FORTNITE #4
