2018-04-21 16:26:43 #bot @KebiX#5458: .help
2018-04-21 16:27:33 #bot @KebiX#5458: .prefix
2018-04-21 16:27:33 #bot @Synapse#0692: 
2018-04-21 16:27:33 #bot @Synapse#0692 edited message from 2018-04-21 16:27:33 () to read: 
2018-04-21 16:27:42 #bot @KebiX#5458: .prefix ADMIN
2018-04-21 16:27:42 #bot @Synapse#0692: 
2018-04-21 16:27:43 #bot @Synapse#0692 edited message from 2018-04-21 16:27:42 () to read: 
2018-04-21 16:27:49 #bot @KebiX#5458: w
2018-04-21 16:27:53 #bot @KebiX#5458 deleted message from 2018-04-21 16:27:49 (w)
2018-04-21 16:28:21 #bot @KebiX#5458: .antispam 10 mute
2018-04-21 16:28:28 #bot @KebiX#5458: .antispam
2018-04-21 16:28:43 #bot @KebiX#5458: .antispam
2018-04-21 16:28:54 #bot @KebiX#5458: adminantisam
2018-04-21 16:28:58 #bot @KebiX#5458: admin prefix
2018-04-21 16:29:07 #bot @KebiX#5458: admindefprefix
2018-04-21 16:29:18 #bot @KebiX#5458: admin def prefix
2018-04-21 16:29:23 #bot @KebiX#5458: .def prefix
2018-04-21 16:29:33 #bot @KebiX#5458: .defprefix
2018-04-21 16:29:37 #bot @KebiX#5458: admindefprefix
2018-04-21 16:29:46 #bot @KebiX#5458: admin defprefix
2018-04-21 16:29:59 #bot @KebiX#5458: adminhelp
2018-04-21 16:30:05 #bot @KebiX#5458: admindefprefix
2018-04-21 16:30:12 #bot @KebiX#5458: adminprefix
2018-04-21 16:30:12 #bot @Synapse#0692: 
2018-04-21 16:30:12 #bot @Synapse#0692 edited message from 2018-04-21 16:30:12 () to read: 
2018-04-21 16:30:17 #bot @KebiX#5458: adminprefix .
2018-04-21 16:30:17 #bot @Synapse#0692: 
2018-04-21 16:30:17 #bot @Synapse#0692 edited message from 2018-04-21 16:30:17 () to read: 
2018-04-21 16:30:22 #bot @KebiX#5458: .antispam
2018-04-21 16:30:22 #bot @Synapse#0692: 
2018-04-21 16:30:22 #bot @Synapse#0692 edited message from 2018-04-21 16:30:22 () to read: 
2018-04-21 16:30:32 #bot @KebiX#5458: .antispam 5 mute
2018-04-21 16:30:35 #bot @Synapse#0692: 
2018-04-21 16:30:36 #bot @Synapse#0692 edited message from 2018-04-21 16:30:35 () to read: 
2018-04-21 16:46:10 #bot @KebiX#5458: ^ranks
2018-04-21 16:48:05 #bot @KebiX#5458: !help
2018-04-21 16:48:06 #bot @Synapse#0692: Check your DM, @[ADMIN] KEBIX! I have sent something for you :wink:
2018-04-21 18:15:22 #bot @KebiX#5458: ?yt jeden kraj
2018-04-21 18:15:24 #bot @Dyno#3861: Added KęKę - Jeden kraj to the queue.
2018-04-21 18:15:26 #bot @Dyno#3861: 
2018-04-21 18:15:26 #bot @Dyno#3861 edited message from 2018-04-21 18:15:26 () to read: 
2018-04-21 18:15:43 #bot @KebiX#5458: ?stop
2018-04-21 18:16:12 #bot @Dyno#3861: 
2018-04-21 18:16:13 #bot @Dyno#3861 edited message from 2018-04-21 18:16:12 () to read: 
2018-04-21 18:16:52 #bot @Dyno#3861: 
2018-04-21 18:16:52 #bot @Dyno#3861 edited message from 2018-04-21 18:16:52 () to read: 
2018-04-21 18:24:58 #bot @Koktajl Bananowy#0581: ?YT rak
2018-04-21 18:25:04 #bot @Dyno#3861: Added SexMasterka - RAK (OFFICIAL VIDEO) to the queue.
2018-04-21 18:25:08 #bot @Dyno#3861: 
2018-04-21 18:25:08 #bot @Dyno#3861 edited message from 2018-04-21 18:25:08 () to read: 
2018-04-21 18:25:21 #bot @Koktajl Bananowy#0581: ? Stop
2018-04-21 18:25:28 #bot @Koktajl Bananowy#0581: ?Stop
2018-04-21 18:27:27 #bot @KebiX#5458: ?play https://www.youtube.com/playlist?list=PLsFntL3swaS92wcyPIFQZbP2jazW-EZAY
2018-04-21 18:27:28 #bot @KebiX#5458 edited message from 2018-04-21 18:27:27 (?play https://www.youtube.com/playlist?list=PLsFntL3swaS92wcyPIFQZbP2jazW-EZAY) to read: ?play https://www.youtube.com/playlist?list=PLsFntL3swaS92wcyPIFQZbP2jazW-EZAY
2018-04-21 18:27:33 #bot @Dyno#3861: 
2018-04-21 18:27:33 #bot @Dyno#3861 edited message from 2018-04-21 18:27:33 () to read: 
2018-04-21 18:27:43 #bot @Dyno#3861: Added Modern Talking - You're My Heart, You're My Soul (Video) to the queue.
2018-04-21 18:27:50 #bot @KebiX#5458: ?skip
2018-04-21 18:27:54 #bot @Dyno#3861: 
2018-04-21 18:27:54 #bot @Dyno#3861 edited message from 2018-04-21 18:27:54 () to read: 
2018-04-21 18:27:57 #bot @KebiX#5458: ?skip
2018-04-21 18:28:17 #bot @Dyno#3861: 
2018-04-21 18:28:17 #bot @Dyno#3861 edited message from 2018-04-21 18:28:17 () to read: 
2018-04-21 18:28:21 #bot @Koktajl Bananowy#0581: ?Stop
2018-04-21 18:31:05 #bot @KebiX#5458: ?help
2018-04-21 20:25:47 #bot @KebiX#5458: ?yt rak
2018-04-21 20:25:48 #bot @Dyno#3861: 
2018-04-21 20:25:49 #bot @Dyno#3861 edited message from 2018-04-21 20:25:48 () to read: 
2018-04-21 20:25:50 #bot @Dyno#3861: Added SexMasterka - RAK (OFFICIAL VIDEO) to the queue.
2018-04-21 20:25:54 #bot @KebiX#5458: ?stop
