2018-04-26 20:01:03 #general Voice channel join: Meenah Peixes#0213 (id 205763180952158208)
2018-04-26 20:01:44 #general Voice channel leave: Meenah Peixes#0213 (id 205763180952158208)
2018-04-26 20:02:06 #general Voice channel join: Meenah Peixes#0213 (id 205763180952158208)
2018-04-26 20:02:47 #general Voice channel join: FredBoat♪♪#7284 (id 184405311681986560)
2018-04-26 20:03:17 #general Voice channel join: Dank Memer#6539 (id 270904126974590976)
2018-04-26 20:03:32 #general Voice channel leave: Dank Memer#6539 (id 270904126974590976)
2018-04-26 20:03:40 #general Voice channel join: Dank Memer#6539 (id 270904126974590976)
2018-04-26 20:03:51 #general Voice channel leave: Dank Memer#6539 (id 270904126974590976)
2018-04-26 20:03:54 #general Voice channel join: Dank Memer#6539 (id 270904126974590976)
2018-04-26 20:04:05 #general Voice channel leave: Dank Memer#6539 (id 270904126974590976)
2018-04-26 20:04:06 #general Voice channel join: Dank Memer#6539 (id 270904126974590976)
2018-04-26 20:04:23 #general Voice channel leave: Dank Memer#6539 (id 270904126974590976)
2018-04-26 20:04:27 #general Voice channel join: Dank Memer#6539 (id 270904126974590976)
2018-04-26 20:06:34 #general Voice channel leave: FredBoat♪♪#7284 (id 184405311681986560)
2018-04-26 20:08:13 #general Voice channel leave: deledudaduda#1850 (id 368678021344919583) moving to music♪
2018-04-26 20:08:16 #general Voice channel join: deledudaduda#1850 (id 368678021344919583), moved from music♪
2018-04-26 20:08:20 #general Voice channel join: FredBoat♪♪#7284 (id 184405311681986560)
2018-04-26 20:08:39 #general Server mute: FredBoat♪♪#7284 (id 184405311681986560)
2018-04-26 20:08:42 #general Server unmute: FredBoat♪♪#7284 (id 184405311681986560)
2018-04-26 20:08:50 #general Server deafen: FredBoat♪♪#7284 (id 184405311681986560)
2018-04-26 20:08:53 #general Server undeafen: FredBoat♪♪#7284 (id 184405311681986560)
2018-04-26 20:13:40 #general Server self-deafen: galaxia#0294 (id 284385531432009728)
2018-04-26 20:13:40 #general Server self-mute: galaxia#0294 (id 284385531432009728)
2018-04-26 20:13:59 #general Server self-undeafen: galaxia#0294 (id 284385531432009728)
2018-04-26 20:13:59 #general Server self-unmute: galaxia#0294 (id 284385531432009728)
2018-04-26 20:18:24 #general Voice channel leave: Dank Memer#6539 (id 270904126974590976)
2018-04-26 20:19:37 #general Voice channel leave: galaxia#0294 (id 284385531432009728)
2018-04-26 20:20:03 #general Voice channel join: galaxia#0294 (id 284385531432009728)
2018-04-26 20:20:10 #general Server mute: galaxia#0294 (id 284385531432009728)
2018-04-26 20:20:10 #general Server deafen: galaxia#0294 (id 284385531432009728)
2018-04-26 20:20:11 #general Server unmute: galaxia#0294 (id 284385531432009728)
2018-04-26 20:20:11 #general Server undeafen: galaxia#0294 (id 284385531432009728)
2018-04-26 20:29:30 #general Server mute: FredBoat♪♪#7284 (id 184405311681986560)
2018-04-26 20:29:52 #general Server unmute: FredBoat♪♪#7284 (id 184405311681986560)
2018-04-26 20:32:38 #general Voice channel join: FredBoat♪♪#7284 (id 184405311681986560)
2018-04-26 20:35:18 #general Server mute: FredBoat♪♪#7284 (id 184405311681986560)
2018-04-26 20:35:22 #general Server unmute: FredBoat♪♪#7284 (id 184405311681986560)
2018-04-26 20:35:25 #general Server mute: FredBoat♪♪#7284 (id 184405311681986560)
2018-04-26 20:35:26 #general Server unmute: FredBoat♪♪#7284 (id 184405311681986560)
2018-04-26 20:35:30 #general Server deafen: FredBoat♪♪#7284 (id 184405311681986560)
2018-04-26 20:35:32 #general Server undeafen: FredBoat♪♪#7284 (id 184405311681986560)
2018-04-26 20:40:13 #general Server mute: Meenah Peixes#0213 (id 205763180952158208)
2018-04-26 20:41:06 #general Server self-deafen: galaxia#0294 (id 284385531432009728)
2018-04-26 20:41:06 #general Server self-mute: galaxia#0294 (id 284385531432009728)
2018-04-26 20:41:33 #general Server unmute: Meenah Peixes#0213 (id 205763180952158208)
2018-04-26 20:41:36 #general Voice channel join: deledudaduda#1850 (id 368678021344919583)
2018-04-26 20:41:44 #general Server mute: deledudaduda#1850 (id 368678021344919583)
2018-04-26 20:42:49 #general Server unmute: deledudaduda#1850 (id 368678021344919583)
2018-04-26 20:43:32 #general Server mute: FredBoat♪♪#7284 (id 184405311681986560)
2018-04-26 20:43:33 #general Server unmute: FredBoat♪♪#7284 (id 184405311681986560)
2018-04-26 20:44:31 #general Server mute: deledudaduda#1850 (id 368678021344919583)
2018-04-26 20:44:34 #general Server unmute: deledudaduda#1850 (id 368678021344919583)
2018-04-26 20:45:49 #general Server self-undeafen: galaxia#0294 (id 284385531432009728)
2018-04-26 20:45:49 #general Server self-unmute: galaxia#0294 (id 284385531432009728)
2018-04-26 20:46:06 #general Voice channel leave: galaxia#0294 (id 284385531432009728) moving to music♪
2018-04-26 20:46:06 #general Voice channel leave: Archie#3185 (id 204873716709064704) moving to cs-go
2018-04-26 20:46:18 #general Voice channel leave: Wolf#0805 (id 300048860166750208) moving to music♪
2018-04-26 20:46:32 #general Voice channel join: Archie#3185 (id 204873716709064704), moved from music♪
2018-04-26 20:46:35 #general Voice channel join: Wolf#0805 (id 300048860166750208), moved from music♪
2018-04-26 20:49:11 #general Server mute: FredBoat♪♪#7284 (id 184405311681986560)
2018-04-26 20:49:15 #general Server unmute: FredBoat♪♪#7284 (id 184405311681986560)
2018-04-26 20:49:16 #general Server mute: FredBoat♪♪#7284 (id 184405311681986560)
2018-04-26 20:49:17 #general Server unmute: FredBoat♪♪#7284 (id 184405311681986560)
2018-04-26 20:49:18 #general Server mute: FredBoat♪♪#7284 (id 184405311681986560)
2018-04-26 20:49:18 #general Server mute: FredBoat♪♪#7284 (id 184405311681986560)
2018-04-26 20:49:18 #general Server unmute: FredBoat♪♪#7284 (id 184405311681986560)
2018-04-26 20:49:18 #general Server unmute: FredBoat♪♪#7284 (id 184405311681986560)
2018-04-26 20:49:56 #general Voice channel leave: deledudaduda#1850 (id 368678021344919583)
2018-04-26 20:51:50 #general Server mute: FredBoat♪♪#7284 (id 184405311681986560)
2018-04-26 20:51:57 #general Server unmute: FredBoat♪♪#7284 (id 184405311681986560)
2018-04-26 20:52:01 #general Server mute: FredBoat♪♪#7284 (id 184405311681986560)
2018-04-26 20:52:04 #general Server unmute: FredBoat♪♪#7284 (id 184405311681986560)
2018-04-26 20:56:51 #general Voice channel join: galaxia#0294 (id 284385531432009728)
2018-04-26 20:57:11 #general Server self-deafen: galaxia#0294 (id 284385531432009728)
2018-04-26 20:57:11 #general Server self-mute: galaxia#0294 (id 284385531432009728)
2018-04-26 20:58:14 #general Server self-undeafen: galaxia#0294 (id 284385531432009728)
2018-04-26 20:58:14 #general Server self-unmute: galaxia#0294 (id 284385531432009728)
2018-04-26 21:00:35 #general Voice channel leave: galaxia#0294 (id 284385531432009728)
2018-04-26 21:02:00 #general Voice channel join: galaxia#0294 (id 284385531432009728)
2018-04-26 21:02:22 #general Voice channel leave: FredBoat♪♪#7284 (id 184405311681986560)
2018-04-26 21:02:33 #general Voice channel join: FredBoat♪♪#7284 (id 184405311681986560)
2018-04-26 21:02:36 #general Voice channel leave: galaxia#0294 (id 284385531432009728)
2018-04-26 21:02:49 #general Voice channel join: galaxia#0294 (id 284385531432009728), moved from cs-go
2018-04-26 21:02:56 #general Voice channel leave: galaxia#0294 (id 284385531432009728) moving to real roblox hours
2018-04-26 21:02:57 #general Voice channel join: galaxia#0294 (id 284385531432009728), moved from real roblox hours
2018-04-26 21:02:59 #general Voice channel leave: galaxia#0294 (id 284385531432009728) moving to real roblox hours
2018-04-26 21:03:03 #general Voice channel join: galaxia#0294 (id 284385531432009728), moved from real roblox hours
2018-04-26 21:03:03 #general Voice channel leave: galaxia#0294 (id 284385531432009728) moving to real roblox hours
2018-04-26 21:03:04 #general Voice channel join: galaxia#0294 (id 284385531432009728), moved from real roblox hours
2018-04-26 21:03:06 #general Voice channel join: galaxia#0294 (id 284385531432009728), moved from music♪
2018-04-26 21:03:10 #general Voice channel join: galaxia#0294 (id 284385531432009728), moved from music♪
2018-04-26 21:03:14 #general Voice channel join: galaxia#0294 (id 284385531432009728), moved from music♪
2018-04-26 21:03:14 #general Voice channel join: galaxia#0294 (id 284385531432009728), moved from real roblox hours
2018-04-26 21:03:15 #general Voice channel leave: galaxia#0294 (id 284385531432009728) moving to music♪
2018-04-26 21:03:16 #general Voice channel join: galaxia#0294 (id 284385531432009728), moved from music♪
2018-04-26 21:03:17 #general Voice channel join: galaxia#0294 (id 284385531432009728), moved from music♪
2018-04-26 21:03:18 #general Voice channel leave: galaxia#0294 (id 284385531432009728) moving to music♪
2018-04-26 21:03:18 #general Voice channel join: galaxia#0294 (id 284385531432009728), moved from music♪
2018-04-26 21:03:19 #general Voice channel leave: galaxia#0294 (id 284385531432009728) moving to music♪
2018-04-26 21:03:19 #general Voice channel join: galaxia#0294 (id 284385531432009728), moved from music♪
2018-04-26 21:03:21 #general Voice channel leave: galaxia#0294 (id 284385531432009728) moving to music♪
2018-04-26 21:03:21 #general Voice channel leave: galaxia#0294 (id 284385531432009728) moving to music♪
2018-04-26 21:03:21 #general Voice channel join: galaxia#0294 (id 284385531432009728), moved from music♪
2018-04-26 21:03:22 #general Voice channel leave: galaxia#0294 (id 284385531432009728) moving to real roblox hours
2018-04-26 21:03:22 #general Voice channel join: galaxia#0294 (id 284385531432009728), moved from real roblox hours
2018-04-26 21:03:24 #general Voice channel leave: Meenah Peixes#0213 (id 205763180952158208) moving to real roblox hours
2018-04-26 21:03:25 #general Voice channel leave: galaxia#0294 (id 284385531432009728) moving to real roblox hours
2018-04-26 21:03:25 #general Voice channel join: galaxia#0294 (id 284385531432009728), moved from real roblox hours
2018-04-26 21:03:26 #general Voice channel leave: galaxia#0294 (id 284385531432009728) moving to real roblox hours
2018-04-26 21:03:29 #general Voice channel leave: galaxia#0294 (id 284385531432009728) moving to cs-go
2018-04-26 21:03:29 #general Voice channel join: Meenah Peixes#0213 (id 205763180952158208), moved from real roblox hours
2018-04-26 21:03:29 #general Voice channel join: galaxia#0294 (id 284385531432009728), moved from cs-go
2018-04-26 21:03:29 #general Voice channel join: galaxia#0294 (id 284385531432009728), moved from real roblox hours
2018-04-26 21:03:29 #general Voice channel leave: galaxia#0294 (id 284385531432009728) moving to real roblox hours
2018-04-26 21:03:29 #general Voice channel join: galaxia#0294 (id 284385531432009728), moved from real roblox hours
2018-04-26 21:03:32 #general Voice channel leave: FredBoat♪♪#7284 (id 184405311681986560) moving to music♪
2018-04-26 21:03:32 #general Voice channel leave: Archie#3185 (id 204873716709064704) moving to music♪
2018-04-26 21:03:33 #general Voice channel join: FredBoat♪♪#7284 (id 184405311681986560), moved from music♪
2018-04-26 21:03:36 #general Voice channel leave: Wolf#0805 (id 300048860166750208) moving to music♪
2018-04-26 21:03:36 #general Voice channel join: Wolf#0805 (id 300048860166750208), moved from music♪
2018-04-26 21:03:37 #general Voice channel leave: FredBoat♪♪#7284 (id 184405311681986560) moving to music♪
2018-04-26 21:03:37 #general Voice channel join: Archie#3185 (id 204873716709064704), moved from music♪
2018-04-26 21:03:39 #general Voice channel join: FredBoat♪♪#7284 (id 184405311681986560), moved from music♪
2018-04-26 21:03:52 #general Voice channel leave: galaxia#0294 (id 284385531432009728) moving to music♪
2018-04-26 21:03:54 #general Voice channel join: galaxia#0294 (id 284385531432009728), moved from music♪
2018-04-26 21:03:58 #general Voice channel leave: galaxia#0294 (id 284385531432009728) moving to music♪
2018-04-26 21:03:58 #general Voice channel join: galaxia#0294 (id 284385531432009728), moved from music♪
2018-04-26 21:04:03 #general Voice channel leave: galaxia#0294 (id 284385531432009728) moving to music♪
2018-04-26 21:04:03 #general Voice channel join: galaxia#0294 (id 284385531432009728), moved from music♪
2018-04-26 21:04:05 #general Voice channel leave: galaxia#0294 (id 284385531432009728) moving to music♪
2018-04-26 21:04:05 #general Voice channel leave: galaxia#0294 (id 284385531432009728) moving to music♪
2018-04-26 21:04:05 #general Voice channel join: galaxia#0294 (id 284385531432009728), moved from music♪
2018-04-26 21:04:17 #general Voice channel leave: galaxia#0294 (id 284385531432009728) moving to music♪
2018-04-26 21:04:20 #general Voice channel join: galaxia#0294 (id 284385531432009728), moved from music♪
2018-04-26 21:04:20 #general Voice channel join: galaxia#0294 (id 284385531432009728), moved from real roblox hours
2018-04-26 21:04:24 #general Voice channel join: galaxia#0294 (id 284385531432009728), moved from music♪
2018-04-26 21:04:30 #general Voice channel join: galaxia#0294 (id 284385531432009728), moved from music♪
2018-04-26 21:05:22 #general Voice channel leave: galaxia#0294 (id 284385531432009728) moving to music♪
2018-04-26 21:05:26 #general Voice channel join: galaxia#0294 (id 284385531432009728), moved from music♪
2018-04-26 21:05:28 #general Voice channel leave: galaxia#0294 (id 284385531432009728) moving to real roblox hours
2018-04-26 21:05:30 #general Voice channel join: galaxia#0294 (id 284385531432009728), moved from real roblox hours
2018-04-26 21:05:34 #general Voice channel leave: galaxia#0294 (id 284385531432009728) moving to real roblox hours
2018-04-26 21:05:35 #general Voice channel join: galaxia#0294 (id 284385531432009728), moved from real roblox hours
2018-04-26 21:05:49 #general Voice channel leave: galaxia#0294 (id 284385531432009728) moving to real roblox hours
2018-04-26 21:05:49 #general Voice channel join: galaxia#0294 (id 284385531432009728), moved from real roblox hours
2018-04-26 21:08:13 #general Voice channel leave: galaxia#0294 (id 284385531432009728)
2018-04-26 21:08:17 #general Voice channel join: galaxia#0294 (id 284385531432009728), moved from cs-go
2018-04-26 21:08:17 #general Voice channel leave: galaxia#0294 (id 284385531432009728) moving to music♪
2018-04-26 21:08:20 #general Voice channel join: galaxia#0294 (id 284385531432009728), moved from music♪
2018-04-26 21:08:24 #general Voice channel leave: galaxia#0294 (id 284385531432009728)
2018-04-26 21:08:43 #general Voice channel join: galaxia#0294 (id 284385531432009728)
2018-04-26 21:15:33 #general Voice channel leave: Archie#3185 (id 204873716709064704)
2018-04-26 21:16:23 #general Voice channel join: Archie#3185 (id 204873716709064704)
2018-04-26 21:19:34 #general Voice channel join: galaxia#0294 (id 284385531432009728)
2018-04-26 21:19:56 #general Voice channel leave: Meenah Peixes#0213 (id 205763180952158208)
2018-04-26 21:21:23 #general Server mute: Wolf#0805 (id 300048860166750208)
2018-04-26 21:21:23 #general Server unmute: Wolf#0805 (id 300048860166750208)
2018-04-26 21:21:23 #general Server unmute: Wolf#0805 (id 300048860166750208)
2018-04-26 21:21:46 #general Server mute: FredBoat♪♪#7284 (id 184405311681986560)
2018-04-26 21:22:01 #general Voice channel leave: Archie#3185 (id 204873716709064704)
2018-04-26 21:22:05 #general Voice channel leave: Wolf#0805 (id 300048860166750208) moving to podcast
2018-04-26 21:22:07 #general Voice channel leave: galaxia#0294 (id 284385531432009728) moving to podcast
2018-04-26 21:26:56 #general Voice channel leave: FredBoat♪♪#7284 (id 184405311681986560)
2018-04-26 22:20:26 #general Voice channel join: deledudaduda#1850 (id 368678021344919583), moved from podcast
2018-04-26 22:20:34 #general Voice channel leave: deledudaduda#1850 (id 368678021344919583) moving to podcast
2018-04-26 22:44:00 #general Voice channel join: Archie#3185 (id 204873716709064704), moved from podcast
2018-04-26 22:44:02 #general Voice channel leave: Archie#3185 (id 204873716709064704) moving to real roblox hours
2018-04-26 23:04:08 #general Voice channel join: galaxia#0294 (id 284385531432009728), moved from music♪
2018-04-26 23:04:09 #general Voice channel join: Archie#3185 (id 204873716709064704), moved from music♪
2018-04-26 23:04:11 #general Voice channel leave: galaxia#0294 (id 284385531432009728) moving to music♪
2018-04-26 23:04:12 #general Voice channel leave: Archie#3185 (id 204873716709064704) moving to music♪
2018-04-26 23:04:12 #general Voice channel join: galaxia#0294 (id 284385531432009728), moved from music♪
2018-04-26 23:04:13 #general Voice channel leave: galaxia#0294 (id 284385531432009728) moving to music♪
2018-04-27 16:05:04 #General Voice channel join: galaxia#0294 (id 284385531432009728), moved from real roblox hours
2018-04-27 16:05:09 #General Voice channel leave: galaxia#0294 (id 284385531432009728)
2018-04-27 16:05:26 #General Voice channel join: Archie#3185 (id 204873716709064704), moved from real roblox hours
2018-04-27 16:05:27 #General Voice channel join: FredBoat♪♪#7284 (id 184405311681986560), moved from real roblox hours
2018-04-27 16:05:30 #General Voice channel leave: Archie#3185 (id 204873716709064704) moving to real roblox hours
2018-04-27 16:06:54 #General Voice channel leave: FredBoat♪♪#7284 (id 184405311681986560)
2018-04-27 18:20:21 #General Voice channel join: deledudaduda#1850 (id 368678021344919583), moved from Music♪
2018-04-27 18:20:21 #General Voice channel leave: deledudaduda#1850 (id 368678021344919583) moving to Music♪
2018-04-27 19:24:42 #General Voice channel join: galaxia#0294 (id 284385531432009728), moved from Podcast
2018-04-27 19:24:45 #General Voice channel leave: galaxia#0294 (id 284385531432009728) moving to Podcast
2018-04-27 19:24:49 #General Voice channel leave: galaxia#0294 (id 284385531432009728) moving to Podcast
2018-04-27 19:24:50 #General Voice channel join: galaxia#0294 (id 284385531432009728), moved from Podcast
2018-04-27 19:24:53 #General Voice channel leave: galaxia#0294 (id 284385531432009728) moving to Podcast
2018-04-27 19:24:57 #General Voice channel leave: galaxia#0294 (id 284385531432009728) moving to Podcast
2018-04-27 19:28:18 #General Voice channel join: Archie#3185 (id 204873716709064704), moved from gay pod
2018-04-27 19:28:21 #General Voice channel leave: Archie#3185 (id 204873716709064704) moving to archies corner
2018-04-27 19:32:01 #General Voice channel join: Archie#3185 (id 204873716709064704), moved from archies corner
2018-04-27 19:32:02 #General Voice channel leave: Archie#3185 (id 204873716709064704) moving to Music♪
2018-04-27 19:32:06 #General Voice channel join: Archie#3185 (id 204873716709064704), moved from Music♪
2018-04-27 19:32:08 #General Voice channel leave: Archie#3185 (id 204873716709064704) moving to Music♪
2018-04-27 21:07:03 #General Voice channel join: galaxia#0294 (id 284385531432009728), moved from real roblox hours
2018-04-27 21:07:04 #General Voice channel leave: galaxia#0294 (id 284385531432009728) moving to real roblox hours
2018-04-28 11:20:05 #General Voice channel join: Wolf#0805 (id 300048860166750208)
2018-04-28 11:20:08 #General Voice channel leave: Wolf#0805 (id 300048860166750208)
