2018-04-26 21:22:05 #podcast Voice channel join: Wolf#0805 (id 300048860166750208), moved from general
2018-04-26 21:22:07 #podcast Voice channel join: galaxia#0294 (id 284385531432009728), moved from general
2018-04-26 21:22:08 #podcast Voice channel join: Archie#3185 (id 204873716709064704), moved from real roblox hours
2018-04-26 21:22:33 #podcast Voice channel leave: Wolf#0805 (id 300048860166750208)
2018-04-26 21:22:35 #podcast Voice channel join: Wolf#0805 (id 300048860166750208)
2018-04-26 21:23:29 #podcast Voice channel leave: Wolf#0805 (id 300048860166750208)
2018-04-26 21:49:59 #podcast Server self-mute: Archie#3185 (id 204873716709064704)
2018-04-26 21:50:16 #podcast Server self-unmute: Archie#3185 (id 204873716709064704)
2018-04-26 21:50:33 #podcast Server self-mute: Archie#3185 (id 204873716709064704)
2018-04-26 21:52:47 #podcast Voice channel leave: galaxia#0294 (id 284385531432009728) moving to music♪
2018-04-26 21:53:02 #podcast Voice channel join: galaxia#0294 (id 284385531432009728), moved from music♪
2018-04-26 21:53:07 #podcast Voice channel join: Wolf#0805 (id 300048860166750208), moved from music♪
2018-04-26 21:56:01 #podcast Voice channel leave: Wolf#0805 (id 300048860166750208)
2018-04-26 21:56:42 #podcast Voice channel join: Wolf#0805 (id 300048860166750208)
2018-04-26 21:58:21 #podcast Voice channel join: FredBoat♪♪#7284 (id 184405311681986560)
2018-04-26 22:04:06 #podcast Server self-unmute: Archie#3185 (id 204873716709064704)
2018-04-26 22:05:36 #podcast Voice channel leave: galaxia#0294 (id 284385531432009728) moving to real roblox hours
2018-04-26 22:05:37 #podcast Voice channel join: galaxia#0294 (id 284385531432009728), moved from real roblox hours
2018-04-26 22:13:10 #podcast Voice channel leave: galaxia#0294 (id 284385531432009728) moving to cs-go
2018-04-26 22:13:13 #podcast Voice channel join: galaxia#0294 (id 284385531432009728), moved from cs-go
2018-04-26 22:13:18 #podcast Voice channel leave: galaxia#0294 (id 284385531432009728)
2018-04-26 22:13:24 #podcast Voice channel join: galaxia#0294 (id 284385531432009728)
2018-04-26 22:16:03 #podcast Voice channel join: deledudaduda#1850 (id 368678021344919583)
2018-04-26 22:16:14 #podcast Server self-deafen: deledudaduda#1850 (id 368678021344919583)
2018-04-26 22:16:18 #podcast Server self-mute: deledudaduda#1850 (id 368678021344919583)
2018-04-26 22:16:55 #podcast Server self-undeafen: deledudaduda#1850 (id 368678021344919583)
2018-04-26 22:17:02 #podcast Server self-unmute: deledudaduda#1850 (id 368678021344919583)
2018-04-26 22:19:17 #podcast Voice channel leave: galaxia#0294 (id 284385531432009728)
2018-04-26 22:20:26 #podcast Voice channel leave: deledudaduda#1850 (id 368678021344919583) moving to general
2018-04-26 22:20:34 #podcast Voice channel join: deledudaduda#1850 (id 368678021344919583), moved from general
2018-04-26 22:20:37 #podcast Voice channel leave: deledudaduda#1850 (id 368678021344919583)
2018-04-26 22:23:55 #podcast Voice channel join: galaxia#0294 (id 284385531432009728)
2018-04-26 22:26:07 #podcast Voice channel leave: galaxia#0294 (id 284385531432009728)
2018-04-26 22:31:58 #podcast Voice channel join: galaxia#0294 (id 284385531432009728)
2018-04-26 22:39:55 #podcast Voice channel join: Dank Memer#6539 (id 270904126974590976)
2018-04-26 22:40:09 #podcast Voice channel leave: Dank Memer#6539 (id 270904126974590976)
2018-04-26 22:40:10 #podcast Voice channel join: Dank Memer#6539 (id 270904126974590976)
2018-04-26 22:40:24 #podcast Voice channel leave: Dank Memer#6539 (id 270904126974590976)
2018-04-26 22:40:25 #podcast Voice channel join: Dank Memer#6539 (id 270904126974590976)
2018-04-26 22:40:43 #podcast Voice channel leave: Dank Memer#6539 (id 270904126974590976)
2018-04-26 22:44:00 #podcast Voice channel leave: Archie#3185 (id 204873716709064704) moving to general
2018-04-26 22:44:05 #podcast Voice channel join: Archie#3185 (id 204873716709064704), moved from real roblox hours
2018-04-26 22:45:19 #podcast Server self-deafen: Wolf#0805 (id 300048860166750208)
2018-04-26 22:45:19 #podcast Server self-mute: Wolf#0805 (id 300048860166750208)
2018-04-26 22:45:21 #podcast Server self-undeafen: Wolf#0805 (id 300048860166750208)
2018-04-26 22:45:21 #podcast Server self-unmute: Wolf#0805 (id 300048860166750208)
2018-04-26 22:45:22 #podcast Server self-mute: Wolf#0805 (id 300048860166750208)
2018-04-26 22:46:09 #podcast Server self-unmute: Wolf#0805 (id 300048860166750208)
2018-04-26 22:48:58 #podcast Voice channel leave: galaxia#0294 (id 284385531432009728) moving to cs-go
2018-04-26 22:48:59 #podcast Voice channel join: galaxia#0294 (id 284385531432009728), moved from cs-go
2018-04-26 23:03:24 #podcast Voice channel leave: galaxia#0294 (id 284385531432009728) moving to music♪
2018-04-26 23:03:38 #podcast Voice channel leave: FredBoat♪♪#7284 (id 184405311681986560) moving to music♪
2018-04-26 23:03:45 #podcast Voice channel join: galaxia#0294 (id 284385531432009728), moved from music♪
2018-04-26 23:03:49 #podcast Voice channel leave: galaxia#0294 (id 284385531432009728) moving to music♪
2018-04-26 23:04:04 #podcast Voice channel leave: Archie#3185 (id 204873716709064704) moving to music♪
2018-04-26 23:04:32 #podcast Voice channel leave: Wolf#0805 (id 300048860166750208) moving to music♪
2018-04-27 19:03:49 #Podcast Voice channel join: Archie#3185 (id 204873716709064704), moved from Music♪
2018-04-27 19:03:51 #Podcast Voice channel leave: Archie#3185 (id 204873716709064704) moving to Music♪
2018-04-27 19:03:53 #Podcast Voice channel join: Meenah Peixes#0213 (id 205763180952158208), moved from Music♪
2018-04-27 19:03:55 #Podcast Voice channel join: galaxia#0294 (id 284385531432009728), moved from Music♪
2018-04-27 19:03:55 #Podcast Voice channel join: Archie#3185 (id 204873716709064704), moved from Music♪
2018-04-27 19:05:02 #Podcast Voice channel join: deledudaduda#1850 (id 368678021344919583)
2018-04-27 19:08:51 #Podcast Server self-mute: Archie#3185 (id 204873716709064704)
2018-04-27 19:09:20 #Podcast Server self-unmute: Archie#3185 (id 204873716709064704)
2018-04-27 19:09:24 #Podcast Server self-mute: Archie#3185 (id 204873716709064704)
2018-04-27 19:09:24 #Podcast Server mute: Archie#3185 (id 204873716709064704)
2018-04-27 19:09:27 #Podcast Server unmute: Archie#3185 (id 204873716709064704)
2018-04-27 19:09:29 #Podcast Server mute: Archie#3185 (id 204873716709064704)
2018-04-27 19:09:32 #Podcast Server unmute: Archie#3185 (id 204873716709064704)
2018-04-27 19:10:01 #Podcast Server self-unmute: Archie#3185 (id 204873716709064704)
2018-04-27 19:10:06 #Podcast Server self-mute: Archie#3185 (id 204873716709064704)
2018-04-27 19:10:06 #Podcast Server self-unmute: Archie#3185 (id 204873716709064704)
2018-04-27 19:10:15 #Podcast Server self-mute: Archie#3185 (id 204873716709064704)
2018-04-27 19:10:51 #Podcast Server self-unmute: Archie#3185 (id 204873716709064704)
2018-04-27 19:12:54 #Podcast Voice channel join: FredBoat♪♪#7284 (id 184405311681986560)
2018-04-27 19:13:05 #Podcast Server mute: FredBoat♪♪#7284 (id 184405311681986560)
2018-04-27 19:13:08 #Podcast Server unmute: FredBoat♪♪#7284 (id 184405311681986560)
2018-04-27 19:13:12 #Podcast Server mute: FredBoat♪♪#7284 (id 184405311681986560)
2018-04-27 19:13:15 #Podcast Voice channel leave: FredBoat♪♪#7284 (id 184405311681986560)
2018-04-27 19:19:04 #Podcast Voice channel join: FredBoat♪♪#7284 (id 184405311681986560), flags: mute
2018-04-27 19:19:09 #Podcast Server unmute: FredBoat♪♪#7284 (id 184405311681986560)
2018-04-27 19:24:06 #Podcast Voice channel leave: Archie#3185 (id 204873716709064704)
2018-04-27 19:24:14 #Podcast Voice channel join: Archie#3185 (id 204873716709064704)
2018-04-27 19:24:31 #Podcast Voice channel leave: galaxia#0294 (id 284385531432009728) moving to Afk
2018-04-27 19:24:39 #Podcast Voice channel join: galaxia#0294 (id 284385531432009728), moved from Music♪
2018-04-27 19:24:42 #Podcast Voice channel leave: galaxia#0294 (id 284385531432009728) moving to General
2018-04-27 19:24:45 #Podcast Voice channel join: galaxia#0294 (id 284385531432009728), moved from General
2018-04-27 19:24:49 #Podcast Voice channel join: galaxia#0294 (id 284385531432009728), moved from General
2018-04-27 19:24:50 #Podcast Voice channel leave: galaxia#0294 (id 284385531432009728) moving to General
2018-04-27 19:24:53 #Podcast Voice channel join: galaxia#0294 (id 284385531432009728), moved from General
2018-04-27 19:24:54 #Podcast Voice channel leave: galaxia#0294 (id 284385531432009728) moving to Music♪
2018-04-27 19:24:57 #Podcast Voice channel join: galaxia#0294 (id 284385531432009728), moved from Music♪
2018-04-27 19:24:57 #Podcast Voice channel join: galaxia#0294 (id 284385531432009728), moved from General
2018-04-27 19:24:57 #Podcast Voice channel leave: galaxia#0294 (id 284385531432009728) moving to Music♪
2018-04-27 19:24:58 #Podcast Voice channel join: galaxia#0294 (id 284385531432009728), moved from Music♪
2018-04-27 19:25:13 #Podcast Voice channel leave: Archie#3185 (id 204873716709064704)
2018-04-27 19:25:48 #Podcast Voice channel leave: FredBoat♪♪#7284 (id 184405311681986560) moving to 2pac
2018-04-27 19:27:12 #gay pod Voice channel leave: deledudaduda#1850 (id 368678021344919583) moving to Music♪
2018-04-27 19:27:13 #gay pod Voice channel leave: galaxia#0294 (id 284385531432009728) moving to Music♪
2018-04-27 19:27:15 #gay pod Voice channel leave: Meenah Peixes#0213 (id 205763180952158208) moving to Music♪
2018-04-27 19:27:16 #gay pod Voice channel join: Archie#3185 (id 204873716709064704), moved from Music♪
2018-04-27 19:27:16 #gay pod Voice channel leave: Archie#3185 (id 204873716709064704) moving to Afk
2018-04-27 19:27:19 #gay pod Voice channel join: Archie#3185 (id 204873716709064704), moved from Afk
2018-04-27 19:27:46 #gay pod Voice channel join: Meenah Peixes#0213 (id 205763180952158208), moved from Music♪
2018-04-27 19:27:47 #gay pod Voice channel join: galaxia#0294 (id 284385531432009728), moved from Music♪
2018-04-27 19:27:51 #gay pod Voice channel leave: Archie#3185 (id 204873716709064704) moving to real roblox hours
2018-04-27 19:27:51 #gay pod Voice channel leave: galaxia#0294 (id 284385531432009728) moving to Music♪
2018-04-27 19:27:54 #gay pod Voice channel join: galaxia#0294 (id 284385531432009728), moved from Music♪
2018-04-27 19:27:55 #gay pod Voice channel join: Archie#3185 (id 204873716709064704), moved from real roblox hours
2018-04-27 19:27:58 #gay pod Voice channel leave: galaxia#0294 (id 284385531432009728) moving to Music♪
2018-04-27 19:28:02 #gay pod Voice channel join: galaxia#0294 (id 284385531432009728), moved from Music♪
2018-04-27 19:28:02 #gay pod Voice channel leave: Archie#3185 (id 204873716709064704) moving to real roblox hours
2018-04-27 19:28:14 #gay pod Voice channel join: Archie#3185 (id 204873716709064704), moved from real roblox hours
2018-04-27 19:28:18 #gay pod Voice channel leave: Archie#3185 (id 204873716709064704) moving to General
2018-04-27 19:28:25 #gay pod Voice channel leave: galaxia#0294 (id 284385531432009728) moving to archies corner
2018-04-27 19:28:26 #gay pod Voice channel join: galaxia#0294 (id 284385531432009728), moved from archies corner
2018-04-27 19:28:27 #gay pod Voice channel leave: Meenah Peixes#0213 (id 205763180952158208) moving to Afk
2018-04-27 19:28:32 #gay pod Voice channel join: Meenah Peixes#0213 (id 205763180952158208), moved from Afk
2018-04-27 19:28:41 #gay pod Voice channel join: Archie#3185 (id 204873716709064704), moved from archies corner
2018-04-27 19:28:44 #gay pod Voice channel join: FredBoat♪♪#7284 (id 184405311681986560), moved from archies corner
2018-04-27 19:28:47 #gay pod Voice channel leave: Archie#3185 (id 204873716709064704) moving to archies corner
2018-04-27 19:28:48 #gay pod Voice channel join: deledudaduda#1850 (id 368678021344919583), moved from Music♪
2018-04-27 19:28:51 #gay pod Voice channel leave: FredBoat♪♪#7284 (id 184405311681986560) moving to archies corner
2018-04-27 19:29:30 #gay pod Voice channel join: FredBoat♪♪#7284 (id 184405311681986560), moved from archies corner
2018-04-27 19:29:31 #gay pod Voice channel join: Archie#3185 (id 204873716709064704), moved from archies corner
2018-04-27 19:29:34 #gay pod Voice channel leave: Archie#3185 (id 204873716709064704) moving to archies corner
2018-04-27 19:29:35 #gay pod Voice channel leave: FredBoat♪♪#7284 (id 184405311681986560) moving to archies corner
2018-04-27 19:29:38 #gay pod Voice channel join: FredBoat♪♪#7284 (id 184405311681986560), moved from archies corner
2018-04-27 19:29:41 #gay pod Voice channel leave: FredBoat♪♪#7284 (id 184405311681986560) moving to archies corner
2018-04-27 19:29:42 #gay pod Voice channel join: FredBoat♪♪#7284 (id 184405311681986560), moved from archies corner
2018-04-27 19:29:46 #gay pod Voice channel leave: FredBoat♪♪#7284 (id 184405311681986560) moving to archies corner
2018-04-27 19:29:46 #gay pod Voice channel join: FredBoat♪♪#7284 (id 184405311681986560), moved from archies corner
2018-04-27 19:29:47 #gay pod Voice channel join: Archie#3185 (id 204873716709064704), moved from archies corner
2018-04-27 19:29:51 #gay pod Voice channel leave: Archie#3185 (id 204873716709064704) moving to archies corner
2018-04-27 19:29:53 #gay pod Voice channel leave: FredBoat♪♪#7284 (id 184405311681986560) moving to archies corner
2018-04-27 19:29:54 #gay pod Voice channel join: FredBoat♪♪#7284 (id 184405311681986560), moved from archies corner
2018-04-27 19:29:56 #gay pod Voice channel leave: FredBoat♪♪#7284 (id 184405311681986560) moving to archies corner
2018-04-27 19:29:58 #gay pod Voice channel join: FredBoat♪♪#7284 (id 184405311681986560), moved from Music♪
2018-04-27 19:30:05 #gay pod Voice channel join: Archie#3185 (id 204873716709064704), moved from archies corner
2018-04-27 19:30:08 #gay pod Voice channel leave: deledudaduda#1850 (id 368678021344919583) moving to archies corner
2018-04-27 19:30:10 #gay pod Voice channel leave: Meenah Peixes#0213 (id 205763180952158208) moving to archies corner
2018-04-27 19:30:10 #gay pod Voice channel leave: Archie#3185 (id 204873716709064704) moving to archies corner
2018-04-27 19:30:12 #gay pod Voice channel leave: galaxia#0294 (id 284385531432009728) moving to archies corner
2018-04-27 19:30:12 #gay pod Voice channel join: Archie#3185 (id 204873716709064704), moved from archies corner
2018-04-27 19:30:16 #gay pod Voice channel join: galaxia#0294 (id 284385531432009728), moved from archies corner
2018-04-27 19:30:17 #gay pod Voice channel leave: galaxia#0294 (id 284385531432009728) moving to archies corner
2018-04-27 19:30:20 #gay pod Voice channel join: deledudaduda#1850 (id 368678021344919583), moved from archies corner
2018-04-27 19:30:20 #gay pod Voice channel join: galaxia#0294 (id 284385531432009728), moved from archies corner
2018-04-27 19:30:21 #gay pod Voice channel leave: deledudaduda#1850 (id 368678021344919583) moving to archies corner
2018-04-27 19:30:22 #gay pod Voice channel leave: galaxia#0294 (id 284385531432009728) moving to archies corner
2018-04-27 19:30:24 #gay pod Voice channel join: galaxia#0294 (id 284385531432009728), moved from archies corner
2018-04-27 19:30:24 #gay pod Voice channel join: galaxia#0294 (id 284385531432009728), moved from archies corner
2018-04-27 19:30:24 #gay pod Voice channel leave: galaxia#0294 (id 284385531432009728) moving to archies corner
2018-04-27 19:30:25 #gay pod Voice channel join: galaxia#0294 (id 284385531432009728), moved from archies corner
2018-04-27 19:30:27 #gay pod Voice channel join: galaxia#0294 (id 284385531432009728), moved from archies corner
2018-04-27 19:30:28 #gay pod Voice channel leave: galaxia#0294 (id 284385531432009728) moving to archies corner
2018-04-27 19:30:48 #gay pod Voice channel leave: Archie#3185 (id 204873716709064704) moving to archies corner
2018-04-27 19:30:50 #gay pod Voice channel leave: FredBoat♪♪#7284 (id 184405311681986560) moving to archies corner
2018-04-27 19:31:15 #gay pod Voice channel join: deledudaduda#1850 (id 368678021344919583), moved from archies corner
2018-04-27 19:31:19 #gay pod Voice channel join: Meenah Peixes#0213 (id 205763180952158208), moved from archies corner
2018-04-27 19:31:19 #gay pod Voice channel join: galaxia#0294 (id 284385531432009728), moved from archies corner
2018-04-27 19:31:38 #gay pod Voice channel join: FredBoat♪♪#7284 (id 184405311681986560), moved from archies corner
2018-04-27 19:31:47 #gay pod Voice channel join: Archie#3185 (id 204873716709064704), moved from archies corner
2018-04-27 19:31:51 #gay pod Voice channel leave: Archie#3185 (id 204873716709064704) moving to archies corner
2018-04-27 19:31:53 #gay pod Voice channel leave: FredBoat♪♪#7284 (id 184405311681986560) moving to archies corner
2018-04-27 19:31:58 #gay pod Voice channel join: FredBoat♪♪#7284 (id 184405311681986560), moved from archies corner
2018-04-27 19:32:22 #gay pod Voice channel leave: FredBoat♪♪#7284 (id 184405311681986560) moving to archies corner
2018-04-27 19:32:35 #gay pod Voice channel join: FredBoat♪♪#7284 (id 184405311681986560), moved from archies corner
2018-04-27 19:32:35 #gay pod Voice channel join: FredBoat♪♪#7284 (id 184405311681986560), moved from archies corner
2018-04-27 19:32:37 #gay pod Voice channel leave: FredBoat♪♪#7284 (id 184405311681986560) moving to archies corner
2018-04-27 19:32:50 #gay pod Voice channel leave: deledudaduda#1850 (id 368678021344919583)
2018-04-27 19:32:55 #gay pod Voice channel join: deledudaduda#1850 (id 368678021344919583)
2018-04-27 19:37:11 #gay pod Voice channel leave: galaxia#0294 (id 284385531432009728) moving to archies corner
2018-04-27 19:37:14 #gay pod Voice channel join: galaxia#0294 (id 284385531432009728), moved from archies corner
2018-04-27 19:37:35 #gay pod Voice channel join: Archie#3185 (id 204873716709064704), moved from archies corner
2018-04-27 19:37:36 #gay pod Voice channel leave: Archie#3185 (id 204873716709064704) moving to archies corner
2018-04-27 19:37:39 #gay pod Voice channel join: Archie#3185 (id 204873716709064704), moved from archies corner
2018-04-27 19:37:45 #gay pod Server self-mute: Archie#3185 (id 204873716709064704)
2018-04-27 19:37:58 #gay pod Server self-unmute: Archie#3185 (id 204873716709064704)
2018-04-27 19:38:19 #gay pod Voice channel join: FredBoat♪♪#7284 (id 184405311681986560), moved from archies corner
2018-04-27 19:38:37 #gay pod Voice channel leave: Archie#3185 (id 204873716709064704) moving to archies corner
2018-04-27 19:38:41 #gay pod Voice channel leave: FredBoat♪♪#7284 (id 184405311681986560) moving to archies corner
2018-04-27 19:38:53 #gay pod Voice channel join: Archie#3185 (id 204873716709064704), moved from archies corner
2018-04-27 19:38:53 #gay pod Voice channel leave: galaxia#0294 (id 284385531432009728) moving to archies corner
2018-04-27 19:38:57 #gay pod Voice channel join: galaxia#0294 (id 284385531432009728), moved from archies corner
2018-04-27 19:38:57 #gay pod Voice channel leave: galaxia#0294 (id 284385531432009728) moving to archies corner
2018-04-27 19:38:57 #gay pod Voice channel leave: Archie#3185 (id 204873716709064704) moving to archies corner
2018-04-27 19:38:58 #gay pod Voice channel join: galaxia#0294 (id 284385531432009728), moved from archies corner
2018-04-27 19:39:00 #gay pod Voice channel join: Archie#3185 (id 204873716709064704), moved from archies corner
2018-04-27 19:39:01 #gay pod Voice channel leave: galaxia#0294 (id 284385531432009728) moving to archies corner
2018-04-27 19:39:01 #gay pod Voice channel join: galaxia#0294 (id 284385531432009728), moved from archies corner
2018-04-27 19:39:01 #gay pod Voice channel leave: galaxia#0294 (id 284385531432009728) moving to archies corner
2018-04-27 19:39:02 #gay pod Voice channel join: galaxia#0294 (id 284385531432009728), moved from archies corner
2018-04-27 19:39:05 #gay pod Voice channel join: galaxia#0294 (id 284385531432009728), moved from archies corner
2018-04-27 19:39:05 #gay pod Voice channel join: galaxia#0294 (id 284385531432009728), moved from archies corner
2018-04-27 19:39:09 #gay pod Voice channel leave: deledudaduda#1850 (id 368678021344919583) moving to archies corner
2018-04-27 19:39:09 #gay pod Voice channel leave: Archie#3185 (id 204873716709064704) moving to archies corner
2018-04-27 19:39:09 #gay pod Voice channel leave: Meenah Peixes#0213 (id 205763180952158208) moving to archies corner
2018-04-27 19:39:09 #gay pod Voice channel leave: galaxia#0294 (id 284385531432009728) moving to archies corner
2018-04-27 19:43:52 #gay pod Voice channel join: the pomegranate supernova#9078 (id 396046873233719296)
2018-04-27 19:43:55 #gay pod Voice channel leave: the pomegranate supernova#9078 (id 396046873233719296) moving to archies corner
2018-04-27 19:43:56 #gay pod Voice channel join: the pomegranate supernova#9078 (id 396046873233719296), moved from archies corner
2018-04-27 19:43:59 #gay pod Voice channel leave: the pomegranate supernova#9078 (id 396046873233719296) moving to archies corner
2018-04-27 19:45:24 #gay pod Voice channel join: the pomegranate supernova#9078 (id 396046873233719296), moved from Afk
2018-04-27 19:53:27 #gay pod Voice channel join: Archie#3185 (id 204873716709064704), moved from archies corner
2018-04-27 19:53:33 #gay pod Voice channel leave: Archie#3185 (id 204873716709064704) moving to archies corner
2018-04-27 19:54:47 #gay pod Voice channel join: deledudaduda#1850 (id 368678021344919583), moved from archies corner
2018-04-27 19:54:50 #gay pod Voice channel leave: deledudaduda#1850 (id 368678021344919583) moving to archies corner
2018-04-27 19:54:50 #gay pod Voice channel join: Meenah Peixes#0213 (id 205763180952158208), moved from archies corner
2018-04-27 19:54:52 #gay pod Voice channel join: deledudaduda#1850 (id 368678021344919583), moved from archies corner
2018-04-27 19:54:53 #gay pod Voice channel join: galaxia#0294 (id 284385531432009728), moved from archies corner
2018-04-27 19:54:57 #gay pod Voice channel leave: deledudaduda#1850 (id 368678021344919583) moving to archies corner
2018-04-27 19:54:58 #gay pod Voice channel join: deledudaduda#1850 (id 368678021344919583), moved from archies corner
2018-04-27 19:55:06 #gay pod Voice channel leave: deledudaduda#1850 (id 368678021344919583) moving to archies corner
2018-04-27 19:55:06 #gay pod Voice channel join: deledudaduda#1850 (id 368678021344919583), moved from archies corner
2018-04-27 19:55:08 #gay pod Voice channel leave: deledudaduda#1850 (id 368678021344919583) moving to archies corner
2018-04-27 19:55:11 #gay pod Voice channel join: FredBoat♪♪#7284 (id 184405311681986560), moved from archies corner
2018-04-27 19:55:11 #gay pod Voice channel join: deledudaduda#1850 (id 368678021344919583), moved from archies corner
2018-04-27 19:55:14 #gay pod Voice channel leave: FredBoat♪♪#7284 (id 184405311681986560) moving to archies corner
2018-04-27 19:55:18 #gay pod Voice channel join: FredBoat♪♪#7284 (id 184405311681986560), moved from archies corner
2018-04-27 19:55:19 #gay pod Voice channel leave: FredBoat♪♪#7284 (id 184405311681986560) moving to archies corner
2018-04-27 19:55:31 #gay pod Voice channel join: Archie#3185 (id 204873716709064704)
2018-04-27 19:55:37 #gay pod Voice channel leave: Archie#3185 (id 204873716709064704)
2018-04-27 20:00:43 #Oops! All Berries Voice channel join: FredBoat♪♪#7284 (id 184405311681986560)
2018-04-27 20:02:59 #Oops! All Berries Voice channel leave: FredBoat♪♪#7284 (id 184405311681986560)
2018-04-27 20:04:48 #Oops! All Berries Voice channel join: Dank Memer#6539 (id 270904126974590976)
2018-04-27 20:05:04 #Oops! All Berries Voice channel leave: Dank Memer#6539 (id 270904126974590976)
2018-04-27 20:05:11 #Oops! All Berries Voice channel join: Dank Memer#6539 (id 270904126974590976)
2018-04-27 20:05:24 #Oops! All Berries Voice channel leave: Dank Memer#6539 (id 270904126974590976)
2018-04-27 20:06:05 #Oops! All Berries Voice channel join: Dank Memer#6539 (id 270904126974590976)
2018-04-27 20:06:21 #Oops! All Berries Voice channel leave: Dank Memer#6539 (id 270904126974590976)
2018-04-27 20:06:29 #Oops! All Berries Voice channel join: Dank Memer#6539 (id 270904126974590976)
2018-04-27 20:06:51 #Oops! All Berries Voice channel leave: Dank Memer#6539 (id 270904126974590976)
2018-04-27 20:07:04 #Oops! All Berries Voice channel join: Dank Memer#6539 (id 270904126974590976)
2018-04-27 20:07:19 #Oops! All Berries Voice channel leave: Dank Memer#6539 (id 270904126974590976)
2018-04-27 20:07:22 #Oops! All Berries Voice channel join: Dank Memer#6539 (id 270904126974590976)
2018-04-27 20:07:42 #Oops! All Berries Voice channel leave: Dank Memer#6539 (id 270904126974590976)
2018-04-27 20:09:31 #Oops! All Berries Voice channel join: Archie#3185 (id 204873716709064704), flags: self_mute
2018-04-27 20:09:39 #Oops! All Berries Server self-unmute: Archie#3185 (id 204873716709064704)
2018-04-27 20:09:51 #Oops! All Berries Voice channel leave: deledudaduda#1850 (id 368678021344919583)
2018-04-27 20:09:52 #Oops! All Berries Voice channel leave: Meenah Peixes#0213 (id 205763180952158208)
2018-04-27 20:09:55 #Oops! All Berries Voice channel leave: Archie#3185 (id 204873716709064704)
2018-04-27 20:10:00 #Oops! All Berries Voice channel join: deledudaduda#1850 (id 368678021344919583)
2018-04-27 20:10:10 #Oops! All Berries Voice channel join: Meenah Peixes#0213 (id 205763180952158208)
2018-04-27 20:11:29 #Oops! All Berries Voice channel join: Archie#3185 (id 204873716709064704)
2018-04-27 20:13:37 #Oops! All Berries Voice channel leave: Archie#3185 (id 204873716709064704)
2018-04-27 20:13:48 #Oops! All Berries Voice channel join: Archie#3185 (id 204873716709064704)
2018-04-27 20:15:35 #Oops! All Berries Voice channel join: Dank Memer#6539 (id 270904126974590976)
2018-04-27 20:15:51 #Oops! All Berries Voice channel leave: Dank Memer#6539 (id 270904126974590976)
2018-04-27 20:17:03 #Oops! All Berries Voice channel join: caelix#4796 (id 116623315522682880)
2018-04-27 20:17:07 #Oops! All Berries Voice channel join: Jasper#3507 (id 169532209089216512)
2018-04-27 20:17:12 #Oops! All Berries Voice channel join: Dank Memer#6539 (id 270904126974590976)
2018-04-27 20:17:26 #Oops! All Berries Voice channel leave: Dank Memer#6539 (id 270904126974590976)
2018-04-27 20:17:26 #Oops! All Berries Voice channel join: Dank Memer#6539 (id 270904126974590976)
2018-04-27 20:17:32 #Oops! All Berries Voice channel leave: Jasper#3507 (id 169532209089216512)
2018-04-27 20:17:38 #Oops! All Berries Voice channel leave: Dank Memer#6539 (id 270904126974590976)
2018-04-27 20:17:42 #Oops! All Berries Voice channel join: Dank Memer#6539 (id 270904126974590976)
2018-04-27 20:17:54 #Oops! All Berries Voice channel leave: Dank Memer#6539 (id 270904126974590976)
2018-04-27 20:17:55 #Oops! All Berries Voice channel join: Dank Memer#6539 (id 270904126974590976)
2018-04-27 20:17:59 #Oops! All Berries Voice channel leave: caelix#4796 (id 116623315522682880)
2018-04-27 20:18:12 #Oops! All Berries Voice channel leave: Dank Memer#6539 (id 270904126974590976)
2018-04-27 20:18:16 #Oops! All Berries Voice channel join: caelix#4796 (id 116623315522682880)
2018-04-27 20:18:16 #Oops! All Berries Voice channel join: Jasper#3507 (id 169532209089216512)
2018-04-27 20:18:20 #Oops! All Berries Voice channel join: jamz#6181 (id 225723057086398464)
2018-04-27 20:18:25 #Oops! All Berries Voice channel join: Dank Memer#6539 (id 270904126974590976)
2018-04-27 20:18:40 #Oops! All Berries Voice channel leave: Dank Memer#6539 (id 270904126974590976)
2018-04-27 20:18:43 #Oops! All Berries Voice channel join: Dank Memer#6539 (id 270904126974590976)
2018-04-27 20:18:59 #Oops! All Berries Server mute: Dank Memer#6539 (id 270904126974590976)
2018-04-27 20:19:00 #Oops! All Berries Voice channel leave: Dank Memer#6539 (id 270904126974590976)
2018-04-27 20:19:03 #Oops! All Berries Voice channel join: Dank Memer#6539 (id 270904126974590976), flags: mute
2018-04-27 20:19:05 #Oops! All Berries Server unmute: Dank Memer#6539 (id 270904126974590976)
2018-04-27 20:19:24 #Oops! All Berries Voice channel leave: Dank Memer#6539 (id 270904126974590976)
2018-04-27 20:19:35 #Oops! All Berries Voice channel join: Dank Memer#6539 (id 270904126974590976)
2018-04-27 20:19:49 #Oops! All Berries Voice channel leave: Dank Memer#6539 (id 270904126974590976)
2018-04-27 20:19:59 #Oops! All Berries Voice channel join: Dank Memer#6539 (id 270904126974590976)
2018-04-27 20:20:08 #Oops! All Berries Voice channel join: FredBoat♪♪#7284 (id 184405311681986560)
2018-04-27 20:20:10 #Oops! All Berries Voice channel leave: Dank Memer#6539 (id 270904126974590976)
2018-04-27 20:25:06 #Oops! All Berries Server self-mute: Archie#3185 (id 204873716709064704)
2018-04-27 20:27:07 #Oops! All Berries Voice channel join: Dank Memer#6539 (id 270904126974590976)
2018-04-27 20:27:30 #Oops! All Berries Voice channel leave: Dank Memer#6539 (id 270904126974590976)
2018-04-27 20:27:40 #Oops! All Berries Voice channel join: Dank Memer#6539 (id 270904126974590976)
2018-04-27 20:27:55 #Oops! All Berries Voice channel leave: Dank Memer#6539 (id 270904126974590976)
2018-04-27 20:28:03 #Oops! All Berries Voice channel join: Dank Memer#6539 (id 270904126974590976)
2018-04-27 20:28:15 #Oops! All Berries Voice channel leave: Dank Memer#6539 (id 270904126974590976)
2018-04-27 20:28:18 #Oops! All Berries Voice channel join: Dank Memer#6539 (id 270904126974590976)
2018-04-27 20:28:30 #Oops! All Berries Voice channel leave: Dank Memer#6539 (id 270904126974590976)
2018-04-27 20:28:30 #Oops! All Berries Voice channel join: Dank Memer#6539 (id 270904126974590976)
2018-04-27 20:28:42 #Oops! All Berries Voice channel leave: Dank Memer#6539 (id 270904126974590976)
2018-04-27 20:28:46 #Oops! All Berries Voice channel join: Dank Memer#6539 (id 270904126974590976)
2018-04-27 20:28:58 #Oops! All Berries Voice channel leave: Dank Memer#6539 (id 270904126974590976)
2018-04-27 20:29:02 #Oops! All Berries Voice channel join: Dank Memer#6539 (id 270904126974590976)
2018-04-27 20:29:18 #Oops! All Berries Voice channel leave: Dank Memer#6539 (id 270904126974590976)
2018-04-27 20:29:20 #Oops! All Berries Voice channel join: Dank Memer#6539 (id 270904126974590976)
2018-04-27 20:29:33 #Oops! All Berries Voice channel leave: Dank Memer#6539 (id 270904126974590976)
2018-04-27 20:29:34 #Oops! All Berries Voice channel join: Dank Memer#6539 (id 270904126974590976)
2018-04-27 20:31:55 #Oops! All Berries Voice channel leave: jamz#6181 (id 225723057086398464) moving to Afk
2018-04-27 20:31:58 #Oops! All Berries Voice channel join: jamz#6181 (id 225723057086398464), moved from Afk
2018-04-27 20:32:00 #Oops! All Berries Voice channel leave: caelix#4796 (id 116623315522682880) moving to Afk
2018-04-27 20:32:02 #Oops! All Berries Voice channel join: caelix#4796 (id 116623315522682880), moved from Afk
2018-04-27 20:32:06 #Oops! All Berries Voice channel leave: caelix#4796 (id 116623315522682880) moving to Afk
2018-04-27 20:32:06 #Oops! All Berries Voice channel join: caelix#4796 (id 116623315522682880), moved from Afk
2018-04-27 20:32:10 #Oops! All Berries Voice channel leave: caelix#4796 (id 116623315522682880) moving to Afk
2018-04-27 20:32:11 #Oops! All Berries Voice channel join: caelix#4796 (id 116623315522682880), moved from Afk
2018-04-27 20:32:14 #Oops! All Berries Server self-deafen: Jasper#3507 (id 169532209089216512)
2018-04-27 20:32:14 #Oops! All Berries Server self-mute: Jasper#3507 (id 169532209089216512)
2018-04-27 20:32:18 #Oops! All Berries Voice channel leave: Jasper#3507 (id 169532209089216512) moving to Afk
2018-04-27 20:32:18 #Oops! All Berries Voice channel join: Jasper#3507 (id 169532209089216512), moved from Afk, flags: self_deaf,self_mute
2018-04-27 20:32:19 #Oops! All Berries Voice channel leave: Jasper#3507 (id 169532209089216512) moving to Afk
2018-04-27 20:32:21 #Oops! All Berries Voice channel join: Jasper#3507 (id 169532209089216512), moved from Afk, flags: self_deaf,self_mute
2018-04-27 20:32:22 #Oops! All Berries Server self-undeafen: Jasper#3507 (id 169532209089216512)
2018-04-27 20:32:22 #Oops! All Berries Server self-unmute: Jasper#3507 (id 169532209089216512)
2018-04-27 20:32:23 #Oops! All Berries Voice channel leave: jamz#6181 (id 225723057086398464) moving to Afk
2018-04-27 20:32:25 #Oops! All Berries Voice channel leave: caelix#4796 (id 116623315522682880) moving to Afk
2018-04-27 20:32:25 #Oops! All Berries Voice channel leave: Jasper#3507 (id 169532209089216512) moving to Afk
2018-04-27 20:32:26 #Oops! All Berries Voice channel join: jamz#6181 (id 225723057086398464), moved from Afk
2018-04-27 20:32:31 #Oops! All Berries Voice channel join: caelix#4796 (id 116623315522682880), moved from Afk
2018-04-27 20:32:31 #Oops! All Berries Voice channel join: Jasper#3507 (id 169532209089216512), moved from Afk
2018-04-27 20:33:05 #Oops! All Berries Voice channel leave: galaxia#0294 (id 284385531432009728) moving to real roblox hours
2018-04-27 20:33:05 #Oops! All Berries Voice channel leave: Meenah Peixes#0213 (id 205763180952158208) moving to real roblox hours
2018-04-27 20:33:06 #Oops! All Berries Voice channel leave: Jasper#3507 (id 169532209089216512) moving to real roblox hours
2018-04-27 20:33:09 #Oops! All Berries Voice channel leave: jamz#6181 (id 225723057086398464) moving to real roblox hours
2018-04-27 20:33:09 #Oops! All Berries Voice channel leave: caelix#4796 (id 116623315522682880) moving to real roblox hours
2018-04-27 20:33:10 #Oops! All Berries Voice channel leave: deledudaduda#1850 (id 368678021344919583) moving to real roblox hours
2018-04-27 20:33:11 #Oops! All Berries Voice channel leave: Archie#3185 (id 204873716709064704) moving to real roblox hours
2018-04-27 20:33:13 #Oops! All Berries Voice channel leave: Dank Memer#6539 (id 270904126974590976) moving to real roblox hours
2018-04-27 20:33:13 #Oops! All Berries Voice channel leave: FredBoat♪♪#7284 (id 184405311681986560) moving to real roblox hours
