2018-04-19 11:44:21 #general @MyHustlaCrips. Big D here#7501: .multicolor 2 Manager
2018-04-19 11:44:29 #general @MyHustlaCrips. Big D here#7501 deleted message from 2018-04-19 11:44:21 (.multicolor 2 Manager)
2018-04-19 11:47:32 #general @MyHustlaCrips. Big D here#7501: .multicolor 2 Manager
2018-04-19 11:47:51 #general @MyHustlaCrips. Big D here#7501 deleted message from 2018-04-19 11:47:32 (.multicolor 2 Manager)
2018-04-19 11:47:56 #general @MyHustlaCrips. Big D here#7501: !help
2018-04-19 11:47:56 #general @Rythm#3722: ✅ **Check <https://rythmbot.co/features#list> for a list of commands**
2018-04-19 11:47:56 #general @MEE6#4876: 
2018-04-19 11:47:58 #general @MEE6#4876 edited message from 2018-04-19 11:47:56 () to read: 
2018-04-19 11:47:57 #general @MEE6#4876: 
2018-04-19 11:47:58 #general @MEE6#4876 edited message from 2018-04-19 11:47:57 () to read: 
2018-04-19 11:47:57 #general @MEE6#4876: 
2018-04-19 11:47:58 #general @MEE6#4876 edited message from 2018-04-19 11:47:57 () to read: 
2018-04-19 11:47:57 #general @MEE6#4876: 
2018-04-19 11:47:58 #general @MEE6#4876 edited message from 2018-04-19 11:47:57 () to read: 
2018-04-19 11:47:58 #general @Synapse#0692: Hey there, @МамкаЕБ3000! I sent you a list of commands through DM.
2018-04-19 11:48:09 #general @MyHustlaCrips. Big D here#7501 deleted message from 2018-04-19 11:47:56 (!help)
2018-04-19 11:48:13 #general @Rythm#3722 deleted message from 2018-04-19 11:47:56 (✅ **Check <https://rythmbot.co/features#list> for a list of commands**)
2018-04-19 11:48:17 #general @MEE6#4876 deleted message from 2018-04-19 11:47:56 ()
2018-04-19 11:48:20 #general @MEE6#4876 deleted message from 2018-04-19 11:47:57 ()
2018-04-19 11:48:24 #general @MEE6#4876 deleted message from 2018-04-19 11:47:57 ()
2018-04-19 11:48:27 #general @MEE6#4876 deleted message from 2018-04-19 11:47:57 ()
2018-04-19 11:48:30 #general @Synapse#0692 deleted message from 2018-04-19 11:47:58 (Hey there, @МамкаЕБ3000! I sent you a list of commands through DM.)
