2018-04-19 11:37:26 this bot joined the server
2018-04-19 11:37:26 Member role add: 'Synapse' role was added to @Synapse#0692
2018-04-19 11:37:53 Member role add: 'BOT' role was added to @Synapse#0692
2018-04-19 11:40:26 Role created: 'new role' (id 436491261059268614)
2018-04-19 11:40:58 Role permissions: 'Synapse' changed from 8 to 262216
2018-04-19 11:40:58 Role position: 'UB3R-B0T' changed from 2 to 3
2018-04-19 11:40:58 Role position: 'Jhbot' changed from 3 to 4
2018-04-19 11:40:58 Role position: 'Muted' changed from 4 to 5
2018-04-19 11:40:58 Role position: 'Dyno' changed from 5 to 6
2018-04-19 11:40:58 Role position: 'Supreme' changed from 6 to 7
2018-04-19 11:40:58 Role position: 'Rythm' changed from 7 to 8
2018-04-19 11:40:58 Role position: 'Mee6' changed from 8 to 9
2018-04-19 11:40:58 Role position: 'BOT' changed from 9 to 10
2018-04-19 11:40:58 Role position: 'Участник' changed from 10 to 11
2018-04-19 11:40:58 Role position: 'игрок Critical Ops' changed from 11 to 12
2018-04-19 11:40:58 Role position: 'CS GO' changed from 12 to 13
2018-04-19 11:40:58 Role position: 'PUBG' changed from 13 to 14
2018-04-19 11:40:58 Role position: 'Garry’s Mod' changed from 14 to 15
2018-04-19 11:40:58 Role position: 'GTA V' changed from 15 to 16
2018-04-19 11:40:58 Role position: 'MINECRAFT' changed from 16 to 17
2018-04-19 11:40:58 Role position: 'osu!' changed from 17 to 18
2018-04-19 11:40:58 Role position: 'SAMP' changed from 18 to 19
2018-04-19 11:40:58 Role position: 'DOTA 2' changed from 19 to 20
2018-04-19 11:40:58 Role position: 'Only Бро' changed from 20 to 21
2018-04-19 11:40:58 Role position: 'Проверенный пользователь ✓' changed from 21 to 22
2018-04-19 11:40:58 Role position: 'Only Администратор' changed from 22 to 23
2018-04-19 11:40:58 Role position: 'Head Admin' changed from 23 to 24
2018-04-19 11:40:58 Role position: 'Manager' changed from 24 to 25
2018-04-19 11:40:58 Role renamed: 'new role' to 'GP-bot'
2018-04-19 11:40:58 Role permissions: 'new role' changed from 37215297 to 2146958591
2018-04-19 11:41:02 Role position: 'Synapse' changed from 2 to 1
2018-04-19 11:41:02 Role position: 'UB3R-B0T' changed from 3 to 2
2018-04-19 11:41:02 Role position: 'Jhbot' changed from 4 to 3
2018-04-19 11:41:02 Role position: 'Muted' changed from 5 to 4
2018-04-19 11:41:02 Role position: 'Dyno' changed from 6 to 5
2018-04-19 11:41:02 Role position: 'Supreme' changed from 7 to 6
2018-04-19 11:41:02 Role position: 'Rythm' changed from 8 to 7
2018-04-19 11:41:02 Role position: 'Mee6' changed from 9 to 8
2018-04-19 11:41:02 Role position: 'BOT' changed from 10 to 9
2018-04-19 11:41:02 Role position: 'Участник' changed from 11 to 10
2018-04-19 11:41:02 Role position: 'игрок Critical Ops' changed from 12 to 11
2018-04-19 11:41:02 Role position: 'CS GO' changed from 13 to 12
2018-04-19 11:41:02 Role position: 'PUBG' changed from 14 to 13
2018-04-19 11:41:02 Role position: 'Garry’s Mod' changed from 15 to 14
2018-04-19 11:41:02 Role position: 'GTA V' changed from 16 to 15
2018-04-19 11:41:02 Role position: 'MINECRAFT' changed from 17 to 16
2018-04-19 11:41:02 Role position: 'osu!' changed from 18 to 17
2018-04-19 11:41:02 Role position: 'SAMP' changed from 19 to 18
2018-04-19 11:41:02 Role position: 'DOTA 2' changed from 20 to 19
2018-04-19 11:41:02 Role position: 'Only Бро' changed from 21 to 20
2018-04-19 11:41:02 Role position: 'Проверенный пользователь ✓' changed from 22 to 21
2018-04-19 11:41:02 Role position: 'Only Администратор' changed from 23 to 22
2018-04-19 11:41:02 Role position: 'Head Admin' changed from 24 to 23
2018-04-19 11:41:02 Role position: 'Manager' changed from 25 to 24
2018-04-19 11:41:02 Role position: 'GP-bot' changed from 1 to 25
2018-04-19 11:42:30 Member role add: 'GP-bot' role was added to @Synapse#0692
2018-04-19 11:42:48 Channel created: test-bot
2018-04-19 11:47:27 Member role remove: The 'Head Admin' role was removed from @MyHustlaCrips. Big D here#7501
2018-04-19 11:47:28 Member role remove: The 'Only Администратор' role was removed from @MyHustlaCrips. Big D here#7501
2018-04-19 11:47:29 Member role remove: The 'Участник' role was removed from @MyHustlaCrips. Big D here#7501
2018-04-19 11:47:30 Member role remove: The 'Only Бро' role was removed from @MyHustlaCrips. Big D here#7501
2018-04-19 11:49:22 Channel created: ros🧠🧠
2018-04-19 11:49:29 Channel deleted: ros🧠🧠
2018-04-19 11:49:47 Channel created: RoS🌚🌝
2018-04-19 11:50:07 Channel created: C-ops🌜🌛
2018-04-19 11:56:34 Member role remove: The 'GP-bot' role was removed from @Synapse#0692
2018-04-19 11:57:09 Role deleted: 'Synapse' (id 436490505094955029)
2018-04-19 11:57:09 Member leave: @Synapse#0692 (id 435538622293344266)
2018-04-19 11:57:09 this bot left the server
