2018-04-24 15:30:53 #Dota 2 Voice channel join: MyNameIsJeff#1438 (id 169429630334271488), moved from CS:GO
2018-04-24 15:30:54 #Dota 2 Voice channel leave: MyNameIsJeff#1438 (id 169429630334271488) moving to Mobile Legend
2018-04-25 13:38:15 #Dota 2 Voice channel join: MyNameIsJeff#1438 (id 169429630334271488)
2018-04-25 13:38:28 #Dota 2 Server self-mute: MyNameIsJeff#1438 (id 169429630334271488)
2018-04-25 13:38:28 #Dota 2 Server self-unmute: MyNameIsJeff#1438 (id 169429630334271488)
2018-04-25 13:38:30 #Dota 2 Voice channel leave: MyNameIsJeff#1438 (id 169429630334271488)
2018-04-26 02:29:23 #Dota 2 Voice channel join: MyNameIsJeff#1438 (id 169429630334271488)
2018-04-26 04:25:56 #Dota 2 Voice channel leave: MyNameIsJeff#1438 (id 169429630334271488) moving to AFK
2018-04-30 15:00:06 #Dota 2 Voice channel join: dragonM361#0297 (id 385719592917532672), moved from CS:GO
2018-04-30 15:00:07 #Dota 2 Voice channel join: MyNameIsJeff#1438 (id 169429630334271488), moved from CS:GO
2018-04-30 16:09:24 #Dota 2 Voice channel leave: dragonM361#0297 (id 385719592917532672)
2018-04-30 16:17:36 #Dota 2 Voice channel join: dragonM361#0297 (id 385719592917532672)
2018-04-30 16:17:46 #Dota 2 Voice channel leave: MyNameIsJeff#1438 (id 169429630334271488)
2018-04-30 16:17:48 #Dota 2 Voice channel join: MyNameIsJeff#1438 (id 169429630334271488)
2018-04-30 16:21:02 #Dota 2 Server self-mute: dragonM361#0297 (id 385719592917532672)
2018-04-30 16:25:21 #Dota 2 Server self-unmute: dragonM361#0297 (id 385719592917532672)
2018-04-30 17:08:25 #Dota 2 Voice channel leave: dragonM361#0297 (id 385719592917532672)
2018-04-30 17:10:05 #Dota 2 Voice channel leave: MyNameIsJeff#1438 (id 169429630334271488)
2018-05-01 12:55:28 #Dota 2 Voice channel join: dragonM361#0297 (id 385719592917532672), moved from CS:GO
2018-05-01 12:55:28 #Dota 2 Voice channel join: MyNameIsJeff#1438 (id 169429630334271488), moved from CS:GO
2018-05-01 13:46:24 #Dota 2 Voice channel leave: dragonM361#0297 (id 385719592917532672)
2018-05-01 14:53:41 #Dota 2 Voice channel leave: MyNameIsJeff#1438 (id 169429630334271488)
2018-05-03 00:53:40 #Dota 2 Voice channel join: MyNameIsJeff#1438 (id 169429630334271488)
2018-05-03 02:18:52 #Dota 2 Voice channel leave: MyNameIsJeff#1438 (id 169429630334271488)
