2018-04-25 15:36:10 this bot joined the server
2018-04-25 15:36:10 Role created: 'Synapse' (id 438724912618668032)
2018-04-25 15:36:10 Member role add: 'Synapse' role was added to @Synapse#0692
2018-04-25 15:49:17 Member join: @Hex#7553 (id 361796552165031936)
2018-04-25 15:49:17 Member role add: 'Hex' role was added to @Hex#7553
2018-04-25 15:49:17 Role created: 'Hex' (id 438728211451346946)
2018-04-25 15:49:17 Member role add: 'Hex' role was added to @Hex#7553
2018-04-25 15:50:44 Role created: 'USER-277825082334773251' (id 438728580105764865)
2018-04-25 15:50:44 Member role add: 'USER-277825082334773251' role was added to @(°·._.• мεηιяσ •._.·°)#7640
2018-04-25 15:51:29 Member role remove: The 'USER-277825082334773251' role was removed from @(°·._.• мεηιяσ •._.·°)#7640
2018-04-25 15:51:29 Role deleted: 'USER-277825082334773251' (id 438728580105764865)
2018-04-27 09:44:18 Member join: @Cosmos#0369 (id 385622427977121813)
2018-04-27 09:44:18 Member role add: 'Cosmos' role was added to @Cosmos#0369
2018-04-27 09:44:18 Role created: 'Cosmos' (id 439361136429760512)
2018-04-27 09:44:18 Member role add: 'Cosmos' role was added to @Cosmos#0369
2018-04-27 09:46:19 Member join: @Connect 4#3317 (id 378978711673896961)
2018-04-27 09:46:19 Role created: 'Connect 4' (id 439361647140798475)
2018-04-27 09:46:19 Member role add: 'Connect 4' role was added to @Connect 4#3317
2018-04-27 09:46:19 Member role add: 'Connect 4' role was added to @Connect 4#3317
2018-04-27 09:52:35 Member join: @G4M3R#3591 (id 270010330782892032)
2018-04-27 09:52:35 Role created: 'G4M3R' (id 439363216846487572)
2018-04-27 09:52:35 Member role add: 'G4M3R' role was added to @G4M3R#3591
2018-04-27 09:55:51 Role position: 'Cosmos' changed from 3 to 2
2018-04-27 09:55:51 Role permissions: 'Hex' changed from 8 to 262216
2018-04-27 09:55:51 Role position: 'Hex' changed from 4 to 3
2018-04-27 09:55:51 Role permissions: 'Synapse' changed from 8 to 262216
2018-04-27 09:55:51 Role position: 'Synapse' changed from 5 to 4
2018-04-27 09:55:51 Role position: 'ELO' changed from 6 to 5
2018-04-27 09:55:51 Role permissions: 'SchedulerBot' changed from 150536 to 412744
2018-04-27 09:55:51 Role position: 'SchedulerBot' changed from 6 to 7
2018-04-27 09:55:51 Role position: 'Bot Commander' changed from 6 to 8
2018-04-27 09:55:51 Role permissions: 'Kibo' changed from 268453895 to 268716103
2018-04-27 09:55:51 Role position: 'Kibo' changed from 6 to 9
2018-04-27 09:55:51 Role position: 'Ender' changed from 6 to 10
2018-04-27 09:55:51 Role position: 'ADMIN' changed from 6 to 11
2018-04-27 09:55:51 Role position: '' changed from 7 to 12
2018-04-27 09:55:51 Role position: 'G4M3R' changed from 1 to 13
2018-04-27 09:58:33 Member role add: 'ADMIN' role was added to @(°·._.• мεηιяσ •._.·°)#7640
2018-04-27 17:45:12 Member join: @MatBot#9456 (id 265161580201771010)
2018-04-27 17:45:30 Member role add: 'Bot Commander' role was added to @MatBot#9456
2018-04-27 17:46:23 Member role add: 'ADMIN' role was added to @MatBot#9456
2018-04-27 17:53:31 Member join: @GilbertBot#6718 (id 372210272355745803)
2018-04-27 17:53:31 Role created: 'GilbertBot' (id 439484251939930123)
2018-04-27 17:53:31 Member role add: 'GilbertBot' role was added to @GilbertBot#6718
