2018-04-18 13:56:27 #furry-fusion-wednesday @Game4ever Goldy Official#7725: there are some furry fusion what i've made random (attachment url(s): https://cdn.discordapp.com/attachments/436154695342620682/436163102204231700/rewrwewerwr.png)
2018-04-18 13:57:15 #furry-fusion-wednesday @Game4ever Goldy Official#7725: oh this is an very old furry fusion (attachment url(s): https://cdn.discordapp.com/attachments/436154695342620682/436163306881941504/idk.png)
2018-04-18 13:57:59 #furry-fusion-wednesday @Game4ever Goldy Official#7725: oh cringe again (attachment url(s): https://cdn.discordapp.com/attachments/436154695342620682/436163490055585796/422324.png)
2018-04-18 13:58:52 #furry-fusion-wednesday @Game4ever Goldy Official#7725: don't forget
2018-04-18 13:59:04 #furry-fusion-wednesday @Game4ever Goldy Official#7725: they are made in the wednesdays days
2018-04-18 13:59:14 #furry-fusion-wednesday @Game4ever Goldy Official#7725: and they are ol
2018-04-18 13:59:17 #furry-fusion-wednesday @Game4ever Goldy Official#7725: old *
2018-04-18 13:59:27 #furry-fusion-wednesday @Game4ever Goldy Official#7725: Can you find the secret easter egg?
2018-04-18 13:59:34 #furry-fusion-wednesday @Game4ever Goldy Official#7725: @​everyone
2018-04-18 13:59:35 #furry-fusion-wednesday @Game4ever Goldy Official#7725: @​everyone
2018-04-18 18:50:46 #furry-fusion-wednesday @Sansy_the_fox(IM DIYNG INSIDE)#6039: I whant a furry fusion too!
2018-04-18 18:51:11 #furry-fusion-wednesday @Sansy_the_fox(IM DIYNG INSIDE)#6039: Ple
2018-04-18 18:51:11 #furry-fusion-wednesday @Sansy_the_fox(IM DIYNG INSIDE)#6039: Ples*
2018-04-19 01:41:18 #furry-fusion-wednesday @Elenaanimates#9674: @Goldeh  very noice
2018-04-19 15:13:39 #furry-fusion-wednesday @Game4ever Goldy Official#7725: @A Bad Grill  these are made in wednesdays days
2018-04-26 17:53:52 #furry-fusion-wednesday @KiraBlueShy#2359: ...On...
2018-04-26 17:54:26 #furry-fusion-wednesday @KiraBlueShy#2359: You say on Wednesdays... and whitout the ,days' in the end
2018-04-26 18:48:34 #furry-fusion-wednesday @Pudding#9043: So
2018-04-26 18:48:38 #furry-fusion-wednesday @Pudding#9043: On wednes
2018-04-26 18:48:47 #furry-fusion-wednesday @Game4ever Goldy Official#7725: ?
2018-04-26 18:49:14 #furry-fusion-wednesday @Pudding#9043: Wednesdays without days in the end is
2018-04-26 18:49:16 #furry-fusion-wednesday @Pudding#9043: Wednes
