2018-04-24 05:30:50 #yeezy @philip#4662: ez (attachment url(s): https://cdn.discordapp.com/attachments/328104065596915713/438210190056226837/unknown.png)
2018-04-24 06:22:50 #yeezy @garrett#9345: time to get the speakers
2018-04-24 12:43:08 #yeezy @nathan#8617: yo @philip FUCK YOU
2018-04-24 12:43:14 #yeezy @nathan#8617: i know where u live
2018-04-24 12:51:34 #yeezy @nathan#8617:  (attachment url(s): https://cdn.discordapp.com/attachments/328104065596915713/438321100804456460/unknown.png)
2018-04-24 20:10:50 #yeezy @nathan#8617: @philip FUCK YOU (attachment url(s): https://cdn.discordapp.com/attachments/328104065596915713/438431647353012243/A2592336-93EF-4F3F-8FB2-76DCC611C252.jpeg)
2018-04-24 20:47:56 #yeezy @philip#4662: l m a o
2018-04-24 21:35:43 #yeezy @nathan#8617: I fucking went ham in my response
2018-04-24 21:35:47 #yeezy @nathan#8617: fuck these faggots
2018-04-25 00:49:14 #yeezy @philip#4662: keycaps nice! (attachment url(s): https://cdn.discordapp.com/attachments/328104065596915713/438501708369231883/unknown.png)
2018-04-25 00:50:31 #yeezy @nathan#8617: i really hate u
2018-04-25 00:52:02 #yeezy @nathan#8617:  (attachment url(s): https://cdn.discordapp.com/attachments/328104065596915713/438502415361245184/unknown.png)
2018-04-25 03:03:45 #yeezy @nathan#8617: https://t.co/UXOgCFRcQG
2018-04-25 03:05:06 #yeezy @philip#4662: nasty
2018-04-25 03:51:03 #yeezy @philip#4662: uh (attachment url(s): https://cdn.discordapp.com/attachments/328104065596915713/438547463486439424/unknown.png)
2018-04-25 03:59:49 #yeezy @nathan#8617: um
2018-04-25 03:59:51 #yeezy @nathan#8617: gimmie
2018-04-25 04:00:16 #yeezy @nathan#8617: rite now
2018-04-25 04:25:07 #yeezy @garrett#9345: uh...
2018-04-25 04:25:11 #yeezy @garrett#9345: u know...
2018-04-25 04:25:14 #yeezy @garrett#9345: my door bells broken...
2018-04-25 04:25:18 #yeezy @nathan#8617: LOL
2018-04-25 04:25:25 #yeezy @garrett#9345: no joke tho...
2018-04-25 04:25:33 #yeezy @nathan#8617: ik thats why its funny
2018-04-25 04:27:18 #yeezy @philip#4662: https://stockx.com/news/bape-and-palace-streetwear-launch/
2018-04-25 04:27:19 #yeezy @philip#4662 edited message from 2018-04-25 04:27:18 (https://stockx.com/news/bape-and-palace-streetwear-launch/) to read: https://stockx.com/news/bape-and-palace-streetwear-launch/
2018-04-25 04:27:20 #yeezy @philip#4662: gay
2018-04-25 04:51:11 #yeezy @nathan#8617:  (attachment url(s): https://cdn.discordapp.com/attachments/328104065596915713/438562597831311361/unknown.png)
2018-04-25 04:51:17 #yeezy @nathan#8617: pulled a knife on us
2018-04-25 04:52:26 #yeezy @philip#4662: comment
2018-04-25 04:52:32 #yeezy @philip#4662: no balls
2018-04-25 04:52:35 #yeezy @nathan#8617: i will
2018-04-25 04:54:18 #yeezy @nathan#8617: done
2018-04-25 04:54:53 #yeezy @philip#4662: bruh
2018-04-25 04:56:27 #yeezy @nathan#8617: fuck him
2018-04-25 07:31:54 #yeezy @garrett#9345: “pulled a knife on me in middle school”
