2018-04-25 15:12:33 #bot-spam @chaosxander_hd#6541: !play the sound of silence
2018-04-25 15:12:33 #bot-spam @Rythm#3722: <:youtube:335112740957978625> **Searching** 🔎 `the sound of silence`
2018-04-25 15:12:34 #bot-spam @Rythm#3722: **Playing** 🎶 `Disturbed - The Sound Of Silence [Official Music Video]` - Now!
2018-04-25 15:13:08 #bot-spam @chaosxander_hd#6541: !leave
2018-04-25 15:13:08 #bot-spam @Rythm#3722: 📭 **Successfully disconnected**
2018-04-25 15:13:22 #bot-spam @chaosxander_hd#6541: !play the sound of silence simon and garfunkel
2018-04-25 15:13:22 #bot-spam @Synapse#0692: Queued.
2018-04-25 15:13:22 #bot-spam @Rythm#3722: <:youtube:335112740957978625> **Searching** 🔎 `the sound of silence simon and garfunkel`
2018-04-25 15:13:23 #bot-spam @Rythm#3722: **Playing** 🎶 `The Sound of Silence (Original Version from 1964)` - Now!
2018-04-25 15:14:11 #bot-spam @chaosxander_hd#6541: +help
2018-04-25 15:14:35 #bot-spam @chaosxander_hd#6541: +wag
2018-04-25 15:14:35 #bot-spam @KawaiiBot#0769: 
2018-04-25 15:14:35 #bot-spam @KawaiiBot#0769 edited message from 2018-04-25 15:14:35 () to read: 
2018-04-25 15:14:38 #bot-spam @chaosxander_hd#6541: lol
2018-04-25 15:14:45 #bot-spam @chaosxander_hd#6541: +wag
2018-04-25 15:14:46 #bot-spam @KawaiiBot#0769: 
2018-04-25 15:14:46 #bot-spam @KawaiiBot#0769 edited message from 2018-04-25 15:14:46 () to read: 
2018-04-25 15:15:55 #bot-spam @chaosxander_hd#6541: @Emilia
2018-04-25 15:19:40 #bot-spam @chaosxander_hd#6541: @Emilia commands
2018-04-26 11:40:48 #bot-spam @chaosxander_hd#6541: !play Vangelis - Conquest of paradise
2018-04-26 11:40:49 #bot-spam @Rythm#3722: <:youtube:335112740957978625> **Searching** 🔎 `Vangelis - Conquest of paradise`
2018-04-26 11:40:49 #bot-spam @Rythm#3722: **Playing** 🎶 `Vangelis 1492 Conquest of Paradise Full Album` - Now!
2018-04-26 11:40:54 #bot-spam @Synapse#0692: `Error in command 'play'. Check your console or logs for details.`
2018-04-26 11:41:29 #bot-spam @chaosxander_hd#6541: !leave
2018-04-26 11:41:29 #bot-spam @Rythm#3722: 📭 **Successfully disconnected**
2018-04-26 11:41:41 #bot-spam @chaosxander_hd#6541: !play https://www.youtube.com/watch?v=WYeDsa4Tw0c
2018-04-26 11:41:41 #bot-spam @Rythm#3722: <:youtube:335112740957978625> **Searching** 🔎 `https://www.youtube.com/watch?v=WYeDsa4Tw0c`
2018-04-26 11:41:41 #bot-spam @Synapse#0692: `Error in command 'play'. Check your console or logs for details.`
2018-04-26 11:41:41 #bot-spam @Rythm#3722: **Playing** 🎶 `Vangelis - Conquest of paradise` - Now!
2018-04-26 11:47:15 #bot-spam @chaosxander_hd#6541: !loop https://www.youtube.com/watch?v=WYeDsa4Tw0c
2018-04-26 11:47:16 #bot-spam @Rythm#3722: 🔂 **Enabled!**
2018-04-26 11:47:29 #bot-spam @chaosxander_hd#6541: !play https://www.youtube.com/watch?v=WYeDsa4Tw0c
2018-04-26 11:47:29 #bot-spam @Rythm#3722: <:youtube:335112740957978625> **Searching** 🔎 `https://www.youtube.com/watch?v=WYeDsa4Tw0c`
2018-04-26 11:47:29 #bot-spam @Rythm#3722: **Playing** 🎶 `Vangelis - Conquest of paradise` - Now!
2018-04-26 11:47:35 #bot-spam @Synapse#0692: `Error in command 'play'. Check your console or logs for details.`
2018-04-26 11:47:49 #bot-spam @chaosxander_hd#6541: @HutToGo
2018-04-26 11:49:09 #bot-spam @chaosxander_hd#6541: !help
2018-04-26 11:49:09 #bot-spam @Rythm#3722: ✅ **Check <https://rythmbot.co/features#list> for a list of commands**
2018-04-26 11:49:09 #bot-spam @Mecha Lucy#8337: 
2018-04-26 11:49:11 #bot-spam @Mecha Lucy#8337 edited message from 2018-04-26 11:49:09 () to read: 
2018-04-26 11:49:11 #bot-spam @Synapse#0692: Check your DM, @chaosxander_hd! I have sent something for you :wink:
2018-04-26 11:51:51 #bot-spam @chaosxander_hd#6541: !help roleplaying
2018-04-26 11:51:51 #bot-spam @Rythm#3722: ✅ **Check <https://rythmbot.co/features#list> for a list of commands**
2018-04-26 11:51:51 #bot-spam @Mecha Lucy#8337: 
2018-04-26 11:51:51 #bot-spam @Synapse#0692: Couldn't find command! Try again.
2018-04-26 11:51:51 #bot-spam @Mecha Lucy#8337 edited message from 2018-04-26 11:51:51 () to read: 
2018-04-26 11:52:18 #bot-spam @chaosxander_hd#6541: !stop
2018-04-26 11:52:18 #bot-spam @Rythm#3722: **Paused** ⏸
2018-04-26 11:52:19 #bot-spam @Synapse#0692: Can't stop if I'm not playing.
2018-04-26 11:55:39 #bot-spam @chaosxander_hd#6541: !play Vangelis - Conquest of paradise
2018-04-26 11:55:39 #bot-spam @Rythm#3722: <:youtube:335112740957978625> **Searching** 🔎 `Vangelis - Conquest of paradise`
2018-04-26 11:55:39 #bot-spam @Rythm#3722: 
2018-04-26 11:55:39 #bot-spam @Rythm#3722 edited message from 2018-04-26 11:55:39 () to read: 
2018-04-26 11:55:45 #bot-spam @Synapse#0692: `Error in command 'play'. Check your console or logs for details.`
2018-04-26 11:56:02 #bot-spam @chaosxander_hd#6541: !play
2018-04-26 11:56:02 #bot-spam @Synapse#0692: ```\n!play <url_or_search_terms>\n\nPlays a link / searches and play\n\n```
2018-04-26 11:56:02 #bot-spam @Rythm#3722: ⏯ **Resuming** 👍
2018-04-26 12:05:02 #bot-spam @HutToGo#6424: was los chaos?
2018-04-26 12:05:02 #bot-spam @MEE6#4876: GG @HutToGo, Du bist gerade zum 4 Level fortgeschritten!
2018-04-26 12:05:46 #bot-spam @chaosxander_hd#6541: !leave
2018-04-26 12:05:46 #bot-spam @Rythm#3722: 📭 **Successfully disconnected**
2018-04-26 12:06:07 #bot-spam @chaosxander_hd#6541: !play pirates of Karibien
2018-04-26 12:06:07 #bot-spam @Rythm#3722: <:youtube:335112740957978625> **Searching** 🔎 `pirates of Karibien`
2018-04-26 12:06:08 #bot-spam @Rythm#3722: **Playing** 🎶 `Pirates of the Caribbean - He's a Pirate (Extended)` - Now!
2018-04-26 12:06:13 #bot-spam @Synapse#0692: `Error in command 'play'. Check your console or logs for details.`
2018-04-26 12:07:55 #bot-spam @chaosxander_hd#6541: !play André Rieu top ... Playlist
2018-04-26 12:07:55 #bot-spam @Rythm#3722: <:youtube:335112740957978625> **Searching** 🔎 `André Rieu top ... Playlist`
2018-04-26 12:07:55 #bot-spam @Synapse#0692: `Error in command 'play'. Check your console or logs for details.`
2018-04-26 12:07:55 #bot-spam @Rythm#3722: 
2018-04-26 12:07:55 #bot-spam @Rythm#3722 edited message from 2018-04-26 12:07:55 () to read: 
2018-04-26 12:17:06 #bot-spam @chaosxander_hd#6541: !skip
2018-04-26 12:17:06 #bot-spam @Rythm#3722: ⏩ ***Skipped*** 👍
2018-04-26 12:17:06 #bot-spam @Synapse#0692: Can't skip if I'm not playing.
2018-04-26 12:19:57 #bot-spam @chaosxander_hd#6541: !leave
2018-04-26 12:19:57 #bot-spam @Rythm#3722: 📭 **Successfully disconnected**
2018-04-26 12:20:21 #bot-spam @chaosxander_hd#6541: !play house of the rising sun
2018-04-26 12:20:21 #bot-spam @Rythm#3722: <:youtube:335112740957978625> **Searching** 🔎 `house of the rising sun`
2018-04-26 12:20:22 #bot-spam @Rythm#3722: **Playing** 🎶 `Animals - House of the Rising Sun` - Now!
2018-04-26 12:20:27 #bot-spam @Synapse#0692: `Error in command 'play'. Check your console or logs for details.`
2018-04-26 13:59:57 #bot-spam @chaosxander_hd#6541: @HutToGo
2018-04-26 14:00:08 #bot-spam @chaosxander_hd#6541: wolte auch grade bloons tds spielen
2018-04-26 14:00:26 #bot-spam @chaosxander_hd#6541: @HutToGo
2018-04-26 14:04:34 #bot-spam @HutToGo#6424: xD
2018-04-26 14:10:25 #bot-spam @chaosxander_hd#6541: wait welche nspielst du ? 5?
2018-04-26 14:11:12 #bot-spam @chaosxander_hd#6541: @HutToGo
2018-04-26 14:12:19 #bot-spam @chaosxander_hd#6541: @HutToGo
2018-04-26 14:12:22 #bot-spam @chaosxander_hd#6541: @HutToGo
2018-04-26 14:12:29 #bot-spam @chaosxander_hd#6541: @HutToGo
2018-04-26 14:12:31 #bot-spam @chaosxander_hd#6541: @HutToGo
2018-04-26 14:12:32 #bot-spam @chaosxander_hd#6541: @HutToGo
2018-04-26 14:12:33 #bot-spam @chaosxander_hd#6541: @HutToGo
2018-04-26 14:12:36 #bot-spam @chaosxander_hd#6541: @HutToGo
2018-04-26 14:12:46 #bot-spam @chaosxander_hd#6541: wen 5 las zusammen
2018-04-26 14:12:48 #bot-spam @chaosxander_hd#6541: @HutToGo
2018-04-26 14:12:49 #bot-spam @chaosxander_hd#6541: @HutToGo
2018-04-26 14:12:50 #bot-spam @chaosxander_hd#6541: @HutToGo
2018-04-26 14:12:51 #bot-spam @chaosxander_hd#6541: @HutToGo
2018-04-26 14:12:52 #bot-spam @chaosxander_hd#6541: @HutToGo
2018-04-26 14:12:53 #bot-spam @chaosxander_hd#6541: @HutToGo
2018-04-26 14:12:56 #bot-spam @chaosxander_hd#6541: @HutToGo
2018-04-26 14:12:58 #bot-spam @chaosxander_hd#6541: @HutToGo@HutToGo
2018-04-26 14:13:01 #bot-spam @chaosxander_hd#6541: @HutToGo@HutToGo
2018-04-26 14:13:02 #bot-spam @chaosxander_hd#6541: @HutToGo
2018-04-26 14:13:05 #bot-spam @chaosxander_hd#6541: @HutToGo
2018-04-26 14:13:06 #bot-spam @chaosxander_hd#6541: @HutToGo
2018-04-26 14:13:08 #bot-spam @chaosxander_hd#6541: @HutToGo
2018-04-26 14:14:29 #bot-spam @HutToGo#6424: 5 ja aber zocke mit meinem bruder
2018-04-26 14:14:34 #bot-spam @chaosxander_hd#6541: :(
2018-04-26 14:14:48 #bot-spam @chaosxander_hd#6541: las plz mal gleich
2018-04-26 14:15:26 #bot-spam @HutToGo#6424: wir können morgen vlt spielen da ist er eh nicht da
2018-04-26 14:16:48 #bot-spam @chaosxander_hd#6541: ok
2018-04-26 14:21:12 #bot-spam @MCvoidcraftHD#3269: Was balloons TDS GIBT AUCH AM PC 😱
2018-04-26 14:21:41 #bot-spam @MCvoidcraftHD#3269 edited message from 2018-04-26 14:21:12 (Was balloons TDS GIBT AUCH AM PC 😱) to read: Was baloons TD5 GIBT AUCH AM PC 😱
2018-04-26 14:22:18 #bot-spam @HutToGo#6424: ja im internet kostenlos und auf steam für 10 oder 15€
2018-04-26 14:23:34 #bot-spam @MCvoidcraftHD#3269: Ne 9.99 xD
2018-04-26 14:24:17 #bot-spam @MCvoidcraftHD#3269: Glaub hol mir nachher PSC xD
2018-04-26 14:24:28 #bot-spam @MCvoidcraftHD#3269: <:LUL:438352790595829761> <:LUL:438352790595829761> <:LUL:438352790595829761> <:LUL:438352790595829761> <:LUL:438352790595829761> <:LUL:438352790595829761> <:LUL:438352790595829761> <:LUL:438352790595829761> <:LUL:438352790595829761> <:LUL:438352790595829761> <:LUL:438352790595829761>
2018-04-26 14:47:52 #bot-spam @chaosxander_hd#6541: !loop
2018-04-26 14:47:52 #bot-spam @Rythm#3722: ❌ **You have to be in a voice channel to use this command.**
2018-04-26 14:48:05 #bot-spam @chaosxander_hd#6541: !loop
2018-04-26 14:48:05 #bot-spam @Rythm#3722: ❌ **I am not connected to a voice channel**, Use the summon command to get me in one
2018-04-26 14:48:36 #bot-spam @chaosxander_hd#6541: !play Vangelis - Conquest of paradise
2018-04-26 14:48:36 #bot-spam @Rythm#3722: <:youtube:335112740957978625> **Searching** 🔎 `Vangelis - Conquest of paradise`
2018-04-26 14:48:37 #bot-spam @Rythm#3722: **Playing** 🎶 `Vangelis 1492 Conquest of Paradise Full Album` - Now!
2018-04-26 14:48:39 #bot-spam @chaosxander_hd#6541: !loop
2018-04-26 14:48:40 #bot-spam @Rythm#3722: 🔂 **Enabled!**
2018-04-26 14:48:45 #bot-spam @Synapse#0692: `Error in command 'play'. Check your console or logs for details.`
2018-04-26 15:05:41 #bot-spam @chaosxander_hd#6541: !leave
2018-04-26 15:05:41 #bot-spam @Rythm#3722: 📭 **Successfully disconnected**
2018-04-27 13:28:46 #bot-spam @chaosxander_hd#6541: !play \nhttps://www.youtube.com/watch?v=WYeDsa4Tw0c
2018-04-27 13:28:46 #bot-spam @Rythm#3722: <:youtube:335112740957978625> **Searching** 🔎 `https://www.youtube.com/watch?v=WYeDsa4Tw0c`
2018-04-27 13:28:48 #bot-spam @chaosxander_hd#6541 edited message from 2018-04-27 13:28:46 (!play \nhttps://www.youtube.com/watch?v=WYeDsa4Tw0c) to read: !play \nhttps://www.youtube.com/watch?v=WYeDsa4Tw0c
2018-04-27 13:28:47 #bot-spam @Rythm#3722: **Playing** 🎶 `Vangelis - Conquest of paradise` - Now!
2018-04-27 13:28:48 #bot-spam @Synapse#0692: `Error in command 'play'. Check your console or logs for details.`
2018-04-27 13:33:39 #bot-spam @chaosxander_hd#6541: !recorde
2018-04-27 13:33:43 #bot-spam @chaosxander_hd#6541: !record
2018-04-27 13:36:33 #bot-spam @chaosxander_hd#6541: !play https://www.youtube.com/watch?v=WYeDsa4Tw0c
2018-04-27 13:36:33 #bot-spam @Rythm#3722: <:youtube:335112740957978625> **Searching** 🔎 `https://www.youtube.com/watch?v=WYeDsa4Tw0c`
2018-04-27 13:36:34 #bot-spam @Rythm#3722: **Playing** 🎶 `Vangelis - Conquest of paradise` - Now!
2018-04-27 13:36:41 #bot-spam @Synapse#0692: `Error in command 'play'. Check your console or logs for details.`
2018-04-27 13:40:53 #bot-spam @chaosxander_hd#6541: !stop
2018-04-27 13:40:53 #bot-spam @Rythm#3722: **Paused** ⏸
2018-04-27 13:40:53 #bot-spam @Synapse#0692: Can't stop if I'm not playing.
2018-04-27 17:27:26 #bot-spam @HutToGo#6424: !help
2018-04-27 17:27:26 #bot-spam @Rythm#3722: ✅ **Check <https://rythmbot.co/features#list> for a list of commands**
2018-04-27 17:27:26 #bot-spam @Mecha Lucy#8337: 
2018-04-27 17:27:29 #bot-spam @Mecha Lucy#8337 edited message from 2018-04-27 17:27:26 () to read: 
2018-04-27 17:27:30 #bot-spam @Synapse#0692: Check your DM, @HutToGo! I have sent something for you :wink:
2018-04-27 17:27:54 #bot-spam @MCvoidcraftHD#3269: ßHELP
2018-04-27 17:27:57 #bot-spam @MCvoidcraftHD#3269: ?help
2018-04-27 17:28:15 #bot-spam @MCvoidcraftHD#3269: ?play ameno
2018-04-27 17:28:16 #bot-spam @Dyno#3861: Added ERA - Ameno to the queue.
2018-04-27 17:28:16 #bot-spam @Dyno#3861: 
2018-04-27 17:28:17 #bot-spam @Dyno#3861 edited message from 2018-04-27 17:28:16 () to read: 
2018-04-27 17:29:23 #bot-spam @HutToGo#6424: https://www.youtube.com/playlist?list=PLO_6KdzGnpVkro75xZAljufJWlD6K5sxS
2018-04-27 17:29:24 #bot-spam @HutToGo#6424 edited message from 2018-04-27 17:29:23 (https://www.youtube.com/playlist?list=PLO_6KdzGnpVkro75xZAljufJWlD6K5sxS) to read: https://www.youtube.com/playlist?list=PLO_6KdzGnpVkro75xZAljufJWlD6K5sxS
2018-04-27 17:32:07 #bot-spam @Dyno#3861: 
2018-04-27 17:32:08 #bot-spam @Dyno#3861 edited message from 2018-04-27 17:32:07 () to read: 
2018-04-27 17:33:36 #bot-spam @MCvoidcraftHD#3269: ?play wixxer
2018-04-27 17:33:37 #bot-spam @Dyno#3861: Added Der Wixxer (sehr lustig) to the queue.
2018-04-27 17:33:38 #bot-spam @HutToGo#6424: ?play https://www.youtube.com/playlist?list=PLO_6KdzGnpVkro75xZAljufJWlD6K5sxS
2018-04-27 17:33:42 #bot-spam @Dyno#3861: Added Fairy Tail - Dragon Force Ost to the queue.
2018-04-27 17:33:51 #bot-spam @MCvoidcraftHD#3269: ?skip
2018-04-27 17:33:51 #bot-spam @Dyno#3861: 
2018-04-27 17:33:53 #bot-spam @Dyno#3861 edited message from 2018-04-27 17:33:51 () to read: 
2018-04-27 17:34:02 #bot-spam @HutToGo#6424: !play https://www.youtube.com/playlist?list=PLO_6KdzGnpVkro75xZAljufJWlD6K5sxS
2018-04-27 17:34:02 #bot-spam @Rythm#3722: <:youtube:335112740957978625> **Searching** 🔎 `https://www.youtube.com/playlist?list=PLO_6KdzGnpVkro75xZAljufJWlD6K5sxS`
2018-04-27 17:34:04 #bot-spam @Rythm#3722: **Playing** 🎶 `Fairy Tail - Dragon Force Ost` - Now!
2018-04-27 17:34:04 #bot-spam @Rythm#3722: ✅ **Enqueued `314` songs**
2018-04-27 17:34:07 #bot-spam @Synapse#0692: `Error in command 'play'. Check your console or logs for details.`
2018-04-27 17:34:14 #bot-spam @MCvoidcraftHD#3269: ?stop
2018-04-27 17:36:53 #bot-spam @HutToGo#6424: !shuffle
2018-04-27 17:36:53 #bot-spam @Rythm#3722: **Shuffled queue** 👌
2018-04-27 17:36:55 #bot-spam @Synapse#0692: Queues shuffled.
2018-04-27 18:44:45 #bot-spam @chaosxander_hd#6541: !play https://www.youtube.com/watch?v=WYeDsa4Tw0c
2018-04-27 18:44:45 #bot-spam @Rythm#3722: <:youtube:335112740957978625> **Searching** 🔎 `https://www.youtube.com/watch?v=WYeDsa4Tw0c`
2018-04-27 18:44:45 #bot-spam @Rythm#3722: 
2018-04-27 18:44:47 #bot-spam @Rythm#3722 edited message from 2018-04-27 18:44:45 () to read: 
2018-04-27 18:44:52 #bot-spam @Synapse#0692: `Error in command 'play'. Check your console or logs for details.`
2018-04-27 18:45:09 #bot-spam @chaosxander_hd#6541: !skip
2018-04-27 18:45:09 #bot-spam @Rythm#3722: ⏩ ***Skipped*** 👍
2018-04-27 18:45:11 #bot-spam @Synapse#0692: Can't skip if I'm not playing.
2018-04-27 18:45:18 #bot-spam @chaosxander_hd#6541: !skip
2018-04-27 18:45:19 #bot-spam @Rythm#3722: ⏩ ***Skipped*** 👍
2018-04-27 18:45:19 #bot-spam @Synapse#0692: Can't skip if I'm not playing.
2018-04-27 18:45:29 #bot-spam @chaosxander_hd#6541: !skip
2018-04-27 18:45:29 #bot-spam @Rythm#3722: ⏩ ***Skipped*** 👍
2018-04-27 18:45:30 #bot-spam @Synapse#0692: Can't skip if I'm not playing.
2018-04-27 18:45:42 #bot-spam @chaosxander_hd#6541: !leave
2018-04-27 18:45:42 #bot-spam @Rythm#3722: 📭 **Successfully disconnected**
2018-04-27 18:45:48 #bot-spam @chaosxander_hd#6541: !play https://www.youtube.com/watch?v=WYeDsa4Tw0c
2018-04-27 18:45:48 #bot-spam @Rythm#3722: <:youtube:335112740957978625> **Searching** 🔎 `https://www.youtube.com/watch?v=WYeDsa4Tw0c`
2018-04-27 18:45:49 #bot-spam @chaosxander_hd#6541 edited message from 2018-04-27 18:45:48 (!play https://www.youtube.com/watch?v=WYeDsa4Tw0c) to read: !play https://www.youtube.com/watch?v=WYeDsa4Tw0c
2018-04-27 18:45:49 #bot-spam @Rythm#3722: **Playing** 🎶 `Vangelis - Conquest of paradise` - Now!
2018-04-27 18:45:49 #bot-spam @Synapse#0692: `Error in command 'play'. Check your console or logs for details.`
2018-04-27 18:51:23 #bot-spam @chaosxander_hd#6541: !play https://www.youtube.com/watch?v=XViMBmm6Lns
2018-04-27 18:51:23 #bot-spam @Rythm#3722: <:youtube:335112740957978625> **Searching** 🔎 `https://www.youtube.com/watch?v=XViMBmm6Lns`
2018-04-27 18:51:24 #bot-spam @chaosxander_hd#6541 edited message from 2018-04-27 18:51:23 (!play https://www.youtube.com/watch?v=XViMBmm6Lns) to read: !play https://www.youtube.com/watch?v=XViMBmm6Lns
2018-04-27 18:51:24 #bot-spam @Rythm#3722: **Playing** 🎶 `Jebroer - Kind van de duivel (lyrics) TBS Music®` - Now!
2018-04-27 18:51:29 #bot-spam @Synapse#0692: `Error in command 'play'. Check your console or logs for details.`
2018-04-27 18:58:46 #bot-spam @HutToGo#6424: !play https://www.youtube.com/playlist?list=PLO_6KdzGnpVkro75xZAljufJWlD6K5sxS
2018-04-27 18:58:46 #bot-spam @Rythm#3722: <:youtube:335112740957978625> **Searching** 🔎 `https://www.youtube.com/playlist?list=PLO_6KdzGnpVkro75xZAljufJWlD6K5sxS`
2018-04-27 18:58:47 #bot-spam @HutToGo#6424 edited message from 2018-04-27 18:58:46 (!play https://www.youtube.com/playlist?list=PLO_6KdzGnpVkro75xZAljufJWlD6K5sxS) to read: !play https://www.youtube.com/playlist?list=PLO_6KdzGnpVkro75xZAljufJWlD6K5sxS
2018-04-27 18:58:48 #bot-spam @Rythm#3722: **Playing** 🎶 `Fairy Tail - Dragon Force Ost` - Now!
2018-04-27 18:58:48 #bot-spam @Rythm#3722: ✅ **Enqueued `314` songs**
2018-04-27 18:58:51 #bot-spam @HutToGo#6424: !shuffle
2018-04-27 18:58:51 #bot-spam @Rythm#3722: **Shuffled queue** 👌
2018-04-27 18:58:53 #bot-spam @Synapse#0692: `Error in command 'play'. Check your console or logs for details.`
2018-04-27 18:58:54 #bot-spam @Synapse#0692: Queues shuffled.
2018-04-27 18:59:42 #bot-spam @HutToGo#6424: !skip
2018-04-27 18:59:42 #bot-spam @Rythm#3722: ⏩ ***Skipped*** 👍
2018-04-27 18:59:42 #bot-spam @Synapse#0692: Can't skip if I'm not playing.
2018-04-27 20:28:07 #bot-spam @HutToGo#6424: @chaosxander_hd du bist viel zu jung um so spät noch wach zu sein xD
2018-04-27 20:28:17 #bot-spam @chaosxander_hd#6541: Schaue film
2018-04-27 20:28:24 #bot-spam @chaosxander_hd#6541: André Rieu
2018-04-27 20:28:46 #bot-spam @chaosxander_hd#6541: Was ist Denn los
2018-04-27 20:28:58 #bot-spam @Vaultence#3597: hi chaos
2018-04-27 20:29:06 #bot-spam @chaosxander_hd#6541: Hello
2018-04-27 20:29:10 #bot-spam @Vaultence#3597: I didn't realize you owned a large server
2018-04-27 20:29:14 #bot-spam @Vaultence#3597: when we met
2018-04-27 20:29:27 #bot-spam @Vaultence#3597: its nice
2018-04-27 20:29:36 #bot-spam @Vaultence#3597: friendly, certainly
2018-04-27 20:30:35 #bot-spam @chaosxander_hd#6541: Wait plz in looking moe a film IT was break we van speak later
2018-04-27 20:30:40 #bot-spam @Vaultence#3597: ok
2018-04-27 20:30:40 #bot-spam @chaosxander_hd#6541: K?
2018-04-27 20:30:45 #bot-spam @Vaultence#3597: yeah sure
2018-04-27 20:30:52 #bot-spam @Vaultence#3597: its nice to get in touch
2018-04-27 21:07:13 #bot-spam @HutToGo#6424: !play https://www.youtube.com/playlist?list=PLO_6KdzGnpVkro75xZAljufJWlD6K5sxS
2018-04-27 21:07:13 #bot-spam @Rythm#3722: <:youtube:335112740957978625> **Searching** 🔎 `https://www.youtube.com/playlist?list=PLO_6KdzGnpVkro75xZAljufJWlD6K5sxS`
2018-04-27 21:07:16 #bot-spam @HutToGo#6424 edited message from 2018-04-27 21:07:13 (!play https://www.youtube.com/playlist?list=PLO_6KdzGnpVkro75xZAljufJWlD6K5sxS) to read: !play https://www.youtube.com/playlist?list=PLO_6KdzGnpVkro75xZAljufJWlD6K5sxS
2018-04-27 21:07:15 #bot-spam @Rythm#3722: **Playing** 🎶 `Fairy Tail - Dragon Force Ost` - Now!
2018-04-27 21:07:15 #bot-spam @Rythm#3722: ✅ **Enqueued `314` songs**
2018-04-27 21:07:16 #bot-spam @HutToGo#6424: shuffle
2018-04-27 21:07:20 #bot-spam @Synapse#0692: `Error in command 'play'. Check your console or logs for details.`
2018-04-27 21:07:53 #bot-spam @chaosxander_hd#6541: !stop
2018-04-27 21:07:53 #bot-spam @Rythm#3722: ❌ **You have to be in a voice channel to use this command.**
2018-04-27 21:07:53 #bot-spam @Synapse#0692: Can't stop if I'm not playing.
2018-04-27 21:08:09 #bot-spam @HutToGo#6424: !skip
2018-04-27 21:08:10 #bot-spam @Rythm#3722: ⏩ ***Skipped*** 👍
2018-04-27 21:08:10 #bot-spam @Synapse#0692: Can't skip if I'm not playing.
2018-04-27 21:55:38 #bot-spam @MCvoidcraftHD#3269: !stop
2018-04-27 21:55:38 #bot-spam @Rythm#3722: **Paused** ⏸
2018-04-27 21:55:41 #bot-spam @Synapse#0692: Can't stop if I'm not playing.
2018-04-27 21:55:50 #bot-spam @MCvoidcraftHD#3269: !stop
2018-04-27 21:55:50 #bot-spam @Rythm#3722: ❌ **The player is already paused**
2018-04-27 21:55:52 #bot-spam @Synapse#0692: Can't stop if I'm not playing.
2018-04-27 21:55:56 #bot-spam @MCvoidcraftHD#3269: !leave
2018-04-27 21:55:56 #bot-spam @Rythm#3722: 📭 **Successfully disconnected**
2018-04-28 11:27:00 #bot-spam @chaosxander_hd#6541: !play hey brother
2018-04-28 11:27:00 #bot-spam @Rythm#3722: <:youtube:335112740957978625> **Searching** 🔎 `hey brother`
2018-04-28 11:27:01 #bot-spam @Rythm#3722: **Playing** 🎶 `Avicii - Hey Brother (Lyric)` - Now!
2018-04-28 11:27:09 #bot-spam @Synapse#0692: `Error in command 'play'. Check your console or logs for details.`
2018-04-28 11:27:09 #bot-spam @chaosxander_hd#6541: !stop
2018-04-28 11:27:09 #bot-spam @Rythm#3722: **Paused** ⏸
2018-04-28 11:27:09 #bot-spam @Synapse#0692: Can't stop if I'm not playing.
2018-04-28 11:27:43 #bot-spam @chaosxander_hd#6541: !play
2018-04-28 11:27:43 #bot-spam @Rythm#3722: ⏯ **Resuming** 👍
2018-04-28 11:27:43 #bot-spam @Synapse#0692: ```\n!play <url_or_search_terms>\n\nPlays a link / searches and play\n\n```
2018-04-28 11:27:58 #bot-spam @chaosxander_hd#6541: !leave
2018-04-28 11:27:58 #bot-spam @Rythm#3722: 📭 **Successfully disconnected**
2018-04-30 12:22:39 #bot-spam @chaosxander_hd#6541: !youtube chaosflo44
2018-04-30 12:22:39 #bot-spam @MEE6#4876: https://youtube.com/watch?v=apWFV3BKowo
2018-04-30 12:22:40 #bot-spam @Synapse#0692: https://www.youtube.com/watch?v=dsJT-syD_e0
2018-04-30 12:22:40 #bot-spam @MEE6#4876 edited message from 2018-04-30 12:22:39 (https://youtube.com/watch?v=apWFV3BKowo) to read: https://youtube.com/watch?v=apWFV3BKowo
2018-04-30 12:22:40 #bot-spam @Synapse#0692 edited message from 2018-04-30 12:22:40 (https://www.youtube.com/watch?v=dsJT-syD_e0) to read: https://www.youtube.com/watch?v=dsJT-syD_e0
2018-04-30 14:31:10 #bot-spam @chaosxander_hd#6541: !play dancing Queen
2018-04-30 14:31:10 #bot-spam @Rythm#3722: <:youtube:335112740957978625> **Searching** 🔎 `dancing Queen`
2018-04-30 14:31:10 #bot-spam @Rythm#3722: **Playing** 🎶 `Abba - Dancing Queen` - Now!
2018-04-30 14:31:54 #bot-spam @chaosxander_hd#6541: !play super trooper
2018-04-30 14:31:54 #bot-spam @Synapse#0692: Queued.
2018-04-30 14:31:54 #bot-spam @Rythm#3722: <:youtube:335112740957978625> **Searching** 🔎 `super trooper`
2018-04-30 14:31:54 #bot-spam @Rythm#3722: 
2018-04-30 14:31:54 #bot-spam @Rythm#3722 edited message from 2018-04-30 14:31:54 () to read: 
2018-04-30 14:32:11 #bot-spam @DasAccount#7441: ABBA Fan?
2018-04-30 14:32:16 #bot-spam @chaosxander_hd#6541: !play money money money
2018-04-30 14:32:17 #bot-spam @Synapse#0692: Queued.
2018-04-30 14:32:17 #bot-spam @Rythm#3722: <:youtube:335112740957978625> **Searching** 🔎 `money money money`
2018-04-30 14:32:17 #bot-spam @Rythm#3722: 
2018-04-30 14:32:17 #bot-spam @Rythm#3722 edited message from 2018-04-30 14:32:17 () to read: 
2018-04-30 14:32:22 #bot-spam @chaosxander_hd#6541: Ja
2018-04-30 14:34:20 #bot-spam @chaosxander_hd#6541: !play Moskou djingis khan
2018-04-30 14:34:20 #bot-spam @Rythm#3722: <:youtube:335112740957978625> **Searching** 🔎 `Moskou djingis khan`
2018-04-30 14:34:20 #bot-spam @Synapse#0692: Queued.
2018-04-30 14:34:21 #bot-spam @Rythm#3722: 
2018-04-30 14:34:21 #bot-spam @Rythm#3722 edited message from 2018-04-30 14:34:21 () to read: 
2018-04-30 14:34:41 #bot-spam @chaosxander_hd#6541: !play djingis khan djingis khan
2018-04-30 14:34:41 #bot-spam @Rythm#3722: <:youtube:335112740957978625> **Searching** 🔎 `djingis khan djingis khan`
2018-04-30 14:34:42 #bot-spam @Rythm#3722: 
2018-04-30 14:34:47 #bot-spam @Rythm#3722 edited message from 2018-04-30 14:34:42 () to read: 
2018-04-30 14:34:47 #bot-spam @Synapse#0692: Queued.
2018-04-30 14:35:39 #bot-spam @chaosxander_hd#6541: !play Brown girl in the ring
2018-04-30 14:35:39 #bot-spam @Synapse#0692: Queued.
2018-04-30 14:35:39 #bot-spam @Rythm#3722: <:youtube:335112740957978625> **Searching** 🔎 `Brown girl in the ring`
2018-04-30 14:35:40 #bot-spam @Rythm#3722: 
2018-04-30 14:35:40 #bot-spam @Rythm#3722 edited message from 2018-04-30 14:35:40 () to read: 
2018-04-30 15:58:09 #bot-spam @chaosxander_hd#6541: @Emilia hello how are you
2018-04-30 15:58:30 #bot-spam @chaosxander_hd#6541: @Emilia hello how are you
2018-04-30 15:58:51 #bot-spam @chaosxander_hd#6541: @Emilia hello how are you
2018-04-30 15:59:57 #bot-spam @Emilia#4364: @[Owner]chaosxander_hd Hi there! Everything is going extremely well.
2018-04-30 16:00:11 #bot-spam @chaosxander_hd#6541: @Emilia fine
2018-04-30 16:00:30 #bot-spam @chaosxander_hd#6541: @Emilia  fine
2018-04-30 16:01:04 #bot-spam @chaosxander_hd#6541: @Emilia Do you like frogs
2018-04-30 16:01:05 #bot-spam @Emilia#4364: @[Owner]chaosxander_hd Is there anything you want to tell me?
2018-04-30 16:01:24 #bot-spam @chaosxander_hd#6541: @Emilia no
2018-04-30 16:02:37 #bot-spam @Emilia#4364: @[Owner]chaosxander_hd What is not to like about FROGS?
2018-04-30 16:03:13 #bot-spam @chaosxander_hd#6541: @Emilia i dont know
2018-04-30 16:03:51 #bot-spam @Emilia#4364: @[Owner]chaosxander_hd Me neither.
2018-04-30 16:04:19 #bot-spam @chaosxander_hd#6541: @Emilia van we play bingo
2018-04-30 20:16:41 #bot-spam @chaosxander_hd#6541: @Emilia can we play bingo
2018-04-30 20:18:36 #bot-spam @Emilia#4364: @[Owner]chaosxander_hd Do you mean you and me? We are playing a game right now, my friend.
2018-04-30 20:19:20 #bot-spam @chaosxander_hd#6541: @Emilia yes
2018-04-30 20:20:19 #bot-spam @chaosxander_hd#6541: @Emilia you andere me
2018-04-30 20:20:31 #bot-spam @chaosxander_hd#6541 edited message from 2018-04-30 20:20:19 (@Emilia you andere me) to read: @Emilia you and me
2018-04-30 20:20:58 #bot-spam @Emilia#4364: @[Owner]chaosxander_hd I suppose I am.
