2018-04-27 05:38:46 #admins @MCvoidcraftHD#3269: Hut hier admins channel,da müssen wir nicht den Chat zu spamen
2018-04-27 11:27:59 #admins @HutToGo#6424: XD
2018-04-27 12:52:37 #admins @chaosxander_hd#6541: xD
2018-04-27 12:52:43 #admins @chaosxander_hd#6541: @HutToGo
2018-04-27 12:52:45 #admins @chaosxander_hd#6541: @MCvoidcraftHD
2018-04-27 12:52:54 #admins @chaosxander_hd#6541: komt talk
2018-04-27 12:52:58 #admins @chaosxander_hd#6541: auch du @MCvoidcraftHD
2018-04-27 12:53:06 #admins @chaosxander_hd#6541: tu nicht so als wärst du ofline
2018-04-27 13:24:06 #admins @MCvoidcraftHD#3269: Was willst du ich war Grad auch offline xD
2018-04-27 16:03:05 #admins @MCvoidcraftHD#3269: @HutToGo installiere es grad
2018-04-27 16:03:21 #admins @HutToGo#6424: perfekt
2018-04-27 16:04:30 #admins @MCvoidcraftHD#3269: so installiert hat nur 1 min gebraucht OMEGALUL xD
2018-04-27 16:04:59 #admins @MCvoidcraftHD#3269: wenn du mich suchst ich bin im Coole Admins talk xD
2018-04-27 16:05:24 #admins @MCvoidcraftHD#3269: scheiße es installiert microsoft xc xD
2018-04-27 16:05:29 #admins @MCvoidcraftHD#3269 edited message from 2018-04-27 16:05:24 (scheiße es installiert microsoft xc xD) to read: scheiße es installiert microsoft vc xD
2018-04-27 16:06:08 #admins @MCvoidcraftHD#3269: hut wie heißt dein virus xD?
2018-04-27 16:14:01 #admins @MCvoidcraftHD#3269: @HutToGo hast du schonmal nen virus chrono genannt xD?
2018-04-27 16:14:41 #admins @HutToGo#6424: xD ne miener heißt gerade die maximus oder so
2018-04-27 16:15:50 #admins @HutToGo#6424: die mexalum
2018-04-27 16:15:50 #admins @MEE6#4876: GG @HutToGo, Du bist gerade zum 5 Level fortgeschritten!
2018-04-27 16:15:53 #admins @MCvoidcraftHD#3269: wat O.o
2018-04-27 16:16:25 #admins @MCvoidcraftHD#3269: wie weit bist du also wie viele menschen sind tot oder leben noch xD?
2018-04-27 16:17:23 #admins @HutToGo#6424:  (attachment url(s): https://cdn.discordapp.com/attachments/439298950365708298/439460061438541824/Screenshot_103.png)
2018-04-27 16:17:28 #admins @HutToGo#6424: kreige grönland aber net
2018-04-27 16:18:23 #admins @MCvoidcraftHD#3269: wut xD
2018-04-27 16:18:23 #admins @MEE6#4876: GG @MCvoidcraftHD, Du bist gerade zum 10 Level fortgeschritten!
2018-04-27 16:18:49 #admins @HutToGo#6424: FUCK (attachment url(s): https://cdn.discordapp.com/attachments/439298950365708298/439460422442156032/Screenshot_104.png)
2018-04-27 18:42:12 #admins @chaosxander_hd#6541: Hi evntl hol ich mir morgen btd
2018-04-27 18:42:29 #admins @chaosxander_hd#6541: Und evntl auch das von den screens
2018-04-27 20:27:44 #admins @MCvoidcraftHD#3269: @chaosxander_hd hör auf
2018-04-27 20:28:01 #admins @chaosxander_hd#6541: ?
2018-04-27 20:29:42 #admins @MCvoidcraftHD#3269: ich seh audio log du depp xD
2018-04-27 21:02:05 #admins @HutToGo#6424: https://terraria.gamepedia.com/Terraria_Wiki
2018-04-27 21:02:16 #admins @HutToGo#6424: @MCvoidcraftHD
2018-04-27 21:06:25 #admins @chaosxander_hd#6541: Xd
