2018-04-27 15:13:22 #YOUTUBE Voice channel join: Mohamed_Art20YT#3958 (id 371696327005831169)
2018-04-27 15:13:25 #YOUTUBE Voice channel leave: Mohamed_Art20YT#3958 (id 371696327005831169) moving to SPEEDXCRAFT
2018-04-27 15:14:14 #YOUTUBE Voice channel join: HosseinMinecraft#3424 (id 435467650336817152), flags: self_deaf,self_mute
2018-04-27 15:14:51 #YOUTUBE Voice channel leave: HosseinMinecraft#3424 (id 435467650336817152)
2018-04-27 15:16:51 #YOUTUBE Voice channel join: HosseinMinecraft#3424 (id 435467650336817152), flags: self_deaf,self_mute
2018-04-27 15:16:51 #YOUTUBE Server self-mute: HosseinMinecraft#3424 (id 435467650336817152)
2018-04-27 15:17:00 #YOUTUBE Server self-undeafen: HosseinMinecraft#3424 (id 435467650336817152)
2018-04-27 15:17:03 #YOUTUBE Server self-unmute: HosseinMinecraft#3424 (id 435467650336817152)
2018-04-27 15:17:03 #YOUTUBE Server self-deafen: HosseinMinecraft#3424 (id 435467650336817152)
2018-04-27 15:17:03 #YOUTUBE Server self-mute: HosseinMinecraft#3424 (id 435467650336817152)
2018-04-27 15:17:03 #YOUTUBE Server self-deafen: HosseinMinecraft#3424 (id 435467650336817152)
2018-04-27 15:17:11 #YOUTUBE Voice channel leave: HosseinMinecraft#3424 (id 435467650336817152) moving to GENERAL
2018-04-27 18:17:09 #YOUTUBE Voice channel join: HosseinMinecraft#3424 (id 435467650336817152), flags: self_deaf,self_mute
2018-04-27 18:17:13 #YOUTUBE Voice channel leave: HosseinMinecraft#3424 (id 435467650336817152)
2018-04-28 13:24:46 #YOUTUBE Voice channel join: _x4ImSGerYT|تركي  العتيـﮯبيـﮯ 🎀#9607 (id 337159059788791808), moved from Youtube
2018-04-28 13:24:49 #YOUTUBE Voice channel join: Mohamed_Art20YT#3958 (id 371696327005831169), moved from GENERAL, flags: self_mute
2018-04-28 13:24:57 #YOUTUBE Voice channel leave: _x4ImSGerYT|تركي  العتيـﮯبيـﮯ 🎀#9607 (id 337159059788791808) moving to GENERAL
2018-04-28 13:24:57 #YOUTUBE Voice channel leave: Mohamed_Art20YT#3958 (id 371696327005831169) moving to GENERAL
2018-04-28 15:57:14 #YOUTUBE Voice channel join: LePerlie_#4953 (id 404300291752722434), moved from GENERAL
2018-04-28 15:57:15 #YOUTUBE Voice channel join: Mohamed_Art20YT#3958 (id 371696327005831169), moved from GENERAL
2018-04-28 15:58:31 #YOUTUBE Voice channel leave: Mohamed_Art20YT#3958 (id 371696327005831169)
2018-04-28 15:58:31 #YOUTUBE Voice channel leave: LePerlie_#4953 (id 404300291752722434)
