2018-04-27 15:11:36 #GENERAL Voice channel join: HosseinMinecraft#3424 (id 435467650336817152), flags: self_deaf,self_mute
2018-04-27 15:11:37 #GENERAL Voice channel leave: HosseinMinecraft#3424 (id 435467650336817152)
2018-04-27 15:13:25 #GENERAL Voice channel join: Mohamed_Art20YT#3958 (id 371696327005831169), moved from SPEEDXCRAFT
2018-04-27 15:17:11 #GENERAL Voice channel join: HosseinMinecraft#3424 (id 435467650336817152), moved from YOUTUBE, flags: self_deaf,self_mute
2018-04-27 15:17:17 #GENERAL Server self-unmute: HosseinMinecraft#3424 (id 435467650336817152)
2018-04-27 15:17:20 #GENERAL Server self-mute: HosseinMinecraft#3424 (id 435467650336817152)
2018-04-27 15:19:20 #GENERAL Voice channel leave: HosseinMinecraft#3424 (id 435467650336817152)
2018-04-27 15:29:03 #GENERAL Voice channel join: Master_GameOver 3arab#7074 (id 349261716770521098)
2018-04-27 15:29:15 #GENERAL Voice channel leave: Master_GameOver 3arab#7074 (id 349261716770521098)
2018-04-27 15:31:32 #GENERAL Voice channel leave: Mohamed_Art20YT#3958 (id 371696327005831169) moving to Rythm
2018-04-27 17:20:46 #GENERAL Voice channel join: Mohamed_Art20YT#3958 (id 371696327005831169)
2018-04-27 17:21:41 #GENERAL Voice channel leave: Mohamed_Art20YT#3958 (id 371696327005831169) moving to Music
2018-04-27 17:24:54 #GENERAL Voice channel join: Mohamed_Art20YT#3958 (id 371696327005831169), moved from Music
2018-04-27 17:38:39 #GENERAL Voice channel leave: Mohamed_Art20YT#3958 (id 371696327005831169)
2018-04-27 20:01:50 #GENERAL Voice channel join: HosseinMinecraft#3424 (id 435467650336817152), flags: self_deaf,self_mute
2018-04-27 20:02:30 #GENERAL Voice channel join: Rythm#3722 (id 235088799074484224)
2018-04-27 20:27:03 #GENERAL Voice channel leave: Rythm#3722 (id 235088799074484224)
2018-04-27 21:39:27 #GENERAL Voice channel leave: HosseinMinecraft#3424 (id 435467650336817152)
2018-04-28 13:01:02 #GENERAL Voice channel join: _x4ImSGerYT|تركي  العتيـﮯبيـﮯ 🎀#9607 (id 337159059788791808)
2018-04-28 13:01:06 #GENERAL Voice channel join: Mohamed_Art20YT#3958 (id 371696327005831169)
2018-04-28 13:08:01 #GENERAL Server self-mute: Mohamed_Art20YT#3958 (id 371696327005831169)
2018-04-28 13:08:24 #GENERAL Server self-unmute: Mohamed_Art20YT#3958 (id 371696327005831169)
2018-04-28 13:09:58 #GENERAL Voice channel leave: Mohamed_Art20YT#3958 (id 371696327005831169) moving to Rythm
2018-04-28 13:09:58 #GENERAL Voice channel join: Mohamed_Art20YT#3958 (id 371696327005831169), moved from Rythm
2018-04-28 13:16:32 #GENERAL Server self-mute: Mohamed_Art20YT#3958 (id 371696327005831169)
2018-04-28 13:24:45 #GENERAL Voice channel leave: _x4ImSGerYT|تركي  العتيـﮯبيـﮯ 🎀#9607 (id 337159059788791808) moving to Youtube
2018-04-28 13:24:49 #GENERAL Voice channel leave: Mohamed_Art20YT#3958 (id 371696327005831169) moving to YOUTUBE
2018-04-28 13:24:57 #GENERAL Voice channel join: _x4ImSGerYT|تركي  العتيـﮯبيـﮯ 🎀#9607 (id 337159059788791808), moved from YOUTUBE
2018-04-28 13:24:57 #GENERAL Voice channel join: Mohamed_Art20YT#3958 (id 371696327005831169), moved from YOUTUBE, flags: self_mute
2018-04-28 15:25:20 #GENERAL Voice channel join: Mohamed_Art20YT#3958 (id 371696327005831169)
2018-04-28 15:25:21 #GENERAL Voice channel join: LePerlie_#4953 (id 404300291752722434)
2018-04-28 15:35:59 #GENERAL Server self-mute: Mohamed_Art20YT#3958 (id 371696327005831169)
2018-04-28 15:36:08 #GENERAL Server self-unmute: Mohamed_Art20YT#3958 (id 371696327005831169)
2018-04-28 15:36:12 #GENERAL Server self-mute: Mohamed_Art20YT#3958 (id 371696327005831169)
2018-04-28 15:36:25 #GENERAL Server self-unmute: Mohamed_Art20YT#3958 (id 371696327005831169)
2018-04-28 15:45:37 #GENERAL Voice channel join: Rythm#3722 (id 235088799074484224)
2018-04-28 15:54:02 #GENERAL Voice channel join: ENDER TM#0736 (id 303458530730704896), flags: self_mute
2018-04-28 15:54:10 #GENERAL Voice channel leave: ENDER TM#0736 (id 303458530730704896)
2018-04-28 15:55:21 #GENERAL Voice channel leave: LePerlie_#4953 (id 404300291752722434)
2018-04-28 15:56:27 #GENERAL Voice channel join: ENDER TM#0736 (id 303458530730704896), flags: self_mute
2018-04-28 15:56:35 #GENERAL Voice channel join: LePerlie_#4953 (id 404300291752722434), flags: self_mute
2018-04-28 15:56:50 #GENERAL Server self-unmute: LePerlie_#4953 (id 404300291752722434)
2018-04-28 15:57:14 #GENERAL Voice channel leave: Rythm#3722 (id 235088799074484224)
2018-04-28 15:57:14 #GENERAL Voice channel leave: LePerlie_#4953 (id 404300291752722434) moving to YOUTUBE
2018-04-28 15:57:15 #GENERAL Voice channel leave: Mohamed_Art20YT#3958 (id 371696327005831169) moving to YOUTUBE
2018-04-28 15:58:34 #GENERAL Voice channel join: Mohamed_Art20YT#3958 (id 371696327005831169)
2018-04-28 16:01:40 #GENERAL Voice channel join: HosseinMinecraft#3424 (id 435467650336817152)
2018-04-28 16:01:43 #GENERAL Server self-deafen: HosseinMinecraft#3424 (id 435467650336817152)
2018-04-28 16:01:43 #GENERAL Server self-mute: HosseinMinecraft#3424 (id 435467650336817152)
2018-04-28 16:01:44 #GENERAL Server self-undeafen: HosseinMinecraft#3424 (id 435467650336817152)
2018-04-28 16:01:44 #GENERAL Server self-unmute: HosseinMinecraft#3424 (id 435467650336817152)
2018-04-28 16:01:45 #GENERAL Server self-mute: HosseinMinecraft#3424 (id 435467650336817152)
2018-04-28 16:01:45 #GENERAL Server self-deafen: HosseinMinecraft#3424 (id 435467650336817152)
2018-04-28 16:01:46 #GENERAL Voice channel leave: HosseinMinecraft#3424 (id 435467650336817152)
2018-04-28 16:01:49 #GENERAL Voice channel leave: ENDER TM#0736 (id 303458530730704896)
2018-04-28 16:06:30 #GENERAL Voice channel leave: Mohamed_Art20YT#3958 (id 371696327005831169) moving to CUBECRAFT
2018-04-28 18:06:29 #GENERAL Voice channel join: Mohamed_Art20YT#3958 (id 371696327005831169), moved from CUBECRAFT
2018-04-28 18:06:32 #GENERAL Voice channel join: Wassim_Craft#7771 (id 424497092560420864), moved from CUBECRAFT
2018-04-28 18:07:20 #GENERAL Voice channel join: Lordsfa7#8347 (id 363016441844465674)
2018-04-28 18:07:49 #GENERAL Voice channel leave: Lordsfa7#8347 (id 363016441844465674)
2018-04-28 18:16:01 #GENERAL Voice channel join: Lordsfa7#8347 (id 363016441844465674)
2018-04-28 18:16:01 #GENERAL Voice channel leave: Lordsfa7#8347 (id 363016441844465674)
2018-04-28 18:16:02 #GENERAL Voice channel join: Rythm#3722 (id 235088799074484224)
2018-04-28 18:16:03 #GENERAL Voice channel join: Lordsfa7#8347 (id 363016441844465674)
2018-04-28 18:16:04 #GENERAL Voice channel leave: Lordsfa7#8347 (id 363016441844465674)
2018-04-28 18:16:16 #GENERAL Voice channel join: Lordsfa7#8347 (id 363016441844465674)
2018-04-28 18:16:37 #GENERAL Server self-mute: Mohamed_Art20YT#3958 (id 371696327005831169)
2018-04-28 18:16:40 #GENERAL Server self-unmute: Mohamed_Art20YT#3958 (id 371696327005831169)
2018-04-28 18:16:42 #GENERAL Server self-mute: Mohamed_Art20YT#3958 (id 371696327005831169)
2018-04-28 18:16:44 #GENERAL Server self-mute: Wassim_Craft#7771 (id 424497092560420864)
2018-04-28 18:17:16 #GENERAL Server self-unmute: Wassim_Craft#7771 (id 424497092560420864)
2018-04-28 18:17:16 #GENERAL Server self-mute: Wassim_Craft#7771 (id 424497092560420864)
2018-04-28 18:17:18 #GENERAL Server self-unmute: Wassim_Craft#7771 (id 424497092560420864)
2018-04-28 18:17:27 #GENERAL Server self-mute: Wassim_Craft#7771 (id 424497092560420864)
2018-04-28 18:17:31 #GENERAL Server self-unmute: Wassim_Craft#7771 (id 424497092560420864)
2018-04-28 18:17:35 #GENERAL Server self-mute: Wassim_Craft#7771 (id 424497092560420864)
2018-04-28 18:18:09 #GENERAL Voice channel leave: Lordsfa7#8347 (id 363016441844465674)
2018-04-28 18:18:41 #GENERAL Voice channel join: Lordsfa7#8347 (id 363016441844465674)
2018-04-28 18:18:54 #GENERAL Server self-unmute: Wassim_Craft#7771 (id 424497092560420864)
2018-04-28 18:18:56 #GENERAL Server self-mute: Wassim_Craft#7771 (id 424497092560420864)
2018-04-28 18:18:58 #GENERAL Server self-unmute: Wassim_Craft#7771 (id 424497092560420864)
2018-04-28 18:19:51 #GENERAL Server self-mute: Wassim_Craft#7771 (id 424497092560420864)
2018-04-28 18:19:54 #GENERAL Server self-unmute: Wassim_Craft#7771 (id 424497092560420864)
2018-04-28 18:20:04 #GENERAL Server self-mute: Wassim_Craft#7771 (id 424497092560420864)
2018-04-28 18:20:21 #GENERAL Server self-unmute: Wassim_Craft#7771 (id 424497092560420864)
2018-04-28 18:22:18 #GENERAL Server self-unmute: Mohamed_Art20YT#3958 (id 371696327005831169)
2018-04-28 18:22:50 #GENERAL Server self-mute: Mohamed_Art20YT#3958 (id 371696327005831169)
2018-04-28 18:22:53 #GENERAL Server self-unmute: Mohamed_Art20YT#3958 (id 371696327005831169)
2018-04-28 18:23:01 #GENERAL Server self-mute: Mohamed_Art20YT#3958 (id 371696327005831169)
2018-04-28 18:23:05 #GENERAL Server mute: Lordsfa7#8347 (id 363016441844465674)
2018-04-28 18:23:09 #GENERAL Server unmute: Lordsfa7#8347 (id 363016441844465674)
2018-04-28 18:25:21 #GENERAL Voice channel leave: Wassim_Craft#7771 (id 424497092560420864)
2018-04-28 18:25:35 #GENERAL Voice channel leave: Lordsfa7#8347 (id 363016441844465674)
2018-04-28 18:27:16 #GENERAL Voice channel leave: Rythm#3722 (id 235088799074484224)
2018-04-28 18:27:17 #GENERAL Voice channel join: Lordsfa7#8347 (id 363016441844465674)
2018-04-28 18:27:21 #GENERAL Server self-unmute: Mohamed_Art20YT#3958 (id 371696327005831169)
2018-04-28 18:28:53 #GENERAL Server mute: Lordsfa7#8347 (id 363016441844465674)
2018-04-28 18:28:54 #GENERAL Server unmute: Lordsfa7#8347 (id 363016441844465674)
2018-04-28 18:29:12 #GENERAL Voice channel join: fayssal jn#8039 (id 404020446443470849)
2018-04-28 18:31:17 #GENERAL Voice channel leave: fayssal jn#8039 (id 404020446443470849)
2018-04-28 18:32:54 #GENERAL Voice channel leave: Mohamed_Art20YT#3958 (id 371696327005831169) moving to YOUTUBE
