2018-04-27 16:57:56 #welcome @Mohamed_Art20YT#3958: wtf
2018-04-27 16:58:17 #welcome @Mohamed_Art20YT#3958: min 3atana Dev
2018-04-27 16:58:31 #welcome @Mohamed_Art20YT#3958: -mute
2018-04-27 16:58:31 #welcome @ProBot ✨#5803: 
2018-04-27 16:58:32 #welcome @ProBot ✨#5803 edited message from 2018-04-27 16:58:31 () to read: 
2018-04-27 16:58:43 #welcome @ProBot ✨#5803 deleted message from 2018-04-27 16:58:31 ()
2018-04-27 16:58:56 #welcome @Mohamed_Art20YT#3958: - mute Mohamed_Art20 0
2018-04-27 16:59:16 #welcome @Mohamed_Art20YT#3958: j
2018-04-27 17:02:16 #welcome @Mohamed_Art20YT#3958: next giveaway bot
2018-04-27 17:02:16 #welcome @Tatsumaki#8792: 🆙  |  **Mohamed_Art20YT leveled up!** (attachment url(s): https://cdn.discordapp.com/attachments/439469274294255616/439471358926258186/levelup.png)
2018-04-27 17:03:19 #welcome @ProBot ✨#5803: 
2018-04-27 17:03:21 #welcome @ProBot ✨#5803 edited message from 2018-04-27 17:03:19 () to read: 
2018-04-27 17:03:20 #welcome @ProBot ✨#5803:  (attachment url(s): https://cdn.discordapp.com/attachments/439469274294255616/439471624224243722/welcome_image1.png)
2018-04-27 17:03:20 #welcome @ProBot ✨#5803: اهلا بك في سيرفرنا Hussinxcraft
2018-04-27 17:04:41 #welcome @Mohamed_Art20YT#3958: !gstart 1
2018-04-27 17:04:41 #welcome @GiveawayBot#2381: 💥 Giveaway time must not be shorter than **10** seconds and no longer than **14** days
2018-04-27 17:05:12 #welcome @Mohamed_Art20YT#3958: !gstart 10
2018-04-27 17:05:12 #welcome @GiveawayBot#2381: <:yay:294906617378504704>   **GIVEAWAY**   <:yay:294906617378504704>
2018-04-27 17:05:12 #welcome @GiveawayBot#2381 edited message from 2018-04-27 17:05:12 (<:yay:294906617378504704>   **GIVEAWAY**   <:yay:294906617378504704>) to read: <:yay:294906617378504704>   **GIVEAWAY**   <:yay:294906617378504704>
2018-04-27 17:05:16 #welcome @GiveawayBot#2381 edited message from 2018-04-27 17:05:12 (<:yay:294906617378504704>   **GIVEAWAY**   <:yay:294906617378504704>) to read: <:yay:294906617378504704> **G I V E A W A Y** <:yay:294906617378504704>
2018-04-27 17:05:16 #welcome @GiveawayBot#2381 edited message from 2018-04-27 17:05:12 (<:yay:294906617378504704> **G I V E A W A Y** <:yay:294906617378504704>) to read: <:yay:294906617378504704> **G I V E A W A Y** <:yay:294906617378504704>
2018-04-27 17:05:17 #welcome @GiveawayBot#2381 edited message from 2018-04-27 17:05:12 (<:yay:294906617378504704> **G I V E A W A Y** <:yay:294906617378504704>) to read: <:yay:294906617378504704> **G I V E A W A Y** <:yay:294906617378504704>
2018-04-27 17:05:17 #welcome @GiveawayBot#2381 edited message from 2018-04-27 17:05:12 (<:yay:294906617378504704> **G I V E A W A Y** <:yay:294906617378504704>) to read: <:yay:294906617378504704> **G I V E A W A Y** <:yay:294906617378504704>
2018-04-27 17:05:18 #welcome @GiveawayBot#2381 edited message from 2018-04-27 17:05:12 (<:yay:294906617378504704> **G I V E A W A Y** <:yay:294906617378504704>) to read: <:yay:294906617378504704> **G I V E A W A Y** <:yay:294906617378504704>
2018-04-27 17:05:18 #welcome @GiveawayBot#2381 edited message from 2018-04-27 17:05:12 (<:yay:294906617378504704> **G I V E A W A Y** <:yay:294906617378504704>) to read: <:yay:294906617378504704> **G I V E A W A Y** <:yay:294906617378504704>
2018-04-27 17:05:19 #welcome @GiveawayBot#2381 edited message from 2018-04-27 17:05:12 (<:yay:294906617378504704> **G I V E A W A Y** <:yay:294906617378504704>) to read: <:yay:294906617378504704> **G I V E A W A Y** <:yay:294906617378504704>
2018-04-27 17:05:19 #welcome @GiveawayBot#2381 edited message from 2018-04-27 17:05:12 (<:yay:294906617378504704> **G I V E A W A Y** <:yay:294906617378504704>) to read: <:yay:294906617378504704> **G I V E A W A Y** <:yay:294906617378504704>
2018-04-27 17:05:20 #welcome @GiveawayBot#2381 edited message from 2018-04-27 17:05:12 (<:yay:294906617378504704> **G I V E A W A Y** <:yay:294906617378504704>) to read: <:yay:294906617378504704> **G I V E A W A Y** <:yay:294906617378504704>
2018-04-27 17:05:20 #welcome @GiveawayBot#2381 edited message from 2018-04-27 17:05:12 (<:yay:294906617378504704> **G I V E A W A Y** <:yay:294906617378504704>) to read: <:yay:294906617378504704> **G I V E A W A Y** <:yay:294906617378504704>
2018-04-27 17:05:21 #welcome @GiveawayBot#2381: A winner could not be determined!
2018-04-27 17:05:22 #welcome @GiveawayBot#2381 edited message from 2018-04-27 17:05:12 (<:yay:294906617378504704> **G I V E A W A Y** <:yay:294906617378504704>) to read: <:yay:294906617378504704> **GIVEAWAY ENDED** <:yay:294906617378504704>
2018-04-27 17:05:22 #welcome @GiveawayBot#2381 edited message from 2018-04-27 17:05:12 (<:yay:294906617378504704> **GIVEAWAY ENDED** <:yay:294906617378504704>) to read: <:yay:294906617378504704> **GIVEAWAY ENDED** <:yay:294906617378504704>
2018-04-27 17:14:00 #welcome @ProBot ✨#5803: 
2018-04-27 17:14:00 #welcome @ProBot ✨#5803 edited message from 2018-04-27 17:14:00 () to read: 
2018-04-27 17:14:19 #welcome @Mohamed_Art20YT#3958: -clear
2018-04-27 17:14:20 #welcome @Mohamed_Art20YT#3958 deleted message from 2018-04-27 17:14:19 (-clear)
2018-04-27 17:14:20 #welcome @Mohamed_Art20YT#3958 deleted message from 2018-04-27 16:57:56 (wtf)
2018-04-27 17:14:20 #welcome @Mohamed_Art20YT#3958 deleted message from 2018-04-27 16:58:17 (min 3atana Dev)
2018-04-27 17:14:20 #welcome @Mohamed_Art20YT#3958 deleted message from 2018-04-27 16:58:31 (-mute)
2018-04-27 17:14:20 #welcome @Mohamed_Art20YT#3958 deleted message from 2018-04-27 16:58:56 (- mute Mohamed_Art20 0)
2018-04-27 17:14:20 #welcome @Mohamed_Art20YT#3958 deleted message from 2018-04-27 16:59:16 (j)
2018-04-27 17:14:20 #welcome @Mohamed_Art20YT#3958 deleted message from 2018-04-27 17:02:16 (next giveaway bot)
2018-04-27 17:14:20 #welcome @Tatsumaki#8792 deleted message from 2018-04-27 17:02:16 (🆙  |  **Mohamed_Art20YT leveled up!**)
2018-04-27 17:14:20 #welcome @ProBot ✨#5803 deleted message from 2018-04-27 17:03:19 ()
2018-04-27 17:14:20 #welcome @ProBot ✨#5803 deleted message from 2018-04-27 17:03:20 ()
2018-04-27 17:14:20 #welcome @ProBot ✨#5803 deleted message from 2018-04-27 17:03:20 (اهلا بك في سيرفرنا Hussinxcraft)
2018-04-27 17:14:20 #welcome @Mohamed_Art20YT#3958 deleted message from 2018-04-27 17:04:41 (!gstart 1)
2018-04-27 17:14:20 #welcome @GiveawayBot#2381 deleted message from 2018-04-27 17:04:41 (💥 Giveaway time must not be shorter than **10** seconds and no longer than **14** days)
2018-04-27 17:14:20 #welcome @Mohamed_Art20YT#3958 deleted message from 2018-04-27 17:05:12 (!gstart 10)
2018-04-27 17:14:20 #welcome @GiveawayBot#2381 deleted message from 2018-04-27 17:05:12 (<:yay:294906617378504704> **GIVEAWAY ENDED** <:yay:294906617378504704>)
2018-04-27 17:14:20 #welcome @GiveawayBot#2381 deleted message from 2018-04-27 17:05:21 (A winner could not be determined!)
2018-04-27 17:14:20 #welcome @ProBot ✨#5803 deleted message from 2018-04-27 17:14:00 ()
2018-04-27 17:14:19 #welcome @ProBot ✨#5803: ```javascript\nعدد الرسائل التي تم مسحها : 16 ```
2018-04-27 17:14:23 #welcome @ProBot ✨#5803 deleted message from 2018-04-27 17:14:19 (```javascript\nعدد الرسائل التي تم مسحها : 16 ```)
2018-04-27 17:50:12 #welcome @Mohamed_Art20YT#3958: hi
2018-04-27 17:50:12 #welcome @ProBot ✨#5803: Hello
2018-04-27 18:02:08 #welcome @HosseinMinecraft#3424: h
2018-04-27 18:02:10 #welcome @HosseinMinecraft#3424: ihi
2018-04-27 18:02:12 #welcome @HosseinMinecraft#3424: hi
2018-04-27 18:02:12 #welcome @ProBot ✨#5803: Hello
2018-04-27 18:02:15 #welcome @HosseinMinecraft#3424: good
2018-04-27 18:02:18 #welcome @Mohamed_Art20YT#3958: Hello
2018-04-27 18:02:18 #welcome @ProBot ✨#5803: hi
2018-04-27 18:02:19 #welcome @HosseinMinecraft#3424: nice
2018-04-27 18:02:21 #welcome @Mohamed_Art20YT#3958: هلا
2018-04-27 18:02:21 #welcome @ProBot ✨#5803: هلا بيك
2018-04-27 18:02:34 #welcome @Mohamed_Art20YT#3958: jrb tktb fi rom photo
2018-04-27 18:02:54 #welcome @Mohamed_Art20YT#3958: -clear
2018-04-27 18:02:55 #welcome @Mohamed_Art20YT#3958 deleted message from 2018-04-27 18:02:54 (-clear)
2018-04-27 18:02:55 #welcome @Mohamed_Art20YT#3958 deleted message from 2018-04-27 17:50:12 (hi)
2018-04-27 18:02:55 #welcome @ProBot ✨#5803 deleted message from 2018-04-27 17:50:12 (Hello)
2018-04-27 18:02:55 #welcome @HosseinMinecraft#3424 deleted message from 2018-04-27 18:02:08 (h)
2018-04-27 18:02:55 #welcome @HosseinMinecraft#3424 deleted message from 2018-04-27 18:02:10 (ihi)
2018-04-27 18:02:55 #welcome @HosseinMinecraft#3424 deleted message from 2018-04-27 18:02:12 (hi)
2018-04-27 18:02:55 #welcome @ProBot ✨#5803 deleted message from 2018-04-27 18:02:12 (Hello)
2018-04-27 18:02:55 #welcome @HosseinMinecraft#3424 deleted message from 2018-04-27 18:02:15 (good)
2018-04-27 18:02:55 #welcome @Mohamed_Art20YT#3958 deleted message from 2018-04-27 18:02:18 (Hello)
2018-04-27 18:02:55 #welcome @ProBot ✨#5803 deleted message from 2018-04-27 18:02:18 (hi)
2018-04-27 18:02:55 #welcome @HosseinMinecraft#3424 deleted message from 2018-04-27 18:02:19 (nice)
2018-04-27 18:02:55 #welcome @Mohamed_Art20YT#3958 deleted message from 2018-04-27 18:02:21 (هلا)
2018-04-27 18:02:55 #welcome @ProBot ✨#5803 deleted message from 2018-04-27 18:02:21 (هلا بيك)
2018-04-27 18:02:55 #welcome @Mohamed_Art20YT#3958 deleted message from 2018-04-27 18:02:34 (jrb tktb fi rom photo)
2018-04-27 18:02:55 #welcome @ProBot ✨#5803: ```javascript\nعدد الرسائل التي تم مسحها : 13 ```
2018-04-27 18:02:59 #welcome @ProBot ✨#5803 deleted message from 2018-04-27 18:02:55 (```javascript\nعدد الرسائل التي تم مسحها : 13 ```)
2018-04-27 18:04:47 #welcome @HosseinMinecraft#3424: Fortnite
2018-04-27 18:04:50 #welcome @HosseinMinecraft#3424: player
2018-04-27 18:05:18 #welcome @HosseinMinecraft#3424: @LordkiriritokunMC  Fortnite player
2018-04-27 18:05:29 #welcome @HosseinMinecraft#3424: @Mohamed_Art20
2018-04-27 18:06:16 #welcome @Mohamed_Art20YT#3958: Hi
2018-04-27 18:07:51 #welcome @HosseinMinecraft#3424: play
2018-04-27 18:07:58 #welcome @HosseinMinecraft#3424: Fortnite
2018-04-27 18:09:05 #welcome @Mohamed_Art20YT#3958: fsl
2018-04-27 18:09:06 #welcome @Mohamed_Art20YT#3958: la
2018-04-27 18:09:12 #welcome @Mohamed_Art20YT#3958: ma 3ndi
2018-04-27 18:10:12 #welcome @Mohamed_Art20YT#3958: @Dyno
2018-04-27 18:10:18 #welcome @Mohamed_Art20YT#3958: its Antispam
2018-04-27 18:10:45 #welcome @Mohamed_Art20YT#3958: hiii
2018-04-27 18:10:45 #welcome @Mohamed_Art20YT#3958: hiii
2018-04-27 18:10:46 #welcome @Mohamed_Art20YT#3958: hiii
2018-04-27 18:10:46 #welcome @Mohamed_Art20YT#3958: hiii
2018-04-27 18:10:46 #welcome @Mohamed_Art20YT#3958: hiii
2018-04-27 18:10:47 #welcome @Mohamed_Art20YT#3958: hiii
2018-04-27 18:10:47 #welcome @Mohamed_Art20YT#3958: hiii
2018-04-27 18:10:50 #welcome @Mohamed_Art20YT#3958: wtf
2018-04-27 18:10:55 #welcome @Mohamed_Art20YT#3958: anti spam
2018-04-27 18:11:01 #welcome @Mohamed_Art20YT#3958: is..
2018-04-27 18:11:03 #welcome @Mohamed_Art20YT#3958: ?help
2018-04-27 18:13:34 #welcome @Mohamed_Art20YT#3958: role
2018-04-27 18:13:37 #welcome @Mohamed_Art20YT#3958: !role
2018-04-27 18:13:38 #welcome @Synapse#0692: ```\n![customrole|role|cr]\n\nMods can add roles, users can apply or relieve roles. Roles created with this cog have no permissions, it only functions for fun.\n\nCommands:\n  remove  Remove role\n  relieve Relieve a role\n  add     Add a role\n  apply   Apply a role\n  list    List all available roles\n\nType !role command for more info on a command.\nYou can also type !role category for more info on a category.\n```
2018-04-27 18:13:46 #welcome @Mohamed_Art20YT#3958: !roll 1
2018-04-27 18:13:48 #welcome @Synapse#0692: @Mohamed_Art20 Maybe higher than 1? ;P
2018-04-27 18:14:09 #welcome @Mohamed_Art20YT#3958: !roll 10
2018-04-27 18:14:09 #welcome @Synapse#0692: @Mohamed_Art20 :game_die: 4 :game_die:
2018-04-27 18:14:23 #welcome @Mohamed_Art20YT#3958: !roll 10
2018-04-27 18:14:25 #welcome @Synapse#0692: @Mohamed_Art20 :game_die: 3 :game_die:
2018-04-27 18:14:37 #welcome @Mohamed_Art20YT#3958: !roll 12
2018-04-27 18:14:38 #welcome @Synapse#0692: @Mohamed_Art20 :game_die: 3 :game_die:
2018-04-27 18:17:21 #welcome @HosseinMinecraft#3424: https://www.youtube.com/watch?v=UgzeTq7GkwY
2018-04-27 18:22:03 #welcome @HosseinMinecraft#3424: @LordkiritokunMC
2018-04-27 18:22:05 #welcome @HosseinMinecraft#3424: @LordkiritokunMC
2018-04-27 18:22:06 #welcome @HosseinMinecraft#3424: @LordkiritokunMC
2018-04-27 18:22:07 #welcome @HosseinMinecraft#3424: @LordkiritokunMC
2018-04-27 18:22:07 #welcome @HosseinMinecraft#3424: @LordkiritokunMC
2018-04-27 18:22:08 #welcome @HosseinMinecraft#3424: @LordkiritokunMC
2018-04-27 18:22:09 #welcome @HosseinMinecraft#3424: @LordkiritokunMC
2018-04-27 18:22:10 #welcome @HosseinMinecraft#3424: @LordkiritokunMC
2018-04-27 18:22:10 #welcome @HosseinMinecraft#3424: @LordkiritokunMC
2018-04-27 18:22:11 #welcome @HosseinMinecraft#3424: @LordkiritokunMC
2018-04-27 18:22:14 #welcome @HosseinMinecraft#3424: @LordkiritokunMC
2018-04-27 18:22:14 #welcome @HosseinMinecraft#3424: @LordkiritokunMC
2018-04-27 18:22:14 #welcome @HosseinMinecraft#3424: @LordkiritokunMC
2018-04-27 18:22:14 #welcome @HosseinMinecraft#3424: @LordkiritokunMC
2018-04-27 18:22:15 #welcome @HosseinMinecraft#3424: @LordkiritokunMC
2018-04-27 18:22:16 #welcome @HosseinMinecraft#3424: @LordkiritokunMC
2018-04-27 18:22:20 #welcome @HosseinMinecraft#3424: what
2018-04-27 18:22:26 #welcome @Mohamed_Art20YT#3958: call
2018-04-27 18:22:32 #welcome @HosseinMinecraft#3424: now
2018-04-27 18:22:43 #welcome @HosseinMinecraft#3424: me no
2018-04-27 18:22:47 #welcome @Mohamed_Art20YT#3958: @LordkiritokunMC  call @HosseinMinecraft
2018-04-27 18:22:49 #welcome @Mohamed_Art20YT#3958: no
2018-04-27 18:22:54 #welcome @Mohamed_Art20YT#3958: no call me
2018-04-27 18:22:56 #welcome @HosseinMinecraft#3424: know
2018-04-27 18:23:02 #welcome @Mohamed_Art20YT#3958: you call @LordkiritokunMC
2018-04-27 18:23:06 #welcome @HosseinMinecraft#3424: no
2018-04-27 18:23:50 #welcome @HosseinMinecraft#3424: @LordkiritokunMC
2018-04-27 18:23:51 #welcome @HosseinMinecraft#3424: @LordkiritokunMC
2018-04-27 18:23:51 #welcome @HosseinMinecraft#3424: @LordkiritokunMC
2018-04-27 18:23:52 #welcome @HosseinMinecraft#3424: @LordkiritokunMC
2018-04-27 18:23:53 #welcome @HosseinMinecraft#3424: @LordkiritokunMC
2018-04-27 18:23:54 #welcome @HosseinMinecraft#3424: @LordkiritokunMC
2018-04-27 18:23:54 #welcome @HosseinMinecraft#3424: @LordkiritokunMC
2018-04-27 18:23:59 #welcome @HosseinMinecraft#3424: whattttttttttttttttttttttttttttttttttttttttttttttttttttttttt
2018-04-27 18:24:32 #welcome @Mohamed_Art20YT#3958: wtf
2018-04-27 18:24:38 #welcome @Mohamed_Art20YT#3958: give me Owner
2018-04-27 18:24:45 #welcome @Mohamed_Art20YT#3958: for setup blots
2018-04-27 18:24:48 #welcome @Mohamed_Art20YT#3958: bots
2018-04-27 18:24:51 #welcome @Mohamed_Art20YT#3958: give me
2018-04-27 18:27:02 #welcome @Mohamed_Art20YT#3958: @Owner
2018-04-27 18:27:08 #welcome @Mohamed_Art20YT#3958: @Owner @Owner @Owner
2018-04-27 18:27:10 #welcome @Mohamed_Art20YT#3958: @Owner
2018-04-27 18:27:22 #welcome @Mohamed_Art20YT#3958: @Owner
2018-04-27 18:27:24 #welcome @Mohamed_Art20YT#3958: @Owner
2018-04-27 18:27:24 #welcome @Mohamed_Art20YT#3958: @Owner
2018-04-27 18:27:25 #welcome @Mohamed_Art20YT#3958: @Owner
2018-04-27 18:27:28 #welcome @Mohamed_Art20YT#3958: @Owner
2018-04-27 18:27:30 #welcome @HosseinMinecraft#3424: ?
2018-04-27 18:27:37 #welcome @HosseinMinecraft#3424: ok
2018-04-27 18:28:17 #welcome @Mohamed_Art20YT#3958: no delet
2018-04-27 18:28:18 #welcome @Mohamed_Art20YT#3958: -clear
2018-04-27 18:28:18 #welcome @Mohamed_Art20YT#3958 deleted message from 2018-04-27 18:28:18 (-clear)
2018-04-27 18:28:18 #welcome @ProBot ✨#5803: ```javascript\nعدد الرسائل التي تم مسحها : 85 ```
2018-04-27 18:28:19 #welcome @HosseinMinecraft#3424 deleted message from 2018-04-27 18:04:47 (Fortnite)
2018-04-27 18:28:19 #welcome @HosseinMinecraft#3424 deleted message from 2018-04-27 18:04:50 (player)
2018-04-27 18:28:19 #welcome @HosseinMinecraft#3424 deleted message from 2018-04-27 18:05:18 (@LordkiriritokunMC  Fortnite player)
2018-04-27 18:28:19 #welcome @HosseinMinecraft#3424 deleted message from 2018-04-27 18:05:29 (@Mohamed_Art20)
2018-04-27 18:28:19 #welcome @Mohamed_Art20YT#3958 deleted message from 2018-04-27 18:06:16 (Hi)
2018-04-27 18:28:19 #welcome @HosseinMinecraft#3424 deleted message from 2018-04-27 18:07:51 (play)
2018-04-27 18:28:19 #welcome @HosseinMinecraft#3424 deleted message from 2018-04-27 18:07:58 (Fortnite)
2018-04-27 18:28:19 #welcome @Mohamed_Art20YT#3958 deleted message from 2018-04-27 18:09:05 (fsl)
2018-04-27 18:28:19 #welcome @Mohamed_Art20YT#3958 deleted message from 2018-04-27 18:09:06 (la)
2018-04-27 18:28:19 #welcome @Mohamed_Art20YT#3958 deleted message from 2018-04-27 18:09:12 (ma 3ndi)
2018-04-27 18:28:19 #welcome @Mohamed_Art20YT#3958 deleted message from 2018-04-27 18:10:12 (@Dyno)
2018-04-27 18:28:19 #welcome @Mohamed_Art20YT#3958 deleted message from 2018-04-27 18:10:18 (its Antispam)
2018-04-27 18:28:19 #welcome @Mohamed_Art20YT#3958 deleted message from 2018-04-27 18:10:45 (hiii)
2018-04-27 18:28:19 #welcome @Mohamed_Art20YT#3958 deleted message from 2018-04-27 18:10:45 (hiii)
2018-04-27 18:28:19 #welcome @Mohamed_Art20YT#3958 deleted message from 2018-04-27 18:10:46 (hiii)
2018-04-27 18:28:19 #welcome @Mohamed_Art20YT#3958 deleted message from 2018-04-27 18:10:46 (hiii)
2018-04-27 18:28:19 #welcome @Mohamed_Art20YT#3958 deleted message from 2018-04-27 18:10:46 (hiii)
2018-04-27 18:28:19 #welcome @Mohamed_Art20YT#3958 deleted message from 2018-04-27 18:10:47 (hiii)
2018-04-27 18:28:19 #welcome @Mohamed_Art20YT#3958 deleted message from 2018-04-27 18:10:47 (hiii)
2018-04-27 18:28:19 #welcome @Mohamed_Art20YT#3958 deleted message from 2018-04-27 18:10:50 (wtf)
2018-04-27 18:28:19 #welcome @Mohamed_Art20YT#3958 deleted message from 2018-04-27 18:10:55 (anti spam)
2018-04-27 18:28:19 #welcome @Mohamed_Art20YT#3958 deleted message from 2018-04-27 18:11:01 (is..)
2018-04-27 18:28:19 #welcome @Mohamed_Art20YT#3958 deleted message from 2018-04-27 18:11:03 (?help)
2018-04-27 18:28:19 #welcome @Mohamed_Art20YT#3958 deleted message from 2018-04-27 18:13:34 (role)
2018-04-27 18:28:19 #welcome @Mohamed_Art20YT#3958 deleted message from 2018-04-27 18:13:37 (!role)
2018-04-27 18:28:19 #welcome @Synapse#0692 deleted message from 2018-04-27 18:13:38 (```\n![customrole|role|cr]\n\nMods can add roles, users can apply or relieve roles. Roles created with this cog have no permissions, it only functions for fun.\n\nCommands:\n  remove  Remove role\n  relieve Relieve a role\n  add     Add a role\n  apply   Apply a role\n  list    List all available roles\n\nType !role command for more info on a command.\nYou can also type !role category for more info on a category.\n```)
2018-04-27 18:28:19 #welcome @Mohamed_Art20YT#3958 deleted message from 2018-04-27 18:13:46 (!roll 1)
2018-04-27 18:28:19 #welcome @Synapse#0692 deleted message from 2018-04-27 18:13:48 (@Mohamed_Art20 Maybe higher than 1? ;P)
2018-04-27 18:28:19 #welcome @Mohamed_Art20YT#3958 deleted message from 2018-04-27 18:14:09 (!roll 10)
2018-04-27 18:28:19 #welcome @Synapse#0692 deleted message from 2018-04-27 18:14:09 (@Mohamed_Art20 :game_die: 4 :game_die:)
2018-04-27 18:28:19 #welcome @Mohamed_Art20YT#3958 deleted message from 2018-04-27 18:14:23 (!roll 10)
2018-04-27 18:28:19 #welcome @Synapse#0692 deleted message from 2018-04-27 18:14:25 (@Mohamed_Art20 :game_die: 3 :game_die:)
2018-04-27 18:28:19 #welcome @Mohamed_Art20YT#3958 deleted message from 2018-04-27 18:14:37 (!roll 12)
2018-04-27 18:28:19 #welcome @Synapse#0692 deleted message from 2018-04-27 18:14:38 (@Mohamed_Art20 :game_die: 3 :game_die:)
2018-04-27 18:28:19 #welcome @HosseinMinecraft#3424 deleted message from 2018-04-27 18:17:21 (https://www.youtube.com/watch?v=UgzeTq7GkwY)
2018-04-27 18:28:19 #welcome @HosseinMinecraft#3424 deleted message from 2018-04-27 18:22:03 (@LordkiritokunMC)
2018-04-27 18:28:19 #welcome @HosseinMinecraft#3424 deleted message from 2018-04-27 18:22:05 (@LordkiritokunMC)
2018-04-27 18:28:19 #welcome @HosseinMinecraft#3424 deleted message from 2018-04-27 18:22:06 (@LordkiritokunMC)
2018-04-27 18:28:19 #welcome @HosseinMinecraft#3424 deleted message from 2018-04-27 18:22:07 (@LordkiritokunMC)
2018-04-27 18:28:19 #welcome @HosseinMinecraft#3424 deleted message from 2018-04-27 18:22:07 (@LordkiritokunMC)
2018-04-27 18:28:19 #welcome @HosseinMinecraft#3424 deleted message from 2018-04-27 18:22:08 (@LordkiritokunMC)
2018-04-27 18:28:19 #welcome @HosseinMinecraft#3424 deleted message from 2018-04-27 18:22:09 (@LordkiritokunMC)
2018-04-27 18:28:19 #welcome @HosseinMinecraft#3424 deleted message from 2018-04-27 18:22:10 (@LordkiritokunMC)
2018-04-27 18:28:19 #welcome @HosseinMinecraft#3424 deleted message from 2018-04-27 18:22:10 (@LordkiritokunMC)
2018-04-27 18:28:19 #welcome @HosseinMinecraft#3424 deleted message from 2018-04-27 18:22:11 (@LordkiritokunMC)
2018-04-27 18:28:19 #welcome @HosseinMinecraft#3424 deleted message from 2018-04-27 18:22:14 (@LordkiritokunMC)
2018-04-27 18:28:19 #welcome @HosseinMinecraft#3424 deleted message from 2018-04-27 18:22:14 (@LordkiritokunMC)
2018-04-27 18:28:19 #welcome @HosseinMinecraft#3424 deleted message from 2018-04-27 18:22:14 (@LordkiritokunMC)
2018-04-27 18:28:19 #welcome @HosseinMinecraft#3424 deleted message from 2018-04-27 18:22:14 (@LordkiritokunMC)
2018-04-27 18:28:19 #welcome @HosseinMinecraft#3424 deleted message from 2018-04-27 18:22:15 (@LordkiritokunMC)
2018-04-27 18:28:19 #welcome @HosseinMinecraft#3424 deleted message from 2018-04-27 18:22:16 (@LordkiritokunMC)
2018-04-27 18:28:19 #welcome @HosseinMinecraft#3424 deleted message from 2018-04-27 18:22:20 (what)
2018-04-27 18:28:19 #welcome @Mohamed_Art20YT#3958 deleted message from 2018-04-27 18:22:26 (call)
2018-04-27 18:28:19 #welcome @HosseinMinecraft#3424 deleted message from 2018-04-27 18:22:32 (now)
2018-04-27 18:28:19 #welcome @HosseinMinecraft#3424 deleted message from 2018-04-27 18:22:43 (me no)
2018-04-27 18:28:19 #welcome @Mohamed_Art20YT#3958 deleted message from 2018-04-27 18:22:47 (@LordkiritokunMC  call @HosseinMinecraft)
2018-04-27 18:28:19 #welcome @Mohamed_Art20YT#3958 deleted message from 2018-04-27 18:22:49 (no)
2018-04-27 18:28:19 #welcome @Mohamed_Art20YT#3958 deleted message from 2018-04-27 18:22:54 (no call me)
2018-04-27 18:28:19 #welcome @HosseinMinecraft#3424 deleted message from 2018-04-27 18:22:56 (know)
2018-04-27 18:28:19 #welcome @Mohamed_Art20YT#3958 deleted message from 2018-04-27 18:23:02 (you call @LordkiritokunMC)
2018-04-27 18:28:19 #welcome @HosseinMinecraft#3424 deleted message from 2018-04-27 18:23:06 (no)
2018-04-27 18:28:19 #welcome @HosseinMinecraft#3424 deleted message from 2018-04-27 18:23:50 (@LordkiritokunMC)
2018-04-27 18:28:19 #welcome @HosseinMinecraft#3424 deleted message from 2018-04-27 18:23:51 (@LordkiritokunMC)
2018-04-27 18:28:19 #welcome @HosseinMinecraft#3424 deleted message from 2018-04-27 18:23:51 (@LordkiritokunMC)
2018-04-27 18:28:19 #welcome @HosseinMinecraft#3424 deleted message from 2018-04-27 18:23:52 (@LordkiritokunMC)
2018-04-27 18:28:19 #welcome @HosseinMinecraft#3424 deleted message from 2018-04-27 18:23:53 (@LordkiritokunMC)
2018-04-27 18:28:19 #welcome @HosseinMinecraft#3424 deleted message from 2018-04-27 18:23:54 (@LordkiritokunMC)
2018-04-27 18:28:19 #welcome @HosseinMinecraft#3424 deleted message from 2018-04-27 18:23:54 (@LordkiritokunMC)
2018-04-27 18:28:19 #welcome @HosseinMinecraft#3424 deleted message from 2018-04-27 18:23:59 (whattttttttttttttttttttttttttttttttttttttttttttttttttttttttt)
2018-04-27 18:28:19 #welcome @Mohamed_Art20YT#3958 deleted message from 2018-04-27 18:24:32 (wtf)
2018-04-27 18:28:19 #welcome @Mohamed_Art20YT#3958 deleted message from 2018-04-27 18:24:38 (give me Owner)
2018-04-27 18:28:19 #welcome @Mohamed_Art20YT#3958 deleted message from 2018-04-27 18:24:45 (for setup blots)
2018-04-27 18:28:19 #welcome @Mohamed_Art20YT#3958 deleted message from 2018-04-27 18:24:48 (bots)
2018-04-27 18:28:19 #welcome @Mohamed_Art20YT#3958 deleted message from 2018-04-27 18:24:51 (give me)
2018-04-27 18:28:19 #welcome @Mohamed_Art20YT#3958 deleted message from 2018-04-27 18:27:02 (@Owner)
2018-04-27 18:28:19 #welcome @Mohamed_Art20YT#3958 deleted message from 2018-04-27 18:27:08 (@Owner @Owner @Owner)
2018-04-27 18:28:19 #welcome @Mohamed_Art20YT#3958 deleted message from 2018-04-27 18:27:10 (@Owner)
2018-04-27 18:28:19 #welcome @Mohamed_Art20YT#3958 deleted message from 2018-04-27 18:27:22 (@Owner)
2018-04-27 18:28:19 #welcome @Mohamed_Art20YT#3958 deleted message from 2018-04-27 18:27:24 (@Owner)
2018-04-27 18:28:19 #welcome @Mohamed_Art20YT#3958 deleted message from 2018-04-27 18:27:24 (@Owner)
2018-04-27 18:28:19 #welcome @Mohamed_Art20YT#3958 deleted message from 2018-04-27 18:27:25 (@Owner)
2018-04-27 18:28:19 #welcome @Mohamed_Art20YT#3958 deleted message from 2018-04-27 18:27:28 (@Owner)
2018-04-27 18:28:19 #welcome @HosseinMinecraft#3424 deleted message from 2018-04-27 18:27:30 (?)
2018-04-27 18:28:19 #welcome @HosseinMinecraft#3424 deleted message from 2018-04-27 18:27:37 (ok)
2018-04-27 18:28:19 #welcome @Mohamed_Art20YT#3958 deleted message from 2018-04-27 18:28:17 (no delet)
2018-04-27 18:28:22 #welcome @ProBot ✨#5803 deleted message from 2018-04-27 18:28:18 (```javascript\nعدد الرسائل التي تم مسحها : 85 ```)
2018-04-27 18:28:40 #welcome @Mohamed_Art20YT#3958: you play Minecraft for me
2018-04-27 18:39:45 #welcome @HosseinMinecraft#3424: No
2018-04-27 18:39:52 #welcome @HosseinMinecraft#3424: Tomorrow
2018-04-27 18:40:14 #welcome @HosseinMinecraft#3424: Me Fortnite play
2018-04-27 18:40:31 #welcome @Mohamed_Art20YT#3958: ok
2018-04-27 18:40:32 #welcome @Mohamed_Art20YT#3958: no problem
2018-04-27 18:40:36 #welcome @Mohamed_Art20YT#3958: i setup bot
2018-04-27 18:41:32 #welcome @Mohamed_Art20YT#3958: id
2018-04-27 18:41:32 #welcome @Mohamed_Art20YT#3958: -id
2018-04-27 18:41:47 #welcome @Mohamed_Art20YT#3958: /xivdb
2018-04-27 18:41:49 #welcome @Mohamed_Art20YT#3958: -servers
2018-04-27 18:42:55 #welcome @HosseinMinecraft#3424: LOL
2018-04-27 18:43:01 #welcome @HosseinMinecraft#3424: Setting
2018-04-27 18:43:22 #welcome @Mohamed_Art20YT#3958: xD
2018-04-27 18:43:33 #welcome @HosseinMinecraft#3424: xD
2018-04-27 18:43:59 #welcome @Mohamed_Art20YT#3958: i upload streamKit from this server
2018-04-27 18:46:35 #welcome @ProBot ✨#5803: 
2018-04-27 18:46:38 #welcome @ProBot ✨#5803 edited message from 2018-04-27 18:46:35 () to read: 
2018-04-27 18:46:36 #welcome @ProBot ✨#5803:  (attachment url(s): https://cdn.discordapp.com/attachments/439469274294255616/439497614229241867/welcome_image1.png)
2018-04-27 18:46:37 #welcome @ProBot ✨#5803: اهلا بك في سيرفرنا Hussinxcraft
2018-04-27 18:47:00 #welcome @Mohamed_Art20YT#3958: tm PVPCraftBot
2018-04-27 18:49:23 #welcome @ProBot ✨#5803: 
2018-04-27 18:49:23 #welcome @ProBot ✨#5803 edited message from 2018-04-27 18:49:23 () to read: 
2018-04-27 18:49:24 #welcome @ProBot ✨#5803:  (attachment url(s): https://cdn.discordapp.com/attachments/439469274294255616/439498317207175169/welcome_image1.png)
2018-04-27 18:49:24 #welcome @ProBot ✨#5803: اهلا بك في سيرفرنا Hussinxcraft
2018-04-27 18:50:48 #welcome @ProBot ✨#5803: 
2018-04-27 18:50:49 #welcome @ProBot ✨#5803 edited message from 2018-04-27 18:50:48 () to read: 
2018-04-27 18:50:49 #welcome @ProBot ✨#5803:  (attachment url(s): https://cdn.discordapp.com/attachments/439469274294255616/439498674884575272/welcome_image1.png)
2018-04-27 18:50:49 #welcome @ProBot ✨#5803: اهلا بك في سيرفرنا Hussinxcraft
2018-04-28 12:22:41 #welcome @Mohamed_Art20YT#3958: -صراحه
2018-04-28 12:22:41 #welcome @Speed Bot#2155: 
2018-04-28 12:22:41 #welcome @Speed Bot#2155 edited message from 2018-04-28 12:22:41 () to read: 
2018-04-28 12:22:47 #welcome @Mohamed_Art20YT#3958: kul
2018-04-28 12:22:50 #welcome @Mohamed_Art20YT#3958: نهم
2018-04-28 12:22:52 #welcome @Mohamed_Art20YT#3958: نعم
2018-04-28 12:22:57 #welcome @Mohamed_Art20YT#3958: يا عيال
2018-04-28 12:23:00 #welcome @Mohamed_Art20YT#3958: تعالو
2018-04-28 12:23:40 #welcome @Mohamed_Art20YT#3958: -bc free GiveAway for @MVP++ Rank
2018-04-28 12:54:00 #welcome @Speed Bot#2155: 
2018-04-28 12:54:00 #welcome @Speed Bot#2155 edited message from 2018-04-28 12:54:00 () to read: 
2018-04-28 12:54:00 #welcome @ProBot ✨#5803: 
2018-04-28 12:54:00 #welcome @ProBot ✨#5803 edited message from 2018-04-28 12:54:00 () to read: 
2018-04-28 12:54:01 #welcome @ProBot ✨#5803:  (attachment url(s): https://cdn.discordapp.com/attachments/439469274294255616/439771271471824897/welcome_image1.png)
2018-04-28 12:54:01 #welcome @ProBot ✨#5803: اهلا بك في سيرفرنا Hussinxcraft
2018-04-28 15:03:13 #welcome @Mohamed_Art20YT#3958: back
2018-04-28 15:03:21 #welcome @Mohamed_Art20YT#3958: hi
2018-04-28 15:03:21 #welcome @ProBot ✨#5803: Hello
2018-04-28 15:03:26 #welcome @Mohamed_Art20YT#3958: Hi
2018-04-28 15:16:30 #welcome @HosseinMinecraft#3424: ?
2018-04-28 15:16:32 #welcome @HosseinMinecraft#3424: hi
2018-04-28 15:16:33 #welcome @ProBot ✨#5803: Hello
2018-04-28 15:23:27 #welcome @Speed Bot#2155: 
2018-04-28 15:23:27 #welcome @Speed Bot#2155 edited message from 2018-04-28 15:23:27 () to read: 
2018-04-28 15:23:27 #welcome @ProBot ✨#5803: 
2018-04-28 15:23:27 #welcome @ProBot ✨#5803 edited message from 2018-04-28 15:23:27 () to read: 
2018-04-28 15:23:29 #welcome @ProBot ✨#5803:  (attachment url(s): https://cdn.discordapp.com/attachments/439469274294255616/439808883524108310/welcome_image1.png)
2018-04-28 15:23:29 #welcome @ProBot ✨#5803: اهلا بك في سيرفرنا Hussinxcraft
2018-04-28 15:39:31 #welcome @Speed Bot#2155: 
2018-04-28 15:39:45 #welcome @Speed Bot#2155 edited message from 2018-04-28 15:39:31 () to read: 
2018-04-28 15:39:31 #welcome @ProBot ✨#5803: 
2018-04-28 15:39:45 #welcome @ProBot ✨#5803 edited message from 2018-04-28 15:39:31 () to read: 
2018-04-28 15:39:32 #welcome @ProBot ✨#5803:  (attachment url(s): https://cdn.discordapp.com/attachments/439469274294255616/439812923158822913/welcome_image1.png)
2018-04-28 15:39:32 #welcome @ProBot ✨#5803: اهلا بك في سيرفرنا Hussinxcraft
2018-04-28 15:50:43 #welcome @بوت العرب#8510: test
2018-04-28 15:50:44 #welcome @ProBot ✨#5803: 
2018-04-28 15:50:57 #welcome @ProBot ✨#5803 edited message from 2018-04-28 15:50:44 () to read: 
2018-04-28 15:50:44 #welcome @ProBot ✨#5803:  (attachment url(s): https://cdn.discordapp.com/attachments/439469274294255616/439815743652233216/welcome_image1.png)
2018-04-28 15:50:44 #welcome @ProBot ✨#5803: اهلا بك في سيرفرنا Hussinxcraft
2018-04-28 15:55:01 #welcome @HosseinMinecraft#3424: Hİ @ENDER TM
2018-04-28 15:55:20 #welcome @Mohamed_Art20YT#3958: hi
2018-04-28 15:55:21 #welcome @ProBot ✨#5803: Hello
2018-04-28 15:55:26 #welcome @HosseinMinecraft#3424: Hİ
2018-04-28 15:55:36 #welcome @HosseinMinecraft#3424 deleted message from 2018-04-28 15:55:26 (Hİ)
2018-04-28 15:55:39 #welcome @ProBot ✨#5803 deleted message from 2018-04-28 15:55:21 (Hello)
2018-04-28 15:55:56 #welcome @Mohamed_Art20YT#3958 deleted message from 2018-04-28 15:55:20 (hi)
2018-04-28 15:55:43 #welcome @HosseinMinecraft#3424: NİCE DİSCORD SETTİNG
2018-04-28 15:55:56 #welcome @HosseinMinecraft#3424 deleted message from 2018-04-28 15:55:43 (NİCE DİSCORD SETTİNG)
2018-04-28 15:55:57 #welcome @HosseinMinecraft#3424 deleted message from 2018-04-28 15:55:01 (Hİ @ENDER TM)
2018-04-28 15:57:15 #welcome @ENDER TM#0736: تعالو
2018-04-28 15:57:17 #welcome @ENDER TM#0736: كيوب كرافت
2018-04-28 15:58:06 #welcome @ENDER TM#0736: بلوكس ام سي تعالو
2018-04-28 15:59:00 #welcome @ENDER TM#0736 deleted message from 2018-04-28 15:57:17 (كيوب كرافت)
2018-04-28 15:59:03 #welcome @ENDER TM#0736 deleted message from 2018-04-28 15:58:06 (بلوكس ام سي تعالو)
2018-04-28 15:59:06 #welcome @ENDER TM#0736 deleted message from 2018-04-28 15:57:15 (تعالو)
2018-04-28 16:02:22 #welcome @بوت العرب#8510: test
2018-04-28 16:02:22 #welcome @ProBot ✨#5803: 
2018-04-28 16:02:23 #welcome @ProBot ✨#5803 edited message from 2018-04-28 16:02:22 () to read: 
2018-04-28 16:02:23 #welcome @ProBot ✨#5803:  (attachment url(s): https://cdn.discordapp.com/attachments/439469274294255616/439818674455707673/welcome_image1.png)
2018-04-28 16:02:23 #welcome @ProBot ✨#5803: اهلا بك في سيرفرنا Hussinxcraft
2018-04-28 16:27:15 #welcome @Speed Bot#2155: 
2018-04-28 16:27:31 #welcome @Speed Bot#2155 edited message from 2018-04-28 16:27:15 () to read: 
2018-04-28 16:27:16 #welcome @ProBot ✨#5803: 
2018-04-28 16:27:31 #welcome @ProBot ✨#5803 edited message from 2018-04-28 16:27:16 () to read: 
2018-04-28 16:27:17 #welcome @ProBot ✨#5803:  (attachment url(s): https://cdn.discordapp.com/attachments/439469274294255616/439824939168694273/welcome_image1.png)
2018-04-28 16:27:17 #welcome @ProBot ✨#5803: اهلا بك في سيرفرنا Hussinxcraft
2018-04-28 16:31:16 #welcome @Speed Bot#2155: 
2018-04-28 16:31:16 #welcome @ProBot ✨#5803: 
2018-04-28 16:31:21 #welcome @Speed Bot#2155 edited message from 2018-04-28 16:31:16 () to read: 
2018-04-28 16:31:21 #welcome @ProBot ✨#5803 edited message from 2018-04-28 16:31:16 () to read: 
2018-04-28 16:31:17 #welcome @ProBot ✨#5803:  (attachment url(s): https://cdn.discordapp.com/attachments/439469274294255616/439825949262086165/welcome_image1.png)
2018-04-28 16:31:18 #welcome @ProBot ✨#5803: اهلا بك في سيرفرنا Hussinxcraft
2018-04-28 16:34:58 #welcome @Speed Bot#2155: 
2018-04-28 16:34:58 #welcome @ProBot ✨#5803: 
2018-04-28 16:35:08 #welcome @ProBot ✨#5803 edited message from 2018-04-28 16:34:58 () to read: 
2018-04-28 16:34:59 #welcome @ProBot ✨#5803:  (attachment url(s): https://cdn.discordapp.com/attachments/439469274294255616/439826877717282816/welcome_image1.png)
2018-04-28 16:34:59 #welcome @ProBot ✨#5803: اهلا بك في سيرفرنا Hussinxcraft
2018-04-28 16:35:08 #welcome @Speed Bot#2155 edited message from 2018-04-28 16:34:58 () to read: 
2018-04-28 16:39:19 #welcome @Speed Bot#2155: 
2018-04-28 16:39:19 #welcome @Speed Bot#2155 edited message from 2018-04-28 16:39:19 () to read: 
2018-04-28 16:39:19 #welcome @ProBot ✨#5803: 
2018-04-28 16:39:19 #welcome @ProBot ✨#5803 edited message from 2018-04-28 16:39:19 () to read: 
2018-04-28 16:39:20 #welcome @ProBot ✨#5803:  (attachment url(s): https://cdn.discordapp.com/attachments/439469274294255616/439827971654549515/welcome_image1.png)
2018-04-28 16:39:20 #welcome @ProBot ✨#5803: اهلا بك في سيرفرنا Hussinxcraft
2018-04-28 16:40:09 #welcome @ProBot ✨#5803: 
2018-04-28 16:40:09 #welcome @ProBot ✨#5803 edited message from 2018-04-28 16:40:09 () to read: 
2018-04-28 16:40:14 #welcome @ProBot ✨#5803: 
2018-04-28 16:40:14 #welcome @ProBot ✨#5803 edited message from 2018-04-28 16:40:14 () to read: 
2018-04-28 16:40:15 #welcome @ProBot ✨#5803:  (attachment url(s): https://cdn.discordapp.com/attachments/439469274294255616/439828204329500672/welcome_image1.png)
2018-04-28 16:40:15 #welcome @ProBot ✨#5803: اهلا بك في سيرفرنا Hussinxcraft
2018-04-28 16:56:37 #welcome @Speed Bot#2155: 
2018-04-28 16:56:37 #welcome @ProBot ✨#5803: 
2018-04-28 16:56:37 #welcome @Speed Bot#2155 edited message from 2018-04-28 16:56:37 () to read: 
2018-04-28 16:56:37 #welcome @ProBot ✨#5803 edited message from 2018-04-28 16:56:37 () to read: 
2018-04-28 16:56:38 #welcome @ProBot ✨#5803:  (attachment url(s): https://cdn.discordapp.com/attachments/439469274294255616/439832326755713034/welcome_image1.png)
2018-04-28 16:56:38 #welcome @ProBot ✨#5803: اهلا بك في سيرفرنا Hussinxcraft
2018-04-28 17:07:27 #welcome @Speed Bot#2155: 
2018-04-28 17:07:27 #welcome @Speed Bot#2155 edited message from 2018-04-28 17:07:27 () to read: 
2018-04-28 17:07:27 #welcome @ProBot ✨#5803: 
2018-04-28 17:07:28 #welcome @ProBot ✨#5803 edited message from 2018-04-28 17:07:27 () to read: 
2018-04-28 17:07:28 #welcome @ProBot ✨#5803:  (attachment url(s): https://cdn.discordapp.com/attachments/439469274294255616/439835053359497227/welcome_image1.png)
2018-04-28 17:07:28 #welcome @ProBot ✨#5803: اهلا بك في سيرفرنا Hussinxcraft
2018-04-28 17:10:10 #welcome @ProBot ✨#5803: 
2018-04-28 17:10:24 #welcome @ProBot ✨#5803 edited message from 2018-04-28 17:10:10 () to read: 
2018-04-28 17:10:12 #welcome @ProBot ✨#5803:  (attachment url(s): https://cdn.discordapp.com/attachments/439469274294255616/439835739421671435/welcome_image1.png)
2018-04-28 17:10:12 #welcome @ProBot ✨#5803: اهلا بك في سيرفرنا Hussinxcraft
2018-04-28 17:18:26 #welcome @Speed Bot#2155: 
2018-04-28 17:18:26 #welcome @Speed Bot#2155 edited message from 2018-04-28 17:18:26 () to read: 
2018-04-28 17:18:26 #welcome @ProBot ✨#5803: 
2018-04-28 17:18:27 #welcome @ProBot ✨#5803 edited message from 2018-04-28 17:18:26 () to read: 
2018-04-28 17:18:27 #welcome @ProBot ✨#5803:  (attachment url(s): https://cdn.discordapp.com/attachments/439469274294255616/439837816978145290/welcome_image1.png)
2018-04-28 17:18:27 #welcome @ProBot ✨#5803: اهلا بك في سيرفرنا Hussinxcraft
2018-04-28 17:37:30 #welcome @Speed Bot#2155: 
2018-04-28 17:37:38 #welcome @Speed Bot#2155 edited message from 2018-04-28 17:37:30 () to read: 
2018-04-28 17:37:30 #welcome @ProBot ✨#5803: 
2018-04-28 17:37:38 #welcome @ProBot ✨#5803 edited message from 2018-04-28 17:37:30 () to read: 
2018-04-28 17:37:31 #welcome @ProBot ✨#5803:  (attachment url(s): https://cdn.discordapp.com/attachments/439469274294255616/439842614485843968/welcome_image1.png)
2018-04-28 17:37:31 #welcome @ProBot ✨#5803: اهلا بك في سيرفرنا Hussinxcraft
2018-04-28 17:47:46 #welcome @ProBot ✨#5803: 
2018-04-28 17:47:46 #welcome @ProBot ✨#5803 edited message from 2018-04-28 17:47:46 () to read: 
2018-04-28 17:52:50 #welcome @Speed Bot#2155: 
2018-04-28 17:52:50 #welcome @Speed Bot#2155: 
2018-04-28 17:52:50 #welcome @Speed Bot#2155 edited message from 2018-04-28 17:52:50 () to read: 
2018-04-28 17:52:50 #welcome @Speed Bot#2155 edited message from 2018-04-28 17:52:50 () to read: 
2018-04-28 17:52:50 #welcome @ProBot ✨#5803: 
2018-04-28 17:52:50 #welcome @ProBot ✨#5803 edited message from 2018-04-28 17:52:50 () to read: 
2018-04-28 17:52:51 #welcome @ProBot ✨#5803:  (attachment url(s): https://cdn.discordapp.com/attachments/439469274294255616/439846474315202560/welcome_image1.png)
2018-04-28 17:52:51 #welcome @ProBot ✨#5803: اهلا بك في سيرفرنا Hussinxcraft
2018-04-28 17:57:33 #welcome @Speed Bot#2155: 
2018-04-28 17:57:33 #welcome @Speed Bot#2155 edited message from 2018-04-28 17:57:33 () to read: 
2018-04-28 17:57:33 #welcome @ProBot ✨#5803: 
2018-04-28 17:57:33 #welcome @ProBot ✨#5803 edited message from 2018-04-28 17:57:33 () to read: 
2018-04-28 17:57:34 #welcome @ProBot ✨#5803:  (attachment url(s): https://cdn.discordapp.com/attachments/439469274294255616/439847659906400266/welcome_image1.png)
2018-04-28 17:57:34 #welcome @ProBot ✨#5803: اهلا بك في سيرفرنا Hussinxcraft
2018-04-28 18:06:01 #welcome @ProBot ✨#5803: 
2018-04-28 18:06:07 #welcome @ProBot ✨#5803 edited message from 2018-04-28 18:06:01 () to read: 
2018-04-28 18:06:02 #welcome @ProBot ✨#5803:  (attachment url(s): https://cdn.discordapp.com/attachments/439469274294255616/439849793079083008/welcome_image1.png)
2018-04-28 18:06:02 #welcome @ProBot ✨#5803: اهلا بك في سيرفرنا Hussinxcraft
2018-04-28 18:06:10 #welcome @ProBot ✨#5803: 
2018-04-28 18:06:11 #welcome @ProBot ✨#5803 edited message from 2018-04-28 18:06:10 () to read: 
2018-04-28 18:06:12 #welcome @ProBot ✨#5803:  (attachment url(s): https://cdn.discordapp.com/attachments/439469274294255616/439849833306652672/welcome_image1.png)
2018-04-28 18:06:12 #welcome @ProBot ✨#5803: اهلا بك في سيرفرنا Hussinxcraft
2018-04-28 18:08:31 #welcome @ProBot ✨#5803: 
2018-04-28 18:08:36 #welcome @ProBot ✨#5803 edited message from 2018-04-28 18:08:31 () to read: 
2018-04-28 18:08:31 #welcome @ProBot ✨#5803:  (attachment url(s): https://cdn.discordapp.com/attachments/439469274294255616/439850418428837890/welcome_image1.png)
2018-04-28 18:08:32 #welcome @ProBot ✨#5803: اهلا بك في سيرفرنا Hussinxcraft
2018-04-28 18:13:48 #welcome @ProBot ✨#5803: 
2018-04-28 18:13:48 #welcome @ProBot ✨#5803 edited message from 2018-04-28 18:13:48 () to read: 
2018-04-28 18:13:49 #welcome @ProBot ✨#5803:  (attachment url(s): https://cdn.discordapp.com/attachments/439469274294255616/439851749608783882/welcome_image1.png)
2018-04-28 18:13:49 #welcome @ProBot ✨#5803: اهلا بك في سيرفرنا Hussinxcraft
2018-04-28 18:17:26 #welcome @Lordsfa7#8347: Lordsfa7
2018-04-28 18:24:08 #welcome @Lordsfa7#8347 deleted message from 2018-04-28 18:17:26 (Lordsfa7)
2018-04-28 18:42:08 #welcome @ProBot ✨#5803: 
2018-04-28 18:42:22 #welcome @ProBot ✨#5803 edited message from 2018-04-28 18:42:08 () to read: 
2018-04-28 18:42:09 #welcome @Speed Bot#2155: 
2018-04-28 18:42:09 #welcome @ProBot ✨#5803:  (attachment url(s): https://cdn.discordapp.com/attachments/439469274294255616/439858882710339587/welcome_image1.png)
2018-04-28 18:42:10 #welcome @ProBot ✨#5803: اهلا بك في سيرفرنا Hussinxcraft
2018-04-28 18:42:22 #welcome @Speed Bot#2155 edited message from 2018-04-28 18:42:09 () to read: 
2018-04-28 18:57:45 #welcome @Speed Bot#2155: 
2018-04-28 18:57:45 #welcome @Speed Bot#2155 edited message from 2018-04-28 18:57:45 () to read: 
2018-04-28 18:57:45 #welcome @ProBot ✨#5803: 
2018-04-28 18:57:45 #welcome @ProBot ✨#5803 edited message from 2018-04-28 18:57:45 () to read: 
2018-04-28 18:57:46 #welcome @ProBot ✨#5803:  (attachment url(s): https://cdn.discordapp.com/attachments/439469274294255616/439862810823098369/welcome_image1.png)
2018-04-28 18:57:47 #welcome @ProBot ✨#5803: اهلا بك في سيرفرنا Hussinxcraft
