2018-04-26 21:22:38 this bot joined the server
2018-04-26 21:22:38 Role created: 'Synapse' (id 439174492879716357)
2018-04-26 21:22:38 Member role add: 'Synapse' role was added to @Synapse#0692
2018-04-26 21:25:41 Member role remove: The '🌟 * Dev * 🌟' role was removed from @Mohamed_Art20YT#3958
2018-04-26 21:25:45 Member role remove: The 'Co-Owner' role was removed from @Mohamed_Art20YT#3958
2018-04-26 21:25:47 Member role remove: The 'Admin' role was removed from @Mohamed_Art20YT#3958
2018-04-26 21:45:26 Member role remove: The 'YouTube' role was removed from @Mohamed_Art20YT#3958
2018-04-26 21:47:38 Role position: 'new role' changed from 5 to 3
2018-04-26 21:47:38 Role position: 'Dyno' changed from 6 to 4
2018-04-26 21:47:38 Role position: 'Tatsumaki' changed from 7 to 5
2018-04-26 21:47:38 Role position: 'Rythm' changed from 8 to 6
2018-04-26 21:47:38 Role position: 'member' changed from 9 to 7
2018-04-26 21:47:38 Role position: 'Moderator' changed from 10 to 8
2018-04-26 21:47:38 Role position: 'TY' changed from 11 to 9
2018-04-26 21:47:38 Role position: 'VİP' changed from 12 to 10
2018-04-26 21:47:38 Role position: 'VİP+' changed from 13 to 11
2018-04-26 21:47:38 Role position: 'MVP+' changed from 14 to 12
2018-04-26 21:47:38 Role position: 'MVP++' changed from 15 to 13
2018-04-26 21:47:38 Role position: 'YouTube' changed from 16 to 14
2018-04-26 21:47:38 Role position: 'Admin' changed from 17 to 15
2018-04-26 21:47:38 Role position: 'Co-Owner' changed from 18 to 16
2018-04-26 21:47:38 Role position: '🌟 * Dev * 🌟' changed from 19 to 17
2018-04-26 21:47:38 Role position: 'Owner' changed from 20 to 18
2018-04-26 21:47:39 Role color: 'Synapse' changed from #000000 to #3498db
2018-04-26 21:47:48 Role position: 'new role' changed from 2 to 1
2018-04-26 21:47:48 Role position: 'new role' changed from 3 to 2
2018-04-26 21:47:48 Role position: 'Dyno' changed from 4 to 3
2018-04-26 21:47:48 Role position: 'Tatsumaki' changed from 5 to 4
2018-04-26 21:47:48 Role position: 'Rythm' changed from 6 to 5
2018-04-26 21:47:48 Role position: 'member' changed from 7 to 6
2018-04-26 21:47:48 Role position: 'Moderator' changed from 8 to 7
2018-04-26 21:47:48 Role position: 'TY' changed from 9 to 8
2018-04-26 21:47:48 Role position: 'VİP' changed from 10 to 9
2018-04-26 21:47:48 Role position: 'VİP+' changed from 11 to 10
2018-04-26 21:47:48 Role position: 'MVP+' changed from 12 to 11
2018-04-26 21:47:48 Role position: 'MVP++' changed from 13 to 12
2018-04-26 21:47:48 Role position: 'YouTube' changed from 14 to 13
2018-04-26 21:47:48 Role position: 'Admin' changed from 15 to 14
2018-04-26 21:47:48 Role position: 'Co-Owner' changed from 16 to 15
2018-04-26 21:47:48 Role position: '🌟 * Dev * 🌟' changed from 17 to 16
2018-04-26 21:47:48 Role position: 'Synapse' changed from 1 to 17
2018-04-26 21:52:44 Role permissions: 'Synapse' changed from 8 to 2146958591
2018-04-26 21:53:11 Role position: 'Owner' changed from 18 to 17
2018-04-26 21:53:11 Role position: 'Synapse' changed from 17 to 18
2018-04-26 21:53:11 Role hoist: 'Synapse' is now shown seperately
2018-04-26 21:56:38 Role hoist: 'Synapse' is no longer shown seperately
2018-04-26 21:57:58 Role color: 'Synapse' changed from #3498db to #00bdff
2018-04-26 22:07:44 Role position: 'new role' changed from 2 to 1
2018-04-26 22:07:44 Role position: 'new role' changed from 1 to 2
2018-04-26 22:07:44 Role renamed: 'new role' to 'otaku'
2018-04-26 22:07:44 Role color: 'new role' changed from #000000 to #1abc9c
2018-04-26 22:07:44 Role mentionable: 'otaku' is now mentionable
2018-04-26 22:07:44 Role permissions: 'new role' changed from 104324161 to 104324169
2018-04-26 22:08:02 Member role add: 'otaku' role was added to @abody4playing123#5460
2018-04-27 00:41:04 Member role add: 'otaku' role was added to @LordkiritokunMC#8450
2018-04-27 00:41:11 Member role add: 'new role' role was added to @LordkiritokunMC#8450
2018-04-27 00:41:12 Member role add: 'member' role was added to @LordkiritokunMC#8450
2018-04-27 00:41:21 Member role remove: The 'member' role was removed from @LordkiritokunMC#8450
2018-04-27 00:52:01 Member role add: 'Moderator' role was added to @hossam#3773
2018-04-27 00:52:05 Member role remove: The 'Moderator' role was removed from @hossam#3773
2018-04-27 00:52:08 Member role add: 'Moderator' role was added to @hossam#3773
2018-04-27 00:52:08 Member role remove: The 'Moderator' role was removed from @hossam#3773
2018-04-27 00:52:08 Member role add: 'Moderator' role was added to @hossam#3773
2018-04-27 00:52:14 Member role remove: The 'Moderator' role was removed from @hossam#3773
2018-04-27 00:52:16 Member role remove: The 'TY' role was removed from @hossam#3773
2018-04-27 00:52:16 Member role remove: The 'VİP' role was removed from @hossam#3773
2018-04-27 00:52:16 Member role remove: The 'VİP' role was removed from @hossam#3773
2018-04-27 00:52:16 Member role remove: The 'VİP+' role was removed from @hossam#3773
2018-04-27 00:52:16 Member role remove: The 'MVP+' role was removed from @hossam#3773
2018-04-27 00:52:17 Member role add: 'MVP+' role was added to @hossam#3773
2018-04-27 00:52:17 Member role remove: The 'MVP++' role was removed from @hossam#3773
2018-04-27 00:52:20 Member role remove: The 'MVP+' role was removed from @hossam#3773
2018-04-27 00:52:29 Member role add: 'VİP' role was added to @hossam#3773
2018-04-27 00:52:31 Member role add: 'TY' role was added to @hossam#3773
2018-04-27 00:52:35 Member role add: 'Moderator' role was added to @hossam#3773
2018-04-27 00:52:36 Member role remove: The 'Moderator' role was removed from @hossam#3773
2018-04-27 00:52:39 Member role add: 'VİP+' role was added to @hossam#3773
2018-04-27 00:52:48 Member role add: 'MVP+' role was added to @hossam#3773
2018-04-27 00:52:50 Member role add: 'otaku' role was added to @hossam#3773
2018-04-27 00:53:05 Member role add: 'Admin' role was added to @SpeedMC#4421
2018-04-27 00:53:07 Member role add: 'Moderator' role was added to @SpeedMC#4421
2018-04-27 01:02:29 Member role remove: The 'otaku' role was removed from @LordkiritokunMC#8450
2018-04-27 01:02:29 Member role remove: The 'new role' role was removed from @LordkiritokunMC#8450
2018-04-27 01:02:29 Member role remove: The 'otaku' role was removed from @LordkiritokunMC#8450
2018-04-27 01:10:41 Member nickname: '@! 𝐒кιℓℓz𝐆 |♕ Im Danger ♕#4029' (id 388753755627192331) changed nickname from 'None' to 'vip'
2018-04-27 01:11:08 Member nickname: '@! 𝐒кιℓℓz𝐆 |♕ Im Danger ♕#4029' (id 388753755627192331) changed nickname from 'vip' to '𝐒кιℓℓz𝐆'
2018-04-27 01:11:36 Member nickname: '@! 𝐒кιℓℓz𝐆 |♕ Im Danger ♕#4029' (id 388753755627192331) changed nickname from '𝐒кιℓℓz𝐆' to 'None'
2018-04-27 01:11:46 Member role remove: The 'Co-Owner' role was removed from @SpeedMC#4421
2018-04-27 01:11:50 Member role add: 'Co-Owner' role was added to @SpeedMC#4421
2018-04-27 01:12:52 Role created: 'new role' (id 439232430675853342)
2018-04-27 01:12:53 Role created: 'new role' (id 439232435092455424)
2018-04-27 01:12:53 Role created: 'new role' (id 439232437294333964)
2018-04-27 01:12:56 Role created: 'new role' (id 439232439425040395)
2018-04-27 01:12:56 Role created: 'new role' (id 439232441404882954)
2018-04-27 01:12:56 Role created: 'new role' (id 439232441534906380)
2018-04-27 01:12:56 Role created: 'new role' (id 439232443153645569)
2018-04-27 01:12:56 Role created: 'new role' (id 439232444630040577)
2018-04-27 01:12:57 Role created: 'new role' (id 439232453060853760)
2018-04-27 01:13:38 Role renamed: 'new role' to 'DM'
2018-04-27 01:13:38 Role color: 'new role' changed from #000000 to #992d22
2018-04-27 01:14:04 Role renamed: 'new role' to 'SpeedMC'
2018-04-27 01:14:04 Role color: 'new role' changed from #000000 to #e74c3c
2018-04-27 01:14:05 Role renamed: 'new role' to 'XD'
2018-04-27 01:14:05 Role color: 'new role' changed from #000000 to #607d8b
2018-04-27 01:14:15 Member role add: 'SpeedMC' role was added to @SpeedMC#4421
2018-04-27 01:14:32 Member role add: 'DM' role was added to @SpeedMC#4421
2018-04-27 01:14:37 Member role add: 'XD' role was added to @SpeedMC#4421
2018-04-27 01:15:22 Role renamed: 'new role' to 'HosseinMinecraft'
2018-04-27 01:15:22 Role color: 'new role' changed from #000000 to #e74c3c
2018-04-27 01:15:30 Member role add: 'HosseinMinecraft' role was added to @HosseinMinecraft#3424
2018-04-27 01:15:40 Member role add: 'XD' role was added to @HosseinMinecraft#3424
2018-04-27 01:15:41 Member role remove: The 'HosseinMinecraft' role was removed from @HosseinMinecraft#3424
2018-04-27 01:15:44 Member role add: 'DM' role was added to @HosseinMinecraft#3424
2018-04-27 01:16:49 Role renamed: 'new role' to 'LordkiriritokunMC'
2018-04-27 01:16:49 Role color: 'new role' changed from #000000 to #e74c3c
2018-04-27 01:17:50 Role renamed: 'new role' to 'YouTube+'
2018-04-27 01:17:50 Role color: 'new role' changed from #000000 to #d40404
2018-04-27 01:18:32 Role renamed: 'new role' to 'lol'
2018-04-27 01:18:32 Role color: 'new role' changed from #000000 to #3498db
2018-04-27 01:19:42 Role deleted: 'new role' (id 439232444630040577)
2018-04-27 01:19:46 Role deleted: 'new role' (id 439232453060853760)
2018-04-27 01:19:47 Role deleted: 'YouTube+' (id 439232441534906380)
2018-04-27 01:19:50 Member role remove: The 'XD' role was removed from @SpeedMC#4421
2018-04-27 01:19:50 Member role remove: The 'XD' role was removed from @HosseinMinecraft#3424
2018-04-27 01:19:50 Role deleted: 'XD' (id 439232430675853342)
2018-04-27 01:19:53 Member role remove: The 'DM' role was removed from @SpeedMC#4421
2018-04-27 01:19:53 Member role remove: The 'DM' role was removed from @HosseinMinecraft#3424
2018-04-27 01:19:53 Role deleted: 'DM' (id 439159968898220032)
2018-04-27 01:20:47 Role permissions: 'lol' changed from 104324161 to 0
2018-04-27 01:20:47 Role mentionable: 'LordkiriritokunMC' is now mentionable
2018-04-27 01:20:47 Role hoist: 'LordkiriritokunMC' is now shown seperately
2018-04-27 01:20:47 Role permissions: 'LordkiriritokunMC' changed from 104324161 to 2146958575
2018-04-27 01:20:47 Role permissions: 'HosseinMinecraft' changed from 104324161 to 104324169
2018-04-27 01:20:47 Role permissions: 'SpeedMC' changed from 104324161 to 104324169
2018-04-27 01:20:54 Role permissions: 'HosseinMinecraft' changed from 104324169 to 133684297
2018-04-27 01:21:22 Role mentionable: 'SpeedMC' is now mentionable
2018-04-27 01:21:22 Role hoist: 'SpeedMC' is now shown seperately
2018-04-27 01:21:22 Role permissions: 'SpeedMC' changed from 104324169 to 2146958591
2018-04-27 01:21:28 Member role add: 'LordkiriritokunMC' role was added to @LordkiritokunMC#8450
2018-04-27 01:21:41 Member role add: 'HosseinMinecraft' role was added to @HosseinMinecraft#3424
2018-04-27 01:21:49 Member role add: 'lol' role was added to @SpeedMC#4421
2018-04-27 01:22:03 Member role add: 'new role' role was added to @! 𝐒кιℓℓz𝐆 |♕ Im Danger ♕#4029
2018-04-27 01:22:04 Member role remove: The 'new role' role was removed from @! 𝐒кιℓℓz𝐆 |♕ Im Danger ♕#4029
2018-04-27 01:23:03 Channel created: free
2018-04-27 01:23:47 Channel overwrites: free (439234996125827083): role @everyone (435823315039551488) added with values 0, 16
2018-04-27 01:24:50 Member role remove: The 'Co-Owner' role was removed from @LordkiritokunMC#8450
2018-04-27 01:24:50 Member role remove: The 'Admin' role was removed from @LordkiritokunMC#8450
2018-04-27 01:24:50 Member role remove: The 'Admin' role was removed from @LordkiritokunMC#8450
2018-04-27 01:24:50 Member role remove: The 'YouTube' role was removed from @LordkiritokunMC#8450
2018-04-27 01:24:50 Member role remove: The 'MVP++' role was removed from @LordkiritokunMC#8450
2018-04-27 01:24:51 Member role remove: The 'MVP+' role was removed from @LordkiritokunMC#8450
2018-04-27 01:24:51 Member role remove: The 'VİP+' role was removed from @LordkiritokunMC#8450
2018-04-27 01:24:51 Member role remove: The 'VİP' role was removed from @LordkiritokunMC#8450
2018-04-27 01:24:52 Member role add: 'VİP' role was added to @LordkiritokunMC#8450
2018-04-27 01:24:52 Member role remove: The 'TY' role was removed from @LordkiritokunMC#8450
2018-04-27 01:24:57 Member role remove: The 'Moderator' role was removed from @LordkiritokunMC#8450
2018-04-27 01:25:02 Member role add: 'VİP+' role was added to @LordkiritokunMC#8450
2018-04-27 01:25:05 Member role add: 'Admin' role was added to @LordkiritokunMC#8450
2018-04-27 01:25:09 Member role add: 'YouTube' role was added to @LordkiritokunMC#8450
2018-04-27 01:25:10 Member role add: 'TY' role was added to @LordkiritokunMC#8450
2018-04-27 01:25:12 Member role add: 'MVP++' role was added to @LordkiritokunMC#8450
2018-04-27 01:25:17 Member role add: 'MVP+' role was added to @LordkiritokunMC#8450
2018-04-27 01:25:17 Member role add: 'Co-Owner' role was added to @LordkiritokunMC#8450
2018-04-27 01:25:20 Member role add: 'Moderator' role was added to @LordkiritokunMC#8450
2018-04-27 01:25:25 Member role add: 'lol' role was added to @LordkiritokunMC#8450
2018-04-27 01:26:10 Channel deleted: free
2018-04-27 08:07:17 Channel position: minecraft-youtube moved from 2 to 1
2018-04-27 08:07:17 Channel position: minecraft-art moved from 3 to 2
2018-04-27 08:07:17 Channel position: minecraft-chat moved from 1 to 3
2018-04-27 08:08:16 Channel position: minecraft-art moved from 2 to 1
2018-04-27 08:08:16 Channel position: minecraft-youtube moved from 1 to 2
2018-04-27 08:25:02 Member role add: 'MVP+' role was added to @! 𝐒кιℓℓz𝐆 |♕ Im Danger ♕#4029
2018-04-27 08:25:04 Member role add: 'MVP++' role was added to @! 𝐒кιℓℓz𝐆 |♕ Im Danger ♕#4029
2018-04-27 11:09:58 Member join: @Speed Bot#2155 (id 400489866573512705)
2018-04-27 11:09:58 Role created: 'Speed Bot' (id 439382685836902401)
2018-04-27 11:09:58 Member role add: 'Speed Bot' role was added to @Speed Bot#2155
2018-04-27 11:31:15 Channel deleted: speedxcraft =) %100
2018-04-27 11:35:11 Channel created: 😎-playspeedxcraftcom-😎
2018-04-27 11:36:49 Role created: 'new role' (id 439389451282808843)
2018-04-27 11:38:43 Member role add: 'Co-Owner' role was added to @Mohamed_Art20YT#3958
2018-04-27 11:42:38 Channel deleted: minecraft-chat
2018-04-27 11:43:01 Channel created: chat
2018-04-27 11:45:00 Channel rename: Voice Channels renamed to تكلم بصوتك مع اصدقائك
2018-04-27 11:46:37 Role created: 'new role' (id 439391919089516544)
2018-04-27 11:47:38 Role permissions: 'Speed Bot' changed from 8 to 262216
2018-04-27 11:47:38 Role renamed: 'new role' to 'Mohamed_Art20YT'
2018-04-27 11:47:38 Role color: 'new role' changed from #000000 to #e74c3c
2018-04-27 11:47:38 Role permissions: 'new role' changed from 104324161 to 2146958591
2018-04-27 11:47:55 Member role add: 'Mohamed_Art20YT' role was added to @Mohamed_Art20YT#3958
2018-04-27 11:48:25 Member role add: 'Moderator' role was added to @Mohamed_Art20YT#3958
2018-04-27 11:48:29 Member role add: 'lol' role was added to @Mohamed_Art20YT#3958
2018-04-27 11:49:39 Role mentionable: 'Mohamed_Art20YT' is now mentionable
2018-04-27 11:49:39 Role hoist: 'Mohamed_Art20YT' is now shown seperately
2018-04-27 11:50:04 Role color: 'Mohamed_Art20YT' changed from #e74c3c to #fa0000
2018-04-27 11:50:08 Role color: 'Mohamed_Art20YT' changed from #fa0000 to #e74c3c
2018-04-27 11:51:14 Channel rename: تكلم بصوتك مع اصدقائك renamed to Voice Channel
2018-04-27 11:52:46 Channel created: SPEEDXCRAFT
2018-04-27 11:54:16 Channel created: SPEEDXCRAFT
2018-04-27 11:54:22 Channel deleted: SPEEDXCRAFT
2018-04-27 11:55:37 Channel created: YOUTUBER
2018-04-27 11:55:52 Member nickname: '@Mohamed_Art20YT#3958' (id 371696327005831169) changed nickname from 'None' to 'RitaRoze'
2018-04-27 11:57:54 Channel rename: general renamed to welcome
2018-04-27 11:57:54 Channel topic: general topic was set to ""
2018-04-27 11:58:18 Channel overwrites: welcome (435823315039551490): role @everyone (435823315039551488) added with values 523328, 0
2018-04-27 12:01:47 Member role add: 'Admin' role was added to @Mohamed_Art20YT#3958
2018-04-27 12:01:50 Member role add: 'YouTube' role was added to @Mohamed_Art20YT#3958
2018-04-27 12:02:13 Channel rename: minecraft-art renamed to rank-or-permission
2018-04-27 12:02:13 Channel topic: minecraft-art topic was set to ""
2018-04-27 12:02:33 Channel overwrites: rank-or-permission (436582972192456706): role @everyone (435823315039551488) added with values 523328, 0
2018-04-27 12:08:05 Member role add: '🌟 * Dev * 🌟' role was added to @Mohamed_Art20YT#3958
2018-04-27 12:11:31 Role mentionable: 'Admin' is now mentionable
2018-04-27 12:11:31 Role hoist: 'Admin' is now shown seperately
2018-04-27 12:11:31 Role permissions: 'Admin' changed from 104324161 to 2146950351
2018-04-27 12:14:42 Role permissions: 'YouTube' changed from 2146958591 to 372752633
2018-04-27 12:14:58 Member nickname: '@Mohamed_Art20YT#3958' (id 371696327005831169) changed nickname from 'RitaRoze' to 'Mohamed_Art20'
2018-04-27 12:16:16 Channel rename: minecraft-youtube renamed to minecraft-message
2018-04-27 12:16:16 Channel topic: minecraft-youtube topic was set to ""
2018-04-27 12:27:00 Member join: @𝒮ˣᶜєℓмυsαυɪ_ɢĸ#7300 (id 349616310734553088)
2018-04-27 12:31:33 Member role add: 'VİP' role was added to @𝒮ˣᶜєℓмυsαυɪ_ɢĸ#7300
2018-04-27 12:31:33 Member role add: 'VİP+' role was added to @𝒮ˣᶜєℓмυsαυɪ_ɢĸ#7300
2018-04-27 12:33:44 Role permissions: 'VİP+' changed from 104324161 to 104324169
2018-04-27 12:33:44 Role permissions: 'VİP+' changed from 104324169 to 104324297
2018-04-27 12:33:45 Role permissions: 'VİP+' changed from 104324297 to 104324329
2018-04-27 12:33:49 Role permissions: 'VİP+' changed from 104324329 to 104324201
2018-04-27 12:33:49 Role permissions: 'VİP+' changed from 104324201 to 104324193
2018-04-27 12:34:01 Role permissions: 'VİP+' changed from 104324193 to 238541921
2018-04-27 12:34:08 Role permissions: 'VİP+' changed from 238541921 to 775412833
2018-04-27 12:34:19 Role permissions: 'VİP+' changed from 775412833 to 775410785
2018-04-27 12:34:19 Role permissions: 'VİP+' changed from 775410785 to 775412833
2018-04-27 13:24:24 Role created: 'new role' (id 439416528564125706)
2018-04-27 13:26:15 Role renamed: 'new role' to 'Manager'
2018-04-27 13:26:15 Role color: 'new role' changed from #000000 to #f1c40f
2018-04-27 13:26:15 Role hoist: 'Manager' is now shown seperately
2018-04-27 13:26:15 Role permissions: 'new role' changed from 104324161 to 116915273
2018-04-27 13:27:42 Role mentionable: 'Manager' is now mentionable
2018-04-27 13:28:59 Member leave: @𝒮ˣᶜєℓмυsαυɪ_ɢĸ#7300 (id 349616310734553088)
2018-04-27 13:57:42 Member nickname: '@abody4playing123#5460' (id 406412641490436101) changed nickname from 'None' to 'hacker'
2018-04-27 13:58:12 Member leave: @abody4playing123#5460 (id 406412641490436101)
2018-04-27 13:58:24 Member join: @abody4playing123#5460 (id 406412641490436101)
2018-04-27 13:58:47 Member ban: @abody4playing123#5460 (id 406412641490436101)
2018-04-27 13:58:47 Member leave: @abody4playing123#5460 (id 406412641490436101)
2018-04-27 14:03:09 Role created: 'new role' (id 439426278307659802)
2018-04-27 14:04:13 Role renamed: 'new role' to 'AntiCheat-System'
2018-04-27 14:04:13 Role color: 'new role' changed from #000000 to #4b1717
2018-04-27 14:04:13 Role permissions: 'new role' changed from 104324161 to 0
2018-04-27 14:15:14 Member role add: 'AntiCheat-System' role was added to @hossam#3773
2018-04-27 14:15:21 Member role remove: The 'AntiCheat-System' role was removed from @hossam#3773
2018-04-27 14:19:24 Role renamed: 'Moderator' to 'YOUTUBER'
2018-04-27 14:19:24 Role color: 'Moderator' changed from #3498db to #ff0f0f
2018-04-27 14:19:25 Role renamed: 'YouTube' to 'Moderator'
2018-04-27 14:19:25 Role color: 'YouTube' changed from #dd0000 to #d60cf1
2018-04-27 14:20:04 Role mentionable: 'YOUTUBER' is now mentionable
2018-04-27 14:20:04 Role hoist: 'YOUTUBER' is now shown seperately
2018-04-27 14:20:04 Role permissions: 'YOUTUBER' changed from 104324193 to 104324329
2018-04-27 14:20:18 Member role remove: The 'Moderator' role was removed from @Master_GameOver 3arab#7074
2018-04-27 14:20:41 Role position: 'TY' changed from 17 to 16
2018-04-27 14:20:41 Role position: 'VİP' changed from 18 to 17
2018-04-27 14:20:41 Role position: 'VİP+' changed from 19 to 18
2018-04-27 14:20:41 Role position: 'MVP+' changed from 20 to 19
2018-04-27 14:20:41 Role position: 'MVP++' changed from 21 to 20
2018-04-27 14:20:41 Role position: 'YOUTUBER' changed from 16 to 21
2018-04-27 14:21:20 Role position: 'new role' changed from 4 to 2
2018-04-27 14:21:20 Role position: 'Speed Bot' changed from 5 to 3
2018-04-27 14:21:20 Role position: 'new role' changed from 6 to 4
2018-04-27 14:21:20 Role position: 'lol' changed from 7 to 5
2018-04-27 14:21:20 Role position: 'Mohamed_Art20YT' changed from 3 to 6
2018-04-27 14:21:20 Role position: 'LordkiriritokunMC' changed from 8 to 7
2018-04-27 14:21:20 Role position: 'HosseinMinecraft' changed from 9 to 8
2018-04-27 14:21:20 Role position: 'SpeedMC' changed from 10 to 9
2018-04-27 14:21:20 Role position: 'otaku' changed from 11 to 10
2018-04-27 14:21:20 Role position: 'Dyno' changed from 12 to 11
2018-04-27 14:21:20 Role position: 'Tatsumaki' changed from 13 to 12
2018-04-27 14:21:20 Role position: 'Rythm' changed from 14 to 13
2018-04-27 14:21:20 Role position: 'member' changed from 15 to 14
2018-04-27 14:21:20 Role position: 'TY' changed from 16 to 15
2018-04-27 14:21:20 Role position: 'VİP' changed from 17 to 16
2018-04-27 14:21:20 Role position: 'VİP+' changed from 18 to 17
2018-04-27 14:21:20 Role position: 'MVP+' changed from 19 to 18
2018-04-27 14:21:22 Role position: 'MVP++' changed from 20 to 19
2018-04-27 14:21:22 Role position: 'YOUTUBER' changed from 21 to 20
2018-04-27 14:21:22 Role position: 'Moderator' changed from 22 to 21
2018-04-27 14:21:22 Role position: 'Manager' changed from 2 to 22
2018-04-27 14:21:51 Member role remove: The 'YOUTUBER' role was removed from @Rythm#3722
2018-04-27 14:21:55 Member role remove: The 'YOUTUBER' role was removed from @Tatsumaki#8792
2018-04-27 14:21:58 Member role add: 'MVP++' role was added to @Tatsumaki#8792
2018-04-27 14:22:06 Member role remove: The 'MVP++' role was removed from @Tatsumaki#8792
2018-04-27 14:22:18 Member role add: 'MVP++' role was added to @Tatsumaki#8792
2018-04-27 14:22:22 Member role add: 'MVP++' role was added to @Synapse#0692
2018-04-27 14:22:27 Member role remove: The 'MVP++' role was removed from @Synapse#0692
2018-04-27 14:22:30 Member role remove: The 'MVP++' role was removed from @Tatsumaki#8792
2018-04-27 14:22:30 Member role add: 'MVP++' role was added to @Tatsumaki#8792
2018-04-27 14:22:31 Member role remove: The 'MVP++' role was removed from @Tatsumaki#8792
2018-04-27 14:23:43 Role renamed: 'new role' to 'Bots'
2018-04-27 14:23:43 Role color: 'new role' changed from #000000 to #3498db
2018-04-27 14:23:56 Role mentionable: 'Bots' is now mentionable
2018-04-27 14:23:56 Role hoist: 'Bots' is now shown seperately
2018-04-27 14:24:03 Member role add: 'Bots' role was added to @Dyno#3861
2018-04-27 14:24:08 Member role add: 'Bots' role was added to @Rythm#3722
2018-04-27 14:24:15 Member role add: 'Bots' role was added to @Synapse#0692
2018-04-27 14:24:19 Member role add: 'Bots' role was added to @Tatsumaki#8792
2018-04-27 14:24:26 Member role add: 'Bots' role was added to @Speed Bot#2155
2018-04-27 14:25:45 Role position: 'VİP' changed from 16 to 15
2018-04-27 14:25:45 Role position: 'VİP+' changed from 17 to 16
2018-04-27 14:25:45 Role position: 'TY' changed from 15 to 17
2018-04-27 14:25:46 Role color: 'MVP+' changed from #3498db to #3acfc7
2018-04-27 14:25:46 Role color: 'TY' changed from #ffc601 to #21ccc3
2018-04-27 14:27:48 Role permissions: 'Moderator' changed from 372752633 to 372752635
2018-04-27 14:27:48 Role mentionable: 'MVP++' is now mentionable
2018-04-27 14:27:48 Role hoist: 'MVP++' is now shown seperately
2018-04-27 14:27:48 Role color: 'MVP+' changed from #3acfc7 to #5dd3cc
2018-04-27 14:27:48 Role mentionable: 'MVP+' is now mentionable
2018-04-27 14:27:48 Role hoist: 'MVP+' is now shown seperately
2018-04-27 14:27:50 Role renamed: 'TY' to 'MVP'
2018-04-27 14:27:50 Role color: 'TY' changed from #21ccc3 to #5ad1ca
2018-04-27 14:27:50 Role mentionable: 'MVP' is now mentionable
2018-04-27 14:27:50 Role hoist: 'MVP' is now shown seperately
2018-04-27 14:28:35 Role permissions: 'Manager' changed from 116915273 to 2012740831
2018-04-27 14:29:36 Member role add: 'Manager' role was added to @SpeedMC#4421
2018-04-27 14:29:41 Member role add: 'Manager' role was added to @Mohamed_Art20YT#3958
2018-04-27 14:29:45 Member role add: 'Manager' role was added to @HosseinMinecraft#3424
2018-04-27 14:33:28 Channel created: HYPIXEL
2018-04-27 14:33:49 Channel created: Moderator Rom
2018-04-27 14:34:34 Channel created: Support Channel
2018-04-27 14:34:57 Channel created: Waiting to get Support
2018-04-27 14:35:10 Channel overwrites: Waiting to get Support (439434284109922307): role @everyone (435823315039551488) added with values 2097152, 0
2018-04-27 14:36:47 Channel created: Support Rom-1
2018-04-27 14:37:47 Channel overwrites: Support Rom-1 (439434742643949589): role @everyone (435823315039551488) added with values 50331648, 0
2018-04-27 14:39:40 Channel created: giveaway
2018-04-27 14:39:40 Channel created: giveaway
2018-04-27 14:41:13 Member unban: @abody4playing123#5460 (id 406412641490436101)
2018-04-27 14:43:08 Channel deleted: giveaway
2018-04-27 14:44:41 Member role add: 'Owner' role was added to @Mohamed_Art20YT#3958
2018-04-27 14:57:19 Channel deleted: youtube-alts
2018-04-27 14:57:19 Channel deleted: YOUTUBER
2018-04-27 14:57:19 Channel deleted: Rythm
2018-04-27 14:57:19 Channel deleted: minecraft-message
2018-04-27 14:57:19 Channel deleted: aroundcraft.com %10000000 =) ;)
2018-04-27 14:57:19 Channel deleted: 😎-playspeedxcraftcom-😎
2018-04-27 14:57:19 Channel deleted: General
2018-04-27 14:57:19 Channel deleted: giveaway
2018-04-27 14:57:19 Channel deleted: HYPIXEL
2018-04-27 14:57:19 Channel deleted: rank-or-permission
2018-04-27 14:57:19 Channel deleted: chat
2018-04-27 14:57:19 Channel deleted: Moderator Rom
2018-04-27 14:57:19 Channel deleted: Support Rom-1
2018-04-27 14:57:19 Channel deleted: Waiting to get Support
2018-04-27 14:57:19 Channel deleted: welcome
2018-04-27 14:57:19 Channel deleted: facebook
2018-04-27 14:57:19 Channel deleted: SPEEDXCRAFT
2018-04-27 14:57:31 Channel created: tt
2018-04-27 14:58:08 Channel created: waithing-for-support
2018-04-27 14:59:00 Member join: @abody4playing123#5460 (id 406412641490436101)
2018-04-27 14:59:19 Channel rename: tt renamed to welcome
2018-04-27 14:59:19 Channel topic: tt topic was set to ""
2018-04-27 15:00:28 Member role remove: The 'Owner' role was removed from @Mohamed_Art20YT#3958
2018-04-27 15:01:37 Member ban: @abody4playing123#5460 (id 406412641490436101)
2018-04-27 15:01:37 Member leave: @abody4playing123#5460 (id 406412641490436101)
2018-04-27 15:11:28 Channel created: GENERAL
2018-04-27 15:11:28 Channel created: GENERAL
2018-04-27 15:12:01 Channel created: GENERAL
2018-04-27 15:12:12 Channel created: gg
2018-04-27 15:12:16 Channel deleted: gg
2018-04-27 15:12:33 Channel deleted: GENERAL
2018-04-27 15:12:34 Channel deleted: GENERAL
2018-04-27 15:12:49 Channel created: SPEEDXCRAFT
2018-04-27 15:13:22 Channel created: YOUTUBE
2018-04-27 15:13:46 Channel created: support-1
2018-04-27 15:13:54 Channel created: support-2
2018-04-27 15:14:01 Channel created: support-
2018-04-27 15:14:06 Channel deleted: support-2
2018-04-27 15:14:06 Channel deleted: support-
2018-04-27 15:14:10 Channel deleted: support-1
2018-04-27 15:14:28 Channel deleted: waithing-for-support
2018-04-27 15:14:55 Channel created: support-message
2018-04-27 15:15:27 Channel created: support-rom
2018-04-27 15:16:13 Channel created: chat
2018-04-27 15:16:20 Channel deleted: chat
2018-04-27 15:16:32 Channel created: new
2018-04-27 15:16:38 Channel position: new moved from 3 to 1
2018-04-27 15:16:38 Channel position: support-message moved from 1 to 2
2018-04-27 15:16:38 Channel position: support-rom moved from 2 to 3
2018-04-27 15:16:43 Channel position: support-message moved from 2 to 1
2018-04-27 15:16:43 Channel position: support-rom moved from 3 to 2
2018-04-27 15:16:43 Channel position: new moved from 1 to 3
2018-04-27 15:16:43 Channel position: new moved from 3 to 1
2018-04-27 15:16:43 Channel position: support-message moved from 1 to 2
2018-04-27 15:16:43 Channel position: support-rom moved from 2 to 3
2018-04-27 15:16:52 Channel deleted: new
2018-04-27 15:17:15 Channel created: new
2018-04-27 15:17:58 Channel created: screenshot
2018-04-27 15:18:03 Channel created: reports
2018-04-27 15:18:40 Channel created: anti-cheat-system
2018-04-27 15:19:16 Channel overwrites: anti-cheat-system (439445279515738123): role @everyone (435823315039551488) added with values 523328, 0
2018-04-27 15:20:04 Channel rename: Text Channels renamed to Welcome
2018-04-27 15:20:15 Channel rename: Voice Channel renamed to Voice
2018-04-27 15:21:48 Channel created: Rols
2018-04-27 15:22:46 Member role remove: The 'YOUTUBER' role was removed from @Master_GameOver 3arab#7074
2018-04-27 15:22:50 Member role remove: The 'MVP++' role was removed from @Master_GameOver 3arab#7074
2018-04-27 15:23:11 Channel position: Rols moved from 2 to 1
2018-04-27 15:23:11 Channel position: Voice moved from 0 to 2
2018-04-27 15:23:11 Channel position: Support Channel moved from 1 to 3
2018-04-27 15:23:11 Channel position: new moved from 4 to 1
2018-04-27 15:23:11 Channel position: screenshot moved from 5 to 2
2018-04-27 15:23:11 Channel position: reports moved from 6 to 3
2018-04-27 15:23:11 Channel position: anti-cheat-system moved from 7 to 4
2018-04-27 15:23:11 Channel position: support-message moved from 2 to 5
2018-04-27 15:23:11 Channel position: support-rom moved from 3 to 6
2018-04-27 15:23:32 Channel created: to-get-youtuber-rank
2018-04-27 15:23:49 Channel overwrites: to-get-youtuber-rank (439446501937119232): role @everyone (435823315039551488) added with values 805829713, 0
2018-04-27 15:28:53 Channel overwrites: to-get-youtuber-rank (439446501937119232): role @everyone (435823315039551488) updated to values 0, 805829713 (was 805829713, 0)
2018-04-27 15:30:13 Channel overwrites: to-get-youtuber-rank (439446501937119232): role Manager (439416528564125706) added with values 0, 0
2018-04-27 15:30:27 Channel overwrites: to-get-youtuber-rank (439446501937119232): role Manager (439416528564125706) removed (was 0, 0)
2018-04-27 15:30:27 Channel overwrites: to-get-youtuber-rank (439446501937119232): role @everyone (435823315039551488) updated to values 0, 0 (was 0, 805829713)
2018-04-27 15:30:34 Channel overwrites: to-get-youtuber-rank (439446501937119232): role Manager (439416528564125706) added with values 0, 0
2018-04-27 15:31:25 Channel created: Rythm
2018-04-27 15:31:42 Channel overwrites: Rythm (439448491677450251): role Rythm (439136898083192843) added with values 0, 0
2018-04-27 15:31:48 Channel overwrites: Rythm (439448491677450251): role Rythm (439136898083192843) removed (was 0, 0)
2018-04-27 15:31:48 Channel overwrites: Rythm (439448491677450251): role @everyone (435823315039551488) added with values 0, 0
2018-04-27 15:33:14 Member role add: 'Owner' role was added to @Mohamed_Art20YT#3958
2018-04-27 15:34:40 Channel overwrites: welcome (439439964107702272): role 🌟 * Dev * 🌟 (439165528003575809) added with values 0, 0
2018-04-27 15:37:39 Member join: @ProBot ✨#5803 (id 282859044593598464)
2018-04-27 15:37:39 Member role add: 'ProBot ✨' role was added to @ProBot ✨#5803
2018-04-27 15:37:39 Role created: 'ProBot ✨' (id 439450053447385090)
2018-04-27 15:37:39 Member role add: 'ProBot ✨' role was added to @ProBot ✨#5803
2018-04-27 15:38:58 Channel created: photo
2018-04-27 15:39:31 Member role add: 'Bots' role was added to @ProBot ✨#5803
2018-04-27 15:39:40 Member role add: 'YOUTUBER' role was added to @ProBot ✨#5803
2018-04-27 15:39:40 Member role remove: The 'Bots' role was removed from @ProBot ✨#5803
2018-04-27 15:39:45 Member role remove: The 'MVP++' role was removed from @Master_GameOver 3arab#7074
2018-04-27 15:39:45 Member role remove: The 'MVP++' role was removed from @Master_GameOver 3arab#7074
2018-04-27 15:39:55 Member role remove: The 'YOUTUBER' role was removed from @ProBot ✨#5803
2018-04-27 15:39:58 Member role add: 'Bots' role was added to @ProBot ✨#5803
2018-04-27 15:40:53 Role permissions: 'ProBot ✨' changed from 2080374975 to 2080637183
2018-04-27 15:40:53 Role position: 'ProBot ✨' changed from 1 to 15
2018-04-27 15:41:17 Role mentionable: 'member' is now mentionable
2018-04-27 15:41:17 Role hoist: 'member' is now shown seperately
2018-04-27 15:41:17 Role position: 'member' changed from 15 to 14
2018-04-27 15:42:21 Member join: @Jad_Gamer#3508 (id 393897759905808384)
2018-04-27 15:42:21 Member role add: 'member' role was added to @Jad_Gamer#3508
2018-04-27 15:42:21 Member role add: 'member' role was added to @Jad_Gamer#3508
2018-04-27 15:42:25 Role position: 'lol' changed from 6 to 4
2018-04-27 15:42:25 Role position: 'Mohamed_Art20YT' changed from 7 to 5
2018-04-27 15:42:25 Role position: 'LordkiriritokunMC' changed from 8 to 6
2018-04-27 15:42:25 Role position: 'HosseinMinecraft' changed from 9 to 7
2018-04-27 15:42:25 Role position: 'SpeedMC' changed from 10 to 8
2018-04-27 15:42:25 Role position: 'otaku' changed from 11 to 9
2018-04-27 15:42:25 Role position: 'Dyno' changed from 12 to 10
2018-04-27 15:42:25 Role position: 'Tatsumaki' changed from 13 to 11
2018-04-27 15:42:25 Role position: 'Rythm' changed from 14 to 12
2018-04-27 15:42:25 Role position: 'member' changed from 14 to 13
2018-04-27 15:42:25 Role position: 'Bots' changed from 5 to 14
2018-04-27 15:47:02 Member role add: 'Admin' role was added to @Jad_Gamer#3508
2018-04-27 15:48:35 Role created: 'new role' (id 439452815144779786)
2018-04-27 15:48:53 Role renamed: 'new role' to 'Jad_Gamer'
2018-04-27 15:49:10 Role color: 'Jad_Gamer' changed from #000000 to #da004e
2018-04-27 15:49:11 Role color: 'Jad_Gamer' changed from #da004e to #4c6876
2018-04-27 15:49:11 Role color: 'Jad_Gamer' changed from #4c6876 to #000000
2018-04-27 15:49:23 Role color: 'Jad_Gamer' changed from #000000 to #25c059
2018-04-27 15:49:26 Role color: 'Jad_Gamer' changed from #25c059 to #277ecd
2018-04-27 15:50:07 Member role add: 'Jad_Gamer' role was added to @Jad_Gamer#3508
2018-04-27 15:52:01 Channel created: chat
2018-04-27 15:52:51 Role position: 'AntiCheat-System' changed from 3 to 2
2018-04-27 15:52:51 Role position: 'new role' changed from 4 to 3
2018-04-27 15:52:51 Role position: 'Speed Bot' changed from 5 to 4
2018-04-27 15:52:54 Role permissions: 'ProBot ✨' changed from 2080637183 to 2146958591
2018-04-27 16:00:30 Member role add: 'Owner' role was added to @LordkiritokunMC#8450
2018-04-27 16:11:34 Member role add: 'Manager' role was added to @Jad_Gamer#3508
2018-04-27 16:11:35 Member role add: 'Moderator' role was added to @Jad_Gamer#3508
2018-04-27 16:12:37 Member role add: 'Co-Owner' role was added to @Master_GameOver 3arab#7074
2018-04-27 16:12:41 Member role remove: The 'Co-Owner' role was removed from @Master_GameOver 3arab#7074
2018-04-27 16:13:02 Member role add: 'Co-Owner' role was added to @Jad_Gamer#3508
2018-04-27 16:13:11 Member role remove: The 'Co-Owner' role was removed from @Jad_Gamer#3508
2018-04-27 16:13:56 Member role remove: The '🌟 * Dev * 🌟' role was removed from @Mohamed_Art20YT#3958
2018-04-27 16:13:57 Member role add: '🌟 * Dev * 🌟' role was added to @Mohamed_Art20YT#3958
2018-04-27 16:14:00 Member role add: '🌟 * Dev * 🌟' role was added to @Mohamed_Art20YT#3958
2018-04-27 16:14:00 Member role remove: The '🌟 * Dev * 🌟' role was removed from @Mohamed_Art20YT#3958
2018-04-27 16:14:01 Member role add: '🌟 * Dev * 🌟' role was added to @Mohamed_Art20YT#3958
2018-04-27 16:14:01 Member role remove: The 'Co-Owner' role was removed from @Mohamed_Art20YT#3958
2018-04-27 16:14:04 Member role remove: The 'Manager' role was removed from @Mohamed_Art20YT#3958
2018-04-27 16:14:04 Member role remove: The 'Admin' role was removed from @Mohamed_Art20YT#3958
2018-04-27 16:14:04 Member role remove: The 'Manager' role was removed from @Mohamed_Art20YT#3958
2018-04-27 16:14:04 Member role add: 'Manager' role was added to @Mohamed_Art20YT#3958
2018-04-27 16:14:08 Member role add: 'Admin' role was added to @Mohamed_Art20YT#3958
2018-04-27 16:14:08 Member role add: 'Manager' role was added to @Mohamed_Art20YT#3958
2018-04-27 16:14:08 Member role add: 'Admin' role was added to @Mohamed_Art20YT#3958
2018-04-27 16:14:08 Member role remove: The 'Manager' role was removed from @Mohamed_Art20YT#3958
2018-04-27 16:14:08 Member role add: 'Co-Owner' role was added to @Mohamed_Art20YT#3958
2018-04-27 16:14:09 Member role add: 'Manager' role was added to @Mohamed_Art20YT#3958
2018-04-27 16:28:35 Member role remove: The '🌟 * Dev * 🌟' role was removed from @Mohamed_Art20YT#3958
2018-04-27 16:28:45 Member role remove: The 'Co-Owner' role was removed from @Mohamed_Art20YT#3958
2018-04-27 16:28:48 Member role remove: The 'Admin' role was removed from @Mohamed_Art20YT#3958
2018-04-27 16:28:48 Member role remove: The 'Manager' role was removed from @Mohamed_Art20YT#3958
2018-04-27 16:28:53 Member role remove: The 'Moderator' role was removed from @Mohamed_Art20YT#3958
2018-04-27 16:28:57 Member role remove: The 'MVP++' role was removed from @Mohamed_Art20YT#3958
2018-04-27 16:28:57 Member role remove: The 'YOUTUBER' role was removed from @Mohamed_Art20YT#3958
2018-04-27 16:28:57 Member role remove: The 'MVP++' role was removed from @Mohamed_Art20YT#3958
2018-04-27 16:28:57 Member role remove: The 'MVP++' role was removed from @Mohamed_Art20YT#3958
2018-04-27 16:28:57 Member role remove: The 'MVP+' role was removed from @Mohamed_Art20YT#3958
2018-04-27 16:28:57 Member role remove: The 'MVP+' role was removed from @Mohamed_Art20YT#3958
2018-04-27 16:28:58 Member role remove: The 'MVP' role was removed from @Mohamed_Art20YT#3958
2018-04-27 16:28:58 Member role remove: The 'MVP' role was removed from @Mohamed_Art20YT#3958
2018-04-27 16:28:58 Member role remove: The 'VİP+' role was removed from @Mohamed_Art20YT#3958
2018-04-27 16:28:58 Member role remove: The 'VİP' role was removed from @Mohamed_Art20YT#3958
2018-04-27 16:29:01 Member role remove: The 'Mohamed_Art20YT' role was removed from @Mohamed_Art20YT#3958
2018-04-27 16:29:07 Member role remove: The 'lol' role was removed from @Mohamed_Art20YT#3958
2018-04-27 16:53:39 Member role remove: The 'Owner' role was removed from @LordkiritokunMC#8450
2018-04-27 16:53:52 Channel deleted: welcome
2018-04-27 16:53:52 Member role remove: The 'Owner' role was removed from @Mohamed_Art20YT#3958
2018-04-27 16:53:52 Member role add: '🌟 * Dev * 🌟' role was added to @Mohamed_Art20YT#3958
2018-04-27 16:53:55 Member role add: 'Co-Owner' role was added to @Mohamed_Art20YT#3958
2018-04-27 16:53:55 Member role add: 'Admin' role was added to @Mohamed_Art20YT#3958
2018-04-27 16:53:55 Member role add: 'Admin' role was added to @Mohamed_Art20YT#3958
2018-04-27 16:53:56 Member role add: 'Manager' role was added to @Mohamed_Art20YT#3958
2018-04-27 16:53:56 Member role add: 'Moderator' role was added to @Mohamed_Art20YT#3958
2018-04-27 16:54:00 Member role remove: The 'Moderator' role was removed from @Mohamed_Art20YT#3958
2018-04-27 16:54:00 Channel created: welcome
2018-04-27 16:54:00 Member role remove: The 'Manager' role was removed from @Mohamed_Art20YT#3958
2018-04-27 16:54:04 Member role add: 'YOUTUBER' role was added to @Mohamed_Art20YT#3958
2018-04-27 16:54:04 Member role add: 'MVP++' role was added to @Mohamed_Art20YT#3958
2018-04-27 16:54:04 Member role add: 'MVP+' role was added to @Mohamed_Art20YT#3958
2018-04-27 16:54:04 Member role add: 'MVP' role was added to @Mohamed_Art20YT#3958
2018-04-27 16:54:04 Member role add: 'VİP+' role was added to @Mohamed_Art20YT#3958
2018-04-27 16:54:04 Member role add: 'MVP' role was added to @Mohamed_Art20YT#3958
2018-04-27 16:54:04 Member role add: 'VİP+' role was added to @Mohamed_Art20YT#3958
2018-04-27 16:54:04 Member role add: 'VİP+' role was added to @Mohamed_Art20YT#3958
2018-04-27 16:54:04 Channel position: welcome moved from 10 to 0
2018-04-27 16:54:04 Channel position: photo moved from 8 to 5
2018-04-27 16:54:04 Channel position: chat moved from 9 to 6
2018-04-27 16:54:04 Channel position: support-message moved from 5 to 8
2018-04-27 16:54:04 Channel position: support-rom moved from 6 to 9
2018-04-27 16:54:05 Member role add: 'VİP' role was added to @Mohamed_Art20YT#3958
2018-04-27 16:54:13 Member role add: 'Mohamed_Art20YT' role was added to @Mohamed_Art20YT#3958
2018-04-27 16:54:17 Member role add: 'lol' role was added to @Mohamed_Art20YT#3958
2018-04-27 17:03:04 Member role add: 'Owner' role was added to @Mohamed_Art20YT#3958
2018-04-27 17:03:21 Member join: @GiveawayBot#2381 (id 294882584201003009)
2018-04-27 17:03:21 Member role add: 'member' role was added to @GiveawayBot#2381
2018-04-27 17:03:21 Member role add: 'GiveawayBot' role was added to @GiveawayBot#2381
2018-04-27 17:03:21 Role created: 'GiveawayBot' (id 439471620520804362)
2018-04-27 17:03:21 Member role add: 'member' role was added to @GiveawayBot#2381
2018-04-27 17:03:21 Member role add: 'GiveawayBot' role was added to @GiveawayBot#2381
2018-04-27 17:03:21 Member role add: 'member' role was added to @GiveawayBot#2381
2018-04-27 17:03:57 Member role add: 'Bots' role was added to @GiveawayBot#2381
2018-04-27 17:05:39 Channel created: giveaway
2018-04-27 17:05:44 Channel position: giveaway moved from 10 to 5
2018-04-27 17:05:44 Channel position: photo moved from 5 to 6
2018-04-27 17:05:44 Channel position: chat moved from 6 to 7
2018-04-27 17:05:44 Channel position: to-get-youtuber-rank moved from 7 to 8
2018-04-27 17:05:44 Channel position: support-message moved from 8 to 9
2018-04-27 17:05:44 Channel position: support-rom moved from 9 to 10
2018-04-27 17:07:12 Channel overwrites: giveaway (439472203394973696): role Manager (439416528564125706) added with values 0, 0
2018-04-27 17:13:59 Role deleted: 'Speed Bot' (id 439382685836902401)
2018-04-27 17:13:59 Member leave: @Speed Bot#2155 (id 400489866573512705)
2018-04-27 17:21:03 Channel created: Music
2018-04-27 17:21:19 Channel created: Music
2018-04-27 17:21:23 Channel position: Music moved from 4 to 3
2018-04-27 17:21:23 Channel position: Support Channel moved from 3 to 4
2018-04-27 17:21:36 Channel created: music-bot
2018-04-27 17:25:19 Channel created: AFK
2018-04-27 17:25:32 Channel created: AFK
2018-04-27 17:29:16 Server name changed from HosseinMinecraft to Hosseinxcraft
2018-04-27 17:29:52 Member role add: 'YOUTUBER' role was added to @Jad_Gamer#3508
2018-04-27 17:29:57 Member role add: 'MVP+' role was added to @Jad_Gamer#3508
2018-04-27 17:29:57 Member role add: 'MVP++' role was added to @Jad_Gamer#3508
2018-04-27 17:29:57 Member role add: 'MVP+' role was added to @Jad_Gamer#3508
2018-04-27 17:29:57 Member role add: 'MVP' role was added to @Jad_Gamer#3508
2018-04-27 17:29:57 Member role add: 'VİP+' role was added to @Jad_Gamer#3508
2018-04-27 17:29:57 Member role add: 'VİP' role was added to @Jad_Gamer#3508
2018-04-27 17:29:58 Member role add: 'Bots' role was added to @Jad_Gamer#3508
2018-04-27 17:30:01 Member role add: 'otaku' role was added to @Jad_Gamer#3508
2018-04-27 17:30:02 Member role add: 'lol' role was added to @Jad_Gamer#3508
2018-04-27 17:30:05 Member role remove: The 'Bots' role was removed from @Jad_Gamer#3508
2018-04-27 17:30:05 Member role remove: The 'otaku' role was removed from @Jad_Gamer#3508
2018-04-27 17:30:05 Member role remove: The 'member' role was removed from @Jad_Gamer#3508
2018-04-27 17:30:05 Member role remove: The 'otaku' role was removed from @Jad_Gamer#3508
2018-04-27 17:30:05 Member role add: 'otaku' role was added to @Jad_Gamer#3508
2018-04-27 17:30:09 Member role remove: The 'Jad_Gamer' role was removed from @Jad_Gamer#3508
2018-04-27 17:30:09 Member role add: 'Jad_Gamer' role was added to @Jad_Gamer#3508
2018-04-27 17:30:09 Member role remove: The 'lol' role was removed from @Jad_Gamer#3508
2018-04-27 17:30:46 Member role remove: The 'otaku' role was removed from @Jad_Gamer#3508
2018-04-27 17:36:47 Member role add: 'AntiCheat-System' role was added to @LordkiritokunMC#8450
2018-04-27 17:43:42 Channel created: to-get-mod-rank
2018-04-27 17:43:53 Role position: 'Jad_Gamer' changed from 1 to 2
2018-04-27 17:43:53 Role position: 'AntiCheat-System' changed from 2 to 3
2018-04-27 17:43:53 Role position: 'new role' changed from 3 to 4
2018-04-27 17:43:53 Role renamed: 'Moderator' to 'Mod'
2018-04-27 17:44:10 Channel overwrites: to-get-mod-rank (439481785324273694): role Manager (439416528564125706) added with values 0, 0
2018-04-27 17:47:02 Member role remove: The '🌟 * Dev * 🌟' role was removed from @SpeedMC#4421
2018-04-27 17:47:06 Member role add: '🌟 * Dev * 🌟' role was added to @SpeedMC#4421
2018-04-27 18:06:54 Role mentionable: 'AntiCheat-System' is now mentionable
2018-04-27 18:06:54 Role hoist: 'AntiCheat-System' is now shown seperately
2018-04-27 18:06:54 Role mentionable: 'VİP' is now mentionable
2018-04-27 18:06:54 Role hoist: 'VİP' is now shown seperately
2018-04-27 18:06:54 Role mentionable: 'VİP+' is now mentionable
2018-04-27 18:06:54 Role hoist: 'VİP+' is now shown seperately
2018-04-27 18:23:37 Member role remove: The 'Owner' role was removed from @Mohamed_Art20YT#3958
2018-04-27 18:27:50 Member role add: 'Owner' role was added to @Mohamed_Art20YT#3958
2018-04-27 18:28:56 Member role add: 'Mod' role was added to @Mohamed_Art20YT#3958
2018-04-27 18:28:56 Member role add: 'Manager' role was added to @Mohamed_Art20YT#3958
2018-04-27 18:28:56 Member role remove: The 'Mod' role was removed from @Mohamed_Art20YT#3958
2018-04-27 18:29:01 Member role add: 'Mod' role was added to @Mohamed_Art20YT#3958
2018-04-27 18:31:47 Member nickname: '@Dyno#3861' (id 155149108183695360) changed nickname from 'None' to 'Anti Spam-Bot'
2018-04-27 18:44:26 Member role add: 'MVP++' role was added to @hossam#3773
2018-04-27 18:44:26 Member role add: 'YOUTUBER' role was added to @hossam#3773
2018-04-27 18:44:26 Member role remove: The 'MVP++' role was removed from @hossam#3773
2018-04-27 18:44:33 Member role add: 'MVP++' role was added to @hossam#3773
2018-04-27 18:46:37 Member join: @PvPCraft#0625 (id 103607047383166976)
2018-04-27 18:46:37 Member role add: 'PvPCraft' role was added to @PvPCraft#0625
2018-04-27 18:46:37 Member role add: 'member' role was added to @PvPCraft#0625
2018-04-27 18:46:37 Role created: 'PvPCraft' (id 439497610219487243)
2018-04-27 18:46:37 Member role add: 'PvPCraft' role was added to @PvPCraft#0625
2018-04-27 18:46:37 Member role add: 'member' role was added to @PvPCraft#0625
2018-04-27 18:46:37 Member role add: 'member' role was added to @PvPCraft#0625
2018-04-27 18:46:49 Member role add: 'Bots' role was added to @PvPCraft#0625
2018-04-27 18:49:23 Member join: @Winter~#5063 (id 241768807276740608)
2018-04-27 18:49:23 Member role add: 'Winter~' role was added to @Winter~#5063
2018-04-27 18:49:23 Role created: 'Winter~' (id 439498312240857088)
2018-04-27 18:49:23 Member role add: 'Winter~' role was added to @Winter~#5063
2018-04-27 18:49:23 Member role add: 'member' role was added to @Winter~#5063
2018-04-27 18:49:34 Member role add: 'Bots' role was added to @Winter~#5063
2018-04-27 18:50:49 Member join: @RainbowBot#1853 (id 264193410141913088)
2018-04-27 18:50:49 Member role add: 'member' role was added to @RainbowBot#1853
2018-04-27 18:50:49 Member role add: 'member' role was added to @RainbowBot#1853
2018-04-27 18:50:59 Member role add: 'Bots' role was added to @RainbowBot#1853
2018-04-27 18:52:07 Member ban: @Winter~#5063 (id 241768807276740608)
2018-04-27 18:52:07 Role deleted: 'Winter~' (id 439498312240857088)
2018-04-27 18:52:07 Member leave: @Winter~#5063 (id 241768807276740608)
2018-04-27 18:54:02 Member role remove: The '🌟 * Dev * 🌟' role was removed from @Mohamed_Art20YT#3958
2018-04-27 18:54:05 Member role remove: The 'Owner' role was removed from @Mohamed_Art20YT#3958
2018-04-27 21:07:13 Member role add: '🌟 * Dev * 🌟' role was added to @Mohamed_Art20YT#3958
2018-04-27 21:07:32 Member role add: 'Owner' role was added to @Mohamed_Art20YT#3958
2018-04-27 21:12:47 Member role remove: The 'AntiCheat-System' role was removed from @LordkiritokunMC#8450
2018-04-27 22:09:51 Member role add: 'Owner' role was added to @LordkiritokunMC#8450
2018-04-28 12:30:49 Role permissions: 'PvPCraft' changed from 1073216575 to 1073216639
2018-04-28 12:30:49 Role position: 'PvPCraft' changed from 1 to 2
2018-04-28 12:30:49 Role position: 'GiveawayBot' changed from 1 to 3
2018-04-28 12:30:49 Role position: 'Jad_Gamer' changed from 2 to 4
2018-04-28 12:30:49 Role position: 'AntiCheat-System' changed from 3 to 5
2018-04-28 12:30:49 Role position: 'new role' changed from 4 to 6
2018-04-28 12:30:49 Role position: 'lol' changed from 5 to 7
2018-04-28 12:30:49 Role position: 'Mohamed_Art20YT' changed from 6 to 8
2018-04-28 12:30:49 Role position: 'LordkiriritokunMC' changed from 7 to 9
2018-04-28 12:30:49 Role position: 'HosseinMinecraft' changed from 8 to 10
2018-04-28 12:30:49 Role position: 'SpeedMC' changed from 9 to 11
2018-04-28 12:30:49 Role position: 'otaku' changed from 10 to 12
2018-04-28 12:30:49 Role position: 'Dyno' changed from 11 to 13
2018-04-28 12:30:49 Role position: 'Tatsumaki' changed from 12 to 14
2018-04-28 12:30:49 Role position: 'Rythm' changed from 13 to 15
2018-04-28 12:30:49 Role position: 'member' changed from 14 to 16
2018-04-28 12:30:49 Role position: 'Bots' changed from 15 to 17
2018-04-28 12:30:49 Role position: 'ProBot ✨' changed from 16 to 18
2018-04-28 12:30:49 Role position: 'VİP' changed from 17 to 19
2018-04-28 12:30:49 Role position: 'VİP+' changed from 18 to 20
2018-04-28 12:30:49 Role position: 'MVP' changed from 19 to 21
2018-04-28 12:30:49 Role position: 'MVP+' changed from 20 to 22
2018-04-28 12:30:49 Role position: 'MVP++' changed from 21 to 23
2018-04-28 12:30:49 Role position: 'YOUTUBER' changed from 22 to 24
2018-04-28 12:30:49 Role position: 'Mod' changed from 23 to 25
2018-04-28 12:30:49 Role position: 'Manager' changed from 24 to 26
2018-04-28 12:30:49 Role position: 'Admin' changed from 25 to 27
2018-04-28 12:30:49 Role position: 'Co-Owner' changed from 26 to 28
2018-04-28 12:30:49 Role position: '🌟 * Dev * 🌟' changed from 27 to 29
2018-04-28 12:30:49 Role position: 'Owner' changed from 28 to 30
2018-04-28 12:30:49 Role position: 'Synapse' changed from 29 to 31
2018-04-28 12:31:06 Role permissions: 'Bots' changed from 104324161 to 2146958585
2018-04-28 12:31:22 Role hoist: 'ProBot ✨' is now shown seperately
2018-04-28 12:31:34 Role mentionable: 'ProBot ✨' is now mentionable
2018-04-28 12:31:34 Role hoist: 'ProBot ✨' is no longer shown seperately
2018-04-28 12:44:37 Member role add: 'MVP++' role was added to @Master_GameOver 3arab#7074
2018-04-28 12:44:56 Channel overwrites: giveaway (439472203394973696): role Admin (439159773057908757) added with values 0, 0
2018-04-28 12:45:14 Channel overwrites: giveaway (439472203394973696): role Admin (439159773057908757) updated to values 805829713, 0 (was 0, 0)
2018-04-28 12:45:58 Role permissions: 'Mod' changed from 372752635 to 2117598459
2018-04-28 12:45:58 Role permissions: 'MVP++' changed from 104332353 to 104324161
2018-04-28 12:47:06 Role permissions: 'Mod' changed from 2117598459 to 2117598463
2018-04-28 12:47:06 Role permissions: 'Manager' changed from 2012740831 to 2146958559
2018-04-28 12:54:00 Member join: @_x4ImSGerYT|تركي  العتيـﮯبيـﮯ 🎀#9607 (id 337159059788791808)
2018-04-28 12:54:00 Member role add: 'new role' role was added to @_x4ImSGerYT|تركي  العتيـﮯبيـﮯ 🎀#9607
2018-04-28 12:54:00 Member role add: 'member' role was added to @_x4ImSGerYT|تركي  العتيـﮯبيـﮯ 🎀#9607
2018-04-28 12:54:00 Member role add: 'new role' role was added to @_x4ImSGerYT|تركي  العتيـﮯبيـﮯ 🎀#9607
2018-04-28 12:54:40 Member role add: 'Manager' role was added to @_x4ImSGerYT|تركي  العتيـﮯبيـﮯ 🎀#9607
2018-04-28 12:55:14 Role created: 'new role' (id 439771575416258560)
2018-04-28 12:55:45 Server region changed from us-central to eu-central
2018-04-28 12:56:24 Role position: 'Speed Bot' changed from 1 to 2
2018-04-28 12:56:24 Role position: 'PvPCraft' changed from 2 to 3
2018-04-28 12:56:24 Role position: 'GiveawayBot' changed from 3 to 4
2018-04-28 12:56:24 Role position: 'Jad_Gamer' changed from 4 to 5
2018-04-28 12:56:24 Role position: 'AntiCheat-System' changed from 5 to 6
2018-04-28 12:56:24 Role position: 'new role' changed from 6 to 7
2018-04-28 12:56:24 Role position: 'lol' changed from 7 to 8
2018-04-28 12:56:24 Role position: 'Mohamed_Art20YT' changed from 8 to 9
2018-04-28 12:56:24 Role position: 'LordkiriritokunMC' changed from 9 to 10
2018-04-28 12:56:24 Role position: 'HosseinMinecraft' changed from 10 to 11
2018-04-28 12:56:24 Role position: 'SpeedMC' changed from 11 to 12
2018-04-28 12:56:24 Role position: 'otaku' changed from 12 to 13
2018-04-28 12:56:24 Role position: 'Dyno' changed from 13 to 14
2018-04-28 12:56:24 Role position: 'Tatsumaki' changed from 14 to 15
2018-04-28 12:56:24 Role position: 'Rythm' changed from 15 to 16
2018-04-28 12:56:24 Role position: 'member' changed from 16 to 17
2018-04-28 12:56:24 Role position: 'Bots' changed from 17 to 18
2018-04-28 12:56:24 Role position: 'ProBot ✨' changed from 18 to 19
2018-04-28 12:56:24 Role position: 'VİP' changed from 19 to 20
2018-04-28 12:56:24 Role position: 'VİP+' changed from 20 to 21
2018-04-28 12:56:24 Role position: 'MVP' changed from 21 to 22
2018-04-28 12:56:24 Role position: 'MVP+' changed from 22 to 23
2018-04-28 12:56:24 Role position: 'MVP++' changed from 23 to 24
2018-04-28 12:56:24 Role position: 'YOUTUBER' changed from 24 to 25
2018-04-28 12:56:24 Role position: 'Mod' changed from 25 to 26
2018-04-28 12:56:24 Role position: 'Manager' changed from 26 to 27
2018-04-28 12:56:24 Role position: 'Admin' changed from 27 to 28
2018-04-28 12:56:24 Role position: 'Co-Owner' changed from 28 to 29
2018-04-28 12:56:24 Role position: '🌟 * Dev * 🌟' changed from 29 to 30
2018-04-28 12:56:24 Role position: 'Owner' changed from 30 to 31
2018-04-28 12:56:24 Role position: 'Synapse' changed from 31 to 32
2018-04-28 12:56:26 Role renamed: 'new role' to 'Builder'
2018-04-28 12:56:26 Role color: 'new role' changed from #000000 to #357704
2018-04-28 12:56:26 Role mentionable: 'Builder' is now mentionable
2018-04-28 12:56:26 Role hoist: 'Builder' is now shown seperately
2018-04-28 12:56:26 Role permissions: 'new role' changed from 104324161 to 121109577
2018-04-28 12:56:32 Role position: 'Speed Bot' changed from 2 to 1
2018-04-28 12:56:32 Role position: 'PvPCraft' changed from 3 to 2
2018-04-28 12:56:32 Role position: 'GiveawayBot' changed from 4 to 3
2018-04-28 12:56:32 Role position: 'Jad_Gamer' changed from 5 to 4
2018-04-28 12:56:32 Role position: 'AntiCheat-System' changed from 6 to 5
2018-04-28 12:56:32 Role position: 'new role' changed from 7 to 6
2018-04-28 12:56:32 Role position: 'lol' changed from 8 to 7
2018-04-28 12:56:32 Role position: 'Mohamed_Art20YT' changed from 9 to 8
2018-04-28 12:56:32 Role position: 'LordkiriritokunMC' changed from 10 to 9
2018-04-28 12:56:32 Role position: 'HosseinMinecraft' changed from 11 to 10
2018-04-28 12:56:32 Role position: 'SpeedMC' changed from 12 to 11
2018-04-28 12:56:32 Role position: 'otaku' changed from 13 to 12
2018-04-28 12:56:32 Role position: 'Dyno' changed from 14 to 13
2018-04-28 12:56:32 Role position: 'Tatsumaki' changed from 15 to 14
2018-04-28 12:56:32 Role position: 'Rythm' changed from 16 to 15
2018-04-28 12:56:32 Role position: 'member' changed from 17 to 16
2018-04-28 12:56:32 Role position: 'Bots' changed from 18 to 17
2018-04-28 12:56:32 Role position: 'ProBot ✨' changed from 19 to 18
2018-04-28 12:56:32 Role position: 'VİP' changed from 20 to 19
2018-04-28 12:56:32 Role position: 'VİP+' changed from 21 to 20
2018-04-28 12:56:32 Role position: 'MVP' changed from 22 to 21
2018-04-28 12:56:32 Role position: 'MVP+' changed from 23 to 22
2018-04-28 12:56:32 Role position: 'MVP++' changed from 24 to 23
2018-04-28 12:56:32 Role position: 'YOUTUBER' changed from 25 to 24
2018-04-28 12:56:32 Role position: 'Builder' changed from 1 to 25
2018-04-28 12:56:40 Member role add: 'Builder' role was added to @_x4ImSGerYT|تركي  العتيـﮯبيـﮯ 🎀#9607
2018-04-28 12:56:41 Member role remove: The 'Manager' role was removed from @_x4ImSGerYT|تركي  العتيـﮯبيـﮯ 🎀#9607
2018-04-28 12:56:43 Member role add: 'YOUTUBER' role was added to @_x4ImSGerYT|تركي  العتيـﮯبيـﮯ 🎀#9607
2018-04-28 12:56:43 Member role add: 'MVP++' role was added to @_x4ImSGerYT|تركي  العتيـﮯبيـﮯ 🎀#9607
2018-04-28 12:56:59 Member role add: 'MVP+' role was added to @_x4ImSGerYT|تركي  العتيـﮯبيـﮯ 🎀#9607
2018-04-28 12:56:59 Member role add: 'VİP' role was added to @_x4ImSGerYT|تركي  العتيـﮯبيـﮯ 🎀#9607
2018-04-28 12:56:59 Member role add: 'VİP+' role was added to @_x4ImSGerYT|تركي  العتيـﮯبيـﮯ 🎀#9607
2018-04-28 12:56:59 Member role add: 'MVP' role was added to @_x4ImSGerYT|تركي  العتيـﮯبيـﮯ 🎀#9607
2018-04-28 12:56:59 Member role add: 'VİP' role was added to @_x4ImSGerYT|تركي  العتيـﮯبيـﮯ 🎀#9607
2018-04-28 12:56:59 Member role add: 'VİP+' role was added to @_x4ImSGerYT|تركي  العتيـﮯبيـﮯ 🎀#9607
2018-04-28 12:56:59 Member role add: 'VİP' role was added to @_x4ImSGerYT|تركي  العتيـﮯبيـﮯ 🎀#9607
2018-04-28 12:56:59 Member role add: 'Bots' role was added to @_x4ImSGerYT|تركي  العتيـﮯبيـﮯ 🎀#9607
2018-04-28 12:57:00 Member role add: 'otaku' role was added to @_x4ImSGerYT|تركي  العتيـﮯبيـﮯ 🎀#9607
2018-04-28 12:57:00 Member role add: 'Mohamed_Art20YT' role was added to @_x4ImSGerYT|تركي  العتيـﮯبيـﮯ 🎀#9607
2018-04-28 12:57:00 Member role remove: The 'Mohamed_Art20YT' role was removed from @_x4ImSGerYT|تركي  العتيـﮯبيـﮯ 🎀#9607
2018-04-28 12:57:00 Member role add: 'lol' role was added to @_x4ImSGerYT|تركي  العتيـﮯبيـﮯ 🎀#9607
2018-04-28 12:57:55 Member role add: 'Mod' role was added to @_x4ImSGerYT|تركي  العتيـﮯبيـﮯ 🎀#9607
2018-04-28 12:58:37 Server name changed from Hosseinxcraft to HosseinxcraftxD
2018-04-28 12:58:43 Server name changed from HosseinxcraftxD to Hosseinxcraft
2018-04-28 12:58:56 Role permissions: 'Mod' changed from 2117598463 to 2117598295
2018-04-28 12:59:10 Member role remove: The 'Mod' role was removed from @_x4ImSGerYT|تركي  العتيـﮯبيـﮯ 🎀#9607
2018-04-28 12:59:28 Member role remove: The 'Mod' role was removed from @hossam#3773
2018-04-28 13:00:16 Member role add: 'Builder' role was added to @hossam#3773
2018-04-28 13:01:18 Member role remove: The 'Builder' role was removed from @_x4ImSGerYT|تركي  العتيـﮯبيـﮯ 🎀#9607
2018-04-28 13:01:19 Member role remove: The 'YOUTUBER' role was removed from @_x4ImSGerYT|تركي  العتيـﮯبيـﮯ 🎀#9607
2018-04-28 13:01:19 Member role remove: The 'MVP++' role was removed from @_x4ImSGerYT|تركي  العتيـﮯبيـﮯ 🎀#9607
2018-04-28 13:01:20 Member role remove: The 'MVP+' role was removed from @_x4ImSGerYT|تركي  العتيـﮯبيـﮯ 🎀#9607
2018-04-28 13:01:21 Member role remove: The 'MVP' role was removed from @_x4ImSGerYT|تركي  العتيـﮯبيـﮯ 🎀#9607
2018-04-28 13:01:22 Member role remove: The 'VİP+' role was removed from @_x4ImSGerYT|تركي  العتيـﮯبيـﮯ 🎀#9607
2018-04-28 13:01:22 Member role remove: The 'VİP' role was removed from @_x4ImSGerYT|تركي  العتيـﮯبيـﮯ 🎀#9607
2018-04-28 13:01:23 Member role remove: The 'Bots' role was removed from @_x4ImSGerYT|تركي  العتيـﮯبيـﮯ 🎀#9607
2018-04-28 13:01:24 Member role remove: The 'member' role was removed from @_x4ImSGerYT|تركي  العتيـﮯبيـﮯ 🎀#9607
2018-04-28 13:01:24 Member role remove: The 'otaku' role was removed from @_x4ImSGerYT|تركي  العتيـﮯبيـﮯ 🎀#9607
2018-04-28 13:01:33 Member role add: 'AntiCheat-System' role was added to @_x4ImSGerYT|تركي  العتيـﮯبيـﮯ 🎀#9607
2018-04-28 13:01:46 Member role remove: The 'lol' role was removed from @_x4ImSGerYT|تركي  العتيـﮯبيـﮯ 🎀#9607
2018-04-28 13:01:47 Member role remove: The 'new role' role was removed from @_x4ImSGerYT|تركي  العتيـﮯبيـﮯ 🎀#9607
2018-04-28 13:02:41 Server region changed from eu-central to eu-west
2018-04-28 13:03:40 Role permissions: 'Mod' changed from 2117598295 to 238550087
2018-04-28 13:04:15 Member role add: 'Mod' role was added to @_x4ImSGerYT|تركي  العتيـﮯبيـﮯ 🎀#9607
2018-04-28 13:04:20 Member role remove: The 'AntiCheat-System' role was removed from @_x4ImSGerYT|تركي  العتيـﮯبيـﮯ 🎀#9607
2018-04-28 13:04:23 Member role add: 'VİP' role was added to @_x4ImSGerYT|تركي  العتيـﮯبيـﮯ 🎀#9607
2018-04-28 13:04:23 Member role add: 'VİP+' role was added to @_x4ImSGerYT|تركي  العتيـﮯبيـﮯ 🎀#9607
2018-04-28 13:04:24 Member role add: 'MVP' role was added to @_x4ImSGerYT|تركي  العتيـﮯبيـﮯ 🎀#9607
2018-04-28 13:04:24 Member role add: 'MVP+' role was added to @_x4ImSGerYT|تركي  العتيـﮯبيـﮯ 🎀#9607
2018-04-28 13:04:26 Member role add: 'MVP++' role was added to @_x4ImSGerYT|تركي  العتيـﮯبيـﮯ 🎀#9607
2018-04-28 13:04:27 Member role add: 'YOUTUBER' role was added to @_x4ImSGerYT|تركي  العتيـﮯبيـﮯ 🎀#9607
2018-04-28 13:04:27 Member role add: 'Builder' role was added to @_x4ImSGerYT|تركي  العتيـﮯبيـﮯ 🎀#9607
2018-04-28 13:05:03 Role permissions: 'YOUTUBER' changed from 104324329 to 104332361
2018-04-28 13:05:04 Role permissions: 'YOUTUBER' changed from 104332361 to 121109577
2018-04-28 13:05:16 Role permissions: 'MVP++' changed from 104324161 to 121101377
2018-04-28 13:05:22 Channel rename: support-rom renamed to support-room
2018-04-28 13:05:22 Channel topic: support-rom topic was set to ""
2018-04-28 13:06:13 Member role add: 'Jad_Gamer' role was added to @_x4ImSGerYT|تركي  العتيـﮯبيـﮯ 🎀#9607
2018-04-28 13:06:14 Member role remove: The 'Builder' role was removed from @_x4ImSGerYT|تركي  العتيـﮯبيـﮯ 🎀#9607
2018-04-28 13:06:14 Member role remove: The 'YOUTUBER' role was removed from @_x4ImSGerYT|تركي  العتيـﮯبيـﮯ 🎀#9607
2018-04-28 13:06:14 Member role remove: The 'Mod' role was removed from @_x4ImSGerYT|تركي  العتيـﮯبيـﮯ 🎀#9607
2018-04-28 13:06:15 Member role remove: The 'MVP+' role was removed from @_x4ImSGerYT|تركي  العتيـﮯبيـﮯ 🎀#9607
2018-04-28 13:06:15 Member role remove: The 'MVP++' role was removed from @_x4ImSGerYT|تركي  العتيـﮯبيـﮯ 🎀#9607
2018-04-28 13:06:15 Member role remove: The 'MVP+' role was removed from @_x4ImSGerYT|تركي  العتيـﮯبيـﮯ 🎀#9607
2018-04-28 13:06:15 Member role remove: The 'VİP' role was removed from @_x4ImSGerYT|تركي  العتيـﮯبيـﮯ 🎀#9607
2018-04-28 13:06:15 Member role remove: The 'VİP+' role was removed from @_x4ImSGerYT|تركي  العتيـﮯبيـﮯ 🎀#9607
2018-04-28 13:06:16 Member role remove: The 'MVP' role was removed from @_x4ImSGerYT|تركي  العتيـﮯبيـﮯ 🎀#9607
2018-04-28 13:06:22 Member role remove: The 'Jad_Gamer' role was removed from @_x4ImSGerYT|تركي  العتيـﮯبيـﮯ 🎀#9607
2018-04-28 13:06:47 Role permissions: 'VİP+' changed from 775412833 to 775412801
2018-04-28 13:07:01 Role permissions: 'VİP+' changed from 775412801 to 775420993
2018-04-28 13:07:29 Role permissions: 'VİP' changed from 104324161 to 104332353
2018-04-28 13:07:30 Member role add: 'VİP+' role was added to @_x4ImSGerYT|تركي  العتيـﮯبيـﮯ 🎀#9607
2018-04-28 13:07:31 Member role add: 'VİP' role was added to @_x4ImSGerYT|تركي  العتيـﮯبيـﮯ 🎀#9607
2018-04-28 13:07:58 Member role add: 'Mod' role was added to @hossam#3773
2018-04-28 13:11:50 Member role remove: The 'VİP+' role was removed from @_x4ImSGerYT|تركي  العتيـﮯبيـﮯ 🎀#9607
2018-04-28 13:11:51 Member role remove: The 'VİP' role was removed from @_x4ImSGerYT|تركي  العتيـﮯبيـﮯ 🎀#9607
2018-04-28 13:11:54 Member role add: 'Mod' role was added to @_x4ImSGerYT|تركي  العتيـﮯبيـﮯ 🎀#9607
2018-04-28 13:15:22 Member role add: 'Manager' role was added to @_x4ImSGerYT|تركي  العتيـﮯبيـﮯ 🎀#9607
2018-04-28 13:23:38 Channel created: Youtube
2018-04-28 13:24:23 Channel overwrites: YOUTUBE (439443940345774081): role @everyone (435823315039551488) updated to values 6291456, 0 (was 0, 1048576)
2018-04-28 13:24:49 Channel deleted: Youtube
2018-04-28 15:06:15 Channel overwrites: anti-cheat-system (439445279515738123): role 🌟 * Dev * 🌟 (439165528003575809) added with values 0, 0
2018-04-28 15:08:49 Role color: 'Admin' changed from #fc3b3b to #ee4848
2018-04-28 15:08:50 Member role add: 'Admin' role was added to @_x4ImSGerYT|تركي  العتيـﮯبيـﮯ 🎀#9607
2018-04-28 15:08:54 Member role remove: The 'Admin' role was removed from @_x4ImSGerYT|تركي  العتيـﮯبيـﮯ 🎀#9607
2018-04-28 15:08:55 Member role add: 'Builder' role was added to @_x4ImSGerYT|تركي  العتيـﮯبيـﮯ 🎀#9607
2018-04-28 15:08:56 Member role add: 'YOUTUBER' role was added to @_x4ImSGerYT|تركي  العتيـﮯبيـﮯ 🎀#9607
2018-04-28 15:08:56 Member role add: 'MVP+' role was added to @_x4ImSGerYT|تركي  العتيـﮯبيـﮯ 🎀#9607
2018-04-28 15:08:57 Member role add: 'MVP++' role was added to @_x4ImSGerYT|تركي  العتيـﮯبيـﮯ 🎀#9607
2018-04-28 15:08:57 Member role add: 'MVP' role was added to @_x4ImSGerYT|تركي  العتيـﮯبيـﮯ 🎀#9607
2018-04-28 15:08:59 Member role add: 'VİP+' role was added to @_x4ImSGerYT|تركي  العتيـﮯبيـﮯ 🎀#9607
2018-04-28 15:09:00 Member role add: 'VİP' role was added to @_x4ImSGerYT|تركي  العتيـﮯبيـﮯ 🎀#9607
2018-04-28 15:09:01 Member role add: 'FRIEND' role was added to @_x4ImSGerYT|تركي  العتيـﮯبيـﮯ 🎀#9607
2018-04-28 15:09:02 Member role add: 'Bots' role was added to @_x4ImSGerYT|تركي  العتيـﮯبيـﮯ 🎀#9607
2018-04-28 15:09:03 Member role remove: The 'Bots' role was removed from @_x4ImSGerYT|تركي  العتيـﮯبيـﮯ 🎀#9607
2018-04-28 15:10:29 Member role add: 'Co-Owner' role was added to @ProBot ✨#5803
2018-04-28 15:10:46 Member role remove: The 'Co-Owner' role was removed from @ProBot ✨#5803
2018-04-28 15:11:44 Role position: 'lol' changed from 7 to 6
2018-04-28 15:11:44 Role position: 'Mohamed_Art20YT' changed from 8 to 7
2018-04-28 15:11:44 Role position: 'LordkiriritokunMC' changed from 9 to 8
2018-04-28 15:11:44 Role position: 'HosseinMinecraft' changed from 10 to 9
2018-04-28 15:11:44 Role position: 'SpeedMC' changed from 11 to 10
2018-04-28 15:11:44 Role position: 'ProBot ✨' changed from 12 to 11
2018-04-28 15:11:44 Role position: 'otaku' changed from 13 to 12
2018-04-28 15:11:44 Role position: 'Dyno' changed from 14 to 13
2018-04-28 15:11:44 Role position: 'Tatsumaki' changed from 15 to 14
2018-04-28 15:11:44 Role position: 'Rythm' changed from 16 to 15
2018-04-28 15:11:44 Role position: 'member' changed from 17 to 16
2018-04-28 15:11:44 Role position: 'new role' changed from 6 to 17
2018-04-28 15:11:44 Role renamed: 'new role' to 'Bots-Perms'
2018-04-28 15:11:44 Role color: 'new role' changed from #000000 to #3498db
2018-04-28 15:11:44 Role permissions: 'new role' changed from 104324161 to 2146958591
2018-04-28 15:11:56 Member role add: 'Bots-Perms' role was added to @Dyno#3861
2018-04-28 15:12:02 Member role add: 'Bots-Perms' role was added to @ProBot ✨#5803
2018-04-28 15:12:07 Member role add: 'Bots-Perms' role was added to @GiveawayBot#2381
2018-04-28 15:12:08 Member role remove: The 'member' role was removed from @GiveawayBot#2381
2018-04-28 15:12:26 Member role add: 'Bots-Perms' role was added to @Rythm#3722
2018-04-28 15:12:26 Member role add: 'Bots-Perms' role was added to @Speed Bot#2155
2018-04-28 15:12:28 Member role add: 'Bots-Perms' role was added to @Synapse#0692
2018-04-28 15:12:34 Member role add: 'Bots-Perms' role was added to @Tatsumaki#8792
2018-04-28 15:13:43 Role position: 'Bots-Perms' changed from 17 to 16
2018-04-28 15:13:43 Role position: 'Bots' changed from 18 to 17
2018-04-28 15:13:43 Role position: 'member' changed from 16 to 18
2018-04-28 15:14:07 Member role add: 'Mohamed_Art20YT' role was added to @ProBot ✨#5803
2018-04-28 15:16:17 Channel position: YOUTUBE moved from 2 to 1
2018-04-28 15:16:17 Channel position: SPEEDXCRAFT moved from 1 to 2
2018-04-28 15:16:17 Channel position: Music moved from 4 to 3
2018-04-28 15:16:17 Channel position: AFK moved from 5 to 4
2018-04-28 15:16:27 Channel created: CUBECRAFT
2018-04-28 15:16:39 Channel created: HYPIXEL
2018-04-28 15:16:55 Channel created: DUSTMC
2018-04-28 15:17:18 Channel created: OTHER-SERVERS
2018-04-28 15:18:56 Channel rename: Voice renamed to ========Voice========
2018-04-28 15:19:19 Channel rename: Welcome renamed to =======GENERAL=======
2018-04-28 15:19:42 Channel rename: Rols renamed to =======Rols=======
2018-04-28 15:19:43 Channel rename: Music renamed to =======Music=======
2018-04-28 15:19:52 Channel rename: Support Channel renamed to =======Support Channel=======
2018-04-28 15:20:32 Channel rename: support-room renamed to support-text-1
2018-04-28 15:20:40 Channel created: support-text-2
2018-04-28 15:20:54 Channel created: support-text-3
2018-04-28 15:21:08 Channel created: support-voice-1
2018-04-28 15:21:14 Channel created: support-voice-2
2018-04-28 15:21:20 Channel created: support-voice-3
2018-04-28 15:23:27 Member join: @LePerlie_#4953 (id 404300291752722434)
2018-04-28 15:23:27 Member role add: 'Bots-Perms' role was added to @LePerlie_#4953
2018-04-28 15:24:08 Member role add: 'MVP++' role was added to @LePerlie_#4953
2018-04-28 15:26:58 Member role remove: The 'member' role was removed from @Dyno#3861
2018-04-28 15:27:20 Member role remove: The 'member' role was removed from @Speed Bot#2155
2018-04-28 15:28:56 Member role add: 'YOUTUBER' role was added to @LePerlie_#4953
2018-04-28 15:28:56 Member role remove: The 'MVP++' role was removed from @LePerlie_#4953
2018-04-28 15:31:23 Channel overwrites: to-get-mod-rank (439481785324273694): role @everyone (435823315039551488) added with values 268435472, 0
2018-04-28 15:31:33 Channel overwrites: to-get-youtuber-rank (439446501937119232): role @everyone (435823315039551488) updated to values 268435472, 0 (was 0, 0)
2018-04-28 15:31:47 Role permissions: 'YOUTUBER' changed from 121109577 to 121109569
2018-04-28 15:31:54 Member role add: 'Bots' role was added to @LePerlie_#4953
2018-04-28 15:31:55 Member role remove: The 'Bots' role was removed from @LePerlie_#4953
2018-04-28 15:32:17 Member role add: 'MVP+' role was added to @LePerlie_#4953
2018-04-28 15:32:17 Member role add: 'MVP++' role was added to @LePerlie_#4953
2018-04-28 15:32:17 Member role add: 'MVP+' role was added to @LePerlie_#4953
2018-04-28 15:32:17 Member role remove: The 'MVP+' role was removed from @LePerlie_#4953
2018-04-28 15:32:17 Member role remove: The 'MVP++' role was removed from @LePerlie_#4953
2018-04-28 15:32:17 Member role add: 'VİP+' role was added to @LePerlie_#4953
2018-04-28 15:32:17 Member role remove: The 'VİP+' role was removed from @LePerlie_#4953
2018-04-28 15:33:31 Role permissions: 'YOUTUBER' changed from 121109569 to 120790081
2018-04-28 15:34:09 Member nickname: '@LePerlie_#4953' (id 404300291752722434) changed nickname from 'None' to 'xD'
2018-04-28 15:34:19 Member nickname: '@LePerlie_#4953' (id 404300291752722434) changed nickname from 'xD' to 'None'
2018-04-28 15:34:44 Member role add: 'Manager' role was added to @LePerlie_#4953
2018-04-28 15:35:28 Role color: 'lol' changed from #3498db to #2ecc71
2018-04-28 15:35:58 Role color: 'lol' changed from #2ecc71 to #3498db
2018-04-28 15:35:58 Member role remove: The 'YOUTUBER' role was removed from @LePerlie_#4953
2018-04-28 15:36:33 Member role remove: The 'Manager' role was removed from @LePerlie_#4953
2018-04-28 15:36:33 Member role add: 'Mod' role was added to @LePerlie_#4953
2018-04-28 15:37:29 Role permissions: 'YOUTUBER' changed from 120790081 to 120659009
2018-04-28 15:37:32 Role permissions: 'Mod' changed from 238550087 to 104274951
2018-04-28 15:39:45 Member join: @بوت العرب#8510 (id 427519535017492480)
2018-04-28 15:39:45 Member role add: 'بوت العرب' role was added to @بوت العرب#8510
2018-04-28 15:39:45 Role created: 'بوت العرب' (id 439812919329292299)
2018-04-28 15:39:45 Member role add: 'بوت العرب' role was added to @بوت العرب#8510
2018-04-28 15:39:58 Member role add: 'Bots' role was added to @بوت العرب#8510
2018-04-28 15:39:59 Member role add: 'Bots-Perms' role was added to @بوت العرب#8510
2018-04-28 15:40:24 Role permissions: 'Mod' changed from 104274951 to 372710415
2018-04-28 15:41:49 Channel created: bot-commands
2018-04-28 15:41:53 Channel position: bot-commands moved from 15 to 0
2018-04-28 15:41:53 Channel position: welcome moved from 0 to 1
2018-04-28 15:41:53 Channel position: new moved from 1 to 2
2018-04-28 15:41:53 Channel position: screenshot moved from 2 to 3
2018-04-28 15:41:53 Channel position: reports moved from 3 to 4
2018-04-28 15:41:53 Channel position: anti-cheat-system moved from 4 to 5
2018-04-28 15:41:53 Channel position: giveaway moved from 5 to 6
2018-04-28 15:41:53 Channel position: photo moved from 6 to 7
2018-04-28 15:41:53 Channel position: chat moved from 7 to 8
2018-04-28 15:41:53 Channel position: to-get-youtuber-rank moved from 8 to 9
2018-04-28 15:41:53 Channel position: to-get-mod-rank moved from 12 to 10
2018-04-28 15:41:53 Channel position: support-message moved from 9 to 12
2018-04-28 15:41:53 Channel position: support-text-1 moved from 10 to 13
2018-04-28 15:41:53 Channel position: support-text-2 moved from 13 to 14
2018-04-28 15:41:53 Channel position: support-text-3 moved from 14 to 15
2018-04-28 15:41:58 Channel position: welcome moved from 1 to 0
2018-04-28 15:41:58 Channel position: new moved from 2 to 1
2018-04-28 15:41:58 Channel position: screenshot moved from 3 to 2
2018-04-28 15:41:58 Channel position: reports moved from 4 to 3
2018-04-28 15:41:58 Channel position: anti-cheat-system moved from 5 to 4
2018-04-28 15:41:58 Channel position: giveaway moved from 6 to 5
2018-04-28 15:41:58 Channel position: photo moved from 7 to 6
2018-04-28 15:41:58 Channel position: chat moved from 8 to 7
2018-04-28 15:41:58 Channel position: bot-commands moved from 0 to 8
2018-04-28 15:42:16 Channel created: ======CMDS-Commands=====
2018-04-28 15:42:23 Channel position: ======CMDS-Commands===== moved from 6 to 4
2018-04-28 15:42:23 Channel position: =======Support Channel======= moved from 4 to 5
2018-04-28 15:42:23 Channel position: AFK moved from 5 to 6
2018-04-28 15:42:23 Channel position: CUBECRAFT moved from 5 to 3
2018-04-28 15:42:23 Channel position: HYPIXEL moved from 6 to 4
2018-04-28 15:42:23 Channel position: DUSTMC moved from 7 to 5
2018-04-28 15:42:23 Channel position: OTHER-SERVERS moved from 8 to 6
2018-04-28 15:42:23 Channel position: Music moved from 3 to 7
2018-04-28 15:42:23 Channel position: support-voice-1 moved from 9 to 8
2018-04-28 15:42:23 Channel position: support-voice-2 moved from 10 to 9
2018-04-28 15:42:23 Channel position: support-voice-3 moved from 11 to 10
2018-04-28 15:42:23 Channel position: AFK moved from 4 to 11
2018-04-28 15:42:28 Channel position: ======CMDS-Commands===== moved from 4 to 3
2018-04-28 15:42:28 Channel position: =======Music======= moved from 3 to 4
2018-04-28 15:42:42 Channel deleted: ======CMDS-Commands=====
2018-04-28 15:43:32 Member nickname: '@بوت العرب#8510' (id 427519535017492480) changed nickname from 'None' to 'فعاليات'
2018-04-28 15:44:45 Role created: 'new role' (id 439814198751657985)
2018-04-28 15:44:45 Role created: 'new role' (id 439814205454155777)
2018-04-28 15:45:15 Role renamed: 'new role' to 'Manage-Message-Bot'
2018-04-28 15:45:15 Role color: 'new role' changed from #000000 to #493a00
2018-04-28 15:45:25 Role position: 'بوت العرب' changed from 3 to 2
2018-04-28 15:45:25 Role position: 'new role' changed from 4 to 3
2018-04-28 15:45:25 Role position: 'Speed Bot' changed from 5 to 4
2018-04-28 15:45:25 Role position: 'GiveawayBot' changed from 6 to 5
2018-04-28 15:45:25 Role position: 'Jad_Gamer' changed from 7 to 6
2018-04-28 15:45:25 Role position: 'AntiCheat-System' changed from 8 to 7
2018-04-28 15:45:25 Role position: 'lol' changed from 9 to 8
2018-04-28 15:45:25 Role position: 'Mohamed_Art20YT' changed from 10 to 9
2018-04-28 15:45:25 Role position: 'LordkiriritokunMC' changed from 11 to 10
2018-04-28 15:45:25 Role position: 'HosseinMinecraft' changed from 12 to 11
2018-04-28 15:45:25 Role position: 'SpeedMC' changed from 13 to 12
2018-04-28 15:45:25 Role position: 'Manage-Message-Bot' changed from 2 to 13
2018-04-28 15:46:39 Role position: 'ProBot ✨' changed from 14 to 13
2018-04-28 15:46:39 Role position: 'otaku' changed from 15 to 14
2018-04-28 15:46:39 Role position: 'Dyno' changed from 16 to 15
2018-04-28 15:46:39 Role position: 'Tatsumaki' changed from 17 to 16
2018-04-28 15:46:39 Role position: 'Rythm' changed from 18 to 17
2018-04-28 15:46:39 Role position: 'Bots-Perms' changed from 19 to 18
2018-04-28 15:46:39 Role position: 'Bots' changed from 20 to 19
2018-04-28 15:46:39 Role position: 'member' changed from 21 to 20
2018-04-28 15:46:39 Role position: 'FRIEND' changed from 22 to 21
2018-04-28 15:46:39 Role position: 'VİP' changed from 23 to 22
2018-04-28 15:46:39 Role position: 'VİP+' changed from 24 to 23
2018-04-28 15:46:39 Role position: 'MVP' changed from 25 to 24
2018-04-28 15:46:39 Role position: 'MVP+' changed from 26 to 25
2018-04-28 15:46:39 Role position: 'MVP++' changed from 27 to 26
2018-04-28 15:46:39 Role position: 'YOUTUBER' changed from 28 to 27
2018-04-28 15:46:39 Role position: 'Manage-Message-Bot' changed from 13 to 28
2018-04-28 15:46:40 Role color: 'Manage-Message-Bot' changed from #493a00 to #ff5400
2018-04-28 15:47:13 Role mentionable: 'Manage-Message-Bot' is now mentionable
2018-04-28 15:47:13 Role permissions: 'Manage-Message-Bot' changed from 104324161 to 2117598457
2018-04-28 15:50:57 Member join: @ENDER TM#0736 (id 303458530730704896)
2018-04-28 15:50:57 Member role add: 'Bots-Perms' role was added to @ENDER TM#0736
2018-04-28 15:50:59 Member role add: 'Mod' role was added to @ENDER TM#0736
2018-04-28 15:52:12 Server name changed from Hosseinxcraft to Megaxcraft
2018-04-28 15:52:29 Member role add: 'Builder' role was added to @ENDER TM#0736
2018-04-28 15:52:32 Member role add: 'YOUTUBER' role was added to @ENDER TM#0736
2018-04-28 15:52:34 Member role remove: The 'Bots-Perms' role was removed from @ENDER TM#0736
2018-04-28 15:52:36 Member role add: 'Manage-Message-Bot' role was added to @ENDER TM#0736
2018-04-28 15:52:39 Member role add: 'MVP++' role was added to @ENDER TM#0736
2018-04-28 15:52:41 Member role add: 'MVP+' role was added to @ENDER TM#0736
2018-04-28 15:52:44 Member role add: 'FRIEND' role was added to @ENDER TM#0736
2018-04-28 15:52:46 Member role add: 'member' role was added to @ENDER TM#0736
2018-04-28 15:52:48 Member role add: 'Bots-Perms' role was added to @ENDER TM#0736
2018-04-28 15:52:48 Member role remove: The 'member' role was removed from @ENDER TM#0736
2018-04-28 15:52:51 Member role add: 'Bots' role was added to @ENDER TM#0736
2018-04-28 15:52:53 Member role add: 'VİP' role was added to @ENDER TM#0736
2018-04-28 15:52:54 Member role add: 'HosseinMinecraft' role was added to @ENDER TM#0736
2018-04-28 15:52:57 Member role add: 'LordkiriritokunMC' role was added to @ENDER TM#0736
2018-04-28 15:52:59 Member role remove: The 'HosseinMinecraft' role was removed from @ENDER TM#0736
2018-04-28 15:53:00 Member role remove: The 'LordkiriritokunMC' role was removed from @ENDER TM#0736
2018-04-28 15:53:00 Member role add: 'HosseinMinecraft' role was added to @ENDER TM#0736
2018-04-28 15:53:00 Member role add: 'LordkiriritokunMC' role was added to @ENDER TM#0736
2018-04-28 15:53:00 Member role add: 'Mohamed_Art20YT' role was added to @ENDER TM#0736
2018-04-28 15:53:03 Member role remove: The 'Mohamed_Art20YT' role was removed from @ENDER TM#0736
2018-04-28 15:53:03 Member role remove: The 'LordkiriritokunMC' role was removed from @ENDER TM#0736
2018-04-28 15:53:04 Member role remove: The 'HosseinMinecraft' role was removed from @ENDER TM#0736
2018-04-28 15:53:10 Member role add: 'MVP' role was added to @ENDER TM#0736
2018-04-28 15:53:27 Member role add: 'member' role was added to @ENDER TM#0736
2018-04-28 15:53:27 Member role add: 'VİP+' role was added to @ENDER TM#0736
2018-04-28 15:53:27 Member role remove: The 'member' role was removed from @ENDER TM#0736
2018-04-28 15:53:27 Member role add: 'Manage-Message-Bot' role was added to @ProBot ✨#5803
2018-04-28 15:53:28 Member role add: 'new role' role was added to @ENDER TM#0736
2018-04-28 15:53:28 Member role add: 'new role' role was added to @ENDER TM#0736
2018-04-28 15:53:29 Member role add: 'Jad_Gamer' role was added to @ENDER TM#0736
2018-04-28 15:53:33 Member role add: 'AntiCheat-System' role was added to @ENDER TM#0736
2018-04-28 15:53:35 Member role add: 'Mohamed_Art20YT' role was added to @ENDER TM#0736
2018-04-28 15:53:37 Member role add: 'lol' role was added to @ENDER TM#0736
2018-04-28 15:53:37 Member role remove: The 'Mohamed_Art20YT' role was removed from @ENDER TM#0736
2018-04-28 15:53:37 Role color: 'Manage-Message-Bot' changed from #ff5400 to #206694
2018-04-28 15:53:39 Member role add: 'HosseinMinecraft' role was added to @ENDER TM#0736
2018-04-28 15:53:41 Member role add: 'LordkiriritokunMC' role was added to @ENDER TM#0736
2018-04-28 15:53:42 Member role add: 'Mohamed_Art20YT' role was added to @ENDER TM#0736
2018-04-28 15:53:43 Role color: 'Manage-Message-Bot' changed from #206694 to #3498db
2018-04-28 15:53:44 Member role add: 'otaku' role was added to @ENDER TM#0736
2018-04-28 15:53:47 Member role add: 'member' role was added to @ENDER TM#0736
2018-04-28 15:53:49 Member role add: 'SpeedMC' role was added to @ENDER TM#0736
2018-04-28 15:58:31 Channel deleted: YOUTUBE
2018-04-28 15:58:33 Channel created: YOUTUBE
2018-04-28 15:58:34 Channel position: YOUTUBE moved from 12 to 1
2018-04-28 16:02:23 Member join: @"MR.AlaaOffical"#5891 (id 414306564376363008)
2018-04-28 16:02:23 Member role add: 'Bots-Perms' role was added to @"MR.AlaaOffical"#5891
2018-04-28 16:02:23 Member role add: 'member' role was added to @"MR.AlaaOffical"#5891
2018-04-28 16:02:23 Member role add: 'Bots-Perms' role was added to @"MR.AlaaOffical"#5891
2018-04-28 16:03:18 Member role add: 'VİP' role was added to @"MR.AlaaOffical"#5891
2018-04-28 16:04:55 Role renamed: 'member' to 'Memeber'
2018-04-28 16:04:55 Role color: 'member' changed from #277aa0 to #4eabdb
2018-04-28 16:27:31 Member join: @fayssal jn#8039 (id 404020446443470849)
2018-04-28 16:27:31 Member role add: 'Bots-Perms' role was added to @fayssal jn#8039
2018-04-28 16:27:31 Member role add: 'Bots-Perms' role was added to @fayssal jn#8039
2018-04-28 16:27:31 Member role add: 'Memeber' role was added to @fayssal jn#8039
2018-04-28 16:27:35 Member role add: 'VİP+' role was added to @fayssal jn#8039
2018-04-28 16:27:36 Member role add: 'VİP' role was added to @fayssal jn#8039
2018-04-28 16:27:37 Member role remove: The 'VİP+' role was removed from @fayssal jn#8039
2018-04-28 16:31:21 Member join: @MeeV_#8601 (id 376340704986791947)
2018-04-28 16:31:21 Member role add: 'Bots-Perms' role was added to @MeeV_#8601
2018-04-28 16:31:21 Member role add: 'Memeber' role was added to @MeeV_#8601
2018-04-28 16:31:21 Member role add: 'Bots-Perms' role was added to @MeeV_#8601
2018-04-28 16:31:21 Member role add: 'Memeber' role was added to @MeeV_#8601
2018-04-28 16:31:21 Member role add: 'Bots-Perms' role was added to @MeeV_#8601
2018-04-28 16:32:46 Member role add: 'Mohamed_Art20YT' role was added to @HosseinMinecraft#3424
2018-04-28 16:32:53 Member role add: 'VİP' role was added to @MeeV_#8601
2018-04-28 16:32:55 Member role remove: The 'Bots-Perms' role was removed from @MeeV_#8601
2018-04-28 16:33:18 Member role remove: The 'Bots-Perms' role was removed from @Dyno#3861
2018-04-28 16:33:18 Member role remove: The 'Bots-Perms' role was removed from @Tatsumaki#8792
2018-04-28 16:33:18 Member role remove: The 'Bots-Perms' role was removed from @Rythm#3722
2018-04-28 16:33:18 Member role remove: The 'Bots-Perms' role was removed from @ProBot ✨#5803
2018-04-28 16:33:18 Member role remove: The 'Bots-Perms' role was removed from @GiveawayBot#2381
2018-04-28 16:33:18 Member role remove: The 'Bots-Perms' role was removed from @ENDER TM#0736
2018-04-28 16:33:18 Member role remove: The 'Bots-Perms' role was removed from @Speed Bot#2155
2018-04-28 16:33:18 Member role remove: The 'Bots-Perms' role was removed from @fayssal jn#8039
2018-04-28 16:33:18 Member role remove: The 'Bots-Perms' role was removed from @LePerlie_#4953
2018-04-28 16:33:18 Member role remove: The 'Bots-Perms' role was removed from @"MR.AlaaOffical"#5891
2018-04-28 16:33:18 Member role remove: The 'Bots-Perms' role was removed from @بوت العرب#8510
2018-04-28 16:33:18 Member role remove: The 'Bots-Perms' role was removed from @Synapse#0692
2018-04-28 16:33:18 Role deleted: 'Bots-Perms' (id 439389451282808843)
2018-04-28 16:35:08 Member join: @! SifoTheEville !#9135 (id 281870433047937024)
2018-04-28 16:35:08 Member role add: 'Memeber' role was added to @! SifoTheEville !#9135
2018-04-28 16:35:08 Member role add: 'Memeber' role was added to @! SifoTheEville !#9135
2018-04-28 16:36:03 Member role add: 'VİP' role was added to @! SifoTheEville !#9135
2018-04-28 16:36:26 Role permissions: 'VİP' changed from 104332353 to 104209473
2018-04-28 16:36:29 Role permissions: 'VİP+' changed from 775420993 to 775306305
2018-04-28 16:36:47 Role permissions: 'MVP++' changed from 121101377 to 121019457
2018-04-28 16:36:54 Role permissions: 'YOUTUBER' changed from 120659009 to 121052225
2018-04-28 16:39:19 Member join: @! HeyImkd7#2962 (id 288328209907318784)
2018-04-28 16:39:19 Member role add: 'Memeber' role was added to @! HeyImkd7#2962
2018-04-28 16:40:09 Member leave: @! HeyImkd7#2962 (id 288328209907318784)
2018-04-28 16:40:14 Member join: @!                          Rakfs#9175 (id 430767002949386241)
2018-04-28 16:40:14 Member role add: 'Memeber' role was added to @!                          Rakfs#9175
2018-04-28 16:40:33 Member role add: 'VİP' role was added to @!                          Rakfs#9175
2018-04-28 16:42:28 Server name changed from Megaxcraft to Superxcraft
2018-04-28 16:44:16 Member role add: 'Builder' role was added to @!                          Rakfs#9175
2018-04-28 16:49:43 Member role remove: The 'Builder' role was removed from @!                          Rakfs#9175
2018-04-28 16:55:47 Member role add: 'Builder' role was added to @!                          Rakfs#9175
2018-04-28 16:56:00 Role color: 'Builder' changed from #3b8d11 to #0ea71e
2018-04-28 16:56:37 Member join: @ḭḭῩυяⱢא#2477 (id 326376614890045440)
2018-04-28 16:56:37 Member role add: 'Memeber' role was added to @ḭḭῩυяⱢא#2477
2018-04-28 16:57:04 Member role add: 'Co-Owner' role was added to @ḭḭῩυяⱢא#2477
2018-04-28 16:57:49 Member role add: 'Manager' role was added to @LordkiritokunMC#8450
2018-04-28 17:07:08 Member role add: 'Owner' role was added to @Mohamed_Art20YT#3958
2018-04-28 17:07:27 Member join: @yazab#2405 (id 433327774112153602)
2018-04-28 17:07:28 Member role add: 'Memeber' role was added to @yazab#2405
2018-04-28 17:08:01 Member role add: '🌟 * Dev * 🌟' role was added to @ḭḭῩυяⱢא#2477
2018-04-28 17:08:08 Member role remove: The 'Owner' role was removed from @Mohamed_Art20YT#3958
2018-04-28 17:09:10 Member role add: 'Owner' role was added to @Mohamed_Art20YT#3958
2018-04-28 17:09:40 Role position: 'بوت العرب' changed from 2 to 1
2018-04-28 17:09:40 Role position: 'new role' changed from 3 to 2
2018-04-28 17:09:40 Role position: 'Speed Bot' changed from 4 to 3
2018-04-28 17:09:40 Role position: 'GiveawayBot' changed from 5 to 4
2018-04-28 17:09:40 Role position: 'Jad_Gamer' changed from 6 to 5
2018-04-28 17:09:40 Role position: 'AntiCheat-System' changed from 7 to 6
2018-04-28 17:09:40 Role position: 'lol' changed from 8 to 7
2018-04-28 17:09:40 Role position: 'Mohamed_Art20YT' changed from 9 to 8
2018-04-28 17:09:40 Role position: 'LordkiriritokunMC' changed from 10 to 9
2018-04-28 17:09:40 Role position: 'HosseinMinecraft' changed from 11 to 10
2018-04-28 17:09:40 Role position: 'SpeedMC' changed from 12 to 11
2018-04-28 17:09:40 Role position: 'ProBot ✨' changed from 13 to 12
2018-04-28 17:09:40 Role position: 'otaku' changed from 14 to 13
2018-04-28 17:09:40 Role position: 'Dyno' changed from 15 to 14
2018-04-28 17:09:40 Role position: 'Tatsumaki' changed from 16 to 15
2018-04-28 17:09:40 Role position: 'Rythm' changed from 17 to 16
2018-04-28 17:09:40 Role position: 'Bots' changed from 18 to 17
2018-04-28 17:09:40 Role position: 'Memeber' changed from 19 to 18
2018-04-28 17:09:40 Role position: 'FRIEND' changed from 20 to 19
2018-04-28 17:09:40 Role position: 'VİP' changed from 21 to 20
2018-04-28 17:09:40 Role position: 'VİP+' changed from 22 to 21
2018-04-28 17:09:40 Role position: 'MVP' changed from 23 to 22
2018-04-28 17:09:40 Role position: 'MVP+' changed from 24 to 23
2018-04-28 17:09:40 Role position: 'MVP++' changed from 25 to 24
2018-04-28 17:09:40 Role position: 'YOUTUBER' changed from 26 to 25
2018-04-28 17:09:40 Role position: 'Manage-Message-Bot' changed from 27 to 26
2018-04-28 17:09:40 Role position: 'Builder' changed from 28 to 27
2018-04-28 17:09:40 Role position: 'Mod' changed from 29 to 28
2018-04-28 17:09:40 Role position: 'Manager' changed from 30 to 29
2018-04-28 17:09:40 Role position: 'Admin' changed from 31 to 30
2018-04-28 17:09:40 Role position: 'Co-Owner' changed from 32 to 31
2018-04-28 17:09:40 Role position: '🌟 * Dev * 🌟' changed from 33 to 32
2018-04-28 17:09:40 Role position: 'new role' changed from 1 to 33
2018-04-28 17:09:42 Role renamed: 'new role' to 'INV'
2018-04-28 17:09:42 Role color: 'new role' changed from #000000 to #95a5a6
2018-04-28 17:09:42 Role mentionable: 'INV' is now mentionable
2018-04-28 17:09:42 Role permissions: 'new role' changed from 104324161 to 2146958591
2018-04-28 17:09:48 Member role add: 'INV' role was added to @Mohamed_Art20YT#3958
2018-04-28 17:10:24 Member join: @XxsimoxX#6946 (id 380737222749454336)
2018-04-28 17:10:24 Member role add: 'Memeber' role was added to @XxsimoxX#6946
2018-04-28 17:10:31 Member role remove: The 'Owner' role was removed from @HosseinMinecraft#3424
2018-04-28 17:10:45 Member role add: 'Owner' role was added to @HosseinMinecraft#3424
2018-04-28 17:10:49 Member role remove: The 'Owner' role was removed from @Mohamed_Art20YT#3958
2018-04-28 17:14:10 Member role add: 'VİP' role was added to @yazab#2405
2018-04-28 17:14:16 Member role add: 'VİP' role was added to @XxsimoxX#6946
2018-04-28 17:14:19 Member role add: 'Owner' role was added to @Mohamed_Art20YT#3958
2018-04-28 17:14:49 Role color: 'INV' changed from #95a5a6 to #e67e22
2018-04-28 17:15:35 Member role remove: The 'Owner' role was removed from @Mohamed_Art20YT#3958
2018-04-28 17:18:26 Member join: @Âhměđ Âbđø#4064 (id 399968327604109324)
2018-04-28 17:18:26 Member role add: 'Memeber' role was added to @Âhměđ Âbđø#4064
2018-04-28 17:19:06 Member role remove: The 'LordkiriritokunMC' role was removed from @ENDER TM#0736
2018-04-28 17:19:06 Member role remove: The 'Mohamed_Art20YT' role was removed from @ENDER TM#0736
2018-04-28 17:19:06 Member role remove: The 'LordkiriritokunMC' role was removed from @ENDER TM#0736
2018-04-28 17:19:06 Member role remove: The 'HosseinMinecraft' role was removed from @ENDER TM#0736
2018-04-28 17:19:06 Member role remove: The 'lol' role was removed from @ENDER TM#0736
2018-04-28 17:19:06 Member role remove: The 'new role' role was removed from @ENDER TM#0736
2018-04-28 17:19:07 Member role remove: The 'AntiCheat-System' role was removed from @ENDER TM#0736
2018-04-28 17:19:07 Member role remove: The 'Jad_Gamer' role was removed from @ENDER TM#0736
2018-04-28 17:19:07 Member role remove: The 'Bots' role was removed from @ENDER TM#0736
2018-04-28 17:20:02 Member role add: 'VİP' role was added to @Âhměđ Âbđø#4064
2018-04-28 17:24:05 Member role add: 'Owner' role was added to @Mohamed_Art20YT#3958
2018-04-28 17:24:05 Member role remove: The 'INV' role was removed from @ENDER TM#0736
2018-04-28 17:26:39 Member role remove: The 'Owner' role was removed from @Mohamed_Art20YT#3958
2018-04-28 17:27:09 Member role add: 'Admin' role was added to @ENDER TM#0736
2018-04-28 17:27:12 Member role add: 'Manager' role was added to @ENDER TM#0736
2018-04-28 17:27:18 Member role remove: The 'SpeedMC' role was removed from @ENDER TM#0736
2018-04-28 17:37:37 Member join: @Ā 𝓂 𝓂ar_ ǤĀMĒṜYT#9448 (id 393747152167370762)
2018-04-28 17:37:38 Member role add: 'Memeber' role was added to @Ā 𝓂 𝓂ar_ ǤĀMĒṜYT#9448
2018-04-28 17:38:14 Member role add: 'VİP' role was added to @Ā 𝓂 𝓂ar_ ǤĀMĒṜYT#9448
2018-04-28 17:39:42 Server region changed from eu-west to us-central
2018-04-28 17:39:42 Server name changed from Superxcraft to HosseinMinecraft
2018-04-28 17:42:39 Member role add: 'Builder' role was added to @SpeedMC#4421
2018-04-28 17:42:39 Member role add: 'Manage-Message-Bot' role was added to @SpeedMC#4421
2018-04-28 17:47:46 Member leave: @Ā 𝓂 𝓂ar_ ǤĀMĒṜYT#9448 (id 393747152167370762)
2018-04-28 17:52:27 Member username: '@LordkiritokunMC#8450' (id 193920770500591616) changed username from 'LordkiritokunMC' to '🔥Tieo🔥'
2018-04-28 17:52:50 Member join: @ᴸᴼᴳ ❞ iTz_L7ul#0388 (id 344397583860629505)
2018-04-28 17:52:50 Member role add: 'Memeber' role was added to @ᴸᴼᴳ ❞ iTz_L7ul#0388
2018-04-28 17:56:41 Member role add: 'VİP' role was added to @ᴸᴼᴳ ❞ iTz_L7ul#0388
2018-04-28 17:57:33 Member join: @🆃🆁🆉 ABDULLAH#8936 (id 433301833222586368)
2018-04-28 17:57:33 Member role add: 'Memeber' role was added to @🆃🆁🆉 ABDULLAH#8936
2018-04-28 17:57:52 Member role add: 'VİP' role was added to @🆃🆁🆉 ABDULLAH#8936
2018-04-28 17:58:18 Channel created: shop-rank-on-speedxcraft
2018-04-28 17:58:41 Channel rename: shop-rank-on-speedxcraft renamed to rank-speedxcraft
2018-04-28 17:58:41 Channel topic: shop-rank-on-speedxcraft topic was set to ""
2018-04-28 17:58:50 Channel overwrites: rank-speedxcraft (439847845512609793): role @everyone (435823315039551488) added with values 268435472, 0
2018-04-28 18:04:08 Server name changed from HosseinMinecraft to Hosseinxcraft
2018-04-28 18:06:07 Member join: @Lordsfa7#8347 (id 363016441844465674)
2018-04-28 18:06:07 Member role add: 'Memeber' role was added to @Lordsfa7#8347
2018-04-28 18:06:07 Member role add: 'Memeber' role was added to @Lordsfa7#8347
2018-04-28 18:06:10 Member join: @Wassim_Craft#7771 (id 424497092560420864)
2018-04-28 18:06:10 Member role add: 'Memeber' role was added to @Wassim_Craft#7771
2018-04-28 18:06:44 Member role add: 'VİP' role was added to @Wassim_Craft#7771
2018-04-28 18:08:36 Member join: @Waterii#7333 (id 432127432196096001)
2018-04-28 18:08:36 Member role add: 'Memeber' role was added to @Waterii#7333
2018-04-28 18:08:36 Member role add: 'Memeber' role was added to @Waterii#7333
2018-04-28 18:11:10 Member role add: 'VİP' role was added to @Waterii#7333
2018-04-28 18:11:14 Member role add: 'VİP' role was added to @Lordsfa7#8347
2018-04-28 18:13:48 Member join: @mo7mad#1131 (id 436901577438265355)
2018-04-28 18:13:48 Member role add: 'Memeber' role was added to @mo7mad#1131
2018-04-28 18:15:07 Member role add: 'VİP' role was added to @mo7mad#1131
2018-04-28 18:22:42 Channel overwrites: giveaway (439472203394973696): role @everyone (435823315039551488) added with values 268435472, 0
2018-04-28 18:23:31 Channel overwrites: new (439444923910193164): role @everyone (435823315039551488) added with values 268435472, 0
2018-04-28 18:23:41 Channel overwrites: bot-commands (439813499053539329): role @everyone (435823315039551488) added with values 268435472, 0
2018-04-28 18:24:03 Channel overwrites: welcome (439469274294255616): role @everyone (435823315039551488) added with values 268435472, 0
2018-04-28 18:24:53 Channel overwrites: anti-cheat-system (439445279515738123): role @everyone (435823315039551488) updated to values 268435472, 0 (was 523328, 0)
2018-04-28 18:29:19 Member ban: @Lordsfa7#8347 (id 363016441844465674)
2018-04-28 18:29:20 Member leave: @Lordsfa7#8347 (id 363016441844465674)
2018-04-28 18:29:22 Member nickname: '@fayssal jn#8039' (id 404020446443470849) changed nickname from 'None' to 'Mr.gamer'
2018-04-28 18:30:03 Member role remove: The 'LordkiriritokunMC' role was removed from @🔥Tieo🔥#8450
2018-04-28 18:30:08 Member role add: 'MVP++' role was added to @Waterii#7333
2018-04-28 18:31:26 Role renamed: 'LordkiriritokunMC' to '🔥Tieo🔥'
2018-04-28 18:31:35 Member role add: '🔥Tieo🔥' role was added to @🔥Tieo🔥#8450
2018-04-28 18:32:16 Channel created: =====GiveAways=====
2018-04-28 18:35:25 Channel created: water
2018-04-28 18:35:36 Channel rename: water renamed to Water
2018-04-28 18:35:41 Channel created: water
2018-04-28 18:36:05 Channel position: =======Music======= moved from 4 to 3
2018-04-28 18:36:05 Channel position: =======Support Channel======= moved from 5 to 4
2018-04-28 18:36:05 Channel position: AFK moved from 6 to 5
2018-04-28 18:36:05 Channel position: =====GiveAways===== moved from 7 to 6
2018-04-28 18:36:05 Channel position: rank-speedxcraft moved from 16 to 11
2018-04-28 18:36:05 Channel position: music-bot moved from 11 to 12
2018-04-28 18:36:05 Channel position: support-message moved from 12 to 13
2018-04-28 18:36:05 Channel position: support-text-1 moved from 13 to 14
2018-04-28 18:36:05 Channel position: support-text-2 moved from 14 to 15
2018-04-28 18:36:05 Channel position: support-text-3 moved from 15 to 16
2018-04-28 18:41:09 Member unban: @Lordsfa7#8347 (id 363016441844465674)
2018-04-28 18:42:22 Member join: @Lordsfa7#8347 (id 363016441844465674)
2018-04-28 18:42:22 Member role add: 'Memeber' role was added to @Lordsfa7#8347
2018-04-28 18:42:25 Member role add: 'VİP' role was added to @Lordsfa7#8347
2018-04-28 18:51:44 Server name changed from Hosseinxcraft to HosseinMinecraft
2018-04-28 18:51:51 Member role remove: The 'INV' role was removed from @Mohamed_Art20YT#3958
2018-04-28 18:51:52 Member role remove: The '🌟 * Dev * 🌟' role was removed from @Mohamed_Art20YT#3958
2018-04-28 18:53:16 Member role remove: The 'lol' role was removed from @Mohamed_Art20YT#3958
2018-04-28 18:57:45 Member join: @!ImR4oufly ♛#2343 (id 312946486067462154)
2018-04-28 18:57:45 Member role add: 'Memeber' role was added to @!ImR4oufly ♛#2343
2018-04-28 19:04:09 Member role add: 'INV' role was added to @Mohamed_Art20YT#3958
2018-04-28 19:04:24 Member role add: '🌟 * Dev * 🌟' role was added to @Mohamed_Art20YT#3958
2018-04-28 19:06:42 Member role remove: The 'INV' role was removed from @Mohamed_Art20YT#3958
2018-04-28 19:14:59 Member ban: @Tatsumaki#8792 (id 172002275412279296)
2018-04-28 19:14:59 Role deleted: 'Tatsumaki' (id 439149760461406230)
2018-04-28 19:14:59 Member leave: @Tatsumaki#8792 (id 172002275412279296)
2018-04-28 19:14:59 Member ban: @بوت العرب#8510 (id 427519535017492480)
2018-04-28 19:14:59 Role deleted: 'بوت العرب' (id 439812919329292299)
2018-04-28 19:15:00 Member leave: @بوت العرب#8510 (id 427519535017492480)
2018-04-28 19:15:43 Server name changed from HosseinMinecraft to dgh
2018-04-28 19:15:44 Member role remove: The 'Co-Owner' role was removed from @🔥Tieo🔥#8450
2018-04-28 19:15:44 Member role remove: The 'Co-Owner' role was removed from @ḭḭῩυяⱢא#2477
2018-04-28 19:15:44 Member role remove: The 'Co-Owner' role was removed from @SpeedMC#4421
2018-04-28 19:15:44 Member role remove: The 'Co-Owner' role was removed from @Mohamed_Art20YT#3958
2018-04-28 19:15:44 Member role remove: The 'Co-Owner' role was removed from @HosseinMinecraft#3424
2018-04-28 19:15:44 Role deleted: 'Co-Owner' (id 439124965023940620)
2018-04-28 19:15:44 Member role remove: The 'Admin' role was removed from @🔥Tieo🔥#8450
2018-04-28 19:15:44 Member role remove: The 'Admin' role was removed from @ENDER TM#0736
2018-04-28 19:15:44 Member role remove: The 'Admin' role was removed from @SpeedMC#4421
2018-04-28 19:15:44 Member role remove: The 'Admin' role was removed from @Mohamed_Art20YT#3958
2018-04-28 19:15:44 Member role remove: The 'Admin' role was removed from @Jad_Gamer#3508
2018-04-28 19:15:44 Member role remove: The 'Admin' role was removed from @HosseinMinecraft#3424
2018-04-28 19:15:44 Role deleted: 'Admin' (id 439159773057908757)
2018-04-28 19:17:47 Channel deleted: rank-speedxcraft
2018-04-28 20:26:18 Server name changed from dgh to HosseinMinecraft
