2018-04-21 11:20:19 #Voice Chat #2 Voice channel join: shigetora#6969 (id 307960776780677121), flags: self_deaf,self_mute
2018-04-21 11:20:21 #Voice Chat #2 Server self-undeafen: shigetora#6969 (id 307960776780677121)
2018-04-21 11:20:21 #Voice Chat #2 Server self-unmute: shigetora#6969 (id 307960776780677121)
2018-04-21 11:20:21 #Voice Chat #2 Server self-mute: shigetora#6969 (id 307960776780677121)
2018-04-21 11:20:33 #Voice Chat #2 Server self-unmute: shigetora#6969 (id 307960776780677121)
2018-04-21 11:20:36 #Voice Chat #2 Server self-mute: shigetora#6969 (id 307960776780677121)
2018-04-21 11:23:10 #Voice Chat #2 Voice channel leave: shigetora#6969 (id 307960776780677121)
2018-04-21 11:23:13 #Voice Chat #2 Voice channel join: shigetora#6969 (id 307960776780677121), flags: self_mute
2018-04-21 11:23:53 #Voice Chat #2 Voice channel leave: shigetora#6969 (id 307960776780677121)
2018-04-21 11:23:56 #Voice Chat #2 Voice channel join: shigetora#6969 (id 307960776780677121), flags: self_mute
2018-04-21 11:26:23 #Voice Chat #2 Voice channel leave: shigetora#6969 (id 307960776780677121)
2018-04-21 23:01:40 #Voice Chat #2 Voice channel join: grindersky#4119 (id 213759714406825985), moved from Voice Chat #1, flags: self_mute
2018-04-21 23:01:41 #Voice Chat #2 Voice channel leave: grindersky#4119 (id 213759714406825985) moving to Voice Chat #1
2018-04-24 07:35:55 #Voice Chat #2 Voice channel join: Sterben#4978 (id 117216114890506249)
2018-04-24 07:35:56 #Voice Chat #2 Server self-mute: Sterben#4978 (id 117216114890506249)
2018-04-24 07:37:10 #Voice Chat #2 Voice channel leave: Sterben#4978 (id 117216114890506249)
2018-04-25 02:04:04 #Voice Chat #2 Voice channel join: Darkpit18#8177 (id 186957374345445376)
2018-04-25 02:05:07 #Voice Chat #2 Voice channel leave: Darkpit18#8177 (id 186957374345445376) moving to Voice Chat #1
2018-04-25 02:08:07 #Voice Chat #2 Voice channel join: Darkpit18#8177 (id 186957374345445376), moved from Voice Chat #1, flags: self_deaf,self_mute
2018-04-25 02:08:09 #Voice Chat #2 Server self-undeafen: Darkpit18#8177 (id 186957374345445376)
2018-04-25 02:08:09 #Voice Chat #2 Server self-unmute: Darkpit18#8177 (id 186957374345445376)
2018-04-25 02:08:46 #Voice Chat #2 Voice channel join: grindersky#4119 (id 213759714406825985), moved from Voice Chat #1
2018-04-25 02:09:02 #Voice Chat #2 Voice channel leave: grindersky#4119 (id 213759714406825985) moving to Voice Chat #1
2018-04-25 02:09:05 #Voice Chat #2 Voice channel leave: Darkpit18#8177 (id 186957374345445376) moving to Voice Chat #1
2018-04-25 19:03:51 #Voice Chat #2 Voice channel join: hvick831#6719 (id 259251896789762048), moved from Voice Chat #1, flags: self_mute
2018-04-25 19:03:52 #Voice Chat #2 Voice channel leave: hvick831#6719 (id 259251896789762048) moving to Voice Chat #1
2018-04-25 19:03:52 #Voice Chat #2 Voice channel join: hvick831#6719 (id 259251896789762048), moved from Voice Chat #1, flags: self_mute
2018-04-25 19:03:53 #Voice Chat #2 Voice channel leave: hvick831#6719 (id 259251896789762048) moving to Voice Chat #1
2018-04-25 19:03:53 #Voice Chat #2 Voice channel join: hvick831#6719 (id 259251896789762048), moved from Voice Chat #1, flags: self_mute
2018-04-25 19:03:53 #Voice Chat #2 Voice channel leave: hvick831#6719 (id 259251896789762048) moving to Voice Chat #1
2018-04-26 22:44:27 #Voice Chat #2 Voice channel join: LilStickInABag#9590 (id 252967119740862464), moved from Voice Chat #1
2018-04-26 22:44:28 #Voice Chat #2 Voice channel leave: LilStickInABag#9590 (id 252967119740862464) moving to Voice Chat #1
2018-04-27 02:35:33 #Voice Chat #2 Voice channel join: shigetora#6969 (id 307960776780677121), moved from Voice Chat #1
2018-04-27 02:35:38 #Voice Chat #2 Voice channel join: Mercurius#5800 (id 435241887541100545), moved from Voice Chat #1, flags: self_mute
2018-04-27 02:35:46 #Voice Chat #2 Voice channel join: 🇮🇲🇸🇼🇮🇫🇹🇪🇷🇷#1584 (id 270396109636108291)
2018-04-27 02:35:50 #Voice Chat #2 Voice channel join: LilStickInABag#9590 (id 252967119740862464), moved from Voice Chat #1
2018-04-27 02:35:53 #Voice Chat #2 Voice channel join: Ice Bear#5272 (id 201934144253460480), moved from Voice Chat #1
2018-04-27 02:35:54 #Voice Chat #2 Voice channel leave: 🇮🇲🇸🇼🇮🇫🇹🇪🇷🇷#1584 (id 270396109636108291)
2018-04-27 02:36:05 #Voice Chat #2 Voice channel join: Walter#7298 (id 158458852969414656), moved from Voice Chat #1
2018-04-27 02:37:13 #Voice Chat #2 Voice channel join: Sharms#2220 (id 386511696014999563), moved from Voice Chat #1
2018-04-27 02:37:17 #Voice Chat #2 Voice channel join: rrtyui#7577 (id 428495948642123776), flags: self_mute
2018-04-27 02:37:45 #Voice Chat #2 Server self-unmute: rrtyui#7577 (id 428495948642123776)
2018-04-27 02:38:08 #Voice Chat #2 Voice channel join: 🇮🇲🇸🇼🇮🇫🇹🇪🇷🇷#1584 (id 270396109636108291)
2018-04-27 02:38:15 #Voice Chat #2 Voice channel leave: Sharms#2220 (id 386511696014999563) moving to Staff
2018-04-27 02:38:34 #Voice Chat #2 Voice channel join: hvick#4929 (id 428332810357571586), flags: self_deaf,self_mute
2018-04-27 02:38:35 #Voice Chat #2 Server self-undeafen: hvick#4929 (id 428332810357571586)
2018-04-27 02:38:35 #Voice Chat #2 Server self-unmute: hvick#4929 (id 428332810357571586)
2018-04-27 02:43:33 #Voice Chat #2 Voice channel join: Sharms#2220 (id 386511696014999563), moved from Staff
2018-04-27 02:54:25 #Voice Chat #2 Server self-mute: Ice Bear#5272 (id 201934144253460480)
2018-04-27 02:57:03 #Voice Chat #2 Voice channel join: RubyNinjaThief#8441 (id 218000298231332866)
2018-04-27 03:00:53 #Voice Chat #2 Voice channel leave: RubyNinjaThief#8441 (id 218000298231332866)
2018-04-27 03:10:11 #Voice Chat #2 Voice channel leave: Walter#7298 (id 158458852969414656)
2018-04-27 03:11:57 #Voice Chat #2 Server self-unmute: Ice Bear#5272 (id 201934144253460480)
2018-04-27 03:13:53 #Voice Chat #2 Server self-mute: Ice Bear#5272 (id 201934144253460480)
2018-04-27 03:14:07 #Voice Chat #2 Server self-unmute: Ice Bear#5272 (id 201934144253460480)
2018-04-27 03:14:11 #Voice Chat #2 Server self-mute: Ice Bear#5272 (id 201934144253460480)
2018-04-27 03:14:23 #Voice Chat #2 Server self-unmute: Ice Bear#5272 (id 201934144253460480)
2018-04-27 03:15:12 #Voice Chat #2 Server self-mute: Ice Bear#5272 (id 201934144253460480)
2018-04-27 04:25:09 #Voice Chat #2 Server self-mute: shigetora#6969 (id 307960776780677121)
2018-04-27 04:29:38 #Voice Chat #2 Server self-unmute: shigetora#6969 (id 307960776780677121)
2018-04-27 04:41:49 #Voice Chat #2 Server self-unmute: Ice Bear#5272 (id 201934144253460480)
2018-04-27 04:52:17 #Voice Chat #2 Voice channel leave: LilStickInABag#9590 (id 252967119740862464)
2018-04-27 04:52:52 #Voice Chat #2 Voice channel leave: Mercurius#5800 (id 435241887541100545)
2018-04-27 04:57:53 #Voice Chat #2 Server self-mute: Ice Bear#5272 (id 201934144253460480)
2018-04-27 04:58:01 #Voice Chat #2 Server self-unmute: Ice Bear#5272 (id 201934144253460480)
2018-04-27 05:18:27 #Voice Chat #2 Voice channel leave: Ice Bear#5272 (id 201934144253460480)
2018-04-27 05:18:27 #Voice Chat #2 Voice channel join: Ice Bear#5272 (id 201934144253460480)
2018-04-27 05:18:32 #Voice Chat #2 Server self-mute: Ice Bear#5272 (id 201934144253460480)
2018-04-27 05:18:38 #Voice Chat #2 Server self-unmute: Ice Bear#5272 (id 201934144253460480)
2018-04-27 05:18:54 #Voice Chat #2 Server self-mute: Ice Bear#5272 (id 201934144253460480)
2018-04-27 05:18:54 #Voice Chat #2 Server self-mute: shigetora#6969 (id 307960776780677121)
2018-04-27 05:19:14 #Voice Chat #2 Server self-unmute: Ice Bear#5272 (id 201934144253460480)
2018-04-27 05:19:44 #Voice Chat #2 Server self-mute: Ice Bear#5272 (id 201934144253460480)
2018-04-27 05:20:10 #Voice Chat #2 Voice channel join: Sterben#4978 (id 117216114890506249)
2018-04-27 05:24:53 #Voice Chat #2 Voice channel join: LilStickInABag#9590 (id 252967119740862464)
2018-04-27 05:27:14 #Voice Chat #2 Server self-unmute: Ice Bear#5272 (id 201934144253460480)
2018-04-27 05:27:48 #Voice Chat #2 Server self-mute: Ice Bear#5272 (id 201934144253460480)
2018-04-27 05:28:11 #Voice Chat #2 Server self-unmute: Ice Bear#5272 (id 201934144253460480)
2018-04-27 05:32:32 #Voice Chat #2 Voice channel leave: LilStickInABag#9590 (id 252967119740862464)
2018-04-27 05:32:33 #Voice Chat #2 Voice channel join: LilStickInABag#9590 (id 252967119740862464)
2018-04-27 05:33:22 #Voice Chat #2 Server self-mute: Ice Bear#5272 (id 201934144253460480)
2018-04-27 05:33:33 #Voice Chat #2 Server self-unmute: Ice Bear#5272 (id 201934144253460480)
2018-04-27 05:41:04 #Voice Chat #2 Server self-mute: Sterben#4978 (id 117216114890506249)
2018-04-27 05:42:54 #Voice Chat #2 Voice channel join: Rythm#3722 (id 235088799074484224)
2018-04-27 05:44:56 #Voice Chat #2 Voice channel join: grindersky#4119 (id 213759714406825985), flags: self_mute
2018-04-27 05:44:56 #Voice Chat #2 Server self-mute: grindersky#4119 (id 213759714406825985)
2018-04-27 05:45:19 #Voice Chat #2 Server self-unmute: Sterben#4978 (id 117216114890506249)
2018-04-27 05:51:40 #Voice Chat #2 Voice channel leave: Sharms#2220 (id 386511696014999563)
2018-04-27 05:51:47 #Voice Chat #2 Server self-unmute: grindersky#4119 (id 213759714406825985)
2018-04-27 05:51:47 #Voice Chat #2 Server self-mute: grindersky#4119 (id 213759714406825985)
2018-04-27 05:52:50 #Voice Chat #2 Voice channel join: Sharms#2220 (id 386511696014999563)
2018-04-27 05:53:09 #Voice Chat #2 Server self-mute: Ice Bear#5272 (id 201934144253460480)
2018-04-27 05:53:55 #Voice Chat #2 Server self-deafen: Ice Bear#5272 (id 201934144253460480)
2018-04-27 05:53:55 #Voice Chat #2 Server self-undeafen: Ice Bear#5272 (id 201934144253460480)
2018-04-27 05:53:55 #Voice Chat #2 Server self-unmute: Ice Bear#5272 (id 201934144253460480)
2018-04-27 05:53:55 #Voice Chat #2 Server self-unmute: Ice Bear#5272 (id 201934144253460480)
2018-04-27 06:00:29 #Voice Chat #2 Voice channel leave: grindersky#4119 (id 213759714406825985)
2018-04-27 06:01:30 #Voice Chat #2 Server self-mute: Sterben#4978 (id 117216114890506249)
2018-04-27 06:06:49 #Voice Chat #2 Voice channel leave: Rythm#3722 (id 235088799074484224)
2018-04-27 06:06:53 #Voice Chat #2 Voice channel leave: Ice Bear#5272 (id 201934144253460480)
2018-04-27 06:16:03 #Voice Chat #2 Server self-unmute: Sterben#4978 (id 117216114890506249)
2018-04-27 06:48:22 #Voice Chat #2 Voice channel leave: Sterben#4978 (id 117216114890506249) moving to Music
2018-04-27 06:48:23 #Voice Chat #2 Voice channel join: Sterben#4978 (id 117216114890506249), moved from Music
2018-04-27 07:03:09 #Voice Chat #2 Voice channel leave: Sterben#4978 (id 117216114890506249)
2018-04-27 07:09:29 #Voice Chat #2 Voice channel join: Walter#7298 (id 158458852969414656)
2018-04-27 07:12:26 #Voice Chat #2 Voice channel leave: Walter#7298 (id 158458852969414656) moving to Voice Chat #1
2018-04-27 07:12:35 #Voice Chat #2 Voice channel leave: LilStickInABag#9590 (id 252967119740862464) moving to Voice Chat #1
2018-04-27 07:12:36 #Voice Chat #2 Voice channel leave: Sharms#2220 (id 386511696014999563) moving to Voice Chat #1
2018-04-27 07:55:37 #Voice Chat #2 Voice channel join: Sterben#4978 (id 117216114890506249)
2018-04-27 07:55:41 #Voice Chat #2 Voice channel leave: Sterben#4978 (id 117216114890506249) moving to Voice Chat #1
2018-04-27 09:01:07 #Voice Chat #2 Voice channel leave: 🇮🇲🇸🇼🇮🇫🇹🇪🇷🇷#1584 (id 270396109636108291)
2018-04-27 09:37:00 #Voice Chat #2 Voice channel join: Sterben#4978 (id 117216114890506249)
2018-04-27 09:37:05 #Voice Chat #2 Voice channel leave: Sterben#4978 (id 117216114890506249) moving to Voice Chat #1
2018-04-27 11:43:41 #Voice Chat #2 Voice channel join: grindersky#4119 (id 213759714406825985), flags: self_mute
2018-04-27 11:44:36 #Voice Chat #2 Voice channel join: iSlodinx#7605 (id 279539090482003968)
2018-04-27 11:44:37 #Voice Chat #2 Server self-mute: iSlodinx#7605 (id 279539090482003968)
2018-04-27 11:44:49 #Voice Chat #2 Server self-unmute: grindersky#4119 (id 213759714406825985)
2018-04-27 11:44:52 #Voice Chat #2 Server self-unmute: iSlodinx#7605 (id 279539090482003968)
2018-04-27 11:46:19 #Voice Chat #2 Voice channel leave: grindersky#4119 (id 213759714406825985) moving to Voice Chat #1
2018-04-27 11:47:26 #Voice Chat #2 Voice channel leave: iSlodinx#7605 (id 279539090482003968)
2018-04-27 12:35:58 #Voice Chat #2 Voice channel leave: shigetora#6969 (id 307960776780677121)
2018-04-27 13:00:03 #Voice Chat #2 Voice channel leave: hvick#4929 (id 428332810357571586)
2018-04-27 13:31:13 #Voice Chat #2 Voice channel leave: rrtyui#7577 (id 428495948642123776)
2018-04-27 14:14:00 #Voice Chat #2 Voice channel join: Sterben#4978 (id 117216114890506249), moved from Voice Chat #1
2018-04-27 14:14:00 #Voice Chat #2 Voice channel leave: Sterben#4978 (id 117216114890506249) moving to Voice Chat #1
2018-04-27 14:36:55 #Voice Chat #2 Voice channel join: Regless_#2882 (id 160427370950557699)
2018-04-27 14:37:20 #Voice Chat #2 Voice channel leave: Regless_#2882 (id 160427370950557699)
2018-04-27 14:37:51 #Voice Chat #2 Voice channel join: Regless_#2882 (id 160427370950557699)
2018-04-27 14:37:53 #Voice Chat #2 Voice channel join: LilStickInABag#9590 (id 252967119740862464), moved from Voice Chat #1
2018-04-27 14:38:04 #Voice Chat #2 Voice channel leave: LilStickInABag#9590 (id 252967119740862464)
2018-04-27 14:38:05 #Voice Chat #2 Voice channel join: LilStickInABag#9590 (id 252967119740862464)
2018-04-27 14:40:54 #Voice Chat #2 Voice channel join: Sterben#4978 (id 117216114890506249)
2018-04-27 14:41:30 #Voice Chat #2 Voice channel leave: Sterben#4978 (id 117216114890506249)
2018-04-27 15:05:07 #Voice Chat #2 Voice channel leave: LilStickInABag#9590 (id 252967119740862464)
2018-04-27 15:05:15 #Voice Chat #2 Voice channel leave: Regless_#2882 (id 160427370950557699) moving to Voice Chat #1
2018-04-27 16:24:09 #Voice Chat #2 Voice channel join: 🇮🇲🇸🇼🇮🇫🇹🇪🇷🇷#1584 (id 270396109636108291), moved from Voice Chat #1
2018-04-27 16:24:09 #Voice Chat #2 Voice channel leave: 🇮🇲🇸🇼🇮🇫🇹🇪🇷🇷#1584 (id 270396109636108291) moving to Voice Chat #1
2018-04-27 16:24:12 #Voice Chat #2 Voice channel join: 🇮🇲🇸🇼🇮🇫🇹🇪🇷🇷#1584 (id 270396109636108291), moved from Voice Chat #1
2018-04-27 16:32:41 #Voice Chat #2 Voice channel join: LilStickInABag#9590 (id 252967119740862464), moved from Voice Chat #1, flags: self_deaf,self_mute
2018-04-27 16:32:45 #Voice Chat #2 Server self-undeafen: LilStickInABag#9590 (id 252967119740862464)
2018-04-27 16:32:45 #Voice Chat #2 Server self-unmute: LilStickInABag#9590 (id 252967119740862464)
2018-04-27 16:35:50 #Voice Chat #2 Voice channel join: RubyNinjaThief#8441 (id 218000298231332866)
2018-04-27 16:37:01 #Voice Chat #2 Voice channel leave: RubyNinjaThief#8441 (id 218000298231332866)
2018-04-27 17:44:05 #Voice Chat #2 Voice channel join: Vaxei#9574 (id 224339903234703362)
2018-04-27 17:44:09 #Voice Chat #2 Voice channel leave: Vaxei#9574 (id 224339903234703362)
2018-04-27 19:07:04 #Voice Chat #2 Voice channel join: grindersky#4119 (id 213759714406825985)
2018-04-27 19:24:10 #Voice Chat #2 Voice channel leave: grindersky#4119 (id 213759714406825985)
2018-04-27 19:33:22 #Voice Chat #2 Voice channel join: retraÇ#0584 (id 392875079278526464)
2018-04-27 19:33:22 #Voice Chat #2 Voice channel join: Alêjandro#3066 (id 129642909015343104)
2018-04-27 19:33:44 #Voice Chat #2 Voice channel join: kujokillyou#0186 (id 323199331303817216)
2018-04-27 19:38:18 #Voice Chat #2 Server self-mute: retraÇ#0584 (id 392875079278526464)
2018-04-27 19:38:30 #Voice Chat #2 Server self-unmute: retraÇ#0584 (id 392875079278526464)
2018-04-27 19:39:41 #Voice Chat #2 Voice channel join: grindersky#4119 (id 213759714406825985)
2018-04-27 19:43:39 #Voice Chat #2 Voice channel join: Regless_#2882 (id 160427370950557699), moved from Voice Chat #1
2018-04-27 19:45:58 #Voice Chat #2 Server self-mute: retraÇ#0584 (id 392875079278526464)
2018-04-27 19:46:42 #Voice Chat #2 Server self-mute: Regless_#2882 (id 160427370950557699)
2018-04-27 19:46:47 #Voice Chat #2 Server self-unmute: Regless_#2882 (id 160427370950557699)
2018-04-27 19:46:48 #Voice Chat #2 Server self-mute: Alêjandro#3066 (id 129642909015343104)
2018-04-27 19:47:57 #Voice Chat #2 Voice channel join: iSlodinx#7605 (id 279539090482003968)
2018-04-27 19:47:58 #Voice Chat #2 Server self-mute: iSlodinx#7605 (id 279539090482003968)
2018-04-27 19:49:01 #Voice Chat #2 Voice channel leave: iSlodinx#7605 (id 279539090482003968)
2018-04-27 19:49:22 #Voice Chat #2 Server self-deafen: Regless_#2882 (id 160427370950557699)
2018-04-27 19:49:22 #Voice Chat #2 Server self-mute: Regless_#2882 (id 160427370950557699)
2018-04-27 20:00:31 #Voice Chat #2 Server self-mute: kujokillyou#0186 (id 323199331303817216)
2018-04-27 20:01:34 #Voice Chat #2 Server self-unmute: Alêjandro#3066 (id 129642909015343104)
2018-04-27 20:01:46 #Voice Chat #2 Server self-unmute: kujokillyou#0186 (id 323199331303817216)
2018-04-27 20:01:49 #Voice Chat #2 Server self-unmute: retraÇ#0584 (id 392875079278526464)
2018-04-27 20:02:36 #Voice Chat #2 Server self-mute: kujokillyou#0186 (id 323199331303817216)
2018-04-27 20:02:45 #Voice Chat #2 Server self-undeafen: Regless_#2882 (id 160427370950557699)
2018-04-27 20:02:45 #Voice Chat #2 Server self-unmute: Regless_#2882 (id 160427370950557699)
2018-04-27 20:03:21 #Voice Chat #2 Server self-unmute: kujokillyou#0186 (id 323199331303817216)
2018-04-27 20:04:00 #Voice Chat #2 Server self-deafen: Regless_#2882 (id 160427370950557699)
2018-04-27 20:04:00 #Voice Chat #2 Server self-mute: Regless_#2882 (id 160427370950557699)
2018-04-27 20:05:04 #Voice Chat #2 Voice channel leave: LilStickInABag#9590 (id 252967119740862464)
2018-04-27 20:06:01 #Voice Chat #2 Server self-undeafen: Alêjandro#3066 (id 129642909015343104)
2018-04-27 20:06:01 #Voice Chat #2 Server self-unmute: Alêjandro#3066 (id 129642909015343104)
2018-04-27 20:12:17 #Voice Chat #2 Voice channel leave: retraÇ#0584 (id 392875079278526464)
2018-04-27 20:25:29 #Voice Chat #2 Voice channel leave: Alêjandro#3066 (id 129642909015343104)
2018-04-27 20:26:43 #Voice Chat #2 Voice channel leave: grindersky#4119 (id 213759714406825985)
2018-04-27 20:27:48 #Voice Chat #2 Server self-undeafen: Regless_#2882 (id 160427370950557699)
2018-04-27 20:27:48 #Voice Chat #2 Server self-unmute: Regless_#2882 (id 160427370950557699)
2018-04-27 20:30:15 #Voice Chat #2 Server self-deafen: Regless_#2882 (id 160427370950557699)
2018-04-27 20:30:15 #Voice Chat #2 Server self-mute: Regless_#2882 (id 160427370950557699)
2018-04-27 20:31:29 #Voice Chat #2 Voice channel leave: Regless_#2882 (id 160427370950557699)
2018-04-27 20:33:10 #Voice Chat #2 Voice channel join: LilStickInABag#9590 (id 252967119740862464)
2018-04-27 20:55:03 #Voice Chat #2 Voice channel join: Walter#7298 (id 158458852969414656)
2018-04-27 21:00:17 #Voice Chat #2 Voice channel leave: Walter#7298 (id 158458852969414656)
2018-04-27 22:07:20 #Voice Chat #2 Voice channel leave: LilStickInABag#9590 (id 252967119740862464)
2018-04-27 22:07:20 #Voice Chat #2 Voice channel join: LilStickInABag#9590 (id 252967119740862464)
2018-04-27 22:16:24 #Voice Chat #2 Voice channel join: Regless_#2882 (id 160427370950557699), moved from Music, flags: self_mute
2018-04-27 22:16:27 #Voice Chat #2 Server self-unmute: Regless_#2882 (id 160427370950557699)
2018-04-27 22:17:55 #Voice Chat #2 Server self-deafen: Regless_#2882 (id 160427370950557699)
2018-04-27 22:17:55 #Voice Chat #2 Server self-mute: Regless_#2882 (id 160427370950557699)
2018-04-27 22:45:37 #Voice Chat #2 Voice channel leave: 🇮🇲🇸🇼🇮🇫🇹🇪🇷🇷#1584 (id 270396109636108291)
2018-04-27 22:54:17 #Voice Chat #2 Voice channel join: 🇮🇲🇸🇼🇮🇫🇹🇪🇷🇷#1584 (id 270396109636108291)
2018-04-27 22:56:32 #Voice Chat #2 Voice channel leave: LilStickInABag#9590 (id 252967119740862464) moving to Music
2018-04-27 22:56:40 #Voice Chat #2 Voice channel leave: 🇮🇲🇸🇼🇮🇫🇹🇪🇷🇷#1584 (id 270396109636108291) moving to Music
2018-04-27 22:57:20 #Voice Chat #2 Voice channel join: 🇮🇲🇸🇼🇮🇫🇹🇪🇷🇷#1584 (id 270396109636108291), moved from Music
2018-04-27 22:57:36 #Voice Chat #2 Voice channel join: LilStickInABag#9590 (id 252967119740862464), moved from Music
2018-04-27 23:06:32 #Voice Chat #2 Server self-deafen: LilStickInABag#9590 (id 252967119740862464)
2018-04-27 23:06:32 #Voice Chat #2 Server self-mute: LilStickInABag#9590 (id 252967119740862464)
2018-04-27 23:10:25 #Voice Chat #2 Server self-undeafen: LilStickInABag#9590 (id 252967119740862464)
2018-04-27 23:10:25 #Voice Chat #2 Server self-unmute: LilStickInABag#9590 (id 252967119740862464)
2018-04-27 23:26:22 #Voice Chat #2 Voice channel leave: LilStickInABag#9590 (id 252967119740862464)
2018-04-27 23:31:37 #Voice Chat #2 Voice channel leave: 🇮🇲🇸🇼🇮🇫🇹🇪🇷🇷#1584 (id 270396109636108291)
2018-04-28 02:22:53 #Voice Chat #2 Voice channel join: LilStickInABag#9590 (id 252967119740862464), moved from Music
2018-04-28 02:22:58 #Voice Chat #2 Voice channel leave: LilStickInABag#9590 (id 252967119740862464) moving to Music
2018-04-28 02:23:02 #Voice Chat #2 Voice channel join: LilStickInABag#9590 (id 252967119740862464), moved from Music
2018-04-28 02:23:03 #Voice Chat #2 Voice channel leave: LilStickInABag#9590 (id 252967119740862464) moving to Voice Chat #1
2018-04-28 02:35:04 #Voice Chat #2 Voice channel join: Walter#7298 (id 158458852969414656)
2018-04-28 02:37:00 #Voice Chat #2 Voice channel leave: Walter#7298 (id 158458852969414656)
2018-04-28 03:28:03 #Voice Chat #2 Voice channel leave: Regless_#2882 (id 160427370950557699)
2018-04-28 04:03:18 #Voice Chat #2 Voice channel join: Sterben#4978 (id 117216114890506249), moved from Voice Chat #1, flags: self_mute
2018-04-28 04:46:34 #Voice Chat #2 Voice channel leave: Sterben#4978 (id 117216114890506249)
2018-04-28 07:11:37 #Voice Chat #2 Voice channel join: Sterben#4978 (id 117216114890506249), flags: self_mute
2018-04-28 07:46:34 #Voice Chat #2 Voice channel leave: Sterben#4978 (id 117216114890506249)
