2018-04-21 11:53:19 #Voice Chat #1 Voice channel join: shigetora#6969 (id 307960776780677121), flags: self_mute
2018-04-21 11:57:47 #Voice Chat #1 Server self-unmute: shigetora#6969 (id 307960776780677121)
2018-04-21 12:14:46 #Voice Chat #1 Voice channel join: egu#3102 (id 116549755663810563)
2018-04-21 12:26:58 #Voice Chat #1 Server self-mute: shigetora#6969 (id 307960776780677121)
2018-04-21 12:37:32 #Voice Chat #1 Voice channel leave: egu#3102 (id 116549755663810563)
2018-04-21 12:38:18 #Voice Chat #1 Voice channel join: egu#3102 (id 116549755663810563)
2018-04-21 12:38:25 #Voice Chat #1 Server self-mute: egu#3102 (id 116549755663810563)
2018-04-21 12:40:22 #Voice Chat #1 Server self-unmute: egu#3102 (id 116549755663810563)
2018-04-21 12:43:15 #Voice Chat #1 Voice channel leave: egu#3102 (id 116549755663810563)
2018-04-21 12:43:19 #Voice Chat #1 Voice channel join: egu#3102 (id 116549755663810563)
2018-04-21 12:43:20 #Voice Chat #1 Voice channel join: Miyuie#6171 (id 210423265556955137)
2018-04-21 12:44:12 #Voice Chat #1 Server self-mute: Miyuie#6171 (id 210423265556955137)
2018-04-21 12:45:40 #Voice Chat #1 Voice channel join: grindersky#4119 (id 213759714406825985), flags: self_mute
2018-04-21 12:45:44 #Voice Chat #1 Server self-unmute: shigetora#6969 (id 307960776780677121)
2018-04-21 12:45:55 #Voice Chat #1 Server self-unmute: Miyuie#6171 (id 210423265556955137)
2018-04-21 12:47:12 #Voice Chat #1 Server self-mute: Miyuie#6171 (id 210423265556955137)
2018-04-21 12:47:13 #Voice Chat #1 Server self-unmute: Miyuie#6171 (id 210423265556955137)
2018-04-21 12:47:27 #Voice Chat #1 Voice channel join: ToxicUSA#5198 (id 196799838187159552)
2018-04-21 12:47:42 #Voice Chat #1 Server self-mute: Miyuie#6171 (id 210423265556955137)
2018-04-21 12:47:46 #Voice Chat #1 Server self-unmute: Miyuie#6171 (id 210423265556955137)
2018-04-21 12:49:19 #Voice Chat #1 Server self-mute: Miyuie#6171 (id 210423265556955137)
2018-04-21 12:49:19 #Voice Chat #1 Server self-unmute: Miyuie#6171 (id 210423265556955137)
2018-04-21 12:50:12 #Voice Chat #1 Voice channel leave: egu#3102 (id 116549755663810563)
2018-04-21 12:50:15 #Voice Chat #1 Server self-unmute: grindersky#4119 (id 213759714406825985)
2018-04-21 12:51:35 #Voice Chat #1 Server self-mute: Miyuie#6171 (id 210423265556955137)
2018-04-21 12:51:36 #Voice Chat #1 Server self-unmute: Miyuie#6171 (id 210423265556955137)
2018-04-21 12:51:44 #Voice Chat #1 Server self-mute: Miyuie#6171 (id 210423265556955137)
2018-04-21 12:52:49 #Voice Chat #1 Server self-unmute: Miyuie#6171 (id 210423265556955137)
2018-04-21 12:53:18 #Voice Chat #1 Server self-mute: Miyuie#6171 (id 210423265556955137)
2018-04-21 12:53:33 #Voice Chat #1 Server self-unmute: Miyuie#6171 (id 210423265556955137)
2018-04-21 12:53:34 #Voice Chat #1 Server self-mute: Miyuie#6171 (id 210423265556955137)
2018-04-21 12:53:40 #Voice Chat #1 Server self-unmute: Miyuie#6171 (id 210423265556955137)
2018-04-21 12:53:41 #Voice Chat #1 Server self-mute: Miyuie#6171 (id 210423265556955137)
2018-04-21 12:53:55 #Voice Chat #1 Server self-unmute: Miyuie#6171 (id 210423265556955137)
2018-04-21 12:54:06 #Voice Chat #1 Server self-mute: Miyuie#6171 (id 210423265556955137)
2018-04-21 12:54:07 #Voice Chat #1 Server self-unmute: Miyuie#6171 (id 210423265556955137)
2018-04-21 12:54:12 #Voice Chat #1 Server self-mute: Miyuie#6171 (id 210423265556955137)
2018-04-21 12:55:28 #Voice Chat #1 Server self-unmute: Miyuie#6171 (id 210423265556955137)
2018-04-21 12:55:30 #Voice Chat #1 Server self-mute: Miyuie#6171 (id 210423265556955137)
2018-04-21 12:55:30 #Voice Chat #1 Voice channel join: egu#3102 (id 116549755663810563)
2018-04-21 12:55:38 #Voice Chat #1 Server self-unmute: Miyuie#6171 (id 210423265556955137)
2018-04-21 12:55:58 #Voice Chat #1 Server self-mute: Miyuie#6171 (id 210423265556955137)
2018-04-21 12:56:01 #Voice Chat #1 Server self-unmute: Miyuie#6171 (id 210423265556955137)
2018-04-21 12:57:52 #Voice Chat #1 Server self-mute: Miyuie#6171 (id 210423265556955137)
2018-04-21 12:57:59 #Voice Chat #1 Server self-unmute: Miyuie#6171 (id 210423265556955137)
2018-04-21 12:58:03 #Voice Chat #1 Server self-mute: Miyuie#6171 (id 210423265556955137)
2018-04-21 12:58:17 #Voice Chat #1 Server self-unmute: Miyuie#6171 (id 210423265556955137)
2018-04-21 12:58:19 #Voice Chat #1 Server self-mute: Miyuie#6171 (id 210423265556955137)
2018-04-21 13:00:08 #Voice Chat #1 Server self-unmute: Miyuie#6171 (id 210423265556955137)
2018-04-21 13:00:11 #Voice Chat #1 Server self-mute: Miyuie#6171 (id 210423265556955137)
2018-04-21 13:01:01 #Voice Chat #1 Server self-unmute: Miyuie#6171 (id 210423265556955137)
2018-04-21 13:01:02 #Voice Chat #1 Server self-mute: Miyuie#6171 (id 210423265556955137)
2018-04-21 13:01:21 #Voice Chat #1 Server self-unmute: Miyuie#6171 (id 210423265556955137)
2018-04-21 13:01:22 #Voice Chat #1 Server self-mute: Miyuie#6171 (id 210423265556955137)
2018-04-21 13:01:27 #Voice Chat #1 Server self-unmute: Miyuie#6171 (id 210423265556955137)
2018-04-21 13:01:28 #Voice Chat #1 Server self-mute: Miyuie#6171 (id 210423265556955137)
2018-04-21 13:04:23 #Voice Chat #1 Server self-unmute: Miyuie#6171 (id 210423265556955137)
2018-04-21 13:04:23 #Voice Chat #1 Server self-mute: Miyuie#6171 (id 210423265556955137)
2018-04-21 13:08:39 #Voice Chat #1 Server self-unmute: Miyuie#6171 (id 210423265556955137)
2018-04-21 13:08:39 #Voice Chat #1 Server self-mute: Miyuie#6171 (id 210423265556955137)
2018-04-21 13:08:40 #Voice Chat #1 Server self-unmute: Miyuie#6171 (id 210423265556955137)
2018-04-21 13:09:17 #Voice Chat #1 Server self-mute: Miyuie#6171 (id 210423265556955137)
2018-04-21 13:09:21 #Voice Chat #1 Server self-unmute: Miyuie#6171 (id 210423265556955137)
2018-04-21 13:09:32 #Voice Chat #1 Server self-mute: Miyuie#6171 (id 210423265556955137)
2018-04-21 13:09:33 #Voice Chat #1 Server self-unmute: Miyuie#6171 (id 210423265556955137)
2018-04-21 13:09:34 #Voice Chat #1 Server self-mute: Miyuie#6171 (id 210423265556955137)
2018-04-21 13:11:30 #Voice Chat #1 Voice channel leave: Miyuie#6171 (id 210423265556955137)
2018-04-21 13:19:06 #Voice Chat #1 Voice channel join: hvick831#6719 (id 259251896789762048), flags: self_mute
2018-04-21 13:24:25 #Voice Chat #1 Voice channel leave: egu#3102 (id 116549755663810563)
2018-04-21 13:43:37 #Voice Chat #1 Voice channel join: Sharms#2220 (id 386511696014999563)
2018-04-21 13:45:51 #Voice Chat #1 Voice channel join: iSlodinx#7605 (id 279539090482003968), flags: self_deaf,self_mute
2018-04-21 13:46:18 #Voice Chat #1 Server self-undeafen: iSlodinx#7605 (id 279539090482003968)
2018-04-21 13:46:21 #Voice Chat #1 Voice channel leave: iSlodinx#7605 (id 279539090482003968)
2018-04-21 13:48:32 #Voice Chat #1 Voice channel join: iSlodinx#7605 (id 279539090482003968), flags: self_mute
2018-04-21 13:51:59 #Voice Chat #1 Server self-unmute: iSlodinx#7605 (id 279539090482003968)
2018-04-21 13:52:36 #Voice Chat #1 Server self-mute: iSlodinx#7605 (id 279539090482003968)
2018-04-21 13:52:38 #Voice Chat #1 Server self-unmute: iSlodinx#7605 (id 279539090482003968)
2018-04-21 13:55:23 #Voice Chat #1 Server self-mute: iSlodinx#7605 (id 279539090482003968)
2018-04-21 13:55:40 #Voice Chat #1 Server self-unmute: iSlodinx#7605 (id 279539090482003968)
2018-04-21 13:56:43 #Voice Chat #1 Server self-mute: iSlodinx#7605 (id 279539090482003968)
2018-04-21 13:58:02 #Voice Chat #1 Voice channel leave: iSlodinx#7605 (id 279539090482003968)
2018-04-21 13:58:30 #Voice Chat #1 Voice channel join: iSlodinx#7605 (id 279539090482003968), flags: self_mute
2018-04-21 13:58:31 #Voice Chat #1 Server self-unmute: iSlodinx#7605 (id 279539090482003968)
2018-04-21 14:03:17 #Voice Chat #1 Server self-mute: shigetora#6969 (id 307960776780677121)
2018-04-21 14:04:07 #Voice Chat #1 Server self-unmute: shigetora#6969 (id 307960776780677121)
2018-04-21 14:04:14 #Voice Chat #1 Server self-mute: shigetora#6969 (id 307960776780677121)
2018-04-21 14:05:21 #Voice Chat #1 Server self-unmute: shigetora#6969 (id 307960776780677121)
2018-04-21 14:11:11 #Voice Chat #1 Server self-mute: iSlodinx#7605 (id 279539090482003968)
2018-04-21 14:11:18 #Voice Chat #1 Server self-deafen: iSlodinx#7605 (id 279539090482003968)
2018-04-21 14:11:22 #Voice Chat #1 Voice channel leave: iSlodinx#7605 (id 279539090482003968)
2018-04-21 14:13:36 #Voice Chat #1 Voice channel join: iSlodinx#7605 (id 279539090482003968), flags: self_deaf,self_mute
2018-04-21 14:13:38 #Voice Chat #1 Server self-undeafen: iSlodinx#7605 (id 279539090482003968)
2018-04-21 14:13:38 #Voice Chat #1 Server self-unmute: iSlodinx#7605 (id 279539090482003968)
2018-04-21 14:16:04 #Voice Chat #1 Server self-mute: shigetora#6969 (id 307960776780677121)
2018-04-21 14:16:16 #Voice Chat #1 Server self-unmute: shigetora#6969 (id 307960776780677121)
2018-04-21 14:27:17 #Voice Chat #1 Server self-mute: grindersky#4119 (id 213759714406825985)
2018-04-21 14:28:35 #Voice Chat #1 Server self-unmute: grindersky#4119 (id 213759714406825985)
2018-04-21 14:33:07 #Voice Chat #1 Voice channel leave: iSlodinx#7605 (id 279539090482003968)
2018-04-21 14:52:38 #Voice Chat #1 Server self-mute: shigetora#6969 (id 307960776780677121)
2018-04-21 14:53:13 #Voice Chat #1 Server self-unmute: shigetora#6969 (id 307960776780677121)
2018-04-21 15:04:53 #Voice Chat #1 Voice channel join: HashbrownsFTW#8020 (id 154302312381153282)
2018-04-21 15:08:58 #Voice Chat #1 Server self-mute: shigetora#6969 (id 307960776780677121)
2018-04-21 15:08:58 #Voice Chat #1 Server self-unmute: shigetora#6969 (id 307960776780677121)
2018-04-21 15:09:00 #Voice Chat #1 Server self-mute: shigetora#6969 (id 307960776780677121)
2018-04-21 15:09:38 #Voice Chat #1 Server self-unmute: shigetora#6969 (id 307960776780677121)
2018-04-21 15:09:39 #Voice Chat #1 Server self-mute: shigetora#6969 (id 307960776780677121)
2018-04-21 15:10:21 #Voice Chat #1 Server self-unmute: shigetora#6969 (id 307960776780677121)
2018-04-21 15:19:29 #Voice Chat #1 Voice channel leave: hvick831#6719 (id 259251896789762048)
2018-04-21 15:20:18 #Voice Chat #1 Voice channel leave: Sharms#2220 (id 386511696014999563) moving to Music
2018-04-21 15:24:30 #Voice Chat #1 Voice channel join: iSlodinx#7605 (id 279539090482003968)
2018-04-21 15:24:32 #Voice Chat #1 Server self-mute: iSlodinx#7605 (id 279539090482003968)
2018-04-21 15:33:45 #Voice Chat #1 Voice channel leave: iSlodinx#7605 (id 279539090482003968)
2018-04-21 15:34:51 #Voice Chat #1 Voice channel join: Thang#5812 (id 221837356641026048)
2018-04-21 15:34:54 #Voice Chat #1 Server self-deafen: Thang#5812 (id 221837356641026048)
2018-04-21 15:34:54 #Voice Chat #1 Server self-mute: Thang#5812 (id 221837356641026048)
2018-04-21 15:34:54 #Voice Chat #1 Server self-undeafen: Thang#5812 (id 221837356641026048)
2018-04-21 15:34:54 #Voice Chat #1 Server self-unmute: Thang#5812 (id 221837356641026048)
2018-04-21 15:34:55 #Voice Chat #1 Server self-mute: Thang#5812 (id 221837356641026048)
2018-04-21 15:40:21 #Voice Chat #1 Server self-mute: grindersky#4119 (id 213759714406825985)
2018-04-21 15:44:00 #Voice Chat #1 Voice channel leave: Thang#5812 (id 221837356641026048)
2018-04-21 16:40:01 #Voice Chat #1 Voice channel join: DonkeyBallz#0942 (id 325846898177212417)
2018-04-21 16:40:53 #Voice Chat #1 Voice channel leave: DonkeyBallz#0942 (id 325846898177212417)
2018-04-21 16:49:06 #Voice Chat #1 Server self-unmute: grindersky#4119 (id 213759714406825985)
2018-04-21 16:49:20 #Voice Chat #1 Server self-mute: grindersky#4119 (id 213759714406825985)
2018-04-21 16:53:28 #Voice Chat #1 Server self-mute: shigetora#6969 (id 307960776780677121)
2018-04-21 16:53:32 #Voice Chat #1 Voice channel join: Sharms#2220 (id 386511696014999563), moved from Music
2018-04-21 16:53:58 #Voice Chat #1 Voice channel leave: Sharms#2220 (id 386511696014999563) moving to Music
2018-04-21 16:55:22 #Voice Chat #1 Server self-unmute: shigetora#6969 (id 307960776780677121)
2018-04-21 16:55:24 #Voice Chat #1 Server self-mute: ToxicUSA#5198 (id 196799838187159552)
2018-04-21 16:55:25 #Voice Chat #1 Server self-deafen: ToxicUSA#5198 (id 196799838187159552)
2018-04-21 17:03:25 #Voice Chat #1 Server self-undeafen: ToxicUSA#5198 (id 196799838187159552)
2018-04-21 17:03:31 #Voice Chat #1 Server self-unmute: ToxicUSA#5198 (id 196799838187159552)
2018-04-21 17:14:08 #Voice Chat #1 Server self-deafen: ToxicUSA#5198 (id 196799838187159552)
2018-04-21 17:14:08 #Voice Chat #1 Server self-mute: ToxicUSA#5198 (id 196799838187159552)
2018-04-21 17:20:34 #Voice Chat #1 Voice channel leave: shigetora#6969 (id 307960776780677121) moving to Music
2018-04-21 17:20:52 #Voice Chat #1 Server self-unmute: grindersky#4119 (id 213759714406825985)
2018-04-21 17:21:01 #Voice Chat #1 Voice channel join: shigetora#6969 (id 307960776780677121), moved from Music
2018-04-21 17:26:31 #Voice Chat #1 Server self-mute: grindersky#4119 (id 213759714406825985)
2018-04-21 17:33:26 #Voice Chat #1 Voice channel join: iSlodinx#7605 (id 279539090482003968)
2018-04-21 17:33:32 #Voice Chat #1 Server self-unmute: grindersky#4119 (id 213759714406825985)
2018-04-21 17:35:55 #Voice Chat #1 Voice channel leave: grindersky#4119 (id 213759714406825985)
2018-04-21 17:36:02 #Voice Chat #1 Voice channel join: grindersky#4119 (id 213759714406825985)
2018-04-21 17:36:35 #Voice Chat #1 Voice channel leave: HashbrownsFTW#8020 (id 154302312381153282)
2018-04-21 17:42:26 #Voice Chat #1 Voice channel leave: iSlodinx#7605 (id 279539090482003968)
2018-04-21 17:42:33 #Voice Chat #1 Voice channel join: iSlodinx#7605 (id 279539090482003968)
2018-04-21 18:01:03 #Voice Chat #1 Server self-mute: shigetora#6969 (id 307960776780677121)
2018-04-21 18:01:03 #Voice Chat #1 Server self-deafen: shigetora#6969 (id 307960776780677121)
2018-04-21 18:02:06 #Voice Chat #1 Voice channel leave: iSlodinx#7605 (id 279539090482003968)
2018-04-21 18:04:31 #Voice Chat #1 Voice channel join: Ice Bear#5272 (id 201934144253460480)
2018-04-21 18:04:51 #Voice Chat #1 Server self-deafen: Ice Bear#5272 (id 201934144253460480)
2018-04-21 18:04:51 #Voice Chat #1 Server self-mute: Ice Bear#5272 (id 201934144253460480)
2018-04-21 18:04:52 #Voice Chat #1 Server self-undeafen: Ice Bear#5272 (id 201934144253460480)
2018-04-21 18:04:52 #Voice Chat #1 Server self-unmute: Ice Bear#5272 (id 201934144253460480)
2018-04-21 18:15:23 #Voice Chat #1 Voice channel join: DonkeyBallz#0942 (id 325846898177212417)
2018-04-21 18:16:28 #Voice Chat #1 Server self-unmute: shigetora#6969 (id 307960776780677121)
2018-04-21 18:16:28 #Voice Chat #1 Server self-undeafen: shigetora#6969 (id 307960776780677121)
2018-04-21 18:23:12 #Voice Chat #1 Server self-mute: Ice Bear#5272 (id 201934144253460480)
2018-04-21 18:23:19 #Voice Chat #1 Server self-unmute: Ice Bear#5272 (id 201934144253460480)
2018-04-21 18:35:09 #Voice Chat #1 Server self-mute: Ice Bear#5272 (id 201934144253460480)
2018-04-21 18:36:35 #Voice Chat #1 Server self-unmute: Ice Bear#5272 (id 201934144253460480)
2018-04-21 18:38:17 #Voice Chat #1 Voice channel join: iSlodinx#7605 (id 279539090482003968)
2018-04-21 18:38:21 #Voice Chat #1 Server self-mute: iSlodinx#7605 (id 279539090482003968)
2018-04-21 18:38:58 #Voice Chat #1 Voice channel leave: iSlodinx#7605 (id 279539090482003968)
2018-04-21 18:39:32 #Voice Chat #1 Voice channel join: hvick831#6719 (id 259251896789762048), flags: self_mute
2018-04-21 18:54:36 #Voice Chat #1 Voice channel leave: hvick831#6719 (id 259251896789762048)
2018-04-21 19:03:13 #Voice Chat #1 Voice channel join: ImSwifterr#1584 (id 270396109636108291)
2018-04-21 19:06:12 #Voice Chat #1 Server self-undeafen: ToxicUSA#5198 (id 196799838187159552)
2018-04-21 19:06:12 #Voice Chat #1 Server self-unmute: ToxicUSA#5198 (id 196799838187159552)
2018-04-21 19:09:41 #Voice Chat #1 Voice channel join: hvick831#6719 (id 259251896789762048), flags: self_mute
2018-04-21 19:11:40 #Voice Chat #1 Voice channel join: UselessCancer#1890 (id 269775965289185281)
2018-04-21 19:13:05 #Voice Chat #1 Voice channel leave: hvick831#6719 (id 259251896789762048)
2018-04-21 19:20:46 #Voice Chat #1 Voice channel join: Orbit#5805 (id 210930418214502401)
2018-04-21 19:24:22 #Voice Chat #1 Voice channel leave: Orbit#5805 (id 210930418214502401)
2018-04-21 19:26:09 #Voice Chat #1 Voice channel join: Orbit#5805 (id 210930418214502401)
2018-04-21 19:32:27 #Voice Chat #1 Voice channel leave: grindersky#4119 (id 213759714406825985)
2018-04-21 19:32:35 #Voice Chat #1 Voice channel join: grindersky#4119 (id 213759714406825985)
2018-04-21 19:39:19 #Voice Chat #1 Voice channel join: Lund#7304 (id 333447258194575381)
2018-04-21 19:41:32 #Voice Chat #1 Voice channel leave: Lund#7304 (id 333447258194575381)
2018-04-21 19:46:42 #Voice Chat #1 Voice channel leave: ToxicUSA#5198 (id 196799838187159552)
2018-04-21 19:51:33 #Voice Chat #1 Voice channel leave: DonkeyBallz#0942 (id 325846898177212417)
2018-04-21 19:54:28 #Voice Chat #1 Voice channel join: ToxicUSA#5198 (id 196799838187159552)
2018-04-21 19:55:55 #Voice Chat #1 Server self-mute: Orbit#5805 (id 210930418214502401)
2018-04-21 19:55:56 #Voice Chat #1 Server self-deafen: Orbit#5805 (id 210930418214502401)
2018-04-21 20:03:02 #Voice Chat #1 Voice channel leave: grindersky#4119 (id 213759714406825985)
2018-04-21 20:04:57 #Voice Chat #1 Voice channel leave: ToxicUSA#5198 (id 196799838187159552)
2018-04-21 20:21:03 #Voice Chat #1 Voice channel leave: ImSwifterr#1584 (id 270396109636108291)
2018-04-21 20:22:26 #Voice Chat #1 Voice channel join: ImSwifterr#1584 (id 270396109636108291)
2018-04-21 20:38:21 #Voice Chat #1 Voice channel leave: Orbit#5805 (id 210930418214502401)
2018-04-21 20:49:36 #Voice Chat #1 Server self-mute: shigetora#6969 (id 307960776780677121)
2018-04-21 20:50:53 #Voice Chat #1 Voice channel join: grindersky#4119 (id 213759714406825985)
2018-04-21 21:02:49 #Voice Chat #1 Server self-deafen: ImSwifterr#1584 (id 270396109636108291)
2018-04-21 21:02:49 #Voice Chat #1 Server self-mute: ImSwifterr#1584 (id 270396109636108291)
2018-04-21 21:07:52 #Voice Chat #1 Server self-undeafen: ImSwifterr#1584 (id 270396109636108291)
2018-04-21 21:07:52 #Voice Chat #1 Server self-unmute: ImSwifterr#1584 (id 270396109636108291)
2018-04-21 21:09:00 #Voice Chat #1 Server self-deafen: shigetora#6969 (id 307960776780677121)
2018-04-21 21:09:08 #Voice Chat #1 Voice channel leave: shigetora#6969 (id 307960776780677121)
2018-04-21 21:09:47 #Voice Chat #1 Voice channel leave: grindersky#4119 (id 213759714406825985)
2018-04-21 21:44:02 #Voice Chat #1 Voice channel join: HashbrownsFTW#8020 (id 154302312381153282)
2018-04-21 21:44:42 #Voice Chat #1 Server self-mute: Ice Bear#5272 (id 201934144253460480)
2018-04-21 21:45:19 #Voice Chat #1 Server self-unmute: Ice Bear#5272 (id 201934144253460480)
2018-04-21 21:46:15 #Voice Chat #1 Server self-deafen: Ice Bear#5272 (id 201934144253460480)
2018-04-21 21:46:15 #Voice Chat #1 Server self-mute: Ice Bear#5272 (id 201934144253460480)
2018-04-21 22:00:18 #Voice Chat #1 Voice channel leave: HashbrownsFTW#8020 (id 154302312381153282)
2018-04-21 22:15:42 #Voice Chat #1 Voice channel leave: ImSwifterr#1584 (id 270396109636108291)
2018-04-21 22:27:46 #Voice Chat #1 Voice channel join: HashbrownsFTW#8020 (id 154302312381153282)
2018-04-21 22:28:02 #Voice Chat #1 Voice channel leave: HashbrownsFTW#8020 (id 154302312381153282)
2018-04-21 22:39:50 #Voice Chat #1 Voice channel leave: UselessCancer#1890 (id 269775965289185281)
2018-04-21 22:51:23 #Voice Chat #1 Voice channel join: shigetora#6969 (id 307960776780677121), flags: self_deaf,self_mute
2018-04-21 23:01:06 #Voice Chat #1 Voice channel join: grindersky#4119 (id 213759714406825985), flags: self_mute
2018-04-21 23:01:40 #Voice Chat #1 Voice channel leave: grindersky#4119 (id 213759714406825985) moving to Voice Chat #2
2018-04-21 23:01:41 #Voice Chat #1 Voice channel join: grindersky#4119 (id 213759714406825985), moved from Voice Chat #2, flags: self_mute
2018-04-21 23:25:15 #Voice Chat #1 Server self-unmute: grindersky#4119 (id 213759714406825985)
2018-04-21 23:27:04 #Voice Chat #1 Server self-undeafen: Ice Bear#5272 (id 201934144253460480)
2018-04-21 23:27:04 #Voice Chat #1 Server self-unmute: Ice Bear#5272 (id 201934144253460480)
2018-04-21 23:28:06 #Voice Chat #1 Server self-mute: Ice Bear#5272 (id 201934144253460480)
2018-04-21 23:43:32 #Voice Chat #1 Server self-mute: grindersky#4119 (id 213759714406825985)
2018-04-22 00:30:14 #Voice Chat #1 Server self-unmute: grindersky#4119 (id 213759714406825985)
2018-04-22 00:30:14 #Voice Chat #1 Voice channel leave: grindersky#4119 (id 213759714406825985)
2018-04-22 01:40:25 #Voice Chat #1 Voice channel leave: Ice Bear#5272 (id 201934144253460480)
2018-04-22 01:42:14 #Voice Chat #1 Voice channel join: Ice Bear#5272 (id 201934144253460480)
2018-04-22 01:42:16 #Voice Chat #1 Voice channel leave: Ice Bear#5272 (id 201934144253460480)
2018-04-22 01:42:58 #Voice Chat #1 Voice channel join: Ice Bear#5272 (id 201934144253460480)
2018-04-22 01:43:00 #Voice Chat #1 Server self-mute: Ice Bear#5272 (id 201934144253460480)
2018-04-22 04:11:56 #Voice Chat #1 Voice channel join: Lund#7304 (id 333447258194575381)
2018-04-22 04:12:07 #Voice Chat #1 Voice channel leave: Lund#7304 (id 333447258194575381)
2018-04-22 05:54:27 #Voice Chat #1 Server self-unmute: Ice Bear#5272 (id 201934144253460480)
2018-04-22 06:05:23 #Voice Chat #1 Voice channel leave: shigetora#6969 (id 307960776780677121)
2018-04-22 06:18:37 #Voice Chat #1 Voice channel leave: Ice Bear#5272 (id 201934144253460480)
2018-04-22 14:07:10 #Voice Chat #1 Voice channel join: nemoz#1111 (id 141921652555513857)
2018-04-22 14:07:12 #Voice Chat #1 Voice channel leave: nemoz#1111 (id 141921652555513857)
2018-04-22 14:56:52 #Voice Chat #1 Voice channel join: grindersky#4119 (id 213759714406825985)
2018-04-22 14:57:23 #Voice Chat #1 Server self-mute: grindersky#4119 (id 213759714406825985)
2018-04-22 15:32:05 #Voice Chat #1 Voice channel leave: grindersky#4119 (id 213759714406825985)
2018-04-22 16:12:56 #Voice Chat #1 Voice channel join: grindersky#4119 (id 213759714406825985)
2018-04-22 17:36:25 #Voice Chat #1 Server self-mute: grindersky#4119 (id 213759714406825985)
2018-04-22 18:30:56 #Voice Chat #1 Voice channel leave: grindersky#4119 (id 213759714406825985)
2018-04-22 18:40:23 #Voice Chat #1 Voice channel join: Ice Bear#5272 (id 201934144253460480)
2018-04-22 18:40:39 #Voice Chat #1 Voice channel join: grindersky#4119 (id 213759714406825985), flags: self_mute
2018-04-22 18:40:47 #Voice Chat #1 Server self-unmute: grindersky#4119 (id 213759714406825985)
2018-04-22 18:40:48 #Voice Chat #1 Server self-mute: grindersky#4119 (id 213759714406825985)
2018-04-22 18:40:56 #Voice Chat #1 Server self-unmute: grindersky#4119 (id 213759714406825985)
2018-04-22 18:49:49 #Voice Chat #1 Voice channel join: shigetora#6969 (id 307960776780677121), flags: self_deaf,self_mute
2018-04-22 18:49:50 #Voice Chat #1 Server self-unmute: shigetora#6969 (id 307960776780677121)
2018-04-22 18:49:51 #Voice Chat #1 Server self-undeafen: shigetora#6969 (id 307960776780677121)
2018-04-22 19:01:33 #Voice Chat #1 Voice channel join: iSlodinx#7605 (id 279539090482003968), flags: self_mute
2018-04-22 19:01:39 #Voice Chat #1 Server self-unmute: iSlodinx#7605 (id 279539090482003968)
2018-04-22 19:09:59 #Voice Chat #1 Voice channel leave: iSlodinx#7605 (id 279539090482003968)
2018-04-22 19:23:08 #Voice Chat #1 Voice channel join: ImSwifterr#1584 (id 270396109636108291)
2018-04-22 19:25:21 #Voice Chat #1 Voice channel join: Mire#8704 (id 143491787200135169)
2018-04-22 19:53:10 #Voice Chat #1 Server self-deafen: Mire#8704 (id 143491787200135169)
2018-04-22 19:53:10 #Voice Chat #1 Server self-mute: Mire#8704 (id 143491787200135169)
2018-04-22 20:21:25 #Voice Chat #1 Voice channel join: iSlodinx#7605 (id 279539090482003968)
2018-04-22 20:21:26 #Voice Chat #1 Server self-mute: iSlodinx#7605 (id 279539090482003968)
2018-04-22 20:31:32 #Voice Chat #1 Server self-unmute: iSlodinx#7605 (id 279539090482003968)
2018-04-22 20:31:57 #Voice Chat #1 Server self-mute: iSlodinx#7605 (id 279539090482003968)
2018-04-22 20:37:53 #Voice Chat #1 Voice channel leave: Ice Bear#5272 (id 201934144253460480)
2018-04-22 20:39:54 #Voice Chat #1 Voice channel join: Ice Bear#5272 (id 201934144253460480)
2018-04-22 20:48:36 #Voice Chat #1 Server self-unmute: iSlodinx#7605 (id 279539090482003968)
2018-04-22 20:52:49 #Voice Chat #1 Voice channel leave: iSlodinx#7605 (id 279539090482003968)
2018-04-22 21:13:32 #Voice Chat #1 Voice channel join: hvick831#6719 (id 259251896789762048), flags: self_mute
2018-04-22 21:20:47 #Voice Chat #1 Server self-deafen: grindersky#4119 (id 213759714406825985)
2018-04-22 21:20:47 #Voice Chat #1 Server self-mute: grindersky#4119 (id 213759714406825985)
2018-04-22 21:35:41 #Voice Chat #1 Server self-undeafen: grindersky#4119 (id 213759714406825985)
2018-04-22 21:35:41 #Voice Chat #1 Server self-unmute: grindersky#4119 (id 213759714406825985)
2018-04-22 21:43:47 #Voice Chat #1 Server self-mute: grindersky#4119 (id 213759714406825985)
2018-04-22 21:45:46 #Voice Chat #1 Voice channel leave: Ice Bear#5272 (id 201934144253460480)
2018-04-22 21:47:53 #Voice Chat #1 Voice channel leave: grindersky#4119 (id 213759714406825985)
2018-04-22 21:48:52 #Voice Chat #1 Server self-undeafen: Mire#8704 (id 143491787200135169)
2018-04-22 21:48:52 #Voice Chat #1 Server self-unmute: Mire#8704 (id 143491787200135169)
2018-04-22 21:50:17 #Voice Chat #1 Voice channel join: nemoz#1111 (id 141921652555513857)
2018-04-22 22:04:50 #Voice Chat #1 Voice channel leave: hvick831#6719 (id 259251896789762048)
2018-04-22 22:13:51 #Voice Chat #1 Voice channel join: iSlodinx#7605 (id 279539090482003968), flags: self_deaf,self_mute
2018-04-22 22:13:52 #Voice Chat #1 Server self-unmute: iSlodinx#7605 (id 279539090482003968)
2018-04-22 22:13:53 #Voice Chat #1 Server self-undeafen: iSlodinx#7605 (id 279539090482003968)
2018-04-22 22:13:53 #Voice Chat #1 Server self-mute: iSlodinx#7605 (id 279539090482003968)
2018-04-22 22:14:09 #Voice Chat #1 Voice channel join: grindersky#4119 (id 213759714406825985)
2018-04-22 22:14:11 #Voice Chat #1 Server self-mute: grindersky#4119 (id 213759714406825985)
2018-04-22 22:14:42 #Voice Chat #1 Server self-unmute: grindersky#4119 (id 213759714406825985)
2018-04-22 22:16:33 #Voice Chat #1 Voice channel leave: grindersky#4119 (id 213759714406825985)
2018-04-22 22:28:25 #Voice Chat #1 Voice channel join: Ice Bear#5272 (id 201934144253460480)
2018-04-22 22:28:32 #Voice Chat #1 Server self-unmute: iSlodinx#7605 (id 279539090482003968)
2018-04-22 22:30:58 #Voice Chat #1 Server self-mute: iSlodinx#7605 (id 279539090482003968)
2018-04-22 22:31:04 #Voice Chat #1 Voice channel leave: ImSwifterr#1584 (id 270396109636108291)
2018-04-22 22:32:25 #Voice Chat #1 Server self-unmute: iSlodinx#7605 (id 279539090482003968)
2018-04-22 22:57:23 #Voice Chat #1 Voice channel join: hvick831#6719 (id 259251896789762048), flags: self_mute
2018-04-22 23:02:25 #Voice Chat #1 Voice channel join: DonkeyBallz#0942 (id 325846898177212417)
2018-04-22 23:02:50 #Voice Chat #1 Voice channel leave: DonkeyBallz#0942 (id 325846898177212417)
2018-04-22 23:32:19 #Voice Chat #1 Voice channel leave: iSlodinx#7605 (id 279539090482003968)
2018-04-22 23:50:22 #Voice Chat #1 Server self-deafen: hvick831#6719 (id 259251896789762048)
2018-04-22 23:50:29 #Voice Chat #1 Voice channel join: grindersky#4119 (id 213759714406825985)
2018-04-22 23:50:30 #Voice Chat #1 Server self-mute: grindersky#4119 (id 213759714406825985)
2018-04-22 23:50:38 #Voice Chat #1 Server self-undeafen: hvick831#6719 (id 259251896789762048)
2018-04-22 23:51:13 #Voice Chat #1 Voice channel leave: hvick831#6719 (id 259251896789762048)
2018-04-23 00:06:09 #Voice Chat #1 Server self-deafen: Mire#8704 (id 143491787200135169)
2018-04-23 00:06:09 #Voice Chat #1 Server self-mute: Mire#8704 (id 143491787200135169)
2018-04-23 00:13:13 #Voice Chat #1 Server self-mute: shigetora#6969 (id 307960776780677121)
2018-04-23 00:13:14 #Voice Chat #1 Server self-deafen: shigetora#6969 (id 307960776780677121)
2018-04-23 00:13:15 #Voice Chat #1 Voice channel leave: shigetora#6969 (id 307960776780677121)
2018-04-23 00:13:33 #Voice Chat #1 Voice channel leave: nemoz#1111 (id 141921652555513857)
2018-04-23 00:15:54 #Voice Chat #1 Voice channel leave: grindersky#4119 (id 213759714406825985)
2018-04-23 00:52:14 #Voice Chat #1 Voice channel leave: Ice Bear#5272 (id 201934144253460480)
2018-04-23 00:52:40 #Voice Chat #1 Server self-undeafen: Mire#8704 (id 143491787200135169)
2018-04-23 00:52:40 #Voice Chat #1 Server self-unmute: Mire#8704 (id 143491787200135169)
2018-04-23 00:53:10 #Voice Chat #1 Voice channel join: Ice Bear#5272 (id 201934144253460480)
2018-04-23 00:54:01 #Voice Chat #1 Server self-mute: Ice Bear#5272 (id 201934144253460480)
2018-04-23 00:54:33 #Voice Chat #1 Server self-unmute: Ice Bear#5272 (id 201934144253460480)
2018-04-23 00:55:16 #Voice Chat #1 Voice channel leave: Mire#8704 (id 143491787200135169)
2018-04-23 00:55:21 #Voice Chat #1 Voice channel leave: Ice Bear#5272 (id 201934144253460480)
2018-04-23 03:19:30 #Voice Chat #1 Voice channel join: Ice Bear#5272 (id 201934144253460480)
2018-04-23 03:20:18 #Voice Chat #1 Voice channel leave: Ice Bear#5272 (id 201934144253460480)
2018-04-23 15:09:04 #Voice Chat #1 Voice channel join: shigetora#6969 (id 307960776780677121), moved from Staff
2018-04-23 15:11:48 #Voice Chat #1 Voice channel join: grindersky#4119 (id 213759714406825985), flags: self_mute
2018-04-23 15:13:22 #Voice Chat #1 Server self-unmute: grindersky#4119 (id 213759714406825985)
2018-04-23 15:34:11 #Voice Chat #1 Voice channel join: Sterben#4978 (id 117216114890506249)
2018-04-23 15:36:17 #Voice Chat #1 Voice channel leave: Sterben#4978 (id 117216114890506249)
2018-04-23 16:36:10 #Voice Chat #1 Voice channel leave: shigetora#6969 (id 307960776780677121)
2018-04-23 16:36:16 #Voice Chat #1 Voice channel join: shigetora#6969 (id 307960776780677121)
2018-04-23 16:36:54 #Voice Chat #1 Voice channel join: muffin#0727 (id 277824165208129536)
2018-04-23 16:37:00 #Voice Chat #1 Voice channel leave: muffin#0727 (id 277824165208129536)
2018-04-23 17:03:54 #Voice Chat #1 Voice channel join: twitch.tv/Regless_ES#2882 (id 160427370950557699)
2018-04-23 17:04:05 #Voice Chat #1 Server self-unmute: grindersky#4119 (id 213759714406825985)
2018-04-23 17:04:09 #Voice Chat #1 Server self-deafen: shigetora#6969 (id 307960776780677121)
2018-04-23 17:04:09 #Voice Chat #1 Server self-mute: shigetora#6969 (id 307960776780677121)
2018-04-23 17:04:10 #Voice Chat #1 Server self-undeafen: shigetora#6969 (id 307960776780677121)
2018-04-23 17:04:11 #Voice Chat #1 Server self-unmute: shigetora#6969 (id 307960776780677121)
2018-04-23 17:04:14 #Voice Chat #1 Server self-mute: grindersky#4119 (id 213759714406825985)
2018-04-23 17:04:43 #Voice Chat #1 Server self-unmute: grindersky#4119 (id 213759714406825985)
2018-04-23 17:05:37 #Voice Chat #1 Voice channel join: iSlodinx#7605 (id 279539090482003968)
2018-04-23 17:06:07 #Voice Chat #1 Server self-mute: shigetora#6969 (id 307960776780677121)
2018-04-23 17:06:07 #Voice Chat #1 Voice channel leave: shigetora#6969 (id 307960776780677121)
2018-04-23 17:06:11 #Voice Chat #1 Voice channel join: shigetora#6969 (id 307960776780677121), flags: self_mute
2018-04-23 17:06:12 #Voice Chat #1 Server self-unmute: shigetora#6969 (id 307960776780677121)
2018-04-23 17:10:48 #Voice Chat #1 Voice channel leave: grindersky#4119 (id 213759714406825985)
2018-04-23 17:11:09 #Voice Chat #1 Server self-mute: iSlodinx#7605 (id 279539090482003968)
2018-04-23 17:16:51 #Voice Chat #1 Server self-deafen: twitch.tv/Regless_ES#2882 (id 160427370950557699)
2018-04-23 17:16:51 #Voice Chat #1 Server self-mute: twitch.tv/Regless_ES#2882 (id 160427370950557699)
2018-04-23 17:17:54 #Voice Chat #1 Server self-mute: shigetora#6969 (id 307960776780677121)
2018-04-23 17:18:16 #Voice Chat #1 Server self-undeafen: twitch.tv/Regless_ES#2882 (id 160427370950557699)
2018-04-23 17:18:16 #Voice Chat #1 Server self-unmute: twitch.tv/Regless_ES#2882 (id 160427370950557699)
2018-04-23 17:18:19 #Voice Chat #1 Server self-unmute: shigetora#6969 (id 307960776780677121)
2018-04-23 17:22:10 #Voice Chat #1 Server self-mute: twitch.tv/Regless_ES#2882 (id 160427370950557699)
2018-04-23 17:24:43 #Voice Chat #1 Server self-unmute: twitch.tv/Regless_ES#2882 (id 160427370950557699)
2018-04-23 17:26:46 #Voice Chat #1 Server self-deafen: twitch.tv/Regless_ES#2882 (id 160427370950557699)
2018-04-23 17:26:46 #Voice Chat #1 Server self-mute: twitch.tv/Regless_ES#2882 (id 160427370950557699)
2018-04-23 17:28:14 #Voice Chat #1 Server self-undeafen: twitch.tv/Regless_ES#2882 (id 160427370950557699)
2018-04-23 17:28:14 #Voice Chat #1 Server self-unmute: twitch.tv/Regless_ES#2882 (id 160427370950557699)
2018-04-23 17:36:24 #Voice Chat #1 Server self-unmute: iSlodinx#7605 (id 279539090482003968)
2018-04-23 17:36:29 #Voice Chat #1 Server self-mute: shigetora#6969 (id 307960776780677121)
2018-04-23 17:38:26 #Voice Chat #1 Server self-mute: twitch.tv/Regless_ES#2882 (id 160427370950557699)
2018-04-23 17:38:32 #Voice Chat #1 Server self-mute: iSlodinx#7605 (id 279539090482003968)
2018-04-23 17:39:22 #Voice Chat #1 Voice channel leave: iSlodinx#7605 (id 279539090482003968)
2018-04-23 17:44:23 #Voice Chat #1 Server self-unmute: shigetora#6969 (id 307960776780677121)
2018-04-23 17:45:12 #Voice Chat #1 Server self-unmute: twitch.tv/Regless_ES#2882 (id 160427370950557699)
2018-04-23 17:46:52 #Voice Chat #1 Voice channel join: . . .#3463 (id 135236528057090048), flags: self_mute
2018-04-23 17:47:15 #Voice Chat #1 Voice channel leave: . . .#3463 (id 135236528057090048)
2018-04-23 18:07:54 #Voice Chat #1 Voice channel join: 🇮🇲🇸🇼🇮🇫🇹🇪🇷🇷#1584 (id 270396109636108291)
2018-04-23 18:45:50 #Voice Chat #1 Server self-deafen: twitch.tv/Regless_ES#2882 (id 160427370950557699)
2018-04-23 18:45:50 #Voice Chat #1 Server self-mute: twitch.tv/Regless_ES#2882 (id 160427370950557699)
2018-04-23 18:46:35 #Voice Chat #1 Server self-undeafen: twitch.tv/Regless_ES#2882 (id 160427370950557699)
2018-04-23 18:46:35 #Voice Chat #1 Server self-unmute: twitch.tv/Regless_ES#2882 (id 160427370950557699)
2018-04-23 18:57:02 #Voice Chat #1 Server self-deafen: twitch.tv/Regless_ES#2882 (id 160427370950557699)
2018-04-23 18:57:02 #Voice Chat #1 Server self-mute: twitch.tv/Regless_ES#2882 (id 160427370950557699)
2018-04-23 18:57:16 #Voice Chat #1 Server self-undeafen: twitch.tv/Regless_ES#2882 (id 160427370950557699)
2018-04-23 18:57:16 #Voice Chat #1 Server self-unmute: twitch.tv/Regless_ES#2882 (id 160427370950557699)
2018-04-23 19:01:25 #Voice Chat #1 Server self-deafen: twitch.tv/Regless_ES#2882 (id 160427370950557699)
2018-04-23 19:01:25 #Voice Chat #1 Server self-mute: twitch.tv/Regless_ES#2882 (id 160427370950557699)
2018-04-23 19:25:11 #Voice Chat #1 Server self-undeafen: twitch.tv/Regless_ES#2882 (id 160427370950557699)
2018-04-23 19:25:11 #Voice Chat #1 Server self-unmute: twitch.tv/Regless_ES#2882 (id 160427370950557699)
2018-04-23 19:42:52 #Voice Chat #1 Voice channel join: Vaxei#9574 (id 224339903234703362)
2018-04-23 19:43:05 #Voice Chat #1 Voice channel join: iSlodinx#7605 (id 279539090482003968)
2018-04-23 19:43:09 #Voice Chat #1 Server self-mute: iSlodinx#7605 (id 279539090482003968)
2018-04-23 19:43:11 #Voice Chat #1 Server self-mute: Vaxei#9574 (id 224339903234703362)
2018-04-23 19:43:16 #Voice Chat #1 Server self-unmute: iSlodinx#7605 (id 279539090482003968)
2018-04-23 19:44:24 #Voice Chat #1 Server self-mute: iSlodinx#7605 (id 279539090482003968)
2018-04-23 19:44:40 #Voice Chat #1 Server self-unmute: Vaxei#9574 (id 224339903234703362)
2018-04-23 19:58:39 #Voice Chat #1 Voice channel leave: Vaxei#9574 (id 224339903234703362)
2018-04-23 19:58:42 #Voice Chat #1 Voice channel join: Vaxei#9574 (id 224339903234703362)
2018-04-23 20:15:44 #Voice Chat #1 Server self-deafen: 🇮🇲🇸🇼🇮🇫🇹🇪🇷🇷#1584 (id 270396109636108291)
2018-04-23 20:15:44 #Voice Chat #1 Server self-mute: 🇮🇲🇸🇼🇮🇫🇹🇪🇷🇷#1584 (id 270396109636108291)
2018-04-23 20:16:40 #Voice Chat #1 Server self-undeafen: 🇮🇲🇸🇼🇮🇫🇹🇪🇷🇷#1584 (id 270396109636108291)
2018-04-23 20:16:40 #Voice Chat #1 Server self-unmute: 🇮🇲🇸🇼🇮🇫🇹🇪🇷🇷#1584 (id 270396109636108291)
2018-04-23 20:28:54 #Voice Chat #1 Voice channel leave: iSlodinx#7605 (id 279539090482003968)
2018-04-23 20:43:32 #Voice Chat #1 Server self-deafen: twitch.tv/Regless_ES#2882 (id 160427370950557699)
2018-04-23 20:43:32 #Voice Chat #1 Server self-mute: twitch.tv/Regless_ES#2882 (id 160427370950557699)
2018-04-23 21:04:06 #Voice Chat #1 Server self-undeafen: twitch.tv/Regless_ES#2882 (id 160427370950557699)
2018-04-23 21:04:06 #Voice Chat #1 Server self-unmute: twitch.tv/Regless_ES#2882 (id 160427370950557699)
2018-04-23 21:12:30 #Voice Chat #1 Server self-deafen: twitch.tv/Regless_ES#2882 (id 160427370950557699)
2018-04-23 21:12:30 #Voice Chat #1 Server self-mute: twitch.tv/Regless_ES#2882 (id 160427370950557699)
2018-04-23 21:14:42 #Voice Chat #1 Voice channel leave: twitch.tv/Regless_ES#2882 (id 160427370950557699)
2018-04-23 21:17:37 #Voice Chat #1 Voice channel join: grindersky#4119 (id 213759714406825985), flags: self_mute
2018-04-23 21:18:55 #Voice Chat #1 Voice channel leave: grindersky#4119 (id 213759714406825985)
2018-04-23 21:27:20 #Voice Chat #1 Voice channel join: DonkeyBallz#0942 (id 325846898177212417)
2018-04-23 21:27:49 #Voice Chat #1 Server self-mute: shigetora#6969 (id 307960776780677121)
2018-04-23 21:27:54 #Voice Chat #1 Server self-unmute: shigetora#6969 (id 307960776780677121)
2018-04-23 21:28:59 #Voice Chat #1 Voice channel leave: DonkeyBallz#0942 (id 325846898177212417)
2018-04-23 23:54:12 #Voice Chat #1 Voice channel join: Mire#8704 (id 143491787200135169)
2018-04-24 00:01:33 #Voice Chat #1 Voice channel join: Orbit#5805 (id 210930418214502401)
2018-04-24 00:02:19 #Voice Chat #1 Voice channel leave: Vaxei#9574 (id 224339903234703362)
2018-04-24 00:02:21 #Voice Chat #1 Voice channel join: Vaxei#9574 (id 224339903234703362)
2018-04-24 00:06:02 #Voice Chat #1 Server self-deafen: Mire#8704 (id 143491787200135169)
2018-04-24 00:06:02 #Voice Chat #1 Server self-mute: Mire#8704 (id 143491787200135169)
2018-04-24 00:09:11 #Voice Chat #1 Voice channel leave: Mire#8704 (id 143491787200135169)
2018-04-24 00:13:54 #Voice Chat #1 Voice channel join: Ice Bear#5272 (id 201934144253460480)
2018-04-24 00:16:07 #Voice Chat #1 Server self-deafen: Orbit#5805 (id 210930418214502401)
2018-04-24 00:16:07 #Voice Chat #1 Server self-mute: Orbit#5805 (id 210930418214502401)
2018-04-24 00:39:36 #Voice Chat #1 Voice channel join: hvick831#6719 (id 259251896789762048), flags: self_mute
2018-04-24 01:01:00 #Voice Chat #1 Voice channel leave: hvick831#6719 (id 259251896789762048)
2018-04-24 01:01:05 #Voice Chat #1 Voice channel join: hvick831#6719 (id 259251896789762048), flags: self_mute
2018-04-24 01:16:16 #Voice Chat #1 Voice channel leave: hvick831#6719 (id 259251896789762048)
2018-04-24 01:38:31 #Voice Chat #1 Voice channel leave: Vaxei#9574 (id 224339903234703362)
2018-04-24 01:44:13 #Voice Chat #1 Voice channel join: hvick831#6719 (id 259251896789762048), flags: self_mute
2018-04-24 01:45:53 #Voice Chat #1 Voice channel leave: hvick831#6719 (id 259251896789762048)
2018-04-24 02:22:52 #Voice Chat #1 Voice channel leave: Ice Bear#5272 (id 201934144253460480)
2018-04-24 02:23:42 #Voice Chat #1 Voice channel join: Mire#8704 (id 143491787200135169), flags: self_deaf,self_mute
2018-04-24 02:23:44 #Voice Chat #1 Server self-undeafen: Mire#8704 (id 143491787200135169)
2018-04-24 02:23:44 #Voice Chat #1 Server self-unmute: Mire#8704 (id 143491787200135169)
2018-04-24 02:24:18 #Voice Chat #1 Voice channel join: Ice Bear#5272 (id 201934144253460480)
2018-04-24 02:24:34 #Voice Chat #1 Server self-deafen: Mire#8704 (id 143491787200135169)
2018-04-24 02:24:34 #Voice Chat #1 Server self-mute: Mire#8704 (id 143491787200135169)
2018-04-24 02:26:19 #Voice Chat #1 Voice channel join: Reflex_FL#5175 (id 319321381500092416)
2018-04-24 02:31:34 #Voice Chat #1 Voice channel leave: Reflex_FL#5175 (id 319321381500092416)
2018-04-24 03:16:27 #Voice Chat #1 Server self-mute: shigetora#6969 (id 307960776780677121)
2018-04-24 03:16:28 #Voice Chat #1 Server self-deafen: shigetora#6969 (id 307960776780677121)
2018-04-24 03:17:42 #Voice Chat #1 Server self-unmute: shigetora#6969 (id 307960776780677121)
2018-04-24 03:17:43 #Voice Chat #1 Server self-undeafen: shigetora#6969 (id 307960776780677121)
2018-04-24 03:22:21 #Voice Chat #1 Voice channel leave: Mire#8704 (id 143491787200135169)
2018-04-24 03:35:41 #Voice Chat #1 Voice channel join: Reflex_FL#5175 (id 319321381500092416)
2018-04-24 03:42:05 #Voice Chat #1 Voice channel join: twitch.tv/Regless_ES#2882 (id 160427370950557699), flags: self_deaf,self_mute
2018-04-24 03:48:13 #Voice Chat #1 Server self-mute: shigetora#6969 (id 307960776780677121)
2018-04-24 03:50:03 #Voice Chat #1 Server self-unmute: shigetora#6969 (id 307960776780677121)
2018-04-24 03:51:38 #Voice Chat #1 Server self-mute: shigetora#6969 (id 307960776780677121)
2018-04-24 03:52:01 #Voice Chat #1 Server self-unmute: shigetora#6969 (id 307960776780677121)
2018-04-24 03:54:28 #Voice Chat #1 Server self-mute: Ice Bear#5272 (id 201934144253460480)
2018-04-24 03:58:12 #Voice Chat #1 Server self-mute: shigetora#6969 (id 307960776780677121)
2018-04-24 04:00:03 #Voice Chat #1 Server self-unmute: shigetora#6969 (id 307960776780677121)
2018-04-24 04:01:02 #Voice Chat #1 Voice channel leave: 🇮🇲🇸🇼🇮🇫🇹🇪🇷🇷#1584 (id 270396109636108291)
2018-04-24 04:02:04 #Voice Chat #1 Voice channel leave: Reflex_FL#5175 (id 319321381500092416)
2018-04-24 04:03:33 #Voice Chat #1 Voice channel leave: shigetora#6969 (id 307960776780677121)
2018-04-24 04:04:32 #Voice Chat #1 Voice channel leave: Ice Bear#5272 (id 201934144253460480)
2018-04-24 05:26:12 #Voice Chat #1 Voice channel leave: Orbit#5805 (id 210930418214502401)
2018-04-24 08:41:43 #Voice Chat #1 Voice channel leave: twitch.tv/Regless_ES#2882 (id 160427370950557699)
2018-04-24 12:37:11 #Voice Chat #1 Voice channel join: twitch.tv/Regless_ES#2882 (id 160427370950557699), flags: self_deaf,self_mute
2018-04-24 12:37:13 #Voice Chat #1 Server self-undeafen: twitch.tv/Regless_ES#2882 (id 160427370950557699)
2018-04-24 12:37:13 #Voice Chat #1 Server self-unmute: twitch.tv/Regless_ES#2882 (id 160427370950557699)
2018-04-24 12:40:02 #Voice Chat #1 Voice channel join: grindersky#4119 (id 213759714406825985), flags: self_mute
2018-04-24 12:40:08 #Voice Chat #1 Server self-unmute: grindersky#4119 (id 213759714406825985)
2018-04-24 12:51:32 #Voice Chat #1 Server self-deafen: twitch.tv/Regless_ES#2882 (id 160427370950557699)
2018-04-24 12:51:32 #Voice Chat #1 Server self-mute: twitch.tv/Regless_ES#2882 (id 160427370950557699)
2018-04-24 12:51:34 #Voice Chat #1 Server self-undeafen: twitch.tv/Regless_ES#2882 (id 160427370950557699)
2018-04-24 12:51:34 #Voice Chat #1 Server self-unmute: twitch.tv/Regless_ES#2882 (id 160427370950557699)
2018-04-24 12:58:59 #Voice Chat #1 Voice channel leave: twitch.tv/Regless_ES#2882 (id 160427370950557699)
2018-04-24 12:59:05 #Voice Chat #1 Voice channel join: fuckazer#5725 (id 415795543969759232)
2018-04-24 12:59:11 #Voice Chat #1 Voice channel leave: fuckazer#5725 (id 415795543969759232)
2018-04-24 12:59:15 #Voice Chat #1 Voice channel join: fuckazer#5725 (id 415795543969759232)
2018-04-24 12:59:23 #Voice Chat #1 Voice channel leave: fuckazer#5725 (id 415795543969759232)
2018-04-24 13:01:41 #Voice Chat #1 Voice channel leave: grindersky#4119 (id 213759714406825985)
2018-04-24 15:12:19 #Voice Chat #1 Voice channel join: Sterben#4978 (id 117216114890506249)
2018-04-24 15:12:31 #Voice Chat #1 Voice channel leave: Sterben#4978 (id 117216114890506249)
2018-04-24 20:47:07 #Voice Chat #1 Voice channel join: twitch.tv/Regless_ES#2882 (id 160427370950557699), flags: self_deaf,self_mute
2018-04-24 20:49:22 #Voice Chat #1 Voice channel leave: twitch.tv/Regless_ES#2882 (id 160427370950557699)
2018-04-24 22:40:16 #Voice Chat #1 Voice channel join: Vaxei#9574 (id 224339903234703362)
2018-04-24 22:41:11 #Voice Chat #1 Voice channel join: shigetora#6969 (id 307960776780677121)
2018-04-24 22:41:25 #Voice Chat #1 Voice channel join: grindersky#4119 (id 213759714406825985), flags: self_mute
2018-04-24 22:41:29 #Voice Chat #1 Server self-unmute: grindersky#4119 (id 213759714406825985)
2018-04-24 22:41:31 #Voice Chat #1 Server self-mute: grindersky#4119 (id 213759714406825985)
2018-04-24 22:41:32 #Voice Chat #1 Server self-unmute: grindersky#4119 (id 213759714406825985)
2018-04-24 22:41:35 #Voice Chat #1 Server self-mute: grindersky#4119 (id 213759714406825985)
2018-04-24 22:41:50 #Voice Chat #1 Server self-unmute: grindersky#4119 (id 213759714406825985)
2018-04-24 22:45:22 #Voice Chat #1 Voice channel leave: Vaxei#9574 (id 224339903234703362)
2018-04-24 22:45:25 #Voice Chat #1 Voice channel join: Vaxei#9574 (id 224339903234703362)
2018-04-24 22:46:44 #Voice Chat #1 Voice channel join: 🇮🇲🇸🇼🇮🇫🇹🇪🇷🇷#1584 (id 270396109636108291)
2018-04-24 22:52:33 #Voice Chat #1 Server self-mute: shigetora#6969 (id 307960776780677121)
2018-04-24 22:52:34 #Voice Chat #1 Server self-deafen: shigetora#6969 (id 307960776780677121)
2018-04-24 23:05:11 #Voice Chat #1 Server self-mute: grindersky#4119 (id 213759714406825985)
2018-04-24 23:07:33 #Voice Chat #1 Server self-unmute: grindersky#4119 (id 213759714406825985)
2018-04-24 23:25:15 #Voice Chat #1 Server self-mute: grindersky#4119 (id 213759714406825985)
2018-04-24 23:32:12 #Voice Chat #1 Server self-unmute: grindersky#4119 (id 213759714406825985)
2018-04-24 23:33:15 #Voice Chat #1 Server self-unmute: shigetora#6969 (id 307960776780677121)
2018-04-24 23:33:16 #Voice Chat #1 Server self-undeafen: shigetora#6969 (id 307960776780677121)
2018-04-24 23:47:26 #Voice Chat #1 Server self-mute: shigetora#6969 (id 307960776780677121)
2018-04-24 23:50:59 #Voice Chat #1 Server self-unmute: shigetora#6969 (id 307960776780677121)
2018-04-24 23:54:41 #Voice Chat #1 Voice channel leave: Vaxei#9574 (id 224339903234703362)
2018-04-25 00:01:29 #Voice Chat #1 Voice channel join: Vaxei#9574 (id 224339903234703362)
2018-04-25 00:15:57 #Voice Chat #1 Server self-mute: shigetora#6969 (id 307960776780677121)
2018-04-25 00:16:01 #Voice Chat #1 Server self-unmute: shigetora#6969 (id 307960776780677121)
2018-04-25 00:16:05 #Voice Chat #1 Server self-mute: shigetora#6969 (id 307960776780677121)
2018-04-25 00:16:14 #Voice Chat #1 Server self-unmute: shigetora#6969 (id 307960776780677121)
2018-04-25 00:16:15 #Voice Chat #1 Server self-mute: shigetora#6969 (id 307960776780677121)
2018-04-25 00:16:16 #Voice Chat #1 Server self-unmute: shigetora#6969 (id 307960776780677121)
2018-04-25 00:16:19 #Voice Chat #1 Server self-mute: shigetora#6969 (id 307960776780677121)
2018-04-25 00:20:56 #Voice Chat #1 Server self-deafen: shigetora#6969 (id 307960776780677121)
2018-04-25 00:25:00 #Voice Chat #1 Server self-unmute: shigetora#6969 (id 307960776780677121)
2018-04-25 00:25:00 #Voice Chat #1 Server self-undeafen: shigetora#6969 (id 307960776780677121)
2018-04-25 00:33:30 #Voice Chat #1 Server self-deafen: 🇮🇲🇸🇼🇮🇫🇹🇪🇷🇷#1584 (id 270396109636108291)
2018-04-25 00:33:30 #Voice Chat #1 Server self-mute: 🇮🇲🇸🇼🇮🇫🇹🇪🇷🇷#1584 (id 270396109636108291)
2018-04-25 00:47:16 #Voice Chat #1 Server self-undeafen: 🇮🇲🇸🇼🇮🇫🇹🇪🇷🇷#1584 (id 270396109636108291)
2018-04-25 00:47:16 #Voice Chat #1 Server self-unmute: 🇮🇲🇸🇼🇮🇫🇹🇪🇷🇷#1584 (id 270396109636108291)
2018-04-25 00:47:58 #Voice Chat #1 Voice channel leave: 🇮🇲🇸🇼🇮🇫🇹🇪🇷🇷#1584 (id 270396109636108291)
2018-04-25 00:54:12 #Voice Chat #1 Voice channel join: 🇮🇲🇸🇼🇮🇫🇹🇪🇷🇷#1584 (id 270396109636108291)
2018-04-25 01:29:43 #Voice Chat #1 Server self-mute: grindersky#4119 (id 213759714406825985)
2018-04-25 01:44:59 #Voice Chat #1 Server self-unmute: grindersky#4119 (id 213759714406825985)
2018-04-25 02:02:33 #Voice Chat #1 Voice channel join: Darkpit18#8177 (id 186957374345445376)
2018-04-25 02:02:48 #Voice Chat #1 Voice channel leave: Darkpit18#8177 (id 186957374345445376)
2018-04-25 02:05:07 #Voice Chat #1 Voice channel join: Darkpit18#8177 (id 186957374345445376), moved from Voice Chat #2
2018-04-25 02:06:21 #Voice Chat #1 Server self-deafen: Darkpit18#8177 (id 186957374345445376)
2018-04-25 02:06:21 #Voice Chat #1 Server self-mute: Darkpit18#8177 (id 186957374345445376)
2018-04-25 02:07:42 #Voice Chat #1 Voice channel leave: Vaxei#9574 (id 224339903234703362)
2018-04-25 02:07:45 #Voice Chat #1 Voice channel leave: Darkpit18#8177 (id 186957374345445376)
2018-04-25 02:07:49 #Voice Chat #1 Voice channel join: Darkpit18#8177 (id 186957374345445376), flags: self_deaf,self_mute
2018-04-25 02:08:07 #Voice Chat #1 Voice channel leave: Darkpit18#8177 (id 186957374345445376) moving to Voice Chat #2
2018-04-25 02:08:46 #Voice Chat #1 Voice channel leave: grindersky#4119 (id 213759714406825985) moving to Voice Chat #2
2018-04-25 02:09:02 #Voice Chat #1 Voice channel join: grindersky#4119 (id 213759714406825985), moved from Voice Chat #2
2018-04-25 02:09:05 #Voice Chat #1 Voice channel join: Darkpit18#8177 (id 186957374345445376), moved from Voice Chat #2
2018-04-25 02:23:02 #Voice Chat #1 Server self-mute: shigetora#6969 (id 307960776780677121)
2018-04-25 02:23:17 #Voice Chat #1 Server self-unmute: shigetora#6969 (id 307960776780677121)
2018-04-25 02:23:17 #Voice Chat #1 Server self-mute: shigetora#6969 (id 307960776780677121)
2018-04-25 02:25:23 #Voice Chat #1 Server self-unmute: shigetora#6969 (id 307960776780677121)
2018-04-25 02:27:45 #Voice Chat #1 Voice channel join: Vaxei#9574 (id 224339903234703362)
2018-04-25 02:29:58 #Voice Chat #1 Voice channel leave: Vaxei#9574 (id 224339903234703362)
2018-04-25 02:30:31 #Voice Chat #1 Voice channel join: Vaxei#9574 (id 224339903234703362)
2018-04-25 02:32:49 #Voice Chat #1 Voice channel join: Mercurius#5800 (id 435241887541100545)
2018-04-25 02:32:51 #Voice Chat #1 Server self-deafen: Mercurius#5800 (id 435241887541100545)
2018-04-25 02:32:51 #Voice Chat #1 Server self-mute: Mercurius#5800 (id 435241887541100545)
2018-04-25 02:32:54 #Voice Chat #1 Server self-undeafen: Mercurius#5800 (id 435241887541100545)
2018-04-25 02:32:54 #Voice Chat #1 Server self-unmute: Mercurius#5800 (id 435241887541100545)
2018-04-25 02:32:55 #Voice Chat #1 Server self-mute: Mercurius#5800 (id 435241887541100545)
2018-04-25 02:33:05 #Voice Chat #1 Voice channel leave: Vaxei#9574 (id 224339903234703362)
2018-04-25 02:34:17 #Voice Chat #1 Server self-mute: shigetora#6969 (id 307960776780677121)
2018-04-25 02:35:30 #Voice Chat #1 Server self-unmute: shigetora#6969 (id 307960776780677121)
2018-04-25 02:35:41 #Voice Chat #1 Server self-mute: Darkpit18#8177 (id 186957374345445376)
2018-04-25 02:38:09 #Voice Chat #1 Server self-unmute: Darkpit18#8177 (id 186957374345445376)
2018-04-25 02:39:38 #Voice Chat #1 Server self-mute: shigetora#6969 (id 307960776780677121)
2018-04-25 02:39:39 #Voice Chat #1 Server self-mute: grindersky#4119 (id 213759714406825985)
2018-04-25 02:39:41 #Voice Chat #1 Server self-unmute: grindersky#4119 (id 213759714406825985)
2018-04-25 02:39:48 #Voice Chat #1 Server self-unmute: shigetora#6969 (id 307960776780677121)
2018-04-25 02:50:30 #Voice Chat #1 Server self-mute: shigetora#6969 (id 307960776780677121)
2018-04-25 02:51:16 #Voice Chat #1 Voice channel leave: 🇮🇲🇸🇼🇮🇫🇹🇪🇷🇷#1584 (id 270396109636108291)
2018-04-25 02:57:08 #Voice Chat #1 Server self-deafen: shigetora#6969 (id 307960776780677121)
2018-04-25 03:04:43 #Voice Chat #1 Voice channel leave: Mercurius#5800 (id 435241887541100545)
2018-04-25 03:19:09 #Voice Chat #1 Voice channel leave: grindersky#4119 (id 213759714406825985)
2018-04-25 03:57:23 #Voice Chat #1 Voice channel join: 🇮🇲🇸🇼🇮🇫🇹🇪🇷🇷#1584 (id 270396109636108291)
2018-04-25 04:38:04 #Voice Chat #1 Voice channel leave: 🇮🇲🇸🇼🇮🇫🇹🇪🇷🇷#1584 (id 270396109636108291)
2018-04-25 05:54:46 #Voice Chat #1 Voice channel join: shigetora#6969 (id 307960776780677121), flags: self_deaf,self_mute
2018-04-25 06:06:02 #Voice Chat #1 Voice channel join: Ice Bear#5272 (id 201934144253460480)
2018-04-25 06:09:22 #Voice Chat #1 Voice channel leave: Ice Bear#5272 (id 201934144253460480)
2018-04-25 12:52:42 #Voice Chat #1 Server self-unmute: shigetora#6969 (id 307960776780677121)
2018-04-25 12:52:42 #Voice Chat #1 Server self-undeafen: shigetora#6969 (id 307960776780677121)
2018-04-25 12:52:43 #Voice Chat #1 Voice channel leave: shigetora#6969 (id 307960776780677121)
2018-04-25 18:38:51 #Voice Chat #1 Voice channel join: Walter#7298 (id 158458852969414656)
2018-04-25 18:39:22 #Voice Chat #1 Voice channel leave: Walter#7298 (id 158458852969414656)
2018-04-25 18:40:46 #Voice Chat #1 Voice channel join: Walter#7298 (id 158458852969414656)
2018-04-25 18:43:36 #Voice Chat #1 Voice channel join: twitch.tv/Regless_ES#2882 (id 160427370950557699)
2018-04-25 19:03:13 #Voice Chat #1 Voice channel join: hvick831#6719 (id 259251896789762048), flags: self_mute
2018-04-25 19:03:51 #Voice Chat #1 Voice channel leave: hvick831#6719 (id 259251896789762048) moving to Voice Chat #2
2018-04-25 19:03:52 #Voice Chat #1 Voice channel join: hvick831#6719 (id 259251896789762048), moved from Voice Chat #2, flags: self_mute
2018-04-25 19:03:52 #Voice Chat #1 Voice channel leave: hvick831#6719 (id 259251896789762048) moving to Voice Chat #2
2018-04-25 19:03:53 #Voice Chat #1 Voice channel join: hvick831#6719 (id 259251896789762048), moved from Voice Chat #2, flags: self_mute
2018-04-25 19:03:53 #Voice Chat #1 Voice channel leave: hvick831#6719 (id 259251896789762048) moving to Voice Chat #2
2018-04-25 19:03:53 #Voice Chat #1 Voice channel join: hvick831#6719 (id 259251896789762048), moved from Voice Chat #2, flags: self_mute
2018-04-25 19:03:55 #Voice Chat #1 Voice channel leave: hvick831#6719 (id 259251896789762048)
2018-04-25 19:09:42 #Voice Chat #1 Voice channel join: LilStickInABag#9590 (id 252967119740862464)
2018-04-25 19:14:44 #Voice Chat #1 Server self-deafen: twitch.tv/Regless_ES#2882 (id 160427370950557699)
2018-04-25 19:14:44 #Voice Chat #1 Server self-mute: twitch.tv/Regless_ES#2882 (id 160427370950557699)
2018-04-25 19:14:50 #Voice Chat #1 Server self-undeafen: twitch.tv/Regless_ES#2882 (id 160427370950557699)
2018-04-25 19:14:50 #Voice Chat #1 Server self-unmute: twitch.tv/Regless_ES#2882 (id 160427370950557699)
2018-04-25 19:17:53 #Voice Chat #1 Server self-deafen: twitch.tv/Regless_ES#2882 (id 160427370950557699)
2018-04-25 19:17:53 #Voice Chat #1 Server self-mute: twitch.tv/Regless_ES#2882 (id 160427370950557699)
2018-04-25 19:19:37 #Voice Chat #1 Server self-undeafen: twitch.tv/Regless_ES#2882 (id 160427370950557699)
2018-04-25 19:19:37 #Voice Chat #1 Server self-unmute: twitch.tv/Regless_ES#2882 (id 160427370950557699)
2018-04-25 19:43:28 #Voice Chat #1 Server self-mute: Walter#7298 (id 158458852969414656)
2018-04-25 19:43:31 #Voice Chat #1 Server self-deafen: Walter#7298 (id 158458852969414656)
2018-04-25 19:47:09 #Voice Chat #1 Server self-undeafen: Walter#7298 (id 158458852969414656)
2018-04-25 19:47:09 #Voice Chat #1 Server self-unmute: Walter#7298 (id 158458852969414656)
2018-04-25 19:47:10 #Voice Chat #1 Server self-deafen: Walter#7298 (id 158458852969414656)
2018-04-25 19:47:10 #Voice Chat #1 Server self-mute: Walter#7298 (id 158458852969414656)
2018-04-25 19:47:10 #Voice Chat #1 Server self-undeafen: Walter#7298 (id 158458852969414656)
2018-04-25 19:47:10 #Voice Chat #1 Server self-unmute: Walter#7298 (id 158458852969414656)
2018-04-25 19:47:11 #Voice Chat #1 Voice channel leave: Walter#7298 (id 158458852969414656)
2018-04-25 21:01:38 #Voice Chat #1 Voice channel join: 🇮🇲🇸🇼🇮🇫🇹🇪🇷🇷#1584 (id 270396109636108291)
2018-04-25 21:06:41 #Voice Chat #1 Voice channel join: ClassyLmao#2053 (id 173176786513952769)
2018-04-25 21:06:45 #Voice Chat #1 Voice channel leave: ClassyLmao#2053 (id 173176786513952769)
2018-04-25 21:07:55 #Voice Chat #1 Server self-deafen: twitch.tv/Regless_ES#2882 (id 160427370950557699)
2018-04-25 21:07:55 #Voice Chat #1 Server self-mute: twitch.tv/Regless_ES#2882 (id 160427370950557699)
2018-04-25 21:08:00 #Voice Chat #1 Server self-undeafen: twitch.tv/Regless_ES#2882 (id 160427370950557699)
2018-04-25 21:08:00 #Voice Chat #1 Server self-unmute: twitch.tv/Regless_ES#2882 (id 160427370950557699)
2018-04-25 21:08:40 #Voice Chat #1 Server self-deafen: twitch.tv/Regless_ES#2882 (id 160427370950557699)
2018-04-25 21:08:40 #Voice Chat #1 Server self-mute: twitch.tv/Regless_ES#2882 (id 160427370950557699)
2018-04-25 21:08:55 #Voice Chat #1 Server self-undeafen: twitch.tv/Regless_ES#2882 (id 160427370950557699)
2018-04-25 21:08:55 #Voice Chat #1 Server self-unmute: twitch.tv/Regless_ES#2882 (id 160427370950557699)
2018-04-25 21:09:41 #Voice Chat #1 Server self-deafen: twitch.tv/Regless_ES#2882 (id 160427370950557699)
2018-04-25 21:09:41 #Voice Chat #1 Server self-mute: twitch.tv/Regless_ES#2882 (id 160427370950557699)
2018-04-25 21:11:51 #Voice Chat #1 Voice channel leave: 🇮🇲🇸🇼🇮🇫🇹🇪🇷🇷#1584 (id 270396109636108291)
2018-04-25 21:15:54 #Voice Chat #1 Voice channel leave: twitch.tv/Regless_ES#2882 (id 160427370950557699)
2018-04-25 21:16:26 #Voice Chat #1 Voice channel leave: LilStickInABag#9590 (id 252967119740862464)
2018-04-25 21:23:01 #Voice Chat #1 Voice channel join: 🇮🇲🇸🇼🇮🇫🇹🇪🇷🇷#1584 (id 270396109636108291)
2018-04-25 21:23:54 #Voice Chat #1 Voice channel join: LilStickInABag#9590 (id 252967119740862464)
2018-04-25 21:24:28 #Voice Chat #1 Voice channel join: shigetora#6969 (id 307960776780677121)
2018-04-25 21:29:58 #Voice Chat #1 Voice channel join: Vaxei#9574 (id 224339903234703362)
2018-04-25 21:31:14 #Voice Chat #1 Voice channel leave: shigetora#6969 (id 307960776780677121)
2018-04-25 21:31:14 #Voice Chat #1 Voice channel leave: Vaxei#9574 (id 224339903234703362)
2018-04-25 21:34:50 #Voice Chat #1 Server self-mute: LilStickInABag#9590 (id 252967119740862464)
2018-04-25 21:36:07 #Voice Chat #1 Voice channel join: shigetora#6969 (id 307960776780677121)
2018-04-25 21:36:25 #Voice Chat #1 Server self-unmute: LilStickInABag#9590 (id 252967119740862464)
2018-04-25 21:38:04 #Voice Chat #1 Voice channel leave: 🇮🇲🇸🇼🇮🇫🇹🇪🇷🇷#1584 (id 270396109636108291)
2018-04-25 21:46:13 #Voice Chat #1 Voice channel join: 🇮🇲🇸🇼🇮🇫🇹🇪🇷🇷#1584 (id 270396109636108291)
2018-04-25 22:11:02 #Voice Chat #1 Voice channel join: Vaxei#9574 (id 224339903234703362)
2018-04-25 22:14:36 #Voice Chat #1 Server self-mute: shigetora#6969 (id 307960776780677121)
2018-04-25 22:14:57 #Voice Chat #1 Server self-unmute: shigetora#6969 (id 307960776780677121)
2018-04-25 22:53:24 #Voice Chat #1 Voice channel join: Miyuie#6171 (id 210423265556955137), flags: self_mute
2018-04-25 22:53:26 #Voice Chat #1 Voice channel leave: Miyuie#6171 (id 210423265556955137)
2018-04-26 00:40:30 #Voice Chat #1 Server self-mute: shigetora#6969 (id 307960776780677121)
2018-04-26 00:40:31 #Voice Chat #1 Server self-deafen: shigetora#6969 (id 307960776780677121)
2018-04-26 00:48:36 #Voice Chat #1 Server self-undeafen: shigetora#6969 (id 307960776780677121)
2018-04-26 00:48:36 #Voice Chat #1 Server self-unmute: shigetora#6969 (id 307960776780677121)
2018-04-26 01:14:49 #Voice Chat #1 Voice channel join: Mercurius#5800 (id 435241887541100545), flags: self_mute
2018-04-26 01:16:14 #Voice Chat #1 Voice channel join: RubyNinjaThief#8441 (id 218000298231332866)
2018-04-26 01:18:27 #Voice Chat #1 Voice channel join: Reflex_FL#5175 (id 319321381500092416)
2018-04-26 01:28:47 #Voice Chat #1 Voice channel join: hvick#4929 (id 428332810357571586), flags: self_deaf,self_mute
2018-04-26 01:28:47 #Voice Chat #1 Server self-undeafen: hvick#4929 (id 428332810357571586)
2018-04-26 01:28:47 #Voice Chat #1 Server self-unmute: hvick#4929 (id 428332810357571586)
2018-04-26 01:28:55 #Voice Chat #1 Server self-deafen: hvick#4929 (id 428332810357571586)
2018-04-26 01:28:55 #Voice Chat #1 Server self-mute: hvick#4929 (id 428332810357571586)
2018-04-26 01:28:57 #Voice Chat #1 Voice channel leave: Reflex_FL#5175 (id 319321381500092416)
2018-04-26 01:31:40 #Voice Chat #1 Voice channel join: Reflex_FL#5175 (id 319321381500092416)
2018-04-26 01:42:44 #Voice Chat #1 Server self-deafen: Vaxei#9574 (id 224339903234703362)
2018-04-26 01:42:44 #Voice Chat #1 Server self-mute: Vaxei#9574 (id 224339903234703362)
2018-04-26 01:44:34 #Voice Chat #1 Server self-undeafen: Vaxei#9574 (id 224339903234703362)
2018-04-26 01:44:34 #Voice Chat #1 Server self-unmute: Vaxei#9574 (id 224339903234703362)
2018-04-26 01:52:23 #Voice Chat #1 Voice channel leave: RubyNinjaThief#8441 (id 218000298231332866)
2018-04-26 01:54:29 #Voice Chat #1 Voice channel leave: LilStickInABag#9590 (id 252967119740862464)
2018-04-26 01:54:50 #Voice Chat #1 Voice channel join: LilStickInABag#9590 (id 252967119740862464)
2018-04-26 02:03:41 #Voice Chat #1 Server self-mute: shigetora#6969 (id 307960776780677121)
2018-04-26 02:03:55 #Voice Chat #1 Server self-unmute: shigetora#6969 (id 307960776780677121)
2018-04-26 02:31:45 #Voice Chat #1 Voice channel leave: Vaxei#9574 (id 224339903234703362)
2018-04-26 02:36:17 #Voice Chat #1 Voice channel leave: Reflex_FL#5175 (id 319321381500092416)
2018-04-26 03:22:02 #Voice Chat #1 Voice channel leave: 🇮🇲🇸🇼🇮🇫🇹🇪🇷🇷#1584 (id 270396109636108291)
2018-04-26 04:15:19 #Voice Chat #1 Voice channel leave: LilStickInABag#9590 (id 252967119740862464)
2018-04-26 04:15:20 #Voice Chat #1 Voice channel join: LilStickInABag#9590 (id 252967119740862464)
2018-04-26 04:15:30 #Voice Chat #1 Voice channel leave: shigetora#6969 (id 307960776780677121)
2018-04-26 04:15:33 #Voice Chat #1 Voice channel join: shigetora#6969 (id 307960776780677121)
2018-04-26 04:17:44 #Voice Chat #1 Voice channel leave: LilStickInABag#9590 (id 252967119740862464)
2018-04-26 04:17:44 #Voice Chat #1 Voice channel join: LilStickInABag#9590 (id 252967119740862464)
2018-04-26 04:17:49 #Voice Chat #1 Voice channel leave: shigetora#6969 (id 307960776780677121)
2018-04-26 04:18:54 #Voice Chat #1 Voice channel join: shigetora#6969 (id 307960776780677121)
2018-04-26 04:40:10 #Voice Chat #1 Voice channel leave: shigetora#6969 (id 307960776780677121)
2018-04-26 04:40:18 #Voice Chat #1 Voice channel leave: Mercurius#5800 (id 435241887541100545)
2018-04-26 04:40:21 #Voice Chat #1 Voice channel leave: LilStickInABag#9590 (id 252967119740862464)
2018-04-26 04:40:32 #Voice Chat #1 Voice channel leave: hvick#4929 (id 428332810357571586)
2018-04-26 16:35:01 #Voice Chat #1 Voice channel join: LilStickInABag#9590 (id 252967119740862464)
2018-04-26 16:35:19 #Voice Chat #1 Voice channel join: twitch.tv/Regless_ES#2882 (id 160427370950557699), flags: self_deaf,self_mute
2018-04-26 16:35:20 #Voice Chat #1 Server self-undeafen: twitch.tv/Regless_ES#2882 (id 160427370950557699)
2018-04-26 16:35:20 #Voice Chat #1 Server self-unmute: twitch.tv/Regless_ES#2882 (id 160427370950557699)
2018-04-26 16:44:34 #Voice Chat #1 Server self-deafen: twitch.tv/Regless_ES#2882 (id 160427370950557699)
2018-04-26 16:44:34 #Voice Chat #1 Server self-mute: twitch.tv/Regless_ES#2882 (id 160427370950557699)
2018-04-26 16:46:44 #Voice Chat #1 Server self-undeafen: twitch.tv/Regless_ES#2882 (id 160427370950557699)
2018-04-26 16:46:44 #Voice Chat #1 Server self-unmute: twitch.tv/Regless_ES#2882 (id 160427370950557699)
2018-04-26 16:47:26 #Voice Chat #1 Voice channel join: RubyNinjaThief#8441 (id 218000298231332866)
2018-04-26 16:55:46 #Voice Chat #1 Voice channel leave: RubyNinjaThief#8441 (id 218000298231332866)
2018-04-26 16:58:27 #Voice Chat #1 Server self-deafen: twitch.tv/Regless_ES#2882 (id 160427370950557699)
2018-04-26 16:58:27 #Voice Chat #1 Server self-mute: twitch.tv/Regless_ES#2882 (id 160427370950557699)
2018-04-26 16:58:57 #Voice Chat #1 Server self-undeafen: twitch.tv/Regless_ES#2882 (id 160427370950557699)
2018-04-26 16:58:57 #Voice Chat #1 Server self-unmute: twitch.tv/Regless_ES#2882 (id 160427370950557699)
2018-04-26 17:15:41 #Voice Chat #1 Voice channel join: Walter#7298 (id 158458852969414656)
2018-04-26 17:18:59 #Voice Chat #1 Voice channel join: grindersky#4119 (id 213759714406825985)
2018-04-26 17:19:00 #Voice Chat #1 Server self-mute: grindersky#4119 (id 213759714406825985)
2018-04-26 17:19:07 #Voice Chat #1 Server self-unmute: grindersky#4119 (id 213759714406825985)
2018-04-26 17:23:20 #Voice Chat #1 Voice channel leave: grindersky#4119 (id 213759714406825985)
2018-04-26 17:36:41 #Voice Chat #1 Server self-deafen: twitch.tv/Regless_ES#2882 (id 160427370950557699)
2018-04-26 17:36:41 #Voice Chat #1 Server self-mute: twitch.tv/Regless_ES#2882 (id 160427370950557699)
2018-04-26 17:37:57 #Voice Chat #1 Server self-undeafen: twitch.tv/Regless_ES#2882 (id 160427370950557699)
2018-04-26 17:37:57 #Voice Chat #1 Server self-unmute: twitch.tv/Regless_ES#2882 (id 160427370950557699)
2018-04-26 17:41:47 #Voice Chat #1 Server self-mute: twitch.tv/Regless_ES#2882 (id 160427370950557699)
2018-04-26 17:41:56 #Voice Chat #1 Server self-unmute: twitch.tv/Regless_ES#2882 (id 160427370950557699)
2018-04-26 18:22:07 #Voice Chat #1 Server self-mute: Walter#7298 (id 158458852969414656)
2018-04-26 18:22:08 #Voice Chat #1 Server self-deafen: Walter#7298 (id 158458852969414656)
2018-04-26 18:38:16 #Voice Chat #1 Voice channel leave: Walter#7298 (id 158458852969414656)
2018-04-26 19:31:56 #Voice Chat #1 Voice channel join: Vaxei#9574 (id 224339903234703362)
2018-04-26 19:32:38 #Voice Chat #1 Server self-deafen: Vaxei#9574 (id 224339903234703362)
2018-04-26 19:32:38 #Voice Chat #1 Server self-mute: Vaxei#9574 (id 224339903234703362)
2018-04-26 19:33:36 #Voice Chat #1 Voice channel join: grindersky#4119 (id 213759714406825985)
2018-04-26 19:33:39 #Voice Chat #1 Server self-mute: grindersky#4119 (id 213759714406825985)
2018-04-26 19:33:40 #Voice Chat #1 Server self-unmute: grindersky#4119 (id 213759714406825985)
2018-04-26 19:39:41 #Voice Chat #1 Server self-mute: grindersky#4119 (id 213759714406825985)
2018-04-26 19:43:48 #Voice Chat #1 Server self-unmute: grindersky#4119 (id 213759714406825985)
2018-04-26 19:45:04 #Voice Chat #1 Server self-mute: grindersky#4119 (id 213759714406825985)
2018-04-26 19:52:55 #Voice Chat #1 Server self-deafen: twitch.tv/Regless_ES#2882 (id 160427370950557699)
2018-04-26 19:52:55 #Voice Chat #1 Server self-mute: twitch.tv/Regless_ES#2882 (id 160427370950557699)
2018-04-26 19:55:36 #Voice Chat #1 Server self-undeafen: twitch.tv/Regless_ES#2882 (id 160427370950557699)
2018-04-26 19:55:36 #Voice Chat #1 Server self-unmute: twitch.tv/Regless_ES#2882 (id 160427370950557699)
2018-04-26 20:00:31 #Voice Chat #1 Server self-unmute: grindersky#4119 (id 213759714406825985)
2018-04-26 20:02:13 #Voice Chat #1 Server self-deafen: twitch.tv/Regless_ES#2882 (id 160427370950557699)
2018-04-26 20:02:13 #Voice Chat #1 Server self-mute: twitch.tv/Regless_ES#2882 (id 160427370950557699)
2018-04-26 20:02:17 #Voice Chat #1 Server self-undeafen: twitch.tv/Regless_ES#2882 (id 160427370950557699)
2018-04-26 20:02:17 #Voice Chat #1 Server self-unmute: twitch.tv/Regless_ES#2882 (id 160427370950557699)
2018-04-26 20:05:24 #Voice Chat #1 Server self-deafen: twitch.tv/Regless_ES#2882 (id 160427370950557699)
2018-04-26 20:05:24 #Voice Chat #1 Server self-mute: twitch.tv/Regless_ES#2882 (id 160427370950557699)
2018-04-26 20:05:34 #Voice Chat #1 Server self-mute: grindersky#4119 (id 213759714406825985)
2018-04-26 20:12:17 #Voice Chat #1 Voice channel leave: grindersky#4119 (id 213759714406825985)
2018-04-26 20:21:43 #Voice Chat #1 Voice channel join: grindersky#4119 (id 213759714406825985)
2018-04-26 20:24:42 #Voice Chat #1 Server self-undeafen: twitch.tv/Regless_ES#2882 (id 160427370950557699)
2018-04-26 20:24:42 #Voice Chat #1 Server self-unmute: twitch.tv/Regless_ES#2882 (id 160427370950557699)
2018-04-26 20:25:44 #Voice Chat #1 Server self-mute: grindersky#4119 (id 213759714406825985)
2018-04-26 20:31:40 #Voice Chat #1 Server self-unmute: grindersky#4119 (id 213759714406825985)
2018-04-26 20:33:20 #Voice Chat #1 Server self-mute: grindersky#4119 (id 213759714406825985)
2018-04-26 20:33:27 #Voice Chat #1 Server self-deafen: grindersky#4119 (id 213759714406825985)
2018-04-26 20:46:58 #Voice Chat #1 Server self-deafen: twitch.tv/Regless_ES#2882 (id 160427370950557699)
2018-04-26 20:46:58 #Voice Chat #1 Server self-mute: twitch.tv/Regless_ES#2882 (id 160427370950557699)
2018-04-26 20:47:01 #Voice Chat #1 Server self-undeafen: twitch.tv/Regless_ES#2882 (id 160427370950557699)
2018-04-26 20:47:01 #Voice Chat #1 Server self-unmute: twitch.tv/Regless_ES#2882 (id 160427370950557699)
2018-04-26 20:49:03 #Voice Chat #1 Voice channel join: Lund#7304 (id 333447258194575381)
2018-04-26 20:49:52 #Voice Chat #1 Voice channel leave: Lund#7304 (id 333447258194575381)
2018-04-26 20:51:35 #Voice Chat #1 Server self-deafen: twitch.tv/Regless_ES#2882 (id 160427370950557699)
2018-04-26 20:51:35 #Voice Chat #1 Server self-mute: twitch.tv/Regless_ES#2882 (id 160427370950557699)
2018-04-26 21:02:42 #Voice Chat #1 Voice channel leave: twitch.tv/Regless_ES#2882 (id 160427370950557699)
2018-04-26 21:22:19 #Voice Chat #1 Voice channel leave: grindersky#4119 (id 213759714406825985)
2018-04-26 21:22:23 #Voice Chat #1 Voice channel leave: LilStickInABag#9590 (id 252967119740862464)
2018-04-26 21:35:26 #Voice Chat #1 Voice channel join: grindersky#4119 (id 213759714406825985), flags: self_mute
2018-04-26 22:03:13 #Voice Chat #1 Voice channel leave: grindersky#4119 (id 213759714406825985)
2018-04-26 22:12:30 #Voice Chat #1 Server self-undeafen: Vaxei#9574 (id 224339903234703362)
2018-04-26 22:12:30 #Voice Chat #1 Server self-unmute: Vaxei#9574 (id 224339903234703362)
2018-04-26 22:12:49 #Voice Chat #1 Voice channel join: Sterben#4978 (id 117216114890506249)
2018-04-26 22:15:48 #Voice Chat #1 Voice channel join: shigetora#6969 (id 307960776780677121)
2018-04-26 22:16:07 #Voice Chat #1 Voice channel leave: Vaxei#9574 (id 224339903234703362)
2018-04-26 22:16:07 #Voice Chat #1 Voice channel join: Vaxei#9574 (id 224339903234703362)
2018-04-26 22:24:46 #Voice Chat #1 Voice channel leave: Sterben#4978 (id 117216114890506249)
2018-04-26 22:25:24 #Voice Chat #1 Voice channel join: egu#3102 (id 116549755663810563)
2018-04-26 22:27:12 #Voice Chat #1 Server self-mute: shigetora#6969 (id 307960776780677121)
2018-04-26 22:27:42 #Voice Chat #1 Server self-unmute: shigetora#6969 (id 307960776780677121)
2018-04-26 22:31:51 #Voice Chat #1 Voice channel join: LilStickInABag#9590 (id 252967119740862464)
2018-04-26 22:33:45 #Voice Chat #1 Voice channel leave: egu#3102 (id 116549755663810563)
2018-04-26 22:34:24 #Voice Chat #1 Voice channel join: grindersky#4119 (id 213759714406825985)
2018-04-26 22:34:24 #Voice Chat #1 Server self-mute: grindersky#4119 (id 213759714406825985)
2018-04-26 22:34:32 #Voice Chat #1 Server self-unmute: grindersky#4119 (id 213759714406825985)
2018-04-26 22:37:45 #Voice Chat #1 Server self-mute: shigetora#6969 (id 307960776780677121)
2018-04-26 22:38:37 #Voice Chat #1 Server self-mute: LilStickInABag#9590 (id 252967119740862464)
2018-04-26 22:39:44 #Voice Chat #1 Server self-unmute: LilStickInABag#9590 (id 252967119740862464)
2018-04-26 22:40:58 #Voice Chat #1 Server self-unmute: shigetora#6969 (id 307960776780677121)
2018-04-26 22:44:27 #Voice Chat #1 Voice channel leave: LilStickInABag#9590 (id 252967119740862464) moving to Voice Chat #2
2018-04-26 22:44:28 #Voice Chat #1 Voice channel join: LilStickInABag#9590 (id 252967119740862464), moved from Voice Chat #2
2018-04-26 22:44:30 #Voice Chat #1 Server self-mute: grindersky#4119 (id 213759714406825985)
2018-04-26 22:44:48 #Voice Chat #1 Server self-unmute: grindersky#4119 (id 213759714406825985)
2018-04-26 22:44:59 #Voice Chat #1 Server self-deafen: Vaxei#9574 (id 224339903234703362)
2018-04-26 22:44:59 #Voice Chat #1 Server self-mute: Vaxei#9574 (id 224339903234703362)
2018-04-26 23:03:53 #Voice Chat #1 Server self-mute: LilStickInABag#9590 (id 252967119740862464)
2018-04-26 23:04:32 #Voice Chat #1 Server self-unmute: LilStickInABag#9590 (id 252967119740862464)
2018-04-26 23:05:31 #Voice Chat #1 Voice channel join: RubyNinjaThief#8441 (id 218000298231332866)
2018-04-26 23:09:03 #Voice Chat #1 Voice channel leave: LilStickInABag#9590 (id 252967119740862464)
2018-04-26 23:09:03 #Voice Chat #1 Voice channel join: LilStickInABag#9590 (id 252967119740862464)
2018-04-26 23:46:41 #Voice Chat #1 Server self-mute: shigetora#6969 (id 307960776780677121)
2018-04-26 23:48:57 #Voice Chat #1 Server self-undeafen: Vaxei#9574 (id 224339903234703362)
2018-04-26 23:48:57 #Voice Chat #1 Server self-unmute: Vaxei#9574 (id 224339903234703362)
2018-04-27 00:12:26 #Voice Chat #1 Voice channel leave: LilStickInABag#9590 (id 252967119740862464)
2018-04-27 00:12:28 #Voice Chat #1 Voice channel join: LilStickInABag#9590 (id 252967119740862464)
2018-04-27 00:24:54 #Voice Chat #1 Server self-deafen: Vaxei#9574 (id 224339903234703362)
2018-04-27 00:24:54 #Voice Chat #1 Server self-mute: Vaxei#9574 (id 224339903234703362)
2018-04-27 00:38:29 #Voice Chat #1 Voice channel leave: RubyNinjaThief#8441 (id 218000298231332866)
2018-04-27 00:43:35 #Voice Chat #1 Server self-deafen: shigetora#6969 (id 307960776780677121)
2018-04-27 00:43:53 #Voice Chat #1 Server self-deafen: LilStickInABag#9590 (id 252967119740862464)
2018-04-27 00:43:53 #Voice Chat #1 Server self-mute: LilStickInABag#9590 (id 252967119740862464)
2018-04-27 00:51:15 #Voice Chat #1 Server self-mute: grindersky#4119 (id 213759714406825985)
2018-04-27 00:52:39 #Voice Chat #1 Voice channel leave: grindersky#4119 (id 213759714406825985)
2018-04-27 01:12:21 #Voice Chat #1 Server self-undeafen: shigetora#6969 (id 307960776780677121)
2018-04-27 01:12:21 #Voice Chat #1 Server self-unmute: shigetora#6969 (id 307960776780677121)
2018-04-27 01:12:21 #Voice Chat #1 Server self-unmute: shigetora#6969 (id 307960776780677121)
2018-04-27 01:15:28 #Voice Chat #1 Voice channel join: egu#3102 (id 116549755663810563)
2018-04-27 01:15:36 #Voice Chat #1 Voice channel join: Sharms#2220 (id 386511696014999563)
2018-04-27 01:16:56 #Voice Chat #1 Voice channel join: grindersky#4119 (id 213759714406825985)
2018-04-27 01:17:00 #Voice Chat #1 Server self-undeafen: LilStickInABag#9590 (id 252967119740862464)
2018-04-27 01:17:00 #Voice Chat #1 Server self-unmute: LilStickInABag#9590 (id 252967119740862464)
2018-04-27 01:17:24 #Voice Chat #1 Server self-undeafen: Vaxei#9574 (id 224339903234703362)
2018-04-27 01:17:24 #Voice Chat #1 Server self-unmute: Vaxei#9574 (id 224339903234703362)
2018-04-27 01:18:10 #Voice Chat #1 Voice channel leave: egu#3102 (id 116549755663810563)
2018-04-27 01:18:29 #Voice Chat #1 Server self-deafen: Vaxei#9574 (id 224339903234703362)
2018-04-27 01:18:29 #Voice Chat #1 Server self-mute: Vaxei#9574 (id 224339903234703362)
2018-04-27 01:19:30 #Voice Chat #1 Server self-mute: shigetora#6969 (id 307960776780677121)
2018-04-27 01:20:05 #Voice Chat #1 Server self-mute: LilStickInABag#9590 (id 252967119740862464)
2018-04-27 01:22:53 #Voice Chat #1 Server self-undeafen: Vaxei#9574 (id 224339903234703362)
2018-04-27 01:22:53 #Voice Chat #1 Server self-unmute: Vaxei#9574 (id 224339903234703362)
2018-04-27 01:26:55 #Voice Chat #1 Voice channel leave: grindersky#4119 (id 213759714406825985)
2018-04-27 01:27:32 #Voice Chat #1 Server self-unmute: shigetora#6969 (id 307960776780677121)
2018-04-27 01:27:56 #Voice Chat #1 Server self-unmute: LilStickInABag#9590 (id 252967119740862464)
2018-04-27 01:49:06 #Voice Chat #1 Server self-deafen: Sharms#2220 (id 386511696014999563)
2018-04-27 01:49:06 #Voice Chat #1 Server self-mute: Sharms#2220 (id 386511696014999563)
2018-04-27 01:57:32 #Voice Chat #1 Voice channel join: Ice Bear#5272 (id 201934144253460480)
2018-04-27 02:14:46 #Voice Chat #1 Server self-mute: shigetora#6969 (id 307960776780677121)
2018-04-27 02:15:00 #Voice Chat #1 Voice channel join: RubyNinjaThief#8441 (id 218000298231332866)
2018-04-27 02:15:05 #Voice Chat #1 Server self-unmute: shigetora#6969 (id 307960776780677121)
2018-04-27 02:15:10 #Voice Chat #1 Server self-mute: shigetora#6969 (id 307960776780677121)
2018-04-27 02:15:12 #Voice Chat #1 Server self-unmute: shigetora#6969 (id 307960776780677121)
2018-04-27 02:15:26 #Voice Chat #1 Server self-mute: shigetora#6969 (id 307960776780677121)
2018-04-27 02:16:10 #Voice Chat #1 Server self-unmute: shigetora#6969 (id 307960776780677121)
2018-04-27 02:16:42 #Voice Chat #1 Server self-mute: shigetora#6969 (id 307960776780677121)
2018-04-27 02:16:44 #Voice Chat #1 Server self-unmute: shigetora#6969 (id 307960776780677121)
2018-04-27 02:17:00 #Voice Chat #1 Server self-unmute: shigetora#6969 (id 307960776780677121)
2018-04-27 02:17:03 #Voice Chat #1 Server self-mute: shigetora#6969 (id 307960776780677121)
2018-04-27 02:17:15 #Voice Chat #1 Server self-unmute: shigetora#6969 (id 307960776780677121)
2018-04-27 02:21:46 #Voice Chat #1 Voice channel leave: Vaxei#9574 (id 224339903234703362)
2018-04-27 02:25:32 #Voice Chat #1 Voice channel join: Walter#7298 (id 158458852969414656)
2018-04-27 02:25:58 #Voice Chat #1 Voice channel leave: Walter#7298 (id 158458852969414656)
2018-04-27 02:27:15 #Voice Chat #1 Voice channel join: Mercurius#5800 (id 435241887541100545), flags: self_mute
2018-04-27 02:35:24 #Voice Chat #1 Voice channel leave: RubyNinjaThief#8441 (id 218000298231332866)
2018-04-27 02:35:33 #Voice Chat #1 Voice channel leave: shigetora#6969 (id 307960776780677121) moving to Voice Chat #2
2018-04-27 02:35:38 #Voice Chat #1 Voice channel leave: Mercurius#5800 (id 435241887541100545) moving to Voice Chat #2
2018-04-27 02:35:50 #Voice Chat #1 Voice channel leave: LilStickInABag#9590 (id 252967119740862464) moving to Voice Chat #2
2018-04-27 02:35:53 #Voice Chat #1 Voice channel leave: Ice Bear#5272 (id 201934144253460480) moving to Voice Chat #2
2018-04-27 02:36:01 #Voice Chat #1 Voice channel join: Walter#7298 (id 158458852969414656)
2018-04-27 02:36:05 #Voice Chat #1 Voice channel leave: Walter#7298 (id 158458852969414656) moving to Voice Chat #2
2018-04-27 02:37:10 #Voice Chat #1 Server self-undeafen: Sharms#2220 (id 386511696014999563)
2018-04-27 02:37:10 #Voice Chat #1 Server self-unmute: Sharms#2220 (id 386511696014999563)
2018-04-27 02:37:13 #Voice Chat #1 Voice channel leave: Sharms#2220 (id 386511696014999563) moving to Voice Chat #2
2018-04-27 07:12:26 #Voice Chat #1 Voice channel join: Walter#7298 (id 158458852969414656), moved from Voice Chat #2
2018-04-27 07:12:35 #Voice Chat #1 Voice channel join: LilStickInABag#9590 (id 252967119740862464), moved from Voice Chat #2
2018-04-27 07:12:36 #Voice Chat #1 Voice channel join: Sharms#2220 (id 386511696014999563), moved from Voice Chat #2
2018-04-27 07:22:30 #Voice Chat #1 Voice channel leave: Walter#7298 (id 158458852969414656)
2018-04-27 07:55:41 #Voice Chat #1 Voice channel join: Sterben#4978 (id 117216114890506249), moved from Voice Chat #2
2018-04-27 08:25:58 #Voice Chat #1 Voice channel leave: Sterben#4978 (id 117216114890506249)
2018-04-27 08:32:33 #Voice Chat #1 Voice channel leave: LilStickInABag#9590 (id 252967119740862464)
2018-04-27 08:37:42 #Voice Chat #1 Voice channel leave: Sharms#2220 (id 386511696014999563)
2018-04-27 09:37:05 #Voice Chat #1 Voice channel join: Sterben#4978 (id 117216114890506249), moved from Voice Chat #2
2018-04-27 09:38:26 #Voice Chat #1 Server self-mute: Sterben#4978 (id 117216114890506249)
2018-04-27 09:39:26 #Voice Chat #1 Voice channel join: Walter#7298 (id 158458852969414656)
2018-04-27 09:39:30 #Voice Chat #1 Server self-unmute: Sterben#4978 (id 117216114890506249)
2018-04-27 09:59:35 #Voice Chat #1 Voice channel leave: Sterben#4978 (id 117216114890506249)
2018-04-27 11:46:19 #Voice Chat #1 Voice channel join: grindersky#4119 (id 213759714406825985), moved from Voice Chat #2
2018-04-27 12:14:15 #Voice Chat #1 Voice channel join: Sterben#4978 (id 117216114890506249)
2018-04-27 12:18:51 #Voice Chat #1 Voice channel leave: Sterben#4978 (id 117216114890506249)
2018-04-27 12:49:04 #Voice Chat #1 Server self-mute: grindersky#4119 (id 213759714406825985)
2018-04-27 13:26:27 #Voice Chat #1 Server self-unmute: grindersky#4119 (id 213759714406825985)
2018-04-27 13:45:24 #Voice Chat #1 Voice channel leave: grindersky#4119 (id 213759714406825985)
2018-04-27 13:45:33 #Voice Chat #1 Voice channel join: grindersky#4119 (id 213759714406825985)
2018-04-27 13:49:07 #Voice Chat #1 Voice channel leave: Walter#7298 (id 158458852969414656)
2018-04-27 13:49:07 #Voice Chat #1 Voice channel leave: grindersky#4119 (id 213759714406825985)
2018-04-27 13:52:41 #Voice Chat #1 Voice channel join: grindersky#4119 (id 213759714406825985)
2018-04-27 13:57:42 #Voice Chat #1 Voice channel join: Sterben#4978 (id 117216114890506249)
2018-04-27 14:04:45 #Voice Chat #1 Server self-mute: grindersky#4119 (id 213759714406825985)
2018-04-27 14:06:13 #Voice Chat #1 Server self-mute: Sterben#4978 (id 117216114890506249)
2018-04-27 14:06:36 #Voice Chat #1 Voice channel join: iSlodinx#7605 (id 279539090482003968)
2018-04-27 14:06:41 #Voice Chat #1 Server self-unmute: Sterben#4978 (id 117216114890506249)
2018-04-27 14:07:34 #Voice Chat #1 Server self-mute: Sterben#4978 (id 117216114890506249)
2018-04-27 14:10:11 #Voice Chat #1 Server self-unmute: grindersky#4119 (id 213759714406825985)
2018-04-27 14:10:12 #Voice Chat #1 Server self-mute: grindersky#4119 (id 213759714406825985)
2018-04-27 14:13:34 #Voice Chat #1 Server self-unmute: grindersky#4119 (id 213759714406825985)
2018-04-27 14:13:36 #Voice Chat #1 Server self-mute: grindersky#4119 (id 213759714406825985)
2018-04-27 14:13:44 #Voice Chat #1 Server self-unmute: Sterben#4978 (id 117216114890506249)
2018-04-27 14:14:00 #Voice Chat #1 Voice channel leave: Sterben#4978 (id 117216114890506249) moving to Voice Chat #2
2018-04-27 14:14:00 #Voice Chat #1 Voice channel join: Sterben#4978 (id 117216114890506249), moved from Voice Chat #2
2018-04-27 14:15:05 #Voice Chat #1 Server self-unmute: grindersky#4119 (id 213759714406825985)
2018-04-27 14:15:07 #Voice Chat #1 Server self-mute: grindersky#4119 (id 213759714406825985)
2018-04-27 14:19:09 #Voice Chat #1 Server self-mute: Sterben#4978 (id 117216114890506249)
2018-04-27 14:21:58 #Voice Chat #1 Voice channel join: RubyNinjaThief#8441 (id 218000298231332866)
2018-04-27 14:22:02 #Voice Chat #1 Server self-unmute: Sterben#4978 (id 117216114890506249)
2018-04-27 14:22:22 #Voice Chat #1 Voice channel leave: grindersky#4119 (id 213759714406825985)
2018-04-27 14:22:26 #Voice Chat #1 Voice channel leave: RubyNinjaThief#8441 (id 218000298231332866)
2018-04-27 14:22:30 #Voice Chat #1 Voice channel leave: Sterben#4978 (id 117216114890506249)
2018-04-27 14:23:15 #Voice Chat #1 Voice channel join: Sterben#4978 (id 117216114890506249)
2018-04-27 14:34:28 #Voice Chat #1 Voice channel join: LilStickInABag#9590 (id 252967119740862464)
2018-04-27 14:35:52 #Voice Chat #1 Voice channel leave: LilStickInABag#9590 (id 252967119740862464)
2018-04-27 14:36:04 #Voice Chat #1 Server self-mute: iSlodinx#7605 (id 279539090482003968)
2018-04-27 14:37:04 #Voice Chat #1 Voice channel leave: iSlodinx#7605 (id 279539090482003968)
2018-04-27 14:37:47 #Voice Chat #1 Voice channel join: LilStickInABag#9590 (id 252967119740862464)
2018-04-27 14:37:53 #Voice Chat #1 Voice channel leave: LilStickInABag#9590 (id 252967119740862464) moving to Voice Chat #2
2018-04-27 14:39:08 #Voice Chat #1 Voice channel leave: Sterben#4978 (id 117216114890506249)
2018-04-27 15:05:15 #Voice Chat #1 Voice channel join: Regless_#2882 (id 160427370950557699), moved from Voice Chat #2
2018-04-27 15:22:04 #Voice Chat #1 Voice channel join: grindersky#4119 (id 213759714406825985)
2018-04-27 16:00:30 #Voice Chat #1 Voice channel join: 🇮🇲🇸🇼🇮🇫🇹🇪🇷🇷#1584 (id 270396109636108291)
2018-04-27 16:03:20 #Voice Chat #1 Voice channel join: LilStickInABag#9590 (id 252967119740862464)
2018-04-27 16:04:40 #Voice Chat #1 Server self-deafen: LilStickInABag#9590 (id 252967119740862464)
2018-04-27 16:04:40 #Voice Chat #1 Server self-mute: LilStickInABag#9590 (id 252967119740862464)
2018-04-27 16:17:52 #Voice Chat #1 Voice channel leave: grindersky#4119 (id 213759714406825985)
2018-04-27 16:24:09 #Voice Chat #1 Voice channel leave: 🇮🇲🇸🇼🇮🇫🇹🇪🇷🇷#1584 (id 270396109636108291) moving to Voice Chat #2
2018-04-27 16:24:09 #Voice Chat #1 Voice channel join: 🇮🇲🇸🇼🇮🇫🇹🇪🇷🇷#1584 (id 270396109636108291), moved from Voice Chat #2
2018-04-27 16:24:12 #Voice Chat #1 Voice channel leave: 🇮🇲🇸🇼🇮🇫🇹🇪🇷🇷#1584 (id 270396109636108291) moving to Voice Chat #2
2018-04-27 16:32:41 #Voice Chat #1 Voice channel leave: LilStickInABag#9590 (id 252967119740862464) moving to Voice Chat #2
2018-04-27 19:43:39 #Voice Chat #1 Voice channel leave: Regless_#2882 (id 160427370950557699) moving to Voice Chat #2
2018-04-27 22:09:51 #Voice Chat #1 Voice channel join: shigetora#6969 (id 307960776780677121), flags: self_mute
2018-04-27 22:10:56 #Voice Chat #1 Voice channel leave: shigetora#6969 (id 307960776780677121) moving to Music
2018-04-27 22:37:03 #Voice Chat #1 Voice channel join: grindersky#4119 (id 213759714406825985), moved from Music, flags: self_mute
2018-04-27 22:37:06 #Voice Chat #1 Voice channel leave: grindersky#4119 (id 213759714406825985) moving to Music
2018-04-27 22:42:05 #Voice Chat #1 Voice channel join: grindersky#4119 (id 213759714406825985), moved from Music, flags: self_mute
2018-04-27 22:42:09 #Voice Chat #1 Voice channel leave: grindersky#4119 (id 213759714406825985) moving to Music
2018-04-27 22:42:43 #Voice Chat #1 Voice channel join: TheDragonLoli#1764 (id 305583415963680778), moved from Music, flags: self_mute
2018-04-27 22:42:46 #Voice Chat #1 Voice channel leave: TheDragonLoli#1764 (id 305583415963680778) moving to Music
2018-04-28 00:13:12 #Voice Chat #1 Voice channel join: shigetora#6969 (id 307960776780677121), moved from Music
2018-04-28 00:13:26 #Voice Chat #1 Voice channel join: grindersky#4119 (id 213759714406825985), moved from Music
2018-04-28 00:13:31 #Voice Chat #1 Voice channel join: Lifemarr#6196 (id 154851511778672640), moved from Music
2018-04-28 00:18:22 #Voice Chat #1 Server self-undeafen: shigetora#6969 (id 307960776780677121)
2018-04-28 00:24:37 #Voice Chat #1 Server self-deafen: shigetora#6969 (id 307960776780677121)
2018-04-28 00:24:37 #Voice Chat #1 Server self-undeafen: shigetora#6969 (id 307960776780677121)
2018-04-28 00:24:40 #Voice Chat #1 Server self-mute: shigetora#6969 (id 307960776780677121)
2018-04-28 00:41:50 #Voice Chat #1 Server self-deafen: shigetora#6969 (id 307960776780677121)
2018-04-28 00:59:19 #Voice Chat #1 Voice channel leave: shigetora#6969 (id 307960776780677121)
2018-04-28 01:07:28 #Voice Chat #1 Voice channel leave: Lifemarr#6196 (id 154851511778672640)
2018-04-28 02:04:57 #Voice Chat #1 Voice channel leave: grindersky#4119 (id 213759714406825985)
2018-04-28 02:23:03 #Voice Chat #1 Voice channel join: LilStickInABag#9590 (id 252967119740862464), moved from Voice Chat #2
2018-04-28 02:39:56 #Voice Chat #1 Voice channel leave: LilStickInABag#9590 (id 252967119740862464)
2018-04-28 02:56:19 #Voice Chat #1 Voice channel join: Walter#7298 (id 158458852969414656)
2018-04-28 02:59:37 #Voice Chat #1 Voice channel leave: Walter#7298 (id 158458852969414656) moving to Staff
2018-04-28 03:34:24 #Voice Chat #1 Voice channel join: shigetora#6969 (id 307960776780677121), moved from Staff
2018-04-28 03:34:25 #Voice Chat #1 Voice channel join: 🇮🇲🇸🇼🇮🇫🇹🇪🇷🇷#1584 (id 270396109636108291)
2018-04-28 03:58:03 #Voice Chat #1 Voice channel join: Lund#7304 (id 333447258194575381)
2018-04-28 03:59:21 #Voice Chat #1 Voice channel leave: Lund#7304 (id 333447258194575381)
2018-04-28 03:59:24 #Voice Chat #1 Voice channel join: Lund#7304 (id 333447258194575381)
2018-04-28 04:00:23 #Voice Chat #1 Voice channel leave: Lund#7304 (id 333447258194575381)
2018-04-28 04:03:08 #Voice Chat #1 Voice channel join: Sterben#4978 (id 117216114890506249), flags: self_mute
2018-04-28 04:03:18 #Voice Chat #1 Voice channel leave: Sterben#4978 (id 117216114890506249) moving to Voice Chat #2
2018-04-28 05:30:52 #Voice Chat #1 Server self-mute: shigetora#6969 (id 307960776780677121)
2018-04-28 05:32:02 #Voice Chat #1 Server self-unmute: shigetora#6969 (id 307960776780677121)
2018-04-28 05:35:37 #Voice Chat #1 Server self-mute: shigetora#6969 (id 307960776780677121)
2018-04-28 05:40:38 #Voice Chat #1 Server self-unmute: shigetora#6969 (id 307960776780677121)
2018-04-28 06:16:14 #Voice Chat #1 Server self-mute: shigetora#6969 (id 307960776780677121)
2018-04-28 06:16:49 #Voice Chat #1 Server self-unmute: shigetora#6969 (id 307960776780677121)
2018-04-28 06:20:00 #Voice Chat #1 Voice channel leave: shigetora#6969 (id 307960776780677121)
2018-04-28 08:10:56 #Voice Chat #1 Voice channel leave: 🇮🇲🇸🇼🇮🇫🇹🇪🇷🇷#1584 (id 270396109636108291)
