2018-04-21 15:20:18 #Music Voice channel join: Sharms#2220 (id 386511696014999563), moved from Voice Chat #1
2018-04-21 15:44:03 #Music Voice channel join: Thang#5812 (id 221837356641026048), flags: self_mute
2018-04-21 15:44:07 #Music Voice channel leave: Thang#5812 (id 221837356641026048)
2018-04-21 16:53:32 #Music Voice channel leave: Sharms#2220 (id 386511696014999563) moving to Voice Chat #1
2018-04-21 16:53:58 #Music Voice channel join: Sharms#2220 (id 386511696014999563), moved from Voice Chat #1
2018-04-21 17:20:34 #Music Voice channel join: shigetora#6969 (id 307960776780677121), moved from Voice Chat #1
2018-04-21 17:21:01 #Music Voice channel leave: shigetora#6969 (id 307960776780677121) moving to Voice Chat #1
2018-04-21 17:50:34 #Music Voice channel leave: Sharms#2220 (id 386511696014999563)
2018-04-26 10:01:21 #Music Voice channel join: Sterben#4978 (id 117216114890506249)
2018-04-26 10:01:25 #Music Voice channel leave: Sterben#4978 (id 117216114890506249)
2018-04-26 18:36:21 #Music Voice channel join: Varden#7839 (id 119465335656153092)
2018-04-26 18:36:23 #Music Voice channel leave: Varden#7839 (id 119465335656153092)
2018-04-27 06:48:22 #Music Voice channel join: Sterben#4978 (id 117216114890506249), moved from Voice Chat #2
2018-04-27 06:48:23 #Music Voice channel leave: Sterben#4978 (id 117216114890506249) moving to Voice Chat #2
2018-04-27 21:56:16 #Music Voice channel join: TheDragonLoli#1764 (id 305583415963680778)
2018-04-27 21:56:17 #Music Server self-mute: TheDragonLoli#1764 (id 305583415963680778)
2018-04-27 21:56:54 #Music Voice channel join: Rythm#3722 (id 235088799074484224)
2018-04-27 21:56:54 #Music Voice channel join: Synapse#0692 (id 435538622293344266)
2018-04-27 22:10:56 #Music Voice channel join: shigetora#6969 (id 307960776780677121), moved from Voice Chat #1, flags: self_mute
2018-04-27 22:12:06 #Music Voice channel join: grindersky#4119 (id 213759714406825985), flags: self_mute
2018-04-27 22:12:19 #Music Voice channel join: Lifemarr#6196 (id 154851511778672640)
2018-04-27 22:12:23 #Music Server self-mute: Lifemarr#6196 (id 154851511778672640)
2018-04-27 22:13:06 #Music Voice channel leave: Lifemarr#6196 (id 154851511778672640)
2018-04-27 22:14:32 #Music Voice channel leave: grindersky#4119 (id 213759714406825985)
2018-04-27 22:14:41 #Music Voice channel join: Regless_#2882 (id 160427370950557699), flags: self_deaf,self_mute
2018-04-27 22:14:42 #Music Server self-undeafen: Regless_#2882 (id 160427370950557699)
2018-04-27 22:14:42 #Music Server self-unmute: Regless_#2882 (id 160427370950557699)
2018-04-27 22:14:42 #Music Server self-mute: Regless_#2882 (id 160427370950557699)
2018-04-27 22:16:24 #Music Voice channel leave: Regless_#2882 (id 160427370950557699) moving to Voice Chat #2
2018-04-27 22:18:29 #Music Voice channel join: grindersky#4119 (id 213759714406825985), flags: self_mute
2018-04-27 22:30:08 #Music Voice channel leave: TheDragonLoli#1764 (id 305583415963680778)
2018-04-27 22:30:32 #Music Voice channel join: TheDragonLoli#1764 (id 305583415963680778), flags: self_mute
2018-04-27 22:37:03 #Music Voice channel leave: grindersky#4119 (id 213759714406825985) moving to Voice Chat #1
2018-04-27 22:37:06 #Music Voice channel join: grindersky#4119 (id 213759714406825985), moved from Voice Chat #1, flags: self_mute
2018-04-27 22:42:05 #Music Voice channel leave: grindersky#4119 (id 213759714406825985) moving to Voice Chat #1
2018-04-27 22:42:09 #Music Voice channel join: grindersky#4119 (id 213759714406825985), moved from Voice Chat #1, flags: self_mute
2018-04-27 22:42:37 #Music Voice channel leave: Rythm#3722 (id 235088799074484224)
2018-04-27 22:42:43 #Music Voice channel join: Rythm#3722 (id 235088799074484224)
2018-04-27 22:42:43 #Music Voice channel leave: TheDragonLoli#1764 (id 305583415963680778) moving to Voice Chat #1
2018-04-27 22:42:46 #Music Voice channel join: TheDragonLoli#1764 (id 305583415963680778), moved from Voice Chat #1, flags: self_mute
2018-04-27 22:48:48 #Music Voice channel leave: TheDragonLoli#1764 (id 305583415963680778)
2018-04-27 22:48:52 #Music Voice channel join: TheDragonLoli#1764 (id 305583415963680778), flags: self_mute
2018-04-27 22:49:59 #Music Voice channel leave: TheDragonLoli#1764 (id 305583415963680778)
2018-04-27 22:56:32 #Music Voice channel join: LilStickInABag#9590 (id 252967119740862464), moved from Voice Chat #2
2018-04-27 22:56:39 #Music Server self-unmute: shigetora#6969 (id 307960776780677121)
2018-04-27 22:56:40 #Music Voice channel join: 🇮🇲🇸🇼🇮🇫🇹🇪🇷🇷#1584 (id 270396109636108291), moved from Voice Chat #2
2018-04-27 22:56:48 #Music Server self-unmute: grindersky#4119 (id 213759714406825985)
2018-04-27 22:56:50 #Music Voice channel leave: Rythm#3722 (id 235088799074484224)
2018-04-27 22:56:57 #Music Server self-mute: shigetora#6969 (id 307960776780677121)
2018-04-27 22:57:05 #Music Server self-unmute: shigetora#6969 (id 307960776780677121)
2018-04-27 22:57:20 #Music Voice channel leave: 🇮🇲🇸🇼🇮🇫🇹🇪🇷🇷#1584 (id 270396109636108291) moving to Voice Chat #2
2018-04-27 22:57:20 #Music Server self-mute: shigetora#6969 (id 307960776780677121)
2018-04-27 22:57:36 #Music Voice channel leave: LilStickInABag#9590 (id 252967119740862464) moving to Voice Chat #2
2018-04-27 22:57:45 #Music Server self-unmute: shigetora#6969 (id 307960776780677121)
2018-04-27 22:57:54 #Music Server self-mute: shigetora#6969 (id 307960776780677121)
2018-04-27 22:58:36 #Music Server self-mute: grindersky#4119 (id 213759714406825985)
2018-04-27 22:58:40 #Music Server self-unmute: grindersky#4119 (id 213759714406825985)
2018-04-27 23:09:24 #Music Voice channel join: DonkeyBallz#0942 (id 325846898177212417)
2018-04-27 23:11:18 #Music Server self-unmute: shigetora#6969 (id 307960776780677121)
2018-04-27 23:14:09 #Music Server self-mute: DonkeyBallz#0942 (id 325846898177212417)
2018-04-27 23:15:13 #Music Voice channel join: Lifemarr#6196 (id 154851511778672640), flags: self_mute
2018-04-27 23:18:23 #Music Voice channel leave: DonkeyBallz#0942 (id 325846898177212417)
2018-04-27 23:19:50 #Music Server self-unmute: Lifemarr#6196 (id 154851511778672640)
2018-04-27 23:35:38 #Music Voice channel join: 🇮🇲🇸🇼🇮🇫🇹🇪🇷🇷#1584 (id 270396109636108291)
2018-04-27 23:45:33 #Music Voice channel join: LilStickInABag#9590 (id 252967119740862464)
2018-04-28 00:13:12 #Music Voice channel leave: shigetora#6969 (id 307960776780677121) moving to Voice Chat #1
2018-04-28 00:13:26 #Music Voice channel leave: grindersky#4119 (id 213759714406825985) moving to Voice Chat #1
2018-04-28 00:13:31 #Music Voice channel leave: Lifemarr#6196 (id 154851511778672640) moving to Voice Chat #1
2018-04-28 00:53:46 #Music Voice channel leave: LilStickInABag#9590 (id 252967119740862464)
2018-04-28 01:46:55 #Music Voice channel leave: 🇮🇲🇸🇼🇮🇫🇹🇪🇷🇷#1584 (id 270396109636108291)
2018-04-28 02:22:28 #Music Voice channel join: LilStickInABag#9590 (id 252967119740862464)
2018-04-28 02:22:53 #Music Voice channel leave: LilStickInABag#9590 (id 252967119740862464) moving to Voice Chat #2
2018-04-28 02:22:58 #Music Voice channel join: LilStickInABag#9590 (id 252967119740862464), moved from Voice Chat #2
2018-04-28 02:23:02 #Music Voice channel leave: LilStickInABag#9590 (id 252967119740862464) moving to Voice Chat #2
2018-04-28 20:40:02 #Music Voice channel join: shigetora#6969 (id 307960776780677121)
2018-04-28 20:40:23 #Music Voice channel join: Synapse#0692 (id 435538622293344266)
2018-04-28 20:40:40 #Music Voice channel join: Rythm#3722 (id 235088799074484224)
2018-04-28 20:44:25 #Music Voice channel join: grindersky#4119 (id 213759714406825985)
2018-04-28 20:44:29 #Music Server self-mute: grindersky#4119 (id 213759714406825985)
2018-04-28 20:44:52 #Music Voice channel join: Plz Enjoy Game#5725 (id 415795543969759232)
2018-04-28 20:44:54 #Music Server self-mute: Plz Enjoy Game#5725 (id 415795543969759232)
2018-04-28 20:44:56 #Music Server self-unmute: grindersky#4119 (id 213759714406825985)
2018-04-28 20:44:57 #Music Server self-mute: grindersky#4119 (id 213759714406825985)
2018-04-28 20:44:59 #Music Server self-unmute: grindersky#4119 (id 213759714406825985)
2018-04-28 20:46:48 #Music Voice channel join: Miyuie#6171 (id 210423265556955137), flags: self_mute
2018-04-28 20:46:57 #Music Voice channel leave: Miyuie#6171 (id 210423265556955137)
2018-04-28 20:46:58 #Music Voice channel join: Miyuie#6171 (id 210423265556955137), flags: self_mute
