2018-04-21 10:43:50 this bot joined the server
2018-04-21 10:43:50 Role created: 'Synapse' (id 437201791416008715)
2018-04-21 10:43:50 Member role add: 'Synapse' role was added to @Synapse#0692
2018-04-21 10:51:29 Channel created: cave
2018-04-21 10:51:49 Role position: 'GP-bot' changed from 2 to 31
2018-04-21 10:53:22 Role mentionable: 'GP-bot' is no longer mentionable
2018-04-21 10:53:22 Role hoist: 'GP-bot' is no longer shown seperately
2018-04-21 10:59:55 Role hoist: 'Best couple 2k18' is no longer shown seperately
2018-04-21 10:59:55 Role position: 'Best couple 2k18' changed from 23 to 22
2018-04-21 10:59:57 Role hoist: 'Retard Baby #206' is no longer shown seperately
2018-04-21 10:59:57 Role position: 'Retard Baby #206' changed from 22 to 21
2018-04-21 10:59:59 Role hoist: 'Mod' is no longer shown seperately
2018-04-21 10:59:59 Role position: 'Mod' changed from 24 to 23
2018-04-21 11:00:01 Role hoist: 'German God' is no longer shown seperately
2018-04-21 11:00:01 Role position: 'German God' changed from 25 to 24
2018-04-21 11:00:11 Member role remove: The 'Co-Owner' role was removed from @drak#0346
2018-04-21 11:00:11 Member role remove: The 'Co-Owner' role was removed from @FukuiCafe-ｓ１ｌｅｎｔ#9798
2018-04-21 11:00:11 Channel overwrites: kool-people (429189051363622912): role Co-Owner (429119998905286669) removed (was 1024, 0)
2018-04-21 11:00:11 Channel overwrites: special people (429328785524129802): role Co-Owner (429119998905286669) removed (was 3145728, 0)
2018-04-21 11:00:11 Role deleted: 'Co-Owner' (id 429119998905286669)
2018-04-21 11:00:17 Role position: 'Owner' changed from 28 to 27
2018-04-21 11:00:17 Role position: 'shige best duo' changed from 29 to 28
2018-04-21 11:00:17 Role position: 'Overlord' changed from 30 to 29
2018-04-21 11:00:17 Role hoist: 'Owner of Plus.gg' is no longer shown seperately
2018-04-21 11:00:17 Role position: 'Owner of Plus.gg' changed from 14 to 13
2018-04-21 11:00:20 Role hoist: 'Member' is no longer shown seperately
2018-04-21 11:00:20 Role position: 'Member' changed from 15 to 14
2018-04-21 11:00:24 Role hoist: 'Cutie OwO' is no longer shown seperately
2018-04-21 11:00:24 Role position: 'Cutie OwO' changed from 21 to 20
2018-04-21 11:00:30 Role hoist: 'shige best duo' is no longer shown seperately
2018-04-21 11:00:32 Role hoist: 'Owner' is no longer shown seperately
2018-04-21 11:00:35 Role created: 'new role' (id 437206008700469258)
2018-04-21 11:00:41 Role permissions: 'Synapse' changed from 8 to 262216
2018-04-21 11:00:41 Role position: 'Ghostplay R2' changed from 4 to 3
2018-04-21 11:00:41 Role position: 'BULLY' changed from 5 to 4
2018-04-21 11:00:41 Role position: 'Muted' changed from 6 to 5
2018-04-21 11:00:41 Role position: 'MEE6' changed from 7 to 6
2018-04-21 11:00:41 Role position: 'Rythm' changed from 8 to 7
2018-04-21 11:00:41 Role position: 'Tatsumaki' changed from 9 to 8
2018-04-21 11:00:41 Role position: 'OwO' changed from 10 to 9
2018-04-21 11:00:41 Role position: 'dabBot' changed from 11 to 10
2018-04-21 11:00:41 Role position: 'Evelyn' changed from 12 to 11
2018-04-21 11:00:41 Role position: 'Bots' changed from 13 to 12
2018-04-21 11:00:41 Role position: 'Admin' changed from 14 to 13
2018-04-21 11:00:41 Role position: 'Daddy' changed from 17 to 16
2018-04-21 11:00:41 Role position: 'Exodus' changed from 18 to 17
2018-04-21 11:00:41 Role position: 'Friends' changed from 19 to 18
2018-04-21 11:00:41 Role position: 'Rust' changed from 20 to 19
2018-04-21 11:00:41 Role position: 'cute loli' changed from 21 to 20
2018-04-21 11:00:41 Role position: 'Admin' changed from 27 to 26
2018-04-21 11:00:41 Role position: 'cute loli' changed from 28 to 27
2018-04-21 11:00:41 Role renamed: 'new role' to 'Manager'
2018-04-21 11:00:41 Role color: 'new role' changed from #000000 to #9b59b6
2018-04-21 11:00:43 Role hoist: 'Manager' is now shown seperately
2018-04-21 11:00:47 Role position: 'GP-bot' changed from 31 to 30
2018-04-21 11:00:47 Role position: 'Overlord' changed from 30 to 31
2018-04-21 11:00:59 Role position: 'Synapse' changed from 2 to 1
2018-04-21 11:00:59 Role position: 'Ghostplay R2' changed from 3 to 2
2018-04-21 11:00:59 Role position: 'BULLY' changed from 4 to 3
2018-04-21 11:00:59 Role position: 'Muted' changed from 5 to 4
2018-04-21 11:00:59 Role position: 'MEE6' changed from 6 to 5
2018-04-21 11:00:59 Role position: 'Rythm' changed from 7 to 6
2018-04-21 11:00:59 Role position: 'Tatsumaki' changed from 8 to 7
2018-04-21 11:00:59 Role position: 'OwO' changed from 9 to 8
2018-04-21 11:00:59 Role position: 'dabBot' changed from 10 to 9
2018-04-21 11:00:59 Role position: 'Evelyn' changed from 11 to 10
2018-04-21 11:00:59 Role position: 'Bots' changed from 12 to 11
2018-04-21 11:00:59 Role position: 'Admin' changed from 13 to 12
2018-04-21 11:00:59 Role position: 'Owner of Plus.gg' changed from 14 to 13
2018-04-21 11:00:59 Role position: 'Member' changed from 15 to 14
2018-04-21 11:00:59 Role position: 'Daddy' changed from 16 to 15
2018-04-21 11:00:59 Role position: 'Exodus' changed from 17 to 16
2018-04-21 11:00:59 Role position: 'Friends' changed from 18 to 17
2018-04-21 11:00:59 Role position: 'Rust' changed from 19 to 18
2018-04-21 11:00:59 Role position: 'cute loli' changed from 20 to 19
2018-04-21 11:00:59 Role position: 'Cutie OwO' changed from 21 to 20
2018-04-21 11:00:59 Role position: 'Retard Baby #206' changed from 22 to 21
2018-04-21 11:00:59 Role position: 'Best couple 2k18' changed from 23 to 22
2018-04-21 11:00:59 Role position: 'Mod' changed from 24 to 23
2018-04-21 11:00:59 Role position: 'German God' changed from 25 to 24
2018-04-21 11:00:59 Role position: 'Admin' changed from 26 to 25
2018-04-21 11:00:59 Role position: 'cute loli' changed from 27 to 26
2018-04-21 11:00:59 Role position: 'Owner' changed from 28 to 27
2018-04-21 11:00:59 Role position: 'shige best duo' changed from 29 to 28
2018-04-21 11:00:59 Role position: 'GP-bot' changed from 30 to 29
2018-04-21 11:00:59 Role position: 'Manager' changed from 1 to 30
2018-04-21 11:01:03 Role position: 'cute loli' changed from 26 to 25
2018-04-21 11:01:03 Role position: 'Owner' changed from 27 to 26
2018-04-21 11:01:03 Role position: 'shige best duo' changed from 28 to 27
2018-04-21 11:01:03 Role position: 'GP-bot' changed from 29 to 28
2018-04-21 11:01:03 Role position: 'Admin' changed from 25 to 29
2018-04-21 11:01:10 Role position: 'German God' changed from 24 to 23
2018-04-21 11:01:11 Role position: 'cute loli' changed from 25 to 24
2018-04-21 11:01:11 Role position: 'Owner' changed from 26 to 25
2018-04-21 11:01:11 Role position: 'shige best duo' changed from 27 to 26
2018-04-21 11:01:11 Role position: 'GP-bot' changed from 28 to 27
2018-04-21 11:01:11 Role position: 'Mod' changed from 23 to 28
2018-04-21 11:01:20 Role renamed: 'Mod' to 'Staff'
2018-04-21 11:01:20 Role color: 'Mod' changed from #e500ff to #ff0404
2018-04-21 11:01:26 Role position: 'Rust' changed from 18 to 17
2018-04-21 11:01:26 Role position: 'cute loli' changed from 19 to 18
2018-04-21 11:01:26 Role position: 'Cutie OwO' changed from 20 to 19
2018-04-21 11:01:26 Role position: 'Retard Baby #206' changed from 21 to 20
2018-04-21 11:01:26 Role position: 'Best couple 2k18' changed from 22 to 21
2018-04-21 11:01:26 Role position: 'German God' changed from 23 to 22
2018-04-21 11:01:26 Role position: 'cute loli' changed from 24 to 23
2018-04-21 11:01:26 Role position: 'Owner' changed from 25 to 24
2018-04-21 11:01:26 Role position: 'shige best duo' changed from 26 to 25
2018-04-21 11:01:26 Role position: 'GP-bot' changed from 27 to 26
2018-04-21 11:01:26 Role position: 'Friends' changed from 17 to 27
2018-04-21 11:01:28 Role position: 'Daddy' changed from 15 to 14
2018-04-21 11:01:28 Role position: 'Exodus' changed from 16 to 15
2018-04-21 11:01:28 Role position: 'Rust' changed from 17 to 16
2018-04-21 11:01:28 Role position: 'cute loli' changed from 18 to 17
2018-04-21 11:01:28 Role position: 'Cutie OwO' changed from 19 to 18
2018-04-21 11:01:28 Role position: 'Retard Baby #206' changed from 20 to 19
2018-04-21 11:01:28 Role position: 'Best couple 2k18' changed from 21 to 20
2018-04-21 11:01:28 Role position: 'German God' changed from 22 to 21
2018-04-21 11:01:28 Role position: 'cute loli' changed from 23 to 22
2018-04-21 11:01:28 Role position: 'Owner' changed from 24 to 23
2018-04-21 11:01:28 Role position: 'shige best duo' changed from 25 to 24
2018-04-21 11:01:28 Role position: 'GP-bot' changed from 26 to 25
2018-04-21 11:01:28 Role position: 'Member' changed from 14 to 26
2018-04-21 11:01:35 Role created: 'new role' (id 437206261210152990)
2018-04-21 11:01:41 Role renamed: 'new role' to 'BOTS'
2018-04-21 11:01:45 Role hoist: 'BOTS' is now shown seperately
2018-04-21 11:01:50 Role position: 'Synapse' changed from 2 to 1
2018-04-21 11:01:50 Role position: 'Ghostplay R2' changed from 3 to 2
2018-04-21 11:01:50 Role position: 'BULLY' changed from 4 to 3
2018-04-21 11:01:50 Role position: 'Muted' changed from 5 to 4
2018-04-21 11:01:50 Role position: 'MEE6' changed from 6 to 5
2018-04-21 11:01:50 Role position: 'Rythm' changed from 7 to 6
2018-04-21 11:01:50 Role position: 'Tatsumaki' changed from 8 to 7
2018-04-21 11:01:50 Role position: 'OwO' changed from 9 to 8
2018-04-21 11:01:50 Role position: 'dabBot' changed from 10 to 9
2018-04-21 11:01:50 Role position: 'Evelyn' changed from 11 to 10
2018-04-21 11:01:50 Role position: 'Bots' changed from 12 to 11
2018-04-21 11:01:51 Role position: 'Admin' changed from 13 to 12
2018-04-21 11:01:51 Role position: 'Owner of Plus.gg' changed from 14 to 13
2018-04-21 11:01:51 Role position: 'Daddy' changed from 15 to 14
2018-04-21 11:01:51 Role position: 'Exodus' changed from 16 to 15
2018-04-21 11:01:51 Role position: 'Rust' changed from 17 to 16
2018-04-21 11:01:51 Role position: 'cute loli' changed from 18 to 17
2018-04-21 11:01:51 Role position: 'Cutie OwO' changed from 19 to 18
2018-04-21 11:01:51 Role position: 'Retard Baby #206' changed from 20 to 19
2018-04-21 11:01:51 Role position: 'Best couple 2k18' changed from 21 to 20
2018-04-21 11:01:51 Role position: 'German God' changed from 22 to 21
2018-04-21 11:01:51 Role position: 'cute loli' changed from 23 to 22
2018-04-21 11:01:51 Role position: 'Owner' changed from 24 to 23
2018-04-21 11:01:51 Role position: 'shige best duo' changed from 25 to 24
2018-04-21 11:01:51 Role position: 'GP-bot' changed from 26 to 25
2018-04-21 11:01:51 Role position: 'BOTS' changed from 1 to 26
2018-04-21 11:01:53 Role hoist: 'Member' is now shown seperately
2018-04-21 11:01:57 Role hoist: 'Staff' is now shown seperately
2018-04-21 11:02:07 Role hoist: 'Rust' is no longer shown seperately
2018-04-21 11:02:13 Member role remove: The 'Rust' role was removed from @Yaong#3965
2018-04-21 11:02:14 Member role remove: The 'Cutie OwO' role was removed from @Yaong#3965
2018-04-21 11:02:25 Member role add: 'Staff' role was added to @Yaong#3965
2018-04-21 11:02:45 Member nickname: '@ByunBaekhyun#7551' (id 431215094110879754) changed nickname from 'None' to 'Baekhyun'
2018-04-21 11:04:03 Member role add: 'Manager' role was added to @Mercurius#5800
2018-04-21 11:04:06 Member role remove: The 'Staff' role was removed from @Mercurius#5800
2018-04-21 11:04:07 Member role remove: The 'cute loli' role was removed from @Mercurius#5800
2018-04-21 11:04:08 Member role remove: The 'Rust' role was removed from @Mercurius#5800
2018-04-21 11:04:08 Member role remove: The 'Exodus' role was removed from @Mercurius#5800
2018-04-21 11:04:30 Role hoist: 'Friends' is no longer shown seperately
2018-04-21 11:04:36 Member role add: 'Member' role was added to @アイザック#7113
2018-04-21 11:04:39 Member role add: 'Member' role was added to @badeu#8809
2018-04-21 11:04:41 Member role add: 'Member' role was added to @-GodSpeed-#8981
2018-04-21 11:04:44 Member role add: 'Member' role was added to @Koazuko#7540
2018-04-21 11:04:46 Member role add: 'Member' role was added to @Metro Lurking#8309
2018-04-21 11:04:49 Member role add: 'Member' role was added to @Orbit#5805
2018-04-21 11:04:51 Member role add: 'Member' role was added to @SirJ#0002
2018-04-21 11:04:55 Member role add: 'Member' role was added to @PrincessD#8658
2018-04-21 11:04:58 Member role add: 'Member' role was added to @ToxicUSA#5198
2018-04-21 11:05:01 Member role add: 'BOTS' role was added to @Synapse#0692
2018-04-21 11:05:06 Member role add: 'BOTS' role was added to @Ghostplay R2#1298
2018-04-21 11:05:10 Member role add: 'BOTS' role was added to @Tatsumaki#8792
2018-04-21 11:05:16 Member role add: 'BOTS' role was added to @MEE6#4876
2018-04-21 11:05:20 Member role add: 'BOTS' role was added to @OwO#8456
2018-04-21 11:05:28 Member role add: 'BOTS' role was added to @Rythm#3722
2018-04-21 11:05:31 Member role add: 'Member' role was added to @StorneApple#1134
2018-04-21 11:05:33 Member role add: 'Member' role was added to @Varden#7839
2018-04-21 11:05:35 Member role add: 'Member' role was added to @elki#3413
2018-04-21 11:05:50 Role position: 'Friends' changed from 28 to 27
2018-04-21 11:05:50 Role position: 'Member' changed from 27 to 28
2018-04-21 11:05:50 Role position: 'Manager' changed from 31 to 29
2018-04-21 11:05:50 Role position: 'Staff' changed from 29 to 30
2018-04-21 11:05:50 Role position: 'Admin' changed from 30 to 31
2018-04-21 11:06:08 Role color: 'Admin' changed from #00ffc9 to #ff4700
2018-04-21 11:06:30 Channel deleted: main
2018-04-21 11:06:33 Channel deleted: kool-people
2018-04-21 11:06:36 Channel deleted: owo
2018-04-21 11:06:40 Channel deleted: music
2018-04-21 11:06:47 Channel deleted: emotespam
2018-04-21 11:06:50 Channel deleted: porn-n-stuff
2018-04-21 11:06:53 Channel deleted: slots
2018-04-21 11:06:57 Channel deleted: cave
2018-04-21 11:07:16 Channel created: chat
2018-04-21 11:07:19 Channel created: bots
2018-04-21 11:07:45 Role created: 'new role' (id 437207811777232906)
2018-04-21 11:07:51 Role renamed: 'new role' to 'Moderator'
2018-04-21 11:07:51 Role color: 'new role' changed from #000000 to #f1c40f
2018-04-21 11:07:59 Role position: 'Synapse' changed from 2 to 1
2018-04-21 11:07:59 Role position: 'Ghostplay R2' changed from 3 to 2
2018-04-21 11:07:59 Role position: 'BULLY' changed from 4 to 3
2018-04-21 11:07:59 Role position: 'Muted' changed from 5 to 4
2018-04-21 11:07:59 Role position: 'MEE6' changed from 6 to 5
2018-04-21 11:07:59 Role position: 'Rythm' changed from 7 to 6
2018-04-21 11:07:59 Role position: 'Tatsumaki' changed from 8 to 7
2018-04-21 11:07:59 Role position: 'OwO' changed from 9 to 8
2018-04-21 11:07:59 Role position: 'dabBot' changed from 10 to 9
2018-04-21 11:07:59 Role position: 'Evelyn' changed from 11 to 10
2018-04-21 11:07:59 Role position: 'Bots' changed from 12 to 11
2018-04-21 11:07:59 Role position: 'Admin' changed from 13 to 12
2018-04-21 11:07:59 Role position: 'Owner of Plus.gg' changed from 14 to 13
2018-04-21 11:07:59 Role position: 'Daddy' changed from 15 to 14
2018-04-21 11:07:59 Role position: 'Exodus' changed from 16 to 15
2018-04-21 11:07:59 Role position: 'Rust' changed from 17 to 16
2018-04-21 11:07:59 Role position: 'cute loli' changed from 18 to 17
2018-04-21 11:07:59 Role position: 'Cutie OwO' changed from 19 to 18
2018-04-21 11:07:59 Role position: 'Retard Baby #206' changed from 20 to 19
2018-04-21 11:07:59 Role position: 'Best couple 2k18' changed from 21 to 20
2018-04-21 11:07:59 Role position: 'German God' changed from 22 to 21
2018-04-21 11:07:59 Role position: 'cute loli' changed from 23 to 22
2018-04-21 11:07:59 Role position: 'Owner' changed from 24 to 23
2018-04-21 11:07:59 Role position: 'shige best duo' changed from 25 to 24
2018-04-21 11:07:59 Role position: 'GP-bot' changed from 26 to 25
2018-04-21 11:07:59 Role position: 'BOTS' changed from 27 to 26
2018-04-21 11:07:59 Role position: 'Friends' changed from 28 to 27
2018-04-21 11:07:59 Role position: 'Member' changed from 29 to 28
2018-04-21 11:07:59 Role position: 'Manager' changed from 30 to 29
2018-04-21 11:07:59 Role position: 'Moderator' changed from 1 to 30
2018-04-21 11:08:12 Member role add: 'Moderator' role was added to @-GodSpeed-#8981
2018-04-21 11:08:16 Role hoist: 'Moderator' is now shown seperately
2018-04-21 11:08:19 Role mentionable: 'Moderator' is now mentionable
2018-04-21 11:08:21 Role permissions: 'Moderator' changed from 37080128 to 37080256
2018-04-21 11:09:16 Channel deleted: H1Z1
2018-04-21 11:09:19 Channel deleted: exo
2018-04-21 11:09:23 Channel deleted: Exodus-Path of Exile
2018-04-21 11:09:26 Channel deleted: .
2018-04-21 11:09:30 Channel deleted: special people
2018-04-21 11:09:33 Channel deleted: rpg
2018-04-21 11:09:37 Channel deleted: Squads
2018-04-21 11:09:50 Channel created: Voice Chat #1
2018-04-21 11:10:16 Channel created: Voice Chat #2
2018-04-21 11:10:32 Channel created: Music
2018-04-21 11:12:05 Server icon changed from https://cdn.discordapp.com/icons/420455656907210772/0a77cc6bcd2a0bde0aade8ff89ec38d7.jpg to https://cdn.discordapp.com/icons/420455656907210772/e2944aa83e98007bde1ad596bff4e0ee.jpg
2018-04-21 12:12:56 Channel created: hentai
2018-04-21 12:16:14 Member role add: 'Moderator' role was added to @egu#3102
2018-04-21 12:16:17 Member role add: 'Manager' role was added to @egu#3102
2018-04-21 12:16:17 Member role remove: The 'Moderator' role was removed from @egu#3102
2018-04-21 12:16:56 Role renamed: 'Friends' to 'Trusted'
2018-04-21 12:16:56 Role hoist: 'Trusted' is now shown seperately
2018-04-21 12:17:13 Role position: 'Member' changed from 28 to 27
2018-04-21 12:17:13 Role position: 'Trusted' changed from 27 to 28
2018-04-21 12:17:19 Member role remove: The 'Friends' role was removed from @アイザック#7113
2018-04-21 12:17:21 Member role remove: The 'Friends' role was removed from @badeu#8809
2018-04-21 12:17:24 Member role remove: The 'Friends' role was removed from @Metro Lurking#8309
2018-04-21 12:17:26 Member role remove: The 'Friends' role was removed from @Orbit#5805
2018-04-21 12:17:29 Member role remove: The 'Friends' role was removed from @Thang#5812
2018-04-21 12:17:30 Member role remove: The 'Friends' role was removed from @Varden#7839
2018-04-21 12:17:32 Member role remove: The 'Friends' role was removed from @ToxicUSA#5198
2018-04-21 12:17:35 Member role remove: The 'Friends' role was removed from @elki#3413
2018-04-21 12:17:37 Member role remove: The 'Friends' role was removed from @Koazuko#7540
2018-04-21 12:41:54 Member role add: 'Owner' role was added to @Miyuie#6171
2018-04-21 12:41:56 Member role remove: The 'Owner' role was removed from @Miyuie#6171
2018-04-21 12:42:59 Member role add: 'shige best duo' role was added to @Miyuie#6171
2018-04-21 13:13:14 Member join: @hvick831#6719 (id 259251896789762048)
2018-04-21 13:13:44 Member role add: 'Member' role was added to @hvick831#6719
2018-04-21 13:45:51 Member join: @iSlodinx#7605 (id 279539090482003968)
2018-04-21 13:47:13 Member role add: 'Trusted' role was added to @iSlodinx#7605
2018-04-21 13:47:15 Member role add: 'Staff' role was added to @Sharms#2220
2018-04-21 13:48:57 Member join: @Albert#5612 (id 257154722010628106)
2018-04-21 13:56:26 Member role add: 'Member' role was added to @Albert#5612
2018-04-21 15:04:51 Member join: @HashbrownsFTW#8020 (id 154302312381153282)
2018-04-21 16:57:06 Member role remove: The 'Admin' role was removed from @DonkeyBallz#0942
2018-04-21 16:57:18 Member role remove: The 'Friends' role was removed from @RocketSamurai#9616
2018-04-21 16:57:24 Member role add: 'Trusted' role was added to @HashbrownsFTW#8020
2018-04-21 16:57:28 Member role add: 'Member' role was added to @RocketSamurai#9616
2018-04-21 16:57:33 Member role add: 'Member' role was added to @OGAnotherOne#8673
2018-04-21 16:57:34 Member role remove: The 'Trusted' role was removed from @OGAnotherOne#8673
2018-04-21 16:57:37 Member role add: 'Member' role was added to @TheOGLordEnforcerX#3435
2018-04-21 16:57:37 Member role remove: The 'Trusted' role was removed from @TheOGLordEnforcerX#3435
2018-04-21 16:57:43 Member role add: 'Member' role was added to @DovaKing#4857
2018-04-21 16:57:43 Member role remove: The 'Trusted' role was removed from @DovaKing#4857
2018-04-21 17:45:46 Member role remove: The 'Staff' role was removed from @Marco#2728
2018-04-21 18:22:23 Member role remove: The 'shige best duo' role was removed from @Marco#2728
2018-04-21 18:22:26 Member role add: 'Member' role was added to @Marco#2728
2018-04-21 19:03:13 Member join: @ImSwifterr#1584 (id 270396109636108291)
2018-04-21 19:03:33 Member role add: 'Trusted' role was added to @ImSwifterr#1584
2018-04-21 20:46:27 Member role add: 'Moderator' role was added to @FukuiCafe-ｓ１ｌｅｎｔ#9798
2018-04-21 22:19:57 Member username: '@Plastic Butter Knife#3463' (id 135236528057090048) changed username from 'Plastic Butter Knife' to '. . .'
2018-04-22 08:02:08 Member username: '@sicxtoxic#8755' (id 169632222360502272) changed username from 'sicxtoxic' to 'laternerd'
2018-04-22 10:28:53 Member username: '@FukuiCafe-ｓ１ｌｅｎｔ#9798' (id 256714250800726016) changed username from 'FukuiCafe-ｓ１ｌｅｎｔ' to 'サトシ'
2018-04-22 11:18:55 Member username: '@サトシ#9798' (id 256714250800726016) changed username from 'サトシ' to 'サトシ-9523'
2018-04-22 11:50:26 Member username: '@TheOGLordEnforcerX#3435' (id 244898643595755534) changed username from 'TheOGLordEnforcerX' to 'XxTheUltimateEliteLordEnforcerxX'
2018-04-22 13:48:57 Member role add: 'Trusted' role was added to @Vaxei#9574
2018-04-22 14:02:12 Member nickname: '@egu#3102' (id 116549755663810563) changed nickname from '蛍光灯' to '蛍光灯 ♂'
2018-04-22 14:02:18 Member nickname: '@egu#3102' (id 116549755663810563) changed nickname from '蛍光灯 ♂' to '蛍光灯'
2018-04-22 15:33:30 Member role add: 'BOTS' role was added to @dabBot#0563
2018-04-22 15:33:35 Member role add: 'BOTS' role was added to @Evelyn#2476
2018-04-22 17:13:47 Member nickname: '@UselessCancer#1890' (id 269775965289185281) changed nickname from 'Useless Cancer (Josh)' to 'Unknown Origin (Josh)'
2018-04-22 17:43:50 Member role add: 'Member' role was added to @lil lapislazuli#6331
2018-04-22 17:43:52 Member role remove: The 'Trusted' role was removed from @lil lapislazuli#6331
2018-04-22 17:43:55 Member role add: 'Member' role was added to @MagicLeapord#0049
2018-04-22 17:43:55 Member role remove: The 'Trusted' role was removed from @MagicLeapord#0049
2018-04-22 17:44:01 Member role add: 'Member' role was added to @UselessCancer#1890
2018-04-22 17:44:02 Member role remove: The 'Trusted' role was removed from @UselessCancer#1890
2018-04-22 17:44:08 Member role add: 'Member' role was added to @ExtinctJuke#0001
2018-04-22 17:44:08 Member role remove: The 'Member' role was removed from @ExtinctJuke#0001
2018-04-22 17:44:09 Member role remove: The 'cute loli' role was removed from @ExtinctJuke#0001
2018-04-22 17:44:10 Member role add: 'Member' role was added to @ExtinctJuke#0001
2018-04-22 17:44:13 Member role remove: The 'Trusted' role was removed from @ExtinctJuke#0001
2018-04-22 17:50:09 Member username: '@サトシ-9523#9798' (id 256714250800726016) changed username from 'サトシ-9523' to 'サトシ-9 5 2 3'
2018-04-23 04:44:21 Member username: '@ImSwifterr#1584' (id 270396109636108291) changed username from 'ImSwifterr' to '🇮🇲🇸🇼🇮🇫🇹🇪🇷🇷'
2018-04-23 10:17:41 Channel created: Staff
2018-04-23 10:17:49 Channel overwrites: Staff (437919988855078913): role @everyone (420455656907210772) added with values 0, 32506880
2018-04-23 10:17:54 Channel overwrites: Staff (437919988855078913): role Staff (429156156980592649) added with values 0, 0
2018-04-23 10:17:57 Channel overwrites: Staff (437919988855078913): role Staff (429156156980592649) updated to values 32506880, 0 (was 0, 0)
2018-04-23 10:18:00 Channel overwrites: Staff (437919988855078913): role Admin (428497992979316746) added with values 0, 0
2018-04-23 10:18:05 Channel overwrites: Staff (437919988855078913): role Admin (428497992979316746) updated to values 32506880, 0 (was 0, 0)
2018-04-23 10:18:05 Channel overwrites: Staff (437919988855078913): role Manager (437206008700469258) added with values 0, 0
2018-04-23 10:18:10 Channel overwrites: Staff (437919988855078913): role Manager (437206008700469258) updated to values 32506880, 0 (was 0, 0)
2018-04-23 10:18:24 Channel position: Staff moved from 3 to 2
2018-04-23 10:18:24 Channel position: Music moved from 2 to 3
2018-04-23 12:52:55 Member username: '@Koazuko#7540' (id 256132273349328896) changed username from 'Koazuko' to 'dicca'
2018-04-23 12:53:14 Member username: '@dicca#7540' (id 256132273349328896) changed username from 'dicca' to 'Koazuko'
2018-04-23 15:05:35 Member role add: 'Staff' role was added to @Mercurius#5800
2018-04-23 15:05:37 Member role remove: The 'Manager' role was removed from @Mercurius#5800
2018-04-23 15:05:44 Member join: @Sterben#4978 (id 117216114890506249)
2018-04-23 15:05:50 Member role add: 'Trusted' role was added to @Sterben#4978
2018-04-23 15:12:58 Member role add: 'Manager' role was added to @hvick#4929
2018-04-23 16:36:54 Member join: @muffin#0727 (id 277824165208129536)
2018-04-23 16:37:01 Member role add: 'Member' role was added to @muffin#0727
2018-04-23 16:39:47 Member leave: @muffin#0727 (id 277824165208129536)
2018-04-23 17:03:54 Member join: @twitch.tv/Regless_ES#2882 (id 160427370950557699)
2018-04-23 17:04:35 Member role add: 'Trusted' role was added to @twitch.tv/Regless_ES#2882
2018-04-23 22:10:24 Member username: '@grindersky#4119' (id 213759714406825985) changed username from 'grindersky' to '🗣👈'
2018-04-24 00:42:30 Member role add: 'Trusted' role was added to @ExtinctJuke#0001
2018-04-24 02:26:19 Member join: @Reflex_FL#5175 (id 319321381500092416)
2018-04-24 02:26:25 Member role add: 'Trusted' role was added to @Reflex_FL#5175
2018-04-24 06:37:20 Member username: '@🗣👈#4119' (id 213759714406825985) changed username from '🗣👈' to 'grindersky'
2018-04-24 12:06:18 Member join: @fuckazer#5725 (id 415795543969759232)
2018-04-24 15:56:14 Member username: '@grindersky#4119' (id 213759714406825985) changed username from 'grindersky' to 'Ajer numero uno'
2018-04-24 17:05:16 Member username: '@Ajer numero uno#4119' (id 213759714406825985) changed username from 'Ajer numero uno' to 'grindersky'
2018-04-25 02:01:57 Member join: @Darkpit18#8177 (id 186957374345445376)
2018-04-25 03:19:08 Role mentionable: 'Staff' is now mentionable
2018-04-25 03:19:50 Role permissions: 'Staff' changed from 104188993 to 2146958583
2018-04-25 03:21:14 Member ban: @grindersky#4119 (id 213759714406825985)
2018-04-25 03:21:14 Member leave: @grindersky#4119 (id 213759714406825985)
2018-04-25 03:23:08 Member ban: @Darkpit18#8177 (id 186957374345445376)
2018-04-25 03:23:08 Member leave: @Darkpit18#8177 (id 186957374345445376)
2018-04-25 07:41:47 Member username: '@Thang#5812' (id 221837356641026048) changed username from 'Thang' to 'shiryouta'
2018-04-25 16:57:25 Member username: '@fuckazer#5725' (id 415795543969759232) changed username from 'fuckazer' to 'IM NOT OVERSTREAMING 222BPM'
2018-04-25 18:38:51 Member join: @Walter#7298 (id 158458852969414656)
2018-04-25 19:09:42 Member join: @LilStickInABag#9590 (id 252967119740862464)
2018-04-25 21:21:31 Member leave: @ToastyBonsai#2255 (id 135943296747962370)
2018-04-25 21:23:36 Member role add: 'Member' role was added to @LilStickInABag#9590
2018-04-26 01:16:14 Member join: @RubyNinjaThief#8441 (id 218000298231332866)
2018-04-26 01:21:01 Member role add: 'Member' role was added to @RubyNinjaThief#8441
2018-04-26 17:16:40 Member unban: @grindersky#4119 (id 213759714406825985)
2018-04-26 17:17:11 Member join: @grindersky#4119 (id 213759714406825985)
2018-04-26 17:19:03 Member role add: 'Admin' role was added to @grindersky#4119
2018-04-26 17:19:48 Member role add: 'Trusted' role was added to @Walter#7298
2018-04-26 17:27:54 Member role add: 'Trusted' role was added to @grindersky#4119
2018-04-26 17:28:23 Member ban: @IM NOT OVERSTREAMING 222BPM#5725 (id 415795543969759232)
2018-04-26 17:28:23 Member leave: @IM NOT OVERSTREAMING 222BPM#5725 (id 415795543969759232)
2018-04-26 17:38:17 Member unban: @IM NOT OVERSTREAMING 222BPM#5725 (id 415795543969759232)
2018-04-26 17:38:33 Member join: @IM NOT OVERSTREAMING 222BPM#5725 (id 415795543969759232)
2018-04-26 17:38:42 Member nickname: '@IM NOT OVERSTREAMING 222BPM#5725' (id 415795543969759232) changed nickname from 'None' to 'Plz Enjoy Game'
2018-04-26 17:38:46 Member role add: 'Trusted' role was added to @IM NOT OVERSTREAMING 222BPM#5725
2018-04-26 18:20:30 Member username: '@IM NOT OVERSTREAMING 222BPM#5725' (id 415795543969759232) changed username from 'IM NOT OVERSTREAMING 222BPM' to 'Plz Enjoy Game'
2018-04-26 20:01:13 Role mentionable: 'Rust' is now mentionable
2018-04-26 20:01:30 Member role add: 'Rust' role was added to @LilStickInABag#9590
2018-04-26 20:01:33 Member role add: 'Rust' role was added to @twitch.tv/Regless_ES#2882
2018-04-26 21:43:10 Member role remove: The 'shige best duo' role was removed from @Miyuie#6171
2018-04-26 21:51:20 Member username: '@twitch.tv/Regless_ES#2882' (id 160427370950557699) changed username from 'twitch.tv/Regless_ES' to 'Regless_'
2018-04-26 22:05:40 Role color: 'Admin' changed from #ff4700 to #f091e7
2018-04-26 22:06:45 Role color: 'Overlord' changed from #e91e63 to #110000
2018-04-26 22:07:11 Role color: 'Overlord' changed from #110000 to #edeefb
2018-04-26 22:08:42 Role color: 'Overlord' changed from #edeefb to #fef65b
2018-04-26 22:09:08 Role color: 'Overlord' changed from #fef65b to #ffe4e1
2018-04-26 22:10:58 Member role remove: The 'Owner' role was removed from @shigetora#6969
2018-04-26 22:11:01 Member role remove: The 'cute loli' role was removed from @shigetora#6969
2018-04-26 22:29:19 Member join: @-Shadow-#3414 (id 158652825730154497)
2018-04-26 22:33:04 Member nickname: '@egu#3102' (id 116549755663810563) changed nickname from '蛍光灯' to 'weed'
2018-04-26 22:43:03 Role created: 'new role' (id 439194731470258196)
2018-04-26 22:43:15 Role renamed: 'new role' to 'shiges love'
2018-04-26 22:43:15 Role color: 'new role' changed from #000000 to #e91e63
2018-04-26 22:43:26 Member role add: 'shiges love' role was added to @grindersky#4119
2018-04-26 22:43:28 Member role remove: The 'Trusted' role was removed from @grindersky#4119
2018-04-26 23:21:54 Channel created: peoples-faces-of-this-discord
2018-04-26 23:37:09 Channel rename: peoples-faces-of-this-discord renamed to people-face-in-our-discord
2018-04-26 23:37:09 Channel topic: peoples-faces-of-this-discord topic was set to ""
2018-04-26 23:37:35 Member join: @alert#8050 (id 115507185890492424)
2018-04-26 23:38:00 Member role add: 'Trusted' role was added to @alert#8050
2018-04-26 23:41:07 Channel rename: people-face-in-our-discord renamed to everyones-face
2018-04-26 23:53:39 Member role remove: The 'cute loli' role was removed from @Miyuie#6171
2018-04-27 00:00:46 Member role remove: The 'Admin' role was removed from @Miyuie#6171
2018-04-27 01:05:04 Member ban: @. . .#3463 (id 135236528057090048)
2018-04-27 01:05:04 Member leave: @. . .#3463 (id 135236528057090048)
2018-04-27 01:09:49 Channel created: please-view-this
2018-04-27 02:40:26 Member role add: 'Moderator' role was added to @Plz Enjoy Game#5725
2018-04-27 02:51:48 Member nickname: '@Walter#7298' (id 158458852969414656) changed nickname from 'None' to 'LOIN'
2018-04-27 05:13:37 Member join: @IchKlauBeiMami#5942 (id 379347498432725003)
2018-04-27 07:32:01 Role created: 'new role' (id 439327841554006026)
2018-04-27 07:34:24 Role renamed: 'new role' to 'Jew'
2018-04-27 07:34:24 Role color: 'new role' changed from #000000 to #2ecc71
2018-04-27 07:34:43 Member role add: 'Jew' role was added to @Walter#7298
2018-04-27 07:36:01 Member role remove: The 'Trusted' role was removed from @Walter#7298
2018-04-27 08:41:35 Member role remove: The 'Jew' role was removed from @Walter#7298
2018-04-27 08:41:39 Member role add: 'Trusted' role was added to @Walter#7298
2018-04-27 12:39:58 Member role add: 'Manager' role was added to @Walter#7298
2018-04-27 12:40:26 Role permissions: 'Manager' changed from 37080128 to 58051648
2018-04-27 12:40:30 Role permissions: 'Manager' changed from 58051648 to 66440256
2018-04-27 13:02:25 Channel deleted: please-view-this
2018-04-27 13:02:34 Member role remove: The 'Staff' role was removed from @drak#0346
2018-04-27 13:02:38 Member role remove: The 'Staff' role was removed from @fatdaddy01#1670
2018-04-27 13:02:47 Member role remove: The 'Staff' role was removed from @Sharms#2220
2018-04-27 13:02:49 Member role remove: The 'Owner' role was removed from @Sharms#2220
2018-04-27 13:02:54 Member role add: 'Member' role was added to @Sharms#2220
2018-04-27 13:16:48 Member join: @Lifemarr#6196 (id 154851511778672640)
2018-04-27 13:20:26 Member role add: 'Trusted' role was added to @Lifemarr#6196
2018-04-27 13:30:53 Member nickname: '@Walter#7298' (id 158458852969414656) changed nickname from 'LOIN' to 'None'
2018-04-27 13:55:36 Member join: @Sirisak Pagwenal Rodlips#0087 (id 325199408360718347)
2018-04-27 14:08:39 Member nickname: '@-GodSpeed-#8989' (id 173824406026584065) changed nickname from 'GodSpeed' to 'Dad speed'
2018-04-27 14:29:27 Member nickname: '@サトシ-9 5 2 3#9798' (id 256714250800726016) changed nickname from 'Nagisa' to 'Nagisa#2 weeks inactive'
2018-04-27 14:34:09 Member role add: 'Trusted' role was added to @hvick831#6719
2018-04-27 14:39:13 Member nickname: '@Regless_#2882' (id 160427370950557699) changed nickname from 'None' to 'Regless'
2018-04-27 15:01:21 Member nickname: '@grindersky#4119' (id 213759714406825985) changed nickname from 'None' to 'Azer'
2018-04-27 15:01:46 Member nickname: '@grindersky#4119' (id 213759714406825985) changed nickname from 'Azer' to 'None'
2018-04-27 16:26:12 Member leave: @Sharms#2220 (id 386511696014999563)
2018-04-27 19:33:22 Member join: @retraÇ#0584 (id 392875079278526464)
2018-04-27 19:33:22 Member join: @Alêjandro#3066 (id 129642909015343104)
2018-04-27 19:33:42 Member join: @kujokillyou#0186 (id 323199331303817216)
2018-04-27 19:44:06 Member role add: 'Member' role was added to @-Shadow-#3414
2018-04-27 19:44:08 Member role add: 'Rust' role was added to @-Shadow-#3414
2018-04-27 19:44:14 Member role add: 'Member' role was added to @Alêjandro#3066
2018-04-27 19:44:17 Member role add: 'Rust' role was added to @Alêjandro#3066
2018-04-27 19:44:22 Member role add: 'Rust' role was added to @retraÇ#0584
2018-04-27 19:44:22 Member role add: 'Member' role was added to @retraÇ#0584
2018-04-27 19:44:30 Member role add: 'Rust' role was added to @kujokillyou#0186
2018-04-27 19:44:30 Member role add: 'Member' role was added to @kujokillyou#0186
2018-04-27 19:55:45 Member join: @ProCat#6300 (id 112919106700779520)
2018-04-27 19:55:56 Member role add: 'Bots' role was added to @Ghostplay R2#1298
2018-04-27 19:56:01 Member role add: 'Bots' role was added to @Synapse#0692
2018-04-27 20:00:20 Member role add: 'Trusted' role was added to @ProCat#6300
2018-04-27 20:06:05 Member role add: 'Member' role was added to @IchKlauBeiMami#5942
2018-04-27 20:25:26 Member leave: @kujokillyou#0186 (id 323199331303817216)
2018-04-27 20:25:57 Member ban: @Albert#5612 (id 257154722010628106)
2018-04-27 20:25:58 Member leave: @Albert#5612 (id 257154722010628106)
2018-04-28 03:02:54 Member role remove: The 'Rust' role was removed from @LilStickInABag#9590
2018-04-28 11:26:17 Member join: @Yukino-San#9868 (id 244086592652836864)
2018-04-28 17:28:19 Member role add: 'Trusted' role was added to @badeu#8809
2018-04-28 19:44:44 Member role add: 'Member' role was added to @HashbrownsFTW#8020
2018-04-28 19:45:07 Member role add: 'Member' role was added to @iSlodinx#7605
2018-04-28 19:45:08 Member role remove: The 'Trusted' role was removed from @HashbrownsFTW#8020
2018-04-28 19:45:08 Member role remove: The 'Trusted' role was removed from @hvick831#6719
2018-04-28 19:45:08 Member role remove: The 'Trusted' role was removed from @iSlodinx#7605
2018-04-28 19:45:09 Member role add: 'Member' role was added to @Mire#8704
2018-04-28 19:45:09 Member role remove: The 'Trusted' role was removed from @Mire#8704
2018-04-28 19:45:10 Member role add: 'Member' role was added to @Miyuie#6171
2018-04-28 19:45:10 Member role remove: The 'Trusted' role was removed from @Miyuie#6171
2018-04-28 19:45:23 Member role add: 'Member' role was added to @サトシ-9 5 2 3#9798
2018-04-28 19:45:24 Member role remove: The 'Daddy' role was removed from @サトシ-9 5 2 3#9798
2018-04-28 19:45:25 Member role remove: The 'Trusted' role was removed from @サトシ-9 5 2 3#9798
2018-04-28 19:45:28 Member role add: 'Member' role was added to @Neverot#2855
2018-04-28 19:45:29 Member role remove: The 'Trusted' role was removed from @Neverot#2855
2018-04-28 19:45:30 Member role remove: The 'Trusted' role was removed from @nemoz#1111
2018-04-28 19:45:33 Member role add: 'Member' role was added to @POsayNO#3538
2018-04-28 19:45:34 Member role remove: The 'Trusted' role was removed from @POsayNO#3538
2018-04-28 19:45:37 Member role add: 'Member' role was added to @ProCat#6300
2018-04-28 19:45:37 Member role remove: The 'Trusted' role was removed from @ProCat#6300
2018-04-28 19:45:42 Member role add: 'Member' role was added to @Reflex_FL#5175
2018-04-28 19:45:43 Member role remove: The 'Trusted' role was removed from @Reflex_FL#5175
2018-04-28 19:45:46 Member role add: 'Member' role was added to @🇮🇲🇸🇼🇮🇫🇹🇪🇷🇷#1584
2018-04-28 19:45:46 Member role remove: The 'Trusted' role was removed from @🇮🇲🇸🇼🇮🇫🇹🇪🇷🇷#1584
2018-04-28 19:45:48 Member role remove: The 'Trusted' role was removed from @SirJ#0002
2018-04-28 19:46:04 Member role add: 'special perms' role was added to @Walter#7298
2018-04-28 19:46:19 Member role remove: The 'Manager' role was removed from @Walter#7298
2018-04-28 19:46:19 Member role add: 'Member' role was added to @Walter#7298
2018-04-28 19:46:19 Member role remove: The 'Trusted' role was removed from @Walter#7298
2018-04-28 19:46:19 Member role add: 'Member' role was added to @egu#3102
2018-04-28 19:46:19 Member role remove: The 'Manager' role was removed from @egu#3102
2018-04-28 19:46:20 Member role remove: The 'Trusted' role was removed from @egu#3102
2018-04-28 19:47:06 Role color: 'Member' changed from #fa6161 to #e6e6fa
2018-04-28 19:47:39 Role color: 'Member' changed from #e6e6fa to #97ffff
2018-04-28 20:06:41 Member role add: 'Member' role was added to @Disapprove#6994
2018-04-28 20:40:04 Channel position: Music moved from 3 to 2
2018-04-28 20:40:04 Channel position: Staff moved from 2 to 3
2018-04-28 20:44:21 Member role add: 'Member' role was added to @TheDragonLoli#1764
2018-04-28 20:44:21 Member role remove: The 'Trusted' role was removed from @TheDragonLoli#1764
2018-04-28 20:44:21 Member role remove: The 'Trusted' role was removed from @TheDragonLoli#1764
2018-04-28 20:44:28 Role hoist: 'Trusted' is no longer shown seperately
2018-04-28 20:47:02 Member ban: @Synapse#0692 (id 435538622293344266)
2018-04-28 20:47:02 Role deleted: 'Synapse' (id 437201791416008715)
2018-04-28 20:47:02 Member leave: @Synapse#0692 (id 435538622293344266)
2018-04-28 20:47:02 this bot left the server
