2018-04-30 20:46:52 #CALL PRIVADA ⚠ Voice channel join: Force xD#3325 (id 275393557349531649), moved from LIVE ON 🔴
2018-04-30 20:46:53 #CALL PRIVADA ⚠ Voice channel join: Tecczitos#2301 (id 348270474020651040), moved from LIVE ON 🔴
2018-04-30 20:55:46 #CALL PRIVADA ⚠ Server self-mute: Force xD#3325 (id 275393557349531649)
2018-04-30 20:55:55 #CALL PRIVADA ⚠ Server self-mute: Tecczitos#2301 (id 348270474020651040)
2018-04-30 20:56:41 #CALL PRIVADA ⚠ Server self-unmute: Force xD#3325 (id 275393557349531649)
2018-04-30 20:58:03 #CALL PRIVADA ⚠ Server self-unmute: Tecczitos#2301 (id 348270474020651040)
2018-04-30 20:58:55 #CALL PRIVADA ⚠ Server self-mute: Tecczitos#2301 (id 348270474020651040)
2018-04-30 20:59:03 #CALL PRIVADA ⚠ Server self-mute: Force xD#3325 (id 275393557349531649)
2018-04-30 21:09:15 #CALL PRIVADA ⚠ Server self-unmute: Tecczitos#2301 (id 348270474020651040)
2018-04-30 21:09:16 #CALL PRIVADA ⚠ Server self-deafen: Tecczitos#2301 (id 348270474020651040)
2018-04-30 21:09:16 #CALL PRIVADA ⚠ Server self-mute: Tecczitos#2301 (id 348270474020651040)
2018-04-30 21:09:17 #CALL PRIVADA ⚠ Server self-undeafen: Tecczitos#2301 (id 348270474020651040)
2018-04-30 21:09:17 #CALL PRIVADA ⚠ Server self-unmute: Tecczitos#2301 (id 348270474020651040)
2018-04-30 21:09:18 #CALL PRIVADA ⚠ Voice channel leave: Tecczitos#2301 (id 348270474020651040)
2018-04-30 21:12:46 #CALL PRIVADA ⚠ Server self-unmute: Force xD#3325 (id 275393557349531649)
2018-04-30 21:13:30 #CALL PRIVADA ⚠ Server self-mute: Force xD#3325 (id 275393557349531649)
2018-04-30 21:22:38 #CALL PRIVADA ⚠ Voice channel join: Tecczitos#2301 (id 348270474020651040)
2018-04-30 21:22:42 #CALL PRIVADA ⚠ Server self-unmute: Force xD#3325 (id 275393557349531649)
2018-04-30 21:22:42 #CALL PRIVADA ⚠ Server self-mute: Tecczitos#2301 (id 348270474020651040)
2018-04-30 21:22:43 #CALL PRIVADA ⚠ Server self-unmute: Tecczitos#2301 (id 348270474020651040)
2018-04-30 21:22:43 #CALL PRIVADA ⚠ Server self-mute: Force xD#3325 (id 275393557349531649)
2018-04-30 21:22:47 #CALL PRIVADA ⚠ Server self-unmute: Force xD#3325 (id 275393557349531649)
2018-04-30 21:22:48 #CALL PRIVADA ⚠ Server self-mute: Force xD#3325 (id 275393557349531649)
2018-04-30 21:23:00 #CALL PRIVADA ⚠ Server self-unmute: Force xD#3325 (id 275393557349531649)
2018-04-30 21:26:32 #CALL PRIVADA ⚠ Server self-mute: Force xD#3325 (id 275393557349531649)
2018-04-30 21:26:38 #CALL PRIVADA ⚠ Voice channel join: Sagiri#4034 (id 328762972505636864)
2018-04-30 21:27:59 #CALL PRIVADA ⚠ Server self-unmute: Force xD#3325 (id 275393557349531649)
2018-04-30 21:30:59 #CALL PRIVADA ⚠ Server self-mute: Force xD#3325 (id 275393557349531649)
2018-04-30 21:31:16 #CALL PRIVADA ⚠ Server self-unmute: Force xD#3325 (id 275393557349531649)
2018-04-30 21:32:46 #CALL PRIVADA ⚠ Server self-mute: Force xD#3325 (id 275393557349531649)
2018-04-30 21:32:47 #CALL PRIVADA ⚠ Server self-unmute: Force xD#3325 (id 275393557349531649)
2018-04-30 21:34:15 #CALL PRIVADA ⚠ Server self-mute: Force xD#3325 (id 275393557349531649)
2018-04-30 21:34:17 #CALL PRIVADA ⚠ Server self-unmute: Force xD#3325 (id 275393557349531649)
2018-04-30 21:36:57 #CALL PRIVADA ⚠ Server self-mute: Force xD#3325 (id 275393557349531649)
2018-04-30 21:36:57 #CALL PRIVADA ⚠ Server self-unmute: Force xD#3325 (id 275393557349531649)
2018-04-30 21:37:25 #CALL PRIVADA ⚠ Server self-mute: Force xD#3325 (id 275393557349531649)
2018-04-30 21:37:27 #CALL PRIVADA ⚠ Server self-unmute: Force xD#3325 (id 275393557349531649)
2018-04-30 21:39:57 #CALL PRIVADA ⚠ Server mute: Sagiri#4034 (id 328762972505636864)
2018-04-30 21:40:16 #CALL PRIVADA ⚠ Server unmute: Sagiri#4034 (id 328762972505636864)
2018-04-30 21:47:44 #CALL PRIVADA ⚠ Voice channel join: TeixeiraCraft000#9583 (id 366605110496985089), moved from Call Publica ⭐
2018-04-30 21:47:55 #CALL PRIVADA ⚠ Voice channel leave: TeixeiraCraft000#9583 (id 366605110496985089) moving to Call Publica ⭐
2018-04-30 21:47:59 #CALL PRIVADA ⚠ Voice channel join: TeixeiraCraft000#9583 (id 366605110496985089), moved from Call Publica ⭐
2018-04-30 21:48:41 #CALL PRIVADA ⚠ Server self-mute: Tecczitos#2301 (id 348270474020651040)
2018-04-30 21:49:07 #CALL PRIVADA ⚠ Voice channel leave: TeixeiraCraft000#9583 (id 366605110496985089) moving to Call Publica ⭐
2018-04-30 21:49:11 #CALL PRIVADA ⚠ Server self-unmute: Tecczitos#2301 (id 348270474020651040)
2018-04-30 21:49:15 #CALL PRIVADA ⚠ Voice channel join: TeixeiraCraft000#9583 (id 366605110496985089), moved from Call Publica ⭐
2018-04-30 21:49:20 #CALL PRIVADA ⚠ Server self-mute: Tecczitos#2301 (id 348270474020651040)
2018-04-30 21:50:29 #CALL PRIVADA ⚠ Server self-unmute: Tecczitos#2301 (id 348270474020651040)
2018-04-30 21:50:32 #CALL PRIVADA ⚠ Server self-mute: Tecczitos#2301 (id 348270474020651040)
2018-04-30 21:50:48 #CALL PRIVADA ⚠ Voice channel join: Maze#0770 (id 342753483784716298)
2018-04-30 21:50:58 #CALL PRIVADA ⚠ Voice channel leave: Maze#0770 (id 342753483784716298)
2018-04-30 21:53:27 #CALL PRIVADA ⚠ Server self-unmute: Tecczitos#2301 (id 348270474020651040)
2018-04-30 21:53:44 #CALL PRIVADA ⚠ Server self-mute: Tecczitos#2301 (id 348270474020651040)
2018-04-30 21:54:39 #CALL PRIVADA ⚠ Voice channel leave: TeixeiraCraft000#9583 (id 366605110496985089)
2018-04-30 21:54:54 #CALL PRIVADA ⚠ Server self-unmute: Tecczitos#2301 (id 348270474020651040)
2018-04-30 22:04:54 #CALL PRIVADA ⚠ Server self-mute: Force xD#3325 (id 275393557349531649)
2018-04-30 22:05:09 #CALL PRIVADA ⚠ Server self-unmute: Force xD#3325 (id 275393557349531649)
2018-04-30 22:15:39 #CALL PRIVADA ⚠ Server self-mute: Tecczitos#2301 (id 348270474020651040)
2018-04-30 22:16:27 #CALL PRIVADA ⚠ Server self-mute: Force xD#3325 (id 275393557349531649)
2018-04-30 22:16:27 #CALL PRIVADA ⚠ Server self-mute: Force xD#3325 (id 275393557349531649)
2018-04-30 22:16:33 #CALL PRIVADA ⚠ Server self-unmute: Force xD#3325 (id 275393557349531649)
2018-04-30 22:18:56 #CALL PRIVADA ⚠ Server self-unmute: Tecczitos#2301 (id 348270474020651040)
2018-04-30 22:19:19 #CALL PRIVADA ⚠ Server self-mute: Tecczitos#2301 (id 348270474020651040)
2018-04-30 22:19:59 #CALL PRIVADA ⚠ Server self-mute: Force xD#3325 (id 275393557349531649)
2018-04-30 22:20:10 #CALL PRIVADA ⚠ Voice channel leave: Tecczitos#2301 (id 348270474020651040)
2018-04-30 22:21:39 #CALL PRIVADA ⚠ Server self-unmute: Force xD#3325 (id 275393557349531649)
2018-04-30 22:44:53 #CALL PRIVADA ⚠ Server self-mute: Force xD#3325 (id 275393557349531649)
2018-04-30 23:28:26 #CALL PRIVADA ⚠ Voice channel join: Luigi <3#2070 (id 186606658657452041), flags: self_mute
2018-04-30 23:28:39 #CALL PRIVADA ⚠ Server self-unmute: Force xD#3325 (id 275393557349531649)
2018-04-30 23:32:11 #CALL PRIVADA ⚠ Voice channel leave: Force xD#3325 (id 275393557349531649) moving to LIVE ON 🔴
2018-04-30 23:32:12 #CALL PRIVADA ⚠ Voice channel leave: Luigi <3#2070 (id 186606658657452041) moving to LIVE ON 🔴
2018-04-30 23:32:13 #CALL PRIVADA ⚠ Voice channel leave: Sagiri#4034 (id 328762972505636864) moving to LIVE ON 🔴
2018-04-30 23:54:38 #CALL PRIVADA ⚠ Voice channel join: Luigi <3#2070 (id 186606658657452041)
2018-04-30 23:54:50 #CALL PRIVADA ⚠ Server self-mute: Luigi <3#2070 (id 186606658657452041)
2018-04-30 23:55:11 #CALL PRIVADA ⚠ Voice channel join: ONuubb1#3772 (id 440646281585491999), moved from LIVE ON 🔴, flags: self_deaf
2018-04-30 23:55:11 #CALL PRIVADA ⚠ Voice channel join: Clow Gameplay's#1533 (id 315604106452533270), moved from LIVE ON 🔴
2018-04-30 23:55:12 #CALL PRIVADA ⚠ Server self-unmute: Luigi <3#2070 (id 186606658657452041)
2018-04-30 23:55:14 #CALL PRIVADA ⚠ Server self-mute: Luigi <3#2070 (id 186606658657452041)
2018-04-30 23:55:25 #CALL PRIVADA ⚠ Voice channel join: Force xD#3325 (id 275393557349531649), flags: self_mute
2018-04-30 23:55:29 #CALL PRIVADA ⚠ Server self-mute: Clow Gameplay's#1533 (id 315604106452533270)
2018-04-30 23:55:34 #CALL PRIVADA ⚠ Server self-unmute: Force xD#3325 (id 275393557349531649)
2018-04-30 23:55:37 #CALL PRIVADA ⚠ Server self-unmute: Clow Gameplay's#1533 (id 315604106452533270)
2018-04-30 23:57:06 #CALL PRIVADA ⚠ Server self-mute: Clow Gameplay's#1533 (id 315604106452533270)
2018-04-30 23:57:43 #CALL PRIVADA ⚠ Server mute: ONuubb1#3772 (id 440646281585491999)
2018-04-30 23:57:44 #CALL PRIVADA ⚠ Server unmute: ONuubb1#3772 (id 440646281585491999)
2018-04-30 23:58:36 #CALL PRIVADA ⚠ Server self-mute: Force xD#3325 (id 275393557349531649)
2018-04-30 23:58:39 #CALL PRIVADA ⚠ Server self-deafen: Force xD#3325 (id 275393557349531649)
2018-04-30 23:59:49 #CALL PRIVADA ⚠ Server self-undeafen: ONuubb1#3772 (id 440646281585491999)
2018-05-01 00:00:20 #CALL PRIVADA ⚠ Voice channel leave: ONuubb1#3772 (id 440646281585491999)
2018-05-01 00:00:23 #CALL PRIVADA ⚠ Voice channel leave: Clow Gameplay's#1533 (id 315604106452533270)
2018-05-01 00:01:11 #CALL PRIVADA ⚠ Voice channel leave: Force xD#3325 (id 275393557349531649)
2018-05-01 00:01:31 #CALL PRIVADA ⚠ Voice channel join: ONuubb1#3772 (id 440646281585491999), moved from LIVE ON 🔴
2018-05-01 00:06:24 #CALL PRIVADA ⚠ Server self-unmute: Luigi <3#2070 (id 186606658657452041)
2018-05-01 00:25:42 #CALL PRIVADA ⚠ Voice channel leave: Luigi <3#2070 (id 186606658657452041)
2018-05-01 00:25:52 #CALL PRIVADA ⚠ Voice channel leave: ONuubb1#3772 (id 440646281585491999)
