2018-04-25 23:12:40 this bot joined the server
2018-04-25 23:12:40 Role created: 'Synapse' (id 438839795616317450)
2018-04-25 23:12:40 Member role add: 'Synapse' role was added to @Synapse#0692
2018-04-25 23:12:50 Member join: @Ghostplay R2#1298 (id 435829986772123658)
2018-04-25 23:12:50 Member role add: 'Ghostplay R2' role was added to @Ghostplay R2#1298
2018-04-25 23:12:50 Role created: 'Ghostplay R2' (id 438839834673676289)
2018-04-25 23:12:50 Member role add: 'Ghostplay R2' role was added to @Ghostplay R2#1298
2018-04-25 23:13:29 Role created: 'new role' (id 438840001338540033)
2018-04-25 23:13:40 Role permissions: 'Synapse' changed from 8 to 262216
2018-04-25 23:13:40 Role position: 'Synapse' changed from 3 to 2
2018-04-25 23:13:40 Role position: 'Dunce' changed from 4 to 3
2018-04-25 23:13:40 Role position: 'Dyno' changed from 5 to 4
2018-04-25 23:13:40 Role position: 'Tatsumaki' changed from 6 to 5
2018-04-25 23:13:40 Role position: 'Marv' changed from 7 to 6
2018-04-25 23:13:40 Role position: 'Peasants' changed from 8 to 7
2018-04-25 23:13:40 Role position: 'Plane' changed from 9 to 8
2018-04-25 23:13:40 Role position: 'Weeb' changed from 10 to 9
2018-04-25 23:13:40 Role position: 'Super Saiyan' changed from 11 to 10
2018-04-25 23:13:40 Role position: 'Memelord' changed from 12 to 11
2018-04-25 23:13:40 Role position: 'new role' changed from 1 to 12
2018-04-25 23:13:41 Role renamed: 'new role' to 'GP-bot'
2018-04-25 23:13:41 Role permissions: 'new role' changed from 104324161 to 104324169
2018-04-25 23:13:51 Member role add: 'GP-bot' role was added to @Ghostplay R2#1298
2018-04-25 23:15:03 Role color: 'Memelord' changed from #992d22 to #000000
2018-04-25 23:15:04 Role permissions: 'GP-bot' changed from 104324169 to 372759673
2018-04-25 23:15:41 Role color: 'Memelord' changed from #000000 to #4f787b
2018-04-25 23:15:45 Role color: 'Memelord' changed from #4f787b to #69e7d9
2018-04-25 23:15:49 Role color: 'Memelord' changed from #69e7d9 to #0ba70f
2018-04-25 23:15:53 Role color: 'Memelord' changed from #0ba70f to #dff45a
2018-04-25 23:15:57 Role color: 'Memelord' changed from #dff45a to #5fdb47
2018-04-25 23:16:02 Role color: 'Memelord' changed from #5fdb47 to #857069
2018-04-25 23:16:06 Role color: 'Memelord' changed from #857069 to #807513
2018-04-25 23:16:10 Role color: 'Memelord' changed from #807513 to #7e6cc1
2018-04-25 23:16:13 Role color: 'Memelord' changed from #7e6cc1 to #20d856
2018-04-25 23:16:14 Role color: 'Memelord' changed from #20d856 to #a36fcc
2018-04-25 23:16:20 Role color: 'Memelord' changed from #a36fcc to #fa6b77
2018-04-25 23:16:23 Role color: 'Memelord' changed from #fa6b77 to #4b74da
2018-04-25 23:16:23 Role color: 'Memelord' changed from #4b74da to #71055b
2018-04-25 23:16:27 Role color: 'Memelord' changed from #71055b to #d3ddd9
2018-04-25 23:16:31 Role color: 'Memelord' changed from #d3ddd9 to #ff1ed6
2018-04-25 23:16:33 Role color: 'Memelord' changed from #ff1ed6 to #860282
2018-04-25 23:16:35 Role color: 'Memelord' changed from #860282 to #57716e
2018-04-25 23:16:39 Role color: 'Memelord' changed from #57716e to #b024af
2018-04-25 23:16:43 Role color: 'Memelord' changed from #b024af to #4b7838
2018-04-25 23:16:43 Role color: 'Memelord' changed from #4b7838 to #b1eea9
2018-04-25 23:16:47 Role color: 'Memelord' changed from #b1eea9 to #b3a63d
2018-04-25 23:16:51 Role color: 'Memelord' changed from #b3a63d to #e19cae
2018-04-25 23:16:53 Role color: 'Memelord' changed from #e19cae to #582e00
2018-04-25 23:16:56 Role color: 'Memelord' changed from #582e00 to #eb8bcc
2018-04-25 23:16:59 Role color: 'Super Saiyan' changed from #206694 to #4fea18
2018-04-25 23:17:01 Role color: 'Memelord' changed from #eb8bcc to #976c98
2018-04-25 23:17:03 Role color: 'Memelord' changed from #976c98 to #c331be
2018-04-25 23:17:04 Role color: 'Memelord' changed from #c331be to #e3c505
2018-04-25 23:17:08 Role color: 'Memelord' changed from #e3c505 to #a2233f
2018-04-25 23:17:09 Role color: 'Super Saiyan' changed from #4fea18 to #2f91ed
2018-04-25 23:17:12 Role color: 'Memelord' changed from #a2233f to #8ee71d
2018-04-25 23:17:13 Role color: 'Memelord' changed from #8ee71d to #6f93a2
2018-04-25 23:17:16 Role color: 'Memelord' changed from #6f93a2 to #b4a102
2018-04-25 23:17:19 Role color: 'Super Saiyan' changed from #2f91ed to #c1b05f
2018-04-25 23:17:20 Role color: 'Memelord' changed from #b4a102 to #eade18
2018-04-25 23:17:23 Role color: 'Memelord' changed from #eade18 to #a0033f
2018-04-25 23:17:25 Role color: 'Memelord' changed from #a0033f to #749dcc
2018-04-25 23:17:25 Role color: 'Memelord' changed from #749dcc to #531f98
2018-04-25 23:17:29 Role color: 'Memelord' changed from #531f98 to #b85234
2018-04-25 23:17:29 Role color: 'Super Saiyan' changed from #c1b05f to #e995aa
2018-04-25 23:17:33 Role color: 'Memelord' changed from #b85234 to #8636d8
2018-04-25 23:17:34 Role color: 'Memelord' changed from #8636d8 to #d83fbb
2018-04-25 23:17:37 Role color: 'Memelord' changed from #d83fbb to #fe6a41
2018-04-25 23:17:39 Role color: 'Super Saiyan' changed from #e995aa to #4ae2c7
2018-04-25 23:17:41 Role color: 'Memelord' changed from #fe6a41 to #bf2f39
2018-04-25 23:17:44 Role color: 'Memelord' changed from #bf2f39 to #80e3f0
2018-04-25 23:17:45 Role color: 'Memelord' changed from #80e3f0 to #8ccd22
2018-04-25 23:17:49 Role color: 'Memelord' changed from #8ccd22 to #469087
2018-04-25 23:17:50 Role color: 'Super Saiyan' changed from #4ae2c7 to #933983
2018-04-25 23:17:54 Role color: 'Memelord' changed from #469087 to #e6355e
2018-04-25 23:17:54 Role color: 'Memelord' changed from #e6355e to #dea47b
2018-04-25 23:17:57 Role color: 'Ghostplay R2' changed from #000000 to #fcfcfc
2018-04-25 23:17:57 Role position: 'Ghostplay R2' changed from 2 to 1
2018-04-25 23:17:57 Member role add: 'Dunce' role was added to @Synapse#0692
2018-04-25 23:17:58 Role color: 'Memelord' changed from #dea47b to #943329
2018-04-25 23:18:00 Role color: 'Super Saiyan' changed from #933983 to #710382
2018-04-25 23:18:03 Role color: 'Memelord' changed from #943329 to #aa4096
2018-04-25 23:18:03 Role deleted: 'Ghostplay R2' (id 438839834673676289)
2018-04-25 23:18:03 Member leave: @Ghostplay R2#1298 (id 435829986772123658)
2018-04-25 23:18:19 Role color: 'Synapse' changed from #000000 to #0c7080
2018-04-25 23:18:26 Member role add: 'Peasants' role was added to @Synapse#0692
2018-04-25 23:18:29 Member role remove: The 'Dunce' role was removed from @Synapse#0692
2018-04-25 23:18:44 Role color: 'Synapse' changed from #0c7080 to #4e93ff
2018-04-25 23:20:40 Role color: 'Memelord' changed from #aa4096 to #ff0000
2018-04-27 00:10:49 Member leave: @Synapse#0692 (id 435538622293344266)
2018-04-27 00:10:50 Role deleted: 'Synapse' (id 438839795616317450)
2018-04-27 00:10:50 this bot left the server
