2018-04-22 16:52:56 this bot joined the server
2018-04-22 16:52:56 Role created: 'Synapse' (id 437657067508072448)
2018-04-22 16:52:56 Member role add: 'Synapse' role was added to @Synapse#0692
2018-04-22 16:53:10 Member join: @Ghostplay R2#1298 (id 435829986772123658)
2018-04-22 16:53:10 Member role add: 'Ghostplay R2' role was added to @Ghostplay R2#1298
2018-04-22 16:53:10 Role created: 'Ghostplay R2' (id 437657127796867083)
2018-04-22 16:53:10 Member role add: 'Ghostplay R2' role was added to @Ghostplay R2#1298
2018-04-22 16:58:43 Role permissions: 'Synapse' changed from 8 to 262216
2018-04-22 16:58:44 Role renamed: 'new role' to 'GP-bot'
2018-04-22 16:58:44 Role mentionable: 'GP-bot' is now mentionable
2018-04-22 16:58:44 Role hoist: 'GP-bot' is now shown seperately
2018-04-22 16:58:44 Role permissions: 'new role' changed from 104324161 to 2146958591
2018-04-22 16:59:03 Member role add: 'GP-bot' role was added to @Ghostplay R2#1298
2018-04-22 16:59:33 Role position: '🎖️General' changed from 4 to 3
2018-04-22 16:59:33 Role position: 'Lieutenant General' changed from 5 to 4
2018-04-22 16:59:33 Role position: 'Major General' changed from 6 to 5
2018-04-22 16:59:33 Role position: 'Brigadier General' changed from 7 to 6
2018-04-22 16:59:33 Role position: 'Colonel' changed from 8 to 7
2018-04-22 16:59:33 Role position: 'Lieutenant Colonel' changed from 9 to 8
2018-04-22 16:59:33 Role position: 'Captain' changed from 10 to 9
2018-04-22 16:59:33 Role position: 'First Lieutenant' changed from 11 to 10
2018-04-22 16:59:33 Role position: 'Second Lieutenant' changed from 12 to 11
2018-04-22 16:59:33 Role position: 'Master Sergeant' changed from 13 to 12
2018-04-22 16:59:33 Role position: 'Sergeant First Class' changed from 14 to 13
2018-04-22 16:59:33 Role position: 'Staff Sergeant' changed from 15 to 14
2018-04-22 16:59:33 Role position: 'Corporal' changed from 16 to 15
2018-04-22 16:59:33 Role position: 'Private First Class' changed from 17 to 16
2018-04-22 16:59:33 Role position: 'Private Second Class' changed from 18 to 17
2018-04-22 16:59:33 Role position: 'Trainee💦 LEVEL 2' changed from 19 to 18
2018-04-22 16:59:33 Role position: '🙂Rookie LEVEL 1' changed from 20 to 19
2018-04-22 16:59:33 Role position: 'MEE6' changed from 21 to 20
2018-04-22 16:59:33 Role position: 'Admin' changed from 22 to 21
2018-04-22 16:59:33 Role position: 'Escort' changed from 23 to 22
2018-04-22 16:59:33 Role position: 'GP-bot' changed from 3 to 23
2018-04-22 16:59:33 Role mentionable: 'GP-bot' is no longer mentionable
2018-04-22 16:59:33 Role hoist: 'GP-bot' is no longer shown seperately
2018-04-22 17:00:38 Role position: 'Synapse' changed from 2 to 1
2018-04-22 17:00:38 Role position: '🎖️General' changed from 3 to 2
2018-04-22 17:00:38 Role position: 'Lieutenant General' changed from 4 to 3
2018-04-22 17:00:39 Role position: 'Major General' changed from 5 to 4
2018-04-22 17:00:39 Role position: 'Brigadier General' changed from 6 to 5
2018-04-22 17:00:39 Role position: 'Colonel' changed from 7 to 6
2018-04-22 17:00:39 Role position: 'Lieutenant Colonel' changed from 8 to 7
2018-04-22 17:00:39 Role position: 'Captain' changed from 9 to 8
2018-04-22 17:00:39 Role position: 'First Lieutenant' changed from 10 to 9
2018-04-22 17:00:39 Role position: 'Second Lieutenant' changed from 11 to 10
2018-04-22 17:00:39 Role position: 'Master Sergeant' changed from 12 to 11
2018-04-22 17:00:39 Role position: 'Sergeant First Class' changed from 13 to 12
2018-04-22 17:00:39 Role position: 'Staff Sergeant' changed from 14 to 13
2018-04-22 17:00:39 Role position: 'Corporal' changed from 15 to 14
2018-04-22 17:00:39 Role position: 'Private First Class' changed from 16 to 15
2018-04-22 17:00:39 Role position: 'Private Second Class' changed from 17 to 16
2018-04-22 17:00:39 Role position: 'Trainee💦 LEVEL 2' changed from 18 to 17
2018-04-22 17:00:39 Role position: '🙂Rookie LEVEL 1' changed from 19 to 18
2018-04-22 17:00:39 Role position: 'MEE6' changed from 20 to 19
2018-04-22 17:00:39 Role position: 'Admin' changed from 21 to 20
2018-04-22 17:00:39 Role position: 'Escort' changed from 22 to 21
2018-04-22 17:00:39 Role permissions: 'Ghostplay R2' changed from 268520497 to 268782705
2018-04-22 17:00:39 Role position: 'Ghostplay R2' changed from 1 to 22
2018-04-22 17:00:39 Role renamed: 'GP-bot' to 'Ghostplay R2'
2018-04-22 17:00:53 Role permissions: 'Ghostplay R2' changed from 268782705 to 347201
2018-04-22 17:01:04 Role permissions: 'Ghostplay R2' changed from 347201 to 0
2018-04-22 17:02:32 Role deleted: 'Ghostplay R2' (id 437657127796867083)
2018-04-22 17:02:32 Member leave: @Ghostplay R2#1298 (id 435829986772123658)
2018-04-22 17:03:30 Member join: @Ghostplay R2#1298 (id 435829986772123658)
2018-04-22 17:03:30 Member role add: 'Ghostplay R2' role was added to @Ghostplay R2#1298
2018-04-22 17:03:30 Role created: 'Ghostplay R2' (id 437659726382366730)
2018-04-22 17:03:30 Member role add: 'Ghostplay R2' role was added to @Ghostplay R2#1298
2018-04-22 17:06:52 Role renamed: 'Admin' to 'Owner'
2018-04-22 17:06:52 Role color: 'Admin' changed from #3498db to #e91e63
2018-04-22 17:07:02 Role position: 'Escort' changed from 22 to 21
2018-04-22 17:07:02 Role position: 'Ghostplay R2' changed from 23 to 22
2018-04-22 17:07:02 Role position: 'Owner' changed from 21 to 23
2018-04-22 17:07:26 Member role add: 'Owner' role was added to @Ghostplay R2#1298
2018-04-22 17:07:26 Member role remove: The 'Owner' role was removed from @Ghostplay R2#1298
2018-04-22 17:07:27 Member role add: 'Ghostplay R2' role was added to @Ghostplay R2#1298
2018-04-22 17:07:28 Member role add: 'Owner' role was added to @Ghostplay R2#1298
2018-04-22 17:08:22 Member role remove: The '🎖️General' role was removed from @Adelia#3721
2018-04-22 17:08:40 Role mentionable: 'Owner' is no longer mentionable
2018-04-22 17:08:40 Role hoist: 'Owner' is no longer shown seperately
2018-04-22 17:10:45 Member ban: @Ghostplay R2#1298 (id 435829986772123658)
2018-04-22 17:10:45 Role deleted: 'Ghostplay R2' (id 437659726382366730)
2018-04-22 17:10:45 Member leave: @Ghostplay R2#1298 (id 435829986772123658)
2018-04-22 17:17:21 Role renamed: '🙂Rookie LEVEL 1' to '🙂Rookie'
2018-04-22 17:17:21 Role renamed: 'Trainee💦 LEVEL 2' to 'Trainee💦'
2018-04-22 17:17:35 Member role remove: The '🙂Rookie' role was removed from @D5JULIUS#3311
2018-04-22 17:17:52 Member role add: '🙂Rookie' role was added to @Adelia#3721
2018-04-22 17:18:35 Role created: 'new role' (id 437663522042806284)
2018-04-22 17:18:58 Role renamed: 'new role' to 'Behave'
2018-04-22 17:18:58 Role color: 'new role' changed from #000000 to #2ecc71
2018-04-22 17:18:58 Role mentionable: 'Behave' is now mentionable
2018-04-22 17:18:58 Role hoist: 'Behave' is now shown seperately
2018-04-22 17:19:56 Role permissions: 'Behave' changed from 104324161 to 1049600
2018-04-22 17:29:48 Role deleted: 'Ghostplay R2' (id 437653636189913093)
2018-04-22 17:29:50 Role created: 'new role' (id 437666355672514560)
2018-04-22 17:31:24 Role position: 'new role' changed from 1 to 22
2018-04-22 17:31:25 Role renamed: 'new role' to 'Moderator'
2018-04-22 17:31:25 Role color: 'new role' changed from #000000 to #e67e22
2018-04-22 17:31:25 Role mentionable: 'Moderator' is now mentionable
2018-04-22 17:31:25 Role hoist: 'Moderator' is now shown seperately
2018-04-22 17:31:25 Role permissions: 'new role' changed from 104324161 to 1878522999
2018-04-22 17:40:15 Role created: 'new role' (id 437668976470786059)
2018-04-22 17:40:22 Role position: 'Behave' changed from 3 to 2
2018-04-22 17:40:22 Role position: 'Synapse' changed from 4 to 3
2018-04-22 17:40:22 Role position: '🎖️General' changed from 5 to 4
2018-04-22 17:40:22 Role position: 'Lieutenant General' changed from 6 to 5
2018-04-22 17:40:22 Role position: 'Major General' changed from 7 to 6
2018-04-22 17:40:22 Role position: 'Brigadier General' changed from 8 to 7
2018-04-22 17:40:22 Role position: 'Colonel' changed from 9 to 8
2018-04-22 17:40:22 Role position: 'Lieutenant Colonel' changed from 10 to 9
2018-04-22 17:40:22 Role position: 'Captain' changed from 11 to 10
2018-04-22 17:40:22 Role position: 'First Lieutenant' changed from 12 to 11
2018-04-22 17:40:22 Role position: 'Second Lieutenant' changed from 13 to 12
2018-04-22 17:40:22 Role position: 'Master Sergeant' changed from 14 to 13
2018-04-22 17:40:22 Role position: 'Sergeant First Class' changed from 15 to 14
2018-04-22 17:40:22 Role position: 'Staff Sergeant' changed from 16 to 15
2018-04-22 17:40:22 Role position: 'Corporal' changed from 17 to 16
2018-04-22 17:40:22 Role position: 'Private First Class' changed from 18 to 17
2018-04-22 17:40:22 Role position: 'Private Second Class' changed from 19 to 18
2018-04-22 17:40:22 Role position: 'Trainee💦' changed from 20 to 19
2018-04-22 17:40:22 Role position: '🙂Rookie' changed from 21 to 20
2018-04-22 17:40:22 Role position: 'MEE6' changed from 22 to 21
2018-04-22 17:40:22 Role position: 'Escort' changed from 23 to 22
2018-04-22 17:40:23 Role renamed: 'new role' to 'Newbie'
2018-04-22 17:40:23 Role color: 'new role' changed from #000000 to #2ecc71
2018-04-22 17:43:09 Server name changed from Soldiers to Hybrid Gamers
2018-04-22 17:43:48 Channel created: AFK CHANNEL
2018-04-22 17:43:57 Channel rename: AFK CHANNEL renamed to AFK
2018-04-22 17:44:03 Channel rename: AFK renamed to Sleeping
2018-04-22 17:45:27 Channel overwrites: Sleeping (437669870469906433): role @everyone (422427755997560843) added with values 0, 2097152
2018-04-22 17:45:46 Channel overwrites: Sleeping (437669870469906433): role @everyone (422427755997560843) updated to values 0, 0 (was 0, 2097152)
2018-04-22 18:10:17 Server name changed from Hybrid Gamers to Tactical Elite Assault Regiment
2018-04-22 18:23:09 Server name changed from Tactical Elite Assault Regiment to TEAR
2018-04-22 18:29:13 Server icon changed from  to https://cdn.discordapp.com/icons/422427755997560843/99e7f707f05a38beeeadbb9915fd1893.jpg
2018-04-22 18:37:17 Member role remove: The '🙂Rookie' role was removed from @Adelia#3721
2018-04-22 18:37:24 Member role add: 'Lieutenant General' role was added to @Adelia#3721
2018-04-22 18:38:02 Role color: 'Lieutenant General' changed from #000000 to #b5ff00
2018-04-22 18:40:48 Channel rename: Rules of Survival TEAMS renamed to Eagles
2018-04-22 18:41:49 Channel rename: Eagles renamed to Eagle
2018-04-22 18:42:25 Channel rename: Eagle renamed to Eagles
2018-04-22 18:43:18 Channel rename: Single renamed to Zakhar
2018-04-22 18:43:39 Channel rename: Eagles renamed to Tactical Elite Assault Regiment
2018-04-22 18:47:00 Channel rename: Tactical Elite Assault Regiment renamed to Room
2018-04-22 18:47:25 Channel rename: Love renamed to Paroho
2018-04-22 18:49:00 Role created: 'new role' (id 437686276343332872)
2018-04-22 18:49:57 Role renamed: 'new role' to 'Subzero'
2018-04-22 18:49:57 Role color: 'new role' changed from #000000 to #ff0004
2018-04-22 18:50:04 Role mentionable: 'Subzero' is now mentionable
2018-04-22 18:50:04 Role hoist: 'Subzero' is now shown seperately
2018-04-22 18:50:26 Member role add: 'Subzero' role was added to @Adelia#3721
2018-04-22 18:52:30 Role created: 'new role' (id 437687147437228032)
2018-04-22 18:52:37 Role renamed: 'new role' to 'Indian'
2018-04-22 18:52:44 Member role add: 'Indian' role was added to @Vicious_Vive#1737
2018-04-22 18:52:45 Member role remove: The 'Indian' role was removed from @Vicious_Vive#1737
2018-04-22 18:52:46 Member role add: 'Indian' role was added to @Vicious_Vive#1737
2018-04-22 18:55:19 Server name changed from TEAR to TEAR🇵🇭
2018-04-22 18:55:36 Server name changed from TEAR🇵🇭 to TEAR 🇵🇭
2018-04-22 18:57:57 Channel rename: chatbox renamed to chatbox🐣🐤🐥
2018-04-22 18:58:23 Server name changed from TEAR 🇵🇭 to TEAR 🇵🇭 🌲
2018-04-22 18:59:12 Channel created: Marien
2018-04-22 18:59:17 Channel position: Marien moved from 3 to 2
2018-04-22 18:59:17 Channel position: Sleeping moved from 2 to 3
2018-04-22 19:00:09 Channel rename: Marien renamed to Havana
2018-04-22 19:00:22 Channel created: Montana
2018-04-22 19:00:27 Channel position: Montana moved from 4 to 2
2018-04-22 19:00:27 Channel position: Havana moved from 2 to 3
2018-04-22 19:00:27 Channel position: Sleeping moved from 3 to 4
2018-04-22 19:00:29 Channel position: Havana moved from 3 to 2
2018-04-22 19:00:29 Channel position: Montana moved from 2 to 3
2018-04-22 19:01:19 Channel created: Crater
2018-04-22 19:01:37 Channel position: Crater moved from 5 to 3
2018-04-22 19:01:37 Channel position: Montana moved from 3 to 4
2018-04-22 19:01:37 Channel position: Sleeping moved from 4 to 5
2018-04-22 19:03:16 Channel created: Main Room
2018-04-22 19:04:31 Channel rename: chatbox🐣🐤🐥 renamed to mainchat🐣🐤🐥
2018-04-22 19:05:31 Channel created: AFK ROOM
2018-04-22 19:05:33 Channel position: Main Room moved from 6 to 0
2018-04-22 19:05:33 Channel position: Zakhar moved from 0 to 1
2018-04-22 19:05:33 Channel position: Paroho moved from 1 to 2
2018-04-22 19:05:33 Channel position: Havana moved from 2 to 3
2018-04-22 19:05:33 Channel position: Crater moved from 3 to 4
2018-04-22 19:05:33 Channel position: Montana moved from 4 to 5
2018-04-22 19:05:33 Channel position: Sleeping moved from 5 to 6
2018-04-22 19:13:21 Member nickname: '@MEE6#4876' (id 159985870458322944) changed nickname from 'Mee8' to 'Mee7'
2018-04-23 04:06:37 Server name changed from TEAR 🇵🇭 🌲 to TEAR
2018-04-23 04:06:48 Server name changed from TEAR to Tactical Elite Assault Regiment
2018-04-23 04:07:07 Server name changed from Tactical Elite Assault Regiment to T.E.A.R
2018-04-23 04:07:42 Channel rename: mainchat🐣🐤🐥 renamed to tactical-elite-assault-regiment🐣🐤🐥
2018-04-23 04:08:37 Channel topic: tactical-elite-assault-regiment🐣🐤🐥 topic was set to "Tactical Elite Assault Regiment"
2018-04-23 04:09:27 Channel rename: tactical-elite-assault-regiment🐣🐤🐥 renamed to mainchat🐣🐤🐥
2018-04-23 05:53:22 Member join: @TheDap#1267 (id 420974344748138506)
2018-04-23 05:53:22 Member role add: 'Newbie' role was added to @TheDap#1267
2018-04-23 05:54:02 Member role add: 'Newbie' role was added to @Prankx#4729
2018-04-23 05:54:02 Member role remove: The 'Newbie' role was removed from @Prankx#4729
2018-04-23 05:54:03 Member role add: 'Newbie' role was added to @Prankx#4729
2018-04-23 05:54:27 Member role remove: The 'Owner' role was removed from @kenshin17#4435
2018-04-23 05:54:30 Member role add: 'Newbie' role was added to @kenshin17#4435
2018-04-23 05:54:41 Member role add: 'Newbie' role was added to @D5JULIUS#3311
2018-04-23 05:54:45 Member role add: 'Newbie' role was added to @CheeDragon#7071
2018-04-23 05:55:00 Role mentionable: 'Newbie' is now mentionable
2018-04-23 05:55:00 Role hoist: 'Newbie' is now shown seperately
2018-04-23 05:55:10 Member role add: 'Newbie' role was added to @Vicious_Vive#1737
2018-04-23 06:22:35 Member role remove: The 'Owner' role was removed from @MrFries#8470
2018-04-23 06:22:36 Member role add: 'Moderator' role was added to @MrFries#8470
2018-04-23 06:22:50 Member role add: '🎖️General' role was added to @MrFries#8470
2018-04-23 06:22:53 Member role remove: The '🎖️General' role was removed from @MrFries#8470
2018-04-23 06:22:57 Member role add: 'Lieutenant General' role was added to @MrFries#8470
2018-04-23 07:09:29 Member role add: '🙂Rookie' role was added to @Adelia#3721
2018-04-23 07:09:29 Member role add: 'Trainee💦' role was added to @Adelia#3721
2018-04-23 07:10:51 Member role remove: The '🙂Rookie' role was removed from @Adelia#3721
2018-04-23 07:11:05 Member role remove: The 'Trainee💦' role was removed from @Adelia#3721
2018-04-23 07:17:54 Role renamed: 'MEE6' to 'MEE7'
2018-04-23 07:17:54 Role mentionable: 'MEE7' is now mentionable
2018-04-23 07:18:47 Member role add: 'Subzero' role was added to @MEE6#4876
2018-04-23 08:21:51 Member role add: 'Subzero' role was added to @Synapse#0692
2018-04-23 10:40:02 Member role add: '🙂Rookie' role was added to @MrFries#8470
2018-04-23 10:43:32 Member role remove: The 'Lieutenant General' role was removed from @MrFries#8470
2018-04-23 10:45:14 Member join: @DAMASU#5486 (id 437926612806402061)
2018-04-23 10:45:14 Member role add: 'Newbie' role was added to @DAMASU#5486
2018-04-23 10:47:26 Member nickname: '@DAMASU#5486' (id 437926612806402061) changed nickname from 'None' to 'Padre Dámaso'
2018-04-23 11:07:13 Member ban: @DAMASU#5486 (id 437926612806402061)
2018-04-23 11:07:13 Member leave: @DAMASU#5486 (id 437926612806402061)
2018-04-23 12:50:42 Member join: @KreaToR (Campo Gwapo)#2991 (id 430421060685529110)
2018-04-23 12:50:42 Member role add: 'Newbie' role was added to @KreaToR (Campo Gwapo)#2991
2018-04-23 13:27:50 Channel created: roe-photos
2018-04-23 14:04:00 Channel overwrites: Sleeping (437669870469906433): role @everyone (422427755997560843) updated to values 2097152, 0 (was 0, 0)
2018-04-23 14:04:31 Channel overwrites: Sleeping (437669870469906433): role @everyone (422427755997560843) updated to values 0, 0 (was 2097152, 0)
2018-04-23 14:12:49 Channel rename: roe-photos renamed to ring-of-elysium-chicken-dinners
2018-04-23 14:12:49 Channel topic: roe-photos topic was set to ""
2018-04-23 14:13:02 Channel rename: ring-of-elysium-chicken-dinners renamed to chicken-dinners
2018-04-23 14:24:05 Member join: @Smurfyboy#7228 (id 252673846706962434)
2018-04-23 14:24:06 Member role add: 'Newbie' role was added to @Smurfyboy#7228
2018-04-23 14:26:15 Member role add: 'Private Second Class' role was added to @Adelia#3721
2018-04-23 14:26:21 Member role remove: The 'Private Second Class' role was removed from @Adelia#3721
2018-04-23 14:29:51 Role created: 'new role' (id 437983449786220544)
2018-04-23 14:30:13 Role renamed: 'new role' to 'American'
2018-04-23 14:30:13 Role color: 'new role' changed from #000000 to #0052ff
2018-04-23 14:34:49 Role color: 'American' changed from #0052ff to #7ca7fa
2018-04-23 14:34:52 Role created: 'new role' (id 437984710405259267)
2018-04-23 14:34:53 Role created: 'new role' (id 437984713357918208)
2018-04-23 14:34:58 Role deleted: 'new role' (id 437984713357918208)
2018-04-23 14:35:40 Role renamed: 'new role' to 'Europian'
2018-04-23 14:35:40 Role color: 'new role' changed from #000000 to #5e51ff
2018-04-23 14:35:46 Member role add: 'Europian' role was added to @Smurfyboy#7228
2018-04-23 14:36:57 Role color: 'Indian' changed from #000000 to #b3c743
2018-04-23 14:36:58 Role mentionable: 'Europian' is now mentionable
2018-04-23 14:36:58 Role hoist: 'Europian' is now shown seperately
2018-04-23 14:37:01 Role mentionable: 'Indian' is now mentionable
2018-04-23 14:37:01 Role hoist: 'Indian' is now shown seperately
2018-04-23 14:37:08 Member role remove: The 'Europian' role was removed from @Smurfyboy#7228
2018-04-23 14:37:08 Member role add: 'Europian' role was added to @Smurfyboy#7228
2018-04-23 14:37:10 Member role remove: The 'Newbie' role was removed from @Smurfyboy#7228
2018-04-23 14:37:12 Member role add: 'Newbie' role was added to @Smurfyboy#7228
2018-04-23 14:37:35 Role mentionable: 'American' is now mentionable
2018-04-23 14:37:35 Role hoist: 'American' is now shown seperately
2018-04-23 14:37:41 Member role remove: The 'Newbie' role was removed from @Vicious_Vive#1737
2018-04-23 14:37:45 Member role add: 'Newbie' role was added to @Vicious_Vive#1737
2018-04-24 09:19:46 Member join: @poppindot#1490 (id 428787541161017345)
2018-04-24 09:19:47 Member role add: 'Newbie' role was added to @poppindot#1490
2018-04-24 09:26:29 Member join: @Kingjazz#7814 (id 437491901432856586)
2018-04-24 09:26:29 Member role add: 'Newbie' role was added to @Kingjazz#7814
2018-04-24 10:46:03 Member role add: 'Owner' role was added to @kenshin17#4435
2018-04-24 10:46:12 Member role add: 'Owner' role was added to @poppindot#1490
2018-04-24 10:46:20 Member role add: 'Owner' role was added to @Vicious_Vive#1737
2018-04-24 11:20:40 Member role add: '🙂Rookie' role was added to @Vicious_Vive#1737
2018-04-24 11:52:48 Member role remove: The '🙂Rookie' role was removed from @Vicious_Vive#1737
2018-04-24 12:24:14 Member role add: '🙂Rookie' role was added to @kenshin17#4435
2018-04-24 12:24:18 Member role remove: The '🙂Rookie' role was removed from @kenshin17#4435
2018-04-24 12:39:18 Member role add: 'Private First Class' role was added to @Adelia#3721
2018-04-24 12:39:29 Member role remove: The 'Private First Class' role was removed from @Adelia#3721
2018-04-24 12:39:33 Member role remove: The 'Lieutenant General' role was removed from @Adelia#3721
2018-04-24 13:22:20 Member role add: 'Subzero' role was added to @Prankx#4729
2018-04-24 16:20:41 Channel created: back-in-5-min
2018-04-24 16:21:51 Channel created: PUBG
2018-04-24 16:22:25 Channel created: tips-and-tricks
2018-04-24 16:22:49 Channel created: Music Room
2018-04-24 16:24:15 Channel deleted: PUBG
2018-04-24 16:24:26 Channel created: PUBG
2018-04-24 16:24:38 Channel position: Room moved from 2 to 1
2018-04-24 16:24:38 Channel position: PUBG moved from 4 to 2
2018-04-24 16:24:38 Channel position: tips-and-tricks moved from 3 to 1
2018-04-24 16:24:38 Channel position: chicken-dinners moved from 1 to 2
2018-04-24 16:24:38 Channel position: back-in-5-min moved from 2 to 3
2018-04-24 16:24:39 Channel position: Music Room moved from 8 to 7
2018-04-24 16:24:46 Channel position: PUBG moved from 2 to 1
2018-04-24 16:24:46 Channel position: Room moved from 1 to 2
2018-04-24 16:25:08 Channel created: drop-ign-here
2018-04-24 16:25:20 Channel created: drop-ign-here
2018-04-24 16:25:34 Channel created: drop-ign-here
2018-04-24 16:25:46 Channel deleted: drop-ign-here
2018-04-24 16:25:53 Channel deleted: drop-ign-here
2018-04-24 16:26:35 Channel created: PUBG Lobby
2018-04-24 16:27:05 Channel created: chicken-dinner-pics
2018-04-24 16:27:42 Channel rename: Room renamed to Ring of Elysium
2018-04-24 16:28:12 Channel created: Alpha
2018-04-24 16:28:22 Channel created: Omega
2018-04-24 16:28:34 Channel created: Charlie
2018-04-24 16:28:42 Channel created: Delta
2018-04-24 16:29:06 Channel deleted: Omega
2018-04-24 16:29:19 Channel created: Echo
2018-04-24 16:29:42 Channel created: Fox
2018-04-24 16:30:06 Channel created: pubg-memes-here
2018-04-24 16:30:30 Channel created: epic-moment-pic
2018-04-24 16:43:19 Role color: 'MEE7' changed from #000000 to #546e7a
2018-04-24 16:44:23 Role color: 'Major General' changed from #000000 to #a84300
2018-04-24 16:44:24 Role color: 'Brigadier General' changed from #000000 to #c27c0e
2018-04-24 16:44:24 Role color: 'Colonel' changed from #000000 to #71368a
2018-04-24 16:44:25 Role color: 'Lieutenant Colonel' changed from #000000 to #206694
2018-04-24 16:44:26 Role color: 'Captain' changed from #000000 to #11806a
2018-04-24 16:44:26 Role color: 'First Lieutenant' changed from #000000 to #e67e22
2018-04-24 16:44:27 Role color: 'Second Lieutenant' changed from #000000 to #f1c40f
2018-04-24 16:44:27 Role color: 'Master Sergeant' changed from #000000 to #e91e63
2018-04-24 16:44:28 Role color: 'Sergeant First Class' changed from #000000 to #3498db
2018-04-24 16:44:28 Role color: 'Staff Sergeant' changed from #000000 to #2ecc71
2018-04-24 16:44:29 Role color: 'Corporal' changed from #000000 to #1abc9c
2018-04-24 16:44:29 Role color: 'Private First Class' changed from #000000 to #607d8b
2018-04-24 16:44:30 Role color: 'Private Second Class' changed from #000000 to #95a5a6
2018-04-24 16:47:20 Channel created: wtf-moments
2018-04-24 16:49:08 Server icon changed from https://cdn.discordapp.com/icons/422427755997560843/99e7f707f05a38beeeadbb9915fd1893.jpg to https://cdn.discordapp.com/icons/422427755997560843/84bead651af886805ca037dd298993c4.jpg
2018-04-24 16:51:52 Channel created: PUBG WAR SQUAD
2018-04-24 16:51:58 Channel position: PUBG Lobby moved from 8 to 1
2018-04-24 16:51:58 Channel position: PUBG WAR SQUAD moved from 15 to 2
2018-04-24 16:51:58 Channel position: Alpha moved from 9 to 3
2018-04-24 16:51:58 Channel position: Charlie moved from 11 to 4
2018-04-24 16:51:58 Channel position: Delta moved from 12 to 5
2018-04-24 16:51:58 Channel position: Echo moved from 13 to 6
2018-04-24 16:51:58 Channel position: Fox moved from 14 to 7
2018-04-24 16:51:58 Channel position: Zakhar moved from 1 to 8
2018-04-24 16:51:58 Channel position: Paroho moved from 2 to 9
2018-04-24 16:51:58 Channel position: Havana moved from 3 to 10
2018-04-24 16:51:58 Channel position: Crater moved from 4 to 11
2018-04-24 16:51:58 Channel position: Montana moved from 5 to 12
2018-04-24 16:51:58 Channel position: Sleeping moved from 6 to 13
2018-04-24 16:51:58 Channel position: Music Room moved from 7 to 14
2018-04-24 16:54:29 Channel created: chat
2018-04-24 16:54:48 Channel topic: chat topic was set to "Only PUBG Chat"
2018-04-24 16:55:06 Channel rename: mainchat🐣🐤🐥 renamed to main-chat🐣🐤🐥
2018-04-24 16:58:02 Member role add: 'Moderator' role was added to @Prankx#4729
2018-04-24 16:58:03 Member role remove: The 'Moderator' role was removed from @Prankx#4729
2018-04-24 16:58:04 Member role add: 'Moderator' role was added to @Prankx#4729
2018-04-24 16:58:35 Member role add: 'Trainee💦' role was added to @Vicious_Vive#1737
2018-04-24 16:59:37 Channel created: casual-chat
2018-04-24 16:59:52 Channel created: tips-and-tricks
2018-04-24 16:59:56 Channel position: drop-ign-here moved from 6 to 2
2018-04-24 16:59:56 Channel position: chicken-dinner-pics moved from 7 to 3
2018-04-24 16:59:56 Channel position: pubg-memes-here moved from 8 to 4
2018-04-24 16:59:56 Channel position: epic-moment-pic moved from 9 to 5
2018-04-24 16:59:56 Channel position: wtf-moments moved from 10 to 6
2018-04-24 16:59:56 Channel position: chat moved from 11 to 7
2018-04-24 16:59:56 Channel position: chicken-dinners moved from 2 to 8
2018-04-24 16:59:56 Channel position: tips-and-tricks moved from 13 to 9
2018-04-24 16:59:56 Channel position: casual-chat moved from 12 to 10
2018-04-24 16:59:56 Channel position: back-in-5-min moved from 3 to 11
2018-04-24 17:02:21 Channel topic: drop-ign-here topic was set to "Only PUBG IGN"
2018-04-24 17:03:24 Channel created: mature-only-18
2018-04-24 17:03:59 Channel rename: mature-only-18 renamed to rated-18
2018-04-24 17:03:59 Channel topic: mature-only-18 topic was set to ""
2018-04-24 17:04:23 Channel rename: chicken-dinner-pics renamed to chicken-dinners
2018-04-24 17:04:23 Channel topic: chicken-dinner-pics topic was set to ""
2018-04-24 17:05:13 Member role remove: The 'Trainee💦' role was removed from @Vicious_Vive#1737
2018-04-24 17:05:15 Member role add: 'Trainee💦' role was added to @Vicious_Vive#1737
2018-04-24 17:05:18 Member role remove: The 'Trainee💦' role was removed from @Vicious_Vive#1737
2018-04-24 17:05:23 Member role add: 'Moderator' role was added to @Vicious_Vive#1737
2018-04-24 21:18:30 Channel rename: chat renamed to pubg-chatbox
2018-04-24 21:18:30 Channel topic: chat topic was set to "PlayerUnknown's Battlegrounds"
2018-04-24 22:00:36 Server icon changed from https://cdn.discordapp.com/icons/422427755997560843/84bead651af886805ca037dd298993c4.jpg to https://cdn.discordapp.com/icons/422427755997560843/fee94c8f61db07a24196e1a053488192.jpg
2018-04-24 22:01:23 Server icon changed from https://cdn.discordapp.com/icons/422427755997560843/fee94c8f61db07a24196e1a053488192.jpg to https://cdn.discordapp.com/icons/422427755997560843/5cd855d694f1656f08c681d98f0a29a6.jpg
2018-04-24 23:39:48 Member role remove: The 'Subzero' role was removed from @MEE6#4876
2018-04-24 23:40:04 Member role add: 'Owner' role was added to @MEE6#4876
2018-04-24 23:40:05 Member role add: 'Moderator' role was added to @MEE6#4876
2018-04-24 23:40:11 Member role remove: The 'Moderator' role was removed from @MEE6#4876
2018-04-25 00:42:47 Member join: @MagiBot#9920 (id 384820232583249921)
2018-04-25 00:42:47 Role created: 'MagiBot' (id 438500084167213077)
2018-04-25 00:42:47 Member role add: 'MagiBot' role was added to @MagiBot#9920
2018-04-25 00:42:47 Member role add: 'Newbie' role was added to @MagiBot#9920
2018-04-25 00:43:01 Member join: @Twik#6262 (id 336053957950570497)
2018-04-25 00:43:02 Member role add: 'Newbie' role was added to @Twik#6262
2018-04-25 00:43:03 Member role remove: The 'Newbie' role was removed from @MagiBot#9920
2018-04-25 00:50:49 Member join: @Akieru#6432 (id 304837806596030465)
2018-04-25 00:50:49 Member role add: 'Newbie' role was added to @Akieru#6432
2018-04-25 00:59:11 Member role remove: The 'Newbie' role was removed from @Prankx#4729
2018-04-25 00:59:11 Member role remove: The 'Newbie' role was removed from @Smurfyboy#7228
2018-04-25 00:59:11 Member role remove: The 'Newbie' role was removed from @CheeDragon#7071
2018-04-25 00:59:11 Member role remove: The 'Newbie' role was removed from @Vicious_Vive#1737
2018-04-25 00:59:11 Member role remove: The 'Newbie' role was removed from @Akieru#6432
2018-04-25 00:59:11 Member role remove: The 'Newbie' role was removed from @Twik#6262
2018-04-25 00:59:11 Member role remove: The 'Newbie' role was removed from @TheDap#1267
2018-04-25 00:59:11 Member role remove: The 'Newbie' role was removed from @D5JULIUS#3311
2018-04-25 00:59:11 Member role remove: The 'Newbie' role was removed from @poppindot#1490
2018-04-25 00:59:11 Member role remove: The 'Newbie' role was removed from @KreaToR (Campo Gwapo)#2991
2018-04-25 00:59:11 Member role remove: The 'Newbie' role was removed from @kenshin17#4435
2018-04-25 00:59:11 Member role remove: The 'Newbie' role was removed from @Kingjazz#7814
2018-04-25 00:59:11 Role deleted: 'Newbie' (id 437668976470786059)
2018-04-25 00:59:13 Role created: 'new role' (id 438504221260644371)
2018-04-25 01:00:04 Role permissions: 'MagiBot' changed from 8 to 262216
2018-04-25 01:00:05 Role renamed: 'new role' to 'Staff'
2018-04-25 01:00:05 Role color: 'new role' changed from #000000 to #b15555
2018-04-25 01:00:05 Role mentionable: 'Staff' is now mentionable
2018-04-25 01:00:05 Role hoist: 'Staff' is now shown seperately
2018-04-25 01:00:05 Role permissions: 'new role' changed from 104324161 to 2146958591
2018-04-25 01:00:10 Member role remove: The 'Owner' role was removed from @Vicious_Vive#1737
2018-04-25 01:00:11 Member role remove: The 'Moderator' role was removed from @Vicious_Vive#1737
2018-04-25 01:00:17 Member role add: 'Staff' role was added to @Vicious_Vive#1737
2018-04-25 01:00:44 Role position: 'MagiBot' changed from 2 to 1
2018-04-25 01:00:44 Role position: 'Europian' changed from 3 to 2
2018-04-25 01:00:44 Role position: 'American' changed from 4 to 3
2018-04-25 01:00:44 Role position: 'Indian' changed from 5 to 4
2018-04-25 01:00:44 Role position: 'Subzero' changed from 6 to 5
2018-04-25 01:00:44 Role position: 'Behave' changed from 7 to 6
2018-04-25 01:00:44 Role position: 'Synapse' changed from 8 to 7
2018-04-25 01:00:44 Role position: '🎖️General' changed from 9 to 8
2018-04-25 01:00:44 Role position: 'Lieutenant General' changed from 10 to 9
2018-04-25 01:00:44 Role position: 'Major General' changed from 11 to 10
2018-04-25 01:00:44 Role position: 'Brigadier General' changed from 12 to 11
2018-04-25 01:00:44 Role position: 'Colonel' changed from 13 to 12
2018-04-25 01:00:44 Role position: 'Lieutenant Colonel' changed from 14 to 13
2018-04-25 01:00:44 Role position: 'Captain' changed from 15 to 14
2018-04-25 01:00:44 Role position: 'First Lieutenant' changed from 16 to 15
2018-04-25 01:00:44 Role position: 'Second Lieutenant' changed from 17 to 16
2018-04-25 01:00:44 Role position: 'Master Sergeant' changed from 18 to 17
2018-04-25 01:00:44 Role position: 'Sergeant First Class' changed from 19 to 18
2018-04-25 01:00:44 Role position: 'Staff Sergeant' changed from 20 to 19
2018-04-25 01:00:44 Role position: 'Corporal' changed from 21 to 20
2018-04-25 01:00:44 Role position: 'Private First Class' changed from 22 to 21
2018-04-25 01:00:44 Role position: 'Private Second Class' changed from 23 to 22
2018-04-25 01:00:44 Role position: 'Trainee💦' changed from 24 to 23
2018-04-25 01:00:44 Role position: '🙂Rookie' changed from 25 to 24
2018-04-25 01:00:44 Role position: 'MEE7' changed from 26 to 25
2018-04-25 01:00:44 Role position: 'Escort' changed from 27 to 26
2018-04-25 01:00:44 Role position: 'Moderator' changed from 28 to 27
2018-04-25 01:00:44 Role position: 'Staff' changed from 1 to 28
2018-04-25 01:01:08 Role created: 'SaltKing' (id 438504704675414027)
2018-04-25 01:02:10 Channel created: Training Mode
2018-04-25 01:02:14 Channel position: Training Mode moved from 15 to 8
2018-04-25 01:02:14 Channel position: Zakhar moved from 8 to 9
2018-04-25 01:02:14 Channel position: Paroho moved from 9 to 10
2018-04-25 01:02:14 Channel position: Havana moved from 10 to 11
2018-04-25 01:02:14 Channel position: Crater moved from 11 to 12
2018-04-25 01:02:14 Channel position: Montana moved from 12 to 13
2018-04-25 01:02:14 Channel position: Sleeping moved from 13 to 14
2018-04-25 01:02:14 Channel position: Music Room moved from 14 to 15
2018-04-25 01:12:27 Channel created: announcement-and-rules
2018-04-25 01:12:30 Channel position: announcement-and-rules moved from 13 to 0
2018-04-25 01:12:30 Channel position: main-chat🐣🐤🐥 moved from 0 to 1
2018-04-25 01:12:30 Channel position: tips-and-tricks moved from 1 to 2
2018-04-25 01:12:30 Channel position: rated-18 moved from 12 to 3
2018-04-25 01:12:30 Channel position: drop-ign-here moved from 2 to 4
2018-04-25 01:12:30 Channel position: chicken-dinners moved from 3 to 5
2018-04-25 01:12:30 Channel position: pubg-memes-here moved from 4 to 6
2018-04-25 01:12:30 Channel position: epic-moment-pic moved from 5 to 7
2018-04-25 01:12:30 Channel position: wtf-moments moved from 6 to 8
2018-04-25 01:12:30 Channel position: pubg-chatbox moved from 7 to 9
2018-04-25 01:12:30 Channel position: chicken-dinners moved from 8 to 10
2018-04-25 01:12:30 Channel position: tips-and-tricks moved from 9 to 11
2018-04-25 01:12:30 Channel position: casual-chat moved from 10 to 12
2018-04-25 01:12:30 Channel position: back-in-5-min moved from 11 to 13
2018-04-25 01:14:00 Channel overwrites: announcement-and-rules (438507550397169704): role @everyone (422427755997560843) added with values 70656, 805496849
2018-04-25 01:17:26 Member role remove: The 'Owner' role was removed from @kenshin17#4435
2018-04-25 01:17:27 Member role add: 'Owner' role was added to @kenshin17#4435
2018-04-25 01:17:28 Member role remove: The 'Owner' role was removed from @kenshin17#4435
2018-04-25 01:17:29 Member role add: 'Staff' role was added to @kenshin17#4435
2018-04-25 01:17:33 Member role remove: The 'Owner' role was removed from @poppindot#1490
2018-04-25 01:17:34 Member role add: 'Staff' role was added to @poppindot#1490
2018-04-25 01:17:42 Member role remove: The 'Owner' role was removed from @♠ⱻꬿⱯッ#1998
2018-04-25 01:17:42 Member role add: 'Staff' role was added to @♠ⱻꬿⱯッ#1998
2018-04-25 01:21:23 Channel created: ring-of-elysium-tut-download
2018-04-25 01:25:04 Member role add: '🙂Rookie' role was added to @Akieru#6432
2018-04-25 01:25:42 Channel position: ring-of-elysium-tut-download moved from 14 to 1
2018-04-25 01:25:42 Channel position: main-chat🐣🐤🐥 moved from 1 to 2
2018-04-25 01:25:42 Channel position: tips-and-tricks moved from 2 to 3
2018-04-25 01:25:42 Channel position: rated-18 moved from 3 to 4
2018-04-25 01:25:42 Channel position: drop-ign-here moved from 4 to 5
2018-04-25 01:25:42 Channel position: chicken-dinners moved from 5 to 6
2018-04-25 01:25:42 Channel position: pubg-memes-here moved from 6 to 7
2018-04-25 01:25:42 Channel position: epic-moment-pic moved from 7 to 8
2018-04-25 01:25:42 Channel position: wtf-moments moved from 8 to 9
2018-04-25 01:25:42 Channel position: pubg-chatbox moved from 9 to 10
2018-04-25 01:25:42 Channel position: chicken-dinners moved from 10 to 11
2018-04-25 01:25:42 Channel position: tips-and-tricks moved from 11 to 12
2018-04-25 01:25:42 Channel position: casual-chat moved from 12 to 13
2018-04-25 01:25:42 Channel position: back-in-5-min moved from 13 to 14
2018-04-25 01:26:09 Channel rename: announcement-and-rules renamed to announcement
2018-04-25 01:26:09 Channel topic: announcement-and-rules topic was set to ""
2018-04-25 01:29:15 Channel rename: announcement renamed to rules
2018-04-25 01:35:50 Channel created: announcement
2018-04-25 01:35:54 Channel position: announcement moved from 15 to 0
2018-04-25 01:35:54 Channel position: rules moved from 0 to 1
2018-04-25 01:35:54 Channel position: ring-of-elysium-tut-download moved from 1 to 2
2018-04-25 01:35:54 Channel position: main-chat🐣🐤🐥 moved from 2 to 3
2018-04-25 01:35:54 Channel position: tips-and-tricks moved from 3 to 4
2018-04-25 01:35:54 Channel position: rated-18 moved from 4 to 5
2018-04-25 01:35:54 Channel position: drop-ign-here moved from 5 to 6
2018-04-25 01:35:54 Channel position: chicken-dinners moved from 6 to 7
2018-04-25 01:35:54 Channel position: pubg-memes-here moved from 7 to 8
2018-04-25 01:35:54 Channel position: epic-moment-pic moved from 8 to 9
2018-04-25 01:35:54 Channel position: wtf-moments moved from 9 to 10
2018-04-25 01:35:54 Channel position: pubg-chatbox moved from 10 to 11
2018-04-25 01:35:54 Channel position: chicken-dinners moved from 11 to 12
2018-04-25 01:35:54 Channel position: tips-and-tricks moved from 12 to 13
2018-04-25 01:35:54 Channel position: casual-chat moved from 13 to 14
2018-04-25 01:35:54 Channel position: back-in-5-min moved from 14 to 15
2018-04-25 01:36:27 Channel rename: Main Room renamed to Fun
2018-04-25 01:37:44 Member role remove: The 'Moderator' role was removed from @MrFries#8470
2018-04-25 01:37:44 Member role add: 'Staff' role was added to @MrFries#8470
2018-04-25 01:37:46 Member role add: 'Moderator' role was added to @MrFries#8470
2018-04-25 01:38:04 Member role remove: The 'Staff' role was removed from @♠ⱻꬿⱯッ#1998
2018-04-25 01:38:57 Member role remove: The 'Subzero' role was removed from @Adelia#3721
2018-04-25 01:39:12 Role mentionable: 'Owner' is now mentionable
2018-04-25 01:39:12 Role hoist: 'Owner' is now shown seperately
2018-04-25 01:39:19 Member role remove: The 'Subzero' role was removed from @Synapse#0692
2018-04-25 01:39:21 Member role add: 'Owner' role was added to @Synapse#0692
2018-04-25 01:39:30 Member role add: 'Owner' role was added to @MrFries#8470
2018-04-25 01:39:31 Member role remove: The 'Staff' role was removed from @MrFries#8470
2018-04-25 01:39:31 Member role remove: The 'Moderator' role was removed from @MrFries#8470
2018-04-25 01:46:07 Role created: 'new role' (id 438516025265356820)
2018-04-25 01:46:21 Role permissions: 'SaltKing' changed from 0 to 262208
2018-04-25 01:46:22 Role renamed: 'new role' to 'Specialist'
2018-04-25 01:46:25 Role mentionable: 'Specialist' is now mentionable
2018-04-25 01:46:25 Role hoist: 'Specialist' is now shown seperately
2018-04-25 01:46:40 Role created: 'new role' (id 438516162637201418)
2018-04-25 01:46:54 Role renamed: 'new role' to 'Sergeant'
2018-04-25 01:46:54 Role mentionable: 'Sergeant' is now mentionable
2018-04-25 01:46:54 Role hoist: 'Sergeant' is now shown seperately
2018-04-25 01:47:22 Role created: 'new role' (id 438516338923929600)
2018-04-25 01:47:26 Role renamed: 'new role' to 'Sergeant First Class'
2018-04-25 01:47:28 Role mentionable: 'Sergeant First Class' is now mentionable
2018-04-25 01:47:28 Role hoist: 'Sergeant First Class' is now shown seperately
2018-04-25 01:47:39 Role position: 'Sergeant' changed from 2 to 1
2018-04-25 01:47:39 Role position: 'Specialist' changed from 3 to 2
2018-04-25 01:47:39 Role position: 'SaltKing' changed from 4 to 3
2018-04-25 01:47:39 Role position: 'MagiBot' changed from 5 to 4
2018-04-25 01:47:39 Role position: 'Europian' changed from 6 to 5
2018-04-25 01:47:39 Role position: 'American' changed from 7 to 6
2018-04-25 01:47:39 Role position: 'Indian' changed from 8 to 7
2018-04-25 01:47:39 Role position: 'Subzero' changed from 9 to 8
2018-04-25 01:47:39 Role position: 'Behave' changed from 10 to 9
2018-04-25 01:47:39 Role position: 'Synapse' changed from 11 to 10
2018-04-25 01:47:39 Role position: '🎖️General' changed from 12 to 11
2018-04-25 01:47:39 Role position: 'Lieutenant General' changed from 13 to 12
2018-04-25 01:47:39 Role position: 'Major General' changed from 14 to 13
2018-04-25 01:47:39 Role position: 'Brigadier General' changed from 15 to 14
2018-04-25 01:47:39 Role position: 'Colonel' changed from 16 to 15
2018-04-25 01:47:39 Role position: 'Lieutenant Colonel' changed from 17 to 16
2018-04-25 01:47:39 Role position: 'Captain' changed from 18 to 17
2018-04-25 01:47:39 Role position: 'First Lieutenant' changed from 19 to 18
2018-04-25 01:47:39 Role position: 'Second Lieutenant' changed from 20 to 19
2018-04-25 01:47:39 Role position: 'Master Sergeant' changed from 21 to 20
2018-04-25 01:47:39 Role position: 'Sergeant First Class' changed from 22 to 21
2018-04-25 01:47:39 Role position: 'Staff Sergeant' changed from 23 to 22
2018-04-25 01:47:39 Role position: 'Corporal' changed from 24 to 23
2018-04-25 01:47:39 Role position: 'Sergeant First Class' changed from 1 to 24
2018-04-25 01:47:56 Role position: 'SaltKing' changed from 3 to 1
2018-04-25 01:47:56 Role position: 'MagiBot' changed from 4 to 2
2018-04-25 01:47:56 Role position: 'Europian' changed from 5 to 3
2018-04-25 01:47:56 Role position: 'American' changed from 6 to 4
2018-04-25 01:47:56 Role position: 'Indian' changed from 7 to 5
2018-04-25 01:47:56 Role position: 'Subzero' changed from 8 to 6
2018-04-25 01:47:56 Role position: 'Behave' changed from 9 to 7
2018-04-25 01:47:56 Role position: 'Synapse' changed from 10 to 8
2018-04-25 01:47:56 Role position: '🎖️General' changed from 11 to 9
2018-04-25 01:47:56 Role position: 'Lieutenant General' changed from 12 to 10
2018-04-25 01:47:56 Role position: 'Major General' changed from 13 to 11
2018-04-25 01:47:56 Role position: 'Brigadier General' changed from 14 to 12
2018-04-25 01:47:56 Role position: 'Colonel' changed from 15 to 13
2018-04-25 01:47:56 Role position: 'Lieutenant Colonel' changed from 16 to 14
2018-04-25 01:47:56 Role position: 'Captain' changed from 17 to 15
2018-04-25 01:47:56 Role position: 'First Lieutenant' changed from 18 to 16
2018-04-25 01:47:56 Role position: 'Second Lieutenant' changed from 19 to 17
2018-04-25 01:47:56 Role position: 'Master Sergeant' changed from 20 to 18
2018-04-25 01:47:56 Role position: 'Sergeant First Class' changed from 21 to 19
2018-04-25 01:47:56 Role position: 'Staff Sergeant' changed from 22 to 20
2018-04-25 01:47:56 Role position: 'Corporal' changed from 23 to 21
2018-04-25 01:47:56 Role position: 'Sergeant First Class' changed from 24 to 22
2018-04-25 01:47:56 Role position: 'Sergeant' changed from 1 to 23
2018-04-25 01:47:56 Role position: 'Specialist' changed from 2 to 24
2018-04-25 01:48:01 Role created: 'new role' (id 438516501360934912)
2018-04-25 01:48:14 Role renamed: 'new role' to 'Master Sergeant'
2018-04-25 01:48:14 Role mentionable: 'Master Sergeant' is now mentionable
2018-04-25 01:48:14 Role hoist: 'Master Sergeant' is now shown seperately
2018-04-25 01:48:39 Role position: 'SaltKing' changed from 2 to 1
2018-04-25 01:48:39 Role position: 'MagiBot' changed from 3 to 2
2018-04-25 01:48:39 Role position: 'Europian' changed from 4 to 3
2018-04-25 01:48:39 Role position: 'American' changed from 5 to 4
2018-04-25 01:48:39 Role position: 'Indian' changed from 6 to 5
2018-04-25 01:48:39 Role position: 'Subzero' changed from 7 to 6
2018-04-25 01:48:39 Role position: 'Behave' changed from 8 to 7
2018-04-25 01:48:39 Role position: 'Synapse' changed from 9 to 8
2018-04-25 01:48:39 Role position: '🎖️General' changed from 10 to 9
2018-04-25 01:48:39 Role position: 'Lieutenant General' changed from 11 to 10
2018-04-25 01:48:39 Role position: 'Major General' changed from 12 to 11
2018-04-25 01:48:39 Role position: 'Brigadier General' changed from 13 to 12
2018-04-25 01:48:39 Role position: 'Colonel' changed from 14 to 13
2018-04-25 01:48:39 Role position: 'Lieutenant Colonel' changed from 15 to 14
2018-04-25 01:48:39 Role position: 'Captain' changed from 16 to 15
2018-04-25 01:48:39 Role position: 'First Lieutenant' changed from 17 to 16
2018-04-25 01:48:39 Role position: 'Second Lieutenant' changed from 18 to 17
2018-04-25 01:48:39 Role position: 'Master Sergeant' changed from 19 to 18
2018-04-25 01:48:39 Role position: 'Sergeant First Class' changed from 20 to 19
2018-04-25 01:48:39 Role position: 'Staff Sergeant' changed from 21 to 20
2018-04-25 01:48:39 Role position: 'Master Sergeant' changed from 1 to 21
2018-04-25 01:48:39 Role position: 'Sergeant First Class' changed from 23 to 22
2018-04-25 01:48:39 Role position: 'Sergeant' changed from 24 to 23
2018-04-25 01:48:39 Role position: 'Corporal' changed from 22 to 24
2018-04-25 01:48:57 Role position: 'Master Sergeant' changed from 21 to 20
2018-04-25 01:48:57 Role position: 'Sergeant First Class' changed from 22 to 21
2018-04-25 01:48:57 Role position: 'Staff Sergeant' changed from 20 to 22
2018-04-25 01:49:21 Role deleted: 'Sergeant First Class' (id 438516338923929600)
2018-04-25 01:49:33 Role position: 'Master Sergeant' changed from 20 to 19
2018-04-25 01:49:33 Role position: 'Sergeant First Class' changed from 19 to 20
2018-04-25 01:49:36 Role deleted: 'Master Sergeant' (id 438516501360934912)
2018-04-25 01:49:48 Role created: 'new role' (id 438516949274722305)
2018-04-25 01:49:55 Role renamed: 'new role' to 'First Sergeant'
2018-04-25 01:49:55 Role mentionable: 'First Sergeant' is now mentionable
2018-04-25 01:49:55 Role hoist: 'First Sergeant' is now shown seperately
2018-04-25 01:50:02 Role position: 'SaltKing' changed from 2 to 1
2018-04-25 01:50:02 Role position: 'MagiBot' changed from 3 to 2
2018-04-25 01:50:02 Role position: 'Europian' changed from 4 to 3
2018-04-25 01:50:02 Role position: 'American' changed from 5 to 4
2018-04-25 01:50:02 Role position: 'Indian' changed from 6 to 5
2018-04-25 01:50:02 Role position: 'Subzero' changed from 7 to 6
2018-04-25 01:50:02 Role position: 'Behave' changed from 8 to 7
2018-04-25 01:50:02 Role position: 'Synapse' changed from 9 to 8
2018-04-25 01:50:02 Role position: '🎖️General' changed from 10 to 9
2018-04-25 01:50:02 Role position: 'Lieutenant General' changed from 11 to 10
2018-04-25 01:50:02 Role position: 'Major General' changed from 12 to 11
2018-04-25 01:50:02 Role position: 'Brigadier General' changed from 13 to 12
2018-04-25 01:50:02 Role position: 'Colonel' changed from 14 to 13
2018-04-25 01:50:02 Role position: 'Lieutenant Colonel' changed from 15 to 14
2018-04-25 01:50:02 Role position: 'Captain' changed from 16 to 15
2018-04-25 01:50:02 Role position: 'First Lieutenant' changed from 17 to 16
2018-04-25 01:50:02 Role position: 'Second Lieutenant' changed from 18 to 17
2018-04-25 01:50:02 Role position: 'First Sergeant' changed from 1 to 18
2018-04-25 01:50:12 Role created: 'new role' (id 438517052093759500)
2018-04-25 01:50:18 Role renamed: 'new role' to 'Sergeant Major'
2018-04-25 01:50:18 Role mentionable: 'Sergeant Major' is now mentionable
2018-04-25 01:50:18 Role hoist: 'Sergeant Major' is now shown seperately
2018-04-25 01:50:36 Role position: 'SaltKing' changed from 2 to 1
2018-04-25 01:50:36 Role position: 'MagiBot' changed from 3 to 2
2018-04-25 01:50:36 Role position: 'Europian' changed from 4 to 3
2018-04-25 01:50:36 Role position: 'American' changed from 5 to 4
2018-04-25 01:50:36 Role position: 'Indian' changed from 6 to 5
2018-04-25 01:50:36 Role position: 'Subzero' changed from 7 to 6
2018-04-25 01:50:36 Role position: 'Behave' changed from 8 to 7
2018-04-25 01:50:36 Role position: 'Synapse' changed from 9 to 8
2018-04-25 01:50:36 Role position: '🎖️General' changed from 10 to 9
2018-04-25 01:50:36 Role position: 'Lieutenant General' changed from 11 to 10
2018-04-25 01:50:36 Role position: 'Major General' changed from 12 to 11
2018-04-25 01:50:36 Role position: 'Brigadier General' changed from 13 to 12
2018-04-25 01:50:36 Role position: 'Colonel' changed from 14 to 13
2018-04-25 01:50:36 Role position: 'Lieutenant Colonel' changed from 15 to 14
2018-04-25 01:50:36 Role position: 'Captain' changed from 16 to 15
2018-04-25 01:50:36 Role position: 'First Lieutenant' changed from 17 to 16
2018-04-25 01:50:36 Role position: 'Second Lieutenant' changed from 18 to 17
2018-04-25 01:50:36 Role position: 'Sergeant Major' changed from 1 to 18
2018-04-25 01:50:38 Role created: 'new role' (id 438517162475257877)
2018-04-25 01:50:42 Role renamed: 'new role' to 'Command Sergeant Major'
2018-04-25 01:50:42 Role mentionable: 'Command Sergeant Major' is now mentionable
2018-04-25 01:50:42 Role hoist: 'Command Sergeant Major' is now shown seperately
2018-04-25 01:50:57 Role position: 'SaltKing' changed from 2 to 1
2018-04-25 01:50:57 Role position: 'MagiBot' changed from 3 to 2
2018-04-25 01:50:57 Role position: 'Europian' changed from 4 to 3
2018-04-25 01:50:57 Role position: 'American' changed from 5 to 4
2018-04-25 01:50:57 Role position: 'Indian' changed from 6 to 5
2018-04-25 01:50:57 Role position: 'Subzero' changed from 7 to 6
2018-04-25 01:50:57 Role position: 'Behave' changed from 8 to 7
2018-04-25 01:50:57 Role position: 'Synapse' changed from 9 to 8
2018-04-25 01:50:57 Role position: '🎖️General' changed from 10 to 9
2018-04-25 01:50:57 Role position: 'Lieutenant General' changed from 11 to 10
2018-04-25 01:50:57 Role position: 'Major General' changed from 12 to 11
2018-04-25 01:50:57 Role position: 'Brigadier General' changed from 13 to 12
2018-04-25 01:50:57 Role position: 'Colonel' changed from 14 to 13
2018-04-25 01:50:57 Role position: 'Lieutenant Colonel' changed from 15 to 14
2018-04-25 01:50:57 Role position: 'Captain' changed from 16 to 15
2018-04-25 01:50:57 Role position: 'First Lieutenant' changed from 17 to 16
2018-04-25 01:50:57 Role position: 'Second Lieutenant' changed from 18 to 17
2018-04-25 01:50:57 Role position: 'Command Sergeant Major' changed from 1 to 18
2018-04-25 01:51:28 Role created: 'new role' (id 438517368394874893)
2018-04-25 01:51:35 Role renamed: 'new role' to 'Sergeant Major of the Army'
2018-04-25 01:51:35 Role mentionable: 'Sergeant Major of the Army' is now mentionable
2018-04-25 01:51:35 Role hoist: 'Sergeant Major of the Army' is now shown seperately
2018-04-25 01:51:36 Role created: 'new role' (id 438517405975707668)
2018-04-25 01:51:46 Role renamed: 'new role' to 'Warrant Officer 1'
2018-04-25 01:51:46 Role mentionable: 'Warrant Officer 1' is now mentionable
2018-04-25 01:51:46 Role hoist: 'Warrant Officer 1' is now shown seperately
2018-04-25 01:51:54 Role renamed: 'Warrant Officer 1' to 'Chief Warrant Officer 2'
2018-04-25 01:51:59 Role renamed: 'Chief Warrant Officer 2' to 'Chief Warrant Officer 3'
2018-04-25 01:52:06 Role renamed: 'Chief Warrant Officer 3' to 'Chief Warrant Officer 4'
2018-04-25 01:52:11 Role renamed: 'Chief Warrant Officer 4' to 'Chief Warrant Officer 5'
2018-04-25 01:52:48 Role renamed: 'Chief Warrant Officer 5' to 'Warrant Officer 1'
2018-04-25 01:52:52 Role created: 'new role' (id 438517724294152214)
2018-04-25 01:53:04 Role renamed: 'new role' to 'Chief Warrant Officer 2'
2018-04-25 01:53:04 Role mentionable: 'Chief Warrant Officer 2' is now mentionable
2018-04-25 01:53:04 Role hoist: 'Chief Warrant Officer 2' is now shown seperately
2018-04-25 01:53:05 Role created: 'new role' (id 438517778454937604)
2018-04-25 01:53:16 Role renamed: 'new role' to 'Chief Warrant Officer 3'
2018-04-25 01:53:16 Role mentionable: 'Chief Warrant Officer 3' is now mentionable
2018-04-25 01:53:16 Role hoist: 'Chief Warrant Officer 3' is now shown seperately
2018-04-25 01:53:26 Role created: 'new role' (id 438517867441291274)
2018-04-25 01:53:30 Role renamed: 'new role' to 'Chief Warrant Officer 4'
2018-04-25 01:53:30 Role mentionable: 'Chief Warrant Officer 4' is now mentionable
2018-04-25 01:53:30 Role hoist: 'Chief Warrant Officer 4' is now shown seperately
2018-04-25 01:53:39 Role created: 'new role' (id 438517918385569793)
2018-04-25 01:53:43 Role renamed: 'new role' to 'Chief Warrant Officer 5'
2018-04-25 01:53:43 Role mentionable: 'Chief Warrant Officer 5' is now mentionable
2018-04-25 01:53:43 Role hoist: 'Chief Warrant Officer 5' is now shown seperately
2018-04-25 01:54:20 Role position: 'SaltKing' changed from 7 to 1
2018-04-25 01:54:20 Role position: 'MagiBot' changed from 8 to 2
2018-04-25 01:54:20 Role position: 'Europian' changed from 9 to 3
2018-04-25 01:54:20 Role position: 'American' changed from 10 to 4
2018-04-25 01:54:20 Role position: 'Indian' changed from 11 to 5
2018-04-25 01:54:20 Role position: 'Subzero' changed from 12 to 6
2018-04-25 01:54:20 Role position: 'Behave' changed from 13 to 7
2018-04-25 01:54:20 Role position: 'Synapse' changed from 14 to 8
2018-04-25 01:54:20 Role position: '🎖️General' changed from 15 to 9
2018-04-25 01:54:20 Role position: 'Lieutenant General' changed from 16 to 10
2018-04-25 01:54:20 Role position: 'Major General' changed from 17 to 11
2018-04-25 01:54:20 Role position: 'Brigadier General' changed from 18 to 12
2018-04-25 01:54:20 Role position: 'Colonel' changed from 19 to 13
2018-04-25 01:54:20 Role position: 'Lieutenant Colonel' changed from 20 to 14
2018-04-25 01:54:20 Role position: 'Captain' changed from 21 to 15
2018-04-25 01:54:20 Role position: 'First Lieutenant' changed from 22 to 16
2018-04-25 01:54:20 Role position: 'Second Lieutenant' changed from 23 to 17
2018-04-25 01:54:20 Role position: 'Chief Warrant Officer 5' changed from 1 to 18
2018-04-25 01:54:20 Role position: 'Chief Warrant Officer 4' changed from 2 to 19
2018-04-25 01:54:20 Role position: 'Chief Warrant Officer 3' changed from 3 to 20
2018-04-25 01:54:20 Role position: 'Chief Warrant Officer 2' changed from 4 to 21
2018-04-25 01:54:21 Role position: 'Warrant Officer 1' changed from 5 to 22
2018-04-25 01:54:21 Role position: 'Sergeant Major of the Army' changed from 6 to 23
2018-04-25 01:54:36 Role created: 'new role' (id 438518158026997762)
2018-04-25 01:54:46 Role renamed: 'new role' to 'Major'
2018-04-25 01:54:46 Role mentionable: 'Major' is now mentionable
2018-04-25 01:54:46 Role hoist: 'Major' is now shown seperately
2018-04-25 01:55:05 Role position: 'SaltKing' changed from 2 to 1
2018-04-25 01:55:05 Role position: 'MagiBot' changed from 3 to 2
2018-04-25 01:55:05 Role position: 'Europian' changed from 4 to 3
2018-04-25 01:55:05 Role position: 'American' changed from 5 to 4
2018-04-25 01:55:05 Role position: 'Indian' changed from 6 to 5
2018-04-25 01:55:05 Role position: 'Subzero' changed from 7 to 6
2018-04-25 01:55:05 Role position: 'Behave' changed from 8 to 7
2018-04-25 01:55:05 Role position: 'Synapse' changed from 9 to 8
2018-04-25 01:55:05 Role position: '🎖️General' changed from 10 to 9
2018-04-25 01:55:05 Role position: 'Lieutenant General' changed from 11 to 10
2018-04-25 01:55:05 Role position: 'Major General' changed from 12 to 11
2018-04-25 01:55:05 Role position: 'Brigadier General' changed from 13 to 12
2018-04-25 01:55:05 Role position: 'Colonel' changed from 14 to 13
2018-04-25 01:55:05 Role position: 'Lieutenant Colonel' changed from 15 to 14
2018-04-25 01:55:05 Role position: 'Major' changed from 1 to 15
2018-04-25 01:55:30 Role created: 'new role' (id 438518387237322789)
2018-04-25 01:55:59 Role renamed: 'new role' to 'General of the Army'
2018-04-25 01:55:59 Role color: 'new role' changed from #000000 to #d0ff00
2018-04-25 01:57:15 Role position: 'SaltKing' changed from 2 to 1
2018-04-25 01:57:15 Role position: 'MagiBot' changed from 3 to 2
2018-04-25 01:57:15 Role position: 'Europian' changed from 4 to 3
2018-04-25 01:57:15 Role position: 'American' changed from 5 to 4
2018-04-25 01:57:15 Role position: 'Indian' changed from 6 to 5
2018-04-25 01:57:15 Role position: 'Subzero' changed from 7 to 6
2018-04-25 01:57:15 Role position: 'Behave' changed from 8 to 7
2018-04-25 01:57:15 Role position: 'Synapse' changed from 9 to 8
2018-04-25 01:57:15 Role position: 'General of the Army' changed from 1 to 9
2018-04-25 01:57:16 Role color: 'Major' changed from #000000 to #a9a9a9
2018-04-25 01:57:16 Role color: 'Brigadier General' changed from #c27c0e to #000000
2018-04-25 01:57:32 Role color: 'Lieutenant Colonel' changed from #206694 to #ff3e3e
2018-04-25 01:57:47 Role color: 'Colonel' changed from #71368a to #ff6f00
2018-04-25 01:57:59 Role color: 'Brigadier General' changed from #000000 to #f1c40f
2018-04-25 01:58:16 Role color: 'Major General' changed from #a84300 to #00e915
2018-04-25 01:58:33 Role color: 'Lieutenant General' changed from #b5ff00 to #7489f2
2018-04-25 01:59:07 Role color: 'Lieutenant General' changed from #7489f2 to #3498db
2018-04-25 01:59:32 Role color: '🎖️General' changed from #f1c40f to #9567ff
2018-04-25 01:59:55 Role renamed: 'General of the Army' to 'General of the Army🎖️🎖️🎖️'
2018-04-25 01:59:55 Role mentionable: 'General of the Army🎖️🎖️🎖️' is now mentionable
2018-04-25 01:59:55 Role hoist: 'General of the Army🎖️🎖️🎖️' is now shown seperately
2018-04-25 02:00:09 Role color: 'General of the Army🎖️🎖️🎖️' changed from #d0ff00 to #eb00ff
2018-04-25 02:00:17 Role renamed: '🎖️General' to 'General🎖️🎖️'
2018-04-25 02:00:20 Role renamed: 'Lieutenant General' to 'Lieutenant General🎖️'
2018-04-25 02:00:25 Role renamed: 'Major General' to 'Major General🎖️'
2018-04-25 02:00:29 Role renamed: 'Brigadier General' to 'Brigadier General🎖️'
2018-04-25 02:00:32 Role renamed: 'Major General🎖️' to 'Major General🎖️🎖️'
2018-04-25 02:00:44 Role renamed: 'Lieutenant General🎖️' to 'Lieutenant General🎖️🎖️🎖️'
2018-04-25 02:00:48 Role renamed: 'General🎖️🎖️' to 'General🎖️🎖️🎖️🎖️'
2018-04-25 02:01:06 Role renamed: 'General of the Army🎖️🎖️🎖️' to 'General of the Army🎖️🎖️🎖️🎖️🎖️🎖️'
2018-04-25 02:01:10 Role renamed: 'General🎖️🎖️🎖️🎖️' to 'General🎖️🎖️🎖️🎖️🎖️'
2018-04-25 02:01:14 Role renamed: 'Lieutenant General🎖️🎖️🎖️' to 'Lieutenant General🎖️🎖️🎖️🎖️'
2018-04-25 02:01:17 Role renamed: 'Major General🎖️🎖️' to 'Major General🎖️🎖️🎖️'
2018-04-25 02:01:21 Role renamed: 'Brigadier General🎖️' to 'Brigadier General🎖️🎖️'
2018-04-25 02:02:33 Role renamed: 'Colonel' to 'Colonel🉑'
2018-04-25 02:03:49 Role renamed: 'Major' to 'Major🉐'
2018-04-25 02:03:59 Role renamed: 'Lieutenant Colonel' to 'Lieutenant Colonel🉐'
2018-04-25 02:04:39 Role renamed: 'Major🉐' to 'Major ☪'
2018-04-25 02:04:44 Member role remove: The 'Owner' role was removed from @Adelia#3721
2018-04-25 02:04:44 Member role add: 'Owner' role was added to @Adelia#3721
2018-04-25 02:04:45 Member role remove: The 'Owner' role was removed from @Adelia#3721
2018-04-25 02:04:52 Member role add: 'Major ☪' role was added to @Adelia#3721
2018-04-25 02:04:58 Member role remove: The 'Major ☪' role was removed from @Adelia#3721
2018-04-25 02:04:59 Member role add: 'Major ☪' role was added to @Adelia#3721
2018-04-25 02:05:00 Member role remove: The 'Major ☪' role was removed from @Adelia#3721
2018-04-25 02:05:01 Member role add: 'Major ☪' role was added to @Adelia#3721
2018-04-25 02:05:57 Role renamed: 'Major ☪' to 'Major ☪‍‍‍‍‍‍ ‍‍ ‍‍ ‍‍ ‍‍'
2018-04-25 02:06:23 Role renamed: 'Owner' to 'Owner  ‍‍ ‍‍ ‍‍ ‍‍'
2018-04-25 02:06:26 Role renamed: 'Staff' to 'Staff  ‍‍ ‍‍ ‍‍ ‍‍'
2018-04-25 02:06:29 Role renamed: 'Moderator' to 'Moderator  ‍‍ ‍‍ ‍‍ ‍‍'
2018-04-25 02:06:32 Role renamed: 'Escort' to 'Escort  ‍‍ ‍‍ ‍‍ ‍‍'
2018-04-25 02:06:39 Role renamed: '🙂Rookie' to '🙂Rookie  ‍‍ ‍‍ ‍‍ ‍‍'
2018-04-25 02:06:42 Role renamed: 'Trainee💦' to 'Trainee💦  ‍‍ ‍‍ ‍‍ ‍‍'
2018-04-25 02:06:47 Role renamed: 'Specialist' to 'Specialist  ‍‍ ‍‍ ‍‍ ‍‍'
2018-04-25 02:06:49 Role renamed: 'Corporal' to 'Corporal  ‍‍ ‍‍ ‍‍ ‍‍'
2018-04-25 02:06:52 Role renamed: 'Sergeant' to 'Sergeant  ‍‍ ‍‍ ‍‍ ‍‍'
2018-04-25 02:06:57 Role renamed: 'First Sergeant' to 'First Sergeant  ‍‍ ‍‍ ‍‍ ‍‍'
2018-04-25 02:07:03 Role renamed: 'Captain' to 'Captain  ‍‍ ‍‍ ‍‍ ‍‍'
2018-04-25 02:07:23 Role renamed: 'Indian' to 'Indian  ‍‍ ‍‍ ‍‍ ‍‍'
2018-04-25 02:07:25 Role renamed: 'American' to 'American  ‍‍ ‍‍ ‍‍ ‍‍'
2018-04-25 02:07:28 Role renamed: 'Europian' to 'Europian  ‍‍ ‍‍ ‍‍ ‍‍'
2018-04-25 02:07:35 Member role remove: The 'Major ☪‍‍‍‍‍‍ ‍‍ ‍‍ ‍‍ ‍‍' role was removed from @Adelia#3721
2018-04-25 02:07:37 Member role add: 'General of the Army🎖️🎖️🎖️🎖️🎖️🎖️' role was added to @Adelia#3721
2018-04-25 02:07:46 Member role remove: The 'General of the Army🎖️🎖️🎖️🎖️🎖️🎖️' role was removed from @Adelia#3721
2018-04-25 02:07:56 Member role add: 'Owner  ‍‍ ‍‍ ‍‍ ‍‍' role was added to @Adelia#3721
2018-04-25 02:14:34 Member join: @Sk1D#2653 (id 241374501391040512)
2018-04-25 02:15:21 Member leave: @Sk1D#2653 (id 241374501391040512)
2018-04-25 02:15:25 Channel position: rules moved from 1 to 0
2018-04-25 02:15:25 Channel position: announcement moved from 0 to 1
2018-04-25 02:15:46 Member join: @Sk1D#2653 (id 241374501391040512)
2018-04-25 02:16:41 Member role add: 'General of the Army🎖️🎖️🎖️🎖️🎖️🎖️' role was added to @Sk1D#2653
2018-04-25 02:16:42 Member role remove: The 'General of the Army🎖️🎖️🎖️🎖️🎖️🎖️' role was removed from @Sk1D#2653
2018-04-25 02:16:43 Member role add: 'General of the Army🎖️🎖️🎖️🎖️🎖️🎖️' role was added to @Sk1D#2653
2018-04-25 02:16:46 Member role remove: The 'General of the Army🎖️🎖️🎖️🎖️🎖️🎖️' role was removed from @Sk1D#2653
2018-04-25 02:23:52 Role position: 'Escort  ‍‍ ‍‍ ‍‍ ‍‍' changed from 40 to 9
2018-04-25 02:23:52 Role position: 'MEE7' changed from 39 to 10
2018-04-25 02:23:52 Role position: '🙂Rookie  ‍‍ ‍‍ ‍‍ ‍‍' changed from 38 to 11
2018-04-25 02:23:52 Role position: 'Trainee💦  ‍‍ ‍‍ ‍‍ ‍‍' changed from 37 to 12
2018-04-25 02:23:52 Role position: 'Private Second Class' changed from 36 to 13
2018-04-25 02:23:52 Role position: 'Private First Class' changed from 35 to 14
2018-04-25 02:23:52 Role position: 'Specialist  ‍‍ ‍‍ ‍‍ ‍‍' changed from 34 to 15
2018-04-25 02:23:52 Role position: 'Corporal  ‍‍ ‍‍ ‍‍ ‍‍' changed from 33 to 16
2018-04-25 02:23:52 Role position: 'Sergeant  ‍‍ ‍‍ ‍‍ ‍‍' changed from 32 to 17
2018-04-25 02:23:52 Role position: 'Staff Sergeant' changed from 31 to 18
2018-04-25 02:23:52 Role position: 'Sergeant First Class' changed from 30 to 19
2018-04-25 02:23:52 Role position: 'Master Sergeant' changed from 29 to 20
2018-04-25 02:23:52 Role position: 'First Sergeant  ‍‍ ‍‍ ‍‍ ‍‍' changed from 28 to 21
2018-04-25 02:23:52 Role position: 'Sergeant Major' changed from 27 to 22
2018-04-25 02:23:52 Role position: 'Command Sergeant Major' changed from 26 to 23
2018-04-25 02:23:52 Role position: 'Sergeant Major of the Army' changed from 25 to 24
2018-04-25 02:23:52 Role position: 'Warrant Officer 1' changed from 24 to 25
2018-04-25 02:23:52 Role position: 'Chief Warrant Officer 2' changed from 23 to 26
2018-04-25 02:23:52 Role position: 'Chief Warrant Officer 3' changed from 22 to 27
2018-04-25 02:23:52 Role position: 'Chief Warrant Officer 4' changed from 21 to 28
2018-04-25 02:23:52 Role position: 'Chief Warrant Officer 5' changed from 20 to 29
2018-04-25 02:23:52 Role position: 'Second Lieutenant' changed from 19 to 30
2018-04-25 02:23:52 Role position: 'First Lieutenant' changed from 18 to 31
2018-04-25 02:23:52 Role position: 'Captain  ‍‍ ‍‍ ‍‍ ‍‍' changed from 17 to 32
2018-04-25 02:23:52 Role position: 'Major ☪‍‍‍‍‍‍ ‍‍ ‍‍ ‍‍ ‍‍' changed from 16 to 33
2018-04-25 02:23:52 Role position: 'Lieutenant Colonel🉐' changed from 15 to 34
2018-04-25 02:23:52 Role position: 'Colonel🉑' changed from 14 to 35
2018-04-25 02:23:52 Role position: 'Brigadier General🎖️🎖️' changed from 13 to 36
2018-04-25 02:23:52 Role position: 'Major General🎖️🎖️🎖️' changed from 12 to 37
2018-04-25 02:23:52 Role position: 'Lieutenant General🎖️🎖️🎖️🎖️' changed from 11 to 38
2018-04-25 02:23:52 Role position: 'General🎖️🎖️🎖️🎖️🎖️' changed from 10 to 39
2018-04-25 02:23:52 Role position: 'General of the Army🎖️🎖️🎖️🎖️🎖️🎖️' changed from 9 to 40
2018-04-25 02:23:53 Role renamed: '🙂Rookie  ‍‍ ‍‍ ‍‍ ‍‍' to '🙂Rookie'
2018-04-25 02:24:47 Role permissions: '🙂Rookie' changed from 104324161 to 103816193
2018-04-25 02:31:57 Member join: @maccheeze#8172 (id 418240335307866113)
2018-04-25 02:31:57 Member role add: '🙂Rookie' role was added to @maccheeze#8172
2018-04-25 02:35:36 Member nickname: '@maccheeze#8172' (id 418240335307866113) changed nickname from 'None' to 'Maccheeze'
2018-04-25 02:37:16 Member role add: '🙂Rookie' role was added to @CheeDragon#7071
2018-04-25 02:37:33 Member leave: @Sk1D#2653 (id 241374501391040512)
2018-04-25 02:38:07 Member join: @Sk1D#2653 (id 241374501391040512)
2018-04-25 02:38:08 Member role add: '🙂Rookie' role was added to @Sk1D#2653
2018-04-25 02:38:36 Member role add: '🙂Rookie' role was added to @callmebicoy#4690
2018-04-25 02:38:42 Member role add: '🙂Rookie' role was added to @D5JULIUS#3311
2018-04-25 02:38:42 Member role remove: The '🙂Rookie' role was removed from @D5JULIUS#3311
2018-04-25 02:38:43 Member role add: '🙂Rookie' role was added to @D5JULIUS#3311
2018-04-25 02:38:48 Member role add: '🙂Rookie' role was added to @ElCucaracha#5720
2018-04-25 02:38:54 Member role add: '🙂Rookie' role was added to @EzPeazy#4656
2018-04-25 02:39:01 Member role add: '🙂Rookie' role was added to @gfiree72#3661
2018-04-25 02:39:15 Member role add: '🙂Rookie' role was added to @keithgiovanni#1894
2018-04-25 02:39:42 Member role add: 'Staff  ‍‍ ‍‍ ‍‍ ‍‍' role was added to @maccheeze#8172
2018-04-25 02:51:14 Channel overwrites: tips-and-tricks (438374165020672010): role @everyone (422427755997560843) added with values 65536, 805629009
2018-04-25 02:51:40 Channel overwrites: tips-and-tricks (438374165020672010): role @everyone (422427755997560843) updated to values 66560, 805627985 (was 65536, 805629009)
2018-04-25 02:52:20 Channel topic: tips-and-tricks topic was set to ""
2018-04-25 02:52:40 Channel overwrites: tips-and-tricks (438374165020672010): role @everyone (422427755997560843) updated to values 68608, 805630033 (was 66560, 805627985)
2018-04-25 03:11:56 Member join: @Sumairo#4714 (id 415513252504535040)
2018-04-25 03:11:56 Member role add: '🙂Rookie' role was added to @Sumairo#4714
2018-04-25 03:17:41 Member username: '@Sumairo#4714' (id 415513252504535040) changed username from 'Sumairo' to '◘YOLO.Sumairo'
2018-04-25 03:59:54 Member role add: 'Moderator  ‍‍ ‍‍ ‍‍ ‍‍' role was added to @poppindot#1490
2018-04-25 04:04:05 Member join: @SUPREMO#1622 (id 424928702959190027)
2018-04-25 04:04:05 Member role add: '🙂Rookie' role was added to @SUPREMO#1622
2018-04-25 04:37:17 Member role add: '🙂Rookie' role was added to @Prankx#4729
2018-04-25 04:49:38 Channel created: off-topic
2018-04-25 04:49:54 Channel topic: off-topic topic was set to ""
2018-04-25 04:51:58 Channel topic: off-topic topic was set to "CHAT ALL YOU WANT"
2018-04-25 04:52:17 Channel topic: off-topic topic was set to "Chat what you want on your thoughts."
2018-04-25 05:21:05 Member role add: 'Trainee💦  ‍‍ ‍‍ ‍‍ ‍‍' role was added to @kenshin17#4435
2018-04-25 06:36:36 Member join: @[notshroud]no-not-really#9981 (id 301425217014726656)
2018-04-25 06:36:36 Member role add: '🙂Rookie' role was added to @[notshroud]no-not-really#9981
2018-04-25 06:36:58 Member role add: 'Private Second Class' role was added to @Vicious_Vive#1737
2018-04-25 06:39:47 Channel position: off-topic moved from 16 to 6
2018-04-25 06:39:47 Channel position: drop-ign-here moved from 6 to 7
2018-04-25 06:39:47 Channel position: chicken-dinners moved from 7 to 8
2018-04-25 06:39:47 Channel position: pubg-memes-here moved from 8 to 9
2018-04-25 06:39:47 Channel position: epic-moment-pic moved from 9 to 10
2018-04-25 06:39:47 Channel position: wtf-moments moved from 10 to 11
2018-04-25 06:39:47 Channel position: pubg-chatbox moved from 11 to 12
2018-04-25 06:39:47 Channel position: chicken-dinners moved from 12 to 13
2018-04-25 06:39:47 Channel position: tips-and-tricks moved from 13 to 14
2018-04-25 06:39:47 Channel position: casual-chat moved from 14 to 15
2018-04-25 06:39:47 Channel position: back-in-5-min moved from 15 to 16
2018-04-25 06:40:07 Channel position: Ring of Elysium moved from 2 to 1
2018-04-25 06:40:07 Channel position: PUBG moved from 1 to 2
2018-04-25 06:40:07 Channel position: chicken-dinners moved from 13 to 7
2018-04-25 06:40:07 Channel position: tips-and-tricks moved from 14 to 8
2018-04-25 06:40:07 Channel position: casual-chat moved from 15 to 9
2018-04-25 06:40:07 Channel position: drop-ign-here moved from 7 to 10
2018-04-25 06:40:07 Channel position: chicken-dinners moved from 8 to 11
2018-04-25 06:40:07 Channel position: pubg-memes-here moved from 9 to 12
2018-04-25 06:40:07 Channel position: epic-moment-pic moved from 10 to 13
2018-04-25 06:40:07 Channel position: wtf-moments moved from 11 to 14
2018-04-25 06:40:07 Channel position: pubg-chatbox moved from 12 to 15
2018-04-25 06:40:07 Channel position: Training Mode moved from 8 to 1
2018-04-25 06:40:07 Channel position: Zakhar moved from 9 to 2
2018-04-25 06:40:07 Channel position: Paroho moved from 10 to 3
2018-04-25 06:40:07 Channel position: Havana moved from 11 to 4
2018-04-25 06:40:07 Channel position: Crater moved from 12 to 5
2018-04-25 06:40:07 Channel position: Montana moved from 13 to 6
2018-04-25 06:40:07 Channel position: PUBG Lobby moved from 1 to 7
2018-04-25 06:40:07 Channel position: PUBG WAR SQUAD moved from 2 to 8
2018-04-25 06:40:07 Channel position: Alpha moved from 3 to 9
2018-04-25 06:40:07 Channel position: Charlie moved from 4 to 10
2018-04-25 06:40:07 Channel position: Delta moved from 5 to 11
2018-04-25 06:40:07 Channel position: Echo moved from 6 to 12
2018-04-25 06:40:07 Channel position: Fox moved from 7 to 13
2018-04-25 06:40:32 Channel position: tips-and-tricks moved from 4 to 3
2018-04-25 06:40:32 Channel position: main-chat🐣🐤🐥 moved from 3 to 4
2018-04-25 06:43:01 Member join: @Rythm#3722 (id 235088799074484224)
2018-04-25 06:43:01 Role created: 'Rythm' (id 438590739731972106)
2018-04-25 06:43:01 Member role add: 'Rythm' role was added to @Rythm#3722
2018-04-25 06:43:01 Member role add: '🙂Rookie' role was added to @Rythm#3722
2018-04-25 06:43:35 Member role add: 'Owner  ‍‍ ‍‍ ‍‍ ‍‍' role was added to @Rythm#3722
2018-04-25 06:44:01 Member role remove: The '🙂Rookie' role was removed from @Rythm#3722
2018-04-25 06:47:25 Channel created: Administrator
2018-04-25 07:02:35 Member username: '@◘YOLO.Sumairo#4714' (id 415513252504535040) changed username from '◘YOLO.Sumairo' to '◘ONE.Sumairo'
2018-04-25 07:13:27 Channel position: Administrator moved from 16 to 1
2018-04-25 07:13:27 Channel position: Training Mode moved from 1 to 2
2018-04-25 07:13:27 Channel position: Zakhar moved from 2 to 3
2018-04-25 07:13:27 Channel position: Paroho moved from 3 to 4
2018-04-25 07:13:27 Channel position: Havana moved from 4 to 5
2018-04-25 07:13:27 Channel position: Crater moved from 5 to 6
2018-04-25 07:13:27 Channel position: Music Room moved from 15 to 7
2018-04-25 07:13:27 Channel position: Montana moved from 6 to 8
2018-04-25 07:13:27 Channel position: PUBG Lobby moved from 7 to 9
2018-04-25 07:13:27 Channel position: PUBG WAR SQUAD moved from 8 to 10
2018-04-25 07:13:27 Channel position: Alpha moved from 9 to 11
2018-04-25 07:13:27 Channel position: Charlie moved from 10 to 12
2018-04-25 07:13:27 Channel position: Delta moved from 11 to 13
2018-04-25 07:13:27 Channel position: Echo moved from 12 to 14
2018-04-25 07:13:27 Channel position: Fox moved from 13 to 15
2018-04-25 07:13:27 Channel position: Sleeping moved from 14 to 16
2018-04-25 07:13:31 Channel position: Music Room moved from 7 to 2
2018-04-25 07:13:31 Channel position: Training Mode moved from 2 to 3
2018-04-25 07:13:31 Channel position: Zakhar moved from 3 to 4
2018-04-25 07:13:31 Channel position: Paroho moved from 4 to 5
2018-04-25 07:13:31 Channel position: Havana moved from 5 to 6
2018-04-25 07:13:31 Channel position: Crater moved from 6 to 7
2018-04-25 07:13:33 Channel position: Music Room moved from 2 to 0
2018-04-25 07:13:33 Channel position: Fun moved from 0 to 1
2018-04-25 07:13:33 Channel position: Administrator moved from 1 to 2
2018-04-25 07:13:56 Channel created: music-room
2018-04-25 07:14:10 Channel deleted: Music Room
2018-04-25 07:27:13 Channel created: LIVE NOW
2018-04-25 07:27:25 Channel position: LIVE NOW moved from 4 to 3
2018-04-25 07:27:25 Channel position: AFK ROOM moved from 3 to 4
2018-04-25 07:27:25 Channel position: music-room moved from 17 to 7
2018-04-25 07:27:25 Channel position: chicken-dinners moved from 7 to 8
2018-04-25 07:27:25 Channel position: tips-and-tricks moved from 8 to 9
2018-04-25 07:27:25 Channel position: casual-chat moved from 9 to 10
2018-04-25 07:27:25 Channel position: drop-ign-here moved from 10 to 11
2018-04-25 07:27:25 Channel position: chicken-dinners moved from 11 to 12
2018-04-25 07:27:25 Channel position: pubg-memes-here moved from 12 to 13
2018-04-25 07:27:25 Channel position: epic-moment-pic moved from 13 to 14
2018-04-25 07:27:25 Channel position: wtf-moments moved from 14 to 15
2018-04-25 07:27:25 Channel position: pubg-chatbox moved from 15 to 16
2018-04-25 07:27:25 Channel position: back-in-5-min moved from 16 to 17
2018-04-25 07:27:25 Channel position: Fun moved from 1 to 0
2018-04-25 07:27:25 Channel position: Administrator moved from 2 to 1
2018-04-25 07:27:25 Channel position: Training Mode moved from 3 to 2
2018-04-25 07:27:25 Channel position: Zakhar moved from 4 to 3
2018-04-25 07:27:25 Channel position: Paroho moved from 5 to 4
2018-04-25 07:27:25 Channel position: Havana moved from 6 to 5
2018-04-25 07:27:25 Channel position: Crater moved from 7 to 6
2018-04-25 07:27:25 Channel position: Montana moved from 8 to 7
2018-04-25 07:27:25 Channel position: PUBG Lobby moved from 9 to 8
2018-04-25 07:27:25 Channel position: PUBG WAR SQUAD moved from 10 to 9
2018-04-25 07:27:25 Channel position: Alpha moved from 11 to 10
2018-04-25 07:27:25 Channel position: Charlie moved from 12 to 11
2018-04-25 07:27:25 Channel position: Delta moved from 13 to 12
2018-04-25 07:27:25 Channel position: Echo moved from 14 to 13
2018-04-25 07:27:25 Channel position: Fox moved from 15 to 14
2018-04-25 07:27:25 Channel position: Sleeping moved from 16 to 15
2018-04-25 07:27:34 Channel position: LIVE NOW moved from 3 to 1
2018-04-25 07:27:34 Channel position: Ring of Elysium moved from 1 to 2
2018-04-25 07:27:34 Channel position: PUBG moved from 2 to 3
2018-04-25 07:27:50 Channel created: live-chat
2018-04-25 07:28:17 Channel created: RoE Live
2018-04-25 07:28:27 Channel created: PUBG Live
2018-04-25 07:28:50 Channel created: LoL Live
2018-04-25 07:29:15 Channel created: CS:GO Live
2018-04-25 07:29:32 Channel created: BnS
2018-04-25 07:29:40 Channel rename: BnS renamed to BnS Live
2018-04-25 07:30:35 Channel created: roe-discussion-room
2018-04-25 07:30:57 Channel created: pubg-discussion-room
2018-04-25 07:31:16 Channel created: lol-discussion-rom
2018-04-25 07:31:53 Channel created: cs-go-discussion-room
2018-04-25 07:32:00 Channel rename: lol-discussion-rom renamed to lol-discussion-room
2018-04-25 07:32:00 Channel topic: lol-discussion-rom topic was set to ""
2018-04-25 07:32:17 Channel created: bns-discussion-room
2018-04-25 07:32:32 Channel overwrites: tips-and-tricks (438374165020672010): role @everyone (422427755997560843) updated to values 66560, 805632081 (was 68608, 805630033)
2018-04-25 07:36:55 Member role add: 'Trainee💦  ‍‍ ‍‍ ‍‍ ‍‍' role was added to @Akieru#6432
2018-04-25 07:36:55 Member role remove: The '🙂Rookie' role was removed from @Akieru#6432
2018-04-25 07:37:06 Channel deleted: tips-and-tricks
2018-04-25 08:16:54 Member join: @MedalBot#1237 (id 307998818547531777)
2018-04-25 08:16:54 Member role add: '🙂Rookie' role was added to @MedalBot#1237
2018-04-25 08:16:54 Member role add: 'Medal' role was added to @MedalBot#1237
2018-04-25 08:16:54 Member role add: '🙂Rookie' role was added to @MedalBot#1237
2018-04-25 08:16:54 Member role add: 'Medal' role was added to @MedalBot#1237
2018-04-25 08:16:54 Role created: 'Medal' (id 438614366900846592)
2018-04-25 08:16:54 Member role add: '🙂Rookie' role was added to @MedalBot#1237
2018-04-25 08:16:54 Member role add: 'Medal' role was added to @MedalBot#1237
2018-04-25 08:16:54 Member role add: '🙂Rookie' role was added to @MedalBot#1237
2018-04-25 08:17:12 Member join: @pbot#9629 (id 218921854662868993)
2018-04-25 08:17:12 Member role add: 'pbot' role was added to @pbot#9629
2018-04-25 08:17:12 Role created: 'pbot' (id 438614444646596609)
2018-04-25 08:17:12 Member role add: 'pbot' role was added to @pbot#9629
2018-04-25 08:17:13 Member role add: '🙂Rookie' role was added to @pbot#9629
2018-04-25 08:17:57 Member join: @GuildedBot#5155 (id 216816090712506378)
2018-04-25 08:17:58 Role created: 'Guilded' (id 438614631087603727)
2018-04-25 08:17:58 Member role add: 'Guilded' role was added to @GuildedBot#5155
2018-04-25 08:17:58 Member role add: '🙂Rookie' role was added to @GuildedBot#5155
2018-04-25 08:17:58 Member role add: '🙂Rookie' role was added to @GuildedBot#5155
2018-04-25 08:22:15 Member nickname: '@Sk1D#2653' (id 241374501391040512) changed nickname from 'None' to 'Chief Sk1D'
2018-04-25 08:22:21 Member role add: 'Staff  ‍‍ ‍‍ ‍‍ ‍‍' role was added to @Sk1D#2653
2018-04-25 08:31:05 Member role add: 'Moderator  ‍‍ ‍‍ ‍‍ ‍‍' role was added to @GuildedBot#5155
2018-04-25 08:31:12 Member role add: 'Moderator  ‍‍ ‍‍ ‍‍ ‍‍' role was added to @MedalBot#1237
2018-04-25 08:36:21 Member role add: 'Staff  ‍‍ ‍‍ ‍‍ ‍‍' role was added to @GuildedBot#5155
2018-04-25 08:36:23 Member role remove: The 'Staff  ‍‍ ‍‍ ‍‍ ‍‍' role was removed from @GuildedBot#5155
2018-04-25 08:36:24 Member role add: 'Owner  ‍‍ ‍‍ ‍‍ ‍‍' role was added to @GuildedBot#5155
2018-04-25 08:36:30 Member role add: 'Owner  ‍‍ ‍‍ ‍‍ ‍‍' role was added to @MedalBot#1237
2018-04-25 08:37:50 Member role add: 'Owner  ‍‍ ‍‍ ‍‍ ‍‍' role was added to @MagiBot#9920
2018-04-25 08:38:16 Member nickname: '@GuildedBot#5155' (id 216816090712506378) changed nickname from 'None' to 'GB'
2018-04-25 08:38:51 Member nickname: '@MEE6#4876' (id 159985870458322944) changed nickname from 'Mee7' to 'Chief\'
2018-04-25 08:38:58 Member nickname: '@MEE6#4876' (id 159985870458322944) changed nickname from 'Chief\' to 'Chief'
2018-04-25 08:39:09 Member nickname: '@GuildedBot#5155' (id 216816090712506378) changed nickname from 'GB' to 'Chief Guild'
2018-04-25 08:39:15 Member nickname: '@MagiBot#9920' (id 384820232583249921) changed nickname from 'None' to 'Chief Magi'
2018-04-25 08:39:24 Member nickname: '@MedalBot#1237' (id 307998818547531777) changed nickname from 'None' to 'Chief Medal'
2018-04-25 08:39:32 Member nickname: '@Rythm#3722' (id 235088799074484224) changed nickname from 'None' to 'Chief Rythm'
2018-04-25 08:39:38 Member nickname: '@Synapse#0692' (id 435538622293344266) changed nickname from 'None' to 'Chief Synapse'
2018-04-25 08:40:22 Role permissions: 'pbot' changed from 8 to 262216
2018-04-25 08:40:22 Role position: 'Owner  ‍‍ ‍‍ ‍‍ ‍‍' changed from 47 to 45
2018-04-25 08:40:22 Role position: 'Moderator  ‍‍ ‍‍ ‍‍ ‍‍' changed from 45 to 46
2018-04-25 08:40:22 Role position: 'Staff  ‍‍ ‍‍ ‍‍ ‍‍' changed from 46 to 47
2018-04-25 08:40:23 Role color: 'Staff  ‍‍ ‍‍ ‍‍ ‍‍' changed from #b15555 to #00ffe5
2018-04-25 08:40:53 Role created: 'new role' (id 438620405490515969)
2018-04-25 08:41:20 Role permissions: 'Guilded' changed from 36719616 to 36981824
2018-04-25 08:41:21 Role renamed: 'new role' to 'A.I'
2018-04-25 08:41:21 Role color: 'new role' changed from #000000 to #c700ff
2018-04-25 08:41:33 Role position: 'Guilded' changed from 2 to 1
2018-04-25 08:41:33 Role position: 'pbot' changed from 3 to 2
2018-04-25 08:41:33 Role position: 'Medal' changed from 4 to 3
2018-04-25 08:41:33 Role position: 'Rythm' changed from 5 to 4
2018-04-25 08:41:33 Role position: 'SaltKing' changed from 6 to 5
2018-04-25 08:41:33 Role position: 'MagiBot' changed from 7 to 6
2018-04-25 08:41:33 Role position: 'Europian  ‍‍ ‍‍ ‍‍ ‍‍' changed from 8 to 7
2018-04-25 08:41:33 Role position: 'American  ‍‍ ‍‍ ‍‍ ‍‍' changed from 9 to 8
2018-04-25 08:41:33 Role position: 'Indian  ‍‍ ‍‍ ‍‍ ‍‍' changed from 10 to 9
2018-04-25 08:41:33 Role position: 'Subzero' changed from 11 to 10
2018-04-25 08:41:33 Role position: 'Behave' changed from 12 to 11
2018-04-25 08:41:33 Role position: 'Synapse' changed from 13 to 12
2018-04-25 08:41:33 Role position: 'Escort  ‍‍ ‍‍ ‍‍ ‍‍' changed from 14 to 13
2018-04-25 08:41:33 Role position: 'MEE7' changed from 15 to 14
2018-04-25 08:41:33 Role position: '🙂Rookie' changed from 16 to 15
2018-04-25 08:41:33 Role position: 'Trainee💦  ‍‍ ‍‍ ‍‍ ‍‍' changed from 17 to 16
2018-04-25 08:41:33 Role position: 'Private Second Class' changed from 18 to 17
2018-04-25 08:41:33 Role position: 'Private First Class' changed from 19 to 18
2018-04-25 08:41:33 Role position: 'Specialist  ‍‍ ‍‍ ‍‍ ‍‍' changed from 20 to 19
2018-04-25 08:41:33 Role position: 'Corporal  ‍‍ ‍‍ ‍‍ ‍‍' changed from 21 to 20
2018-04-25 08:41:33 Role position: 'Sergeant  ‍‍ ‍‍ ‍‍ ‍‍' changed from 22 to 21
2018-04-25 08:41:33 Role position: 'Staff Sergeant' changed from 23 to 22
2018-04-25 08:41:33 Role position: 'Sergeant First Class' changed from 24 to 23
2018-04-25 08:41:33 Role position: 'Master Sergeant' changed from 25 to 24
2018-04-25 08:41:33 Role position: 'First Sergeant  ‍‍ ‍‍ ‍‍ ‍‍' changed from 26 to 25
2018-04-25 08:41:33 Role position: 'Sergeant Major' changed from 27 to 26
2018-04-25 08:41:33 Role position: 'Command Sergeant Major' changed from 28 to 27
2018-04-25 08:41:33 Role position: 'Sergeant Major of the Army' changed from 29 to 28
2018-04-25 08:41:33 Role position: 'Warrant Officer 1' changed from 30 to 29
2018-04-25 08:41:33 Role position: 'Chief Warrant Officer 2' changed from 31 to 30
2018-04-25 08:41:33 Role position: 'Chief Warrant Officer 3' changed from 32 to 31
2018-04-25 08:41:33 Role position: 'Chief Warrant Officer 4' changed from 33 to 32
2018-04-25 08:41:33 Role position: 'Chief Warrant Officer 5' changed from 34 to 33
2018-04-25 08:41:33 Role position: 'Second Lieutenant' changed from 35 to 34
2018-04-25 08:41:33 Role position: 'First Lieutenant' changed from 36 to 35
2018-04-25 08:41:33 Role position: 'Captain  ‍‍ ‍‍ ‍‍ ‍‍' changed from 37 to 36
2018-04-25 08:41:33 Role position: 'Major ☪‍‍‍‍‍‍ ‍‍ ‍‍ ‍‍ ‍‍' changed from 38 to 37
2018-04-25 08:41:33 Role position: 'Lieutenant Colonel🉐' changed from 39 to 38
2018-04-25 08:41:33 Role position: 'Colonel🉑' changed from 40 to 39
2018-04-25 08:41:33 Role position: 'Brigadier General🎖️🎖️' changed from 41 to 40
2018-04-25 08:41:33 Role position: 'Major General🎖️🎖️🎖️' changed from 42 to 41
2018-04-25 08:41:33 Role position: 'Lieutenant General🎖️🎖️🎖️🎖️' changed from 43 to 42
2018-04-25 08:41:33 Role position: 'General🎖️🎖️🎖️🎖️🎖️' changed from 44 to 43
2018-04-25 08:41:33 Role position: 'General of the Army🎖️🎖️🎖️🎖️🎖️🎖️' changed from 45 to 44
2018-04-25 08:41:33 Role position: 'Owner  ‍‍ ‍‍ ‍‍ ‍‍' changed from 46 to 45
2018-04-25 08:41:33 Role position: 'Moderator  ‍‍ ‍‍ ‍‍ ‍‍' changed from 47 to 46
2018-04-25 08:41:33 Role position: 'A.I' changed from 1 to 47
2018-04-25 08:41:42 Member role remove: The 'Moderator  ‍‍ ‍‍ ‍‍ ‍‍' role was removed from @GuildedBot#5155
2018-04-25 08:41:42 Member role remove: The 'Owner  ‍‍ ‍‍ ‍‍ ‍‍' role was removed from @GuildedBot#5155
2018-04-25 08:41:43 Member role add: 'Owner  ‍‍ ‍‍ ‍‍ ‍‍' role was added to @GuildedBot#5155
2018-04-25 08:41:49 Member role remove: The 'Moderator  ‍‍ ‍‍ ‍‍ ‍‍' role was removed from @MedalBot#1237
2018-04-25 08:41:54 Member role add: 'A.I' role was added to @MEE6#4876
2018-04-25 08:41:54 Member role remove: The 'Owner  ‍‍ ‍‍ ‍‍ ‍‍' role was removed from @MEE6#4876
2018-04-25 08:41:57 Member role remove: The 'Owner  ‍‍ ‍‍ ‍‍ ‍‍' role was removed from @GuildedBot#5155
2018-04-25 08:41:57 Member role add: 'A.I' role was added to @GuildedBot#5155
2018-04-25 08:42:06 Member role remove: The 'Owner  ‍‍ ‍‍ ‍‍ ‍‍' role was removed from @MagiBot#9920
2018-04-25 08:42:06 Member role add: 'A.I' role was added to @MagiBot#9920
2018-04-25 08:42:10 Member role add: 'A.I' role was added to @MedalBot#1237
2018-04-25 08:42:12 Member role remove: The 'Owner  ‍‍ ‍‍ ‍‍ ‍‍' role was removed from @MedalBot#1237
2018-04-25 08:42:16 Member role add: 'A.I' role was added to @Rythm#3722
2018-04-25 08:42:17 Member role remove: The 'Owner  ‍‍ ‍‍ ‍‍ ‍‍' role was removed from @Rythm#3722
2018-04-25 08:42:24 Member role remove: The 'Owner  ‍‍ ‍‍ ‍‍ ‍‍' role was removed from @Synapse#0692
2018-04-25 08:42:26 Member role add: 'A.I' role was added to @Synapse#0692
2018-04-25 08:42:34 Member role add: 'Trainee💦  ‍‍ ‍‍ ‍‍ ‍‍' role was added to @GuildedBot#5155
2018-04-25 08:42:36 Member role remove: The 'Trainee💦  ‍‍ ‍‍ ‍‍ ‍‍' role was removed from @GuildedBot#5155
2018-04-25 08:42:36 Member role remove: The '🙂Rookie' role was removed from @GuildedBot#5155
2018-04-25 08:42:41 Member role remove: The '🙂Rookie' role was removed from @MedalBot#1237
2018-04-25 08:42:59 Role mentionable: 'A.I' is now mentionable
2018-04-25 08:42:59 Role hoist: 'A.I' is now shown seperately
2018-04-25 08:43:57 Role position: 'MEE7' changed from 14 to 7
2018-04-25 08:43:57 Role position: 'Synapse' changed from 12 to 8
2018-04-25 08:43:57 Role position: 'Europian  ‍‍ ‍‍ ‍‍ ‍‍' changed from 7 to 9
2018-04-25 08:43:57 Role position: 'American  ‍‍ ‍‍ ‍‍ ‍‍' changed from 8 to 10
2018-04-25 08:43:57 Role position: 'Indian  ‍‍ ‍‍ ‍‍ ‍‍' changed from 9 to 11
2018-04-25 08:43:57 Role position: 'Subzero' changed from 10 to 12
2018-04-25 08:43:57 Role position: 'Behave' changed from 11 to 13
2018-04-25 08:43:57 Role position: 'Escort  ‍‍ ‍‍ ‍‍ ‍‍' changed from 13 to 14
2018-04-25 08:44:31 this bot left the server
