2018-04-20 19:06:31 this bot joined the server
2018-04-20 19:06:32 Role created: 'Synapse' (id 436965912248188928)
2018-04-20 19:06:32 Member role add: 'Synapse' role was added to @Synapse#0692
2018-04-20 19:07:19 Role created: 'new role' (id 436966110399692815)
2018-04-20 19:07:30 Role permissions: 'Synapse' changed from 8 to 262216
2018-04-20 19:07:30 Role permissions: 'Ghostplay R2' changed from 268520497 to 268782705
2018-04-20 19:07:30 Role renamed: 'new role' to 'Savininkas'
2018-04-20 19:07:30 Role color: 'new role' changed from #000000 to #ff0000
2018-04-20 19:07:54 Role created: 'new role' (id 436966256566861824)
2018-04-20 19:08:07 Role renamed: 'new role' to 'GP-bot'
2018-04-20 19:08:44 Role permissions: 'GP-bot' changed from 104324161 to 372759801
2018-04-20 19:08:55 Role permissions: 'GP-bot' changed from 372759801 to 372759807
2018-04-20 19:09:04 Role permissions: 'GP-bot' changed from 372759807 to 2117590271
2018-04-20 19:09:15 Role permissions: 'GP-bot' changed from 2117590271 to 2146958591
2018-04-20 19:09:38 Role position: 'Synapse' changed from 3 to 1
2018-04-20 19:09:38 Role position: 'Ghostplay R2' changed from 4 to 2
2018-04-20 19:09:38 Role position: 'Savininkas' changed from 2 to 3
2018-04-20 19:09:38 Role position: 'GP-bot' changed from 1 to 4
2018-04-20 19:10:09 Member role add: 'GP-bot' role was added to @Ghostplay R2#1298
2018-04-20 19:22:22 this bot left the server
