2018-04-24 11:36:23 #Dota2 Voice channel join: Dilan#9757 (id 177444754882035712), flags: self_mute
2018-04-24 11:56:51 #Dota2 Voice channel join: himebot#3590 (id 232916519594491906)
2018-04-24 11:57:08 #Dota2 Voice channel join: Synapse#0692 (id 435538622293344266)
2018-04-24 11:57:30 #Dota2 Voice channel leave: Synapse#0692 (id 435538622293344266) moving to Warnet Hore
2018-04-24 12:00:31 #Dota2 Voice channel leave: himebot#3590 (id 232916519594491906)
2018-04-24 12:00:44 #Dota2 Voice channel leave: Dilan#9757 (id 177444754882035712)
2018-04-24 19:57:15 #Dota2 Voice channel join: Pahlawannn#7803 (id 406860192438026243), moved from PUBG
2018-04-24 19:58:21 #Dota2 Voice channel leave: Pahlawannn#7803 (id 406860192438026243) moving to ML
2018-04-25 01:57:11 #Dota2 Voice channel join: Pahlawannn#7803 (id 406860192438026243)
2018-04-25 01:57:17 #Dota2 Voice channel leave: Pahlawannn#7803 (id 406860192438026243)
2018-04-25 02:19:37 #Dota2 Voice channel join: (acchandizndy)#0171 (id 318353704854093836)
2018-04-25 02:26:01 #Dota2 Voice channel join: IHSAN#4565 (id 426784738716549120), moved from Warnet Hore
2018-04-25 02:29:00 #Dota2 Voice channel leave: IHSAN#4565 (id 426784738716549120)
2018-04-25 02:40:41 #Dota2 Voice channel join: ｢Fox｣ Lollipop🍭#6710 (id 354915592484159488)
2018-04-25 03:01:46 #Dota2 Voice channel join: IHSAN#4565 (id 426784738716549120), flags: self_deaf
2018-04-25 03:01:51 #Dota2 Server self-undeafen: IHSAN#4565 (id 426784738716549120)
2018-04-25 03:02:34 #Dota2 Server self-mute: ｢Fox｣ Lollipop🍭#6710 (id 354915592484159488)
2018-04-25 03:02:45 #Dota2 Server self-unmute: ｢Fox｣ Lollipop🍭#6710 (id 354915592484159488)
2018-04-25 03:03:04 #Dota2 Voice channel leave: IHSAN#4565 (id 426784738716549120) moving to Live Streaming Team Hore
2018-04-25 03:07:07 #Dota2 Voice channel join: IHSAN#4565 (id 426784738716549120), moved from Live Streaming Team Hore
2018-04-25 03:11:24 #Dota2 Server self-mute: ｢Fox｣ Lollipop🍭#6710 (id 354915592484159488)
2018-04-25 03:11:26 #Dota2 Voice channel leave: IHSAN#4565 (id 426784738716549120) moving to Dota 2
2018-04-25 03:11:39 #Dota2 Server self-unmute: ｢Fox｣ Lollipop🍭#6710 (id 354915592484159488)
2018-04-25 03:11:57 #Dota2 Voice channel leave: ｢Fox｣ Lollipop🍭#6710 (id 354915592484159488)
2018-04-25 03:12:01 #Dota2 Voice channel join: ｢Fox｣ Lollipop🍭#6710 (id 354915592484159488)
2018-04-25 03:12:48 #Dota2 Voice channel join: IHSAN#4565 (id 426784738716549120), moved from Dota 2
2018-04-25 03:19:47 #Dota2 Voice channel leave: IHSAN#4565 (id 426784738716549120)
2018-04-25 03:42:52 #Dota2 Voice channel join: Rythm#3722 (id 235088799074484224)
2018-04-25 04:02:39 #Dota2 Voice channel leave: (acchandizndy)#0171 (id 318353704854093836)
2018-04-25 04:03:11 #Dota2 Voice channel join: (acchandizndy)#0171 (id 318353704854093836)
2018-04-25 04:07:02 #Dota2 Voice channel leave: Rythm#3722 (id 235088799074484224)
2018-04-25 04:32:48 #Dota2 Voice channel join: wahyuwowow#9754 (id 402994489204932608)
2018-04-25 04:34:01 #Dota2 Server self-mute: wahyuwowow#9754 (id 402994489204932608)
2018-04-25 04:34:07 #Dota2 Server self-unmute: wahyuwowow#9754 (id 402994489204932608)
2018-04-25 04:47:02 #Dota2 Voice channel leave: wahyuwowow#9754 (id 402994489204932608)
2018-04-25 04:48:33 #Dota2 Voice channel join: wahyuwowow#9754 (id 402994489204932608)
2018-04-25 04:53:31 #Dota2 Server self-deafen: ｢Fox｣ Lollipop🍭#6710 (id 354915592484159488)
2018-04-25 04:53:31 #Dota2 Server self-mute: ｢Fox｣ Lollipop🍭#6710 (id 354915592484159488)
2018-04-25 04:54:19 #Dota2 Server self-deafen: wahyuwowow#9754 (id 402994489204932608)
2018-04-25 04:54:19 #Dota2 Server self-mute: wahyuwowow#9754 (id 402994489204932608)
2018-04-25 04:54:42 #Dota2 Server self-undeafen: ｢Fox｣ Lollipop🍭#6710 (id 354915592484159488)
2018-04-25 04:54:42 #Dota2 Server self-unmute: ｢Fox｣ Lollipop🍭#6710 (id 354915592484159488)
2018-04-25 04:55:07 #Dota2 Voice channel leave: (acchandizndy)#0171 (id 318353704854093836)
2018-04-25 04:55:09 #Dota2 Server self-undeafen: wahyuwowow#9754 (id 402994489204932608)
2018-04-25 04:55:09 #Dota2 Server self-unmute: wahyuwowow#9754 (id 402994489204932608)
2018-04-25 04:55:12 #Dota2 Server self-mute: wahyuwowow#9754 (id 402994489204932608)
2018-04-25 04:55:13 #Dota2 Server self-unmute: wahyuwowow#9754 (id 402994489204932608)
2018-04-25 04:55:14 #Dota2 Server self-deafen: wahyuwowow#9754 (id 402994489204932608)
2018-04-25 04:55:14 #Dota2 Server self-mute: wahyuwowow#9754 (id 402994489204932608)
2018-04-25 04:55:15 #Dota2 Server self-undeafen: wahyuwowow#9754 (id 402994489204932608)
2018-04-25 04:55:15 #Dota2 Server self-unmute: wahyuwowow#9754 (id 402994489204932608)
2018-04-25 05:02:14 #Dota2 Voice channel join: σνєякιll#0235 (id 436432746257186817), moved from Dangdut Musik, flags: self_mute
2018-04-25 05:02:28 #Dota2 Voice channel leave: σνєякιll#0235 (id 436432746257186817)
2018-04-25 05:04:07 #Dota2 Voice channel join: Rythm#3722 (id 235088799074484224)
2018-04-25 05:17:02 #Dota2 Voice channel leave: Rythm#3722 (id 235088799074484224)
2018-04-25 05:30:25 #Dota2 Server self-mute: ｢Fox｣ Lollipop🍭#6710 (id 354915592484159488)
2018-04-25 05:34:31 #Dota2 Server self-unmute: ｢Fox｣ Lollipop🍭#6710 (id 354915592484159488)
2018-04-25 05:36:34 #Dota2 Server self-mute: ｢Fox｣ Lollipop🍭#6710 (id 354915592484159488)
2018-04-25 05:40:16 #Dota2 Voice channel join: wahyuwowow#9754 (id 402994489204932608)
2018-04-25 05:41:57 #Dota2 Voice channel join: ｢Fox｣ Lollipop🍭#6710 (id 354915592484159488), flags: self_mute
2018-04-25 05:42:00 #Dota2 Server self-unmute: ｢Fox｣ Lollipop🍭#6710 (id 354915592484159488)
2018-04-25 05:45:46 #Dota2 Server self-mute: ｢Fox｣ Lollipop🍭#6710 (id 354915592484159488)
2018-04-25 05:48:09 #Dota2 Server self-unmute: ｢Fox｣ Lollipop🍭#6710 (id 354915592484159488)
2018-04-25 05:48:33 #Dota2 Voice channel leave: ｢Fox｣ Lollipop🍭#6710 (id 354915592484159488)
2018-04-25 05:48:36 #Dota2 Voice channel join: ｢Fox｣ Lollipop🍭#6710 (id 354915592484159488)
2018-04-25 05:48:58 #Dota2 Voice channel leave: ｢Fox｣ Lollipop🍭#6710 (id 354915592484159488)
2018-04-25 05:53:50 #Dota2 Voice channel join: ｢Fox｣ Lollipop🍭#6710 (id 354915592484159488)
2018-04-25 06:12:25 #Dota2 Voice channel join: Ayana#8911 (id 185476724627210241)
2018-04-25 06:21:03 #Dota2 Voice channel leave: Ayana#8911 (id 185476724627210241)
2018-04-25 06:41:48 #Dota2 Voice channel join: 정수늘(Flamer_GIANT#6514 (id 245731468725190657)
2018-04-25 06:56:03 #Dota2 Voice channel join: Monday#4534 (id 358297465444761600), flags: self_mute
2018-04-25 06:58:16 #Dota2 Voice channel leave: Monday#4534 (id 358297465444761600) moving to Karaoke
2018-04-25 06:58:25 #Dota2 Voice channel join: Ayana#8911 (id 185476724627210241)
2018-04-25 07:07:24 #Dota2 Voice channel leave: ｢Fox｣ Lollipop🍭#6710 (id 354915592484159488)
2018-04-25 07:07:45 #Dota2 Voice channel leave: Ayana#8911 (id 185476724627210241)
2018-04-25 07:09:09 #Dota2 Voice channel leave: 정수늘(Flamer_GIANT#6514 (id 245731468725190657) moving to Dota 2
2018-04-25 07:09:14 #Dota2 Voice channel leave: wahyuwowow#9754 (id 402994489204932608) moving to Dota 2
2018-04-25 21:26:54 #Dota2 Voice channel join: iT's Ar1se#4386 (id 369475617290452993), moved from Room Musik
2018-04-25 21:27:23 #Dota2 Voice channel join: [TH] Cicang#3474 (id 284333142817636353), moved from Rumpi Hore
2018-04-25 21:27:32 #Dota2 Voice channel leave: [TH] Cicang#3474 (id 284333142817636353) moving to Rumpi Hore
2018-04-25 21:29:51 #Dota2 Voice channel leave: iT's Ar1se#4386 (id 369475617290452993)
2018-04-26 01:25:49 #Dota2 Voice channel join: (acchandizndy)#0171 (id 318353704854093836)
2018-04-26 01:25:57 #Dota2 Voice channel leave: (acchandizndy)#0171 (id 318353704854093836)
2018-04-26 01:29:59 #Dota2 Voice channel join: (acchandizndy)#0171 (id 318353704854093836)
2018-04-26 01:33:11 #Dota2 Voice channel join: [TH]Kamrun.#4989 (id 438853655232512001)
2018-04-26 01:33:26 #Dota2 Voice channel leave: [TH]Kamrun.#4989 (id 438853655232512001)
2018-04-26 01:35:00 #Dota2 Voice channel leave: (acchandizndy)#0171 (id 318353704854093836)
2018-04-26 01:36:57 #Dota2 Voice channel join: (acchandizndy)#0171 (id 318353704854093836)
2018-04-26 01:50:20 #Dota2 Voice channel leave: (acchandizndy)#0171 (id 318353704854093836)
2018-04-26 01:50:46 #Dota2 Voice channel join: (acchandizndy)#0171 (id 318353704854093836)
2018-04-26 03:36:11 #Dota2 Voice channel leave: (acchandizndy)#0171 (id 318353704854093836) moving to FREE FIRE
2018-04-27 08:01:53 #Dota2 Voice channel join: akmal anamta#8646 (id 422434435472949248), flags: self_mute
2018-04-27 08:02:16 #Dota2 Voice channel leave: akmal anamta#8646 (id 422434435472949248)
2018-05-01 02:15:26 #Dota2 Voice channel join: (acchandizndy)#0171 (id 318353704854093836), moved from Dota 2
2018-05-01 03:58:00 #Dota2 Voice channel leave: (acchandizndy)#0171 (id 318353704854093836)
2018-05-01 17:09:22 #Dota2 Voice channel join: Djedoy#7137 (id 440487238019710987), flags: self_mute
2018-05-01 17:09:23 #Dota2 Voice channel leave: Djedoy#7137 (id 440487238019710987) moving to Dota 2
2018-05-02 12:58:49 #Dota2 Voice channel join: Djedoy#7137 (id 440487238019710987)
2018-05-02 13:00:30 #Dota2 Voice channel join: GamingTopIndo#8798 (id 275935340487901185), flags: self_mute
2018-05-02 13:00:33 #Dota2 Server self-unmute: GamingTopIndo#8798 (id 275935340487901185)
2018-05-02 13:01:20 #Dota2 Server self-mute: GamingTopIndo#8798 (id 275935340487901185)
2018-05-02 13:01:34 #Dota2 Voice channel leave: GamingTopIndo#8798 (id 275935340487901185)
2018-05-02 13:10:14 #Dota2 Voice channel join: amanda#9604 (id 416479512801443843)
2018-05-02 13:11:00 #Dota2 Voice channel leave: amanda#9604 (id 416479512801443843)
2018-05-02 13:26:33 #Dota2 Voice channel join: Constantine45#3524 (id 429675584633831424)
2018-05-02 13:26:41 #Dota2 Voice channel leave: Constantine45#3524 (id 429675584633831424)
2018-05-02 13:34:28 #Dota2 Voice channel join: GamingTopIndo#8798 (id 275935340487901185), flags: self_mute
2018-05-02 13:34:38 #Dota2 Server self-unmute: GamingTopIndo#8798 (id 275935340487901185)
2018-05-02 13:35:43 #Dota2 Voice channel leave: GamingTopIndo#8798 (id 275935340487901185)
2018-05-02 14:05:49 #Dota2 Voice channel join: 사˳Ci#8154 (id 229559022854864896), moved from Rumpi Hore
2018-05-02 14:06:20 #Dota2 Voice channel leave: Djedoy#7137 (id 440487238019710987) moving to Rumpi Hore
2018-05-02 14:07:21 #Dota2 Voice channel leave: 사˳Ci#8154 (id 229559022854864896) moving to Rumpi Hore
