2018-04-24 04:45:33 #mobile legend Voice channel join: wisnu#1387 (id 385997080235212804), flags: self_mute
2018-04-24 04:56:02 #mobile legend Voice channel leave: wisnu#1387 (id 385997080235212804)
2018-04-24 06:11:39 #mobile legend Voice channel join: Penunggu discord#4881 (id 405715607976280064)
2018-04-24 06:17:04 #mobile legend Voice channel leave: Penunggu discord#4881 (id 405715607976280064)
2018-04-24 19:04:24 #mobile legend Voice channel join: iT's Ar1se#4386 (id 369475617290452993), moved from ML
2018-04-24 19:04:27 #mobile legend Voice channel leave: iT's Ar1se#4386 (id 369475617290452993) moving to Rumpi Hore
2018-04-24 19:13:23 #mobile legend Voice channel join: Cicang#3474 (id 284333142817636353), moved from ML
2018-04-24 19:13:37 #mobile legend Voice channel join: ghia#7643 (id 404979190769909789)
2018-04-24 19:13:46 #mobile legend Voice channel leave: Cicang#3474 (id 284333142817636353) moving to ML
2018-04-24 19:13:47 #mobile legend Voice channel leave: ghia#7643 (id 404979190769909789) moving to ML
2018-04-24 19:18:42 #mobile legend Voice channel join: ghia#7643 (id 404979190769909789)
2018-04-24 19:19:00 #mobile legend Voice channel leave: ghia#7643 (id 404979190769909789) moving to ML
2018-04-24 19:23:30 #mobile legend Voice channel join: Andreansh💤#9705 (id 384286435240312832), moved from ML
2018-04-24 19:23:44 #mobile legend Voice channel leave: Andreansh💤#9705 (id 384286435240312832)
2018-04-24 19:59:25 #mobile legend Voice channel join: Shine!#6841 (id 417717922270806016), moved from ML
2018-04-24 19:59:27 #mobile legend Voice channel leave: Shine!#6841 (id 417717922270806016) moving to Karaoke
2018-04-24 20:05:36 #mobile legend Voice channel join: iT's Ar1se#4386 (id 369475617290452993), moved from Ceramah Hore
2018-04-24 20:05:53 #mobile legend Voice channel leave: iT's Ar1se#4386 (id 369475617290452993) moving to PUBG-2
2018-04-24 20:09:00 #mobile legend Voice channel join: RiskiGe2#6847 (id 265029191743963136), moved from ML
2018-04-24 20:09:02 #mobile legend Voice channel leave: RiskiGe2#6847 (id 265029191743963136) moving to ML
2018-04-25 04:39:48 #mobile legend Voice channel join: Banana Nugget#9071 (id 346758563739336704)
2018-04-25 04:39:51 #mobile legend Voice channel leave: Banana Nugget#9071 (id 346758563739336704)
2018-04-25 16:58:13 #mobile legend Voice channel join: FredBoat♪♪#7284 (id 184405311681986560), moved from ML
2018-04-25 16:58:34 #mobile legend Voice channel join: [TH] Cicang#3474 (id 284333142817636353), moved from ML
2018-04-25 16:58:36 #mobile legend Voice channel leave: [TH] Cicang#3474 (id 284333142817636353) moving to Cafe hore
2018-04-25 17:01:08 #mobile legend Voice channel leave: FredBoat♪♪#7284 (id 184405311681986560) moving to AFK ()
2018-04-25 17:18:01 #mobile legend Voice channel join: Andreansh💤#9705 (id 384286435240312832)
2018-04-25 17:20:06 #mobile legend Voice channel join: yoga prasetya#7336 (id 368660854733799424), moved from Room Musik, flags: self_mute
2018-04-25 17:20:10 #mobile legend Server self-unmute: yoga prasetya#7336 (id 368660854733799424)
2018-04-25 17:41:13 #mobile legend Voice channel join: wahyuwowow#9754 (id 402994489204932608), moved from Dota 2, flags: self_mute
2018-04-25 17:42:05 #mobile legend Server self-unmute: wahyuwowow#9754 (id 402994489204932608)
2018-04-25 17:42:16 #mobile legend Server self-mute: wahyuwowow#9754 (id 402994489204932608)
2018-04-25 17:43:38 #mobile legend Voice channel leave: Andreansh💤#9705 (id 384286435240312832)
2018-04-25 17:43:47 #mobile legend Voice channel join: Andreansh💤#9705 (id 384286435240312832)
2018-04-25 17:43:55 #MOBILE LEGENDS Voice channel leave: Andreansh💤#9705 (id 384286435240312832)
2018-04-25 17:44:10 #MOBILE LEGENDS Voice channel join: Andreansh💤#9705 (id 384286435240312832)
2018-04-25 17:44:24 #MOBILE LEGENDS Voice channel leave: wahyuwowow#9754 (id 402994489204932608) moving to Dota 2
2018-04-25 17:51:36 #MOBILE LEGENDS Voice channel join: Zxaja(DOANG)#7688 (id 254551532261998594), moved from Dota 2, flags: self_mute
2018-04-25 17:51:52 #MOBILE LEGENDS Voice channel join: [TH] Cicang#3474 (id 284333142817636353), moved from Dota 2
2018-04-25 17:53:44 #MOBILE LEGENDS Voice channel join: iT's Ar1se#4386 (id 369475617290452993), flags: self_mute
2018-04-25 17:53:52 #MOBILE LEGENDS Server self-unmute: iT's Ar1se#4386 (id 369475617290452993)
2018-04-25 17:55:49 #MOBILE LEGENDS Voice channel leave: [TH] Cicang#3474 (id 284333142817636353)
2018-04-25 17:55:50 #MOBILE LEGENDS Voice channel join: [TH] Cicang#3474 (id 284333142817636353)
2018-04-25 17:55:52 #MOBILE LEGENDS Voice channel join: juan#9023 (id 414072501216477185)
2018-04-25 17:58:18 #MOBILE LEGENDS Voice channel join: Paijo Kontoru#8154 (id 229559022854864896)
2018-04-25 17:58:42 #MOBILE LEGENDS Voice channel leave: Paijo Kontoru#8154 (id 229559022854864896) moving to Dota 2
2018-04-25 18:00:33 #MOBILE LEGENDS Voice channel leave: juan#9023 (id 414072501216477185)
2018-04-25 18:00:34 #MOBILE LEGENDS Voice channel join: Rin Smith#8154 (id 426935715482435596)
2018-04-25 18:01:23 #MOBILE LEGENDS Voice channel leave: Rin Smith#8154 (id 426935715482435596)
2018-04-25 18:01:39 #MOBILE LEGENDS Server self-mute: [TH] Cicang#3474 (id 284333142817636353)
2018-04-25 18:03:03 #MOBILE LEGENDS Voice channel join: Paijo Kontoru#8154 (id 229559022854864896), moved from Dota 2
2018-04-25 18:03:08 #MOBILE LEGENDS Voice channel join: Rin Smith#8154 (id 426935715482435596)
2018-04-25 18:03:25 #MOBILE LEGENDS Voice channel leave: [TH] Cicang#3474 (id 284333142817636353)
2018-04-25 18:03:36 #MOBILE LEGENDS Voice channel leave: Rin Smith#8154 (id 426935715482435596) moving to Dota 2
2018-04-25 18:03:41 #MOBILE LEGENDS Voice channel leave: Paijo Kontoru#8154 (id 229559022854864896) moving to Dota 2
2018-04-25 18:08:02 #MOBILE LEGENDS Voice channel join: juan#9023 (id 414072501216477185)
2018-04-25 18:08:48 #MOBILE LEGENDS Voice channel leave: juan#9023 (id 414072501216477185)
2018-04-25 18:09:28 #MOBILE LEGENDS Voice channel leave: Zxaja(DOANG)#7688 (id 254551532261998594)
2018-04-25 18:11:50 #MOBILE LEGENDS Voice channel join: [TH] Cicang#3474 (id 284333142817636353), flags: self_mute
2018-04-25 18:13:56 #MOBILE LEGENDS Voice channel join: wahyuwowow#9754 (id 402994489204932608), moved from Dota 2, flags: self_mute
2018-04-25 18:16:07 #MOBILE LEGENDS Voice channel join: ʝєʝє#9294 (id 413971172074586112)
2018-04-25 18:16:32 #MOBILE LEGENDS Voice channel leave: ʝєʝє#9294 (id 413971172074586112)
2018-04-25 18:16:34 #MOBILE LEGENDS Server self-unmute: [TH] Cicang#3474 (id 284333142817636353)
2018-04-25 18:17:20 #MOBILE LEGENDS Voice channel join: ʝєʝє#9294 (id 413971172074586112)
2018-04-25 18:19:25 #MOBILE LEGENDS Server self-mute: Andreansh💤#9705 (id 384286435240312832)
2018-04-25 18:19:44 #MOBILE LEGENDS Voice channel leave: wahyuwowow#9754 (id 402994489204932608)
2018-04-25 18:21:37 #MOBILE LEGENDS Voice channel join: wahyuwowow#9754 (id 402994489204932608), flags: self_mute
2018-04-25 18:22:31 #MOBILE LEGENDS Voice channel join: juan#9023 (id 414072501216477185)
2018-04-25 18:22:46 #MOBILE LEGENDS Server self-unmute: Andreansh💤#9705 (id 384286435240312832)
2018-04-25 18:23:07 #MOBILE LEGENDS Voice channel leave: juan#9023 (id 414072501216477185)
2018-04-25 18:24:33 #MOBILE LEGENDS Voice channel leave: Andreansh💤#9705 (id 384286435240312832)
2018-04-25 18:24:36 #MOBILE LEGENDS Voice channel join: Andreansh💤#9705 (id 384286435240312832)
2018-04-25 18:25:10 #MOBILE LEGENDS Server self-deafen: Andreansh💤#9705 (id 384286435240312832)
2018-04-25 18:25:11 #MOBILE LEGENDS Server self-undeafen: Andreansh💤#9705 (id 384286435240312832)
2018-04-25 18:25:16 #MOBILE LEGENDS Server self-deafen: Andreansh💤#9705 (id 384286435240312832)
2018-04-25 18:25:17 #MOBILE LEGENDS Server self-mute: Andreansh💤#9705 (id 384286435240312832)
2018-04-25 18:25:41 #MOBILE LEGENDS Voice channel leave: ʝєʝє#9294 (id 413971172074586112)
2018-04-25 18:25:43 #MOBILE LEGENDS Voice channel join: ʝєʝє#9294 (id 413971172074586112)
2018-04-25 18:26:03 #MOBILE LEGENDS Voice channel leave: ʝєʝє#9294 (id 413971172074586112)
2018-04-25 18:31:28 #MOBILE LEGENDS Voice channel join: Fauzan#2628 (id 281932044865372172), moved from Rumpi Hore
2018-04-25 18:33:42 #MOBILE LEGENDS Voice channel join: juan#9023 (id 414072501216477185)
2018-04-25 18:34:06 #MOBILE LEGENDS Voice channel leave: wahyuwowow#9754 (id 402994489204932608)
2018-04-25 18:34:36 #MOBILE LEGENDS Voice channel join: soulparade#4351 (id 381829628911812618)
2018-04-25 18:34:44 #MOBILE LEGENDS Voice channel join: Penunggu discord#4881 (id 405715607976280064)
2018-04-25 18:34:59 #MOBILE LEGENDS Voice channel leave: Penunggu discord#4881 (id 405715607976280064)
2018-04-25 18:36:54 #MOBILE LEGENDS Voice channel join: 킴 태형#1524 (id 341779704598233088)
2018-04-25 18:37:21 #MOBILE LEGENDS Voice channel leave: juan#9023 (id 414072501216477185)
2018-04-25 18:39:20 #MOBILE LEGENDS Voice channel leave: 킴 태형#1524 (id 341779704598233088)
2018-04-25 18:42:46 #MOBILE LEGENDS Voice channel join: ｢Fox｣ Lollipop🍭#6710 (id 354915592484159488)
2018-04-25 18:43:32 #MOBILE LEGENDS Server self-mute: [TH] Cicang#3474 (id 284333142817636353)
2018-04-25 18:43:35 #MOBILE LEGENDS Server self-unmute: [TH] Cicang#3474 (id 284333142817636353)
2018-04-25 18:43:58 #MOBILE LEGENDS Voice channel join: BOY_∆∆Ben™#2294 (id 426133128382251011)
2018-04-25 18:44:45 #MOBILE LEGENDS Voice channel leave: BOY_∆∆Ben™#2294 (id 426133128382251011)
2018-04-25 18:44:59 #MOBILE LEGENDS Voice channel leave: ｢Fox｣ Lollipop🍭#6710 (id 354915592484159488)
2018-04-25 18:46:40 #MOBILE LEGENDS Voice channel join: BOY_∆∆Ben™#2294 (id 426133128382251011)
2018-04-25 18:47:20 #MOBILE LEGENDS Voice channel leave: BOY_∆∆Ben™#2294 (id 426133128382251011)
2018-04-25 18:51:40 #MOBILE LEGENDS Voice channel join: ghia#7643 (id 404979190769909789)
2018-04-25 18:52:36 #MOBILE LEGENDS Server self-unmute: Andreansh💤#9705 (id 384286435240312832)
2018-04-25 18:52:37 #MOBILE LEGENDS Server self-undeafen: Andreansh💤#9705 (id 384286435240312832)
2018-04-25 18:56:30 #MOBILE LEGENDS Server self-mute: yoga prasetya#7336 (id 368660854733799424)
2018-04-25 18:56:50 #MOBILE LEGENDS Server self-mute: [TH] Cicang#3474 (id 284333142817636353)
2018-04-25 18:57:26 #MOBILE LEGENDS Server self-unmute: [TH] Cicang#3474 (id 284333142817636353)
2018-04-25 18:58:20 #MOBILE LEGENDS Server self-unmute: yoga prasetya#7336 (id 368660854733799424)
2018-04-25 18:58:37 #MOBILE LEGENDS Voice channel leave: ghia#7643 (id 404979190769909789)
2018-04-25 18:59:07 #MOBILE LEGENDS Voice channel leave: Fauzan#2628 (id 281932044865372172)
2018-04-25 18:59:07 #MOBILE LEGENDS Voice channel leave: [TH] Cicang#3474 (id 284333142817636353)
2018-04-25 18:59:07 #MOBILE LEGENDS Voice channel leave: yoga prasetya#7336 (id 368660854733799424)
2018-04-25 18:59:07 #MOBILE LEGENDS Voice channel leave: iT's Ar1se#4386 (id 369475617290452993)
2018-04-25 18:59:07 #MOBILE LEGENDS Voice channel leave: soulparade#4351 (id 381829628911812618)
2018-04-25 18:59:07 #MOBILE LEGENDS Voice channel leave: Andreansh💤#9705 (id 384286435240312832)
