2018-04-28 13:18:43 #PUBG-4 Voice channel join: {R.O.9}Mamujumanet#9617 (id 405007677270261760)
2018-04-28 13:18:52 #PUBG-4 Voice channel join: Riski (AlreadyTaken01)#9731 (id 335365675210244097)
2018-04-28 13:18:56 #PUBG-4 Voice channel join: {R.O.9}Void_Kings#0821 (id 356997734391349258)
2018-04-28 13:19:31 #PUBG-4 Voice channel leave: {R.O.9}Mamujumanet#9617 (id 405007677270261760) moving to PUBG-2
2018-04-28 13:19:51 #PUBG-4 Voice channel join: {R.O.9}Mamujumanet#9617 (id 405007677270261760), moved from PUBG-2
2018-05-02 04:40:09 #PUBG-4 Voice channel join: arashi#5654 (id 398888170034429952), moved from ML 1
2018-05-02 04:41:27 #PUBG-4 Voice channel join: Vektor#3952 (id 432080239372533772)
2018-05-02 04:41:52 #PUBG-4 Voice channel leave: arashi#5654 (id 398888170034429952) moving to ML 1
2018-05-02 04:41:53 #PUBG-4 Voice channel leave: Vektor#3952 (id 432080239372533772)
2018-05-02 05:58:31 #PUBG-4 Voice channel join: Febri Sarmulya#2890 (id 440763472301522954)
2018-05-02 05:58:47 #PUBG-4 Server self-mute: Febri Sarmulya#2890 (id 440763472301522954)
2018-05-02 05:59:53 #PUBG-4 Voice channel leave: Febri Sarmulya#2890 (id 440763472301522954) moving to Karaoke
2018-05-02 06:17:26 #PUBG-4 Voice channel join: Vee#4218 (id 419224604922347531), moved from PUBG-5
2018-05-02 06:17:27 #PUBG-4 Voice channel join: Samid89#7054 (id 404910950274039808)
2018-05-02 06:17:37 #PUBG-4 Voice channel join: Valentine#7014 (id 437250027556175873), moved from PUBG-5
2018-05-02 06:17:40 #PUBG-4 Voice channel join: Febri Sarmulya#2890 (id 440763472301522954)
2018-05-02 06:25:18 #PUBG-4 Voice channel join: Vicky Nitinegoro#4557 (id 343058450114150400), moved from Dangdut Musik
2018-05-02 06:25:29 #PUBG-4 Voice channel leave: Vicky Nitinegoro#4557 (id 343058450114150400) moving to Dangdut Musik
2018-05-02 06:29:46 #PUBG-4 Server self-mute: Febri Sarmulya#2890 (id 440763472301522954)
2018-05-02 06:40:11 #PUBG-4 Server self-unmute: Febri Sarmulya#2890 (id 440763472301522954)
2018-05-02 06:46:05 #PUBG-4 Voice channel leave: Vee#4218 (id 419224604922347531) moving to PUBG-duo
2018-05-02 06:46:07 #PUBG-4 Voice channel join: Vee#4218 (id 419224604922347531), moved from PUBG-duo
2018-05-02 07:00:04 #PUBG-4 Server self-mute: Febri Sarmulya#2890 (id 440763472301522954)
2018-05-02 07:00:05 #PUBG-4 Server self-unmute: Febri Sarmulya#2890 (id 440763472301522954)
2018-05-02 07:02:23 #PUBG-4 Server self-mute: Febri Sarmulya#2890 (id 440763472301522954)
2018-05-02 07:02:48 #PUBG-4 Server self-unmute: Febri Sarmulya#2890 (id 440763472301522954)
2018-05-02 07:14:23 #PUBG-4 Voice channel leave: Febri Sarmulya#2890 (id 440763472301522954)
2018-05-02 07:14:26 #PUBG-4 Voice channel join: Febri Sarmulya#2890 (id 440763472301522954)
2018-05-02 07:15:39 #PUBG-4 Server self-deafen: Febri Sarmulya#2890 (id 440763472301522954)
2018-05-02 07:15:40 #PUBG-4 Server self-undeafen: Febri Sarmulya#2890 (id 440763472301522954)
2018-05-02 07:15:42 #PUBG-4 Server self-mute: Febri Sarmulya#2890 (id 440763472301522954)
2018-05-02 07:15:43 #PUBG-4 Server self-unmute: Febri Sarmulya#2890 (id 440763472301522954)
2018-05-02 07:16:15 #PUBG-4 Server self-mute: Febri Sarmulya#2890 (id 440763472301522954)
2018-05-02 07:16:16 #PUBG-4 Server self-unmute: Febri Sarmulya#2890 (id 440763472301522954)
2018-05-02 07:16:16 #PUBG-4 Server self-mute: Febri Sarmulya#2890 (id 440763472301522954)
2018-05-02 07:16:17 #PUBG-4 Server self-unmute: Febri Sarmulya#2890 (id 440763472301522954)
2018-05-02 07:16:20 #PUBG-4 Server self-mute: Febri Sarmulya#2890 (id 440763472301522954)
2018-05-02 07:17:41 #PUBG-4 Voice channel join: [TH]Tukang Tikung#5051 (id 403883397031788545), moved from Dangdut Musik
2018-05-02 07:21:26 #PUBG-4 Voice channel leave: [TH]Tukang Tikung#5051 (id 403883397031788545) moving to Dangdut Musik
2018-05-02 07:32:14 #PUBG-4 Server self-unmute: Febri Sarmulya#2890 (id 440763472301522954)
2018-05-02 07:32:36 #PUBG-4 Server self-mute: Febri Sarmulya#2890 (id 440763472301522954)
2018-05-02 07:32:39 #PUBG-4 Server self-unmute: Febri Sarmulya#2890 (id 440763472301522954)
2018-05-02 07:32:42 #PUBG-4 Server self-mute: Febri Sarmulya#2890 (id 440763472301522954)
2018-05-02 07:32:43 #PUBG-4 Server self-unmute: Febri Sarmulya#2890 (id 440763472301522954)
2018-05-02 07:33:25 #PUBG-4 Server self-mute: Febri Sarmulya#2890 (id 440763472301522954)
2018-05-02 07:33:26 #PUBG-4 Server self-deafen: Febri Sarmulya#2890 (id 440763472301522954)
2018-05-02 07:35:57 #PUBG-4 Server self-undeafen: Febri Sarmulya#2890 (id 440763472301522954)
2018-05-02 07:35:57 #PUBG-4 Server self-unmute: Febri Sarmulya#2890 (id 440763472301522954)
2018-05-02 07:35:57 #PUBG-4 Server self-undeafen: Febri Sarmulya#2890 (id 440763472301522954)
2018-05-02 07:35:57 #PUBG-4 Server self-deafen: Febri Sarmulya#2890 (id 440763472301522954)
2018-05-02 07:35:57 #PUBG-4 Server self-undeafen: Febri Sarmulya#2890 (id 440763472301522954)
2018-05-02 07:36:13 #PUBG-4 Voice channel leave: Vee#4218 (id 419224604922347531) moving to PUBG-duo
2018-05-02 07:36:14 #PUBG-4 Voice channel join: Vee#4218 (id 419224604922347531), moved from PUBG-duo
2018-05-02 07:38:45 #PUBG-4 Server self-mute: Febri Sarmulya#2890 (id 440763472301522954)
2018-05-02 07:38:45 #PUBG-4 Server self-unmute: Febri Sarmulya#2890 (id 440763472301522954)
2018-05-02 07:41:31 #PUBG-4 Server self-mute: Febri Sarmulya#2890 (id 440763472301522954)
2018-05-02 07:47:28 #PUBG-4 Server self-unmute: Febri Sarmulya#2890 (id 440763472301522954)
2018-05-02 07:47:31 #PUBG-4 Server self-mute: Febri Sarmulya#2890 (id 440763472301522954)
2018-05-02 07:47:39 #PUBG-4 Voice channel leave: Febri Sarmulya#2890 (id 440763472301522954)
2018-05-02 07:47:44 #PUBG-4 Voice channel join: Febri Sarmulya#2890 (id 440763472301522954), flags: self_mute
2018-05-02 07:47:47 #PUBG-4 Server self-unmute: Febri Sarmulya#2890 (id 440763472301522954)
2018-05-02 07:48:32 #PUBG-4 Voice channel leave: Valentine#7014 (id 437250027556175873)
2018-05-02 07:50:26 #PUBG-4 Voice channel join: ilhamsyah#3242 (id 419632611191685127), moved from ML 1
2018-05-02 07:57:47 #PUBG-4 Server self-mute: Vee#4218 (id 419224604922347531)
2018-05-02 07:57:49 #PUBG-4 Server self-unmute: Vee#4218 (id 419224604922347531)
2018-05-02 07:59:27 #PUBG-4 Voice channel leave: ilhamsyah#3242 (id 419632611191685127) moving to Dangdut Musik
2018-05-02 08:00:34 #PUBG-4 Voice channel join: Vektor#3952 (id 432080239372533772)
2018-05-02 08:01:20 #PUBG-4 Voice channel leave: Vektor#3952 (id 432080239372533772)
2018-05-02 08:02:20 #PUBG-4 Voice channel join: BimaWidya#6592 (id 403570386794709003), moved from ML 2, flags: mute
2018-05-02 08:04:47 #PUBG-4 Voice channel leave: BimaWidya#6592 (id 403570386794709003) moving to Dangdut Musik
2018-05-02 08:05:20 #PUBG-4 Voice channel join: MintCloud#6576 (id 396711867868774401), flags: self_mute
2018-05-02 08:06:14 #PUBG-4 Voice channel leave: MintCloud#6576 (id 396711867868774401)
2018-05-02 08:21:31 #PUBG-4 Voice channel leave: Vee#4218 (id 419224604922347531)
2018-05-02 08:22:01 #PUBG-4 Voice channel leave: Samid89#7054 (id 404910950274039808)
2018-05-02 08:22:39 #PUBG-4 Voice channel leave: Febri Sarmulya#2890 (id 440763472301522954)
