2018-04-24 13:18:09 #Dota 2 Voice channel join: ｢Fox｣ Lollipop🍭#6710 (id 354915592484159488), flags: self_mute
2018-04-24 13:18:33 #Dota 2 Server self-unmute: ｢Fox｣ Lollipop🍭#6710 (id 354915592484159488)
2018-04-24 13:18:36 #Dota 2 Voice channel join: [TH]ChrisNicola#5051 (id 403883397031788545)
2018-04-24 13:19:38 #Dota 2 Voice channel leave: [TH]ChrisNicola#5051 (id 403883397031788545) moving to Ceramah Hore
2018-04-24 13:19:47 #Dota 2 Voice channel leave: ｢Fox｣ Lollipop🍭#6710 (id 354915592484159488) moving to Ceramah Hore
2018-04-25 15:07:52 #Dota 2 Voice channel join: wahyuwowow#9754 (id 402994489204932608), moved from Karaoke
2018-04-25 15:08:01 #Dota 2 Voice channel join: Cicang#3474 (id 284333142817636353), moved from Karaoke
2018-04-25 15:08:08 #Dota 2 Voice channel leave: Cicang#3474 (id 284333142817636353) moving to Karaoke
2018-04-25 15:08:08 #Dota 2 Voice channel join: Andreansh💤#9705 (id 384286435240312832), moved from Karaoke
2018-04-25 15:08:14 #Dota 2 Voice channel join: Cicang#3474 (id 284333142817636353), moved from Karaoke
2018-04-25 15:08:19 #Dota 2 Voice channel leave: Cicang#3474 (id 284333142817636353) moving to Karaoke
2018-04-25 15:08:23 #Dota 2 Voice channel leave: wahyuwowow#9754 (id 402994489204932608) moving to Karaoke
2018-04-25 15:08:26 #Dota 2 Voice channel leave: Andreansh💤#9705 (id 384286435240312832) moving to Karaoke
2018-04-26 12:22:09 #Dota 2 Voice channel join: ｢Fox｣ Lollipop🍭#6710 (id 354915592484159488), moved from FREE FIRE, flags: self_mute
2018-04-26 12:22:22 #Dota 2 Voice channel join: FredBoat♪♪#7284 (id 184405311681986560), moved from FREE FIRE
2018-04-26 12:24:43 #Dota 2 Voice channel join: [TH]Chris Nicola#5051 (id 403883397031788545)
2018-04-26 12:25:00 #Dota 2 Server self-unmute: ｢Fox｣ Lollipop🍭#6710 (id 354915592484159488)
2018-04-26 12:25:07 #Dota 2 Server self-mute: ｢Fox｣ Lollipop🍭#6710 (id 354915592484159488)
2018-04-26 12:25:15 #Dota 2 Server self-unmute: ｢Fox｣ Lollipop🍭#6710 (id 354915592484159488)
2018-04-26 12:42:52 #Dota 2 Voice channel leave: ｢Fox｣ Lollipop🍭#6710 (id 354915592484159488) moving to Rumpi Hore
2018-04-26 12:42:55 #Dota 2 Voice channel leave: FredBoat♪♪#7284 (id 184405311681986560) moving to Rumpi Hore
2018-04-26 12:42:57 #Dota 2 Voice channel leave: [TH]Chris Nicola#5051 (id 403883397031788545)
2018-04-26 18:49:13 #Dota 2 Voice channel join: [TH] Cicang#3474 (id 284333142817636353), moved from Room Musik
2018-04-26 18:49:19 #Dota 2 Voice channel leave: [TH] Cicang#3474 (id 284333142817636353) moving to Room Musik
2018-04-28 15:29:51 #Dota 2 Voice channel join: [TH] Cicang#3474 (id 284333142817636353), moved from Dangdut Musik
2018-04-28 15:30:37 #Dota 2 Voice channel leave: [TH] Cicang#3474 (id 284333142817636353)
