2018-04-24 16:39:19 #Dota 2 Voice channel join: Cicang#3474 (id 284333142817636353), moved from ML
2018-04-24 16:50:33 #Dota 2 Voice channel leave: Cicang#3474 (id 284333142817636353) moving to ML
2018-04-24 17:12:57 #Dota 2 Voice channel join: Cicang#3474 (id 284333142817636353), moved from Warnet Hore
2018-04-25 03:11:26 #Dota 2 Voice channel join: IHSAN#4565 (id 426784738716549120), moved from Dota2
2018-04-25 03:12:48 #Dota 2 Voice channel leave: IHSAN#4565 (id 426784738716549120) moving to Dota2
2018-04-25 07:07:55 #Dota 2 Voice channel join: ｢Fox｣ Lollipop🍭#6710 (id 354915592484159488)
2018-04-25 07:09:09 #Dota 2 Voice channel join: 정수늘(Flamer_GIANT#6514 (id 245731468725190657), moved from Dota2
2018-04-25 07:09:14 #Dota 2 Voice channel join: wahyuwowow#9754 (id 402994489204932608), moved from Dota2
2018-04-25 07:09:46 #Dota 2 Voice channel leave: ｢Fox｣ Lollipop🍭#6710 (id 354915592484159488)
2018-04-25 07:10:29 #Dota 2 Voice channel leave: wahyuwowow#9754 (id 402994489204932608)
2018-04-25 07:10:37 #Dota 2 Voice channel join: wahyuwowow#9754 (id 402994489204932608)
2018-04-25 07:10:39 #Dota 2 Voice channel join: ｢Fox｣ Lollipop🍭#6710 (id 354915592484159488)
2018-04-25 07:11:16 #Dota 2 Voice channel leave: ｢Fox｣ Lollipop🍭#6710 (id 354915592484159488)
2018-04-25 07:12:43 #Dota 2 Voice channel join: ｢Fox｣ Lollipop🍭#6710 (id 354915592484159488)
2018-04-25 07:18:46 #Dota 2 Voice channel leave: 정수늘(Flamer_GIANT#6514 (id 245731468725190657)
2018-04-25 07:19:39 #Dota 2 Server self-mute: wahyuwowow#9754 (id 402994489204932608)
2018-04-25 07:23:40 #Dota 2 Voice channel leave: ｢Fox｣ Lollipop🍭#6710 (id 354915592484159488)
2018-04-25 07:27:59 #Dota 2 Voice channel leave: wahyuwowow#9754 (id 402994489204932608)
2018-04-25 13:32:14 #Dota 2 Voice channel join: Cicang#3474 (id 284333142817636353), moved from Rumpi Hore
2018-04-25 13:32:15 #Dota 2 Server self-mute: Cicang#3474 (id 284333142817636353)
2018-04-25 13:35:04 #Dota 2 Voice channel join: ｢RoG｣Rimoπeπ#1051 (id 429648801389740032)
2018-04-25 13:35:08 #Dota 2 Server self-unmute: Cicang#3474 (id 284333142817636353)
2018-04-25 13:36:08 #Dota 2 Voice channel leave: ｢RoG｣Rimoπeπ#1051 (id 429648801389740032)
2018-04-25 13:36:21 #Dota 2 Server self-mute: Cicang#3474 (id 284333142817636353)
2018-04-25 13:37:43 #Dota 2 Voice channel leave: Cicang#3474 (id 284333142817636353) moving to Rumpi Hore
2018-04-25 17:26:36 #Dota 2 Voice channel join: [TH] Cicang#3474 (id 284333142817636353), moved from Karaoke
2018-04-25 17:26:38 #Dota 2 Voice channel join: ｢Fox｣ Lollipop🍭#6710 (id 354915592484159488), moved from Karaoke
2018-04-25 17:26:40 #Dota 2 Voice channel join: wahyuwowow#9754 (id 402994489204932608), moved from Karaoke
2018-04-25 17:27:20 #Dota 2 Voice channel leave: wahyuwowow#9754 (id 402994489204932608) moving to Ceramah Hore
2018-04-25 17:31:31 #Dota 2 Voice channel join: wahyuwowow#9754 (id 402994489204932608), moved from Ceramah Hore
2018-04-25 17:39:53 #Dota 2 Server self-mute: wahyuwowow#9754 (id 402994489204932608)
2018-04-25 17:41:13 #Dota 2 Voice channel leave: wahyuwowow#9754 (id 402994489204932608) moving to mobile legend
2018-04-25 17:42:32 #Dota 2 Server self-deafen: [TH] Cicang#3474 (id 284333142817636353)
2018-04-25 17:42:32 #Dota 2 Server self-mute: [TH] Cicang#3474 (id 284333142817636353)
2018-04-25 17:43:31 #Dota 2 Server self-undeafen: [TH] Cicang#3474 (id 284333142817636353)
2018-04-25 17:43:31 #Dota 2 Server self-unmute: [TH] Cicang#3474 (id 284333142817636353)
2018-04-25 17:44:24 #Dota 2 Voice channel join: wahyuwowow#9754 (id 402994489204932608), moved from MOBILE LEGENDS, flags: self_mute
2018-04-25 17:44:29 #Dota 2 Voice channel join: Paijo Kontoru#8154 (id 229559022854864896), moved from ML
2018-04-25 17:44:36 #Dota 2 Voice channel join: Zxaja(DOANG)#7688 (id 254551532261998594), flags: self_mute
2018-04-25 17:45:03 #Dota 2 Voice channel leave: wahyuwowow#9754 (id 402994489204932608) moving to Dota 2
2018-04-25 17:45:04 #Dota 2 Voice channel join: wahyuwowow#9754 (id 402994489204932608), moved from Dota 2, flags: self_mute
2018-04-25 17:47:45 #Dota 2 Server self-unmute: wahyuwowow#9754 (id 402994489204932608)
2018-04-25 17:48:16 #Dota 2 Server self-mute: wahyuwowow#9754 (id 402994489204932608)
2018-04-25 17:50:00 #Dota 2 Voice channel join: FredBoat♪♪#7284 (id 184405311681986560)
2018-04-25 17:50:01 #Dota 2 Voice channel leave: Zxaja(DOANG)#7688 (id 254551532261998594) moving to Dota 2
2018-04-25 17:50:26 #Dota 2 Voice channel leave: FredBoat♪♪#7284 (id 184405311681986560) moving to Dota 2
2018-04-25 17:50:48 #Dota 2 Voice channel leave: Paijo Kontoru#8154 (id 229559022854864896)
2018-04-25 17:51:52 #Dota 2 Voice channel leave: [TH] Cicang#3474 (id 284333142817636353) moving to MOBILE LEGENDS
2018-04-25 17:58:42 #Dota 2 Voice channel join: Paijo Kontoru#8154 (id 229559022854864896), moved from MOBILE LEGENDS
2018-04-25 17:59:06 #Dota 2 Voice channel leave: Paijo Kontoru#8154 (id 229559022854864896)
2018-04-25 18:02:55 #Dota 2 Voice channel join: Paijo Kontoru#8154 (id 229559022854864896)
2018-04-25 18:03:03 #Dota 2 Voice channel leave: Paijo Kontoru#8154 (id 229559022854864896) moving to MOBILE LEGENDS
2018-04-25 18:03:36 #Dota 2 Voice channel join: Rin Smith#8154 (id 426935715482435596), moved from MOBILE LEGENDS
2018-04-25 18:03:41 #Dota 2 Voice channel join: Paijo Kontoru#8154 (id 229559022854864896), moved from MOBILE LEGENDS
2018-04-25 18:04:27 #Dota 2 Voice channel leave: Rin Smith#8154 (id 426935715482435596)
2018-04-25 18:04:44 #Dota 2 Voice channel leave: Paijo Kontoru#8154 (id 229559022854864896)
2018-04-25 18:06:52 #Dota 2 Voice channel join: Paijo Kontoru#8154 (id 229559022854864896)
2018-04-25 18:07:35 #Dota 2 Voice channel leave: Paijo Kontoru#8154 (id 229559022854864896)
2018-04-25 18:08:58 #Dota 2 Voice channel join: Paijo Kontoru#8154 (id 229559022854864896)
2018-04-25 18:09:29 #Dota 2 Voice channel leave: Paijo Kontoru#8154 (id 229559022854864896)
2018-04-25 18:09:47 #Dota 2 Voice channel join: Paijo Kontoru#8154 (id 229559022854864896)
2018-04-25 18:10:25 #Dota 2 Voice channel leave: wahyuwowow#9754 (id 402994489204932608)
2018-04-25 18:10:48 #Dota 2 Voice channel leave: Paijo Kontoru#8154 (id 229559022854864896)
2018-04-25 18:10:50 #Dota 2 Voice channel leave: ｢Fox｣ Lollipop🍭#6710 (id 354915592484159488)
2018-04-25 18:12:10 #Dota 2 Voice channel join: wahyuwowow#9754 (id 402994489204932608), flags: self_mute
2018-04-25 18:13:56 #Dota 2 Voice channel leave: wahyuwowow#9754 (id 402994489204932608) moving to MOBILE LEGENDS
2018-04-26 13:34:38 #Dota 2 Voice channel join: [TH] Cicang#3474 (id 284333142817636353), moved from AFK ()
2018-04-26 13:35:50 #Dota 2 Voice channel join: Papji ga enak#8154 (id 426935715482435596)
2018-04-26 13:37:43 #Dota 2 Voice channel join: INCIDER07#1812 (id 432002965335703572)
2018-04-26 13:37:43 #Dota 2 Server self-mute: INCIDER07#1812 (id 432002965335703572)
2018-04-26 13:37:46 #Dota 2 Voice channel leave: Papji ga enak#8154 (id 426935715482435596)
2018-04-26 13:37:59 #Dota 2 Voice channel leave: [TH] Cicang#3474 (id 284333142817636353) moving to AFK ()
2018-04-26 13:38:19 #Dota 2 Voice channel leave: INCIDER07#1812 (id 432002965335703572)
2018-05-01 02:15:25 #Dota 2 Voice channel join: (acchandizndy)#0171 (id 318353704854093836)
2018-05-01 02:15:26 #Dota 2 Voice channel leave: (acchandizndy)#0171 (id 318353704854093836) moving to Dota2
2018-05-01 17:09:23 #Dota 2 Voice channel join: Djedoy#7137 (id 440487238019710987), moved from Dota2, flags: self_mute
2018-05-01 17:09:33 #Dota 2 Voice channel join: iT's Ar1se#4386 (id 369475617290452993), moved from Karaoke
2018-05-01 17:11:36 #Dota 2 Voice channel join: GamingTopIndo#8798 (id 275935340487901185)
2018-05-01 17:11:40 #Dota 2 Server self-mute: GamingTopIndo#8798 (id 275935340487901185)
2018-05-01 17:11:41 #Dota 2 Server self-unmute: GamingTopIndo#8798 (id 275935340487901185)
2018-05-01 18:07:47 #Dota 2 Voice channel join: Arjuna#0240 (id 440575033148964885), flags: self_mute
2018-05-01 18:07:50 #Dota 2 Voice channel leave: Arjuna#0240 (id 440575033148964885)
2018-05-01 18:17:44 #Dota 2 Voice channel leave: iT's Ar1se#4386 (id 369475617290452993) moving to Room Musik
2018-05-01 18:19:44 #Dota 2 Voice channel leave: GamingTopIndo#8798 (id 275935340487901185) moving to Karaoke
2018-05-01 18:22:24 #Dota 2 Voice channel leave: Djedoy#7137 (id 440487238019710987)
