2018-04-24 19:03:42 #ML Voice channel join: iT's Ar1se#4386 (id 369475617290452993), flags: self_mute
2018-04-24 19:03:44 #ML Voice channel leave: iT's Ar1se#4386 (id 369475617290452993) moving to ML
2018-04-24 19:04:17 #ML Voice channel join: iT's Ar1se#4386 (id 369475617290452993)
2018-04-24 19:04:24 #ML Voice channel leave: iT's Ar1se#4386 (id 369475617290452993) moving to mobile legend
2018-04-24 19:07:55 #ML Voice channel join: Cicang#3474 (id 284333142817636353), moved from Warnet Hore
2018-04-24 19:08:39 #ML Voice channel leave: Cicang#3474 (id 284333142817636353) moving to ML
2018-04-24 19:42:47 #ML Voice channel join: Andreansh💤#9705 (id 384286435240312832), moved from ML
2018-04-24 19:42:48 #ML Voice channel leave: Andreansh💤#9705 (id 384286435240312832) moving to ML
2018-04-24 20:08:29 #ML Voice channel join: iT's Ar1se#4386 (id 369475617290452993), moved from ML, flags: self_mute
2018-04-24 20:10:02 #ML Voice channel leave: iT's Ar1se#4386 (id 369475617290452993) moving to ML
2018-04-26 09:38:01 #ML Voice channel join: ᴷᶜ÷KalduAyam#8491 (id 415105719889559553)
2018-04-26 09:38:44 #ML Voice channel leave: ᴷᶜ÷KalduAyam#8491 (id 415105719889559553)
2018-05-01 13:09:08 #ML Voice channel join: iT's Ar1se#4386 (id 369475617290452993), moved from Rumpi Hore
2018-05-01 13:09:26 #ML Voice channel join: Belbelبلا ريزكي (Annabelle)#4748 (id 422345834886201345), moved from Rumpi Hore
2018-05-01 13:22:22 #ML Voice channel join: rianqz#8186 (id 434430081830486026), moved from ML
2018-05-01 13:23:03 #ML Voice channel leave: rianqz#8186 (id 434430081830486026) moving to ML
2018-05-01 13:39:10 #ML Voice channel leave: iT's Ar1se#4386 (id 369475617290452993) moving to ML
2018-05-01 13:39:38 #ML Voice channel join: iT's Ar1se#4386 (id 369475617290452993), moved from ML
2018-05-01 14:01:13 #ML Voice channel join: Djedoy#7137 (id 440487238019710987), flags: self_mute
2018-05-01 14:01:42 #ML Voice channel leave: Djedoy#7137 (id 440487238019710987)
2018-05-01 14:02:07 #ML Voice channel join: catch me if you can#2946 (id 395170891111071744), flags: self_mute
2018-05-01 14:02:34 #ML Server self-unmute: catch me if you can#2946 (id 395170891111071744)
2018-05-01 14:04:00 #ML Voice channel leave: catch me if you can#2946 (id 395170891111071744)
2018-05-01 14:08:04 #ML Voice channel join: Djedoy#7137 (id 440487238019710987), flags: self_mute
2018-05-01 14:08:49 #ML Voice channel leave: Djedoy#7137 (id 440487238019710987) moving to ML
2018-05-01 14:10:43 #ML Server self-mute: Belbelبلا ريزكي (Annabelle)#4748 (id 422345834886201345)
2018-05-01 14:10:46 #ML Server self-unmute: Belbelبلا ريزكي (Annabelle)#4748 (id 422345834886201345)
2018-05-01 14:11:03 #ML Voice channel leave: Belbelبلا ريزكي (Annabelle)#4748 (id 422345834886201345)
2018-05-01 14:11:05 #ML Voice channel leave: iT's Ar1se#4386 (id 369475617290452993)
2018-05-01 14:41:29 #ML Voice channel join: Paijo Kontoru#8154 (id 229559022854864896), moved from Rumpi Hore
2018-05-01 14:41:46 #ML Voice channel leave: Paijo Kontoru#8154 (id 229559022854864896)
2018-05-02 04:29:27 #ML 2 Voice channel join: Vektor#3952 (id 432080239372533772)
2018-05-02 04:30:28 #ML 2 Voice channel leave: Vektor#3952 (id 432080239372533772) moving to Room Musik
2018-05-02 04:38:57 #ML 2 Voice channel join: Bagus Dian • M√p•Gbrn€#4738 (id 438325109288337408), flags: self_mute
2018-05-02 04:38:59 #ML 2 Server self-unmute: Bagus Dian • M√p•Gbrn€#4738 (id 438325109288337408)
2018-05-02 04:39:17 #ML 2 Voice channel leave: Bagus Dian • M√p•Gbrn€#4738 (id 438325109288337408)
2018-05-02 07:27:11 #ML 2 Voice channel join: Saitama 先生#7580 (id 440732654653145090)
2018-05-02 07:27:16 #ML 2 Voice channel leave: Saitama 先生#7580 (id 440732654653145090)
2018-05-02 07:27:36 #ML 2 Voice channel join: Saitama 先生#7580 (id 440732654653145090)
2018-05-02 07:44:32 #ML 2 Voice channel join: MintCloud#6576 (id 396711867868774401), flags: self_mute
2018-05-02 07:44:51 #ML 2 Voice channel leave: MintCloud#6576 (id 396711867868774401) moving to ML
2018-05-02 07:55:18 #ML 2 Voice channel join: Vektor#3952 (id 432080239372533772), flags: self_mute
2018-05-02 07:55:21 #ML 2 Server self-unmute: Vektor#3952 (id 432080239372533772)
2018-05-02 07:55:31 #ML 2 Server self-mute: Vektor#3952 (id 432080239372533772)
2018-05-02 07:55:47 #ML 2 Server self-unmute: Vektor#3952 (id 432080239372533772)
2018-05-02 07:55:50 #ML 2 Server self-mute: Vektor#3952 (id 432080239372533772)
2018-05-02 07:55:51 #ML 2 Server self-unmute: Vektor#3952 (id 432080239372533772)
2018-05-02 07:55:53 #ML 2 Server self-mute: Vektor#3952 (id 432080239372533772)
2018-05-02 07:56:05 #ML 2 Server self-unmute: Vektor#3952 (id 432080239372533772)
2018-05-02 07:56:37 #ML 2 Voice channel leave: Vektor#3952 (id 432080239372533772)
2018-05-02 08:02:13 #ML 2 Voice channel join: BimaWidya#6592 (id 403570386794709003), moved from Dangdut Musik, flags: mute
2018-05-02 08:02:20 #ML 2 Voice channel leave: BimaWidya#6592 (id 403570386794709003) moving to PUBG-4
2018-05-02 08:08:10 #ML 2 Voice channel join: Vektor#3952 (id 432080239372533772)
2018-05-02 08:08:33 #ML 2 Voice channel leave: Vektor#3952 (id 432080239372533772)
2018-05-02 08:24:16 #ML 2 Voice channel join: Brave#6523 (id 357170067466747914)
2018-05-02 08:24:16 #ML 2 Voice channel leave: Brave#6523 (id 357170067466747914)
2018-05-02 08:30:03 #ML 2 Voice channel leave: Saitama 先生#7580 (id 440732654653145090)
