2018-04-26 15:02:17 #=ADMIN+1= Voice channel join: saady#4429 (id 414881508382212098), moved from =OWNER=
2018-04-26 15:02:21 #=ADMIN+1= Voice channel join: 『DZ』mohamed#6727 (id 388626422874374154), moved from =OWNER=
2018-04-26 15:02:33 #=ADMIN+1= Voice channel join: 『DZ』Superio#1790 (id 373456004698079232), moved from =OWNER=
2018-04-26 15:02:35 #=ADMIN+1= Voice channel leave: 『DZ』Superio#1790 (id 373456004698079232) moving to =OWNER=
2018-04-26 15:03:07 #=ADMIN+1= Voice channel join: 『DZ』Superio#1790 (id 373456004698079232), moved from =OWNER=
2018-04-26 15:03:42 #=ADMIN+1= Server mute: saady#4429 (id 414881508382212098)
2018-04-26 15:04:20 #=ADMIN+1= Server unmute: saady#4429 (id 414881508382212098)
2018-04-26 15:04:58 #=ADMIN+1= Voice channel leave: 『DZ』Superio#1790 (id 373456004698079232)
2018-04-26 15:29:48 #=ADMIN+1= Voice channel leave: saady#4429 (id 414881508382212098)
2018-04-26 15:31:04 #=ADMIN+1= Voice channel leave: 『DZ』mohamed#6727 (id 388626422874374154)
2018-04-26 15:35:58 #=ADMIN+1= Voice channel join: 『DZ』mohamed#6727 (id 388626422874374154)
2018-04-26 15:35:59 #=ADMIN+1= Voice channel leave: 『DZ』mohamed#6727 (id 388626422874374154) moving to =OWNER=
2018-04-27 10:39:37 #=ADMIN+1= Voice channel join: 『DZ』mohamed#6727 (id 388626422874374154), moved from =OWNER=
2018-04-27 10:39:43 #=ADMIN+1= Voice channel join: Synapse#0692 (id 435538622293344266), moved from =OWNER=
2018-04-27 10:39:49 #=ADMIN+1= Voice channel leave: 『DZ』mohamed#6727 (id 388626422874374154) moving to =OWNER=
2018-04-27 10:39:49 #=ADMIN+1= Voice channel join: 『DZ』Superio#1790 (id 373456004698079232), moved from =OWNER=
2018-04-27 10:40:15 #=ADMIN+1= Voice channel leave: 『DZ』Superio#1790 (id 373456004698079232) moving to =OWNER=
2018-04-27 10:45:20 #=ADMIN+1= Voice channel leave: Synapse#0692 (id 435538622293344266) moving to =ADMIN+2=
2018-04-27 15:00:03 #=ADMIN+1= Voice channel join: LIHWAK#2893 (id 266949537627635712), moved from =OWNER=
2018-04-27 15:01:41 #=ADMIN+1= Voice channel leave: LIHWAK#2893 (id 266949537627635712) moving to Home
2018-04-30 18:40:53 #=ADMIN+1= Voice channel join: 『DZ』mohamed#6727 (id 388626422874374154)
2018-04-30 18:41:08 #=ADMIN+1= Voice channel leave: 『DZ』mohamed#6727 (id 388626422874374154)
2018-04-30 18:41:23 #=ADMIN+1= Voice channel join: 『DZ』mohamed#6727 (id 388626422874374154)
2018-04-30 18:41:29 #=ADMIN+1= Voice channel leave: 『DZ』mohamed#6727 (id 388626422874374154) moving to =OWNER=
2018-05-02 10:03:20 #=ADMIN+1= Voice channel join: 『DZ』mohamed#6727 (id 388626422874374154)
2018-05-02 10:03:37 #=ADMIN+1= Voice channel leave: 『DZ』mohamed#6727 (id 388626422874374154) moving to =ADMIN+2=
2018-05-02 12:00:50 #=ADMIN+1= Voice channel join: 『DZ』mohamed#6727 (id 388626422874374154)
2018-05-02 12:00:52 #=ADMIN+1= Voice channel leave: 『DZ』mohamed#6727 (id 388626422874374154)
2018-05-02 16:07:12 #=ADMIN+1= Voice channel join: 『DZ』mohamed#6727 (id 388626422874374154), moved from AFK*-*= رح يبول
2018-05-02 16:11:26 #=ADMIN+1= Voice channel leave: 『DZ』mohamed#6727 (id 388626422874374154)
2018-05-02 17:12:17 #=ADMIN+1= Voice channel join: 『DZ』mohamed#6727 (id 388626422874374154)
2018-05-02 17:12:28 #=ADMIN+1= Voice channel leave: 『DZ』mohamed#6727 (id 388626422874374154)
2018-05-02 17:13:04 #=ADMIN+1= Voice channel join: 『DZ』mohamed#6727 (id 388626422874374154)
2018-05-02 17:14:13 #=ADMIN+1= Voice channel leave: 『DZ』mohamed#6727 (id 388626422874374154) moving to =ADMIN+2=
