2018-04-26 14:31:27 #AFK*-*= رح يبول Voice channel join: 『DZ』mohamed#6727 (id 388626422874374154), moved from O+A1+A2+3= Friend *-*
2018-04-26 14:32:14 #AFK*-*= رح يبول Voice channel leave: 『DZ』mohamed#6727 (id 388626422874374154)
2018-04-26 18:24:13 #AFK*-*= رح يبول Voice channel join: Synapse#0692 (id 435538622293344266), moved from =ADMIN+2=
2018-04-27 10:37:19 #AFK*-*= رح يبول Voice channel leave: Synapse#0692 (id 435538622293344266) moving to =OWNER=
2018-04-27 10:45:23 #AFK*-*= رح يبول Voice channel join: Synapse#0692 (id 435538622293344266), moved from =ADMIN+2=
2018-04-27 10:46:13 #AFK*-*= رح يبول Voice channel leave: Synapse#0692 (id 435538622293344266) moving to =OWNER=
2018-04-27 10:56:59 #AFK*-*= رح يبول Voice channel join: 『DZ』mohamed#6727 (id 388626422874374154), moved from =OWNER=, flags: self_deaf,self_mute
2018-04-27 10:57:12 #AFK*-*= رح يبول Voice channel leave: 『DZ』mohamed#6727 (id 388626422874374154) moving to =OWNER=
2018-04-27 12:39:55 #AFK*-*= رح يبول Voice channel join: Synapse#0692 (id 435538622293344266), moved from =OWNER=
2018-04-27 13:10:15 #AFK*-*= رح يبول Voice channel join: 『DZ』mohamed#6727 (id 388626422874374154), moved from =OWNER=
2018-04-27 13:54:53 #AFK*-*= رح يبول Voice channel leave: 『DZ』mohamed#6727 (id 388626422874374154) moving to Rust solo
2018-04-27 13:54:53 #AFK*-*= رح يبول Server self-deafen: 『DZ』mohamed#6727 (id 388626422874374154)
2018-04-27 13:54:53 #AFK*-*= رح يبول Server self-mute: 『DZ』mohamed#6727 (id 388626422874374154)
2018-04-27 13:56:28 #AFK*-*= رح يبول Voice channel join: 『DZ』mohamed#6727 (id 388626422874374154), flags: self_deaf,self_mute
2018-04-27 13:56:38 #AFK*-*= رح يبول Server self-unmute: 『DZ』mohamed#6727 (id 388626422874374154)
2018-04-27 13:56:53 #AFK*-*= رح يبول Server self-mute: 『DZ』mohamed#6727 (id 388626422874374154)
2018-04-27 13:56:54 #AFK*-*= رح يبول Server self-undeafen: 『DZ』mohamed#6727 (id 388626422874374154)
2018-04-27 13:56:58 #AFK*-*= رح يبول Server self-deafen: 『DZ』mohamed#6727 (id 388626422874374154)
2018-04-27 13:57:02 #AFK*-*= رح يبول Server self-unmute: 『DZ』mohamed#6727 (id 388626422874374154)
2018-04-27 13:57:03 #AFK*-*= رح يبول Server self-mute: 『DZ』mohamed#6727 (id 388626422874374154)
2018-04-27 13:57:38 #AFK*-*= رح يبول Voice channel leave: 『DZ』mohamed#6727 (id 388626422874374154) moving to CS:GO
2018-04-27 15:05:27 #AFK*-*= رح يبول Voice channel join: LIHWAK#2893 (id 266949537627635712), moved from O+A1+A2+3= Friend *-*
2018-04-27 15:05:28 #AFK*-*= رح يبول Server self-mute: LIHWAK#2893 (id 266949537627635712)
2018-04-27 15:05:34 #AFK*-*= رح يبول Voice channel leave: LIHWAK#2893 (id 266949537627635712) moving to =ADMIN+2=
2018-04-27 15:05:34 #AFK*-*= رح يبول Server self-unmute: LIHWAK#2893 (id 266949537627635712)
2018-04-27 15:24:06 #AFK*-*= رح يبول Voice channel leave: Synapse#0692 (id 435538622293344266) moving to =OWNER=
2018-04-27 15:24:24 #AFK*-*= رح يبول Voice channel join: Synapse#0692 (id 435538622293344266), moved from =OWNER=
2018-04-27 15:31:20 #AFK*-*= رح يبول Voice channel leave: Synapse#0692 (id 435538622293344266) moving to =ADMIN+2=
2018-04-27 15:51:05 #AFK*-*= رح يبول Voice channel join: Synapse#0692 (id 435538622293344266), moved from =ADMIN+2=
2018-04-27 17:47:15 #AFK*-*= رح يبول Server mute: Synapse#0692 (id 435538622293344266)
2018-04-27 17:47:15 #AFK*-*= رح يبول Server unmute: Synapse#0692 (id 435538622293344266)
2018-04-28 09:03:51 #AFK*-*= رح يبول Voice channel leave: Synapse#0692 (id 435538622293344266) moving to =OWNER=
2018-04-28 12:36:05 #AFK*-*= رح يبول Voice channel join: 『DZ』Superio#1790 (id 373456004698079232), moved from =OWNER=
2018-05-02 10:36:51 #AFK*-*= رح يبول Voice channel join: 『DZ』mohamed#6727 (id 388626422874374154), moved from =ADMIN+2=
2018-05-02 12:00:48 #AFK*-*= رح يبول Voice channel leave: 『DZ』mohamed#6727 (id 388626422874374154)
2018-05-02 15:32:28 #AFK*-*= رح يبول Voice channel join: 『DZ』mohamed#6727 (id 388626422874374154), moved from =OWNER=
2018-05-02 16:07:12 #AFK*-*= رح يبول Voice channel leave: 『DZ』mohamed#6727 (id 388626422874374154) moving to =ADMIN+1=
