2018-04-27 14:33:12 #Rust Voice channel join: LIHWAK#2893 (id 266949537627635712)
2018-04-27 14:33:16 #Rust Voice channel leave: LIHWAK#2893 (id 266949537627635712)
2018-04-27 14:33:21 #Rust Voice channel join: LIHWAK#2893 (id 266949537627635712)
2018-04-27 14:33:25 #Rust Server self-mute: LIHWAK#2893 (id 266949537627635712)
2018-04-27 14:42:51 #Rust Voice channel join: 『DZ』Superio#1790 (id 373456004698079232)
2018-04-27 14:43:04 #Rust Voice channel leave: 『DZ』Superio#1790 (id 373456004698079232)
2018-04-27 14:43:25 #Rust Voice channel leave: LIHWAK#2893 (id 266949537627635712) moving to Rust solo
2018-04-27 14:44:41 #Rust Voice channel join: LIHWAK#2893 (id 266949537627635712)
2018-04-27 14:45:09 #Rust Voice channel leave: LIHWAK#2893 (id 266949537627635712)
2018-04-27 14:55:50 #Rust Voice channel join: 『DZ』mohamed#6727 (id 388626422874374154)
2018-04-27 14:55:51 #Rust Server self-mute: 『DZ』mohamed#6727 (id 388626422874374154)
2018-04-27 14:55:54 #Rust Server self-deafen: 『DZ』mohamed#6727 (id 388626422874374154)
2018-04-27 14:56:14 #Rust Voice channel join: 『DZ』Superio#1790 (id 373456004698079232), moved from Rust solo, flags: self_mute
2018-04-27 14:56:16 #Rust Server self-unmute: 『DZ』Superio#1790 (id 373456004698079232)
2018-04-27 14:56:31 #Rust Voice channel join: LIHWAK#2893 (id 266949537627635712), flags: self_mute
2018-04-27 14:57:59 #Rust Server self-unmute: LIHWAK#2893 (id 266949537627635712)
2018-04-27 14:58:20 #Rust Voice channel leave: 『DZ』Superio#1790 (id 373456004698079232) moving to =OWNER=
2018-04-27 14:59:19 #Rust Voice channel leave: 『DZ』mohamed#6727 (id 388626422874374154) moving to =OWNER=
2018-04-27 14:59:27 #Rust Voice channel leave: LIHWAK#2893 (id 266949537627635712) moving to =OWNER=
2018-04-27 15:05:11 #Rust Voice channel join: LIHWAK#2893 (id 266949537627635712), moved from Rust solo
2018-04-27 15:05:16 #Rust Voice channel leave: LIHWAK#2893 (id 266949537627635712) moving to =ADMIN+2=
