2018-04-24 21:38:09 this bot joined the server
2018-04-24 21:38:09 Role created: 'Synapse' (id 438453619352666112)
2018-04-24 21:38:09 Member role add: 'Synapse' role was added to @Synapse#0692
2018-04-24 21:39:16 Member role add: 'GOLDEN' role was added to @hadi baabou#3115
2018-04-24 21:39:23 Member role add: 'AimBOT V2.5' role was added to @Synapse#0692
2018-04-24 21:39:47 Role permissions: 'Ghostplay R2' changed from 268520497 to 268782705
2018-04-24 21:39:47 Role permissions: 'Banana' changed from 8 to 262216
2018-04-24 21:39:47 Role position: 'Banana' changed from 2 to 3
2018-04-24 21:39:47 Role permissions: 'Rythm' changed from 8 to 262216
2018-04-24 21:39:47 Role position: 'Rythm' changed from 2 to 4
2018-04-24 21:39:47 Role position: '=Guys><Friend=' changed from 2 to 5
2018-04-24 21:39:47 Role position: 'AimBOT V2.5' changed from 3 to 6
2018-04-24 21:39:47 Role position: 'GOLDEN' changed from 4 to 7
2018-04-24 21:39:47 Role position: '>ADMIN<-3-' changed from 5 to 8
2018-04-24 21:39:47 Role position: '>>ADMIN<<-2-' changed from 6 to 9
2018-04-24 21:39:47 Role position: '>>>ADMIN<<<-1-' changed from 7 to 10
2018-04-24 21:39:47 Role position: '>>>>>OWNER<<<<<' changed from 8 to 11
2018-04-24 21:39:47 Role mentionable: 'Ghostplay R2' is now mentionable
2018-04-24 21:39:47 Role hoist: 'Ghostplay R2' is now shown seperately
2018-04-24 21:39:47 Role permissions: 'Ghostplay R2' changed from 268782705 to 268520505
2018-04-24 21:40:08 Role permissions: 'Ghostplay R2' changed from 268520505 to 2146958591
2018-04-24 21:43:54 Member leave: @hadi baabou#3115 (id 395665166618066946)
2018-04-24 21:46:01 Role position: 'Banana' changed from 3 to 2
2018-04-24 21:46:01 Role position: 'Rythm' changed from 4 to 3
2018-04-24 21:46:01 Role position: '=Guys><Friend=' changed from 5 to 4
2018-04-24 21:46:01 Role position: 'AimBOT V2.5' changed from 6 to 5
2018-04-24 21:46:01 Role position: 'GOLDEN' changed from 7 to 6
2018-04-24 21:46:01 Role position: '>ADMIN<-3-' changed from 8 to 7
2018-04-24 21:46:01 Role position: '>>ADMIN<<-2-' changed from 9 to 8
2018-04-24 21:46:01 Role position: '>>>ADMIN<<<-1-' changed from 10 to 9
2018-04-24 21:46:01 Role position: '>>>>>OWNER<<<<<' changed from 11 to 10
2018-04-24 21:46:01 Role position: 'Ghostplay R2' changed from 2 to 11
2018-04-24 21:46:02 Role mentionable: 'Ghostplay R2' is no longer mentionable
2018-04-24 21:46:02 Role hoist: 'Ghostplay R2' is no longer shown seperately
2018-04-24 21:47:23 Role hoist: 'Ghostplay R2' is now shown seperately
2018-04-24 21:47:41 Channel overwrites: home (438419032132157444): role Ghostplay R2 (438453582052720650) added with values 0, 0
2018-04-24 21:49:21 Role hoist: 'Ghostplay R2' is no longer shown seperately
2018-04-24 21:51:57 Role permissions: 'Ghostplay R2' changed from 2146958591 to 2146958543
2018-04-24 21:52:32 Role permissions: 'Ghostplay R2' changed from 2146958543 to 2117156047
2018-04-24 21:52:50 Role created: 'new role' (id 438457317474828288)
2018-04-24 21:53:13 Role permissions: 'Synapse' changed from 8 to 262216
2018-04-24 21:53:14 Role renamed: 'new role' to 'Rindow'
2018-04-24 21:53:18 Role position: 'Synapse' changed from 2 to 1
2018-04-24 21:53:18 Role position: 'Banana' changed from 3 to 2
2018-04-24 21:53:18 Role position: 'Rythm' changed from 4 to 3
2018-04-24 21:53:18 Role position: '=Guys><Friend=' changed from 5 to 4
2018-04-24 21:53:18 Role position: 'AimBOT V2.5' changed from 6 to 5
2018-04-24 21:53:18 Role position: 'GOLDEN' changed from 7 to 6
2018-04-24 21:53:18 Role position: '>ADMIN<-3-' changed from 8 to 7
2018-04-24 21:53:18 Role position: '>>ADMIN<<-2-' changed from 9 to 8
2018-04-24 21:53:18 Role position: '>>>ADMIN<<<-1-' changed from 10 to 9
2018-04-24 21:53:18 Role position: '>>>>>OWNER<<<<<' changed from 11 to 10
2018-04-24 21:53:18 Role position: 'Ghostplay R2' changed from 12 to 11
2018-04-24 21:53:18 Role position: 'Rindow' changed from 1 to 12
2018-04-24 21:53:34 Role position: 'Ghostplay R2' changed from 11 to 7
2018-04-24 21:53:34 Role position: '>ADMIN<-3-' changed from 7 to 8
2018-04-24 21:53:34 Role position: '>>ADMIN<<-2-' changed from 8 to 9
2018-04-24 21:53:34 Role position: '>>>ADMIN<<<-1-' changed from 9 to 10
2018-04-24 21:53:34 Role position: '>>>>>OWNER<<<<<' changed from 10 to 11
2018-04-24 21:54:34 Member role add: 'Rindow' role was added to @ã€ŽDZã€Superio#1790
2018-04-24 21:55:07 Role position: '>ADMIN<-3-' changed from 8 to 7
2018-04-24 21:55:07 Role position: '>>ADMIN<<-2-' changed from 9 to 8
2018-04-24 21:55:07 Role position: '>>>ADMIN<<<-1-' changed from 10 to 9
2018-04-24 21:55:07 Role position: '>>>>>OWNER<<<<<' changed from 11 to 10
2018-04-24 21:55:07 Role position: 'Rindow' changed from 12 to 11
2018-04-24 21:55:07 Role position: 'Ghostplay R2' changed from 7 to 12
2018-04-24 21:57:49 Role color: 'Ghostplay R2' changed from #000000 to #271526
2018-04-24 21:58:23 Member role remove: The 'Rindow' role was removed from @ã€ŽDZã€Superio#1790
2018-04-24 21:58:23 Role deleted: 'Rindow' (id 438457317474828288)
2018-04-24 21:58:34 Member role add: 'AimBOT V2.5' role was added to @Ghostplay R2#1298
2018-04-24 22:00:22 Channel rename: Fortinet renamed to Fortnite
2018-04-24 22:00:30 Channel rename: Fortinet solo renamed to Fortnite solo
2018-04-24 22:00:36 Channel rename: Fortinet Squed renamed to Fortnite Squed
2018-04-24 22:00:43 Channel rename: Fortinet 50v50 renamed to Fortnite 50v50
2018-04-24 22:01:49 Channel created: Fortnite 50v50#1
2018-04-24 22:01:54 Channel position: Fortnite 50v50#1 moved from 25 to 19
2018-04-24 22:01:54 Channel position: CS:GO moved from 19 to 20
2018-04-24 22:01:54 Channel position: CS:GO moved from 20 to 21
2018-04-24 22:01:54 Channel position: CS:GO moved from 21 to 22
2018-04-24 22:01:54 Channel position: CS:GO moved from 22 to 23
2018-04-24 22:01:54 Channel position: CS:GO moved from 23 to 24
2018-04-24 22:01:54 Channel position: CS:GO moved from 24 to 25
2018-04-24 22:01:55 Channel position: Fortnite 50v50#1 moved from 19 to 18
2018-04-24 22:01:55 Channel position: Fortnite 50v50 moved from 18 to 19
2018-04-24 22:02:12 Channel rename: Fortnite 50v50 renamed to Fortnite 50v50#2
2018-04-25 04:07:27 Member join: @ã€ŽDZã€pro DZ#6249 (id 347728685429948429)
2018-04-25 04:46:08 Member leave: @ã€ŽDZã€pro DZ#6249 (id 347728685429948429)
2018-04-25 11:22:14 Member join: @mohamadjad#4920 (id 415213367851089921)
2018-04-25 12:06:11 Member join: @OMR_KST#5184 (id 357259240349630466)
2018-04-25 15:50:22 Member join: @ã€ŽDZã€mohamed#6727 (id 388626422874374154)
2018-04-25 20:01:21 Member join: @1play#8615 (id 437952608322322432)
2018-04-25 20:01:21 Role created: '1play' (id 438791646981783558)
2018-04-25 20:01:21 Member role add: '1play' role was added to @1play#8615
2018-04-25 20:02:20 Member role add: 'AimBOT V2.5' role was added to @1play#8615
2018-04-25 20:02:26 Member role add: '>>>ADMIN<<<-1-' role was added to @ã€ŽDZã€mohamed#6727
2018-04-25 20:02:33 Member role remove: The '>>>ADMIN<<<-1-' role was removed from @LIHWAK#2893
2018-04-25 20:02:34 Member role add: '>>ADMIN<<-2-' role was added to @LIHWAK#2893
2018-04-25 20:02:41 Member role add: '>ADMIN<-3-' role was added to @ã‚¢ã‚¯ãƒ©ãƒ•#4646
2018-04-25 20:02:42 Member role remove: The '>>ADMIN<<-2-' role was removed from @ã‚¢ã‚¯ãƒ©ãƒ•#4646
2018-04-26 10:09:38 Member join: @FireBot ðŸ”¥#2475 (id 413687820285116426)
2018-04-26 10:09:38 Role created: 'FireBot ðŸ”¥' (id 439005120357990400)
2018-04-26 10:09:38 Member role add: 'FireBot ðŸ”¥' role was added to @FireBot ðŸ”¥#2475
2018-04-26 10:09:58 Member role add: 'AimBOT V2.5' role was added to @FireBot ðŸ”¥#2475
2018-04-26 10:13:07 Member nickname: '@ã€ŽSYR ã€NooR#3925' (id 401768455227047976) changed nickname from 'The Big Dack' to '-M249'
2018-04-26 14:53:14 Member join: @saady#4429 (id 414881508382212098)
2018-04-26 15:02:44 Member role add: 'GOLDEN' role was added to @saady#4429
2018-04-26 15:02:50 Member role add: 'GOLDEN' role was added to @OMR_KST#5184
2018-04-26 17:35:21 Member role remove: The '=Guys><Friend=' role was removed from @ã€ŽDZã€Superio#1790
2018-04-26 17:35:22 Member role remove: The 'AimBOT V2.5' role was removed from @ã€ŽDZã€Superio#1790
2018-04-26 17:35:22 Member role remove: The 'GOLDEN' role was removed from @ã€ŽDZã€Superio#1790
2018-04-26 17:35:25 Member role remove: The '>ADMIN<-3-' role was removed from @ã€ŽDZã€Superio#1790
2018-04-26 17:35:25 Member role remove: The '>>ADMIN<<-2-' role was removed from @ã€ŽDZã€Superio#1790
2018-04-26 17:35:29 Member role add: '=Guys><Friend=' role was added to @ã€ŽDZã€Superio#1790
2018-04-26 17:35:29 Member role add: 'AimBOT V2.5' role was added to @ã€ŽDZã€Superio#1790
2018-04-26 17:35:29 Member role add: 'GOLDEN' role was added to @ã€ŽDZã€Superio#1790
2018-04-26 17:35:30 Member role add: '>ADMIN<-3-' role was added to @ã€ŽDZã€Superio#1790
2018-04-26 17:35:30 Member role remove: The 'GOLDEN' role was removed from @ã€ŽDZã€Superio#1790
2018-04-26 17:35:30 Member role add: '>>ADMIN<<-2-' role was added to @ã€ŽDZã€Superio#1790
2018-04-26 17:35:36 Member role add: 'GOLDEN' role was added to @ã€ŽDZã€Superio#1790
2018-04-26 17:35:41 Member role add: 'GOLDEN' role was added to @ã‚¢ã‚¯ãƒ©ãƒ•#4646
2018-04-26 17:35:41 Member role add: 'AimBOT V2.5' role was added to @ã‚¢ã‚¯ãƒ©ãƒ•#4646
2018-04-26 17:35:41 Member role add: '=Guys><Friend=' role was added to @ã‚¢ã‚¯ãƒ©ãƒ•#4646
2018-04-26 17:35:49 Member role add: '=Guys><Friend=' role was added to @LIHWAK#2893
2018-04-26 17:35:49 Member role add: 'AimBOT V2.5' role was added to @LIHWAK#2893
2018-04-26 17:35:51 Member role add: 'GOLDEN' role was added to @LIHWAK#2893
2018-04-26 17:35:51 Member role add: '>ADMIN<-3-' role was added to @LIHWAK#2893
2018-04-26 17:35:52 Member role remove: The 'AimBOT V2.5' role was removed from @LIHWAK#2893
2018-04-26 17:35:59 Member role remove: The '=Guys><Friend=' role was removed from @LIHWAK#2893
2018-04-26 17:36:02 Member role remove: The 'AimBOT V2.5' role was removed from @ã‚¢ã‚¯ãƒ©ãƒ•#4646
2018-04-26 17:36:03 Member role remove: The '=Guys><Friend=' role was removed from @ã‚¢ã‚¯ãƒ©ãƒ•#4646
2018-04-26 17:36:24 Member role add: '>ADMIN<-3-' role was added to @ã€ŽDZã€mohamed#6727
2018-04-26 17:36:24 Member role add: '>>ADMIN<<-2-' role was added to @ã€ŽDZã€mohamed#6727
2018-04-26 17:36:24 Member role add: '>ADMIN<-3-' role was added to @ã€ŽDZã€mohamed#6727
2018-04-26 17:36:25 Member role add: 'GOLDEN' role was added to @ã€ŽDZã€mohamed#6727
2018-04-26 17:36:25 Member role add: 'AimBOT V2.5' role was added to @ã€ŽDZã€mohamed#6727
2018-04-26 17:36:26 Member role add: '=Guys><Friend=' role was added to @ã€ŽDZã€mohamed#6727
2018-04-26 17:36:48 Member role add: 'GOLDEN' role was added to @mohamadjad#4920
2018-04-26 17:37:04 Member role remove: The '>ADMIN<-3-' role was removed from @LIHWAK#2893
2018-04-26 17:44:35 Member nickname: '@ã€ŽDZã€mohamed#6727' (id 388626422874374154) changed nickname from 'None' to ';)**//LOVE___SERVER//**;)'
2018-04-26 21:13:16 Member leave: @ã‚¢ã‚¯ãƒ©ãƒ•#4646 (id 354276992826474497)
2018-04-27 10:39:15 Member role remove: The '>>>>>OWNER<<<<<' role was removed from @ã€ŽDZã€Superio#1790
2018-04-27 10:39:31 Member role add: '>>>>>OWNER<<<<<' role was added to @ã€ŽDZã€Superio#1790
2018-04-27 10:42:25 Member leave: @OMR_KST#5184 (id 357259240349630466)
2018-04-27 10:44:40 Member nickname: '@Rythm#3722' (id 235088799074484224) changed nickname from 'MUSIC-GOLDEN' to '+MUSIC-GOLDEN'
2018-04-27 11:06:47 Member join: @OMR_KST#5184 (id 357259240349630466)
2018-04-27 11:06:58 Member role add: 'GOLDEN' role was added to @OMR_KST#5184
2018-04-27 13:49:14 Member leave: @saady#4429 (id 414881508382212098)
2018-04-27 15:21:47 Member nickname: '@Rythm#3722' (id 235088799074484224) changed nickname from '+MUSIC-GOLDEN' to '//Ø¹Ø±ÙˆØ³ Ø§Ù„Ø³ÙŠØ±ÙØ±//MUSIC-GOLDEN//'
2018-04-27 23:33:17 Member join: @ã‚¢ã‚¯ãƒ©ãƒ•#4646 (id 354276992826474497)
2018-04-28 09:04:39 Member nickname: '@ã€ŽDZã€mohamed#6727' (id 388626422874374154) changed nickname from ';)**//LOVE___SERVER//**;)' to ';)*-*//LOVE___SERVER//*-*;)'
2018-04-28 09:08:04 Member role remove: The 'GOLDEN' role was removed from @ã€ŽSYR ã€NooR#3925
2018-04-30 11:30:15 Member role add: '>ADMIN<-3-' role was added to @ã‚¢ã‚¯ãƒ©ãƒ•#4646
2018-04-30 11:30:27 Member role remove: The 'GOLDEN' role was removed from @LIHWAK#2893
2018-04-30 18:33:09 Member join: @saady#4429 (id 414881508382212098)
2018-05-01 13:39:17 Role deleted: 'FireBot ðŸ”¥' (id 439005120357990400)
2018-05-01 13:39:17 Member leave: @FireBot ðŸ”¥#2475 (id 413687820285116426)
2018-05-02 17:15:46 Role created: 'new role' (id 441286692108894208)
2018-05-02 17:16:11 Role permissions: '1play' changed from 36703232 to 36965440
2018-05-02 17:16:11 Role position: 'Synapse' changed from 2 to 3
2018-05-02 17:16:11 Role position: 'Banana' changed from 3 to 4
2018-05-02 17:16:11 Role position: 'Rythm' changed from 4 to 5
2018-05-02 17:16:11 Role position: '=Guys><Friend=' changed from 5 to 6
2018-05-02 17:16:11 Role position: 'AimBOT V2.5' changed from 6 to 7
2018-05-02 17:16:11 Role position: 'GOLDEN' changed from 7 to 8
2018-05-02 17:16:11 Role position: '>ADMIN<-3-' changed from 8 to 9
2018-05-02 17:16:11 Role position: '>>ADMIN<<-2-' changed from 9 to 10
2018-05-02 17:16:11 Role position: '>>>ADMIN<<<-1-' changed from 10 to 11
2018-05-02 17:16:11 Role position: '>>>>>OWNER<<<<<' changed from 11 to 12
2018-05-02 17:16:11 Role renamed: 'new role' to 'helper'
2018-05-02 17:16:11 Role permissions: 'new role' changed from 104324161 to 2117590271
2018-05-02 17:16:31 Role color: 'helper' changed from #000000 to #3498db
2018-05-02 17:16:41 Member role add: 'helper' role was added to @OMR_KST#5184
2018-05-02 17:16:45 Member role remove: The 'helper' role was removed from @OMR_KST#5184
2018-05-02 17:17:15 Member role add: 'helper' role was added to @OMR_KST#5184
2018-05-02 17:17:28 Member role add: 'helper' role was added to @ã€ŽDZã€mohamed#6727
2018-05-02 17:17:31 Member role add: 'helper' role was added to @ã€ŽDZã€Superio#1790
