2018-05-01 11:01:34 #giveaway @Mohamed_Art20YT#3958: -clear
2018-05-01 11:01:35 #giveaway @Mohamed_Art20YT#3958 deleted message from 2018-05-01 11:01:34 (-clear)
2018-05-01 11:01:34 #giveaway @ProBot ✨#5803: ```javascript\nعدد الرسائل التي تم مسحها : 4 ```
2018-05-01 11:01:38 #giveaway @ProBot ✨#5803 deleted message from 2018-05-01 11:01:34 (```javascript\nعدد الرسائل التي تم مسحها : 4 ```)
2018-05-01 11:01:51 #giveaway @Mohamed_Art20YT#3958: !gstart 1000 MVP++
2018-05-01 11:01:51 #giveaway @Mohamed_Art20YT#3958 deleted message from 2018-05-01 11:01:51 (!gstart 1000 MVP++)
2018-05-01 11:01:51 #giveaway @GiveawayBot#2381: <:yay:294906617378504704>   **GIVEAWAY**   <:yay:294906617378504704>
2018-05-01 11:01:51 #giveaway @GiveawayBot#2381 edited message from 2018-05-01 11:01:51 (<:yay:294906617378504704>   **GIVEAWAY**   <:yay:294906617378504704>) to read: <:yay:294906617378504704>   **GIVEAWAY**   <:yay:294906617378504704>
2018-05-01 11:02:55 #giveaway @GiveawayBot#2381 edited message from 2018-05-01 11:01:51 (<:yay:294906617378504704>   **GIVEAWAY**   <:yay:294906617378504704>) to read: <:yay:294906617378504704>   **GIVEAWAY**   <:yay:294906617378504704>
2018-05-01 11:02:55 #giveaway @GiveawayBot#2381 edited message from 2018-05-01 11:01:51 (<:yay:294906617378504704>   **GIVEAWAY**   <:yay:294906617378504704>) to read: <:yay:294906617378504704>   **GIVEAWAY**   <:yay:294906617378504704>
2018-05-01 11:03:55 #giveaway @GiveawayBot#2381 edited message from 2018-05-01 11:01:51 (<:yay:294906617378504704>   **GIVEAWAY**   <:yay:294906617378504704>) to read: <:yay:294906617378504704>   **GIVEAWAY**   <:yay:294906617378504704>
2018-05-01 11:03:55 #giveaway @GiveawayBot#2381 edited message from 2018-05-01 11:01:51 (<:yay:294906617378504704>   **GIVEAWAY**   <:yay:294906617378504704>) to read: <:yay:294906617378504704>   **GIVEAWAY**   <:yay:294906617378504704>
2018-05-01 11:04:56 #giveaway @GiveawayBot#2381 edited message from 2018-05-01 11:01:51 (<:yay:294906617378504704>   **GIVEAWAY**   <:yay:294906617378504704>) to read: <:yay:294906617378504704>   **GIVEAWAY**   <:yay:294906617378504704>
2018-05-01 11:04:56 #giveaway @GiveawayBot#2381 edited message from 2018-05-01 11:01:51 (<:yay:294906617378504704>   **GIVEAWAY**   <:yay:294906617378504704>) to read: <:yay:294906617378504704>   **GIVEAWAY**   <:yay:294906617378504704>
2018-05-01 11:05:56 #giveaway @GiveawayBot#2381 edited message from 2018-05-01 11:01:51 (<:yay:294906617378504704>   **GIVEAWAY**   <:yay:294906617378504704>) to read: <:yay:294906617378504704>   **GIVEAWAY**   <:yay:294906617378504704>
2018-05-01 11:05:56 #giveaway @GiveawayBot#2381 edited message from 2018-05-01 11:01:51 (<:yay:294906617378504704>   **GIVEAWAY**   <:yay:294906617378504704>) to read: <:yay:294906617378504704>   **GIVEAWAY**   <:yay:294906617378504704>
2018-05-01 11:07:10 #giveaway @GiveawayBot#2381 edited message from 2018-05-01 11:01:51 (<:yay:294906617378504704>   **GIVEAWAY**   <:yay:294906617378504704>) to read: <:yay:294906617378504704>   **GIVEAWAY**   <:yay:294906617378504704>
2018-05-01 11:07:10 #giveaway @GiveawayBot#2381 edited message from 2018-05-01 11:01:51 (<:yay:294906617378504704>   **GIVEAWAY**   <:yay:294906617378504704>) to read: <:yay:294906617378504704>   **GIVEAWAY**   <:yay:294906617378504704>
2018-05-01 11:08:10 #giveaway @GiveawayBot#2381 edited message from 2018-05-01 11:01:51 (<:yay:294906617378504704>   **GIVEAWAY**   <:yay:294906617378504704>) to read: <:yay:294906617378504704>   **GIVEAWAY**   <:yay:294906617378504704>
2018-05-01 11:08:10 #giveaway @GiveawayBot#2381 edited message from 2018-05-01 11:01:51 (<:yay:294906617378504704>   **GIVEAWAY**   <:yay:294906617378504704>) to read: <:yay:294906617378504704>   **GIVEAWAY**   <:yay:294906617378504704>
2018-05-01 11:09:11 #giveaway @GiveawayBot#2381 edited message from 2018-05-01 11:01:51 (<:yay:294906617378504704>   **GIVEAWAY**   <:yay:294906617378504704>) to read: <:yay:294906617378504704>   **GIVEAWAY**   <:yay:294906617378504704>
2018-05-01 11:09:11 #giveaway @GiveawayBot#2381 edited message from 2018-05-01 11:01:51 (<:yay:294906617378504704>   **GIVEAWAY**   <:yay:294906617378504704>) to read: <:yay:294906617378504704>   **GIVEAWAY**   <:yay:294906617378504704>
2018-05-01 11:10:12 #giveaway @GiveawayBot#2381 edited message from 2018-05-01 11:01:51 (<:yay:294906617378504704>   **GIVEAWAY**   <:yay:294906617378504704>) to read: <:yay:294906617378504704>   **GIVEAWAY**   <:yay:294906617378504704>
2018-05-01 11:10:12 #giveaway @GiveawayBot#2381 edited message from 2018-05-01 11:01:51 (<:yay:294906617378504704>   **GIVEAWAY**   <:yay:294906617378504704>) to read: <:yay:294906617378504704>   **GIVEAWAY**   <:yay:294906617378504704>
2018-05-01 11:11:13 #giveaway @GiveawayBot#2381 edited message from 2018-05-01 11:01:51 (<:yay:294906617378504704>   **GIVEAWAY**   <:yay:294906617378504704>) to read: <:yay:294906617378504704>   **GIVEAWAY**   <:yay:294906617378504704>
2018-05-01 11:11:13 #giveaway @GiveawayBot#2381 edited message from 2018-05-01 11:01:51 (<:yay:294906617378504704>   **GIVEAWAY**   <:yay:294906617378504704>) to read: <:yay:294906617378504704>   **GIVEAWAY**   <:yay:294906617378504704>
2018-05-01 11:12:23 #giveaway @GiveawayBot#2381 edited message from 2018-05-01 11:01:51 (<:yay:294906617378504704>   **GIVEAWAY**   <:yay:294906617378504704>) to read: <:yay:294906617378504704>   **GIVEAWAY**   <:yay:294906617378504704>
2018-05-01 11:12:23 #giveaway @GiveawayBot#2381 edited message from 2018-05-01 11:01:51 (<:yay:294906617378504704>   **GIVEAWAY**   <:yay:294906617378504704>) to read: <:yay:294906617378504704>   **GIVEAWAY**   <:yay:294906617378504704>
2018-05-01 11:14:02 #giveaway @GiveawayBot#2381 edited message from 2018-05-01 11:01:51 (<:yay:294906617378504704>   **GIVEAWAY**   <:yay:294906617378504704>) to read: <:yay:294906617378504704>   **GIVEAWAY**   <:yay:294906617378504704>
2018-05-01 11:14:02 #giveaway @GiveawayBot#2381 edited message from 2018-05-01 11:01:51 (<:yay:294906617378504704>   **GIVEAWAY**   <:yay:294906617378504704>) to read: <:yay:294906617378504704>   **GIVEAWAY**   <:yay:294906617378504704>
2018-05-01 11:15:03 #giveaway @GiveawayBot#2381 edited message from 2018-05-01 11:01:51 (<:yay:294906617378504704>   **GIVEAWAY**   <:yay:294906617378504704>) to read: <:yay:294906617378504704>   **GIVEAWAY**   <:yay:294906617378504704>
2018-05-01 11:15:03 #giveaway @GiveawayBot#2381 edited message from 2018-05-01 11:01:51 (<:yay:294906617378504704>   **GIVEAWAY**   <:yay:294906617378504704>) to read: <:yay:294906617378504704>   **GIVEAWAY**   <:yay:294906617378504704>
2018-05-01 11:15:32 #giveaway @GiveawayBot#2381 edited message from 2018-05-01 11:01:51 (<:yay:294906617378504704>   **GIVEAWAY**   <:yay:294906617378504704>) to read: <:yay:294906617378504704>   **GIVEAWAY**   <:yay:294906617378504704>
2018-05-01 11:15:32 #giveaway @GiveawayBot#2381 edited message from 2018-05-01 11:01:51 (<:yay:294906617378504704>   **GIVEAWAY**   <:yay:294906617378504704>) to read: <:yay:294906617378504704>   **GIVEAWAY**   <:yay:294906617378504704>
2018-05-01 11:15:37 #giveaway @GiveawayBot#2381 edited message from 2018-05-01 11:01:51 (<:yay:294906617378504704>   **GIVEAWAY**   <:yay:294906617378504704>) to read: <:yay:294906617378504704>   **GIVEAWAY**   <:yay:294906617378504704>
2018-05-01 11:15:37 #giveaway @GiveawayBot#2381 edited message from 2018-05-01 11:01:51 (<:yay:294906617378504704>   **GIVEAWAY**   <:yay:294906617378504704>) to read: <:yay:294906617378504704>   **GIVEAWAY**   <:yay:294906617378504704>
2018-05-01 11:15:42 #giveaway @GiveawayBot#2381 edited message from 2018-05-01 11:01:51 (<:yay:294906617378504704>   **GIVEAWAY**   <:yay:294906617378504704>) to read: <:yay:294906617378504704>   **GIVEAWAY**   <:yay:294906617378504704>
2018-05-01 11:15:42 #giveaway @GiveawayBot#2381 edited message from 2018-05-01 11:01:51 (<:yay:294906617378504704>   **GIVEAWAY**   <:yay:294906617378504704>) to read: <:yay:294906617378504704>   **GIVEAWAY**   <:yay:294906617378504704>
2018-05-01 11:15:47 #giveaway @GiveawayBot#2381 edited message from 2018-05-01 11:01:51 (<:yay:294906617378504704>   **GIVEAWAY**   <:yay:294906617378504704>) to read: <:yay:294906617378504704>   **GIVEAWAY**   <:yay:294906617378504704>
2018-05-01 11:15:47 #giveaway @GiveawayBot#2381 edited message from 2018-05-01 11:01:51 (<:yay:294906617378504704>   **GIVEAWAY**   <:yay:294906617378504704>) to read: <:yay:294906617378504704>   **GIVEAWAY**   <:yay:294906617378504704>
2018-05-01 11:15:53 #giveaway @GiveawayBot#2381 edited message from 2018-05-01 11:01:51 (<:yay:294906617378504704>   **GIVEAWAY**   <:yay:294906617378504704>) to read: <:yay:294906617378504704>   **GIVEAWAY**   <:yay:294906617378504704>
2018-05-01 11:15:53 #giveaway @GiveawayBot#2381 edited message from 2018-05-01 11:01:51 (<:yay:294906617378504704>   **GIVEAWAY**   <:yay:294906617378504704>) to read: <:yay:294906617378504704>   **GIVEAWAY**   <:yay:294906617378504704>
2018-05-01 11:15:58 #giveaway @GiveawayBot#2381 edited message from 2018-05-01 11:01:51 (<:yay:294906617378504704>   **GIVEAWAY**   <:yay:294906617378504704>) to read: <:yay:294906617378504704>   **GIVEAWAY**   <:yay:294906617378504704>
2018-05-01 11:15:58 #giveaway @GiveawayBot#2381 edited message from 2018-05-01 11:01:51 (<:yay:294906617378504704>   **GIVEAWAY**   <:yay:294906617378504704>) to read: <:yay:294906617378504704>   **GIVEAWAY**   <:yay:294906617378504704>
2018-05-01 11:16:04 #giveaway @GiveawayBot#2381 edited message from 2018-05-01 11:01:51 (<:yay:294906617378504704>   **GIVEAWAY**   <:yay:294906617378504704>) to read: <:yay:294906617378504704>   **GIVEAWAY**   <:yay:294906617378504704>
2018-05-01 11:16:04 #giveaway @GiveawayBot#2381 edited message from 2018-05-01 11:01:51 (<:yay:294906617378504704>   **GIVEAWAY**   <:yay:294906617378504704>) to read: <:yay:294906617378504704>   **GIVEAWAY**   <:yay:294906617378504704>
2018-05-01 11:16:08 #giveaway @GiveawayBot#2381 edited message from 2018-05-01 11:01:51 (<:yay:294906617378504704>   **GIVEAWAY**   <:yay:294906617378504704>) to read: <:yay:294906617378504704>   **GIVEAWAY**   <:yay:294906617378504704>
2018-05-01 11:16:08 #giveaway @GiveawayBot#2381 edited message from 2018-05-01 11:01:51 (<:yay:294906617378504704>   **GIVEAWAY**   <:yay:294906617378504704>) to read: <:yay:294906617378504704>   **GIVEAWAY**   <:yay:294906617378504704>
2018-05-01 11:16:13 #giveaway @GiveawayBot#2381 edited message from 2018-05-01 11:01:51 (<:yay:294906617378504704>   **GIVEAWAY**   <:yay:294906617378504704>) to read: <:yay:294906617378504704>   **GIVEAWAY**   <:yay:294906617378504704>
2018-05-01 11:16:13 #giveaway @GiveawayBot#2381 edited message from 2018-05-01 11:01:51 (<:yay:294906617378504704>   **GIVEAWAY**   <:yay:294906617378504704>) to read: <:yay:294906617378504704>   **GIVEAWAY**   <:yay:294906617378504704>
2018-05-01 11:16:18 #giveaway @GiveawayBot#2381 edited message from 2018-05-01 11:01:51 (<:yay:294906617378504704>   **GIVEAWAY**   <:yay:294906617378504704>) to read: <:yay:294906617378504704>   **GIVEAWAY**   <:yay:294906617378504704>
2018-05-01 11:16:18 #giveaway @GiveawayBot#2381 edited message from 2018-05-01 11:01:51 (<:yay:294906617378504704>   **GIVEAWAY**   <:yay:294906617378504704>) to read: <:yay:294906617378504704>   **GIVEAWAY**   <:yay:294906617378504704>
2018-05-01 11:16:23 #giveaway @GiveawayBot#2381 edited message from 2018-05-01 11:01:51 (<:yay:294906617378504704>   **GIVEAWAY**   <:yay:294906617378504704>) to read: <:yay:294906617378504704>   **GIVEAWAY**   <:yay:294906617378504704>
2018-05-01 11:16:23 #giveaway @GiveawayBot#2381 edited message from 2018-05-01 11:01:51 (<:yay:294906617378504704>   **GIVEAWAY**   <:yay:294906617378504704>) to read: <:yay:294906617378504704>   **GIVEAWAY**   <:yay:294906617378504704>
2018-05-01 11:16:28 #giveaway @GiveawayBot#2381 edited message from 2018-05-01 11:01:51 (<:yay:294906617378504704>   **GIVEAWAY**   <:yay:294906617378504704>) to read: <:yay:294906617378504704>   **GIVEAWAY**   <:yay:294906617378504704>
2018-05-01 11:16:28 #giveaway @GiveawayBot#2381 edited message from 2018-05-01 11:01:51 (<:yay:294906617378504704>   **GIVEAWAY**   <:yay:294906617378504704>) to read: <:yay:294906617378504704>   **GIVEAWAY**   <:yay:294906617378504704>
2018-05-01 11:16:34 #giveaway @GiveawayBot#2381 edited message from 2018-05-01 11:01:51 (<:yay:294906617378504704>   **GIVEAWAY**   <:yay:294906617378504704>) to read: <:yay:294906617378504704>   **GIVEAWAY**   <:yay:294906617378504704>
2018-05-01 11:16:34 #giveaway @GiveawayBot#2381 edited message from 2018-05-01 11:01:51 (<:yay:294906617378504704>   **GIVEAWAY**   <:yay:294906617378504704>) to read: <:yay:294906617378504704>   **GIVEAWAY**   <:yay:294906617378504704>
2018-05-01 11:16:39 #giveaway @GiveawayBot#2381 edited message from 2018-05-01 11:01:51 (<:yay:294906617378504704>   **GIVEAWAY**   <:yay:294906617378504704>) to read: <:yay:294906617378504704>   **GIVEAWAY**   <:yay:294906617378504704>
2018-05-01 11:16:39 #giveaway @GiveawayBot#2381 edited message from 2018-05-01 11:01:51 (<:yay:294906617378504704>   **GIVEAWAY**   <:yay:294906617378504704>) to read: <:yay:294906617378504704>   **GIVEAWAY**   <:yay:294906617378504704>
2018-05-01 11:16:44 #giveaway @GiveawayBot#2381 edited message from 2018-05-01 11:01:51 (<:yay:294906617378504704>   **GIVEAWAY**   <:yay:294906617378504704>) to read: <:yay:294906617378504704>   **GIVEAWAY**   <:yay:294906617378504704>
2018-05-01 11:16:44 #giveaway @GiveawayBot#2381 edited message from 2018-05-01 11:01:51 (<:yay:294906617378504704>   **GIVEAWAY**   <:yay:294906617378504704>) to read: <:yay:294906617378504704>   **GIVEAWAY**   <:yay:294906617378504704>
2018-05-01 11:16:49 #giveaway @GiveawayBot#2381 edited message from 2018-05-01 11:01:51 (<:yay:294906617378504704>   **GIVEAWAY**   <:yay:294906617378504704>) to read: <:yay:294906617378504704>   **GIVEAWAY**   <:yay:294906617378504704>
2018-05-01 11:16:49 #giveaway @GiveawayBot#2381 edited message from 2018-05-01 11:01:51 (<:yay:294906617378504704>   **GIVEAWAY**   <:yay:294906617378504704>) to read: <:yay:294906617378504704>   **GIVEAWAY**   <:yay:294906617378504704>
2018-05-01 11:16:54 #giveaway @GiveawayBot#2381 edited message from 2018-05-01 11:01:51 (<:yay:294906617378504704>   **GIVEAWAY**   <:yay:294906617378504704>) to read: <:yay:294906617378504704>   **GIVEAWAY**   <:yay:294906617378504704>
2018-05-01 11:16:54 #giveaway @GiveawayBot#2381 edited message from 2018-05-01 11:01:51 (<:yay:294906617378504704>   **GIVEAWAY**   <:yay:294906617378504704>) to read: <:yay:294906617378504704>   **GIVEAWAY**   <:yay:294906617378504704>
2018-05-01 11:16:59 #giveaway @GiveawayBot#2381 edited message from 2018-05-01 11:01:51 (<:yay:294906617378504704>   **GIVEAWAY**   <:yay:294906617378504704>) to read: <:yay:294906617378504704>   **GIVEAWAY**   <:yay:294906617378504704>
2018-05-01 11:16:59 #giveaway @GiveawayBot#2381 edited message from 2018-05-01 11:01:51 (<:yay:294906617378504704>   **GIVEAWAY**   <:yay:294906617378504704>) to read: <:yay:294906617378504704>   **GIVEAWAY**   <:yay:294906617378504704>
2018-05-01 11:17:06 #giveaway @GiveawayBot#2381 edited message from 2018-05-01 11:01:51 (<:yay:294906617378504704>   **GIVEAWAY**   <:yay:294906617378504704>) to read: <:yay:294906617378504704>   **GIVEAWAY**   <:yay:294906617378504704>
2018-05-01 11:17:06 #giveaway @GiveawayBot#2381 edited message from 2018-05-01 11:01:51 (<:yay:294906617378504704>   **GIVEAWAY**   <:yay:294906617378504704>) to read: <:yay:294906617378504704>   **GIVEAWAY**   <:yay:294906617378504704>
2018-05-01 11:17:09 #giveaway @GiveawayBot#2381 edited message from 2018-05-01 11:01:51 (<:yay:294906617378504704>   **GIVEAWAY**   <:yay:294906617378504704>) to read: <:yay:294906617378504704>   **GIVEAWAY**   <:yay:294906617378504704>
2018-05-01 11:17:09 #giveaway @GiveawayBot#2381 edited message from 2018-05-01 11:01:51 (<:yay:294906617378504704>   **GIVEAWAY**   <:yay:294906617378504704>) to read: <:yay:294906617378504704>   **GIVEAWAY**   <:yay:294906617378504704>
2018-05-01 11:17:14 #giveaway @GiveawayBot#2381 edited message from 2018-05-01 11:01:51 (<:yay:294906617378504704>   **GIVEAWAY**   <:yay:294906617378504704>) to read: <:yay:294906617378504704>   **GIVEAWAY**   <:yay:294906617378504704>
2018-05-01 11:17:14 #giveaway @GiveawayBot#2381 edited message from 2018-05-01 11:01:51 (<:yay:294906617378504704>   **GIVEAWAY**   <:yay:294906617378504704>) to read: <:yay:294906617378504704>   **GIVEAWAY**   <:yay:294906617378504704>
2018-05-01 11:17:19 #giveaway @GiveawayBot#2381 edited message from 2018-05-01 11:01:51 (<:yay:294906617378504704>   **GIVEAWAY**   <:yay:294906617378504704>) to read: <:yay:294906617378504704>   **GIVEAWAY**   <:yay:294906617378504704>
2018-05-01 11:17:19 #giveaway @GiveawayBot#2381 edited message from 2018-05-01 11:01:51 (<:yay:294906617378504704>   **GIVEAWAY**   <:yay:294906617378504704>) to read: <:yay:294906617378504704>   **GIVEAWAY**   <:yay:294906617378504704>
2018-05-01 11:17:24 #giveaway @GiveawayBot#2381 edited message from 2018-05-01 11:01:51 (<:yay:294906617378504704>   **GIVEAWAY**   <:yay:294906617378504704>) to read: <:yay:294906617378504704>   **GIVEAWAY**   <:yay:294906617378504704>
2018-05-01 11:17:24 #giveaway @GiveawayBot#2381 edited message from 2018-05-01 11:01:51 (<:yay:294906617378504704>   **GIVEAWAY**   <:yay:294906617378504704>) to read: <:yay:294906617378504704>   **GIVEAWAY**   <:yay:294906617378504704>
2018-05-01 11:17:30 #giveaway @GiveawayBot#2381 edited message from 2018-05-01 11:01:51 (<:yay:294906617378504704>   **GIVEAWAY**   <:yay:294906617378504704>) to read: <:yay:294906617378504704>   **GIVEAWAY**   <:yay:294906617378504704>
2018-05-01 11:17:30 #giveaway @GiveawayBot#2381 edited message from 2018-05-01 11:01:51 (<:yay:294906617378504704>   **GIVEAWAY**   <:yay:294906617378504704>) to read: <:yay:294906617378504704>   **GIVEAWAY**   <:yay:294906617378504704>
2018-05-01 11:17:35 #giveaway @GiveawayBot#2381 edited message from 2018-05-01 11:01:51 (<:yay:294906617378504704>   **GIVEAWAY**   <:yay:294906617378504704>) to read: <:yay:294906617378504704>   **GIVEAWAY**   <:yay:294906617378504704>
2018-05-01 11:17:35 #giveaway @GiveawayBot#2381 edited message from 2018-05-01 11:01:51 (<:yay:294906617378504704>   **GIVEAWAY**   <:yay:294906617378504704>) to read: <:yay:294906617378504704>   **GIVEAWAY**   <:yay:294906617378504704>
2018-05-01 11:17:40 #giveaway @GiveawayBot#2381 edited message from 2018-05-01 11:01:51 (<:yay:294906617378504704>   **GIVEAWAY**   <:yay:294906617378504704>) to read: <:yay:294906617378504704>   **GIVEAWAY**   <:yay:294906617378504704>
2018-05-01 11:17:40 #giveaway @GiveawayBot#2381 edited message from 2018-05-01 11:01:51 (<:yay:294906617378504704>   **GIVEAWAY**   <:yay:294906617378504704>) to read: <:yay:294906617378504704>   **GIVEAWAY**   <:yay:294906617378504704>
2018-05-01 11:17:45 #giveaway @GiveawayBot#2381 edited message from 2018-05-01 11:01:51 (<:yay:294906617378504704>   **GIVEAWAY**   <:yay:294906617378504704>) to read: <:yay:294906617378504704>   **GIVEAWAY**   <:yay:294906617378504704>
2018-05-01 11:17:45 #giveaway @GiveawayBot#2381 edited message from 2018-05-01 11:01:51 (<:yay:294906617378504704>   **GIVEAWAY**   <:yay:294906617378504704>) to read: <:yay:294906617378504704>   **GIVEAWAY**   <:yay:294906617378504704>
2018-05-01 11:17:50 #giveaway @GiveawayBot#2381 edited message from 2018-05-01 11:01:51 (<:yay:294906617378504704>   **GIVEAWAY**   <:yay:294906617378504704>) to read: <:yay:294906617378504704>   **GIVEAWAY**   <:yay:294906617378504704>
2018-05-01 11:17:50 #giveaway @GiveawayBot#2381 edited message from 2018-05-01 11:01:51 (<:yay:294906617378504704>   **GIVEAWAY**   <:yay:294906617378504704>) to read: <:yay:294906617378504704>   **GIVEAWAY**   <:yay:294906617378504704>
2018-05-01 11:17:55 #giveaway @GiveawayBot#2381 edited message from 2018-05-01 11:01:51 (<:yay:294906617378504704>   **GIVEAWAY**   <:yay:294906617378504704>) to read: <:yay:294906617378504704>   **GIVEAWAY**   <:yay:294906617378504704>
2018-05-01 11:17:55 #giveaway @GiveawayBot#2381 edited message from 2018-05-01 11:01:51 (<:yay:294906617378504704>   **GIVEAWAY**   <:yay:294906617378504704>) to read: <:yay:294906617378504704>   **GIVEAWAY**   <:yay:294906617378504704>
2018-05-01 11:18:00 #giveaway @GiveawayBot#2381 edited message from 2018-05-01 11:01:51 (<:yay:294906617378504704>   **GIVEAWAY**   <:yay:294906617378504704>) to read: <:yay:294906617378504704>   **GIVEAWAY**   <:yay:294906617378504704>
2018-05-01 11:18:00 #giveaway @GiveawayBot#2381 edited message from 2018-05-01 11:01:51 (<:yay:294906617378504704>   **GIVEAWAY**   <:yay:294906617378504704>) to read: <:yay:294906617378504704>   **GIVEAWAY**   <:yay:294906617378504704>
2018-05-01 11:18:20 #giveaway @GiveawayBot#2381 edited message from 2018-05-01 11:01:51 (<:yay:294906617378504704>   **GIVEAWAY**   <:yay:294906617378504704>) to read: <:yay:294906617378504704>   **GIVEAWAY**   <:yay:294906617378504704>
2018-05-01 11:18:20 #giveaway @GiveawayBot#2381 edited message from 2018-05-01 11:01:51 (<:yay:294906617378504704>   **GIVEAWAY**   <:yay:294906617378504704>) to read: <:yay:294906617378504704>   **GIVEAWAY**   <:yay:294906617378504704>
2018-05-01 11:18:20 #giveaway @GiveawayBot#2381 edited message from 2018-05-01 11:01:51 (<:yay:294906617378504704>   **GIVEAWAY**   <:yay:294906617378504704>) to read: <:yay:294906617378504704>   **GIVEAWAY**   <:yay:294906617378504704>
2018-05-01 11:18:20 #giveaway @GiveawayBot#2381 edited message from 2018-05-01 11:01:51 (<:yay:294906617378504704>   **GIVEAWAY**   <:yay:294906617378504704>) to read: <:yay:294906617378504704>   **GIVEAWAY**   <:yay:294906617378504704>
2018-05-01 11:18:20 #giveaway @GiveawayBot#2381 edited message from 2018-05-01 11:01:51 (<:yay:294906617378504704>   **GIVEAWAY**   <:yay:294906617378504704>) to read: <:yay:294906617378504704>   **GIVEAWAY**   <:yay:294906617378504704>
2018-05-01 11:18:20 #giveaway @GiveawayBot#2381 edited message from 2018-05-01 11:01:51 (<:yay:294906617378504704>   **GIVEAWAY**   <:yay:294906617378504704>) to read: <:yay:294906617378504704>   **GIVEAWAY**   <:yay:294906617378504704>
2018-05-01 11:18:55 #giveaway @GiveawayBot#2381 edited message from 2018-05-01 11:01:51 (<:yay:294906617378504704>   **GIVEAWAY**   <:yay:294906617378504704>) to read: <:yay:294906617378504704> **GIVEAWAY ENDED** <:yay:294906617378504704>
2018-05-01 11:18:55 #giveaway @GiveawayBot#2381 edited message from 2018-05-01 11:01:51 (<:yay:294906617378504704> **GIVEAWAY ENDED** <:yay:294906617378504704>) to read: <:yay:294906617378504704> **GIVEAWAY ENDED** <:yay:294906617378504704>
2018-05-01 11:18:55 #giveaway @GiveawayBot#2381: Congratulations @Master_GameOver 3arab! You won the **MVP++**!
2018-05-01 11:19:35 #giveaway @Master_GameOver 3arab#7074: gg
