2018-04-30 21:24:09 this bot joined the server
2018-04-30 21:24:09 Role created: 'Synapse' (id 440624423574175746)
2018-04-30 21:24:09 Member role add: 'Synapse' role was added to @Synapse#0692
2018-04-30 21:24:09 Member role add: 'Memeber' role was added to @Synapse#0692
2018-04-30 21:24:17 Member role add: 'Bots' role was added to @Synapse#0692
2018-04-30 21:24:18 Member role remove: The 'Memeber' role was removed from @Synapse#0692
2018-04-30 21:24:36 Role permissions: 'Synapse' changed from 8 to 262216
2018-04-30 21:24:36 Role position: 'Synapse' changed from 1 to 49
2018-05-01 04:16:54 Member username: '@Qusai Mansour#1207' (id 425689508022059009) changed username from 'Qusai Mansour' to '! ᶤᶤˢᵏᶤˡˡ ! Qusai'
2018-05-01 04:58:24 Member username: '@! ᶤᶤˢᵏᶤˡˡ ! Qusai#1207' (id 425689508022059009) changed username from '! ᶤᶤˢᵏᶤˡˡ ! Qusai' to '! ᶤᶤˢᵏᶤˡˡ ! Qusai Mansour'
2018-05-01 08:37:29 Member join: @BassemBurbar#1140 (id 412183579712421889)
2018-05-01 08:37:29 Member role add: 'Memeber' role was added to @BassemBurbar#1140
2018-05-01 08:37:29 Member role add: 'Memeber' role was added to @BassemBurbar#1140
2018-05-01 09:33:59 Member username: '@! ᶤᶤˢᵏᶤˡˡ ! Qusai Mansour#1207' (id 425689508022059009) changed username from '! ᶤᶤˢᵏᶤˡˡ ! Qusai Mansour' to '! ᶤᶤˢᵏᶤˡˡ ! Qusai'
2018-05-01 10:48:31 Member role add: 'Muted' role was added to @! -. NorElden  ❥ツ#9649
2018-05-01 10:51:50 Member join: @! ẋβɭᾶɀᵯᾷ#9264 (id 403512493529497601)
2018-05-01 10:51:51 Member role add: 'Memeber' role was added to @! ẋβɭᾶɀᵯᾷ#9264
2018-05-01 10:54:19 Channel position: bot-cmds moved from 10 to 8
2018-05-01 10:54:19 Channel position: image moved from 8 to 9
2018-05-01 10:54:19 Channel position: server-commands moved from 9 to 10
2018-05-01 10:54:22 Channel position: giveaway moved from 11 to 8
2018-05-01 10:54:22 Channel position: bot-cmds moved from 8 to 9
2018-05-01 10:54:22 Channel position: image moved from 9 to 10
2018-05-01 10:54:22 Channel position: server-commands moved from 10 to 11
2018-05-01 11:20:50 Member role add: 'MVP++' role was added to @Master_GameOver 3arab#7074
2018-05-01 11:21:02 Channel overwrites: giveaway (439878693209243649): role @everyone (439865273713950720) updated to values 268501008, 6144 (was 268501008, 0)
2018-05-01 11:24:22 Member role add: 'Bots' role was added to @Ghostplay R2#1298
2018-05-01 11:24:28 Member role remove: The 'Memeber' role was removed from @Ghostplay R2#1298
2018-05-01 11:25:27 Role created: 'new role' (id 440836142888386560)
2018-05-01 11:25:35 Role position: 'Muted' changed from 3 to 2
2018-05-01 11:25:35 Role position: 'Muted' changed from 4 to 3
2018-05-01 11:25:35 Role position: 'SUPER BOT' changed from 5 to 4
2018-05-01 11:25:35 Role position: 'invite-20' changed from 6 to 5
2018-05-01 11:25:35 Role position: 'invite-19' changed from 7 to 6
2018-05-01 11:25:35 Role position: 'invite-18' changed from 8 to 7
2018-05-01 11:25:35 Role position: 'invite-17' changed from 9 to 8
2018-05-01 11:25:35 Role position: 'invite-16' changed from 10 to 9
2018-05-01 11:25:35 Role position: 'invite-15' changed from 11 to 10
2018-05-01 11:25:35 Role position: 'invite-14' changed from 12 to 11
2018-05-01 11:25:35 Role position: 'invite-13' changed from 13 to 12
2018-05-01 11:25:35 Role position: 'invite-12' changed from 14 to 13
2018-05-01 11:25:35 Role position: 'invite-11' changed from 15 to 14
2018-05-01 11:25:35 Role position: 'invite-10' changed from 16 to 15
2018-05-01 11:25:35 Role position: 'invite-9' changed from 17 to 16
2018-05-01 11:25:35 Role position: 'invite-8' changed from 18 to 17
2018-05-01 11:25:35 Role position: 'invite-7' changed from 19 to 18
2018-05-01 11:25:35 Role position: 'invite-6' changed from 20 to 19
2018-05-01 11:25:35 Role position: 'invite-5' changed from 21 to 20
2018-05-01 11:25:35 Role position: 'invite-4' changed from 22 to 21
2018-05-01 11:25:35 Role position: 'invite-3' changed from 23 to 22
2018-05-01 11:25:35 Role position: 'invite-2' changed from 24 to 23
2018-05-01 11:25:35 Role position: 'invite-1' changed from 25 to 24
2018-05-01 11:25:35 Role position: 'Tatsumaki' changed from 26 to 25
2018-05-01 11:25:35 Role position: 'Referrals Bot' changed from 27 to 26
2018-05-01 11:25:35 Role position: 'GiveawayBot' changed from 28 to 27
2018-05-01 11:25:35 Role position: 'Rythm' changed from 29 to 28
2018-05-01 11:25:35 Role position: 'Bots' changed from 30 to 29
2018-05-01 11:25:35 Role position: 'Memeber' changed from 31 to 30
2018-05-01 11:25:35 Role position: 'Firend' changed from 32 to 31
2018-05-01 11:25:35 Role position: 'VIP' changed from 33 to 32
2018-05-01 11:25:35 Role position: 'VIP+' changed from 34 to 33
2018-05-01 11:25:35 Role position: 'MVP' changed from 35 to 34
2018-05-01 11:25:35 Role position: 'MVP+' changed from 36 to 35
2018-05-01 11:25:35 Role position: 'MVP++' changed from 37 to 36
2018-05-01 11:25:35 Role position: 'YOUTUBE' changed from 38 to 37
2018-05-01 11:25:35 Role position: 'Speed Bot' changed from 39 to 38
2018-05-01 11:25:35 Role position: 'Active' changed from 40 to 39
2018-05-01 11:25:35 Role position: 'Builder' changed from 41 to 40
2018-05-01 11:25:35 Role position: 'Mod' changed from 42 to 41
2018-05-01 11:25:35 Role position: 'Manager' changed from 43 to 42
2018-05-01 11:25:35 Role position: 'Admin' changed from 44 to 43
2018-05-01 11:25:35 Role position: '✨ Dev ✨' changed from 45 to 44
2018-05-01 11:25:35 Role position: 'ProBot ✨' changed from 46 to 45
2018-05-01 11:25:35 Role position: 'Owner' changed from 47 to 46
2018-05-01 11:25:35 Role position: 'Owner++' changed from 48 to 47
2018-05-01 11:25:35 Role position: 'OwnerShip' changed from 49 to 48
2018-05-01 11:25:35 Role position: 'Ghostplay R2' changed from 50 to 49
2018-05-01 11:25:35 Role renamed: 'new role' to 'GP-bot'
2018-05-01 11:25:50 Role permissions: 'GP-bot' changed from 104324161 to 2146958591
2018-05-01 11:26:33 Role position: 'Muted' changed from 2 to 1
2018-05-01 11:26:33 Role position: 'Muted' changed from 3 to 2
2018-05-01 11:26:33 Role position: 'SUPER BOT' changed from 4 to 3
2018-05-01 11:26:33 Role position: 'invite-20' changed from 5 to 4
2018-05-01 11:26:33 Role position: 'invite-19' changed from 6 to 5
2018-05-01 11:26:33 Role position: 'invite-18' changed from 7 to 6
2018-05-01 11:26:33 Role position: 'invite-17' changed from 8 to 7
2018-05-01 11:26:33 Role position: 'invite-16' changed from 9 to 8
2018-05-01 11:26:33 Role position: 'invite-15' changed from 10 to 9
2018-05-01 11:26:33 Role position: 'invite-14' changed from 11 to 10
2018-05-01 11:26:33 Role position: 'invite-13' changed from 12 to 11
2018-05-01 11:26:33 Role position: 'invite-12' changed from 13 to 12
2018-05-01 11:26:33 Role position: 'invite-11' changed from 14 to 13
2018-05-01 11:26:33 Role position: 'invite-10' changed from 15 to 14
2018-05-01 11:26:33 Role position: 'invite-9' changed from 16 to 15
2018-05-01 11:26:33 Role position: 'invite-8' changed from 17 to 16
2018-05-01 11:26:33 Role position: 'invite-7' changed from 18 to 17
2018-05-01 11:26:33 Role position: 'invite-6' changed from 19 to 18
2018-05-01 11:26:33 Role position: 'invite-5' changed from 20 to 19
2018-05-01 11:26:33 Role position: 'invite-4' changed from 21 to 20
2018-05-01 11:26:33 Role position: 'invite-3' changed from 22 to 21
2018-05-01 11:26:33 Role position: 'invite-2' changed from 23 to 22
2018-05-01 11:26:33 Role position: 'invite-1' changed from 24 to 23
2018-05-01 11:26:33 Role position: 'Tatsumaki' changed from 25 to 24
2018-05-01 11:26:33 Role position: 'Referrals Bot' changed from 26 to 25
2018-05-01 11:26:33 Role position: 'GiveawayBot' changed from 27 to 26
2018-05-01 11:26:33 Role position: 'Rythm' changed from 28 to 27
2018-05-01 11:26:33 Role position: 'Bots' changed from 29 to 28
2018-05-01 11:26:33 Role position: 'Memeber' changed from 30 to 29
2018-05-01 11:26:33 Role position: 'Firend' changed from 31 to 30
2018-05-01 11:26:33 Role position: 'VIP' changed from 32 to 31
2018-05-01 11:26:33 Role position: 'VIP+' changed from 33 to 32
2018-05-01 11:26:33 Role position: 'MVP' changed from 34 to 33
2018-05-01 11:26:33 Role position: 'MVP+' changed from 35 to 34
2018-05-01 11:26:33 Role position: 'MVP++' changed from 36 to 35
2018-05-01 11:26:33 Role position: 'YOUTUBE' changed from 37 to 36
2018-05-01 11:26:33 Role position: 'Speed Bot' changed from 38 to 37
2018-05-01 11:26:33 Role position: 'Active' changed from 39 to 38
2018-05-01 11:26:33 Role position: 'Builder' changed from 40 to 39
2018-05-01 11:26:33 Role position: 'Mod' changed from 41 to 40
2018-05-01 11:26:33 Role position: 'Manager' changed from 42 to 41
2018-05-01 11:26:33 Role position: 'Admin' changed from 43 to 42
2018-05-01 11:26:33 Role position: '✨ Dev ✨' changed from 44 to 43
2018-05-01 11:26:33 Role position: 'ProBot ✨' changed from 45 to 44
2018-05-01 11:26:33 Role position: 'Owner' changed from 46 to 45
2018-05-01 11:26:33 Role position: 'Owner++' changed from 47 to 46
2018-05-01 11:26:33 Role position: 'OwnerShip' changed from 48 to 47
2018-05-01 11:26:33 Role position: 'GP-bot' changed from 1 to 48
2018-05-01 11:27:13 Member role add: 'GP-bot' role was added to @Ghostplay R2#1298
2018-05-01 11:31:18 Role mentionable: 'ProBot ✨' is no longer mentionable
2018-05-01 11:31:33 Role position: 'Owner' changed from 45 to 44
2018-05-01 11:31:33 Role position: 'Owner++' changed from 46 to 45
2018-05-01 11:31:33 Role position: 'OwnerShip' changed from 47 to 46
2018-05-01 11:31:33 Role position: 'GP-bot' changed from 48 to 47
2018-05-01 11:31:33 Role position: 'Ghostplay R2' changed from 49 to 48
2018-05-01 11:31:33 Role position: 'Synapse' changed from 50 to 49
2018-05-01 11:31:33 Role position: 'ProBot ✨' changed from 44 to 50
2018-05-01 11:32:03 Role deleted: 'Ghostplay R2' (id 440623342274347038)
2018-05-01 11:32:03 Member leave: @Ghostplay R2#1298 (id 435829986772123658)
2018-05-01 11:32:10 Role position: 'ProBot ✨' changed from 49 to 44
2018-05-01 11:32:10 Role position: 'Owner' changed from 44 to 45
2018-05-01 11:32:10 Role position: 'Owner++' changed from 45 to 46
2018-05-01 11:32:10 Role position: 'OwnerShip' changed from 46 to 47
2018-05-01 11:32:10 Role position: 'GP-bot' changed from 47 to 48
2018-05-01 11:35:00 Role permissions: 'Active' changed from 104275017 to 104275009
2018-05-01 11:35:07 Role permissions: 'Builder' changed from 104324169 to 104324161
2018-05-01 11:36:15 Member join: @Ghostplay R2#1298 (id 435829986772123658)
2018-05-01 11:36:15 Member role add: 'Ghostplay R2' role was added to @Ghostplay R2#1298
2018-05-01 11:36:15 Role created: 'Ghostplay R2' (id 440838864047702017)
2018-05-01 11:36:15 Member role add: 'Ghostplay R2' role was added to @Ghostplay R2#1298
2018-05-01 11:36:16 Role deleted: 'Ghostplay R2' (id 440838864047702017)
2018-05-01 11:36:16 Member leave: @Ghostplay R2#1298 (id 435829986772123658)
2018-05-01 11:57:20 Member nickname: '@Mohamed_Art20YT#3958' (id 371696327005831169) changed nickname from 'None' to 'LiveStream'
2018-05-01 12:10:12 Member nickname: '@Mohamed_Art20YT#3958' (id 371696327005831169) changed nickname from 'LiveStream' to 'None'
2018-05-01 12:28:35 Channel created: سرفايفل ملتي بلير
2018-05-01 13:34:55 Member join: @iwalo#6905 (id 417272184101404674)
2018-05-01 13:34:57 Member role add: 'Memeber' role was added to @iwalo#6905
2018-05-01 15:19:07 Member username: '@anas gamer#9609' (id 421577101175685121) changed username from 'anas gamer' to 'anas dz'
2018-05-01 15:23:39 Member username: '@anas dz#9609' (id 421577101175685121) changed username from 'anas dz' to 'anas gamer'
2018-05-01 16:35:52 Role deleted: 'Synapse' (id 440624423574175746)
2018-05-01 16:35:52 Member leave: @Synapse#0692 (id 435538622293344266)
2018-05-01 16:35:52 this bot left the server
