2018-04-26 17:58:44 #phaq u Voice channel leave: i hav 12 cat#9824 (id 406803422126276620)
2018-04-26 17:58:47 #phaq u Voice channel join: i hav 12 cat#9824 (id 406803422126276620)
2018-04-26 17:58:55 #phaq u Voice channel join: I Wanna Hear U Moan#3656 (id 424522867657408523)
2018-04-26 18:02:03 #phaq u Voice channel leave: I Wanna Hear U Moan#3656 (id 424522867657408523)
2018-04-26 18:03:23 #phaq u Server self-mute: i hav 12 cat#9824 (id 406803422126276620)
2018-04-26 18:58:34 #phaq u Voice channel join: Tedsnake lol#4784 (id 318132249856049152)
2018-04-26 18:58:40 #phaq u Voice channel leave: Tedsnake lol#4784 (id 318132249856049152)
2018-04-26 18:59:29 #phaq u Voice channel join: mobilegamerGR#9055 (id 407644041623109642), flags: self_mute
2018-04-26 19:23:04 #phaq u Voice channel leave: mobilegamerGR#9055 (id 407644041623109642)
2018-04-26 19:37:34 #phaq u Voice channel leave: i hav 12 cat#9824 (id 406803422126276620) moving to AFK VAC-ation
2018-04-27 11:29:18 #phaq u Voice channel join: i hav 12 cat#9824 (id 406803422126276620), flags: self_mute
2018-04-27 12:09:55 #phaq u Voice channel leave: i hav 12 cat#9824 (id 406803422126276620)
2018-04-27 12:11:57 #phaq u Voice channel join: i hav 12 cat#9824 (id 406803422126276620), flags: self_mute
2018-04-27 12:37:46 #phaq u Voice channel join: johnikill1#1669 (id 406448189013622784)
2018-04-27 12:37:58 #phaq u Voice channel leave: johnikill1#1669 (id 406448189013622784)
2018-04-27 12:38:04 #phaq u Server self-unmute: i hav 12 cat#9824 (id 406803422126276620)
2018-04-27 12:38:06 #phaq u Voice channel join: johnikill1#1669 (id 406448189013622784)
2018-04-27 12:59:43 #phaq u Voice channel leave: i hav 12 cat#9824 (id 406803422126276620)
2018-04-27 12:59:55 #phaq u Voice channel join: i hav 12 cat#9824 (id 406803422126276620)
2018-04-27 12:59:59 #phaq u Voice channel join: raferless#3389 (id 368455993228787714)
2018-04-27 14:30:12 #phaq u Voice channel leave: johnikill1#1669 (id 406448189013622784)
2018-04-27 14:30:58 #phaq u Voice channel leave: raferless#3389 (id 368455993228787714)
2018-04-27 14:31:05 #phaq u Voice channel join: raferless#3389 (id 368455993228787714)
2018-04-27 14:31:14 #phaq u Voice channel leave: raferless#3389 (id 368455993228787714)
2018-04-27 14:31:18 #phaq u Voice channel leave: i hav 12 cat#9824 (id 406803422126276620)
2018-04-27 15:55:52 #phaq u Voice channel join: i hav 12 cat#9824 (id 406803422126276620)
2018-04-27 16:56:16 #phaq u Voice channel leave: i hav 12 cat#9824 (id 406803422126276620)
2018-04-28 11:26:50 #phaq u Voice channel join: i hav 12 cat#9824 (id 406803422126276620)
2018-04-28 11:28:01 #phaq u Voice channel leave: i hav 12 cat#9824 (id 406803422126276620)
2018-04-28 11:29:24 #phaq u Voice channel join: i hav 12 cat#9824 (id 406803422126276620)
2018-04-28 11:35:08 #phaq u Voice channel join: mobilegamerGR#9055 (id 407644041623109642)
2018-04-28 11:36:10 #phaq u Voice channel leave: mobilegamerGR#9055 (id 407644041623109642)
2018-04-28 11:36:13 #phaq u Voice channel leave: i hav 12 cat#9824 (id 406803422126276620)
2018-04-28 12:02:44 #phaq u Voice channel join: i hav 12 cat#9824 (id 406803422126276620)
2018-04-28 12:08:15 #phaq u Server self-mute: i hav 12 cat#9824 (id 406803422126276620)
2018-04-28 12:08:47 #phaq u Voice channel join: mobilegamerGR#9055 (id 407644041623109642)
2018-04-28 12:09:00 #phaq u Voice channel leave: mobilegamerGR#9055 (id 407644041623109642)
2018-04-28 12:09:01 #phaq u Server self-unmute: i hav 12 cat#9824 (id 406803422126276620)
2018-04-28 12:09:05 #phaq u Voice channel join: mobilegamerGR#9055 (id 407644041623109642)
2018-04-28 12:09:16 #phaq u Voice channel leave: mobilegamerGR#9055 (id 407644041623109642)
2018-04-28 12:09:23 #phaq u Voice channel leave: i hav 12 cat#9824 (id 406803422126276620)
2018-04-28 12:26:14 #phaq u Voice channel leave: mobilegamerGR#9055 (id 407644041623109642)
2018-04-28 12:26:20 #phaq u Voice channel leave: i hav 12 cat#9824 (id 406803422126276620)
2018-04-28 12:33:45 #phaq u Voice channel join: i hav 12 cat#9824 (id 406803422126276620)
2018-04-28 12:34:10 #phaq u Voice channel join: mobilegamerGR#9055 (id 407644041623109642)
2018-04-28 12:45:50 #phaq u Server self-mute: mobilegamerGR#9055 (id 407644041623109642)
2018-04-28 12:45:52 #phaq u Server self-deafen: mobilegamerGR#9055 (id 407644041623109642)
2018-04-28 12:49:42 #phaq u Voice channel join: Synapse#0692 (id 435538622293344266)
2018-04-28 12:49:44 #phaq u Voice channel join: Rythm#3722 (id 235088799074484224)
2018-04-28 12:52:07 #phaq u Server mute: Rythm#3722 (id 235088799074484224)
2018-04-28 12:52:08 #phaq u Server unmute: Rythm#3722 (id 235088799074484224)
2018-04-28 12:52:08 #phaq u Server mute: Rythm#3722 (id 235088799074484224)
2018-04-28 12:52:09 #phaq u Server mute: Synapse#0692 (id 435538622293344266)
2018-04-28 12:55:05 #phaq u Server self-mute: i hav 12 cat#9824 (id 406803422126276620)
2018-04-28 12:55:45 #phaq u Server self-undeafen: mobilegamerGR#9055 (id 407644041623109642)
2018-04-28 12:55:45 #phaq u Server self-unmute: mobilegamerGR#9055 (id 407644041623109642)
2018-04-28 12:55:45 #phaq u Server self-mute: i hav 12 cat#9824 (id 406803422126276620)
2018-04-28 12:55:46 #phaq u Server self-unmute: i hav 12 cat#9824 (id 406803422126276620)
2018-04-28 12:55:46 #phaq u Server self-mute: i hav 12 cat#9824 (id 406803422126276620)
2018-04-28 12:56:15 #phaq u Server self-unmute: i hav 12 cat#9824 (id 406803422126276620)
2018-04-28 12:56:16 #phaq u Server self-mute: i hav 12 cat#9824 (id 406803422126276620)
2018-04-28 12:56:17 #phaq u Server self-unmute: i hav 12 cat#9824 (id 406803422126276620)
2018-04-28 12:56:18 #phaq u Server self-mute: i hav 12 cat#9824 (id 406803422126276620)
2018-04-28 12:56:19 #phaq u Server self-unmute: i hav 12 cat#9824 (id 406803422126276620)
2018-04-28 12:56:22 #phaq u Server self-mute: i hav 12 cat#9824 (id 406803422126276620)
2018-04-28 12:56:26 #phaq u Server self-unmute: i hav 12 cat#9824 (id 406803422126276620)
2018-04-28 12:56:26 #phaq u Server self-mute: i hav 12 cat#9824 (id 406803422126276620)
2018-04-28 12:56:27 #phaq u Server self-unmute: i hav 12 cat#9824 (id 406803422126276620)
2018-04-28 12:56:28 #phaq u Server self-mute: i hav 12 cat#9824 (id 406803422126276620)
2018-04-28 12:57:46 #phaq u Voice channel leave: Rythm#3722 (id 235088799074484224) moving to AFK VAC-ation
2018-04-28 12:57:52 #phaq u Voice channel leave: Synapse#0692 (id 435538622293344266) moving to AFK VAC-ation
2018-04-28 12:57:57 #phaq u Server self-unmute: i hav 12 cat#9824 (id 406803422126276620)
2018-04-28 13:13:38 #phaq u Server self-mute: mobilegamerGR#9055 (id 407644041623109642)
2018-04-28 13:13:38 #phaq u Server self-unmute: mobilegamerGR#9055 (id 407644041623109642)
2018-04-28 13:16:23 #phaq u Server self-deafen: mobilegamerGR#9055 (id 407644041623109642)
2018-04-28 13:16:23 #phaq u Server self-mute: mobilegamerGR#9055 (id 407644041623109642)
2018-04-28 13:16:25 #phaq u Server self-undeafen: mobilegamerGR#9055 (id 407644041623109642)
2018-04-28 13:16:25 #phaq u Server self-unmute: mobilegamerGR#9055 (id 407644041623109642)
2018-04-28 13:20:39 #phaq u Voice channel leave: i hav 12 cat#9824 (id 406803422126276620) moving to DUβSTEP
2018-04-28 13:20:43 #phaq u Voice channel join: i hav 12 cat#9824 (id 406803422126276620), moved from vc
2018-04-28 13:22:32 #phaq u Voice channel leave: i hav 12 cat#9824 (id 406803422126276620) moving to anime royale
2018-04-28 13:22:35 #phaq u Voice channel join: i hav 12 cat#9824 (id 406803422126276620), moved from anime royale
2018-04-28 13:23:48 #phaq u Voice channel leave: i hav 12 cat#9824 (id 406803422126276620)
2018-04-28 13:23:52 #phaq u Voice channel join: i hav 12 cat#9824 (id 406803422126276620)
2018-04-28 14:55:50 #phaq u Server self-mute: mobilegamerGR#9055 (id 407644041623109642)
2018-04-28 14:55:50 #phaq u Server self-unmute: mobilegamerGR#9055 (id 407644041623109642)
2018-04-28 14:58:55 #phaq u Server self-mute: mobilegamerGR#9055 (id 407644041623109642)
2018-04-28 15:00:09 #phaq u Server self-unmute: mobilegamerGR#9055 (id 407644041623109642)
2018-04-28 15:00:16 #phaq u Server self-mute: mobilegamerGR#9055 (id 407644041623109642)
2018-04-28 15:00:27 #phaq u Server self-unmute: mobilegamerGR#9055 (id 407644041623109642)
2018-04-28 15:00:30 #phaq u Server self-mute: mobilegamerGR#9055 (id 407644041623109642)
2018-04-28 15:00:50 #phaq u Server self-unmute: mobilegamerGR#9055 (id 407644041623109642)
2018-04-28 15:03:49 #phaq u Server self-mute: mobilegamerGR#9055 (id 407644041623109642)
2018-04-28 15:04:24 #phaq u Server self-unmute: mobilegamerGR#9055 (id 407644041623109642)
2018-04-28 15:31:14 #phaq u Voice channel leave: mobilegamerGR#9055 (id 407644041623109642)
2018-04-28 15:31:33 #phaq u Voice channel leave: i hav 12 cat#9824 (id 406803422126276620)
2018-04-28 17:48:46 #phaq u Voice channel join: i hav 12 cat#9824 (id 406803422126276620)
2018-04-28 18:21:42 #phaq u Voice channel leave: i hav 12 cat#9824 (id 406803422126276620)
2018-04-28 20:51:15 #phaq u Voice channel join: ﾠﾠ#9824 (id 406803422126276620), flags: self_mute
2018-04-30 16:19:12 #phaq u Voice channel join: ﾠﾠ#9824 (id 406803422126276620), flags: self_mute
2018-04-30 16:21:06 #phaq u Voice channel leave: ﾠﾠ#9824 (id 406803422126276620)
2018-05-02 14:00:31 #phaq u Voice channel join: ﾠﾠ#9824 (id 406803422126276620)
2018-05-02 14:00:34 #phaq u Server self-mute: ﾠﾠ#9824 (id 406803422126276620)
2018-05-02 14:11:50 #phaq u Voice channel leave: ﾠﾠ#9824 (id 406803422126276620)
