2018-04-23 22:13:32 this bot joined the server
2018-04-23 22:13:32 Role created: 'Synapse' (id 438100138485874689)
2018-04-23 22:13:32 Member role add: 'Synapse' role was added to @Synapse#0692
2018-04-23 22:15:14 Member join: @Ghostplay R2#1298 (id 435829986772123658)
2018-04-23 22:15:14 Member role add: 'Ghostplay R2' role was added to @Ghostplay R2#1298
2018-04-23 22:15:14 Role created: 'Ghostplay R2' (id 438100563977043968)
2018-04-23 22:15:14 Member role add: 'Ghostplay R2' role was added to @Ghostplay R2#1298
2018-04-23 22:15:41 Role permissions: 'Ghostplay R2' changed from 268520497 to 268520505
2018-04-23 22:15:43 Role permissions: 'Ghostplay R2' changed from 268520505 to 268520633
2018-04-23 22:15:44 Role mentionable: 'Ghostplay R2' is now mentionable
2018-04-23 22:15:44 Role hoist: 'Ghostplay R2' is now shown seperately
2018-04-23 22:15:48 Role permissions: 'Ghostplay R2' changed from 268520633 to 268520637
2018-04-23 22:15:48 Role permissions: 'Ghostplay R2' changed from 268520637 to 268520639
2018-04-23 22:15:50 Role permissions: 'Ghostplay R2' changed from 268520639 to 335629503
2018-04-23 22:15:50 Role permissions: 'Ghostplay R2' changed from 335629503 to 402738367
2018-04-23 22:15:52 Role permissions: 'Ghostplay R2' changed from 402738367 to 1476480191
2018-04-23 22:15:52 Role permissions: 'Ghostplay R2' changed from 1476480191 to 2013351103
2018-04-23 22:15:55 Role permissions: 'Ghostplay R2' changed from 2013351103 to 2013355199
2018-04-23 22:15:56 Role permissions: 'Ghostplay R2' changed from 2013355199 to 2013363391
2018-04-23 22:15:58 Role permissions: 'Ghostplay R2' changed from 2013363391 to 2013396159
2018-04-23 22:15:59 Role permissions: 'Ghostplay R2' changed from 2013396159 to 2013527231
2018-04-23 22:15:59 Role permissions: 'Ghostplay R2' changed from 2013527231 to 2013789375
2018-04-23 22:16:00 Role permissions: 'Ghostplay R2' changed from 2013789375 to 2013789439
2018-04-23 22:16:03 Role permissions: 'Ghostplay R2' changed from 2013789439 to 2014838015
2018-04-23 22:16:03 Role permissions: 'Ghostplay R2' changed from 2014838015 to 2016935167
2018-04-23 22:16:04 Role permissions: 'Ghostplay R2' changed from 2016935167 to 2021129471
2018-04-23 22:16:04 Role permissions: 'Ghostplay R2' changed from 2021129471 to 2029518079
2018-04-23 22:16:06 Role permissions: 'Ghostplay R2' changed from 2029518079 to 2063072511
2018-04-23 22:16:07 Role permissions: 'Ghostplay R2' changed from 2063072511 to 2079849727
2018-04-23 22:16:11 Role permissions: 'Ghostplay R2' changed from 2079849727 to 2146958591
2018-04-23 22:17:11 Role position: 'Admins' changed from 3 to 2
2018-04-23 22:17:11 Role position: 'Bots' changed from 4 to 3
2018-04-23 22:17:11 Role position: 'Ghostplay R2' changed from 1 to 4
2018-04-23 22:19:56 Member nickname: '@Ghostplay R2#1298' (id 435829986772123658) changed nickname from 'None' to 'Rainbow BOT'
2018-04-23 22:22:13 Role position: 'Bots' changed from 3 to 2
2018-04-23 22:22:13 Role position: 'Admins' changed from 2 to 3
2018-04-26 19:59:30 Role deleted: 'Synapse' (id 438100138485874689)
2018-04-26 19:59:30 this bot left the server
