2018-04-27 20:00:58 #general @Synapse#0692: 
2018-04-27 20:01:10 #general @SaladesDuBled#6580: !help
2018-04-27 20:01:13 #general @Synapse#0692: Check your DM, @SaladesDuBled! I have sent something for you :wink:
2018-04-27 20:02:03 #general @BoobBot™#5382: 
2018-04-27 20:03:27 #general @SaladesDuBled#6580: bbsendnudes
2018-04-27 20:03:27 #general @BoobBot™#5382: 
2018-04-27 20:03:29 #general @BoobBot™#5382 edited message from 2018-04-27 20:03:27 () to read: 
2018-04-27 20:05:22 #general @Nowa#9368: 
2018-04-27 20:05:27 #general @BoobBot™#5382: 
2018-04-27 20:05:27 #general @BoobBot™#5382 edited message from 2018-04-27 20:05:27 () to read: 
2018-04-27 20:05:52 #general @SaladesDuBled#6580: bboptin
2018-04-27 20:05:52 #general @BoobBot™#5382: you opted in, good fucking job
2018-04-27 20:05:58 #general @SaladesDuBled#6580: bbsendnudes
2018-04-27 20:05:58 #general @BoobBot™#5382: Good Job @SaladesDuBled
2018-04-27 20:06:50 #general @SaladesDuBled#6580: ,help
2018-04-27 20:06:50 #general @Nowa#9368: 
2018-04-27 20:06:51 #general @Nowa#9368 edited message from 2018-04-27 20:06:50 () to read: 
2018-04-27 20:07:02 #general @SaladesDuBled#6580: ,help nsfw
2018-04-27 20:07:02 #general @Nowa#9368: A list of commands has been sent to your DMs
2018-04-27 20:07:27 #general @SaladesDuBled#6580: ,booru
2018-04-27 20:07:27 #general @Nowa#9368: @SaladesDuBled, no args fam
2018-04-27 20:07:46 #general @SaladesDuBled#6580: bbsendnudes
2018-04-27 20:07:46 #general @BoobBot™#5382: Good Job @SaladesDuBled
2018-04-27 20:08:23 #general @SaladesDuBled#6580: bbsendnudes
2018-04-27 20:08:24 #general @BoobBot™#5382: Good Job @SaladesDuBled
2018-04-27 20:08:31 #general @SaladesDuBled#6580: bbsendnudes
2018-04-27 20:08:31 #general @BoobBot™#5382: Good Job @SaladesDuBled
2018-04-27 20:08:34 #general @SaladesDuBled#6580: bbsendnudes
2018-04-27 20:08:34 #general @SaladesDuBled#6580: bbsendnudes
2018-04-27 20:08:34 #general @BoobBot™#5382: Good Job @SaladesDuBled
2018-04-27 20:08:34 #general @BoobBot™#5382: Good Job @SaladesDuBled
2018-04-27 20:08:40 #general @SaladesDuBled#6580: bbsendnudes
2018-04-27 20:08:40 #general @BoobBot™#5382: Good Job @SaladesDuBled
2018-04-27 20:11:28 #general @SaladesDuBled#6580: bbsendnudes
2018-04-27 20:11:29 #general @BoobBot™#5382: Good Job @SaladesDuBled
2018-04-27 20:12:16 #general @Autismo#0882: 
2018-04-27 20:12:41 #general @SaladesDuBled#6580: a!help
2018-04-27 20:12:41 #general @Autismo#0882: 
2018-04-27 20:12:42 #general @Autismo#0882 edited message from 2018-04-27 20:12:41 () to read: 
2018-04-27 20:12:51 #general @SaladesDuBled#6580: a!boobs
2018-04-27 20:13:39 #general @SaladesDuBled#6580: a!n:ass
2018-04-27 20:13:39 #general @Autismo#0882: Musisz być na kanale NSFW
