2018-04-24 17:49:50 #nightmare-island-hunt @ITsYoBoyGreen#2505: This is An Roleplay Room Only Crystal Members X
2018-04-24 17:50:27 #nightmare-island-hunt @ITsYoBoyGreen#2505: H = Part 1
2018-04-24 17:50:43 #nightmare-island-hunt @ITsYoBoyGreen#2505: /U = Part 2
2018-04-24 17:50:50 #nightmare-island-hunt @ITsYoBoyGreen#2505 deleted message from 2018-04-24 17:50:43 (/U = Part 2)
2018-04-24 17:50:56 #nightmare-island-hunt @ITsYoBoyGreen#2505: U = Part 2
2018-04-24 17:51:02 #nightmare-island-hunt @ITsYoBoyGreen#2505: N = Part 3
2018-04-24 17:51:17 #nightmare-island-hunt @ITsYoBoyGreen#2505: T (Last) = Part 4
2018-04-24 17:51:28 #nightmare-island-hunt @ITsYoBoyGreen#2505: H-U-N-T
2018-04-24 17:52:52 #nightmare-island-hunt @ITsYoBoyGreen#2505: Ranks
2018-04-24 17:53:04 #nightmare-island-hunt @ITsYoBoyGreen#2505: Hunter (Finshing Part 1)
2018-04-24 17:53:26 #nightmare-island-hunt @ITsYoBoyGreen#2505: Good Hunter (Finshing Part 2)
2018-04-24 17:53:46 #nightmare-island-hunt @ITsYoBoyGreen#2505: Expert Hunter (Finshing Part 3)
2018-04-24 17:54:01 #nightmare-island-hunt @ITsYoBoyGreen#2505: Ultra Hunter (Finshing Part 4)
2018-04-24 18:16:15 #nightmare-island-hunt @ITsYoBoyGreen#2505: Season 2 Release 2019 Friday Monday 7
2018-04-24 18:17:51 #nightmare-island-hunt @ITsYoBoyGreen#2505: CS means COMING SOON u cannot enter
2018-04-24 18:18:16 #nightmare-island-hunt @ITsYoBoyGreen#2505: only admins and creater (me)
2018-04-24 18:18:31 #nightmare-island-hunt @ITsYoBoyGreen#2505 edited message from 2018-04-24 18:18:16 (only admins and creater (me)) to read: only admins and creator (me)
2018-04-24 18:19:01 #nightmare-island-hunt @ITsYoBoyGreen#2505: Season 3 Release 2020 Tuesday April 2
2018-04-24 18:19:26 #nightmare-island-hunt @ITsYoBoyGreen#2505: Season 4 Release 2020 Monday April 24
2018-04-24 18:20:07 #nightmare-island-hunt @ITsYoBoyGreen#2505: Season 5 (Finale) Release 2021 Sunday April 10
2018-04-24 18:23:55 #nightmare-island-hunt @ITsYoBoyGreen#2505: Bonus Season 6 Release 2021 Sunday April 24
2018-04-24 18:42:56 #nightmare-island-hunt @ITsYoBoyGreen#2505 edited message from 2018-04-24 18:17:51 (CS means COMING SOON u cannot enter) to read: CS means COMING SOON u cannot chat
