2018-04-25 10:11:58 #admin-chat @ITsYoBoyGreen#2505: hello Admins!
2018-04-25 10:37:44 #admin-chat @ITsYoBoyGreen#2505: /Nick CrystalGreen
2018-04-25 10:38:08 #admin-chat @ITsYoBoyGreen#2505 edited message from 2018-04-25 10:37:44 (/Nick CrystalGreen) to read: 
2018-04-25 10:38:18 #admin-chat @ITsYoBoyGreen#2505 deleted message from 2018-04-25 10:37:44 ()
2018-04-25 11:04:23 #admin-chat @ITsYoBoyGreen#2505: semf
2018-04-25 11:05:07 #admin-chat @dlsrksemf#2704: Hello, sir!
2018-04-25 11:05:22 #admin-chat @ITsYoBoyGreen#2505: Here is ur Job
2018-04-25 11:05:26 #admin-chat @ITsYoBoyGreen#2505: look at rules
2018-04-25 11:05:30 #admin-chat @ITsYoBoyGreen#2505: /way down
2018-04-25 11:05:32 #admin-chat @dlsrksemf#2704: /Wow!!!!
2018-04-25 11:05:37 #admin-chat @dlsrksemf#2704: /waydown
2018-04-25 11:05:43 #admin-chat @dlsrksemf#2704: /way down
2018-04-25 11:06:38 #admin-chat @ITsYoBoyGreen#2505: bow
2018-04-25 11:06:59 #admin-chat @ITsYoBoyGreen#2505 deleted message from 2018-04-25 11:06:38 (bow)
2018-04-25 11:07:00 #admin-chat @dlsrksemf#2704: I read it sir! i'll keep in that mind.
2018-04-25 11:07:11 #admin-chat @ITsYoBoyGreen#2505: okay
2018-04-25 11:07:17 #admin-chat @ITsYoBoyGreen#2505: u dont need to call me Sir
2018-04-25 11:07:25 #admin-chat @dlsrksemf#2704: Then......?
2018-04-25 11:07:36 #admin-chat @ITsYoBoyGreen#2505: Mr. Crystal
2018-04-25 11:07:42 #admin-chat @dlsrksemf#2704: Oh!
2018-04-25 11:07:46 #admin-chat @ITsYoBoyGreen#2505: call me Mr. Crystal or Crystal
2018-04-25 11:08:02 #admin-chat @dlsrksemf#2704: Yes, Mr, crystal!
2018-04-25 11:08:40 #admin-chat @ITsYoBoyGreen#2505: U can Play Music if ur bored while im busy
2018-04-25 11:09:19 #admin-chat @dlsrksemf#2704: Yes, Mr, Crystal.
2018-04-26 08:20:04 #admin-chat @ITsYoBoyGreen#2505: Admins
2018-04-26 08:20:09 #admin-chat @ITsYoBoyGreen#2505: ADMINS
2018-04-26 08:20:22 #admin-chat @ITsYoBoyGreen#2505: GET ON CHAT NOW ADMINS
2018-04-26 08:20:39 #admin-chat @ITsYoBoyGreen#2505 deleted message from 2018-04-26 08:20:22 (GET ON CHAT NOW ADMINS)
2018-04-26 08:20:44 #admin-chat @ITsYoBoyGreen#2505 deleted message from 2018-04-26 08:20:09 (ADMINS)
2018-04-26 08:20:48 #admin-chat @ITsYoBoyGreen#2505 deleted message from 2018-04-26 08:20:04 (Admins)
2018-04-28 08:57:20 #admin-chat @kangaroo#3353: Wassup
2018-04-28 08:57:32 #admin-chat @ZidanHasibuan#8803: bacot!
2018-04-28 09:11:30 #admin-chat @NebelWerfer#1039: I have a question that if I play loud music when everybody is off
2018-04-28 09:11:46 #admin-chat @ITsYoBoyGreen#2505: wut okayy
2018-04-28 09:12:01 #admin-chat @ITsYoBoyGreen#2505: i didnt listen it
2018-04-28 09:12:05 #admin-chat @ITsYoBoyGreen#2505: its okay
2018-04-28 09:12:32 #admin-chat @ITsYoBoyGreen#2505 deleted message from 2018-04-28 09:12:01 (i didnt listen it)
2018-04-28 09:12:37 #admin-chat @ITsYoBoyGreen#2505 deleted message from 2018-04-28 09:12:05 (its okay)
