2018-04-24 15:33:20 this bot joined the server
2018-04-24 15:33:20 Role created: 'Synapse' (id 438361810152849438)
2018-04-24 15:33:20 Member role add: 'Synapse' role was added to @Synapse#0692
2018-04-24 15:34:18 Role color: 'Synapse' changed from #000000 to #1f8b4c
2018-04-24 15:34:27 Role renamed: 'Synapse' to 'Synapsecrystal'
2018-04-24 15:34:47 Role mentionable: 'Synapsecrystal' is now mentionable
2018-04-24 15:34:47 Role hoist: 'Synapsecrystal' is now shown seperately
2018-04-24 15:35:23 Channel overwrites: bots-and-admins (438361711834169365): role Synapsecrystal (438361810152849438) added with values 0, 0
2018-04-24 15:37:33 Member role add: 'Room Owner 001' role was added to @Synapse#0692
2018-04-24 15:39:38 Member join: @Ghostplay R2#1298 (id 435829986772123658)
2018-04-24 15:39:38 Role created: 'Ghostplay R2' (id 438363397759696896)
2018-04-24 15:39:38 Member role add: 'Ghostplay R2' role was added to @Ghostplay R2#1298
2018-04-24 15:42:01 Role created: 'new role' (id 438363998820237317)
2018-04-24 15:42:19 Role permissions: 'Ghostplay R2' changed from 268520497 to 268782705
2018-04-24 15:42:19 Role renamed: 'new role' to 'GP-Bot'
2018-04-24 15:42:29 Role permissions: 'GP-Bot' changed from 1446501599 to 1446501631
2018-04-24 15:42:41 Role permissions: 'GP-Bot' changed from 1446501631 to 2146958591
2018-04-24 15:42:55 Member role add: 'GP-Bot' role was added to @Ghostplay R2#1298
2018-04-24 15:43:00 Member role add: 'Admin' role was added to @Ghostplay R2#1298
2018-04-24 15:43:05 Member role add: 'Creator' role was added to @Ghostplay R2#1298
2018-04-24 15:43:14 Member role remove: The 'Creator' role was removed from @Ghostplay R2#1298
2018-04-24 15:44:03 Role position: 'Ghostplay R2' changed from 2 to 1
2018-04-24 15:44:03 Role position: 'Synapsecrystal' changed from 3 to 2
2018-04-24 15:44:03 Role position: 'Room Owner 001' changed from 4 to 3
2018-04-24 15:44:03 Role position: 'Creator' changed from 5 to 4
2018-04-24 15:44:03 Role position: 'Admin' changed from 6 to 5
2018-04-24 15:44:03 Role position: 'Crystal Member X' changed from 7 to 6
2018-04-24 15:44:03 Role position: 'RythmCrystal' changed from 8 to 7
2018-04-24 15:44:03 Role position: 'GP-Bot' changed from 1 to 8
2018-04-24 15:45:11 Channel created: chat
2018-04-24 17:48:26 Channel created: Nightmare Island
2018-04-24 17:49:09 Channel created: nightmare-island-hunt
2018-04-24 17:55:10 Role created: 'new role' (id 438397504371818506)
2018-04-24 17:55:20 Role renamed: 'new role' to 'Hunter'
2018-04-24 17:55:33 Role permissions: 'Hunter' changed from 1446501599 to 1446501592
2018-04-24 17:55:44 Role permissions: 'Hunter' changed from 1446501592 to 1446501584
2018-04-24 17:56:08 Role color: 'Hunter' changed from #000000 to #c02625
2018-04-24 17:56:08 Role mentionable: 'Hunter' is now mentionable
2018-04-24 17:56:08 Role hoist: 'Hunter' is now shown seperately
2018-04-24 17:56:22 Role created: 'new role' (id 438397808610115595)
2018-04-24 17:56:45 Role renamed: 'new role' to 'Good Hunter'
2018-04-24 17:56:45 Role color: 'new role' changed from #000000 to #ff7d08
2018-04-24 17:56:49 Role permissions: 'Good Hunter' changed from 1446501599 to 1446501591
2018-04-24 17:56:57 Role created: 'new role' (id 438397952617218050)
2018-04-24 17:57:05 Role renamed: 'new role' to 'Expert Hunter'
2018-04-24 17:57:17 Role color: 'Expert Hunter' changed from #000000 to #241919
2018-04-24 17:57:17 Role permissions: 'Expert Hunter' changed from 1446501599 to 1446501591
2018-04-24 17:57:21 Role created: 'new role' (id 438398056468316161)
2018-04-24 17:57:47 Role renamed: 'new role' to 'Ultra Hunter'
2018-04-24 17:57:47 Role color: 'new role' changed from #000000 to #1826e0
2018-04-24 17:57:47 Role permissions: 'new role' changed from 1446501599 to 1446501591
2018-04-24 17:57:51 Role permissions: 'Ultra Hunter' changed from 1446501591 to 1446501584
2018-04-24 17:58:13 Role permissions: 'Expert Hunter' changed from 1446501591 to 1446501584
2018-04-24 17:58:13 Role permissions: 'Good Hunter' changed from 1446501591 to 1446501584
2018-04-24 18:14:58 Role mentionable: 'Ultra Hunter' is now mentionable
2018-04-24 18:14:58 Role hoist: 'Ultra Hunter' is now shown seperately
2018-04-24 18:15:03 Role mentionable: 'Expert Hunter' is now mentionable
2018-04-24 18:15:03 Role hoist: 'Expert Hunter' is now shown seperately
2018-04-24 18:15:07 Role mentionable: 'Good Hunter' is now mentionable
2018-04-24 18:15:07 Role hoist: 'Good Hunter' is now shown seperately
2018-04-24 18:15:16 Member role add: 'Ultra Hunter' role was added to @ITsYoBoyGreen#2505
2018-04-24 18:15:21 Member role add: 'Good Hunter' role was added to @ITsYoBoyGreen#2505
2018-04-24 18:15:25 Member role add: 'Expert Hunter' role was added to @ITsYoBoyGreen#2505
2018-04-24 18:15:28 Member role add: 'Hunter' role was added to @ITsYoBoyGreen#2505
2018-04-24 18:15:42 Member role add: 'Expert Hunter' role was added to @Ghostplay R2#1298
2018-04-24 18:15:49 Member role add: 'Ultra Hunter' role was added to @Ghostplay R2#1298
2018-04-24 18:17:20 Channel created: organ-lab-cs
2018-04-24 18:20:49 Channel created: scp-base
2018-04-24 18:20:58 Channel rename: scp-base renamed to scp-base-cs
2018-04-24 18:20:58 Channel topic: scp-base topic was set to ""
2018-04-24 18:22:05 Channel created: destroyed-gravyard-cs
2018-04-24 18:22:45 Channel created: black-house-cs
2018-04-24 18:24:52 Channel created: haunted-forest
2018-04-24 18:25:12 Channel rename: haunted-forest renamed to haunted-forest-cs
2018-04-24 18:25:12 Channel topic: haunted-forest topic was set to ""
2018-04-25 06:07:45 Member role remove: The 'Expert Hunter' role was removed from @Ghostplay R2#1298
2018-04-25 10:01:51 Member join: @dlsrksemf#2704 (id 346155167336497177)
2018-04-25 10:09:03 Member role add: 'Admin' role was added to @dlsrksemf#2704
2018-04-25 10:09:10 Member role add: 'Crystal Member X' role was added to @dlsrksemf#2704
2018-04-25 10:10:17 Role mentionable: 'Admin' is now mentionable
2018-04-25 10:10:17 Role hoist: 'Admin' is now shown seperately
2018-04-25 10:10:35 Member role remove: The 'Admin' role was removed from @ITsYoBoyGreen#2505
2018-04-25 10:13:32 Member role add: 'Admin' role was added to @ITsYoBoyGreen#2505
2018-04-25 10:13:36 Member role remove: The 'Admin' role was removed from @ITsYoBoyGreen#2505
2018-04-25 10:16:07 Channel created: Rules
2018-04-25 10:16:39 Channel created: rules
2018-04-25 10:18:14 Member join: @ZidanHasibuan#8803 (id 398087181044023308)
2018-04-25 10:18:58 Member role add: 'Admin' role was added to @ZidanHasibuan#8803
2018-04-25 10:20:31 Member role add: 'Crystal Member X' role was added to @ZidanHasibuan#8803
2018-04-25 10:20:37 Member role add: 'Expert Hunter' role was added to @ZidanHasibuan#8803
2018-04-25 10:38:08 Member nickname: '@ITsYoBoyGreen#2505' (id 421660951704502273) changed nickname from 'None' to 'CrystalGreen'
2018-04-25 10:43:05 Member ban: @Rythm#3722 (id 235088799074484224)
2018-04-25 10:43:05 Channel overwrites: Bots (438361494070231041): role RythmCrystal (438349018268172326) removed (was 1049600, 0)
2018-04-25 10:43:05 Channel overwrites: bots-and-admins (438361711834169365): role RythmCrystal (438349018268172326) removed (was 1024, 0)
2018-04-25 10:43:05 Role deleted: 'RythmCrystal' (id 438349018268172326)
2018-04-25 10:43:05 Member leave: @Rythm#3722 (id 235088799074484224)
2018-04-25 10:46:05 Member join: @Rythm#3722 (id 235088799074484224)
2018-04-25 10:46:05 Member role add: 'Rythm' role was added to @Rythm#3722
2018-04-25 10:46:05 Role created: 'Rythm' (id 438651909843451905)
2018-04-25 10:46:05 Member role add: 'Rythm' role was added to @Rythm#3722
2018-04-25 10:46:20 Member role add: 'Admin' role was added to @Rythm#3722
2018-04-25 10:46:53 Role renamed: 'Rythm' to 'Rythmcrystal'
2018-04-25 10:46:53 Role color: 'Rythm' changed from #000000 to #ff0303
2018-04-25 10:51:12 Role mentionable: 'Rythmcrystal' is now mentionable
2018-04-25 10:51:12 Role hoist: 'Rythmcrystal' is now shown seperately
2018-04-25 10:51:33 Member role remove: The 'Admin' role was removed from @Rythm#3722
2018-04-25 10:58:54 Member join: @AIRHORN SOLUTIONS#6723 (id 159800228088774656)
2018-04-25 10:58:54 Role created: 'AIRHORN SOLUTIONS' (id 438655137859371018)
2018-04-25 10:58:54 Member role add: 'AIRHORN SOLUTIONS' role was added to @AIRHORN SOLUTIONS#6723
2018-04-25 10:59:23 Role color: 'AIRHORN SOLUTIONS' changed from #000000 to #992d22
2018-04-25 10:59:26 Role mentionable: 'AIRHORN SOLUTIONS' is now mentionable
2018-04-25 10:59:26 Role hoist: 'AIRHORN SOLUTIONS' is now shown seperately
2018-04-25 11:06:17 Member join: @HatBot#7181 (id 247262554072547338)
2018-04-25 11:06:17 Role created: 'HatBot' (id 438656996158472204)
2018-04-25 11:06:17 Member role add: 'HatBot' role was added to @HatBot#7181
2018-04-25 11:06:17 Member role add: 'HatBot' role was added to @HatBot#7181
2018-04-25 11:08:14 Member role add: 'Ultra Hunter' role was added to @dlsrksemf#2704
2018-04-25 11:41:30 Member join: @ErisBot#1777 (id 189702078958927872)
2018-04-25 11:41:31 Role created: 'ErisBot' (id 438665858282422273)
2018-04-25 11:41:31 Member role add: 'ErisBot' role was added to @ErisBot#1777
2018-04-25 11:42:24 Member role add: 'Creator' role was added to @ErisBot#1777
2018-04-25 11:42:28 Member role remove: The 'Creator' role was removed from @ErisBot#1777
2018-04-25 11:55:33 Channel created: nsfw
2018-04-25 12:04:27 Channel deleted: nsfw
2018-04-25 12:05:53 Channel created: nsfw
2018-04-25 12:58:19 Channel position: crystal-x-chat moved from 1 to 0
2018-04-25 12:58:19 Channel position: bot-command moved from 3 to 1
2018-04-25 12:58:19 Channel position: crystal-members moved from 4 to 2
2018-04-25 12:58:19 Channel position: admin-chat moved from 5 to 3
2018-04-25 12:58:19 Channel position: vote-channel moved from 6 to 4
2018-04-25 12:58:19 Channel position: chat moved from 9 to 5
2018-04-25 12:58:19 Channel position: nsfw moved from 17 to 6
2018-04-25 12:58:19 Channel position: nightmare-island-hunt moved from 10 to 9
2018-04-25 12:58:19 Channel position: organ-lab-cs moved from 11 to 10
2018-04-25 12:58:19 Channel position: scp-base-cs moved from 12 to 11
2018-04-25 12:58:19 Channel position: destroyed-gravyard-cs moved from 13 to 12
2018-04-25 12:58:19 Channel position: black-house-cs moved from 14 to 13
2018-04-25 12:58:19 Channel position: haunted-forest-cs moved from 15 to 14
2018-04-25 12:58:19 Channel position: rules moved from 16 to 15
2018-04-25 13:05:19 Member join: @NebelWerfer#1039 (id 321504502928900114)
2018-04-25 13:08:57 Member role add: 'Admin' role was added to @NebelWerfer#1039
2018-04-25 13:09:31 Channel deleted: nsfw
2018-04-25 13:09:45 Member role add: 'Crystal Member X' role was added to @NebelWerfer#1039
2018-04-25 15:48:00 Channel deleted: crystal-room-001
2018-04-25 15:48:30 Channel created: crystal-room-001
2018-04-25 15:48:55 Channel created: Room Hoster
2018-04-25 15:49:12 Channel created: room-host
2018-04-25 15:51:04 Role created: 'new role' (id 438728663979130901)
2018-04-25 15:51:37 Role permissions: 'ErisBot' changed from 8 to 262216
2018-04-25 15:51:37 Role permissions: 'HatBot' changed from 52224 to 314432
2018-04-25 15:51:37 Role renamed: 'new role' to 'Crystal Room 002 Key'
2018-04-25 15:51:56 Role renamed: 'Room Owner 001' to 'Room Owner 001 Key'
2018-04-25 15:52:24 Role color: 'Crystal Room 002 Key' changed from #000000 to #00ecff
2018-04-25 15:52:45 Channel created: crystal-room-002
2018-04-25 15:53:22 Channel created: golden-room-host
2018-04-25 15:53:45 Channel deleted: golden-room-host
2018-04-25 15:54:05 Channel created: golden-room-host
2018-04-25 15:56:30 Role created: 'new role' (id 438730031452258304)
2018-04-25 15:57:02 Role renamed: 'new role' to 'Golden Crystal Room 001 Key'
2018-04-25 15:57:05 Role color: 'Golden Crystal Room 001 Key' changed from #000000 to #f1c40f
2018-04-25 15:57:21 Channel created: golden-room-001
2018-04-27 11:18:54 Member join: @kangaroo#3353 (id 262990558568513537)
2018-04-27 11:19:37 Role created: 'new role' (id 439385125902352395)
2018-04-27 11:30:23 Member role add: 'Admin' role was added to @kangaroo#3353
2018-04-27 11:30:27 Member role add: 'Crystal Member X' role was added to @kangaroo#3353
2018-04-28 07:41:04 Channel created: Admins Only
2018-04-28 08:58:26 Member join: @Dyno#3861 (id 155149108183695360)
2018-04-28 08:58:26 Role created: 'Dyno' (id 439711978332749834)
2018-04-28 08:58:26 Member role add: 'Dyno' role was added to @Dyno#3861
2018-04-30 08:34:23 Member role add: 'GP-Bot' role was added to @ITsYoBoyGreen#2505
2018-04-30 08:34:28 Member role remove: The 'GP-Bot' role was removed from @ITsYoBoyGreen#2505
2018-04-30 08:47:35 Member role remove: The 'Admin' role was removed from @kangaroo#3353
2018-04-30 08:47:47 Member role add: 'Admin' role was added to @kangaroo#3353
2018-04-30 08:47:51 Member role remove: The 'Admin' role was removed from @kangaroo#3353
2018-04-30 08:47:57 Member role add: 'Admin' role was added to @ITsYoBoyGreen#2505
2018-04-30 08:48:03 Member role remove: The 'Admin' role was removed from @ITsYoBoyGreen#2505
