2018-04-25 12:04:34 this bot joined the server
2018-04-25 12:04:34 Role created: 'Synapse' (id 438671660317540353)
2018-04-25 12:04:34 Member role add: 'Synapse' role was added to @Synapse#0692
2018-04-25 12:05:03 Member nickname: '@Ghostplay R2#1298' (id 435829986772123658) changed nickname from 'None' to '๖̶̶̶ζ͜͡GodFather✓ᵛᵉʳᶦᶠᶦᵉᵈ'
2018-04-25 12:05:06 Member nickname: '@Synapse#0692' (id 435538622293344266) changed nickname from 'None' to '๖̶̶̶ζ͜͡GodFather✓ᵛᵉʳᶦᶠᶦᵉᵈ'
2018-04-25 12:06:05 Channel deleted: userchat
2018-04-25 12:06:09 Channel created: userchat
2018-04-25 12:07:19 Member role add: '| Member |' role was added to @Synapse#0692
2018-04-25 12:07:23 Member role add: '| Member |' role was added to @Ghostplay R2#1298
2018-04-25 12:07:40 Role permissions: 'Ghostplay R2' changed from 268520497 to 268782705
2018-04-25 12:07:40 Role position: '| Member |' changed from 2 to 5
2018-04-25 12:07:40 Role position: '----• User Ränge •----' changed from 5 to 6
2018-04-25 12:07:40 Role position: '| eXperte |' changed from 6 to 7
2018-04-25 12:07:40 Role position: '| Helper |' changed from 7 to 8
2018-04-25 12:07:40 Role position: '| Moderator |' changed from 8 to 9
2018-04-25 12:07:40 Role position: '| Event Manager |' changed from 9 to 10
2018-04-25 12:07:40 Role position: '| Community Manager |' changed from 10 to 11
2018-04-25 12:07:40 Role position: '| Teamleitung |' changed from 11 to 12
2018-04-25 12:07:40 Role position: '| Projektleitung |' changed from 12 to 13
2018-04-25 12:07:40 Role position: '| Techniker |' changed from 13 to 14
2018-04-25 12:07:40 Role position: '| Gruender |' changed from 14 to 15
2018-04-25 12:07:40 Role position: '----• Team Ränge •----' changed from 15 to 16
2018-04-25 12:07:43 Role created: 'new role' (id 438672456769863690)
2018-04-25 12:07:55 Role permissions: 'Synapse' changed from 8 to 262216
2018-04-25 12:07:56 Role renamed: 'new role' to '| HabbuBOT |'
2018-04-25 12:08:09 Role mentionable: '| HabbuBOT |' is now mentionable
2018-04-25 12:08:09 Role permissions: '| HabbuBOT |' changed from 104324161 to 2117590271
2018-04-25 12:09:46 Role position: 'Mee6' changed from 4 to 3
2018-04-25 12:09:46 Role position: 'Dyno' changed from 5 to 4
2018-04-25 12:09:46 Role position: '| Member |' changed from 6 to 5
2018-04-25 12:09:46 Role position: '----• User Ränge •----' changed from 7 to 6
2018-04-25 12:09:46 Role position: '| eXperte |' changed from 8 to 7
2018-04-25 12:09:46 Role position: '| Helper |' changed from 9 to 8
2018-04-25 12:09:46 Role position: '| Moderator |' changed from 10 to 9
2018-04-25 12:09:46 Role position: '| Event Manager |' changed from 11 to 10
2018-04-25 12:09:46 Role position: '| Community Manager |' changed from 12 to 11
2018-04-25 12:09:46 Role position: '| Teamleitung |' changed from 13 to 12
2018-04-25 12:09:46 Role position: '| Projektleitung |' changed from 14 to 13
2018-04-25 12:09:46 Role position: '| Techniker |' changed from 15 to 14
2018-04-25 12:09:46 Role position: '| Gruender |' changed from 16 to 15
2018-04-25 12:09:46 Role position: '----• Team Ränge •----' changed from 17 to 16
2018-04-25 12:09:46 Role position: 'Ghostplay R2' changed from 3 to 17
2018-04-25 12:09:46 Role mentionable: 'Ghostplay R2' is now mentionable
2018-04-25 12:09:46 Role permissions: 'Ghostplay R2' changed from 268782705 to 2088238335
2018-04-25 12:10:01 Member leave: @Zoe#9523 (id 422406748809461761)
2018-04-25 12:10:04 Member leave: @WeiRT#1088 (id 364501713836834816)
2018-04-25 12:11:00 Member role add: '| HabbuBOT |' role was added to @Ghostplay R2#1298
2018-04-25 12:11:00 Member role remove: The '| Member |' role was removed from @Ghostplay R2#1298
2018-04-25 12:11:51 Role position: 'Synapse' changed from 2 to 1
2018-04-25 12:11:51 Role position: 'Mee6' changed from 3 to 2
2018-04-25 12:11:51 Role position: 'Ghostplay R2' changed from 17 to 3
2018-04-25 12:11:51 Role position: '| HabbuBOT |' changed from 1 to 17
2018-04-25 12:12:37 Role permissions: '| HabbuBOT |' changed from 2117590271 to 2146958591
2018-04-25 12:13:13 Role renamed: '| HabbuBOT |' to 'HabbuBOT'
2018-04-25 12:13:48 Role permissions: 'Ghostplay R2' changed from 2088238335 to 2146958591
2018-04-25 12:14:26 Role created: 'new role' (id 438674147040559125)
2018-04-25 12:14:31 Role renamed: 'new role' to 'TEST'
2018-04-25 12:14:33 Member role remove: The '| Gruender |' role was removed from @peaceless | xqlusiveee ツ#5077
2018-04-25 12:14:36 Member role add: 'TEST' role was added to @peaceless | xqlusiveee ツ#5077
2018-04-25 12:15:46 Role renamed: 'HabbuBOT' to 'GP-bot'
2018-04-25 12:15:55 Member role add: '| Gruender |' role was added to @peaceless | xqlusiveee ツ#5077
2018-04-25 12:17:09 Member role remove: The 'GP-bot' role was removed from @Ghostplay R2#1298
2018-04-25 12:17:11 Member role add: 'GP-bot' role was added to @Ghostplay R2#1298
2018-04-25 12:19:18 this bot left the server
