2018-04-19 22:04:01 #MUSIC ROOMâˆ¹â™ª Voice channel join: pÍ rÍ iÍ nÍ cÍ eÍ sÍ sÍ #2079 (id 434359355454914586), flags: self_deaf,self_mute
2018-04-19 22:04:04 #MUSIC ROOMâˆ¹â™ª Voice channel leave: pÍ rÍ iÍ nÍ cÍ eÍ sÍ sÍ #2079 (id 434359355454914586) moving to ADMINS 1âˆ¹â˜†
2018-04-25 23:25:56 #MUSIC ROOMâˆ¹â™ª Voice channel join: Synapse#0692 (id 435538622293344266), moved from MUSIC ROOMâˆ¹â™ª, flags: mute
2018-04-25 23:29:32 #MUSIC ROOMâˆ¹â™ª Voice channel join: ã€–Ä†á»”Ğ¼mĞĞŸâ‚«áº¼Ñã€—#5335 (id 411386699923456000), moved from MUSIC ROOMâˆ¹â™ª
2018-04-25 23:29:36 #MUSIC ROOMâˆ¹â™ª Server unmute: Synapse#0692 (id 435538622293344266)
2018-04-25 23:29:39 #MUSIC ROOMâˆ¹â™ª Voice channel leave: ã€–Ä†á»”Ğ¼mĞĞŸâ‚«áº¼Ñã€—#5335 (id 411386699923456000)
2018-04-25 23:29:41 #MUSIC ROOMâˆ¹â™ª Voice channel join: ã€–Ä†á»”Ğ¼mĞĞŸâ‚«áº¼Ñã€—#5335 (id 411386699923456000)
2018-04-25 23:30:14 #MUSIC ROOMâˆ¹â™ª Voice channel join: himebot#3590 (id 232916519594491906)
2018-04-25 23:30:23 #MUSIC ROOMâˆ¹â™ª Voice channel leave: Synapse#0692 (id 435538622293344266) moving to MUSIC ROOMâˆ¹â™ª
2018-04-25 23:31:00 #MUSIC ROOMâˆ¹â™ª Voice channel leave: ã€–Ä†á»”Ğ¼mĞĞŸâ‚«áº¼Ñã€—#5335 (id 411386699923456000) moving to MUSIC ROOMâˆ¹â™ª
2018-04-25 23:31:03 #MUSIC ROOMâˆ¹â™ª Voice channel join: ã€–Ä†á»”Ğ¼mĞĞŸâ‚«áº¼Ñã€—#5335 (id 411386699923456000), moved from MUSIC ROOMâˆ¹â™ª
2018-04-25 23:31:15 #MUSIC ROOMâˆ¹â™ª Voice channel leave: himebot#3590 (id 232916519594491906)
2018-04-25 23:31:26 #MUSIC ROOMâˆ¹â™ª Voice channel join: himebot#3590 (id 232916519594491906)
2018-04-25 23:31:38 #MUSIC ROOMâˆ¹â™ª Voice channel leave: himebot#3590 (id 232916519594491906)
2018-04-25 23:32:03 #MUSIC ROOMâˆ¹â™ª Voice channel join: himebot#3590 (id 232916519594491906)
2018-04-25 23:34:59 #MUSIC ROOMâˆ¹â™ª Server self-deafen: ã€–Ä†á»”Ğ¼mĞĞŸâ‚«áº¼Ñã€—#5335 (id 411386699923456000)
2018-04-25 23:34:59 #MUSIC ROOMâˆ¹â™ª Server self-mute: ã€–Ä†á»”Ğ¼mĞĞŸâ‚«áº¼Ñã€—#5335 (id 411386699923456000)
2018-04-25 23:35:10 #MUSIC ROOMâˆ¹â™ª Server self-undeafen: ã€–Ä†á»”Ğ¼mĞĞŸâ‚«áº¼Ñã€—#5335 (id 411386699923456000)
2018-04-25 23:35:10 #MUSIC ROOMâˆ¹â™ª Server self-unmute: ã€–Ä†á»”Ğ¼mĞĞŸâ‚«áº¼Ñã€—#5335 (id 411386699923456000)
2018-04-25 23:35:12 #MUSIC ROOMâˆ¹â™ª Server self-deafen: ã€–Ä†á»”Ğ¼mĞĞŸâ‚«áº¼Ñã€—#5335 (id 411386699923456000)
2018-04-25 23:35:12 #MUSIC ROOMâˆ¹â™ª Server self-mute: ã€–Ä†á»”Ğ¼mĞĞŸâ‚«áº¼Ñã€—#5335 (id 411386699923456000)
2018-04-25 23:37:58 #MUSIC ROOMâˆ¹â™ª Voice channel leave: himebot#3590 (id 232916519594491906)
2018-04-25 23:39:28 #MUSIC ROOMâˆ¹â™ª Voice channel leave: ã€–Ä†á»”Ğ¼mĞĞŸâ‚«áº¼Ñã€—#5335 (id 411386699923456000) moving to MUSIC ROOMâˆ¹â™ª
2018-04-26 20:57:56 #MUSIC ROOMâˆ¹â™ª Voice channel join: ã€ğ†ğ‡ğğ’ğ“.ĞŒğ”§ğ”©ğ”©Ñ”Ñã€‘#5335 (id 411386699923456000)
2018-04-26 20:58:49 #MUSIC ROOMâˆ¹â™ª Voice channel join: Legend Bot#3160 (id 438381194070196224)
2018-04-26 20:59:03 #MUSIC ROOMâˆ¹â™ª Voice channel leave: ã€ğ†ğ‡ğğ’ğ“.ĞŒğ”§ğ”©ğ”©Ñ”Ñã€‘#5335 (id 411386699923456000)
2018-04-26 21:03:29 #MUSIC ROOMâˆ¹â™ª Voice channel leave: Legend Bot#3160 (id 438381194070196224)
2018-04-26 21:17:37 #MUSIC ROOMâˆ¹â™ª Voice channel join: ã€ğ†ğ‡ğğ’ğ“.ĞŒğ”§ğ”©ğ”©Ñ”Ñã€‘#5335 (id 411386699923456000)
2018-04-26 21:17:42 #MUSIC ROOMâˆ¹â™ª Server self-mute: ã€ğ†ğ‡ğğ’ğ“.ĞŒğ”§ğ”©ğ”©Ñ”Ñã€‘#5335 (id 411386699923456000)
2018-04-26 21:17:57 #MUSIC ROOMâˆ¹â™ª Voice channel join: Vexera#8487 (id 228537642583588864)
2018-04-26 21:18:00 #MUSIC ROOMâˆ¹â™ª Server self-deafen: Vexera#8487 (id 228537642583588864)
2018-04-26 21:19:38 #MUSIC ROOMâˆ¹â™ª Voice channel leave: ã€ğ†ğ‡ğğ’ğ“.ĞŒğ”§ğ”©ğ”©Ñ”Ñã€‘#5335 (id 411386699923456000)
2018-04-26 21:19:41 #MUSIC ROOMâˆ¹â™ª Voice channel join: ã€ğ†ğ‡ğğ’ğ“.ĞŒğ”§ğ”©ğ”©Ñ”Ñã€‘#5335 (id 411386699923456000), flags: self_mute
2018-04-26 21:34:43 #MUSIC ROOMâˆ¹â™ª Voice channel leave: Vexera#8487 (id 228537642583588864)
2018-04-26 21:54:25 #MUSIC ROOMâˆ¹â™ª Voice channel leave: ã€ğ†ğ‡ğğ’ğ“.ĞŒğ”§ğ”©ğ”©Ñ”Ñã€‘#5335 (id 411386699923456000) moving to PUPLIC ROOM 1âˆ¹â˜•
2018-04-27 18:41:31 #MUSIC ROOMâˆ¹â™ª Voice channel join: Vexera#8487 (id 228537642583588864), moved from MUSIC ROOMâˆ¹â™ª, flags: self_deaf
2018-04-27 18:41:40 #MUSIC ROOMâˆ¹â™ª Voice channel leave: Vexera#8487 (id 228537642583588864) moving to MUSIC ROOMâˆ¹â™ª
2018-04-27 19:18:14 #MUSIC ROOMâˆ¹â™ª Voice channel join: ã€ğ†ğ‡ğğ’ğ“.ĞŒğ”§ğ”©ğ”©Ñ”Ñã€‘#5335 (id 411386699923456000), moved from MUSIC ROOMâˆ¹â™ª, flags: self_mute
2018-04-27 19:18:14 #MUSIC ROOMâˆ¹â™ª Voice channel join: Vexera#8487 (id 228537642583588864), moved from MUSIC ROOMâˆ¹â™ª, flags: self_deaf
2018-04-27 19:18:19 #MUSIC ROOMâˆ¹â™ª Voice channel join: ã€ğ•‚ğ•€â„•ğ”¾.Ç¤á•¼ï¼¯ï¼³ï¼´ã€‘#7977 (id 434081158817382401), moved from MUSIC ROOMâˆ¹â™ª, flags: self_deaf,self_mute
2018-04-27 19:20:13 #MUSIC ROOMâˆ¹â™ª Server self-undeafen: ã€ğ•‚ğ•€â„•ğ”¾.Ç¤á•¼ï¼¯ï¼³ï¼´ã€‘#7977 (id 434081158817382401)
2018-04-27 19:24:16 #MUSIC ROOMâˆ¹â™ª Server self-deafen: ã€ğ•‚ğ•€â„•ğ”¾.Ç¤á•¼ï¼¯ï¼³ï¼´ã€‘#7977 (id 434081158817382401)
2018-04-27 19:30:36 #MUSIC ROOMâˆ¹â™ª Voice channel leave: Vexera#8487 (id 228537642583588864)
2018-04-27 19:34:25 #MUSIC ROOMâˆ¹â™ª Voice channel join: Vexera#8487 (id 228537642583588864)
2018-04-27 19:34:28 #MUSIC ROOMâˆ¹â™ª Server self-deafen: Vexera#8487 (id 228537642583588864)
2018-04-27 19:34:38 #MUSIC ROOMâˆ¹â™ª Voice channel leave: ã€ğ†ğ‡ğğ’ğ“.ĞŒğ”§ğ”©ğ”©Ñ”Ñã€‘#5335 (id 411386699923456000)
2018-04-27 19:34:39 #MUSIC ROOMâˆ¹â™ª Voice channel join: ã€ğ†ğ‡ğğ’ğ“.ĞŒğ”§ğ”©ğ”©Ñ”Ñã€‘#5335 (id 411386699923456000), flags: self_mute
2018-04-27 19:36:27 #MUSIC ROOMâˆ¹â™ª Voice channel leave: ã€ğ†ğ‡ğğ’ğ“.ĞŒğ”§ğ”©ğ”©Ñ”Ñã€‘#5335 (id 411386699923456000)
2018-04-27 19:36:34 #MUSIC ROOMâˆ¹â™ª Voice channel join: ã€ğ†ğ‡ğğ’ğ“.ĞŒğ”§ğ”©ğ”©Ñ”Ñã€‘#5335 (id 411386699923456000), flags: self_mute
2018-04-27 19:42:17 #MUSIC ROOMâˆ¹â™ª Voice channel leave: Vexera#8487 (id 228537642583588864)
2018-04-27 19:42:37 #MUSIC ROOMâˆ¹â™ª Server self-undeafen: ã€ğ•‚ğ•€â„•ğ”¾.Ç¤á•¼ï¼¯ï¼³ï¼´ã€‘#7977 (id 434081158817382401)
2018-04-27 19:55:37 #MUSIC ROOMâˆ¹â™ª Voice channel join: Vexera#8487 (id 228537642583588864)
2018-04-27 19:55:38 #MUSIC ROOMâˆ¹â™ª Server self-deafen: Vexera#8487 (id 228537642583588864)
2018-04-27 20:04:55 #MUSIC ROOMâˆ¹â™ª Voice channel leave: ã€ğ•‚ğ•€â„•ğ”¾.Ç¤á•¼ï¼¯ï¼³ï¼´ã€‘#7977 (id 434081158817382401)
2018-04-27 20:05:08 #MUSIC ROOMâˆ¹â™ª Voice channel leave: ã€ğ†ğ‡ğğ’ğ“.ĞŒğ”§ğ”©ğ”©Ñ”Ñã€‘#5335 (id 411386699923456000)
2018-04-27 20:06:43 #MUSIC ROOMâˆ¹â™ª Voice channel join: ã€ğ•‚ğ•€â„•ğ”¾.Ç¤á•¼ï¼¯ï¼³ï¼´ã€‘#7977 (id 434081158817382401), flags: self_mute
2018-04-27 20:08:56 #MUSIC ROOMâˆ¹â™ª Voice channel leave: ã€ğ•‚ğ•€â„•ğ”¾.Ç¤á•¼ï¼¯ï¼³ï¼´ã€‘#7977 (id 434081158817382401)
2018-04-27 20:09:59 #MUSIC ROOMâˆ¹â™ª Voice channel join: ã€ğ•‚ğ•€â„•ğ”¾.Ç¤á•¼ï¼¯ï¼³ï¼´ã€‘#7977 (id 434081158817382401), flags: self_mute
2018-04-27 20:10:15 #MUSIC ROOMâˆ¹â™ª Server self-deafen: ã€ğ•‚ğ•€â„•ğ”¾.Ç¤á•¼ï¼¯ï¼³ï¼´ã€‘#7977 (id 434081158817382401)
2018-04-27 20:10:23 #MUSIC ROOMâˆ¹â™ª Voice channel join: Ğ¼ÌƒÌ¾à¸«$Å¢áº©Õ¢áº©#6939 (id 426350528130318347), flags: self_deaf
2018-04-27 20:10:26 #MUSIC ROOMâˆ¹â™ª Voice channel join: ã€ğ†ğ‡ğğ’ğ“.ĞŒğ”§ğ”©ğ”©Ñ”Ñã€‘#5335 (id 411386699923456000), flags: self_mute
2018-04-27 20:10:26 #MUSIC ROOMâˆ¹â™ª Server self-mute: Ğ¼ÌƒÌ¾à¸«$Å¢áº©Õ¢áº©#6939 (id 426350528130318347)
2018-04-27 20:24:03 #MUSIC ROOMâˆ¹â™ª Voice channel leave: ã€ğ†ğ‡ğğ’ğ“.ĞŒğ”§ğ”©ğ”©Ñ”Ñã€‘#5335 (id 411386699923456000)
2018-04-27 20:24:06 #MUSIC ROOMâˆ¹â™ª Voice channel leave: ã€ğ•‚ğ•€â„•ğ”¾.Ç¤á•¼ï¼¯ï¼³ï¼´ã€‘#7977 (id 434081158817382401)
2018-04-27 20:30:27 #MUSIC ROOMâˆ¹â™ª Voice channel leave: Vexera#8487 (id 228537642583588864)
2018-04-27 20:30:43 #MUSIC ROOMâˆ¹â™ª Voice channel join: ã€ğ•‚ğ•€â„•ğ”¾.Ç¤á•¼ï¼¯ï¼³ï¼´ã€‘#7977 (id 434081158817382401), flags: self_deaf,self_mute
2018-04-27 20:31:07 #MUSIC ROOMâˆ¹â™ª Voice channel join: ã€ğ†ğ‡ğğ’ğ“.ĞŒğ”§ğ”©ğ”©Ñ”Ñã€‘#5335 (id 411386699923456000), flags: self_mute
2018-04-27 20:32:45 #MUSIC ROOMâˆ¹â™ª Voice channel join: Vexera#8487 (id 228537642583588864), flags: self_deaf
2018-04-27 20:32:45 #MUSIC ROOMâˆ¹â™ª Server self-deafen: Vexera#8487 (id 228537642583588864)
2018-04-27 20:33:05 #MUSIC ROOMâˆ¹â™ª Server self-undeafen: ã€ğ•‚ğ•€â„•ğ”¾.Ç¤á•¼ï¼¯ï¼³ï¼´ã€‘#7977 (id 434081158817382401)
2018-04-27 20:33:13 #MUSIC ROOMâˆ¹â™ª Server self-deafen: ã€ğ•‚ğ•€â„•ğ”¾.Ç¤á•¼ï¼¯ï¼³ï¼´ã€‘#7977 (id 434081158817382401)
2018-04-27 20:37:30 #MUSIC ROOMâˆ¹â™ª Voice channel join: Ğ¼ÌƒÌ¾à¸«$Å¢áº©Õ¢áº©#6939 (id 426350528130318347), flags: self_deaf,self_mute
2018-04-27 20:38:11 #MUSIC ROOMâˆ¹â™ª Server self-undeafen: Ğ¼ÌƒÌ¾à¸«$Å¢áº©Õ¢áº©#6939 (id 426350528130318347)
2018-04-27 20:38:29 #MUSIC ROOMâˆ¹â™ª Server self-undeafen: ã€ğ•‚ğ•€â„•ğ”¾.Ç¤á•¼ï¼¯ï¼³ï¼´ã€‘#7977 (id 434081158817382401)
2018-04-27 20:38:34 #MUSIC ROOMâˆ¹â™ª Server self-deafen: ã€ğ•‚ğ•€â„•ğ”¾.Ç¤á•¼ï¼¯ï¼³ï¼´ã€‘#7977 (id 434081158817382401)
2018-04-27 20:39:20 #MUSIC ROOMâˆ¹â™ª Voice channel leave: Ğ¼ÌƒÌ¾à¸«$Å¢áº©Õ¢áº©#6939 (id 426350528130318347)
2018-04-27 20:41:15 #MUSIC ROOMâˆ¹â™ª Voice channel join: Ğ¼ÌƒÌ¾à¸«$Å¢áº©Õ¢áº©#6939 (id 426350528130318347), flags: self_mute
2018-04-27 20:41:20 #MUSIC ROOMâˆ¹â™ª Voice channel leave: Ğ¼ÌƒÌ¾à¸«$Å¢áº©Õ¢áº©#6939 (id 426350528130318347)
2018-04-27 20:41:22 #MUSIC ROOMâˆ¹â™ª Server self-undeafen: ã€ğ•‚ğ•€â„•ğ”¾.Ç¤á•¼ï¼¯ï¼³ï¼´ã€‘#7977 (id 434081158817382401)
2018-04-27 20:45:19 #MUSIC ROOMâˆ¹â™ª Voice channel join: Ğ¼ÌƒÌ¾à¸«$Å¢áº©Õ¢áº©#6939 (id 426350528130318347), flags: self_mute
2018-04-27 20:45:46 #MUSIC ROOMâˆ¹â™ª Voice channel leave: Ğ¼ÌƒÌ¾à¸«$Å¢áº©Õ¢áº©#6939 (id 426350528130318347)
2018-04-27 20:49:13 #MUSIC ROOMâˆ¹â™ª Voice channel join: Ğ¼ÌƒÌ¾à¸«$Å¢áº©Õ¢áº©#6939 (id 426350528130318347), flags: self_mute
2018-04-27 20:50:06 #MUSIC ROOMâˆ¹â™ª Voice channel leave: ã€ğ†ğ‡ğğ’ğ“.ĞŒğ”§ğ”©ğ”©Ñ”Ñã€‘#5335 (id 411386699923456000)
2018-04-27 20:50:10 #MUSIC ROOMâˆ¹â™ª Voice channel join: ã€ğ†ğ‡ğğ’ğ“.ĞŒğ”§ğ”©ğ”©Ñ”Ñã€‘#5335 (id 411386699923456000), flags: self_mute
2018-04-27 20:50:18 #MUSIC ROOMâˆ¹â™ª Voice channel leave: ã€ğ†ğ‡ğğ’ğ“.ĞŒğ”§ğ”©ğ”©Ñ”Ñã€‘#5335 (id 411386699923456000)
2018-04-27 20:50:21 #MUSIC ROOMâˆ¹â™ª Voice channel join: ã€ğ†ğ‡ğğ’ğ“.ĞŒğ”§ğ”©ğ”©Ñ”Ñã€‘#5335 (id 411386699923456000), flags: self_mute
2018-04-27 20:52:43 #MUSIC ROOMâˆ¹â™ª Voice channel join: ã€ğ•‚ğ•€â„•ğ”¾.Ç¤á•¼ï¼¯ï¼³ï¼´ã€‘#7977 (id 434081158817382401), flags: self_mute
2018-04-27 20:52:58 #MUSIC ROOMâˆ¹â™ª Voice channel leave: ã€ğ•‚ğ•€â„•ğ”¾.Ç¤á•¼ï¼¯ï¼³ï¼´ã€‘#7977 (id 434081158817382401) moving to PUPLIC ROOM 3âˆ¹â˜•
2018-04-27 20:53:04 #MUSIC ROOMâˆ¹â™ª Voice channel join: ã€ğ•‚ğ•€â„•ğ”¾.Ç¤á•¼ï¼¯ï¼³ï¼´ã€‘#7977 (id 434081158817382401), moved from PUPLIC ROOM 3âˆ¹â˜•, flags: self_mute
2018-04-27 21:03:14 #MUSIC ROOMâˆ¹â™ª Voice channel leave: ã€ğ•‚ğ•€â„•ğ”¾.Ç¤á•¼ï¼¯ï¼³ï¼´ã€‘#7977 (id 434081158817382401) moving to A.F.K
2018-04-27 21:07:54 #MUSIC ROOMâˆ¹â™ª Voice channel leave: Ğ¼ÌƒÌ¾à¸«$Å¢áº©Õ¢áº©#6939 (id 426350528130318347)
2018-04-27 21:15:12 #MUSIC ROOMâˆ¹â™ª Voice channel leave: ã€ğ†ğ‡ğğ’ğ“.ĞŒğ”§ğ”©ğ”©Ñ”Ñã€‘#5335 (id 411386699923456000) moving to âœ¦ã€–Minecraftã€—
2018-04-27 21:15:25 #MUSIC ROOMâˆ¹â™ª Voice channel join: ã€ğ†ğ‡ğğ’ğ“.ĞŒğ”§ğ”©ğ”©Ñ”Ñã€‘#5335 (id 411386699923456000), flags: self_mute
2018-04-27 21:16:49 #MUSIC ROOMâˆ¹â™ª Voice channel leave: ã€ğ†ğ‡ğğ’ğ“.ĞŒğ”§ğ”©ğ”©Ñ”Ñã€‘#5335 (id 411386699923456000)
2018-04-27 21:18:38 #MUSIC ROOMâˆ¹â™ª Voice channel leave: Vexera#8487 (id 228537642583588864)
2018-04-28 04:25:18 #âœ¦ã€–MUSIC ROOMã€— Voice channel join: ã€ğ•‚ğ•€â„•ğ”¾.Ç¤á•¼ï¼¯ï¼³ï¼´ã€‘#7977 (id 434081158817382401), moved from âœ¦ã€–MUSIC ROOMã€—, flags: self_mute
2018-04-28 04:25:22 #âœ¦ã€–MUSIC ROOMã€— Voice channel leave: ã€ğ•‚ğ•€â„•ğ”¾.Ç¤á•¼ï¼¯ï¼³ï¼´ã€‘#7977 (id 434081158817382401) moving to âœ¦ã€–Minecraftã€—
