2018-04-19 22:23:14 #events-فعاليات @〖ĆỔмmАП₫Ẽя〗#5335: يله
2018-04-19 22:23:17 #events-فعاليات @〖ĆỔмmАП₫Ẽя〗#5335: جهازين
2018-04-19 22:24:36 #events-فعاليات @〖ĆỔмmАП₫Ẽя〗#5335: جهازين
2018-04-19 22:24:45 #events-فعاليات @〖ĆỔмmАП₫Ẽя〗#5335: الي جاهز يكتب تم
2018-04-19 22:26:14 #events-فعاليات @┗ĿÊĄĎếŗ┓#1240: ن
2018-04-19 22:26:16 #events-فعاليات @┗ĿÊĄĎếŗ┓#1240: تن
2018-04-19 22:26:18 #events-فعاليات @┗ĿÊĄĎếŗ┓#1240: تم
2018-04-19 22:26:51 #events-فعاليات @p͠r͠i͠n͠c͠e͠s͠s͠#2079: تم
2018-04-19 22:27:06 #events-فعاليات @┗ĿÊĄĎếŗ┓#1240: يلة
2018-04-19 22:27:09 #events-فعاليات @┗ĿÊĄĎếŗ┓#1240: 3
2018-04-19 22:27:10 #events-فعاليات @〖ĆỔмmАП₫Ẽя〗#5335: ماذا يقع وسط بغداد
2018-04-19 22:27:10 #events-فعاليات @┗ĿÊĄĎếŗ┓#1240: 2
2018-04-19 22:27:12 #events-فعاليات @┗ĿÊĄĎếŗ┓#1240: 1
2018-04-19 22:27:13 #events-فعاليات @〖ĆỔмmАП₫Ẽя〗#5335: ماذا يقع وسط بغداد
2018-04-19 22:27:15 #events-فعاليات @〖ĆỔмmАП₫Ẽя〗#5335: ماذا يقع وسط بغداد؟
2018-04-19 22:27:37 #events-فعاليات @┗ĿÊĄĎếŗ┓#1240: ما اعرف ااني
2018-04-19 22:27:42 #events-فعاليات @p͠r͠i͠n͠c͠e͠s͠s͠#2079: مدينه
2018-04-19 22:27:45 #events-فعاليات @p͠r͠i͠n͠c͠e͠s͠s͠#2079: مدينه
2018-04-19 22:27:50 #events-فعاليات @〖ĆỔмmАП₫Ẽя〗#5335: غلط
2018-04-19 22:28:00 #events-فعاليات @〖ĆỔмmАП₫Ẽя〗#5335: اكول
2018-04-19 22:28:05 #events-فعاليات @┗ĿÊĄĎếŗ┓#1240: كول
2018-04-19 22:28:07 #events-فعاليات @〖ĆỔмmАП₫Ẽя〗#5335: حرف الدال
2018-04-19 22:28:10 #events-فعاليات @〖ĆỔмmАП₫Ẽя〗#5335: حرف الدال
2018-04-19 22:28:30 #events-فعاليات @┗ĿÊĄĎếŗ┓#1240: اي
2018-04-19 22:28:35 #events-فعاليات @┗ĿÊĄĎếŗ┓#1240: يلة بعد
2018-04-19 22:28:38 #events-فعاليات @〖ĆỔмmАП₫Ẽя〗#5335: ثواني
2018-04-19 22:28:44 #events-فعاليات @〖ĆỔмmАП₫Ẽя〗#5335: انتضر لحد يجز الى اني ادز
2018-04-19 22:29:29 #events-فعاليات @〖ĆỔмmАП₫Ẽя〗#5335: ما الذي مات ولم يولد ؟
2018-04-19 22:29:40 #events-فعاليات @〖ĆỔмmАП₫Ẽя〗#5335: ما الذي مات ولم يولد ؟
2018-04-19 22:29:52 #events-فعاليات @〖ĆỔмmАП₫Ẽя〗#5335: هو اسم نبي
2018-04-19 22:29:54 #events-فعاليات @┗ĿÊĄĎếŗ┓#1240: ما اعرف
2018-04-19 22:29:58 #events-فعاليات @〖ĆỔмmАП₫Ẽя〗#5335: اسم نبي
2018-04-19 22:30:04 #events-فعاليات @┗ĿÊĄĎếŗ┓#1240: يونس
2018-04-19 22:30:07 #events-فعاليات @p͠r͠i͠n͠c͠e͠s͠s͠#2079: اه ادم عليه السلام
2018-04-19 22:30:12 #events-فعاليات @〖ĆỔмmАП₫Ẽя〗#5335: صح @p͠r͠i͠n͠c͠e͠s͠s͠
2018-04-19 22:30:24 #events-فعاليات @┗ĿÊĄĎếŗ┓#1240: كمل
2018-04-19 22:30:35 #events-فعاليات @〖ĆỔмmАП₫Ẽя〗#5335: اني شكلت
2018-04-19 22:30:39 #events-فعاليات @〖ĆỔмmАП₫Ẽя〗#5335: انت تفتهم لو لا
2018-04-19 22:31:30 #events-فعاليات @〖ĆỔмmАП₫Ẽя〗#5335: ما هو البيت الذي لا يسكن ( ليس فيه أبواب ولا نوافذ) ؟
2018-04-19 22:31:33 #events-فعاليات @〖ĆỔмmАП₫Ẽя〗#5335: ما هو البيت الذي لا يسكن ( ليس فيه أبواب ولا نوافذ) ؟
2018-04-19 22:31:41 #events-فعاليات @〖ĆỔмmАП₫Ẽя〗#5335: فكرو بيه
2018-04-19 22:31:47 #events-فعاليات @〖ĆỔмmАП₫Ẽя〗#5335: سهل هو بيت حيوان
2018-04-19 22:31:52 #events-فعاليات @〖ĆỔмmАП₫Ẽя〗#5335: مو بين بيت حيوان
2018-04-19 22:32:07 #events-فعاليات @p͠r͠i͠n͠c͠e͠s͠s͠#2079: نمله
2018-04-19 22:32:12 #events-فعاليات @〖ĆỔмmАП₫Ẽя〗#5335: غلط
2018-04-19 22:32:22 #events-فعاليات @┗ĿÊĄĎếŗ┓#1240: العنكبوت
2018-04-19 22:32:25 #events-فعاليات @〖ĆỔмmАП₫Ẽя〗#5335: صح
2018-04-19 22:32:27 #events-فعاليات @〖ĆỔмmАП₫Ẽя〗#5335: من كلك
2018-04-19 22:32:29 #events-فعاليات @〖ĆỔмmАП₫Ẽя〗#5335: عليه
2018-04-19 22:32:34 #events-فعاليات @┗ĿÊĄĎếŗ┓#1240: محد
2018-04-19 22:32:38 #events-فعاليات @┗ĿÊĄĎếŗ┓#1240: اني
2018-04-19 22:32:47 #events-فعاليات @〖ĆỔмmАП₫Ẽя〗#5335: 1-1
2018-04-19 22:32:48 #events-فعاليات @〖ĆỔмmАП₫Ẽя〗#5335: يسمع بلا أذن ويتكلم بلا لسان فما هو ؟
2018-04-19 22:32:56 #events-فعاليات @〖ĆỔмmАП₫Ẽя〗#5335: يسمع بلا أذن ويتكلم بلا لسان فما هو ؟
2018-04-19 22:33:33 #events-فعاليات @┗ĿÊĄĎếŗ┓#1240: صعب
2018-04-19 22:33:37 #events-فعاليات @〖ĆỔмmАП₫Ẽя〗#5335: سهل
2018-04-19 22:33:43 #events-فعاليات @p͠r͠i͠n͠c͠e͠s͠s͠#2079: الراديو
2018-04-19 22:33:45 #events-فعاليات @p͠r͠i͠n͠c͠e͠s͠s͠#2079: او المسجل
2018-04-19 22:33:48 #events-فعاليات @〖ĆỔмmАП₫Ẽя〗#5335: صح
2018-04-19 22:33:49 #events-فعاليات @〖ĆỔмmАП₫Ẽя〗#5335: صح
2018-04-19 22:33:49 #events-فعاليات @〖ĆỔмmАП₫Ẽя〗#5335: صح
2018-04-19 22:34:01 #events-فعاليات @〖ĆỔмmАП₫Ẽя〗#5335: 2-1
2018-04-19 22:34:52 #events-فعاليات @〖ĆỔмmАП₫Ẽя〗#5335: هو له رأس ولا عين له، وهي لها عين ولا رأس لها، ما هما ؟
2018-04-19 22:34:53 #events-فعاليات @〖ĆỔмmАП₫Ẽя〗#5335: هو له رأس ولا عين له، وهي لها عين ولا رأس لها، ما هما ؟
2018-04-19 22:35:17 #events-فعاليات @┗ĿÊĄĎếŗ┓#1240: الدنبوس
2018-04-19 22:35:23 #events-فعاليات @〖ĆỔмmАП₫Ẽя〗#5335: صح
2018-04-19 22:35:27 #events-فعاليات @〖ĆỔмmАП₫Ẽя〗#5335: 2-2
2018-04-19 22:35:51 #events-فعاليات @〖ĆỔмmАП₫Ẽя〗#5335: ما هو الشيء الذي يمشي و يقف وليس له أرجـل
2018-04-19 22:35:51 #events-فعاليات @〖ĆỔмmАП₫Ẽя〗#5335: ما هو الشيء الذي يمشي و يقف وليس له أرجـل
2018-04-19 22:35:52 #events-فعاليات @〖ĆỔмmАП₫Ẽя〗#5335: ؟؟
2018-04-19 22:35:54 #events-فعاليات @〖ĆỔмmАП₫Ẽя〗#5335: ؟
2018-04-19 22:36:03 #events-فعاليات @┗ĿÊĄĎếŗ┓#1240: الساعة
2018-04-19 22:36:07 #events-فعاليات @〖ĆỔмmАП₫Ẽя〗#5335: غلط
2018-04-19 22:36:08 #events-فعاليات @〖ĆỔмmАП₫Ẽя〗#5335: غلط
2018-04-19 22:36:08 #events-فعاليات @┗ĿÊĄĎếŗ┓#1240: البنكة
2018-04-19 22:36:13 #events-فعاليات @〖ĆỔмmАП₫Ẽя〗#5335: غبط
2018-04-19 22:36:28 #events-فعاليات @p͠r͠i͠n͠c͠e͠s͠s͠#2079: بسكليته
2018-04-19 22:36:31 #events-فعاليات @〖ĆỔмmАП₫Ẽя〗#5335: غلط
2018-04-19 22:36:49 #events-فعاليات @〖ĆỔмmАП₫Ẽя〗#5335: يله
2018-04-19 22:37:15 #events-فعاليات @┗ĿÊĄĎếŗ┓#1240: وضح
2018-04-19 22:37:22 #events-فعاليات @〖ĆỔмmАП₫Ẽя〗#5335: سهل
2018-04-19 22:37:24 #events-فعاليات @〖ĆỔмmАП₫Ẽя〗#5335: ماكدر
2018-04-19 22:37:30 #events-فعاليات @p͠r͠i͠n͠c͠e͠s͠s͠#2079: عرفت
2018-04-19 22:37:32 #events-فعاليات @p͠r͠i͠n͠c͠e͠s͠s͠#2079: عرفت
2018-04-19 22:37:34 #events-فعاليات @p͠r͠i͠n͠c͠e͠s͠s͠#2079: السياره
2018-04-19 22:37:39 #events-فعاليات @〖ĆỔмmАП₫Ẽя〗#5335: صح
2018-04-19 22:37:39 #events-فعاليات @〖ĆỔмmАП₫Ẽя〗#5335: صح
2018-04-19 22:37:43 #events-فعاليات @〖ĆỔмmАП₫Ẽя〗#5335: 3-2
2018-04-19 22:38:01 #events-فعاليات @〖ĆỔмmАП₫Ẽя〗#5335: اسير بلا رجلين ولا ادخل إلا بالاذنين فمن انا ؟
2018-04-19 22:38:02 #events-فعاليات @〖ĆỔмmАП₫Ẽя〗#5335: اسير بلا رجلين ولا ادخل إلا بالاذنين فمن انا ؟
2018-04-19 22:38:03 #events-فعاليات @〖ĆỔмmАП₫Ẽя〗#5335: ؟
2018-04-19 22:38:03 #events-فعاليات @〖ĆỔмmАП₫Ẽя〗#5335: ؟
2018-04-19 22:38:35 #events-فعاليات @〖ĆỔмmАП₫Ẽя〗#5335: ؟\n؟\n؟\n؟\n؟
2018-04-19 22:38:54 #events-فعاليات @┗ĿÊĄĎếŗ┓#1240: الصوت
2018-04-19 22:38:59 #events-فعاليات @〖ĆỔмmАП₫Ẽя〗#5335: صح
2018-04-19 22:39:01 #events-فعاليات @〖ĆỔмmАП₫Ẽя〗#5335: 3-3
2018-04-19 22:39:34 #events-فعاليات @〖ĆỔмmАП₫Ẽя〗#5335: 35) أربعة عصافير على شجرة. جاء صياد و ضرب سهما فأصاب عصفورا .فكم عصفورا سيبقى على الشجرة
2018-04-19 22:39:39 #events-فعاليات @〖ĆỔмmАП₫Ẽя〗#5335: 35) أربعة عصافير على شجرة. جاء صياد و ضرب سهما فأصاب عصفورا .فكم عصفورا سيبقى على الشجرة
2018-04-19 22:40:22 #events-فعاليات @┗ĿÊĄĎếŗ┓#1240: 3
2018-04-19 22:40:28 #events-فعاليات @〖ĆỔмmАП₫Ẽя〗#5335: غلط
2018-04-19 22:40:53 #events-فعاليات @┗ĿÊĄĎếŗ┓#1240: 2
2018-04-19 22:41:01 #events-فعاليات @〖ĆỔмmАП₫Ẽя〗#5335: غل
2018-04-19 22:41:10 #events-فعاليات @p͠r͠i͠n͠c͠e͠s͠s͠#2079: ولا واحد لان يطرو
2018-04-19 22:41:11 #events-فعاليات @p͠r͠i͠n͠c͠e͠s͠s͠#2079: كلهم
2018-04-19 22:41:15 #events-فعاليات @〖ĆỔмmАП₫Ẽя〗#5335: صخ
2018-04-19 22:41:16 #events-فعاليات @┗ĿÊĄĎếŗ┓#1240: صح
2018-04-19 22:41:22 #events-فعاليات @〖ĆỔмmАП₫Ẽя〗#5335: 3-3
2018-04-19 22:41:29 #events-فعاليات @〖ĆỔмmАП₫Ẽя〗#5335: انتهت
2018-04-19 22:41:30 #events-فعاليات @〖ĆỔмmАП₫Ẽя〗#5335: انتهت
2018-04-19 22:41:51 #events-فعاليات @┗ĿÊĄĎếŗ┓#1240: خل انسولف cat
2018-04-19 22:41:55 #events-فعاليات @〖ĆỔмmАП₫Ẽя〗#5335: يله
