2018-04-26 16:12:17 #music @Ib#7097: ?nico
2018-04-26 16:12:24 #music @Ib#7097: :”u
2018-04-26 16:12:28 #music @Ib#7097: Ah
2018-04-26 16:12:32 #music @Ib#7097: Que no está metido
2018-04-26 16:13:46 #music @Ib#7097: Ah spera
2018-04-26 16:25:35 #music @Aiden Pearce#7493: ?p https://www.youtube.com/watch?v=qgcUOjMAK_w
2018-04-26 16:25:35 #music @Astolfo#0628: 
2018-04-26 16:25:35 #music @Astolfo#0628 edited message from 2018-04-26 16:25:35 () to read: 
2018-04-26 16:25:35 #music @Astolfo#0628 deleted message from 2018-04-26 16:25:35 ()
2018-04-26 16:25:35 #music @Astolfo#0628: 
2018-04-26 16:25:35 #music @Aiden Pearce#7493 edited message from 2018-04-26 16:25:35 (?p https://www.youtube.com/watch?v=qgcUOjMAK_w) to read: ?p https://www.youtube.com/watch?v=qgcUOjMAK_w
2018-04-26 16:25:35 #music @Astolfo#0628 edited message from 2018-04-26 16:25:35 () to read: 
2018-04-26 16:25:35 #music @Astolfo#0628: 
2018-04-26 16:25:35 #music @Astolfo#0628 edited message from 2018-04-26 16:25:35 () to read: 
2018-04-26 16:25:38 #music @Aiden Pearce#7493 deleted message from 2018-04-26 16:25:35 (?p https://www.youtube.com/watch?v=qgcUOjMAK_w)
2018-04-26 16:28:06 #music @Astolfo#0628: 
2018-04-26 16:28:06 #music @Astolfo#0628 edited message from 2018-04-26 16:28:06 () to read: 
2018-04-26 16:28:07 #music @Astolfo#0628 deleted message from 2018-04-26 16:25:35 ()
2018-04-26 16:30:01 #music @Astolfo#0628 deleted message from 2018-04-26 16:28:06 ()
2018-04-26 16:30:01 #music @Astolfo#0628: 
2018-04-26 16:30:01 #music @Astolfo#0628 edited message from 2018-04-26 16:30:01 () to read: 
2018-04-26 16:34:15 #music @Astolfo#0628: Disconnected due to no songs being queued...
2018-04-26 16:34:16 #music @Ib#7097: *invite
2018-04-26 16:34:21 #music @Ib#7097: uuuis
2018-04-26 16:34:23 #music @Ib#7097: a veh
2018-04-26 16:35:40 #music @Naxa|<3|#5260: xdxdxd
2018-04-26 16:36:56 #music @Naxa|<3|#5260: numa
2018-04-26 16:36:58 #music @Naxa|<3|#5260: la sinon
2018-04-26 16:37:06 #music @Naxa|<3|#5260: la waffle cantante
2018-04-26 16:37:19 #music @Ib#7097: seeeeeh
2018-04-26 16:40:17 #music @Ib#7097: wtf Aiden?
