2018-05-01 18:48:15 this bot joined the server
2018-05-01 18:48:15 Role created: 'Synapse' (id 440947580634136586)
2018-05-01 18:48:15 Member role add: 'Synapse' role was added to @Synapse#0692
2018-05-01 18:48:31 Role created: 'new role' (id 440947648711622668)
2018-05-01 18:48:37 Role permissions: 'Synapse' changed from 8 to 262216
2018-05-01 18:48:37 Role permissions: 'Tatsumaki' changed from 12659727 to 12921935
2018-05-01 18:48:37 Role position: 'Jail Bait' changed from 3 to 4
2018-05-01 18:48:37 Role position: 'Umbreon' changed from 4 to 5
2018-05-01 18:48:37 Role position: 'Members' changed from 5 to 6
2018-05-01 18:48:37 Role position: 'Savitar' changed from 6 to 7
2018-05-01 18:48:37 Role position: 'Assistants' changed from 7 to 8
2018-05-01 18:48:37 Role position: 'Veggie' changed from 8 to 9
2018-05-01 18:48:37 Role position: 'Kirby' changed from 9 to 10
2018-05-01 18:48:37 Role position: 'Master' changed from 10 to 11
2018-05-01 18:48:37 Role position: 'Owners' changed from 11 to 12
2018-05-01 18:48:37 Role position: 'Managers' changed from 12 to 13
2018-05-01 18:48:37 Role renamed: 'new role' to 'BOT'
2018-05-01 18:48:42 Role position: 'Synapse' changed from 2 to 1
2018-05-01 18:48:42 Role position: 'Tatsumaki' changed from 3 to 2
2018-05-01 18:48:42 Role position: 'Jail Bait' changed from 4 to 3
2018-05-01 18:48:42 Role position: 'Umbreon' changed from 5 to 4
2018-05-01 18:48:42 Role position: 'Members' changed from 6 to 5
2018-05-01 18:48:42 Role position: 'BOT' changed from 1 to 6
2018-05-01 18:48:55 Role permissions: 'Owners' changed from 104324163 to 372759619
2018-05-01 18:48:56 Role permissions: 'BOT' changed from 104193089 to 372628553
2018-05-01 18:49:42 Member role add: 'BOT' role was added to @Tatsumaki#8792
2018-05-01 18:49:43 Member role remove: The 'Assistants' role was removed from @Tatsumaki#8792
2018-05-01 18:49:54 Member role add: 'BOT' role was added to @Synapse#0692
2018-05-01 18:49:56 Member role add: 'BOT' role was added to @Savitar#2150
2018-05-01 18:49:57 Member leave: @Savitar-2#0623 (id 427853822593990657)
2018-05-01 18:49:59 Member role remove: The 'Owners' role was removed from @Savitar#2150
2018-05-01 18:50:06 Member join: @Savitar-2#0623 (id 427853822593990657)
2018-05-01 18:50:06 Member role add: 'Members' role was added to @Savitar-2#0623
2018-05-01 18:50:06 Member role add: 'Members' role was added to @Savitar-2#0623
2018-05-01 18:50:11 Member role remove: The 'Assistants' role was removed from @Savitar#2150
2018-05-01 18:50:44 Role created: 'new role' (id 440948204440256512)
2018-05-01 18:50:59 Role renamed: 'new role' to 'Rainbow'
2018-05-01 18:50:59 Role hoist: 'Rainbow' is now shown seperately
2018-05-01 18:51:07 Role position: 'Synapse' changed from 2 to 1
2018-05-01 18:51:07 Role position: 'Tatsumaki' changed from 3 to 2
2018-05-01 18:51:07 Role position: 'Jail Bait' changed from 4 to 3
2018-05-01 18:51:07 Role position: 'Umbreon' changed from 5 to 4
2018-05-01 18:51:07 Role hoist: 'Rainbow' is no longer shown seperately
2018-05-01 18:51:07 Role position: 'Rainbow' changed from 1 to 5
2018-05-01 18:51:07 Role hoist: 'Rainbow' is no longer shown seperately
2018-05-01 18:51:33 Member role add: 'Rainbow' role was added to @Dally#0001
2018-05-01 18:52:15 Member join: @Ghostplay R2#1298 (id 435829986772123658)
2018-05-01 18:52:15 Member role add: 'Ghostplay R2' role was added to @Ghostplay R2#1298
2018-05-01 18:52:15 Role created: 'Ghostplay R2' (id 440948584469233665)
2018-05-01 18:52:15 Member role add: 'Ghostplay R2' role was added to @Ghostplay R2#1298
2018-05-01 18:52:17 Role deleted: 'Ghostplay R2' (id 440948584469233665)
2018-05-01 18:52:17 Member leave: @Ghostplay R2#1298 (id 435829986772123658)
2018-05-01 18:52:22 Role deleted: 'Synapse' (id 440947580634136586)
2018-05-01 18:52:22 Member leave: @Synapse#0692 (id 435538622293344266)
2018-05-01 18:52:22 this bot left the server
