2018-04-23 18:07:06 #General Voice channel join: Synapse#0692 (id 435538622293344266)
2018-04-23 18:28:26 #General Voice channel leave: YT_PanDa#9050 (id 371656227396124672)
2018-04-23 18:28:27 #General Voice channel join: YT_PanDa#9050 (id 371656227396124672)
2018-04-23 18:28:38 #General Voice channel leave: Synapse#0692 (id 435538622293344266) moving to afk
2018-04-23 18:28:39 #General Voice channel leave: YT_PanDa#9050 (id 371656227396124672) moving to afk
2018-04-23 18:28:42 #General Voice channel join: YT_PanDa#9050 (id 371656227396124672), moved from afk
2018-04-23 18:28:50 #General Voice channel join: Synapse#0692 (id 435538622293344266), moved from afk
2018-04-23 18:29:34 #General Server deafen: Synapse#0692 (id 435538622293344266)
2018-04-23 18:29:35 #General Server undeafen: Synapse#0692 (id 435538622293344266)
2018-04-23 18:29:36 #General Server mute: Synapse#0692 (id 435538622293344266)
2018-04-23 18:29:36 #General Server unmute: Synapse#0692 (id 435538622293344266)
2018-04-23 18:31:35 #General Voice channel leave: Synapse#0692 (id 435538622293344266)
2018-04-23 18:31:54 #General Voice channel join: Synapse#0692 (id 435538622293344266)
2018-04-23 18:35:49 #General Voice channel leave: Synapse#0692 (id 435538622293344266)
2018-04-23 18:38:22 #General Voice channel leave: Flexible144#5606 (id 233264281234178048)
2018-04-23 18:38:23 #General Voice channel join: Flexible144#5606 (id 233264281234178048)
2018-04-23 18:45:37 #General Voice channel leave: Flexible144#5606 (id 233264281234178048)
2018-04-23 18:45:45 #General Voice channel join: Flexible144#5606 (id 233264281234178048)
2018-04-23 18:54:02 #General Voice channel leave: Flexible144#5606 (id 233264281234178048)
2018-04-23 18:55:36 #General Voice channel leave: YT_PanDa#9050 (id 371656227396124672)
2018-04-23 18:56:19 #General Voice channel join: YT_PanDa#9050 (id 371656227396124672)
2018-04-23 18:56:25 #General Voice channel leave: YT_PanDa#9050 (id 371656227396124672)
2018-04-23 19:09:24 #General Voice channel join: YT_PanDa#9050 (id 371656227396124672)
2018-04-23 19:55:45 #General Voice channel join: Synapse#0692 (id 435538622293344266)
2018-04-23 19:55:47 #General Voice channel leave: Synapse#0692 (id 435538622293344266)
2018-04-23 19:56:22 #General Voice channel join: Synapse#0692 (id 435538622293344266)
2018-04-23 20:47:26 #General Voice channel leave: Synapse#0692 (id 435538622293344266)
2018-04-23 20:48:00 #General Voice channel leave: YT_PanDa#9050 (id 371656227396124672)
2018-04-27 13:23:26 #General Voice channel join: YT_PanDa#9050 (id 371656227396124672)
2018-04-27 13:23:27 #General Voice channel leave: YT_PanDa#9050 (id 371656227396124672)
