2018-04-21 19:19:07 this bot joined the server
2018-04-21 19:19:07 Role created: 'Synapse' (id 437331470269415471)
2018-04-21 19:19:07 Member role add: 'Synapse' role was added to @Synapse#0692
2018-04-21 19:19:11 Member role add: 'BOTS' role was added to @Synapse#0692
2018-04-21 19:19:57 Role permissions: 'Ghostplay R2' changed from 268520465 to 268782673
2018-04-21 19:19:57 Role permissions: 'Loritta' changed from 536870912 to 537133120
2018-04-21 19:19:57 Role position: 'Loritta' changed from 2 to 3
2018-04-21 19:19:57 Role position: 'RLTrader' changed from 2 to 4
2018-04-21 19:19:57 Role position: 'MemeBot' changed from 3 to 5
2018-04-21 19:19:57 Role position: 'Cool Clothes' changed from 4 to 6
2018-04-21 19:19:57 Role position: '.' changed from 5 to 7
2018-04-21 19:19:57 Role position: 'BOTS' changed from 6 to 8
2018-04-21 19:19:57 Role position: 'Doidos Loko' changed from 7 to 9
2018-04-21 19:19:57 Role position: 'Rei do PUB' changed from 8 to 10
2018-04-21 19:19:58 Role permissions: 'Ghostplay R2' changed from 268782673 to 268520473
2018-04-21 19:21:19 Channel created: creusa-gorda
2018-04-21 19:21:27 Channel overwrites: creusa-gorda (437332023842045971): role Rei do PUB (398326045507452940) added with values 0, 0
2018-04-21 19:21:30 Channel overwrites: creusa-gorda (437332023842045971): role Ghostplay R2 (437331396948787212) added with values 0, 0
2018-04-21 19:21:35 Channel overwrites: creusa-gorda (437332023842045971): role @everyone (398324692877836288) added with values 0, 3072
2018-04-21 19:24:20 Role position: 'Loritta' changed from 3 to 2
2018-04-21 19:24:20 Role position: 'RLTrader' changed from 4 to 3
2018-04-21 19:24:20 Role position: 'MemeBot' changed from 5 to 4
2018-04-21 19:24:20 Role position: 'Cool Clothes' changed from 6 to 5
2018-04-21 19:24:20 Role position: '.' changed from 7 to 6
2018-04-21 19:24:20 Role position: 'BOTS' changed from 8 to 7
2018-04-21 19:24:20 Role position: 'Doidos Loko' changed from 9 to 8
2018-04-21 19:24:20 Role position: 'Rei do PUB' changed from 10 to 9
2018-04-21 19:24:20 Role position: 'Ghostplay R2' changed from 2 to 10
2018-04-21 19:27:01 Role color: 'Rei do PUB' changed from #2ecc71 to #52c833
2018-04-21 19:27:16 Role color: 'Rei do PUB' changed from #52c833 to #ad313e
2018-04-21 19:27:21 Channel deleted: creusa-gorda
2018-04-21 19:27:26 Role color: 'Rei do PUB' changed from #ad313e to #b4c615
2018-04-21 19:27:35 Role color: 'Rei do PUB' changed from #b4c615 to #1fd90d
2018-04-21 19:27:50 Role color: 'Rei do PUB' changed from #1fd90d to #ea66ce
2018-04-21 19:28:05 Role color: 'Rei do PUB' changed from #ea66ce to #66bf67
2018-04-21 19:28:21 Role color: 'Rei do PUB' changed from #66bf67 to #c16fbb
2018-04-21 19:28:37 Role color: 'Rei do PUB' changed from #c16fbb to #ca1f4e
2018-04-21 19:28:46 Role color: 'Rei do PUB' changed from #ca1f4e to #b196d6
2018-04-21 19:28:56 Role color: 'Rei do PUB' changed from #b196d6 to #509d64
2018-04-21 19:29:05 Role color: 'Rei do PUB' changed from #509d64 to #bbcb48
2018-04-21 19:29:15 Role color: 'Rei do PUB' changed from #bbcb48 to #9631a9
2018-04-21 19:29:24 Role color: 'Rei do PUB' changed from #9631a9 to #a6dad5
2018-04-21 19:29:33 Role color: 'Rei do PUB' changed from #a6dad5 to #420bf4
2018-04-21 19:29:53 Role color: 'Rei do PUB' changed from #420bf4 to #756baa
2018-04-21 19:30:02 Role color: 'Rei do PUB' changed from #756baa to #166b31
2018-04-21 19:30:18 Role color: 'Rei do PUB' changed from #166b31 to #1fed2c
2018-04-21 19:30:29 Role color: 'Rei do PUB' changed from #1fed2c to #d907d4
2018-04-21 19:30:43 Role color: 'Rei do PUB' changed from #d907d4 to #6ad385
2018-04-21 19:30:52 Role color: 'Rei do PUB' changed from #6ad385 to #0b3221
2018-04-21 19:31:02 Role color: 'Rei do PUB' changed from #0b3221 to #bc6b2a
2018-04-21 19:31:17 Role color: 'Rei do PUB' changed from #bc6b2a to #f6bb94
2018-04-21 19:31:27 Role color: 'Rei do PUB' changed from #f6bb94 to #1e3823
2018-04-21 19:31:36 Role color: 'Rei do PUB' changed from #1e3823 to #36702d
2018-04-21 19:31:45 Role color: 'Rei do PUB' changed from #36702d to #30df8a
2018-04-21 19:31:55 Role color: 'Rei do PUB' changed from #30df8a to #e1d819
2018-04-21 19:32:05 Role color: 'Rei do PUB' changed from #e1d819 to #d5a6ea
2018-04-21 19:32:15 Role color: 'Rei do PUB' changed from #d5a6ea to #2163ae
2018-04-21 19:32:24 Role color: 'Rei do PUB' changed from #2163ae to #17c2d6
2018-04-21 19:32:34 Role color: 'Rei do PUB' changed from #17c2d6 to #ce4e74
2018-04-21 19:32:44 Role color: 'Rei do PUB' changed from #ce4e74 to #676076
2018-04-21 19:32:58 Role color: 'Rei do PUB' changed from #676076 to #9e88fb
2018-04-21 19:33:08 Role color: 'Rei do PUB' changed from #9e88fb to #d098eb
2018-04-21 19:33:18 Role color: 'Rei do PUB' changed from #d098eb to #6eb2e5
2018-04-21 19:33:27 Role color: 'Rei do PUB' changed from #6eb2e5 to #5a7945
2018-04-21 19:33:36 Role color: 'Rei do PUB' changed from #5a7945 to #6feedd
2018-04-21 19:33:45 Role color: 'Rei do PUB' changed from #6feedd to #300b37
2018-04-21 19:34:03 Role color: 'Rei do PUB' changed from #300b37 to #13b578
2018-04-21 19:34:14 Role color: 'Rei do PUB' changed from #13b578 to #e93690
2018-04-21 19:34:30 Role color: 'Rei do PUB' changed from #e93690 to #036280
2018-04-21 19:34:39 Role color: 'Rei do PUB' changed from #036280 to #1b0a56
2018-04-21 19:34:49 Role color: 'Rei do PUB' changed from #1b0a56 to #d80f14
2018-04-21 19:34:58 Role color: 'Rei do PUB' changed from #d80f14 to #c67b34
2018-04-21 19:35:08 Role color: 'Rei do PUB' changed from #c67b34 to #11f1e0
2018-04-21 19:35:18 Role color: 'Rei do PUB' changed from #11f1e0 to #b3cb5e
2018-04-21 19:35:27 Role color: 'Rei do PUB' changed from #b3cb5e to #251cfe
2018-04-21 19:35:37 Role color: 'Rei do PUB' changed from #251cfe to #58d3b8
2018-04-21 19:35:54 Role color: 'Rei do PUB' changed from #58d3b8 to #b96d2b
2018-04-21 19:35:56 Role color: 'Rei do PUB' changed from #b96d2b to #c28142
2018-04-21 19:36:10 Role color: 'Rei do PUB' changed from #c28142 to #5df52e
2018-04-21 19:36:19 Role color: 'Rei do PUB' changed from #5df52e to #b58e7d
2018-04-21 19:36:29 Role color: 'Rei do PUB' changed from #b58e7d to #ad3187
2018-04-21 19:36:44 Role color: 'Rei do PUB' changed from #ad3187 to #5b5a6b
2018-04-21 19:36:59 Role color: 'Rei do PUB' changed from #5b5a6b to #480a3a
2018-04-21 19:37:09 Role color: 'Rei do PUB' changed from #480a3a to #0cecb5
2018-04-21 19:37:11 Role deleted: 'Synapse' (id 437331470269415471)
2018-04-21 19:37:11 Member leave: @Synapse#0692 (id 435538622293344266)
2018-04-21 19:37:11 this bot left the server
