2018-04-27 20:23:46 #f-o-r-t-n-i-t-e Voice channel join: Mirek H#1750 (id 311847908360323083)
2018-04-27 20:23:49 #f-o-r-t-n-i-t-e Voice channel join: KugyCZ#7568 (id 353813135926493184), moved from General
2018-04-27 20:23:49 #f-o-r-t-n-i-t-e Voice channel leave: KugyCZ#7568 (id 353813135926493184)
2018-04-27 20:23:53 #f-o-r-t-n-i-t-e Voice channel join: KugyCZ#7568 (id 353813135926493184), moved from General
2018-04-27 21:21:57 #f-o-r-t-n-i-t-e Voice channel join: FredBoat♪♪#7284 (id 184405311681986560)
2018-04-27 21:24:11 #f-o-r-t-n-i-t-e Voice channel leave: FredBoat♪♪#7284 (id 184405311681986560)
2018-04-27 21:24:17 #f-o-r-t-n-i-t-e Voice channel join: Dank Memer#6539 (id 270904126974590976)
2018-04-27 21:24:37 #f-o-r-t-n-i-t-e Voice channel leave: Dank Memer#6539 (id 270904126974590976)
2018-04-27 21:24:42 #f-o-r-t-n-i-t-e Voice channel join: Dank Memer#6539 (id 270904126974590976)
2018-04-27 21:24:49 #f-o-r-t-n-i-t-e Voice channel leave: Dank Memer#6539 (id 270904126974590976)
2018-04-27 21:24:53 #f-o-r-t-n-i-t-e Voice channel join: Dank Memer#6539 (id 270904126974590976)
2018-04-27 21:25:06 #f-o-r-t-n-i-t-e Voice channel leave: Dank Memer#6539 (id 270904126974590976)
2018-04-27 21:25:10 #f-o-r-t-n-i-t-e Voice channel join: Dank Memer#6539 (id 270904126974590976)
2018-04-27 21:25:30 #f-o-r-t-n-i-t-e Voice channel leave: Dank Memer#6539 (id 270904126974590976)
2018-04-27 21:25:39 #f-o-r-t-n-i-t-e Voice channel join: Dank Memer#6539 (id 270904126974590976)
2018-04-27 21:26:07 #f-o-r-t-n-i-t-e Voice channel leave: Dank Memer#6539 (id 270904126974590976)
2018-04-27 21:26:08 #f-o-r-t-n-i-t-e Voice channel join: Dank Memer#6539 (id 270904126974590976)
2018-04-27 21:26:16 #f-o-r-t-n-i-t-e Voice channel leave: Dank Memer#6539 (id 270904126974590976)
2018-04-27 21:26:20 #f-o-r-t-n-i-t-e Voice channel join: Dank Memer#6539 (id 270904126974590976)
2018-04-27 21:26:28 #f-o-r-t-n-i-t-e Voice channel leave: Dank Memer#6539 (id 270904126974590976)
2018-04-27 21:26:32 #f-o-r-t-n-i-t-e Voice channel join: Dank Memer#6539 (id 270904126974590976)
2018-04-27 21:26:40 #f-o-r-t-n-i-t-e Voice channel leave: Dank Memer#6539 (id 270904126974590976)
2018-04-27 21:26:45 #f-o-r-t-n-i-t-e Voice channel join: Dank Memer#6539 (id 270904126974590976)
2018-04-27 21:27:01 #f-o-r-t-n-i-t-e Voice channel leave: Dank Memer#6539 (id 270904126974590976)
2018-04-27 21:27:08 #f-o-r-t-n-i-t-e Voice channel join: FredBoat♪♪#7284 (id 184405311681986560)
2018-04-27 21:38:00 #f-o-r-t-n-i-t-e Voice channel leave: FredBoat♪♪#7284 (id 184405311681986560)
2018-04-27 21:38:01 #f-o-r-t-n-i-t-e Voice channel join: FredBoat♪♪#7284 (id 184405311681986560)
2018-04-27 21:59:57 #f-o-r-t-n-i-t-e Voice channel join: Matrix#2086 (id 318558676241874945)
2018-04-27 22:00:48 #f-o-r-t-n-i-t-e Voice channel leave: FredBoat♪♪#7284 (id 184405311681986560)
2018-04-27 22:01:05 #f-o-r-t-n-i-t-e Voice channel join: Dank Memer#6539 (id 270904126974590976)
2018-04-27 22:01:41 #f-o-r-t-n-i-t-e Voice channel leave: Dank Memer#6539 (id 270904126974590976)
2018-04-27 22:01:45 #f-o-r-t-n-i-t-e Voice channel join: Dank Memer#6539 (id 270904126974590976)
2018-04-27 22:01:59 #f-o-r-t-n-i-t-e Voice channel leave: Dank Memer#6539 (id 270904126974590976)
2018-04-27 22:02:06 #f-o-r-t-n-i-t-e Voice channel join: Dank Memer#6539 (id 270904126974590976)
2018-04-27 22:02:11 #f-o-r-t-n-i-t-e Voice channel join: FredBoat♪♪#7284 (id 184405311681986560)
2018-04-27 22:02:20 #f-o-r-t-n-i-t-e Voice channel leave: Dank Memer#6539 (id 270904126974590976)
2018-04-27 22:14:40 #f-o-r-t-n-i-t-e Voice channel join: Dank Memer#6539 (id 270904126974590976)
2018-04-27 22:14:49 #f-o-r-t-n-i-t-e Voice channel leave: Dank Memer#6539 (id 270904126974590976)
2018-04-27 22:14:53 #f-o-r-t-n-i-t-e Voice channel join: Dank Memer#6539 (id 270904126974590976)
2018-04-27 22:17:15 #f-o-r-t-n-i-t-e Voice channel leave: Dank Memer#6539 (id 270904126974590976)
2018-04-27 22:17:20 #f-o-r-t-n-i-t-e Voice channel join: Dank Memer#6539 (id 270904126974590976)
2018-04-27 22:17:24 #f-o-r-t-n-i-t-e Voice channel leave: Dank Memer#6539 (id 270904126974590976)
2018-04-27 22:17:37 #f-o-r-t-n-i-t-e Voice channel join: Dank Memer#6539 (id 270904126974590976)
2018-04-27 22:18:17 #f-o-r-t-n-i-t-e Voice channel leave: Dank Memer#6539 (id 270904126974590976)
2018-04-27 22:18:25 #f-o-r-t-n-i-t-e Voice channel join: Dank Memer#6539 (id 270904126974590976)
2018-04-27 22:18:37 #f-o-r-t-n-i-t-e Voice channel leave: Dank Memer#6539 (id 270904126974590976)
2018-04-27 22:19:04 #f-o-r-t-n-i-t-e Voice channel join: Dank Memer#6539 (id 270904126974590976)
2018-04-27 22:19:26 #f-o-r-t-n-i-t-e Voice channel leave: Dank Memer#6539 (id 270904126974590976)
2018-04-27 22:25:12 #f-o-r-t-n-i-t-e Voice channel leave: Mirek H#1750 (id 311847908360323083)
2018-04-27 22:25:17 #f-o-r-t-n-i-t-e Voice channel join: Mirek H#1750 (id 311847908360323083)
2018-04-27 22:25:23 #f-o-r-t-n-i-t-e Voice channel leave: KugyCZ#7568 (id 353813135926493184)
2018-04-27 22:25:33 #f-o-r-t-n-i-t-e Voice channel join: KugyCZ#7568 (id 353813135926493184), moved from afk
2018-04-27 22:26:30 #f-o-r-t-n-i-t-e Voice channel leave: KugyCZ#7568 (id 353813135926493184) moving to General
2018-04-27 22:26:31 #f-o-r-t-n-i-t-e Voice channel join: KugyCZ#7568 (id 353813135926493184), moved from General
2018-04-27 22:28:05 #f-o-r-t-n-i-t-e Voice channel leave: Mirek H#1750 (id 311847908360323083)
2018-04-27 22:29:47 #f-o-r-t-n-i-t-e Voice channel leave: KugyCZ#7568 (id 353813135926493184)
2018-04-27 22:36:58 #f-o-r-t-n-i-t-e Voice channel leave: FredBoat♪♪#7284 (id 184405311681986560)
2018-04-30 21:11:42 #f-o-r-t-n-i-t-e Voice channel join: HenzY#2380 (id 436156700915924992)
2018-04-30 21:12:33 #f-o-r-t-n-i-t-e Voice channel leave: HenzY#2380 (id 436156700915924992)
2018-05-01 12:06:29 #f-o-r-t-n-i-t-e Voice channel join: HenzY#2380 (id 436156700915924992)
2018-05-01 12:06:31 #f-o-r-t-n-i-t-e Server self-mute: HenzY#2380 (id 436156700915924992)
2018-05-01 12:06:32 #f-o-r-t-n-i-t-e Server self-unmute: HenzY#2380 (id 436156700915924992)
2018-05-01 12:11:55 #f-o-r-t-n-i-t-e Voice channel leave: HenzY#2380 (id 436156700915924992)
2018-05-01 12:13:24 #f-o-r-t-n-i-t-e Voice channel join: HenzY#2380 (id 436156700915924992)
2018-05-01 12:15:38 #f-o-r-t-n-i-t-e Server self-mute: HenzY#2380 (id 436156700915924992)
2018-05-01 12:16:31 #f-o-r-t-n-i-t-e Voice channel leave: HenzY#2380 (id 436156700915924992)
2018-05-01 12:17:30 #f-o-r-t-n-i-t-e Voice channel join: HenzY#2380 (id 436156700915924992), flags: self_mute
2018-05-01 12:22:29 #f-o-r-t-n-i-t-e Voice channel leave: HenzY#2380 (id 436156700915924992)
2018-05-01 12:23:06 #f-o-r-t-n-i-t-e Voice channel join: Mirek H#1750 (id 311847908360323083)
2018-05-01 12:23:19 #f-o-r-t-n-i-t-e Voice channel join: HenzY#2380 (id 436156700915924992)
2018-05-01 12:23:19 #f-o-r-t-n-i-t-e Server self-unmute: HenzY#2380 (id 436156700915924992)
2018-05-01 12:33:40 #f-o-r-t-n-i-t-e Voice channel leave: HenzY#2380 (id 436156700915924992)
2018-05-01 12:33:42 #f-o-r-t-n-i-t-e Voice channel join: HenzY#2380 (id 436156700915924992)
2018-05-01 12:43:23 #f-o-r-t-n-i-t-e Voice channel join: T-eDDyS#1009 (id 437180195401891843), moved from General
2018-05-01 13:16:43 #f-o-r-t-n-i-t-e Voice channel leave: HenzY#2380 (id 436156700915924992)
2018-05-01 13:20:51 #f-o-r-t-n-i-t-e Voice channel leave: T-eDDyS#1009 (id 437180195401891843) moving to afk
2018-05-01 13:21:04 #f-o-r-t-n-i-t-e Voice channel leave: Mirek H#1750 (id 311847908360323083) moving to afk
2018-05-01 14:51:54 #f-o-r-t-n-i-t-e Voice channel join: KugyCZ#7568 (id 353813135926493184)
2018-05-01 14:52:01 #f-o-r-t-n-i-t-e Voice channel join: HenzY#2380 (id 436156700915924992)
2018-05-01 16:19:28 #f-o-r-t-n-i-t-e Voice channel leave: HenzY#2380 (id 436156700915924992)
2018-05-01 16:19:30 #f-o-r-t-n-i-t-e Voice channel leave: KugyCZ#7568 (id 353813135926493184)
2018-05-01 20:21:11 #f-o-r-t-n-i-t-e Voice channel join: Mirek H#1750 (id 311847908360323083)
2018-05-01 20:21:14 #f-o-r-t-n-i-t-e Voice channel join: T-eDDyS#1009 (id 437180195401891843), moved from afk
2018-05-01 20:21:54 #f-o-r-t-n-i-t-e Voice channel leave: T-eDDyS#1009 (id 437180195401891843)
2018-05-01 20:22:00 #f-o-r-t-n-i-t-e Voice channel leave: Mirek H#1750 (id 311847908360323083)
