2018-04-25 17:37:07 this bot joined the server
2018-04-27 21:59:57 Member role add: 'bots' role was added to @Matrix#2086
2018-04-27 22:02:48 Member role remove: The 'bots' role was removed from @Matrix#2086
2018-04-27 22:20:31 Role deleted: 'new role' (id 342675411689275393)
2018-04-27 22:20:34 Role deleted: 'new role' (id 342675431562018816)
2018-04-27 22:20:38 Role deleted: 'new role' (id 342675440491560970)
2018-04-27 22:20:43 Role deleted: 'new role' (id 342675441284415488)
2018-04-27 22:20:43 Role deleted: 'new role' (id 342675483441233931)
2018-04-27 22:20:47 Role deleted: 'new role' (id 437360781550551070)
2018-04-27 22:20:51 Role created: 'new role' (id 439551531121901608)
2018-04-27 22:21:52 Role permissions: 'Dad Bot' changed from 103930945 to 104193089
2018-04-27 22:21:52 Role position: 'NotSoBot' changed from 2 to 3
2018-04-27 22:21:52 Role position: 'Dank Memer' changed from 3 to 4
2018-04-27 22:21:52 Role position: 'SCP-079' changed from 4 to 5
2018-04-27 22:21:52 Role position: 'russia' changed from 6 to 7
2018-04-27 22:21:52 Role position: '*******' changed from 7 to 8
2018-04-27 22:21:52 Role position: 'unturned' changed from 8 to 9
2018-04-27 22:21:52 Role position: 'bots' changed from 9 to 10
2018-04-27 22:21:52 Role position: 'TypicalBot' changed from 10 to 11
2018-04-27 22:21:52 Role position: 'Steam' changed from 11 to 12
2018-04-27 22:21:52 Role position: 'BOIZ' changed from 12 to 13
2018-04-27 22:21:52 Role renamed: 'new role' to 'ADAMMMMMMM'
2018-04-27 22:25:46 Member role add: 'ADAMMMMMMM' role was added to @KugyCZ#7568
2018-04-27 22:26:07 Channel overwrites: f-o-r-t-n-i-t-e (436830361884950529): role ADAMMMMMMM (439551531121901608) added with values 0, 0
2018-04-27 22:26:18 Channel overwrites: f-o-r-t-n-i-t-e (436830361884950529): role ADAMMMMMMM (439551531121901608) updated to values 36701184, 0 (was 0, 0)
2018-04-27 22:27:28 Role renamed: 'russia' to 'špekítos'
