2018-04-23 03:34:55 this bot joined the server
2018-04-23 03:34:55 Role created: 'Synapse' (id 437818629166202881)
2018-04-23 03:34:55 Member role add: 'Synapse' role was added to @Synapse#0692
2018-04-23 03:35:07 Role permissions: 'Synapse' changed from 8 to 262216
2018-04-23 03:35:07 Role position: 'Synapse' changed from 1 to 24
2018-04-23 03:35:07 Role permissions: 'Synapse' changed from 262216 to 0
2018-04-23 03:35:28 Role created: 'new role' (id 437818765523288074)
2018-04-23 03:35:32 Role position: 'GiveawayBot' changed from 3 to 2
2018-04-23 03:35:32 Role position: 'new role' changed from 4 to 3
2018-04-23 03:35:32 Role position: 'Mee6' changed from 5 to 4
2018-04-23 03:35:32 Role position: 'RoVer' changed from 6 to 5
2018-04-23 03:35:32 Role position: 'Fans' changed from 7 to 6
2018-04-23 03:35:32 Role position: '✅ Verified' changed from 8 to 7
2018-04-23 03:35:32 Role position: '🆙10' changed from 9 to 8
2018-04-23 03:35:32 Role position: '🆙20' changed from 10 to 9
2018-04-23 03:35:32 Role position: '🆙30' changed from 11 to 10
2018-04-23 03:35:32 Role position: '🆙40' changed from 12 to 11
2018-04-23 03:35:32 Role position: '🆙50' changed from 13 to 12
2018-04-23 03:35:32 Role position: '🍀Hour Lucked' changed from 14 to 13
2018-04-23 03:35:32 Role position: '🍀Double Hour Lucked' changed from 15 to 14
2018-04-23 03:35:32 Role position: '🍀Triple Hour Lucked' changed from 16 to 15
2018-04-23 03:35:32 Role position: '🍀Daily Lucked' changed from 17 to 16
2018-04-23 03:35:32 Role position: '🍀Double Daily Lucked' changed from 18 to 17
2018-04-23 03:35:33 Role position: '🍀Triple Daily Lucked [WINNER!]' changed from 19 to 18
2018-04-23 03:35:33 Role position: 'White' changed from 20 to 19
2018-04-23 03:35:33 Role position: 'Red' changed from 21 to 20
2018-04-23 03:35:33 Role position: 'Purple' changed from 22 to 21
2018-04-23 03:35:33 Role position: 'Blue' changed from 23 to 22
2018-04-23 03:35:33 Role position: 'Yellow' changed from 24 to 23
2018-04-23 03:35:33 Role position: 'Rainbow' changed from 25 to 24
2018-04-23 03:35:34 Role renamed: 'new role' to 'Muted'
2018-04-23 03:35:42 Channel overwrites: off topic (419626246901727242): role Muted (437818765523288074) added with values 0, 0
2018-04-23 03:35:42 Channel overwrites: chat (419626627480158209): role Muted (437818765523288074) added with values 0, 0
2018-04-23 03:35:42 Channel overwrites: Voice Chat (419626712243109898): role Muted (437818765523288074) added with values 0, 0
2018-04-23 03:35:42 Channel overwrites: suggestions (431664849211228160): role Muted (437818765523288074) added with values 0, 0
2018-04-23 03:35:42 Channel overwrites: creations (437684158345642005): role Muted (437818765523288074) added with values 0, 0
2018-04-23 03:35:43 Channel overwrites: off topic (419626246901727242): role Muted (437818765523288074) updated to values 0, 1024 (was 0, 0)
2018-04-23 03:35:43 Channel overwrites: chat (419626627480158209): role Muted (437818765523288074) updated to values 0, 1024 (was 0, 0)
2018-04-23 03:35:43 Channel overwrites: Voice Chat (419626712243109898): role Muted (437818765523288074) updated to values 0, 1024 (was 0, 0)
2018-04-23 03:35:43 Channel overwrites: creations (437684158345642005): role Muted (437818765523288074) updated to values 0, 1024 (was 0, 0)
2018-04-23 03:35:43 Channel overwrites: suggestions (431664849211228160): role Muted (437818765523288074) updated to values 0, 1024 (was 0, 0)
2018-04-23 03:35:52 Channel overwrites: news (414235217973346316): role Muted (437818765523288074) added with values 0, 0
2018-04-23 03:35:52 Channel overwrites: 🔹annoucements (419626179012591626): role Muted (437818765523288074) added with values 0, 0
2018-04-23 03:35:52 Channel overwrites: commissions (431303155393757194): role Muted (437818765523288074) added with values 0, 0
2018-04-23 03:35:52 Channel overwrites: update-log (431841036776767509): role Muted (437818765523288074) added with values 0, 0
2018-04-23 03:35:54 Channel overwrites: news (414235217973346316): role Muted (437818765523288074) updated to values 0, 1024 (was 0, 0)
2018-04-23 03:35:54 Channel overwrites: 🔹annoucements (419626179012591626): role Muted (437818765523288074) updated to values 0, 1024 (was 0, 0)
2018-04-23 03:35:54 Channel overwrites: commissions (431303155393757194): role Muted (437818765523288074) updated to values 0, 1024 (was 0, 0)
2018-04-23 03:35:54 Channel overwrites: update-log (431841036776767509): role Muted (437818765523288074) updated to values 0, 1024 (was 0, 0)
2018-04-23 03:36:00 Channel overwrites: 🔹Get Verified!🔹 (420402790943424524): role Muted (437818765523288074) added with values 0, 0
2018-04-23 03:36:00 Channel overwrites: verify-here (420403123148816385): role Muted (437818765523288074) added with values 0, 0
2018-04-23 03:36:05 Channel overwrites: 🔹Get Verified!🔹 (420402790943424524): role Muted (437818765523288074) updated to values 0, 1024 (was 0, 0)
2018-04-23 03:36:05 Channel overwrites: verify-here (420403123148816385): role Muted (437818765523288074) updated to values 0, 1024 (was 0, 0)
2018-04-23 03:36:08 Member role add: 'Muted' role was added to @Synapse#0692
2018-04-23 03:36:46 Channel overwrites: Private (420400484088807435): role Synapse (437818629166202881) added with values 0, 0
2018-04-23 03:36:46 Channel overwrites: private (420401316582653952): role Synapse (437818629166202881) added with values 0, 0
2018-04-23 03:36:48 Channel overwrites: Private (420400484088807435): role Synapse (437818629166202881) updated to values 1024, 0 (was 0, 0)
2018-04-23 03:36:48 Channel overwrites: private (420401316582653952): role Synapse (437818629166202881) updated to values 1024, 0 (was 0, 0)
2018-04-23 03:37:18 Role permissions: 'Synapse' changed from 0 to 268435456
2018-04-23 03:38:16 Member role add: 'Rainbow' role was added to @Rawblocky#1938
2018-04-23 03:38:39 Channel overwrites: Private (420400484088807435): role Synapse (437818629166202881) updated to values 3072, 0 (was 1024, 0)
2018-04-23 03:38:39 Channel overwrites: private (420401316582653952): role Synapse (437818629166202881) updated to values 3072, 0 (was 1024, 0)
2018-04-23 03:38:50 Channel overwrites: Private (420400484088807435): role Synapse (437818629166202881) updated to values 68608, 0 (was 3072, 0)
2018-04-23 03:38:50 Channel overwrites: private (420401316582653952): role Synapse (437818629166202881) updated to values 68608, 0 (was 3072, 0)
2018-04-23 03:40:06 Role permissions: 'Rainbow' changed from 104324161 to 104324169
2018-04-23 03:40:33 Role permissions: 'Synapse' changed from 268435456 to 268435464
2018-04-23 03:40:33 Role permissions: 'Rainbow' changed from 104324169 to 104324161
2018-04-23 03:41:29 Role created: 'new role' (id 437820282355449869)
2018-04-23 03:41:39 Role position: 'new role' changed from 1 to 25
2018-04-23 03:41:39 Role renamed: 'new role' to 'GP-bot'
2018-04-23 03:41:45 Member role add: 'GP-bot' role was added to @Synapse#0692
2018-04-23 03:43:10 Channel overwrites: Private (420400484088807435): role Synapse (437818629166202881) removed (was 68608, 0)
2018-04-23 03:43:10 Channel overwrites: private (420401316582653952): role Synapse (437818629166202881) removed (was 68608, 0)
2018-04-23 03:43:10 Role deleted: 'Synapse' (id 437818629166202881)
2018-04-23 03:43:10 Member leave: @Synapse#0692 (id 435538622293344266)
2018-04-23 03:43:10 this bot left the server
