2018-04-27 23:00:04 #Casual Gameplay Voice channel join: KevinReaperzGaming25#1801 (id 348983325563682857), moved from Quality Minecraft Gameplay, flags: self_mute
2018-04-27 23:00:10 #Casual Gameplay Voice channel leave: KevinReaperzGaming25#1801 (id 348983325563682857)
2018-04-27 23:00:13 #Casual Gameplay Voice channel leave: KevinReaperzGaming25#1801 (id 348983325563682857)
2018-04-27 23:00:17 #Casual Gameplay Voice channel join: KevinReaperzGaming25#1801 (id 348983325563682857), flags: self_mute
2018-04-27 23:00:17 #Casual Gameplay Server self-unmute: KevinReaperzGaming25#1801 (id 348983325563682857)
2018-04-27 23:00:18 #Casual Gameplay Voice channel join: BobteOnion#7237 (id 339514257144020993)
2018-04-27 23:00:58 #Casual Gameplay Voice channel join: DqGamingSheep#1740 (id 418956229356945408), flags: mute
2018-04-27 23:01:02 #Casual Gameplay Server unmute: DqGamingSheep#1740 (id 418956229356945408)
2018-04-27 23:01:39 #Casual Gameplay Server deafen: KevinReaperzGaming25#1801 (id 348983325563682857)
2018-04-27 23:01:53 #Casual Gameplay Server mute: KevinReaperzGaming25#1801 (id 348983325563682857)
2018-04-27 23:02:39 #Casual Gameplay Server unmute: KevinReaperzGaming25#1801 (id 348983325563682857)
2018-04-27 23:02:39 #Casual Gameplay Server undeafen: KevinReaperzGaming25#1801 (id 348983325563682857)
2018-04-27 23:18:22 #Casual Gameplay Server self-mute: KevinReaperzGaming25#1801 (id 348983325563682857)
2018-04-27 23:18:22 #Casual Gameplay Voice channel leave: KevinReaperzGaming25#1801 (id 348983325563682857)
2018-04-27 23:18:23 #Casual Gameplay Voice channel join: KevinReaperzGaming25#1801 (id 348983325563682857), flags: self_mute
2018-04-27 23:18:26 #Casual Gameplay Server self-mute: KevinReaperzGaming25#1801 (id 348983325563682857)
2018-04-27 23:20:36 #Casual Gameplay Server self-unmute: KevinReaperzGaming25#1801 (id 348983325563682857)
2018-04-27 23:20:59 #Casual Gameplay Server self-mute: KevinReaperzGaming25#1801 (id 348983325563682857)
2018-04-27 23:21:03 #Casual Gameplay Server self-unmute: KevinReaperzGaming25#1801 (id 348983325563682857)
2018-04-27 23:21:07 #Casual Gameplay Server self-mute: KevinReaperzGaming25#1801 (id 348983325563682857)
2018-04-27 23:21:59 #Casual Gameplay Voice channel leave: KevinReaperzGaming25#1801 (id 348983325563682857)
2018-04-27 23:21:59 #Casual Gameplay Voice channel join: KevinReaperzGaming25#1801 (id 348983325563682857), flags: self_mute
2018-04-27 23:22:30 #Casual Gameplay Server self-unmute: KevinReaperzGaming25#1801 (id 348983325563682857)
2018-04-27 23:40:24 #Casual Gameplay Voice channel leave: BobteOnion#7237 (id 339514257144020993)
2018-04-27 23:40:24 #Casual Gameplay Voice channel join: BobteOnion#7237 (id 339514257144020993)
2018-04-27 23:43:30 #Casual Gameplay Voice channel leave: KevinReaperzGaming25#1801 (id 348983325563682857)
2018-04-27 23:43:38 #Casual Gameplay Voice channel join: KevinReaperzGaming25#1801 (id 348983325563682857)
2018-04-27 23:44:47 #Casual Gameplay Server self-mute: KevinReaperzGaming25#1801 (id 348983325563682857)
2018-04-27 23:46:01 #Casual Gameplay Server self-unmute: KevinReaperzGaming25#1801 (id 348983325563682857)
2018-04-27 23:51:19 #Casual Gameplay Server self-mute: BobteOnion#7237 (id 339514257144020993)
2018-04-27 23:54:36 #Casual Gameplay Server self-unmute: BobteOnion#7237 (id 339514257144020993)
2018-04-27 23:54:52 #Casual Gameplay Server self-mute: BobteOnion#7237 (id 339514257144020993)
2018-04-27 23:56:11 #Casual Gameplay Server self-unmute: BobteOnion#7237 (id 339514257144020993)
2018-04-27 23:57:43 #Casual Gameplay Server self-mute: BobteOnion#7237 (id 339514257144020993)
2018-04-27 23:58:23 #Casual Gameplay Server self-unmute: BobteOnion#7237 (id 339514257144020993)
2018-04-28 00:00:27 #Casual Gameplay Voice channel join: Synapse#0692 (id 435538622293344266)
2018-04-28 00:00:28 #Casual Gameplay Voice channel join: Rythm#3722 (id 235088799074484224)
2018-04-28 00:00:39 #Casual Gameplay Server mute: Synapse#0692 (id 435538622293344266)
2018-04-28 00:01:52 #Casual Gameplay Voice channel join: Dank Memer#6539 (id 270904126974590976)
2018-04-28 00:02:04 #Casual Gameplay Voice channel leave: Dank Memer#6539 (id 270904126974590976) moving to Music 1
2018-04-28 00:02:08 #Casual Gameplay Server unmute: Synapse#0692 (id 435538622293344266)
2018-04-28 00:02:14 #Casual Gameplay Voice channel leave: Synapse#0692 (id 435538622293344266) moving to Music 2
2018-04-28 00:03:33 #Casual Gameplay Voice channel join: Synapse#0692 (id 435538622293344266)
2018-04-28 00:03:38 #Casual Gameplay Server self-mute: BobteOnion#7237 (id 339514257144020993)
2018-04-28 00:03:47 #Casual Gameplay Server mute: Synapse#0692 (id 435538622293344266)
2018-04-28 00:04:55 #Casual Gameplay Voice channel leave: Synapse#0692 (id 435538622293344266)
2018-04-28 00:04:58 #Casual Gameplay Server self-unmute: BobteOnion#7237 (id 339514257144020993)
2018-04-28 00:06:04 #Casual Gameplay Voice channel join: bubblysnowflake#8731 (id 437027022519402496), moved from Music 1, flags: mute
2018-04-28 00:06:17 #Casual Gameplay Voice channel join: Synapse#0692 (id 435538622293344266), moved from Music 1
2018-04-28 00:06:17 #Casual Gameplay Voice channel join: Synapse#0692 (id 435538622293344266)
2018-04-28 00:06:39 #Casual Gameplay Server unmute: bubblysnowflake#8731 (id 437027022519402496)
2018-04-28 00:06:42 #Casual Gameplay Server mute: Synapse#0692 (id 435538622293344266)
2018-04-28 00:08:00 #Casual Gameplay Server self-deafen: bubblysnowflake#8731 (id 437027022519402496)
2018-04-28 00:08:00 #Casual Gameplay Server self-mute: bubblysnowflake#8731 (id 437027022519402496)
2018-04-28 00:08:03 #Casual Gameplay Server self-undeafen: bubblysnowflake#8731 (id 437027022519402496)
2018-04-28 00:08:03 #Casual Gameplay Server self-unmute: bubblysnowflake#8731 (id 437027022519402496)
2018-04-28 00:08:07 #Casual Gameplay Server self-mute: bubblysnowflake#8731 (id 437027022519402496)
2018-04-28 00:08:07 #Casual Gameplay Server self-unmute: bubblysnowflake#8731 (id 437027022519402496)
2018-04-28 00:08:08 #Casual Gameplay Server self-mute: BobteOnion#7237 (id 339514257144020993)
2018-04-28 00:09:12 #Casual Gameplay Server unmute: Synapse#0692 (id 435538622293344266)
2018-04-28 00:09:12 #Casual Gameplay Server mute: Synapse#0692 (id 435538622293344266)
2018-04-28 00:09:18 #Casual Gameplay Server unmute: Synapse#0692 (id 435538622293344266)
2018-04-28 00:09:18 #Casual Gameplay Server mute: Synapse#0692 (id 435538622293344266)
2018-04-28 00:09:39 #Casual Gameplay Voice channel leave: DqGamingSheep#1740 (id 418956229356945408)
2018-04-28 00:09:44 #Casual Gameplay Voice channel leave: bubblysnowflake#8731 (id 437027022519402496)
2018-04-28 00:09:48 #Casual Gameplay Voice channel leave: KevinReaperzGaming25#1801 (id 348983325563682857)
2018-04-28 00:11:27 #Casual Gameplay Voice channel join: bubblysnowflake#8731 (id 437027022519402496)
2018-04-28 00:12:55 #Casual Gameplay Voice channel leave: bubblysnowflake#8731 (id 437027022519402496)
2018-04-28 00:15:00 #Casual Gameplay Server self-unmute: BobteOnion#7237 (id 339514257144020993)
2018-04-28 00:15:01 #Casual Gameplay Voice channel leave: BobteOnion#7237 (id 339514257144020993)
2018-04-28 00:15:43 #Casual Gameplay Voice channel join: bubblysnowflake#8731 (id 437027022519402496)
2018-04-28 00:34:24 #Casual Gameplay Voice channel leave: bubblysnowflake#8731 (id 437027022519402496) moving to Music 1
2018-04-28 00:34:35 #Casual Gameplay Voice channel leave: Rythm#3722 (id 235088799074484224) moving to Music 1
2018-04-28 00:34:41 #Casual Gameplay Voice channel leave: Synapse#0692 (id 435538622293344266) moving to Music 1
2018-04-28 12:54:33 #Casual Gameplay Voice channel join: UnitedTaco#7701 (id 416809552382787627)
2018-04-28 12:54:34 #Casual Gameplay Voice channel join: Dank Memer#6539 (id 270904126974590976)
2018-04-28 12:54:56 #Casual Gameplay Voice channel leave: Dank Memer#6539 (id 270904126974590976)
2018-04-28 12:55:07 #Casual Gameplay Server self-mute: UnitedTaco#7701 (id 416809552382787627)
2018-04-28 12:55:27 #Casual Gameplay Voice channel join: Dank Memer#6539 (id 270904126974590976)
2018-04-28 12:57:21 #Casual Gameplay Voice channel leave: Dank Memer#6539 (id 270904126974590976)
2018-04-28 12:57:38 #Casual Gameplay Voice channel join: Dank Memer#6539 (id 270904126974590976)
2018-04-28 12:58:41 #Casual Gameplay Voice channel leave: Dank Memer#6539 (id 270904126974590976)
2018-04-28 12:58:41 #Casual Gameplay Voice channel join: Dank Memer#6539 (id 270904126974590976)
2018-04-28 12:59:01 #Casual Gameplay Voice channel leave: Dank Memer#6539 (id 270904126974590976)
2018-04-28 12:59:01 #Casual Gameplay Voice channel join: Dank Memer#6539 (id 270904126974590976)
2018-04-28 12:59:28 #Casual Gameplay Voice channel join: KevinReaperzGaming25#1801 (id 348983325563682857), flags: self_mute
2018-04-28 12:59:28 #Casual Gameplay Server self-unmute: KevinReaperzGaming25#1801 (id 348983325563682857)
2018-04-28 12:59:29 #Casual Gameplay Voice channel join: Dank Memer#6539 (id 270904126974590976)
2018-04-28 12:59:29 #Casual Gameplay Server self-unmute: UnitedTaco#7701 (id 416809552382787627)
2018-04-28 12:59:29 #Casual Gameplay Voice channel leave: KevinReaperzGaming25#1801 (id 348983325563682857) moving to Sweaty Gameplay
2018-04-28 12:59:45 #Casual Gameplay Voice channel leave: Dank Memer#6539 (id 270904126974590976)
2018-04-28 12:59:45 #Casual Gameplay Voice channel join: Dank Memer#6539 (id 270904126974590976)
2018-04-28 13:00:04 #Casual Gameplay Voice channel leave: Dank Memer#6539 (id 270904126974590976)
2018-04-28 13:00:04 #Casual Gameplay Voice channel join: Dank Memer#6539 (id 270904126974590976)
2018-04-28 13:00:20 #Casual Gameplay Voice channel join: Dank Memer#6539 (id 270904126974590976)
2018-04-28 13:00:23 #Casual Gameplay Voice channel leave: Dank Memer#6539 (id 270904126974590976)
2018-04-28 13:00:23 #Casual Gameplay Voice channel join: Dank Memer#6539 (id 270904126974590976)
2018-04-28 13:00:25 #Casual Gameplay Voice channel join: KevinReaperzGaming25#1801 (id 348983325563682857), moved from Sweaty Gameplay
2018-04-28 13:01:02 #Casual Gameplay Voice channel join: Dank Memer#6539 (id 270904126974590976)
2018-04-28 13:01:37 #Casual Gameplay Voice channel leave: Dank Memer#6539 (id 270904126974590976)
2018-04-28 13:01:37 #Casual Gameplay Voice channel join: Dank Memer#6539 (id 270904126974590976)
2018-04-28 13:01:43 #Casual Gameplay Voice channel leave: Dank Memer#6539 (id 270904126974590976)
2018-04-28 13:01:43 #Casual Gameplay Voice channel join: Dank Memer#6539 (id 270904126974590976)
2018-04-28 13:01:46 #Casual Gameplay Voice channel leave: Dank Memer#6539 (id 270904126974590976)
2018-04-28 13:02:10 #Casual Gameplay Voice channel join: Dank Memer#6539 (id 270904126974590976)
2018-04-28 13:02:10 #Casual Gameplay Voice channel join: Dank Memer#6539 (id 270904126974590976)
2018-04-28 13:02:11 #Casual Gameplay Voice channel join: Rythm#3722 (id 235088799074484224)
2018-04-28 13:02:12 #Casual Gameplay Voice channel join: Synapse#0692 (id 435538622293344266), flags: mute
2018-04-28 13:02:20 #Casual Gameplay Voice channel leave: Dank Memer#6539 (id 270904126974590976)
2018-04-28 13:03:36 #Casual Gameplay Voice channel join: Dank Memer#6539 (id 270904126974590976)
2018-04-28 13:03:40 #Casual Gameplay Voice channel leave: KevinReaperzGaming25#1801 (id 348983325563682857)
2018-04-28 13:03:41 #Casual Gameplay Voice channel leave: Dank Memer#6539 (id 270904126974590976)
2018-04-28 13:06:17 #Casual Gameplay Voice channel join: KevinReaperzGaming25#1801 (id 348983325563682857), flags: self_mute
2018-04-28 13:06:18 #Casual Gameplay Server self-unmute: KevinReaperzGaming25#1801 (id 348983325563682857)
2018-04-28 13:07:02 #Casual Gameplay Voice channel leave: Rythm#3722 (id 235088799074484224)
2018-04-28 13:10:22 #Casual Gameplay Voice channel leave: Synapse#0692 (id 435538622293344266)
2018-04-28 13:10:34 #Casual Gameplay Voice channel leave: KevinReaperzGaming25#1801 (id 348983325563682857)
2018-04-28 15:21:27 #Casual Gameplay Voice channel join: Sqar_#9984 (id 423212886857613323), flags: self_mute
2018-04-28 15:21:32 #Casual Gameplay Server self-unmute: Sqar_#9984 (id 423212886857613323)
2018-04-28 15:22:07 #Casual Gameplay Voice channel leave: Sqar_#9984 (id 423212886857613323) moving to Music 1
2018-04-30 21:24:21 #Casual Gameplay Voice channel join: DqGamingSheep#1740 (id 418956229356945408), flags: self_mute
2018-04-30 21:24:21 #Casual Gameplay Server self-unmute: DqGamingSheep#1740 (id 418956229356945408)
2018-04-30 21:29:06 #Casual Gameplay Voice channel leave: DqGamingSheep#1740 (id 418956229356945408)
2018-04-30 21:52:11 #Casual Gameplay Voice channel join: Jelynfish#0979 (id 222418564315873284)
2018-04-30 21:54:49 #Casual Gameplay Voice channel join: CaptainAlpaca#2361 (id 421428792083480586)
2018-04-30 21:55:30 #Casual Gameplay Voice channel leave: CaptainAlpaca#2361 (id 421428792083480586)
2018-04-30 21:56:37 #Casual Gameplay Voice channel join: DqGamingSheep#1740 (id 418956229356945408)
2018-04-30 21:56:40 #Casual Gameplay Voice channel join: CaptainAlpaca#2361 (id 421428792083480586)
2018-04-30 21:58:28 #Casual Gameplay Voice channel leave: CaptainAlpaca#2361 (id 421428792083480586)
2018-04-30 22:16:34 #Casual Gameplay Voice channel join: CaptainAlpaca#2361 (id 421428792083480586)
2018-04-30 22:17:13 #Casual Gameplay Voice channel leave: DqGamingSheep#1740 (id 418956229356945408)
2018-04-30 22:18:04 #Casual Gameplay Voice channel leave: Jelynfish#0979 (id 222418564315873284)
2018-04-30 22:18:09 #Casual Gameplay Voice channel leave: CaptainAlpaca#2361 (id 421428792083480586)
2018-04-30 22:33:23 #Casual Gameplay Voice channel join: Sqar_#9984 (id 423212886857613323)
2018-04-30 22:33:33 #Casual Gameplay Voice channel join: KevinReaperzGaming25#1801 (id 348983325563682857), flags: self_mute
2018-04-30 22:33:36 #Casual Gameplay Voice channel leave: KevinReaperzGaming25#1801 (id 348983325563682857)
2018-04-30 22:33:37 #Casual Gameplay Voice channel join: KevinReaperzGaming25#1801 (id 348983325563682857), flags: self_mute
2018-04-30 22:33:38 #Casual Gameplay Server self-unmute: KevinReaperzGaming25#1801 (id 348983325563682857)
2018-04-30 22:33:43 #Casual Gameplay Server self-mute: Sqar_#9984 (id 423212886857613323)
2018-04-30 22:33:43 #Casual Gameplay Server self-unmute: Sqar_#9984 (id 423212886857613323)
2018-04-30 22:33:58 #Casual Gameplay Voice channel join: BobteOnion#7237 (id 339514257144020993)
2018-04-30 22:44:39 #Casual Gameplay Voice channel leave: BobteOnion#7237 (id 339514257144020993)
2018-04-30 22:44:45 #Casual Gameplay Voice channel join: BobteOnion#7237 (id 339514257144020993)
2018-04-30 22:49:11 #Casual Gameplay Server self-mute: BobteOnion#7237 (id 339514257144020993)
2018-04-30 22:50:33 #Casual Gameplay Server self-unmute: BobteOnion#7237 (id 339514257144020993)
2018-04-30 22:51:24 #Casual Gameplay Voice channel leave: Sqar_#9984 (id 423212886857613323)
2018-04-30 22:51:27 #Casual Gameplay Voice channel join: Sqar_#9984 (id 423212886857613323), flags: self_mute
2018-04-30 22:51:28 #Casual Gameplay Server self-unmute: Sqar_#9984 (id 423212886857613323)
2018-04-30 22:56:53 #Casual Gameplay Voice channel leave: BobteOnion#7237 (id 339514257144020993)
2018-04-30 22:58:00 #Casual Gameplay Server self-unmute: KevinReaperzGaming25#1801 (id 348983325563682857)
2018-04-30 22:59:51 #Casual Gameplay Voice channel join: bubblysnowflake#8731 (id 437027022519402496)
2018-04-30 23:00:21 #Casual Gameplay Voice channel leave: bubblysnowflake#8731 (id 437027022519402496)
2018-04-30 23:00:56 #Casual Gameplay Voice channel join: DqGamingSheep#1740 (id 418956229356945408)
2018-04-30 23:00:59 #Casual Gameplay Server self-mute: KevinReaperzGaming25#1801 (id 348983325563682857)
2018-04-30 23:01:11 #Casual Gameplay Voice channel leave: DqGamingSheep#1740 (id 418956229356945408)
2018-04-30 23:03:25 #Casual Gameplay Voice channel join: DqGamingSheep#1740 (id 418956229356945408)
2018-04-30 23:03:48 #Casual Gameplay Voice channel leave: DqGamingSheep#1740 (id 418956229356945408)
2018-04-30 23:06:12 #Casual Gameplay Voice channel join: DqGamingSheep#1740 (id 418956229356945408)
2018-04-30 23:06:37 #Casual Gameplay Voice channel leave: DqGamingSheep#1740 (id 418956229356945408)
2018-04-30 23:08:14 #Casual Gameplay Voice channel leave: KevinReaperzGaming25#1801 (id 348983325563682857)
2018-04-30 23:09:17 #Casual Gameplay Voice channel join: BobteOnion#7237 (id 339514257144020993)
2018-04-30 23:12:09 #Casual Gameplay Voice channel leave: BobteOnion#7237 (id 339514257144020993)
2018-04-30 23:42:23 #Casual Gameplay Voice channel join: ID_123#8525 (id 401366625850359808), moved from Quality Minecraft Gameplay
2018-04-30 23:42:46 #Casual Gameplay Voice channel leave: ID_123#8525 (id 401366625850359808) moving to Music 1
2018-04-30 23:42:46 #Casual Gameplay Server self-mute: ID_123#8525 (id 401366625850359808)
2018-04-30 23:50:46 #Casual Gameplay Voice channel join: KevinReaperzGaming25#1801 (id 348983325563682857), flags: self_mute
2018-04-30 23:51:03 #Casual Gameplay Voice channel leave: KevinReaperzGaming25#1801 (id 348983325563682857)
2018-04-30 23:53:55 #Casual Gameplay Voice channel join: twinArmageddons#8379 (id 363097630416306177)
2018-04-30 23:54:29 #Casual Gameplay Voice channel join: Synapse#0692 (id 435538622293344266)
2018-04-30 23:55:11 #Casual Gameplay Voice channel leave: twinArmageddons#8379 (id 363097630416306177)
2018-05-01 00:00:00 #Casual Gameplay Voice channel leave: Synapse#0692 (id 435538622293344266)
2018-05-01 00:29:23 #Casual Gameplay Voice channel join: Jelynfish#0979 (id 222418564315873284)
2018-05-01 00:30:25 #Casual Gameplay Voice channel join: BobteOnion#7237 (id 339514257144020993)
2018-05-01 00:31:19 #Casual Gameplay Voice channel join: DqGamingSheep#1740 (id 418956229356945408), moved from Quality Minecraft Gameplay
2018-05-01 00:32:25 #Casual Gameplay Voice channel leave: Sqar_#9984 (id 423212886857613323) moving to Aadi Channel
2018-05-01 00:37:14 #Casual Gameplay Server self-mute: BobteOnion#7237 (id 339514257144020993)
2018-05-01 00:37:17 #Casual Gameplay Server self-unmute: BobteOnion#7237 (id 339514257144020993)
2018-05-01 00:37:18 #Casual Gameplay Server self-mute: BobteOnion#7237 (id 339514257144020993)
2018-05-01 00:37:29 #Casual Gameplay Server self-unmute: BobteOnion#7237 (id 339514257144020993)
2018-05-01 00:57:16 #Casual Gameplay Server self-mute: BobteOnion#7237 (id 339514257144020993)
2018-05-01 00:57:50 #Casual Gameplay Server self-unmute: BobteOnion#7237 (id 339514257144020993)
2018-05-01 00:58:51 #Casual Gameplay Server self-mute: BobteOnion#7237 (id 339514257144020993)
2018-05-01 00:59:00 #Casual Gameplay Server self-deafen: BobteOnion#7237 (id 339514257144020993)
2018-05-01 00:59:00 #Casual Gameplay Voice channel leave: BobteOnion#7237 (id 339514257144020993)
2018-05-01 01:03:47 #Casual Gameplay Voice channel leave: DqGamingSheep#1740 (id 418956229356945408)
2018-05-01 01:10:30 #Casual Gameplay Voice channel leave: Jelynfish#0979 (id 222418564315873284)
2018-05-01 22:44:20 #Casual Gameplay Voice channel join: Jelynfish#0979 (id 222418564315873284), flags: self_mute
2018-05-01 22:44:55 #Casual Gameplay Server self-unmute: Jelynfish#0979 (id 222418564315873284)
2018-05-01 22:45:27 #Casual Gameplay Voice channel join: BobteOnion#7237 (id 339514257144020993), flags: self_mute
2018-05-01 22:45:29 #Casual Gameplay Server self-unmute: BobteOnion#7237 (id 339514257144020993)
2018-05-01 22:45:54 #Casual Gameplay Voice channel join: KevinReaperzGaming25#1801 (id 348983325563682857), flags: self_mute
2018-05-01 22:45:59 #Casual Gameplay Voice channel leave: KevinReaperzGaming25#1801 (id 348983325563682857)
2018-05-01 22:46:03 #Casual Gameplay Voice channel join: KevinReaperzGaming25#1801 (id 348983325563682857), flags: self_mute
2018-05-01 22:46:04 #Casual Gameplay Server self-unmute: KevinReaperzGaming25#1801 (id 348983325563682857)
2018-05-01 22:46:10 #Casual Gameplay Voice channel leave: KevinReaperzGaming25#1801 (id 348983325563682857) moving to Music 1
2018-05-01 22:46:22 #Casual Gameplay Voice channel join: KevinReaperzGaming25#1801 (id 348983325563682857), moved from Music 1, flags: self_mute
2018-05-01 22:46:22 #Casual Gameplay Server self-unmute: KevinReaperzGaming25#1801 (id 348983325563682857)
2018-05-01 22:46:38 #Casual Gameplay Voice channel join: Synapse#0692 (id 435538622293344266)
2018-05-01 22:49:51 #Casual Gameplay Voice channel leave: BobteOnion#7237 (id 339514257144020993)
2018-05-01 22:49:57 #Casual Gameplay Voice channel join: BobteOnion#7237 (id 339514257144020993)
2018-05-01 22:51:48 #Casual Gameplay Voice channel leave: Synapse#0692 (id 435538622293344266)
2018-05-01 22:51:50 #Casual Gameplay Voice channel join: Synapse#0692 (id 435538622293344266)
2018-05-01 22:53:01 #Casual Gameplay Server self-mute: KevinReaperzGaming25#1801 (id 348983325563682857)
2018-05-01 22:58:10 #Casual Gameplay Voice channel leave: BobteOnion#7237 (id 339514257144020993)
2018-05-01 22:58:13 #Casual Gameplay Voice channel join: BobteOnion#7237 (id 339514257144020993)
2018-05-01 23:01:30 #Casual Gameplay Voice channel leave: KevinReaperzGaming25#1801 (id 348983325563682857)
2018-05-01 23:09:49 #Casual Gameplay Voice channel leave: BobteOnion#7237 (id 339514257144020993)
2018-05-01 23:10:09 #Casual Gameplay Voice channel join: mracula104#3439 (id 429382956457656326)
2018-05-01 23:10:31 #Casual Gameplay Voice channel leave: mracula104#3439 (id 429382956457656326)
2018-05-01 23:11:37 #Casual Gameplay Voice channel join: DqGamingSheep#1740 (id 418956229356945408), flags: self_mute
2018-05-01 23:11:37 #Casual Gameplay Server self-unmute: DqGamingSheep#1740 (id 418956229356945408)
2018-05-01 23:18:52 #Casual Gameplay Voice channel join: Rythm#3722 (id 235088799074484224)
2018-05-01 23:19:05 #Casual Gameplay Voice channel leave: Synapse#0692 (id 435538622293344266) moving to Music 1
2018-05-01 23:19:47 #Casual Gameplay Voice channel join: BobteOnion#7237 (id 339514257144020993)
2018-05-01 23:33:34 #Casual Gameplay Voice channel join: mracula104#3439 (id 429382956457656326)
2018-05-01 23:33:59 #Casual Gameplay Voice channel leave: mracula104#3439 (id 429382956457656326)
2018-05-01 23:38:53 #Casual Gameplay Voice channel join: ID_123#8525 (id 401366625850359808)
2018-05-01 23:39:55 #Casual Gameplay Server mute: DqGamingSheep#1740 (id 418956229356945408)
2018-05-01 23:39:57 #Casual Gameplay Server deafen: DqGamingSheep#1740 (id 418956229356945408)
2018-05-01 23:40:09 #Casual Gameplay Server deafen: BobteOnion#7237 (id 339514257144020993)
2018-05-01 23:40:09 #Casual Gameplay Server mute: BobteOnion#7237 (id 339514257144020993)
2018-05-01 23:40:09 #Casual Gameplay Server deafen: BobteOnion#7237 (id 339514257144020993)
2018-05-01 23:40:19 #Casual Gameplay Server deafen: ID_123#8525 (id 401366625850359808)
2018-05-01 23:40:19 #Casual Gameplay Server unmute: DqGamingSheep#1740 (id 418956229356945408)
2018-05-01 23:40:19 #Casual Gameplay Server mute: ID_123#8525 (id 401366625850359808)
2018-05-01 23:40:19 #Casual Gameplay Server undeafen: DqGamingSheep#1740 (id 418956229356945408)
2018-05-01 23:40:23 #Casual Gameplay Server unmute: BobteOnion#7237 (id 339514257144020993)
2018-05-01 23:40:23 #Casual Gameplay Server undeafen: BobteOnion#7237 (id 339514257144020993)
2018-05-01 23:40:25 #Casual Gameplay Server unmute: ID_123#8525 (id 401366625850359808)
2018-05-01 23:40:25 #Casual Gameplay Server undeafen: ID_123#8525 (id 401366625850359808)
2018-05-01 23:40:42 #Casual Gameplay Server mute: Jelynfish#0979 (id 222418564315873284)
2018-05-01 23:40:44 #Casual Gameplay Server unmute: Jelynfish#0979 (id 222418564315873284)
2018-05-01 23:41:14 #Casual Gameplay Server mute: DqGamingSheep#1740 (id 418956229356945408)
2018-05-01 23:41:14 #Casual Gameplay Server deafen: DqGamingSheep#1740 (id 418956229356945408)
2018-05-01 23:41:22 #Casual Gameplay Server mute: Jelynfish#0979 (id 222418564315873284)
2018-05-01 23:41:22 #Casual Gameplay Server deafen: Jelynfish#0979 (id 222418564315873284)
2018-05-01 23:41:25 #Casual Gameplay Server deafen: ID_123#8525 (id 401366625850359808)
2018-05-01 23:41:25 #Casual Gameplay Server mute: ID_123#8525 (id 401366625850359808)
2018-05-01 23:41:27 #Casual Gameplay Server undeafen: DqGamingSheep#1740 (id 418956229356945408)
2018-05-01 23:41:28 #Casual Gameplay Server unmute: DqGamingSheep#1740 (id 418956229356945408)
2018-05-01 23:41:29 #Casual Gameplay Server undeafen: ID_123#8525 (id 401366625850359808)
2018-05-01 23:41:29 #Casual Gameplay Server unmute: ID_123#8525 (id 401366625850359808)
2018-05-01 23:41:31 #Casual Gameplay Server undeafen: Jelynfish#0979 (id 222418564315873284)
2018-05-01 23:41:31 #Casual Gameplay Server unmute: Jelynfish#0979 (id 222418564315873284)
2018-05-01 23:42:22 #Casual Gameplay Server mute: Jelynfish#0979 (id 222418564315873284)
2018-05-01 23:42:22 #Casual Gameplay Server deafen: Jelynfish#0979 (id 222418564315873284)
2018-05-01 23:42:25 #Casual Gameplay Server deafen: ID_123#8525 (id 401366625850359808)
2018-05-01 23:42:25 #Casual Gameplay Server mute: ID_123#8525 (id 401366625850359808)
2018-05-01 23:42:28 #Casual Gameplay Server deafen: BobteOnion#7237 (id 339514257144020993)
2018-05-01 23:42:28 #Casual Gameplay Server mute: BobteOnion#7237 (id 339514257144020993)
2018-05-01 23:42:47 #Casual Gameplay Server unmute: ID_123#8525 (id 401366625850359808)
2018-05-01 23:42:47 #Casual Gameplay Server undeafen: ID_123#8525 (id 401366625850359808)
2018-05-01 23:42:49 #Casual Gameplay Server unmute: Jelynfish#0979 (id 222418564315873284)
2018-05-01 23:42:50 #Casual Gameplay Server undeafen: Jelynfish#0979 (id 222418564315873284)
2018-05-01 23:42:51 #Casual Gameplay Server unmute: BobteOnion#7237 (id 339514257144020993)
2018-05-01 23:42:52 #Casual Gameplay Server undeafen: BobteOnion#7237 (id 339514257144020993)
2018-05-01 23:44:01 #Casual Gameplay Server deafen: BobteOnion#7237 (id 339514257144020993)
2018-05-01 23:44:01 #Casual Gameplay Server mute: BobteOnion#7237 (id 339514257144020993)
2018-05-01 23:44:01 #Casual Gameplay Server deafen: BobteOnion#7237 (id 339514257144020993)
2018-05-01 23:44:01 #Casual Gameplay Server undeafen: BobteOnion#7237 (id 339514257144020993)
2018-05-01 23:44:02 #Casual Gameplay Server deafen: BobteOnion#7237 (id 339514257144020993)
2018-05-01 23:44:21 #Casual Gameplay Server unmute: BobteOnion#7237 (id 339514257144020993)
2018-05-01 23:44:21 #Casual Gameplay Server undeafen: BobteOnion#7237 (id 339514257144020993)
2018-05-01 23:44:34 #Casual Gameplay Voice channel leave: ID_123#8525 (id 401366625850359808) moving to Aadi Channel
2018-05-01 23:44:50 #Casual Gameplay Voice channel join: ID_123#8525 (id 401366625850359808), moved from Aadi Channel
2018-05-01 23:45:23 #Casual Gameplay Server self-mute: ID_123#8525 (id 401366625850359808)
2018-05-01 23:45:24 #Casual Gameplay Server self-unmute: ID_123#8525 (id 401366625850359808)
2018-05-01 23:45:26 #Casual Gameplay Server self-deafen: ID_123#8525 (id 401366625850359808)
2018-05-01 23:45:26 #Casual Gameplay Server self-mute: ID_123#8525 (id 401366625850359808)
2018-05-01 23:45:26 #Casual Gameplay Server self-undeafen: ID_123#8525 (id 401366625850359808)
2018-05-01 23:45:26 #Casual Gameplay Server self-unmute: ID_123#8525 (id 401366625850359808)
2018-05-01 23:45:27 #Casual Gameplay Server self-deafen: ID_123#8525 (id 401366625850359808)
2018-05-01 23:45:27 #Casual Gameplay Server self-mute: ID_123#8525 (id 401366625850359808)
2018-05-01 23:45:28 #Casual Gameplay Server self-undeafen: ID_123#8525 (id 401366625850359808)
2018-05-01 23:45:28 #Casual Gameplay Server self-unmute: ID_123#8525 (id 401366625850359808)
2018-05-01 23:47:02 #Casual Gameplay Voice channel leave: Rythm#3722 (id 235088799074484224)
2018-05-01 23:47:26 #Casual Gameplay Server mute: BobteOnion#7237 (id 339514257144020993)
2018-05-01 23:47:33 #Casual Gameplay Server unmute: BobteOnion#7237 (id 339514257144020993)
2018-05-01 23:47:35 #Casual Gameplay Server deafen: DqGamingSheep#1740 (id 418956229356945408)
2018-05-01 23:47:39 #Casual Gameplay Server undeafen: DqGamingSheep#1740 (id 418956229356945408)
2018-05-01 23:47:40 #Casual Gameplay Server mute: ID_123#8525 (id 401366625850359808)
2018-05-01 23:47:44 #Casual Gameplay Server unmute: ID_123#8525 (id 401366625850359808)
2018-05-01 23:47:44 #Casual Gameplay Server mute: ID_123#8525 (id 401366625850359808)
2018-05-01 23:47:46 #Casual Gameplay Server unmute: ID_123#8525 (id 401366625850359808)
2018-05-01 23:48:04 #Casual Gameplay Server mute: ID_123#8525 (id 401366625850359808)
2018-05-01 23:48:15 #Casual Gameplay Server unmute: ID_123#8525 (id 401366625850359808)
2018-05-01 23:48:41 #Casual Gameplay Server mute: ID_123#8525 (id 401366625850359808)
2018-05-01 23:49:01 #Casual Gameplay Server unmute: ID_123#8525 (id 401366625850359808)
2018-05-01 23:49:35 #Casual Gameplay Voice channel leave: ID_123#8525 (id 401366625850359808)
2018-05-01 23:49:42 #Casual Gameplay Voice channel join: ID_123#8525 (id 401366625850359808), flags: self_mute
2018-05-01 23:49:43 #Casual Gameplay Server self-unmute: ID_123#8525 (id 401366625850359808)
2018-05-01 23:50:08 #Casual Gameplay Voice channel leave: DqGamingSheep#1740 (id 418956229356945408)
2018-05-01 23:50:20 #Casual Gameplay Voice channel leave: ID_123#8525 (id 401366625850359808)
2018-05-01 23:51:15 #Casual Gameplay Voice channel join: ID_123#8525 (id 401366625850359808)
2018-05-01 23:51:56 #Casual Gameplay Server mute: BobteOnion#7237 (id 339514257144020993)
2018-05-01 23:51:57 #Casual Gameplay Server deafen: BobteOnion#7237 (id 339514257144020993)
2018-05-01 23:52:00 #Casual Gameplay Server deafen: ID_123#8525 (id 401366625850359808)
2018-05-01 23:52:28 #Casual Gameplay Server undeafen: BobteOnion#7237 (id 339514257144020993)
2018-05-01 23:52:28 #Casual Gameplay Server unmute: BobteOnion#7237 (id 339514257144020993)
2018-05-01 23:52:28 #Casual Gameplay Server unmute: BobteOnion#7237 (id 339514257144020993)
2018-05-01 23:52:29 #Casual Gameplay Server undeafen: ID_123#8525 (id 401366625850359808)
2018-05-01 23:53:13 #Casual Gameplay Voice channel leave: ID_123#8525 (id 401366625850359808)
2018-05-02 00:04:57 #Casual Gameplay Server self-mute: BobteOnion#7237 (id 339514257144020993)
2018-05-02 00:05:00 #Casual Gameplay Server self-unmute: BobteOnion#7237 (id 339514257144020993)
2018-05-02 00:09:43 #Casual Gameplay Server self-mute: BobteOnion#7237 (id 339514257144020993)
2018-05-02 00:12:32 #Casual Gameplay Server self-unmute: BobteOnion#7237 (id 339514257144020993)
2018-05-02 00:14:55 #Casual Gameplay Server self-mute: BobteOnion#7237 (id 339514257144020993)
2018-05-02 00:15:31 #Casual Gameplay Voice channel leave: Jelynfish#0979 (id 222418564315873284)
2018-05-02 00:16:51 #Casual Gameplay Voice channel leave: BobteOnion#7237 (id 339514257144020993)
2018-05-02 00:16:51 #Casual Gameplay Server self-unmute: BobteOnion#7237 (id 339514257144020993)
2018-05-02 00:16:51 #Casual Gameplay Voice channel leave: BobteOnion#7237 (id 339514257144020993)
2018-05-02 00:20:37 #Casual Gameplay Voice channel join: BobteOnion#7237 (id 339514257144020993)
2018-05-02 00:20:49 #Casual Gameplay Voice channel join: Jelynfish#0979 (id 222418564315873284)
2018-05-02 00:38:24 #Casual Gameplay Voice channel join: mracula104#3439 (id 429382956457656326)
2018-05-02 00:39:15 #Casual Gameplay Server self-mute: BobteOnion#7237 (id 339514257144020993)
2018-05-02 00:39:21 #Casual Gameplay Server self-unmute: BobteOnion#7237 (id 339514257144020993)
2018-05-02 00:40:43 #Casual Gameplay Voice channel leave: mracula104#3439 (id 429382956457656326)
2018-05-02 00:42:47 #Casual Gameplay Voice channel join: Synapse#0692 (id 435538622293344266), moved from Music 1
2018-05-02 00:42:49 #Casual Gameplay Voice channel join: Rythm#3722 (id 235088799074484224)
2018-05-02 00:42:54 #Casual Gameplay Server mute: Synapse#0692 (id 435538622293344266)
2018-05-02 00:43:28 #Casual Gameplay Voice channel join: DqGamingSheep#1740 (id 418956229356945408)
2018-05-02 00:43:34 #Casual Gameplay Voice channel leave: DqGamingSheep#1740 (id 418956229356945408)
2018-05-02 00:43:38 #Casual Gameplay Server self-mute: BobteOnion#7237 (id 339514257144020993)
2018-05-02 00:43:46 #Casual Gameplay Voice channel leave: Jelynfish#0979 (id 222418564315873284)
2018-05-02 00:44:58 #Casual Gameplay Voice channel join: Jelynfish#0979 (id 222418564315873284)
2018-05-02 00:45:02 #Casual Gameplay Server self-unmute: BobteOnion#7237 (id 339514257144020993)
2018-05-02 00:45:02 #Casual Gameplay Voice channel leave: Jelynfish#0979 (id 222418564315873284) moving to Sweaty Gameplay
2018-05-02 00:45:03 #Casual Gameplay Voice channel join: Jelynfish#0979 (id 222418564315873284), moved from Sweaty Gameplay
2018-05-02 00:45:22 #Casual Gameplay Voice channel join: Dank Memer#6539 (id 270904126974590976)
2018-05-02 00:45:26 #Casual Gameplay Voice channel leave: Jelynfish#0979 (id 222418564315873284)
2018-05-02 00:45:48 #Casual Gameplay Voice channel leave: Rythm#3722 (id 235088799074484224) moving to Music 1
2018-05-02 00:46:00 #Casual Gameplay Server unmute: Synapse#0692 (id 435538622293344266)
2018-05-02 00:46:00 #Casual Gameplay Voice channel leave: Dank Memer#6539 (id 270904126974590976)
2018-05-02 00:46:01 #Casual Gameplay Voice channel leave: Synapse#0692 (id 435538622293344266) moving to Music 2
2018-05-02 00:46:42 #Casual Gameplay Server self-mute: BobteOnion#7237 (id 339514257144020993)
2018-05-02 00:52:51 #Casual Gameplay Server self-unmute: BobteOnion#7237 (id 339514257144020993)
2018-05-02 00:52:53 #Casual Gameplay Voice channel leave: BobteOnion#7237 (id 339514257144020993)
2018-05-02 21:41:35 #Casual Gameplay Voice channel join: KevinReaperzGaming25#1801 (id 348983325563682857), flags: self_mute
2018-05-02 21:41:36 #Casual Gameplay Voice channel join: CaptainAlpaca#2361 (id 421428792083480586)
2018-05-02 21:41:36 #Casual Gameplay Voice channel leave: KevinReaperzGaming25#1801 (id 348983325563682857)
2018-05-02 21:41:39 #Casual Gameplay Voice channel join: KevinReaperzGaming25#1801 (id 348983325563682857), flags: self_mute
2018-05-02 21:41:53 #Casual Gameplay Voice channel leave: KevinReaperzGaming25#1801 (id 348983325563682857)
2018-05-02 21:41:53 #Casual Gameplay Voice channel join: KevinReaperzGaming25#1801 (id 348983325563682857), flags: self_mute
2018-05-02 21:41:54 #Casual Gameplay Server self-unmute: KevinReaperzGaming25#1801 (id 348983325563682857)
2018-05-02 21:45:26 #Casual Gameplay Voice channel join: DqGamingSheep#1740 (id 418956229356945408), flags: self_mute
2018-05-02 21:45:27 #Casual Gameplay Server self-unmute: DqGamingSheep#1740 (id 418956229356945408)
2018-05-02 21:55:46 #Casual Gameplay Voice channel join: Jelynfish#0979 (id 222418564315873284)
2018-05-02 21:56:33 #Casual Gameplay Server self-mute: KevinReaperzGaming25#1801 (id 348983325563682857)
2018-05-02 21:58:16 #Casual Gameplay Server self-mute: DqGamingSheep#1740 (id 418956229356945408)
2018-05-02 21:59:54 #Casual Gameplay Server self-mute: CaptainAlpaca#2361 (id 421428792083480586)
2018-05-02 22:00:41 #Casual Gameplay Voice channel leave: Jelynfish#0979 (id 222418564315873284) moving to Sweaty Gameplay
2018-05-02 22:00:42 #Casual Gameplay Voice channel join: Jelynfish#0979 (id 222418564315873284), moved from Sweaty Gameplay
2018-05-02 22:01:35 #Casual Gameplay Voice channel join: mracula104#3439 (id 429382956457656326)
2018-05-02 22:01:35 #Casual Gameplay Server self-unmute: CaptainAlpaca#2361 (id 421428792083480586)
2018-05-02 22:01:59 #Casual Gameplay Server self-unmute: DqGamingSheep#1740 (id 418956229356945408)
2018-05-02 22:02:23 #Casual Gameplay Voice channel leave: DqGamingSheep#1740 (id 418956229356945408)
2018-05-02 22:02:24 #Casual Gameplay Voice channel join: DqGamingSheep#1740 (id 418956229356945408)
2018-05-02 22:02:29 #Casual Gameplay Voice channel leave: DqGamingSheep#1740 (id 418956229356945408)
2018-05-02 22:02:33 #Casual Gameplay Voice channel leave: mracula104#3439 (id 429382956457656326)
2018-05-02 22:03:55 #Casual Gameplay Server self-mute: CaptainAlpaca#2361 (id 421428792083480586)
2018-05-02 22:03:57 #Casual Gameplay Voice channel leave: Jelynfish#0979 (id 222418564315873284)
2018-05-02 22:05:08 #Casual Gameplay Voice channel leave: KevinReaperzGaming25#1801 (id 348983325563682857)
2018-05-02 22:07:26 #Casual Gameplay Voice channel leave: CaptainAlpaca#2361 (id 421428792083480586)
