2018-04-27 23:29:37 #all @twinArmageddons#8379: .HELP
2018-04-27 23:43:11 #all @BobteOnion#7237: !unmute @t3mWmLe
2018-04-27 23:43:12 #all @MEE6#4876: DqGamingSheep#1740 (418956229356945408) is now unmuted! <:THUMBSUP6:403560443345371137>
2018-04-27 23:43:13 #all @Synapse#0692: User has been unmuted in this channel.
2018-04-27 23:43:17 #all @DqGamingSheep#1740: ya
2018-04-27 23:43:21 #all @DqGamingSheep#1740: @​everyone play
2018-04-27 23:44:33 #all @DqGamingSheep#1740: @​everyone play
2018-04-28 00:09:31 #all @DqGamingSheep#1740: i will play fornite
2018-04-30 22:27:09 #all @Sqar_#9984: @​everyone hypixel pls
2018-04-30 22:33:56 #all @Sqar_#9984: idk why i cant talk
2018-04-30 22:43:05 #all @ID_123#8525: Lol u noooooob
2018-04-30 23:38:46 #all @ID_123#8525: ss
2018-04-30 23:38:46 #all @ID_123#8525: s
2018-04-30 23:38:47 #all @ID_123#8525: s
2018-05-01 22:18:25 #all @BobteOnion#7237: @​everyone  hypixel?
2018-05-01 23:06:48 #all @ID_123#8525: no!
2018-05-01 23:31:10 #all @DqGamingSheep#1740: @​everyone play video gafmes
2018-05-01 23:38:07 #all @ID_123#8525: xxz
2018-05-01 23:38:08 #all @ID_123#8525: sas
2018-05-01 23:38:08 #all @ID_123#8525: as
2018-05-01 23:38:09 #all @ID_123#8525: a
2018-05-01 23:38:09 #all @ID_123#8525: sa
2018-05-01 23:38:10 #all @ID_123#8525: s
2018-05-01 23:38:10 #all @ID_123#8525: s
2018-05-01 23:38:10 #all @ID_123#8525: ad
