2018-04-26 23:59:31 #music-commands @BobteOnion#7237: lol raine left at megalovania
2018-04-26 23:59:50 #music-commands @BobteOnion#7237: medal bot commands m!play (song name)
2018-04-26 23:59:59 #music-commands @BobteOnion#7237: .help
2018-04-26 23:59:59 #music-commands @MedalBot#1237: Hey @BoB tEmMie(Sivart), I've PM'd you with a list of commands you can use!
2018-04-27 00:00:39 #music-commands @BobteOnion#7237: o god
2018-04-27 00:00:46 #music-commands @BobteOnion#7237: they all hav the same prefix
2018-04-27 00:03:00 #music-commands @BobteOnion#7237: (╯°□°）╯︵ ┻━┻
2018-04-27 00:06:30 #music-commands @bubblysnowflake#8731: Oh shush
2018-04-27 00:06:41 #music-commands @bubblysnowflake#8731: I left bc I was at a gas station
2018-04-27 00:07:14 #music-commands @BobteOnion#7237: !summon
2018-04-27 00:07:14 #music-commands @Rythm#3722: 👍 **Joined** `Music 1` :page_facing_up: **And bound to** `music-commands`
2018-04-27 00:07:20 #music-commands @BobteOnion#7237: !play megalovania concert band
2018-04-27 00:07:20 #music-commands @Rythm#3722: <:youtube:335112740957978625> **Searching** 🔎 `megalovania concert band`
2018-04-27 00:07:21 #music-commands @Rythm#3722: **Playing** 🎶 `Megalovania [Concert Band]` - Now!
2018-04-27 00:08:16 #music-commands @BobteOnion#7237: better name for dis
2018-04-27 00:08:39 #music-commands @BobteOnion#7237: Megalovania but its NEST students playing...except its actually better than them
2018-04-27 00:10:20 #music-commands @BobteOnion#7237: !loo[p
2018-04-27 00:10:22 #music-commands @BobteOnion#7237: !loop
2018-04-27 00:10:22 #music-commands @Rythm#3722: 🔂 **Enabled!**
2018-04-27 00:10:31 #music-commands @BobteOnion#7237: !play megalovania concert band
2018-04-27 00:10:31 #music-commands @Rythm#3722: <:youtube:335112740957978625> **Searching** 🔎 `megalovania concert band`
2018-04-27 00:10:32 #music-commands @Rythm#3722: **Playing** 🎶 `Megalovania [Concert Band]` - Now!
2018-04-27 00:14:46 #music-commands @BobteOnion#7237: !play megatrousle
2018-04-27 00:14:46 #music-commands @Rythm#3722: <:youtube:335112740957978625> **Searching** 🔎 `megatrousle`
2018-04-27 00:14:47 #music-commands @Rythm#3722: 
2018-04-27 00:14:49 #music-commands @Rythm#3722 edited message from 2018-04-27 00:14:47 () to read: 
2018-04-27 00:14:48 #music-commands @BobteOnion#7237: !s
2018-04-27 00:14:48 #music-commands @Rythm#3722: ⏩ ***Skipped*** 👍
2018-04-27 00:23:42 #music-commands @DqGamingSheep#1740: !PLAY MEGALO STRIKEBACK
2018-04-27 00:23:42 #music-commands @Rythm#3722: <:youtube:335112740957978625> **Searching** 🔎 `MEGALO STRIKEBACK`
2018-04-27 00:23:43 #music-commands @Rythm#3722: 
2018-04-27 00:23:46 #music-commands @Rythm#3722 edited message from 2018-04-27 00:23:43 () to read: 
2018-04-27 00:23:51 #music-commands @DqGamingSheep#1740: !s
2018-04-27 00:23:51 #music-commands @Rythm#3722: ⏩ ***Skipped*** 👍
2018-04-27 00:37:44 #music-commands @bubblysnowflake#8731: !play call it what you want
2018-04-27 00:37:44 #music-commands @Rythm#3722: <:youtube:335112740957978625> **Searching** 🔎 `call it what you want`
2018-04-27 00:37:45 #music-commands @Rythm#3722: **Playing** 🎶 `Taylor Swift - Call It What You Want (Lyric Video)` - Now!
2018-04-27 00:38:04 #music-commands @BobteOnion#7237: WHAT DID U DO TO MEGALOVANIA
2018-04-27 00:38:39 #music-commands @bubblysnowflake#8731: I didn’t do anything
2018-04-27 00:38:43 #music-commands @bubblysnowflake#8731: I just changed to my song
2018-04-27 00:40:20 #music-commands @bubblysnowflake#8731: !play competition
2018-04-27 00:40:20 #music-commands @Rythm#3722: <:youtube:335112740957978625> **Searching** 🔎 `competition`
2018-04-27 00:40:21 #music-commands @Rythm#3722: 
2018-04-27 00:40:24 #music-commands @Rythm#3722 edited message from 2018-04-27 00:40:21 () to read: 
2018-04-27 00:40:35 #music-commands @bubblysnowflake#8731: !play competition little mix
2018-04-27 00:40:35 #music-commands @Rythm#3722: <:youtube:335112740957978625> **Searching** 🔎 `competition little mix`
2018-04-27 00:40:36 #music-commands @Rythm#3722: 
2018-04-27 00:40:37 #music-commands @Rythm#3722 edited message from 2018-04-27 00:40:36 () to read: 
2018-04-27 00:41:16 #music-commands @bubblysnowflake#8731: !skip
2018-04-27 00:41:16 #music-commands @Rythm#3722: ⏩ ***Skipped*** 👍
2018-04-27 00:41:18 #music-commands @Synapse#0692: Can't skip if I'm not playing.
2018-04-27 00:42:04 #music-commands @bubblysnowflake#8731: @eRrOr tEm(Matthew)
2018-04-27 00:45:16 #music-commands @bubblysnowflake#8731: !play ours Taylor swift
2018-04-27 00:45:16 #music-commands @Rythm#3722: <:youtube:335112740957978625> **Searching** 🔎 `ours Taylor swift`
2018-04-27 00:45:16 #music-commands @Rythm#3722: **Playing** 🎶 `Taylor Swift - Ours` - Now!
2018-04-27 00:58:44 #music-commands @DqGamingSheep#1740: ?play megalostrikeback
2018-04-27 00:58:52 #music-commands @DqGamingSheep#1740: WHaT
2018-04-27 00:58:54 #music-commands @DqGamingSheep#1740: WHERE DYNO  GO
2018-04-27 00:59:33 #music-commands @DqGamingSheep#1740: a
2018-04-27 01:01:45 #music-commands @DqGamingSheep#1740: d
2018-04-27 01:01:46 #music-commands @DqGamingSheep#1740: d
2018-04-27 01:01:47 #music-commands @DqGamingSheep#1740: d
2018-04-27 20:48:31 #music-commands @bubblysnowflake#8731: !play getaway car
2018-04-27 20:48:31 #music-commands @Rythm#3722: <:youtube:335112740957978625> **Searching** 🔎 `getaway car`
2018-04-27 20:48:32 #music-commands @Rythm#3722: **Playing** 🎶 `Getaway Car` - Now!
2018-04-27 20:48:50 #music-commands @bubblysnowflake#8731: !play you are in love
2018-04-27 20:48:50 #music-commands @Rythm#3722: <:youtube:335112740957978625> **Searching** 🔎 `you are in love`
2018-04-27 20:48:51 #music-commands @Rythm#3722: 
2018-04-27 20:48:53 #music-commands @Rythm#3722 edited message from 2018-04-27 20:48:51 () to read: 
2018-04-27 20:52:01 #music-commands @bubblysnowflake#8731: !skip
2018-04-27 20:52:02 #music-commands @Rythm#3722: ⏩ ***Skipped*** 👍
2018-04-27 20:52:02 #music-commands @Synapse#0692: Can't skip if I'm not playing.
2018-04-28 00:00:27 #music-commands @BobteOnion#7237: !play megalovania concert band
2018-04-28 00:00:27 #music-commands @Rythm#3722: <:youtube:335112740957978625> **Searching** 🔎 `megalovania concert band`
2018-04-28 00:00:27 #music-commands @Rythm#3722: **Playing** 🎶 `Megalovania [Concert Band]` - Now!
2018-04-28 00:02:36 #music-commands @BobteOnion#7237: !loop
2018-04-28 00:02:36 #music-commands @Rythm#3722: 🔂 **Enabled!**
2018-04-28 00:03:28 #music-commands @BobteOnion#7237: !s
2018-04-28 00:03:28 #music-commands @Rythm#3722: ⏩ ***Skipped*** 👍
2018-04-28 00:03:31 #music-commands @BobteOnion#7237: !play yee
2018-04-28 00:03:31 #music-commands @Rythm#3722: <:youtube:335112740957978625> **Searching** 🔎 `yee`
2018-04-28 00:03:32 #music-commands @Rythm#3722: **Playing** 🎶 `Yee` - Now!
2018-04-28 00:04:54 #music-commands @bubblysnowflake#8731: !play suga we're going down
2018-04-28 00:04:54 #music-commands @Rythm#3722: ❌ **You need to be in the same voice channel as Rythm to use this command**
2018-04-28 00:05:06 #music-commands @BobteOnion#7237: No
2018-04-28 00:05:09 #music-commands @bubblysnowflake#8731: !play suga we're going down
2018-04-28 00:05:09 #music-commands @Rythm#3722: ❌ **You need to be in the same voice channel as Rythm to use this command**
2018-04-28 00:05:10 #music-commands @bubblysnowflake#8731: what
2018-04-28 00:05:24 #music-commands @BobteOnion#7237: Hav ur synapse
2018-04-28 00:05:35 #music-commands @bubblysnowflake#8731: what about it?
2018-04-28 00:05:41 #music-commands @bubblysnowflake#8731: im in the same vc?
2018-04-28 00:06:16 #music-commands @bubblysnowflake#8731: !play suga we're going down
2018-04-28 00:06:17 #music-commands @Rythm#3722: <:youtube:335112740957978625> **Searching** 🔎 `suga we're going down`
2018-04-28 00:06:17 #music-commands @Rythm#3722: 
2018-04-28 00:06:22 #music-commands @Rythm#3722 edited message from 2018-04-28 00:06:17 () to read: 
2018-04-28 00:06:43 #music-commands @bubblysnowflake#8731: !skip
2018-04-28 00:06:43 #music-commands @Rythm#3722: **Skipping?** (1/3 people)
2018-04-28 00:06:43 #music-commands @Synapse#0692: Can't skip if I'm not playing.
2018-04-28 00:06:53 #music-commands @BobteOnion#7237: No
2018-04-28 00:06:59 #music-commands @BobteOnion#7237: Listen to the yee
2018-04-28 00:07:03 #music-commands @bubblysnowflake#8731: nuuuuuuuu
2018-04-28 00:07:13 #music-commands @BobteOnion#7237: Yee on loop
2018-04-28 00:07:19 #music-commands @bubblysnowflake#8731: im not playing a taylor swift song for once!
2018-04-28 00:07:24 #music-commands @bubblysnowflake#8731: nuuuu
2018-04-28 00:08:17 #music-commands @bubblysnowflake#8731: my mic isnt working
2018-04-28 00:08:18 #music-commands @bubblysnowflake#8731: idk whhy
2018-04-28 00:08:25 #music-commands @bubblysnowflake#8731: someone send help
2018-04-28 00:11:47 #music-commands @bubblysnowflake#8731: CHANGE THE SONG
2018-04-28 00:11:47 #music-commands @MEE6#4876: Alright, @Rainebow Tem! has been warned because '**Capital letters**'.
2018-04-28 00:12:02 #music-commands @bubblysnowflake#8731: !play suga we're going down
2018-04-28 00:12:03 #music-commands @Rythm#3722: <:youtube:335112740957978625> **Searching** 🔎 `suga we're going down`
2018-04-28 00:12:03 #music-commands @Rythm#3722: 
2018-04-28 00:12:08 #music-commands @Rythm#3722 edited message from 2018-04-28 00:12:03 () to read: 
2018-04-28 00:15:59 #music-commands @bubblysnowflake#8731: !play suga we're going down
2018-04-28 00:15:59 #music-commands @Rythm#3722: <:youtube:335112740957978625> **Searching** 🔎 `suga we're going down`
2018-04-28 00:16:00 #music-commands @Rythm#3722: 
2018-04-28 00:16:04 #music-commands @Rythm#3722 edited message from 2018-04-28 00:16:00 () to read: 
2018-04-28 00:16:06 #music-commands @bubblysnowflake#8731: !skip
2018-04-28 00:16:07 #music-commands @Rythm#3722: ⏩ ***Skipped*** 👍
2018-04-28 00:16:09 #music-commands @Synapse#0692: Can't skip if I'm not playing.
2018-04-28 00:19:53 #music-commands @bubblysnowflake#8731: !skip
2018-04-28 00:19:53 #music-commands @Rythm#3722: ⏩ ***Skipped*** 👍
2018-04-28 00:19:53 #music-commands @Synapse#0692: Can't skip if I'm not playing.
2018-04-28 00:19:56 #music-commands @bubblysnowflake#8731: !skip
2018-04-28 00:19:56 #music-commands @Rythm#3722: ⏩ ***Skipped*** 👍
2018-04-28 00:19:57 #music-commands @Synapse#0692: Can't skip if I'm not playing.
2018-04-28 00:20:05 #music-commands @bubblysnowflake#8731: !play look what you made me do
2018-04-28 00:20:05 #music-commands @Rythm#3722: <:youtube:335112740957978625> **Searching** 🔎 `look what you made me do`
2018-04-28 00:20:06 #music-commands @Rythm#3722: 
2018-04-28 00:20:07 #music-commands @Rythm#3722 edited message from 2018-04-28 00:20:06 () to read: 
2018-04-28 00:20:09 #music-commands @bubblysnowflake#8731: !skip
2018-04-28 00:20:09 #music-commands @Rythm#3722: ⏩ ***Skipped*** 👍
2018-04-28 00:20:09 #music-commands @Synapse#0692: Can't skip if I'm not playing.
2018-04-28 00:20:28 #music-commands @bubblysnowflake#8731: !play gorgeous
2018-04-28 00:20:28 #music-commands @Rythm#3722: <:youtube:335112740957978625> **Searching** 🔎 `gorgeous`
2018-04-28 00:20:29 #music-commands @Rythm#3722: 
2018-04-28 00:20:31 #music-commands @Rythm#3722 edited message from 2018-04-28 00:20:29 () to read: 
2018-04-28 00:21:33 #music-commands @bubblysnowflake#8731: !play call it what you wan
2018-04-28 00:21:33 #music-commands @Rythm#3722: <:youtube:335112740957978625> **Searching** 🔎 `call it what you wan`
2018-04-28 00:21:34 #music-commands @Rythm#3722: 
2018-04-28 00:21:36 #music-commands @Rythm#3722 edited message from 2018-04-28 00:21:34 () to read: 
2018-04-28 00:21:40 #music-commands @bubblysnowflake#8731: !play dont blame me
2018-04-28 00:21:40 #music-commands @Rythm#3722: <:youtube:335112740957978625> **Searching** 🔎 `dont blame me`
2018-04-28 00:21:41 #music-commands @Rythm#3722: 
2018-04-28 00:21:42 #music-commands @Rythm#3722 edited message from 2018-04-28 00:21:41 () to read: 
2018-04-28 00:24:36 #music-commands @bubblysnowflake#8731: !skip
2018-04-28 00:24:36 #music-commands @Rythm#3722: ⏩ ***Skipped*** 👍
2018-04-28 00:24:36 #music-commands @Synapse#0692: Can't skip if I'm not playing.
2018-04-28 00:28:16 #music-commands @bubblysnowflake#8731: !skip
2018-04-28 00:28:16 #music-commands @Rythm#3722: ⏩ ***Skipped*** 👍
2018-04-28 00:28:18 #music-commands @Synapse#0692: Can't skip if I'm not playing.
2018-04-28 15:22:27 #music-commands @Sqar_#9984: !!summon
2018-04-28 15:22:29 #music-commands @Sqar_#9984: !summon
2018-04-28 15:22:29 #music-commands @Rythm#3722: 👍 **Joined** `Music 1` :page_facing_up: **And bound to** `music-commands`
2018-04-28 15:22:36 #music-commands @Sqar_#9984: !play its everyday bro
2018-04-28 15:22:36 #music-commands @Rythm#3722: <:youtube:335112740957978625> **Searching** 🔎 `its everyday bro`
2018-04-28 15:22:36 #music-commands @Rythm#3722: **Playing** 🎶 `Jake Paul - It's Everyday Bro (Song) feat. Team 10 (Official Music Video)` - Now!
2018-04-28 15:22:38 #music-commands @Sqar_#9984: !loop
2018-04-28 15:22:38 #music-commands @Rythm#3722: 🔂 **Enabled!**
2018-04-30 22:24:09 #music-commands @KevinReaperzGaming25#1801: a
2018-04-30 22:24:11 #music-commands @KevinReaperzGaming25#1801: !rank
2018-04-30 22:24:11 #music-commands @MEE6#4876: 
2018-04-30 22:24:12 #music-commands @MEE6#4876 edited message from 2018-04-30 22:24:11 () to read: 
2018-04-30 22:24:13 #music-commands @KevinReaperzGaming25#1801: oof
2018-04-30 22:24:15 #music-commands @KevinReaperzGaming25#1801: !rank
2018-04-30 22:24:15 #music-commands @MEE6#4876: 
2018-04-30 22:24:16 #music-commands @MEE6#4876 edited message from 2018-04-30 22:24:15 () to read: 
2018-04-30 22:24:18 #music-commands @KevinReaperzGaming25#1801: GIVE ME MORE EXP
2018-04-30 22:31:28 #music-commands @BobteOnion#7237: nope
2018-04-30 23:18:55 #music-commands @ID_123#8525: should i advertise server to random people?
2018-04-30 23:19:01 #music-commands @ID_123#8525 edited message from 2018-04-30 23:18:55 (should i advertise server to random people?) to read: should i advertise server to random people?
2018-04-30 23:19:01 #music-commands @ID_123#8525: 
2018-05-01 22:46:38 #music-commands @Jelynfish#0979: !play eye of the spider parody of eye of the tiger
2018-05-01 22:46:38 #music-commands @Rythm#3722: ❌ **You need to be in the same voice channel as Rythm to use this command**
2018-05-01 22:46:45 #music-commands @Jelynfish#0979: !join
2018-05-01 22:46:45 #music-commands @Rythm#3722: ❌ **You cannot summon the bot as its playing elsewhere**
2018-05-01 22:47:02 #music-commands @Jelynfish#0979: .help
2018-05-01 22:47:02 #music-commands @MedalBot#1237: Hey @nO hOmO tEm(Jelyn), I've PM'd you with a list of commands you can use!
2018-05-01 22:51:11 #music-commands @Jelynfish#0979: .setprefix
2018-05-01 22:51:45 #music-commands @Jelynfish#0979: .play eye of the spider parody of eye of the tiger
2018-05-01 22:51:47 #music-commands @Synapse#0692: 
2018-05-01 22:51:49 #music-commands @Synapse#0692 edited message from 2018-05-01 22:51:47 () to read: 
2018-05-01 22:51:51 #music-commands @Synapse#0692: 
2018-05-01 22:51:52 #music-commands @Synapse#0692 edited message from 2018-05-01 22:51:51 () to read: 
2018-05-01 22:51:59 #music-commands @Synapse#0692 deleted message from 2018-05-01 22:51:47 ()
2018-05-01 22:51:59 #music-commands @Jelynfish#0979 deleted message from 2018-05-01 22:51:45 (.play eye of the spider parody of eye of the tiger)
2018-05-01 22:56:24 #music-commands @Synapse#0692: 
2018-05-01 22:56:25 #music-commands @Synapse#0692 edited message from 2018-05-01 22:56:24 () to read: 
2018-05-01 22:57:21 #music-commands @Jelynfish#0979: .play miners life parody of sonochi no sadame
2018-05-01 22:57:25 #music-commands @Synapse#0692 deleted message from 2018-05-01 22:51:51 ()
2018-05-01 22:57:25 #music-commands @Synapse#0692: 
2018-05-01 22:57:26 #music-commands @Synapse#0692 edited message from 2018-05-01 22:57:25 () to read: 
2018-05-01 22:57:24 #music-commands @Synapse#0692: 
2018-05-01 22:57:26 #music-commands @Synapse#0692 edited message from 2018-05-01 22:57:24 () to read: 
2018-05-01 22:57:36 #music-commands @Jelynfish#0979 deleted message from 2018-05-01 22:57:21 (.play miners life parody of sonochi no sadame)
2018-05-01 22:57:36 #music-commands @Synapse#0692 deleted message from 2018-05-01 22:57:24 ()
2018-05-01 22:57:49 #music-commands @Jelynfish#0979: .play minecraft parody of bloody stream
2018-05-01 22:57:53 #music-commands @Synapse#0692: 
2018-05-01 22:57:56 #music-commands @Synapse#0692 edited message from 2018-05-01 22:57:53 () to read: 
2018-05-01 22:58:04 #music-commands @Synapse#0692 deleted message from 2018-05-01 22:57:53 ()
2018-05-01 22:58:04 #music-commands @Jelynfish#0979 deleted message from 2018-05-01 22:57:49 (.play minecraft parody of bloody stream)
2018-05-01 22:58:07 #music-commands @Jelynfish#0979: .play eye of the ender minecraft parody of end of the world
2018-05-01 22:58:10 #music-commands @Synapse#0692: 
2018-05-01 22:58:12 #music-commands @Synapse#0692 edited message from 2018-05-01 22:58:10 () to read: 
2018-05-01 22:58:22 #music-commands @Jelynfish#0979 deleted message from 2018-05-01 22:58:07 (.play eye of the ender minecraft parody of end of the world)
2018-05-01 22:58:22 #music-commands @Synapse#0692 deleted message from 2018-05-01 22:58:10 ()
2018-05-01 22:58:39 #music-commands @Jelynfish#0979: .play minecraft parody of great days
2018-05-01 22:58:41 #music-commands @Synapse#0692: 
2018-05-01 22:58:43 #music-commands @Synapse#0692 edited message from 2018-05-01 22:58:41 () to read: 
2018-05-01 22:58:54 #music-commands @Synapse#0692 deleted message from 2018-05-01 22:58:41 ()
2018-05-01 22:58:54 #music-commands @Jelynfish#0979 deleted message from 2018-05-01 22:58:39 (.play minecraft parody of great days)
2018-05-01 22:59:08 #music-commands @Synapse#0692 deleted message from 2018-05-01 22:56:24 ()
2018-05-01 22:59:08 #music-commands @Synapse#0692: 
2018-05-01 22:59:09 #music-commands @Synapse#0692 edited message from 2018-05-01 22:59:08 () to read: 
2018-05-01 22:59:10 #music-commands @Synapse#0692 deleted message from 2018-05-01 22:57:25 ()
2018-05-01 22:59:10 #music-commands @Synapse#0692 deleted message from 2018-05-01 22:59:08 ()
2018-05-01 22:59:10 #music-commands @Synapse#0692: 
2018-05-01 22:59:10 #music-commands @Synapse#0692: 
2018-05-01 22:59:10 #music-commands @Synapse#0692 edited message from 2018-05-01 22:59:10 () to read: 
2018-05-01 22:59:10 #music-commands @Synapse#0692 edited message from 2018-05-01 22:59:10 () to read: 
2018-05-01 22:59:12 #music-commands @Synapse#0692 deleted message from 2018-05-01 22:59:10 ()
2018-05-01 22:59:11 #music-commands @Synapse#0692: 
2018-05-01 22:59:12 #music-commands @Synapse#0692 edited message from 2018-05-01 22:59:11 () to read: 
2018-05-01 23:00:48 #music-commands @Synapse#0692 deleted message from 2018-05-01 22:59:10 ()
2018-05-01 23:00:48 #music-commands @Synapse#0692: 
2018-05-01 23:00:48 #music-commands @Synapse#0692 edited message from 2018-05-01 23:00:48 () to read: 
2018-05-01 23:05:29 #music-commands @Jelynfish#0979: .play mine diamonds
2018-05-01 23:05:31 #music-commands @Synapse#0692: 
2018-05-01 23:05:32 #music-commands @Synapse#0692 edited message from 2018-05-01 23:05:31 () to read: 
2018-05-01 23:05:32 #music-commands @Synapse#0692 deleted message from 2018-05-01 22:59:11 ()
2018-05-01 23:05:32 #music-commands @Synapse#0692: 
2018-05-01 23:05:33 #music-commands @Synapse#0692 edited message from 2018-05-01 23:05:32 () to read: 
2018-05-01 23:05:45 #music-commands @Jelynfish#0979 deleted message from 2018-05-01 23:05:29 (.play mine diamonds)
2018-05-01 23:05:45 #music-commands @Synapse#0692 deleted message from 2018-05-01 23:05:31 ()
2018-05-01 23:09:18 #music-commands @ID_123#8525: NO
2018-05-01 23:10:09 #music-commands @Synapse#0692 deleted message from 2018-05-01 23:00:48 ()
2018-05-01 23:10:03 #music-commands @Synapse#0692: 
2018-05-01 23:10:09 #music-commands @Synapse#0692 edited message from 2018-05-01 23:10:03 () to read: 
2018-05-01 23:15:57 #music-commands @Jelynfish#0979: .play eye of the spider parody of eye of the tiger
2018-05-01 23:16:00 #music-commands @Synapse#0692 deleted message from 2018-05-01 23:05:32 ()
2018-05-01 23:15:59 #music-commands @Synapse#0692: 
2018-05-01 23:16:08 #music-commands @Synapse#0692 edited message from 2018-05-01 23:15:59 () to read: 
2018-05-01 23:16:04 #music-commands @Synapse#0692: 
2018-05-01 23:16:10 #music-commands @Synapse#0692 edited message from 2018-05-01 23:16:04 () to read: 
2018-05-01 23:16:14 #music-commands @Jelynfish#0979 deleted message from 2018-05-01 23:15:57 (.play eye of the spider parody of eye of the tiger)
2018-05-01 23:16:14 #music-commands @Synapse#0692 deleted message from 2018-05-01 23:15:59 ()
2018-05-01 23:18:51 #music-commands @Jelynfish#0979: !play eye of the spider parody of eye of the tiger
2018-05-01 23:18:51 #music-commands @Rythm#3722: <:youtube:335112740957978625> **Searching** 🔎 `eye of the spider parody of eye of the tiger`
2018-05-01 23:18:52 #music-commands @Rythm#3722: **Playing** 🎶 `Eye Of The Spider Eye Of The Tiger Minecraft Parody` - Now!
2018-05-01 23:18:54 #music-commands @Jelynfish#0979: .leave
2018-05-01 23:20:41 #music-commands @Synapse#0692 deleted message from 2018-05-01 23:10:03 ()
2018-05-01 23:20:41 #music-commands @Synapse#0692: 
2018-05-01 23:20:42 #music-commands @Synapse#0692 edited message from 2018-05-01 23:20:41 () to read: 
2018-05-02 00:42:47 #music-commands @BobteOnion#7237: !play mlg megalovania
2018-05-02 00:42:47 #music-commands @Rythm#3722: <:youtube:335112740957978625> **Searching** 🔎 `mlg megalovania`
2018-05-02 00:42:48 #music-commands @Rythm#3722: **Playing** 🎶 `Undertale Megalovania - MLG Airhorn Remix` - Now!
2018-05-02 00:43:31 #music-commands @Jelynfish#0979: !skip
2018-05-02 00:43:31 #music-commands @Rythm#3722: **Skipping?** (1/2 people)
2018-05-02 00:43:32 #music-commands @Synapse#0692: Can't skip if I'm not playing.
2018-05-02 00:43:37 #music-commands @Jelynfish#0979: !s
2018-05-02 00:43:37 #music-commands @Rythm#3722: ❌ **You already voted to skip the current song.**
2018-05-02 00:44:36 #music-commands @BobteOnion#7237: hitahhhh
2018-05-02 00:44:39 #music-commands @BobteOnion#7237: hiyaaaaah
2018-05-02 00:45:17 #music-commands @BobteOnion#7237: !loop
2018-05-02 00:45:18 #music-commands @Rythm#3722: 🔂 **Enabled!**
2018-05-02 00:45:22 #music-commands @BobteOnion#7237: pls mlg
