2018-05-01 12:52:54 #geral @Synapse#0692: 
2018-05-01 12:53:03 #geral @Unkown#0151: |help
2018-05-01 12:53:18 #geral @Unkown#0151: .help
2018-05-01 12:53:37 #geral @Unkown#0151: .commands Admin
2018-05-01 12:53:38 #geral @Synapse#0692: 
2018-05-01 12:53:38 #geral @Synapse#0692 edited message from 2018-05-01 12:53:38 () to read: 
2018-05-01 12:53:50 #geral @Unkown#0151: .cr Admin
2018-05-01 12:53:50 #geral @Synapse#0692: 
2018-05-01 12:53:50 #geral @Synapse#0692 edited message from 2018-05-01 12:53:50 () to read: 
2018-05-01 12:54:10 #geral @Unkown#0151: /settopic asdas
2018-05-01 12:54:37 #geral @Unkown#0151: /antispam
2018-05-01 12:54:45 #geral @Unkown#0151: .antispam
2018-05-01 12:54:45 #geral @Synapse#0692: 
2018-05-01 12:54:47 #geral @Synapse#0692 edited message from 2018-05-01 12:54:45 () to read: 
2018-05-01 12:54:48 #geral @Unkown#0151: .settopic asdasd
2018-05-01 12:54:49 #geral @Synapse#0692: 
2018-05-01 12:54:50 #geral @Synapse#0692 edited message from 2018-05-01 12:54:49 () to read: 
2018-05-01 12:55:26 #geral @Unkown#0151: .cr adm mediumpurple
2018-05-01 12:55:26 #geral @Synapse#0692: 
2018-05-01 12:55:28 #geral @Synapse#0692 edited message from 2018-05-01 12:55:26 () to read: 
2018-05-01 12:59:07 #geral @Ghostplay R2#1298: 
2018-05-01 12:59:22 #geral @Unkown#0151: .multicolor 1 Admin
2018-05-01 12:59:33 #geral @Unkown#0151: *muticolor 1 Admin
2018-05-01 22:41:38 #geral @BOT Teste#5384: 
2018-05-01 22:49:11 #geral @●▬▬๑۩uᏁᏦᎾᎳᏁ۩๑▬▬▬●#0151: asd
2018-05-01 22:50:22 #geral @●▬▬๑۩uᏁᏦᎾᎳᏁ۩๑▬▬▬●#0151: asdasd
2018-05-01 22:58:58 #geral @●▬▬๑۩uᏁᏦᎾᎳᏁ۩๑▬▬▬●#0151: asd
