2018-04-28 16:22:11 #logs @Dyno#3861: 
2018-04-28 16:22:11 #logs @Dyno#3861 edited message from 2018-04-28 16:22:11 () to read: 
2018-04-28 16:22:11 #logs @Dyno#3861: 
2018-04-28 16:22:11 #logs @Dyno#3861 edited message from 2018-04-28 16:22:11 () to read: 
2018-04-28 16:22:11 #logs @Dyno#3861: 
2018-04-28 16:22:11 #logs @Dyno#3861 edited message from 2018-04-28 16:22:11 () to read: 
2018-04-28 16:23:14 #logs @Dyno#3861: 
2018-04-28 16:23:14 #logs @Dyno#3861 edited message from 2018-04-28 16:23:14 () to read: 
2018-04-28 16:23:14 #logs @Dyno#3861: 
2018-04-28 16:23:14 #logs @Dyno#3861: 
2018-04-28 16:23:14 #logs @Dyno#3861 edited message from 2018-04-28 16:23:14 () to read: 
2018-04-28 16:23:14 #logs @Dyno#3861 edited message from 2018-04-28 16:23:14 () to read: 
2018-04-28 16:27:16 #logs @Dyno#3861: 
2018-04-28 16:27:31 #logs @Dyno#3861 edited message from 2018-04-28 16:27:16 () to read: 
2018-04-28 16:28:15 #logs @Dyno#3861: 
2018-04-28 16:28:15 #logs @Dyno#3861 edited message from 2018-04-28 16:28:15 () to read: 
2018-04-28 16:28:26 #logs @Dyno#3861: 
2018-04-28 16:28:26 #logs @Dyno#3861 edited message from 2018-04-28 16:28:26 () to read: 
2018-04-28 16:28:32 #logs @Dyno#3861: 
2018-04-28 16:28:47 #logs @Dyno#3861 edited message from 2018-04-28 16:28:32 () to read: 
2018-04-28 17:27:11 #logs @Dyno#3861: 
2018-04-28 17:27:12 #logs @Dyno#3861 edited message from 2018-04-28 17:27:11 () to read: 
2018-04-28 17:27:12 #logs @Dyno#3861: 
2018-04-28 17:27:12 #logs @Dyno#3861 edited message from 2018-04-28 17:27:12 () to read: 
2018-04-30 20:40:20 #logs @Dyno#3861: 
2018-04-30 20:40:21 #logs @Dyno#3861 edited message from 2018-04-30 20:40:20 () to read: 
2018-04-30 21:38:40 #logs @Dyno#3861: 
2018-04-30 21:38:41 #logs @Dyno#3861 edited message from 2018-04-30 21:38:40 () to read: 
2018-04-30 21:38:52 #logs @Dyno#3861 deleted message from 2018-04-30 21:38:40 ()
2018-05-01 01:46:25 #logs @Dyno#3861: 
2018-05-01 01:46:26 #logs @Dyno#3861 edited message from 2018-05-01 01:46:25 () to read: 
2018-05-01 01:46:32 #logs @Dyno#3861 deleted message from 2018-05-01 01:46:25 ()
2018-05-01 15:06:02 #logs @Dyno#3861: 
2018-05-01 15:06:02 #logs @Dyno#3861 edited message from 2018-05-01 15:06:02 () to read: 
2018-05-01 15:06:03 #logs @Dyno#3861: 
2018-05-01 15:06:03 #logs @Dyno#3861 edited message from 2018-05-01 15:06:03 () to read: 
2018-05-01 17:54:22 #logs @Dyno#3861: 
2018-05-01 17:54:23 #logs @Dyno#3861 edited message from 2018-05-01 17:54:22 () to read: 
2018-05-01 19:49:06 #logs @Dyno#3861: 
2018-05-01 19:49:12 #logs @Dyno#3861 edited message from 2018-05-01 19:49:06 () to read: 
2018-05-01 21:34:02 #logs @Dyno#3861: 
2018-05-01 21:34:03 #logs @Dyno#3861 edited message from 2018-05-01 21:34:02 () to read: 
2018-05-01 21:34:02 #logs @Dyno#3861: 
2018-05-01 21:34:03 #logs @Dyno#3861 edited message from 2018-05-01 21:34:02 () to read: 
2018-05-01 21:45:24 #logs @Dyno#3861: 
2018-05-01 21:45:24 #logs @Dyno#3861 edited message from 2018-05-01 21:45:24 () to read: 
2018-05-01 22:55:59 #logs @Dyno#3861: 
2018-05-01 22:55:59 #logs @Dyno#3861 edited message from 2018-05-01 22:55:59 () to read: 
2018-05-01 23:34:45 #logs @Dr. Luke#0680: ?info @Zoculuso
2018-05-01 23:34:45 #logs @Dyno#3861: 
2018-05-01 23:34:46 #logs @Dyno#3861 edited message from 2018-05-01 23:34:45 () to read: 
2018-05-01 23:49:25 #logs @Dyno#3861: 
2018-05-01 23:49:25 #logs @Dyno#3861 edited message from 2018-05-01 23:49:25 () to read: 
2018-05-01 23:56:55 #logs @Dyno#3861: 
2018-05-01 23:56:55 #logs @Dyno#3861 edited message from 2018-05-01 23:56:55 () to read: 
2018-05-01 23:57:07 #logs @Dyno#3861: 
2018-05-01 23:57:07 #logs @Dyno#3861 edited message from 2018-05-01 23:57:07 () to read: 
2018-05-01 23:57:15 #logs @Dyno#3861: 
2018-05-01 23:57:15 #logs @Dyno#3861 edited message from 2018-05-01 23:57:15 () to read: 
2018-05-01 23:57:43 #logs @Dyno#3861: 
2018-05-01 23:57:43 #logs @Dyno#3861 edited message from 2018-05-01 23:57:43 () to read: 
2018-05-01 23:57:43 #logs @Dyno#3861: 
2018-05-01 23:57:44 #logs @Dyno#3861 edited message from 2018-05-01 23:57:43 () to read: 
2018-05-01 23:57:43 #logs @Dyno#3861: 
2018-05-01 23:57:44 #logs @Dyno#3861 edited message from 2018-05-01 23:57:43 () to read: 
2018-05-01 23:57:43 #logs @Dyno#3861: 
2018-05-01 23:57:44 #logs @Dyno#3861 edited message from 2018-05-01 23:57:43 () to read: 
2018-05-01 23:57:43 #logs @Dyno#3861: 
2018-05-01 23:57:44 #logs @Dyno#3861 edited message from 2018-05-01 23:57:43 () to read: 
2018-05-01 23:59:34 #logs @Dyno#3861: 
2018-05-01 23:59:35 #logs @Dyno#3861 edited message from 2018-05-01 23:59:34 () to read: 
2018-05-01 23:59:57 #logs @Dyno#3861 deleted message from 2018-05-01 23:59:34 ()
2018-05-02 00:00:15 #logs @Dyno#3861: 
2018-05-02 00:00:15 #logs @Dyno#3861 edited message from 2018-05-02 00:00:15 () to read: 
2018-05-02 00:00:59 #logs @Dyno#3861: 
2018-05-02 00:01:00 #logs @Dyno#3861 edited message from 2018-05-02 00:00:59 () to read: 
2018-05-02 00:01:04 #logs @Dyno#3861: 
2018-05-02 00:01:04 #logs @Dyno#3861 edited message from 2018-05-02 00:01:04 () to read: 
2018-05-02 00:01:07 #logs @Dyno#3861: 
2018-05-02 00:01:08 #logs @Dyno#3861 edited message from 2018-05-02 00:01:07 () to read: 
2018-05-02 00:07:51 #logs @Dyno#3861: 
2018-05-02 00:07:56 #logs @Dyno#3861 edited message from 2018-05-02 00:07:51 () to read: 
2018-05-02 00:11:08 #logs @Dyno#3861: 
2018-05-02 00:11:08 #logs @Dyno#3861 edited message from 2018-05-02 00:11:08 () to read: 
2018-05-02 00:11:08 #logs @Dyno#3861: 
2018-05-02 00:11:08 #logs @Dyno#3861 edited message from 2018-05-02 00:11:08 () to read: 
2018-05-02 00:11:08 #logs @Dyno#3861: 
2018-05-02 00:11:16 #logs @Dyno#3861 edited message from 2018-05-02 00:11:08 () to read: 
2018-05-02 00:11:15 #logs @Dyno#3861: 
2018-05-02 00:11:16 #logs @Dyno#3861 edited message from 2018-05-02 00:11:15 () to read: 
2018-05-02 00:11:15 #logs @Dyno#3861: 
2018-05-02 00:11:16 #logs @Dyno#3861 edited message from 2018-05-02 00:11:15 () to read: 
2018-05-02 00:11:15 #logs @Dyno#3861: 
2018-05-02 00:11:16 #logs @Dyno#3861 edited message from 2018-05-02 00:11:15 () to read: 
2018-05-02 00:11:15 #logs @Dyno#3861: 
2018-05-02 00:11:16 #logs @Dyno#3861 edited message from 2018-05-02 00:11:15 () to read: 
2018-05-02 00:11:21 #logs @Dyno#3861: 
2018-05-02 00:11:21 #logs @Dyno#3861 edited message from 2018-05-02 00:11:21 () to read: 
2018-05-02 00:12:45 #logs @Dyno#3861: 
2018-05-02 00:12:45 #logs @Dyno#3861 edited message from 2018-05-02 00:12:45 () to read: 
2018-05-02 00:12:59 #logs @Dyno#3861: 
2018-05-02 00:12:59 #logs @Dyno#3861 edited message from 2018-05-02 00:12:59 () to read: 
2018-05-02 00:13:02 #logs @Dyno#3861: 
2018-05-02 00:13:02 #logs @Dyno#3861 edited message from 2018-05-02 00:13:02 () to read: 
2018-05-02 00:13:02 #logs @Dyno#3861: 
2018-05-02 00:13:03 #logs @Dyno#3861 edited message from 2018-05-02 00:13:02 () to read: 
2018-05-02 00:13:07 #logs @Dyno#3861: 
2018-05-02 00:13:07 #logs @Dyno#3861 edited message from 2018-05-02 00:13:07 () to read: 
2018-05-02 00:13:11 #logs @Dyno#3861: 
2018-05-02 00:13:11 #logs @Dyno#3861 edited message from 2018-05-02 00:13:11 () to read: 
2018-05-02 00:13:16 #logs @Dyno#3861: 
2018-05-02 00:13:16 #logs @Dyno#3861 edited message from 2018-05-02 00:13:16 () to read: 
2018-05-02 00:13:19 #logs @Dyno#3861: 
2018-05-02 00:13:20 #logs @Dyno#3861 edited message from 2018-05-02 00:13:19 () to read: 
2018-05-02 00:13:24 #logs @Dyno#3861: 
2018-05-02 00:13:30 #logs @Dyno#3861 edited message from 2018-05-02 00:13:24 () to read: 
2018-05-02 00:13:28 #logs @Dyno#3861: 
2018-05-02 00:13:30 #logs @Dyno#3861 edited message from 2018-05-02 00:13:28 () to read: 
2018-05-02 00:13:32 #logs @Dyno#3861: 
2018-05-02 00:13:33 #logs @Dyno#3861 edited message from 2018-05-02 00:13:32 () to read: 
2018-05-02 00:13:36 #logs @Dyno#3861: 
2018-05-02 00:13:36 #logs @Dyno#3861 edited message from 2018-05-02 00:13:36 () to read: 
2018-05-02 00:13:41 #logs @Dyno#3861: 
2018-05-02 00:13:41 #logs @Dyno#3861 edited message from 2018-05-02 00:13:41 () to read: 
2018-05-02 00:14:14 #logs @Dyno#3861: 
2018-05-02 00:14:15 #logs @Dyno#3861 edited message from 2018-05-02 00:14:14 () to read: 
2018-05-02 00:14:15 #logs @Dyno#3861: 
2018-05-02 00:14:15 #logs @Dyno#3861 edited message from 2018-05-02 00:14:15 () to read: 
2018-05-02 00:14:15 #logs @Dyno#3861: 
2018-05-02 00:14:15 #logs @Dyno#3861 edited message from 2018-05-02 00:14:15 () to read: 
2018-05-02 00:15:27 #logs @█ Tomato Cat █#6824: .
2018-05-02 00:15:38 #logs @█ Tomato Cat █#6824: ?unmute @pandaturtle8  i forgive you
2018-05-02 00:15:43 #logs @█ Tomato Cat █#6824 deleted message from 2018-05-02 00:15:38 (?unmute @pandaturtle8  i forgive you)
2018-05-02 00:15:38 #logs @Dyno#3861: 
2018-05-02 00:15:43 #logs @Dyno#3861 edited message from 2018-05-02 00:15:38 () to read: 
2018-05-02 00:15:39 #logs @Dyno#3861: <:dynoSuccess:314691591484866560> ***pandaturtle8#4343 was unmuted***
2018-05-02 00:15:39 #logs @Dyno#3861: 
2018-05-02 00:15:43 #logs @Dyno#3861 edited message from 2018-05-02 00:15:39 () to read: 
2018-05-02 00:15:39 #logs @Dyno#3861: 
2018-05-02 00:15:43 #logs @Dyno#3861 edited message from 2018-05-02 00:15:39 () to read: 
2018-05-02 00:15:39 #logs @Dyno#3861: 
2018-05-02 00:15:43 #logs @Dyno#3861 edited message from 2018-05-02 00:15:39 () to read: 
2018-05-02 00:15:59 #logs @scrEAMS IN NORWEGIAN#1865: Omg stop tomato u fucking fruit
2018-05-02 00:16:03 #logs @█ Tomato Cat █#6824: o
2018-05-02 00:16:05 #logs @█ Tomato Cat █#6824: fine
2018-05-02 00:16:15 #logs @█ Tomato Cat █#6824: ?mute @pandaturtle8  5h sorry yo
2018-05-02 00:16:16 #logs @█ Tomato Cat █#6824 deleted message from 2018-05-02 00:16:15 (?mute @pandaturtle8  5h sorry yo)
2018-05-02 00:16:16 #logs @Dyno#3861: 
2018-05-02 00:16:16 #logs @Dyno#3861 edited message from 2018-05-02 00:16:16 () to read: 
2018-05-02 00:16:16 #logs @Dyno#3861: <:dynoSuccess:314691591484866560> ***pandaturtle8#4343 was muted***
2018-05-02 00:16:16 #logs @Dyno#3861: 
2018-05-02 00:16:16 #logs @Dyno#3861 edited message from 2018-05-02 00:16:16 () to read: 
2018-05-02 00:16:16 #logs @Dyno#3861: 
2018-05-02 00:16:17 #logs @Dyno#3861 edited message from 2018-05-02 00:16:16 () to read: 
2018-05-02 00:16:17 #logs @Dyno#3861: 
2018-05-02 00:16:17 #logs @Dyno#3861 edited message from 2018-05-02 00:16:17 () to read: 
2018-05-02 00:16:29 #logs @scrEAMS IN NORWEGIAN#1865: ;_;
2018-05-02 01:14:59 #logs @Dyno#3861: 
2018-05-02 01:14:59 #logs @Dyno#3861 edited message from 2018-05-02 01:14:59 () to read: 
2018-05-02 01:15:10 #logs @Dyno#3861: 
2018-05-02 01:15:11 #logs @Dyno#3861 edited message from 2018-05-02 01:15:10 () to read: 
2018-05-02 01:15:26 #logs @Dyno#3861: 
2018-05-02 01:15:27 #logs @Dyno#3861 edited message from 2018-05-02 01:15:26 () to read: 
2018-05-02 01:15:36 #logs @Dyno#3861: 
2018-05-02 01:15:36 #logs @Dyno#3861 edited message from 2018-05-02 01:15:36 () to read: 
2018-05-02 01:19:08 #logs @Dyno#3861: 
2018-05-02 01:19:09 #logs @Dyno#3861 edited message from 2018-05-02 01:19:08 () to read: 
2018-05-02 01:19:23 #logs @Dyno#3861 deleted message from 2018-05-02 01:19:08 ()
2018-05-02 02:05:17 #logs @Dyno#3861: 
2018-05-02 02:05:17 #logs @Dyno#3861 edited message from 2018-05-02 02:05:17 () to read: 
2018-05-02 02:30:09 #logs @Dyno#3861: 
2018-05-02 02:30:09 #logs @Dyno#3861 edited message from 2018-05-02 02:30:09 () to read: 
2018-05-02 02:30:15 #logs @Dyno#3861: 
2018-05-02 02:30:15 #logs @Dyno#3861 edited message from 2018-05-02 02:30:15 () to read: 
2018-05-02 02:31:26 #logs @Dyno#3861: 
2018-05-02 02:31:26 #logs @Dyno#3861 edited message from 2018-05-02 02:31:26 () to read: 
2018-05-02 02:31:43 #logs @Dyno#3861: 
2018-05-02 02:31:43 #logs @Dyno#3861 edited message from 2018-05-02 02:31:43 () to read: 
2018-05-02 04:54:17 #logs @█ Tomato Cat █#6824: ?unmute panda
2018-05-02 04:54:18 #logs @█ Tomato Cat █#6824 deleted message from 2018-05-02 04:54:17 (?unmute panda)
2018-05-02 04:54:18 #logs @Dyno#3861: 
2018-05-02 04:54:18 #logs @Dyno#3861 edited message from 2018-05-02 04:54:18 () to read: 
2018-05-02 04:54:18 #logs @Dyno#3861: <:dynoSuccess:314691591484866560> ***pandaturtle8#4343 was unmuted***
2018-05-02 04:54:18 #logs @Dyno#3861: 
2018-05-02 04:54:18 #logs @Dyno#3861 edited message from 2018-05-02 04:54:18 () to read: 
2018-05-02 04:54:18 #logs @Dyno#3861: 
2018-05-02 04:54:18 #logs @Dyno#3861 edited message from 2018-05-02 04:54:18 () to read: 
2018-05-02 04:54:18 #logs @Dyno#3861: 
2018-05-02 04:54:19 #logs @Dyno#3861 edited message from 2018-05-02 04:54:18 () to read: 
2018-05-02 09:31:01 #logs @Dyno#3861: 
2018-05-02 09:31:01 #logs @Dyno#3861 edited message from 2018-05-02 09:31:01 () to read: 
2018-05-02 09:31:02 #logs @Dyno#3861: 
2018-05-02 09:31:02 #logs @Dyno#3861 edited message from 2018-05-02 09:31:02 () to read: 
2018-05-02 12:52:29 #logs @scrEAMS IN NORWEGIAN#1865: Oh
2018-05-02 14:36:06 #logs @Dyno#3861: 
2018-05-02 14:36:06 #logs @Dyno#3861 edited message from 2018-05-02 14:36:06 () to read: 
2018-05-02 19:47:14 #logs @Dyno#3861: 
2018-05-02 19:47:14 #logs @Dyno#3861 edited message from 2018-05-02 19:47:14 () to read: 
2018-05-02 20:49:04 #logs @Dyno#3861: 
2018-05-02 20:49:05 #logs @Dyno#3861 edited message from 2018-05-02 20:49:04 () to read: 
2018-05-02 20:49:05 #logs @Dyno#3861: 
2018-05-02 20:49:05 #logs @Dyno#3861 edited message from 2018-05-02 20:49:05 () to read: 
2018-05-02 20:51:54 #logs @Dyno#3861: 
2018-05-02 20:51:55 #logs @Dyno#3861 edited message from 2018-05-02 20:51:54 () to read: 
2018-05-02 20:52:04 #logs @Dyno#3861: 
2018-05-02 20:52:05 #logs @Dyno#3861 edited message from 2018-05-02 20:52:04 () to read: 
2018-05-02 20:52:06 #logs @Dyno#3861: 
2018-05-02 20:52:06 #logs @Dyno#3861 edited message from 2018-05-02 20:52:06 () to read: 
2018-05-02 21:10:49 #logs @Dyno#3861: 
2018-05-02 21:10:50 #logs @Dyno#3861 edited message from 2018-05-02 21:10:49 () to read: 
2018-05-02 21:15:33 #logs @Dyno#3861: 
2018-05-02 21:15:33 #logs @Dyno#3861 edited message from 2018-05-02 21:15:33 () to read: 
2018-05-02 21:16:04 #logs @Dyno#3861: 
2018-05-02 21:16:06 #logs @Dyno#3861 edited message from 2018-05-02 21:16:04 () to read: 
2018-05-02 21:21:59 #logs @Dyno#3861: 
2018-05-02 21:21:59 #logs @Dyno#3861 edited message from 2018-05-02 21:21:59 () to read: 
2018-05-02 21:21:59 #logs @Dyno#3861: 
2018-05-02 21:22:01 #logs @Dyno#3861 edited message from 2018-05-02 21:21:59 () to read: 
2018-05-02 21:21:59 #logs @Dyno#3861: 
2018-05-02 21:22:01 #logs @Dyno#3861 edited message from 2018-05-02 21:21:59 () to read: 
2018-05-02 21:21:59 #logs @Dyno#3861: 
2018-05-02 21:22:01 #logs @Dyno#3861 edited message from 2018-05-02 21:21:59 () to read: 
2018-05-02 21:22:10 #logs @Dyno#3861: 
2018-05-02 21:22:11 #logs @Dyno#3861 edited message from 2018-05-02 21:22:10 () to read: 
2018-05-02 21:23:40 #logs @Dyno#3861: 
2018-05-02 21:23:40 #logs @Dyno#3861 edited message from 2018-05-02 21:23:40 () to read: 
2018-05-02 21:23:47 #logs @Dyno#3861: 
2018-05-02 21:23:47 #logs @Dyno#3861 edited message from 2018-05-02 21:23:47 () to read: 
2018-05-02 21:23:47 #logs @Dyno#3861: 
2018-05-02 21:23:47 #logs @Dyno#3861 edited message from 2018-05-02 21:23:47 () to read: 
2018-05-02 21:23:48 #logs @Dyno#3861: 
2018-05-02 21:23:48 #logs @Dyno#3861 edited message from 2018-05-02 21:23:48 () to read: 
2018-05-02 21:23:48 #logs @Dyno#3861: 
2018-05-02 21:23:48 #logs @Dyno#3861 edited message from 2018-05-02 21:23:48 () to read: 
2018-05-02 21:26:08 #logs @Dyno#3861: 
2018-05-02 21:26:09 #logs @Dyno#3861 edited message from 2018-05-02 21:26:08 () to read: 
2018-05-02 21:26:08 #logs @Dyno#3861: 
2018-05-02 21:26:09 #logs @Dyno#3861 edited message from 2018-05-02 21:26:08 () to read: 
2018-05-02 21:26:08 #logs @Dyno#3861: 
2018-05-02 21:26:09 #logs @Dyno#3861 edited message from 2018-05-02 21:26:08 () to read: 
2018-05-02 21:26:42 #logs @Dyno#3861: 
2018-05-02 21:26:43 #logs @Dyno#3861 edited message from 2018-05-02 21:26:42 () to read: 
2018-05-02 21:27:14 #logs @Dyno#3861: 
2018-05-02 21:27:14 #logs @Dyno#3861 edited message from 2018-05-02 21:27:14 () to read: 
2018-05-02 21:27:14 #logs @Dyno#3861: 
2018-05-02 21:27:16 #logs @Dyno#3861 edited message from 2018-05-02 21:27:14 () to read: 
2018-05-02 21:27:15 #logs @Dyno#3861: 
2018-05-02 21:27:16 #logs @Dyno#3861 edited message from 2018-05-02 21:27:15 () to read: 
2018-05-02 21:41:49 #logs @Dyno#3861: 
2018-05-02 21:41:50 #logs @Dyno#3861 edited message from 2018-05-02 21:41:49 () to read: 
2018-05-02 21:47:01 #logs @Dyno#3861: 
2018-05-02 21:47:07 #logs @Dyno#3861 edited message from 2018-05-02 21:47:01 () to read: 
2018-05-02 21:47:01 #logs @Dyno#3861: 
2018-05-02 21:47:07 #logs @Dyno#3861 edited message from 2018-05-02 21:47:01 () to read: 
2018-05-02 21:47:01 #logs @Dyno#3861: 
2018-05-02 21:47:07 #logs @Dyno#3861 edited message from 2018-05-02 21:47:01 () to read: 
2018-05-02 21:48:19 #logs @Dyno#3861: 
2018-05-02 21:48:19 #logs @Dyno#3861 edited message from 2018-05-02 21:48:19 () to read: 
2018-05-02 21:48:19 #logs @Dyno#3861: 
2018-05-02 21:48:19 #logs @Dyno#3861 edited message from 2018-05-02 21:48:19 () to read: 
2018-05-02 21:48:20 #logs @Dyno#3861: 
2018-05-02 21:48:20 #logs @Dyno#3861 edited message from 2018-05-02 21:48:20 () to read: 
2018-05-02 21:48:36 #logs @Dyno#3861: 
2018-05-02 21:48:36 #logs @Dyno#3861 edited message from 2018-05-02 21:48:36 () to read: 
2018-05-02 21:48:38 #logs @Dyno#3861: 
2018-05-02 21:48:40 #logs @Dyno#3861 edited message from 2018-05-02 21:48:38 () to read: 
2018-05-02 21:48:41 #logs @Dyno#3861: 
2018-05-02 21:48:41 #logs @Dyno#3861 edited message from 2018-05-02 21:48:41 () to read: 
2018-05-02 21:52:35 #logs @Dyno#3861: 
2018-05-02 21:52:40 #logs @Dyno#3861 edited message from 2018-05-02 21:52:35 () to read: 
2018-05-02 21:52:35 #logs @Dyno#3861: 
2018-05-02 21:52:40 #logs @Dyno#3861 edited message from 2018-05-02 21:52:35 () to read: 
2018-05-02 21:52:35 #logs @Dyno#3861: 
2018-05-02 21:52:40 #logs @Dyno#3861 edited message from 2018-05-02 21:52:35 () to read: 
2018-05-02 21:59:56 #logs @Dyno#3861: 
2018-05-02 21:59:57 #logs @Dyno#3861 edited message from 2018-05-02 21:59:56 () to read: 
2018-05-02 22:01:42 #logs @Dyno#3861: 
2018-05-02 22:01:42 #logs @Dyno#3861 edited message from 2018-05-02 22:01:42 () to read: 
2018-05-02 22:03:40 #logs @Dyno#3861: 
2018-05-02 22:03:42 #logs @Dyno#3861 edited message from 2018-05-02 22:03:40 () to read: 
2018-05-02 22:04:13 #logs @Dyno#3861: 
2018-05-02 22:04:13 #logs @Dyno#3861 edited message from 2018-05-02 22:04:13 () to read: 
2018-05-02 22:04:13 #logs @Dyno#3861: 
2018-05-02 22:04:13 #logs @Dyno#3861 edited message from 2018-05-02 22:04:13 () to read: 
2018-05-02 22:04:13 #logs @Dyno#3861: 
2018-05-02 22:04:13 #logs @Dyno#3861 edited message from 2018-05-02 22:04:13 () to read: 
2018-05-02 22:04:13 #logs @Dyno#3861: 
2018-05-02 22:04:14 #logs @Dyno#3861 edited message from 2018-05-02 22:04:13 () to read: 
2018-05-02 22:05:06 #logs @Dyno#3861: 
2018-05-02 22:05:06 #logs @Dyno#3861 edited message from 2018-05-02 22:05:06 () to read: 
2018-05-02 22:05:47 #logs @█ Tomato Cat █#6824: .
2018-05-02 22:06:51 #logs @Dyno#3861: 
2018-05-02 22:06:52 #logs @Dyno#3861 edited message from 2018-05-02 22:06:51 () to read: 
2018-05-02 22:07:46 #logs @█ Tomato Cat █#6824: oh nice but why
2018-05-02 23:10:04 #logs @Dyno#3861: 
2018-05-02 23:10:05 #logs @Dyno#3861 edited message from 2018-05-02 23:10:04 () to read: 
2018-05-02 23:10:05 #logs @Dyno#3861: 
2018-05-02 23:10:05 #logs @Dyno#3861 edited message from 2018-05-02 23:10:05 () to read: 
2018-05-02 23:10:05 #logs @Dyno#3861: 
2018-05-02 23:10:05 #logs @Dyno#3861 edited message from 2018-05-02 23:10:05 () to read: 
2018-05-02 23:10:20 #logs @Dyno#3861: 
2018-05-02 23:10:20 #logs @Dyno#3861 edited message from 2018-05-02 23:10:20 () to read: 
2018-05-02 23:10:22 #logs @Dyno#3861: 
2018-05-02 23:10:23 #logs @Dyno#3861 edited message from 2018-05-02 23:10:22 () to read: 
2018-05-02 23:10:22 #logs @Dyno#3861: 
2018-05-02 23:10:24 #logs @Dyno#3861 edited message from 2018-05-02 23:10:22 () to read: 
2018-05-02 23:10:26 #logs @Dyno#3861: 
2018-05-02 23:10:27 #logs @Dyno#3861 edited message from 2018-05-02 23:10:26 () to read: 
2018-05-02 23:10:30 #logs @Dyno#3861: 
2018-05-02 23:10:31 #logs @Dyno#3861 edited message from 2018-05-02 23:10:30 () to read: 
2018-05-02 23:10:34 #logs @Dyno#3861: 
2018-05-02 23:10:34 #logs @Dyno#3861 edited message from 2018-05-02 23:10:34 () to read: 
2018-05-02 23:10:39 #logs @Dyno#3861: 
2018-05-02 23:10:39 #logs @Dyno#3861 edited message from 2018-05-02 23:10:39 () to read: 
2018-05-02 23:10:43 #logs @Dyno#3861: 
2018-05-02 23:10:51 #logs @Dyno#3861 edited message from 2018-05-02 23:10:43 () to read: 
2018-05-02 23:10:47 #logs @Dyno#3861: 
2018-05-02 23:10:51 #logs @Dyno#3861 edited message from 2018-05-02 23:10:47 () to read: 
2018-05-02 23:10:51 #logs @Dyno#3861: 
2018-05-02 23:10:51 #logs @Dyno#3861 edited message from 2018-05-02 23:10:51 () to read: 
2018-05-02 23:10:56 #logs @Dyno#3861: 
2018-05-02 23:10:56 #logs @Dyno#3861 edited message from 2018-05-02 23:10:56 () to read: 
2018-05-02 23:10:59 #logs @Dyno#3861: 
2018-05-02 23:11:00 #logs @Dyno#3861 edited message from 2018-05-02 23:10:59 () to read: 
2018-05-02 23:11:08 #logs @Dyno#3861: 
2018-05-02 23:11:09 #logs @Dyno#3861 edited message from 2018-05-02 23:11:08 () to read: 
2018-05-02 23:11:15 #logs @Dyno#3861: 
2018-05-02 23:11:16 #logs @Dyno#3861 edited message from 2018-05-02 23:11:15 () to read: 
2018-05-02 23:34:16 #logs @scrEAMS IN NORWEGIAN#1865: omg stop n00b
2018-05-02 23:38:10 #logs @█ Tomato Cat █#6824: n00b
2018-05-02 23:38:18 #logs @█ Tomato Cat █#6824: wanna play the streets
2018-05-02 23:46:07 #logs @scrEAMS IN NORWEGIAN#1865: sure
2018-05-02 23:49:19 #logs @█ Tomato Cat █#6824: @scrEAMS IN NORWEGIAN  join me
2018-05-02 23:49:36 #logs @scrEAMS IN NORWEGIAN#1865: #off-topic if were gonna keep talking nub
2018-05-03 00:06:22 #logs @Dyno#3861: 
2018-05-03 00:06:23 #logs @Dyno#3861 edited message from 2018-05-03 00:06:22 () to read: 
2018-05-03 00:10:39 #logs @Dyno#3861: 
2018-05-03 00:10:39 #logs @Dyno#3861 edited message from 2018-05-03 00:10:39 () to read: 
2018-05-03 00:10:39 #logs @Dyno#3861: 
2018-05-03 00:10:39 #logs @Dyno#3861 edited message from 2018-05-03 00:10:39 () to read: 
2018-05-03 00:17:33 #logs @Dyno#3861: 
2018-05-03 00:17:34 #logs @Dyno#3861 edited message from 2018-05-03 00:17:33 () to read: 
2018-05-03 00:20:51 #logs @Dyno#3861: 
2018-05-03 00:20:51 #logs @Dyno#3861 edited message from 2018-05-03 00:20:51 () to read: 
2018-05-03 00:21:01 #logs @Dyno#3861: 
2018-05-03 00:21:01 #logs @Dyno#3861 edited message from 2018-05-03 00:21:01 () to read: 
2018-05-03 00:25:32 #logs @Dyno#3861: 
2018-05-03 00:25:32 #logs @Dyno#3861 edited message from 2018-05-03 00:25:32 () to read: 
2018-05-03 00:25:32 #logs @Dyno#3861: 
2018-05-03 00:25:32 #logs @Dyno#3861 edited message from 2018-05-03 00:25:32 () to read: 
2018-05-03 00:25:32 #logs @Dyno#3861: 
2018-05-03 00:25:32 #logs @Dyno#3861 edited message from 2018-05-03 00:25:32 () to read: 
2018-05-03 00:25:32 #logs @Dyno#3861: 
2018-05-03 00:25:32 #logs @Dyno#3861 edited message from 2018-05-03 00:25:32 () to read: 
2018-05-03 00:41:52 #logs @Dyno#3861: 
2018-05-03 00:41:52 #logs @Dyno#3861 edited message from 2018-05-03 00:41:52 () to read: 
2018-05-03 00:44:11 #logs @Dyno#3861: 
2018-05-03 00:44:12 #logs @Dyno#3861 edited message from 2018-05-03 00:44:11 () to read: 
2018-05-03 00:47:03 #logs @Dyno#3861: 
2018-05-03 00:47:04 #logs @Dyno#3861 edited message from 2018-05-03 00:47:03 () to read: 
2018-05-03 00:47:04 #logs @Dyno#3861: 
2018-05-03 00:47:04 #logs @Dyno#3861 edited message from 2018-05-03 00:47:04 () to read: 
2018-05-03 00:47:04 #logs @Dyno#3861: 
2018-05-03 00:47:04 #logs @Dyno#3861 edited message from 2018-05-03 00:47:04 () to read: 
2018-05-03 00:55:31 #logs @Dyno#3861: 
2018-05-03 00:55:32 #logs @Dyno#3861 edited message from 2018-05-03 00:55:31 () to read: 
2018-05-03 00:57:32 #logs @Dyno#3861: 
2018-05-03 00:57:33 #logs @Dyno#3861 edited message from 2018-05-03 00:57:32 () to read: 
2018-05-03 00:59:57 #logs @Dyno#3861: 
2018-05-03 00:59:58 #logs @Dyno#3861 edited message from 2018-05-03 00:59:57 () to read: 
2018-05-03 01:01:04 #logs @Dr. Luke#0680: NOBODY CAN HIDE
2018-05-03 01:04:54 #logs @Dyno#3861: 
2018-05-03 01:04:54 #logs @Dyno#3861 edited message from 2018-05-03 01:04:54 () to read: 
2018-05-03 01:04:55 #logs @Dyno#3861: 
2018-05-03 01:04:55 #logs @Dyno#3861 edited message from 2018-05-03 01:04:55 () to read: 
2018-05-03 01:09:13 #logs @Dyno#3861: 
2018-05-03 01:09:13 #logs @Dyno#3861 edited message from 2018-05-03 01:09:13 () to read: 
2018-05-03 01:12:17 #logs @Dyno#3861: 
2018-05-03 01:12:19 #logs @Dyno#3861 edited message from 2018-05-03 01:12:17 () to read: 
2018-05-03 01:12:34 #logs @Dyno#3861: 
2018-05-03 01:12:35 #logs @Dyno#3861 edited message from 2018-05-03 01:12:34 () to read: 
2018-05-03 01:12:52 #logs @Dyno#3861: 
2018-05-03 01:12:53 #logs @Dyno#3861 edited message from 2018-05-03 01:12:52 () to read: 
2018-05-03 01:12:52 #logs @Dyno#3861: 
2018-05-03 01:12:53 #logs @Dyno#3861 edited message from 2018-05-03 01:12:52 () to read: 
2018-05-03 01:12:53 #logs @Dyno#3861: 
2018-05-03 01:12:53 #logs @Dyno#3861 edited message from 2018-05-03 01:12:53 () to read: 
2018-05-03 01:13:01 #logs @Dyno#3861: 
2018-05-03 01:13:01 #logs @Dyno#3861 edited message from 2018-05-03 01:13:01 () to read: 
2018-05-03 01:13:01 #logs @Dyno#3861: 
2018-05-03 01:13:01 #logs @Dyno#3861 edited message from 2018-05-03 01:13:01 () to read: 
2018-05-03 01:13:01 #logs @Dyno#3861: 
2018-05-03 01:13:01 #logs @Dyno#3861 edited message from 2018-05-03 01:13:01 () to read: 
2018-05-03 01:15:27 #logs @Dyno#3861: 
2018-05-03 01:15:27 #logs @Dyno#3861 edited message from 2018-05-03 01:15:27 () to read: 
2018-05-03 01:15:34 #logs @Dyno#3861: 
2018-05-03 01:15:35 #logs @Dyno#3861 edited message from 2018-05-03 01:15:34 () to read: 
2018-05-03 01:15:40 #logs @Dyno#3861: 
2018-05-03 01:15:40 #logs @Dyno#3861 edited message from 2018-05-03 01:15:40 () to read: 
2018-05-03 01:16:08 #logs @Dyno#3861: 
2018-05-03 01:16:09 #logs @Dyno#3861 edited message from 2018-05-03 01:16:08 () to read: 
2018-05-03 01:16:08 #logs @Dyno#3861: 
2018-05-03 01:16:09 #logs @Dyno#3861 edited message from 2018-05-03 01:16:08 () to read: 
2018-05-03 01:16:09 #logs @Dyno#3861: 
2018-05-03 01:16:09 #logs @Dyno#3861 edited message from 2018-05-03 01:16:09 () to read: 
2018-05-03 01:23:25 #logs @Dyno#3861: 
2018-05-03 01:23:25 #logs @Dyno#3861 edited message from 2018-05-03 01:23:25 () to read: 
2018-05-03 01:24:23 #logs @Dyno#3861: 
2018-05-03 01:24:23 #logs @Dyno#3861 edited message from 2018-05-03 01:24:23 () to read: 
2018-05-03 01:34:48 #logs @Dyno#3861: 
2018-05-03 01:34:55 #logs @Dyno#3861 edited message from 2018-05-03 01:34:48 () to read: 
2018-05-03 01:35:02 #logs @Dyno#3861: 
2018-05-03 01:35:02 #logs @Dyno#3861 edited message from 2018-05-03 01:35:02 () to read: 
2018-05-03 01:35:26 #logs @Dyno#3861: 
2018-05-03 01:35:26 #logs @Dyno#3861 edited message from 2018-05-03 01:35:26 () to read: 
2018-05-03 01:35:29 #logs @Dyno#3861: 
2018-05-03 01:35:29 #logs @Dyno#3861 edited message from 2018-05-03 01:35:29 () to read: 
2018-05-03 01:36:32 #logs @Dyno#3861: 
2018-05-03 01:36:32 #logs @Dyno#3861 edited message from 2018-05-03 01:36:32 () to read: 
2018-05-03 01:38:45 #logs @Dyno#3861: 
2018-05-03 01:38:45 #logs @Dyno#3861 edited message from 2018-05-03 01:38:45 () to read: 
2018-05-03 01:47:03 #logs @Dyno#3861: 
2018-05-03 01:47:03 #logs @Dyno#3861 edited message from 2018-05-03 01:47:03 () to read: 
2018-05-03 01:48:18 #logs @Dyno#3861: 
2018-05-03 01:48:20 #logs @Dyno#3861 edited message from 2018-05-03 01:48:18 () to read: 
2018-05-03 01:48:20 #logs @Dyno#3861: 
2018-05-03 01:48:20 #logs @Dyno#3861 edited message from 2018-05-03 01:48:20 () to read: 
2018-05-03 01:51:26 #logs @Dyno#3861: 
2018-05-03 01:51:27 #logs @Dyno#3861 edited message from 2018-05-03 01:51:26 () to read: 
2018-05-03 02:01:30 #logs @Dyno#3861: 
2018-05-03 02:01:30 #logs @Dyno#3861 edited message from 2018-05-03 02:01:30 () to read: 
2018-05-03 02:01:38 #logs @Dyno#3861 deleted message from 2018-05-03 02:01:30 ()
2018-05-03 02:03:20 #logs @Dyno#3861: 
2018-05-03 02:03:20 #logs @Dyno#3861 edited message from 2018-05-03 02:03:20 () to read: 
2018-05-03 02:04:36 #logs @Dyno#3861: 
2018-05-03 02:04:38 #logs @Dyno#3861 edited message from 2018-05-03 02:04:36 () to read: 
2018-05-03 02:14:18 #logs @Dyno#3861: 
2018-05-03 02:14:18 #logs @Dyno#3861 edited message from 2018-05-03 02:14:18 () to read: 
2018-05-03 02:48:24 #logs @Dyno#3861: 
2018-05-03 02:48:25 #logs @Dyno#3861 edited message from 2018-05-03 02:48:24 () to read: 
2018-05-03 02:54:41 #logs @Dyno#3861: 
2018-05-03 02:54:41 #logs @Dyno#3861 edited message from 2018-05-03 02:54:41 () to read: 
2018-05-03 02:54:48 #logs @scrEAMS IN NORWEGIAN#1865: LMAOOO
2018-05-03 02:55:05 #logs @Dyno#3861: 
2018-05-03 02:55:06 #logs @Dyno#3861 edited message from 2018-05-03 02:55:05 () to read: 
2018-05-03 02:55:22 #logs @Dyno#3861 deleted message from 2018-05-03 02:55:05 ()
2018-05-03 02:55:55 #logs @Dyno#3861: 
2018-05-03 02:55:55 #logs @Dyno#3861 edited message from 2018-05-03 02:55:55 () to read: 
2018-05-03 02:56:15 #logs @Dyno#3861: 
2018-05-03 02:56:15 #logs @Dyno#3861 edited message from 2018-05-03 02:56:15 () to read: 
2018-05-03 02:57:27 #logs @Dyno#3861: 
2018-05-03 02:57:27 #logs @Dyno#3861 edited message from 2018-05-03 02:57:27 () to read: 
2018-05-03 02:57:59 #logs @Dyno#3861: 
2018-05-03 02:57:59 #logs @Dyno#3861 edited message from 2018-05-03 02:57:59 () to read: 
2018-05-03 02:58:04 #logs @scrEAMS IN NORWEGIAN#1865: hes obese
