2018-05-01 11:45:55 #chat @MrLlamaFTW#7765: .stats chris2304
2018-05-01 11:45:55 #chat @Fortnite Bot#4244: 
2018-05-01 11:45:55 #chat @Fortnite Bot#4244 edited message from 2018-05-01 11:45:55 () to read: 
2018-05-01 11:48:24 #chat @zEdyStyle#9619: .stats zEdyStyle
2018-05-01 11:48:25 #chat @Fortnite Bot#4244: 
2018-05-01 11:48:25 #chat @Fortnite Bot#4244 edited message from 2018-05-01 11:48:25 () to read: 
2018-05-01 11:48:50 #chat @MrLlamaFTW#7765: edy e mai bine
2018-05-01 11:48:52 #chat @MrLlamaFTW#7765: edy
2018-05-01 11:48:54 #chat @MrLlamaFTW#7765: pot veni cu tn?
2018-05-01 12:26:03 #chat @MrLlamaFTW#7765: .stats mrllamaftw
2018-05-01 12:26:04 #chat @Fortnite Bot#4244: 
2018-05-01 12:26:04 #chat @Fortnite Bot#4244 edited message from 2018-05-01 12:26:04 () to read: 
2018-05-01 12:26:09 #chat @MrLlamaFTW#7765: dc nu so pus???
2018-05-01 12:26:12 #chat @MrLlamaFTW#7765: am castgigat un meci
2018-05-01 12:26:12 #chat @MrLlamaFTW#7765: lol
2018-05-01 12:26:24 #chat @KeepCalm/MrEdu#7011: pai daca esti noob
2018-05-01 12:26:26 #chat @Tatsumaki#8792: 🆙  |  **KeepCalm/MrEdu leveled up!** (attachment url(s): https://cdn.discordapp.com/attachments/421963153895849984/440851492380082182/levelup.png)
2018-05-01 12:26:30 #chat @KeepCalm/MrEdu#7011: yay
2018-05-01 12:56:48 #chat @zEdyStyle#9619: .stats zEdyStyle
2018-05-01 12:56:48 #chat @Fortnite Bot#4244: 
2018-05-01 12:56:48 #chat @Fortnite Bot#4244 edited message from 2018-05-01 12:56:48 () to read: 
2018-05-01 12:57:33 #chat @MrLlamaFTW#7765: .stats MrLlamaFTW
2018-05-01 12:57:33 #chat @Fortnite Bot#4244: 
2018-05-01 12:57:37 #chat @Fortnite Bot#4244 edited message from 2018-05-01 12:57:33 () to read: 
2018-05-01 12:57:46 #chat @zEdyStyle#9619: .stats Ariolon
2018-05-01 12:57:47 #chat @Fortnite Bot#4244: 
2018-05-01 12:57:48 #chat @Fortnite Bot#4244 edited message from 2018-05-01 12:57:47 () to read: 
2018-05-01 12:58:02 #chat @MrLlamaFTW#7765: .stats chris2304
2018-05-01 12:58:02 #chat @Fortnite Bot#4244: 
2018-05-01 12:58:04 #chat @Fortnite Bot#4244 edited message from 2018-05-01 12:58:02 () to read: 
2018-05-01 16:55:19 #chat @KeepCalm/MrEdu#7011: stai ce
2018-05-02 14:48:50 #chat @MrLlamaFTW#7765: .stats MrLlamaFTW
2018-05-02 14:48:51 #chat @Fortnite Bot#4244: 
2018-05-02 14:48:57 #chat @Fortnite Bot#4244 edited message from 2018-05-02 14:48:51 () to read: 
2018-05-02 14:48:55 #chat @MrLlamaFTW#7765: .stats zEdyst
2018-05-02 14:48:55 #chat @Fortnite Bot#4244: 
2018-05-02 14:48:57 #chat @Fortnite Bot#4244 edited message from 2018-05-02 14:48:55 () to read: 
2018-05-02 14:49:06 #chat @MrLlamaFTW#7765: .stats zEdyStyle
2018-05-02 14:49:07 #chat @Fortnite Bot#4244: 
2018-05-02 14:49:07 #chat @Fortnite Bot#4244 edited message from 2018-05-02 14:49:07 () to read: 
2018-05-02 14:50:42 #chat @KeepCalm/MrEdu#7011: if I kill a nigga it will be like pew pew pew
2018-05-02 19:15:49 #chat @MrLlamaFTW#7765: .stats zEdySTyle
2018-05-02 19:15:50 #chat @Fortnite Bot#4244: 
2018-05-02 19:15:51 #chat @Fortnite Bot#4244 edited message from 2018-05-02 19:15:50 () to read: 
2018-05-02 19:16:03 #chat @MrLlamaFTW#7765: .stats MrLlamaFTW
2018-05-02 19:16:04 #chat @Fortnite Bot#4244: 
2018-05-02 19:16:05 #chat @Fortnite Bot#4244 edited message from 2018-05-02 19:16:04 () to read: 
2018-05-02 19:16:25 #chat @MrLlamaFTW#7765: .stats TSM_DAEQUAN
2018-05-02 19:16:26 #chat @Fortnite Bot#4244: 
2018-05-02 19:16:26 #chat @Fortnite Bot#4244 edited message from 2018-05-02 19:16:26 () to read: 
