2018-05-02 16:29:11 #bot-commands @Javis#2149: ;play Shawn Mendes - There's Nothing Holdin' Me Back
2018-05-02 16:29:11 #bot-commands @Razor's Bot#7073: ⌚ Loading... `[Shawn Mendes - There's Nothing Holdin' Me Back]`
2018-05-02 16:29:13 #bot-commands @Razor's Bot#7073 edited message from 2018-05-02 16:29:11 (⌚ Loading... `[Shawn Mendes - There's Nothing Holdin' Me Back]`) to read: 🎶 Added **Shawn Mendes - There's Nothing Holdin' Me Back** (`03:58`) to begin playing
2018-05-02 16:29:15 #bot-commands @Javis#2149: ;play Shawn Mendes - There's Nothing Holdin' Me Back
2018-05-02 16:29:15 #bot-commands @Razor's Bot#7073: ⌚ Loading... `[Shawn Mendes - There's Nothing Holdin' Me Back]`
2018-05-02 16:29:16 #bot-commands @Razor's Bot#7073 edited message from 2018-05-02 16:29:15 (⌚ Loading... `[Shawn Mendes - There's Nothing Holdin' Me Back]`) to read: 🎶 Added **Shawn Mendes - There's Nothing Holdin' Me Back** (`03:58`)  to the queue at position 1
2018-05-02 16:29:53 #bot-commands @Javis#2149: ;pause
2018-05-02 16:29:53 #bot-commands @Razor's Bot#7073: 🎶 Paused **Shawn Mendes - There's Nothing Holdin' Me Back**. Type `;play` to unpause!
2018-05-02 16:30:06 #bot-commands @Javis#2149: ;play
2018-05-02 16:30:06 #bot-commands @Razor's Bot#7073: 🎶 Resumed **Shawn Mendes - There's Nothing Holdin' Me Back**.
2018-05-02 16:31:55 #bot-commands @Javis#2149: ;pause
2018-05-02 16:31:55 #bot-commands @Razor's Bot#7073: 🎶 Paused **Shawn Mendes - There's Nothing Holdin' Me Back**. Type `;play` to unpause!
2018-05-02 16:55:44 #bot-commands @Javis#2149: ;play
2018-05-02 16:55:44 #bot-commands @Razor's Bot#7073: 🎶 Resumed **Shawn Mendes - There's Nothing Holdin' Me Back**.
2018-05-02 17:41:02 #bot-commands @Javis#2149: ;play
2018-05-02 17:41:03 #bot-commands @Razor's Bot#7073: 💡 Play Commands:\n\n`;play <song title>` - plays the first result from Youtube\n`;play <URL>` - plays the provided song, playlist, or stream\n`;play playlist <name>` - plays the provided playlist
2018-05-02 17:41:15 #bot-commands @Javis#2149: ;play Shawn Mendes - There's Nothing Holdin' Me Back
2018-05-02 17:41:15 #bot-commands @Razor's Bot#7073: ⌚ Loading... `[Shawn Mendes - There's Nothing Holdin' Me Back]`
2018-05-02 17:41:16 #bot-commands @Javis#2149: ;play Shawn Mendes - There's Nothing Holdin' Me Back
2018-05-02 17:41:16 #bot-commands @Razor's Bot#7073: ⌚ Loading... `[Shawn Mendes - There's Nothing Holdin' Me Back]`
2018-05-02 17:41:16 #bot-commands @Razor's Bot#7073 edited message from 2018-05-02 17:41:15 (⌚ Loading... `[Shawn Mendes - There's Nothing Holdin' Me Back]`) to read: 🎶 Added **Shawn Mendes - There's Nothing Holdin' Me Back** (`03:58`) to begin playing
2018-05-02 17:41:17 #bot-commands @Razor's Bot#7073 edited message from 2018-05-02 17:41:16 (⌚ Loading... `[Shawn Mendes - There's Nothing Holdin' Me Back]`) to read: 🎶 Added **Shawn Mendes - There's Nothing Holdin' Me Back** (`03:58`)  to the queue at position 1
2018-05-02 17:43:58 #bot-commands @Javis#2149: ;pause
2018-05-02 17:43:58 #bot-commands @Razor's Bot#7073: 🎶 Paused **Shawn Mendes - There's Nothing Holdin' Me Back**. Type `;play` to unpause!
