2018-05-01 07:08:20 #welcome @Synapse#0692: 
2018-05-01 07:08:21 #welcome @Tatsumaki#8792: Welcome to Lunation aka faggots, @Synapse!
2018-05-01 07:10:32 #welcome @Ghostplay R2#1298: 
2018-05-01 07:10:32 #welcome @Tatsumaki#8792: Welcome to Lunation aka faggots, @Ghostplay R2!
2018-05-01 07:53:25 #welcome @Cam.#0001: 
2018-05-01 07:53:25 #welcome @Tatsumaki#8792: Welcome to Lunation aka faggots, @Cam.!
2018-05-01 08:45:27 #welcome @Tatsumaki#8792: We're sorry to see you leaving, Tommy!
2018-05-01 09:10:15 #welcome @Clay#5299: 
2018-05-01 09:10:15 #welcome @Tatsumaki#8792: Welcome to Lunation aka faggots, @Clay!
2018-05-01 09:10:40 #welcome @-Luna#9752: ?ban @Clay
2018-05-01 09:10:40 #welcome @Clay#5299 deleted message from 2018-05-01 09:10:15 ()
2018-05-01 09:10:40 #welcome @Tatsumaki#8792: We're sorry to see you leaving, Clay!
2018-05-01 09:10:40 #welcome @Dyno#3861: <:dynoSuccess:314691591484866560> ***Clay#5299 was banned***
2018-05-01 09:50:58 #welcome @Curry#8107: 
2018-05-01 09:50:58 #welcome @Tatsumaki#8792: Welcome to Lunation aka faggots, @Curry!
2018-05-01 09:52:10 #welcome @Tatsumaki#8792: We're sorry to see you leaving, Curry!
2018-05-01 09:53:00 #welcome @Curry#8107: 
2018-05-01 09:53:00 #welcome @Tatsumaki#8792: Welcome to Lunation aka faggots, @Curry!
2018-05-01 10:06:13 #welcome @Clay#5299: 
2018-05-01 10:06:13 #welcome @Tatsumaki#8792: Welcome to Lunation aka faggots, @Clay!
2018-05-01 11:42:17 #welcome @-Luna#9752: ?kick @Synapse
2018-05-01 11:42:17 #welcome @Dyno#3861: <:dynoError:314691684455809024> That user is a mod/admin, I can't do that.
2018-05-01 11:42:28 #welcome @-Luna#9752: ?kick @Ghostplay R2
2018-05-01 11:42:28 #welcome @Dyno#3861: <:dynoError:314691684455809024> That user is a mod/admin, I can't do that.
2018-05-01 11:42:31 #welcome @-Luna#9752: Bro
2018-05-01 11:42:35 #welcome @-Luna#9752: Im the owner
