2018-05-01 07:46:27 #bot-spam @-Luna#9752: ?rolecolor Tommeh #6A5ACD
2018-05-01 07:46:27 #bot-spam @Dyno#3861: 
2018-05-01 07:46:28 #bot-spam @Dyno#3861 edited message from 2018-05-01 07:46:27 () to read: 
2018-05-01 10:02:44 #bot-spam @Curry#8107: !play dj blyatman gopnik
2018-05-01 10:02:44 #bot-spam @Rythm#3722: <:youtube:335112740957978625> **Searching** 🔎 `dj blyatman gopnik`
2018-05-01 10:02:45 #bot-spam @Rythm#3722: **Playing** 🎶 `DJ Blyatman - Gopnik` - Now!
2018-05-01 10:02:51 #bot-spam @Curry#8107: !play snakes in tracksuits
2018-05-01 10:02:51 #bot-spam @Rythm#3722: <:youtube:335112740957978625> **Searching** 🔎 `snakes in tracksuits`
2018-05-01 10:02:51 #bot-spam @Rythm#3722: 
2018-05-01 10:02:53 #bot-spam @Rythm#3722 edited message from 2018-05-01 10:02:51 () to read: 
2018-05-01 10:03:04 #bot-spam @Curry#8107: !play cheeki breeki revolt
2018-05-01 10:03:04 #bot-spam @Rythm#3722: <:youtube:335112740957978625> **Searching** 🔎 `cheeki breeki revolt`
2018-05-01 10:03:04 #bot-spam @Rythm#3722: 
2018-05-01 10:03:04 #bot-spam @Rythm#3722 edited message from 2018-05-01 10:03:04 () to read: 
2018-05-01 10:03:27 #bot-spam @Curry#8107: !play gopnik mcblyat murka
2018-05-01 10:03:27 #bot-spam @Rythm#3722: <:youtube:335112740957978625> **Searching** 🔎 `gopnik mcblyat murka`
2018-05-01 10:03:27 #bot-spam @Rythm#3722: 
2018-05-01 10:03:27 #bot-spam @Rythm#3722 edited message from 2018-05-01 10:03:27 () to read: 
2018-05-01 10:05:07 #bot-spam @Curry#8107: !play tripaloski
2018-05-01 10:05:07 #bot-spam @Rythm#3722: <:youtube:335112740957978625> **Searching** 🔎 `tripaloski`
2018-05-01 10:05:07 #bot-spam @Rythm#3722: 
2018-05-01 10:05:08 #bot-spam @Rythm#3722 edited message from 2018-05-01 10:05:07 () to read: 
2018-05-01 10:05:32 #bot-spam @Curry#8107: !play dj blyatman kompot
2018-05-01 10:05:32 #bot-spam @Rythm#3722: <:youtube:335112740957978625> **Searching** 🔎 `dj blyatman kompot`
2018-05-01 10:05:32 #bot-spam @Rythm#3722: 
2018-05-01 10:05:41 #bot-spam @Rythm#3722 edited message from 2018-05-01 10:05:32 () to read: 
2018-05-01 10:05:44 #bot-spam @Curry#8107: !play dj blyatman tetris
2018-05-01 10:05:44 #bot-spam @Rythm#3722: <:youtube:335112740957978625> **Searching** 🔎 `dj blyatman tetris`
2018-05-01 10:05:45 #bot-spam @Rythm#3722: 
2018-05-01 10:05:45 #bot-spam @Rythm#3722 edited message from 2018-05-01 10:05:45 () to read: 
2018-05-01 10:06:03 #bot-spam @Curry#8107: !play gopnikmcblyat szpion detector
2018-05-01 10:06:04 #bot-spam @Rythm#3722: <:youtube:335112740957978625> **Searching** 🔎 `gopnikmcblyat szpion detector`
2018-05-01 10:06:04 #bot-spam @Rythm#3722: 
2018-05-01 10:06:06 #bot-spam @Rythm#3722 edited message from 2018-05-01 10:06:04 () to read: 
2018-05-01 10:06:15 #bot-spam @Curry#8107: !play dj blyatman gopnik
2018-05-01 10:06:15 #bot-spam @Rythm#3722: <:youtube:335112740957978625> **Searching** 🔎 `dj blyatman gopnik`
2018-05-01 10:06:16 #bot-spam @Rythm#3722: 
2018-05-01 10:06:16 #bot-spam @Rythm#3722 edited message from 2018-05-01 10:06:16 () to read: 
2018-05-01 10:15:52 #bot-spam @- Loski -#8047: ;;p i like bricks
2018-05-01 10:15:52 #bot-spam @FredBoat♪♪#7284: Searching YouTube for `i like bricks`...
2018-05-01 10:15:52 #bot-spam @FredBoat♪♪#7284 edited message from 2018-05-01 10:15:52 (Searching YouTube for `i like bricks`...) to read: **Please select a track with the `;;play 1-5` command:**\n**1:** SKI MASK THE SLUMP GOD - I LIKE BRICKS (01:47)\n**2:** SKI MASK THE SLUMP GOD - I LIKE BRICKS (02:01)\n**3:** $KI MASK THE SLUMP GOD - I LIKE BRICKS [LYRICS] (01:51)\n**4:** SKI MASK THE SLUMP GOD - I LIKE BRICKS \* (01:30)\n**5:** SKI MASK " THE SLUMP GOD " - I LIKE BRICKS REACTION ‼️ (03:45)
2018-05-01 10:15:55 #bot-spam @- Loski -#8047: ;;1
2018-05-01 10:15:55 #bot-spam @FredBoat♪♪#7284 edited message from 2018-05-01 10:15:52 (**Please select a track with the `;;play 1-5` command:**\n**1:** SKI MASK THE SLUMP GOD - I LIKE BRICKS (01:47)\n**2:** SKI MASK THE SLUMP GOD - I LIKE BRICKS (02:01)\n**3:** $KI MASK THE SLUMP GOD - I LIKE BRICKS [LYRICS] (01:51)\n**4:** SKI MASK THE SLUMP GOD - I LIKE BRICKS \* (01:30)\n**5:** SKI MASK " THE SLUMP GOD " - I LIKE BRICKS REACTION ‼️ (03:45)) to read: Song **#1** has been selected: **SKI MASK THE SLUMP GOD - I LIKE BRICKS** (01:47)
2018-05-01 10:17:08 #bot-spam @- Loski -#8047: ;;p Unknown skimask
2018-05-01 10:17:08 #bot-spam @FredBoat♪♪#7284: **Please select a track with the `;;play 1-5` command:**\n**1:** Hardest SKI MASK THE SLUMP GOD Songs (32:14)\n**2:** (RARE) $KI MASK THESLUMPGOD | MEMBERS ONLY SHIT Prod. Khaed (01:26)\n**3:** Top 5 Ski Mask The Slump God Songs You Probably Didn't Know Were Sampled | Part 2 (04:51)\n**4:** Ski Mask The Slump God "No Tilt" Feat. A$AP Ferg & Lil Yachty (WSHH Exclusive - Official Audio) (02:55)\n**5:** SMOKEPURPP x SKI MASK THE SLUMP GOD Type Beat (Prod.Unknown) (02:10)
2018-05-01 10:17:08 #bot-spam @FredBoat♪♪#7284 edited message from 2018-05-01 10:17:08 (Searching YouTube for `Unknown skimask`...) to read: **Please select a track with the `;;play 1-5` command:**\n**1:** Hardest SKI MASK THE SLUMP GOD Songs (32:14)\n**2:** (RARE) $KI MASK THESLUMPGOD | MEMBERS ONLY SHIT Prod. Khaed (01:26)\n**3:** Top 5 Ski Mask The Slump God Songs You Probably Didn't Know Were Sampled | Part 2 (04:51)\n**4:** Ski Mask The Slump God "No Tilt" Feat. A$AP Ferg & Lil Yachty (WSHH Exclusive - Official Audio) (02:55)\n**5:** SMOKEPURPP x SKI MASK THE SLUMP GOD Type Beat (Prod.Unknown) (02:10)
2018-05-01 10:17:09 #bot-spam @- Loski -#8047: ;;1
2018-05-01 10:17:10 #bot-spam @FredBoat♪♪#7284 edited message from 2018-05-01 10:17:08 (**Please select a track with the `;;play 1-5` command:**\n**1:** Hardest SKI MASK THE SLUMP GOD Songs (32:14)\n**2:** (RARE) $KI MASK THESLUMPGOD | MEMBERS ONLY SHIT Prod. Khaed (01:26)\n**3:** Top 5 Ski Mask The Slump God Songs You Probably Didn't Know Were Sampled | Part 2 (04:51)\n**4:** Ski Mask The Slump God "No Tilt" Feat. A$AP Ferg & Lil Yachty (WSHH Exclusive - Official Audio) (02:55)\n**5:** SMOKEPURPP x SKI MASK THE SLUMP GOD Type Beat (Prod.Unknown) (02:10)) to read: Song **#1** has been selected: **Hardest SKI MASK THE SLUMP GOD Songs** (32:14)
2018-05-01 10:17:12 #bot-spam @- Loski -#8047: Bruh
2018-05-01 10:17:17 #bot-spam @- Loski -#8047: ;;remove 1
2018-05-01 10:17:20 #bot-spam @- Loski -#8047: ;;queue
2018-05-01 10:17:20 #bot-spam @FredBoat♪♪#7284: Page **1** of **1**.\n\n`[1]` \▶**SKI MASK THE SLUMP GOD - I LIKE BRICKS** added by **- Loski -** `[01:47]`\n`[2]` **Hardest SKI MASK THE SLUMP GOD Songs** added by **- Loski -** `[32:14]`\n\nThere are **2** tracks with a remaining length of **[32:35]** in the queue.
2018-05-01 10:17:27 #bot-spam @- Loski -#8047: ;;queue remove 2
2018-05-01 10:17:27 #bot-spam @FredBoat♪♪#7284: Page **1** of **1**.\n\n`[1]` \▶**SKI MASK THE SLUMP GOD - I LIKE BRICKS** added by **- Loski -** `[01:47]`\n`[2]` **Hardest SKI MASK THE SLUMP GOD Songs** added by **- Loski -** `[32:14]`\n\nThere are **2** tracks with a remaining length of **[32:29]** in the queue.
2018-05-01 10:17:35 #bot-spam @- Loski -#8047: ;;remove 2
2018-05-01 10:17:46 #bot-spam @- Loski -#8047: ;;play Unknown skimask
2018-05-01 10:17:46 #bot-spam @FredBoat♪♪#7284: Searching YouTube for `Unknown skimask`...
2018-05-01 10:17:46 #bot-spam @FredBoat♪♪#7284 edited message from 2018-05-01 10:17:46 (Searching YouTube for `Unknown skimask`...) to read: **Please select a track with the `;;play 1-5` command:**\n**1:** Hardest SKI MASK THE SLUMP GOD Songs (32:14)\n**2:** (RARE) $KI MASK THESLUMPGOD | MEMBERS ONLY SHIT Prod. Khaed (01:26)\n**3:** Top 5 Ski Mask The Slump God Songs You Probably Didn't Know Were Sampled | Part 2 (04:51)\n**4:** Ski Mask The Slump God "No Tilt" Feat. A$AP Ferg & Lil Yachty (WSHH Exclusive - Official Audio) (02:55)\n**5:** SMOKEPURPP x SKI MASK THE SLUMP GOD Type Beat (Prod.Unknown) (02:10)
2018-05-01 10:17:53 #bot-spam @- Loski -#8047: ;;skip
2018-05-01 10:17:53 #bot-spam @FredBoat♪♪#7284: Skipped track #1: **Hardest SKI MASK THE SLUMP GOD Songs**
2018-05-01 10:18:18 #bot-spam @- Loski -#8047: ;;play Unmask
2018-05-01 10:18:18 #bot-spam @FredBoat♪♪#7284: Searching YouTube for `Unmask`...
2018-05-01 10:18:19 #bot-spam @FredBoat♪♪#7284 edited message from 2018-05-01 10:18:18 (Searching YouTube for `Unmask`...) to read: **Please select a track with the `;;play 1-5` command:**\n**1:** SKI MASK THE SLUMP GOD x DENZEL CURRY x CRAIG XEN - Unmask (02:47)\n**2:** Female Disguise Unmask 18 (01:01)\n**3:** Female Disguise Unmask 17 (00:59)\n**4:** SKI MASK THE SLUMP GOD x DENZEL CURRY x CRAIG XEN - Unmask (Lyrics) (02:47)\n**5:** Female Mask and Unmask 21 on Last Day Female Mask Disguise Deviantart RIP Farewell Goodbye Sadly TG (00:31)
2018-05-01 10:18:19 #bot-spam @FredBoat♪♪#7284 deleted message from 2018-05-01 10:17:46 (**Please select a track with the `;;play 1-5` command:**\n**1:** Hardest SKI MASK THE SLUMP GOD Songs (32:14)\n**2:** (RARE) $KI MASK THESLUMPGOD | MEMBERS ONLY SHIT Prod. Khaed (01:26)\n**3:** Top 5 Ski Mask The Slump God Songs You Probably Didn't Know Were Sampled | Part 2 (04:51)\n**4:** Ski Mask The Slump God "No Tilt" Feat. A$AP Ferg & Lil Yachty (WSHH Exclusive - Official Audio) (02:55)\n**5:** SMOKEPURPP x SKI MASK THE SLUMP GOD Type Beat (Prod.Unknown) (02:10))
2018-05-01 10:18:22 #bot-spam @- Loski -#8047: ;;1
2018-05-01 10:18:22 #bot-spam @FredBoat♪♪#7284 edited message from 2018-05-01 10:18:18 (**Please select a track with the `;;play 1-5` command:**\n**1:** SKI MASK THE SLUMP GOD x DENZEL CURRY x CRAIG XEN - Unmask (02:47)\n**2:** Female Disguise Unmask 18 (01:01)\n**3:** Female Disguise Unmask 17 (00:59)\n**4:** SKI MASK THE SLUMP GOD x DENZEL CURRY x CRAIG XEN - Unmask (Lyrics) (02:47)\n**5:** Female Mask and Unmask 21 on Last Day Female Mask Disguise Deviantart RIP Farewell Goodbye Sadly TG (00:31)) to read: Song **#1** has been selected: **SKI MASK THE SLUMP GOD x DENZEL CURRY x CRAIG XEN - Unmask** (02:47)
2018-05-01 10:20:59 #bot-spam @Curry#8107: !play dj blyatman gpnik
2018-05-01 10:20:59 #bot-spam @Rythm#3722: <:youtube:335112740957978625> **Searching** 🔎 `dj blyatman gpnik`
2018-05-01 10:21:00 #bot-spam @Rythm#3722: 
2018-05-01 10:21:00 #bot-spam @Rythm#3722 edited message from 2018-05-01 10:21:00 () to read: 
2018-05-01 10:21:38 #bot-spam @- Loski -#8047: ;;play Tee grizzly
2018-05-01 10:21:43 #bot-spam @FredBoat♪♪#7284: Searching YouTube for `Tee grizzly`...
2018-05-01 10:21:44 #bot-spam @FredBoat♪♪#7284 edited message from 2018-05-01 10:21:43 (Searching YouTube for `Tee grizzly`...) to read: **Please select a track with the `;;play 1-5` command:**\n**1:** Tee Grizzley - "First Day Out" [Official Music Video] (04:22)\n**2:** Tee Grizzley Feat. Moneybagg Yo "Don't Even Trip" (WSHH Exclusive - Official Music Video) (04:25)\n**3:** Worldstar SXSW ft. Rich The Kid, Tee Grizzley, YBN Nahmir, Lil Baby, YFN Lucci (Performance Recap) (04:35)\n**4:** Tee Grizzley "Colors" (WSHH Exclusive - Official Music Video) (03:11)\n**5:** Tee Grizzley Feat. Lil Yachty "2 Vault" (WSHH Exclusive - Official Audio) (03:34)
2018-05-01 10:22:00 #bot-spam @- Loski -#8047: ;;play Dr Eggman
2018-05-01 10:22:01 #bot-spam @FredBoat♪♪#7284: Searching YouTube for `Dr Eggman`...
2018-05-01 10:22:01 #bot-spam @FredBoat♪♪#7284 edited message from 2018-05-01 10:22:01 (Searching YouTube for `Dr Eggman`...) to read: **Please select a track with the `;;play 1-5` command:**\n**1:** Ski Mask The Slump God X Keith Ape - Dr. Eggman (03:50)\n**2:** Keith Ape x Ski Mask TheSlumpGod - DR. EGGMAN (Prod By. RONNYJLISTENUP) (04:24)\n**3:** His History Revealed: A Dr. Robotnik Biography (32:39)\n**4:** E.G.G.M.A.N. by Paul Shortino (Theme of Dr. Eggman) (03:27)\n**5:** Eggman (Dr. Robotnik): The Story You Never Knew (17:19)
2018-05-01 10:22:01 #bot-spam @FredBoat♪♪#7284 deleted message from 2018-05-01 10:21:43 (**Please select a track with the `;;play 1-5` command:**\n**1:** Tee Grizzley - "First Day Out" [Official Music Video] (04:22)\n**2:** Tee Grizzley Feat. Moneybagg Yo "Don't Even Trip" (WSHH Exclusive - Official Music Video) (04:25)\n**3:** Worldstar SXSW ft. Rich The Kid, Tee Grizzley, YBN Nahmir, Lil Baby, YFN Lucci (Performance Recap) (04:35)\n**4:** Tee Grizzley "Colors" (WSHH Exclusive - Official Music Video) (03:11)\n**5:** Tee Grizzley Feat. Lil Yachty "2 Vault" (WSHH Exclusive - Official Audio) (03:34))
2018-05-01 10:22:03 #bot-spam @- Loski -#8047: ;;1
2018-05-01 10:22:03 #bot-spam @FredBoat♪♪#7284 edited message from 2018-05-01 10:22:01 (**Please select a track with the `;;play 1-5` command:**\n**1:** Ski Mask The Slump God X Keith Ape - Dr. Eggman (03:50)\n**2:** Keith Ape x Ski Mask TheSlumpGod - DR. EGGMAN (Prod By. RONNYJLISTENUP) (04:24)\n**3:** His History Revealed: A Dr. Robotnik Biography (32:39)\n**4:** E.G.G.M.A.N. by Paul Shortino (Theme of Dr. Eggman) (03:27)\n**5:** Eggman (Dr. Robotnik): The Story You Never Knew (17:19)) to read: Song **#1** has been selected: **Ski Mask The Slump God X Keith Ape - Dr. Eggman** (03:50)
2018-05-01 10:25:11 #bot-spam @Curry#8107: !play we are number one slav edition
2018-05-01 10:25:11 #bot-spam @Rythm#3722: <:youtube:335112740957978625> **Searching** 🔎 `we are number one slav edition`
2018-05-01 10:25:11 #bot-spam @Rythm#3722: 
2018-05-01 10:25:12 #bot-spam @Rythm#3722 edited message from 2018-05-01 10:25:11 () to read: 
2018-05-01 10:25:18 #bot-spam @Curry#8107: yes
2018-05-01 10:26:30 #bot-spam @- Loski -#8047: ;;leave
2018-05-01 10:26:30 #bot-spam @FredBoat♪♪#7284: Left channel dating.
2018-05-01 11:29:52 #bot-spam @Hello Jenna#8886: --userphone
2018-05-01 11:29:52 #bot-spam @Yggdrasil#4195: ☎ **A userphone connection has been made! Say hello!**
2018-05-01 11:29:55 #bot-spam @Hello Jenna#8886: Hello
2018-05-01 11:30:02 #bot-spam @Yggdrasil#4195: **My stupid furry bass alt**#7608 📞 hello john cena
2018-05-01 11:30:04 #bot-spam @Yggdrasil#4195: ☎ **Sounds like there's someone new on the userphone.**
2018-05-01 11:30:07 #bot-spam @Yggdrasil#4195: **Kazio**#6882 📞 hey
2018-05-01 11:30:10 #bot-spam @Hello Jenna#8886: Hello
2018-05-01 11:30:14 #bot-spam @Hello Jenna#8886: My other friend left me
2018-05-01 11:30:17 #bot-spam @Hello Jenna#8886: c o u g h
2018-05-01 11:30:19 #bot-spam @Yggdrasil#4195: **Kazio**#6882 📞 oh
2018-05-01 11:30:22 #bot-spam @Yggdrasil#4195: **Kazio**#6882 📞 thats too sad
2018-05-01 11:30:25 #bot-spam @Yggdrasil#4195: **Kazio**#6882 📞 i guess
2018-05-01 11:30:35 #bot-spam @Hello Jenna#8886: Lol You guess
2018-05-01 11:30:40 #bot-spam @Hello Jenna#8886: and uhm
2018-05-01 11:30:41 #bot-spam @Yggdrasil#4195: ☎ **The userphone connection has been lost (someone else is using it now)...**
2018-05-01 11:30:45 #bot-spam @Hello Jenna#8886: you guessed ri-
2018-05-01 11:30:49 #bot-spam @Hello Jenna#8886: aw
2018-05-01 11:30:54 #bot-spam @Hello Jenna#8886: everyone hates me
2018-05-01 11:31:21 #bot-spam @Hello Jenna#8886: --userphone
2018-05-01 11:31:22 #bot-spam @Yggdrasil#4195: ☎ **Calling on userphone...**
2018-05-01 11:31:29 #bot-spam @Hello Jenna#8886: eee
2018-05-01 11:33:10 #bot-spam @Yggdrasil#4195: ☎ **The other party has picked up the userphone! Say hello!**
2018-05-01 11:33:15 #bot-spam @Yggdrasil#4195: **Nam6665**#9457 📞 annyeong haseyo
2018-05-01 11:33:22 #bot-spam @Yggdrasil#4195: **Nam6665**#9457 📞 ..
2018-05-01 11:34:27 #bot-spam @-Luna#9752: Bro.
2018-05-01 11:34:27 #bot-spam @Yggdrasil#4195: ☎ **The userphone connection has been lost (someone else is using it now)...**
2018-05-01 11:35:19 #bot-spam @-Luna#9752: --serverinfo
2018-05-01 11:35:19 #bot-spam @Yggdrasil#4195: 
2018-05-01 11:35:19 #bot-spam @Yggdrasil#4195 edited message from 2018-05-01 11:35:19 () to read: 
