2018-05-01 07:08:21 this bot joined the server
2018-05-01 07:08:21 Member role add: 'DEVILS🔥' role was added to @Synapse#0692
2018-05-01 07:10:33 Member join: @Ghostplay R2#1298 (id 435829986772123658)
2018-05-01 07:10:33 Role created: 'Ghostplay R2' (id 440771993210585088)
2018-05-01 07:10:33 Member role add: 'Ghostplay R2' role was added to @Ghostplay R2#1298
2018-05-01 07:10:33 Member role add: 'DEVILS🔥' role was added to @Ghostplay R2#1298
2018-05-01 07:10:33 Member role add: 'DEVILS🔥' role was added to @Ghostplay R2#1298
2018-05-01 07:46:28 Role color: 'Tommeh' changed from #17ac86 to #6a5acd
2018-05-01 07:46:28 Role position: 'Tommeh' changed from 23 to 22
2018-05-01 07:53:25 Member join: @Cam.#0001 (id 302261090879012865)
2018-05-01 07:53:25 Member role add: 'DEVILS🔥' role was added to @Cam.#0001
2018-05-01 08:45:27 Member leave: @Tommy#7115 (id 420129732361715732)
2018-05-01 09:10:17 Member join: @Clay#5299 (id 417923225138495501)
2018-05-01 09:10:17 Member role add: 'DEVILS🔥' role was added to @Clay#5299
2018-05-01 09:10:17 Member role add: 'DEVILS🔥' role was added to @Clay#5299
2018-05-01 09:10:40 Member ban: @Clay#5299 (id 417923225138495501)
2018-05-01 09:10:40 Member leave: @Clay#5299 (id 417923225138495501)
2018-05-01 09:50:58 Member join: @Curry#8107 (id 358975018073325574)
2018-05-01 09:50:58 Member role add: 'DEVILS🔥' role was added to @Curry#8107
2018-05-01 09:52:10 Member leave: @Curry#8107 (id 358975018073325574)
2018-05-01 09:53:00 Member join: @Curry#8107 (id 358975018073325574)
2018-05-01 09:53:01 Member role add: 'DEVILS🔥' role was added to @Curry#8107
2018-05-01 09:54:02 Member unban: @Clay#5299 (id 417923225138495501)
2018-05-01 10:06:13 Member join: @Clay#5299 (id 417923225138495501)
2018-05-01 10:06:13 Member role add: 'DEVILS🔥' role was added to @Clay#5299
2018-05-01 10:23:59 Member role remove: The 'DEVILS🔥' role was removed from @Synapse#0692
2018-05-01 10:23:59 Member role add: 'BOTS' role was added to @Synapse#0692
2018-05-01 11:42:52 Member role remove: The 'BOTS' role was removed from @Synapse#0692
2018-05-01 11:42:56 Role deleted: 'Synapse' (id 440771441995153408)
2018-05-01 11:42:56 Member leave: @Synapse#0692 (id 435538622293344266)
2018-05-01 11:42:56 this bot left the server
