2018-04-25 18:18:15 #geral @MEE6#4876: :point_right:@Synapse, Bem-vindo(a) ao  servidor **StarlineBR**!, divirta-se! leia as #regras antes de se interagir no canal :wink: !
2018-04-25 18:24:57 #geral @StarlineBR#9748: .multcolor owner
2018-04-25 18:25:10 #geral @StarlineBR#9748 deleted message from 2018-04-25 18:24:57 (.multcolor owner)
2018-04-25 18:25:27 #geral @StarlineBR#9748: .rainbow owner
2018-04-25 18:26:09 #geral @StarlineBR#9748: .rainbow  2 OWNER
2018-04-25 18:26:33 #geral @StarlineBR#9748: .multicolor  2 OWNER
2018-04-25 18:26:56 #geral @StarlineBR#9748: .rainbow  2 OWNER
2018-04-25 18:26:59 #geral @StarlineBR#9748: .help
2018-04-25 18:28:33 #geral @StarlineBR#9748: !help
2018-04-25 18:28:33 #geral @MEE6#4876: 
2018-04-25 18:28:33 #geral @Rythm#3722: ✅ **Check <https://rythmbot.co/features#list> for a list of commands**
2018-04-25 18:28:34 #geral @MEE6#4876 edited message from 2018-04-25 18:28:33 () to read: 
2018-04-25 18:28:33 #geral @MEE6#4876: 
2018-04-25 18:28:34 #geral @MEE6#4876 edited message from 2018-04-25 18:28:33 () to read: 
2018-04-25 18:28:33 #geral @MEE6#4876: 
2018-04-25 18:28:34 #geral @MEE6#4876 edited message from 2018-04-25 18:28:33 () to read: 
2018-04-25 18:28:35 #geral @Synapse#0692: Check your DM, @StarlineBR(Alex)! I have sent something for you :wink:
2018-04-25 18:30:07 #geral @StarlineBR#9748: .Spotify
2018-04-25 18:30:10 #geral @StarlineBR#9748: Spotify
2018-04-25 18:30:15 #geral @StarlineBR#9748: !Spotify
2018-04-25 18:30:35 #geral @StarlineBR#9748: .Rainbow6Siege
2018-04-25 18:30:39 #geral @StarlineBR#9748: !Rainbow6Siege
2018-04-25 18:31:15 #geral @StarlineBR#9748: .r6s
2018-04-25 18:31:21 #geral @StarlineBR#9748: !r6s
2018-04-25 18:31:22 #geral @Synapse#0692: @StarlineBR(Alex), 🚫 The owner needs to set credentials first.\nSee: `!r6sset`
2018-04-25 18:31:34 #geral @StarlineBR#9748: !r6sset
2018-04-25 18:32:03 #geral @StarlineBR#9748: .r6sset
2018-04-25 18:32:10 #geral @StarlineBR#9748: !r6sset
2018-04-25 18:32:57 #geral @MEE6#4876: :point_right:@Ghostplay R2, Bem-vindo(a) ao  servidor **StarlineBR**!, divirta-se! leia as #regras antes de se interagir no canal :wink: !
2018-04-25 18:34:42 #geral @StarlineBR#9748: *help
2018-04-25 18:34:42 #geral @Jerbs#4170: @StarlineBR(Alex), :mailbox_with_mail: Enviei no privado confere lá :stars:
2018-04-25 18:35:00 #geral @StarlineBR#9748: .help
2018-04-25 18:35:02 #geral @Ghostplay R2#1298: Hey there, @StarlineBR(Alex)! I sent you the list of commands in a private message.\nCheck your direct messages
2018-04-25 18:35:58 #geral @StarlineBR#9748: *multicolor
2018-04-25 18:36:05 #geral @StarlineBR#9748: *multicolor owner
2018-04-25 18:36:07 #geral @Ghostplay R2#1298: ```\n*[multicolor|multicolour] <interval> <role>\n\nChanges the role color every x seconds\n\n```
2018-04-25 18:36:16 #geral @Ghostplay R2#1298: ```\n*[multicolor|multicolour] <interval> <role>\n\nChanges the role color every x seconds\n\n```
2018-04-25 18:36:23 #geral @StarlineBR#9748: *multicolor OWNER 2
2018-04-25 18:36:48 #geral @Ghostplay R2#1298: ```\n*[multicolor|multicolour] <interval> <role>\n\nChanges the role color every x seconds\n\n```
2018-04-25 18:37:04 #geral @StarlineBR#9748: *multicolor
2018-04-25 18:37:14 #geral @Ghostplay R2#1298: ```\n*[multicolor|multicolour] <interval> <role>\n\nChanges the role color every x seconds\n\n```
2018-04-25 18:37:32 #geral @StarlineBR#9748: *multicolor 2 @🌟Dono🌟
2018-04-25 18:37:41 #geral @Ghostplay R2#1298: 
2018-04-25 18:37:41 #geral @Ghostplay R2#1298 edited message from 2018-04-25 18:37:41 () to read: 
2018-04-25 18:38:06 #geral @StarlineBR#9748: *multicolor 0 @Doginho11
2018-04-25 18:38:15 #geral @StarlineBR#9748 deleted message from 2018-04-25 18:38:06 (*multicolor 0 @Doginho11)
2018-04-25 18:38:23 #geral @Ghostplay R2#1298: 
2018-04-25 18:38:23 #geral @Ghostplay R2#1298 edited message from 2018-04-25 18:38:23 () to read: 
2018-04-25 18:38:26 #geral @StarlineBR#9748: *multicolor 0 @🌟Dono🌟
2018-04-25 18:38:53 #geral @Ghostplay R2#1298: 
2018-04-25 18:38:53 #geral @Ghostplay R2#1298 edited message from 2018-04-25 18:38:53 () to read: 
2018-04-25 18:38:53 #geral @StarlineBR#9748: *multicolor 1 Dono
2018-04-25 18:39:02 #geral @Ghostplay R2#1298: 
2018-04-25 18:39:02 #geral @Ghostplay R2#1298 edited message from 2018-04-25 18:39:02 () to read: 
2018-04-25 18:40:02 #geral @StarlineBR#9748: *multicolor o.o1 owner
2018-04-25 18:40:11 #geral @Ghostplay R2#1298: ```\n*[multicolor|multicolour] <interval> <role>\n\nChanges the role color every x seconds\n\n```
2018-04-25 18:42:03 #geral @StarlineBR#9748: *multicolor 0.01 DONO
2018-04-25 18:42:13 #geral @Ghostplay R2#1298: 
2018-04-25 18:42:13 #geral @Ghostplay R2#1298 edited message from 2018-04-25 18:42:13 () to read: 
2018-04-25 18:42:43 #geral @StarlineBR#9748: *multicolor 0.01 🌟Dono🌟
2018-04-25 18:42:59 #geral @Ghostplay R2#1298: `Error in command 'multicolor'.If you keep seeing this message please contact the owner of the bot.`
2018-04-25 18:44:28 #geral @StarlineBR#9748: *multicolor
2018-04-25 18:44:53 #geral @Ghostplay R2#1298: ```\n*[multicolor|multicolour] <interval> <role>\n\nChanges the role color every x seconds\n\n```
2018-04-25 18:45:03 #geral @StarlineBR#9748: *multicolor 0.01 owner 🌟Dono🌟
2018-04-25 18:45:12 #geral @Ghostplay R2#1298: 
2018-04-25 18:45:13 #geral @Ghostplay R2#1298 edited message from 2018-04-25 18:45:12 () to read: 
2018-04-25 18:46:48 #geral @StarlineBR#9748: *multicolor 0.01 🌟Dono🌟
2018-04-25 18:47:28 #geral @StarlineBR#9748: *multicolor 2 🌟Dono🌟
2018-04-25 18:48:03 #geral @StarlineBR#9748: *multicolor 0.001 🌟Dono🌟
2018-04-25 18:48:45 #geral @StarlineBR#9748: *multicolor 10 🌟Dono🌟
2018-04-25 18:49:06 #geral @StarlineBR#9748: *multicolor 0.1 🌟Dono🌟
2018-04-25 18:51:42 #geral @StarlineBR#9748: *multicolor 5 🌟Dono🌟
2018-04-25 18:52:05 #geral @StarlineBR#9748: *multicolor 20 🌟Dono🌟
2018-04-25 18:52:30 #geral @StarlineBR#9748: *multicolor 70 🌟Dono🌟
2018-04-25 18:53:26 #geral @StarlineBR#9748: *multicolor 200 🌟Dono🌟
2018-04-25 18:53:44 #geral @StarlineBR#9748: *multicolor 0.001 🌟Dono🌟
2018-04-25 18:54:31 #geral @StarlineBR#9748: *help
2018-04-25 18:54:31 #geral @Jerbs#4170: @StarlineBR(Alex), :mailbox_with_mail: Enviei no privado confere lá :stars:
2018-04-25 18:54:40 #geral @Ghostplay R2#1298: Hey there, @StarlineBR(Alex)! I sent you the list of commands in a private message.\nCheck your direct messages
2018-04-25 18:55:24 #geral @StarlineBR#9748: *multicolor 0.1 owner  🌟Dono🌟
2018-04-25 18:55:33 #geral @Ghostplay R2#1298: 
2018-04-25 18:55:33 #geral @Ghostplay R2#1298 edited message from 2018-04-25 18:55:33 () to read: 
2018-04-25 19:00:50 #geral @StarlineBR#9748: +limpar 100
2018-04-25 19:00:50 #geral @Loritta#0219: Chat limpo por @StarlineBR(Alex)!
2018-04-25 19:00:51 #geral @MEE6#4876 deleted message from 2018-04-25 18:18:15 (:point_right:@Synapse, Bem-vindo(a) ao  servidor **StarlineBR**!, divirta-se! leia as #regras antes de se interagir no canal :wink: !)
2018-04-25 19:00:51 #geral @StarlineBR#9748 deleted message from 2018-04-25 18:25:27 (.rainbow owner)
2018-04-25 19:00:51 #geral @StarlineBR#9748 deleted message from 2018-04-25 18:26:09 (.rainbow  2 OWNER)
2018-04-25 19:00:51 #geral @StarlineBR#9748 deleted message from 2018-04-25 18:26:33 (.multicolor  2 OWNER)
2018-04-25 19:00:51 #geral @StarlineBR#9748 deleted message from 2018-04-25 18:26:56 (.rainbow  2 OWNER)
2018-04-25 19:00:51 #geral @StarlineBR#9748 deleted message from 2018-04-25 18:26:59 (.help)
2018-04-25 19:00:51 #geral @StarlineBR#9748 deleted message from 2018-04-25 18:28:33 (!help)
2018-04-25 19:00:51 #geral @MEE6#4876 deleted message from 2018-04-25 18:28:33 ()
2018-04-25 19:00:51 #geral @Rythm#3722 deleted message from 2018-04-25 18:28:33 (✅ **Check <https://rythmbot.co/features#list> for a list of commands**)
2018-04-25 19:00:51 #geral @MEE6#4876 deleted message from 2018-04-25 18:28:33 ()
2018-04-25 19:00:51 #geral @MEE6#4876 deleted message from 2018-04-25 18:28:33 ()
2018-04-25 19:00:51 #geral @Synapse#0692 deleted message from 2018-04-25 18:28:35 (Check your DM, @StarlineBR(Alex)! I have sent something for you :wink:)
2018-04-25 19:00:51 #geral @StarlineBR#9748 deleted message from 2018-04-25 18:30:07 (.Spotify)
2018-04-25 19:00:51 #geral @StarlineBR#9748 deleted message from 2018-04-25 18:30:10 (Spotify)
2018-04-25 19:00:51 #geral @StarlineBR#9748 deleted message from 2018-04-25 18:30:15 (!Spotify)
2018-04-25 19:00:51 #geral @StarlineBR#9748 deleted message from 2018-04-25 18:30:35 (.Rainbow6Siege)
2018-04-25 19:00:51 #geral @StarlineBR#9748 deleted message from 2018-04-25 18:30:39 (!Rainbow6Siege)
2018-04-25 19:00:51 #geral @StarlineBR#9748 deleted message from 2018-04-25 18:31:15 (.r6s)
2018-04-25 19:00:51 #geral @StarlineBR#9748 deleted message from 2018-04-25 18:31:21 (!r6s)
2018-04-25 19:00:51 #geral @Synapse#0692 deleted message from 2018-04-25 18:31:22 (@StarlineBR(Alex), 🚫 The owner needs to set credentials first.\nSee: `!r6sset`)
2018-04-25 19:00:51 #geral @StarlineBR#9748 deleted message from 2018-04-25 18:31:34 (!r6sset)
2018-04-25 19:00:51 #geral @StarlineBR#9748 deleted message from 2018-04-25 18:32:03 (.r6sset)
2018-04-25 19:00:51 #geral @StarlineBR#9748 deleted message from 2018-04-25 18:32:10 (!r6sset)
2018-04-25 19:00:51 #geral @MEE6#4876 deleted message from 2018-04-25 18:32:57 (:point_right:@Ghostplay R2, Bem-vindo(a) ao  servidor **StarlineBR**!, divirta-se! leia as #regras antes de se interagir no canal :wink: !)
2018-04-25 19:00:51 #geral @StarlineBR#9748 deleted message from 2018-04-25 18:34:42 (*help)
2018-04-25 19:00:51 #geral @Jerbs#4170 deleted message from 2018-04-25 18:34:42 (@StarlineBR(Alex), :mailbox_with_mail: Enviei no privado confere lá :stars:)
2018-04-25 19:00:51 #geral @StarlineBR#9748 deleted message from 2018-04-25 18:35:00 (.help)
2018-04-25 19:00:51 #geral @Ghostplay R2#1298 deleted message from 2018-04-25 18:35:02 (Hey there, @StarlineBR(Alex)! I sent you the list of commands in a private message.\nCheck your direct messages)
2018-04-25 19:00:51 #geral @StarlineBR#9748 deleted message from 2018-04-25 18:35:58 (*multicolor)
2018-04-25 19:00:51 #geral @StarlineBR#9748 deleted message from 2018-04-25 18:36:05 (*multicolor owner)
2018-04-25 19:00:51 #geral @Ghostplay R2#1298 deleted message from 2018-04-25 18:36:07 (```\n*[multicolor|multicolour] <interval> <role>\n\nChanges the role color every x seconds\n\n```)
2018-04-25 19:00:51 #geral @Ghostplay R2#1298 deleted message from 2018-04-25 18:36:16 (```\n*[multicolor|multicolour] <interval> <role>\n\nChanges the role color every x seconds\n\n```)
2018-04-25 19:00:51 #geral @StarlineBR#9748 deleted message from 2018-04-25 18:36:23 (*multicolor OWNER 2)
2018-04-25 19:00:51 #geral @Ghostplay R2#1298 deleted message from 2018-04-25 18:36:48 (```\n*[multicolor|multicolour] <interval> <role>\n\nChanges the role color every x seconds\n\n```)
2018-04-25 19:00:51 #geral @StarlineBR#9748 deleted message from 2018-04-25 18:37:04 (*multicolor)
2018-04-25 19:00:51 #geral @Ghostplay R2#1298 deleted message from 2018-04-25 18:37:14 (```\n*[multicolor|multicolour] <interval> <role>\n\nChanges the role color every x seconds\n\n```)
2018-04-25 19:00:51 #geral @StarlineBR#9748 deleted message from 2018-04-25 18:37:32 (*multicolor 2 @🌟Dono🌟)
2018-04-25 19:00:51 #geral @Ghostplay R2#1298 deleted message from 2018-04-25 18:37:41 ()
2018-04-25 19:00:51 #geral @Ghostplay R2#1298 deleted message from 2018-04-25 18:38:23 ()
2018-04-25 19:00:51 #geral @StarlineBR#9748 deleted message from 2018-04-25 18:38:26 (*multicolor 0 @🌟Dono🌟)
2018-04-25 19:00:51 #geral @Ghostplay R2#1298 deleted message from 2018-04-25 18:38:53 ()
2018-04-25 19:00:51 #geral @StarlineBR#9748 deleted message from 2018-04-25 18:38:53 (*multicolor 1 Dono)
2018-04-25 19:00:51 #geral @Ghostplay R2#1298 deleted message from 2018-04-25 18:39:02 ()
2018-04-25 19:00:51 #geral @StarlineBR#9748 deleted message from 2018-04-25 18:40:02 (*multicolor o.o1 owner)
2018-04-25 19:00:51 #geral @Ghostplay R2#1298 deleted message from 2018-04-25 18:40:11 (```\n*[multicolor|multicolour] <interval> <role>\n\nChanges the role color every x seconds\n\n```)
2018-04-25 19:00:51 #geral @StarlineBR#9748 deleted message from 2018-04-25 18:42:03 (*multicolor 0.01 DONO)
2018-04-25 19:00:51 #geral @Ghostplay R2#1298 deleted message from 2018-04-25 18:42:13 ()
2018-04-25 19:00:51 #geral @StarlineBR#9748 deleted message from 2018-04-25 18:42:43 (*multicolor 0.01 🌟Dono🌟)
2018-04-25 19:00:51 #geral @Ghostplay R2#1298 deleted message from 2018-04-25 18:42:59 (`Error in command 'multicolor'.If you keep seeing this message please contact the owner of the bot.`)
2018-04-25 19:00:51 #geral @StarlineBR#9748 deleted message from 2018-04-25 18:44:28 (*multicolor)
2018-04-25 19:00:51 #geral @Ghostplay R2#1298 deleted message from 2018-04-25 18:44:53 (```\n*[multicolor|multicolour] <interval> <role>\n\nChanges the role color every x seconds\n\n```)
2018-04-25 19:00:51 #geral @StarlineBR#9748 deleted message from 2018-04-25 18:45:03 (*multicolor 0.01 owner 🌟Dono🌟)
2018-04-25 19:00:51 #geral @Ghostplay R2#1298 deleted message from 2018-04-25 18:45:12 ()
2018-04-25 19:00:51 #geral @StarlineBR#9748 deleted message from 2018-04-25 18:46:48 (*multicolor 0.01 🌟Dono🌟)
2018-04-25 19:00:51 #geral @StarlineBR#9748 deleted message from 2018-04-25 18:47:28 (*multicolor 2 🌟Dono🌟)
2018-04-25 19:00:51 #geral @StarlineBR#9748 deleted message from 2018-04-25 18:48:03 (*multicolor 0.001 🌟Dono🌟)
2018-04-25 19:00:51 #geral @StarlineBR#9748 deleted message from 2018-04-25 18:48:45 (*multicolor 10 🌟Dono🌟)
2018-04-25 19:00:51 #geral @StarlineBR#9748 deleted message from 2018-04-25 18:49:06 (*multicolor 0.1 🌟Dono🌟)
2018-04-25 19:00:51 #geral @StarlineBR#9748 deleted message from 2018-04-25 18:51:42 (*multicolor 5 🌟Dono🌟)
2018-04-25 19:00:51 #geral @StarlineBR#9748 deleted message from 2018-04-25 18:52:05 (*multicolor 20 🌟Dono🌟)
2018-04-25 19:00:51 #geral @StarlineBR#9748 deleted message from 2018-04-25 18:52:30 (*multicolor 70 🌟Dono🌟)
2018-04-25 19:00:51 #geral @StarlineBR#9748 deleted message from 2018-04-25 18:53:26 (*multicolor 200 🌟Dono🌟)
2018-04-25 19:00:51 #geral @StarlineBR#9748 deleted message from 2018-04-25 18:53:44 (*multicolor 0.001 🌟Dono🌟)
2018-04-25 19:00:51 #geral @StarlineBR#9748 deleted message from 2018-04-25 18:54:31 (*help)
2018-04-25 19:00:51 #geral @Jerbs#4170 deleted message from 2018-04-25 18:54:31 (@StarlineBR(Alex), :mailbox_with_mail: Enviei no privado confere lá :stars:)
2018-04-25 19:00:51 #geral @Ghostplay R2#1298 deleted message from 2018-04-25 18:54:40 (Hey there, @StarlineBR(Alex)! I sent you the list of commands in a private message.\nCheck your direct messages)
2018-04-25 19:00:51 #geral @StarlineBR#9748 deleted message from 2018-04-25 18:55:24 (*multicolor 0.1 owner  🌟Dono🌟)
2018-04-25 19:00:51 #geral @Ghostplay R2#1298 deleted message from 2018-04-25 18:55:33 ()
2018-04-25 19:00:51 #geral @StarlineBR#9748 deleted message from 2018-04-25 19:00:50 (+limpar 100)
2018-04-25 19:01:01 #geral @Loritta#0219 deleted message from 2018-04-25 19:00:50 (Chat limpo por @StarlineBR(Alex)!)
