2018-04-22 16:18:23 this bot joined the server
2018-04-22 16:18:23 Role created: 'Synapse' (id 437648372082409482)
2018-04-22 16:18:23 Member role add: 'Synapse' role was added to @Synapse#0692
2018-04-22 16:19:12 Member role add: 'new role' role was added to @Lipe Braga#1222
2018-04-22 16:19:12 Member role add: 'new role' role was added to @Lipe Braga#1222
2018-04-22 16:19:13 Member role remove: The 'new role' role was removed from @Lipe Braga#1222
2018-04-22 16:19:14 Member role add: 'new role' role was added to @Lipe Braga#1222
2018-04-22 16:19:14 Member role remove: The 'new role' role was removed from @Lipe Braga#1222
2018-04-22 16:19:16 Member role add: 'new role' role was added to @Lipe Braga#1222
2018-04-22 16:19:17 Member role add: 'new role' role was added to @Lipe Braga#1222
2018-04-22 16:19:20 Member role add: 'new role' role was added to @Lipe Braga#1222
2018-04-22 16:19:20 Member role add: 'new role' role was added to @Lipe Braga#1222
2018-04-22 16:19:21 Member role add: 'new role' role was added to @Lipe Braga#1222
2018-04-22 16:19:24 Member role add: 'new role' role was added to @Lipe Braga#1222
2018-04-22 16:19:25 Member role add: 'Youtuber' role was added to @Lipe Braga#1222
2018-04-22 16:19:26 Member role remove: The 'Youtuber' role was removed from @Lipe Braga#1222
2018-04-22 16:19:38 Member role add: 'Youtuber' role was added to @yuridaquebrada#1093
2018-04-22 16:19:39 Member role remove: The 'Youtuber' role was removed from @yuridaquebrada#1093
2018-04-22 16:19:40 Member role add: 'Youtuber' role was added to @yuridaquebrada#1093
2018-04-22 16:19:55 Role permissions: 'Ghostplay R2' changed from 85041 to 347249
2018-04-22 16:19:55 Role position: 'new role' changed from 2 to 3
2018-04-22 16:19:55 Role position: 'new role' changed from 2 to 4
2018-04-22 16:19:55 Role position: 'new role' changed from 2 to 5
2018-04-22 16:19:55 Role position: 'new role' changed from 2 to 6
2018-04-22 16:19:55 Role position: 'new role' changed from 2 to 7
2018-04-22 16:19:55 Role position: 'new role' changed from 2 to 8
2018-04-22 16:19:55 Role position: 'new role' changed from 2 to 9
2018-04-22 16:19:55 Role position: 'new role' changed from 2 to 10
2018-04-22 16:19:55 Role position: 'new role' changed from 2 to 11
2018-04-22 16:19:55 Role position: 'new role' changed from 2 to 12
2018-04-22 16:19:55 Role position: 'new role' changed from 2 to 13
2018-04-22 16:19:55 Role position: 'new role' changed from 2 to 14
2018-04-22 16:19:55 Role position: 'new role' changed from 2 to 15
2018-04-22 16:19:55 Role position: 'new role' changed from 2 to 16
2018-04-22 16:19:55 Role position: 'new role' changed from 2 to 17
2018-04-22 16:19:55 Role position: 'new role' changed from 2 to 18
2018-04-22 16:19:55 Role position: 'new role' changed from 2 to 19
2018-04-22 16:19:55 Role position: 'new role' changed from 2 to 20
2018-04-22 16:19:55 Role position: 'new role' changed from 2 to 21
2018-04-22 16:19:55 Role position: 'new role' changed from 2 to 22
2018-04-22 16:19:55 Role position: 'new role' changed from 2 to 23
2018-04-22 16:19:55 Role position: 'new role' changed from 2 to 24
2018-04-22 16:19:55 Role position: 'new role' changed from 2 to 25
2018-04-22 16:19:55 Role position: 'new role' changed from 2 to 26
2018-04-22 16:19:55 Role position: 'new role' changed from 2 to 27
2018-04-22 16:19:55 Role position: 'new role' changed from 2 to 28
2018-04-22 16:19:55 Role position: 'new role' changed from 2 to 29
2018-04-22 16:19:55 Role position: 'new role' changed from 2 to 30
2018-04-22 16:19:55 Role position: 'new role' changed from 2 to 31
2018-04-22 16:19:55 Role position: 'new role' changed from 2 to 32
2018-04-22 16:19:55 Role position: 'new role' changed from 2 to 33
2018-04-22 16:19:55 Role position: 'new role' changed from 2 to 34
2018-04-22 16:19:55 Role position: 'new role' changed from 2 to 35
2018-04-22 16:19:55 Role position: 'new role' changed from 2 to 36
2018-04-22 16:19:55 Role position: 'new role' changed from 2 to 37
2018-04-22 16:19:55 Role position: 'new role' changed from 2 to 38
2018-04-22 16:19:55 Role position: 'new role' changed from 2 to 39
2018-04-22 16:19:55 Role position: 'new role' changed from 2 to 40
2018-04-22 16:19:55 Role position: 'new role' changed from 2 to 41
2018-04-22 16:19:55 Role position: 'new role' changed from 2 to 42
2018-04-22 16:19:55 Role position: 'new role' changed from 2 to 43
2018-04-22 16:19:55 Role position: 'new role' changed from 2 to 44
2018-04-22 16:19:55 Role position: 'new role' changed from 2 to 45
2018-04-22 16:19:55 Role position: 'new role' changed from 2 to 46
2018-04-22 16:19:55 Role position: 'new role' changed from 2 to 47
2018-04-22 16:19:55 Role position: 'new role' changed from 2 to 48
2018-04-22 16:19:55 Role position: 'new role' changed from 2 to 49
2018-04-22 16:19:55 Role position: 'new role' changed from 2 to 50
2018-04-22 16:19:55 Role position: 'new role' changed from 2 to 51
2018-04-22 16:19:55 Role position: 'new role' changed from 2 to 52
2018-04-22 16:19:55 Role position: 'new role' changed from 2 to 53
2018-04-22 16:19:55 Role position: 'new role' changed from 2 to 54
2018-04-22 16:19:55 Role position: 'new role' changed from 2 to 55
2018-04-22 16:19:55 Role position: 'new role' changed from 2 to 56
2018-04-22 16:19:55 Role position: 'new role' changed from 2 to 57
2018-04-22 16:19:55 Role position: 'new role' changed from 2 to 58
2018-04-22 16:19:55 Role position: 'new role' changed from 2 to 59
2018-04-22 16:19:55 Role position: 'new role' changed from 2 to 60
2018-04-22 16:19:55 Role position: 'new role' changed from 2 to 61
2018-04-22 16:19:55 Role position: 'new role' changed from 2 to 62
2018-04-22 16:19:55 Role position: 'new role' changed from 2 to 63
2018-04-22 16:19:55 Role position: 'new role' changed from 2 to 64
2018-04-22 16:19:55 Role position: 'new role' changed from 2 to 65
2018-04-22 16:19:55 Role position: 'new role' changed from 2 to 66
2018-04-22 16:19:55 Role position: 'new role' changed from 2 to 67
2018-04-22 16:19:55 Role position: 'new role' changed from 2 to 68
2018-04-22 16:19:55 Role position: 'new role' changed from 2 to 69
2018-04-22 16:19:55 Role position: 'new role' changed from 2 to 70
2018-04-22 16:19:55 Role position: 'new role' changed from 2 to 71
2018-04-22 16:19:55 Role position: 'new role' changed from 2 to 72
2018-04-22 16:19:55 Role position: 'new role' changed from 2 to 73
2018-04-22 16:19:55 Role position: 'new role' changed from 2 to 74
2018-04-22 16:19:55 Role position: 'new role' changed from 2 to 75
2018-04-22 16:19:55 Role position: 'new role' changed from 2 to 76
2018-04-22 16:19:55 Role position: 'new role' changed from 2 to 77
2018-04-22 16:19:55 Role position: 'new role' changed from 2 to 78
2018-04-22 16:19:55 Role position: 'new role' changed from 2 to 79
2018-04-22 16:19:55 Role position: 'new role' changed from 2 to 80
2018-04-22 16:19:55 Role position: 'new role' changed from 2 to 81
2018-04-22 16:19:55 Role position: 'new role' changed from 2 to 82
2018-04-22 16:19:55 Role position: 'new role' changed from 2 to 83
2018-04-22 16:19:55 Role position: 'new role' changed from 2 to 84
2018-04-22 16:19:55 Role position: 'new role' changed from 2 to 85
2018-04-22 16:19:55 Role position: 'new role' changed from 2 to 86
2018-04-22 16:19:55 Role position: 'new role' changed from 2 to 87
2018-04-22 16:19:55 Role position: 'Youtuber' changed from 4 to 88
2018-04-22 16:19:55 Role position: 'Admin' changed from 5 to 89
2018-04-22 16:19:55 Role position: 'Dono' changed from 6 to 90
2018-04-22 16:20:04 Role permissions: 'Dono' changed from 104324175 to 2146958463
2018-04-22 16:20:16 Member role remove: The 'new role' role was removed from @Lipe Braga#1222
2018-04-22 16:20:16 Role deleted: 'new role' (id 437276455752171520)
2018-04-22 16:20:21 Member role remove: The 'new role' role was removed from @Lipe Braga#1222
2018-04-22 16:20:21 Role deleted: 'new role' (id 437603896798609410)
2018-04-22 16:20:23 Member role remove: The 'new role' role was removed from @Lipe Braga#1222
2018-04-22 16:20:23 Role deleted: 'new role' (id 437603910912442369)
2018-04-22 16:20:26 Member role remove: The 'new role' role was removed from @Lipe Braga#1222
2018-04-22 16:20:26 Role deleted: 'new role' (id 437603912074264586)
2018-04-22 16:20:30 Member role remove: The 'new role' role was removed from @Lipe Braga#1222
2018-04-22 16:20:30 Role deleted: 'new role' (id 437603912879570954)
2018-04-22 16:20:35 Member role remove: The 'Admin' role was removed from @yuridaquebrada#1093
2018-04-22 16:20:36 Member role remove: The 'Youtuber' role was removed from @yuridaquebrada#1093
2018-04-22 16:20:39 Member role remove: The 'Admin' role was removed from @heltrix#1054
2018-04-22 16:20:49 Member role add: 'Admin' role was added to @joaolucas#8533
2018-04-22 17:01:09 Member join: @Nexumuss#5047 (id 403559994017972226)
2018-04-22 17:01:45 Member role add: 'Admin' role was added to @Nexumuss#5047
2018-04-22 17:02:17 Channel created: admin
2018-04-22 21:30:27 Member join: @[YT] Mulff Player#6755 (id 403559314599706626)
2018-04-23 00:54:03 Member role add: 'Youtuber' role was added to @[YT] Mulff Player#6755
2018-04-23 12:58:12 Member join: @[Moderador]DylanMLG#4554 (id 405328175762243595)
2018-04-27 00:48:27 Member join: @_SKYHACK#8261 (id 419528232375943168)
2018-04-27 00:52:54 Member role add: 'Admin' role was added to @_SKYHACK#8261
2018-04-27 02:02:21 Member join: @eduardokr123#5674 (id 425098483603734538)
2018-04-27 14:57:44 Member role add: 'new role' role was added to @[YT] Mulff Player#6755
2018-04-27 14:57:48 Member role remove: The 'new role' role was removed from @[YT] Mulff Player#6755
2018-04-28 01:00:19 Member role add: 'Youtuber' role was added to @heltrix#1054
2018-04-28 13:05:43 Member nickname: '@joaolucas#8533' (id 404725255677149197) changed nickname from 'None' to 'k'
2018-04-28 13:06:13 Member nickname: '@joaolucas#8533' (id 404725255677149197) changed nickname from 'k' to 'joao admin'
2018-04-28 13:06:14 Member nickname: '@joaolucas#8533' (id 404725255677149197) changed nickname from 'joao admin' to 'joão admin'
2018-04-28 17:50:47 Role created: 'new role' (id 439845954414444545)
2018-04-28 17:51:38 Role created: 'new role' (id 439846165513502741)
2018-04-28 17:52:26 Role permissions: 'Synapse' changed from 8 to 262216
2018-04-28 17:52:26 Role position: 'Youtuber' changed from 90 to 85
2018-04-28 17:52:26 Role position: 'Admin' changed from 91 to 86
2018-04-28 17:52:26 Role position: 'Dono' changed from 92 to 87
2018-04-28 17:52:28 Role renamed: 'new role' to 'Moderador'
2018-04-28 17:52:28 Role color: 'new role' changed from #000000 to #1f8b4c
2018-04-28 17:52:28 Role hoist: 'Moderador' is now shown seperately
2018-04-28 17:52:28 Role permissions: 'new role' changed from 372759627 to 2146958411
2018-04-28 17:52:28 Role renamed: 'new role' to 'Moderador'
2018-04-28 17:52:28 Role hoist: 'Moderador' is now shown seperately
2018-04-28 17:53:41 Role position: 'Moderador' changed from 2 to 1
2018-04-28 17:53:41 Role position: 'Synapse' changed from 3 to 2
2018-04-28 17:53:41 Role position: 'Ghostplay R2' changed from 4 to 3
2018-04-28 17:53:41 Role position: 'new role' changed from 5 to 4
2018-04-28 17:53:41 Role position: 'new role' changed from 6 to 5
2018-04-28 17:53:41 Role position: 'new role' changed from 7 to 6
2018-04-28 17:53:41 Role position: 'new role' changed from 8 to 7
2018-04-28 17:53:41 Role position: 'new role' changed from 9 to 8
2018-04-28 17:53:41 Role position: 'new role' changed from 10 to 9
2018-04-28 17:53:41 Role position: 'new role' changed from 11 to 10
2018-04-28 17:53:41 Role position: 'new role' changed from 12 to 11
2018-04-28 17:53:41 Role position: 'new role' changed from 13 to 12
2018-04-28 17:53:41 Role position: 'new role' changed from 14 to 13
2018-04-28 17:53:41 Role position: 'new role' changed from 15 to 14
2018-04-28 17:53:41 Role position: 'new role' changed from 16 to 15
2018-04-28 17:53:41 Role position: 'new role' changed from 17 to 16
2018-04-28 17:53:41 Role position: 'new role' changed from 18 to 17
2018-04-28 17:53:41 Role position: 'new role' changed from 19 to 18
2018-04-28 17:53:41 Role position: 'new role' changed from 20 to 19
2018-04-28 17:53:41 Role position: 'new role' changed from 21 to 20
2018-04-28 17:53:41 Role position: 'new role' changed from 22 to 21
2018-04-28 17:53:41 Role position: 'new role' changed from 23 to 22
2018-04-28 17:53:41 Role position: 'new role' changed from 24 to 23
2018-04-28 17:53:41 Role position: 'new role' changed from 25 to 24
2018-04-28 17:53:41 Role position: 'new role' changed from 26 to 25
2018-04-28 17:53:41 Role position: 'new role' changed from 27 to 26
2018-04-28 17:53:41 Role position: 'new role' changed from 28 to 27
2018-04-28 17:53:41 Role position: 'new role' changed from 29 to 28
2018-04-28 17:53:41 Role position: 'new role' changed from 30 to 29
2018-04-28 17:53:41 Role position: 'new role' changed from 31 to 30
2018-04-28 17:53:41 Role position: 'new role' changed from 32 to 31
2018-04-28 17:53:41 Role position: 'new role' changed from 33 to 32
2018-04-28 17:53:41 Role position: 'new role' changed from 34 to 33
2018-04-28 17:53:41 Role position: 'new role' changed from 35 to 34
2018-04-28 17:53:41 Role position: 'new role' changed from 36 to 35
2018-04-28 17:53:41 Role position: 'new role' changed from 37 to 36
2018-04-28 17:53:41 Role position: 'new role' changed from 38 to 37
2018-04-28 17:53:41 Role position: 'new role' changed from 39 to 38
2018-04-28 17:53:41 Role position: 'new role' changed from 40 to 39
2018-04-28 17:53:41 Role position: 'new role' changed from 41 to 40
2018-04-28 17:53:41 Role position: 'new role' changed from 42 to 41
2018-04-28 17:53:41 Role position: 'new role' changed from 43 to 42
2018-04-28 17:53:41 Role position: 'new role' changed from 44 to 43
2018-04-28 17:53:41 Role position: 'new role' changed from 45 to 44
2018-04-28 17:53:41 Role position: 'new role' changed from 46 to 45
2018-04-28 17:53:41 Role position: 'new role' changed from 47 to 46
2018-04-28 17:53:41 Role position: 'new role' changed from 48 to 47
2018-04-28 17:53:41 Role position: 'new role' changed from 49 to 48
2018-04-28 17:53:41 Role position: 'new role' changed from 50 to 49
2018-04-28 17:53:41 Role position: 'new role' changed from 51 to 50
2018-04-28 17:53:41 Role position: 'new role' changed from 52 to 51
2018-04-28 17:53:41 Role position: 'new role' changed from 53 to 52
2018-04-28 17:53:41 Role position: 'new role' changed from 54 to 53
2018-04-28 17:53:41 Role position: 'new role' changed from 55 to 54
2018-04-28 17:53:41 Role position: 'new role' changed from 56 to 55
2018-04-28 17:53:41 Role position: 'new role' changed from 57 to 56
2018-04-28 17:53:41 Role position: 'new role' changed from 58 to 57
2018-04-28 17:53:41 Role position: 'new role' changed from 59 to 58
2018-04-28 17:53:41 Role position: 'new role' changed from 60 to 59
2018-04-28 17:53:41 Role position: 'new role' changed from 61 to 60
2018-04-28 17:53:41 Role position: 'new role' changed from 62 to 61
2018-04-28 17:53:41 Role position: 'new role' changed from 63 to 62
2018-04-28 17:53:41 Role position: 'new role' changed from 64 to 63
2018-04-28 17:53:41 Role position: 'new role' changed from 65 to 64
2018-04-28 17:53:41 Role position: 'new role' changed from 66 to 65
2018-04-28 17:53:41 Role position: 'new role' changed from 67 to 66
2018-04-28 17:53:41 Role position: 'new role' changed from 68 to 67
2018-04-28 17:53:41 Role position: 'new role' changed from 69 to 68
2018-04-28 17:53:41 Role position: 'new role' changed from 70 to 69
2018-04-28 17:53:41 Role position: 'new role' changed from 71 to 70
2018-04-28 17:53:41 Role position: 'new role' changed from 72 to 71
2018-04-28 17:53:41 Role position: 'new role' changed from 73 to 72
2018-04-28 17:53:41 Role position: 'new role' changed from 74 to 73
2018-04-28 17:53:41 Role position: 'new role' changed from 75 to 74
2018-04-28 17:53:41 Role position: 'new role' changed from 76 to 75
2018-04-28 17:53:41 Role position: 'new role' changed from 77 to 76
2018-04-28 17:53:41 Role position: 'new role' changed from 78 to 77
2018-04-28 17:53:41 Role position: 'new role' changed from 79 to 78
2018-04-28 17:53:41 Role position: 'new role' changed from 80 to 79
2018-04-28 17:53:41 Role position: 'new role' changed from 81 to 80
2018-04-28 17:53:41 Role position: 'new role' changed from 82 to 81
2018-04-28 17:53:41 Role position: 'new role' changed from 83 to 82
2018-04-28 17:53:41 Role position: 'new role' changed from 84 to 83
2018-04-28 17:53:41 Role position: 'Moderador' changed from 1 to 84
2018-04-28 17:53:43 Role renamed: 'new role' to 'Ajudante'
2018-04-28 17:53:43 Role color: 'new role' changed from #000000 to #f1c40f
2018-04-28 17:53:43 Role hoist: 'Ajudante' is now shown seperately
2018-04-28 17:53:43 Role permissions: 'new role' changed from 372759627 to 2146950239
2018-04-28 17:54:56 Role renamed: 'new role' to 'Sub-Dono'
2018-04-28 17:54:56 Role color: 'new role' changed from #000000 to #f00f0f
2018-04-28 17:55:16 Role position: 'Ajudante' changed from 83 to 82
2018-04-28 17:55:16 Role position: 'Moderador' changed from 84 to 83
2018-04-28 17:55:16 Role position: 'Youtuber' changed from 85 to 84
2018-04-28 17:55:16 Role position: 'Admin' changed from 86 to 85
2018-04-28 17:55:16 Role position: 'Sub-Dono' changed from 82 to 86
2018-04-28 17:55:17 Role hoist: 'Sub-Dono' is now shown seperately
2018-04-28 17:55:17 Role permissions: 'Sub-Dono' changed from 372759627 to 2146958591
2018-04-28 17:55:33 Role hoist: 'Admin' is now shown seperately
2018-04-28 17:55:37 Role hoist: 'Youtuber' is now shown seperately
2018-04-28 17:56:11 Role color: 'Dono' changed from #992d22 to #f10404
2018-04-28 17:56:11 Role hoist: 'Dono' is now shown seperately
2018-04-28 17:56:27 Member join: @rhyan#1159 (id 318920669825859595)
2018-04-28 17:56:36 Member role add: 'Dono' role was added to @rhyan#1159
2018-04-28 18:08:52 Channel created: privadao
2018-04-28 18:09:48 Role renamed: 'new role' to 'Membro'
2018-04-28 18:09:48 Role color: 'new role' changed from #000000 to #f7eeee
2018-04-28 18:09:57 Role mentionable: 'Membro' is now mentionable
2018-04-28 18:10:09 Member role add: 'Membro' role was added to @[Moderador]DylanMLG#4554
2018-04-28 18:10:15 Member role add: 'Membro' role was added to @eduardokr123#5674
2018-04-28 18:10:21 Member role add: 'Membro' role was added to @yuridaquebrada#1093
2018-04-28 18:14:48 Member role add: 'Moderador' role was added to @rhyan#1159
2018-04-28 18:14:49 Member role add: 'Admin' role was added to @rhyan#1159
2018-04-28 18:14:49 Member role add: 'Sub-Dono' role was added to @rhyan#1159
2018-04-28 18:14:49 Member role remove: The 'Admin' role was removed from @rhyan#1159
2018-04-28 18:14:50 Member role add: 'Admin' role was added to @rhyan#1159
2018-04-28 18:14:53 Member role add: 'Youtuber' role was added to @rhyan#1159
2018-04-28 18:22:18 Member join: @Dyno#3861 (id 155149108183695360)
2018-04-28 18:22:18 Role created: 'Dyno' (id 439853877215625216)
2018-04-28 18:22:18 Member role add: 'Dyno' role was added to @Dyno#3861
2018-04-28 18:22:31 Member role add: 'Dono' role was added to @Dyno#3861
2018-04-28 18:22:35 Member role remove: The 'Dono' role was removed from @Dyno#3861
2018-04-28 18:23:41 Channel created: apenas-musicas
2018-04-28 18:24:54 Role deleted: 'new role' (id 437603915958321152)
2018-04-28 18:24:59 Role deleted: 'new role' (id 437603918374240256)
2018-04-28 18:25:02 Role deleted: 'new role' (id 437603916503318529)
2018-04-28 18:25:05 Role deleted: 'new role' (id 437603917434585108)
2018-04-28 18:25:08 Role deleted: 'new role' (id 437603919061975040)
2018-04-28 18:25:20 Channel overwrites: privadao (439850502776160307): role Moderador (439845954414444545) removed (was 1048576, 0)
2018-04-28 18:25:20 Role deleted: 'Moderador' (id 439845954414444545)
2018-04-28 18:26:45 Role position: 'Membro' changed from 76 to 75
2018-04-28 18:26:45 Role position: 'Ajudante' changed from 77 to 76
2018-04-28 18:26:45 Role position: 'Moderador' changed from 78 to 77
2018-04-28 18:26:45 Role position: 'Youtuber' changed from 79 to 78
2018-04-28 18:26:45 Role position: 'Admin' changed from 80 to 79
2018-04-28 18:26:45 Role position: 'new role' changed from 75 to 80
2018-04-28 18:26:47 Role renamed: 'new role' to 'BOT de Musica'
2018-04-28 18:26:47 Role color: 'new role' changed from #000000 to #f50f13
2018-04-28 18:26:47 Role hoist: 'BOT de Musica' is now shown seperately
2018-04-28 18:26:47 Role permissions: 'new role' changed from 372759627 to 2146958591
2018-04-28 18:26:57 Member role add: 'BOT de Musica' role was added to @Sasuke#9685
2018-04-28 18:27:32 Member role add: 'Admin' role was added to @Sasuke#9685
2018-04-28 18:27:33 Member role add: 'Sub-Dono' role was added to @Sasuke#9685
2018-04-28 18:27:35 Member role add: 'Youtuber' role was added to @Sasuke#9685
2018-04-28 18:27:36 Member role add: 'Moderador' role was added to @Sasuke#9685
2018-04-28 18:27:36 Member role add: 'Ajudante' role was added to @Sasuke#9685
2018-04-28 18:29:16 Member join: @dabBot#0563 (id 270198738570444801)
2018-04-28 18:29:16 Role created: 'dabBot' (id 439855636692467713)
2018-04-28 18:29:16 Member role add: 'dabBot' role was added to @dabBot#0563
2018-04-28 18:30:02 Member nickname: '@dabBot#0563' (id 270198738570444801) changed nickname from 'None' to 'Mestre Da Musica'
2018-04-28 18:30:09 Member role add: 'Dono' role was added to @dabBot#0563
2018-04-28 18:30:24 Member role remove: The 'BOT de Musica' role was removed from @Sasuke#9685
2018-04-28 18:30:24 Role deleted: 'BOT de Musica' (id 437603919942778890)
2018-04-28 18:31:36 Member join: @Loritta#0219 (id 297153970613387264)
2018-04-28 18:31:36 Member role add: 'Loritta' role was added to @Loritta#0219
2018-04-28 18:31:36 Role created: 'Loritta' (id 439856225770012672)
2018-04-28 18:31:36 Member role add: 'Loritta' role was added to @Loritta#0219
2018-04-28 18:34:45 Member join: @Lado Negro🎶#8983 (id 273887062086778880)
2018-04-28 18:34:45 Role created: 'Lado Negro🎶' (id 439856964990664734)
2018-04-28 18:34:45 Member role add: 'Lado Negro🎶' role was added to @Lado Negro🎶#8983
2018-04-28 18:36:03 Member join: @MEE6#4876 (id 159985870458322944)
2018-04-28 18:36:03 Role created: 'MEE6' (id 439857294029750292)
2018-04-28 18:36:03 Member role add: 'MEE6' role was added to @MEE6#4876
2018-04-28 18:36:07 Member role add: 'Sub-Dono' role was added to @MEE6#4876
2018-04-28 18:37:21 Member role remove: The 'Ajudante' role was removed from @Lipe Braga#1222
2018-04-28 18:37:27 Member role add: 'Sub-Dono' role was added to @[Moderador]DylanMLG#4554
2018-04-28 18:38:05 Member role remove: The 'Membro' role was removed from @yuridaquebrada#1093
2018-04-28 18:38:09 Member role add: 'Sub-Dono' role was added to @yuridaquebrada#1093
2018-04-28 18:38:40 Role permissions: 'Lado Negro🎶' changed from 371709960 to 371710024
2018-04-28 18:38:40 Role permissions: 'Loritta' changed from 2097176631 to 2097438839
2018-04-28 18:38:40 Role permissions: 'Dyno' changed from 1026580535 to 1026842743
2018-04-28 18:38:55 Role renamed: 'Dono' to 'Mestre'
2018-04-28 18:38:55 Role color: 'Dono' changed from #f10404 to #fc900a
2018-04-28 18:39:07 Role renamed: 'Sub-Dono' to 'Sub-Mestre'
2018-04-28 18:39:07 Role color: 'Sub-Dono' changed from #f00f0f to #f38800
2018-04-28 18:39:26 Member role add: 'Ajudante' role was added to @yuridaquebrada#1093
2018-04-28 18:39:27 Member role add: 'Moderador' role was added to @yuridaquebrada#1093
2018-04-28 18:39:28 Member role add: 'Youtuber' role was added to @yuridaquebrada#1093
2018-04-28 18:39:29 Member role add: 'Admin' role was added to @yuridaquebrada#1093
2018-04-28 18:39:52 Member role add: 'Membro' role was added to @MEE6#4876
2018-04-28 18:39:52 Member role remove: The 'Membro' role was removed from @MEE6#4876
2018-04-28 18:41:08 Member role add: 'Mestre' role was added to @Loritta#0219
2018-04-28 18:41:09 Member role add: 'Mestre' role was added to @Dyno#3861
2018-04-28 18:41:11 Member role remove: The 'Sub-Mestre' role was removed from @MEE6#4876
2018-04-28 18:41:16 Member role add: 'Mestre' role was added to @Ghostplay R2#1298
2018-04-28 18:41:25 Member role add: 'Mestre' role was added to @Lado Negro🎶#8983
2018-04-28 18:41:30 Member role add: 'Mestre' role was added to @MEE6#4876
2018-04-28 18:41:34 Member role add: 'Mestre' role was added to @Synapse#0692
2018-04-28 18:41:41 Member role remove: The 'Mestre' role was removed from @Lado Negro🎶#8983
2018-04-28 18:43:01 Member role remove: The 'Youtuber' role was removed from @yuridaquebrada#1093
2018-04-28 18:43:01 Member role remove: The 'Moderador' role was removed from @yuridaquebrada#1093
2018-04-28 18:43:03 Member role remove: The 'Ajudante' role was removed from @yuridaquebrada#1093
2018-04-28 18:43:04 Member role remove: The 'Admin' role was removed from @yuridaquebrada#1093
2018-04-28 18:43:09 Member role remove: The 'Youtuber' role was removed from @[YT] Mulff Player#6755
2018-04-28 18:43:12 Member role add: 'Mestre' role was added to @[YT] Mulff Player#6755
2018-04-28 18:43:15 Member role remove: The 'Membro' role was removed from @eduardokr123#5674
2018-04-28 18:43:18 Member role add: 'Sub-Mestre' role was added to @eduardokr123#5674
2018-04-28 18:43:37 Member role add: 'Sub-Mestre' role was added to @Dyno#3861
2018-04-28 18:43:37 Member role remove: The 'Sub-Mestre' role was removed from @Dyno#3861
2018-04-28 18:43:37 Member role add: 'Sub-Mestre' role was added to @Dyno#3861
2018-04-28 18:43:38 Member role remove: The 'Sub-Mestre' role was removed from @Dyno#3861
2018-04-28 19:01:01 Member role add: 'Youtuber' role was added to @yuridaquebrada#1093
2018-04-28 19:01:01 Member role add: 'Admin' role was added to @yuridaquebrada#1093
2018-04-28 19:01:01 Member role remove: The 'Youtuber' role was removed from @yuridaquebrada#1093
2018-04-28 19:01:02 Member role remove: The 'Admin' role was removed from @yuridaquebrada#1093
2018-04-28 19:01:02 Member role remove: The 'Sub-Mestre' role was removed from @yuridaquebrada#1093
2018-04-28 19:01:02 Member role add: 'Sub-Mestre' role was added to @yuridaquebrada#1093
2018-04-30 20:07:54 Member role add: 'Chroma' role was added to @joaolucas#8533
2018-04-30 20:08:04 Member role remove: The 'Chroma' role was removed from @joaolucas#8533
2018-05-01 13:02:50 Member role add: 'Chroma' role was added to @Dyno#3861
2018-05-01 13:02:50 Member role remove: The 'Chroma' role was removed from @Dyno#3861
2018-05-01 13:03:55 Role hoist: 'new role' is now shown seperately
2018-05-01 13:58:24 Role renamed: 'Loritta' to 's'
2018-05-01 13:58:30 Role renamed: 'dabBot' to 's'
2018-05-01 13:58:30 Role renamed: 'MEE6' to 's'
2018-05-01 14:00:36 Member role add: 'Moderador' role was added to @joaolucas#8533
2018-05-01 14:00:39 Member role remove: The 'Youtuber' role was removed from @joaolucas#8533
2018-05-01 14:00:43 Member role remove: The 'Moderador' role was removed from @joaolucas#8533
2018-05-01 19:13:19 Member role add: 'Youtuber' role was added to @Nexumuss#5047
2018-05-01 19:13:21 Member role add: 'Moderador' role was added to @Nexumuss#5047
2018-05-01 19:13:28 Member role add: 'Chroma' role was added to @Nexumuss#5047
2018-05-01 19:13:45 Member role add: 'Color' role was added to @Nexumuss#5047
2018-05-01 19:13:48 Member role add: 'Membro' role was added to @Nexumuss#5047
2018-05-01 19:13:50 Member role add: 'Ajudante' role was added to @Nexumuss#5047
2018-05-01 19:13:53 Member role add: 'Rainbow' role was added to @Nexumuss#5047
2018-05-01 19:15:05 Member username: '@Nexumuss#5047' (id 403559994017972226) changed username from 'Nexumuss' to '[YT]Chroma HD'
2018-05-01 19:15:26 Member role add: 'Moderador' role was added to @[YT] Mulff Player#6755
2018-05-01 19:15:33 Member role add: 'Chroma' role was added to @vitorlindao#2185
2018-05-01 19:15:35 Member role remove: The 'Chroma' role was removed from @vitorlindao#2185
2018-05-02 01:33:58 Member role remove: The 'Membro' role was removed from @[YT]Chroma HD#5047
2018-05-02 01:33:58 Member role remove: The 'Rainbow' role was removed from @[YT]Chroma HD#5047
2018-05-02 01:33:58 Member role remove: The 'Membro' role was removed from @[YT]Chroma HD#5047
2018-05-02 01:33:58 Member role remove: The 'Moderador' role was removed from @[YT]Chroma HD#5047
2018-05-02 01:33:58 Member role remove: The 'Admin' role was removed from @[YT]Chroma HD#5047
2018-05-02 01:33:58 Member role remove: The 'Chroma' role was removed from @[YT]Chroma HD#5047
2018-05-02 01:34:01 Member role remove: The 'Ajudante' role was removed from @[YT]Chroma HD#5047
2018-05-02 01:34:01 Member role remove: The 'Color' role was removed from @[YT]Chroma HD#5047
2018-05-02 01:34:05 Member role add: 'Admin' role was added to @[YT]Chroma HD#5047
2018-05-02 01:34:09 Member role remove: The 'Youtuber' role was removed from @[YT]Chroma HD#5047
2018-05-02 01:34:52 Member ban: @vitorlindao#2185 (id 394316844095504397)
2018-05-02 01:34:52 Member leave: @vitorlindao#2185 (id 394316844095504397)
2018-05-02 01:35:11 Member role remove: The 'Admin' role was removed from @[YT]Chroma HD#5047
2018-05-02 01:35:14 Member role add: 'Sub-Mestre' role was added to @[YT]Chroma HD#5047
2018-05-02 01:35:18 Member role remove: The 'Sub-Mestre' role was removed from @[YT]Chroma HD#5047
2018-05-02 01:35:23 Member role add: 'Admin' role was added to @[YT]Chroma HD#5047
2018-05-02 12:48:10 Member role add: 'Chroma' role was added to @[YT]Chroma HD#5047
2018-05-02 21:11:46 Member role remove: The 'Moderador' role was removed from @Sasuke#9685
2018-05-02 21:11:48 Member role remove: The 'Youtuber' role was removed from @Sasuke#9685
2018-05-02 21:11:49 Member role remove: The 'Ajudante' role was removed from @Sasuke#9685
2018-05-02 23:12:49 Member role remove: The 'Sub-Mestre' role was removed from @Lipe Braga#1222
2018-05-02 23:12:54 Member role add: 'Membro' role was added to @Lipe Braga#1222
