2018-05-02 15:09:47 #🎉gw🎉 @GiveawayBot#2381: <:yay:294906617378504704>   **GIVEAWAY**   <:yay:294906617378504704>
2018-05-02 15:09:47 #🎉gw🎉 @GiveawayBot#2381 edited message from 2018-05-02 15:09:47 (<:yay:294906617378504704>   **GIVEAWAY**   <:yay:294906617378504704>) to read: <:yay:294906617378504704>   **GIVEAWAY**   <:yay:294906617378504704>
2018-05-02 15:09:48 #🎉gw🎉 @GiveawayBot#2381 edited message from 2018-05-02 15:09:47 (<:yay:294906617378504704>   **GIVEAWAY**   <:yay:294906617378504704>) to read: <:yay:294906617378504704>   **GIVEAWAY**   <:yay:294906617378504704>
2018-05-02 15:09:48 #🎉gw🎉 @GiveawayBot#2381 edited message from 2018-05-02 15:09:47 (<:yay:294906617378504704>   **GIVEAWAY**   <:yay:294906617378504704>) to read: <:yay:294906617378504704>   **GIVEAWAY**   <:yay:294906617378504704>
2018-05-02 15:09:55 #🎉gw🎉 @GiveawayBot#2381 edited message from 2018-05-02 15:09:47 (<:yay:294906617378504704>   **GIVEAWAY**   <:yay:294906617378504704>) to read: <:yay:294906617378504704>   **GIVEAWAY**   <:yay:294906617378504704>
2018-05-02 15:09:55 #🎉gw🎉 @GiveawayBot#2381 edited message from 2018-05-02 15:09:47 (<:yay:294906617378504704>   **GIVEAWAY**   <:yay:294906617378504704>) to read: <:yay:294906617378504704>   **GIVEAWAY**   <:yay:294906617378504704>
2018-05-02 15:09:58 #🎉gw🎉 @GiveawayBot#2381 edited message from 2018-05-02 15:09:47 (<:yay:294906617378504704>   **GIVEAWAY**   <:yay:294906617378504704>) to read: <:yay:294906617378504704>   **GIVEAWAY**   <:yay:294906617378504704>
2018-05-02 15:09:58 #🎉gw🎉 @GiveawayBot#2381 edited message from 2018-05-02 15:09:47 (<:yay:294906617378504704>   **GIVEAWAY**   <:yay:294906617378504704>) to read: <:yay:294906617378504704>   **GIVEAWAY**   <:yay:294906617378504704>
2018-05-02 15:10:03 #🎉gw🎉 @GiveawayBot#2381 edited message from 2018-05-02 15:09:47 (<:yay:294906617378504704>   **GIVEAWAY**   <:yay:294906617378504704>) to read: <:yay:294906617378504704>   **GIVEAWAY**   <:yay:294906617378504704>
2018-05-02 15:10:03 #🎉gw🎉 @GiveawayBot#2381 edited message from 2018-05-02 15:09:47 (<:yay:294906617378504704>   **GIVEAWAY**   <:yay:294906617378504704>) to read: <:yay:294906617378504704>   **GIVEAWAY**   <:yay:294906617378504704>
2018-05-02 15:10:08 #🎉gw🎉 @GiveawayBot#2381 edited message from 2018-05-02 15:09:47 (<:yay:294906617378504704>   **GIVEAWAY**   <:yay:294906617378504704>) to read: <:yay:294906617378504704>   **GIVEAWAY**   <:yay:294906617378504704>
2018-05-02 15:10:08 #🎉gw🎉 @GiveawayBot#2381 edited message from 2018-05-02 15:09:47 (<:yay:294906617378504704>   **GIVEAWAY**   <:yay:294906617378504704>) to read: <:yay:294906617378504704>   **GIVEAWAY**   <:yay:294906617378504704>
2018-05-02 15:10:12 #🎉gw🎉 @GiveawayBot#2381 edited message from 2018-05-02 15:09:47 (<:yay:294906617378504704>   **GIVEAWAY**   <:yay:294906617378504704>) to read: <:yay:294906617378504704> **G I V E A W A Y** <:yay:294906617378504704>
2018-05-02 15:10:12 #🎉gw🎉 @GiveawayBot#2381 edited message from 2018-05-02 15:09:47 (<:yay:294906617378504704> **G I V E A W A Y** <:yay:294906617378504704>) to read: <:yay:294906617378504704> **G I V E A W A Y** <:yay:294906617378504704>
2018-05-02 15:10:13 #🎉gw🎉 @GiveawayBot#2381 edited message from 2018-05-02 15:09:47 (<:yay:294906617378504704> **G I V E A W A Y** <:yay:294906617378504704>) to read: <:yay:294906617378504704> **G I V E A W A Y** <:yay:294906617378504704>
2018-05-02 15:10:13 #🎉gw🎉 @GiveawayBot#2381 edited message from 2018-05-02 15:09:47 (<:yay:294906617378504704> **G I V E A W A Y** <:yay:294906617378504704>) to read: <:yay:294906617378504704> **G I V E A W A Y** <:yay:294906617378504704>
2018-05-02 15:10:14 #🎉gw🎉 @GiveawayBot#2381 edited message from 2018-05-02 15:09:47 (<:yay:294906617378504704> **G I V E A W A Y** <:yay:294906617378504704>) to read: <:yay:294906617378504704> **G I V E A W A Y** <:yay:294906617378504704>
2018-05-02 15:10:14 #🎉gw🎉 @GiveawayBot#2381 edited message from 2018-05-02 15:09:47 (<:yay:294906617378504704> **G I V E A W A Y** <:yay:294906617378504704>) to read: <:yay:294906617378504704> **G I V E A W A Y** <:yay:294906617378504704>
2018-05-02 15:10:15 #🎉gw🎉 @GiveawayBot#2381 edited message from 2018-05-02 15:09:47 (<:yay:294906617378504704> **G I V E A W A Y** <:yay:294906617378504704>) to read: <:yay:294906617378504704> **G I V E A W A Y** <:yay:294906617378504704>
2018-05-02 15:10:15 #🎉gw🎉 @GiveawayBot#2381 edited message from 2018-05-02 15:09:47 (<:yay:294906617378504704> **G I V E A W A Y** <:yay:294906617378504704>) to read: <:yay:294906617378504704> **G I V E A W A Y** <:yay:294906617378504704>
2018-05-02 15:10:16 #🎉gw🎉 @GiveawayBot#2381 edited message from 2018-05-02 15:09:47 (<:yay:294906617378504704> **G I V E A W A Y** <:yay:294906617378504704>) to read: <:yay:294906617378504704> **GIVEAWAY ENDED** <:yay:294906617378504704>
2018-05-02 15:10:16 #🎉gw🎉 @GiveawayBot#2381: A winner could not be determined!
2018-05-02 15:10:16 #🎉gw🎉 @GiveawayBot#2381 edited message from 2018-05-02 15:09:47 (<:yay:294906617378504704> **GIVEAWAY ENDED** <:yay:294906617378504704>) to read: <:yay:294906617378504704> **GIVEAWAY ENDED** <:yay:294906617378504704>
2018-05-02 15:13:02 #🎉gw🎉 @GiveawayBot#2381: <:yay:294906617378504704>   **GIVEAWAY**   <:yay:294906617378504704>
2018-05-02 15:13:02 #🎉gw🎉 @GiveawayBot#2381 edited message from 2018-05-02 15:13:02 (<:yay:294906617378504704>   **GIVEAWAY**   <:yay:294906617378504704>) to read: <:yay:294906617378504704>   **GIVEAWAY**   <:yay:294906617378504704>
2018-05-02 15:13:15 #🎉gw🎉 @GiveawayBot#2381 deleted message from 2018-05-02 15:09:47 (<:yay:294906617378504704> **GIVEAWAY ENDED** <:yay:294906617378504704>)
2018-05-02 15:13:19 #🎉gw🎉 @GiveawayBot#2381 deleted message from 2018-05-02 15:10:16 (A winner could not be determined!)
2018-05-02 15:17:25 #🎉gw🎉 @GiveawayBot#2381 edited message from 2018-05-02 15:13:02 (<:yay:294906617378504704>   **GIVEAWAY**   <:yay:294906617378504704>) to read: <:yay:294906617378504704>   **GIVEAWAY**   <:yay:294906617378504704>
2018-05-02 15:17:25 #🎉gw🎉 @GiveawayBot#2381 edited message from 2018-05-02 15:13:02 (<:yay:294906617378504704>   **GIVEAWAY**   <:yay:294906617378504704>) to read: <:yay:294906617378504704>   **GIVEAWAY**   <:yay:294906617378504704>
2018-05-02 15:22:59 #🎉gw🎉 @GiveawayBot#2381 edited message from 2018-05-02 15:13:02 (<:yay:294906617378504704>   **GIVEAWAY**   <:yay:294906617378504704>) to read: <:yay:294906617378504704>   **GIVEAWAY**   <:yay:294906617378504704>
2018-05-02 15:22:59 #🎉gw🎉 @GiveawayBot#2381 edited message from 2018-05-02 15:13:02 (<:yay:294906617378504704>   **GIVEAWAY**   <:yay:294906617378504704>) to read: <:yay:294906617378504704>   **GIVEAWAY**   <:yay:294906617378504704>
2018-05-02 15:28:18 #🎉gw🎉 @GiveawayBot#2381 edited message from 2018-05-02 15:13:02 (<:yay:294906617378504704>   **GIVEAWAY**   <:yay:294906617378504704>) to read: <:yay:294906617378504704>   **GIVEAWAY**   <:yay:294906617378504704>
2018-05-02 15:28:18 #🎉gw🎉 @GiveawayBot#2381 edited message from 2018-05-02 15:13:02 (<:yay:294906617378504704>   **GIVEAWAY**   <:yay:294906617378504704>) to read: <:yay:294906617378504704>   **GIVEAWAY**   <:yay:294906617378504704>
2018-05-02 15:34:07 #🎉gw🎉 @GiveawayBot#2381 edited message from 2018-05-02 15:13:02 (<:yay:294906617378504704>   **GIVEAWAY**   <:yay:294906617378504704>) to read: <:yay:294906617378504704>   **GIVEAWAY**   <:yay:294906617378504704>
2018-05-02 15:34:07 #🎉gw🎉 @GiveawayBot#2381 edited message from 2018-05-02 15:13:02 (<:yay:294906617378504704>   **GIVEAWAY**   <:yay:294906617378504704>) to read: <:yay:294906617378504704>   **GIVEAWAY**   <:yay:294906617378504704>
2018-05-02 15:39:10 #🎉gw🎉 @GiveawayBot#2381 edited message from 2018-05-02 15:13:02 (<:yay:294906617378504704>   **GIVEAWAY**   <:yay:294906617378504704>) to read: <:yay:294906617378504704>   **GIVEAWAY**   <:yay:294906617378504704>
2018-05-02 15:39:10 #🎉gw🎉 @GiveawayBot#2381 edited message from 2018-05-02 15:13:02 (<:yay:294906617378504704>   **GIVEAWAY**   <:yay:294906617378504704>) to read: <:yay:294906617378504704>   **GIVEAWAY**   <:yay:294906617378504704>
2018-05-02 15:44:53 #🎉gw🎉 @GiveawayBot#2381 edited message from 2018-05-02 15:13:02 (<:yay:294906617378504704>   **GIVEAWAY**   <:yay:294906617378504704>) to read: <:yay:294906617378504704>   **GIVEAWAY**   <:yay:294906617378504704>
2018-05-02 15:44:53 #🎉gw🎉 @GiveawayBot#2381 edited message from 2018-05-02 15:13:02 (<:yay:294906617378504704>   **GIVEAWAY**   <:yay:294906617378504704>) to read: <:yay:294906617378504704>   **GIVEAWAY**   <:yay:294906617378504704>
2018-05-02 15:50:45 #🎉gw🎉 @GiveawayBot#2381 edited message from 2018-05-02 15:13:02 (<:yay:294906617378504704>   **GIVEAWAY**   <:yay:294906617378504704>) to read: <:yay:294906617378504704>   **GIVEAWAY**   <:yay:294906617378504704>
2018-05-02 15:50:45 #🎉gw🎉 @GiveawayBot#2381 edited message from 2018-05-02 15:13:02 (<:yay:294906617378504704>   **GIVEAWAY**   <:yay:294906617378504704>) to read: <:yay:294906617378504704>   **GIVEAWAY**   <:yay:294906617378504704>
2018-05-02 15:56:29 #🎉gw🎉 @GiveawayBot#2381 edited message from 2018-05-02 15:13:02 (<:yay:294906617378504704>   **GIVEAWAY**   <:yay:294906617378504704>) to read: <:yay:294906617378504704>   **GIVEAWAY**   <:yay:294906617378504704>
2018-05-02 15:56:29 #🎉gw🎉 @GiveawayBot#2381 edited message from 2018-05-02 15:13:02 (<:yay:294906617378504704>   **GIVEAWAY**   <:yay:294906617378504704>) to read: <:yay:294906617378504704>   **GIVEAWAY**   <:yay:294906617378504704>
2018-05-02 16:02:08 #🎉gw🎉 @GiveawayBot#2381 edited message from 2018-05-02 15:13:02 (<:yay:294906617378504704>   **GIVEAWAY**   <:yay:294906617378504704>) to read: <:yay:294906617378504704>   **GIVEAWAY**   <:yay:294906617378504704>
2018-05-02 16:02:08 #🎉gw🎉 @GiveawayBot#2381 edited message from 2018-05-02 15:13:02 (<:yay:294906617378504704>   **GIVEAWAY**   <:yay:294906617378504704>) to read: <:yay:294906617378504704>   **GIVEAWAY**   <:yay:294906617378504704>
2018-05-02 16:07:42 #🎉gw🎉 @GiveawayBot#2381 edited message from 2018-05-02 15:13:02 (<:yay:294906617378504704>   **GIVEAWAY**   <:yay:294906617378504704>) to read: <:yay:294906617378504704>   **GIVEAWAY**   <:yay:294906617378504704>
2018-05-02 16:07:42 #🎉gw🎉 @GiveawayBot#2381 edited message from 2018-05-02 15:13:02 (<:yay:294906617378504704>   **GIVEAWAY**   <:yay:294906617378504704>) to read: <:yay:294906617378504704>   **GIVEAWAY**   <:yay:294906617378504704>
2018-05-02 16:13:27 #🎉gw🎉 @GiveawayBot#2381 edited message from 2018-05-02 15:13:02 (<:yay:294906617378504704>   **GIVEAWAY**   <:yay:294906617378504704>) to read: <:yay:294906617378504704>   **GIVEAWAY**   <:yay:294906617378504704>
2018-05-02 16:13:27 #🎉gw🎉 @GiveawayBot#2381 edited message from 2018-05-02 15:13:02 (<:yay:294906617378504704>   **GIVEAWAY**   <:yay:294906617378504704>) to read: <:yay:294906617378504704>   **GIVEAWAY**   <:yay:294906617378504704>
2018-05-02 16:18:12 #🎉gw🎉 @GiveawayBot#2381 edited message from 2018-05-02 15:13:02 (<:yay:294906617378504704>   **GIVEAWAY**   <:yay:294906617378504704>) to read: <:yay:294906617378504704>   **GIVEAWAY**   <:yay:294906617378504704>
2018-05-02 16:18:12 #🎉gw🎉 @GiveawayBot#2381 edited message from 2018-05-02 15:13:02 (<:yay:294906617378504704>   **GIVEAWAY**   <:yay:294906617378504704>) to read: <:yay:294906617378504704>   **GIVEAWAY**   <:yay:294906617378504704>
2018-05-02 16:24:03 #🎉gw🎉 @GiveawayBot#2381 edited message from 2018-05-02 15:13:02 (<:yay:294906617378504704>   **GIVEAWAY**   <:yay:294906617378504704>) to read: <:yay:294906617378504704>   **GIVEAWAY**   <:yay:294906617378504704>
2018-05-02 16:24:03 #🎉gw🎉 @GiveawayBot#2381 edited message from 2018-05-02 15:13:02 (<:yay:294906617378504704>   **GIVEAWAY**   <:yay:294906617378504704>) to read: <:yay:294906617378504704>   **GIVEAWAY**   <:yay:294906617378504704>
2018-05-02 16:30:05 #🎉gw🎉 @GiveawayBot#2381 edited message from 2018-05-02 15:13:02 (<:yay:294906617378504704>   **GIVEAWAY**   <:yay:294906617378504704>) to read: <:yay:294906617378504704>   **GIVEAWAY**   <:yay:294906617378504704>
2018-05-02 16:30:05 #🎉gw🎉 @GiveawayBot#2381 edited message from 2018-05-02 15:13:02 (<:yay:294906617378504704>   **GIVEAWAY**   <:yay:294906617378504704>) to read: <:yay:294906617378504704>   **GIVEAWAY**   <:yay:294906617378504704>
2018-05-02 16:35:19 #🎉gw🎉 @GiveawayBot#2381 edited message from 2018-05-02 15:13:02 (<:yay:294906617378504704>   **GIVEAWAY**   <:yay:294906617378504704>) to read: <:yay:294906617378504704>   **GIVEAWAY**   <:yay:294906617378504704>
2018-05-02 16:35:19 #🎉gw🎉 @GiveawayBot#2381 edited message from 2018-05-02 15:13:02 (<:yay:294906617378504704>   **GIVEAWAY**   <:yay:294906617378504704>) to read: <:yay:294906617378504704>   **GIVEAWAY**   <:yay:294906617378504704>
2018-05-02 16:41:22 #🎉gw🎉 @GiveawayBot#2381 edited message from 2018-05-02 15:13:02 (<:yay:294906617378504704>   **GIVEAWAY**   <:yay:294906617378504704>) to read: <:yay:294906617378504704>   **GIVEAWAY**   <:yay:294906617378504704>
2018-05-02 16:41:22 #🎉gw🎉 @GiveawayBot#2381 edited message from 2018-05-02 15:13:02 (<:yay:294906617378504704>   **GIVEAWAY**   <:yay:294906617378504704>) to read: <:yay:294906617378504704>   **GIVEAWAY**   <:yay:294906617378504704>
2018-05-02 16:46:39 #🎉gw🎉 @GiveawayBot#2381 edited message from 2018-05-02 15:13:02 (<:yay:294906617378504704>   **GIVEAWAY**   <:yay:294906617378504704>) to read: <:yay:294906617378504704>   **GIVEAWAY**   <:yay:294906617378504704>
2018-05-02 16:46:39 #🎉gw🎉 @GiveawayBot#2381 edited message from 2018-05-02 15:13:02 (<:yay:294906617378504704>   **GIVEAWAY**   <:yay:294906617378504704>) to read: <:yay:294906617378504704>   **GIVEAWAY**   <:yay:294906617378504704>
2018-05-02 16:52:17 #🎉gw🎉 @GiveawayBot#2381 edited message from 2018-05-02 15:13:02 (<:yay:294906617378504704>   **GIVEAWAY**   <:yay:294906617378504704>) to read: <:yay:294906617378504704>   **GIVEAWAY**   <:yay:294906617378504704>
2018-05-02 16:52:17 #🎉gw🎉 @GiveawayBot#2381 edited message from 2018-05-02 15:13:02 (<:yay:294906617378504704>   **GIVEAWAY**   <:yay:294906617378504704>) to read: <:yay:294906617378504704>   **GIVEAWAY**   <:yay:294906617378504704>
2018-05-02 16:57:41 #🎉gw🎉 @GiveawayBot#2381 edited message from 2018-05-02 15:13:02 (<:yay:294906617378504704>   **GIVEAWAY**   <:yay:294906617378504704>) to read: <:yay:294906617378504704>   **GIVEAWAY**   <:yay:294906617378504704>
2018-05-02 16:57:41 #🎉gw🎉 @GiveawayBot#2381 edited message from 2018-05-02 15:13:02 (<:yay:294906617378504704>   **GIVEAWAY**   <:yay:294906617378504704>) to read: <:yay:294906617378504704>   **GIVEAWAY**   <:yay:294906617378504704>
2018-05-02 17:04:07 #🎉gw🎉 @GiveawayBot#2381 edited message from 2018-05-02 15:13:02 (<:yay:294906617378504704>   **GIVEAWAY**   <:yay:294906617378504704>) to read: <:yay:294906617378504704>   **GIVEAWAY**   <:yay:294906617378504704>
2018-05-02 17:04:07 #🎉gw🎉 @GiveawayBot#2381 edited message from 2018-05-02 15:13:02 (<:yay:294906617378504704>   **GIVEAWAY**   <:yay:294906617378504704>) to read: <:yay:294906617378504704>   **GIVEAWAY**   <:yay:294906617378504704>
2018-05-02 17:09:23 #🎉gw🎉 @GiveawayBot#2381 edited message from 2018-05-02 15:13:02 (<:yay:294906617378504704>   **GIVEAWAY**   <:yay:294906617378504704>) to read: <:yay:294906617378504704>   **GIVEAWAY**   <:yay:294906617378504704>
2018-05-02 17:09:23 #🎉gw🎉 @GiveawayBot#2381 edited message from 2018-05-02 15:13:02 (<:yay:294906617378504704>   **GIVEAWAY**   <:yay:294906617378504704>) to read: <:yay:294906617378504704>   **GIVEAWAY**   <:yay:294906617378504704>
