2018-04-22 01:36:18 #▬  Vip Room Voice channel join: Rythm#3722 (id 235088799074484224), moved from ▬   Squad II, flags: mute
2018-04-22 01:36:40 #▬  Vip Room Voice channel join: 🖖🏾sT Træ Srēmmūrd💪🏾#3256 (id 418265386002415626), moved from ▬   Squad II
2018-04-22 01:36:45 #▬  Vip Room Voice channel leave: 🖖🏾sT Træ Srēmmūrd💪🏾#3256 (id 418265386002415626) moving to ▬   Squad II
2018-04-22 01:36:49 #▬  Vip Room Voice channel leave: Rythm#3722 (id 235088799074484224) moving to ▬   Squad II
2018-04-22 02:46:48 #▬  Vip Room Voice channel join: 🖖🏾sT Træ Srēmmūrd💪🏾#3256 (id 418265386002415626), moved from ▬   Squad III
2018-04-22 02:47:03 #▬  Vip Room Voice channel leave: 🖖🏾sT Træ Srēmmūrd💪🏾#3256 (id 418265386002415626) moving to ▬   Squad III
2018-04-23 00:24:07 #▬  Vip Room Voice channel join: Kris22#3324 (id 256821730931113986)
2018-04-23 00:24:13 #▬  Vip Room Voice channel join: Rythm#3722 (id 235088799074484224), flags: mute
2018-04-23 00:24:25 #▬  Vip Room Voice channel join: Synapse#0692 (id 435538622293344266)
2018-04-23 00:24:41 #▬  Vip Room Server unmute: Rythm#3722 (id 235088799074484224)
2018-04-23 00:24:42 #▬  Vip Room Server mute: Rythm#3722 (id 235088799074484224)
2018-04-23 00:25:29 #▬  Vip Room Voice channel leave: Synapse#0692 (id 435538622293344266) moving to ▬   Pub Match
2018-04-23 00:25:33 #▬  Vip Room Server unmute: Rythm#3722 (id 235088799074484224)
2018-04-23 00:27:11 #▬  Vip Room Voice channel leave: Kris22#3324 (id 256821730931113986)
2018-04-23 00:36:37 #▬  Vip Room Voice channel join: Cooldude#9116 (id 161613485187399680), moved from ▬  Music 1
2018-04-23 00:36:45 #▬  Vip Room Voice channel join: Kris22#3324 (id 256821730931113986)
2018-04-23 00:37:13 #▬  Vip Room Voice channel join: Synapse#0692 (id 435538622293344266)
2018-04-23 00:46:58 #▬  Vip Room Voice channel leave: Rythm#3722 (id 235088799074484224)
2018-04-23 01:00:28 #▬  Vip Room Voice channel leave: Cooldude#9116 (id 161613485187399680)
2018-04-23 01:00:29 #▬  Vip Room Voice channel leave: Kris22#3324 (id 256821730931113986)
2018-04-23 01:05:35 #▬  Vip Room Voice channel leave: Synapse#0692 (id 435538622293344266)
2018-04-23 03:45:22 #▬  Vip Room Voice channel join: Kris22#3324 (id 256821730931113986)
2018-04-23 03:45:25 #▬  Vip Room Voice channel join: XenOn#3555 (id 276841268439678998)
2018-04-23 03:45:30 #▬  Vip Room Voice channel join: Rythm#3722 (id 235088799074484224)
2018-04-23 03:45:50 #▬  Vip Room Voice channel join: Synapse#0692 (id 435538622293344266)
2018-04-23 03:46:39 #▬  Vip Room Voice channel leave: Synapse#0692 (id 435538622293344266) moving to ▬   Duo II
2018-04-23 03:50:01 #▬  Vip Room Server self-mute: XenOn#3555 (id 276841268439678998)
2018-04-23 03:52:27 #▬  Vip Room Voice channel leave: Kris22#3324 (id 256821730931113986)
2018-04-23 03:53:14 #▬  Vip Room Voice channel leave: XenOn#3555 (id 276841268439678998)
2018-04-23 03:56:58 #▬  Vip Room Voice channel leave: Rythm#3722 (id 235088799074484224)
2018-04-25 23:35:53 #▬  Vip Room Voice channel join: Kris22#3324 (id 256821730931113986)
2018-04-25 23:35:58 #▬  Vip Room Voice channel join: XenOn#3555 (id 276841268439678998)
2018-04-26 00:42:10 #▬  Vip Room Voice channel leave: Kris22#3324 (id 256821730931113986)
2018-04-26 00:42:23 #▬  Vip Room Voice channel join: Kris22#3324 (id 256821730931113986)
2018-04-26 00:42:26 #▬  Vip Room Voice channel leave: Kris22#3324 (id 256821730931113986)
2018-04-26 00:42:32 #▬  Vip Room Voice channel join: Kris22#3324 (id 256821730931113986)
2018-04-26 01:01:49 #▬  Vip Room Voice channel leave: XenOn#3555 (id 276841268439678998) moving to ▬   Squad II
2018-04-26 01:01:53 #▬  Vip Room Voice channel leave: Kris22#3324 (id 256821730931113986) moving to ▬   Squad II
2018-04-27 02:16:57 #▬  Vip Room Voice channel join: Kris22#3324 (id 256821730931113986)
2018-04-27 02:26:33 #▬  Vip Room Voice channel join: XenOn#3555 (id 276841268439678998)
2018-04-27 02:28:43 #▬  Vip Room Voice channel leave: XenOn#3555 (id 276841268439678998)
2018-04-27 02:33:24 #▬  Vip Room Voice channel join: XenOn#3555 (id 276841268439678998)
2018-04-27 02:43:15 #▬  Vip Room Voice channel leave: XenOn#3555 (id 276841268439678998)
2018-04-27 02:43:18 #▬  Vip Room Voice channel join: XenOn#3555 (id 276841268439678998)
2018-04-27 02:47:12 #▬  Vip Room Voice channel leave: XenOn#3555 (id 276841268439678998)
2018-04-27 03:11:27 #▬  Vip Room Voice channel join: XenOn#3555 (id 276841268439678998)
2018-04-27 03:12:01 #▬  Vip Room Voice channel leave: XenOn#3555 (id 276841268439678998)
2018-04-27 04:00:42 #▬  Vip Room Voice channel join: XenOn#3555 (id 276841268439678998)
2018-04-27 04:00:42 #▬  Vip Room Server self-mute: XenOn#3555 (id 276841268439678998)
2018-04-27 04:00:46 #▬  Vip Room Server self-unmute: XenOn#3555 (id 276841268439678998)
2018-04-27 04:01:43 #▬  Vip Room Voice channel leave: XenOn#3555 (id 276841268439678998)
2018-04-27 09:59:20 #▬  Vip Room Voice channel leave: Kris22#3324 (id 256821730931113986)
