2018-04-25 13:23:21 #bots @Bandana Man#1806: .help
2018-04-25 13:23:21 #bots @UB3R-B0T#3802: info: https://ub3r-b0t.com | invite: <https://ub3r-b0t.com/invite> | commands: https://ub3r-b0t.com/commands | admin: https://ub3r-b0t.com/admin | patreon: <https://www.patreon.com/ub3rb0t> | For command specific help, `.help commandname`
2018-04-25 13:23:31 #bots @Bandana Man#1806: !help
2018-04-25 13:23:31 #bots @Rythm#3722: ✅ **Check <https://rythmbot.co/features#list> for a list of commands**
2018-04-25 13:23:31 #bots @MEE6#4876: 
2018-04-25 13:23:33 #bots @Synapse#0692: Check your DM, @Younes Van den Borre! I have sent something for you :wink:
2018-04-25 13:23:37 #bots @MEE6#4876 edited message from 2018-04-25 13:23:31 () to read: 
2018-04-25 13:24:46 #bots @Bandana Man#1806: Rol
2018-04-25 13:25:07 #bots @Bandana Man#1806: .8ball is quinten gay
2018-04-25 13:25:07 #bots @UB3R-B0T#3802: AFFIRMATIVE.
2018-04-25 13:25:07 #bots @Synapse#0692: 
2018-04-25 13:25:07 #bots @Synapse#0692 edited message from 2018-04-25 13:25:07 () to read: 
2018-04-25 13:25:56 #bots @Bandana Man#1806: .8ball is my anus an opening to antoher realm
2018-04-25 13:25:56 #bots @UB3R-B0T#3802: Yes...but only for the next FIVE MINUTES
2018-04-25 13:25:56 #bots @Synapse#0692: 
2018-04-25 13:25:56 #bots @Synapse#0692 edited message from 2018-04-25 13:25:56 () to read: 
2018-04-25 13:27:40 #bots @QuintenVeelhaver#9068: .8ball are you a human?
2018-04-25 13:27:40 #bots @UB3R-B0T#3802: Definitely.
2018-04-25 13:27:40 #bots @Synapse#0692: 
2018-04-25 13:27:40 #bots @Synapse#0692 edited message from 2018-04-25 13:27:40 () to read: 
2018-04-25 13:27:43 #bots @Bandana Man#1806: .8ball is louis duits
2018-04-25 13:27:43 #bots @UB3R-B0T#3802: What do I look like, a SMART bot?!
2018-04-25 13:27:43 #bots @Synapse#0692: 
2018-04-25 13:27:43 #bots @Synapse#0692 edited message from 2018-04-25 13:27:43 () to read: 
2018-04-25 13:28:02 #bots @Synapse#0692 deleted message from 2018-04-25 13:27:43 ()
2018-04-25 13:28:09 #bots @Bandana Man#1806: .8ball is anime gay
2018-04-25 13:28:09 #bots @UB3R-B0T#3802: If it is satisfactory to all parties involved...then aw hell yeah 8]
2018-04-25 13:28:09 #bots @Synapse#0692: 
2018-04-25 13:28:09 #bots @Synapse#0692 edited message from 2018-04-25 13:28:09 () to read: 
