2018-04-24 20:48:50 #muzyka @alan#1904: https://www.youtube.com/watch?v=6aBg9bqwBjU
2018-04-24 20:48:51 #muzyka @alan#1904 edited message from 2018-04-24 20:48:50 (https://www.youtube.com/watch?v=6aBg9bqwBjU) to read: https://www.youtube.com/watch?v=6aBg9bqwBjU
2018-04-24 20:49:06 #muzyka @PiPa#5909: ;;play https://www.youtube.com/watch?v=6aBg9bqwBjU
2018-04-24 20:49:07 #muzyka @FredBoat♪♪#7284: **Usypiający dźwięk suszarki do włosów - szum suszarki -4h** has been added to the queue.
2018-04-24 20:49:35 #muzyka @alan#1904: ;;stop
2018-04-24 20:49:36 #muzyka @FredBoat♪♪#7284: The queue has been emptied, `1` track has been removed.
2018-04-24 20:50:28 #muzyka @alan#1904: ;;play  https://www.youtube.com/watch?v=toHZf3Y9Uls
2018-04-24 20:50:28 #muzyka @alan#1904 edited message from 2018-04-24 20:50:28 (;;play  https://www.youtube.com/watch?v=toHZf3Y9Uls) to read: ;;play  https://www.youtube.com/watch?v=toHZf3Y9Uls
2018-04-24 20:50:32 #muzyka @FredBoat♪♪#7284: **Dźwięk odkurzacza - godzinna wersja! (Vacuum Cleaner Sound)** will now play.
2018-04-24 20:54:16 #muzyka @PiPa#5909: ;;play https://www.youtube.com/watch?v=6aBg9bqwBjU
2018-04-24 20:54:17 #muzyka @FredBoat♪♪#7284: **Usypiający dźwięk suszarki do włosów - szum suszarki -4h** has been added to the queue.
2018-04-24 20:54:27 #muzyka @PiPa#5909: *play https://www.youtube.com/watch?v=6aBg9bqwBjU
2018-04-24 20:54:36 #muzyka @PiPa#5909: ;;skip
2018-04-24 20:54:36 #muzyka @FredBoat♪♪#7284: Skipped track #1: **Dźwięk odkurzacza - godzinna wersja! (Vacuum Cleaner Sound)**
2018-04-24 20:54:40 #muzyka @PiPa#5909: ;;skip
2018-04-24 20:54:40 #muzyka @FredBoat♪♪#7284: Skipped track #1: **Usypiający dźwięk suszarki do włosów - szum suszarki -4h**
2018-04-24 20:54:44 #muzyka @PiPa#5909: ;;skip
2018-04-24 20:54:44 #muzyka @FredBoat♪♪#7284: The queue is empty!
2018-04-24 20:54:47 #muzyka @PiPa#5909: ;;stop
2018-04-24 20:54:47 #muzyka @FredBoat♪♪#7284: The queue was already empty.
2018-04-24 20:54:52 #muzyka @PiPa#5909: ;;play https://www.youtube.com/watch?v=6aBg9bqwBjU
2018-04-24 20:54:52 #muzyka @FredBoat♪♪#7284: **Usypiający dźwięk suszarki do włosów - szum suszarki -4h** will now play.
2018-04-24 20:55:02 #muzyka @PiPa#5909: stop
2018-04-24 20:55:06 #muzyka @PiPa#5909: ;;stop
2018-04-24 20:55:06 #muzyka @FredBoat♪♪#7284: The queue has been emptied, `1` track has been removed.
2018-04-24 20:55:10 #muzyka @PiPa#5909: ;;play https://www.youtube.com/watch?v=6aBg9bqwBjU
2018-04-24 20:55:11 #muzyka @FredBoat♪♪#7284: **Usypiający dźwięk suszarki do włosów - szum suszarki -4h** will now play.
2018-04-24 20:55:48 #muzyka @FredBoat♪♪#7284: All users have left the voice channel. The player has been paused.
2018-04-24 20:59:35 #muzyka @PiPa#5909: p!play https://www.youtube.com/watch?v=6aBg9bqwBjU
2018-04-24 20:59:35 #muzyka @PenguBot#9722: ⏯ | **Now Playing:** Usypiający dźwięk suszarki do włosów - szum suszarki -4h (03:56:00) by sad asdsad - (<https://www.youtube.com/watch?v=6aBg9bqwBjU>) | Requested by PiPa#5909
2018-04-25 21:11:14 #muzyka @PiPa#5909: ;;play https://www.youtube.com/watch?v=EFjCCkRGp3g&list=RDEFjCCkRGp3g&t=1
2018-04-25 21:11:14 #muzyka @PiPa#5909 edited message from 2018-04-25 21:11:14 (;;play https://www.youtube.com/watch?v=EFjCCkRGp3g&list=RDEFjCCkRGp3g&t=1) to read: ;;play https://www.youtube.com/watch?v=EFjCCkRGp3g&list=RDEFjCCkRGp3g&t=1
2018-04-25 21:12:05 #muzyka @FredBoat♪♪#7284: Found and added `26` songs from playlist **YouTube mix**.
2018-04-25 22:02:04 #muzyka @FredBoat♪♪#7284: All users have left the voice channel. The player has been paused.
2018-04-27 21:34:00 #muzyka @PiPa#5909: !play  https://www.youtube.com/watch?v=EFjCCkRGp3g&list=RDEFjCCkRGp3g&t=1
2018-04-27 21:34:01 #muzyka @PiPa#5909 edited message from 2018-04-27 21:34:00 (!play  https://www.youtube.com/watch?v=EFjCCkRGp3g&list=RDEFjCCkRGp3g&t=1) to read: !play  https://www.youtube.com/watch?v=EFjCCkRGp3g&list=RDEFjCCkRGp3g&t=1
2018-04-27 21:53:20 #muzyka @PiPa#5909: ;;play https://www.youtube.com/watch?v=2mztrtfFFos&list=RDEMHuzZgq3MmZj6KoUEWODpQg&start_radio=1
2018-04-27 21:53:22 #muzyka @PiPa#5909 edited message from 2018-04-27 21:53:20 (;;play https://www.youtube.com/watch?v=2mztrtfFFos&list=RDEMHuzZgq3MmZj6KoUEWODpQg&start_radio=1) to read: ;;play https://www.youtube.com/watch?v=2mztrtfFFos&list=RDEMHuzZgq3MmZj6KoUEWODpQg&start_radio=1
2018-04-27 22:20:05 #muzyka @FredBoat♪♪#7284: Found and added `26` songs from playlist **YouTube mix**.
2018-04-27 22:40:15 #muzyka @FredBoat♪♪#7284: All users have left the voice channel. The player has been paused.
2018-05-01 20:34:39 #muzyka @PiPa#5909: ;;play https://www.youtube.com/watch?v=xTgpcJ039sU
2018-05-01 20:34:40 #muzyka @PiPa#5909 deleted message from 2018-05-01 20:34:39 (;;play https://www.youtube.com/watch?v=xTgpcJ039sU)
2018-05-01 20:34:40 #muzyka @FredBoat♪♪#7284: **Malik Montana - Powiedz Co (prod.Worek)** will now play.
2018-05-01 20:36:04 #muzyka @PiPa#5909: ;;skip
2018-05-01 20:36:04 #muzyka @FredBoat♪♪#7284: Skipped track #1: **Malik Montana - Powiedz Co (prod.Worek)**
2018-05-01 20:36:06 #muzyka @PiPa#5909: ;;skip
2018-05-01 20:36:08 #muzyka @FredBoat♪♪#7284: The queue is empty!
2018-05-01 20:36:10 #muzyka @PiPa#5909: ;;stop
2018-05-01 20:36:10 #muzyka @FredBoat♪♪#7284: The queue was already empty.
2018-05-01 20:36:14 #muzyka @PiPa#5909: ;;play https://www.youtube.com/watch?v=xTgpcJ039sU
2018-05-01 20:36:14 #muzyka @PiPa#5909 deleted message from 2018-05-01 20:36:14 (;;play https://www.youtube.com/watch?v=xTgpcJ039sU)
2018-05-01 20:36:14 #muzyka @FredBoat♪♪#7284: **Malik Montana - Powiedz Co (prod.Worek)** will now play.
2018-05-01 20:43:41 #muzyka @PiPa#5909: ;;play https://www.youtube.com/watch?v=8nzQnvbAYt8
2018-05-01 20:43:47 #muzyka @PiPa#5909 deleted message from 2018-05-01 20:43:41 (;;play https://www.youtube.com/watch?v=8nzQnvbAYt8)
2018-05-01 20:43:42 #muzyka @FredBoat♪♪#7284: **Malik Montana - Who you mam (prod.PSR)** will now play.
2018-05-01 21:33:01 #muzyka @PiPa#5909: ;;play https://www.youtube.com/watch?v=hGbPZEvq4Xw
2018-05-01 21:33:01 #muzyka @PiPa#5909 deleted message from 2018-05-01 21:33:01 (;;play https://www.youtube.com/watch?v=hGbPZEvq4Xw)
2018-05-01 21:33:02 #muzyka @FredBoat♪♪#7284: **Malik Montana - Mieli (prod.OLEK&GeezyBeatz)** will now play.
2018-05-01 22:48:03 #muzyka @PiPa#5909:  (attachment url(s): https://cdn.discordapp.com/attachments/410478088485601290/441007927684235265/Bez_tytuu.png)
2018-05-02 18:03:27 #muzyka @PiPa#5909:  (attachment url(s): https://cdn.discordapp.com/attachments/410478088485601290/441298694374162432/Bez_tytuu.png)
2018-05-02 18:15:47 #muzyka @PiPa#5909: ;;play https://www.youtube.com/watch?v=vNFGmesJJEY
2018-05-02 18:15:48 #muzyka @PiPa#5909 edited message from 2018-05-02 18:15:47 (;;play https://www.youtube.com/watch?v=vNFGmesJJEY) to read: ;;play https://www.youtube.com/watch?v=vNFGmesJJEY
2018-05-02 18:15:49 #muzyka @PiPa#5909 deleted message from 2018-05-02 18:15:47 (;;play https://www.youtube.com/watch?v=vNFGmesJJEY)
2018-05-02 18:15:49 #muzyka @FredBoat♪♪#7284: **Paris Platynov - Aligator (Music Video)** will now play.
2018-05-02 18:43:12 #muzyka @PiPa#5909:  (attachment url(s): https://cdn.discordapp.com/attachments/410478088485601290/441308694106603550/Bez_tytuu.png)
2018-05-02 21:45:48 #muzyka @PiPa#5909: ;;play Paris Platynov - Aligator (Music Video)
2018-05-02 21:45:48 #muzyka @FredBoat♪♪#7284: Searching YouTube for `Paris Platynov  Aligator Music Video`...
2018-05-02 21:45:49 #muzyka @FredBoat♪♪#7284 edited message from 2018-05-02 21:45:48 (Searching YouTube for `Paris Platynov  Aligator Music Video`...) to read: **Please select a track with the `;;play 1-5` command:**\n**1:** Paris Platynov - Aligator (Music Video) (02:24)\n**2:** paris platynov - aligator\_lacost\_freestyle\_01 (02:24)\n**3:** paris platynov - aligator lacost freestyle 01! REACTION!!! (05:15)
2018-05-02 21:45:58 #muzyka @PiPa#5909: ;;play 1
2018-05-02 21:45:59 #muzyka @FredBoat♪♪#7284 edited message from 2018-05-02 21:45:48 (**Please select a track with the `;;play 1-5` command:**\n**1:** Paris Platynov - Aligator (Music Video) (02:24)\n**2:** paris platynov - aligator\_lacost\_freestyle\_01 (02:24)\n**3:** paris platynov - aligator lacost freestyle 01! REACTION!!! (05:15)) to read: Song **#1** has been selected: **Paris Platynov - Aligator (Music Video)** (02:24)
2018-05-02 21:45:59 #muzyka @PiPa#5909 deleted message from 2018-05-02 21:45:58 (;;play 1)
2018-05-02 21:45:59 #muzyka @PiPa#5909:  (attachment url(s): https://cdn.discordapp.com/attachments/410478088485601290/441354696024653864/Bez_tytuu.png)
2018-05-02 22:46:58 #muzyka @FredBoat♪♪#7284: All users have left the voice channel. The player has been paused.
