2018-04-24 04:15:20 this bot joined the server
2018-04-24 04:15:20 Role created: 'Synapse' (id 438191186553864192)
2018-04-24 04:15:20 Member role add: 'Synapse' role was added to @Synapse#0692
2018-04-24 04:15:44 Role created: 'new role' (id 438191289217974301)
2018-04-24 04:15:50 Role permissions: 'Synapse' changed from 8 to 262216
2018-04-24 04:15:51 Role renamed: 'new role' to 'GP-Bot'
2018-04-24 04:16:10 Role deleted: 'GP-Bot' (id 438191289217974301)
2018-04-24 04:16:37 Role created: 'new role' (id 438191508949172224)
2018-04-24 04:16:59 Role renamed: 'new role' to 'GP-Bot'
2018-04-24 04:16:59 Role mentionable: 'GP-Bot' is now mentionable
2018-04-24 04:16:59 Role hoist: 'GP-Bot' is now shown seperately
2018-04-24 04:16:59 Role permissions: 'new role' changed from 104324161 to 506977535
2018-04-24 04:17:02 Role position: 'Synapse' changed from 2 to 1
2018-04-24 04:17:02 Role position: 'GP-Bot' changed from 1 to 2
2018-04-24 04:17:20 Member role add: 'GP-Bot' role was added to @Synapse#0692
2018-04-24 04:17:45 Role created: 'new role' (id 438191794199724034)
2018-04-24 04:17:55 Role renamed: 'new role' to 'The Princess'
2018-04-24 04:18:39 Member role add: 'The Princess' role was added to @✮ G6 ✮#5290
2018-04-24 04:19:06 Role mentionable: 'The Princess' is now mentionable
2018-04-24 04:20:18 this bot left the server
