2018-04-21 14:50:54 #event-chat @★MasterGamersYT ★Đ₦$♕#5130: la
2018-04-21 14:51:16 #event-chat @Prince Crafterツ#0714: .
2018-04-21 14:51:20 #event-chat @Prince Crafterツ#0714: !clear
2018-04-21 14:51:23 #event-chat @Prince Crafterツ#0714: -clear
2018-04-22 12:32:29 #event-chat @II_FoX_YT#8431: @Sagery 『x89F』  ma e3rf ebmj
2018-04-22 12:32:38 #event-chat @II_FoX_YT#8431: kef Pro Dev
2018-04-22 12:32:59 #event-chat @Sagery 『x89F』#5457: @II_FoX_YT malk d5l
2018-04-22 12:33:04 #event-chat @Sagery 『x89F』#5457: serverk ho ?
2018-04-22 12:33:11 #event-chat @II_FoX_YT#8431: ana fe lo la
2018-04-22 12:33:24 #event-chat @Sagery 『x89F』#5457: a8ol an8l3
2018-04-22 12:33:33 #event-chat @II_FoX_YT#8431: mute
2018-04-22 12:33:39 #event-chat @Sagery 『x89F』#5457: 36ny
2018-04-22 12:33:40 #event-chat @Sagery 『x89F』#5457: myte
2018-04-22 12:33:44 #event-chat @Sagery 『x89F』#5457: mute
2018-04-22 12:33:46 #event-chat @II_FoX_YT#8431: ana Mn Owners
2018-04-22 12:33:46 #event-chat @Sagery 『x89F』#5457: yllh
2018-04-22 12:33:59 #event-chat @Sagery 『x89F』#5457: al owner al asasy prince
2018-04-22 12:34:03 #event-chat @Sagery 『x89F』#5457: w ho aly 36any al rtbh
2018-04-22 12:34:07 #event-chat @Sagery 『x89F』#5457: ant malk d5l
2018-04-22 12:34:35 #event-chat @II_FoX_YT#8431: bs ana mn Owners w ProOwner @Prince Crafterツ
2018-04-22 12:35:03 #event-chat @Sagery 『x89F』#5457: bs prince a4a 36a a7d rtbh ant malk d5l la tshylha
2018-04-22 12:35:37 #event-chat @II_FoX_YT#8431: lesh 3ade b3d km eom ana aswe lh server w a9er ms2ol w ho e8bl
2018-04-22 12:35:52 #event-chat @Sagery 『x89F』#5457: @II_FoX_YT
2018-04-22 12:35:55 #event-chat @Sagery 『x89F』#5457: bdre 3lyk
2018-04-22 12:36:03 #event-chat @Sagery 『x89F』#5457: alyom bygyny al server :/
2018-04-22 12:36:08 #event-chat @Sagery 『x89F』#5457: 78 prince
2018-04-22 12:36:12 #event-chat @Sagery 『x89F』#5457: w b36yh al ip
2018-04-22 12:36:16 #event-chat @Sagery 『x89F』#5457: w console
2018-04-22 12:36:18 #event-chat @II_FoX_YT#8431: xDDDDDD
2018-04-22 12:36:49 #event-chat @II_FoX_YT#8431: ant tgol hek ram 1 G ana m3ah ra7 nshtre 5 G
2018-04-22 12:36:59 #event-chat @Sagery 『x89F』#5457: hhhhhhhhhhhhhhhhhhhhhhhhhhhhh
2018-04-22 12:37:04 #event-chat @Sagery 『x89F』#5457: ana bshtry 12g
2018-04-22 12:37:07 #event-chat @Sagery 『x89F』#5457: :/
2018-04-22 12:37:10 #event-chat @II_FoX_YT#8431: xDDDDDDD
2018-04-22 12:37:13 #event-chat @II_FoX_YT#8431: ant
2018-04-22 12:37:19 #event-chat @II_FoX_YT#8431: tshtre lro7k
2018-04-22 12:37:24 #event-chat @II_FoX_YT#8431: w k4b
2018-04-22 12:37:34 #event-chat @Sagery 『x89F』#5457: @II_FoX_YT mob 3agbk 7walynk 3 gdran 68 rask fyhm
2018-04-22 12:37:36 #event-chat @II_FoX_YT#8431: ma fe12
2018-04-22 12:37:57 #event-chat @Sagery 『x89F』#5457: tra ana ala al7yn mst7mlk la t5lyny asbk
2018-04-22 12:38:16 #event-chat @II_FoX_YT#8431: -mute
2018-04-22 12:38:21 #event-chat @II_FoX_YT#8431: kon
2018-04-22 12:38:29 #event-chat @II_FoX_YT#8431: sb
2018-04-22 12:38:32 #event-chat @Sagery 『x89F』#5457: a8ol r7 bs
2018-04-22 12:38:33 #event-chat @II_FoX_YT#8431: ana abek tsb
2018-04-22 12:38:40 #event-chat @Sagery 『x89F』#5457: t3al 5a9
2018-04-22 12:38:58 #event-chat @II_FoX_YT#8431: la a4a tsb 5a9 hsa ajeb 9wr hna w Mute
2018-04-22 12:39:08 #event-chat @Sagery 『x89F』#5457: 3ade
2018-04-22 12:39:14 #event-chat @Sagery 『x89F』#5457: ana ma sbytk hna sbytk 5a9
2018-04-22 12:39:19 #event-chat @Sagery 『x89F』#5457: w aly btswyh swh
2018-04-22 12:39:24 #event-chat @II_FoX_YT#8431: nfs she
2018-04-22 12:39:24 #event-chat @Sagery 『x89F』#5457: ymh 5ft mnk
2018-04-22 12:39:26 #event-chat @Sagery 『x89F』#5457: a8ol
2018-04-22 12:39:27 #event-chat @II_FoX_YT#8431: sbet
2018-04-22 12:39:27 #event-chat @Sagery 『x89F』#5457: brb
2018-04-22 12:39:27 #event-chat @ρʟαтıпυм-вσт#2204: @Sagery 『x89F』, **تُےـيّےـتُ تُےـرجَےـعَ بّےـٱلسًےـلٱمِےـة :hearts:**
2018-04-22 12:39:30 #event-chat @Sagery 『x89F』#5457: 9lah
2018-04-22 12:39:30 #event-chat @II_FoX_YT#8431: almhm sbet
2018-04-22 12:39:31 #event-chat @Sagery 『x89F』#5457: w agy
2018-04-22 12:39:53 #event-chat @II_FoX_YT#8431: k
2018-04-22 12:40:15 #event-chat @II_FoX_YT#8431: brb
2018-04-22 12:40:15 #event-chat @ρʟαтıпυм-вσт#2204: @II_FoX_YT, **تُےـيّےـتُ تُےـرجَےـعَ بّےـٱلسًےـلٱمِےـة :hearts:**
2018-04-22 12:40:18 #event-chat @II_FoX_YT#8431: xdd
2018-04-22 12:40:27 #event-chat @II_FoX_YT#8431: hi
2018-04-24 14:14:21 #event-chat @★MasterGamersYT ★Đ₦$♕#5130: .
2018-04-24 14:14:23 #event-chat @★MasterGamersYT ★Đ₦$♕#5130: ............
2018-04-24 14:14:38 #event-chat @★MasterGamersYT ★Đ₦$♕#5130: wsh fekm tthwshon
