2018-04-18 16:40:31 this bot joined the server
2018-04-18 16:40:31 Role created: 'Synapse' (id 436204391708491776)
2018-04-18 16:40:31 Member role add: 'Synapse' role was added to @Synapse#0692
2018-04-18 16:41:08 Member role add: 'bots' role was added to @Synapse#0692
2018-04-18 16:41:28 Member nickname: '@Fuze#7448' (id 307143790475476993) changed nickname from 'lord gopnik' to 'indian gangrape'
2018-04-18 16:41:42 Member nickname: '@Dad Bot#4494' (id 247852652019318795) changed nickname from 'None' to 'asshole'
2018-04-18 16:42:00 Member nickname: '@Synapse#0692' (id 435538622293344266) changed nickname from 'None' to 'indian gangrape'
2018-04-18 16:42:59 Member nickname: '@Fuze#7448' (id 307143790475476993) changed nickname from 'indian gangrape' to 'not a spy'
2018-04-18 16:43:10 Member role remove: The 'bots' role was removed from @Synapse#0692
2018-04-18 16:43:21 Role created: 'new role' (id 436205104178397185)
2018-04-18 16:43:53 Role permissions: 'Synapse' changed from 8 to 262216
2018-04-18 16:43:53 Role permissions: 'Dad Bot' changed from 103930945 to 104193089
2018-04-18 16:43:53 Role position: 'Dank Memer' changed from 3 to 4
2018-04-18 16:43:53 Role position: 'bots' changed from 4 to 5
2018-04-18 16:43:53 Role position: 'MemeBot' changed from 5 to 6
2018-04-18 16:43:53 Role position: 'slavs' changed from 6 to 7
2018-04-18 16:43:53 Role position: 'gopniks of the square table' changed from 7 to 8
2018-04-18 16:43:53 Role renamed: 'new role' to 'synapse'
2018-04-18 16:43:53 Role color: 'new role' changed from #000000 to #f1c40f
2018-04-18 16:43:53 Role mentionable: 'synapse' is now mentionable
2018-04-18 16:43:53 Role hoist: 'synapse' is now shown seperately
2018-04-18 16:43:53 Role permissions: 'new role' changed from 104324161 to 2146958591
2018-04-18 16:44:01 Member role add: 'synapse' role was added to @Synapse#0692
2018-04-18 16:45:53 Role deleted: 'Synapse' (id 436204391708491776)
2018-04-18 16:45:53 Member leave: @Synapse#0692 (id 435538622293344266)
2018-04-18 16:45:53 this bot left the server
