2018-04-28 04:56:24 #bot-comandos @iSrJayce#7288: *help
2018-04-28 04:56:26 #bot-comandos @iSrJayce#7288: !help
2018-04-28 04:56:26 #bot-comandos @Rythm#3722: ✅ **Check <https://rythmbot.co/features#list> for a list of commands**
2018-04-28 04:56:26 #bot-comandos @MEE6#4876: 
2018-04-28 04:56:29 #bot-comandos @MEE6#4876 edited message from 2018-04-28 04:56:26 () to read: 
2018-04-28 04:56:26 #bot-comandos @MEE6#4876: 
2018-04-28 04:56:29 #bot-comandos @MEE6#4876 edited message from 2018-04-28 04:56:26 () to read: 
2018-04-28 04:56:26 #bot-comandos @MEE6#4876: 
2018-04-28 04:56:29 #bot-comandos @MEE6#4876 edited message from 2018-04-28 04:56:26 () to read: 
2018-04-28 04:56:27 #bot-comandos @MEE6#4876: 
2018-04-28 04:56:29 #bot-comandos @MEE6#4876 edited message from 2018-04-28 04:56:27 () to read: 
2018-04-28 04:56:30 #bot-comandos @Synapse#0692: Check your DM, @Jayce! I have sent something for you :wink:
2018-04-28 04:56:41 #bot-comandos @Ghostplay R2#1298: Hey there, @Jayce! I sent you the list of commands in a private message.\nCheck your direct messages
2018-04-28 04:59:32 #bot-comandos @iSrJayce#7288: how you are ya
2018-04-28 04:59:58 #bot-comandos @iSrJayce#7288: .multicolor
2018-04-28 05:00:15 #bot-comandos @iSrJayce#7288: .multicolor 0.1 Owner
2018-04-28 05:00:37 #bot-comandos @iSrJayce#7288: .multicolor 0.1 Owner 👑
2018-04-28 05:00:37 #bot-comandos @MEE6#4876: GG @Jayce, Ahora eres level 1!
2018-04-28 05:00:52 #bot-comandos @iSrJayce#7288: hi
2018-04-28 05:00:59 #bot-comandos @iSrJayce#7288: hi how you are
2018-04-28 05:01:05 #bot-comandos @iSrJayce#7288: hi how you are ya
2018-04-28 05:01:12 #bot-comandos @iSrJayce#7288: hi how you are ya ._.
2018-04-28 05:02:18 #bot-comandos @iSrJayce#7288: .multicolor 0.1 Owner 👑
2018-04-28 05:04:44 #bot-comandos @iSrJayce#7288: *multicolor
2018-04-28 05:04:53 #bot-comandos @Ghostplay R2#1298: ```\n*[multicolor|multicolour] <interval> <role>\n\nChanges the role color every x seconds\n\n```
2018-04-28 05:05:01 #bot-comandos @iSrJayce#7288: *multicolor 0.1 Owner 👑
2018-04-28 05:05:27 #bot-comandos @Ghostplay R2#1298: `Error in command 'multicolor'.If you keep seeing this message please contact the owner of the bot.`
2018-04-28 05:05:52 #bot-comandos @iSrJayce#7288: *multicolor 1 Owner 👑
2018-04-28 05:06:41 #bot-comandos @iSrJayce#7288: fuck you
2018-04-28 05:06:42 #bot-comandos @iSrJayce#7288: fuck
2018-04-28 05:07:04 #bot-comandos @iSrJayce#7288: !clear 100
2018-04-28 05:07:04 #bot-comandos @iSrJayce#7288 deleted message from 2018-04-28 05:07:04 (!clear 100)
2018-04-28 05:07:04 #bot-comandos @Rythm#3722: ❌ **You have to be in a voice channel to use this command.**
2018-04-28 05:07:05 #bot-comandos @iSrJayce#7288 deleted message from 2018-04-28 04:56:24 (*help)
2018-04-28 05:07:05 #bot-comandos @iSrJayce#7288 deleted message from 2018-04-28 04:56:26 (!help)
2018-04-28 05:07:05 #bot-comandos @Rythm#3722 deleted message from 2018-04-28 04:56:26 (✅ **Check <https://rythmbot.co/features#list> for a list of commands**)
2018-04-28 05:07:05 #bot-comandos @MEE6#4876 deleted message from 2018-04-28 04:56:26 ()
2018-04-28 05:07:05 #bot-comandos @MEE6#4876 deleted message from 2018-04-28 04:56:26 ()
2018-04-28 05:07:05 #bot-comandos @MEE6#4876 deleted message from 2018-04-28 04:56:26 ()
2018-04-28 05:07:05 #bot-comandos @MEE6#4876 deleted message from 2018-04-28 04:56:27 ()
2018-04-28 05:07:05 #bot-comandos @Synapse#0692 deleted message from 2018-04-28 04:56:30 (Check your DM, @Jayce! I have sent something for you :wink:)
2018-04-28 05:07:05 #bot-comandos @Ghostplay R2#1298 deleted message from 2018-04-28 04:56:41 (Hey there, @Jayce! I sent you the list of commands in a private message.\nCheck your direct messages)
2018-04-28 05:07:05 #bot-comandos @iSrJayce#7288 deleted message from 2018-04-28 04:59:32 (how you are ya)
2018-04-28 05:07:05 #bot-comandos @iSrJayce#7288 deleted message from 2018-04-28 04:59:58 (.multicolor)
2018-04-28 05:07:05 #bot-comandos @iSrJayce#7288 deleted message from 2018-04-28 05:00:15 (.multicolor 0.1 Owner)
2018-04-28 05:07:05 #bot-comandos @iSrJayce#7288 deleted message from 2018-04-28 05:00:37 (.multicolor 0.1 Owner 👑)
2018-04-28 05:07:05 #bot-comandos @MEE6#4876 deleted message from 2018-04-28 05:00:37 (GG @Jayce, Ahora eres level 1!)
2018-04-28 05:07:05 #bot-comandos @iSrJayce#7288 deleted message from 2018-04-28 05:00:52 (hi)
2018-04-28 05:07:05 #bot-comandos @iSrJayce#7288 deleted message from 2018-04-28 05:00:59 (hi how you are)
2018-04-28 05:07:05 #bot-comandos @iSrJayce#7288 deleted message from 2018-04-28 05:01:05 (hi how you are ya)
2018-04-28 05:07:05 #bot-comandos @iSrJayce#7288 deleted message from 2018-04-28 05:01:12 (hi how you are ya ._.)
2018-04-28 05:07:05 #bot-comandos @iSrJayce#7288 deleted message from 2018-04-28 05:02:18 (.multicolor 0.1 Owner 👑)
2018-04-28 05:07:05 #bot-comandos @iSrJayce#7288 deleted message from 2018-04-28 05:04:44 (*multicolor)
2018-04-28 05:07:05 #bot-comandos @Ghostplay R2#1298 deleted message from 2018-04-28 05:04:53 (```\n*[multicolor|multicolour] <interval> <role>\n\nChanges the role color every x seconds\n\n```)
2018-04-28 05:07:05 #bot-comandos @iSrJayce#7288 deleted message from 2018-04-28 05:05:01 (*multicolor 0.1 Owner 👑)
2018-04-28 05:07:05 #bot-comandos @Ghostplay R2#1298 deleted message from 2018-04-28 05:05:27 (`Error in command 'multicolor'.If you keep seeing this message please contact the owner of the bot.`)
2018-04-28 05:07:05 #bot-comandos @iSrJayce#7288 deleted message from 2018-04-28 05:05:52 (*multicolor 1 Owner 👑)
2018-04-28 05:07:05 #bot-comandos @iSrJayce#7288 deleted message from 2018-04-28 05:06:41 (fuck you)
2018-04-28 05:07:05 #bot-comandos @iSrJayce#7288 deleted message from 2018-04-28 05:06:42 (fuck)
2018-04-28 05:07:05 #bot-comandos @Rythm#3722 deleted message from 2018-04-28 05:07:04 (❌ **You have to be in a voice channel to use this command.**)
2018-04-28 05:07:05 #bot-comandos @MEE6#4876: I have deleted `30 messages` for ya! <:SMILE6:403540172433522689>
2018-04-28 05:07:08 #bot-comandos @MEE6#4876 deleted message from 2018-04-28 05:07:05 (I have deleted `30 messages` for ya! <:SMILE6:403540172433522689>)
2018-04-28 05:07:26 #bot-comandos @Ghostplay R2#1298: `Error in command 'multicolor'.If you keep seeing this message please contact the owner of the bot.`
2018-04-28 05:08:23 #bot-comandos @iSrJayce#7288: *multicolor 0.3 Owner 👑
2018-04-28 05:09:40 #bot-comandos @iSrJayce#7288: *multicolor 1 Owner 👑
2018-04-28 05:09:50 #bot-comandos @iSrJayce#7288: !clear 10
2018-04-28 05:09:50 #bot-comandos @iSrJayce#7288 deleted message from 2018-04-28 05:09:50 (!clear 10)
2018-04-28 05:09:50 #bot-comandos @Rythm#3722: ❌ **You have to be in a voice channel to use this command.**
2018-04-28 05:09:51 #bot-comandos @Ghostplay R2#1298 deleted message from 2018-04-28 05:07:26 (`Error in command 'multicolor'.If you keep seeing this message please contact the owner of the bot.`)
2018-04-28 05:09:51 #bot-comandos @iSrJayce#7288 deleted message from 2018-04-28 05:08:23 (*multicolor 0.3 Owner 👑)
2018-04-28 05:09:51 #bot-comandos @iSrJayce#7288 deleted message from 2018-04-28 05:09:40 (*multicolor 1 Owner 👑)
2018-04-28 05:09:51 #bot-comandos @Rythm#3722 deleted message from 2018-04-28 05:09:50 (❌ **You have to be in a voice channel to use this command.**)
2018-04-28 05:09:50 #bot-comandos @MEE6#4876: I have deleted `4 messages` for ya! <:SMILE6:403540172433522689>
2018-04-28 05:09:55 #bot-comandos @MEE6#4876 deleted message from 2018-04-28 05:09:50 (I have deleted `4 messages` for ya! <:SMILE6:403540172433522689>)
