2018-04-19 10:33:32 #join-leave @Synapse#0692: 
2018-04-19 14:46:36 #join-leave @Mr. Robot#0007: 
2018-04-19 14:46:36 #join-leave @MEE6#4876: @Mr. Robot, рЃЏрЃЮрЃњрЃћрЃАрЃљрЃџрЃЏрЃћрЃЉрЃўрЃЌ **KaSTeTa's Official Server**-рЃќрЃћ! рЃЉрЃћрЃЊрЃюрЃўрЃћрЃа рЃЊрЃдрЃћрЃА рЃњрЃўрЃАрЃБрЃарЃЋрЃћрЃЉрЃЌ :wink: ! рЃњрЃЌрЃ«рЃЮрЃЋрЃЌ рЃърЃўрЃарЃЋрЃћрЃџ рЃарЃўрЃњрЃерЃў рЃгрЃљрЃўрЃЎрЃўрЃЌрЃ«рЃЮрЃЌ #rules !рЃЌрЃБ рЃњрЃАрЃБрЃарЃЌ рЃарЃЮрЃЏ рЃЕрЃљрЃбрЃерЃў рЃгрЃћрЃарЃЮрЃЌ рЃЏрЃљрЃерЃўрЃю рЃњрЃљрЃЊрЃљрЃЊрЃўрЃЌ #chat -рЃерЃў! рЃЌрЃБ рЃњрЃАрЃБрЃарЃЌ рЃарЃЮрЃЏ рЃњрЃљрЃЏрЃЮрЃўрЃДрЃћрЃюрЃЮрЃЌ Bot-рЃўрЃА рЃЎрЃЮрЃЏрЃљрЃюрЃЊрЃћрЃЉрЃў рЃЏрЃљрЃерЃўрЃю рЃњрЃљрЃЊрЃљрЃЊрЃўрЃЌ #commands !
2018-04-19 14:50:20 #join-leave @MEE6#4876: **Mr. Robot#0007** рЃњрЃљрЃЋрЃўрЃЊрЃљ рЃАрЃћрЃарЃЋрЃћрЃарЃўрЃЊрЃљрЃю. рЃюрЃљрЃ«рЃЋрЃљрЃЏрЃЊрЃўрЃА **Mr. Robot#0007**... :(
2018-04-19 15:07:11 #join-leave @Tylarrr#5981: 
2018-04-19 15:07:11 #join-leave @MEE6#4876: @Tylarrr, рЃЏрЃЮрЃњрЃћрЃАрЃљрЃџрЃЏрЃћрЃЉрЃўрЃЌ **KaSTeTa's Official Server**-рЃќрЃћ! рЃЉрЃћрЃЊрЃюрЃўрЃћрЃа рЃЊрЃдрЃћрЃА рЃњрЃўрЃАрЃБрЃарЃЋрЃћрЃЉрЃЌ :wink: ! рЃњрЃЌрЃ«рЃЮрЃЋрЃЌ рЃърЃўрЃарЃЋрЃћрЃџ рЃарЃўрЃњрЃерЃў рЃгрЃљрЃўрЃЎрЃўрЃЌрЃ«рЃЮрЃЌ #rules !рЃЌрЃБ рЃњрЃАрЃБрЃарЃЌ рЃарЃЮрЃЏ рЃЕрЃљрЃбрЃерЃў рЃгрЃћрЃарЃЮрЃЌ рЃЏрЃљрЃерЃўрЃю рЃњрЃљрЃЊрЃљрЃЊрЃўрЃЌ #chat -рЃерЃў! рЃЌрЃБ рЃњрЃАрЃБрЃарЃЌ рЃарЃЮрЃЏ рЃњрЃљрЃЏрЃЮрЃўрЃДрЃћрЃюрЃЮрЃЌ Bot-рЃўрЃА рЃЎрЃЮрЃЏрЃљрЃюрЃЊрЃћрЃЉрЃў рЃЏрЃљрЃерЃўрЃю рЃњрЃљрЃЊрЃљрЃЊрЃўрЃЌ #commands !
2018-04-19 16:23:28 #join-leave @PassiveBOT#2492: 
2018-04-19 16:23:28 #join-leave @MEE6#4876: @PassiveBOT, рЃЏрЃЮрЃњрЃћрЃАрЃљрЃџрЃЏрЃћрЃЉрЃўрЃЌ **KaSTeTa's Official Server**-рЃќрЃћ! рЃЉрЃћрЃЊрЃюрЃўрЃћрЃа рЃЊрЃдрЃћрЃА рЃњрЃўрЃАрЃБрЃарЃЋрЃћрЃЉрЃЌ :wink: ! рЃњрЃЌрЃ«рЃЮрЃЋрЃЌ рЃърЃўрЃарЃЋрЃћрЃџ рЃарЃўрЃњрЃерЃў рЃгрЃљрЃўрЃЎрЃўрЃЌрЃ«рЃЮрЃЌ #rules !рЃЌрЃБ рЃњрЃАрЃБрЃарЃЌ рЃарЃЮрЃЏ рЃЕрЃљрЃбрЃерЃў рЃгрЃћрЃарЃЮрЃЌ рЃЏрЃљрЃерЃўрЃю рЃњрЃљрЃЊрЃљрЃЊрЃўрЃЌ #chat -рЃерЃў! рЃЌрЃБ рЃњрЃАрЃБрЃарЃЌ рЃарЃЮрЃЏ рЃњрЃљрЃЏрЃЮрЃўрЃДрЃћрЃюрЃЮрЃЌ Bot-рЃўрЃА рЃЎрЃЮрЃЏрЃљрЃюрЃЊрЃћрЃЉрЃў рЃЏрЃљрЃерЃўрЃю рЃњрЃљрЃЊрЃљрЃЊрЃўрЃЌ #commands !
2018-04-20 12:33:11 #join-leave @MEE6#4876: **TFG_Bizon#6588** рЃњрЃљрЃЋрЃўрЃЊрЃљ рЃАрЃћрЃарЃЋрЃћрЃарЃўрЃЊрЃљрЃю. рЃюрЃљрЃ«рЃЋрЃљрЃЏрЃЊрЃўрЃА **TFG_Bizon#6588**... :(
2018-04-22 10:14:04 #join-leave @MEE6#4876: **PassiveBOT#2492** рЃњрЃљрЃЋрЃўрЃЊрЃљ рЃАрЃћрЃарЃЋрЃћрЃарЃўрЃЊрЃљрЃю. рЃюрЃљрЃ«рЃЋрЃљрЃЏрЃЊрЃўрЃА **PassiveBOT#2492**... :(
2018-04-22 17:23:51 #join-leave @Tickety#3703: 
2018-04-22 17:23:51 #join-leave @MEE6#4876: @Tickety, рЃЏрЃЮрЃњрЃћрЃАрЃљрЃџрЃЏрЃћрЃЉрЃўрЃЌ **KaSTeTa's Official Server**-рЃќрЃћ! рЃЉрЃћрЃЊрЃюрЃўрЃћрЃа рЃЊрЃдрЃћрЃА рЃњрЃўрЃАрЃБрЃарЃЋрЃћрЃЉрЃЌ :wink: ! рЃњрЃЌрЃ«рЃЮрЃЋрЃЌ рЃърЃўрЃарЃЋрЃћрЃџ рЃарЃўрЃњрЃерЃў рЃгрЃљрЃўрЃЎрЃўрЃЌрЃ«рЃЮрЃЌ #rules !рЃЌрЃБ рЃњрЃАрЃБрЃарЃЌ рЃарЃЮрЃЏ рЃЕрЃљрЃбрЃерЃў рЃгрЃћрЃарЃЮрЃЌ рЃЏрЃљрЃерЃўрЃю рЃњрЃљрЃЊрЃљрЃЊрЃўрЃЌ #chat -рЃерЃў! рЃЌрЃБ рЃњрЃАрЃБрЃарЃЌ рЃарЃЮрЃЏ рЃњрЃљрЃЏрЃЮрЃўрЃДрЃћрЃюрЃЮрЃЌ Bot-рЃўрЃА рЃЎрЃЮрЃЏрЃљрЃюрЃЊрЃћрЃЉрЃў рЃЏрЃљрЃерЃўрЃю рЃњрЃљрЃЊрЃљрЃЊрЃўрЃЌ #commands !
2018-04-22 17:23:52 #join-leave @Tickety#3703: Hello! You woke me up ­Ъў┤. Anyways you can type `-help` to view my commands.
2018-04-23 14:18:26 #join-leave @MEE6#4876: **assayer#4524** рЃњрЃљрЃЋрЃўрЃЊрЃљ рЃАрЃћрЃарЃЋрЃћрЃарЃўрЃЊрЃљрЃю. рЃюрЃљрЃ«рЃЋрЃљрЃЏрЃЊрЃўрЃА **assayer#4524**... :(
2018-04-26 18:38:18 #join-leave @MEE6#4876: **ProDust back ~ !#2475** рЃњрЃљрЃЋрЃўрЃЊрЃљ рЃАрЃћрЃарЃЋрЃћрЃарЃўрЃЊрЃљрЃю. рЃюрЃљрЃ«рЃЋрЃљрЃЏрЃЊрЃўрЃА **ProDust back ~ !#2475**... :(
2018-04-27 19:06:09 #join-leave @Lolitsalika#4351: 
2018-04-27 19:06:09 #join-leave @MEE6#4876: @Lolitsalika, рЃЏрЃЮрЃњрЃћрЃАрЃљрЃџрЃЏрЃћрЃЉрЃўрЃЌ **KaSTeTa's Official Server**-рЃќрЃћ! рЃЉрЃћрЃЊрЃюрЃўрЃћрЃа рЃЊрЃдрЃћрЃА рЃњрЃўрЃАрЃБрЃарЃЋрЃћрЃЉрЃЌ :wink: ! рЃњрЃЌрЃ«рЃЮрЃЋрЃЌ рЃърЃўрЃарЃЋрЃћрЃџ рЃарЃўрЃњрЃерЃў рЃгрЃљрЃўрЃЎрЃўрЃЌрЃ«рЃЮрЃЌ #rules !рЃЌрЃБ рЃњрЃАрЃБрЃарЃЌ рЃарЃЮрЃЏ рЃЕрЃљрЃбрЃерЃў рЃгрЃћрЃарЃЮрЃЌ рЃЏрЃљрЃерЃўрЃю рЃњрЃљрЃЊрЃљрЃЊрЃўрЃЌ #chat -рЃерЃў! рЃЌрЃБ рЃњрЃАрЃБрЃарЃЌ рЃарЃЮрЃЏ рЃњрЃљрЃЏрЃЮрЃўрЃДрЃћрЃюрЃЮрЃЌ Bot-рЃўрЃА рЃЎрЃЮрЃЏрЃљрЃюрЃЊрЃћрЃЉрЃў рЃЏрЃљрЃерЃўрЃю рЃњрЃљрЃЊрЃљрЃЊрЃўрЃЌ #commands !
2018-04-28 07:51:10 #join-leave @MEE6#4876: **HexGeo#8075** рЃњрЃљрЃЋрЃўрЃЊрЃљ рЃАрЃћрЃарЃЋрЃћрЃарЃўрЃЊрЃљрЃю. рЃюрЃљрЃ«рЃЋрЃљрЃЏрЃЊрЃўрЃА **HexGeo#8075**... :(
2018-04-28 16:01:55 #join-leave @Blatnoy^_^#3271: 
2018-04-28 16:01:56 #join-leave @MEE6#4876: @Blatnoy^_^, рЃЏрЃЮрЃњрЃћрЃАрЃљрЃџрЃЏрЃћрЃЉрЃўрЃЌ **KaSTeTa's Official Server**-рЃќрЃћ! рЃЉрЃћрЃЊрЃюрЃўрЃћрЃа рЃЊрЃдрЃћрЃА рЃњрЃўрЃАрЃБрЃарЃЋрЃћрЃЉрЃЌ :wink: ! рЃњрЃЌрЃ«рЃЮрЃЋрЃЌ рЃърЃўрЃарЃЋрЃћрЃџ рЃарЃўрЃњрЃерЃў рЃгрЃљрЃўрЃЎрЃўрЃЌрЃ«рЃЮрЃЌ #rules !рЃЌрЃБ рЃњрЃАрЃБрЃарЃЌ рЃарЃЮрЃЏ рЃЕрЃљрЃбрЃерЃў рЃгрЃћрЃарЃЮрЃЌ рЃЏрЃљрЃерЃўрЃю рЃњрЃљрЃЊрЃљрЃЊрЃўрЃЌ #chat -рЃерЃў! рЃЌрЃБ рЃњрЃАрЃБрЃарЃЌ рЃарЃЮрЃЏ рЃњрЃљрЃЏрЃЮрЃўрЃДрЃћрЃюрЃЮрЃЌ Bot-рЃўрЃА рЃЎрЃЮрЃЏрЃљрЃюрЃЊрЃћрЃЉрЃў рЃЏрЃљрЃерЃўрЃю рЃњрЃљрЃЊрЃљрЃЊрЃўрЃЌ #commands !
2018-05-01 15:09:49 #join-leave @NopeYT#7514: 
2018-05-01 15:09:49 #join-leave @MEE6#4876: @NopeYT, рЃЏрЃЮрЃњрЃћрЃАрЃљрЃџрЃЏрЃћрЃЉрЃўрЃЌ **KaSTeTa's Official Server**-рЃќрЃћ! рЃЉрЃћрЃЊрЃюрЃўрЃћрЃа рЃЊрЃдрЃћрЃА рЃњрЃўрЃАрЃБрЃарЃЋрЃћрЃЉрЃЌ :wink: ! рЃњрЃЌрЃ«рЃЮрЃЋрЃЌ рЃърЃўрЃарЃЋрЃћрЃџ рЃарЃўрЃњрЃерЃў рЃгрЃљрЃўрЃЎрЃўрЃЌрЃ«рЃЮрЃЌ #rules !рЃЌрЃБ рЃњрЃАрЃБрЃарЃЌ рЃарЃЮрЃЏ рЃЕрЃљрЃбрЃерЃў рЃгрЃћрЃарЃЮрЃЌ рЃЏрЃљрЃерЃўрЃю рЃњрЃљрЃЊрЃљрЃЊрЃўрЃЌ #chat -рЃерЃў! рЃЌрЃБ рЃњрЃАрЃБрЃарЃЌ рЃарЃЮрЃЏ рЃњрЃљрЃЏрЃЮрЃўрЃДрЃћрЃюрЃЮрЃЌ Bot-рЃўрЃА рЃЎрЃЮрЃЏрЃљрЃюрЃЊрЃћрЃЉрЃў рЃЏрЃљрЃерЃўрЃю рЃњрЃљрЃЊрЃљрЃЊрЃўрЃЌ #commands !
2018-05-02 00:51:43 #join-leave @MEE6#4876: **­ЮЋ┤­ЮќЎ­ЮќЪ­ЮЋГ­Юќі­Юќє­ЮќЌ ­Ъџг ­Ъј»#3005** рЃњрЃљрЃЋрЃўрЃЊрЃљ рЃАрЃћрЃарЃЋрЃћрЃарЃўрЃЊрЃљрЃю. рЃюрЃљрЃ«рЃЋрЃљрЃЏрЃЊрЃўрЃА **­ЮЋ┤­ЮќЎ­ЮќЪ­ЮЋГ­Юќі­Юќє­ЮќЌ ­Ъџг ­Ъј»#3005**... :(
2018-05-02 12:44:59 #join-leave @MEE6#4876: **Jaba#3047** рЃњрЃљрЃЋрЃўрЃЊрЃљ рЃАрЃћрЃарЃЋрЃћрЃарЃўрЃЊрЃљрЃю. рЃюрЃљрЃ«рЃЋрЃљрЃЏрЃЊрЃўрЃА **Jaba#3047**... :(
