2018-04-19 10:34:19 #commands @ItsNotHaba#8106: !help
2018-04-19 10:34:20 #commands @Synapse#0692: Hey there, @ItsNotHaba! I sent you a list of commands through DM.
2018-04-19 10:40:17 #commands @SAD BOY#9208: !bot
2018-04-19 10:40:19 #commands @SAD BOY#9208: !help
2018-04-19 10:40:21 #commands @Synapse#0692: Hey there, @SAD BOY! I sent you a list of commands through DM.
2018-04-19 10:55:22 #commands @ItsNotHaba#8106: !!help
2018-04-19 10:56:35 #commands @ItsNotHaba#8106: !help
2018-04-19 10:56:37 #commands @Synapse#0692: Hey there, @ItsNotHaba! I sent you a list of commands through DM.
2018-04-19 14:49:32 #commands @Mr. Robot#0007: !sudo
2018-04-19 14:49:32 #commands @Synapse#0692: ```\n!sudo <user> <command>\n\nRuns the [command] as if [user] had run it. DON'T ADD A PREFIX\n        \n\n```
2018-04-19 14:49:51 #commands @Mr. Robot#0007: !cleanup messages 2
2018-04-19 14:49:52 #commands @Mr. Robot#0007 deleted message from 2018-04-19 14:49:32 (!sudo)
2018-04-19 14:49:52 #commands @Synapse#0692 deleted message from 2018-04-19 14:49:32 (```\n!sudo <user> <command>\n\nRuns the [command] as if [user] had run it. DON'T ADD A PREFIX\n        \n\n```)
2018-04-19 14:49:52 #commands @Mr. Robot#0007 deleted message from 2018-04-19 14:49:51 (!cleanup messages 2)
2018-04-19 16:23:55 #commands @ItsNotHaba#8106: -p help
2018-04-19 16:24:00 #commands @ItsNotHaba#8106: -p
2018-04-19 16:24:06 #commands @ItsNotHaba#8106: -p help
2018-04-19 16:25:39 #commands @ItsNotHaba#8106: r
2018-04-19 16:25:40 #commands @ItsNotHaba#8106: r.
2018-04-19 16:25:45 #commands @ItsNotHaba#8106: r.p
2018-04-19 16:25:48 #commands @ItsNotHaba#8106: -p
2018-04-19 16:25:50 #commands @ItsNotHaba#8106: _p
2018-04-19 16:26:00 #commands @ItsNotHaba#8106: .p help
2018-04-19 16:26:00 #commands @PassiveBOT#2492: 
2018-04-19 16:26:00 #commands @PassiveBOT#2492 edited message from 2018-04-19 16:26:00 () to read: 
2018-04-19 16:26:11 #commands @ItsNotHaba#8106: 14
2018-04-19 16:26:16 #commands @ItsNotHaba#8106: .p 14
2018-04-19 16:26:16 #commands @PassiveBOT#2492: ​**COMMAND: **.p 14 \n**ERROR: **Unknown command.
2018-04-19 16:26:22 #commands @PassiveBOT#2492 deleted message from 2018-04-19 16:26:16 (​**COMMAND: **.p 14 \n**ERROR: **Unknown command.)
2018-04-19 16:26:22 #commands @ItsNotHaba#8106 deleted message from 2018-04-19 16:26:16 (.p 14)
2018-04-19 16:26:24 #commands @PassiveBOT#2492 edited message from 2018-04-19 16:26:00 () to read: 
2018-04-19 16:26:24 #commands @PassiveBOT#2492 edited message from 2018-04-19 16:26:00 () to read: 
2018-04-19 16:26:31 #commands @ItsNotHaba#8106: gg
2018-04-19 16:26:38 #commands @ItsNotHaba#8106: .p gg
2018-04-19 16:26:38 #commands @PassiveBOT#2492: good game young chap
2018-04-19 16:26:55 #commands @PassiveBOT#2492 edited message from 2018-04-19 16:26:00 () to read: 
2018-04-19 16:26:55 #commands @PassiveBOT#2492 edited message from 2018-04-19 16:26:00 () to read: 
2018-04-19 16:27:02 #commands @PassiveBOT#2492 edited message from 2018-04-19 16:26:00 () to read: 
2018-04-19 16:27:02 #commands @PassiveBOT#2492 edited message from 2018-04-19 16:26:00 () to read: 
2018-04-19 16:29:46 #commands @ItsNotHaba#8106: .multicolor
2018-04-19 16:29:56 #commands @ItsNotHaba#8106: .p multicolor
2018-04-19 16:29:56 #commands @PassiveBOT#2492: ​**COMMAND: **.p multicolor \n**ERROR: **Unknown command.
2018-04-19 16:30:01 #commands @PassiveBOT#2492 deleted message from 2018-04-19 16:29:56 (​**COMMAND: **.p multicolor \n**ERROR: **Unknown command.)
2018-04-19 16:30:02 #commands @ItsNotHaba#8106 deleted message from 2018-04-19 16:29:56 (.p multicolor)
2018-04-19 16:30:02 #commands @PassiveBOT#2492 edited message from 2018-04-19 16:26:00 () to read: 
2018-04-19 16:30:02 #commands @PassiveBOT#2492 edited message from 2018-04-19 16:26:00 () to read: 
2018-04-19 16:30:03 #commands @PassiveBOT#2492 edited message from 2018-04-19 16:26:00 () to read: 
2018-04-19 16:30:03 #commands @PassiveBOT#2492 edited message from 2018-04-19 16:26:00 () to read: 
2018-04-19 16:30:06 #commands @PassiveBOT#2492 edited message from 2018-04-19 16:26:00 () to read: 
2018-04-19 16:30:06 #commands @PassiveBOT#2492 edited message from 2018-04-19 16:26:00 () to read: 
2018-04-19 16:30:08 #commands @PassiveBOT#2492 edited message from 2018-04-19 16:26:00 () to read: 
2018-04-19 16:30:08 #commands @PassiveBOT#2492 edited message from 2018-04-19 16:26:00 () to read: 
2018-04-19 16:30:10 #commands @PassiveBOT#2492 edited message from 2018-04-19 16:26:00 () to read: 
2018-04-19 16:30:10 #commands @PassiveBOT#2492 edited message from 2018-04-19 16:26:00 () to read: 
2018-04-19 16:30:11 #commands @PassiveBOT#2492 edited message from 2018-04-19 16:26:00 () to read: 
2018-04-19 16:30:11 #commands @PassiveBOT#2492 edited message from 2018-04-19 16:26:00 () to read: 
2018-04-19 16:30:13 #commands @PassiveBOT#2492 edited message from 2018-04-19 16:26:00 () to read: 
2018-04-19 16:30:13 #commands @PassiveBOT#2492 edited message from 2018-04-19 16:26:00 () to read: 
2018-04-19 16:30:14 #commands @PassiveBOT#2492 edited message from 2018-04-19 16:26:00 () to read: 
2018-04-19 16:30:14 #commands @PassiveBOT#2492 edited message from 2018-04-19 16:26:00 () to read: 
2018-04-19 16:30:16 #commands @PassiveBOT#2492 edited message from 2018-04-19 16:26:00 () to read: 
2018-04-19 16:30:16 #commands @PassiveBOT#2492 edited message from 2018-04-19 16:26:00 () to read: 
2018-04-19 16:30:18 #commands @PassiveBOT#2492 edited message from 2018-04-19 16:26:00 () to read: 
2018-04-19 16:30:18 #commands @PassiveBOT#2492 edited message from 2018-04-19 16:26:00 () to read: 
2018-04-19 16:30:20 #commands @PassiveBOT#2492 edited message from 2018-04-19 16:26:00 () to read: 
2018-04-19 16:30:20 #commands @PassiveBOT#2492 edited message from 2018-04-19 16:26:00 () to read: 
2018-04-19 16:30:22 #commands @PassiveBOT#2492 edited message from 2018-04-19 16:26:00 () to read: 
2018-04-19 16:30:22 #commands @PassiveBOT#2492 edited message from 2018-04-19 16:26:00 () to read: 
2018-04-19 16:30:23 #commands @PassiveBOT#2492 edited message from 2018-04-19 16:26:00 () to read: 
2018-04-19 16:30:23 #commands @PassiveBOT#2492 edited message from 2018-04-19 16:26:00 () to read: 
2018-04-19 16:30:25 #commands @PassiveBOT#2492 edited message from 2018-04-19 16:26:00 () to read: 
2018-04-19 16:30:25 #commands @PassiveBOT#2492 edited message from 2018-04-19 16:26:00 () to read: 
2018-04-19 16:30:35 #commands @ItsNotHaba#8106: .p help+
2018-04-19 16:30:35 #commands @PassiveBOT#2492: ​**COMMAND: **.p help+ \n**ERROR: **Command can only be run by the owner of the bot
2018-04-19 16:30:41 #commands @PassiveBOT#2492 deleted message from 2018-04-19 16:30:35 (​**COMMAND: **.p help+ \n**ERROR: **Command can only be run by the owner of the bot)
2018-04-19 16:30:41 #commands @ItsNotHaba#8106 deleted message from 2018-04-19 16:30:35 (.p help+)
2018-04-19 16:30:51 #commands @ItsNotHaba#8106: .p help+
2018-04-19 16:30:51 #commands @PassiveBOT#2492: ​**COMMAND: **.p help+ \n**ERROR: **Command can only be run by the owner of the bot
2018-04-19 16:30:56 #commands @PassiveBOT#2492 deleted message from 2018-04-19 16:30:51 (​**COMMAND: **.p help+ \n**ERROR: **Command can only be run by the owner of the bot)
2018-04-19 16:30:57 #commands @ItsNotHaba#8106 deleted message from 2018-04-19 16:30:51 (.p help+)
2018-04-19 16:31:14 #commands @ItsNotHaba#8106: .p help+
2018-04-19 16:31:14 #commands @PassiveBOT#2492: ​**COMMAND: **.p help+ \n**ERROR: **Command can only be run by the owner of the bot
2018-04-19 16:31:20 #commands @PassiveBOT#2492 deleted message from 2018-04-19 16:31:14 (​**COMMAND: **.p help+ \n**ERROR: **Command can only be run by the owner of the bot)
2018-04-19 16:31:20 #commands @ItsNotHaba#8106 deleted message from 2018-04-19 16:31:14 (.p help+)
2018-04-19 16:35:25 #commands @ItzBear 🚬 🎯#6955: ეს რა
2018-04-19 16:35:26 #commands @ItzBear 🚬 🎯#6955: ბოტია
2018-04-19 16:35:39 #commands @ItzBear 🚬 🎯#6955: .ramdenadidzlevi ?
2018-04-19 16:36:04 #commands @ItsNotHaba#8106: sg magrad igadave
2018-04-19 16:36:05 #commands @ItsNotHaba#8106: ...
2018-04-19 16:36:08 #commands @ItsNotHaba#8106: -..-
2018-04-19 16:45:32 #commands @ItzBear 🚬 🎯#6955: არ მიღადავია
2018-04-19 16:45:35 #commands @ItzBear 🚬 🎯#6955: მაგაშია საქმე
2018-04-19 16:45:40 #commands @ItzBear 🚬 🎯#6955: ყველაფერი ღადაობა გგონიათ
2018-04-19 16:47:20 #commands @ItsNotHaba#8106: .rainbow
2018-04-19 16:47:25 #commands @ItsNotHaba#8106: .p
2018-04-19 16:47:28 #commands @ItsNotHaba#8106: .p help
2018-04-19 16:47:28 #commands @PassiveBOT#2492: 
2018-04-19 16:47:29 #commands @PassiveBOT#2492 edited message from 2018-04-19 16:47:28 () to read: 
2018-04-19 16:47:37 #commands @PassiveBOT#2492 edited message from 2018-04-19 16:47:28 () to read: 
2018-04-19 16:47:37 #commands @PassiveBOT#2492 edited message from 2018-04-19 16:47:28 () to read: 
2018-04-19 16:47:38 #commands @PassiveBOT#2492 edited message from 2018-04-19 16:47:28 () to read: 
2018-04-19 16:47:38 #commands @PassiveBOT#2492 edited message from 2018-04-19 16:47:28 () to read: 
2018-04-19 16:47:40 #commands @PassiveBOT#2492 edited message from 2018-04-19 16:47:28 () to read: 
2018-04-19 16:47:40 #commands @PassiveBOT#2492 edited message from 2018-04-19 16:47:28 () to read: 
2018-04-19 16:47:44 #commands @PassiveBOT#2492 edited message from 2018-04-19 16:47:28 () to read: 
2018-04-19 16:47:44 #commands @PassiveBOT#2492 edited message from 2018-04-19 16:47:28 () to read: 
2018-04-19 16:47:49 #commands @ItsNotHaba#8106: 14
2018-04-19 16:47:50 #commands @ItsNotHaba#8106 deleted message from 2018-04-19 16:47:49 (14)
2018-04-19 16:47:49 #commands @PassiveBOT#2492 edited message from 2018-04-19 16:47:28 () to read: 
2018-04-19 16:47:49 #commands @PassiveBOT#2492 edited message from 2018-04-19 16:47:28 () to read: 
2018-04-19 16:47:50 #commands @PassiveBOT#2492 edited message from 2018-04-19 16:47:28 () to read: 
2018-04-19 16:47:50 #commands @PassiveBOT#2492 edited message from 2018-04-19 16:47:28 () to read: 
2018-04-19 16:47:51 #commands @PassiveBOT#2492 edited message from 2018-04-19 16:47:28 () to read: 
2018-04-19 16:47:51 #commands @PassiveBOT#2492 edited message from 2018-04-19 16:47:28 () to read: 
2018-04-19 16:47:51 #commands @PassiveBOT#2492 edited message from 2018-04-19 16:47:28 () to read: 
2018-04-19 16:47:51 #commands @PassiveBOT#2492 edited message from 2018-04-19 16:47:28 () to read: 
2018-04-19 16:47:52 #commands @PassiveBOT#2492 edited message from 2018-04-19 16:47:28 () to read: 
2018-04-19 16:47:52 #commands @PassiveBOT#2492 edited message from 2018-04-19 16:47:28 () to read: 
2018-04-19 16:47:55 #commands @PassiveBOT#2492 edited message from 2018-04-19 16:47:28 () to read: 
2018-04-19 16:47:55 #commands @PassiveBOT#2492 edited message from 2018-04-19 16:47:28 () to read: 
2018-04-19 16:47:57 #commands @ItsNotHaba#8106: 1
2018-04-19 16:47:58 #commands @ItsNotHaba#8106 deleted message from 2018-04-19 16:47:57 (1)
2018-04-19 16:47:57 #commands @PassiveBOT#2492 edited message from 2018-04-19 16:47:28 () to read: 
2018-04-19 16:47:57 #commands @PassiveBOT#2492 edited message from 2018-04-19 16:47:28 () to read: 
2018-04-19 16:48:03 #commands @PassiveBOT#2492 edited message from 2018-04-19 16:47:28 () to read: 
2018-04-19 16:48:03 #commands @PassiveBOT#2492 edited message from 2018-04-19 16:47:28 () to read: 
2018-04-19 16:48:06 #commands @ItsNotHaba#8106: 18
2018-04-19 16:48:06 #commands @ItsNotHaba#8106 deleted message from 2018-04-19 16:48:06 (18)
2018-04-19 16:48:06 #commands @PassiveBOT#2492 edited message from 2018-04-19 16:47:28 () to read: 
2018-04-19 16:48:06 #commands @PassiveBOT#2492 edited message from 2018-04-19 16:47:28 () to read: 
2018-04-20 17:31:38 #commands @anrischaos#6596: ;;level
2018-04-20 17:32:31 #commands @anrischaos#6596: ;;rank
2018-04-20 17:32:42 #commands @anrischaos#6596: !level
2018-04-20 17:32:47 #commands @anrischaos#6596: !rank
2018-04-20 17:32:47 #commands @MEE6#4876: 
2018-04-20 17:32:47 #commands @MEE6#4876 edited message from 2018-04-20 17:32:47 () to read: 
2018-04-22 06:38:25 #commands @anrischaos#6596: !!rank
2018-04-22 06:38:36 #commands @anrischaos#6596: !rank
2018-04-22 06:38:36 #commands @MEE6#4876: 
2018-04-22 06:38:36 #commands @MEE6#4876 edited message from 2018-04-22 06:38:36 () to read: 
2018-04-22 17:24:56 #commands @ItsNotHaba#8106: -help
2018-04-22 17:24:56 #commands @Tickety#3703: 
2018-04-22 17:25:38 #commands @Tickety#3703 edited message from 2018-04-22 17:24:56 () to read: 
2018-04-24 19:00:09 #commands @Blatant#6596: !rank
2018-04-24 19:00:09 #commands @MEE6#4876: 
2018-04-24 19:00:09 #commands @MEE6#4876 edited message from 2018-04-24 19:00:09 () to read: 
2018-04-24 19:00:26 #commands @Blatant#6596: Lol
2018-04-24 19:00:30 #commands @Blatant#6596: !rank
2018-04-24 19:00:30 #commands @MEE6#4876: 
2018-04-24 19:00:30 #commands @MEE6#4876 edited message from 2018-04-24 19:00:30 () to read: 
2018-04-24 19:29:52 #commands @ItzBear 🚬 🎯#6955: !rank
2018-04-24 19:29:53 #commands @MEE6#4876: 
2018-04-24 19:29:53 #commands @MEE6#4876 edited message from 2018-04-24 19:29:53 () to read: 
2018-04-24 19:29:58 #commands @ItzBear 🚬 🎯#6955: !rank @XnXxItsNotHabaXnxX
2018-04-24 19:29:58 #commands @MEE6#4876: 
2018-04-24 19:29:59 #commands @MEE6#4876 edited message from 2018-04-24 19:29:58 () to read: 
2018-04-27 18:20:34 #commands @ჯდე#4610: pls kys
2018-04-27 18:20:40 #commands @ჯდე#4610: pls stop
2018-04-27 18:20:40 #commands @Dank Memer#6539: I'm not even in a voice channel?
2018-04-27 18:20:49 #commands @ჯდე#4610: pls dank meme
2018-04-27 18:20:53 #commands @ჯდე#4610: pls dank
2018-04-27 18:20:56 #commands @ჯდე#4610: pls meme
2018-04-27 18:20:57 #commands @Dank Memer#6539: 
2018-04-27 18:20:58 #commands @Dank Memer#6539 edited message from 2018-04-27 18:20:57 () to read: 
2018-04-28 09:52:25 #commands @Blatant#6596: !rank
2018-04-28 09:52:25 #commands @MEE6#4876: 
2018-04-28 09:52:26 #commands @MEE6#4876 edited message from 2018-04-28 09:52:25 () to read: 
2018-04-28 15:36:50 #commands @Blatant#6596: !rank
2018-04-28 15:36:50 #commands @MEE6#4876: 
2018-04-28 15:36:51 #commands @MEE6#4876 edited message from 2018-04-28 15:36:50 () to read: 
2018-04-28 16:08:31 #commands @Blatant#6596: !rank
2018-04-28 16:08:31 #commands @MEE6#4876: 
2018-04-28 16:08:43 #commands @MEE6#4876 edited message from 2018-04-28 16:08:31 () to read: 
2018-04-30 16:14:58 #commands @ItzBear 🚬 🎯#6955: !rank
2018-04-30 16:14:59 #commands @MEE6#4876: 
2018-04-30 16:14:59 #commands @MEE6#4876 edited message from 2018-04-30 16:14:59 () to read: 
2018-05-01 18:33:32 #commands @Blatant#6596: 11.80KB
2018-05-01 18:33:49 #commands @Blatant#6596: !rank
2018-05-01 18:33:49 #commands @MEE6#4876: 
2018-05-01 18:33:56 #commands @MEE6#4876 edited message from 2018-05-01 18:33:49 () to read: 
2018-05-02 19:51:23 #commands @6x9ine#1183: +help
2018-05-02 19:51:23 #commands @Poll Bot#0082: Check your DMs!
