2018-04-24 17:18:58 this bot joined the server
2018-04-24 17:18:58 Role created: 'Synapse' (id 438388396466110484)
2018-04-24 17:18:58 Member role add: 'Synapse' role was added to @Synapse#0692
2018-04-24 17:19:30 Member role add: 'Moderator' role was added to @Ghostplay R2#1298
2018-04-24 17:19:33 Member role add: 'Manager' role was added to @Ghostplay R2#1298
2018-04-24 17:19:35 Member role add: 'Admin' role was added to @Ghostplay R2#1298
2018-04-24 17:19:39 Member role add: 'Moderator' role was added to @Synapse#0692
2018-04-24 17:19:42 Member role add: 'Admin' role was added to @Synapse#0692
2018-04-24 17:19:44 Member role add: 'Manager' role was added to @Synapse#0692
2018-04-24 17:20:38 Role created: 'new role' (id 438388807331479552)
2018-04-24 17:21:12 Role permissions: 'Synapse' changed from 8 to 262216
2018-04-24 17:21:12 Role permissions: 'Ghostplay R2' changed from 268520497 to 268782705
2018-04-24 17:21:12 Role position: 'Moderator' changed from 3 to 4
2018-04-24 17:21:12 Role position: 'Admin' changed from 4 to 5
2018-04-24 17:21:12 Role position: 'Carbon' changed from 5 to 6
2018-04-24 17:21:12 Role position: 'Manager' changed from 6 to 7
2018-04-24 17:21:12 Role position: 'Owner' changed from 7 to 8
2018-04-24 17:21:13 Role renamed: 'new role' to 'GP-bot'
2018-04-24 17:21:13 Role permissions: 'new role' changed from 104324161 to 2146958591
2018-04-24 17:21:46 Role position: 'Synapse' changed from 2 to 1
2018-04-24 17:21:46 Role position: 'Ghostplay R2' changed from 3 to 2
2018-04-24 17:21:46 Role position: 'Moderator' changed from 4 to 3
2018-04-24 17:21:46 Role position: 'Admin' changed from 5 to 4
2018-04-24 17:21:46 Role position: 'Carbon' changed from 6 to 5
2018-04-24 17:21:46 Role position: 'Manager' changed from 7 to 6
2018-04-24 17:21:46 Role position: 'Owner' changed from 8 to 7
2018-04-24 17:21:46 Role position: 'GP-bot' changed from 1 to 8
2018-04-24 17:21:53 Member role add: 'GP-bot' role was added to @Ghostplay R2#1298
2018-04-24 17:23:00 Member role remove: The 'Moderator' role was removed from @Ghostplay R2#1298
2018-04-24 17:23:02 Member role remove: The 'Manager' role was removed from @Ghostplay R2#1298
2018-04-24 17:23:03 Member role remove: The 'Admin' role was removed from @Ghostplay R2#1298
2018-04-24 17:26:47 Role deleted: 'Synapse' (id 438388396466110484)
2018-04-24 17:26:47 Member leave: @Synapse#0692 (id 435538622293344266)
2018-04-24 17:26:47 this bot left the server
