2018-04-22 17:17:39 this bot joined the server
2018-04-22 17:17:39 Role created: 'Synapse' (id 437663288692703245)
2018-04-22 17:17:39 Member role add: 'Synapse' role was added to @Synapse#0692
2018-04-22 17:19:30 Role created: 'new role' (id 437663755208228879)
2018-04-22 17:21:58 Role position: 'Grumpy' changed from 3 to 2
2018-04-22 17:21:58 Role position: 'Admin' changed from 4 to 3
2018-04-22 17:21:58 Role position: 'Tulajdonos' changed from 5 to 4
2018-04-22 17:21:58 Role renamed: 'new role' to 'Synapse'
2018-04-22 17:21:58 Role permissions: 'new role' changed from 104324161 to 2146958591
2018-04-22 17:21:58 Role position: 'new role' changed from 1 to 5
2018-04-22 17:21:58 Role renamed: 'new role' to 'Synapse'
2018-04-22 17:21:58 Role permissions: 'new role' changed from 104324161 to 2146958591
2018-04-22 17:21:59 Member role add: 'Synapse' role was added to @Synapse#0692
2018-04-22 17:22:30 Member role remove: The 'Synapse' role was removed from @Synapse#0692
2018-04-22 17:24:05 Member role add: 'Synapse' role was added to @Synapse#0692
2018-04-22 17:25:38 Member role remove: The 'Synapse' role was removed from @Synapse#0692
2018-04-22 17:25:38 Role deleted: 'Synapse' (id 437663755208228879)
2018-04-22 17:30:47 Member join: @PikaGirl#7552 (id 169678500893163520)
2018-04-22 17:30:47 Member role add: 'PikaGirl' role was added to @PikaGirl#7552
2018-04-22 17:30:47 Role created: 'PikaGirl' (id 437666593800060939)
2018-04-22 17:30:47 Member role add: 'PikaGirl' role was added to @PikaGirl#7552
2018-04-22 17:37:45 Role deleted: 'Synapse' (id 437663288692703245)
2018-04-22 17:37:45 Member leave: @Synapse#0692 (id 435538622293344266)
2018-04-22 17:37:45 this bot left the server
2018-04-22 17:38:28 this bot joined the server
2018-04-22 17:38:28 Role created: 'Synapse' (id 437668525536968705)
2018-04-22 17:38:28 Member role add: 'Synapse' role was added to @Synapse#0692
2018-04-22 17:45:06 Member join: @Dank Memer#6539 (id 270904126974590976)
2018-04-22 17:45:06 Member role add: 'Dank Memer' role was added to @Dank Memer#6539
2018-04-22 17:45:06 Role created: 'Dank Memer' (id 437670195079806986)
2018-04-22 17:45:06 Member role add: 'Dank Memer' role was added to @Dank Memer#6539
2018-04-22 17:53:20 Member join: @KawaiiBot#0769 (id 195244363339530240)
2018-04-22 17:55:13 Member join: @Jeanne d'Arc#3378 (id 237578660708745216)
2018-04-22 17:55:13 Member role add: 'Jeanne d'Arc' role was added to @Jeanne d'Arc#3378
2018-04-22 17:55:13 Role created: 'Jeanne d'Arc' (id 437672744276983818)
2018-04-22 17:55:13 Member role add: 'Jeanne d'Arc' role was added to @Jeanne d'Arc#3378
2018-04-22 17:56:15 Role deleted: 'Jeanne d'Arc' (id 437672744276983818)
2018-04-22 17:56:15 Member leave: @Jeanne d'Arc#3378 (id 237578660708745216)
2018-04-22 18:00:43 Member join: @Rythm#3722 (id 235088799074484224)
2018-04-22 18:00:43 Role created: 'Rythm' (id 437674125839040522)
2018-04-22 18:00:43 Member role add: 'Rythm' role was added to @Rythm#3722
2018-04-22 18:00:43 Member role add: 'Rythm' role was added to @Rythm#3722
2018-04-22 18:05:30 Role deleted: 'Synapse' (id 437668525536968705)
2018-04-22 18:05:30 Member leave: @Synapse#0692 (id 435538622293344266)
2018-04-22 18:05:30 this bot left the server
