2018-04-30 11:27:31 Member leave: @Mr.Saltyboy#7829 (id 336132775549861898)
2018-04-30 11:39:19 Member ban: @Orion The Youtuber#8456 (id 416077472933740545)
2018-04-30 11:39:19 Member leave: @Orion The Youtuber#8456 (id 416077472933740545)
2018-04-30 11:40:05 Member ban: @Tiny Toonz#2709 (id 342653692790439937)
2018-04-30 11:40:05 Member leave: @Tiny Toonz#2709 (id 342653692790439937)
2018-04-30 11:40:10 Member ban: @♱✠V0iD✠♱#5747 (id 394283153751277609)
2018-04-30 11:40:11 Member leave: @♱✠V0iD✠♱#5747 (id 394283153751277609)
2018-04-30 11:40:16 Member ban: @Cautious Cats824#2319 (id 434522598341345280)
2018-04-30 11:40:16 Member leave: @Cautious Cats824#2319 (id 434522598341345280)
2018-04-30 15:46:50 Role position: 'Co Owner' changed from 21 to 20
2018-04-30 15:46:50 Role position: 'Eric Andre' changed from 22 to 21
2018-04-30 15:46:50 Role position: 'Orion' changed from 23 to 22
2018-04-30 15:46:50 Role position: 'The Luigi Boy Spyguys' changed from 24 to 23
2018-04-30 15:46:50 Role position: 'Ghostplay R2' changed from 20 to 24
2018-04-30 15:46:54 Role position: 'Heff' changed from 25 to 24
2018-04-30 15:46:54 Role position: 'Ghostplay R2' changed from 24 to 25
2018-04-30 15:47:06 Role renamed: 'Heff' to 'Jeff'
2018-04-30 15:47:27 Role color: 'Jeff' changed from #2df900 to #8c1f94
2018-04-30 15:47:38 Role color: 'Jeff' changed from #8c1f94 to #92d2fd
2018-04-30 15:47:45 Role color: 'Jeff' changed from #92d2fd to #496a5b
2018-04-30 15:47:55 Role color: 'Jeff' changed from #496a5b to #55daf9
2018-04-30 15:48:09 Role color: 'Jeff' changed from #55daf9 to #5d3dfc
2018-04-30 15:48:19 Role color: 'Jeff' changed from #5d3dfc to #1e000d
2018-04-30 15:48:28 Role color: 'Jeff' changed from #1e000d to #64efdb
2018-04-30 15:48:43 Role color: 'Jeff' changed from #64efdb to #1ed508
2018-04-30 15:48:48 Role color: 'Jeff' changed from #1ed508 to #304676
2018-04-30 15:48:57 Role color: 'Jeff' changed from #304676 to #65f653
2018-04-30 15:49:07 Role color: 'Jeff' changed from #65f653 to #c3fa84
2018-04-30 15:49:23 Role color: 'Jeff' changed from #c3fa84 to #c9e1e6
2018-04-30 15:49:32 Role color: 'Jeff' changed from #c9e1e6 to #65a1f5
2018-04-30 15:49:42 Role color: 'Jeff' changed from #65a1f5 to #2d69a0
2018-04-30 15:49:51 Role color: 'Jeff' changed from #2d69a0 to #5b42b5
2018-04-30 15:50:01 Role color: 'Jeff' changed from #5b42b5 to #8057ee
2018-04-30 15:50:11 Role color: 'Jeff' changed from #8057ee to #2119a7
2018-04-30 15:50:25 Role color: 'Jeff' changed from #2119a7 to #da409f
2018-04-30 15:50:35 Role color: 'Jeff' changed from #da409f to #8a9b47
2018-04-30 15:50:53 Role color: 'Jeff' changed from #8a9b47 to #d18e2f
2018-04-30 15:51:00 Role color: 'Jeff' changed from #d18e2f to #3d8f18
2018-04-30 15:51:10 Role color: 'Jeff' changed from #3d8f18 to #223e38
2018-04-30 15:51:24 Role color: 'Jeff' changed from #223e38 to #b6316b
2018-04-30 15:51:33 Role color: 'Jeff' changed from #b6316b to #81714a
2018-04-30 15:51:48 Role color: 'Jeff' changed from #81714a to #a07e50
2018-04-30 15:52:03 Role color: 'Jeff' changed from #a07e50 to #aedbee
2018-04-30 15:52:12 Role color: 'Jeff' changed from #aedbee to #8dfe9e
2018-04-30 15:52:22 Role color: 'Jeff' changed from #8dfe9e to #a456fb
2018-04-30 15:52:31 Role color: 'Jeff' changed from #a456fb to #55925e
2018-04-30 15:52:41 Role color: 'Jeff' changed from #55925e to #423dfb
2018-04-30 15:52:51 Role color: 'Jeff' changed from #423dfb to #ab90b1
2018-04-30 15:53:06 Role color: 'Jeff' changed from #ab90b1 to #639dd5
2018-04-30 15:53:21 Role color: 'Jeff' changed from #639dd5 to #36d7a5
2018-04-30 15:53:36 Role color: 'Jeff' changed from #36d7a5 to #8bdd37
2018-04-30 15:53:46 Role color: 'Jeff' changed from #8bdd37 to #119d50
2018-04-30 15:53:55 Role color: 'Jeff' changed from #119d50 to #e5fcb6
2018-04-30 15:54:15 Role color: 'Jeff' changed from #e5fcb6 to #11521f
2018-04-30 15:54:25 Role color: 'Jeff' changed from #11521f to #13fc36
2018-04-30 15:54:41 Role color: 'Jeff' changed from #13fc36 to #430c0e
2018-04-30 15:54:51 Role color: 'Jeff' changed from #430c0e to #3bbab0
2018-04-30 15:55:07 Role color: 'Jeff' changed from #3bbab0 to #eb6af8
2018-04-30 15:55:17 Role color: 'Jeff' changed from #eb6af8 to #2c3dc6
2018-04-30 15:55:27 Role color: 'Jeff' changed from #2c3dc6 to #19a9b8
2018-04-30 15:55:37 Role color: 'Jeff' changed from #19a9b8 to #d0cd23
2018-04-30 15:55:52 Role color: 'Jeff' changed from #d0cd23 to #b456e8
2018-04-30 15:56:07 Role color: 'Jeff' changed from #b456e8 to #c986aa
2018-04-30 15:56:22 Role color: 'Jeff' changed from #c986aa to #65b83a
2018-04-30 15:56:32 Role color: 'Jeff' changed from #65b83a to #d6c554
2018-04-30 15:56:40 Role color: 'Jeff' changed from #d6c554 to #8be5ad
2018-04-30 15:56:50 Role color: 'Jeff' changed from #8be5ad to #68a0c9
2018-04-30 15:57:00 Role color: 'Jeff' changed from #68a0c9 to #88b70b
2018-04-30 15:57:09 Role color: 'Jeff' changed from #88b70b to #3360d0
2018-04-30 15:57:18 Role color: 'Jeff' changed from #3360d0 to #c79e34
2018-04-30 15:57:29 Role color: 'Jeff' changed from #c79e34 to #801aa2
2018-04-30 15:57:37 Role color: 'Jeff' changed from #801aa2 to #8a0b8d
2018-04-30 15:57:47 Role color: 'Jeff' changed from #8a0b8d to #5d0aa0
2018-04-30 15:57:56 Role color: 'Jeff' changed from #5d0aa0 to #200361
2018-04-30 15:58:06 Role color: 'Jeff' changed from #200361 to #63a495
2018-04-30 15:58:16 Role color: 'Jeff' changed from #63a495 to #1bc92e
2018-04-30 15:58:31 Role color: 'Jeff' changed from #1bc92e to #f9c36f
2018-04-30 15:58:46 Role color: 'Jeff' changed from #f9c36f to #6c389f
2018-04-30 15:58:55 Role color: 'Jeff' changed from #6c389f to #c42b1b
2018-04-30 15:59:05 Role color: 'Jeff' changed from #c42b1b to #d10960
2018-04-30 15:59:15 Role color: 'Jeff' changed from #d10960 to #240941
2018-04-30 15:59:37 Role color: 'Jeff' changed from #240941 to #c61760
2018-04-30 15:59:50 Role color: 'Jeff' changed from #c61760 to #1f6f1c
2018-04-30 16:00:07 Role color: 'Jeff' changed from #1f6f1c to #993203
2018-04-30 16:00:18 Role color: 'Jeff' changed from #993203 to #402f9d
2018-04-30 16:00:29 Role color: 'Jeff' changed from #402f9d to #1c45c7
2018-04-30 16:00:42 Role color: 'Jeff' changed from #1c45c7 to #87333b
2018-04-30 16:00:54 Role color: 'Jeff' changed from #87333b to #10c992
2018-04-30 16:01:03 Role color: 'Jeff' changed from #10c992 to #b2987d
2018-04-30 16:01:13 Role color: 'Jeff' changed from #b2987d to #49ce3c
2018-04-30 16:01:24 Role color: 'Jeff' changed from #49ce3c to #e57ece
2018-04-30 16:01:54 Role color: 'Jeff' changed from #e57ece to #9625fa
2018-04-30 16:02:04 Role color: 'Jeff' changed from #9625fa to #a6db28
2018-04-30 16:02:13 Role color: 'Jeff' changed from #a6db28 to #45123b
2018-04-30 16:02:33 Role color: 'Jeff' changed from #45123b to #4dc2c9
2018-04-30 16:02:42 Role color: 'Jeff' changed from #4dc2c9 to #cdc1f2
2018-04-30 16:02:52 Role color: 'Jeff' changed from #cdc1f2 to #9dc4df
2018-04-30 16:03:02 Role color: 'Jeff' changed from #9dc4df to #324777
2018-04-30 16:03:12 Role color: 'Jeff' changed from #324777 to #67f8fb
2018-04-30 16:03:28 Role color: 'Jeff' changed from #67f8fb to #6307e6
2018-04-30 16:03:43 Role color: 'Jeff' changed from #6307e6 to #af660d
2018-04-30 16:03:57 Role color: 'Jeff' changed from #af660d to #f30fe4
2018-04-30 16:04:02 Role color: 'Jeff' changed from #f30fe4 to #caa835
2018-04-30 16:04:12 Role color: 'Jeff' changed from #caa835 to #6de4c0
2018-04-30 16:04:27 Role color: 'Jeff' changed from #6de4c0 to #c420b5
2018-04-30 16:04:35 Role color: 'Jeff' changed from #c420b5 to #b3fa4f
2018-04-30 16:04:45 Role color: 'Jeff' changed from #b3fa4f to #28daea
2018-04-30 16:04:54 Role color: 'Jeff' changed from #28daea to #4c957e
2018-04-30 16:05:09 Role color: 'Jeff' changed from #4c957e to #4aa887
2018-04-30 16:05:19 Role color: 'Jeff' changed from #4aa887 to #cd0987
2018-04-30 16:05:28 Role color: 'Jeff' changed from #cd0987 to #02fa6a
2018-04-30 16:05:37 Role color: 'Jeff' changed from #02fa6a to #90b116
2018-04-30 16:05:46 Role color: 'Jeff' changed from #90b116 to #1b9069
2018-04-30 16:05:56 Role color: 'Jeff' changed from #1b9069 to #723c21
2018-04-30 16:06:07 Role color: 'Jeff' changed from #723c21 to #d10395
2018-04-30 16:06:15 Role color: 'Jeff' changed from #d10395 to #d3f14e
2018-04-30 16:06:25 Role color: 'Jeff' changed from #d3f14e to #674fd8
2018-04-30 16:06:35 Role color: 'Jeff' changed from #674fd8 to #81d96e
2018-04-30 16:06:44 Role color: 'Jeff' changed from #81d96e to #135ba9
2018-04-30 16:06:59 Role color: 'Jeff' changed from #135ba9 to #057f1d
2018-04-30 16:07:12 Role color: 'Jeff' changed from #057f1d to #58d5a8
2018-04-30 16:07:18 Role color: 'Jeff' changed from #58d5a8 to #e2e04f
2018-04-30 16:07:33 Role color: 'Jeff' changed from #e2e04f to #ed7f62
2018-04-30 16:07:48 Role color: 'Jeff' changed from #ed7f62 to #52be3b
2018-04-30 16:08:03 Role color: 'Jeff' changed from #52be3b to #62a57f
2018-04-30 16:08:18 Role color: 'Jeff' changed from #62a57f to #db74fe
2018-04-30 16:08:33 Role color: 'Jeff' changed from #db74fe to #ab1a81
2018-04-30 16:08:43 Role color: 'Jeff' changed from #ab1a81 to #e44c8b
2018-04-30 16:08:52 Role color: 'Jeff' changed from #e44c8b to #828ccf
2018-04-30 16:09:01 Role color: 'Jeff' changed from #828ccf to #ff722c
2018-04-30 16:09:11 Role color: 'Jeff' changed from #ff722c to #da8f9d
2018-04-30 16:09:24 Role color: 'Jeff' changed from #da8f9d to #be8e56
2018-04-30 16:09:30 Role color: 'Jeff' changed from #be8e56 to #28ffe6
2018-04-30 16:09:39 Role color: 'Jeff' changed from #28ffe6 to #6810da
2018-04-30 16:09:49 Role color: 'Jeff' changed from #6810da to #431214
2018-04-30 16:09:59 Role color: 'Jeff' changed from #431214 to #b11fd4
2018-04-30 16:10:08 Role color: 'Jeff' changed from #b11fd4 to #9b08a3
2018-04-30 16:10:17 Role color: 'Jeff' changed from #9b08a3 to #242e92
2018-04-30 16:10:29 Role color: 'Jeff' changed from #242e92 to #375f71
2018-04-30 16:10:49 Role color: 'Jeff' changed from #375f71 to #1537e1
2018-04-30 16:10:59 Role color: 'Jeff' changed from #1537e1 to #138b42
2018-04-30 16:11:08 Role color: 'Jeff' changed from #138b42 to #e16288
2018-04-30 16:11:23 Role color: 'Jeff' changed from #e16288 to #87418d
2018-04-30 16:11:45 Role color: 'Jeff' changed from #87418d to #deea2b
2018-04-30 16:11:56 Role color: 'Jeff' changed from #deea2b to #b5ae3b
2018-04-30 16:12:05 Role color: 'Jeff' changed from #b5ae3b to #ad6c28
2018-04-30 16:12:27 Role color: 'Jeff' changed from #ad6c28 to #614a87
2018-04-30 16:12:40 Role color: 'Jeff' changed from #614a87 to #eea3ff
2018-04-30 16:12:46 Role color: 'Jeff' changed from #eea3ff to #20885c
2018-04-30 16:12:55 Role color: 'Jeff' changed from #20885c to #3877bf
2018-04-30 16:13:06 Role color: 'Jeff' changed from #3877bf to #994933
2018-04-30 16:13:15 Role color: 'Jeff' changed from #994933 to #92dbbf
2018-04-30 16:13:30 Role color: 'Jeff' changed from #92dbbf to #7446a5
2018-04-30 16:13:46 Role color: 'Jeff' changed from #7446a5 to #a3f7c9
2018-04-30 16:13:55 Role color: 'Jeff' changed from #a3f7c9 to #ddbefc
2018-04-30 16:14:04 Role color: 'Jeff' changed from #ddbefc to #bbbf1f
2018-04-30 16:14:13 Role color: 'Jeff' changed from #bbbf1f to #44b3c7
2018-04-30 16:14:28 Role color: 'Jeff' changed from #44b3c7 to #1ff8f0
2018-04-30 16:14:38 Role color: 'Jeff' changed from #1ff8f0 to #69bcfa
2018-04-30 16:14:51 Role color: 'Jeff' changed from #69bcfa to #331676
2018-04-30 16:14:58 Role color: 'Jeff' changed from #331676 to #806123
2018-04-30 16:15:08 Role color: 'Jeff' changed from #806123 to #f4ea76
2018-04-30 16:15:18 Role color: 'Jeff' changed from #f4ea76 to #27d766
2018-04-30 16:15:28 Role color: 'Jeff' changed from #27d766 to #797f4e
2018-04-30 16:15:37 Role color: 'Jeff' changed from #797f4e to #bdc24e
2018-04-30 16:15:48 Role color: 'Jeff' changed from #bdc24e to #7c2c19
2018-04-30 16:15:57 Role color: 'Jeff' changed from #7c2c19 to #edbe61
2018-04-30 16:16:07 Role color: 'Jeff' changed from #edbe61 to #fbd518
2018-04-30 16:16:16 Role color: 'Jeff' changed from #fbd518 to #5dca66
2018-04-30 16:16:26 Role color: 'Jeff' changed from #5dca66 to #0cc224
2018-04-30 16:16:36 Role color: 'Jeff' changed from #0cc224 to #eaddc3
2018-04-30 16:16:45 Role color: 'Jeff' changed from #eaddc3 to #cb361e
2018-04-30 16:16:54 Role color: 'Jeff' changed from #cb361e to #b46f65
2018-04-30 16:17:04 Role color: 'Jeff' changed from #b46f65 to #d9f695
2018-04-30 16:17:13 Role color: 'Jeff' changed from #d9f695 to #d7ce8c
2018-04-30 16:17:23 Role color: 'Jeff' changed from #d7ce8c to #4cc768
2018-04-30 16:17:33 Role color: 'Jeff' changed from #4cc768 to #0b30f6
2018-04-30 16:17:42 Role color: 'Jeff' changed from #0b30f6 to #d001aa
2018-04-30 16:17:52 Role color: 'Jeff' changed from #d001aa to #286f04
2018-04-30 16:18:06 Role color: 'Jeff' changed from #286f04 to #41a6d0
2018-04-30 16:18:10 Role color: 'Jeff' changed from #41a6d0 to #ab01b2
2018-04-30 16:18:20 Role color: 'Jeff' changed from #ab01b2 to #82ca48
2018-04-30 16:18:29 Role color: 'Jeff' changed from #82ca48 to #a0e20d
2018-04-30 16:18:44 Role color: 'Jeff' changed from #a0e20d to #8e202f
2018-04-30 16:18:59 Role color: 'Jeff' changed from #8e202f to #54a36c
2018-04-30 16:19:12 Role color: 'Jeff' changed from #54a36c to #164d21
2018-04-30 16:19:18 Role color: 'Jeff' changed from #164d21 to #4aa3c7
2018-04-30 16:19:34 Role color: 'Jeff' changed from #4aa3c7 to #d91429
2018-04-30 16:19:49 Role color: 'Jeff' changed from #d91429 to #e58a9c
2018-04-30 16:20:04 Role color: 'Jeff' changed from #e58a9c to #5ecf6d
2018-04-30 16:20:18 Role color: 'Jeff' changed from #5ecf6d to #ad5a92
2018-04-30 16:20:29 Role color: 'Jeff' changed from #ad5a92 to #2ca1e1
2018-04-30 16:20:39 Role color: 'Jeff' changed from #2ca1e1 to #eb0c50
2018-04-30 16:20:49 Role color: 'Jeff' changed from #eb0c50 to #851113
2018-04-30 16:20:57 Role color: 'Jeff' changed from #851113 to #6f4b63
2018-04-30 16:21:07 Role color: 'Jeff' changed from #6f4b63 to #6926f9
2018-04-30 16:21:17 Role color: 'Jeff' changed from #6926f9 to #7395dd
2018-04-30 16:21:26 Role color: 'Jeff' changed from #7395dd to #8654c1
2018-04-30 16:21:36 Role color: 'Jeff' changed from #8654c1 to #3b18ac
2018-04-30 16:21:46 Role color: 'Jeff' changed from #3b18ac to #d5a0ac
2018-04-30 16:21:56 Role color: 'Jeff' changed from #d5a0ac to #1b5e22
2018-04-30 16:22:05 Role color: 'Jeff' changed from #1b5e22 to #ab590d
2018-04-30 16:22:14 Role color: 'Jeff' changed from #ab590d to #b77240
2018-04-30 16:22:29 Role color: 'Jeff' changed from #b77240 to #cbbcf3
2018-04-30 16:22:39 Role color: 'Jeff' changed from #cbbcf3 to #2108dc
2018-04-30 16:23:09 Role color: 'Jeff' changed from #2108dc to #771803
2018-04-30 16:23:19 Role color: 'Jeff' changed from #771803 to #b8651a
2018-04-30 16:23:34 Role color: 'Jeff' changed from #b8651a to #7a39cc
2018-04-30 16:23:43 Role color: 'Jeff' changed from #7a39cc to #e279f7
2018-04-30 16:23:53 Role color: 'Jeff' changed from #e279f7 to #2845ad
2018-04-30 16:24:20 Role color: 'Jeff' changed from #2845ad to #f914b7
2018-04-30 16:24:29 Role color: 'Jeff' changed from #f914b7 to #e623da
2018-04-30 16:24:44 Role color: 'Jeff' changed from #e623da to #d6fcf5
2018-04-30 16:24:53 Role color: 'Jeff' changed from #d6fcf5 to #78067a
2018-04-30 16:25:03 Role color: 'Jeff' changed from #78067a to #47c51b
2018-04-30 16:25:13 Role color: 'Jeff' changed from #47c51b to #f01d57
2018-04-30 16:25:29 Role color: 'Jeff' changed from #f01d57 to #1c62b7
2018-04-30 16:25:45 Role color: 'Jeff' changed from #1c62b7 to #53f93c
2018-04-30 16:25:53 Role color: 'Jeff' changed from #53f93c to #81d1ce
2018-04-30 16:26:08 Role color: 'Jeff' changed from #81d1ce to #c8e75c
2018-04-30 16:26:17 Role color: 'Jeff' changed from #c8e75c to #754c59
2018-04-30 16:26:27 Role color: 'Jeff' changed from #754c59 to #cdbb30
2018-04-30 16:26:41 Role color: 'Jeff' changed from #cdbb30 to #10f7a2
2018-04-30 16:26:51 Role color: 'Jeff' changed from #10f7a2 to #fc8f59
2018-04-30 16:27:06 Role color: 'Jeff' changed from #fc8f59 to #22b90a
2018-04-30 16:27:16 Role color: 'Jeff' changed from #22b90a to #9e745a
2018-04-30 16:27:25 Role color: 'Jeff' changed from #9e745a to #ceb175
2018-04-30 16:27:35 Role color: 'Jeff' changed from #ceb175 to #807abf
2018-04-30 16:27:45 Role color: 'Jeff' changed from #807abf to #ba9890
2018-04-30 16:28:00 Role color: 'Jeff' changed from #ba9890 to #f773f3
2018-04-30 16:28:10 Role color: 'Jeff' changed from #f773f3 to #602142
2018-04-30 16:28:30 Role color: 'Jeff' changed from #602142 to #7f4183
2018-04-30 16:28:45 Role color: 'Jeff' changed from #7f4183 to #9241c0
2018-04-30 16:28:54 Role color: 'Jeff' changed from #9241c0 to #40f7ca
2018-04-30 16:29:04 Role color: 'Jeff' changed from #40f7ca to #d90e8c
2018-04-30 16:29:14 Role color: 'Jeff' changed from #d90e8c to #792f3c
2018-04-30 16:29:23 Role color: 'Jeff' changed from #792f3c to #fcb8ac
2018-04-30 16:29:33 Role color: 'Jeff' changed from #fcb8ac to #53795d
2018-04-30 16:29:42 Role color: 'Jeff' changed from #53795d to #20b8ff
2018-04-30 16:29:52 Role color: 'Jeff' changed from #20b8ff to #b96c26
2018-04-30 16:30:06 Role color: 'Jeff' changed from #b96c26 to #1b3c4b
2018-04-30 16:30:11 Role color: 'Jeff' changed from #1b3c4b to #8967d8
2018-04-30 16:30:21 Role color: 'Jeff' changed from #8967d8 to #5fe6e7
2018-04-30 16:30:30 Role color: 'Jeff' changed from #5fe6e7 to #571782
2018-04-30 16:30:39 Role color: 'Jeff' changed from #571782 to #a4332a
2018-04-30 16:30:48 Role color: 'Jeff' changed from #a4332a to #8cfe38
2018-04-30 16:31:04 Role color: 'Jeff' changed from #8cfe38 to #61173e
2018-04-30 16:31:19 Role color: 'Jeff' changed from #61173e to #5b9c75
2018-04-30 16:31:34 Role color: 'Jeff' changed from #5b9c75 to #0a8281
2018-04-30 16:31:44 Role color: 'Jeff' changed from #0a8281 to #dc20eb
2018-04-30 16:32:05 Role color: 'Jeff' changed from #dc20eb to #b58bdc
2018-04-30 16:32:21 Role color: 'Jeff' changed from #b58bdc to #ec2511
2018-04-30 16:32:30 Role color: 'Jeff' changed from #ec2511 to #9456f8
2018-04-30 16:32:46 Role color: 'Jeff' changed from #9456f8 to #de52de
2018-04-30 16:32:55 Role color: 'Jeff' changed from #de52de to #924558
2018-04-30 16:33:10 Role color: 'Jeff' changed from #924558 to #5fd6df
2018-04-30 16:33:23 Role color: 'Jeff' changed from #5fd6df to #d8ee5d
2018-04-30 16:33:30 Role color: 'Jeff' changed from #d8ee5d to #94e4e6
2018-04-30 16:33:39 Role color: 'Jeff' changed from #94e4e6 to #a0da15
2018-04-30 16:33:49 Role color: 'Jeff' changed from #a0da15 to #06917f
2018-04-30 16:33:58 Role color: 'Jeff' changed from #06917f to #ad148a
2018-04-30 16:34:13 Role color: 'Jeff' changed from #ad148a to #fad80d
2018-04-30 16:34:28 Role color: 'Jeff' changed from #fad80d to #9304dd
2018-04-30 16:34:44 Role color: 'Jeff' changed from #9304dd to #08276f
2018-04-30 16:34:54 Role color: 'Jeff' changed from #08276f to #c59984
2018-04-30 16:35:04 Role color: 'Jeff' changed from #c59984 to #945028
2018-04-30 16:35:13 Role color: 'Jeff' changed from #945028 to #7d0c4e
2018-04-30 16:35:23 Role color: 'Jeff' changed from #7d0c4e to #c2d1fc
2018-04-30 16:35:33 Role color: 'Jeff' changed from #c2d1fc to #6b9a67
2018-04-30 16:35:43 Role color: 'Jeff' changed from #6b9a67 to #b8917c
2018-04-30 16:35:52 Role color: 'Jeff' changed from #b8917c to #9b8109
2018-04-30 16:36:02 Role color: 'Jeff' changed from #9b8109 to #a9e30b
2018-04-30 16:36:12 Role color: 'Jeff' changed from #a9e30b to #65bd7d
2018-04-30 16:36:22 Role color: 'Jeff' changed from #65bd7d to #54d353
2018-04-30 16:36:31 Role color: 'Jeff' changed from #54d353 to #f539c7
2018-04-30 16:36:41 Role color: 'Jeff' changed from #f539c7 to #5ad8f3
2018-04-30 16:36:56 Role color: 'Jeff' changed from #5ad8f3 to #991abf
2018-04-30 16:37:05 Role color: 'Jeff' changed from #991abf to #680841
2018-04-30 16:37:21 Role color: 'Jeff' changed from #680841 to #71feb4
2018-04-30 16:37:30 Role color: 'Jeff' changed from #71feb4 to #210c2c
2018-04-30 16:37:44 Role color: 'Jeff' changed from #210c2c to #5cd3d7
2018-04-30 16:37:55 Role color: 'Jeff' changed from #5cd3d7 to #5034d9
2018-04-30 16:38:05 Role color: 'Jeff' changed from #5034d9 to #9a43bc
2018-04-30 16:38:19 Role color: 'Jeff' changed from #9a43bc to #8005ec
2018-04-30 16:38:29 Role color: 'Jeff' changed from #8005ec to #245337
2018-04-30 16:38:49 Role color: 'Jeff' changed from #245337 to #eb8501
2018-04-30 16:38:54 Role color: 'Jeff' changed from #eb8501 to #47ac6c
2018-04-30 16:39:04 Role color: 'Jeff' changed from #47ac6c to #0cb644
2018-04-30 16:39:14 Role color: 'Jeff' changed from #0cb644 to #9b99ee
2018-04-30 16:39:41 Role color: 'Jeff' changed from #9b99ee to #d36c32
2018-04-30 16:39:54 Role color: 'Jeff' changed from #d36c32 to #35bff9
2018-04-30 16:40:06 Role color: 'Jeff' changed from #35bff9 to #642318
2018-04-30 16:40:15 Role color: 'Jeff' changed from #642318 to #6cae11
2018-04-30 16:40:25 Role color: 'Jeff' changed from #6cae11 to #7c87fe
2018-04-30 16:40:34 Role color: 'Jeff' changed from #7c87fe to #34748c
2018-04-30 16:40:49 Role color: 'Jeff' changed from #34748c to #6e3088
2018-04-30 16:40:59 Role color: 'Jeff' changed from #6e3088 to #c81107
2018-04-30 16:41:13 Role color: 'Jeff' changed from #c81107 to #e1f420
2018-04-30 16:41:29 Role color: 'Jeff' changed from #e1f420 to #838957
2018-04-30 16:41:39 Role color: 'Jeff' changed from #838957 to #66efc4
2018-04-30 16:42:06 Role color: 'Jeff' changed from #66efc4 to #5f25f4
2018-04-30 16:42:17 Role color: 'Jeff' changed from #5f25f4 to #f84c1f
2018-04-30 16:42:26 Role color: 'Jeff' changed from #f84c1f to #3b2b19
2018-04-30 16:42:41 Role color: 'Jeff' changed from #3b2b19 to #50c38f
2018-04-30 16:42:56 Role color: 'Jeff' changed from #50c38f to #c66ddd
2018-04-30 16:43:11 Role color: 'Jeff' changed from #c66ddd to #cb79f8
2018-04-30 16:43:21 Role color: 'Jeff' changed from #cb79f8 to #227793
2018-04-30 16:43:36 Role color: 'Jeff' changed from #227793 to #5cf853
2018-04-30 16:43:46 Role color: 'Jeff' changed from #5cf853 to #ccdd8a
2018-04-30 16:43:55 Role color: 'Jeff' changed from #ccdd8a to #e63658
2018-04-30 16:44:05 Role color: 'Jeff' changed from #e63658 to #9a6693
2018-04-30 16:44:18 Role color: 'Jeff' changed from #9a6693 to #59f7bd
2018-04-30 16:44:29 Role color: 'Jeff' changed from #59f7bd to #aff31e
2018-04-30 16:44:39 Role color: 'Jeff' changed from #aff31e to #7800b5
2018-04-30 16:44:48 Role color: 'Jeff' changed from #7800b5 to #d66483
2018-04-30 16:44:58 Role color: 'Jeff' changed from #d66483 to #3cdceb
2018-04-30 16:45:13 Role color: 'Jeff' changed from #3cdceb to #42f1bc
2018-04-30 16:45:23 Role color: 'Jeff' changed from #42f1bc to #b84a5f
2018-04-30 16:45:33 Role color: 'Jeff' changed from #b84a5f to #b8ada2
2018-04-30 16:45:42 Role color: 'Jeff' changed from #b8ada2 to #f6726b
2018-04-30 16:45:53 Role color: 'Jeff' changed from #f6726b to #cd9e31
2018-04-30 16:46:02 Role color: 'Jeff' changed from #cd9e31 to #4c0ac2
2018-04-30 16:46:12 Role color: 'Jeff' changed from #4c0ac2 to #fdc19d
2018-04-30 16:46:29 Role color: 'Jeff' changed from #fdc19d to #40b86d
2018-04-30 16:46:36 Role color: 'Jeff' changed from #40b86d to #25b42d
2018-04-30 16:46:52 Role color: 'Jeff' changed from #25b42d to #837ac6
2018-04-30 16:47:01 Role color: 'Jeff' changed from #837ac6 to #939e9f
2018-04-30 16:47:16 Role color: 'Jeff' changed from #939e9f to #c2b383
2018-04-30 16:47:34 Role color: 'Jeff' changed from #c2b383 to #64de35
2018-04-30 16:47:42 Role color: 'Jeff' changed from #64de35 to #971a0e
2018-04-30 16:48:10 Role color: 'Jeff' changed from #971a0e to #35337d
2018-04-30 16:48:20 Role color: 'Jeff' changed from #35337d to #f610fb
2018-04-30 16:48:29 Role color: 'Jeff' changed from #f610fb to #7c5384
2018-04-30 16:48:39 Role color: 'Jeff' changed from #7c5384 to #4a32c2
2018-04-30 16:48:50 Role color: 'Jeff' changed from #4a32c2 to #414a34
2018-04-30 16:48:59 Role color: 'Jeff' changed from #414a34 to #97d85f
2018-04-30 16:49:27 Role color: 'Jeff' changed from #97d85f to #46c3f2
2018-04-30 16:49:36 Role color: 'Jeff' changed from #46c3f2 to #de5a3f
2018-04-30 16:49:51 Role color: 'Jeff' changed from #de5a3f to #ffb8da
2018-04-30 16:50:01 Role color: 'Jeff' changed from #ffb8da to #3a936d
2018-04-30 16:50:11 Role color: 'Jeff' changed from #3a936d to #1643d9
2018-04-30 16:50:21 Role color: 'Jeff' changed from #1643d9 to #d7701d
2018-04-30 16:50:37 Role color: 'Jeff' changed from #d7701d to #8ebdb6
2018-04-30 16:50:51 Role color: 'Jeff' changed from #8ebdb6 to #4bec10
2018-04-30 16:50:56 Role color: 'Jeff' changed from #4bec10 to #1f5022
2018-04-30 16:51:06 Role color: 'Jeff' changed from #1f5022 to #e6419e
2018-04-30 16:51:15 Role color: 'Jeff' changed from #e6419e to #fe2066
2018-04-30 16:51:24 Role color: 'Jeff' changed from #fe2066 to #ebc0e1
2018-04-30 16:51:40 Role color: 'Jeff' changed from #ebc0e1 to #02217c
2018-04-30 16:51:50 Role color: 'Jeff' changed from #02217c to #bd437f
2018-04-30 16:52:01 Role color: 'Jeff' changed from #bd437f to #78d1f8
2018-04-30 16:52:10 Role color: 'Jeff' changed from #78d1f8 to #5cca3f
2018-04-30 16:52:20 Role color: 'Jeff' changed from #5cca3f to #e71ceb
2018-04-30 16:52:30 Role color: 'Jeff' changed from #e71ceb to #037124
2018-04-30 16:52:45 Role color: 'Jeff' changed from #037124 to #c4f630
2018-04-30 16:53:06 Role color: 'Jeff' changed from #c4f630 to #1ee30f
2018-04-30 16:53:21 Role color: 'Jeff' changed from #1ee30f to #3f8fc7
2018-04-30 16:53:31 Role color: 'Jeff' changed from #3f8fc7 to #1fd905
2018-04-30 16:53:47 Role color: 'Jeff' changed from #1fd905 to #3a9d6a
2018-04-30 16:54:02 Role color: 'Jeff' changed from #3a9d6a to #04bd6c
2018-04-30 16:54:12 Role color: 'Jeff' changed from #04bd6c to #9a6c9f
2018-04-30 16:54:28 Role color: 'Jeff' changed from #9a6c9f to #7c7b2c
2018-04-30 16:54:38 Role color: 'Jeff' changed from #7c7b2c to #3028f4
2018-04-30 16:54:47 Role color: 'Jeff' changed from #3028f4 to #4b8110
2018-04-30 16:54:57 Role color: 'Jeff' changed from #4b8110 to #6c4bb4
2018-04-30 16:55:06 Role color: 'Jeff' changed from #6c4bb4 to #baf553
2018-04-30 16:55:16 Role color: 'Jeff' changed from #baf553 to #0ca4fd
2018-04-30 16:55:26 Role color: 'Jeff' changed from #0ca4fd to #1ab9ab
2018-04-30 16:55:35 Role color: 'Jeff' changed from #1ab9ab to #a1b6e6
2018-04-30 16:55:45 Role color: 'Jeff' changed from #a1b6e6 to #dccb79
2018-04-30 16:55:55 Role color: 'Jeff' changed from #dccb79 to #0f86e3
2018-04-30 16:56:04 Role color: 'Jeff' changed from #0f86e3 to #39cf8d
2018-04-30 16:56:19 Role color: 'Jeff' changed from #39cf8d to #b13e6c
2018-04-30 16:56:24 Role color: 'Jeff' changed from #b13e6c to #fadb85
2018-04-30 16:56:39 Role color: 'Jeff' changed from #fadb85 to #c58df5
2018-04-30 16:56:49 Role color: 'Jeff' changed from #c58df5 to #9f61d6
2018-04-30 16:56:59 Role color: 'Jeff' changed from #9f61d6 to #791601
2018-04-30 16:57:09 Role color: 'Jeff' changed from #791601 to #c0414e
2018-04-30 16:57:26 Role color: 'Jeff' changed from #c0414e to #36ba53
2018-04-30 16:57:33 Role color: 'Jeff' changed from #36ba53 to #1a5eb8
2018-04-30 16:57:43 Role color: 'Jeff' changed from #1a5eb8 to #a773d1
2018-04-30 16:57:52 Role color: 'Jeff' changed from #a773d1 to #85f7c4
2018-04-30 16:58:03 Role color: 'Jeff' changed from #85f7c4 to #9bbf30
2018-04-30 16:58:12 Role color: 'Jeff' changed from #9bbf30 to #3c7d19
2018-04-30 16:58:22 Role color: 'Jeff' changed from #3c7d19 to #2fb39a
2018-04-30 16:58:32 Role color: 'Jeff' changed from #2fb39a to #3d1c17
2018-04-30 16:58:42 Role color: 'Jeff' changed from #3d1c17 to #7d844a
2018-04-30 16:58:57 Role color: 'Jeff' changed from #7d844a to #4dd974
2018-04-30 16:59:07 Role color: 'Jeff' changed from #4dd974 to #532cf3
2018-04-30 16:59:16 Role color: 'Jeff' changed from #532cf3 to #ef3faf
2018-04-30 16:59:26 Role color: 'Jeff' changed from #ef3faf to #ede995
2018-04-30 16:59:41 Role color: 'Jeff' changed from #ede995 to #591db6
2018-04-30 16:59:51 Role color: 'Jeff' changed from #591db6 to #c471ea
2018-04-30 17:00:01 Role color: 'Jeff' changed from #c471ea to #7823d6
2018-04-30 17:00:16 Role color: 'Jeff' changed from #7823d6 to #375ac5
2018-04-30 17:00:26 Role color: 'Jeff' changed from #375ac5 to #23af9e
2018-04-30 17:00:35 Role color: 'Jeff' changed from #23af9e to #1ccce3
2018-04-30 17:00:52 Role color: 'Jeff' changed from #1ccce3 to #13c165
2018-04-30 17:01:01 Role color: 'Jeff' changed from #13c165 to #60556c
2018-04-30 17:01:17 Role color: 'Jeff' changed from #60556c to #83eac9
2018-04-30 17:01:32 Role color: 'Jeff' changed from #83eac9 to #190525
2018-04-30 17:01:47 Role color: 'Jeff' changed from #190525 to #d66971
2018-04-30 17:01:57 Role color: 'Jeff' changed from #d66971 to #930627
2018-04-30 17:02:08 Role color: 'Jeff' changed from #930627 to #21d009
2018-04-30 17:02:18 Role color: 'Jeff' changed from #21d009 to #1754b2
2018-04-30 17:02:28 Role color: 'Jeff' changed from #1754b2 to #de9e13
2018-04-30 17:02:43 Role color: 'Jeff' changed from #de9e13 to #09c917
2018-04-30 17:02:53 Role color: 'Jeff' changed from #09c917 to #43f57e
2018-04-30 17:03:01 Role color: 'Jeff' changed from #43f57e to #88a82b
2018-04-30 17:03:11 Role color: 'Jeff' changed from #88a82b to #6036ce
2018-04-30 17:03:27 Role color: 'Jeff' changed from #6036ce to #df6fd8
2018-04-30 17:03:41 Role color: 'Jeff' changed from #df6fd8 to #49befd
2018-04-30 17:03:51 Role color: 'Jeff' changed from #49befd to #853789
2018-04-30 17:04:01 Role color: 'Jeff' changed from #853789 to #cec950
2018-04-30 17:04:11 Role color: 'Jeff' changed from #cec950 to #4b5b52
2018-04-30 17:04:20 Role color: 'Jeff' changed from #4b5b52 to #82653d
2018-04-30 17:04:29 Role color: 'Jeff' changed from #82653d to #c96125
2018-04-30 17:04:45 Role color: 'Jeff' changed from #c96125 to #5bda0d
2018-04-30 17:05:06 Role color: 'Jeff' changed from #5bda0d to #d843a8
2018-04-30 17:05:16 Role color: 'Jeff' changed from #d843a8 to #b1a57e
2018-04-30 17:05:26 Role color: 'Jeff' changed from #b1a57e to #df0f26
2018-04-30 17:05:36 Role color: 'Jeff' changed from #df0f26 to #82e070
2018-04-30 17:05:46 Role color: 'Jeff' changed from #82e070 to #ee4c1a
2018-04-30 17:05:56 Role color: 'Jeff' changed from #ee4c1a to #50d965
2018-04-30 17:06:09 Role color: 'Jeff' changed from #50d965 to #28eeae
2018-04-30 17:06:16 Role color: 'Jeff' changed from #28eeae to #3bd69b
2018-04-30 17:06:31 Role color: 'Jeff' changed from #3bd69b to #1990b8
2018-04-30 17:06:46 Role color: 'Jeff' changed from #1990b8 to #60b0dd
2018-04-30 17:06:56 Role color: 'Jeff' changed from #60b0dd to #5df362
2018-04-30 17:07:06 Role color: 'Jeff' changed from #5df362 to #854086
2018-04-30 17:07:40 Role color: 'Jeff' changed from #854086 to #5884a3
2018-04-30 17:07:56 Role color: 'Jeff' changed from #5884a3 to #125e28
2018-04-30 17:08:05 Role color: 'Jeff' changed from #125e28 to #7f1420
2018-04-30 17:08:21 Role color: 'Jeff' changed from #7f1420 to #be62da
2018-04-30 17:08:31 Role color: 'Jeff' changed from #be62da to #a8468c
2018-04-30 17:08:41 Role color: 'Jeff' changed from #a8468c to #17a332
2018-04-30 17:08:57 Role color: 'Jeff' changed from #17a332 to #9826b5
2018-04-30 17:09:06 Role color: 'Jeff' changed from #9826b5 to #6dac70
2018-04-30 17:09:27 Role color: 'Jeff' changed from #6dac70 to #722e70
2018-04-30 17:09:32 Role color: 'Jeff' changed from #722e70 to #60d1be
2018-04-30 17:09:41 Role color: 'Jeff' changed from #60d1be to #e1e3a8
2018-04-30 17:09:50 Role color: 'Jeff' changed from #e1e3a8 to #20ede0
2018-04-30 17:10:01 Role color: 'Jeff' changed from #20ede0 to #cc3e43
2018-04-30 17:10:11 Role color: 'Jeff' changed from #cc3e43 to #fab08c
2018-04-30 17:10:31 Role color: 'Jeff' changed from #fab08c to #2f9566
2018-04-30 17:10:36 Role color: 'Jeff' changed from #2f9566 to #1fc7cd
2018-04-30 17:10:58 Role color: 'Jeff' changed from #1fc7cd to #9b23b8
2018-04-30 17:11:13 Role color: 'Jeff' changed from #9b23b8 to #34a711
2018-04-30 17:11:38 Role color: 'Jeff' changed from #34a711 to #18072b
2018-04-30 17:11:46 Role color: 'Jeff' changed from #18072b to #85ad8f
2018-04-30 17:11:55 Role color: 'Jeff' changed from #85ad8f to #10de78
2018-04-30 17:12:05 Role color: 'Jeff' changed from #10de78 to #845b1f
2018-04-30 17:12:15 Role color: 'Jeff' changed from #845b1f to #5aba9b
2018-04-30 17:12:25 Role color: 'Jeff' changed from #5aba9b to #47a2e7
2018-04-30 17:12:34 Role color: 'Jeff' changed from #47a2e7 to #b25807
2018-04-30 17:12:44 Role color: 'Jeff' changed from #b25807 to #d4c5d1
2018-04-30 17:13:00 Role color: 'Jeff' changed from #d4c5d1 to #5b037e
2018-04-30 17:13:10 Role color: 'Jeff' changed from #5b037e to #08d819
2018-04-30 17:13:25 Role color: 'Jeff' changed from #08d819 to #472c92
2018-04-30 17:13:35 Role color: 'Jeff' changed from #472c92 to #7f0034
2018-04-30 17:13:49 Role color: 'Jeff' changed from #7f0034 to #04c2e2
2018-04-30 17:14:00 Role color: 'Jeff' changed from #04c2e2 to #5b593b
2018-04-30 17:14:10 Role color: 'Jeff' changed from #5b593b to #93b544
2018-04-30 17:14:27 Role color: 'Jeff' changed from #93b544 to #f651a3
2018-04-30 17:14:42 Role color: 'Jeff' changed from #f651a3 to #05787d
2018-04-30 17:14:54 Role color: 'Jeff' changed from #05787d to #222576
2018-04-30 17:15:08 Role color: 'Jeff' changed from #222576 to #4b938c
2018-04-30 17:15:18 Role color: 'Jeff' changed from #4b938c to #ec9f7c
2018-04-30 17:15:27 Role color: 'Jeff' changed from #ec9f7c to #b1d098
2018-04-30 17:15:43 Role color: 'Jeff' changed from #b1d098 to #09828f
2018-04-30 17:15:52 Role color: 'Jeff' changed from #09828f to #31c63b
2018-04-30 17:16:02 Role color: 'Jeff' changed from #31c63b to #0b41e9
2018-04-30 17:16:13 Role color: 'Jeff' changed from #0b41e9 to #a0da69
2018-04-30 17:16:23 Role color: 'Jeff' changed from #a0da69 to #ba7592
2018-04-30 17:16:38 Role color: 'Jeff' changed from #ba7592 to #82f068
2018-04-30 17:16:48 Role color: 'Jeff' changed from #82f068 to #be0fac
2018-04-30 17:17:06 Role color: 'Jeff' changed from #be0fac to #88313e
2018-04-30 17:17:14 Role color: 'Jeff' changed from #88313e to #7820ae
2018-04-30 17:17:24 Role color: 'Jeff' changed from #7820ae to #c57664
2018-04-30 17:17:34 Role color: 'Jeff' changed from #c57664 to #d199c1
2018-04-30 17:17:44 Role color: 'Jeff' changed from #d199c1 to #250855
2018-04-30 17:18:11 Role color: 'Jeff' changed from #250855 to #510e44
2018-04-30 17:18:22 Role color: 'Jeff' changed from #510e44 to #6bfa1a
2018-04-30 17:18:31 Role color: 'Jeff' changed from #6bfa1a to #7babf2
2018-04-30 17:18:48 Role color: 'Jeff' changed from #7babf2 to #6aabf6
2018-04-30 17:18:58 Role color: 'Jeff' changed from #6aabf6 to #d85958
2018-04-30 17:19:07 Role color: 'Jeff' changed from #d85958 to #e947d3
2018-04-30 17:19:36 Role color: 'Jeff' changed from #e947d3 to #21c451
2018-04-30 17:19:52 Role color: 'Jeff' changed from #21c451 to #efa7ff
2018-04-30 17:20:02 Role color: 'Jeff' changed from #efa7ff to #067172
2018-04-30 17:20:12 Role color: 'Jeff' changed from #067172 to #71bdb7
2018-04-30 17:20:23 Role color: 'Jeff' changed from #71bdb7 to #51c8c0
2018-04-30 17:20:38 Role color: 'Jeff' changed from #51c8c0 to #04eefc
2018-04-30 17:20:47 Role color: 'Jeff' changed from #04eefc to #57f21c
2018-04-30 17:21:03 Role color: 'Jeff' changed from #57f21c to #65a0cb
2018-04-30 17:21:12 Role color: 'Jeff' changed from #65a0cb to #662a8a
2018-04-30 17:21:29 Role color: 'Jeff' changed from #662a8a to #f905c1
2018-04-30 17:21:38 Role color: 'Jeff' changed from #f905c1 to #4c7b62
2018-04-30 17:21:48 Role color: 'Jeff' changed from #4c7b62 to #ab533c
2018-04-30 17:21:57 Role color: 'Jeff' changed from #ab533c to #b929bc
2018-04-30 17:22:07 Role color: 'Jeff' changed from #b929bc to #36a014
2018-04-30 17:22:17 Role color: 'Jeff' changed from #36a014 to #02604f
2018-04-30 17:22:34 Role color: 'Jeff' changed from #02604f to #5f7d76
2018-04-30 17:22:43 Role color: 'Jeff' changed from #5f7d76 to #74bc2e
2018-04-30 17:22:58 Role color: 'Jeff' changed from #74bc2e to #e8daee
2018-04-30 17:23:13 Role color: 'Jeff' changed from #e8daee to #c14c3e
2018-04-30 17:23:23 Role color: 'Jeff' changed from #c14c3e to #bfbee8
2018-04-30 17:23:40 Role color: 'Jeff' changed from #bfbee8 to #45302d
2018-04-30 17:23:44 Role color: 'Jeff' changed from #45302d to #a8807a
2018-04-30 17:23:54 Role color: 'Jeff' changed from #a8807a to #4c75cf
2018-04-30 17:24:04 Role color: 'Jeff' changed from #4c75cf to #cbb036
2018-04-30 17:24:19 Role color: 'Jeff' changed from #cbb036 to #7627e1
2018-04-30 17:24:30 Role color: 'Jeff' changed from #7627e1 to #3e99bb
2018-04-30 17:24:44 Role color: 'Jeff' changed from #3e99bb to #a6df14
2018-04-30 17:24:49 Role color: 'Jeff' changed from #a6df14 to #ebea9d
2018-04-30 17:24:59 Role color: 'Jeff' changed from #ebea9d to #9f0b14
2018-04-30 17:25:08 Role color: 'Jeff' changed from #9f0b14 to #0b5611
2018-04-30 17:25:24 Role color: 'Jeff' changed from #0b5611 to #b3d3a7
2018-04-30 17:25:34 Role color: 'Jeff' changed from #b3d3a7 to #f60835
2018-04-30 17:25:44 Role color: 'Jeff' changed from #f60835 to #065b66
2018-04-30 17:25:55 Role color: 'Jeff' changed from #065b66 to #0d70c7
2018-04-30 17:26:04 Role color: 'Jeff' changed from #0d70c7 to #e763a2
2018-04-30 17:26:14 Role color: 'Jeff' changed from #e763a2 to #50d071
2018-04-30 17:26:42 Role color: 'Jeff' changed from #50d071 to #62b27c
2018-04-30 17:26:56 Role color: 'Jeff' changed from #62b27c to #bb7fac
2018-04-30 17:27:01 Role color: 'Jeff' changed from #bb7fac to #7e136a
2018-04-30 17:27:11 Role color: 'Jeff' changed from #7e136a to #13c463
2018-04-30 17:27:21 Role color: 'Jeff' changed from #13c463 to #4f4069
2018-04-30 17:27:44 Role color: 'Jeff' changed from #4f4069 to #d1f469
2018-04-30 17:28:00 Role color: 'Jeff' changed from #d1f469 to #feb7e5
2018-04-30 17:28:09 Role color: 'Jeff' changed from #feb7e5 to #7e504e
2018-04-30 17:28:19 Role color: 'Jeff' changed from #7e504e to #89046f
2018-04-30 17:28:35 Role color: 'Jeff' changed from #89046f to #688210
2018-04-30 17:28:45 Role color: 'Jeff' changed from #688210 to #2b7964
2018-04-30 17:28:55 Role color: 'Jeff' changed from #2b7964 to #566bf7
2018-04-30 17:29:05 Role color: 'Jeff' changed from #566bf7 to #943c31
2018-04-30 17:29:14 Role color: 'Jeff' changed from #943c31 to #e0aca7
2018-04-30 17:29:24 Role color: 'Jeff' changed from #e0aca7 to #0c4137
2018-04-30 17:29:34 Role color: 'Jeff' changed from #0c4137 to #c4c08d
2018-04-30 17:29:45 Role color: 'Jeff' changed from #c4c08d to #5fd3db
2018-04-30 17:29:54 Role color: 'Jeff' changed from #5fd3db to #378cbc
2018-04-30 17:30:11 Role color: 'Jeff' changed from #378cbc to #4b0b1f
2018-04-30 17:30:14 Role color: 'Jeff' changed from #4b0b1f to #be99bd
2018-04-30 17:30:24 Role color: 'Jeff' changed from #be99bd to #6ecd0c
2018-04-30 17:30:35 Role color: 'Jeff' changed from #6ecd0c to #894462
2018-04-30 17:30:44 Role color: 'Jeff' changed from #894462 to #bcabbc
2018-04-30 17:30:56 Role color: 'Jeff' changed from #bcabbc to #0e1aea
2018-04-30 17:31:07 Role color: 'Jeff' changed from #0e1aea to #096436
2018-04-30 17:31:18 Role color: 'Jeff' changed from #096436 to #93b89c
2018-04-30 17:31:28 Role color: 'Jeff' changed from #93b89c to #eba74b
2018-04-30 17:31:44 Role color: 'Jeff' changed from #eba74b to #1eeee6
2018-04-30 17:32:06 Role color: 'Jeff' changed from #1eeee6 to #e962a1
2018-04-30 17:32:21 Role color: 'Jeff' changed from #e962a1 to #d9af86
2018-04-30 17:32:26 Role color: 'Jeff' changed from #d9af86 to #a9cb9e
2018-04-30 17:32:37 Role color: 'Jeff' changed from #a9cb9e to #140fac
2018-04-30 17:32:47 Role color: 'Jeff' changed from #140fac to #fe5553
2018-04-30 17:32:57 Role color: 'Jeff' changed from #fe5553 to #99a7a5
2018-04-30 17:33:07 Role color: 'Jeff' changed from #99a7a5 to #236cfb
2018-04-30 17:33:17 Role color: 'Jeff' changed from #236cfb to #798fcd
2018-04-30 17:33:28 Role color: 'Jeff' changed from #798fcd to #7c52a7
2018-04-30 17:33:38 Role color: 'Jeff' changed from #7c52a7 to #e9abd5
2018-04-30 17:33:48 Role color: 'Jeff' changed from #e9abd5 to #32efc7
2018-04-30 17:34:03 Role color: 'Jeff' changed from #32efc7 to #1d3bc4
2018-04-30 17:34:13 Role color: 'Jeff' changed from #1d3bc4 to #8cf8c3
2018-04-30 17:34:24 Role color: 'Jeff' changed from #8cf8c3 to #880aad
2018-04-30 17:34:34 Role color: 'Jeff' changed from #880aad to #9c972a
2018-04-30 17:34:43 Role color: 'Jeff' changed from #9c972a to #434dcf
2018-04-30 17:34:59 Role color: 'Jeff' changed from #434dcf to #85ffd1
2018-04-30 17:35:09 Role color: 'Jeff' changed from #85ffd1 to #495f32
2018-04-30 17:35:25 Role color: 'Jeff' changed from #495f32 to #e3bba6
2018-04-30 17:35:41 Role color: 'Jeff' changed from #e3bba6 to #c72efe
2018-04-30 17:35:51 Role color: 'Jeff' changed from #c72efe to #18fc36
2018-04-30 17:36:13 Role color: 'Jeff' changed from #18fc36 to #fed6c8
2018-04-30 17:36:23 Role color: 'Jeff' changed from #fed6c8 to #808604
2018-04-30 17:36:33 Role color: 'Jeff' changed from #808604 to #714b3d
2018-04-30 17:36:44 Role color: 'Jeff' changed from #714b3d to #610bd7
2018-04-30 17:36:54 Role color: 'Jeff' changed from #610bd7 to #80ef15
2018-04-30 17:37:03 Role color: 'Jeff' changed from #80ef15 to #d1efc2
2018-04-30 17:37:13 Role color: 'Jeff' changed from #d1efc2 to #60f00c
2018-04-30 17:37:23 Role color: 'Jeff' changed from #60f00c to #943d2c
2018-04-30 17:37:33 Role color: 'Jeff' changed from #943d2c to #e205c5
2018-04-30 17:37:49 Role color: 'Jeff' changed from #e205c5 to #9a98a7
2018-04-30 17:37:53 Role color: 'Jeff' changed from #9a98a7 to #b41745
2018-04-30 17:38:04 Role color: 'Jeff' changed from #b41745 to #194739
2018-04-30 17:38:13 Role color: 'Jeff' changed from #194739 to #8d2eda
2018-04-30 17:38:23 Role color: 'Jeff' changed from #8d2eda to #7ce390
2018-04-30 17:38:33 Role color: 'Jeff' changed from #7ce390 to #43ee8e
2018-04-30 17:38:43 Role color: 'Jeff' changed from #43ee8e to #7b9ad8
2018-04-30 17:38:54 Role color: 'Jeff' changed from #7b9ad8 to #98bdea
2018-04-30 17:39:02 Role color: 'Jeff' changed from #98bdea to #762945
2018-04-30 17:39:17 Role color: 'Jeff' changed from #762945 to #26123a
2018-04-30 17:39:34 Role color: 'Jeff' changed from #26123a to #1941c2
2018-04-30 17:39:44 Role color: 'Jeff' changed from #1941c2 to #f6b435
2018-04-30 17:39:59 Role color: 'Jeff' changed from #f6b435 to #58617e
2018-04-30 17:40:05 Role color: 'Jeff' changed from #58617e to #fe8df8
2018-04-30 17:40:21 Role color: 'Jeff' changed from #fe8df8 to #054093
2018-04-30 17:40:30 Role color: 'Jeff' changed from #054093 to #f6b50f
2018-04-30 17:41:05 Role color: 'Jeff' changed from #f6b50f to #19c201
2018-04-30 17:41:14 Role color: 'Jeff' changed from #19c201 to #a3d634
2018-04-30 17:41:24 Role color: 'Jeff' changed from #a3d634 to #3933d3
2018-04-30 17:41:53 Role color: 'Jeff' changed from #3933d3 to #057c0d
2018-04-30 17:42:03 Role color: 'Jeff' changed from #057c0d to #df323e
2018-04-30 17:42:12 Role color: 'Jeff' changed from #df323e to #9fdb07
2018-04-30 17:45:56 Role color: 'Jeff' changed from #ce647c to #36895c
2018-04-30 17:46:06 Role color: 'Jeff' changed from #36895c to #b308d4
2018-04-30 17:46:17 Role color: 'Jeff' changed from #b308d4 to #bbb902
2018-04-30 17:46:27 Role color: 'Jeff' changed from #bbb902 to #1b608b
2018-04-30 17:46:38 Role color: 'Jeff' changed from #1b608b to #7603f8
2018-04-30 17:46:48 Role color: 'Jeff' changed from #7603f8 to #f0dc67
2018-04-30 17:47:10 Role color: 'Jeff' changed from #f0dc67 to #31f67f
2018-04-30 17:47:20 Role color: 'Jeff' changed from #31f67f to #208774
2018-04-30 17:47:36 Role color: 'Jeff' changed from #208774 to #0dfc8c
2018-04-30 17:47:46 Role color: 'Jeff' changed from #0dfc8c to #884caf
2018-04-30 17:48:02 Role color: 'Jeff' changed from #884caf to #1b7861
2018-04-30 17:48:14 Role color: 'Jeff' changed from #1b7861 to #a8dec9
2018-04-30 17:48:28 Role color: 'Jeff' changed from #a8dec9 to #757e25
2018-04-30 17:48:38 Role color: 'Jeff' changed from #757e25 to #d9e020
2018-04-30 17:48:48 Role color: 'Jeff' changed from #d9e020 to #7f6a86
2018-04-30 17:48:58 Role color: 'Jeff' changed from #7f6a86 to #49aacd
2018-04-30 17:49:25 Role color: 'Jeff' changed from #49aacd to #564159
2018-04-30 17:50:01 Role color: 'Jeff' changed from #564159 to #4a3254
2018-04-30 17:50:11 Role color: 'Jeff' changed from #4a3254 to #a73bc9
2018-04-30 17:50:22 Role color: 'Jeff' changed from #a73bc9 to #3ab36e
2018-04-30 17:50:32 Role color: 'Jeff' changed from #3ab36e to #930e22
2018-04-30 17:50:41 Role color: 'Jeff' changed from #930e22 to #8b8985
2018-04-30 17:50:51 Role color: 'Jeff' changed from #8b8985 to #cfc61a
2018-04-30 17:51:01 Role color: 'Jeff' changed from #cfc61a to #fcc636
2018-04-30 17:51:11 Role color: 'Jeff' changed from #fcc636 to #313138
2018-04-30 17:51:21 Role color: 'Jeff' changed from #313138 to #1763b5
2018-04-30 17:51:43 Role color: 'Jeff' changed from #e83cce to #2f0876
2018-04-30 17:51:56 Role color: 'Jeff' changed from #2f0876 to #4d8da7
2018-04-30 17:52:06 Role color: 'Jeff' changed from #4d8da7 to #a4011b
2018-04-30 17:52:16 Role color: 'Jeff' changed from #a4011b to #49782e
2018-04-30 17:52:26 Role color: 'Jeff' changed from #49782e to #8221cd
2018-04-30 17:52:38 Role color: 'Jeff' changed from #8221cd to #a583e8
2018-04-30 17:52:52 Role color: 'Jeff' changed from #a583e8 to #38dd8e
2018-04-30 17:52:57 Role color: 'Jeff' changed from #38dd8e to #fa405d
2018-04-30 17:53:12 Role color: 'Jeff' changed from #fa405d to #4acb4e
2018-04-30 17:57:47 Role color: 'Jeff' changed from #29d423 to #a30d4d
2018-04-30 17:58:15 Role color: 'Jeff' changed from #a30d4d to #daccb5
2018-04-30 17:58:25 Role color: 'Jeff' changed from #daccb5 to #6b88ba
2018-04-30 17:58:35 Role color: 'Jeff' changed from #6b88ba to #a9b78f
2018-04-30 17:58:45 Role color: 'Jeff' changed from #a9b78f to #313b5e
2018-04-30 17:58:56 Role color: 'Jeff' changed from #313b5e to #ce462f
2018-04-30 17:59:06 Role color: 'Jeff' changed from #ce462f to #bff8f8
2018-04-30 17:59:16 Role color: 'Jeff' changed from #bff8f8 to #5b2c3f
2018-04-30 17:59:26 Role color: 'Jeff' changed from #5b2c3f to #ec9230
2018-04-30 17:59:36 Role color: 'Jeff' changed from #ec9230 to #bca1f0
2018-04-30 18:00:06 Role color: 'Jeff' changed from #bca1f0 to #3f72ea
2018-04-30 18:00:15 Role color: 'Jeff' changed from #3f72ea to #f44fa2
2018-04-30 18:00:26 Role color: 'Jeff' changed from #f44fa2 to #d43bba
2018-04-30 18:00:36 Role color: 'Jeff' changed from #d43bba to #4259c6
2018-04-30 18:00:46 Role color: 'Jeff' changed from #4259c6 to #99a1ff
2018-04-30 18:00:57 Role color: 'Jeff' changed from #99a1ff to #3853cb
2018-04-30 18:01:07 Role color: 'Jeff' changed from #3853cb to #89f7b3
2018-04-30 18:01:22 Role color: 'Jeff' changed from #89f7b3 to #1213b9
2018-04-30 18:01:27 Role color: 'Jeff' changed from #1213b9 to #12ecfe
2018-04-30 18:01:37 Role color: 'Jeff' changed from #12ecfe to #7fddac
2018-04-30 18:01:48 Role color: 'Jeff' changed from #7fddac to #53d7c0
2018-04-30 18:01:58 Role color: 'Jeff' changed from #53d7c0 to #59879f
2018-04-30 18:02:10 Role color: 'Jeff' changed from #59879f to #aecb44
2018-04-30 18:02:17 Role color: 'Jeff' changed from #aecb44 to #d09ba5
2018-04-30 18:02:27 Role color: 'Jeff' changed from #d09ba5 to #47bea2
2018-04-30 18:08:36 Role color: 'Jeff' changed from #b97bd5 to #85ee49
2018-04-30 18:08:50 Role color: 'Jeff' changed from #85ee49 to #b13399
2018-04-30 18:09:18 Role color: 'Jeff' changed from #b13399 to #923d0d
2018-04-30 18:09:28 Role color: 'Jeff' changed from #923d0d to #0e1e18
2018-04-30 18:09:41 Role color: 'Jeff' changed from #0e1e18 to #cd6d19
2018-04-30 18:09:48 Role color: 'Jeff' changed from #cd6d19 to #821256
2018-04-30 18:09:58 Role color: 'Jeff' changed from #821256 to #98c1ec
2018-04-30 18:10:09 Role color: 'Jeff' changed from #98c1ec to #c24547
2018-04-30 18:10:31 Role color: 'Jeff' changed from #c24547 to #6b1405
2018-04-30 18:10:47 Role color: 'Jeff' changed from #6b1405 to #478ab1
2018-04-30 18:11:15 Role color: 'Jeff' changed from #478ab1 to #51494c
2018-04-30 18:11:26 Role color: 'Jeff' changed from #51494c to #00c174
2018-04-30 18:11:36 Role color: 'Jeff' changed from #00c174 to #dc369d
2018-04-30 18:11:52 Role color: 'Jeff' changed from #dc369d to #149695
2018-04-30 18:11:56 Role color: 'Jeff' changed from #149695 to #5cc8f3
2018-04-30 18:12:06 Role color: 'Jeff' changed from #5cc8f3 to #216a93
2018-04-30 18:12:16 Role color: 'Jeff' changed from #216a93 to #d6a594
2018-04-30 18:12:26 Role color: 'Jeff' changed from #d6a594 to #4c93e6
2018-04-30 18:12:36 Role color: 'Jeff' changed from #4c93e6 to #348e77
2018-04-30 18:12:46 Role color: 'Jeff' changed from #348e77 to #4ed33a
2018-04-30 18:12:57 Role color: 'Jeff' changed from #4ed33a to #e590a3
2018-04-30 18:13:14 Role color: 'Jeff' changed from #e590a3 to #7748bd
2018-04-30 18:13:35 Role color: 'Jeff' changed from #7748bd to #1db840
2018-04-30 18:13:45 Role color: 'Jeff' changed from #1db840 to #b3dbe3
2018-04-30 18:14:03 Role color: 'Jeff' changed from #b3dbe3 to #67a511
2018-04-30 18:14:11 Role color: 'Jeff' changed from #67a511 to #9049fe
2018-04-30 18:14:21 Role color: 'Jeff' changed from #9049fe to #099945
2018-04-30 18:14:31 Role color: 'Jeff' changed from #099945 to #eba534
2018-04-30 18:14:41 Role color: 'Jeff' changed from #eba534 to #e125d1
2018-04-30 18:14:51 Role color: 'Jeff' changed from #e125d1 to #22edcb
2018-04-30 18:15:01 Role color: 'Jeff' changed from #22edcb to #244d3b
2018-04-30 18:15:11 Role color: 'Jeff' changed from #244d3b to #da7af3
2018-04-30 18:15:21 Role color: 'Jeff' changed from #da7af3 to #b9bbe9
2018-04-30 18:15:31 Role color: 'Jeff' changed from #b9bbe9 to #24b728
2018-04-30 18:15:42 Role color: 'Jeff' changed from #24b728 to #e11c59
2018-04-30 18:15:52 Role color: 'Jeff' changed from #e11c59 to #6670cf
2018-04-30 18:21:38 Role color: 'Jeff' changed from #fb82d8 to #74f3aa
2018-04-30 18:21:47 Role color: 'Jeff' changed from #74f3aa to #8c77b0
2018-04-30 18:22:03 Role color: 'Jeff' changed from #8c77b0 to #b757a8
2018-04-30 18:22:20 Role color: 'Jeff' changed from #b757a8 to #5bb859
2018-04-30 18:22:39 Role color: 'Jeff' changed from #5bb859 to #b0baaf
2018-04-30 18:22:47 Role color: 'Jeff' changed from #b0baaf to #6d9a15
2018-04-30 18:22:57 Role color: 'Jeff' changed from #6d9a15 to #81f98f
2018-04-30 18:23:08 Role color: 'Jeff' changed from #81f98f to #0619b0
2018-04-30 18:23:37 Role color: 'Jeff' changed from #0619b0 to #2280a2
2018-04-30 18:23:47 Role color: 'Jeff' changed from #2280a2 to #690b81
2018-04-30 18:23:57 Role color: 'Jeff' changed from #690b81 to #28ece4
2018-04-30 18:24:07 Role color: 'Jeff' changed from #28ece4 to #24ffe2
2018-04-30 18:24:19 Role color: 'Jeff' changed from #24ffe2 to #f982a7
2018-04-30 18:24:35 Role color: 'Jeff' changed from #f982a7 to #2034b7
2018-04-30 18:24:45 Role color: 'Jeff' changed from #2034b7 to #28ffb4
2018-04-30 18:24:55 Role color: 'Jeff' changed from #28ffb4 to #ee5aff
2018-04-30 18:25:12 Role color: 'Jeff' changed from #ee5aff to #fa1692
2018-04-30 18:25:22 Role color: 'Jeff' changed from #fa1692 to #305c5a
2018-04-30 18:25:32 Role color: 'Jeff' changed from #305c5a to #d00e11
2018-04-30 18:25:43 Role color: 'Jeff' changed from #d00e11 to #ec8680
2018-04-30 18:25:53 Role color: 'Jeff' changed from #ec8680 to #ee5270
2018-04-30 18:26:17 Role color: 'Jeff' changed from #eadd41 to #8e6f94
2018-04-30 18:26:23 Role color: 'Jeff' changed from #8e6f94 to #d127cc
2018-04-30 18:26:33 Role color: 'Jeff' changed from #d127cc to #aa1e3a
2018-04-30 18:26:44 Role color: 'Jeff' changed from #aa1e3a to #98159a
2018-04-30 18:26:54 Role color: 'Jeff' changed from #98159a to #d0f744
2018-04-30 18:27:04 Role color: 'Jeff' changed from #d0f744 to #7e66b5
2018-04-30 18:27:14 Role color: 'Jeff' changed from #7e66b5 to #8244eb
2018-04-30 18:27:31 Role color: 'Jeff' changed from #8244eb to #7ac6e0
2018-04-30 18:27:41 Role color: 'Jeff' changed from #7ac6e0 to #d9239c
2018-04-30 18:27:51 Role color: 'Jeff' changed from #d9239c to #30b494
2018-04-30 18:28:01 Role color: 'Jeff' changed from #30b494 to #0b5515
2018-04-30 18:28:18 Role color: 'Jeff' changed from #0b5515 to #40dd41
2018-04-30 18:28:35 Role color: 'Jeff' changed from #40dd41 to #1a50e7
2018-04-30 18:28:45 Role color: 'Jeff' changed from #1a50e7 to #c146ed
2018-04-30 18:28:55 Role color: 'Jeff' changed from #c146ed to #122f61
2018-04-30 18:30:36 Role color: 'Jeff' changed from #c06087 to #b3901e
2018-04-30 18:30:46 Role color: 'Jeff' changed from #b3901e to #ffc3c0
2018-04-30 18:30:56 Role color: 'Jeff' changed from #ffc3c0 to #a0cbb1
2018-04-30 18:31:06 Role color: 'Jeff' changed from #a0cbb1 to #f80974
2018-04-30 18:31:17 Role color: 'Jeff' changed from #f80974 to #78f734
2018-04-30 18:31:33 Role color: 'Jeff' changed from #78f734 to #0e58e4
2018-04-30 18:31:48 Role color: 'Jeff' changed from #0e58e4 to #2c328a
2018-04-30 18:31:55 Role color: 'Jeff' changed from #2c328a to #561e03
2018-04-30 18:32:05 Role color: 'Jeff' changed from #561e03 to #c162e9
2018-04-30 18:32:15 Role color: 'Jeff' changed from #c162e9 to #29972c
2018-04-30 18:32:26 Role color: 'Jeff' changed from #29972c to #43645c
2018-04-30 18:32:37 Role color: 'Jeff' changed from #43645c to #a3b7c0
2018-04-30 18:32:53 Role color: 'Jeff' changed from #a3b7c0 to #973a3a
2018-04-30 18:33:04 Role color: 'Jeff' changed from #973a3a to #6f063e
2018-04-30 18:33:20 Role color: 'Jeff' changed from #6f063e to #baa6ff
2018-04-30 18:33:30 Role color: 'Jeff' changed from #baa6ff to #9df836
2018-04-30 18:33:41 Role color: 'Jeff' changed from #9df836 to #5f8286
2018-04-30 18:33:52 Role color: 'Jeff' changed from #5f8286 to #1da6ae
2018-04-30 18:34:02 Role color: 'Jeff' changed from #1da6ae to #99be88
2018-04-30 18:34:12 Role color: 'Jeff' changed from #99be88 to #47d122
2018-04-30 18:34:22 Role color: 'Jeff' changed from #47d122 to #1ac142
2018-04-30 18:34:39 Role color: 'Jeff' changed from #1ac142 to #cc04db
2018-04-30 18:34:49 Role color: 'Jeff' changed from #cc04db to #e7edcc
2018-04-30 18:35:02 Role color: 'Jeff' changed from #e7edcc to #33101c
2018-04-30 18:35:09 Role color: 'Jeff' changed from #33101c to #f427b6
2018-04-30 18:35:20 Role color: 'Jeff' changed from #f427b6 to #b9db2b
2018-04-30 18:35:30 Role color: 'Jeff' changed from #b9db2b to #762cd9
2018-04-30 18:35:41 Role color: 'Jeff' changed from #762cd9 to #75d8ce
2018-04-30 18:35:58 Role color: 'Jeff' changed from #75d8ce to #de5823
2018-04-30 18:36:08 Role color: 'Jeff' changed from #de5823 to #68c7bd
2018-04-30 18:36:25 Role color: 'Jeff' changed from #68c7bd to #e08a4f
2018-04-30 18:36:36 Role color: 'Jeff' changed from #e08a4f to #f51dfd
2018-04-30 18:36:46 Role color: 'Jeff' changed from #f51dfd to #7ffbe8
2018-04-30 18:36:57 Role color: 'Jeff' changed from #7ffbe8 to #3517a0
2018-04-30 18:37:33 Role color: 'Jeff' changed from #3517a0 to #aefc64
2018-04-30 18:38:08 Role color: 'Jeff' changed from #aefc64 to #4c9a7c
2018-04-30 18:38:20 Role color: 'Jeff' changed from #4c9a7c to #a184f3
2018-04-30 18:38:30 Role color: 'Jeff' changed from #a184f3 to #b07dc6
2018-04-30 18:38:40 Role color: 'Jeff' changed from #b07dc6 to #ff1efe
2018-04-30 18:38:50 Role color: 'Jeff' changed from #ff1efe to #fd7504
2018-04-30 18:39:00 Role color: 'Jeff' changed from #fd7504 to #360596
2018-04-30 18:39:26 Role color: 'Jeff' changed from #360596 to #86d434
2018-04-30 18:39:27 Role color: 'Jeff' changed from #86d434 to #9216d7
2018-04-30 18:39:38 Role color: 'Jeff' changed from #9216d7 to #306b66
2018-04-30 18:39:54 Role color: 'Jeff' changed from #306b66 to #108bc7
2018-04-30 18:40:05 Role color: 'Jeff' changed from #108bc7 to #06f48b
2018-04-30 18:40:15 Role color: 'Jeff' changed from #06f48b to #878567
2018-04-30 18:40:25 Role color: 'Jeff' changed from #878567 to #2115e8
2018-04-30 18:40:36 Role color: 'Jeff' changed from #2115e8 to #e8d051
2018-04-30 18:40:47 Role color: 'Jeff' changed from #e8d051 to #c9d591
2018-04-30 18:41:03 Role color: 'Jeff' changed from #c9d591 to #1575b8
2018-04-30 18:41:13 Role color: 'Jeff' changed from #1575b8 to #5d84d5
2018-04-30 18:41:42 Role color: 'Jeff' changed from #5d84d5 to #12e5b7
2018-04-30 18:41:47 Role color: 'Jeff' changed from #12e5b7 to #7fbb14
2018-04-30 18:42:03 Role color: 'Jeff' changed from #7fbb14 to #d7c205
2018-04-30 18:42:13 Role color: 'Jeff' changed from #d7c205 to #4447ce
2018-04-30 18:42:23 Role color: 'Jeff' changed from #4447ce to #5f7129
2018-04-30 18:42:34 Role color: 'Jeff' changed from #5f7129 to #997257
2018-04-30 18:42:49 Role color: 'Jeff' changed from #997257 to #4128e5
2018-04-30 18:43:01 Role color: 'Jeff' changed from #4128e5 to #af675d
2018-04-30 18:43:11 Role color: 'Jeff' changed from #af675d to #1be91a
2018-04-30 18:43:23 Role color: 'Jeff' changed from #1be91a to #3279a0
2018-04-30 18:43:46 Role color: 'Jeff' changed from #3279a0 to #990cda
2018-04-30 18:43:56 Role color: 'Jeff' changed from #990cda to #577faf
2018-04-30 18:44:06 Role color: 'Jeff' changed from #577faf to #7fb0a5
2018-04-30 18:44:17 Role color: 'Jeff' changed from #7fb0a5 to #98744b
2018-04-30 18:44:33 Role color: 'Jeff' changed from #98744b to #98a852
2018-04-30 18:44:51 Role color: 'Jeff' changed from #98a852 to #e65b98
2018-04-30 18:45:08 Role color: 'Jeff' changed from #e65b98 to #ebecb5
2018-04-30 18:45:25 Role color: 'Jeff' changed from #ebecb5 to #d3078a
2018-04-30 18:45:43 Role color: 'Jeff' changed from #d3078a to #dd2613
2018-04-30 18:45:54 Role color: 'Jeff' changed from #dd2613 to #ebf14b
2018-04-30 18:46:12 Role color: 'Jeff' changed from #ebf14b to #fa16b6
2018-04-30 18:46:16 Role color: 'Jeff' changed from #fa16b6 to #8b691d
2018-04-30 18:46:28 Role color: 'Jeff' changed from #8b691d to #42f69c
2018-04-30 18:46:38 Role color: 'Jeff' changed from #42f69c to #035fd8
2018-04-30 18:46:48 Role color: 'Jeff' changed from #035fd8 to #0d5660
2018-04-30 18:46:59 Role color: 'Jeff' changed from #0d5660 to #13c405
2018-04-30 18:47:19 Role color: 'Jeff' changed from #13c405 to #3ce068
2018-04-30 18:47:26 Role color: 'Jeff' changed from #3ce068 to #3f8f2e
2018-04-30 18:47:42 Role color: 'Jeff' changed from #3f8f2e to #aa733c
2018-04-30 18:47:53 Role color: 'Jeff' changed from #aa733c to #125f2e
2018-04-30 18:48:04 Role color: 'Jeff' changed from #125f2e to #e55995
2018-04-30 18:48:15 Role color: 'Jeff' changed from #e55995 to #1a717d
2018-04-30 18:48:31 Role color: 'Jeff' changed from #1a717d to #1a9bfd
2018-04-30 18:48:41 Role color: 'Jeff' changed from #1a9bfd to #daecba
2018-04-30 18:48:59 Role color: 'Jeff' changed from #daecba to #c7722f
2018-04-30 18:49:10 Role color: 'Jeff' changed from #c7722f to #c9644e
2018-04-30 18:49:20 Role color: 'Jeff' changed from #c9644e to #ca970f
2018-04-30 18:49:32 Role color: 'Jeff' changed from #ca970f to #ac3cfe
2018-04-30 18:49:40 Role color: 'Jeff' changed from #ac3cfe to #b836d8
2018-04-30 18:49:51 Role color: 'Jeff' changed from #b836d8 to #f92859
2018-04-30 18:50:08 Role color: 'Jeff' changed from #f92859 to #cd7521
2018-04-30 18:50:26 Role color: 'Jeff' changed from #cd7521 to #c8323f
2018-04-30 18:50:40 Role color: 'Jeff' changed from #c8323f to #513f3b
2018-04-30 18:50:46 Role color: 'Jeff' changed from #513f3b to #c49d23
2018-04-30 18:50:57 Role color: 'Jeff' changed from #c49d23 to #acd63f
2018-04-30 18:51:14 Role color: 'Jeff' changed from #acd63f to #b4e2f3
2018-04-30 18:51:24 Role color: 'Jeff' changed from #b4e2f3 to #422bba
2018-04-30 18:51:34 Role color: 'Jeff' changed from #422bba to #7ec824
2018-04-30 18:51:45 Role color: 'Jeff' changed from #7ec824 to #59bf3e
2018-04-30 18:51:55 Role color: 'Jeff' changed from #59bf3e to #fe1b17
2018-04-30 18:52:05 Role color: 'Jeff' changed from #fe1b17 to #0c41c3
2018-04-30 18:52:16 Role color: 'Jeff' changed from #0c41c3 to #0f9dad
2018-04-30 18:52:26 Role color: 'Jeff' changed from #0f9dad to #7a7330
2018-04-30 18:52:43 Role color: 'Jeff' changed from #7a7330 to #57c05b
2018-04-30 18:52:53 Role color: 'Jeff' changed from #57c05b to #9e9205
2018-04-30 18:53:11 Role color: 'Jeff' changed from #9e9205 to #5c72f4
2018-04-30 18:53:21 Role color: 'Jeff' changed from #5c72f4 to #f3d535
2018-04-30 18:53:31 Role color: 'Jeff' changed from #f3d535 to #c85eae
2018-04-30 18:53:42 Role color: 'Jeff' changed from #c85eae to #a63f7d
2018-04-30 18:53:59 Role color: 'Jeff' changed from #a63f7d to #d0181e
2018-04-30 18:54:09 Role color: 'Jeff' changed from #d0181e to #1c4677
2018-04-30 18:54:19 Role color: 'Jeff' changed from #1c4677 to #1f00a7
2018-04-30 18:54:36 Role color: 'Jeff' changed from #1f00a7 to #2949d8
2018-04-30 18:54:47 Role color: 'Jeff' changed from #2949d8 to #810260
2018-04-30 18:55:00 Role color: 'Jeff' changed from #810260 to #22dc38
2018-04-30 18:55:08 Role color: 'Jeff' changed from #22dc38 to #9be876
2018-04-30 18:55:18 Role color: 'Jeff' changed from #9be876 to #e7df09
2018-04-30 18:55:28 Role color: 'Jeff' changed from #e7df09 to #ac5a67
2018-04-30 18:55:39 Role color: 'Jeff' changed from #ac5a67 to #72baa7
2018-04-30 18:55:49 Role color: 'Jeff' changed from #72baa7 to #674277
2018-04-30 18:56:06 Role color: 'Jeff' changed from #674277 to #b534b6
2018-04-30 18:56:10 Role color: 'Jeff' changed from #b534b6 to #8cf954
2018-04-30 18:56:20 Role color: 'Jeff' changed from #8cf954 to #b3e8d3
2018-04-30 18:56:31 Role color: 'Jeff' changed from #b3e8d3 to #923c2a
2018-04-30 18:56:43 Role color: 'Jeff' changed from #923c2a to #20be6a
2018-04-30 18:57:00 Role color: 'Jeff' changed from #20be6a to #9ac96e
2018-04-30 18:57:12 Role color: 'Jeff' changed from #9ac96e to #e2bbd2
2018-04-30 18:57:45 Role color: 'Jeff' changed from #e2bbd2 to #795166
2018-04-30 18:57:56 Role color: 'Jeff' changed from #795166 to #e540a5
2018-04-30 18:58:07 Role color: 'Jeff' changed from #e540a5 to #6826c4
2018-04-30 18:58:19 Role color: 'Jeff' changed from #6826c4 to #e4267f
2018-04-30 18:58:28 Role color: 'Jeff' changed from #e4267f to #0373d7
2018-04-30 18:58:38 Role color: 'Jeff' changed from #0373d7 to #b3b861
2018-04-30 18:59:01 Role color: 'Jeff' changed from #b3b861 to #740ccc
2018-04-30 18:59:11 Role color: 'Jeff' changed from #740ccc to #0f6712
2018-04-30 18:59:28 Role color: 'Jeff' changed from #0f6712 to #1c5db2
2018-04-30 18:59:38 Role color: 'Jeff' changed from #1c5db2 to #df769c
2018-04-30 18:59:49 Role color: 'Jeff' changed from #df769c to #c7663e
2018-04-30 19:00:00 Role color: 'Jeff' changed from #c7663e to #015a9e
2018-04-30 19:00:23 Role color: 'Jeff' changed from #015a9e to #65f468
2018-04-30 19:00:34 Role color: 'Jeff' changed from #65f468 to #f8abbc
2018-04-30 19:00:51 Role color: 'Jeff' changed from #f8abbc to #b76d76
2018-04-30 19:01:01 Role color: 'Jeff' changed from #b76d76 to #837c1b
2018-04-30 19:01:12 Role color: 'Jeff' changed from #837c1b to #0b873a
2018-04-30 19:01:23 Role color: 'Jeff' changed from #0b873a to #3e3ad2
2018-04-30 19:01:47 Role color: 'Jeff' changed from #3e3ad2 to #30c1ab
2018-04-30 19:01:57 Role color: 'Jeff' changed from #30c1ab to #97fc5d
2018-04-30 19:02:08 Role color: 'Jeff' changed from #97fc5d to #1e0eef
2018-04-30 19:02:19 Role color: 'Jeff' changed from #1e0eef to #5e2e09
2018-04-30 19:02:30 Role color: 'Jeff' changed from #5e2e09 to #71b61e
2018-04-30 19:02:47 Role color: 'Jeff' changed from #71b61e to #207a34
2018-04-30 19:02:57 Role color: 'Jeff' changed from #207a34 to #3efd0e
2018-04-30 19:03:08 Role color: 'Jeff' changed from #3efd0e to #858ede
2018-04-30 19:03:19 Role color: 'Jeff' changed from #858ede to #54ece6
2018-04-30 19:03:29 Role color: 'Jeff' changed from #54ece6 to #f5070a
2018-04-30 19:03:40 Role color: 'Jeff' changed from #f5070a to #c994b5
2018-04-30 19:03:53 Role color: 'Jeff' changed from #c994b5 to #f93650
2018-04-30 19:04:01 Role color: 'Jeff' changed from #f93650 to #d7380c
2018-04-30 19:04:12 Role color: 'Jeff' changed from #d7380c to #4c91fa
2018-04-30 19:04:22 Role color: 'Jeff' changed from #4c91fa to #34b3fe
2018-04-30 19:04:33 Role color: 'Jeff' changed from #34b3fe to #301084
2018-04-30 19:04:44 Role color: 'Jeff' changed from #301084 to #611bf8
2018-04-30 19:05:02 Role color: 'Jeff' changed from #611bf8 to #b3e198
2018-04-30 19:05:05 Role color: 'Jeff' changed from #b3e198 to #df9aad
2018-04-30 19:05:16 Role color: 'Jeff' changed from #df9aad to #9a9c8a
2018-04-30 19:05:26 Role color: 'Jeff' changed from #9a9c8a to #39aa29
2018-04-30 19:05:36 Role color: 'Jeff' changed from #39aa29 to #1fea20
2018-04-30 19:05:53 Role color: 'Jeff' changed from #1fea20 to #94c289
2018-04-30 19:06:09 Role color: 'Jeff' changed from #94c289 to #83c275
2018-04-30 19:06:21 Role color: 'Jeff' changed from #83c275 to #5353bf
2018-04-30 19:06:38 Role color: 'Jeff' changed from #5353bf to #c6ccd0
2018-04-30 19:06:55 Role color: 'Jeff' changed from #c6ccd0 to #9ec778
2018-04-30 19:07:05 Role color: 'Jeff' changed from #9ec778 to #8e470e
2018-04-30 19:07:17 Role color: 'Jeff' changed from #8e470e to #4bf05b
2018-04-30 19:07:26 Role color: 'Jeff' changed from #4bf05b to #fc762e
2018-04-30 19:07:37 Role color: 'Jeff' changed from #fc762e to #2f478e
2018-04-30 19:07:47 Role color: 'Jeff' changed from #2f478e to #89e195
2018-04-30 19:07:58 Role color: 'Jeff' changed from #89e195 to #7810e0
2018-04-30 19:08:15 Role color: 'Jeff' changed from #7810e0 to #596952
2018-04-30 19:08:26 Role color: 'Jeff' changed from #596952 to #29ac11
2018-04-30 19:08:37 Role color: 'Jeff' changed from #29ac11 to #041c3d
2018-04-30 19:08:47 Role color: 'Jeff' changed from #041c3d to #045a16
2018-04-30 19:08:58 Role color: 'Jeff' changed from #045a16 to #4a1b2f
2018-04-30 19:09:15 Role color: 'Jeff' changed from #4a1b2f to #ff4a5c
2018-04-30 19:09:31 Role color: 'Jeff' changed from #ff4a5c to #1d8786
2018-04-30 19:09:36 Role color: 'Jeff' changed from #1d8786 to #06d1ee
2018-04-30 19:09:54 Role color: 'Jeff' changed from #06d1ee to #b1c94c
2018-04-30 19:10:05 Role color: 'Jeff' changed from #b1c94c to #4706d0
2018-04-30 19:10:28 Role color: 'Jeff' changed from #4706d0 to #57a2bc
2018-04-30 19:10:40 Role color: 'Jeff' changed from #57a2bc to #31d7c8
2018-04-30 19:10:55 Role color: 'Jeff' changed from #31d7c8 to #b603d7
2018-04-30 19:11:06 Role color: 'Jeff' changed from #b603d7 to #47875c
2018-04-30 19:11:17 Role color: 'Jeff' changed from #47875c to #3aa90e
2018-04-30 19:11:28 Role color: 'Jeff' changed from #3aa90e to #a6db62
2018-04-30 19:11:38 Role color: 'Jeff' changed from #a6db62 to #333c89
2018-04-30 19:11:48 Role color: 'Jeff' changed from #333c89 to #a0cce5
2018-04-30 19:11:59 Role color: 'Jeff' changed from #a0cce5 to #5a3b5d
2018-04-30 19:12:17 Role color: 'Jeff' changed from #5a3b5d to #624f31
2018-04-30 19:12:27 Role color: 'Jeff' changed from #624f31 to #09ce0e
2018-04-30 19:12:44 Role color: 'Jeff' changed from #09ce0e to #fd5dba
2018-04-30 19:12:57 Role color: 'Jeff' changed from #fd5dba to #3f8eff
2018-04-30 19:13:12 Role color: 'Jeff' changed from #3f8eff to #f7045d
2018-04-30 19:13:23 Role color: 'Jeff' changed from #f7045d to #c17e7e
2018-04-30 19:13:34 Role color: 'Jeff' changed from #c17e7e to #d41439
2018-04-30 19:13:44 Role color: 'Jeff' changed from #d41439 to #bebc74
2018-04-30 19:13:55 Role color: 'Jeff' changed from #bebc74 to #a7f149
2018-04-30 19:14:06 Role color: 'Jeff' changed from #a7f149 to #e3dac7
2018-04-30 19:14:29 Role color: 'Jeff' changed from #e3dac7 to #2db182
2018-04-30 19:14:39 Role color: 'Jeff' changed from #2db182 to #ea4e1a
2018-04-30 19:14:50 Role color: 'Jeff' changed from #ea4e1a to #c0d9dd
2018-04-30 19:15:12 Role color: 'Jeff' changed from #c0d9dd to #acc733
2018-04-30 19:15:18 Role color: 'Jeff' changed from #acc733 to #8d1819
2018-04-30 19:15:28 Role color: 'Jeff' changed from #8d1819 to #de9aa9
2018-04-30 19:15:38 Role color: 'Jeff' changed from #de9aa9 to #ba62f4
2018-04-30 19:15:55 Role color: 'Jeff' changed from #ba62f4 to #b8a97a
2018-04-30 19:16:07 Role color: 'Jeff' changed from #b8a97a to #0e7bb0
2018-04-30 19:16:20 Role color: 'Jeff' changed from #0e7bb0 to #79ebb0
2018-04-30 19:16:33 Role color: 'Jeff' changed from #79ebb0 to #0fefd1
2018-04-30 19:16:44 Role color: 'Jeff' changed from #0fefd1 to #4557ad
2018-04-30 19:16:55 Role color: 'Jeff' changed from #4557ad to #e756f3
2018-04-30 19:17:13 Role color: 'Jeff' changed from #e756f3 to #d0bbaa
2018-04-30 19:17:30 Role color: 'Jeff' changed from #d0bbaa to #1ff62c
2018-04-30 19:17:40 Role color: 'Jeff' changed from #1ff62c to #949c24
2018-04-30 19:18:06 Role color: 'Jeff' changed from #949c24 to #f24b24
2018-04-30 19:18:24 Role color: 'Jeff' changed from #f24b24 to #b5e027
2018-04-30 19:18:35 Role color: 'Jeff' changed from #b5e027 to #78ebbc
2018-04-30 19:18:46 Role color: 'Jeff' changed from #78ebbc to #34676f
2018-04-30 19:19:03 Role color: 'Jeff' changed from #34676f to #9216b0
2018-04-30 19:19:13 Role color: 'Jeff' changed from #9216b0 to #28df27
2018-04-30 19:19:30 Role color: 'Jeff' changed from #28df27 to #212121
2018-04-30 19:19:47 Role color: 'Jeff' changed from #212121 to #7aec06
2018-04-30 19:19:58 Role color: 'Jeff' changed from #7aec06 to #cdd273
2018-04-30 19:20:09 Role color: 'Jeff' changed from #cdd273 to #e136e7
2018-04-30 19:20:26 Role color: 'Jeff' changed from #e136e7 to #8be2e8
2018-04-30 19:20:44 Role color: 'Jeff' changed from #8be2e8 to #90c5f5
2018-04-30 19:20:51 Role color: 'Jeff' changed from #90c5f5 to #24c5e2
2018-04-30 19:21:02 Role color: 'Jeff' changed from #24c5e2 to #342574
2018-04-30 19:21:23 Role color: 'Jeff' changed from #342574 to #cfe706
2018-04-30 19:21:35 Role color: 'Jeff' changed from #cfe706 to #25dc84
2018-04-30 19:21:53 Role color: 'Jeff' changed from #25dc84 to #13630d
2018-04-30 19:22:05 Role color: 'Jeff' changed from #13630d to #93b3a6
2018-04-30 19:22:17 Role color: 'Jeff' changed from #93b3a6 to #e5d3a0
2018-04-30 19:22:34 Role color: 'Jeff' changed from #e5d3a0 to #4f7e02
2018-04-30 19:23:06 Role color: 'Jeff' changed from #4f7e02 to #2d3025
2018-04-30 19:23:23 Role color: 'Jeff' changed from #2d3025 to #e2dc73
2018-04-30 19:23:34 Role color: 'Jeff' changed from #e2dc73 to #ef3296
2018-04-30 19:23:44 Role color: 'Jeff' changed from #ef3296 to #020b45
2018-04-30 19:24:01 Role color: 'Jeff' changed from #020b45 to #155480
2018-04-30 19:24:05 Role color: 'Jeff' changed from #155480 to #0233f0
2018-04-30 19:24:23 Role color: 'Jeff' changed from #0233f0 to #1723e2
2018-04-30 19:24:40 Role color: 'Jeff' changed from #1723e2 to #dfd3b9
2018-04-30 19:24:58 Role color: 'Jeff' changed from #dfd3b9 to #6e81ed
2018-04-30 19:25:15 Role color: 'Jeff' changed from #6e81ed to #389079
2018-04-30 19:25:26 Role color: 'Jeff' changed from #389079 to #b5c0b7
2018-04-30 19:25:49 Role color: 'Jeff' changed from #b5c0b7 to #5ca667
2018-04-30 19:25:59 Role color: 'Jeff' changed from #5ca667 to #0574f1
2018-04-30 19:26:12 Role color: 'Jeff' changed from #0574f1 to #7a569f
2018-04-30 19:26:27 Role color: 'Jeff' changed from #7a569f to #6e1f11
2018-04-30 19:26:45 Role color: 'Jeff' changed from #6e1f11 to #a4750f
2018-04-30 19:27:04 Role color: 'Jeff' changed from #a4750f to #47c6c7
2018-04-30 19:27:18 Role color: 'Jeff' changed from #47c6c7 to #811bb6
2018-04-30 19:27:27 Role color: 'Jeff' changed from #811bb6 to #4aa57f
2018-04-30 19:27:37 Role color: 'Jeff' changed from #4aa57f to #df673f
2018-04-30 19:27:50 Role color: 'Jeff' changed from #df673f to #3a50df
2018-04-30 19:28:03 Role color: 'Jeff' changed from #3a50df to #ca1439
2018-04-30 19:28:14 Role color: 'Jeff' changed from #ca1439 to #62d02b
2018-04-30 19:28:25 Role color: 'Jeff' changed from #62d02b to #ff827e
2018-04-30 19:28:42 Role color: 'Jeff' changed from #ff827e to #6df8ab
2018-04-30 19:28:53 Role color: 'Jeff' changed from #6df8ab to #adbb2c
2018-04-30 19:29:04 Role color: 'Jeff' changed from #adbb2c to #fa5105
2018-04-30 19:29:15 Role color: 'Jeff' changed from #fa5105 to #697104
2018-04-30 19:29:40 Role color: 'Jeff' changed from #697104 to #90b419
2018-04-30 19:29:50 Role color: 'Jeff' changed from #90b419 to #ab1f43
2018-04-30 19:30:01 Role color: 'Jeff' changed from #ab1f43 to #9a496a
2018-04-30 19:30:12 Role color: 'Jeff' changed from #9a496a to #bf579c
2018-04-30 19:30:23 Role color: 'Jeff' changed from #bf579c to #e591b1
2018-04-30 19:30:33 Role color: 'Jeff' changed from #e591b1 to #a9bf3c
2018-04-30 19:30:44 Role color: 'Jeff' changed from #a9bf3c to #eb0abb
2018-04-30 19:31:00 Role color: 'Jeff' changed from #eb0abb to #4e97dd
2018-04-30 19:31:18 Role color: 'Jeff' changed from #4e97dd to #5fd7bd
2018-04-30 19:31:28 Role color: 'Jeff' changed from #5fd7bd to #52c6f7
2018-04-30 19:31:39 Role color: 'Jeff' changed from #52c6f7 to #7f3d25
2018-04-30 19:31:57 Role color: 'Jeff' changed from #7f3d25 to #67459c
2018-04-30 19:32:09 Role color: 'Jeff' changed from #67459c to #de2b4a
2018-04-30 19:32:26 Role color: 'Jeff' changed from #de2b4a to #46a8cf
2018-04-30 19:32:36 Role color: 'Jeff' changed from #46a8cf to #658c03
2018-04-30 19:32:49 Role color: 'Jeff' changed from #658c03 to #bae679
2018-04-30 19:32:54 Member leave: @Claserz#1402 (id 340103748732846080)
2018-04-30 19:32:58 Role color: 'Jeff' changed from #bae679 to #c951a2
2018-04-30 19:33:09 Role color: 'Jeff' changed from #c951a2 to #cf09af
2018-04-30 19:33:20 Role color: 'Jeff' changed from #cf09af to #cc68b4
2018-04-30 19:33:30 Role color: 'Jeff' changed from #cc68b4 to #2c69df
2018-04-30 19:33:41 Role color: 'Jeff' changed from #2c69df to #d41c11
2018-04-30 19:33:58 Role color: 'Jeff' changed from #d41c11 to #c30f5e
2018-04-30 19:34:09 Role color: 'Jeff' changed from #c30f5e to #9619f1
2018-04-30 19:34:20 Role color: 'Jeff' changed from #9619f1 to #6f4960
2018-04-30 19:34:37 Role color: 'Jeff' changed from #6f4960 to #d37965
2018-04-30 19:35:03 Role color: 'Jeff' changed from #d37965 to #af73ba
2018-04-30 19:35:06 Role color: 'Jeff' changed from #af73ba to #03d2f8
2018-04-30 19:35:17 Role color: 'Jeff' changed from #03d2f8 to #b1a7a6
2018-04-30 19:35:29 Role color: 'Jeff' changed from #b1a7a6 to #284d99
2018-04-30 19:35:40 Role color: 'Jeff' changed from #284d99 to #fbdcc9
2018-04-30 19:35:52 Role color: 'Jeff' changed from #fbdcc9 to #5b33d9
2018-04-30 19:36:10 Role color: 'Jeff' changed from #5b33d9 to #2bd635
2018-04-30 19:36:14 Role color: 'Jeff' changed from #2bd635 to #633f69
2018-04-30 19:36:25 Role color: 'Jeff' changed from #633f69 to #e7807e
2018-04-30 19:36:36 Role color: 'Jeff' changed from #e7807e to #d98117
2018-04-30 19:36:47 Role color: 'Jeff' changed from #d98117 to #17604a
2018-04-30 19:36:58 Role color: 'Jeff' changed from #17604a to #e6e352
2018-04-30 19:37:09 Role color: 'Jeff' changed from #e6e352 to #901265
2018-04-30 19:37:27 Role color: 'Jeff' changed from #901265 to #3f34df
2018-04-30 19:37:37 Role color: 'Jeff' changed from #3f34df to #5a1ba1
2018-04-30 19:37:48 Role color: 'Jeff' changed from #5a1ba1 to #c303df
2018-04-30 19:38:05 Role color: 'Jeff' changed from #c303df to #777881
2018-04-30 19:38:22 Role color: 'Jeff' changed from #777881 to #4e03a0
2018-04-30 19:38:27 Role color: 'Jeff' changed from #4e03a0 to #3cc5bc
2018-04-30 19:38:38 Role color: 'Jeff' changed from #3cc5bc to #a960b2
2018-04-30 19:38:48 Role color: 'Jeff' changed from #a960b2 to #26a7fd
2018-04-30 19:38:58 Role color: 'Jeff' changed from #26a7fd to #d68046
2018-04-30 19:39:16 Role color: 'Jeff' changed from #d68046 to #f79b7b
2018-04-30 19:39:30 Role color: 'Jeff' changed from #f79b7b to #f787ce
2018-04-30 19:39:37 Role color: 'Jeff' changed from #f787ce to #3aad92
2018-04-30 19:39:47 Role color: 'Jeff' changed from #3aad92 to #3fb3ca
2018-04-30 19:40:05 Role color: 'Jeff' changed from #3fb3ca to #2a7763
2018-04-30 19:40:15 Role color: 'Jeff' changed from #2a7763 to #476764
2018-04-30 19:40:39 Role color: 'Jeff' changed from #476764 to #b2e82b
2018-04-30 19:40:43 Role color: 'Jeff' changed from #b2e82b to #12a0d1
2018-04-30 19:41:00 Role color: 'Jeff' changed from #12a0d1 to #525e56
2018-04-30 19:41:12 Role color: 'Jeff' changed from #525e56 to #932401
2018-04-30 19:41:22 Role color: 'Jeff' changed from #932401 to #8b516e
2018-04-30 19:41:46 Role color: 'Jeff' changed from #8b516e to #5fbc7b
2018-04-30 19:41:51 Role color: 'Jeff' changed from #5fbc7b to #84fa5d
2018-04-30 19:42:01 Role color: 'Jeff' changed from #84fa5d to #d0ae35
2018-04-30 19:42:03 Member role remove: The 'Wait Time: 1h' role was removed from @Liam#7447
2018-04-30 19:42:04 Member role add: 'Wait Time: 1h' role was added to @Liam#7447
2018-04-30 19:42:11 Role color: 'Jeff' changed from #d0ae35 to #f3d148
2018-04-30 19:42:22 Role color: 'Jeff' changed from #f3d148 to #bf6a09
2018-04-30 19:42:40 Role color: 'Jeff' changed from #bf6a09 to #2920ae
2018-04-30 19:42:57 Role color: 'Jeff' changed from #2920ae to #930c78
2018-04-30 19:43:07 Role color: 'Jeff' changed from #930c78 to #01e4bf
2018-04-30 19:43:18 Role color: 'Jeff' changed from #01e4bf to #053114
2018-04-30 19:43:35 Role color: 'Jeff' changed from #053114 to #536143
2018-04-30 19:43:45 Role color: 'Jeff' changed from #536143 to #01c8ef
2018-04-30 19:44:06 Role color: 'Jeff' changed from #01c8ef to #6cfac4
2018-04-30 19:44:08 Role color: 'Jeff' changed from #6cfac4 to #f78ded
2018-04-30 19:44:19 Role color: 'Jeff' changed from #f78ded to #3da4e7
2018-04-30 19:44:29 Role color: 'Jeff' changed from #3da4e7 to #4254bf
2018-04-30 19:44:40 Role color: 'Jeff' changed from #4254bf to #d1ff6a
2018-04-30 19:44:51 Role color: 'Jeff' changed from #d1ff6a to #f677d8
2018-04-30 19:45:01 Role color: 'Jeff' changed from #f677d8 to #5fdbc5
2018-04-30 19:45:17 Role color: 'Jeff' changed from #5fdbc5 to #41edba
2018-04-30 19:45:35 Role color: 'Jeff' changed from #41edba to #c8bdb6
2018-04-30 19:45:46 Role color: 'Jeff' changed from #c8bdb6 to #2d7c71
2018-04-30 19:45:56 Role color: 'Jeff' changed from #2d7c71 to #57088e
2018-04-30 19:46:17 Role color: 'Jeff' changed from #57088e to #b6d7b3
2018-04-30 19:46:31 Role color: 'Jeff' changed from #b6d7b3 to #770a44
2018-04-30 19:46:42 Role color: 'Jeff' changed from #770a44 to #199b13
2018-04-30 19:46:53 Role color: 'Jeff' changed from #199b13 to #ed0d0c
2018-04-30 19:47:04 Role color: 'Jeff' changed from #ed0d0c to #7385f6
2018-04-30 19:47:22 Role color: 'Jeff' changed from #7385f6 to #f1dc90
2018-04-30 19:47:33 Role color: 'Jeff' changed from #f1dc90 to #6098dc
2018-04-30 19:47:45 Role color: 'Jeff' changed from #6098dc to #8fd869
2018-04-30 19:47:56 Role color: 'Jeff' changed from #8fd869 to #e3f1ea
2018-04-30 19:48:14 Role color: 'Jeff' changed from #e3f1ea to #fefb09
2018-04-30 19:48:28 Role color: 'Jeff' changed from #fefb09 to #ad6631
2018-04-30 19:48:42 Role color: 'Jeff' changed from #ad6631 to #994256
2018-04-30 19:48:59 Role color: 'Jeff' changed from #994256 to #f5326d
2018-04-30 19:49:09 Role color: 'Jeff' changed from #f5326d to #e81d3a
2018-04-30 19:49:26 Role color: 'Jeff' changed from #e81d3a to #e356c1
2018-04-30 19:49:37 Role color: 'Jeff' changed from #e356c1 to #c88eab
2018-04-30 19:49:48 Role color: 'Jeff' changed from #c88eab to #4f1504
2018-04-30 19:49:59 Role color: 'Jeff' changed from #4f1504 to #b88e89
2018-04-30 19:50:10 Role color: 'Jeff' changed from #b88e89 to #9dbdf2
2018-04-30 19:50:21 Role color: 'Jeff' changed from #9dbdf2 to #4cb867
2018-04-30 19:50:39 Role color: 'Jeff' changed from #4cb867 to #c5c84c
2018-04-30 19:50:50 Role color: 'Jeff' changed from #c5c84c to #c3e157
2018-04-30 19:51:01 Role color: 'Jeff' changed from #c3e157 to #e27e43
2018-04-30 19:51:11 Role color: 'Jeff' changed from #e27e43 to #67420b
2018-04-30 19:51:22 Role color: 'Jeff' changed from #67420b to #53ff1e
2018-04-30 19:51:33 Role color: 'Jeff' changed from #53ff1e to #44d026
2018-04-30 19:51:44 Role color: 'Jeff' changed from #44d026 to #2d2434
2018-04-30 19:51:55 Role color: 'Jeff' changed from #2d2434 to #c014e1
2018-04-30 19:52:05 Role color: 'Jeff' changed from #c014e1 to #937d0c
2018-04-30 19:52:17 Role color: 'Jeff' changed from #937d0c to #9be7bc
2018-04-30 19:52:27 Role color: 'Jeff' changed from #9be7bc to #33bdae
2018-04-30 19:52:39 Role color: 'Jeff' changed from #33bdae to #979397
2018-04-30 19:52:56 Role color: 'Jeff' changed from #979397 to #683faf
2018-04-30 19:53:07 Role color: 'Jeff' changed from #683faf to #c6399f
2018-04-30 19:53:17 Role color: 'Jeff' changed from #c6399f to #d85ab6
2018-04-30 19:53:29 Role color: 'Jeff' changed from #d85ab6 to #98151e
2018-04-30 19:53:39 Role color: 'Jeff' changed from #98151e to #76e188
2018-04-30 19:53:55 Role color: 'Jeff' changed from #76e188 to #5c7465
2018-04-30 19:54:07 Role color: 'Jeff' changed from #5c7465 to #b79e82
2018-04-30 19:54:24 Role color: 'Jeff' changed from #b79e82 to #6e5e1f
2018-04-30 19:54:36 Role color: 'Jeff' changed from #6e5e1f to #8a8289
2018-04-30 19:54:47 Role color: 'Jeff' changed from #8a8289 to #488ad5
2018-04-30 19:55:01 Role color: 'Jeff' changed from #488ad5 to #fe0012
2018-04-30 19:55:08 Role color: 'Jeff' changed from #fe0012 to #d619dd
2018-04-30 19:55:32 Role color: 'Jeff' changed from #d619dd to #3355dc
2018-04-30 19:55:43 Role color: 'Jeff' changed from #3355dc to #fe9d1e
2018-04-30 19:56:07 Role color: 'Jeff' changed from #fe9d1e to #9df1e6
2018-04-30 19:56:18 Role color: 'Jeff' changed from #9df1e6 to #f8559a
2018-04-30 19:56:28 Role color: 'Jeff' changed from #f8559a to #a112ec
2018-04-30 19:56:39 Role color: 'Jeff' changed from #a112ec to #d70f2c
2018-04-30 19:56:56 Role color: 'Jeff' changed from #d70f2c to #37cce4
2018-04-30 19:57:21 Role color: 'Jeff' changed from #37cce4 to #a16cab
2018-04-30 19:57:32 Role color: 'Jeff' changed from #a16cab to #b72032
2018-04-30 19:57:42 Role color: 'Jeff' changed from #b72032 to #53b628
2018-04-30 19:57:53 Role color: 'Jeff' changed from #53b628 to #f52219
2018-04-30 19:58:10 Role color: 'Jeff' changed from #f52219 to #74e8f7
2018-04-30 19:58:28 Role color: 'Jeff' changed from #74e8f7 to #29d970
2018-04-30 19:58:38 Role color: 'Jeff' changed from #29d970 to #2d0b19
2018-04-30 19:58:57 Role color: 'Jeff' changed from #2d0b19 to #bbf409
2018-04-30 19:59:07 Role color: 'Jeff' changed from #bbf409 to #31cff3
2018-04-30 19:59:22 Role color: 'Jeff' changed from #31cff3 to #263471
2018-04-30 19:59:57 Role color: 'Jeff' changed from #263471 to #2a6a5a
2018-04-30 20:00:08 Role color: 'Jeff' changed from #2a6a5a to #afae62
2018-04-30 20:00:19 Role color: 'Jeff' changed from #afae62 to #e9a055
2018-04-30 20:00:31 Role color: 'Jeff' changed from #e9a055 to #d34a84
2018-04-30 20:00:49 Role color: 'Jeff' changed from #d34a84 to #3fdad9
2018-04-30 20:00:59 Role color: 'Jeff' changed from #3fdad9 to #91ed77
2018-04-30 20:01:18 Role color: 'Jeff' changed from #91ed77 to #0273d4
2018-04-30 20:01:33 Role color: 'Jeff' changed from #0273d4 to #283afc
2018-04-30 20:01:40 Role color: 'Jeff' changed from #283afc to #a017f7
2018-04-30 20:01:50 Role color: 'Jeff' changed from #a017f7 to #3da131
2018-04-30 20:02:01 Role color: 'Jeff' changed from #3da131 to #0fae41
2018-04-30 20:02:11 Role color: 'Jeff' changed from #0fae41 to #358524
2018-04-30 20:02:29 Role color: 'Jeff' changed from #358524 to #67cfd9
2018-04-30 20:02:40 Role color: 'Jeff' changed from #67cfd9 to #12f71b
2018-04-30 20:02:50 Role color: 'Jeff' changed from #12f71b to #77f1d0
2018-04-30 20:03:01 Role color: 'Jeff' changed from #77f1d0 to #3ca9f8
2018-04-30 20:03:12 Role color: 'Jeff' changed from #3ca9f8 to #3017de
2018-04-30 20:03:23 Role color: 'Jeff' changed from #3017de to #75b4f8
2018-04-30 20:03:43 Role color: 'Jeff' changed from #75b4f8 to #3daa78
2018-04-30 20:03:52 Role color: 'Jeff' changed from #3daa78 to #f57e1f
2018-04-30 20:04:02 Role color: 'Jeff' changed from #f57e1f to #7904fa
2018-04-30 20:04:13 Role color: 'Jeff' changed from #7904fa to #62b27c
2018-05-01 00:27:23 Member username: '@Ronald Reagen#2054' (id 334440029625647105) changed username from 'Ronald Reagen' to 'Russian Kid'
2018-05-01 00:31:13 Member leave: @Pharaoh Rahul#4603 (id 413009306334789654)
2018-05-01 00:35:46 Member username: '@George W Bush#1088' (id 389105474215084033) changed username from 'George W Bush' to 'Curios Ked'
2018-05-01 00:40:49 Member username: '@Macbook Pro Safari#8719' (id 387576556194889758) changed username from 'Macbook Pro Safari' to 'Jack Johnathan Geoff Molloy'
2018-05-01 00:43:50 Member username: '@Savage Sanders#5295' (id 344626102423257088) changed username from 'Savage Sanders' to 'MLG Burger King'
2018-05-01 11:40:58 Member username: '@Donald Trump#0559' (id 346991974991265792) changed username from 'Donald Trump' to 'Savage American Kid'
2018-05-01 11:41:19 Member username: '@Savage American Kid#0559' (id 346991974991265792) changed username from 'Savage American Kid' to 'Savage American Kid420'
2018-05-01 20:22:52 Member join: @ᴊʏɢᴜʏ#9535 (id 288831103895076867)
2018-05-01 20:22:53 Member role add: 'Tech Supporters' role was added to @ᴊʏɢᴜʏ#9535
2018-05-01 20:23:05 Member leave: @ᴊʏɢᴜʏ#9535 (id 288831103895076867)
2018-05-01 20:42:06 Member username: '@Savage American Kid420#0559' (id 346991974991265792) changed username from 'Savage American Kid420' to 'Deleted User ed022366'
2018-05-01 20:48:35 Member username: '@Deleted User ed022366#0559' (id 346991974991265792) changed username from 'Deleted User ed022366' to 'errrrerreahhahahahahahaha'
2018-05-01 21:01:27 Member join: @alexthesavage#6270 (id 351114225902682112)
2018-05-01 21:01:27 Member role add: 'Tech Supporters' role was added to @alexthesavage#6270
2018-05-01 21:01:48 Member leave: @alexthesavage#6270 (id 351114225902682112)
2018-05-02 16:48:47 Member join: @KittyChan Claimed By PaulSenpai#9073 (id 337266858510123009)
2018-05-02 20:05:59 Member leave: @KittyChan Claimed By PaulSenpai#9073 (id 337266858510123009)
2018-05-02 20:06:54 Role color: 'Jeff' changed from #62b27c to #0cff00
2018-05-02 20:13:51 Member username: '@George. H.W. Bush#9571' (id 357989552520036352) changed username from 'George. H.W. Bush' to 'PewDiePie'
2018-05-02 20:16:11 Member username: '@Bill Clinton#8723' (id 386286954674651140) changed username from 'Bill Clinton' to 'Markiplier'
2018-05-02 20:19:05 Member username: '@Jack Johnathan Geoff Molloy#8719' (id 387576556194889758) changed username from 'Jack Johnathan Geoff Molloy' to 'Jacksepticeye'
2018-05-02 20:26:28 Member username: '@errrrerreahhahahahahahaha#0559' (id 346991974991265792) changed username from 'errrrerreahhahahahahahaha' to '1,000 Subs without any videos'
2018-05-02 20:40:24 Member unban: @Orion The Youtuber#8456 (id 416077472933740545)
2018-05-02 20:43:21 Member join: @Orion The Youtuber#8456 (id 416077472933740545)
2018-05-02 20:47:22 Member role add: 'Orion' role was added to @Orion The Youtuber#8456
2018-05-02 23:44:49 Member unban: @😤BullyHunter_69😤#9231 (id 321143921877057536)
2018-05-02 23:44:50 Member unban: @♱✠V0iĐ✠♱#5747 (id 394283153751277609)
2018-05-02 23:44:52 Member unban: @Tiny Toonz#2709 (id 342653692790439937)
2018-05-02 23:44:54 Member unban: @Sinister#2947 (id 243456761766477824)
2018-05-02 23:44:57 Member unban: @Kory the Destroyer#1591 (id 213058789027479562)
2018-05-02 23:45:02 Member unban: @Cautious Cats824#2319 (id 434522598341345280)
2018-05-02 23:46:14 Member join: @♱✠V0iĐ✠♱#5747 (id 394283153751277609)
2018-05-02 23:46:32 Member role add: 'Co Owner' role was added to @♱✠V0iĐ✠♱#5747
2018-05-02 23:47:08 Member leave: @DJ marty mar#9954 (id 205106108031959049)
2018-05-02 23:47:11 Member leave: @Donald Duck#1584 (id 359041193042247680)
2018-05-02 23:47:18 Member leave: @Lt. Shrub#2700 (id 234101891636658189)
2018-05-02 23:47:22 Role deleted: 'Synapse' (id 440176604191129622)
2018-05-02 23:47:22 Member leave: @Synapse#0692 (id 435538622293344266)
2018-05-02 23:47:22 this bot left the server
