2018-04-26 02:21:22 #General Voice channel join: Rythm#3722 (id 235088799074484224), moved from surviv-xd
2018-04-26 02:21:25 #General Voice channel join: Synapse#0692 (id 435538622293344266), moved from surviv-xd
2018-04-26 02:27:02 #General Voice channel leave: Rythm#3722 (id 235088799074484224)
2018-04-26 21:28:39 #General Voice channel join: the maza#9317 (id 433741453425115136), flags: self_mute
2018-04-26 21:28:41 #General Server self-unmute: the maza#9317 (id 433741453425115136)
2018-04-26 21:29:04 #General Voice channel leave: the maza#9317 (id 433741453425115136)
2018-04-26 23:32:51 #General Voice channel join: Jorge THEMaster#2361 (id 308737952337362945), moved from surviv-xd, flags: self_deaf,self_mute
2018-04-26 23:32:57 #General Voice channel leave: Jorge THEMaster#2361 (id 308737952337362945) moving to surviv-xd
2018-04-26 23:33:15 #General Voice channel join: Jorge THEMaster#2361 (id 308737952337362945), moved from surviv-xd, flags: self_deaf,self_mute
2018-04-26 23:33:16 #General Voice channel leave: Jorge THEMaster#2361 (id 308737952337362945) moving to surviv-xd
2018-04-27 15:42:21 #General Voice channel leave: Synapse#0692 (id 435538622293344266) moving to surviv-xd
2018-04-27 15:54:14 #General Voice channel join: Synapse#0692 (id 435538622293344266), moved from surviv-xd
2018-05-02 22:32:55 #General Voice channel join: the maza#9317 (id 433741453425115136), flags: self_mute
2018-05-02 22:33:01 #General Server self-unmute: the maza#9317 (id 433741453425115136)
2018-05-02 22:33:04 #General Voice channel leave: the maza#9317 (id 433741453425115136) moving to Roblox
2018-05-02 22:33:08 #General Voice channel join: the maza#9317 (id 433741453425115136), moved from Roblox
2018-05-02 22:34:19 #General Voice channel join: Jorge THEMaster#2361 (id 308737952337362945), flags: self_mute
2018-05-02 22:34:20 #General Server self-unmute: Jorge THEMaster#2361 (id 308737952337362945)
2018-05-02 23:18:04 #General Server self-mute: Jorge THEMaster#2361 (id 308737952337362945)
2018-05-02 23:18:06 #General Server self-deafen: the maza#9317 (id 433741453425115136)
2018-05-02 23:18:06 #General Server self-mute: the maza#9317 (id 433741453425115136)
2018-05-02 23:18:07 #General Server self-deafen: Jorge THEMaster#2361 (id 308737952337362945)
2018-05-02 23:46:46 #General Server self-undeafen: the maza#9317 (id 433741453425115136)
2018-05-02 23:46:46 #General Server self-unmute: the maza#9317 (id 433741453425115136)
2018-05-02 23:46:47 #General Server self-mute: the maza#9317 (id 433741453425115136)
2018-05-02 23:50:32 #General Server self-unmute: the maza#9317 (id 433741453425115136)
2018-05-02 23:56:38 #General Server self-undeafen: Jorge THEMaster#2361 (id 308737952337362945)
2018-05-02 23:56:48 #General Server self-unmute: Jorge THEMaster#2361 (id 308737952337362945)
2018-05-03 00:39:08 #General Server self-mute: Jorge THEMaster#2361 (id 308737952337362945)
2018-05-03 00:39:08 #General Server self-unmute: Jorge THEMaster#2361 (id 308737952337362945)
2018-05-03 00:39:09 #General Server self-mute: Jorge THEMaster#2361 (id 308737952337362945)
2018-05-03 00:39:09 #General Server self-unmute: Jorge THEMaster#2361 (id 308737952337362945)
2018-05-03 00:39:09 #General Server self-mute: Jorge THEMaster#2361 (id 308737952337362945)
2018-05-03 00:39:09 #General Server self-unmute: Jorge THEMaster#2361 (id 308737952337362945)
2018-05-03 00:39:09 #General Server self-mute: Jorge THEMaster#2361 (id 308737952337362945)
2018-05-03 00:39:13 #General Server self-unmute: Jorge THEMaster#2361 (id 308737952337362945)
2018-05-03 00:39:14 #General Server self-mute: Jorge THEMaster#2361 (id 308737952337362945)
2018-05-03 00:39:18 #General Server self-unmute: Jorge THEMaster#2361 (id 308737952337362945)
2018-05-03 00:39:22 #General Server self-mute: Jorge THEMaster#2361 (id 308737952337362945)
2018-05-03 00:39:25 #General Server self-unmute: Jorge THEMaster#2361 (id 308737952337362945)
2018-05-03 00:39:25 #General Server self-unmute: Jorge THEMaster#2361 (id 308737952337362945)
2018-05-03 00:39:26 #General Server self-mute: Jorge THEMaster#2361 (id 308737952337362945)
2018-05-03 00:39:27 #General Server self-unmute: Jorge THEMaster#2361 (id 308737952337362945)
2018-05-03 00:39:33 #General Server self-deafen: the maza#9317 (id 433741453425115136)
2018-05-03 00:39:33 #General Server self-mute: the maza#9317 (id 433741453425115136)
2018-05-03 00:39:33 #General Server self-undeafen: the maza#9317 (id 433741453425115136)
2018-05-03 00:39:33 #General Server self-unmute: the maza#9317 (id 433741453425115136)
2018-05-03 00:39:40 #General Server self-mute: Jorge THEMaster#2361 (id 308737952337362945)
2018-05-03 00:39:41 #General Server self-unmute: Jorge THEMaster#2361 (id 308737952337362945)
2018-05-03 00:39:44 #General Server self-mute: Jorge THEMaster#2361 (id 308737952337362945)
2018-05-03 00:39:48 #General Server self-deafen: the maza#9317 (id 433741453425115136)
2018-05-03 00:39:48 #General Server self-mute: the maza#9317 (id 433741453425115136)
2018-05-03 00:39:48 #General Server self-deafen: Jorge THEMaster#2361 (id 308737952337362945)
2018-05-03 00:39:52 #General Server self-undeafen: Jorge THEMaster#2361 (id 308737952337362945)
2018-05-03 00:39:52 #General Server self-unmute: Jorge THEMaster#2361 (id 308737952337362945)
2018-05-03 00:39:53 #General Server self-deafen: Jorge THEMaster#2361 (id 308737952337362945)
2018-05-03 00:39:53 #General Server self-mute: Jorge THEMaster#2361 (id 308737952337362945)
2018-05-03 00:39:54 #General Server self-undeafen: Jorge THEMaster#2361 (id 308737952337362945)
2018-05-03 00:39:54 #General Server self-mute: Jorge THEMaster#2361 (id 308737952337362945)
2018-05-03 00:39:54 #General Server self-mute: Jorge THEMaster#2361 (id 308737952337362945)
2018-05-03 00:39:55 #General Server self-deafen: Jorge THEMaster#2361 (id 308737952337362945)
2018-05-03 00:39:55 #General Server self-undeafen: Jorge THEMaster#2361 (id 308737952337362945)
2018-05-03 00:39:55 #General Server self-deafen: Jorge THEMaster#2361 (id 308737952337362945)
2018-05-03 00:58:02 #General Server self-undeafen: the maza#9317 (id 433741453425115136)
2018-05-03 00:58:02 #General Server self-unmute: the maza#9317 (id 433741453425115136)
2018-05-03 00:59:12 #General Server self-undeafen: Jorge THEMaster#2361 (id 308737952337362945)
2018-05-03 00:59:15 #General Server self-unmute: Jorge THEMaster#2361 (id 308737952337362945)
2018-05-03 01:20:53 #General Voice channel join: MuckNemzZX.X#1388 (id 383418835878936587), flags: self_mute
2018-05-03 01:20:54 #General Server self-unmute: MuckNemzZX.X#1388 (id 383418835878936587)
2018-05-03 01:23:28 #General Server self-mute: MuckNemzZX.X#1388 (id 383418835878936587)
2018-05-03 01:23:28 #General Server self-unmute: MuckNemzZX.X#1388 (id 383418835878936587)
2018-05-03 01:23:44 #General Voice channel join: MuckNemzZX.X#1388 (id 383418835878936587)
2018-05-03 01:24:17 #General Voice channel leave: MuckNemzZX.X#1388 (id 383418835878936587)
2018-05-03 01:24:30 #General Voice channel join: MuckNemzZX.X#1388 (id 383418835878936587), flags: self_mute
2018-05-03 01:24:33 #General Server self-unmute: MuckNemzZX.X#1388 (id 383418835878936587)
2018-05-03 01:52:19 #General Server self-mute: Jorge THEMaster#2361 (id 308737952337362945)
2018-05-03 01:53:18 #General Server self-unmute: Jorge THEMaster#2361 (id 308737952337362945)
2018-05-03 01:53:43 #General Server self-mute: Jorge THEMaster#2361 (id 308737952337362945)
2018-05-03 01:54:16 #General Server self-unmute: Jorge THEMaster#2361 (id 308737952337362945)
2018-05-03 01:54:19 #General Server self-mute: Jorge THEMaster#2361 (id 308737952337362945)
2018-05-03 01:54:32 #General Server mute: the maza#9317 (id 433741453425115136)
2018-05-03 01:54:35 #General Server unmute: the maza#9317 (id 433741453425115136)
2018-05-03 01:55:33 #General Server mute: the maza#9317 (id 433741453425115136)
2018-05-03 01:55:39 #General Server unmute: the maza#9317 (id 433741453425115136)
2018-05-03 01:56:13 #General Server mute: the maza#9317 (id 433741453425115136)
2018-05-03 01:56:13 #General Server unmute: the maza#9317 (id 433741453425115136)
2018-05-03 01:56:14 #General Server mute: the maza#9317 (id 433741453425115136)
2018-05-03 01:56:16 #General Server unmute: the maza#9317 (id 433741453425115136)
2018-05-03 01:56:38 #General Server mute: the maza#9317 (id 433741453425115136)
2018-05-03 01:56:46 #General Server unmute: the maza#9317 (id 433741453425115136)
2018-05-03 01:57:29 #General Server mute: the maza#9317 (id 433741453425115136)
2018-05-03 01:57:30 #General Server unmute: the maza#9317 (id 433741453425115136)
2018-05-03 01:57:41 #General Server unmute: the maza#9317 (id 433741453425115136)
2018-05-03 01:57:41 #General Server unmute: the maza#9317 (id 433741453425115136)
2018-05-03 01:57:41 #General Server unmute: the maza#9317 (id 433741453425115136)
2018-05-03 01:57:41 #General Server mute: the maza#9317 (id 433741453425115136)
2018-05-03 01:57:41 #General Server unmute: the maza#9317 (id 433741453425115136)
2018-05-03 01:57:44 #General Server unmute: the maza#9317 (id 433741453425115136)
2018-05-03 01:57:54 #General Server mute: the maza#9317 (id 433741453425115136)
2018-05-03 01:57:54 #General Server mute: the maza#9317 (id 433741453425115136)
2018-05-03 01:57:54 #General Server mute: the maza#9317 (id 433741453425115136)
2018-05-03 01:57:54 #General Server unmute: the maza#9317 (id 433741453425115136)
2018-05-03 01:57:55 #General Server mute: the maza#9317 (id 433741453425115136)
2018-05-03 01:58:05 #General Server mute: the maza#9317 (id 433741453425115136)
2018-05-03 01:58:05 #General Server mute: the maza#9317 (id 433741453425115136)
2018-05-03 01:58:05 #General Server unmute: the maza#9317 (id 433741453425115136)
2018-05-03 01:58:31 #General Server mute: the maza#9317 (id 433741453425115136)
2018-05-03 01:58:31 #General Server unmute: the maza#9317 (id 433741453425115136)
2018-05-03 01:58:33 #General Server mute: the maza#9317 (id 433741453425115136)
2018-05-03 01:58:33 #General Server unmute: the maza#9317 (id 433741453425115136)
2018-05-03 01:59:05 #General Server mute: the maza#9317 (id 433741453425115136)
2018-05-03 01:59:06 #General Server unmute: the maza#9317 (id 433741453425115136)
2018-05-03 01:59:59 #General Server mute: the maza#9317 (id 433741453425115136)
2018-05-03 02:00:02 #General Server unmute: the maza#9317 (id 433741453425115136)
2018-05-03 02:00:05 #General Voice channel leave: the maza#9317 (id 433741453425115136)
2018-05-03 02:00:05 #General Voice channel leave: MuckNemzZX.X#1388 (id 383418835878936587)
2018-05-03 02:00:07 #General Server self-unmute: Jorge THEMaster#2361 (id 308737952337362945)
2018-05-03 02:01:16 #General Voice channel leave: Jorge THEMaster#2361 (id 308737952337362945)
