2018-04-26 23:04:45 #Roblox Voice channel join: the maza#9317 (id 433741453425115136), flags: self_mute
2018-04-26 23:04:46 #Roblox Server self-unmute: the maza#9317 (id 433741453425115136)
2018-04-26 23:04:49 #Roblox Voice channel leave: the maza#9317 (id 433741453425115136) moving to surviv-xd
2018-04-26 23:33:01 #Roblox Voice channel join: the maza#9317 (id 433741453425115136), moved from surviv-xd, flags: deaf,mute
2018-04-26 23:33:04 #Roblox Server self-undeafen: the maza#9317 (id 433741453425115136)
2018-04-26 23:33:04 #Roblox Server self-unmute: the maza#9317 (id 433741453425115136)
2018-04-26 23:33:19 #Roblox Voice channel join: Jorge THEMaster#2361 (id 308737952337362945), moved from surviv-xd, flags: self_deaf,self_mute
2018-04-26 23:33:19 #Roblox Server self-undeafen: Jorge THEMaster#2361 (id 308737952337362945)
2018-04-26 23:33:19 #Roblox Server self-unmute: Jorge THEMaster#2361 (id 308737952337362945)
2018-04-26 23:33:28 #Roblox Server unmute: the maza#9317 (id 433741453425115136)
2018-04-26 23:33:30 #Roblox Server undeafen: the maza#9317 (id 433741453425115136)
2018-04-26 23:36:26 #Roblox Server self-deafen: the maza#9317 (id 433741453425115136)
2018-04-26 23:36:26 #Roblox Server self-mute: the maza#9317 (id 433741453425115136)
2018-04-26 23:39:12 #Roblox Server self-undeafen: the maza#9317 (id 433741453425115136)
2018-04-26 23:39:12 #Roblox Server self-unmute: the maza#9317 (id 433741453425115136)
2018-04-26 23:41:00 #Roblox Server self-mute: the maza#9317 (id 433741453425115136)
2018-04-26 23:42:38 #Roblox Server self-unmute: the maza#9317 (id 433741453425115136)
2018-04-26 23:43:11 #Roblox Voice channel join: SteMenX.X#1388 (id 383418835878936587), flags: self_mute
2018-04-26 23:43:12 #Roblox Server self-unmute: SteMenX.X#1388 (id 383418835878936587)
2018-04-26 23:53:56 #Roblox Voice channel leave: SteMenX.X#1388 (id 383418835878936587)
2018-04-27 00:15:09 #Roblox Voice channel leave: the maza#9317 (id 433741453425115136)
2018-04-27 00:15:16 #Roblox Server self-deafen: Jorge THEMaster#2361 (id 308737952337362945)
2018-04-27 00:15:16 #Roblox Server self-mute: Jorge THEMaster#2361 (id 308737952337362945)
2018-04-27 00:15:23 #Roblox Voice channel leave: Jorge THEMaster#2361 (id 308737952337362945)
2018-05-02 22:33:04 #Roblox Voice channel join: the maza#9317 (id 433741453425115136), moved from General
2018-05-02 22:33:04 #Roblox Voice channel join: the maza#9317 (id 433741453425115136), moved from surviv-xd
2018-05-02 22:33:08 #Roblox Voice channel leave: the maza#9317 (id 433741453425115136) moving to General
