2018-04-26 08:15:53 #ุดุงุช-ุงูุงููุงู @ใกโ โใ แฆแชแชแใ๐#5945: ุงููุงู
2018-04-26 08:16:04 #ุดุงุช-ุงูุงููุงู @โณ7ฬฬณโุงููุงุชู#1281: ุงุตุจุฑ
2018-04-26 08:16:08 #ุดุงุช-ุงูุงููุงู @โณ7ฬฬณโุงููุงุชู#1281: ูุง ุณููุช
2018-04-26 10:25:15 #ุดุงุช-ุงูุงููุงู @โณ7ฬฬณโุงููุงุชู#1281: ุงููุงู
2018-04-26 10:25:20 #ุดุงุช-ุงูุงููุงู @โณ7ฬฬณโุงููุงุชู#1281: ุงูู
2018-04-26 10:25:22 #ุดุงุช-ุงูุงููุงู @โณ7ฬฬณโุงููุงุชู#1281: ุงููุงู
2018-04-26 10:26:18 #ุดุงุช-ุงูุงููุงู @โณ7ฬฬณโุงููุงุชู#1281: ุงููุงู
2018-04-26 10:26:18 #ุดุงุช-ุงูุงููุงู @ProBot โจ#5803: ** ุฑุงุจุท ุงูุฎูููุฉ ุงููุฏุฎู ุบูุฑ ุตุงูุญ **
2018-04-26 10:26:45 #ุดุงุช-ุงูุงููุงู @โณ7ฬฬณโุงููุงุชู#1281: ุงููุงู
2018-04-26 10:26:50 #ุดุงุช-ุงูุงููุงู @โณ7ฬฬณโุงููุงุชู#1281: ุงููุงู
2018-04-26 10:35:04 #ุดุงุช-ุงูุงููุงู @โณ7ฬฬณโุงููุงุชู#1281: ุงููุงู
2018-04-26 10:35:34 #ุดุงุช-ุงูุงููุงู @โณ7ฬฬณโุงููุงุชู#1281: ุงููุงู
2018-04-26 10:35:35 #ุดุงุช-ุงูุงููุงู @ProBot โจ#5803: ** ุฑุงุจุท ุงูุฎูููุฉ ุงููุฏุฎู ุบูุฑ ุตุงูุญ **
2018-04-26 10:36:20 #ุดุงุช-ุงูุงููุงู @โณ7ฬฬณโุงููุงุชู#1281: ุงููุงู
2018-04-26 10:36:20 #ุดุงุช-ุงูุงููุงู @ProBot โจ#5803: ** ุฑุงุจุท ุงูุฎูููุฉ ุงููุฏุฎู ุบูุฑ ุตุงูุญ **
2018-04-26 10:37:10 #ุดุงุช-ุงูุงููุงู @โณ7ฬฬณโุงููุงุชู#1281: ุงููุงู
2018-04-26 10:37:10 #ุดุงุช-ุงูุงููุงู @ProBot โจ#5803: ** ุฑุงุจุท ุงูุฎูููุฉ ุงููุฏุฎู ุบูุฑ ุตุงูุญ **
2018-04-26 12:53:15 #ุดุงุช-ุงูุงููุงู @โณ7ฬฬณโุงููุงุชู#1281: #colors
2018-04-26 12:53:15 #ุดุงุช-ุงูุงููุงู @ProBot โจ#5803: ** ุฑุงุจุท ุงูุฎูููุฉ ุงููุฏุฎู ุบูุฑ ุตุงูุญ **
2018-04-26 12:54:25 #ุดุงุช-ุงูุงููุงู @โณ7ฬฬณโุงููุงุชู#1281: +150color
2018-04-26 12:54:36 #ุดุงุช-ุงูุงููุงู @โณ7ฬฬณโุงููุงุชู#1281: +color150
2018-04-26 12:54:48 #ุดุงุช-ุงูุงููุงู @โณ7ฬฬณโุงููุงุชู#1281: +color 150
2018-04-26 12:54:48 #ุดุงุช-ุงูุงููุงู @Dragon#5533: ุฌุงุฑู ุนูู ุงูุงููุงู |โ
2018-04-26 12:55:02 #ุดุงุช-ุงูุงููุงู @โณ7ฬฬณโุงููุงุชู#1281: #colors
2018-04-26 12:55:02 #ุดุงุช-ุงูุงููุงู @ProBot โจ#5803: ** ุฑุงุจุท ุงูุฎูููุฉ ุงููุฏุฎู ุบูุฑ ุตุงูุญ **
2018-04-26 12:55:46 #ุดุงุช-ุงูุงููุงู @โณ7ฬฬณโุงููุงุชู#1281: #colors
2018-04-26 12:55:46 #ุดุงุช-ุงูุงููุงู @ProBot โจ#5803:  (attachment url(s): https://cdn.discordapp.com/attachments/438966980687691776/439046937316950016/colors.png)
2018-04-26 13:21:41 #ุดุงุช-ุงูุงููุงู @๐โแซัฆ๊ซโแฅ๊ /Mูู7#4882: #colors
2018-04-26 13:21:42 #ุดุงุช-ุงูุงููุงู @ProBot โจ#5803:  (attachment url(s): https://cdn.discordapp.com/attachments/438966980687691776/439053461158494208/colors.png)
2018-04-26 13:23:47 #ุดุงุช-ุงูุงููุงู @โณ7ฬฬณโุงููุงุชู#1281: ูุง
2018-04-26 13:23:51 #ุดุงุช-ุงูุงููุงู @โณ7ฬฬณโุงููุงุชู#1281: ููู
2018-04-26 13:24:14 #ุดุงุช-ุงูุงููุงู @๐โแซัฆ๊ซโแฅ๊ /Mูู7#4882: ุญูู
