2018-04-24 13:36:09 #Administarcja Voice channel leave: PanMacko#0605 (id 357226322277433345)
2018-04-24 13:36:11 #Administarcja Voice channel join: PanMacko#0605 (id 357226322277433345), flags: self_mute
2018-04-24 13:36:12 #Administarcja Server self-unmute: PanMacko#0605 (id 357226322277433345)
2018-04-24 13:38:19 #Administarcja Server self-mute: PanMacko#0605 (id 357226322277433345)
2018-04-24 13:38:25 #Administarcja Server self-deafen: PanMacko#0605 (id 357226322277433345)
2018-04-24 13:38:27 #Administarcja Voice channel leave: PanMacko#0605 (id 357226322277433345) moving to AFK
2018-04-24 13:45:04 #Administarcja Server self-undeafen: Mariusz#5367 (id 242672867269935106)
2018-04-24 13:45:04 #Administarcja Server self-unmute: Mariusz#5367 (id 242672867269935106)
2018-04-24 13:45:09 #Administarcja Server self-deafen: Mariusz#5367 (id 242672867269935106)
2018-04-24 13:45:09 #Administarcja Server self-mute: Mariusz#5367 (id 242672867269935106)
2018-04-24 13:49:23 #Administarcja Server self-undeafen: Mariusz#5367 (id 242672867269935106)
2018-04-24 13:49:23 #Administarcja Server self-unmute: Mariusz#5367 (id 242672867269935106)
2018-04-24 13:51:38 #Administarcja Voice channel join: himebot#3590 (id 232916519594491906)
2018-04-24 13:51:39 #Administarcja Voice channel join: Synapse#0692 (id 435538622293344266)
2018-04-24 13:51:49 #Administarcja Voice channel leave: Synapse#0692 (id 435538622293344266) moving to Tu Maciej Cię wyleczy
2018-04-24 13:52:22 #Administarcja Voice channel join: Synapse#0692 (id 435538622293344266), moved from Tu Maciej Cię wyleczy
2018-04-24 13:53:19 #Administarcja Voice channel leave: Synapse#0692 (id 435538622293344266) moving to Tu Maciej Cię wyleczy
2018-04-24 13:53:23 #Administarcja Voice channel join: Synapse#0692 (id 435538622293344266), moved from Tu Maciej Cię wyleczy
2018-04-24 13:56:32 #Administarcja Voice channel join: PanMacko#0605 (id 357226322277433345), flags: self_deaf,self_mute
2018-04-24 13:56:34 #Administarcja Server self-undeafen: PanMacko#0605 (id 357226322277433345)
2018-04-24 13:56:40 #Administarcja Voice channel leave: PanMacko#0605 (id 357226322277433345)
2018-04-24 13:56:41 #Administarcja Voice channel join: PanMacko#0605 (id 357226322277433345), flags: self_mute
2018-04-24 13:56:55 #Administarcja Voice channel leave: PanMacko#0605 (id 357226322277433345)
2018-04-24 13:56:56 #Administarcja Voice channel join: PanMacko#0605 (id 357226322277433345), flags: self_mute
2018-04-24 13:57:05 #Administarcja Voice channel leave: PanMacko#0605 (id 357226322277433345)
2018-04-24 13:57:09 #Administarcja Voice channel join: PanMacko#0605 (id 357226322277433345)
