2018-04-24 18:36:54 #bot-commands @Valdex#7877: .multicolor 2 Leader
2018-04-24 18:37:12 #bot-commands @Valdex#7877: .multicolor 2 LEADER
2018-04-24 18:41:02 #bot-commands @Valdex#7877: *multicolor 2 Assistant Admin
2018-04-24 18:41:05 #bot-commands @Valdex#7877: *help
2018-04-24 18:41:11 #bot-commands @Ghostplay R2#1298: Hey there, @BEST GFX AND EDITOR! I sent you the list of commands in a private message.\nCheck your direct messages
2018-04-24 18:41:17 #bot-commands @Ghostplay R2#1298: `Error in command 'multicolor'.If you keep seeing this message please contact the owner of the bot.`
2018-04-24 18:46:19 #bot-commands @Valdex#7877: *multicolor
2018-04-24 18:46:36 #bot-commands @Ghostplay R2#1298: ```\n*[multicolor|multicolour] <interval> <role>\n\nChanges the role color every x seconds\n\n```
2018-04-24 18:46:58 #bot-commands @Valdex#7877: *multicolour 1 LEADER
2018-04-24 18:47:16 #bot-commands @Ghostplay R2#1298: `Error in command 'multicolor'.If you keep seeing this message please contact the owner of the bot.`
2018-04-24 18:52:46 #bot-commands @Valdex#7877: !help
2018-04-24 18:52:46 #bot-commands @Rythm#3722: ✅ **Check <https://rythmbot.co/features#list> for a list of commands**
2018-04-24 18:52:47 #bot-commands @Nitro#1474: **Sliding Into Your DM's**
2018-04-24 18:52:46 #bot-commands @MEE6#4876: 
2018-04-24 18:52:48 #bot-commands @MEE6#4876 edited message from 2018-04-24 18:52:46 () to read: 
2018-04-24 18:52:49 #bot-commands @Synapse#0692: Check your DM, @BEST GFX AND EDITOR! I have sent something for you :wink:
2018-04-24 18:52:50 #bot-commands @Nitro#1474 deleted message from 2018-04-24 18:52:47 (**Sliding Into Your DM's**)
2018-04-24 18:53:52 #bot-commands @Valdex#7877: !r6s
2018-04-24 18:53:52 #bot-commands @Synapse#0692: @BEST GFX AND EDITOR, 🚫 The owner needs to set credentials first.\nSee: `!r6sset`
2018-04-24 18:54:01 #bot-commands @Valdex#7877: !r6sset
2018-04-24 18:54:16 #bot-commands @Valdex#7877: @ISEDAT
2018-04-24 18:54:29 #bot-commands @Valdex#7877: write !r6s
2018-04-24 18:54:44 #bot-commands @ISEDAT#6083: Ha
2018-04-24 18:54:55 #bot-commands @ISEDAT#6083: !r6s
2018-04-24 18:54:55 #bot-commands @Synapse#0692: @ISEDAT, 🚫 The owner needs to set credentials first.\nSee: `!r6sset`
2018-04-24 18:55:01 #bot-commands @ISEDAT#6083: Wtf
2018-04-24 18:55:23 #bot-commands @ISEDAT#6083: Add ritan for deleting messeges @BEST GFX AND EDITOR
2018-04-24 18:55:37 #bot-commands @Valdex#7877: ok
2018-04-24 18:59:20 #bot-commands @Valdex#7877: -help
2018-04-24 20:14:09 #bot-commands @Berat#5532: !rank
2018-04-24 20:14:09 #bot-commands @MEE6#4876: 
2018-04-24 20:14:09 #bot-commands @MEE6#4876 edited message from 2018-04-24 20:14:09 () to read: 
2018-04-25 12:17:21 #bot-commands @Вℓαѕтєяʸᵗ#4835: !levels
2018-04-25 12:17:21 #bot-commands @MEE6#4876: Go check **Real Kings 👑**'s leaderboard here https://mee6.xyz/leaderboard/403651569272225793. <:WINK6:403540173566115840>
2018-04-25 16:34:40 #bot-commands @ISEDAT#6083: !join
2018-04-25 16:34:40 #bot-commands @Rythm#3722: 👍 **Joined** `General` :page_facing_up: **And bound to** `bot-commands`
2018-04-25 16:34:59 #bot-commands @ISEDAT#6083: !play goblin mixes 1 h
2018-04-25 16:34:59 #bot-commands @Rythm#3722: <:youtube:335112740957978625> **Searching** 🔎 `goblin mixes 1 h`
2018-04-25 16:35:00 #bot-commands @Rythm#3722: **Playing** 🎶 `Best Of Goblin Mashup Mix ● Goblin Mixes ● Gaming Trap Music 2016 【1 HOUR】` - Now!
2018-04-25 16:42:34 #bot-commands @Nogisen#3503: !play jul
2018-04-25 16:42:34 #bot-commands @Rythm#3722: ❌ **You have to be in a voice channel to use this command.**
2018-04-25 16:42:34 #bot-commands @Synapse#0692: You must join a voice channel before I can play anything.
2018-04-25 16:42:55 #bot-commands @Nogisen#3503: !play darude sandstorm
2018-04-25 16:42:56 #bot-commands @Rythm#3722: <:youtube:335112740957978625> **Searching** 🔎 `darude sandstorm`
2018-04-25 16:42:56 #bot-commands @Rythm#3722: **Playing** 🎶 `Darude - Sandstorm` - Now!
2018-04-25 16:44:11 #bot-commands @Nogisen#3503: !skip
2018-04-25 16:44:11 #bot-commands @Rythm#3722: ⏩ ***Skipped*** 👍
2018-04-25 16:44:11 #bot-commands @Synapse#0692: Skipping...
2018-04-25 16:44:51 #bot-commands @Nogisen#3503: !play ibrahim tatlises
2018-04-25 16:44:51 #bot-commands @Rythm#3722: <:youtube:335112740957978625> **Searching** 🔎 `ibrahim tatlises`
2018-04-25 16:44:52 #bot-commands @Rythm#3722: **Playing** 🎶 `Ibrahim Tatlises Klasikleri 1995 Full Album mp4 1280x720` - Now!
2018-04-25 16:46:49 #bot-commands @Nogisen#3503: !skip
2018-04-25 16:46:50 #bot-commands @Rythm#3722: ⏩ ***Skipped*** 👍
2018-04-25 16:46:50 #bot-commands @Synapse#0692: Skipping...
