2018-04-26 20:11:57 #الخماسي الرهيييب Voice channel join: Synapse#0692 (id 435538622293344266), moved from __________________…
2018-04-26 20:12:17 #الخماسي الرهيييب Voice channel leave: Synapse#0692 (id 435538622293344266) moving to __________________…
2018-04-27 15:29:02 #الخماسي الرهيييب Voice channel join: ℳ7̳̌♛القاتل#1281 (id 434705588509736961), moved from لحالي احلالي
2018-04-27 15:29:05 #الخماسي الرهيييب Voice channel join: ち✘ ♔〔 كاري 〕#5945 (id 437262719775932417), moved from لحالي احلالي
2018-04-27 15:29:10 #الخماسي الرهيييب Voice channel join: Synapse#0692 (id 435538622293344266), moved from لحالي احلالي
2018-04-27 15:29:19 #الخماسي الرهيييب Voice channel join: Rythm#3722 (id 235088799074484224), moved from لحالي احلالي, flags: deaf
2018-04-27 15:29:22 #الخماسي الرهيييب Voice channel join: Space Bot#5553 (id 427261871112978444), moved from لحالي احلالي, flags: deaf
2018-04-27 15:29:31 #الخماسي الرهيييب Server undeafen: Space Bot#5553 (id 427261871112978444)
2018-04-27 15:29:39 #الخماسي الرهيييب Server mute: ℳ7̳̌♛القاتل#1281 (id 434705588509736961)
2018-04-27 15:29:39 #الخماسي الرهيييب Server deafen: ℳ7̳̌♛القاتل#1281 (id 434705588509736961)
2018-04-27 15:29:48 #الخماسي الرهيييب Server undeafen: ℳ7̳̌♛القاتل#1281 (id 434705588509736961)
2018-04-27 15:30:46 #الخماسي الرهيييب Server deafen: ℳ7̳̌♛القاتل#1281 (id 434705588509736961)
2018-04-27 15:30:46 #الخماسي الرهيييب Server unmute: ℳ7̳̌♛القاتل#1281 (id 434705588509736961)
2018-04-27 15:31:03 #الخماسي الرهيييب Server undeafen: ℳ7̳̌♛القاتل#1281 (id 434705588509736961)
2018-04-27 15:32:02 #الخماسي الرهيييب Voice channel leave: Space Bot#5553 (id 427261871112978444)
2018-04-27 15:32:19 #الخماسي الرهيييب Voice channel join: Space Bot#5553 (id 427261871112978444)
2018-04-27 15:34:54 #الخماسي الرهيييب Voice channel leave: Space Bot#5553 (id 427261871112978444)
2018-04-27 15:35:10 #الخماسي الرهيييب Voice channel join: Space Bot#5553 (id 427261871112978444)
2018-04-27 15:36:57 #الخماسي الرهيييب Server deafen: Space Bot#5553 (id 427261871112978444)
2018-04-27 15:36:58 #الخماسي الرهيييب Server mute: Space Bot#5553 (id 427261871112978444)
2018-04-27 15:37:06 #الخماسي الرهيييب Server deafen: ℳ7̳̌♛القاتل#1281 (id 434705588509736961)
2018-04-27 15:37:06 #الخماسي الرهيييب Server undeafen: ℳ7̳̌♛القاتل#1281 (id 434705588509736961)
2018-04-27 15:37:10 #الخماسي الرهيييب Voice channel leave: ℳ7̳̌♛القاتل#1281 (id 434705588509736961) moving to لحالي احلالي
2018-04-27 15:37:24 #الخماسي الرهيييب Voice channel leave: Space Bot#5553 (id 427261871112978444)
2018-04-27 15:37:24 #الخماسي الرهيييب Voice channel join: Space Bot#5553 (id 427261871112978444), flags: deaf,mute
2018-04-27 15:37:35 #الخماسي الرهيييب Voice channel leave: Space Bot#5553 (id 427261871112978444)
2018-04-27 15:37:39 #الخماسي الرهيييب Server self-mute: ち✘ ♔〔 كاري 〕#5945 (id 437262719775932417)
2018-04-27 15:37:43 #الخماسي الرهيييب Voice channel leave: Synapse#0692 (id 435538622293344266) moving to __________________…
2018-04-27 15:37:47 #الخماسي الرهيييب Server undeafen: Rythm#3722 (id 235088799074484224)
2018-04-27 15:37:52 #الخماسي الرهيييب Voice channel leave: Rythm#3722 (id 235088799074484224) moving to __________________…
2018-04-27 15:37:52 #الخماسي الرهيييب Voice channel leave: ち✘ ♔〔 كاري 〕#5945 (id 437262719775932417)
