2018-04-26 14:45:33 #ุดุงุช-ุงูุงููุงู @โณ7ฬฬณโุงููุงุชู#1281: #color
2018-04-26 14:45:34 #ุดุงุช-ุงูุงููุงู @ProBot โจ#5803:  (attachment url(s): https://cdn.discordapp.com/attachments/439073486414282762/439074566032064553/colors.png)
2018-04-26 14:45:41 #ุดุงุช-ุงูุงููุงู @โณ7ฬฬณโุงููุงุชู#1281: ููู 146
2018-04-26 14:45:42 #ุดุงุช-ุงูุงููุงู @ProBot โจ#5803: 
2018-04-26 14:45:43 #ุดุงุช-ุงูุงููุงู @ProBot โจ#5803 edited message from 2018-04-26 14:45:42 () to read: 
2018-04-26 15:14:43 #ุดุงุช-ุงูุงููุงู @โณ7ฬฬณโุงููุงุชู#1281: ููู 146
2018-04-26 15:14:44 #ุดุงุช-ุงูุงููุงู @ProBot โจ#5803: 
2018-04-26 15:14:45 #ุดุงุช-ุงูุงููุงู @ProBot โจ#5803 edited message from 2018-04-26 15:14:44 () to read: 
2018-04-26 15:18:47 #ุดุงุช-ุงูุงููุงู @โณ7ฬฬณโุงููุงุชู#1281: !stop
2018-04-26 15:18:47 #ุดุงุช-ุงูุงููุงู @Rythm#3722: **Paused** โธ
2018-04-26 15:18:47 #ุดุงุช-ุงูุงููุงู @Synapse#0692: Can't stop if I'm not playing.
2018-04-26 15:21:05 #ุดุงุช-ุงูุงููุงู @โณ7ฬฬณโุงููุงุชู#1281: ููู 146
2018-04-26 15:21:05 #ุดุงุช-ุงูุงููุงู @ProBot โจ#5803: 
2018-04-26 15:21:05 #ุดุงุช-ุงูุงููุงู @ProBot โจ#5803 edited message from 2018-04-26 15:21:05 () to read: 
2018-04-26 15:30:19 #ุดุงุช-ุงูุงููุงู @โณ7ฬฬณโุงููุงุชู#1281: ููู 1
2018-04-26 15:30:19 #ุดุงุช-ุงูุงููุงู @ProBot โจ#5803: 
2018-04-26 15:30:19 #ุดุงุช-ุงูุงููุงู @ProBot โจ#5803 edited message from 2018-04-26 15:30:19 () to read: 
2018-04-26 15:30:28 #ุดุงุช-ุงูุงููุงู @โณ7ฬฬณโุงููุงุชู#1281: #color
2018-04-26 15:30:30 #ุดุงุช-ุงูุงููุงู @ProBot โจ#5803:  (attachment url(s): https://cdn.discordapp.com/attachments/439073486414282762/439085875910148107/colors.png)
2018-04-26 15:30:38 #ุดุงุช-ุงูุงููุงู @โณ7ฬฬณโุงููุงุชู#1281: ููู 146
2018-04-26 15:30:38 #ุดุงุช-ุงูุงููุงู @ProBot โจ#5803: 
2018-04-26 15:30:38 #ุดุงุช-ุงูุงููุงู @ProBot โจ#5803 edited message from 2018-04-26 15:30:38 () to read: 
2018-04-26 16:48:52 #ุดุงุช-ุงูุงููุงู @โณ7ฬฬณโุงููุงุชู#1281: ููู 146
2018-04-26 16:48:52 #ุดุงุช-ุงูุงููุงู @ProBot โจ#5803: 
2018-04-26 16:48:52 #ุดุงุช-ุงูุงููุงู @ProBot โจ#5803 edited message from 2018-04-26 16:48:52 () to read: 
2018-04-26 17:14:30 #ุดุงุช-ุงูุงููุงู @โณ7ฬฬณโุงููุงุชู#1281: ููู 146
2018-04-26 17:14:30 #ุดุงุช-ุงูุงููุงู @ProBot โจ#5803: 
2018-04-26 17:14:31 #ุดุงุช-ุงูุงููุงู @ProBot โจ#5803 edited message from 2018-04-26 17:14:30 () to read: 
2018-04-26 17:15:57 #ุดุงุช-ุงูุงููุงู @โณ7ฬฬณโุงููุงุชู#1281: #color
2018-04-26 17:15:58 #ุดุงุช-ุงูุงููุงู @ProBot โจ#5803:  (attachment url(s): https://cdn.discordapp.com/attachments/439073486414282762/439112415200804876/colors.png)
2018-04-26 17:16:10 #ุดุงุช-ุงูุงููุงู @โณ7ฬฬณโุงููุงุชู#1281: ููู 112
2018-04-26 17:16:11 #ุดุงุช-ุงูุงููุงู @ProBot โจ#5803: 
2018-04-26 17:16:13 #ุดุงุช-ุงูุงููุงู @ProBot โจ#5803 edited message from 2018-04-26 17:16:11 () to read: 
2018-04-26 17:16:25 #ุดุงุช-ุงูุงููุงู @โณ7ฬฬณโุงููุงุชู#1281: ุงูุณุญ
2018-04-26 17:16:27 #ุดุงุช-ุงูุงููุงู @โณ7ฬฬณโุงููุงุชู#1281 deleted message from 2018-04-26 17:16:25 (ุงูุณุญ)
2018-04-26 17:16:27 #ุดุงุช-ุงูุงููุงู @โณ7ฬฬณโุงููุงุชู#1281 deleted message from 2018-04-26 16:48:52 (ููู 146)
2018-04-26 17:16:27 #ุดุงุช-ุงูุงููุงู @ProBot โจ#5803 deleted message from 2018-04-26 16:48:52 ()
2018-04-26 17:16:27 #ุดุงุช-ุงูุงููุงู @โณ7ฬฬณโุงููุงุชู#1281 deleted message from 2018-04-26 17:14:30 (ููู 146)
2018-04-26 17:16:27 #ุดุงุช-ุงูุงููุงู @ProBot โจ#5803 deleted message from 2018-04-26 17:14:30 ()
2018-04-26 17:16:27 #ุดุงุช-ุงูุงููุงู @โณ7ฬฬณโุงููุงุชู#1281 deleted message from 2018-04-26 17:15:57 (#color)
2018-04-26 17:16:27 #ุดุงุช-ุงูุงููุงู @ProBot โจ#5803 deleted message from 2018-04-26 17:15:58 ()
2018-04-26 17:16:27 #ุดุงุช-ุงูุงููุงู @โณ7ฬฬณโุงููุงุชู#1281 deleted message from 2018-04-26 17:16:10 (ููู 112)
2018-04-26 17:16:27 #ุดุงุช-ุงูุงููุงู @ProBot โจ#5803 deleted message from 2018-04-26 17:16:11 ()
2018-04-26 17:16:26 #ุดุงุช-ุงูุงููุงู @ProBot โจ#5803: ```javascript\nุนุฏุฏ ุงูุฑุณุงุฆู ุงูุชู ุชู ูุณุญูุง : 25 ```
2018-04-26 17:16:29 #ุดุงุช-ุงูุงููุงู @ProBot โจ#5803 deleted message from 2018-04-26 17:16:26 (```javascript\nุนุฏุฏ ุงูุฑุณุงุฆู ุงูุชู ุชู ูุณุญูุง : 25 ```)
2018-04-26 18:06:00 #ุดุงุช-ุงูุงููุงู @โณ7ฬฬณโุงููุงุชู#1281: #color
2018-04-26 18:06:01 #ุดุงุช-ุงูุงููุงู @ProBot โจ#5803:  (attachment url(s): https://cdn.discordapp.com/attachments/439073486414282762/439125011467337738/colors.png)
2018-04-26 18:06:21 #ุดุงุช-ุงูุงููุงู @โณ7ฬฬณโุงููุงุชู#1281: ููู 146
2018-04-26 18:06:21 #ุดุงุช-ุงูุงููุงู @ProBot โจ#5803: 
2018-04-26 18:06:22 #ุดุงุช-ุงูุงููุงู @ProBot โจ#5803 edited message from 2018-04-26 18:06:21 () to read: 
2018-04-26 18:09:44 #ุดุงุช-ุงูุงููุงู @โณ7ฬฬณโุงููุงุชู#1281: ููู 146
2018-04-26 18:09:44 #ุดุงุช-ุงูุงููุงู @ProBot โจ#5803: 
2018-04-26 18:09:45 #ุดุงุช-ุงูุงููุงู @ProBot โจ#5803 edited message from 2018-04-26 18:09:44 () to read: 
2018-04-26 18:13:50 #ุดุงุช-ุงูุงููุงู @โณ7ฬฬณโุงููุงุชู#1281: ููู
2018-04-26 18:13:54 #ุดุงุช-ุงูุงููุงู @โณ7ฬฬณโุงููุงุชู#1281: ููู
2018-04-26 18:14:02 #ุดุงุช-ุงูุงููุงู @โณ7ฬฬณโุงููุงุชู#1281: ููู 146
2018-04-26 18:14:02 #ุดุงุช-ุงูุงููุงู @ProBot โจ#5803: 
2018-04-26 18:14:03 #ุดุงุช-ุงูุงููุงู @ProBot โจ#5803 edited message from 2018-04-26 18:14:02 () to read: 
2018-04-26 19:01:19 #ุดุงุช-ุงูุงููุงู @โณ7ฬฬณโุงููุงุชู#1281: ููู 146
2018-04-26 19:01:19 #ุดุงุช-ุงูุงููุงู @ProBot โจ#5803: 
2018-04-26 19:01:21 #ุดุงุช-ุงูุงููุงู @ProBot โจ#5803 edited message from 2018-04-26 19:01:19 () to read: 
2018-04-26 20:21:35 #ุดุงุช-ุงูุงููุงู @โณ7ฬฬณโุงููุงุชู#1281: ุงููุงู
2018-04-26 20:21:44 #ุดุงุช-ุงูุงููุงู @โณ7ฬฬณโุงููุงุชู#1281: #color
2018-04-26 20:21:45 #ุดุงุช-ุงูุงููุงู @ProBot โจ#5803:  (attachment url(s): https://cdn.discordapp.com/attachments/439073486414282762/439159170231566338/colors.png)
2018-04-26 20:22:02 #ุดุงุช-ุงูุงููุงู @โณ7ฬฬณโุงููุงุชู#1281: ููู 1
2018-04-26 20:22:02 #ุดุงุช-ุงูุงููุงู @ProBot โจ#5803: 
2018-04-26 20:22:05 #ุดุงุช-ุงูุงููุงู @ProBot โจ#5803 edited message from 2018-04-26 20:22:02 () to read: 
2018-04-27 05:39:13 #ุดุงุช-ุงูุงููุงู @โณ7ฬฬณโุงููุงุชู#1281: ููู 146
2018-04-27 05:39:13 #ุดุงุช-ุงูุงููุงู @ProBot โจ#5803: 
2018-04-27 05:39:14 #ุดุงุช-ุงูุงููุงู @ProBot โจ#5803 edited message from 2018-04-27 05:39:13 () to read: 
2018-04-27 05:39:40 #ุดุงุช-ุงูุงููุงู @โณ7ฬฬณโุงููุงุชู#1281: ููู 33
2018-04-27 05:39:41 #ุดุงุช-ุงูุงููุงู @ProBot โจ#5803: 
2018-04-27 05:39:43 #ุดุงุช-ุงูุงููุงู @ProBot โจ#5803 edited message from 2018-04-27 05:39:41 () to read: 
2018-04-27 05:42:31 #ุดุงุช-ุงูุงููุงู @โณ7ฬฬณโุงููุงุชู#1281: ุงููุงู
2018-04-27 05:42:33 #ุดุงุช-ุงูุงููุงู @ProBot โจ#5803:  (attachment url(s): https://cdn.discordapp.com/attachments/439073486414282762/439300297702244354/colors.png)
2018-04-27 05:42:55 #ุดุงุช-ุงูุงููุงู @โณ7ฬฬณโุงููุงุชู#1281: ููู  143
2018-04-27 05:42:55 #ุดุงุช-ุงูุงููุงู @ProBot โจ#5803: 
2018-04-27 05:42:57 #ุดุงุช-ุงูุงููุงู @ProBot โจ#5803 edited message from 2018-04-27 05:42:55 () to read: 
2018-04-27 05:43:53 #ุดุงุช-ุงูุงููุงู @โณ7ฬฬณโุงููุงุชู#1281: ููู 33
2018-04-27 05:43:54 #ุดุงุช-ุงูุงููุงู @ProBot โจ#5803: 
2018-04-27 05:43:55 #ุดุงุช-ุงูุงููุงู @ProBot โจ#5803 edited message from 2018-04-27 05:43:54 () to read: 
2018-04-27 05:46:19 #ุดุงุช-ุงูุงููุงู @โณ7ฬฬณโุงููุงุชู#1281: @ProBot โจ @โeveryone
2018-04-27 05:46:44 #ุดุงุช-ุงูุงููุงู @โณ7ฬฬณโุงููุงุชู#1281: @ProBot โจ -ูููุช
2018-04-27 05:47:02 #ุดุงุช-ุงูุงููุงู @โณ7ฬฬณโุงููุงุชู#1281: ููู 150
2018-04-27 05:47:02 #ุดุงุช-ุงูุงููุงู @ProBot โจ#5803: 
2018-04-27 05:47:03 #ุดุงุช-ุงูุงููุงู @ProBot โจ#5803 edited message from 2018-04-27 05:47:02 () to read: 
2018-04-27 08:40:37 #ุดุงุช-ุงูุงููุงู @โณ7ฬฬณโุงููุงุชู#1281: ููู 146
2018-04-27 08:40:37 #ุดุงุช-ุงูุงููุงู @ProBot โจ#5803: 
2018-04-27 08:40:37 #ุดุงุช-ุงูุงููุงู @ProBot โจ#5803 edited message from 2018-04-27 08:40:37 () to read: 
2018-04-27 08:40:46 #ุดุงุช-ุงูุงููุงู @โณ7ฬฬณโุงููุงุชู#1281: ููู 146ููู 146
2018-04-27 08:40:46 #ุดุงุช-ุงูุงููุงู @ProBot โจ#5803: 
2018-04-27 08:40:49 #ุดุงุช-ุงูุงููุงู @ProBot โจ#5803 edited message from 2018-04-27 08:40:46 () to read: 
2018-04-27 08:40:50 #ุดุงุช-ุงูุงููุงู @โณ7ฬฬณโุงููุงุชู#1281: ููู 146
2018-04-27 08:40:50 #ุดุงุช-ุงูุงููุงู @ProBot โจ#5803: 
2018-04-27 08:40:50 #ุดุงุช-ุงูุงููุงู @ProBot โจ#5803 edited message from 2018-04-27 08:40:50 () to read: 
2018-04-27 08:40:51 #ุดุงุช-ุงูุงููุงู @โณ7ฬฬณโุงููุงุชู#1281: ููู 146
2018-04-27 08:40:51 #ุดุงุช-ุงูุงููุงู @ProBot โจ#5803: 
2018-04-27 08:40:52 #ุดุงุช-ุงูุงููุงู @ProBot โจ#5803 edited message from 2018-04-27 08:40:51 () to read: 
2018-04-27 08:40:52 #ุดุงุช-ุงูุงููุงู @โณ7ฬฬณโุงููุงุชู#1281: ููู 146
2018-04-27 08:40:52 #ุดุงุช-ุงูุงููุงู @ProBot โจ#5803: 
2018-04-27 08:40:52 #ุดุงุช-ุงูุงููุงู @โณ7ฬฬณโุงููุงุชู#1281: ููู 146
2018-04-27 08:40:53 #ุดุงุช-ุงูุงููุงู @ProBot โจ#5803 edited message from 2018-04-27 08:40:52 () to read: 
2018-04-27 08:40:52 #ุดุงุช-ุงูุงููุงู @ProBot โจ#5803: 
2018-04-27 08:40:53 #ุดุงุช-ุงูุงููุงู @โณ7ฬฬณโุงููุงุชู#1281: ููู 146
2018-04-27 08:40:53 #ุดุงุช-ุงูุงููุงู @ProBot โจ#5803 edited message from 2018-04-27 08:40:52 () to read: 
2018-04-27 08:40:53 #ุดุงุช-ุงูุงููุงู @ProBot โจ#5803: 
2018-04-27 08:40:54 #ุดุงุช-ุงูุงููุงู @ProBot โจ#5803 edited message from 2018-04-27 08:40:53 () to read: 
2018-04-27 08:40:54 #ุดุงุช-ุงูุงููุงู @โณ7ฬฬณโุงููุงุชู#1281: ููู 146ููู 146ููู 146
2018-04-27 08:40:55 #ุดุงุช-ุงูุงููุงู @โณ7ฬฬณโุงููุงุชู#1281: ููู 146
2018-04-27 08:40:55 #ุดุงุช-ุงูุงููุงู @ProBot โจ#5803: 
2018-04-27 08:40:55 #ุดุงุช-ุงูุงููุงู @ProBot โจ#5803: 
2018-04-27 08:40:56 #ุดุงุช-ุงูุงููุงู @ProBot โจ#5803 edited message from 2018-04-27 08:40:55 () to read: 
2018-04-27 08:40:56 #ุดุงุช-ุงูุงููุงู @ProBot โจ#5803 edited message from 2018-04-27 08:40:55 () to read: 
2018-04-27 08:40:58 #ุดุงุช-ุงูุงููุงู @โณ7ฬฬณโุงููุงุชู#1281: ููู 146
2018-04-27 08:40:59 #ุดุงุช-ุงูุงููุงู @ProBot โจ#5803: 
2018-04-27 08:41:00 #ุดุงุช-ุงูุงููุงู @ProBot โจ#5803 edited message from 2018-04-27 08:40:59 () to read: 
2018-04-27 08:41:03 #ุดุงุช-ุงูุงููุงู @โณ7ฬฬณโุงููุงุชู#1281: ููู 1
2018-04-27 08:41:03 #ุดุงุช-ุงูุงููุงู @ProBot โจ#5803: 
2018-04-27 08:41:04 #ุดุงุช-ุงูุงููุงู @ProBot โจ#5803 edited message from 2018-04-27 08:41:03 () to read: 
2018-04-27 08:41:31 #ุดุงุช-ุงูุงููุงู @โณ7ฬฬณโุงููุงุชู#1281: R-help
2018-04-27 08:41:31 #ุดุงุช-ุงูุงููุงู @R-Bot#9776: 
2018-04-27 08:41:32 #ุดุงุช-ุงูุงููุงู @R-Bot#9776 edited message from 2018-04-27 08:41:31 () to read: 
2018-04-27 08:41:47 #ุดุงุช-ุงูุงููุงู @โณ7ฬฬณโุงููุงุชู#1281: R-Cr
2018-04-27 08:41:56 #ุดุงุช-ุงูุงููุงู @โณ7ฬฬณโุงููุงุชู#1281: R-cr 3
2018-04-27 08:42:02 #ุดุงุช-ุงูุงููุงู @โณ7ฬฬณโุงููุงุชู#1281: R-cr3
2018-04-27 08:42:02 #ุดุงุช-ุงูุงููุงู @R-Bot#9776: 
2018-04-27 08:42:03 #ุดุงุช-ุงูุงููุงู @R-Bot#9776 edited message from 2018-04-27 08:42:02 () to read: 
2018-04-27 08:42:15 #ุดุงุช-ุงูุงููุงู @โณ7ฬฬณโุงููุงุชู#1281: ุงููุงู
2018-04-27 08:42:15 #ุดุงุช-ุงูุงููุงู @ProBot โจ#5803:  (attachment url(s): https://cdn.discordapp.com/attachments/439073486414282762/439345525699903498/colors.png)
2018-04-27 08:42:34 #ุดุงุช-ุงูุงููุงู @โณ7ฬฬณโุงููุงุชู#1281: ููู 112
2018-04-27 08:42:35 #ุดุงุช-ุงูุงููุงู @ProBot โจ#5803: 
2018-04-27 08:42:36 #ุดุงุช-ุงูุงููุงู @ProBot โจ#5803 edited message from 2018-04-27 08:42:35 () to read: 
2018-04-27 08:51:46 #ุดุงุช-ุงูุงููุงู @โณ7ฬฬณโุงููุงุชู#1281: #color
2018-04-27 08:51:56 #ุดุงุช-ุงูุงููุงู @โณ7ฬฬณโุงููุงุชู#1281: ุงููุงู
2018-04-27 08:51:57 #ุดุงุช-ุงูุงููุงู @ProBot โจ#5803:  (attachment url(s): https://cdn.discordapp.com/attachments/439073486414282762/439347964717039616/colors.png)
2018-04-27 08:52:15 #ุดุงุช-ุงูุงููุงู @โณ7ฬฬณโุงููุงุชู#1281: ููู 145
2018-04-27 08:52:16 #ุดุงุช-ุงูุงููุงู @ProBot โจ#5803: 
2018-04-27 08:52:18 #ุดุงุช-ุงูุงููุงู @ProBot โจ#5803 edited message from 2018-04-27 08:52:16 () to read: 
2018-04-27 08:52:29 #ุดุงุช-ุงูุงููุงู @โณ7ฬฬณโุงููุงุชู#1281: ููุง
2018-04-27 08:52:29 #ุดุงุช-ุงูุงููุงู @Dyno#3861: ููุง ูุงููู ูููุฑ๐๐ฅ๐น
2018-04-27 08:53:24 #ุดุงุช-ุงูุงููุงู @โณ7ฬฬณโุงููุงุชู#1281: ุงููุงู
2018-04-27 08:53:25 #ุดุงุช-ุงูุงููุงู @ProBot โจ#5803:  (attachment url(s): https://cdn.discordapp.com/attachments/439073486414282762/439348334726086666/colors.png)
2018-04-27 08:53:39 #ุดุงุช-ุงูุงููุงู @โณ7ฬฬณโุงููุงุชู#1281: ููู 1
2018-04-27 08:53:40 #ุดุงุช-ุงูุงููุงู @ProBot โจ#5803: 
2018-04-27 08:53:40 #ุดุงุช-ุงูุงููุงู @ProBot โจ#5803 edited message from 2018-04-27 08:53:40 () to read: 
2018-04-27 08:53:42 #ุดุงุช-ุงูุงููุงู @โณ7ฬฬณโุงููุงุชู#1281: ููุง
2018-04-27 08:53:42 #ุดุงุช-ุงูุงููุงู @Dyno#3861: ููุง ูุงููู ูููุฑ๐๐ฅ๐น
2018-04-27 08:55:05 #ุดุงุช-ุงูุงููุงู @โณ7ฬฬณโุงููุงุชู#1281: ููู 2
2018-04-27 08:55:06 #ุดุงุช-ุงูุงููุงู @ProBot โจ#5803: 
2018-04-27 08:55:06 #ุดุงุช-ุงูุงููุงู @ProBot โจ#5803 edited message from 2018-04-27 08:55:06 () to read: 
2018-04-27 08:55:12 #ุดุงุช-ุงูุงููุงู @โณ7ฬฬณโุงููุงุชู#1281: ููุง
2018-04-27 08:55:12 #ุดุงุช-ุงูุงููุงู @Dyno#3861: ููุง ูุงููู ูููุฑ๐๐ฅ๐น
2018-04-27 08:55:43 #ุดุงุช-ุงูุงููุงู @โณ7ฬฬณโุงููุงุชู#1281: ููู 74
2018-04-27 08:55:43 #ุดุงุช-ุงูุงููุงู @ProBot โจ#5803: 
2018-04-27 08:55:44 #ุดุงุช-ุงูุงููุงู @ProBot โจ#5803 edited message from 2018-04-27 08:55:43 () to read: 
2018-04-27 09:01:12 #ุดุงุช-ุงูุงููุงู @โณ7ฬฬณโุงููุงุชู#1281: ุงููุงู
2018-04-27 09:01:14 #ุดุงุช-ุงูุงููุงู @ProBot โจ#5803:  (attachment url(s): https://cdn.discordapp.com/attachments/439073486414282762/439350301024059402/colors.png)
2018-04-27 09:01:32 #ุดุงุช-ุงูุงููุงู @โณ7ฬฬณโุงููุงุชู#1281: ููู97
2018-04-27 09:01:44 #ุดุงุช-ุงูุงููุงู @โณ7ฬฬณโุงููุงุชู#1281: ููู 97
2018-04-27 09:01:44 #ุดุงุช-ุงูุงููุงู @ProBot โจ#5803: 
2018-04-27 09:01:45 #ุดุงุช-ุงูุงููุงู @ProBot โจ#5803 edited message from 2018-04-27 09:01:44 () to read: 
2018-04-27 09:01:48 #ุดุงุช-ุงูุงููุงู @โณ7ฬฬณโุงููุงุชู#1281: ููุง
2018-04-27 09:01:48 #ุดุงุช-ุงูุงููุงู @Dyno#3861: ููุง ูุงููู ูููุฑ๐๐ฅ๐น
2018-04-27 09:02:50 #ุดุงุช-ุงูุงููุงู @โณ7ฬฬณโุงููุงุชู#1281: ููู 18
2018-04-27 09:02:50 #ุดุงุช-ุงูุงููุงู @ProBot โจ#5803: 
2018-04-27 09:02:52 #ุดุงุช-ุงูุงููุงู @ProBot โจ#5803 edited message from 2018-04-27 09:02:50 () to read: 
2018-04-27 09:02:55 #ุดุงุช-ุงูุงููุงู @โณ7ฬฬณโุงููุงุชู#1281: ููุง
2018-04-27 09:02:55 #ุดุงุช-ุงูุงููุงู @Dyno#3861: ููุง ูุงููู ูููุฑ๐๐ฅ๐น
2018-04-27 09:15:07 #ุดุงุช-ุงูุงููุงู @ุจุญุฑ ููู ููู#9899: ููุงุจู
2018-04-27 09:15:36 #ุดุงุช-ุงูุงููุงู @โณ7ฬฬณโุงููุงุชู#1281: ููู
2018-04-27 09:15:49 #ุดุงุช-ุงูุงููุงู @โณ7ฬฬณโุงููุงุชู#1281: ุงููุงู
2018-04-27 09:15:49 #ุดุงุช-ุงูุงููุงู @ูุงุฑู#5945: ููุง
2018-04-27 09:15:50 #ุดุงุช-ุงูุงููุงู @Dyno#3861: ููุง ูุงููู ูููุฑ๐๐ฅ๐น
2018-04-27 09:15:50 #ุดุงุช-ุงูุงููุงู @ProBot โจ#5803:  (attachment url(s): https://cdn.discordapp.com/attachments/439073486414282762/439353976383864852/colors.png)
2018-04-27 09:16:07 #ุดุงุช-ุงูุงููุงู @ูุงุฑู#5945: ููู 15
2018-04-27 09:16:08 #ุดุงุช-ุงูุงููุงู @ProBot โจ#5803: 
2018-04-27 09:16:12 #ุดุงุช-ุงูุงููุงู @ProBot โจ#5803 edited message from 2018-04-27 09:16:08 () to read: 
2018-04-27 09:16:15 #ุดุงุช-ุงูุงููุงู @โณ7ฬฬณโุงููุงุชู#1281: ููู
2018-04-27 09:16:31 #ุดุงุช-ุงูุงููุงู @ุจุญุฑ ููู ููู#9899: ุงูุญูุฏ ุงููู
2018-04-27 09:16:32 #ุดุงุช-ุงูุงููุงู @โณ7ฬฬณโุงููุงุชู#1281: ููู 97
2018-04-27 09:16:32 #ุดุงุช-ุงูุงููุงู @ProBot โจ#5803: 
2018-04-27 09:16:34 #ุดุงุช-ุงูุงููุงู @ProBot โจ#5803 edited message from 2018-04-27 09:16:32 () to read: 
2018-04-27 09:16:35 #ุดุงุช-ุงูุงููุงู @ุจุญุฑ ููู ููู#9899: ุงููุงุชู
2018-04-27 09:16:40 #ุดุงุช-ุงูุงููุงู @โณ7ฬฬณโุงููุงุชู#1281: ูุง
2018-04-27 09:16:51 #ุดุงุช-ุงูุงููุงู @ูุงุฑู#5945: ุจุญุฑ
2018-04-27 09:16:55 #ุดุงุช-ุงูุงููุงู @ุจุญุฑ ููู ููู#9899: ููุง
2018-04-27 09:16:55 #ุดุงุช-ุงูุงููุงู @Dyno#3861: ููุง ูุงููู ูููุฑ๐๐ฅ๐น
2018-04-27 09:17:17 #ุดุงุช-ุงูุงููุงู @ุจุญุฑ ููู ููู#9899: ุงูุญูู. ุงุฏูู ุดู ุชุณูู
2018-04-27 09:17:21 #ุดุงุช-ุงูุงููุงู @ูุงุฑู#5945: ูุนุทูู ุฑุชุจู ุตุบูุฑู ุงุณูู\nุจูุณ
2018-04-27 09:17:30 #ุดุงุช-ุงูุงููุงู @โณ7ฬฬณโุงููุงุชู#1281: ุงู
2018-04-27 09:17:33 #ุดุงุช-ุงูุงููุงู @โณ7ฬฬณโุงููุงุชู#1281: ุญุทูุง
2018-04-27 09:17:38 #ุดุงุช-ุงูุงููุงู @ูุงุฑู#5945: ุงูุญูู
2018-04-27 09:17:40 #ุดุงุช-ุงูุงููุงู @ูุงุฑู#5945: ุงูุญูู
2018-04-27 09:18:01 #ุดุงุช-ุงูุงููุงู @ุจุญุฑ ููู ููู#9899: ูุงุฑุฌุงู ุงุฐุง ุฌุจุช ุนุดุฑ ุงุนุถุงุก ุฑุด ูู
2018-04-27 09:18:02 #ุดุงุช-ุงูุงููุงู @โณ7ฬฬณโุงููุงุชู#1281: ุงุฐุง ูุง ุธุจุท ููุงูู ุนุฏู ุบูุฑ ุฃุณูุงุฆูู ูููุณ ุงูุฃุณูุงุก ุญุท
2018-04-27 09:18:08 #ุดุงุช-ุงูุงููุงู @ุจุญุฑ ููู ููู#9899: ูุด ูู
2018-04-27 09:18:26 #ุดุงุช-ุงูุงููุงู @โณ7ฬฬณโุงููุงุชู#1281: ููููุฏุฑ
2018-04-27 09:18:29 #ุดุงุช-ุงูุงููุงู @โณ7ฬฬณโุงููุงุชู#1281: ููุณ
2018-04-27 09:18:37 #ุดุงุช-ุงูุงููุงู @โณ7ฬฬณโุงููุงุชู#1281: @โแฑโูุงุฑู
2018-04-27 09:18:52 #ุดุงุช-ุงูุงููุงู @ูุงุฑู#5945: ูุง @ุจุญุฑ ููู ููู
2018-04-27 09:18:57 #ุดุงุช-ุงูุงููุงู @ูุงุฑู#5945: ูุง @โแฑโุงููุงุชู
2018-04-27 09:19:03 #ุดุงุช-ุงูุงููุงู @ุจุญุฑ ููู ููู#9899: ูุด
2018-04-27 09:19:09 #ุดุงุช-ุงูุงููุงู @ูุงุฑู#5945: ูุนุทูู ุจูุณ
2018-04-27 09:19:21 #ุดุงุช-ุงูุงููุงู @ุจุญุฑ ููู ููู#9899: ูุง
2018-04-27 09:19:38 #ุดุงุช-ุงูุงููุงู @โณ7ฬฬณโุงููุงุชู#1281: ุงุฐุง ุฌุงุจ ุนุดุฑุฉ ุงุนุถุงุก
2018-04-27 09:19:40 #ุดุงุช-ุงูุงููุงู @โณ7ฬฬณโุงููุงุชู#1281: ูุง
2018-04-27 09:19:45 #ุดุงุช-ุงูุงููุงู @โณ7ฬฬณโุงููุงุชู#1281: ูุด ุจู
2018-04-27 09:19:50 #ุดุงุช-ุงูุงููุงู @ูุงุฑู#5945: ุนุทููุงู ุจูุณ
2018-04-27 09:19:57 #ุดุงุช-ุงูุงููุงู @โณ7ฬฬณโุงููุงุชู#1281: ููุง
2018-04-27 09:19:57 #ุดุงุช-ุงูุงููุงู @Dyno#3861: ููุง ูุงููู ูููุฑ๐๐ฅ๐น
2018-04-27 09:19:58 #ุดุงุช-ุงูุงููุงู @ุจุญุฑ ููู ููู#9899: ูุงุฑุฌุงู ุงุจู ุงุฎูู ููุงููู ูุชูุงุนู
2018-04-27 09:20:11 #ุดุงุช-ุงูุงููุงู @ูุงุฑู#5945: ุชูุงุนู ู ุงูุฑุชุจู ูู ุนูููู
2018-04-27 09:20:11 #ุดุงุช-ุงูุงููุงู @โณ7ฬฬณโุงููุงุชู#1281: ุงูู ุฎูู
2018-04-27 09:20:33 #ุดุงุช-ุงูุงููุงู @ุจุญุฑ ููู ููู#9899: ุจุณ ุนุทููู ุณุงุนู ูุงูุนุถุงุก ููููู ุนูุฏูู
2018-04-27 09:20:34 #ุดุงุช-ุงูุงููุงู @ูุงุฑู#5945: ุงููุงุชู
2018-04-27 09:20:40 #ุดุงุช-ุงูุงููุงู @โณ7ฬฬณโุงููุงุชู#1281: ูุง
2018-04-27 09:20:55 #ุดุงุช-ุงูุงููุงู @โณ7ฬฬณโุงููุงุชู#1281: ุบูุฑ ุจูุชุงุช ุจ boos
2018-04-27 09:21:01 #ุดุงุช-ุงูุงููุงู @ูุงุฑู#5945: ููู ูู ูุฏุฎููู ุงูููุงู  ุชุนุทููู ุฑุชุจู
2018-04-27 09:21:03 #ุดุงุช-ุงูุงููุงู @โณ7ฬฬณโุงููุงุชู#1281: ูู ุจูุณ ุจูุชุงุช
2018-04-27 09:21:13 #ุดุงุช-ุงูุงููุงู @โณ7ฬฬณโุงููุงุชู#1281: ูุงู ุฃุฑูุฏู ููู ูู ุชุญุช
2018-04-27 09:21:24 #ุดุงุช-ุงูุงููุงู @ูุงุฑู#5945: ุนุงุฏู
2018-04-27 09:21:31 #ุดุงุช-ุงูุงููุงู @โณ7ฬฬณโุงููุงุชู#1281: ูุง
2018-04-27 09:21:32 #ุดุงุช-ุงูุงููุงู @ูุงุฑู#5945: ุจุดูู ุฑุชุจู
2018-04-27 09:21:39 #ุดุงุช-ุงูุงููุงู @โณ7ฬฬณโุงููุงุชู#1281: ุดูู
2018-04-27 09:22:18 #ุดุงุช-ุงูุงููุงู @ูุงุฑู#5945: ุนูุฏู ุฑุชุจู
2018-04-27 09:24:47 #ุดุงุช-ุงูุงููุงู @โณ7ฬฬณโุงููุงุชู#1281: @B O O S
2018-04-27 09:25:42 #ุดุงุช-ุงูุงููุงู @โณ7ฬฬณโุงููุงุชู#1281: ุฌูุจู ุงุนุถุงุก
2018-04-27 09:26:02 #ุดุงุช-ุงูุงููุงู @ูุงุฑู#5945: ุทูุจ
2018-04-27 09:26:04 #ุดุงุช-ุงูุงููุงู @ูุงุฑู#5945: ุฑุงุจุท
2018-04-27 09:26:04 #ุดุงุช-ุงูุงููุงู @ProBot โจ#5803: https://discord.gg/qF9Cu6C
2018-04-27 09:26:04 #ุดุงุช-ุงูุงููุงู @Dragon#5533: 
2018-04-27 09:26:04 #ุดุงุช-ุงูุงููุงู @R Bot#1794: @โแฑโูุงุฑู, ุชู ุงุฑุณุงู ุฑุงุจุท ุงูุณูุฑูุฑ ูู
2018-04-27 09:26:05 #ุดุงุช-ุงูุงููุงู @Dragon#5533 edited message from 2018-04-27 09:26:04 () to read: 
2018-04-27 09:26:04 #ุดุงุช-ุงูุงููุงู @Space Bot#5553: 
2018-04-27 09:26:10 #ุดุงุช-ุงูุงููุงู @Space Bot#5553 edited message from 2018-04-27 09:26:04 () to read: 
2018-04-27 09:26:16 #ุดุงุช-ุงูุงููุงู @Dragon#5533 deleted message from 2018-04-27 09:26:04 ()
2018-04-27 09:26:17 #ุดุงุช-ุงูุงููุงู @Space Bot#5553 deleted message from 2018-04-27 09:26:04 ()
2018-04-27 09:26:24 #ุดุงุช-ุงูุงููุงู @R Bot#1794 deleted message from 2018-04-27 09:26:04 (@โแฑโูุงุฑู, ุชู ุงุฑุณุงู ุฑุงุจุท ุงูุณูุฑูุฑ ูู)
2018-04-27 09:49:55 #ุดุงุช-ุงูุงููุงู @auaji.19#8560: ุงููุงู
2018-04-27 09:49:57 #ุดุงุช-ุงูุงููุงู @ProBot โจ#5803:  (attachment url(s): https://cdn.discordapp.com/attachments/439073486414282762/439362559246598157/colors.png)
2018-04-27 09:51:32 #ุดุงุช-ุงูุงููุงู @โณ7ฬฬณโุงููุงุชู#1281: ูุซุงู
2018-04-27 09:51:39 #ุดุงุช-ุงูุงููุงู @โณ7ฬฬณโุงููุงุชู#1281: ููู 97
2018-04-27 09:51:39 #ุดุงุช-ุงูุงููุงู @ProBot โจ#5803: 
2018-04-27 09:51:41 #ุดุงุช-ุงูุงููุงู @ProBot โจ#5803 edited message from 2018-04-27 09:51:39 () to read: 
2018-04-27 10:20:00 #ุดุงุช-ุงูุงููุงู @ๅซใงุฌูุฑุงูใงๅซ#6891: ููู 97
2018-04-27 10:20:01 #ุดุงุช-ุงูุงููุงู @ProBot โจ#5803: 
2018-04-27 10:20:01 #ุดุงุช-ุงูุงููุงู @ProBot โจ#5803 edited message from 2018-04-27 10:20:01 () to read: 
2018-04-27 18:22:18 #ุดุงุช-ุงูุงููุงู @ุจุญุฑ ููู ููู#9899: ููู 15
2018-04-27 18:22:18 #ุดุงุช-ุงูุงููุงู @ProBot โจ#5803: 
2018-04-27 18:22:19 #ุดุงุช-ุงูุงููุงู @ProBot โจ#5803 edited message from 2018-04-27 18:22:18 () to read: 
2018-04-28 07:24:43 #ุดุงุช-ุงูุงููุงู @ๅซใงุฌูุฑุงูใงๅซ#6891: !!ูููุณ
2018-04-28 07:24:43 #ุดุงุช-ุงูุงููุงู @ุจูุช ุงูุนุฑุจ#8510: 
2018-04-28 07:24:46 #ุดุงุช-ุงูุงููุงู @ุจูุช ุงูุนุฑุจ#8510 edited message from 2018-04-28 07:24:43 () to read: 
2018-04-28 07:24:53 #ุดุงุช-ุงูุงููุงู @ๅซใงุฌูุฑุงูใงๅซ#6891: ุงูุง ๐๐
2018-04-28 13:02:56 #ุดุงุช-ุงูุงููุงู @ๅซใงุฌูุฑุงูใงๅซ#6891: ููู 97
2018-04-28 13:02:59 #ุดุงุช-ุงูุงููุงู @ProBot โจ#5803: 
2018-04-28 13:03:00 #ุดุงุช-ุงูุงููุงู @ProBot โจ#5803 edited message from 2018-04-28 13:02:59 () to read: 
2018-04-28 16:17:14 #ุดุงุช-ุงูุงููุงู @๐โแซัฆ๊ซโแฅ๊ /Mูู7#4882: ุฃููู ูฅ
2018-04-28 16:17:31 #ุดุงุช-ุงูุงููุงู @๐โแซัฆ๊ซโแฅ๊ /Mูู7#4882: ููู 143
2018-04-28 16:17:32 #ุดุงุช-ุงูุงููุงู @ProBot โจ#5803: 
2018-04-28 16:17:33 #ุดุงุช-ุงูุงููุงู @ProBot โจ#5803 edited message from 2018-04-28 16:17:32 () to read: 
2018-04-28 16:17:40 #ุดุงุช-ุงูุงููุงู @๐โแซัฆ๊ซโแฅ๊ /Mูู7#4882: .
2018-04-28 16:17:40 #ุดุงุช-ุงูุงููุงู @ProBot โจ#5803: ุฌุนู ูุง ูููุท ุบูุฑู๐๐น
2018-04-28 16:18:05 #ุดุงุช-ุงูุงููุงู @๐โแซัฆ๊ซโแฅ๊ /Mูู7#4882: ููููฉ
2018-04-28 16:18:14 #ุดุงุช-ุงูุงููุงู @๐โแซัฆ๊ซโแฅ๊ /Mูู7#4882: ููู9
2018-05-01 14:06:42 #ุดุงุช-ุงูุงููุงู @RBGโซPro.io โแปฒลข#5838: 64
2018-05-01 14:06:52 #ุดุงุช-ุงูุงููุงู @RBGโซPro.io โแปฒลข#5838: ููู 64
2018-05-01 14:06:52 #ุดุงุช-ุงูุงููุงู @ProBot โจ#5803: 
2018-05-01 14:06:56 #ุดุงุช-ุงูุงููุงู @ProBot โจ#5803 edited message from 2018-05-01 14:06:52 () to read: 
2018-05-01 14:07:21 #ุดุงุช-ุงูุงููุงู @RBGโซPro.io โแปฒลข#5838: ุดูุฑุง
2018-05-01 17:21:11 #ุดุงุช-ุงูุงููุงู @ๅฌ๊ถแฅ๊โ โุงููุงุชู#1281: ููุง
2018-05-01 17:21:11 #ุดุงุช-ุงูุงููุงู @Dyno#3861: ููุง ูุงููู ูููุฑ๐๐ฅ๐น
