2018-04-26 19:19:55 #selfies @Midnight#4055:  (attachment url(s): https://cdn.discordapp.com/attachments/438768800511426585/439143608566677505/Snapchat-1970422992.jpg)
2018-04-26 19:20:34 #selfies @Midnight#4055: Also my shirt says "TRANS PEOPLE ARE NOT A BURDEN" so that's a big plus. 🖤
2018-04-26 19:20:52 #selfies @Ｉ ＬＩＫＥ ＩＴ ＬＯＵＤ！#1393: i thought the manga cap was a legitimate part of your shirt for a second
2018-04-26 19:20:56 #selfies @Ｉ ＬＩＫＥ ＩＴ ＬＯＵＤ！#1393: OH good shirt
2018-04-26 19:20:58 #selfies @Ritewine#7082: Same
2018-04-26 19:21:28 #selfies @Midnight#4055: Heh, no, but now I need a trans Aizawa themed shirt.
2018-04-26 19:21:34 #selfies @iza#4287: oh shit!
2018-04-26 19:21:40 #selfies @iza#4287: i was just gonna send a selfie too.
2018-04-26 19:21:52 #selfies @iza#4287: theyre blurry bc my hands are shaking but i love your appearance and your shirt
2018-04-26 19:21:57 #selfies @iza#4287:  (attachment url(s): https://cdn.discordapp.com/attachments/438768800511426585/439144122306134016/18-04-26-12-20-40-721_photo.jpg)
2018-04-26 19:22:57 #selfies @Midnight#4055: Ahh! Thank you, you very nice looking as well. I love your curly/wavey hair.
2018-04-26 19:23:23 #selfies @Ｉ ＬＩＫＥ ＩＴ ＬＯＵＤ！#1393: here yall are lookin Good and i am. a potato with a microphone
2018-04-26 19:26:19 #selfies @iza#4287: thank you!!
2018-04-26 19:26:22 #selfies @iza#4287: a gorgesr one
2018-04-26 19:26:50 #selfies @Midnight#4055: Thank you. ALSO I'm sure you do not look like a potato with a microphone, but go off I guess. 👀
2018-04-26 19:27:11 #selfies @Fucking-san#2786: WHAT COMPLEMENTS ARE Y'ALL OKAY WITH!?
2018-04-26 19:27:15 #selfies @iza#4287: fHDJSNDN
2018-04-26 19:27:25 #selfies @iza#4287: anything not feminine aligned! pretty boy is ok tho
2018-04-26 19:27:37 #selfies @Midnight#4055: Pretty much same. ^^^
2018-04-26 19:27:39 #selfies @Ritewine#7082: This is most recent selfie/showing off new twink might shirt (attachment url(s): https://cdn.discordapp.com/attachments/438768800511426585/439145554400772106/image.jpg)
2018-04-26 19:27:39 #selfies @Ｉ ＬＩＫＥ ＩＴ ＬＯＵＤ！#1393: ^
2018-04-26 19:27:48 #selfies @Ｉ ＬＩＫＥ ＩＴ ＬＯＵＤ！#1393: OH good shit
2018-04-26 19:27:49 #selfies @Ｉ ＬＩＫＥ ＩＴ ＬＯＵＤ！#1393: shirt
2018-04-26 19:27:51 #selfies @Midnight#4055: God that is such a good shirt.
2018-04-26 19:27:52 #selfies @Ｉ ＬＩＫＥ ＩＴ ＬＯＵＤ！#1393: same difference
2018-04-26 19:27:56 #selfies @Midnight#4055: And you look very nice.
2018-04-26 19:28:47 #selfies @Fucking-san#2786: If any of y'all send a selfie I wanna know what I can say!\nYALL ARE SO FUCKING VALID AND HANDSOME(does handsome at all bother!?)
2018-04-26 19:29:22 #selfies @iza#4287: OH A GOOD SHIRT AND A GOOD LAS
2018-04-26 19:30:05 #selfies @Fucking-san#2786:  (attachment url(s): https://cdn.discordapp.com/attachments/438768800511426585/439146170032455680/IMG_20180422_173418_976.jpg)
2018-04-26 19:30:11 #selfies @iza#4287: OOOO
2018-04-26 19:30:17 #selfies @Fucking-san#2786: Since we sharin !
2018-04-26 19:30:23 #selfies @iza#4287: hansum!!! if thar is the proper compliment
2018-04-26 19:31:10 #selfies @Midnight#4055: No that is very good @AAAAAAAAAA thank you. You are also very valid and handsome looking. I love you're hat.
2018-04-26 19:31:35 #selfies @Ritewine#7082: You are all lovely! I gotta go back to work now!! ❤️💙💛
2018-04-26 19:31:35 #selfies @Fucking-san#2786: as long as you don't use pretty I'm good!!\n\n__Fuckin bless__
2018-04-26 19:31:46 #selfies @iza#4287: valid!!!
2018-04-26 19:34:10 #selfies @Ｉ ＬＩＫＥ ＩＴ ＬＯＵＤ！#1393: 🥔 🎤 (attachment url(s): https://cdn.discordapp.com/attachments/438768800511426585/439147195669938177/Snapchat-831162164.jpg)
2018-04-26 19:34:51 #selfies @Fucking-san#2786: I LOVE YOUR HAIR!!
2018-04-26 19:35:00 #selfies @Fucking-san#2786: Your whole outfit is amazing
2018-04-26 19:35:21 #selfies @Ｉ ＬＩＫＥ ＩＴ ＬＯＵＤ！#1393: AAA THanks\nim a stinkie midoriya kin and dyed my hair green
2018-04-26 19:35:27 #selfies @Midnight#4055: It seems I was correct in saying so. You are very very handsome. Your hair is wonderful.
2018-04-26 19:35:36 #selfies @Ｉ ＬＩＫＥ ＩＴ ＬＯＵＤ！#1393: A
2018-04-26 19:36:03 #selfies @Midnight#4055: I love your glasses as well. We'll be getting a pair soon.
2018-04-26 19:41:04 #selfies @Ｉ ＬＩＫＥ ＩＴ ＬＯＵＤ！#1393: <a:EEEAAAAAAA:439148811932139520>
2018-04-26 19:41:31 #selfies @Midnight#4055: Heh. Cute.
2018-04-26 19:58:07 #selfies @zashi#5107: omg im late to the party but i have that all might shirt!
2018-04-26 19:58:20 #selfies @Midnight#4055: Lucky.
2018-04-26 19:58:23 #selfies @zashi#5107:  (attachment url(s): https://cdn.discordapp.com/attachments/438768800511426585/439153289041543168/image.jpg)
2018-04-26 20:02:31 #selfies @Ritewine#7082: Same shirt!
2018-04-26 20:06:54 #selfies @Fucking-san#2786: This chat is just filled with stunning faces!!!
2018-04-26 20:07:33 #selfies @Midnight#4055: True.
2018-04-26 22:28:08 #selfies @iza#4287:  (attachment url(s): https://cdn.discordapp.com/attachments/438768800511426585/439190974841880597/18-04-26-15-26-21-728_photo.jpg)
2018-04-26 22:28:12 #selfies @iza#4287: LOOK WHAT CAME IN THE MAIL
2018-04-26 22:28:59 #selfies @Ｉ ＬＩＫＥ ＩＴ ＬＯＵＤ！#1393: \o/ 🎉 🎉
2018-04-26 22:29:24 #selfies @iza#4287: its so comfortable i don't want to take it off
2018-04-26 22:29:29 #selfies @iza#4287: but i work in an hour... hhh
2018-04-26 22:35:45 #selfies @Fucking-san#2786: OH SHIT VID AS FUCK AND SO STUNNING
2018-04-26 22:56:00 #selfies @iza#4287: TYY!!!!
2018-04-26 22:56:12 #selfies @Ritewine#7082: That looks awesomeee
2018-04-26 22:58:10 #selfies @iza#4287: thank u!!
2018-04-27 00:02:04 #selfies @Midnight#4055: So good and valid.
2018-04-27 03:24:52 #selfies @iza#4287:  (attachment url(s): https://cdn.discordapp.com/attachments/438768800511426585/439265649941020672/18-04-26-20-03-46-186_photo.jpg,https://cdn.discordapp.com/attachments/438768800511426585/439265650406457344/18-04-26-20-05-14-025_photo.jpg,https://cdn.discordapp.com/attachments/438768800511426585/439265650406457345/18-04-26-20-03-57-720_photo.jpg)
2018-04-27 03:24:58 #selfies @iza#4287: local man cosplays his own son
2018-04-27 03:26:03 #selfies @Fucking-san#2786: DUDE THIS IS GOOD!!!\nYOU'RE REALLY GOOD AT COSPLAYING!!!\nIT'S PRO LEVEL
2018-04-27 03:26:17 #selfies @iza#4287: THANK YOU WWTF
2018-04-27 03:26:27 #selfies @iza#4287: i dont feel like i fit hom very well but that means so much;;
2018-04-27 03:28:07 #selfies @Fucking-san#2786: YOU FIT WELL\nPLUS HAVING THE FACIAL EXPRESSIONS DOWN
2018-04-27 03:28:25 #selfies @iza#4287: AAA THANK YOU im s o honored
2018-04-27 03:28:32 #selfies @iza#4287: also this
2018-04-27 03:28:35 #selfies @iza#4287:  (attachment url(s): https://cdn.discordapp.com/attachments/438768800511426585/439266584348065793/18-04-26-20-06-27-467_photo.jpg)
2018-04-27 03:28:42 #selfies @iza#4287: you know he reps dunder mifflin
2018-04-27 03:35:11 #selfies @Fucking-san#2786: __DOES HE YELL IGNORANT SLUT TO BAKUGO FOR SAYING DEPRESSION IS A FANCY WORD FOR BUMMED OUT?!_
2018-04-27 03:35:20 #selfies @Fucking-san#2786 edited message from 2018-04-27 03:35:11 (__DOES HE YELL IGNORANT SLUT TO BAKUGO FOR SAYING DEPRESSION IS A FANCY WORD FOR BUMMED OUT?!_) to read: _DOES HE YELL IGNORANT SLUT TO BAKUGO FOR SAYING DEPRESSION IS A FANCY WORD FOR BUMMED OUT?!_
2018-04-27 03:56:17 #selfies @iza#4287: UES
2018-04-28 17:47:20 #selfies @Ritewine#7082: ☀️☀️☀️☀️☀️I h a v e a y e l l o w h e a d b a n d☀️☀️☀️☀️☀️ (attachment url(s): https://cdn.discordapp.com/attachments/438768800511426585/439845085534879754/image.jpg)
2018-04-28 17:55:06 #selfies @Midnight#4055: V good and v valid.
2018-04-28 17:57:55 #selfies @Midnight#4055:  (attachment url(s): https://cdn.discordapp.com/attachments/438768800511426585/439847748855136256/Snapchat-473767197.jpg)
2018-04-28 17:58:52 #selfies @Ritewine#7082: Amazing!!!
2018-04-28 18:00:12 #selfies @Midnight#4055: Amazing garbage man.
2018-04-28 18:51:20 #selfies @Ｉ ＬＩＫＥ ＩＴ ＬＯＵＤ！#1393: 👏 👏 👏 🎉 🎉
