2018-04-26 20:33:22 #vent @iza#4287: i didn't think our mom was home so i got inside and took my shirt off immediately because it's hot as all hell outside and. she saw me wearing a binder. epic
2018-04-26 20:33:44 #vent @iza#4287: i know she despises us being trans and has threatened to throw away binders if she ever found them in our posession
2018-04-26 20:37:29 #vent @Fucking-san#2786: __DO YALL MIND IF I COME OVER AND FIGHT HER__
2018-04-26 20:37:41 #vent @iza#4287: please
2018-04-26 20:37:50 #vent @iza#4287: both our parents qre so awful about us being trans
2018-04-26 20:39:06 #vent @Ｉ ＬＩＫＥ ＩＴ ＬＯＵＤ！#1393: I WILL ALSO FIGHT <:knife:410286641668685825>
2018-04-26 20:39:44 #vent @iza#4287: thank u 😔🤙
2018-04-26 20:39:58 #vent @iza#4287: theyve yold us they dislike us for it or something similar
2018-04-26 20:40:00 #vent @iza#4287: fucking incredible
2018-04-26 23:57:07 #vent @Midnight#4055: Wow yeah, late to the party but I will also fucking fight.
2018-04-27 00:09:12 #vent @Ritewine#7082: destory them.
2018-04-27 00:09:16 #vent @Ritewine#7082: plus ultra style.
2018-04-27 00:10:15 #vent @Fucking-san#2786: Let's all gang up on them \nEveryone using their abilities and agility
2018-04-27 02:12:17 #vent @iza#4287: i love yall.
2018-04-27 05:04:44 #vent @iza#4287: the partner i've been with for 3 years just reblogged this and i'm mmmmmmmm (attachment url(s): https://cdn.discordapp.com/attachments/438768283160674319/439290785016578060/tumblr_p7pivcTy3s1w1zw4do1_540.png)
2018-04-27 05:06:26 #vent @Fucking-san#2786: _Mmmmmm_\nGod I hate that shit cause it's pointing at pity
2018-04-27 05:06:39 #vent @iza#4287: yeah hhuhgg
2018-04-27 05:06:42 #vent @iza#4287: they're like
2018-04-27 05:07:19 #vent @iza#4287: they struggle with empathy a *lot* although they've improved immensely in the last year but they've said things to me in breakdowns that i sometimes think of too much
2018-04-27 05:07:44 #vent @iza#4287: on the other hand they just asked "can i please see you again this weekend"
2018-04-27 05:07:47 #vent @iza#4287: now i feel bad lmao.
2018-04-27 05:12:45 #vent @Fucking-san#2786: Mmmm maybe try talking to them calmly and try to talk about it in a way they feel comfortable?\nCause they shouldn't do something like this because not only are they hurting themselves but you as well, it's never good to stay silent about it and blame yourself.
2018-04-27 05:13:07 #vent @iza#4287: ill try but like... if im being honest it may just have been for the aesthetic
2018-04-27 05:13:16 #vent @iza#4287: it kind of does fit their blog
2018-04-27 05:14:16 #vent @Fucking-san#2786: Okay!! It's understandable if it fits their aesthetic!!
2018-04-27 05:14:32 #vent @iza#4287: i am just a Pussy
2018-04-27 05:22:56 #vent @iza#4287: OH IT WAS A VAGUE ABOUT SOMEONE WE BOTH HATE
2018-04-27 05:23:01 #vent @iza#4287: LOL OK paranoia over
2018-04-27 05:28:13 #vent @Fucking-san#2786: OKAY
2018-04-27 05:28:19 #vent @Fucking-san#2786: OKAY GOOD GOOD
2018-04-27 05:28:49 #vent @Fucking-san#2786: Oof I know when I vague someone \nMy boyfriend barrels in for a cup of tea
2018-04-27 05:28:51 #vent @iza#4287: god i was so scared but
2018-04-27 05:28:55 #vent @iza#4287: fgdfkjgfd
2018-04-27 05:28:59 #vent @Fucking-san#2786: Me? I get paranoid
2018-04-27 05:29:09 #vent @iza#4287: YEAH
2018-04-27 05:29:11 #vent @Fucking-san#2786: Which I'm working on
2018-04-27 05:29:39 #vent @iza#4287: oh me too
2018-04-27 05:29:48 #vent @iza#4287: the paranoid personality disorder is strong in this bitch, personally
2018-04-27 05:32:07 #vent @Fucking-san#2786: Mmmmm god \nI have paranoia anxiety which killd me on spot
2018-04-27 05:32:21 #vent @iza#4287: rest in oeace
2018-04-27 05:33:23 #vent @Fucking-san#2786: __I WISH__\nI WANNA BE IN THE OCEAN AGAIN SO BADLY\nI MISS MY SHARK DAYS (TWO LIVES) AND MY PIRATE DAYS
2018-04-27 05:33:31 #vent @iza#4287: awww
2018-04-27 17:44:22 #vent @Ｉ ＬＩＫＥ ＩＴ ＬＯＵＤ！#1393: irl friends are arguing about server organisation and "unneeded channels" and bs and its actually kind of irritating because im a big fan of ~~intense~~ server organisation and having specific channels for things, and their disregard for certain channels is. infuriating.\n"oh we dont need these channels, theres too many, we can just say everything in general"  theres less than 15 channels and all of them seem like good ideas to me And the server owner but go off i guess
2018-04-27 17:44:36 #vent @Ｉ ＬＩＫＥ ＩＴ ＬＯＵＤ！#1393: like its Probably a dumb thing to be upset over but.
2018-04-27 17:45:38 #vent @Ｉ ＬＩＫＥ ＩＴ ＬＯＵＤ！#1393: i dont. wanna dig thru 3 days worth of general conversations to find important cosplay info y'dig? some of these channels are well-deserved and theyre just brushing them aside and AAAAAAAAAAAAAAAAAAAAAAAAAAAAAAAAAAAA
2018-04-27 17:45:48 #vent @Ｉ ＬＩＫＥ ＩＴ ＬＯＵＤ！#1393: sorry i love organisation and hate arguments
2018-04-27 17:47:16 #vent @shinsou#4287: eugh i totally agree with you.
2018-04-27 17:47:26 #vent @shinsou#4287: i'm so sorry. that shit is so frustrating.
2018-04-27 17:47:29 #vent @Midnight#4055: ^^^
2018-04-27 17:47:56 #vent @Ｉ ＬＩＫＥ ＩＴ ＬＯＵＤ！#1393: hhh thanks. im so. [loud angry noise]
2018-04-27 17:48:20 #vent @shinsou#4287: me w
2018-04-27 17:48:23 #vent @shinsou#4287: 2*
2018-04-27 17:48:28 #vent @Ｉ ＬＩＫＥ ＩＴ ＬＯＵＤ！#1393: every server i own or am a mod in a try to make as nicely organised as possible, esp w the categories feature and. hh
2018-04-27 17:48:54 #vent @Ｉ ＬＩＫＥ ＩＴ ＬＯＵＤ！#1393: its not my server and i dont have enough mod powers to override them, even tho its not the two who're arguing's server either
2018-04-27 17:48:59 #vent @Ritewine#7082: I like big servers like its just easiers to know where things go
2018-04-27 17:49:04 #vent @Ｉ ＬＩＫＥ ＩＴ ＬＯＵＤ！#1393: ^^^^^
2018-04-27 17:49:19 #vent @Ｉ ＬＩＫＥ ＩＴ ＬＯＵＤ！#1393: everything has a place! everything in its place!
2018-04-27 17:49:27 #vent @Ｉ ＬＩＫＥ ＩＴ ＬＯＵＤ！#1393: [lays on the ground and screams into the dirt]
2018-04-27 17:49:28 #vent @Ritewine#7082: ^^^
2018-04-27 17:51:08 #vent @shinsou#4287: y e s
2018-04-27 18:07:40 #vent @Ｉ ＬＩＫＥ ＩＴ ＬＯＵＤ！#1393: [stares directly into the void] they got rid of channels _that they already used_
2018-04-27 18:08:14 #vent @Ｉ ＬＩＫＥ ＩＴ ＬＯＵＤ！#1393: i need to stop focusing on this before i give myself an aneurysm
2018-04-27 18:29:57 #vent @shinsou#4287: WHAT THE FUCK LOL
2018-04-27 18:31:22 #vent @Ｉ ＬＩＫＥ ＩＴ ＬＯＵＤ！#1393: I HAVE the memory of a walnut and am honestly too exhausted with them now to bother trying, but they def removed the gaming channel we had. it was last used the other day. what the actual fuck.
2018-04-27 18:31:42 #vent @Ｉ ＬＩＫＥ ＩＴ ＬＯＵＤ！#1393: irls are..... so fucking exhausting
2018-04-27 18:32:40 #vent @shinsou#4287: A WALNUT
2018-04-27 18:32:42 #vent @shinsou#4287: im laughing
2018-04-27 18:36:15 #vent @Ｉ ＬＩＫＥ ＩＴ ＬＯＵＤ！#1393: ITS TRUE
2018-04-27 18:36:20 #vent @Ｉ ＬＩＫＥ ＩＴ ＬＯＵＤ！#1393: i dont remember shit my guy
2018-05-01 06:41:03 #vent @Midnight#4055: Yes hello I am a garbage man and want to just eat trash garbage food that will only hurt my body mostly out of pure laziness to cook real food but can't access the trash food regardless because it's almost 3am.
2018-05-01 06:41:32 #vent @Midnight#4055:  (attachment url(s): https://cdn.discordapp.com/attachments/438768283160674319/440764695318757376/7459e3e3-ff04-43a7-b539-415592481a80.png)
2018-05-01 06:41:53 #vent @Ritewine#7082: Big mood
2018-05-01 06:54:06 #vent @Ritewine#7082: I hate being gay and dumb like can i  🅱 lease have a crush on someone obtainable
2018-05-01 06:56:13 #vent @Midnight#4055: What makes them the person you like unobtainable, if it is alright for me to ask?
2018-05-01 06:56:51 #vent @Ritewine#7082: Uh they are dating someone else
2018-05-01 06:57:05 #vent @Midnight#4055: Oh, fun. /s
2018-05-01 06:57:12 #vent @Midnight#4055: Sorry to hear that.
2018-05-01 06:57:20 #vent @Ritewine#7082: And my last crush/still crush lbr is married and straight and twice my age so im just fucked
2018-05-01 06:57:29 #vent @Ritewine#7082: ¯\_(ツ)_/¯
2018-05-01 06:57:52 #vent @Midnight#4055: I hope you find someone sooner rather than later, as you deserve to be happy.
2018-05-01 06:58:37 #vent @Ritewine#7082: TT.TT thats so sweet thank
2018-05-03 01:58:01 #vent @zashi#5107: lays in this chat and yells quietly
2018-05-03 02:00:24 #vent @Ritewine#7082: Mood
2018-05-03 02:00:59 #vent @zashi#5107: i need to Talk to one of my partners and i dont know how to start the conversation at all
2018-05-03 02:02:24 #vent @Ritewine#7082: Oof yeah been there
2018-05-03 02:02:28 #vent @Ritewine#7082: *hugs *
2018-05-03 02:02:47 #vent @zashi#5107: thank you ❤
2018-05-03 02:22:09 #vent @Midnight#4055: May I ask what you need to talk about? I may be able to help maybe? Only if you're comfortable with that, of course. Otherwise I wish you all the best and hope things go well.
2018-05-03 02:23:50 #vent @zashi#5107: it's. A Lot. but basically he wants to have a relationship with someone that hurt me and i dont think he really cares about me anymore and hes really secretive about his life and i. might need to break up with him cause its hurting me but i want to try to talk to him first,
2018-05-03 02:45:12 #vent @Midnight#4055: That makes sense. And is certainly a sticky situation. You could just play the "We need to talk, *now.*" card. A bit harsh, but effective when you want someone's attention.
2018-05-03 02:45:45 #vent @Midnight#4055: And it you're able to get out what you need to say right there and then, rather than giving the opportunity for small talk.
2018-05-03 02:46:21 #vent @zashi#5107: im thinking about just trying to write out how im feeling and sending it to start to conversation
2018-05-03 02:46:27 #vent @zashi#5107: im just. not sure what to say
2018-05-03 02:47:28 #vent @Midnight#4055: Ahh, yeah. Organizing your thoughts is always the most difficult. Specifically with things like this, in my perspective.
