2018-04-26 18:27:38 #nsfw @Fucking-san#2786: !penis
2018-04-26 18:27:39 #nsfw @Synapse#0692: ```\n!penis [users...]\n\nDetects user's penis length\n\nThis is 101% accurate.\nEnter multiple users for an accurate comparison!\n\n```
2018-04-26 18:28:01 #nsfw @Fucking-san#2786: !penis @AAAAAAAAAA
2018-04-26 18:28:01 #nsfw @Synapse#0692: **AAAAAAAAAA's size:**\n8==============D
2018-04-26 18:28:08 #nsfw @Ｉ ＬＩＫＥ ＩＴ ＬＯＵＤ！#1393: DAMN
2018-04-26 18:28:17 #nsfw @Fucking-san#2786: BITCH I WISH
2018-04-26 18:28:31 #nsfw @Fucking-san#2786: MY 4'10 ASS WOULD DIE
2018-04-26 18:28:51 #nsfw @Ｉ ＬＩＫＥ ＩＴ ＬＯＵＤ！#1393: H
2018-04-26 18:28:57 #nsfw @Ｉ ＬＩＫＥ ＩＴ ＬＯＵＤ！#1393: !penis @MEMELORD MIC
2018-04-26 18:28:58 #nsfw @Synapse#0692: **MEMELORD MIC's size:**\n8=======================D
2018-04-26 18:29:21 #nsfw @Ｉ ＬＩＫＥ ＩＴ ＬＯＵＤ！#1393: WOW I CANT BELIEVE MY DICK IS TALLER THAN I AM
2018-04-26 18:30:08 #nsfw @Fucking-san#2786: __IM DYING__\nyou'd need a wheelbarrow
2018-04-26 18:31:01 #nsfw @Ｉ ＬＩＫＥ ＩＴ ＬＯＵＤ！#1393: im only 5ft i cant
2018-04-26 18:36:23 #nsfw @Fucking-san#2786: !oboobs
2018-04-26 18:36:25 #nsfw @Synapse#0692: ```\n!oboobs\n\nThe oboobs/obutts.ru pictures of nature cog.\n\nCommands:\n  nsfw      Toggle oboobs nswf for this channel on/off.\n  togglemsg Enable/Disable the oboobs nswf not allowed message\n  invert    Invert nsfw blacklist to whitlist\n\nType !oboobs command for more info on a command.\nYou can also type !oboobs category for more info on a category.\n```
2018-04-26 18:38:46 #nsfw @iza#4287: !penis @👁
2018-04-26 18:38:46 #nsfw @Synapse#0692: **👁's size:**\n8==========D
2018-04-26 18:38:49 #nsfw @iza#4287: oh
2018-04-26 18:40:01 #nsfw @Midnight#4055: !penis @Tired Gay
2018-04-26 18:40:01 #nsfw @Synapse#0692: **Tired Gay's size:**\n8========================D
2018-04-26 18:40:13 #nsfw @Midnight#4055: 😎 😎 😎 😎
2018-04-26 18:40:58 #nsfw @iza#4287: holy shit
2018-04-26 18:41:02 #nsfw @Ｉ ＬＩＫＥ ＩＴ ＬＯＵＤ！#1393: dayum
2018-04-26 20:10:30 #nsfw @Fucking-san#2786: Me:I'm a take a nude chest pic for my boyfriend!!\n\nCat:At this exact time I wanna lay on you\n\nHIS ASS MOVED AS I TYPED
2018-04-26 20:34:58 #nsfw @iza#4287: MFJSHFJS
2018-04-26 20:43:52 #nsfw @Fucking-san#2786: LSORRY IF THAT WAS TMI!!\nI just thought it'd be a funny thing
2018-04-26 20:44:38 #nsfw @Ｉ ＬＩＫＥ ＩＴ ＬＯＵＤ！#1393: the cat is cockblocking you
2018-04-26 20:44:48 #nsfw @Fucking-san#2786: __HE'S DONE THAT__
2018-04-26 20:45:18 #nsfw @Ｉ ＬＩＫＥ ＩＴ ＬＯＵＤ！#1393: HGFHGF
2018-04-26 20:45:28 #nsfw @Fucking-san#2786: LIKE I'VE TRIED TO BE SEXY ONE TIME AND HE WANTED OUT TO GO GET WATER AND I WAS "come on you shit, let me have this"
2018-04-26 20:45:43 #nsfw @Ｉ ＬＩＫＥ ＩＴ ＬＯＵＤ！#1393: RIFP,
2018-04-26 23:53:00 #nsfw @Fucking-san#2786:  (attachment url(s): https://cdn.discordapp.com/attachments/438768664519639058/439212333504528384/8c2b746f-832b-4e11-a04a-7503ae533379.jpg)
2018-04-27 00:01:41 #nsfw @Midnight#4055: God. Dammit.
2018-04-27 00:02:29 #nsfw @Fucking-san#2786: If I'm going to be cursed by an image \nEveryone goes down with ne
2018-04-27 00:04:15 #nsfw @Midnight#4055: Ooh. I have some cursed images.
2018-04-27 05:36:12 #nsfw @Fucking-san#2786: Please put this on my body when I'm in my coffin (attachment url(s): https://cdn.discordapp.com/attachments/438768664519639058/439298701597474827/170e37b8-78fc-454c-ad5f-a476abb7ea41.jpg)
2018-04-27 05:37:25 #nsfw @iza#4287: I WILL
2018-04-27 05:38:37 #nsfw @Fucking-san#2786: it'll legit be the death of me\nWhen they ask "cause of death?" \nIt must be shown
2018-04-27 05:39:17 #nsfw @iza#4287: p lea ase
2018-04-27 05:42:27 #nsfw @Ｉ ＬＩＫＥ ＩＴ ＬＯＵＤ！#1393: H
2018-04-28 02:34:40 #nsfw @Fucking-san#2786: https://kirishimasspicymemebox.tumblr.com/post/173358191621/hi-uh-this-is-my-erasermic-fic
2018-04-28 02:34:43 #nsfw @Fucking-san#2786 edited message from 2018-04-28 02:34:40 (https://kirishimasspicymemebox.tumblr.com/post/173358191621/hi-uh-this-is-my-erasermic-fic) to read: https://kirishimasspicymemebox.tumblr.com/post/173358191621/hi-uh-this-is-my-erasermic-fic
2018-04-28 03:25:07 #nsfw @Midnight#4055: Holy fuck.
2018-05-01 06:55:36 #nsfw @Ｉ ＬＩＫＥ ＩＴ ＬＯＵＤ！#1393:  (attachment url(s): https://cdn.discordapp.com/attachments/438768664519639058/440768234615078914/tumblr_p6yfo92Hbt1wqqyilo1_1280.png)
2018-05-01 07:44:08 #nsfw @Midnight#4055: Me: totally not writing out a nsfw memory where I power bottom Hiza ***whoops***
2018-05-02 05:21:50 #nsfw @Fucking-san#2786:  (attachment url(s): https://cdn.discordapp.com/attachments/438768664519639058/441107023917088769/5371994c-a2b9-4cf7-8e10-a51c2d3c3b42.jpg)
2018-05-02 06:29:25 #nsfw @Ｉ ＬＩＫＥ ＩＴ ＬＯＵＤ！#1393:  (attachment url(s): https://cdn.discordapp.com/attachments/438768664519639058/441124033074036756/nodding_kermit.gif)
2018-05-02 06:32:42 #nsfw @Fucking-san#2786: I'm sobbing \nThere have been a lot of mix reactions \ntwo people yelling that they were public
2018-05-02 06:33:04 #nsfw @Ｉ ＬＩＫＥ ＩＴ ＬＯＵＤ！#1393: hhhgfh
