2018-04-26 19:09:43 #pda @Fucking-san#2786: I started thinking about aizawa and I started crying
2018-04-26 19:10:42 #pda @Midnight#4055: Big mood me @ Toshinori and Yamada.
2018-04-26 19:11:29 #pda @Ritewine#7082: Mood
2018-04-26 19:12:28 #pda @Fucking-san#2786: --oof (im doing jt for the meme) I cry when I think of yagi and taishiro
2018-04-26 19:12:28 #pda @Yggdrasil#4195: 🍂 You must be in a voice channel to use that!
2018-04-26 19:12:28 #pda @Ｉ ＬＩＫＥ ＩＴ ＬＯＵＤ！#1393: ive been crying for the past half hour about nemuri i feel this on a spiritual level
2018-04-26 19:12:45 #pda @Fucking-san#2786: __SHE'S SO FUCKING LOVELY__
2018-04-26 19:13:44 #pda @Ｉ ＬＩＫＥ ＩＴ ＬＯＵＤ！#1393: I LOVE HER
2018-04-26 19:17:37 #pda @Fucking-san#2786: If I was still on good terms with em \nI would invite my ex-qpp \nHe kins her
2018-04-27 05:28:50 #pda @Ritewine#7082: i am so gay
2018-04-27 05:29:00 #pda @iza#4287: oh me too
2018-04-27 05:29:18 #pda @Ritewine#7082: hella
2018-04-27 05:29:26 #pda @Fucking-san#2786: Me when I see aizawa
2018-04-27 05:29:52 #pda @Ritewine#7082: e x a c t l y
2018-04-27 05:30:21 #pda @Ritewine#7082: i mean also zashi but hella
2018-04-27 05:30:33 #pda @iza#4287: there y ou go (attachment url(s): https://cdn.discordapp.com/attachments/438918780261761044/439297280365953025/22154721_801030993411912_1255335818322253813_n.png)
2018-04-27 05:30:46 #pda @Ritewine#7082: f u c k
2018-04-27 05:31:16 #pda @iza#4287: HGDFKGJDF (attachment url(s): https://cdn.discordapp.com/attachments/438918780261761044/439297459748077568/image_1.jpg)
2018-04-27 05:50:16 #pda @Ｉ ＬＩＫＥ ＩＴ ＬＯＵＤ！#1393: local mic attempts pda, fails spectacularly but hey he tried (attachment url(s): https://cdn.discordapp.com/attachments/438918780261761044/439302244488183808/20180427_014948.png)
2018-04-27 06:12:21 #pda @shinsou#4287: v alid
2018-04-27 08:06:47 #pda @Midnight#4055: Thanks, I'll take 10.
2018-04-28 02:18:04 #pda @Ｉ ＬＩＫＥ ＩＴ ＬＯＵＤ！#1393: pda post for every pro hero working at/with ua:  i love you
2018-04-28 02:26:08 #pda @Ritewine#7082:  (attachment url(s): https://cdn.discordapp.com/attachments/438918780261761044/439613258828087296/image.jpg)
2018-04-28 02:26:28 #pda @Ｉ ＬＩＫＥ ＩＴ ＬＯＵＤ！#1393: BDD
2018-04-28 02:31:04 #pda @Fucking-san#2786: __HHH__ \nFUCK ME TOO\nI LOVE EVERYONE\nhell I'd kill to hold hands with fatgum and all might
2018-04-28 03:01:56 #pda @Homo#7457: Me: I've only had Kirishima as my intern for a day and a half but if anything happen to him I'd -
2018-05-01 01:43:29 #pda @Fucking-san#2786: Boyfriend in call:Who is your biggest CC\nMe:Distraught sound of unknown
2018-05-01 03:44:12 #pda @Midnight#4055: Oof me at all of my canon mates.
2018-05-01 04:00:27 #pda @Ｉ ＬＩＫＥ ＩＴ ＬＯＵＤ！#1393: <https://nartothelar.tumblr.com/post/171263853508/perfection>
2018-05-01 04:00:46 #pda @Ritewine#7082: mood
2018-05-01 04:01:22 #pda @Midnight#4055: That's so sweet.
2018-05-01 04:01:36 #pda @Midnight#4055: I actually adore that artist and would give my life for them?
2018-05-01 04:02:51 #pda @Ｉ ＬＩＫＥ ＩＴ ＬＯＵＤ！#1393: 👏
2018-05-01 04:02:58 #pda @Ritewine#7082: m o o d
2018-05-01 04:26:42 #pda @Ｉ ＬＩＫＥ ＩＴ ＬＯＵＤ！#1393: <:wrowzawa:436290578364235777> ?  <:in_love_scream:440729083274461192>
2018-05-01 04:32:42 #pda @Midnight#4055:  (attachment url(s): https://cdn.discordapp.com/attachments/438918780261761044/440732273902616576/shake.gif)
2018-05-01 04:34:16 #pda @Ｉ ＬＩＫＥ ＩＴ ＬＯＵＤ！#1393: <:blush_scream:440729082808893450>
2018-05-01 04:39:14 #pda @Midnight#4055: Cute, heh.
2018-05-01 04:42:28 #pda @Ｉ ＬＩＫＥ ＩＴ ＬＯＵＤ！#1393: <a:EEEAAAAAAA:439148811932139520>
