2018-04-23 17:42:37 #general @Synapse#0692: 
2018-04-23 17:43:31 #general @Ghostplay R2#1298: 
2018-04-23 17:43:40 #general @Flexible144#5606: .help
2018-04-23 17:43:56 #general @Flexible144#5606: *help
2018-04-23 17:43:57 #general @Ghostplay R2#1298: Hey there, @Flexible144! I sent you the list of commands in a private message.\nCheck your direct messages
2018-04-23 17:44:24 #general @Flexible144#5606: *multicolor
2018-04-23 17:44:25 #general @Ghostplay R2#1298: ```\n*[multicolor|multicolour] <interval> <role>\n\nChanges the role color every x seconds\n\n```
2018-04-23 17:44:30 #general @Flexible144#5606: *multicolor 2 Owner
2018-04-23 17:44:33 #general @Ghostplay R2#1298: `Error in command 'multicolor'.If you keep seeing this message please contact the owner of the bot.`
2018-04-23 17:45:11 #general @Flexible144#5606: *multicolor 2 Owner
2018-04-23 17:45:21 #general @Flexible144#5606: *multicolor 12 owner
2018-04-23 17:45:23 #general @Ghostplay R2#1298: 
2018-04-23 17:45:23 #general @Ghostplay R2#1298 edited message from 2018-04-23 17:45:23 () to read: 
2018-04-23 17:45:29 #general @Flexible144#5606: *multicolor 12 Owner
2018-04-23 17:48:13 #general @Flexible144#5606: .execsql UPDATE Flexible144#5606 SET CurrencyAmount=CurrencyAmount+1234
2018-04-23 17:48:19 #general @Flexible144#5606: !bal
2018-04-23 17:48:20 #general @Flexible144#5606: .bal
2018-04-23 17:48:21 #general @Flexible144#5606: .balance
2018-04-23 17:48:24 #general @Flexible144#5606: .money
2018-04-23 17:51:25 #general @Synapse#0692: 
2018-04-23 17:51:36 #general @Flexible144#5606: .xpadd 581293 @Flexible144
2018-04-23 17:51:36 #general @Synapse#0692: 
2018-04-23 17:51:37 #general @Synapse#0692 edited message from 2018-04-23 17:51:36 () to read: 
2018-04-23 17:51:41 #general @Flexible144#5606: .xp
2018-04-23 17:51:46 #general @Synapse#0692:  (attachment url(s): https://cdn.discordapp.com/attachments/438031112351121410/438034260625195008/233264281234178048_xp.png)
2018-04-23 17:51:57 #general @Flexible144#5606: .lvl
2018-04-23 17:51:59 #general @Flexible144#5606: .level
2018-04-23 17:52:40 #general @Flexible144#5606: .club
2018-04-23 17:52:43 #general @Flexible144#5606: .clubadmin
2018-04-23 17:52:49 #general @Flexible144#5606: .clubadmin @Flexible144
2018-04-23 17:52:50 #general @Synapse#0692: 
2018-04-23 17:52:50 #general @Synapse#0692 edited message from 2018-04-23 17:52:50 () to read: 
2018-04-23 17:53:05 #general @Flexible144#5606: .clubcreate Test
2018-04-23 17:53:05 #general @Synapse#0692: 
2018-04-23 17:53:05 #general @Synapse#0692 edited message from 2018-04-23 17:53:05 () to read: 
2018-04-23 17:53:58 #general @Flexible144#5606: .xprews
2018-04-23 17:53:58 #general @Synapse#0692: 
2018-04-23 17:53:58 #general @Synapse#0692 edited message from 2018-04-23 17:53:58 () to read: 
2018-04-23 17:54:50 #general @Flexible144#5606: .rategirl @SomeGurl
2018-04-23 17:54:58 #general @Flexible144#5606: .rategirl @Flexible144
2018-04-23 17:54:59 #general @Synapse#0692: 
2018-04-23 17:55:00 #general @Synapse#0692 edited message from 2018-04-23 17:54:59 () to read: 
2018-04-23 17:55:25 #general @Flexible144#5606: .hangman movies
2018-04-23 17:55:25 #general @Synapse#0692: 
2018-04-23 17:55:25 #general @Synapse#0692 edited message from 2018-04-23 17:55:25 () to read: 
2018-04-23 17:55:30 #general @Flexible144#5606: s
2018-04-23 17:55:30 #general @Synapse#0692: 
2018-04-23 17:55:30 #general @Synapse#0692 edited message from 2018-04-23 17:55:30 () to read: 
2018-04-23 17:55:34 #general @Flexible144#5606: p
2018-04-23 17:55:34 #general @Synapse#0692: 
2018-04-23 17:55:34 #general @Synapse#0692 edited message from 2018-04-23 17:55:34 () to read: 
2018-04-23 17:55:36 #general @Flexible144#5606: t
2018-04-23 17:55:36 #general @Synapse#0692: 
2018-04-23 17:55:36 #general @Synapse#0692 edited message from 2018-04-23 17:55:36 () to read: 
2018-04-23 17:55:37 #general @Flexible144#5606: v
2018-04-23 17:55:37 #general @Synapse#0692: 
2018-04-23 17:55:37 #general @Synapse#0692 edited message from 2018-04-23 17:55:37 () to read: 
2018-04-23 17:55:38 #general @Flexible144#5606: y
2018-04-23 17:55:42 #general @Synapse#0692: 
2018-04-23 17:55:42 #general @Synapse#0692 edited message from 2018-04-23 17:55:42 () to read: 
2018-04-23 17:55:44 #general @Flexible144#5606: h
2018-04-23 17:55:44 #general @Synapse#0692: 
2018-04-23 17:55:44 #general @Synapse#0692 edited message from 2018-04-23 17:55:44 () to read: 
2018-04-23 17:55:49 #general @Flexible144#5606: e
2018-04-23 17:55:50 #general @Synapse#0692: 
2018-04-23 17:55:50 #general @Synapse#0692 edited message from 2018-04-23 17:55:50 () to read: 
2018-04-23 17:56:04 #general @Flexible144#5606: a
2018-04-23 17:56:04 #general @Synapse#0692: 
2018-04-23 17:56:10 #general @Synapse#0692 edited message from 2018-04-23 17:56:04 () to read: 
2018-04-23 17:56:11 #general @Flexible144#5606: r
2018-04-23 17:56:11 #general @Synapse#0692: 
2018-04-23 17:56:11 #general @Synapse#0692 edited message from 2018-04-23 17:56:11 () to read: 
2018-04-23 17:56:18 #general @Flexible144#5606: g
2018-04-23 17:56:18 #general @Synapse#0692: 
2018-04-23 17:56:18 #general @Synapse#0692 edited message from 2018-04-23 17:56:18 () to read: 
2018-04-23 17:56:26 #general @Flexible144#5606: l
2018-04-23 17:56:26 #general @Synapse#0692: 
2018-04-23 17:56:26 #general @Synapse#0692 edited message from 2018-04-23 17:56:26 () to read: 
2018-04-23 17:56:29 #general @Flexible144#5606: o
2018-04-23 17:56:29 #general @Synapse#0692: 
2018-04-23 17:56:29 #general @Synapse#0692 edited message from 2018-04-23 17:56:29 () to read: 
2018-04-23 17:56:31 #general @Flexible144#5606: p
2018-04-23 17:56:38 #general @Flexible144#5606: p
2018-04-23 17:56:38 #general @Synapse#0692: 
2018-04-23 17:56:45 #general @Synapse#0692 edited message from 2018-04-23 17:56:38 () to read: 
2018-04-23 17:56:45 #general @Flexible144#5606: c
2018-04-23 17:56:45 #general @Synapse#0692: 
2018-04-23 17:56:45 #general @Synapse#0692 edited message from 2018-04-23 17:56:45 () to read: 
2018-04-23 17:56:50 #general @Flexible144#5606: i
2018-04-23 17:56:50 #general @Synapse#0692: 
2018-04-23 17:56:50 #general @Synapse#0692 edited message from 2018-04-23 17:56:50 () to read: 
2018-04-23 17:56:51 #general @Flexible144#5606: n
2018-04-23 17:56:51 #general @Synapse#0692: 
2018-04-23 17:56:51 #general @Synapse#0692 edited message from 2018-04-23 17:56:51 () to read: 
2018-04-23 17:56:53 #general @Flexible144#5606: m
2018-04-23 17:56:53 #general @Synapse#0692: 
2018-04-23 17:56:53 #general @Synapse#0692 edited message from 2018-04-23 17:56:53 () to read: 
2018-04-23 17:56:56 #general @Flexible144#5606: f
2018-04-23 17:56:56 #general @Synapse#0692: 
2018-04-23 17:56:56 #general @Synapse#0692 edited message from 2018-04-23 17:56:56 () to read: 
2018-04-23 17:57:06 #general @Flexible144#5606: .hangman games
2018-04-23 17:57:15 #general @Flexible144#5606: .hangman
2018-04-23 17:57:15 #general @Synapse#0692: 
2018-04-23 17:57:15 #general @Synapse#0692 edited message from 2018-04-23 17:57:15 () to read: 
2018-04-23 17:57:20 #general @Flexible144#5606: t
2018-04-23 17:57:21 #general @Synapse#0692: 
2018-04-23 17:57:21 #general @Synapse#0692 edited message from 2018-04-23 17:57:21 () to read: 
2018-04-23 17:57:22 #general @Flexible144#5606: t
2018-04-23 17:57:23 #general @Flexible144#5606: h
2018-04-23 17:57:24 #general @Flexible144#5606: j
2018-04-23 17:57:25 #general @Synapse#0692: 
2018-04-23 17:57:25 #general @Synapse#0692 edited message from 2018-04-23 17:57:25 () to read: 
2018-04-23 17:57:26 #general @Flexible144#5606: c
2018-04-23 17:57:33 #general @Flexible144#5606: h
2018-04-23 17:57:33 #general @Synapse#0692: 
2018-04-23 17:57:33 #general @Synapse#0692 edited message from 2018-04-23 17:57:33 () to read: 
2018-04-23 17:57:35 #general @Flexible144#5606: c
2018-04-23 17:57:37 #general @Flexible144#5606: c
2018-04-23 17:57:37 #general @Synapse#0692: 
2018-04-23 17:57:37 #general @Synapse#0692 edited message from 2018-04-23 17:57:37 () to read: 
2018-04-23 17:57:39 #general @Flexible144#5606: a
2018-04-23 17:57:40 #general @Flexible144#5606: a
2018-04-23 17:57:41 #general @Synapse#0692: 
2018-04-23 17:57:41 #general @Synapse#0692 edited message from 2018-04-23 17:57:41 () to read: 
2018-04-23 17:57:44 #general @Flexible144#5606: e
2018-04-23 17:57:44 #general @Synapse#0692: 
2018-04-23 17:57:44 #general @Synapse#0692 edited message from 2018-04-23 17:57:44 () to read: 
2018-04-23 17:57:46 #general @Flexible144#5606: o
2018-04-23 17:57:49 #general @Flexible144#5606: o
2018-04-23 17:57:49 #general @Synapse#0692: 
2018-04-23 17:57:49 #general @Synapse#0692 edited message from 2018-04-23 17:57:49 () to read: 
2018-04-23 17:57:51 #general @Flexible144#5606: l
2018-04-23 17:57:53 #general @Flexible144#5606: l
2018-04-23 17:57:53 #general @Synapse#0692: 
2018-04-23 17:57:53 #general @Synapse#0692 edited message from 2018-04-23 17:57:53 () to read: 
2018-04-23 17:58:01 #general @Flexible144#5606: m
2018-04-23 17:58:01 #general @Synapse#0692: 
2018-04-23 17:58:02 #general @Synapse#0692 edited message from 2018-04-23 17:58:01 () to read: 
2018-04-23 17:58:02 #general @Synapse#0692: 
2018-04-23 17:58:02 #general @Synapse#0692 edited message from 2018-04-23 17:58:02 () to read: 
2018-04-23 17:58:31 #general @Flexible144#5606: .cleverbot
2018-04-23 17:58:31 #general @Synapse#0692: 
2018-04-23 17:58:32 #general @Synapse#0692 edited message from 2018-04-23 17:58:31 () to read: 
2018-04-23 17:58:36 #general @Flexible144#5606: hi
2018-04-23 17:58:55 #general @Flexible144#5606: @Synapse  hi
2018-04-23 17:59:50 #general @Flexible144#5606: .play what do you mean
2018-04-23 17:59:50 #general @Synapse#0692: 
2018-04-23 17:59:50 #general @Synapse#0692 edited message from 2018-04-23 17:59:50 () to read: 
2018-04-23 17:59:55 #general @Synapse#0692: 
2018-04-23 17:59:55 #general @Synapse#0692 edited message from 2018-04-23 17:59:55 () to read: 
2018-04-23 17:59:58 #general @Flexible144#5606: .play what do you mean
2018-04-23 18:00:01 #general @Synapse#0692: 
2018-04-23 18:00:01 #general @Synapse#0692 edited message from 2018-04-23 18:00:01 () to read: 
2018-04-23 18:00:04 #general @Synapse#0692: 
2018-04-23 18:00:04 #general @Synapse#0692 edited message from 2018-04-23 18:00:04 () to read: 
2018-04-23 18:00:11 #general @Synapse#0692 deleted message from 2018-04-23 18:00:01 ()
2018-04-23 18:00:11 #general @Flexible144#5606 deleted message from 2018-04-23 17:59:58 (.play what do you mean)
2018-04-23 18:05:02 #general @Synapse#0692: 
2018-04-23 18:05:03 #general @Synapse#0692 edited message from 2018-04-23 18:05:02 () to read: 
