2018-04-28 06:57:25 this bot joined the server
2018-04-28 06:58:32 Role created: 'new role' (id 439681802597302273)
2018-04-28 06:58:46 Role permissions: 'Synapse' changed from 8 to 262216
2018-04-28 06:58:46 Role permissions: 'Ghostplay R2' changed from 268520497 to 268782705
2018-04-28 06:58:46 Role position: 'Ghostplay R2' changed from 2 to 3
2018-04-28 06:58:46 Role position: 'Best Friends' changed from 2 to 4
2018-04-28 06:58:46 Role position: 'Trade Bot' changed from 3 to 5
2018-04-28 06:58:46 Role position: 'NotSoBot' changed from 4 to 6
2018-04-28 06:58:46 Role position: 'Fucker of all' changed from 5 to 7
2018-04-28 06:58:46 Role position: 'Co Owner/StatChanger' changed from 6 to 8
2018-04-28 06:58:46 Role position: 'NSFWBot' changed from 7 to 9
2018-04-28 06:58:46 Role position: 'PikaGirl' changed from 8 to 10
2018-04-28 06:58:46 Role position: 'SUSPENDED!' changed from 9 to 11
2018-04-28 06:58:46 Role position: 'Silver' changed from 10 to 12
2018-04-28 06:58:46 Role position: 'Gold Membership' changed from 11 to 13
2018-04-28 06:58:46 Role position: 'Diamond Membership' changed from 12 to 14
2018-04-28 06:58:46 Role position: 'GiveawayBot' changed from 13 to 15
2018-04-28 06:58:46 Role position: 'SkitSkit's Hoes' changed from 14 to 16
2018-04-28 06:58:46 Role position: 'Sinon' changed from 15 to 17
2018-04-28 06:58:46 Role position: 'Nenick The LegendTrapper' changed from 16 to 18
2018-04-28 06:58:46 Role position: 'Mini Trappers' changed from 17 to 19
2018-04-28 06:58:46 Role position: 'BoobBot' changed from 18 to 20
2018-04-28 06:58:46 Role position: 'King Trapper!' changed from 19 to 21
2018-04-28 06:58:46 Role position: 'Dope Trapper!!!' changed from 20 to 22
2018-04-28 06:58:47 Role renamed: 'new role' to 'GP-Bot'
2018-04-28 06:58:47 Role color: 'new role' changed from #000000 to #e70000
2018-04-28 06:58:59 Member role add: 'GP-Bot' role was added to @Ghostplay R2#1298
2018-04-28 06:59:51 Role hoist: 'GP-Bot' is now shown seperately
2018-04-28 06:59:56 Member role remove: The 'Nenick The LegendTrapper' role was removed from @Nenick#1757
2018-04-28 07:00:09 Member role remove: The 'King Trapper!' role was removed from @￰￰#3675
2018-04-28 07:00:17 Member role add: 'King Trapper!' role was added to @￰￰#3675
2018-04-28 07:00:17 Member role remove: The 'King Trapper!' role was removed from @￰￰#3675
2018-04-28 07:00:18 Member role add: 'Mini Trappers' role was added to @￰￰#3675
2018-04-28 07:00:21 Member role remove: The 'Mini Trappers' role was removed from @￰￰#3675
2018-04-28 07:00:21 Member role add: 'Gold Membership' role was added to @￰￰#3675
2018-04-28 07:00:22 Member role remove: The 'Gold Membership' role was removed from @￰￰#3675
2018-04-28 07:00:26 Member role add: 'Best Friends' role was added to @￰￰#3675
2018-04-28 07:00:29 Member role add: 'Co Owner/StatChanger' role was added to @￰￰#3675
2018-04-28 07:00:29 Member role remove: The 'Best Friends' role was removed from @￰￰#3675
2018-04-28 07:00:29 Member role add: 'Co Owner/StatChanger' role was added to @￰￰#3675
2018-04-28 07:00:29 Member role add: 'Silver' role was added to @￰￰#3675
2018-04-28 07:00:29 Member role remove: The 'Co Owner/StatChanger' role was removed from @￰￰#3675
2018-04-28 07:00:29 Member role add: 'Silver' role was added to @￰￰#3675
2018-04-28 07:00:34 Member role remove: The 'Silver' role was removed from @￰￰#3675
2018-04-28 07:01:17 Role mentionable: 'GP-Bot' is now mentionable
2018-04-28 07:01:17 Role permissions: 'GP-Bot' changed from 104324161 to 2146958591
2018-04-28 07:01:38 Role permissions: 'King Trapper!' changed from 2146958591 to 1073216767
2018-04-28 07:01:49 Member role add: 'King Trapper!' role was added to @￰￰#3675
2018-04-28 07:01:57 Member role remove: The 'King Trapper!' role was removed from @￰￰#3675
2018-04-28 07:03:14 Member role add: 'Best Friends' role was added to @￰￰#3675
2018-04-28 07:03:14 Member role remove: The 'Best Friends' role was removed from @￰￰#3675
2018-04-28 07:03:19 Member role add: 'Fucker of all' role was added to @￰￰#3675
2018-04-28 07:03:19 Member role add: 'Silver' role was added to @￰￰#3675
2018-04-28 07:03:19 Member role remove: The 'Fucker of all' role was removed from @￰￰#3675
2018-04-28 07:03:19 Member role add: 'Silver' role was added to @￰￰#3675
2018-04-28 07:05:52 Role position: 'Synapse' changed from 2 to 1
2018-04-28 07:05:52 Role position: 'Ghostplay R2' changed from 3 to 2
2018-04-28 07:05:52 Role position: 'Best Friends' changed from 4 to 3
2018-04-28 07:05:52 Role position: 'Trade Bot' changed from 5 to 4
2018-04-28 07:05:52 Role position: 'NotSoBot' changed from 6 to 5
2018-04-28 07:05:52 Role position: 'Fucker of all' changed from 7 to 6
2018-04-28 07:05:52 Role position: 'Co Owner/StatChanger' changed from 8 to 7
2018-04-28 07:05:52 Role position: 'NSFWBot' changed from 9 to 8
2018-04-28 07:05:52 Role position: 'PikaGirl' changed from 10 to 9
2018-04-28 07:05:52 Role position: 'SUSPENDED!' changed from 11 to 10
2018-04-28 07:05:52 Role position: 'Silver' changed from 12 to 11
2018-04-28 07:05:52 Role position: 'Gold Membership' changed from 13 to 12
2018-04-28 07:05:52 Role position: 'Diamond Membership' changed from 14 to 13
2018-04-28 07:05:52 Role position: 'GiveawayBot' changed from 15 to 14
2018-04-28 07:05:52 Role position: 'SkitSkit's Hoes' changed from 16 to 15
2018-04-28 07:05:52 Role position: 'Sinon' changed from 17 to 16
2018-04-28 07:05:52 Role position: 'Nenick The LegendTrapper' changed from 18 to 17
2018-04-28 07:05:52 Role position: 'Mini Trappers' changed from 19 to 18
2018-04-28 07:05:52 Role position: 'BoobBot' changed from 20 to 19
2018-04-28 07:05:52 Role position: 'King Trapper!' changed from 21 to 20
2018-04-28 07:05:52 Role position: 'Dope Trapper!!!' changed from 22 to 21
2018-04-28 07:05:52 Role position: 'GP-Bot' changed from 1 to 22
2018-04-28 07:06:14 Member username: '@￰￰#3675' (id 292502764779732992) changed username from '￰￰' to 'Scum'
2018-04-28 07:06:27 Member role remove: The 'SkitSkit's Hoes' role was removed from @Scum#3675
2018-04-28 07:06:27 Member role add: 'King Trapper!' role was added to @Scum#3675
