2018-04-19 20:34:47 Member join: @Statistics Bot#4389 (id 397105318036897802)
2018-04-19 20:34:47 Role created: 'Statistics Bot' (id 436625733125931028)
2018-04-19 20:34:47 Member role add: 'Statistics Bot' role was added to @Statistics Bot#4389
2018-04-19 20:36:12 Member join: @Ghostplay#4203 (id 422185708770557973)
2018-04-19 20:36:12 Role created: 'Ghostplay' (id 436626090799398922)
2018-04-19 20:36:12 Member role add: 'Ghostplay' role was added to @Ghostplay#4203
2018-04-19 21:11:59 Role deleted: 'Snail Racing' (id 436606779514683392)
2018-04-19 21:11:59 Member leave: @Snail Racing#6661 (id 256556410031046657)
2018-04-19 21:12:05 Role deleted: 'Rythm 2' (id 431974891219058688)
2018-04-19 21:12:05 Member leave: @Rythm 2#2000 (id 252128902418268161)
2018-04-19 21:12:14 Role deleted: 'Statistics Bot' (id 436625733125931028)
2018-04-19 21:12:14 Member leave: @Statistics Bot#4389 (id 397105318036897802)
2018-04-19 22:04:15 Member join: @Suggestions#3153 (id 281041859692855296)
2018-04-19 22:04:15 Member role add: 'Suggestions' role was added to @Suggestions#3153
2018-04-19 22:04:15 Role created: 'Suggestions' (id 436648250666123264)
2018-04-19 22:04:15 Member role add: 'Suggestions' role was added to @Suggestions#3153
2018-04-19 22:07:25 Role deleted: 'Suggestions' (id 436648250666123264)
2018-04-19 22:07:26 Member leave: @Suggestions#3153 (id 281041859692855296)
2018-04-19 22:09:16 Channel created: work-to-do
2018-04-19 22:11:37 Channel rename: announcement renamed to bot-practice-1
2018-04-19 22:11:37 Channel topic: announcement topic was set to ""
2018-04-19 22:11:44 Channel overwrites: bot-practice-1 (431622357115863042): member Synapse (435538622293344266) added with values 0, 0
2018-04-19 22:11:46 Channel overwrites: bot-practice-1 (431622357115863042): member Synapse (435538622293344266) updated to values 0, 3072 (was 0, 0)
2018-04-19 22:12:05 Channel overwrites: bot-practice-1 (431622357115863042): member Synapse (435538622293344266) updated to values 0, 211968 (was 0, 3072)
2018-04-19 22:12:17 Channel rename: roles renamed to bot-practice-2
2018-04-19 22:12:17 Channel topic: roles topic was set to ""
2018-04-19 22:12:30 Channel overwrites: bot-practice-2 (436422057803382784): member Ghostplay (422185708770557973) added with values 0, 0
2018-04-19 22:12:32 Channel overwrites: bot-practice-2 (436422057803382784): member Ghostplay (422185708770557973) updated to values 0, 3072 (was 0, 0)
2018-04-19 22:12:33 Channel overwrites: bot-practice-2 (436422057803382784): role @everyone (430511370660741122) updated to values 0, 3072 (was 3072, 0)
2018-04-19 22:12:42 Channel overwrites: bot-practice-1 (431622357115863042): role @everyone (430511370660741122) updated to values 0, 3072 (was 1024, 2048)
2018-04-19 22:12:53 Channel overwrites: bot-practice-1 (431622357115863042): member Synapse (435538622293344266) removed (was 0, 211968)
2018-04-19 22:13:07 Role permissions: 'Synapse' changed from 8 to 262216
2018-04-19 22:13:07 Role position: 'Synapse' changed from 1 to 2
2018-04-19 22:13:07 Role position: 'DJ' changed from 9 to 10
2018-04-19 22:13:07 Role position: 'Muted' changed from 10 to 11
2018-04-19 22:13:07 Role position: 'Fast Runner' changed from 11 to 12
2018-04-19 22:13:07 Role position: 'Dyno' changed from 12 to 13
2018-04-19 22:13:07 Role position: 'announcement' changed from 13 to 14
2018-04-19 22:13:07 Role position: 'testing' changed from 14 to 15
2018-04-19 22:13:07 Role position: 'verified' changed from 15 to 16
2018-04-19 22:13:08 Role permissions: 'Synapse' changed from 262216 to 0
2018-04-19 22:13:15 Role position: 'Logger' changed from 2 to 1
2018-04-19 22:13:15 Role position: 'LOL' changed from 3 to 2
2018-04-19 22:13:15 Role position: 'Rank1' changed from 4 to 3
2018-04-19 22:13:15 Role position: 'PUBG' changed from 5 to 4
2018-04-19 22:13:15 Role position: 'Dota2' changed from 6 to 5
2018-04-19 22:13:15 Role position: 'CSGO' changed from 7 to 6
2018-04-19 22:13:15 Role position: 'new role' changed from 8 to 7
2018-04-19 22:13:15 Role position: 'DJ' changed from 10 to 8
2018-04-19 22:13:15 Role position: 'Muted' changed from 11 to 9
2018-04-19 22:13:15 Role position: 'Fast Runner' changed from 12 to 10
2018-04-19 22:13:15 Role position: 'Dyno' changed from 13 to 11
2018-04-19 22:13:15 Role position: 'announcement' changed from 14 to 12
2018-04-19 22:13:15 Role position: 'testing' changed from 15 to 13
2018-04-19 22:13:15 Role position: 'verified' changed from 16 to 14
2018-04-19 22:13:15 Role position: 'Ghostplay' changed from 1 to 15
2018-04-19 22:13:15 Role position: 'Synapse' changed from 2 to 16
2018-04-19 22:13:25 Channel overwrites: bot-practice-1 (431622357115863042): member Ghostplay (422185708770557973) added with values 0, 0
2018-04-19 22:13:27 Channel overwrites: bot-practice-1 (431622357115863042): member Ghostplay (422185708770557973) updated to values 3072, 0 (was 0, 0)
2018-04-19 22:13:38 Channel overwrites: bot-practice-2 (436422057803382784): member Ghostplay (422185708770557973) removed (was 0, 3072)
2018-04-19 22:13:41 Channel overwrites: bot-practice-2 (436422057803382784): member Synapse (435538622293344266) added with values 0, 0
2018-04-19 22:14:09 Role permissions: 'Dyno' changed from 2134207735 to 2134207743
2018-04-19 22:15:38 Channel overwrites: bot-practice-2 (436422057803382784): member Synapse (435538622293344266) updated to values 3072, 0 (was 0, 0)
2018-04-20 09:18:09 Member leave: @Aji#9840 (id 326742919996375040)
2018-04-20 10:15:05 Member join: @CBee#6610 (id 362914838017605632)
